TLS anchor: www.ed.ac.uk
Actual: 31, Set: 65
Beginning execution at Sat May 1 08:20:01 UTC 2021
CONF: anchor:www.ed.ac.uk fs:1024MB n_rounds:65 seed:5c9f4bf9bbc15bb855f82faedc5a52fc3ab2dfa8ec3ba3ce1b270f31fa0cced2 filename:FILE bs:1024 nops:100 benchmarking:0 anchor_ping:1 queue_depth:32 direct:0
[TLS] Connecting to www.ed.ac.uk
[TLS] Server time: 1619857202
[TLS] client_random  (32): 5C9F4BF9BBC15BB855F82FAEDC5A52FC3AB2DFA8EC3BA3CE1B270F31FA0CCED2
[TLS] sign_hash (32): FA9DA3C26738098A36995F02B936D21458F8D6708913A4D88655D63CD05DAEBC
[TLS] Written transcript to proofs/MSG_TLS_5C9F4BF9.out, proofs/SIG_TLS_5C9F4BF9.out and proofs/PK_TLS_5C9F4BF9.der
Signature verification succeeds
[TLS] Server time: 1619857202
[TLS] client_random  (32): 0D978DF9E8E1528FF6C07FB75D02389D916B7AFA585673CBCDBA6B28EA2E37BE
[TLS] sign_hash (32): 7827BE13CA3912FDFABBF0AF4B6C2DFC81DCD8A0FAC0C8FE03E4D20336DDD519
[TLS] Written transcript to proofs/MSG_TLS_0D978DF9.out, proofs/SIG_TLS_0D978DF9.out and proofs/PK_TLS_0D978DF9.der
Signature verification succeeds
[TLS] Server time: 1619857202
[TLS] client_random  (32): 81319562B838BF8BA9F50D6858859CCD8B4F499D331F4BF4171BA30AFDCAF0CC
[TLS] sign_hash (32): 8C2CE548F40A9139BF966ACD8893DA4E609BB39EDC35036AC8A8CD006C88B707
[TLS] Written transcript to proofs/MSG_TLS_81319562.out, proofs/SIG_TLS_81319562.out and proofs/PK_TLS_81319562.der
Signature verification succeeds
[TLS] Server time: 1619857202
[TLS] client_random  (32): 18BB6A9339FDCEB40A834FCBE317982BF8148CCB0D7C7B7866549FF2F29CA712
[TLS] sign_hash (32): ACECE34E1F962FDDAD3EF77CB5DA4D90EE534A16ADCCBF1F9A9F985F93FB3E6F
[TLS] Written transcript to proofs/MSG_TLS_18BB6A93.out, proofs/SIG_TLS_18BB6A93.out and proofs/PK_TLS_18BB6A93.der
Signature verification succeeds
[TLS] Server time: 1619857202
[TLS] client_random  (32): 866E30D48EDC7067503BDCC82015D5BFD74BE3E20060F45353EE10B793B41C94
[TLS] sign_hash (32): E7FFC339B4760F61BC3DC75FE144CAC3509535FD2F54282DB74E9976570FF749
[TLS] Written transcript to proofs/MSG_TLS_866E30D4.out, proofs/SIG_TLS_866E30D4.out and proofs/PK_TLS_866E30D4.der
Signature verification succeeds
[TLS] Server time: 1619857202
[TLS] client_random  (32): 6908CCA58C1D345CBDE1A102E016BD3F5D2643F981C72D32DBFBAA205808517F
[TLS] sign_hash (32): F3DF7F944C8F4A189050AE4F4E7DA779C13E5D7A57AA908C8D25A5026AD7420D
[TLS] Written transcript to proofs/MSG_TLS_6908CCA5.out, proofs/SIG_TLS_6908CCA5.out and proofs/PK_TLS_6908CCA5.der
Signature verification succeeds
[TLS] Server time: 1619857202
[TLS] client_random  (32): ED0E3D4A1206FE141A72C83ADEB05BDC5D8DA65A3CA54AC2074E53F836082ECA
[TLS] sign_hash (32): D70E1EC77FFB0B3BD99BD5E12703E34BE261D688010CE434F2810AFEDEE44A55
[TLS] Written transcript to proofs/MSG_TLS_ED0E3D4A.out, proofs/SIG_TLS_ED0E3D4A.out and proofs/PK_TLS_ED0E3D4A.der
Signature verification succeeds
[TLS] Server time: 1619857202
[TLS] client_random  (32): EEA63C040EF3FA19506C04BA6FADBEEFBAD7AFF2AC41D323B593539FC6E3D20D
[TLS] sign_hash (32): 436A1A2066FB1C5FCC6CDC34CAA285A80B44B0E7B65C6B72A41252D4673919A7
[TLS] Written transcript to proofs/MSG_TLS_EEA63C04.out, proofs/SIG_TLS_EEA63C04.out and proofs/PK_TLS_EEA63C04.der
Signature verification succeeds
[TLS] Server time: 1619857202
[TLS] client_random  (32): 0962FBA458F0380AE98A6A6CD931E0DA33BFFA646D5718228FC73E80286FD59D
[TLS] sign_hash (32): 7D05A3AE6788DBF9BF887889B7E279179B58F73D2DB50F8B08366EA242BDC3E1
[TLS] Written transcript to proofs/MSG_TLS_0962FBA4.out, proofs/SIG_TLS_0962FBA4.out and proofs/PK_TLS_0962FBA4.der
Signature verification succeeds
[TLS] Server time: 1619857202
[TLS] client_random  (32): B542D48ECB5B6A30887AEDC74E9E0B01B2DE561D8EAC99D3C5904A5ED192F77A
[TLS] sign_hash (32): 8F1ED3D03773CF9FB8D9B25D3ABE71F70A86D08EABAED0FF3482E10AE3699D0A
[TLS] Written transcript to proofs/MSG_TLS_B542D48E.out, proofs/SIG_TLS_B542D48E.out and proofs/PK_TLS_B542D48E.der
Signature verification succeeds
[TLS] Server time: 1619857203
[TLS] client_random  (32): E68A81E4977D10AED9654BDA83853FF9910000B6F2098C10F360C60511A91D1E
[TLS] sign_hash (32): 563D40203AC486C3E1552DA6B8D8B28DDAD38534BD8AFB386210B97DCDBC5FD4
[TLS] Written transcript to proofs/MSG_TLS_E68A81E4.out, proofs/SIG_TLS_E68A81E4.out and proofs/PK_TLS_E68A81E4.der
Signature verification succeeds
[TLS] Server time: 1619857203
[TLS] client_random  (32): B3BDFE050648206EBC34B1C98B63E48DFA5C67652B715B95AC4971806E2D904D
[TLS] sign_hash (32): 2A67D82A627EAECF19202617C94C6329EDFB7ECC8E96022103B85801ACDAE85F
[TLS] Written transcript to proofs/MSG_TLS_B3BDFE05.out, proofs/SIG_TLS_B3BDFE05.out and proofs/PK_TLS_B3BDFE05.der
Signature verification succeeds
[TLS] Server time: 1619857203
[TLS] client_random  (32): 94B741E8F2573109F381B7B9F610B886CDC2F841ED4E266324E95CFF8108AEE4
[TLS] sign_hash (32): 95852639E341A8628EDD27A87E96D4184D6B09D719ED225F676C6AC006D1AADB
[TLS] Written transcript to proofs/MSG_TLS_94B741E8.out, proofs/SIG_TLS_94B741E8.out and proofs/PK_TLS_94B741E8.der
Signature verification succeeds
[TLS] Server time: 1619857203
[TLS] client_random  (32): AA4992D339A426AD3E48BA85CB6F29348205384110C4FC535AC798A0B4C7640C
[TLS] sign_hash (32): 4F037CBF8991AAF40DB69FF7D0671651A9921F3EB21A9306C9DD281BC80CC2E7
[TLS] Written transcript to proofs/MSG_TLS_AA4992D3.out, proofs/SIG_TLS_AA4992D3.out and proofs/PK_TLS_AA4992D3.der
Signature verification succeeds
[TLS] Server time: 1619857203
[TLS] client_random  (32): EDDBD7282C765298E5961CE6F227A6E8DE2957F6F7082BBC00E1BC2DCD7096FB
[TLS] sign_hash (32): 7E7E25DDFCDAB453BDAAE67A5EE77F1B9F5DAB0FFF34C3AEA9B6FB937659E14D
[TLS] Written transcript to proofs/MSG_TLS_EDDBD728.out, proofs/SIG_TLS_EDDBD728.out and proofs/PK_TLS_EDDBD728.der
Signature verification succeeds
[TLS] Server time: 1619857203
[TLS] client_random  (32): EAD7B75F959B82B7394C818F82790FD9207683F847A71C1CD57C9921821F9316
[TLS] sign_hash (32): C2BA5FE0117D0F1F90A7989FC05D71CF39D770E21058F6031B453912C79292C0
[TLS] Written transcript to proofs/MSG_TLS_EAD7B75F.out, proofs/SIG_TLS_EAD7B75F.out and proofs/PK_TLS_EAD7B75F.der
Signature verification succeeds
[TLS] Server time: 1619857203
[TLS] client_random  (32): 900EAAAFAC78FCEFD2AC97045F9A8F0AF042313451CCD682E2DFF8AEBA7B4424
[TLS] sign_hash (32): 5346AF18228DBBEA451595A06B556E547AA4DEC48AD974B6FF20093C478AEDA5
[TLS] Written transcript to proofs/MSG_TLS_900EAAAF.out, proofs/SIG_TLS_900EAAAF.out and proofs/PK_TLS_900EAAAF.der
Signature verification succeeds
[TLS] Server time: 1619857203
[TLS] client_random  (32): EF499973F3AAC192843F633FAA81947C50ADE4B0BC22A8DF78189DCF88FAB788
[TLS] sign_hash (32): 0B9F06DA4259CDED2D4D680E54E73588BB3DFB835257653DABBD1519C5201C9F
[TLS] Written transcript to proofs/MSG_TLS_EF499973.out, proofs/SIG_TLS_EF499973.out and proofs/PK_TLS_EF499973.der
Signature verification succeeds
[TLS] Server time: 1619857203
[TLS] client_random  (32): 053FFB1F52118F8D18382619A7F011B1DD76CECE5C45BFC12D3066E0F3DBFD81
[TLS] sign_hash (32): 54635F9A171A56BA8ACCDE96A0AE6B86D9A85EAD4403A91A54CCDE8C997655CA
[TLS] Written transcript to proofs/MSG_TLS_053FFB1F.out, proofs/SIG_TLS_053FFB1F.out and proofs/PK_TLS_053FFB1F.der
Signature verification succeeds
[TLS] Server time: 1619857203
[TLS] client_random  (32): 934CC2855DBB653D199810C1D2C9B0881E37159F69D35F707226503E4EEBB553
[TLS] sign_hash (32): EF43CD084DCD9153A18AD82C3C4482F81AA5BF35C730DE7C1A82C0AF75F5F830
[TLS] Written transcript to proofs/MSG_TLS_934CC285.out, proofs/SIG_TLS_934CC285.out and proofs/PK_TLS_934CC285.der
Signature verification succeeds
[TLS] Server time: 1619857203
[TLS] client_random  (32): 04CAC3E30806A1B7AFE506446EC61D5889D901EBCBC7C126CD70A8321921802F
[TLS] sign_hash (32): 46A6ACD46406C3D607458C20D454EB1365C4CF9CAE0637F56E59F97A347DDBA5
[TLS] Written transcript to proofs/MSG_TLS_04CAC3E3.out, proofs/SIG_TLS_04CAC3E3.out and proofs/PK_TLS_04CAC3E3.der
Signature verification succeeds
[TLS] Server time: 1619857203
[TLS] client_random  (32): 296B81D460E407C2FCF80CBD10AE869F14EB6D341736B29FDF1E0299B894659A
[TLS] sign_hash (32): 6E0834DB346FF7F5A733C412AD04A5D43B675B4950A8FF6D85EDF30E6662C2C3
[TLS] Written transcript to proofs/MSG_TLS_296B81D4.out, proofs/SIG_TLS_296B81D4.out and proofs/PK_TLS_296B81D4.der
Signature verification succeeds
[TLS] Server time: 1619857203
[TLS] client_random  (32): 76587D906FB5C8AB991339225E655B255A36C657CE340A1540A44DB7FD82580B
[TLS] sign_hash (32): 651006460D2A6D6FC69A293769878A0629AD3362A80F0F1A9662151E22336E9F
[TLS] Written transcript to proofs/MSG_TLS_76587D90.out, proofs/SIG_TLS_76587D90.out and proofs/PK_TLS_76587D90.der
Signature verification succeeds
[TLS] Server time: 1619857203
[TLS] client_random  (32): A849746963D08ACEE37024492462A90D9231FE9FF4133D57D70E3B9093ED4918
[TLS] sign_hash (32): 5ECF7E7F8AAF63B251C62285E3E4EB15107A515686189FF3431211DF13F15D76
[TLS] Written transcript to proofs/MSG_TLS_A8497469.out, proofs/SIG_TLS_A8497469.out and proofs/PK_TLS_A8497469.der
Signature verification succeeds
[TLS] Server time: 1619857203
[TLS] client_random  (32): DF970D5C4159C64A938C677A4BCDEE7005FD3AFD7DF751F032C5D2FCE5EE33E0
[TLS] sign_hash (32): 06B14250FD4727F72B5B944441C51D15FECD700B42333DB691688F7D3CFC4529
[TLS] Written transcript to proofs/MSG_TLS_DF970D5C.out, proofs/SIG_TLS_DF970D5C.out and proofs/PK_TLS_DF970D5C.der
Signature verification succeeds
[TLS] Server time: 1619857203
[TLS] client_random  (32): 4681B629F6F2DDC731870778EE2DBC3896F4BEBCD39EE7B3510007AF9FA31AC1
[TLS] sign_hash (32): 52CB425084844A017B6637B3F83785DA7B7DACE6B2767A606A9CEE6A654527B8
[TLS] Written transcript to proofs/MSG_TLS_4681B629.out, proofs/SIG_TLS_4681B629.out and proofs/PK_TLS_4681B629.der
Signature verification succeeds
[TLS] Server time: 1619857203
[TLS] client_random  (32): 725E2C336CA94DA0A032B0A39E33397D3B913D3D04F31570D7364BE18368FEA9
[TLS] sign_hash (32): 8DC2014F260C8A147F0E28155F1155FF73CCFE2648D3752A7C02BC648EE827B8
[TLS] Written transcript to proofs/MSG_TLS_725E2C33.out, proofs/SIG_TLS_725E2C33.out and proofs/PK_TLS_725E2C33.der
Signature verification succeeds
[TLS] Server time: 1619857203
[TLS] client_random  (32): 7879BBDA5FE7FA610A5C023A19A3EC0F81CC345EE459F4B59649BCB19FB1B61F
[TLS] sign_hash (32): 71F96FC9F4016934981BFD0A533EDB500C365F1DB93B743DFA0B01751636F2A1
[TLS] Written transcript to proofs/MSG_TLS_7879BBDA.out, proofs/SIG_TLS_7879BBDA.out and proofs/PK_TLS_7879BBDA.der
Signature verification succeeds
[TLS] Server time: 1619857203
[TLS] client_random  (32): ABDA0D136EE337382EE4463AEC262E8C2AF4DCAB0DD98BD96633AA3A351A161F
[TLS] sign_hash (32): F503AEC87E8E990985B8EF8B32066C163FC790E87F30233F49408C3A85CD77A8
[TLS] Written transcript to proofs/MSG_TLS_ABDA0D13.out, proofs/SIG_TLS_ABDA0D13.out and proofs/PK_TLS_ABDA0D13.der
Signature verification succeeds
[TLS] Server time: 1619857203
[TLS] client_random  (32): 5DB69FBADB9B681BE278E0B68E0316F97CC0C62DF130319A4AE999849FB96EFF
[TLS] sign_hash (32): 9184F6D84D839817DBD0E3281A303AFD1D41F1D97283D36AD43ADC5261748C2C
[TLS] Written transcript to proofs/MSG_TLS_5DB69FBA.out, proofs/SIG_TLS_5DB69FBA.out and proofs/PK_TLS_5DB69FBA.der
Signature verification succeeds
[TLS] Server time: 1619857203
[TLS] client_random  (32): 8305E70FF3F96576B59F40634246897147575649CA90700CFBD7444A4AE934A4
[TLS] sign_hash (32): 3661699B89905A0990F96C90E22DA408C16F677830BB4230EB5107E2ECA0A2BB
[TLS] Written transcript to proofs/MSG_TLS_8305E70F.out, proofs/SIG_TLS_8305E70F.out and proofs/PK_TLS_8305E70F.der
Signature verification succeeds
[TLS] Server time: 1619857203
[TLS] client_random  (32): 026E9E3A849EEC17D7F8AD574CB3607B892CE83E6532DCAF80E950F074A3FDBE
[TLS] sign_hash (32): A6184230C73970BA9DC3BCC62B135D9BA299BE6A03CF674586889D5746BE0D50
[TLS] Written transcript to proofs/MSG_TLS_026E9E3A.out, proofs/SIG_TLS_026E9E3A.out and proofs/PK_TLS_026E9E3A.der
Signature verification succeeds
[TLS] Server time: 1619857203
[TLS] client_random  (32): 0B0989AD0495DD30B1F2EFD842B29FE1A4D4E4073374821C91D1C34EE2F34DD2
[TLS] sign_hash (32): 0B77FA2D1FDB2E7BC005ACBF1249497E803ACC1D83C3BB8FBE025871A706AF9F
[TLS] Written transcript to proofs/MSG_TLS_0B0989AD.out, proofs/SIG_TLS_0B0989AD.out and proofs/PK_TLS_0B0989AD.der
Signature verification succeeds
[TLS] Server time: 1619857203
[TLS] client_random  (32): 60B5A22B219F698925E2B82B2F9A8D5CAC3DDD224B7A1EC2DA9A8ADB2FD519B3
[TLS] sign_hash (32): A4D3B52CC1C90F4C0E0F27A43177F7A787B57F7D9D164F9DCD786FEF28325AAC
[TLS] Written transcript to proofs/MSG_TLS_60B5A22B.out, proofs/SIG_TLS_60B5A22B.out and proofs/PK_TLS_60B5A22B.der
Signature verification succeeds
[TLS] Server time: 1619857203
[TLS] client_random  (32): A24BDD6D1B50DB8932458AD900508F264087B3C7E0746FC68D734FCF1E5962BB
[TLS] sign_hash (32): 8BD79972DA74888B7AB279AFE47CCE364A33B3CCE8CD25C3197C10920D9983BC
[TLS] Written transcript to proofs/MSG_TLS_A24BDD6D.out, proofs/SIG_TLS_A24BDD6D.out and proofs/PK_TLS_A24BDD6D.der
Signature verification succeeds
[TLS] Server time: 1619857203
[TLS] client_random  (32): FBF4AA78212ACB2B7FC2F0E2609E8A66A49501B6E468BC395372ED48C0EBA645
[TLS] sign_hash (32): 11C7965559966679D430A2A21DF3A7EC5CF25A24011E5E1BAE106D8188D84036
[TLS] Written transcript to proofs/MSG_TLS_FBF4AA78.out, proofs/SIG_TLS_FBF4AA78.out and proofs/PK_TLS_FBF4AA78.der
Signature verification succeeds
[TLS] Server time: 1619857203
[TLS] client_random  (32): DE0ACFD25E4D3C73AF39F94CBAF135918EF0B941C3FED10EF645677F13FE09C6
[TLS] sign_hash (32): C7AA20FDB510AF785070B079BF2A19EEB789353C7B3110E44603665963646939
[TLS] Written transcript to proofs/MSG_TLS_DE0ACFD2.out, proofs/SIG_TLS_DE0ACFD2.out and proofs/PK_TLS_DE0ACFD2.der
Signature verification succeeds
[TLS] Server time: 1619857203
[TLS] client_random  (32): 1E3E6038D6AE1688F32D7ABDD16987D1746BFBB076809D30D100A41D7F31BC88
[TLS] sign_hash (32): 126308D4D77469C610A6B13C5A0F8D175586D70D93F393CCD78D1BCDCEFBF8CA
[TLS] Written transcript to proofs/MSG_TLS_1E3E6038.out, proofs/SIG_TLS_1E3E6038.out and proofs/PK_TLS_1E3E6038.der
Signature verification succeeds
[TLS] Server time: 1619857203
[TLS] client_random  (32): 88DC5E4192AAD01CAF7916321D51712727D7346A8C098E0FD30A1D1292CE0FCF
[TLS] sign_hash (32): A0C51DFC4B0854C52D99EB9D30468FFF80EC813ED323CCCCCC407A9A0C9AB98A
[TLS] Written transcript to proofs/MSG_TLS_88DC5E41.out, proofs/SIG_TLS_88DC5E41.out and proofs/PK_TLS_88DC5E41.der
Signature verification succeeds
[TLS] Server time: 1619857203
[TLS] client_random  (32): 1A68458355B3C18E6CCA2021D8C7020C09C260BEB84FEB7329BE5B2BC5868CF2
[TLS] sign_hash (32): EA15C770B24492CB2B45B63E823CC800938080A0A8804C813255A72A33C42CA9
[TLS] Written transcript to proofs/MSG_TLS_1A684583.out, proofs/SIG_TLS_1A684583.out and proofs/PK_TLS_1A684583.der
Signature verification succeeds
[TLS] Server time: 1619857203
[TLS] client_random  (32): DF18498AB6B9EB36F088D93B178BE2630FFCB6391A8ABADE42BD874D4CE7F4C6
[TLS] sign_hash (32): A102475A52D93B866B4F01AF5BDAC0935875B5A7CDEC2DFB4C1386D01FEBB54D
[TLS] Written transcript to proofs/MSG_TLS_DF18498A.out, proofs/SIG_TLS_DF18498A.out and proofs/PK_TLS_DF18498A.der
Signature verification succeeds
[TLS] Server time: 1619857203
[TLS] client_random  (32): 58363CB92BAF999633755339546EEC4C3DAFDF1251153B7468A5C69C675495B1
[TLS] sign_hash (32): 07D2FFE2AC19007D31208EDFFAFCC30179DA23E4D9D993A16E15A100967FD664
[TLS] Written transcript to proofs/MSG_TLS_58363CB9.out, proofs/SIG_TLS_58363CB9.out and proofs/PK_TLS_58363CB9.der
Signature verification succeeds
[TLS] Server time: 1619857203
[TLS] client_random  (32): 1E498901026CE006817EC01F6D51C6379C9CBEFBCB2A91D876A20B322F33909B
[TLS] sign_hash (32): 17171D14B74B33319B8B2E4875F802744FFA58D9710E97D137BF7E77E84CAC0F
[TLS] Written transcript to proofs/MSG_TLS_1E498901.out, proofs/SIG_TLS_1E498901.out and proofs/PK_TLS_1E498901.der
Signature verification succeeds
[TLS] Server time: 1619857203
[TLS] client_random  (32): BDAA3E76AE6102FC5B9ED2D8EFC1233F52A1ACAECFBC4425A2BB8B5BCB53A4DC
[TLS] sign_hash (32): 3A1AE9FF2C8DB9EC85AEAC86E173DBDCC667ECA79CD2B0CB0BB790CA22D6D3E2
[TLS] Written transcript to proofs/MSG_TLS_BDAA3E76.out, proofs/SIG_TLS_BDAA3E76.out and proofs/PK_TLS_BDAA3E76.der
Signature verification succeeds
[TLS] Server time: 1619857203
[TLS] client_random  (32): B13F06736CF1C979EF3C19C185364A4DA406F4192E795BFBCED74721480C4EB9
[TLS] sign_hash (32): F03B38F803EA497B5226913077A0F0F60B04EC8C4FAD4A26BC9DBE7C5BDB0591
[TLS] Written transcript to proofs/MSG_TLS_B13F0673.out, proofs/SIG_TLS_B13F0673.out and proofs/PK_TLS_B13F0673.der
Signature verification succeeds
[TLS] Server time: 1619857203
[TLS] client_random  (32): 1261BB628A38B5EB9686725FD710595BD2757B23D273A184A82387847F4494D8
[TLS] sign_hash (32): FC949B7996CC8E2F6A2360B73642197ADFA4BAF73BD4BA99050BB4022B1F4A75
[TLS] Written transcript to proofs/MSG_TLS_1261BB62.out, proofs/SIG_TLS_1261BB62.out and proofs/PK_TLS_1261BB62.der
Signature verification succeeds
[TLS] Server time: 1619857203
[TLS] client_random  (32): 2697F6AEE3707495FCBF1C47706BB550DB9CCB9949A9B02CC5A2B16A4C19EEE8
[TLS] sign_hash (32): C44A6F7157D385DFBFAE90F55E45C01B32F85CE152E11561D6F4A2B5CC20ACFC
[TLS] Written transcript to proofs/MSG_TLS_2697F6AE.out, proofs/SIG_TLS_2697F6AE.out and proofs/PK_TLS_2697F6AE.der
Signature verification succeeds
[TLS] Server time: 1619857203
[TLS] client_random  (32): F414264C650122AAC0DC110650AE3516DAF313D7D220D430ED140E4A58227D15
[TLS] sign_hash (32): B0E5AA579A16A3AF7E5D4C2E94FF1DE1444EAC4B67B9AD9C04BCB24901E7EE22
[TLS] Written transcript to proofs/MSG_TLS_F414264C.out, proofs/SIG_TLS_F414264C.out and proofs/PK_TLS_F414264C.der
Signature verification succeeds
[TLS] Server time: 1619857203
[TLS] client_random  (32): 4059EFF9A4C7ED9AD20B6E1F7C9528651E2667126AD38C2A22C97C9691758B2C
[TLS] sign_hash (32): 8F35383878D50AFC09CB30500A916F033CE22E67CB50235BF2D4D0DEE0D492BD
[TLS] Written transcript to proofs/MSG_TLS_4059EFF9.out, proofs/SIG_TLS_4059EFF9.out and proofs/PK_TLS_4059EFF9.der
Signature verification succeeds
[TLS] Server time: 1619857203
[TLS] client_random  (32): 044CD93B79491CDEE5BA4305D9E61D87FBF9B31F1E474EE23CC42D6A10B9E12B
[TLS] sign_hash (32): F0A327D1AE59007FB9877156E9B62E740B81DC847F1BBAEA3A7AF47B5F70DF3C
[TLS] Written transcript to proofs/MSG_TLS_044CD93B.out, proofs/SIG_TLS_044CD93B.out and proofs/PK_TLS_044CD93B.der
Signature verification succeeds
[TLS] Server time: 1619857203
[TLS] client_random  (32): 2A9D6098A73E30976D307C56AFCDF1F5B12F0783664C8290CA92F09D36286F38
[TLS] sign_hash (32): 51F6EC2D7BA0214927CC000273EC4E25AE17B547C51754AE65E4F88B50BBC6A3
[TLS] Written transcript to proofs/MSG_TLS_2A9D6098.out, proofs/SIG_TLS_2A9D6098.out and proofs/PK_TLS_2A9D6098.der
Signature verification succeeds
[TLS] Server time: 1619857203
[TLS] client_random  (32): 01500276CE40D7C6FD29EE9B29E01E6340A7A829A529CB8F0969D544D56D61AC
[TLS] sign_hash (32): 204C75C0C032B5F359A91D04EEE93015806C26412391A009CC2414C40FACCEB6
[TLS] Written transcript to proofs/MSG_TLS_01500276.out, proofs/SIG_TLS_01500276.out and proofs/PK_TLS_01500276.der
Signature verification succeeds
[TLS] Server time: 1619857203
[TLS] client_random  (32): 9955A1FFB8016D6072F8301680886E56968102D70129EED416692B7A4D7CCA2C
[TLS] sign_hash (32): DB711102CFF7E60F9A3B7A216FA3D8C779E3043810CA0E5EE6161331217AE2E3
[TLS] Written transcript to proofs/MSG_TLS_9955A1FF.out, proofs/SIG_TLS_9955A1FF.out and proofs/PK_TLS_9955A1FF.der
Signature verification succeeds
[TLS] Server time: 1619857203
[TLS] client_random  (32): 3C48C08D2E6D9DC86BE2F32A569B9E379D0F801289C40A775B32057229209C22
[TLS] sign_hash (32): D503CEB66DC36F1F9B654422DB20486268D06BBE4ED40EA7AE64025AC50ECAE8
[TLS] Written transcript to proofs/MSG_TLS_3C48C08D.out, proofs/SIG_TLS_3C48C08D.out and proofs/PK_TLS_3C48C08D.der
Signature verification succeeds
[TLS] Server time: 1619857203
[TLS] client_random  (32): AA64006501D80CF103F81F5FBC963928F1AA7AF568CF7BB973E411F0EB2FAAB1
[TLS] sign_hash (32): FECB788B01587AEDE27534FF26DB10BB9D18E4FA5561874B1BE076C7EB1E2B09
[TLS] Written transcript to proofs/MSG_TLS_AA640065.out, proofs/SIG_TLS_AA640065.out and proofs/PK_TLS_AA640065.der
Signature verification succeeds
[TLS] Server time: 1619857203
[TLS] client_random  (32): 96A3C8153E866E493DE3EBDC0248A54889816883C21C626D78D863800CF86997
[TLS] sign_hash (32): 7F6ED162518FDC08A036102D3DFC74AE2E28003B7720559841DCE5C33FC2D2BA
[TLS] Written transcript to proofs/MSG_TLS_96A3C815.out, proofs/SIG_TLS_96A3C815.out and proofs/PK_TLS_96A3C815.der
Signature verification succeeds
[TLS] Server time: 1619857204
[TLS] client_random  (32): 077F49040F1C1ADCC531D54E02A2B726536B3841E65EC4A7802E7B513F8FF390
[TLS] sign_hash (32): 409A7E1B61B766A5BE513E8B91F729B27D6776D998A937A435AF4230329EED8B
[TLS] Written transcript to proofs/MSG_TLS_077F4904.out, proofs/SIG_TLS_077F4904.out and proofs/PK_TLS_077F4904.der
Signature verification succeeds
[TLS] Server time: 1619857204
[TLS] client_random  (32): 0CE0D435E1A6E1D1FB97D27EF1B772D0CDB2F2F9F04F14DF759B074362584394
[TLS] sign_hash (32): F69CA542EDA293E47D1E71F0409B8E6565D32856B14DE497B258830378361C2D
[TLS] Written transcript to proofs/MSG_TLS_0CE0D435.out, proofs/SIG_TLS_0CE0D435.out and proofs/PK_TLS_0CE0D435.der
Signature verification succeeds
[TLS] Server time: 1619857204
[TLS] client_random  (32): EF6D342B3602C9C62461DE8265161FE22B995002DA12E9D7CF5A91419F41374C
[TLS] sign_hash (32): 4D6BC8ED825329412CD89FADAA21336BE8DC57B5CD624E86406A0BC410361A68
[TLS] Written transcript to proofs/MSG_TLS_EF6D342B.out, proofs/SIG_TLS_EF6D342B.out and proofs/PK_TLS_EF6D342B.der
Signature verification succeeds
[TLS] Server time: 1619857204
[TLS] client_random  (32): 35C0CD19A7FA3BCE06BE7D1D3295C303BE276CB8E4B55C809812BBC3720469CE
[TLS] sign_hash (32): 45D841B9A333EA086A9967BF729D08DF96F0134E5576273A6EF3198465263EF4
[TLS] Written transcript to proofs/MSG_TLS_35C0CD19.out, proofs/SIG_TLS_35C0CD19.out and proofs/PK_TLS_35C0CD19.der
Signature verification succeeds
[TLS] Server time: 1619857204
[TLS] client_random  (32): 955C7308886702A3889A4234ACAFA2EC04B8289B0A540163CE5A6F917A7970A3
[TLS] sign_hash (32): 345943B1D4EBD93A3D4CB71A5C8C272E946320B8B46DE2D2FF66B85FECE351F8
[TLS] Written transcript to proofs/MSG_TLS_955C7308.out, proofs/SIG_TLS_955C7308.out and proofs/PK_TLS_955C7308.der
Signature verification succeeds
[TLS] Server time: 1619857204
[TLS] client_random  (32): CC2E3C64952A595DF08647CF8C855D9C21D7013F3DA70C2569DA35694A97EE3B
[TLS] sign_hash (32): 5639CBA64BE075AE6A525BD6CD546188174C89FD4AE3FD85A7C1627665A0C0EF
[TLS] Written transcript to proofs/MSG_TLS_CC2E3C64.out, proofs/SIG_TLS_CC2E3C64.out and proofs/PK_TLS_CC2E3C64.der
Signature verification succeeds
[TLS] Server time: 1619857204
[TLS] client_random  (32): 929DF41990039099FACED5AAB358B8C138561FFB3FA792BE82D86FE220B0E3A1
[TLS] sign_hash (32): 56FDD0DC8A97FD595A087C52D4FFD3B97B4099BE20C78698CB5C51EE344D73B9
[TLS] Written transcript to proofs/MSG_TLS_929DF419.out, proofs/SIG_TLS_929DF419.out and proofs/PK_TLS_929DF419.der
Signature verification succeeds
[TLS] Server time: 1619857204
[TLS] client_random  (32): 020DDCD760471AB82A6C275A9C36E8B740A2E64F493DE813C580216F237476E2
[TLS] sign_hash (32): 2A01A7F7DF824925536C03892180AAE386F129DCB922AA3107AD1A84B29EFBC0
[TLS] Written transcript to proofs/MSG_TLS_020DDCD7.out, proofs/SIG_TLS_020DDCD7.out and proofs/PK_TLS_020DDCD7.der
Signature verification succeeds
[TLS] Server time: 1619857204
[TLS] client_random  (32): 44C1EC0517A33EA19ED1E8CF1DA28C9BFB5491BAFA086B05FADAE99BA533359E
[TLS] sign_hash (32): EEC15B876452E9257D88C499E719AB197903EF21E9D03D34FE921FC97C429EFD
[TLS] Written transcript to proofs/MSG_TLS_44C1EC05.out, proofs/SIG_TLS_44C1EC05.out and proofs/PK_TLS_44C1EC05.der
Signature verification succeeds
[TLS] Server time: 1619857204
[TLS] client_random  (32): 4C51F2F50F89CC3C3B21B79933C1CDA5FA19713DCDEE1132BA4EB8109AD652E5
[TLS] sign_hash (32): 4077A6316543D401928F340E3107DE1758808CFDC343788E037A305B7EF6A17C
[TLS] Written transcript to proofs/MSG_TLS_4C51F2F5.out, proofs/SIG_TLS_4C51F2F5.out and proofs/PK_TLS_4C51F2F5.der
Signature verification succeeds
Time breakdown (averages): anchor_ping:20.914745 file_read:0.147022 hashing:0.472497
Total time for 65 rounds is 1420.646391ms
Standard deviations: anchor_ping:0.700316 file_read:0.019099 hashing:0.006497
[Client-side ops] mean:0.619519 sd:0.021163
in & out anchor rand written to proofs/phase1.out
     10 [TLS] Server time: 1619857202
     46 [TLS] Server time: 1619857203
     10 [TLS] Server time: 1619857204
Count is 10
Count is 46
Count is 10
success: 1
RESULT: 1 in 1 tries
