TLS anchor: www.ed.ac.uk
Actual: 31, Set: 65
Beginning execution at Thu Apr 29 14:20:01 UTC 2021
CONF: anchor:www.ed.ac.uk fs:1024MB n_rounds:65 seed:5c9f4bf9bbc15bb855f82faedc5a52fc3ab2dfa8ec3ba3ce1b270f31fa0cced2 filename:FILE bs:1024 nops:100 benchmarking:0 anchor_ping:1 queue_depth:32 direct:0
[TLS] Connecting to www.ed.ac.uk
[TLS] Server time: 1619706002
[TLS] client_random  (32): 5C9F4BF9BBC15BB855F82FAEDC5A52FC3AB2DFA8EC3BA3CE1B270F31FA0CCED2
[TLS] sign_hash (32): 19CA2BA1AC63FE9F33E96123D8C7C863506A9F25338686BECA5062E0122FA641
[TLS] Written transcript to proofs/MSG_TLS_5C9F4BF9.out, proofs/SIG_TLS_5C9F4BF9.out and proofs/PK_TLS_5C9F4BF9.der
Signature verification succeeds
[TLS] Server time: 1619706002
[TLS] client_random  (32): 150A918A842568AAAB15DEF36EF4BC8D2A8B76EB55F493C370590CAA4E81CEB3
[TLS] sign_hash (32): 4CAFDC0FE14A9B1547118F87D43DC507A9F8F479A1AA8C07B687E97A3640284A
[TLS] Written transcript to proofs/MSG_TLS_150A918A.out, proofs/SIG_TLS_150A918A.out and proofs/PK_TLS_150A918A.der
Signature verification succeeds
[TLS] Server time: 1619706002
[TLS] client_random  (32): 42A491409CD858F468EEACC6330D374844A1166DD826821A49A241488343A877
[TLS] sign_hash (32): F9AA8BF2D1345C7E7AD863BA49BABE09C63F7C0D6072885F11B2BA91A1087774
[TLS] Written transcript to proofs/MSG_TLS_42A49140.out, proofs/SIG_TLS_42A49140.out and proofs/PK_TLS_42A49140.der
Signature verification succeeds
[TLS] Server time: 1619706002
[TLS] client_random  (32): 455C9396AD8B18F26062EE46B1AB1406CD8774A746FFD934980E8EF6ABF19428
[TLS] sign_hash (32): BB277A385EB78337D3048F3898FB268918ACF9B26F901145193E7C05AB0B5FBC
[TLS] Written transcript to proofs/MSG_TLS_455C9396.out, proofs/SIG_TLS_455C9396.out and proofs/PK_TLS_455C9396.der
Signature verification succeeds
[TLS] Server time: 1619706002
[TLS] client_random  (32): B8657D01F41BCF6B7FDA0A227DFBD2F9436B584CBCF4A7FC9E18DDB401D05B68
[TLS] sign_hash (32): B7471F588C87209EAA42E63AAFE61D4B4C7093DCE569122C66602FE85D7E6439
[TLS] Written transcript to proofs/MSG_TLS_B8657D01.out, proofs/SIG_TLS_B8657D01.out and proofs/PK_TLS_B8657D01.der
Signature verification succeeds
[TLS] Server time: 1619706002
[TLS] client_random  (32): BD4FD4C6D4FACBD10D9BDE1DE37756D2FD9EADE9D94DFA368F0218E64D3A64FE
[TLS] sign_hash (32): 9A2D9FC6B6F70D9F78BEA4E9D173A2B5888AE39EACF3DA5457EA77E9A3CEECF2
[TLS] Written transcript to proofs/MSG_TLS_BD4FD4C6.out, proofs/SIG_TLS_BD4FD4C6.out and proofs/PK_TLS_BD4FD4C6.der
Signature verification succeeds
[TLS] Server time: 1619706002
[TLS] client_random  (32): 3D22980826D87180ACB5F49F1BDA3493A7834BACA9F77E531E2D728CDAABDD98
[TLS] sign_hash (32): B1B84C370AECEA8FDA0D92675DB7BC61D0EA89E1A57880E3746DC9B0EA693C4F
[TLS] Written transcript to proofs/MSG_TLS_3D229808.out, proofs/SIG_TLS_3D229808.out and proofs/PK_TLS_3D229808.der
Signature verification succeeds
[TLS] Server time: 1619706002
[TLS] client_random  (32): DAD1EF06060CE4C03408369F678CA520614C4A2A041DC14B98D4A0F8C6617C68
[TLS] sign_hash (32): E029B595BC2903065B75212B791B1F0FB0CE29D96A7026B067A01AD8FCFF8673
[TLS] Written transcript to proofs/MSG_TLS_DAD1EF06.out, proofs/SIG_TLS_DAD1EF06.out and proofs/PK_TLS_DAD1EF06.der
Signature verification succeeds
[TLS] Server time: 1619706002
[TLS] client_random  (32): 665D84D10EF58EBF3A8E23989C8122D53471C3E7446C594820DA0B9AD1EC7DE8
[TLS] sign_hash (32): AAADAE1F4B22CB1E7B37C9B4B7BDDB84331981062CFD6515C1D640DE8B1725F9
[TLS] Written transcript to proofs/MSG_TLS_665D84D1.out, proofs/SIG_TLS_665D84D1.out and proofs/PK_TLS_665D84D1.der
Signature verification succeeds
[TLS] Server time: 1619706002
[TLS] client_random  (32): FEEE2F809306411CE31D5F2CAC6EF83B84FC997D41E1144CC02BC431EDCFFAC5
[TLS] sign_hash (32): BA938A76BD49BABCC0F3461D0D59ACD407706AD46B11A73D6631EE09EA097DB7
[TLS] Written transcript to proofs/MSG_TLS_FEEE2F80.out, proofs/SIG_TLS_FEEE2F80.out and proofs/PK_TLS_FEEE2F80.der
Signature verification succeeds
[TLS] Server time: 1619706002
[TLS] client_random  (32): 60DBBD58D2E973452E47D15BA49A21264380480C84080AFCB3A37577959AA629
[TLS] sign_hash (32): CAF79309EBE128A8AA318766FF37399F12F44E02BA666EA4B9EE69DA5BA7A8C0
[TLS] Written transcript to proofs/MSG_TLS_60DBBD58.out, proofs/SIG_TLS_60DBBD58.out and proofs/PK_TLS_60DBBD58.der
Signature verification succeeds
[TLS] Server time: 1619706002
[TLS] client_random  (32): 9E31B8E260F2055A315A2E88B84A56539907F5FCB8F55E4DFAB534FE947827F0
[TLS] sign_hash (32): 9A6A3DAD7F7F6B1BB08722882A38518B5066C98CE0BA74D1CEFF83C9F83FD15D
[TLS] Written transcript to proofs/MSG_TLS_9E31B8E2.out, proofs/SIG_TLS_9E31B8E2.out and proofs/PK_TLS_9E31B8E2.der
Signature verification succeeds
[TLS] Server time: 1619706002
[TLS] client_random  (32): B41E76171293A8E3897975D9D271DCF3031F00D04287D8FC0B661F555E0A1D46
[TLS] sign_hash (32): FB3B25B37AAAA411D9718F6E69AE9F8FD1983523BF35BEC55EC844F1E275C919
[TLS] Written transcript to proofs/MSG_TLS_B41E7617.out, proofs/SIG_TLS_B41E7617.out and proofs/PK_TLS_B41E7617.der
Signature verification succeeds
[TLS] Server time: 1619706002
[TLS] client_random  (32): BC900727C40666FF7380C2BCC9D6783147CF3000E794E1D57C8BDE601D70F715
[TLS] sign_hash (32): 8B35E038EDF3515417C018431992D6067D7239F6157CE5539CC3092C65F0C23C
[TLS] Written transcript to proofs/MSG_TLS_BC900727.out, proofs/SIG_TLS_BC900727.out and proofs/PK_TLS_BC900727.der
Signature verification succeeds
[TLS] Server time: 1619706002
[TLS] client_random  (32): 2BB8A0114AF3185E7D3E1B92B7977A3875FFA74A02FE45320717A10A7B74E88F
[TLS] sign_hash (32): 92ED81686A88070469BD2C027C0EA9DF65BDB1A2824C1176293213DBDFAA6564
[TLS] Written transcript to proofs/MSG_TLS_2BB8A011.out, proofs/SIG_TLS_2BB8A011.out and proofs/PK_TLS_2BB8A011.der
Signature verification succeeds
[TLS] Server time: 1619706002
[TLS] client_random  (32): 7A5881CF65F349D450190F4B926B268EE195D685F16BE62562A7C2A5DAE41784
[TLS] sign_hash (32): 218A008455A653E5A0BEDF6BCDFF420D9B13621B0C39B6148E37B013EEB750F2
[TLS] Written transcript to proofs/MSG_TLS_7A5881CF.out, proofs/SIG_TLS_7A5881CF.out and proofs/PK_TLS_7A5881CF.der
Signature verification succeeds
[TLS] Server time: 1619706002
[TLS] client_random  (32): 10776679742EE6982C6969B1C35DA9368FD5D615CCF670757F8EEBB708ACA8B0
[TLS] sign_hash (32): 4A39FFC0B12B504D34173F023CC8FB520F523D5BE4AB4FE596EE8C746F85A932
[TLS] Written transcript to proofs/MSG_TLS_10776679.out, proofs/SIG_TLS_10776679.out and proofs/PK_TLS_10776679.der
Signature verification succeeds
[TLS] Server time: 1619706003
[TLS] client_random  (32): 119F53FCF182178F842D17E3BC88E17228C0E012AB93EAC72CD6BB3A719315D8
[TLS] sign_hash (32): F4BBD867A5A24FC5B8B811B7AAF7DAD2B35F5DE2F354398F58D992B5503640F0
[TLS] Written transcript to proofs/MSG_TLS_119F53FC.out, proofs/SIG_TLS_119F53FC.out and proofs/PK_TLS_119F53FC.der
Signature verification succeeds
[TLS] Server time: 1619706003
[TLS] client_random  (32): 2D3ADDC5C1FA060257279DC8C9FDDEBF16FA551E5FB473FF3BC06A478A443A16
[TLS] sign_hash (32): 34ECDC7344E3640CB71CAD768E9449CC1DE9EF680B21B35F7E4FB437FCEA7F51
[TLS] Written transcript to proofs/MSG_TLS_2D3ADDC5.out, proofs/SIG_TLS_2D3ADDC5.out and proofs/PK_TLS_2D3ADDC5.der
Signature verification succeeds
[TLS] Server time: 1619706003
[TLS] client_random  (32): A5F6EBD88AB377902720C6A2FD851923A290AD9E5544226294A317A3B1B051E3
[TLS] sign_hash (32): 0D79F76C8476AA17DF1EAEF2EF1A463776ADF0E0A415F775B4F2F32465F05CBD
[TLS] Written transcript to proofs/MSG_TLS_A5F6EBD8.out, proofs/SIG_TLS_A5F6EBD8.out and proofs/PK_TLS_A5F6EBD8.der
Signature verification succeeds
[TLS] Server time: 1619706003
[TLS] client_random  (32): D25B655655128D3CA81AAB47833036A7F1E9849A66C253680783A6A1384D962D
[TLS] sign_hash (32): C89B89BED607FC32631BA9C87F55409EABC4154FDB9B29AE7B5FA71919DC346C
[TLS] Written transcript to proofs/MSG_TLS_D25B6556.out, proofs/SIG_TLS_D25B6556.out and proofs/PK_TLS_D25B6556.der
Signature verification succeeds
[TLS] Server time: 1619706003
[TLS] client_random  (32): D59D7AB1C08C2B628365BA4D5DC89680B6EF6F338225364B7C6BD9BEE516591B
[TLS] sign_hash (32): 3A6FCF987BCFA4BCDE9BA3A40582DED21EBE736D63E040C7DF9A4B12390F0F8A
[TLS] Written transcript to proofs/MSG_TLS_D59D7AB1.out, proofs/SIG_TLS_D59D7AB1.out and proofs/PK_TLS_D59D7AB1.der
Signature verification succeeds
[TLS] Server time: 1619706003
[TLS] client_random  (32): ACB742E7F647700872BE8DCD8BE68956C3A665A4F9CF06AFA7889E0FD9799945
[TLS] sign_hash (32): 4B666B2EA5A14FB211DFA701306EB1E555BD29EAF86AA8B9FF9974C027CB1E5C
[TLS] Written transcript to proofs/MSG_TLS_ACB742E7.out, proofs/SIG_TLS_ACB742E7.out and proofs/PK_TLS_ACB742E7.der
Signature verification succeeds
[TLS] Server time: 1619706003
[TLS] client_random  (32): E9211045AD12592622E934622EC149F9D25104F173BB346E5343DF8B9EAE823C
[TLS] sign_hash (32): 5A6DAF6361AB6F5D5136A0343A3C5347B072596226AC16389AA87BFB3ECBC7FE
[TLS] Written transcript to proofs/MSG_TLS_E9211045.out, proofs/SIG_TLS_E9211045.out and proofs/PK_TLS_E9211045.der
Signature verification succeeds
[TLS] Server time: 1619706003
[TLS] client_random  (32): CA891BABC99A70C9E9078DF9ED9EC1AD5A169CAAA1983F607AA729D6EDAC7D3D
[TLS] sign_hash (32): 2646E0ABF0BAD017EF374B10ECDA5706670721165E74FFEB22452F05A274985E
[TLS] Written transcript to proofs/MSG_TLS_CA891BAB.out, proofs/SIG_TLS_CA891BAB.out and proofs/PK_TLS_CA891BAB.der
Signature verification succeeds
[TLS] Server time: 1619706003
[TLS] client_random  (32): F7682F41714D902A133726A07CF3119C8227B8004E56C5B895DB2C1D0EC84C21
[TLS] sign_hash (32): CC80EC78213FB7A4869FB77E31F2837A6FBFACFB74FFB50048BF4E51038E5003
[TLS] Written transcript to proofs/MSG_TLS_F7682F41.out, proofs/SIG_TLS_F7682F41.out and proofs/PK_TLS_F7682F41.der
Signature verification succeeds
[TLS] Server time: 1619706003
[TLS] client_random  (32): 0D6FB19BEA247DDFAE241ADB646F7D5A04D4A4F9BA9B587728C151AAB3E1E970
[TLS] sign_hash (32): F9CE8A02CD1833ACE6F8D8F05012D6D7D32022E1939E3B18ECCCC0064027BE9B
[TLS] Written transcript to proofs/MSG_TLS_0D6FB19B.out, proofs/SIG_TLS_0D6FB19B.out and proofs/PK_TLS_0D6FB19B.der
Signature verification succeeds
[TLS] Server time: 1619706003
[TLS] client_random  (32): 794D0688878623E86B64F9D486F13B8AE52C5FA369A0E3EA13C892E783250D7F
[TLS] sign_hash (32): 5348BF5EBD2C5F817007A87627D7E88CCD7552B3D200453EFF4C56FCCD607F7E
[TLS] Written transcript to proofs/MSG_TLS_794D0688.out, proofs/SIG_TLS_794D0688.out and proofs/PK_TLS_794D0688.der
Signature verification succeeds
[TLS] Server time: 1619706003
[TLS] client_random  (32): 15CAF432003BE93B8C4F954923A7FAF4C3FEA785BE814A557976CCE20CC69A09
[TLS] sign_hash (32): 19A310619F8D2A9F144C18F11EF0A5C7A70CC1CFFB10EE40F240EA8531CB78B8
[TLS] Written transcript to proofs/MSG_TLS_15CAF432.out, proofs/SIG_TLS_15CAF432.out and proofs/PK_TLS_15CAF432.der
Signature verification succeeds
[TLS] Server time: 1619706003
[TLS] client_random  (32): F64C4185A258DDEBF88066751A67CB21F2B3E9E12142CE0775A71C35ACBB9613
[TLS] sign_hash (32): 68EE13E08B50191ADD2401F0D54D54162B32817D0DADF46EB0E19BDCC78A4B65
[TLS] Written transcript to proofs/MSG_TLS_F64C4185.out, proofs/SIG_TLS_F64C4185.out and proofs/PK_TLS_F64C4185.der
Signature verification succeeds
[TLS] Server time: 1619706003
[TLS] client_random  (32): A2513A0B1F6D910EE8C206F5213819BEC6BB35A8937F5F5CD072EB5EF3221A6C
[TLS] sign_hash (32): 8688A436C042FD8BAF2800A66BA5F7271F7D0B1FC74978A9D146A709585A7C7A
[TLS] Written transcript to proofs/MSG_TLS_A2513A0B.out, proofs/SIG_TLS_A2513A0B.out and proofs/PK_TLS_A2513A0B.der
Signature verification succeeds
[TLS] Server time: 1619706003
[TLS] client_random  (32): EA160E86D03365449C40A903BA8434789AD8A60D4DD96E65EC40B6007419CBF8
[TLS] sign_hash (32): 235971BB4C276B801C6AF5602CA161D1A269BB6B3FB1D78E4D9D79EE7CCE3250
[TLS] Written transcript to proofs/MSG_TLS_EA160E86.out, proofs/SIG_TLS_EA160E86.out and proofs/PK_TLS_EA160E86.der
Signature verification succeeds
[TLS] Server time: 1619706003
[TLS] client_random  (32): 43112F178164E131E750D8460B011A8E10D52C360BB17A76C7B0233E4FF2342B
[TLS] sign_hash (32): 7E682A4E3E31CB2BA9D5182913EE32426FC613A89CEBD5CD9AAAFE90404B1542
[TLS] Written transcript to proofs/MSG_TLS_43112F17.out, proofs/SIG_TLS_43112F17.out and proofs/PK_TLS_43112F17.der
Signature verification succeeds
[TLS] Server time: 1619706003
[TLS] client_random  (32): E7084CD0948503FADF8A19B9B6763908718533A16042E1BFD16A03695C4EA7C9
[TLS] sign_hash (32): CA3490E448FEDE69BF98803E6399260F91C8DE3624140DEA8B2399496D67FE39
[TLS] Written transcript to proofs/MSG_TLS_E7084CD0.out, proofs/SIG_TLS_E7084CD0.out and proofs/PK_TLS_E7084CD0.der
Signature verification succeeds
[TLS] Server time: 1619706003
[TLS] client_random  (32): 18403767F77804956A8E62114543E8714610861078B6F2B0B7CBC7E2BDAF2AE9
[TLS] sign_hash (32): 63ED1BAA3383A56E6270FA95CA391C656BFE1F10311DBC8618E58959CF99A6B0
[TLS] Written transcript to proofs/MSG_TLS_18403767.out, proofs/SIG_TLS_18403767.out and proofs/PK_TLS_18403767.der
Signature verification succeeds
[TLS] Server time: 1619706003
[TLS] client_random  (32): EAD247F604FFD355AC41B43D343E0F6FF500F1193A6AB7EAA7C8748C9EEE41E3
[TLS] sign_hash (32): 34FC4D8457E5CFE4ED61CBA9C6487A26B658380F4CD38109D9F29AD15C9D95AA
[TLS] Written transcript to proofs/MSG_TLS_EAD247F6.out, proofs/SIG_TLS_EAD247F6.out and proofs/PK_TLS_EAD247F6.der
Signature verification succeeds
[TLS] Server time: 1619706003
[TLS] client_random  (32): 039178F639466BEC59A02A15A535D7E52EBE71245F5CAEB290EC2BE8EB35E97E
[TLS] sign_hash (32): B9E7B61E698EF7D29352B03F3C6D0E789CF2134E1D6EEE16232FF18470A08476
[TLS] Written transcript to proofs/MSG_TLS_039178F6.out, proofs/SIG_TLS_039178F6.out and proofs/PK_TLS_039178F6.der
Signature verification succeeds
[TLS] Server time: 1619706003
[TLS] client_random  (32): 00B6934FC547174477422DA747DBAEEDD05213C57E5BAC577CBBFC3B7B9A0D32
[TLS] sign_hash (32): 3FF98426D8EFE422C7D27AC57F397964E620DDA035FEEF3C348CB9BAD7C4924E
[TLS] Written transcript to proofs/MSG_TLS_00B6934F.out, proofs/SIG_TLS_00B6934F.out and proofs/PK_TLS_00B6934F.der
Signature verification succeeds
[TLS] Server time: 1619706003
[TLS] client_random  (32): 654AD755E589D675ACF8D66BBA41C3454B7E2A94C57EF5D04EC48D571FFB4C07
[TLS] sign_hash (32): E3CE71332A4EAE538F6AD3AEE09B9A303A22EF5069F35272EF2A979007D44F9C
[TLS] Written transcript to proofs/MSG_TLS_654AD755.out, proofs/SIG_TLS_654AD755.out and proofs/PK_TLS_654AD755.der
Signature verification succeeds
[TLS] Server time: 1619706003
[TLS] client_random  (32): EF971C32C6D52B6E28F65DFB8D5750650417BDABB09C815E66B1F7EE3CA830B4
[TLS] sign_hash (32): BF3693D054D0C5F4D12CE20311C6922F8C681FDDEFF0CEB3022D0B6D9C6AD289
[TLS] Written transcript to proofs/MSG_TLS_EF971C32.out, proofs/SIG_TLS_EF971C32.out and proofs/PK_TLS_EF971C32.der
Signature verification succeeds
[TLS] Server time: 1619706003
[TLS] client_random  (32): EDB6BC2A361CDCD4977D3D795CAE0A8A092FEAE54C14B0097C5A363AFB622E2D
[TLS] sign_hash (32): 840BAEA7E944A9F34E7EE9BA7EF6E51B619875915641EEE3496999CF3456A039
[TLS] Written transcript to proofs/MSG_TLS_EDB6BC2A.out, proofs/SIG_TLS_EDB6BC2A.out and proofs/PK_TLS_EDB6BC2A.der
Signature verification succeeds
[TLS] Server time: 1619706003
[TLS] client_random  (32): 25AF5A986819435E69572F4D6B5746D249799DA7C2042F3644FBC6F8686C1002
[TLS] sign_hash (32): 930DCD8E547BFEC4D8B5185C446809B53588E944399D579AB8380312B70877A4
[TLS] Written transcript to proofs/MSG_TLS_25AF5A98.out, proofs/SIG_TLS_25AF5A98.out and proofs/PK_TLS_25AF5A98.der
Signature verification succeeds
[TLS] Server time: 1619706003
[TLS] client_random  (32): 4119308688E8AF0906ECECF02AA85DEE60EF261B92E77D92447AE24A864662E4
[TLS] sign_hash (32): DF4E29C3152C6CFBB98B20E4099CD30D6C6C89E65A6246D0BF0180F329E7622C
[TLS] Written transcript to proofs/MSG_TLS_41193086.out, proofs/SIG_TLS_41193086.out and proofs/PK_TLS_41193086.der
Signature verification succeeds
[TLS] Server time: 1619706003
[TLS] client_random  (32): 21222D705122B1089C34349CBA54E38A1F21D6D53680473356BBE3D09D0FA429
[TLS] sign_hash (32): 11E725DAE615D7883811C14EDAB3312BB01C0B5EA71BE68BE1DF6CB84A18E000
[TLS] Written transcript to proofs/MSG_TLS_21222D70.out, proofs/SIG_TLS_21222D70.out and proofs/PK_TLS_21222D70.der
Signature verification succeeds
[TLS] Server time: 1619706003
[TLS] client_random  (32): 89B076BDE97A2F016E63CE3050A18B64BBF137DDEA8F61039A3FF5AFC38ACF62
[TLS] sign_hash (32): BFC6BC5B148406574F7FBB9CB1B3156429A973839EE080E84C9864F5E57B4282
[TLS] Written transcript to proofs/MSG_TLS_89B076BD.out, proofs/SIG_TLS_89B076BD.out and proofs/PK_TLS_89B076BD.der
Signature verification succeeds
[TLS] Server time: 1619706003
[TLS] client_random  (32): 2B17B262D385257C869E05F2F038611151E44D99FC17B3962E2EDA1D6C9B757F
[TLS] sign_hash (32): B8F5BC591E52640593B1070EE6012147BAD92751674FB72D9CD76038B433B66F
[TLS] Written transcript to proofs/MSG_TLS_2B17B262.out, proofs/SIG_TLS_2B17B262.out and proofs/PK_TLS_2B17B262.der
Signature verification succeeds
[TLS] Server time: 1619706003
[TLS] client_random  (32): C189EB49C6000DAE28E39FEE5E79206BC8C1838B4F2784243475B6611972624A
[TLS] sign_hash (32): 1771233E2FFBF6B2AD4CC5266E40A3FF5DFFF35D9CEF30D87B1832A876808ADD
[TLS] Written transcript to proofs/MSG_TLS_C189EB49.out, proofs/SIG_TLS_C189EB49.out and proofs/PK_TLS_C189EB49.der
Signature verification succeeds
[TLS] Server time: 1619706003
[TLS] client_random  (32): D4095D7D85CDD5285FD076A3CBC5E797A3A26282D40FD456E2CC6E500E4B43C7
[TLS] sign_hash (32): F38146AD6B1948C2C2A8E52B89DA1DF149969D4D79D712B177D1C22D341D1B85
[TLS] Written transcript to proofs/MSG_TLS_D4095D7D.out, proofs/SIG_TLS_D4095D7D.out and proofs/PK_TLS_D4095D7D.der
Signature verification succeeds
[TLS] Server time: 1619706003
[TLS] client_random  (32): 95AC37EA0B44642BE7C71C0DBDF8306AF845979C30DFFBC803DA255AE81884E8
[TLS] sign_hash (32): 3919F53EECE8D9C408539D26311F2119B677582E431D1F9FF0839A17FCA1AEB2
[TLS] Written transcript to proofs/MSG_TLS_95AC37EA.out, proofs/SIG_TLS_95AC37EA.out and proofs/PK_TLS_95AC37EA.der
Signature verification succeeds
[TLS] Server time: 1619706003
[TLS] client_random  (32): 86A994B49D017050DF3C29E52929B4FB0B71B27C23E8FC79EC55D02D7F5421BD
[TLS] sign_hash (32): 4133435A326B5260F8AFBF85AAA8FE21CDFDEF9ED7AFBE0954C3988C84CC8E0F
[TLS] Written transcript to proofs/MSG_TLS_86A994B4.out, proofs/SIG_TLS_86A994B4.out and proofs/PK_TLS_86A994B4.der
Signature verification succeeds
[TLS] Server time: 1619706003
[TLS] client_random  (32): ADBDE46DB590EB965561227BC5E1B17108FB4FEE977E5AA78D229E969EE5E38B
[TLS] sign_hash (32): 434F2F4F94C83C6D3E499834C9072F0FD0888DA3F7998A17DB76F393B84D5355
[TLS] Written transcript to proofs/MSG_TLS_ADBDE46D.out, proofs/SIG_TLS_ADBDE46D.out and proofs/PK_TLS_ADBDE46D.der
Signature verification succeeds
[TLS] Server time: 1619706003
[TLS] client_random  (32): A8EA32F9D64D8F970F251AEE5A2AB98530ED44229F0C3DFC54F9B46D5767B810
[TLS] sign_hash (32): C3371DF925CB1E92B7FCE6C3328C41458DD02436732F12F54CBB6FECC4EB04D5
[TLS] Written transcript to proofs/MSG_TLS_A8EA32F9.out, proofs/SIG_TLS_A8EA32F9.out and proofs/PK_TLS_A8EA32F9.der
Signature verification succeeds
[TLS] Server time: 1619706003
[TLS] client_random  (32): C61647B135E7DF8C75F2BDFD4DBA3C7A48DD7E43F7AAB447D290C3734C9D6ACC
[TLS] sign_hash (32): 600D2610E2BE4AB25CC6EA92FDB1BE0D9C829A65DD2588EA1ACE6BDBA9CFF005
[TLS] Written transcript to proofs/MSG_TLS_C61647B1.out, proofs/SIG_TLS_C61647B1.out and proofs/PK_TLS_C61647B1.der
Signature verification succeeds
[TLS] Server time: 1619706003
[TLS] client_random  (32): 93177779DFB98A9341345EB388D21912288592C03A3F0871CA32B5C4CE631584
[TLS] sign_hash (32): DEA75F137A623A4569A4FE1C571F9F40C19C14A5FFE373F3BD620CFE29536B44
[TLS] Written transcript to proofs/MSG_TLS_93177779.out, proofs/SIG_TLS_93177779.out and proofs/PK_TLS_93177779.der
Signature verification succeeds
[TLS] Server time: 1619706003
[TLS] client_random  (32): C5887994290535A3BAC2C647ABEB2CB323BFC461D08066780A1F1381292DB37C
[TLS] sign_hash (32): 0A853D765FE1521DEC89C83DC2BA382842C90D9BFEEC9F181CB545CC63EA7B1F
[TLS] Written transcript to proofs/MSG_TLS_C5887994.out, proofs/SIG_TLS_C5887994.out and proofs/PK_TLS_C5887994.der
Signature verification succeeds
[TLS] Server time: 1619706003
[TLS] client_random  (32): 3CC560B817C37CC645C115CD6C2570D0008471E8F30BC941634AC74D6BA8489F
[TLS] sign_hash (32): 19BDC03E0363776FB35753E6FCE0E1AA9D26BD7C89AD54E56316FBFB0E26B2F8
[TLS] Written transcript to proofs/MSG_TLS_3CC560B8.out, proofs/SIG_TLS_3CC560B8.out and proofs/PK_TLS_3CC560B8.der
Signature verification succeeds
[TLS] Server time: 1619706003
[TLS] client_random  (32): 77836A9382C84FBDEE2657A3EBB153B20AD9932B2AF229D9E8507CD415D61803
[TLS] sign_hash (32): 827543FB670D1E837A8A5F5682C2E8EED1479E6C33F07D9CA8D7DDD842B84BBB
[TLS] Written transcript to proofs/MSG_TLS_77836A93.out, proofs/SIG_TLS_77836A93.out and proofs/PK_TLS_77836A93.der
Signature verification succeeds
[TLS] Server time: 1619706003
[TLS] client_random  (32): C14DC403C9CC12EC783B227F7416EC8B3224E80CBAC30AA7059C1729C7821C30
[TLS] sign_hash (32): 3E979461E8AC30CE9712E5C91E9A8396803F591F301367B949310A4F04004E84
[TLS] Written transcript to proofs/MSG_TLS_C14DC403.out, proofs/SIG_TLS_C14DC403.out and proofs/PK_TLS_C14DC403.der
Signature verification succeeds
[TLS] Server time: 1619706003
[TLS] client_random  (32): 84E48BD3BEB3645796A7CAEBD5D5C0D619851D2349A7FF26F29DD3FEA9A09787
[TLS] sign_hash (32): 9BB0251E4E96615DDB4785021EDE54FA7F83B1F841941B6E487CCA6A3D2D0BC6
[TLS] Written transcript to proofs/MSG_TLS_84E48BD3.out, proofs/SIG_TLS_84E48BD3.out and proofs/PK_TLS_84E48BD3.der
Signature verification succeeds
[TLS] Server time: 1619706003
[TLS] client_random  (32): 8D33EC4BFD1928DBDDCB29E2DC79B327977C63AFE83F9A214F019B6420D7C7E3
[TLS] sign_hash (32): 0EB28A0621CD52238994C3ACA5D77E19C6C7CE23894386BEFB65580D0452EA39
[TLS] Written transcript to proofs/MSG_TLS_8D33EC4B.out, proofs/SIG_TLS_8D33EC4B.out and proofs/PK_TLS_8D33EC4B.der
Signature verification succeeds
[TLS] Server time: 1619706003
[TLS] client_random  (32): A64363A9923462503168F131A03B5ED3217D5EE25604341DE3815AFB80CFDE3F
[TLS] sign_hash (32): 3DC20701D6DF6E375354F151E43E6C37087FE9FC446540CDCEE737A3D5F5161D
[TLS] Written transcript to proofs/MSG_TLS_A64363A9.out, proofs/SIG_TLS_A64363A9.out and proofs/PK_TLS_A64363A9.der
Signature verification succeeds
[TLS] Server time: 1619706003
[TLS] client_random  (32): DCC63E07CC89B4CD8453E6F50D5091D91B88410304ACAF23DAAEE74CE9C9DD39
[TLS] sign_hash (32): EDA24A10245EFB86220EDA3FC4060E4AE71CD14366B877A665037CC7C7B9A270
[TLS] Written transcript to proofs/MSG_TLS_DCC63E07.out, proofs/SIG_TLS_DCC63E07.out and proofs/PK_TLS_DCC63E07.der
Signature verification succeeds
[TLS] Server time: 1619706003
[TLS] client_random  (32): 283642543448AED231338CB0B26BC07868499A43CBA9F787DA115C4C05DD6971
[TLS] sign_hash (32): BA2F377BDEECFD9468F0D4954FA97A12DEFE6096FD68C0C116E4CE2F34CF6C85
[TLS] Written transcript to proofs/MSG_TLS_28364254.out, proofs/SIG_TLS_28364254.out and proofs/PK_TLS_28364254.der
Signature verification succeeds
[TLS] Server time: 1619706004
[TLS] client_random  (32): BFC12A278A786FF8D6FC6A2748D2A67FE056DA835C820B4B57FE78A5F64F62E6
[TLS] sign_hash (32): 2120315CBAB968B7178C3B71BB2F55A2E42964A8CDF988CEE848E8F7A1ADDC9F
[TLS] Written transcript to proofs/MSG_TLS_BFC12A27.out, proofs/SIG_TLS_BFC12A27.out and proofs/PK_TLS_BFC12A27.der
Signature verification succeeds
[TLS] Server time: 1619706004
[TLS] client_random  (32): 350619CE1FE808E11FAE792776C27B237CD4AE5F491D0F8518D8E5AE303B55F3
[TLS] sign_hash (32): C337BCD38479C35F4DD84A58B3D609B40A7902C28FB2FE014A30A45157D604DA
[TLS] Written transcript to proofs/MSG_TLS_350619CE.out, proofs/SIG_TLS_350619CE.out and proofs/PK_TLS_350619CE.der
Signature verification succeeds
[TLS] Server time: 1619706004
[TLS] client_random  (32): 86FFE8736B6E31E98104675C623E08FE40BE85DA3C61BF9D621B7553788EE630
[TLS] sign_hash (32): E37403373BC2DFDFBBA3BC1DBA107CA0573F434B42AEFBBB076A30B438A60EA9
[TLS] Written transcript to proofs/MSG_TLS_86FFE873.out, proofs/SIG_TLS_86FFE873.out and proofs/PK_TLS_86FFE873.der
Signature verification succeeds
Time breakdown (averages): anchor_ping:20.955201 file_read:0.145772 hashing:0.471696
Total time for 65 rounds is 1423.183161ms
Standard deviations: anchor_ping:0.555471 file_read:0.020148 hashing:0.005822
[Client-side ops] mean:0.617468 sd:0.021195
in & out anchor rand written to proofs/phase1.out
     17 [TLS] Server time: 1619706002
     46 [TLS] Server time: 1619706003
      3 [TLS] Server time: 1619706004
Count is 17
Count is 46
Count is 3
success: 1
RESULT: 1 in 1 tries
