TLS anchor: www.ed.ac.uk
Actual: 31, Set: 65
Beginning execution at Thu Apr 29 04:50:01 UTC 2021
CONF: anchor:www.ed.ac.uk fs:1024MB n_rounds:65 seed:5c9f4bf9bbc15bb855f82faedc5a52fc3ab2dfa8ec3ba3ce1b270f31fa0cced2 filename:FILE bs:1024 nops:100 benchmarking:0 anchor_ping:1 queue_depth:32 direct:0
[TLS] Connecting to www.ed.ac.uk
[TLS] Server time: 1619671802
[TLS] client_random  (32): 5C9F4BF9BBC15BB855F82FAEDC5A52FC3AB2DFA8EC3BA3CE1B270F31FA0CCED2
[TLS] sign_hash (32): FD15ED532FD2145210BC71DC6A0989E828C99D716E7DD27958DDB22242689AC3
[TLS] Written transcript to proofs/MSG_TLS_5C9F4BF9.out, proofs/SIG_TLS_5C9F4BF9.out and proofs/PK_TLS_5C9F4BF9.der
Signature verification succeeds
[TLS] Server time: 1619671802
[TLS] client_random  (32): 1C9714FB1EBA12CF3DAF286D53B2E7AF37D69109DF58415FD2E708ED151DC8C1
[TLS] sign_hash (32): 6EF88788CF4FD16451A4AFD4E1FDAF082A15D211B83C9F1D9B1401307A2D76C2
[TLS] Written transcript to proofs/MSG_TLS_1C9714FB.out, proofs/SIG_TLS_1C9714FB.out and proofs/PK_TLS_1C9714FB.der
Signature verification succeeds
[TLS] Server time: 1619671802
[TLS] client_random  (32): 012966E94DEAEE94655759AB7DA8CE4A966FB79BCAFFD16C29214F6AEC4B6EF7
[TLS] sign_hash (32): 0288F710EC8AC8B342F349B9D1540730E12DC4ECF2C1DC7A0FDEB1E8CF73DBAF
[TLS] Written transcript to proofs/MSG_TLS_012966E9.out, proofs/SIG_TLS_012966E9.out and proofs/PK_TLS_012966E9.der
Signature verification succeeds
[TLS] Server time: 1619671802
[TLS] client_random  (32): C0654907DAAE458DC25F84449F0CD50E9E793FC7024F5CDF6AE84FE7EB8DA61C
[TLS] sign_hash (32): 5F39EB5828D939634907E3F480B338621695230E751510245804204A5E2012CE
[TLS] Written transcript to proofs/MSG_TLS_C0654907.out, proofs/SIG_TLS_C0654907.out and proofs/PK_TLS_C0654907.der
Signature verification succeeds
[TLS] Server time: 1619671802
[TLS] client_random  (32): 727092207934BB648B5E0DAA1EB585DB8F71B32B1E2E2EDA39C23A84B7B514AB
[TLS] sign_hash (32): D37B0874E7A023E2B441B16FA966A00FC2EA92674CC04B0A0D477458DD40A61A
[TLS] Written transcript to proofs/MSG_TLS_72709220.out, proofs/SIG_TLS_72709220.out and proofs/PK_TLS_72709220.der
Signature verification succeeds
[TLS] Server time: 1619671802
[TLS] client_random  (32): 7AAB4CECE4BBAF8C28905C8B63F1ACF4054E9892C030CF1ECB7BB767CB5C6EFC
[TLS] sign_hash (32): 123CD6DB79779C7BA89439FD2582529F516882E9D0D8FB45FB1DD7628876DF24
[TLS] Written transcript to proofs/MSG_TLS_7AAB4CEC.out, proofs/SIG_TLS_7AAB4CEC.out and proofs/PK_TLS_7AAB4CEC.der
Signature verification succeeds
[TLS] Server time: 1619671802
[TLS] client_random  (32): E0E140CAF682A32D4408E60EE977ED16EF2DC9AF2FC21F8AB09C9DB634E599F1
[TLS] sign_hash (32): 6029C8D462C17552521700D582B16547047DB47E5B9F30000E480AEB84211E03
[TLS] Written transcript to proofs/MSG_TLS_E0E140CA.out, proofs/SIG_TLS_E0E140CA.out and proofs/PK_TLS_E0E140CA.der
Signature verification succeeds
[TLS] Server time: 1619671802
[TLS] client_random  (32): 4C2D26D1AC554D3692F5832A3AFD801202CD63261F47462E6E557A1D61D4033F
[TLS] sign_hash (32): 2A2930791728C2C4453C51A092ACFDCE990EC346E3C67C0E462C31207FC1C20D
[TLS] Written transcript to proofs/MSG_TLS_4C2D26D1.out, proofs/SIG_TLS_4C2D26D1.out and proofs/PK_TLS_4C2D26D1.der
Signature verification succeeds
[TLS] Server time: 1619671802
[TLS] client_random  (32): 5A4B8AB386E411B9B50EFB3AD9A73966386E0668010631DF3A2F14DE83756204
[TLS] sign_hash (32): B1D939A55257D4A4DA1D05BA5B925448CC61A6897699C9A6DE3918B23EF65F4D
[TLS] Written transcript to proofs/MSG_TLS_5A4B8AB3.out, proofs/SIG_TLS_5A4B8AB3.out and proofs/PK_TLS_5A4B8AB3.der
Signature verification succeeds
[TLS] Server time: 1619671802
[TLS] client_random  (32): B4F87DC094E0F73F9E7638DCAF174D9BA57500BB403F008D7C9FA34A53366B70
[TLS] sign_hash (32): 4175F11C2BD8498EA6A2F61BC19A4B82760A738FAB69BDB57D85D319F0F0BBBA
[TLS] Written transcript to proofs/MSG_TLS_B4F87DC0.out, proofs/SIG_TLS_B4F87DC0.out and proofs/PK_TLS_B4F87DC0.der
Signature verification succeeds
[TLS] Server time: 1619671802
[TLS] client_random  (32): EFFDE6D6F75B4BA32E982FCD05B903B588CC3C36948EEBFE71E7FFAD2F3FFC20
[TLS] sign_hash (32): 4A5D39FAAC6908010826F654EA9897E09FD3508ED72F7AE9E1C98B042786A76B
[TLS] Written transcript to proofs/MSG_TLS_EFFDE6D6.out, proofs/SIG_TLS_EFFDE6D6.out and proofs/PK_TLS_EFFDE6D6.der
Signature verification succeeds
[TLS] Server time: 1619671803
[TLS] client_random  (32): F74751F322958945065989A116292F7DD263125172C9383B00EEEEDEB580F20E
[TLS] sign_hash (32): 7C79EB2A163061697022783762454545F7A58FB7722D7702AECF530BC718949B
[TLS] Written transcript to proofs/MSG_TLS_F74751F3.out, proofs/SIG_TLS_F74751F3.out and proofs/PK_TLS_F74751F3.der
Signature verification succeeds
[TLS] Server time: 1619671803
[TLS] client_random  (32): EE7F53D1A0BD99ABAC6D08A202BC65D606956BDFB431E487F7ADD68D5AC4F533
[TLS] sign_hash (32): D0A307DBAA880ECB9AA8EDF6991EC72D414319BF32745D6B0CBECA4FF9D51D33
[TLS] Written transcript to proofs/MSG_TLS_EE7F53D1.out, proofs/SIG_TLS_EE7F53D1.out and proofs/PK_TLS_EE7F53D1.der
Signature verification succeeds
[TLS] Server time: 1619671803
[TLS] client_random  (32): 278613012862CC26AEDF24DEA09BF3051161C9A5335B9A1EF16F26F698FEBC71
[TLS] sign_hash (32): 6474CF551E948A9C44F604876063A5FD0D46036D80A2B9B726EC256B54FFBAF2
[TLS] Written transcript to proofs/MSG_TLS_27861301.out, proofs/SIG_TLS_27861301.out and proofs/PK_TLS_27861301.der
Signature verification succeeds
[TLS] Server time: 1619671803
[TLS] client_random  (32): 19E8BA0C76700551522BD8DF6281084BAD2BF7212F386254D34D4E72A9DD8329
[TLS] sign_hash (32): 4DD74176FE8EF2FCD0B5A3C3F8250E808B8B2F64F909E560CCEAFFB1E229A12E
[TLS] Written transcript to proofs/MSG_TLS_19E8BA0C.out, proofs/SIG_TLS_19E8BA0C.out and proofs/PK_TLS_19E8BA0C.der
Signature verification succeeds
[TLS] Server time: 1619671803
[TLS] client_random  (32): 4268B932CFA1B8458ECE25D1E5A64C7C0EE29AEC07ACF9FBD06E48F989AA64C2
[TLS] sign_hash (32): 9E560480D5D6252C351A7E93092A4BC4FACBB53342B5DD6DEA9A3F3787C99E6D
[TLS] Written transcript to proofs/MSG_TLS_4268B932.out, proofs/SIG_TLS_4268B932.out and proofs/PK_TLS_4268B932.der
Signature verification succeeds
[TLS] Server time: 1619671803
[TLS] client_random  (32): E21334E455E4B4301DAE498C232527643D558ED74CC35FA08373E7FB4205BF7F
[TLS] sign_hash (32): 3A38E5C86C9E634E9F2413E213CB0416FA8648BB804D54647FBE7930BAE7DB7D
[TLS] Written transcript to proofs/MSG_TLS_E21334E4.out, proofs/SIG_TLS_E21334E4.out and proofs/PK_TLS_E21334E4.der
Signature verification succeeds
[TLS] Server time: 1619671803
[TLS] client_random  (32): 745A6ADF9D6995D224EE91A71957E2BD97A076550F4DCED1833EB652ED891BA1
[TLS] sign_hash (32): 368AA69D8B24A34DC2D912FAA6E1F9E3B87DAC1848F88E5A7835479CA6746912
[TLS] Written transcript to proofs/MSG_TLS_745A6ADF.out, proofs/SIG_TLS_745A6ADF.out and proofs/PK_TLS_745A6ADF.der
Signature verification succeeds
[TLS] Server time: 1619671803
[TLS] client_random  (32): A8626B13B10CE4465572B3071428E3D5F4B3C4CB9DCE9CA8C6A236A158239F99
[TLS] sign_hash (32): 476D89183ACDE5432EDCA6A8E242976B70E21BD1453D7F6BDBE7372C7BB738CE
[TLS] Written transcript to proofs/MSG_TLS_A8626B13.out, proofs/SIG_TLS_A8626B13.out and proofs/PK_TLS_A8626B13.der
Signature verification succeeds
[TLS] Server time: 1619671803
[TLS] client_random  (32): 0CDF894C2B392D1F92B937FE078D6E0962E02F3F328E44B511240432B30AF86F
[TLS] sign_hash (32): 65C077518588A9AF54EC8480C4A468258F828AAE2832F1DD11A623E00E4058CE
[TLS] Written transcript to proofs/MSG_TLS_0CDF894C.out, proofs/SIG_TLS_0CDF894C.out and proofs/PK_TLS_0CDF894C.der
Signature verification succeeds
[TLS] Server time: 1619671803
[TLS] client_random  (32): ED41B0F1C64026D28C298DFDAE71B9397FD1005E24747F75FFC9039FC61BE8C1
[TLS] sign_hash (32): 20DF7F46E842ECB07B1B63F526553E22A38A216BC502EE1D24DDC93548593EF9
[TLS] Written transcript to proofs/MSG_TLS_ED41B0F1.out, proofs/SIG_TLS_ED41B0F1.out and proofs/PK_TLS_ED41B0F1.der
Signature verification succeeds
[TLS] Server time: 1619671803
[TLS] client_random  (32): FCB592302D8534C2B86251450C916DBF3CDB42E78F8674102E3E73812F9F0E03
[TLS] sign_hash (32): 6E81522110063E74C4341DE5E2AC8335B129A7560E09AAF23E54826E5B228615
[TLS] Written transcript to proofs/MSG_TLS_FCB59230.out, proofs/SIG_TLS_FCB59230.out and proofs/PK_TLS_FCB59230.der
Signature verification succeeds
[TLS] Server time: 1619671803
[TLS] client_random  (32): ADB5F607B2943B75C2999D196D48E61A47E1B8C2647660BA45884B9851249438
[TLS] sign_hash (32): 194AB8801FE7A27D73870662823E1867CD63F116532683BAF6B58A1C53000435
[TLS] Written transcript to proofs/MSG_TLS_ADB5F607.out, proofs/SIG_TLS_ADB5F607.out and proofs/PK_TLS_ADB5F607.der
Signature verification succeeds
[TLS] Server time: 1619671803
[TLS] client_random  (32): A719D529AA2EB5E5ADDDABA13A40AF38729106779B9E3481D1C87DC3385C1A18
[TLS] sign_hash (32): 667157DCEA1B8580598E534B69E5547669351954E8BE8FCD5812BF6693B74143
[TLS] Written transcript to proofs/MSG_TLS_A719D529.out, proofs/SIG_TLS_A719D529.out and proofs/PK_TLS_A719D529.der
Signature verification succeeds
[TLS] Server time: 1619671803
[TLS] client_random  (32): 608C5ED078E3429A6D44DD8AB36D116C7DF49D55B10409F28B1D625098545FF6
[TLS] sign_hash (32): B7DEE31D4AECFB43E0CB92098EF7AAD2F769D5FFDE6B46417A36F1D6F5DDA679
[TLS] Written transcript to proofs/MSG_TLS_608C5ED0.out, proofs/SIG_TLS_608C5ED0.out and proofs/PK_TLS_608C5ED0.der
Signature verification succeeds
[TLS] Server time: 1619671803
[TLS] client_random  (32): 133E0E3B44CCBDB1C68426083DAF33A8D2FBB6382F3606F4E9A5432CBDFF72BA
[TLS] sign_hash (32): 6A1811D9FE3E55F5455051F7B617121445CE165CE4FA8AD081F27DB152B18DA2
[TLS] Written transcript to proofs/MSG_TLS_133E0E3B.out, proofs/SIG_TLS_133E0E3B.out and proofs/PK_TLS_133E0E3B.der
Signature verification succeeds
[TLS] Server time: 1619671803
[TLS] client_random  (32): 8236EF809A007097F829062031BF3205A06695C9F81436E6EE1A26C33D464EE2
[TLS] sign_hash (32): 5ED3766E7EC565B4B45DAAC337A35F2BB009BC701136B3B157BB1E5E4287E391
[TLS] Written transcript to proofs/MSG_TLS_8236EF80.out, proofs/SIG_TLS_8236EF80.out and proofs/PK_TLS_8236EF80.der
Signature verification succeeds
[TLS] Server time: 1619671803
[TLS] client_random  (32): 9D07C377F02B9845065E67D28E943877EBA20B2BEECB43147DBD61469C09F998
[TLS] sign_hash (32): 6728C964924C17A5CF7EBDF32875AE6BDAF93DB9E2ABF4DC8717C27F6FBB6C1F
[TLS] Written transcript to proofs/MSG_TLS_9D07C377.out, proofs/SIG_TLS_9D07C377.out and proofs/PK_TLS_9D07C377.der
Signature verification succeeds
[TLS] Server time: 1619671803
[TLS] client_random  (32): 4467145973DC80539738F05046A713496E032D78559F85FCDE7D32D6A307EB95
[TLS] sign_hash (32): 02B8574E95E8101F2CA7AB96BEE270B6BF1811943B7161DA55FA48FD304D509F
[TLS] Written transcript to proofs/MSG_TLS_44671459.out, proofs/SIG_TLS_44671459.out and proofs/PK_TLS_44671459.der
Signature verification succeeds
[TLS] Server time: 1619671803
[TLS] client_random  (32): 3071468453AFB8BACC173D3874DEE7EDED615857840437A3B2CE9186D91EABA2
[TLS] sign_hash (32): 64332DC7C1DF03E9BC9ECD0DE61A1D407CE91FC09EC3C4C640DEBCD2B4741AED
[TLS] Written transcript to proofs/MSG_TLS_30714684.out, proofs/SIG_TLS_30714684.out and proofs/PK_TLS_30714684.der
Signature verification succeeds
[TLS] Server time: 1619671803
[TLS] client_random  (32): 9E21B58964A85C39866B74F58776ADAEA38C77C183362276A0B09872D4C06FD7
[TLS] sign_hash (32): 903CADA1DFFE899FAF797B4F4CBD00E8CE2CCDBA2CBB80A19DB77ADDFDF87346
[TLS] Written transcript to proofs/MSG_TLS_9E21B589.out, proofs/SIG_TLS_9E21B589.out and proofs/PK_TLS_9E21B589.der
Signature verification succeeds
[TLS] Server time: 1619671803
[TLS] client_random  (32): F9F4ACA5CCD8D6838EBC7793101D75CB8F6509B237DC7D9745DA932208F2E91B
[TLS] sign_hash (32): D2284FCEEE89B4AF75B9FC8B3B1BC08D9485F3865DBBB5A0B527517D6522DD55
[TLS] Written transcript to proofs/MSG_TLS_F9F4ACA5.out, proofs/SIG_TLS_F9F4ACA5.out and proofs/PK_TLS_F9F4ACA5.der
Signature verification succeeds
[TLS] Server time: 1619671803
[TLS] client_random  (32): 566B2741AAECA01AD3130CCE0DA885FAE16051A81E0DBCD962CCFBD8B58971AC
[TLS] sign_hash (32): F6417725047CFC938940DED269E372D506EEA525A4136A64D7F653B55B31599F
[TLS] Written transcript to proofs/MSG_TLS_566B2741.out, proofs/SIG_TLS_566B2741.out and proofs/PK_TLS_566B2741.der
Signature verification succeeds
[TLS] Server time: 1619671803
[TLS] client_random  (32): 52AC787A1991DEF3D4926936910BA47A6DA4C5F09BB2E921FF320400B6033AB0
[TLS] sign_hash (32): ED578E25392D7553475AC22C3CA28879522EC095F4F1D9F8084B8F3A07931BF0
[TLS] Written transcript to proofs/MSG_TLS_52AC787A.out, proofs/SIG_TLS_52AC787A.out and proofs/PK_TLS_52AC787A.der
Signature verification succeeds
[TLS] Server time: 1619671803
[TLS] client_random  (32): 9D4495892548F91D6AE185F88AF9C0C44C657CDDE80305A6C562F21B8B69C472
[TLS] sign_hash (32): 1B9EDD553030D6C27C8383660F41A53740CBDCCF8DFFA98D2DEE7A7D7A872D6E
[TLS] Written transcript to proofs/MSG_TLS_9D449589.out, proofs/SIG_TLS_9D449589.out and proofs/PK_TLS_9D449589.der
Signature verification succeeds
[TLS] Server time: 1619671803
[TLS] client_random  (32): 6B64E4F75EB6B0E053415F7D01FA7AED19DF1A64DF39261FCC568C17F5730198
[TLS] sign_hash (32): 59E90B03D4026EC49E8BEA1C72193C0BF2A9CDA319EB504EFB81AD4B9299B916
[TLS] Written transcript to proofs/MSG_TLS_6B64E4F7.out, proofs/SIG_TLS_6B64E4F7.out and proofs/PK_TLS_6B64E4F7.der
Signature verification succeeds
[TLS] Server time: 1619671803
[TLS] client_random  (32): 4359946E2BB9EC9034CFF4A5CC49632950368AEF604052ED61C65D18D3835C14
[TLS] sign_hash (32): C1457294E7D9B3A6F143DC1534ABEBA885BFF21A2BE43E52EDF8B18AA2860A8F
[TLS] Written transcript to proofs/MSG_TLS_4359946E.out, proofs/SIG_TLS_4359946E.out and proofs/PK_TLS_4359946E.der
Signature verification succeeds
[TLS] Server time: 1619671803
[TLS] client_random  (32): 16AE21B41E787A1FEC8FA5C4275517FB855B6356741EB896E9967019C469FDCD
[TLS] sign_hash (32): E7837709FD3F483E880E9ACBEC7C5EA189EBB252FF26BFDC5C435BFBC2C8CD65
[TLS] Written transcript to proofs/MSG_TLS_16AE21B4.out, proofs/SIG_TLS_16AE21B4.out and proofs/PK_TLS_16AE21B4.der
Signature verification succeeds
[TLS] Server time: 1619671803
[TLS] client_random  (32): 8BBE6D632E5D748928916FBEA98F58B9AAEE3847E5D5C665466ADF24187EE143
[TLS] sign_hash (32): 85A6C3B6C0F5B9BADBFFA45C69D7E70C6952F2E5702F49B08326661941D47F33
[TLS] Written transcript to proofs/MSG_TLS_8BBE6D63.out, proofs/SIG_TLS_8BBE6D63.out and proofs/PK_TLS_8BBE6D63.der
Signature verification succeeds
[TLS] Server time: 1619671803
[TLS] client_random  (32): F44650B4B8AE7EDBA7FD92B6E0D0F07F7DE3B89C025240DDA408810854B357F6
[TLS] sign_hash (32): BFC97281EB2189DAA6D204C819AA1AC7AF0FDE2876AD83F57D0EEF63DC69FDB4
[TLS] Written transcript to proofs/MSG_TLS_F44650B4.out, proofs/SIG_TLS_F44650B4.out and proofs/PK_TLS_F44650B4.der
Signature verification succeeds
[TLS] Server time: 1619671803
[TLS] client_random  (32): E9C97EE252F418ADC9C88DF2BDCEA00E696272519A67A4F07A30DFD867FFDEC7
[TLS] sign_hash (32): 2C47A0A382C8E7CA24CE443B6D5D395DF60C8E72A37DD26C2F77023B593D883F
[TLS] Written transcript to proofs/MSG_TLS_E9C97EE2.out, proofs/SIG_TLS_E9C97EE2.out and proofs/PK_TLS_E9C97EE2.der
Signature verification succeeds
[TLS] Server time: 1619671803
[TLS] client_random  (32): B25F28530011989D058C5F2D4207C0D16378854CDBE4E2AF4FF92936E1B55AAB
[TLS] sign_hash (32): 6521FB8BB58DBFD6F203B16CDD91F25C8FB234DE8A952F703412AEF9E2C7AE13
[TLS] Written transcript to proofs/MSG_TLS_B25F2853.out, proofs/SIG_TLS_B25F2853.out and proofs/PK_TLS_B25F2853.der
Signature verification succeeds
[TLS] Server time: 1619671803
[TLS] client_random  (32): 4E4D3979E3E0C41661F225C3A1D53A8ED10243803DBB2DEE9814159977182CB7
[TLS] sign_hash (32): 24C35F51502DB9F6598945A6C58B622C5C0E83F333901E88C45470EA850DE65E
[TLS] Written transcript to proofs/MSG_TLS_4E4D3979.out, proofs/SIG_TLS_4E4D3979.out and proofs/PK_TLS_4E4D3979.der
Signature verification succeeds
[TLS] Server time: 1619671803
[TLS] client_random  (32): 1AAB95E161B401E1E3CE72C70DB6CF24919F30507B0A7049DAD2FD015485D265
[TLS] sign_hash (32): AE35BF420FF074971691EBDA259847E7D2DC6EAAC40D219ECBFD77C5C246B590
[TLS] Written transcript to proofs/MSG_TLS_1AAB95E1.out, proofs/SIG_TLS_1AAB95E1.out and proofs/PK_TLS_1AAB95E1.der
Signature verification succeeds
[TLS] Server time: 1619671803
[TLS] client_random  (32): 300DF0B858D367E03E4C647680A2BED8B8FD5872EA7B32CC7AE8BBF9EA097416
[TLS] sign_hash (32): ECF314FA733A2EEB8576B6D624F4275A0F144F1B12AC4EF29ED9F3558E9B5396
[TLS] Written transcript to proofs/MSG_TLS_300DF0B8.out, proofs/SIG_TLS_300DF0B8.out and proofs/PK_TLS_300DF0B8.der
Signature verification succeeds
[TLS] Server time: 1619671803
[TLS] client_random  (32): 081FAD6C37F9A20133E4F522582C987306A0D4E73D6F0B005AC46FEFE9D4C367
[TLS] sign_hash (32): A0AC7BA6BCA5929B7EFFA887E3B8D815E45B465BE9122C80551855ED63AF1B7C
[TLS] Written transcript to proofs/MSG_TLS_081FAD6C.out, proofs/SIG_TLS_081FAD6C.out and proofs/PK_TLS_081FAD6C.der
Signature verification succeeds
[TLS] Server time: 1619671803
[TLS] client_random  (32): 85FF3F242D5433FBB7ABE278C488BB7D4792F2BF46780F56421FDB5E2C7E3BEE
[TLS] sign_hash (32): CBED1C8296B95CDA6496B806E8A43AA98B9F8A1BCBDC0C94C441593F21EF8078
[TLS] Written transcript to proofs/MSG_TLS_85FF3F24.out, proofs/SIG_TLS_85FF3F24.out and proofs/PK_TLS_85FF3F24.der
Signature verification succeeds
[TLS] Server time: 1619671803
[TLS] client_random  (32): 58BCF915E46FFEA5C5ECF07E838062BA8ABA5BCE11E65D7FA0A833FE2E508688
[TLS] sign_hash (32): 9128EC896140FB9D31D7412D75EFE72D27134F391ECCE6DEE3F0A187A012493D
[TLS] Written transcript to proofs/MSG_TLS_58BCF915.out, proofs/SIG_TLS_58BCF915.out and proofs/PK_TLS_58BCF915.der
Signature verification succeeds
[TLS] Server time: 1619671803
[TLS] client_random  (32): 49545C0EDD9E7E362DF869A6804C9A819AECDDB75CEAB14D41AFC1C3F24B486D
[TLS] sign_hash (32): ACC4518AA361019F8D15132435B824EED43D4C73A24B6A21605F7EF5F5F25AD2
[TLS] Written transcript to proofs/MSG_TLS_49545C0E.out, proofs/SIG_TLS_49545C0E.out and proofs/PK_TLS_49545C0E.der
Signature verification succeeds
[TLS] Server time: 1619671803
[TLS] client_random  (32): BAF749765CA36DBD729124B62555E453F9BF97903F9693AABF193D029C84D718
[TLS] sign_hash (32): AEB729F0DD796A727AF37C667295C555B6C794E2698592DF072F9D7353CF3853
[TLS] Written transcript to proofs/MSG_TLS_BAF74976.out, proofs/SIG_TLS_BAF74976.out and proofs/PK_TLS_BAF74976.der
Signature verification succeeds
[TLS] Server time: 1619671803
[TLS] client_random  (32): 0F5E32D06EA4EAAE0D79FEC5A5AB5DAF798D56CA7210324078D84E829FF367C8
[TLS] sign_hash (32): 8743043E3E08E4F5D82242DD054C1617A72CAB624CC73226CECD0B07CD5DB1A9
[TLS] Written transcript to proofs/MSG_TLS_0F5E32D0.out, proofs/SIG_TLS_0F5E32D0.out and proofs/PK_TLS_0F5E32D0.der
Signature verification succeeds
[TLS] Server time: 1619671803
[TLS] client_random  (32): 2260A21C82C595A112554DF858CB6963D14F96C1A0D9535C72B6E26D6D787ACE
[TLS] sign_hash (32): 89698FB6A6F97E6FA744CAC6E768FA689C58CC821593000808F1BC30D0920080
[TLS] Written transcript to proofs/MSG_TLS_2260A21C.out, proofs/SIG_TLS_2260A21C.out and proofs/PK_TLS_2260A21C.der
Signature verification succeeds
[TLS] Server time: 1619671803
[TLS] client_random  (32): 7CBE6790D2F2E7504158B6826F0F0419B9FE69F62D3A66729F4028278AD503B1
[TLS] sign_hash (32): 4496F7D9558EDCFB2E6C2FD62291C93F030A078E36C276BF7040AC3A9EAC3194
[TLS] Written transcript to proofs/MSG_TLS_7CBE6790.out, proofs/SIG_TLS_7CBE6790.out and proofs/PK_TLS_7CBE6790.der
Signature verification succeeds
[TLS] Server time: 1619671803
[TLS] client_random  (32): 35A3783808760AE8A8ACFEA98F00FC7E6E23A60AD8F9718D8770F3CD609B33DC
[TLS] sign_hash (32): C9842B3EC38A08F93D159B5CF8CDC30CB353245F279ADB366AC97FE69104CA05
[TLS] Written transcript to proofs/MSG_TLS_35A37838.out, proofs/SIG_TLS_35A37838.out and proofs/PK_TLS_35A37838.der
Signature verification succeeds
[TLS] Server time: 1619671803
[TLS] client_random  (32): 1B62E20C5C1084F9AB716FB7E68078F1C9D4D88F48FB30E0A3EBA7E34C154F5B
[TLS] sign_hash (32): 36284367C19AFD40A4E5F07AA72911DBB47E1BCD806498625AB747679969EDBF
[TLS] Written transcript to proofs/MSG_TLS_1B62E20C.out, proofs/SIG_TLS_1B62E20C.out and proofs/PK_TLS_1B62E20C.der
Signature verification succeeds
[TLS] Server time: 1619671803
[TLS] client_random  (32): 8C276DBD11ECFB69F4AD19BCFC3373410731B317A3EF76DDD9BB6C137CCC9F3B
[TLS] sign_hash (32): 4E2EE76923C51CCF372E19D2CB9FF99DA71CC393374BDA5B2C9F1B83EB6405C3
[TLS] Written transcript to proofs/MSG_TLS_8C276DBD.out, proofs/SIG_TLS_8C276DBD.out and proofs/PK_TLS_8C276DBD.der
Signature verification succeeds
[TLS] Server time: 1619671803
[TLS] client_random  (32): 5E4A7F68B7AEE466C5C01E337F660A8769CCD7216D62D754B9587B66BB75758C
[TLS] sign_hash (32): 1C318CDB934FE6534B36492B1CD1AD96ADB465032F8A6DC95F40C9E4B095EE52
[TLS] Written transcript to proofs/MSG_TLS_5E4A7F68.out, proofs/SIG_TLS_5E4A7F68.out and proofs/PK_TLS_5E4A7F68.der
Signature verification succeeds
[TLS] Server time: 1619671803
[TLS] client_random  (32): 0BB4B2FECEFDFC4A1891CA13A91E4C53438100211AE5FBD4CEE86F79586EAB9E
[TLS] sign_hash (32): F0A2DB1C97A383B877902BD3616FB328576DD9E3FF0984EE2AD9DEA7505FD884
[TLS] Written transcript to proofs/MSG_TLS_0BB4B2FE.out, proofs/SIG_TLS_0BB4B2FE.out and proofs/PK_TLS_0BB4B2FE.der
Signature verification succeeds
[TLS] Server time: 1619671804
[TLS] client_random  (32): 4D45E1277A82C5596DAB7299700E99B4B1205E64FC96EB3841AFBADBC07BD47C
[TLS] sign_hash (32): 99A1B573D61DC04FB662BACFA9D6DCC43FE83593BA6C8A276545F4F7D4BF3C8F
[TLS] Written transcript to proofs/MSG_TLS_4D45E127.out, proofs/SIG_TLS_4D45E127.out and proofs/PK_TLS_4D45E127.der
Signature verification succeeds
[TLS] Server time: 1619671804
[TLS] client_random  (32): 6D8E9628C059CF4F91C6C8D0DFC6E8615113BB45B5E14B7867849EA7EE96ACFE
[TLS] sign_hash (32): 41DAD4DCF13472B2E3E689AB8FF0ED5828B5CC43552E9B5447CFF2628E71030A
[TLS] Written transcript to proofs/MSG_TLS_6D8E9628.out, proofs/SIG_TLS_6D8E9628.out and proofs/PK_TLS_6D8E9628.der
Signature verification succeeds
[TLS] Server time: 1619671804
[TLS] client_random  (32): 9A78F1496F44940EB165C4E8A87F332CE23A28E9CB4677ABCC14BEF4A4320A15
[TLS] sign_hash (32): E91BD55D0113EBD3B31C45D4D58E33AB3FF834CFE77132DE4D87F29906204519
[TLS] Written transcript to proofs/MSG_TLS_9A78F149.out, proofs/SIG_TLS_9A78F149.out and proofs/PK_TLS_9A78F149.der
Signature verification succeeds
[TLS] Server time: 1619671804
[TLS] client_random  (32): 33015D5E8A403A49C0AB70187F034E1F9F55A65F4280CBDB96875F8E5D1CB0CA
[TLS] sign_hash (32): 2183F5D7DC329C3A72DDF9C4F6DE2C22C32265A6C3F5386F3F1C719A1C0F2110
[TLS] Written transcript to proofs/MSG_TLS_33015D5E.out, proofs/SIG_TLS_33015D5E.out and proofs/PK_TLS_33015D5E.der
Signature verification succeeds
[TLS] Server time: 1619671804
[TLS] client_random  (32): 0882E71B30C2478743EBC14A980143E8C9340E51CC43C48F399AFB6F12C6348D
[TLS] sign_hash (32): 17A4DCB7C838C5E544AF0B3FA2BB6F21319EF26A98D35A77D325C3CEAD091786
[TLS] Written transcript to proofs/MSG_TLS_0882E71B.out, proofs/SIG_TLS_0882E71B.out and proofs/PK_TLS_0882E71B.der
Signature verification succeeds
[TLS] Server time: 1619671804
[TLS] client_random  (32): FC9C256543637D9873266839C2A71084576CE5EC3E226C3C8BB75ACBBA6DC89E
[TLS] sign_hash (32): 868DBDC6B2DA20C6F64F3BB100AE7C55D43412CC2C4E0DE72341C1343E54411B
[TLS] Written transcript to proofs/MSG_TLS_FC9C2565.out, proofs/SIG_TLS_FC9C2565.out and proofs/PK_TLS_FC9C2565.der
Signature verification succeeds
[TLS] Server time: 1619671804
[TLS] client_random  (32): 62CDC3DBF4ADBEA511FE844DC5D528155D9F534519493E30B75F9A2162F2A9BC
[TLS] sign_hash (32): BF917A724434C588801F1AD35F870ECAB3D955DB5FF48F4BEF5BAA304DD93BDA
[TLS] Written transcript to proofs/MSG_TLS_62CDC3DB.out, proofs/SIG_TLS_62CDC3DB.out and proofs/PK_TLS_62CDC3DB.der
Signature verification succeeds
[TLS] Server time: 1619671804
[TLS] client_random  (32): 4205E5922629B287B7CC376477225BE7C21416ED64116915949CE4762F3DFB27
[TLS] sign_hash (32): 7FBC23EAAB28DA94AF404606E82ADEA4956B58FA087B8BA11B882198CC132FB9
[TLS] Written transcript to proofs/MSG_TLS_4205E592.out, proofs/SIG_TLS_4205E592.out and proofs/PK_TLS_4205E592.der
Signature verification succeeds
Time breakdown (averages): anchor_ping:21.066803 file_read:0.140136 hashing:0.470622
Total time for 65 rounds is 1430.113099ms
Standard deviations: anchor_ping:0.723521 file_read:0.020341 hashing:0.005373
[Client-side ops] mean:0.610759 sd:0.021663
in & out anchor rand written to proofs/phase1.out
     11 [TLS] Server time: 1619671802
     47 [TLS] Server time: 1619671803
      8 [TLS] Server time: 1619671804
Count is 11
Count is 47
Count is 8
success: 1
RESULT: 1 in 1 tries
