TLS anchor: www.ed.ac.uk
Actual: 31, Set: 65
Beginning execution at Wed Apr 28 01:20:01 UTC 2021
CONF: anchor:www.ed.ac.uk fs:1024MB n_rounds:65 seed:5c9f4bf9bbc15bb855f82faedc5a52fc3ab2dfa8ec3ba3ce1b270f31fa0cced2 filename:FILE bs:1024 nops:100 benchmarking:0 anchor_ping:1 queue_depth:32 direct:0
[TLS] Connecting to www.ed.ac.uk
[TLS] Server time: 1619572802
[TLS] client_random  (32): 5C9F4BF9BBC15BB855F82FAEDC5A52FC3AB2DFA8EC3BA3CE1B270F31FA0CCED2
[TLS] sign_hash (32): E8C17D4B07F6F87BD7AB2CF26B5B28D36CE2B649F8DC6FA3EF355093AE98DC0F
[TLS] Written transcript to proofs/MSG_TLS_5C9F4BF9.out, proofs/SIG_TLS_5C9F4BF9.out and proofs/PK_TLS_5C9F4BF9.der
Signature verification succeeds
[TLS] Server time: 1619572802
[TLS] client_random  (32): B803B996A7FA4EBF1DCCDED4BAA7FCA7A89000B8026AD009D469566EE443F0D3
[TLS] sign_hash (32): 500B941C4E14EA8F0C381A4AD3C65B457E5BA5D58B458E9D1CB8C752850F67FA
[TLS] Written transcript to proofs/MSG_TLS_B803B996.out, proofs/SIG_TLS_B803B996.out and proofs/PK_TLS_B803B996.der
Signature verification succeeds
[TLS] Server time: 1619572802
[TLS] client_random  (32): F0EF324B1FD3651AD080D469600AEB83C0BF36AD42495B563CF2105915BCE525
[TLS] sign_hash (32): 3D29CF6D4E694CC8ECCCB3E19619DDADB2BE5F13C7C38B97A6C39338E4BF43A4
[TLS] Written transcript to proofs/MSG_TLS_F0EF324B.out, proofs/SIG_TLS_F0EF324B.out and proofs/PK_TLS_F0EF324B.der
Signature verification succeeds
[TLS] Server time: 1619572802
[TLS] client_random  (32): B44536285D8D84CFFD8FBE4923CD69C911AF89EFC0B37D7C19A70B925B508E5A
[TLS] sign_hash (32): CC525387F418BCB72D582C700D2CA68F63EFF6460F0614C0A41113222ACC9AA9
[TLS] Written transcript to proofs/MSG_TLS_B4453628.out, proofs/SIG_TLS_B4453628.out and proofs/PK_TLS_B4453628.der
Signature verification succeeds
[TLS] Server time: 1619572802
[TLS] client_random  (32): FC925167C3D02726D5035217633D060A04B9706FF796D2399307DEE5E6AE91E6
[TLS] sign_hash (32): 9D690B73A7EB54F3B892DB59D23DF9DED96901C272601DC26D1FA0545D1CB05F
[TLS] Written transcript to proofs/MSG_TLS_FC925167.out, proofs/SIG_TLS_FC925167.out and proofs/PK_TLS_FC925167.der
Signature verification succeeds
[TLS] Server time: 1619572802
[TLS] client_random  (32): 90019BF4171BD7D94CB5C12512A495C0B71C7B2C55B02F930016F8BC50E29855
[TLS] sign_hash (32): 8B010BEE5E649930077C9389A61DD22EC6B87669A140AA3402E2D979F237D716
[TLS] Written transcript to proofs/MSG_TLS_90019BF4.out, proofs/SIG_TLS_90019BF4.out and proofs/PK_TLS_90019BF4.der
Signature verification succeeds
[TLS] Server time: 1619572802
[TLS] client_random  (32): 59A2D2E748E50A7B8E5E13E4846C7BF12C48BE47110FFA6F3FB7B4EB0A3B3C39
[TLS] sign_hash (32): E53AA4986644AAFCDF02CE2AABEEDC6AB90E11BB0FD93C158C1E0F1FEE6A648A
[TLS] Written transcript to proofs/MSG_TLS_59A2D2E7.out, proofs/SIG_TLS_59A2D2E7.out and proofs/PK_TLS_59A2D2E7.der
Signature verification succeeds
[TLS] Server time: 1619572802
[TLS] client_random  (32): F00D758B954F2C366EE1F02BEBFA2F3CE0B5BBFA38BB27F274DF0E12B9260C21
[TLS] sign_hash (32): 2D3A0607B2F0B4CAB699B6D10DA2156C714853E43B9D97AF34FCE0EFAFE59380
[TLS] Written transcript to proofs/MSG_TLS_F00D758B.out, proofs/SIG_TLS_F00D758B.out and proofs/PK_TLS_F00D758B.der
Signature verification succeeds
[TLS] Server time: 1619572802
[TLS] client_random  (32): D4D034CC36323A448A4D4176901FA1BCDB9C22799CC6A2E9D91821B8EC217DAD
[TLS] sign_hash (32): 5F07D58D6424B4F6D08E9F3FC7691B7F2F516DFF1808550AB6B6E0F5A41218AD
[TLS] Written transcript to proofs/MSG_TLS_D4D034CC.out, proofs/SIG_TLS_D4D034CC.out and proofs/PK_TLS_D4D034CC.der
Signature verification succeeds
[TLS] Server time: 1619572802
[TLS] client_random  (32): BAF6B95AAA09A4AC3F7729CA3A24B8B5FB91525A0A6098E48A0F974F793D2071
[TLS] sign_hash (32): 3E9733E4CF7ADE0E8228CCAE2902E3B4DB53C4B6145AC78E8466FA29F4A5AFA3
[TLS] Written transcript to proofs/MSG_TLS_BAF6B95A.out, proofs/SIG_TLS_BAF6B95A.out and proofs/PK_TLS_BAF6B95A.der
Signature verification succeeds
[TLS] Server time: 1619572802
[TLS] client_random  (32): 1866FE6A4ADFA85A421137AE1933943CB14C688662AF228C17837D37A7F5F9A8
[TLS] sign_hash (32): 3A368A708EB4B3A2FE5E7A3AB55296FC4EC284E55137E5A1D8E60EB82172CB7B
[TLS] Written transcript to proofs/MSG_TLS_1866FE6A.out, proofs/SIG_TLS_1866FE6A.out and proofs/PK_TLS_1866FE6A.der
Signature verification succeeds
[TLS] Server time: 1619572802
[TLS] client_random  (32): 2810ED98AAE034ADFCCF3D98A9B025B7EA73ED161A776D9FA8E20EA7B0EF15B4
[TLS] sign_hash (32): D65E676EF7BD888F3D31984FF41B95341D57AAF89750FD167D5F870AD2EB793E
[TLS] Written transcript to proofs/MSG_TLS_2810ED98.out, proofs/SIG_TLS_2810ED98.out and proofs/PK_TLS_2810ED98.der
Signature verification succeeds
[TLS] Server time: 1619572802
[TLS] client_random  (32): 75A418F24C02340789DF5D029B4FF57085CDD4453B68E4EF58B4DDADC1291837
[TLS] sign_hash (32): F66452EC9AEF8D2EE08382756CA64CFE278A632CB8B3F32864A07A0D903FE00E
[TLS] Written transcript to proofs/MSG_TLS_75A418F2.out, proofs/SIG_TLS_75A418F2.out and proofs/PK_TLS_75A418F2.der
Signature verification succeeds
[TLS] Server time: 1619572802
[TLS] client_random  (32): F992AE6AD035A09089E05596C542AFBC3CCB03148F762A136C4D55B97B89B268
[TLS] sign_hash (32): AE363DA24972698CC2DD0A0220C92EEACDA76C5171B4AD92117B4D88BC584D70
[TLS] Written transcript to proofs/MSG_TLS_F992AE6A.out, proofs/SIG_TLS_F992AE6A.out and proofs/PK_TLS_F992AE6A.der
Signature verification succeeds
[TLS] Server time: 1619572802
[TLS] client_random  (32): 498EF897B34DF3140F807C6E50E7B5CEEB71777E8BA4E033805192A27C19B267
[TLS] sign_hash (32): 5D17C84F3E85513EDDEB79BB4601AE662CF211E65C375655FC27DDF572A368F9
[TLS] Written transcript to proofs/MSG_TLS_498EF897.out, proofs/SIG_TLS_498EF897.out and proofs/PK_TLS_498EF897.der
Signature verification succeeds
[TLS] Server time: 1619572802
[TLS] client_random  (32): 57FEEC2F954754AE5E4A6CBE7946064FF78B3036EB5F4A4FFC36152719865E22
[TLS] sign_hash (32): 6204BBBE8EC452AB6902B02E4EA9329F31EA4ED805280EA3EAC30AAF5484835F
[TLS] Written transcript to proofs/MSG_TLS_57FEEC2F.out, proofs/SIG_TLS_57FEEC2F.out and proofs/PK_TLS_57FEEC2F.der
Signature verification succeeds
[TLS] Server time: 1619572802
[TLS] client_random  (32): ED007707A7A7F3795DFE34BACA2385F4CB5462B87105CAC30171AE5529FC26D1
[TLS] sign_hash (32): 0857D500B9D0C9B12A5FA8C0ABE6C9013357ED928E070F09608D647F8B3D8973
[TLS] Written transcript to proofs/MSG_TLS_ED007707.out, proofs/SIG_TLS_ED007707.out and proofs/PK_TLS_ED007707.der
Signature verification succeeds
[TLS] Server time: 1619572802
[TLS] client_random  (32): 4FA3C68FBA50AF4618F8346DEE2F93BD69DF84EEF834B873829CFCE93DD3CA43
[TLS] sign_hash (32): 613B129A0E208611EF89B17FF9603D2518FFF7EB97B9716D33886F7F15E271E9
[TLS] Written transcript to proofs/MSG_TLS_4FA3C68F.out, proofs/SIG_TLS_4FA3C68F.out and proofs/PK_TLS_4FA3C68F.der
Signature verification succeeds
[TLS] Server time: 1619572802
[TLS] client_random  (32): AADDE6116D99CE851173E331B57286DAC37C5D884B99A4753F6DFD285B2C9C4E
[TLS] sign_hash (32): 0D6C1F696E914C4EA3374BCFB06713390AF70B672A4717A927B7549CCC502715
[TLS] Written transcript to proofs/MSG_TLS_AADDE611.out, proofs/SIG_TLS_AADDE611.out and proofs/PK_TLS_AADDE611.der
Signature verification succeeds
[TLS] Server time: 1619572802
[TLS] client_random  (32): 668F8333D6B9D51EA77BF53251760843EFD4691241A0B83950749583D2FFD9F2
[TLS] sign_hash (32): BE1C1023124B16090C01974BD03CD0015D825B47FE2D12B12761CAEB2490ADB8
[TLS] Written transcript to proofs/MSG_TLS_668F8333.out, proofs/SIG_TLS_668F8333.out and proofs/PK_TLS_668F8333.der
Signature verification succeeds
[TLS] Server time: 1619572802
[TLS] client_random  (32): 268B180A20C92DBA1419BC75E58E93E9740EDD37028AEEA62B343A58E19697AC
[TLS] sign_hash (32): 5CC59247AB2D120142CD8BB6CF1721B0EEBB55BA6769A73A33BE4C30F01E3B39
[TLS] Written transcript to proofs/MSG_TLS_268B180A.out, proofs/SIG_TLS_268B180A.out and proofs/PK_TLS_268B180A.der
Signature verification succeeds
[TLS] Server time: 1619572802
[TLS] client_random  (32): F7CD31876FE57E346BD8E99F9469694098D2F2D232B1E165BEE2A5ED5CA434AD
[TLS] sign_hash (32): 2FAC69B2E512C76648931E7582A0B02DDEFE54CE141BE8CB6A0455715CC75420
[TLS] Written transcript to proofs/MSG_TLS_F7CD3187.out, proofs/SIG_TLS_F7CD3187.out and proofs/PK_TLS_F7CD3187.der
Signature verification succeeds
[TLS] Server time: 1619572802
[TLS] client_random  (32): B158B4CB9C02D22782B9A3FF0C953F17B2A88A39D836080D75E0B043E4E7FE25
[TLS] sign_hash (32): 8A998FA3E1482F863861948173A919F55C2FAA5D79AC696929A0A2C7A5A59BAE
[TLS] Written transcript to proofs/MSG_TLS_B158B4CB.out, proofs/SIG_TLS_B158B4CB.out and proofs/PK_TLS_B158B4CB.der
Signature verification succeeds
[TLS] Server time: 1619572802
[TLS] client_random  (32): 09C5DE263DCB52BCE0D3CCD5564C2334A8A4C05502DBCAF3BF3B5D37E5DC166C
[TLS] sign_hash (32): 6793F3C5AEADE57CC0EDF6EAE045A955DAD7F773918CF3382F8B8DB3727EFBA7
[TLS] Written transcript to proofs/MSG_TLS_09C5DE26.out, proofs/SIG_TLS_09C5DE26.out and proofs/PK_TLS_09C5DE26.der
Signature verification succeeds
[TLS] Server time: 1619572802
[TLS] client_random  (32): 2C55D743EEB05E8249DBFE7B12CCA76BEF91CF857B3EA26F2B66486E732B59E6
[TLS] sign_hash (32): 8CE5A77DF457F72799EBE43F9DD018C1BBABF8DE7DA19B2219204DB02ED1108D
[TLS] Written transcript to proofs/MSG_TLS_2C55D743.out, proofs/SIG_TLS_2C55D743.out and proofs/PK_TLS_2C55D743.der
Signature verification succeeds
[TLS] Server time: 1619572802
[TLS] client_random  (32): 36EFE6274BD819782309EC2D7F5A9CF0B8CFA3F5F593A6C34CF6BA37AD8A2C1D
[TLS] sign_hash (32): E598FA38F9AA7DAED2F6154431C3DFD1F4ECABA22B1581B23F5B72C8D7CD499F
[TLS] Written transcript to proofs/MSG_TLS_36EFE627.out, proofs/SIG_TLS_36EFE627.out and proofs/PK_TLS_36EFE627.der
Signature verification succeeds
[TLS] Server time: 1619572802
[TLS] client_random  (32): D3BE232E42E8E7C233D2CE84741C076ACA75ECC87235328EE4B1292DEBED150B
[TLS] sign_hash (32): 7D1C25511BC71E3232DE9E47581F43D624D7816A24DC99263F4CB1321A574104
[TLS] Written transcript to proofs/MSG_TLS_D3BE232E.out, proofs/SIG_TLS_D3BE232E.out and proofs/PK_TLS_D3BE232E.der
Signature verification succeeds
[TLS] Server time: 1619572802
[TLS] client_random  (32): 5DCF27A0247630B7EB96B9BF523CBD6471F0C208CE8F283E0D41F726AFBEF269
[TLS] sign_hash (32): B098D3B6263F49A8D8F79FF2BCB17B2A2BDB30339D5D6962C9D70D56FF790A71
[TLS] Written transcript to proofs/MSG_TLS_5DCF27A0.out, proofs/SIG_TLS_5DCF27A0.out and proofs/PK_TLS_5DCF27A0.der
Signature verification succeeds
[TLS] Server time: 1619572802
[TLS] client_random  (32): B51FB5450DF6450C4663C562CA2F8134B6EA66369CC47DD31B92782CCF559CE6
[TLS] sign_hash (32): 75D7265CD586E838936BCE039B432F7C5C38EAF528F429F01E6F74134FDF689E
[TLS] Written transcript to proofs/MSG_TLS_B51FB545.out, proofs/SIG_TLS_B51FB545.out and proofs/PK_TLS_B51FB545.der
Signature verification succeeds
[TLS] Server time: 1619572802
[TLS] client_random  (32): A2A760920885E5D5639418F797CED3C213F0B1788918E651E165FDB0A0B0F70D
[TLS] sign_hash (32): 29AA1B81F222518CDCC5B59D420FAC384546B1DE20D997A26BAAEC037B50EC95
[TLS] Written transcript to proofs/MSG_TLS_A2A76092.out, proofs/SIG_TLS_A2A76092.out and proofs/PK_TLS_A2A76092.der
Signature verification succeeds
[TLS] Server time: 1619572803
[TLS] client_random  (32): EED969C8A4455F16052DF795DE2A4A1AD89C1D2AD406AEA59A4AF6EBC6828A19
[TLS] sign_hash (32): 87E491F376477A6A8826C3E9199A3C4F39C74F10963B0B5513B1C05BF0069DF3
[TLS] Written transcript to proofs/MSG_TLS_EED969C8.out, proofs/SIG_TLS_EED969C8.out and proofs/PK_TLS_EED969C8.der
Signature verification succeeds
[TLS] Server time: 1619572803
[TLS] client_random  (32): 698413B89488ABABFFF6FCFE51781A25583C66D9A1083DDEED7F5AF12C61D79A
[TLS] sign_hash (32): 9A61F3952DA3714F15BC7FF4D87E0577037D52D324A0052DF0BBC38F21449A7F
[TLS] Written transcript to proofs/MSG_TLS_698413B8.out, proofs/SIG_TLS_698413B8.out and proofs/PK_TLS_698413B8.der
Signature verification succeeds
[TLS] Server time: 1619572803
[TLS] client_random  (32): E0A19B4BA6BE82AF46F50A98FE462FCECE2B5535A431B1B752A00431DEDF679E
[TLS] sign_hash (32): D4CB6B911EB965F0B6DD5C59005D373B54FFDC39C8BEBA41216F28CFFB87B132
[TLS] Written transcript to proofs/MSG_TLS_E0A19B4B.out, proofs/SIG_TLS_E0A19B4B.out and proofs/PK_TLS_E0A19B4B.der
Signature verification succeeds
[TLS] Server time: 1619572803
[TLS] client_random  (32): A2A13B7BEF626585AEE9E9A195200A7F098443FCE7FD6584C9BF810071AA9F88
[TLS] sign_hash (32): 93CB537997E07249ACF1D81222632E7FA85304670FA4AF8A336BD424673F969B
[TLS] Written transcript to proofs/MSG_TLS_A2A13B7B.out, proofs/SIG_TLS_A2A13B7B.out and proofs/PK_TLS_A2A13B7B.der
Signature verification succeeds
[TLS] Server time: 1619572803
[TLS] client_random  (32): 41BC2099997E56E5955285D111D195D1665D8BEF78BA98C50770C907D13664C2
[TLS] sign_hash (32): ECE0CF0483D1F2C708001D8AEEC727EAFD5770CEBB9AE9F80A8235F33EDF8476
[TLS] Written transcript to proofs/MSG_TLS_41BC2099.out, proofs/SIG_TLS_41BC2099.out and proofs/PK_TLS_41BC2099.der
Signature verification succeeds
[TLS] Server time: 1619572803
[TLS] client_random  (32): 401CF8C69AD27ABCA6208B726268CB60E53C0A71C8419B8CB0255CB1D7642373
[TLS] sign_hash (32): 8F84ECA1C3D0103E70102B1569740DCE2694C6085CB0084F13871EB4DE54CE31
[TLS] Written transcript to proofs/MSG_TLS_401CF8C6.out, proofs/SIG_TLS_401CF8C6.out and proofs/PK_TLS_401CF8C6.der
Signature verification succeeds
[TLS] Server time: 1619572803
[TLS] client_random  (32): 9F858C6450FB5F03C1226003E85C6D2A1091ED01FC759C2BE31F25D9E84D1C3C
[TLS] sign_hash (32): 091EDD080778832C1AAD5AA423CC63C8862C9708F5177DF61531BC93C3FD6BE8
[TLS] Written transcript to proofs/MSG_TLS_9F858C64.out, proofs/SIG_TLS_9F858C64.out and proofs/PK_TLS_9F858C64.der
Signature verification succeeds
[TLS] Server time: 1619572803
[TLS] client_random  (32): E164B01DE4793366A30C4BBBF0358433C6635C7214DCACFE1073A1C7B9648CB4
[TLS] sign_hash (32): 50CFAB17237A508ECC96493E47FC13540C33B6140E4DC03A76EB1FCE147E22A6
[TLS] Written transcript to proofs/MSG_TLS_E164B01D.out, proofs/SIG_TLS_E164B01D.out and proofs/PK_TLS_E164B01D.der
Signature verification succeeds
[TLS] Server time: 1619572803
[TLS] client_random  (32): 3FE40691CA0851E439C6EAB7A537AB989F512FEB56A8BAB45DA34D3D75DBF036
[TLS] sign_hash (32): 88D01C71491DD0DCC5637104FFAFF0E087ACDA6E9F71630542CF662836D360B2
[TLS] Written transcript to proofs/MSG_TLS_3FE40691.out, proofs/SIG_TLS_3FE40691.out and proofs/PK_TLS_3FE40691.der
Signature verification succeeds
[TLS] Server time: 1619572803
[TLS] client_random  (32): 1E322CAC590E42D7E9159E3522CC1B8B101D9A4E995EA5223819C49E958C936B
[TLS] sign_hash (32): 7EAFBCA23372561A04CA2058FC2238F5B5C28743459D887F483BBBB2AF4C4F2B
[TLS] Written transcript to proofs/MSG_TLS_1E322CAC.out, proofs/SIG_TLS_1E322CAC.out and proofs/PK_TLS_1E322CAC.der
Signature verification succeeds
[TLS] Server time: 1619572803
[TLS] client_random  (32): CA478969921BD8EC0F6E62A0D1BFA6132F0591C94DF1570A67AEA5BB46696334
[TLS] sign_hash (32): 122C18C96F27F01CFFEC749799BF489C50FDDBE94CB065711777AE8528C1FCC4
[TLS] Written transcript to proofs/MSG_TLS_CA478969.out, proofs/SIG_TLS_CA478969.out and proofs/PK_TLS_CA478969.der
Signature verification succeeds
[TLS] Server time: 1619572803
[TLS] client_random  (32): 08377100AC1F47CE3FCF344116041E58E0D92AE1F9FD4A077A3D5255F4E44F9C
[TLS] sign_hash (32): 6604E5EBCA2D45EF9A24C10B72FA120D0787265A5C8195A66CD0E7DC2F0620CB
[TLS] Written transcript to proofs/MSG_TLS_08377100.out, proofs/SIG_TLS_08377100.out and proofs/PK_TLS_08377100.der
Signature verification succeeds
[TLS] Server time: 1619572803
[TLS] client_random  (32): 5EAC65DFBF2CCECF9B57CCAD9585902EF05623D604ED6F4E79D22EDCC9C55E8A
[TLS] sign_hash (32): 2048D2EE74C6CA52AA27F85E7061C8D81CCCB2C300F13E1DC29F5A2C3E3015D4
[TLS] Written transcript to proofs/MSG_TLS_5EAC65DF.out, proofs/SIG_TLS_5EAC65DF.out and proofs/PK_TLS_5EAC65DF.der
Signature verification succeeds
[TLS] Server time: 1619572803
[TLS] client_random  (32): B5A98DA3F1BA7A81CD5FA2B4635207F454AD455AE9A4DDBE55B6D077977CE3DA
[TLS] sign_hash (32): D58220F1D54FA2F5B656E183231C1EFF76B4AFB258375958CF653E7960651D8E
[TLS] Written transcript to proofs/MSG_TLS_B5A98DA3.out, proofs/SIG_TLS_B5A98DA3.out and proofs/PK_TLS_B5A98DA3.der
Signature verification succeeds
[TLS] Server time: 1619572803
[TLS] client_random  (32): D0ACA1FBA7B7FC7C535D95A5BE9E3DE254DE74614D22B8D9108342415D323D84
[TLS] sign_hash (32): B657C23B56A83B11EA45EBB00620AC44FC9B5F9D7119C6AB6DA9ECEB059E1542
[TLS] Written transcript to proofs/MSG_TLS_D0ACA1FB.out, proofs/SIG_TLS_D0ACA1FB.out and proofs/PK_TLS_D0ACA1FB.der
Signature verification succeeds
[TLS] Server time: 1619572803
[TLS] client_random  (32): 2AAFCDE4CDC3554AF8B8EBD3A8BB1D612EDBA3D639BD0A02A1D313DD55D8BBC8
[TLS] sign_hash (32): 724B9904444746C83CFF2716AD3D60222FE8B7E9736F7748FCBE3CA9F65ECC2A
[TLS] Written transcript to proofs/MSG_TLS_2AAFCDE4.out, proofs/SIG_TLS_2AAFCDE4.out and proofs/PK_TLS_2AAFCDE4.der
Signature verification succeeds
[TLS] Server time: 1619572803
[TLS] client_random  (32): 2F41FC46A5EB243DCD38DF19CE568505B5D25882DA4576AF81AA079061A1E4EA
[TLS] sign_hash (32): 211226E1E5249AC99773ADBB0144725A924C6E900EC542E3F67B44EC1F73F9EE
[TLS] Written transcript to proofs/MSG_TLS_2F41FC46.out, proofs/SIG_TLS_2F41FC46.out and proofs/PK_TLS_2F41FC46.der
Signature verification succeeds
[TLS] Server time: 1619572803
[TLS] client_random  (32): 4D56BE63BD97008AB461EC3B94620B82FB10059209EDB8330880C60BCF3BF8A5
[TLS] sign_hash (32): D3D94EC36595FF6FDB81F509BC78EF9644204FD8F83051FD285A3A5593DED0F5
[TLS] Written transcript to proofs/MSG_TLS_4D56BE63.out, proofs/SIG_TLS_4D56BE63.out and proofs/PK_TLS_4D56BE63.der
Signature verification succeeds
[TLS] Server time: 1619572803
[TLS] client_random  (32): 33646AFBDBAAAA62D7CB643D542953AA2BD12D39E4C04D5F580DF39FE27AF3CC
[TLS] sign_hash (32): BA40DF4697218452D86C363B0D766D99D41BBDE1632A3C5EEDA1532A1C2CD6A7
[TLS] Written transcript to proofs/MSG_TLS_33646AFB.out, proofs/SIG_TLS_33646AFB.out and proofs/PK_TLS_33646AFB.der
Signature verification succeeds
[TLS] Server time: 1619572803
[TLS] client_random  (32): 2155612FADFE6807BDE0517F299C2612E6B7C1B8A53A998367BF0CD10498B339
[TLS] sign_hash (32): D5AFB7D42C23E45E6BE0FC178793AC1F7E94D2BB80F64D21643E110F22138208
[TLS] Written transcript to proofs/MSG_TLS_2155612F.out, proofs/SIG_TLS_2155612F.out and proofs/PK_TLS_2155612F.der
Signature verification succeeds
[TLS] Server time: 1619572803
[TLS] client_random  (32): F0BF26FB7E2028046D61C2C678CBA14715FC369589A3FC216314E0DA54A2BDD9
[TLS] sign_hash (32): D018FF7A98F1F7C3435DDBC94B8644E12784437950DD72ACA5E8D7D616757994
[TLS] Written transcript to proofs/MSG_TLS_F0BF26FB.out, proofs/SIG_TLS_F0BF26FB.out and proofs/PK_TLS_F0BF26FB.der
Signature verification succeeds
[TLS] Server time: 1619572803
[TLS] client_random  (32): 93A56C766ABBEF0C4A33C21E38C4B7BCF759EC42A503C7DE53C9912F1EC29A38
[TLS] sign_hash (32): A521BC9785487D6A68061151EFDCC594C9468DCBD30E2E3D5275AE7851FBA1D8
[TLS] Written transcript to proofs/MSG_TLS_93A56C76.out, proofs/SIG_TLS_93A56C76.out and proofs/PK_TLS_93A56C76.der
Signature verification succeeds
[TLS] Server time: 1619572803
[TLS] client_random  (32): D095B252B5284D8CA758656A689BF0406D033482038B3C1F02CCCCB364C5A609
[TLS] sign_hash (32): C600CD5F3AC0BAA9379ED466DAAED319BE5E5A9CE107EA37DE48CA9E8C4CB11A
[TLS] Written transcript to proofs/MSG_TLS_D095B252.out, proofs/SIG_TLS_D095B252.out and proofs/PK_TLS_D095B252.der
Signature verification succeeds
[TLS] Server time: 1619572803
[TLS] client_random  (32): 570934668135E94BDB8CBCE72F6026FF5F90F2016CC31572993276508BFF5A28
[TLS] sign_hash (32): 4DEC674011244B2C1299108D01811943FC580598846602549930708509C72F8E
[TLS] Written transcript to proofs/MSG_TLS_57093466.out, proofs/SIG_TLS_57093466.out and proofs/PK_TLS_57093466.der
Signature verification succeeds
[TLS] Server time: 1619572803
[TLS] client_random  (32): FEEB91C354B4D91C956A2FE332BF823CF7418EF705581EC6CFD05427792601F1
[TLS] sign_hash (32): 8ABCCFEEA5DE68EE71A9AA194D3A7BAE4AAF60A6E5C1EEEB95025A14B1AE53C0
[TLS] Written transcript to proofs/MSG_TLS_FEEB91C3.out, proofs/SIG_TLS_FEEB91C3.out and proofs/PK_TLS_FEEB91C3.der
Signature verification succeeds
[TLS] Server time: 1619572803
[TLS] client_random  (32): 544818F50A3C0DD5B0871143E797F8DF8F391807677FFF8A4B81EACCA3B13B9B
[TLS] sign_hash (32): 6309BC074607F984D481505E230358FEA88AB45F0336FB51451C5C447CAEDF40
[TLS] Written transcript to proofs/MSG_TLS_544818F5.out, proofs/SIG_TLS_544818F5.out and proofs/PK_TLS_544818F5.der
Signature verification succeeds
[TLS] Server time: 1619572803
[TLS] client_random  (32): E142492AAB4E21A617D9910C042C974B85B99F37667D4E874A724C96F3E3A15F
[TLS] sign_hash (32): 47D87F15E33BDF0A2DC4E4ABAE155CCE159869601371F4CFF023CF6D954813FB
[TLS] Written transcript to proofs/MSG_TLS_E142492A.out, proofs/SIG_TLS_E142492A.out and proofs/PK_TLS_E142492A.der
Signature verification succeeds
[TLS] Server time: 1619572803
[TLS] client_random  (32): D4A1E66F0DE1073F8293F8F14A8DB36CB11F65DA98F832EF1D085DD5D446DD06
[TLS] sign_hash (32): 516245C6C5AEA1F7242C022AFADA0BA53365A141485737914081B49389065096
[TLS] Written transcript to proofs/MSG_TLS_D4A1E66F.out, proofs/SIG_TLS_D4A1E66F.out and proofs/PK_TLS_D4A1E66F.der
Signature verification succeeds
[TLS] Server time: 1619572803
[TLS] client_random  (32): 0CA4590EAB8699ADDDA103529155B0CF68FBDB2BF7718884271E89A85A97C694
[TLS] sign_hash (32): 11C5E0CC473CDAF91405E09B4D6B3CE5546345BA5339720DC20F17E83B397CB7
[TLS] Written transcript to proofs/MSG_TLS_0CA4590E.out, proofs/SIG_TLS_0CA4590E.out and proofs/PK_TLS_0CA4590E.der
Signature verification succeeds
[TLS] Server time: 1619572803
[TLS] client_random  (32): 3EA7E5409ADD9763393FB0D0267DA9E0A82ABB35B04D84B2C0913EE469419F54
[TLS] sign_hash (32): E3B25FC6BA4903DA3E12ADB645ECF77CA0FF9D4954DAAB797E6F5667E44494B1
[TLS] Written transcript to proofs/MSG_TLS_3EA7E540.out, proofs/SIG_TLS_3EA7E540.out and proofs/PK_TLS_3EA7E540.der
Signature verification succeeds
[TLS] Server time: 1619572803
[TLS] client_random  (32): CA42E269A3954E8BFE1EF9596FB5356C8B997FEDB8D76FA3B28D781AEDE0E934
[TLS] sign_hash (32): 1240913D1F3FBE1D63C2190220122988A48E68E1DC63C5666F873153071DA338
[TLS] Written transcript to proofs/MSG_TLS_CA42E269.out, proofs/SIG_TLS_CA42E269.out and proofs/PK_TLS_CA42E269.der
Signature verification succeeds
[TLS] Server time: 1619572803
[TLS] client_random  (32): 39738462DA99A25281FB86BC60A1BD4FBAC866CA3C7134630A69C47E7C40DD83
[TLS] sign_hash (32): 7019AF926BE91B3992F6B1A81A94CBEB1C1E724DA3A4320E2147158A949D88E0
[TLS] Written transcript to proofs/MSG_TLS_39738462.out, proofs/SIG_TLS_39738462.out and proofs/PK_TLS_39738462.der
Signature verification succeeds
[TLS] Server time: 1619572803
[TLS] client_random  (32): 5ED3580505A736E4795279E38C42EC762DDCF5E213D6181BF366E5E993693EBF
[TLS] sign_hash (32): E21FBD98C0AC4CA5C622C0D48EDF70F2097A47A268CDE0B5178D0C1DC8E66F88
[TLS] Written transcript to proofs/MSG_TLS_5ED35805.out, proofs/SIG_TLS_5ED35805.out and proofs/PK_TLS_5ED35805.der
Signature verification succeeds
[TLS] Server time: 1619572803
[TLS] client_random  (32): 00C86BF53D8B86E68EBD455D718CDAEB05797EF1B90F8D65DAE94CBC802078D4
[TLS] sign_hash (32): CFC6E9D31F0F58F5179F45603F8E5DBEFE8A27971EC99E87C84DACA942DBA6DD
[TLS] Written transcript to proofs/MSG_TLS_00C86BF5.out, proofs/SIG_TLS_00C86BF5.out and proofs/PK_TLS_00C86BF5.der
Signature verification succeeds
[TLS] Server time: 1619572803
[TLS] client_random  (32): 57D2D90358FA98AFE91BDBE12868DEEECDD6D51174DD0475F0CB4CA4257843B0
[TLS] sign_hash (32): B6740B3E7DE5219628E54FCC58934EFB0C204F9850DB6B77F6A8DB8620C5923D
[TLS] Written transcript to proofs/MSG_TLS_57D2D903.out, proofs/SIG_TLS_57D2D903.out and proofs/PK_TLS_57D2D903.der
Signature verification succeeds
[TLS] Server time: 1619572803
[TLS] client_random  (32): 45FF93E1EF8F4680C05789353FE99A0938AC7D75E264B1A72F60B619FA37B86A
[TLS] sign_hash (32): 55D6D66E5935C14DCA972EADACD223FCB28B5F7619D30A050492ADFB47A0A8EE
[TLS] Written transcript to proofs/MSG_TLS_45FF93E1.out, proofs/SIG_TLS_45FF93E1.out and proofs/PK_TLS_45FF93E1.der
Signature verification succeeds
Time breakdown (averages): anchor_ping:20.957209 file_read:0.140732 hashing:0.471081
Total time for 65 rounds is 1422.948819ms
Standard deviations: anchor_ping:0.780390 file_read:0.018791 hashing:0.005229
[Client-side ops] mean:0.611813 sd:0.021559
in & out anchor rand written to proofs/phase1.out
     30 [TLS] Server time: 1619572802
     36 [TLS] Server time: 1619572803
Count is 30
Count is 36
success: 1
RESULT: 1 in 1 tries
