TLS anchor: www.ed.ac.uk
Actual: 31, Set: 65
Beginning execution at Thu Apr 29 09:20:01 UTC 2021
CONF: anchor:www.ed.ac.uk fs:1024MB n_rounds:65 seed:5c9f4bf9bbc15bb855f82faedc5a52fc3ab2dfa8ec3ba3ce1b270f31fa0cced2 filename:FILE bs:1024 nops:100 benchmarking:0 anchor_ping:1 queue_depth:32 direct:0
[TLS] Connecting to www.ed.ac.uk
[TLS] Server time: 1619688002
[TLS] client_random  (32): 5C9F4BF9BBC15BB855F82FAEDC5A52FC3AB2DFA8EC3BA3CE1B270F31FA0CCED2
[TLS] sign_hash (32): F18D9988E7B7CB16C6DFEDBF5A251FE2B730677D1643388F5DBD7445E09EA8AE
[TLS] Written transcript to proofs/MSG_TLS_5C9F4BF9.out, proofs/SIG_TLS_5C9F4BF9.out and proofs/PK_TLS_5C9F4BF9.der
Signature verification succeeds
[TLS] Server time: 1619688002
[TLS] client_random  (32): 27DFA6C99B7947A071B043F098746EE4F812DDA177883AC49BF8F960EF6313AA
[TLS] sign_hash (32): F5D03A9F2D8004D23100017AFBDF8C2ECD4554E7C151C83A36AC507019DBFC52
[TLS] Written transcript to proofs/MSG_TLS_27DFA6C9.out, proofs/SIG_TLS_27DFA6C9.out and proofs/PK_TLS_27DFA6C9.der
Signature verification succeeds
[TLS] Server time: 1619688002
[TLS] client_random  (32): 9AA47513393A92AE21F5284CABF62C629224682BB757A75BE37D0B5EF5F9FFA2
[TLS] sign_hash (32): 9319B1173BCD8EC67D5475C9288B75280A3459EAA8A1DD6D9BE0D22A835C59DA
[TLS] Written transcript to proofs/MSG_TLS_9AA47513.out, proofs/SIG_TLS_9AA47513.out and proofs/PK_TLS_9AA47513.der
Signature verification succeeds
[TLS] Server time: 1619688002
[TLS] client_random  (32): A57BF28A1CE4A2BA9822A15B0B359F8ED72B02DEFD8DBE89B2215B3FDBF347C3
[TLS] sign_hash (32): 99B6E23F726F3113126C326CC593E2A38A86BAF30FC289F65D687E233C60F9DE
[TLS] Written transcript to proofs/MSG_TLS_A57BF28A.out, proofs/SIG_TLS_A57BF28A.out and proofs/PK_TLS_A57BF28A.der
Signature verification succeeds
[TLS] Server time: 1619688002
[TLS] client_random  (32): F4BBE29F32ABA3A9BB7B5514F17B0B7F2423E3A72C7FB8514FFEF5F720E7B359
[TLS] sign_hash (32): C00C6D4E7BCB2316AFB1C7521478BB249B8CACFBA1A2AEC311490434CC85C34D
[TLS] Written transcript to proofs/MSG_TLS_F4BBE29F.out, proofs/SIG_TLS_F4BBE29F.out and proofs/PK_TLS_F4BBE29F.der
Signature verification succeeds
[TLS] Server time: 1619688002
[TLS] client_random  (32): 6A3F491C664EA1EF46B1527E2F86C93398118C7FF564B004A79EF344DE96EC95
[TLS] sign_hash (32): 19D75D471CF1640D0708CB6D9450F9AB50DA8A0BD3E7681A49ABF73F8C17CF49
[TLS] Written transcript to proofs/MSG_TLS_6A3F491C.out, proofs/SIG_TLS_6A3F491C.out and proofs/PK_TLS_6A3F491C.der
Signature verification succeeds
[TLS] Server time: 1619688002
[TLS] client_random  (32): 159CF095F514B078EBC6BFDDEBAEA6C339DC4E6CCC048D347985ED5C6D044BC4
[TLS] sign_hash (32): D6F2C2DA075F2CC706BA7FD1DFFE07589783C4FBAE62AAF5641D0791D0DB4584
[TLS] Written transcript to proofs/MSG_TLS_159CF095.out, proofs/SIG_TLS_159CF095.out and proofs/PK_TLS_159CF095.der
Signature verification succeeds
[TLS] Server time: 1619688002
[TLS] client_random  (32): 6829DC20192926E19BAD919117DF0BE528827E939A5232C27896D97825D36EE2
[TLS] sign_hash (32): D8647514EC3DC3BD516DCA64276D79615EE5A698DE31F4F5159B348AC3A179AE
[TLS] Written transcript to proofs/MSG_TLS_6829DC20.out, proofs/SIG_TLS_6829DC20.out and proofs/PK_TLS_6829DC20.der
Signature verification succeeds
[TLS] Server time: 1619688002
[TLS] client_random  (32): E5FB66A1FB649629B5F32F98BBEB322C24AE10BF58296EF56652CD554B2E462B
[TLS] sign_hash (32): FD2A96AA0D848BF68221B562A001C94337823F7780570D7F129E232F14A0B4FA
[TLS] Written transcript to proofs/MSG_TLS_E5FB66A1.out, proofs/SIG_TLS_E5FB66A1.out and proofs/PK_TLS_E5FB66A1.der
Signature verification succeeds
[TLS] Server time: 1619688002
[TLS] client_random  (32): 388988E64CCDFE8FA5B11A2FE012229535ACA2841D1DC43E60E1A14A48F1EC38
[TLS] sign_hash (32): 48EB5FC370327948BD1EBDAB37CD32A52052B54929F95D37D7FDE9270EA615C4
[TLS] Written transcript to proofs/MSG_TLS_388988E6.out, proofs/SIG_TLS_388988E6.out and proofs/PK_TLS_388988E6.der
Signature verification succeeds
[TLS] Server time: 1619688003
[TLS] client_random  (32): 7CD7989F31EE70A19EA16B3853D5BF0E24F307100E52B60B42AF57A12B65EFA3
[TLS] sign_hash (32): C9D9FECFDFADA01916C6223B92D63D879F1E3F7C7614634AD055F18940B4DB57
[TLS] Written transcript to proofs/MSG_TLS_7CD7989F.out, proofs/SIG_TLS_7CD7989F.out and proofs/PK_TLS_7CD7989F.der
Signature verification succeeds
[TLS] Server time: 1619688003
[TLS] client_random  (32): 403826067EDFD04ACCC44C4620CA0D97120D8DB17A21ECA0E1784AFE444D23A9
[TLS] sign_hash (32): FA637AA2F11F2907CF2A3105A1035E16452214F59748C498F52C6E6B6FB6EA76
[TLS] Written transcript to proofs/MSG_TLS_40382606.out, proofs/SIG_TLS_40382606.out and proofs/PK_TLS_40382606.der
Signature verification succeeds
[TLS] Server time: 1619688003
[TLS] client_random  (32): 416E3CAC8ED384A994E8D23C22A3E54E7596CE952A2D1DD894FBE67991CAF7E2
[TLS] sign_hash (32): 96C960BA6450F03436C37667E90140EEB3FADF21B74892E95883C32BF6DB28A3
[TLS] Written transcript to proofs/MSG_TLS_416E3CAC.out, proofs/SIG_TLS_416E3CAC.out and proofs/PK_TLS_416E3CAC.der
Signature verification succeeds
[TLS] Server time: 1619688003
[TLS] client_random  (32): E345ADE83E85639A53815498BC8F4DB965B0971905E48038044E5389463236F4
[TLS] sign_hash (32): 050CCBEFAE515D349F3237273D27205C3F5EB61F3B49F803820CD59712113BD3
[TLS] Written transcript to proofs/MSG_TLS_E345ADE8.out, proofs/SIG_TLS_E345ADE8.out and proofs/PK_TLS_E345ADE8.der
Signature verification succeeds
[TLS] Server time: 1619688003
[TLS] client_random  (32): CE2263037EF7D0EA16358E68C7313FFACDDA6259FABA06543149D4CD857D701D
[TLS] sign_hash (32): A7F36D4A9D126736905320056A2907872AD3038279E1718A06B1C5973C96673B
[TLS] Written transcript to proofs/MSG_TLS_CE226303.out, proofs/SIG_TLS_CE226303.out and proofs/PK_TLS_CE226303.der
Signature verification succeeds
[TLS] Server time: 1619688003
[TLS] client_random  (32): A3099E75DF41444F59808F41905221CF6F85C7882778214A55E234A1239FB75B
[TLS] sign_hash (32): 5E03EE628C79635FC65551B4DD88F83C76E22E4A58DAA4C4D69E857F4B3DEE1B
[TLS] Written transcript to proofs/MSG_TLS_A3099E75.out, proofs/SIG_TLS_A3099E75.out and proofs/PK_TLS_A3099E75.der
Signature verification succeeds
[TLS] Server time: 1619688003
[TLS] client_random  (32): E5A2ADEEA1EC54EB5F1103D7435A8DDE261D75FA59D1C97DB0C239B9F177368C
[TLS] sign_hash (32): EE21784A22B95506A0C927F2F89807FD771EEA6F951A69E2F81973B5E971BC35
[TLS] Written transcript to proofs/MSG_TLS_E5A2ADEE.out, proofs/SIG_TLS_E5A2ADEE.out and proofs/PK_TLS_E5A2ADEE.der
Signature verification succeeds
[TLS] Server time: 1619688003
[TLS] client_random  (32): 5E720F78E80CCA67D63B1D4834DD5B25426891460E826B400EDC158F06F79917
[TLS] sign_hash (32): 3307DDAD63A0AC9E21C06E15B33BFF1890A13EF1B20F7261E46B0DE129647FFF
[TLS] Written transcript to proofs/MSG_TLS_5E720F78.out, proofs/SIG_TLS_5E720F78.out and proofs/PK_TLS_5E720F78.der
Signature verification succeeds
[TLS] Server time: 1619688003
[TLS] client_random  (32): C4924501E7E126DEF9CD55CE79C765B3207D58005BC8B8366D9DD1042330EBC6
[TLS] sign_hash (32): B3C20AE8C936841D037E47FCA23A39E705DCA616FF21AD4B8FC49FF0529DBFD4
[TLS] Written transcript to proofs/MSG_TLS_C4924501.out, proofs/SIG_TLS_C4924501.out and proofs/PK_TLS_C4924501.der
Signature verification succeeds
[TLS] Server time: 1619688003
[TLS] client_random  (32): 416400C296FF5BF7A10544278D510211C916A9876D8E60CCE3B12AAAD726C05F
[TLS] sign_hash (32): E377B17195D550C45641E57690573A0DC2D1F62612DB110F0B2CAB0267F314DC
[TLS] Written transcript to proofs/MSG_TLS_416400C2.out, proofs/SIG_TLS_416400C2.out and proofs/PK_TLS_416400C2.der
Signature verification succeeds
[TLS] Server time: 1619688003
[TLS] client_random  (32): B103872A416E740659F96C225D4B5B3B6319B85BB63AB725654DEE037B5320FD
[TLS] sign_hash (32): 5E63F5BC495D492842BBD755D9A75FA1DA4E55A9F9302C4023C047D1AFB8F785
[TLS] Written transcript to proofs/MSG_TLS_B103872A.out, proofs/SIG_TLS_B103872A.out and proofs/PK_TLS_B103872A.der
Signature verification succeeds
[TLS] Server time: 1619688003
[TLS] client_random  (32): 0E4E7EEB7950921C976B52AF9F05D02E51D85B91FBBB61FA976FB1132697421E
[TLS] sign_hash (32): FBB1B450B188BDD4D574A85D722C536C76D90C7BB06F1999292BDC7568AD2C71
[TLS] Written transcript to proofs/MSG_TLS_0E4E7EEB.out, proofs/SIG_TLS_0E4E7EEB.out and proofs/PK_TLS_0E4E7EEB.der
Signature verification succeeds
[TLS] Server time: 1619688003
[TLS] client_random  (32): 7EA6BC33373E825E11F01060FDF5889A77B2620BB893F261BC8CD2718BD04E43
[TLS] sign_hash (32): C98C28CF6082D8747E5D7E01FB9933AB167E84518CB98B9B3568642A51785A65
[TLS] Written transcript to proofs/MSG_TLS_7EA6BC33.out, proofs/SIG_TLS_7EA6BC33.out and proofs/PK_TLS_7EA6BC33.der
Signature verification succeeds
[TLS] Server time: 1619688003
[TLS] client_random  (32): 2C490988E5C84062053F4DB2AB95FF1CD8CE37318CD0400C64E27C576BA71488
[TLS] sign_hash (32): 0B2758CCF1DAE0858F4441494E817636150B8366DFEF97EB84F3A8207167E7A4
[TLS] Written transcript to proofs/MSG_TLS_2C490988.out, proofs/SIG_TLS_2C490988.out and proofs/PK_TLS_2C490988.der
Signature verification succeeds
[TLS] Server time: 1619688003
[TLS] client_random  (32): B17CF8870435FE6AB42BC19A3C2E0E5EDF22A365725225D5055C6B825A860118
[TLS] sign_hash (32): E7EEEC8D925E1063F9BCD613A1521D986B9EAE61DA272A0194020FADBA703295
[TLS] Written transcript to proofs/MSG_TLS_B17CF887.out, proofs/SIG_TLS_B17CF887.out and proofs/PK_TLS_B17CF887.der
Signature verification succeeds
[TLS] Server time: 1619688003
[TLS] client_random  (32): 486C485A08BCFFC91498347F239F8CF2779344F67323298290325258F53ACD8C
[TLS] sign_hash (32): 31520B3E09285404555D7695EA5764DF071C01482E34213C4877C2C4319CF607
[TLS] Written transcript to proofs/MSG_TLS_486C485A.out, proofs/SIG_TLS_486C485A.out and proofs/PK_TLS_486C485A.der
Signature verification succeeds
[TLS] Server time: 1619688003
[TLS] client_random  (32): 3410D702246739E667E8F8F44522F642F17226181D1B5004AF3230FDC7AD1A55
[TLS] sign_hash (32): 66720D61C0278C0ABBA38D234366870F740514DDEA3641A7BB066D4CB0DD77ED
[TLS] Written transcript to proofs/MSG_TLS_3410D702.out, proofs/SIG_TLS_3410D702.out and proofs/PK_TLS_3410D702.der
Signature verification succeeds
[TLS] Server time: 1619688003
[TLS] client_random  (32): CCF49B0FEDD9666F8F64378DFDFADD43784D60D4095E84851914543F4B4B0D23
[TLS] sign_hash (32): 58A3B8E73A311FCAB3A136A0D7F389FEE397CAEBE37D703D2EB1AAA1C9553A39
[TLS] Written transcript to proofs/MSG_TLS_CCF49B0F.out, proofs/SIG_TLS_CCF49B0F.out and proofs/PK_TLS_CCF49B0F.der
Signature verification succeeds
[TLS] Server time: 1619688003
[TLS] client_random  (32): 15A7F7DFBADB2489831D5E02F6D2FDDD7C8BBC26852B75632948602BA628D227
[TLS] sign_hash (32): 13D7EDEAF8427718BD23670337EF45A348C23AE2F3DF60613F2A637D80EEA236
[TLS] Written transcript to proofs/MSG_TLS_15A7F7DF.out, proofs/SIG_TLS_15A7F7DF.out and proofs/PK_TLS_15A7F7DF.der
Signature verification succeeds
[TLS] Server time: 1619688003
[TLS] client_random  (32): 648601E59D6DCFCDDB4F2AB2A9DF6CCC1084C926410CF3577561F83F40ADA78F
[TLS] sign_hash (32): B4B70C5003A15197D7975AC7ADE3167482E6137E3A93734901D334F18BC7C677
[TLS] Written transcript to proofs/MSG_TLS_648601E5.out, proofs/SIG_TLS_648601E5.out and proofs/PK_TLS_648601E5.der
Signature verification succeeds
[TLS] Server time: 1619688003
[TLS] client_random  (32): 8673FAA93615D33363A3AF2E1C588A0F6742DE999CB0EB0ADD06DDD0C0B09B3A
[TLS] sign_hash (32): 01C9FC5458ABE869F1AF7BE8D376960CB8E259B0FC1AC3561F88EE9B891C01A9
[TLS] Written transcript to proofs/MSG_TLS_8673FAA9.out, proofs/SIG_TLS_8673FAA9.out and proofs/PK_TLS_8673FAA9.der
Signature verification succeeds
[TLS] Server time: 1619688003
[TLS] client_random  (32): 026538DFDB050C04CA26BBFAEFA35DD5744BE7DB76A3586D9DDCAACEE40A31F1
[TLS] sign_hash (32): 98D898577E0AD6D937C03B534D5D1B0319BE29136BD6D3058C44D79B3DF6AD24
[TLS] Written transcript to proofs/MSG_TLS_026538DF.out, proofs/SIG_TLS_026538DF.out and proofs/PK_TLS_026538DF.der
Signature verification succeeds
[TLS] Server time: 1619688003
[TLS] client_random  (32): 2501AD72AC2E73B98ED20FC0B2EEEB307972DDFE9F810FC524673EAB4744DFF4
[TLS] sign_hash (32): 1B7919751DBEEAA250D179785D9905329BA4D621FA39F66D7E0EEB1ED73B5AD4
[TLS] Written transcript to proofs/MSG_TLS_2501AD72.out, proofs/SIG_TLS_2501AD72.out and proofs/PK_TLS_2501AD72.der
Signature verification succeeds
[TLS] Server time: 1619688003
[TLS] client_random  (32): B4A914CE4C4693D6DAF80D2313C5BE2994226B55F24E6E63F9395EE3BCADF81D
[TLS] sign_hash (32): FA2E02881E391D1ACED168FCA45E075BA10A7C2872537F3B02F1E44E43DA5F9A
[TLS] Written transcript to proofs/MSG_TLS_B4A914CE.out, proofs/SIG_TLS_B4A914CE.out and proofs/PK_TLS_B4A914CE.der
Signature verification succeeds
[TLS] Server time: 1619688003
[TLS] client_random  (32): 7233EAF132C17DDDDE73E2810C175A032ED2DCB89B5FC9D42FCBB458BFBA1615
[TLS] sign_hash (32): 7B35FAA49C33DFC61903FF460FA762516656567D32C417536CEB7F721E18A812
[TLS] Written transcript to proofs/MSG_TLS_7233EAF1.out, proofs/SIG_TLS_7233EAF1.out and proofs/PK_TLS_7233EAF1.der
Signature verification succeeds
[TLS] Server time: 1619688003
[TLS] client_random  (32): 96D475AE787717F8C04631C8072B84C89A7A53294DFE38D73C1C164A20B39DD7
[TLS] sign_hash (32): 0E476A508364D73A6920D5558955BEF810942B95378CB5BB4A033B70DD15E8B9
[TLS] Written transcript to proofs/MSG_TLS_96D475AE.out, proofs/SIG_TLS_96D475AE.out and proofs/PK_TLS_96D475AE.der
Signature verification succeeds
[TLS] Server time: 1619688003
[TLS] client_random  (32): 5AD2B6A5ABC742D09EF6570A71493F52817412962A220ECB4B760E7736BA3C6B
[TLS] sign_hash (32): 726B2CDDEB6115B1DDC657787F2D9ACE06482CEBFC9E8CC6674F143AB8800530
[TLS] Written transcript to proofs/MSG_TLS_5AD2B6A5.out, proofs/SIG_TLS_5AD2B6A5.out and proofs/PK_TLS_5AD2B6A5.der
Signature verification succeeds
[TLS] Server time: 1619688003
[TLS] client_random  (32): 5DDB03FF3A87581F3762AC6F6102593B363A27B9907B788A0E89092F2D51971E
[TLS] sign_hash (32): FB23DEF02EDABACE052DB3189073778A4597CADDF82B78FED38099D6DF7D4376
[TLS] Written transcript to proofs/MSG_TLS_5DDB03FF.out, proofs/SIG_TLS_5DDB03FF.out and proofs/PK_TLS_5DDB03FF.der
Signature verification succeeds
[TLS] Server time: 1619688003
[TLS] client_random  (32): 1F412982F875888C76D70F6A6A2BF718A4286BBEECF6BFEBF8E6A72697FFDEC6
[TLS] sign_hash (32): 080C67EF76DFF34C9770F57DE04562FDAB10A24AAF8842F4EB6AD9608B519B62
[TLS] Written transcript to proofs/MSG_TLS_1F412982.out, proofs/SIG_TLS_1F412982.out and proofs/PK_TLS_1F412982.der
Signature verification succeeds
[TLS] Server time: 1619688003
[TLS] client_random  (32): 90BEA591710CE1C608506EF444D54E5399D5D48F3DDA1F0C68981F0894C6D74E
[TLS] sign_hash (32): 176A57BD206308F99D27405FA171CCA9CF2897414E5337F629ACD5D113F4B026
[TLS] Written transcript to proofs/MSG_TLS_90BEA591.out, proofs/SIG_TLS_90BEA591.out and proofs/PK_TLS_90BEA591.der
Signature verification succeeds
[TLS] Server time: 1619688003
[TLS] client_random  (32): 7D5FDAB529B40826918637366D9CB7606368F078B704747B90404BDC25CA4AE4
[TLS] sign_hash (32): 36EC74690B12C3EF2A7992FA1BAEC75EC6AE2C6C8B97ACE475F9A268A390AC40
[TLS] Written transcript to proofs/MSG_TLS_7D5FDAB5.out, proofs/SIG_TLS_7D5FDAB5.out and proofs/PK_TLS_7D5FDAB5.der
Signature verification succeeds
[TLS] Server time: 1619688003
[TLS] client_random  (32): F8DC67D4F734465F3E48A49C56A518E29A68B6023182760597F1C9B1A204EB6A
[TLS] sign_hash (32): 233A4EE074B2824D1D55169CC796F3EF5778D44569C228D1FBC9D5571FCC2EB0
[TLS] Written transcript to proofs/MSG_TLS_F8DC67D4.out, proofs/SIG_TLS_F8DC67D4.out and proofs/PK_TLS_F8DC67D4.der
Signature verification succeeds
[TLS] Server time: 1619688003
[TLS] client_random  (32): C5ED068767B5D9F095547A863D648B5C56D4BA035F73BC7A22C22F26E41470E9
[TLS] sign_hash (32): 8B37F86BFF9F3DA3B32D8690D499D74AD7924F6DEA5CDE7675C6D22DBB51B302
[TLS] Written transcript to proofs/MSG_TLS_C5ED0687.out, proofs/SIG_TLS_C5ED0687.out and proofs/PK_TLS_C5ED0687.der
Signature verification succeeds
[TLS] Server time: 1619688003
[TLS] client_random  (32): 225D7E3E789F1D69429220E25E812893D80B27C58153B0B646DA78FD902CFC78
[TLS] sign_hash (32): D4516F3C5AE0656E388C5A22FB3322E69B27B346BB1BD3E84AE04CA72DADC65D
[TLS] Written transcript to proofs/MSG_TLS_225D7E3E.out, proofs/SIG_TLS_225D7E3E.out and proofs/PK_TLS_225D7E3E.der
Signature verification succeeds
[TLS] Server time: 1619688003
[TLS] client_random  (32): 9EF6EB19D51966F7F293B44AA133FFCACD58B2762435C3E0975428789EF21C5D
[TLS] sign_hash (32): EC8319E4AE0454D7928998D470A5EECA4C4559ED448CABEBD91A820C14C62B18
[TLS] Written transcript to proofs/MSG_TLS_9EF6EB19.out, proofs/SIG_TLS_9EF6EB19.out and proofs/PK_TLS_9EF6EB19.der
Signature verification succeeds
[TLS] Server time: 1619688003
[TLS] client_random  (32): 746510175CEDAFE360B6ABB76109BAA48C8FF2554D2D74B076179C83B8172981
[TLS] sign_hash (32): 76627522D40FE1BC2C262D2242CFF0098FE542B64018285E45E7243EBACB2AFE
[TLS] Written transcript to proofs/MSG_TLS_74651017.out, proofs/SIG_TLS_74651017.out and proofs/PK_TLS_74651017.der
Signature verification succeeds
[TLS] Server time: 1619688003
[TLS] client_random  (32): 93AFB5BE15C22B9A76820247F4628BADAEC25EDAED6A4A419010C245F44CC10D
[TLS] sign_hash (32): 1A08DD178498FE0EDF67371DAEEE037A4E359F1AE75229EA04AA77B0AE09A9D7
[TLS] Written transcript to proofs/MSG_TLS_93AFB5BE.out, proofs/SIG_TLS_93AFB5BE.out and proofs/PK_TLS_93AFB5BE.der
Signature verification succeeds
[TLS] Server time: 1619688003
[TLS] client_random  (32): CF8D05D6EE20EC6A98CB50403A8AC59B256727CD41DC33149529E69C7FC1B4D2
[TLS] sign_hash (32): 2E7BBAB5354F503CDD81C804E1CE609776E5832084084ABF2D301C5DCC814F72
[TLS] Written transcript to proofs/MSG_TLS_CF8D05D6.out, proofs/SIG_TLS_CF8D05D6.out and proofs/PK_TLS_CF8D05D6.der
Signature verification succeeds
[TLS] Server time: 1619688003
[TLS] client_random  (32): 93722DABBE0EBC1B1DA44492D903663305FCB7E8ABC5F1072BBDC79E6D73A8EA
[TLS] sign_hash (32): 4173BA135524E59E0276A7E53127AC2665F20E9D1DB1848289C91E811B59A2BA
[TLS] Written transcript to proofs/MSG_TLS_93722DAB.out, proofs/SIG_TLS_93722DAB.out and proofs/PK_TLS_93722DAB.der
Signature verification succeeds
[TLS] Server time: 1619688003
[TLS] client_random  (32): 056950B0A4027A22933F146C15BB537F69575DB0ED124943C1597C7D71D1CCD0
[TLS] sign_hash (32): 48152DA16B527788A5B2C4E4C1188AF1861AB9CEEAFCA026B45480750887A60D
[TLS] Written transcript to proofs/MSG_TLS_056950B0.out, proofs/SIG_TLS_056950B0.out and proofs/PK_TLS_056950B0.der
Signature verification succeeds
[TLS] Server time: 1619688003
[TLS] client_random  (32): D03AC349344A3B029BF0639BEC82EACE6F3E42067CDC420CC4585C00CE5177CD
[TLS] sign_hash (32): 0B0410DA0AD72DE6518AA1694C9D50C76B863D453118878B2BB014578A90529D
[TLS] Written transcript to proofs/MSG_TLS_D03AC349.out, proofs/SIG_TLS_D03AC349.out and proofs/PK_TLS_D03AC349.der
Signature verification succeeds
[TLS] Server time: 1619688003
[TLS] client_random  (32): 9A0407D51295F970711E6D527953436BA1D7A7AE625CA334357C524834467E45
[TLS] sign_hash (32): 6E96D1A0B502D610268F34C41C2593DB873076C24AFD0830D9B2AC05559EDAFF
[TLS] Written transcript to proofs/MSG_TLS_9A0407D5.out, proofs/SIG_TLS_9A0407D5.out and proofs/PK_TLS_9A0407D5.der
Signature verification succeeds
[TLS] Server time: 1619688003
[TLS] client_random  (32): CE4BDD7808D27D907E61C35A1AB4A665604299BAB97838CF0D88EE761530E790
[TLS] sign_hash (32): 037C781DCE03D04074C6B043C850F42C3E5F2EC2685F5EE162DD3DA88EB332CB
[TLS] Written transcript to proofs/MSG_TLS_CE4BDD78.out, proofs/SIG_TLS_CE4BDD78.out and proofs/PK_TLS_CE4BDD78.der
Signature verification succeeds
[TLS] Server time: 1619688003
[TLS] client_random  (32): 5AEFB428114C12A3C2BE7CB0CE372846CF9CC621AB51E9DBD38AC761F5E20BCD
[TLS] sign_hash (32): E52CB9044679EB4C38FFB2BF73FBD1A55D51E45A0103D291B84AB1069843891D
[TLS] Written transcript to proofs/MSG_TLS_5AEFB428.out, proofs/SIG_TLS_5AEFB428.out and proofs/PK_TLS_5AEFB428.der
Signature verification succeeds
[TLS] Server time: 1619688003
[TLS] client_random  (32): A8D4DC20AABF1A322054F8E45149B556E5227C1C7460C4436A26E0D89FCAB7F2
[TLS] sign_hash (32): 88B5C6E36DC2DD87CAB774681D9F4EFE58CBE89ABC68474FE4288B46D5DF4A03
[TLS] Written transcript to proofs/MSG_TLS_A8D4DC20.out, proofs/SIG_TLS_A8D4DC20.out and proofs/PK_TLS_A8D4DC20.der
Signature verification succeeds
[TLS] Server time: 1619688003
[TLS] client_random  (32): 56A90616DE7C21540B48E8C471A18BBE948088149CCA63204C45F071A0643511
[TLS] sign_hash (32): 278221FCB6780437AB3E77C782AE935A0D365B4CA72AE95BF032C770B704B6B4
[TLS] Written transcript to proofs/MSG_TLS_56A90616.out, proofs/SIG_TLS_56A90616.out and proofs/PK_TLS_56A90616.der
Signature verification succeeds
[TLS] Server time: 1619688004
[TLS] client_random  (32): 7E3C48D15E4C3E04664A94040DD334F1F12A2FE782CC2AEC009FFD88BB0F80E5
[TLS] sign_hash (32): 4FD608866D0AAD92CC208ACEB4EEB5B1C41331329E3E439D2954282B4F3F6C95
[TLS] Written transcript to proofs/MSG_TLS_7E3C48D1.out, proofs/SIG_TLS_7E3C48D1.out and proofs/PK_TLS_7E3C48D1.der
Signature verification succeeds
[TLS] Server time: 1619688004
[TLS] client_random  (32): 9A0018D31019D77213668FAA3E27FF738E8AF1EC186BB79DFFE27EC792820A3B
[TLS] sign_hash (32): 2F4371E65DD436D82C0FBB439544BCE35C52F100A900FEC78289CD085FA7D8DA
[TLS] Written transcript to proofs/MSG_TLS_9A0018D3.out, proofs/SIG_TLS_9A0018D3.out and proofs/PK_TLS_9A0018D3.der
Signature verification succeeds
[TLS] Server time: 1619688004
[TLS] client_random  (32): DADE1CE5DFB7CAE9A0AE7727880C380BBCD1AC41FA0D900FB99A6F4663F373B3
[TLS] sign_hash (32): 47D2EF8DE759DAB25A658981A1A643B5EF423DF6C466BB2EBBAD253A6AE0985A
[TLS] Written transcript to proofs/MSG_TLS_DADE1CE5.out, proofs/SIG_TLS_DADE1CE5.out and proofs/PK_TLS_DADE1CE5.der
Signature verification succeeds
[TLS] Server time: 1619688004
[TLS] client_random  (32): 854BED8FB8A1C268048AD6DE0DF0B3DDAA3373BAD84EE04D84B9596A33915731
[TLS] sign_hash (32): 45259263499EA7DCE3AF1305A727CD575A3C3E35C3DF828CEBFE50AFF0A71C67
[TLS] Written transcript to proofs/MSG_TLS_854BED8F.out, proofs/SIG_TLS_854BED8F.out and proofs/PK_TLS_854BED8F.der
Signature verification succeeds
[TLS] Server time: 1619688004
[TLS] client_random  (32): 0F4F6B672305F17927720DBD57C17CE01022C4FCDB5926D81E43D63819DE85D2
[TLS] sign_hash (32): 09A2953075A3ECAE2B3F92FF69027BF742F3D486F2010126EF6BF01329140FE8
[TLS] Written transcript to proofs/MSG_TLS_0F4F6B67.out, proofs/SIG_TLS_0F4F6B67.out and proofs/PK_TLS_0F4F6B67.der
Signature verification succeeds
[TLS] Server time: 1619688004
[TLS] client_random  (32): 27ACD6EB80B27DBE508F9F3E166309E1E0E7E6BA12C813C05B4FEB935149832C
[TLS] sign_hash (32): 2ED2354C53807A5C47061E23EA77F75AA50AA27D5A80279A0E7CB520526CC7EC
[TLS] Written transcript to proofs/MSG_TLS_27ACD6EB.out, proofs/SIG_TLS_27ACD6EB.out and proofs/PK_TLS_27ACD6EB.der
Signature verification succeeds
[TLS] Server time: 1619688004
[TLS] client_random  (32): 1B91E5ABDC627C19AE96B0725072D55EBAB5C8258E628BEFDE3E29B290808FC4
[TLS] sign_hash (32): FFD94518DB17F5AF8DE519B2EDF70DC34A13D1214BA6E512D65551BB7B85583B
[TLS] Written transcript to proofs/MSG_TLS_1B91E5AB.out, proofs/SIG_TLS_1B91E5AB.out and proofs/PK_TLS_1B91E5AB.der
Signature verification succeeds
[TLS] Server time: 1619688004
[TLS] client_random  (32): 0A6B9EA28C537D83B32E0E3C31B334B5E9068FCB5393C34C596BF6EC1273219B
[TLS] sign_hash (32): DAB3B74E1EC453DD47F8A4E9F154D3AD43405214AEF9A1AC593C5DFF605404A5
[TLS] Written transcript to proofs/MSG_TLS_0A6B9EA2.out, proofs/SIG_TLS_0A6B9EA2.out and proofs/PK_TLS_0A6B9EA2.der
Signature verification succeeds
[TLS] Server time: 1619688004
[TLS] client_random  (32): 0431160F6A4F28A20536CAD9447A18B6524C28AB7F5E2A3653523203E6160E5D
[TLS] sign_hash (32): F077B705B1A89BB1799AD2CC93999C022A6E72FF4E9751E573A5909DBDC20A2D
[TLS] Written transcript to proofs/MSG_TLS_0431160F.out, proofs/SIG_TLS_0431160F.out and proofs/PK_TLS_0431160F.der
Signature verification succeeds
[TLS] Server time: 1619688004
[TLS] client_random  (32): 2AE5A17F23C859E80755CB28619D18D194902FB3D7D823E92A093FF8CA32CB6C
[TLS] sign_hash (32): FD81E899E4A01B5DBDE3BFEF5304638F762229D073B81BDF10045467DD481C6F
[TLS] Written transcript to proofs/MSG_TLS_2AE5A17F.out, proofs/SIG_TLS_2AE5A17F.out and proofs/PK_TLS_2AE5A17F.der
Signature verification succeeds
Time breakdown (averages): anchor_ping:21.097530 file_read:0.140634 hashing:0.470793
Total time for 65 rounds is 1432.183747ms
Standard deviations: anchor_ping:0.878997 file_read:0.019265 hashing:0.005374
[Client-side ops] mean:0.611427 sd:0.020577
in & out anchor rand written to proofs/phase1.out
     10 [TLS] Server time: 1619688002
     46 [TLS] Server time: 1619688003
     10 [TLS] Server time: 1619688004
Count is 10
Count is 46
Count is 10
success: 1
RESULT: 1 in 1 tries
