TLS anchor: www.ed.ac.uk
Actual: 31, Set: 65
Beginning execution at Fri Apr 30 12:50:01 UTC 2021
CONF: anchor:www.ed.ac.uk fs:1024MB n_rounds:65 seed:5c9f4bf9bbc15bb855f82faedc5a52fc3ab2dfa8ec3ba3ce1b270f31fa0cced2 filename:FILE bs:1024 nops:100 benchmarking:0 anchor_ping:1 queue_depth:32 direct:0
[TLS] Connecting to www.ed.ac.uk
[TLS] Server time: 1619787002
[TLS] client_random  (32): 5C9F4BF9BBC15BB855F82FAEDC5A52FC3AB2DFA8EC3BA3CE1B270F31FA0CCED2
[TLS] sign_hash (32): 18CAED74888F9AD336499DA66B096F7CAB4DE695BB07AEAA788B46E221C48406
[TLS] Written transcript to proofs/MSG_TLS_5C9F4BF9.out, proofs/SIG_TLS_5C9F4BF9.out and proofs/PK_TLS_5C9F4BF9.der
Signature verification succeeds
[TLS] Server time: 1619787002
[TLS] client_random  (32): 9A9CE2A3C17E2140BE99C40399709D34B87EA52DE9CF2AFB4930B5FF1A1A4387
[TLS] sign_hash (32): F6D673C135269F30A89C868DDAFCE20319ED3357547CAD3523299AEAB3EF7C4B
[TLS] Written transcript to proofs/MSG_TLS_9A9CE2A3.out, proofs/SIG_TLS_9A9CE2A3.out and proofs/PK_TLS_9A9CE2A3.der
Signature verification succeeds
[TLS] Server time: 1619787002
[TLS] client_random  (32): B94FFC174895553B18100DA5D6F265DBBECA11F1A2F4A68D9298E60EC9D51565
[TLS] sign_hash (32): 03B3076F05208BF2D395B4D8E3E876E0F50BA4C374FAD4CEFA20714FCE05AE74
[TLS] Written transcript to proofs/MSG_TLS_B94FFC17.out, proofs/SIG_TLS_B94FFC17.out and proofs/PK_TLS_B94FFC17.der
Signature verification succeeds
[TLS] Server time: 1619787002
[TLS] client_random  (32): 00BAF2ED96DF63B83B01784AF16812A379CEC6F862C561F26398D8451C66B077
[TLS] sign_hash (32): 2483BACD521D189FEA507E106103C1BFF6227DD41B26564515F8707EB2E82337
[TLS] Written transcript to proofs/MSG_TLS_00BAF2ED.out, proofs/SIG_TLS_00BAF2ED.out and proofs/PK_TLS_00BAF2ED.der
Signature verification succeeds
[TLS] Server time: 1619787002
[TLS] client_random  (32): D8A5D5FA47215BB53AA67E3159D872018B959CF451AFAE67420A04C8C1025D95
[TLS] sign_hash (32): 14365CE94D55B437C816CD5EF705D3C1DBE15D12A030460F5F73B70F4B1131CB
[TLS] Written transcript to proofs/MSG_TLS_D8A5D5FA.out, proofs/SIG_TLS_D8A5D5FA.out and proofs/PK_TLS_D8A5D5FA.der
Signature verification succeeds
[TLS] Server time: 1619787002
[TLS] client_random  (32): D7D8DB49787858CF3B824D7C1101C165ECD6B44EB998C33141A55971D7CF01CE
[TLS] sign_hash (32): B4BCFE0A5433EC43FEF71764E10E2AD49F39B5016E914215EF411153C4896919
[TLS] Written transcript to proofs/MSG_TLS_D7D8DB49.out, proofs/SIG_TLS_D7D8DB49.out and proofs/PK_TLS_D7D8DB49.der
Signature verification succeeds
[TLS] Server time: 1619787002
[TLS] client_random  (32): 6169B37125E5A366BF519458652A75150A2497AACF18D2BD625FDB7265BCB0A4
[TLS] sign_hash (32): 21E6F45D96C0BD908C075537B77840BBFD193A4EBB3CCEBFD5770F44A722E36B
[TLS] Written transcript to proofs/MSG_TLS_6169B371.out, proofs/SIG_TLS_6169B371.out and proofs/PK_TLS_6169B371.der
Signature verification succeeds
[TLS] Server time: 1619787002
[TLS] client_random  (32): 665A15E4CECD24DCF24FE45DD1CBFE26EBBA95844E88329C68AC5FB711B08150
[TLS] sign_hash (32): 71F975AAFC40B4F599D3EF757668A0EF6E61FD799961834F6F280E523D51CA99
[TLS] Written transcript to proofs/MSG_TLS_665A15E4.out, proofs/SIG_TLS_665A15E4.out and proofs/PK_TLS_665A15E4.der
Signature verification succeeds
[TLS] Server time: 1619787002
[TLS] client_random  (32): AE228A398F84CCD54EA679DDA111159EDE54FFDFCEEAFDE5A38819857862DAB4
[TLS] sign_hash (32): BEA4850EB9192128A6874BA0302A2FB4D1C59DC107AD62C8D95C8579D3A066BD
[TLS] Written transcript to proofs/MSG_TLS_AE228A39.out, proofs/SIG_TLS_AE228A39.out and proofs/PK_TLS_AE228A39.der
Signature verification succeeds
[TLS] Server time: 1619787002
[TLS] client_random  (32): E82BEAE89B84C00FF9F9AF266A0760379837DF3BE7D4C994E192BC3F656961B9
[TLS] sign_hash (32): 95CBD257EEEC5A07AA6FD96CF3D50961A4D0A98391D63C0F85F839ABFD889F2C
[TLS] Written transcript to proofs/MSG_TLS_E82BEAE8.out, proofs/SIG_TLS_E82BEAE8.out and proofs/PK_TLS_E82BEAE8.der
Signature verification succeeds
[TLS] Server time: 1619787002
[TLS] client_random  (32): F05028137BD5FF339E67C6DCD38628D4E28D3CC6F4C0B5DB2AA3F01061AC68D2
[TLS] sign_hash (32): D5B234E9283124A06A96223953B69302EA83B593C657FF4EE2D34CE49F7DB7BE
[TLS] Written transcript to proofs/MSG_TLS_F0502813.out, proofs/SIG_TLS_F0502813.out and proofs/PK_TLS_F0502813.der
Signature verification succeeds
[TLS] Server time: 1619787002
[TLS] client_random  (32): D20FE0BF1A13698F853725D79E346EC49D23EF279447065E5FB26F848C8DF6C0
[TLS] sign_hash (32): E6D3F8A2A9C0582782F87E1320025C2BFFF3E4DDDDD5E20F51DF28795B54D617
[TLS] Written transcript to proofs/MSG_TLS_D20FE0BF.out, proofs/SIG_TLS_D20FE0BF.out and proofs/PK_TLS_D20FE0BF.der
Signature verification succeeds
[TLS] Server time: 1619787002
[TLS] client_random  (32): 07E84FA1E3B765D622C203A18012D329844EF0C7A6D5F525F2058BA4B7F8B2EB
[TLS] sign_hash (32): 204ADE7671FD0B950CFD42FEA7E1FC63E94DE200A3949F003BFF983330D28618
[TLS] Written transcript to proofs/MSG_TLS_07E84FA1.out, proofs/SIG_TLS_07E84FA1.out and proofs/PK_TLS_07E84FA1.der
Signature verification succeeds
[TLS] Server time: 1619787002
[TLS] client_random  (32): 8AB96BF1741C73D8C3A8B0C984483FA3C3598C716B8B23AC2C700028149BA397
[TLS] sign_hash (32): AC8BFEF6EB56E34C2E7CA1A3C134D9637D6537B7703E9FB1F86E3C3A485693ED
[TLS] Written transcript to proofs/MSG_TLS_8AB96BF1.out, proofs/SIG_TLS_8AB96BF1.out and proofs/PK_TLS_8AB96BF1.der
Signature verification succeeds
[TLS] Server time: 1619787002
[TLS] client_random  (32): ECB109C6BC0BD6C79D649F1E631365C5DCDF02EC883DE20A671DC50F8D5FAFBB
[TLS] sign_hash (32): EA42441E923714D3B86B1B47286B852FE446147754C7C1B60FAE990079AFBD96
[TLS] Written transcript to proofs/MSG_TLS_ECB109C6.out, proofs/SIG_TLS_ECB109C6.out and proofs/PK_TLS_ECB109C6.der
Signature verification succeeds
[TLS] Server time: 1619787003
[TLS] client_random  (32): E91FA86BFFF07DAA7388F468E50BA15F6EEC5C67368DE5EAB8F829D0CFD43781
[TLS] sign_hash (32): BB4E23F3F9D3A8118E21823A9A17E95FEE6958ADC2443AC797578E659A29CC03
[TLS] Written transcript to proofs/MSG_TLS_E91FA86B.out, proofs/SIG_TLS_E91FA86B.out and proofs/PK_TLS_E91FA86B.der
Signature verification succeeds
[TLS] Server time: 1619787003
[TLS] client_random  (32): A790FA1580AD01CA76994FB8BB183F4DED22557F9AFE3AC548DED02AAAA5DBD1
[TLS] sign_hash (32): 42876F59FB2672B95DC2045B2532B086FD668EC33F38E32A2FE18A14ACB197B0
[TLS] Written transcript to proofs/MSG_TLS_A790FA15.out, proofs/SIG_TLS_A790FA15.out and proofs/PK_TLS_A790FA15.der
Signature verification succeeds
[TLS] Server time: 1619787003
[TLS] client_random  (32): FDB7ADA1E83A2A0429D23E1238AFD9F0659C1F2FA2932860FA79E33F062C4088
[TLS] sign_hash (32): EBC3F10DF681FBF4A81EDD15D68C45404B43C4B9E71296AD597AB6027C18ADE5
[TLS] Written transcript to proofs/MSG_TLS_FDB7ADA1.out, proofs/SIG_TLS_FDB7ADA1.out and proofs/PK_TLS_FDB7ADA1.der
Signature verification succeeds
[TLS] Server time: 1619787003
[TLS] client_random  (32): 2D3625203195C800A982A38ABF5165C6ACE7716DE045A8C8A4E6288691D83A15
[TLS] sign_hash (32): 39894F72F922934D2FE21E85CAD070E4374CBB2395D91F295B2CD795C95E1459
[TLS] Written transcript to proofs/MSG_TLS_2D362520.out, proofs/SIG_TLS_2D362520.out and proofs/PK_TLS_2D362520.der
Signature verification succeeds
[TLS] Server time: 1619787003
[TLS] client_random  (32): 2DDEF72ACD4591E8D12FF823A33C41633F901BC1B0692354E0481BEB01A1F239
[TLS] sign_hash (32): 41DBE3B68BB65149441FF76FD987CE87C6B1EED040E46432B573958208B3F477
[TLS] Written transcript to proofs/MSG_TLS_2DDEF72A.out, proofs/SIG_TLS_2DDEF72A.out and proofs/PK_TLS_2DDEF72A.der
Signature verification succeeds
[TLS] Server time: 1619787003
[TLS] client_random  (32): FBDC7B6EEE782E004B0788466E9DE4BC380A3CB57C96E426A983EE0E839321E0
[TLS] sign_hash (32): 7781F2529515B73E815331261487C55D84F141E2A1EF35B07629B338C82203AF
[TLS] Written transcript to proofs/MSG_TLS_FBDC7B6E.out, proofs/SIG_TLS_FBDC7B6E.out and proofs/PK_TLS_FBDC7B6E.der
Signature verification succeeds
[TLS] Server time: 1619787003
[TLS] client_random  (32): FD87FDAE95E6BBAC6E38C949CEA8D41E9FBB66E546FA110C48F45387A81DD470
[TLS] sign_hash (32): 733F7B6DC6A80803B1ADEA0159D5FE6D1BF09D9C6FAC342DBEED35F500218772
[TLS] Written transcript to proofs/MSG_TLS_FD87FDAE.out, proofs/SIG_TLS_FD87FDAE.out and proofs/PK_TLS_FD87FDAE.der
Signature verification succeeds
[TLS] Server time: 1619787003
[TLS] client_random  (32): AA15BA7B0807E814143F08E5DA881DD7EAF5D0D4E019032F5F9DFA14AB8A7C75
[TLS] sign_hash (32): AD68806E720E9239AF006BC431222676A06E1A5FC3A716363271FF5D65DF622B
[TLS] Written transcript to proofs/MSG_TLS_AA15BA7B.out, proofs/SIG_TLS_AA15BA7B.out and proofs/PK_TLS_AA15BA7B.der
Signature verification succeeds
[TLS] Server time: 1619787003
[TLS] client_random  (32): 760B787FF07EC727DA75CB79E63FE7DADE2D64F747DF425B5FA4F7FAA246EDAD
[TLS] sign_hash (32): 6ED2AD8B59490E3DF09263A0686E93410F240F82B71D2C999FA16206A74DFA49
[TLS] Written transcript to proofs/MSG_TLS_760B787F.out, proofs/SIG_TLS_760B787F.out and proofs/PK_TLS_760B787F.der
Signature verification succeeds
[TLS] Server time: 1619787003
[TLS] client_random  (32): BA15B47E9ED0D85DF6CA2A45E92656009F72EEB938DB250E016000E24775D9D9
[TLS] sign_hash (32): 943E476F5F93B84DE75768F06956BB797B534096CD6B5343C6D8DAD9B4BF5351
[TLS] Written transcript to proofs/MSG_TLS_BA15B47E.out, proofs/SIG_TLS_BA15B47E.out and proofs/PK_TLS_BA15B47E.der
Signature verification succeeds
[TLS] Server time: 1619787003
[TLS] client_random  (32): 605AF2E91DFACA707D91CEC1F5ADECF0B4F62CAD72F123EFFBB9432D8C15D307
[TLS] sign_hash (32): AF3B5C61EE3689163CC9C69DF8258EA35864FDBF08C810D05DEDEFE48EA7F535
[TLS] Written transcript to proofs/MSG_TLS_605AF2E9.out, proofs/SIG_TLS_605AF2E9.out and proofs/PK_TLS_605AF2E9.der
Signature verification succeeds
[TLS] Server time: 1619787003
[TLS] client_random  (32): 289D4CA69C7BB77CB852611796BF9329FD9B9B1AA9F65A5DA5846C6EEDC1623F
[TLS] sign_hash (32): D22D2DE8F18850631B11D62CA330825F461D925D39A99637F7766CB6A0E1CFAE
[TLS] Written transcript to proofs/MSG_TLS_289D4CA6.out, proofs/SIG_TLS_289D4CA6.out and proofs/PK_TLS_289D4CA6.der
Signature verification succeeds
[TLS] Server time: 1619787003
[TLS] client_random  (32): FDEE930C1D57DBC8D4A3975B86CB08215038F71D41187B16188D4D3479ABEC99
[TLS] sign_hash (32): D2D80D073A6FCEE9E438D10675773D4A518AB36B6118420C828F352EE30C8236
[TLS] Written transcript to proofs/MSG_TLS_FDEE930C.out, proofs/SIG_TLS_FDEE930C.out and proofs/PK_TLS_FDEE930C.der
Signature verification succeeds
[TLS] Server time: 1619787003
[TLS] client_random  (32): ABE2A1958066E2630234AF507A5FABC8D405256B466564082EEF563ABCD34061
[TLS] sign_hash (32): 62594EDB77EFC4CB5CC554FDCA3E794785A8093FDD1887B28E5D6AAA80B300DA
[TLS] Written transcript to proofs/MSG_TLS_ABE2A195.out, proofs/SIG_TLS_ABE2A195.out and proofs/PK_TLS_ABE2A195.der
Signature verification succeeds
[TLS] Server time: 1619787003
[TLS] client_random  (32): E271F422C2E54AAF14EFF0ED1613EA1062E2ECACD3AE3712DD823A2DDB69F480
[TLS] sign_hash (32): 8BC6771C8A22EB726CD503CF1C383E8BADD1B4C3FF7671B6B159D70E8AABCE9E
[TLS] Written transcript to proofs/MSG_TLS_E271F422.out, proofs/SIG_TLS_E271F422.out and proofs/PK_TLS_E271F422.der
Signature verification succeeds
[TLS] Server time: 1619787003
[TLS] client_random  (32): 91D03A4A2BB6123F1273C6508CA5D57CA86E3FC3EA993129A8AFAE12D6D8CA58
[TLS] sign_hash (32): 7202253932E4F36B6730C588EF088F0A88BAB0DBA6AC05AEA46D9BC80DAFA316
[TLS] Written transcript to proofs/MSG_TLS_91D03A4A.out, proofs/SIG_TLS_91D03A4A.out and proofs/PK_TLS_91D03A4A.der
Signature verification succeeds
[TLS] Server time: 1619787003
[TLS] client_random  (32): 1CCC2294B55609F51E586675DA496EE646DDC470D89752C2CA3E469636D7C1F8
[TLS] sign_hash (32): 2893BE51C14E35FE2B3686DC1B279B2FAB1689D8FA8C72955495488703C40AEB
[TLS] Written transcript to proofs/MSG_TLS_1CCC2294.out, proofs/SIG_TLS_1CCC2294.out and proofs/PK_TLS_1CCC2294.der
Signature verification succeeds
[TLS] Server time: 1619787003
[TLS] client_random  (32): 52A412C7A23B6CBFC92A7A63F48836F10ED033BBF6885AA6380DEB95C42543EA
[TLS] sign_hash (32): A459AA48AA9FBCCA48C3BDA07519F7E93EC0F239C557C0EDF5985C9F6CF929E4
[TLS] Written transcript to proofs/MSG_TLS_52A412C7.out, proofs/SIG_TLS_52A412C7.out and proofs/PK_TLS_52A412C7.der
Signature verification succeeds
[TLS] Server time: 1619787003
[TLS] client_random  (32): 2D849395AE0F6773E01A6B70B114C63D188F23D947FC51D08CE0B5EA331BB520
[TLS] sign_hash (32): F70B113529B57BB31EDF32AB20CD1650012CF2B77D5482F4B70295DEE0E63B84
[TLS] Written transcript to proofs/MSG_TLS_2D849395.out, proofs/SIG_TLS_2D849395.out and proofs/PK_TLS_2D849395.der
Signature verification succeeds
[TLS] Server time: 1619787003
[TLS] client_random  (32): 2741B13FEB97C5590B6C08C714F09F73AC695C8286E2DEE2AF4539B209B15D08
[TLS] sign_hash (32): 5DA3AD2A36D34E4ACBCD988004441A495041DFF6F167C02684D93BF80E88C25C
[TLS] Written transcript to proofs/MSG_TLS_2741B13F.out, proofs/SIG_TLS_2741B13F.out and proofs/PK_TLS_2741B13F.der
Signature verification succeeds
[TLS] Server time: 1619787003
[TLS] client_random  (32): 31B2CA6F6CF9BB7EFBB29274EC4FFAF79F101BCACB50DD6C58B38789F5E00301
[TLS] sign_hash (32): C402009D01B5D088126053C39C7DBFAFC7E04F0995A9757937153C0EA99A9124
[TLS] Written transcript to proofs/MSG_TLS_31B2CA6F.out, proofs/SIG_TLS_31B2CA6F.out and proofs/PK_TLS_31B2CA6F.der
Signature verification succeeds
[TLS] Server time: 1619787003
[TLS] client_random  (32): 7085EA1F9556746C6B41CFF421879E149A3D1EC3E15777E32452F57F04C37286
[TLS] sign_hash (32): 95848B23E26032CB2DAADC0E4D4D60BDD0D921148C16AF3F43C4028EDCD149DD
[TLS] Written transcript to proofs/MSG_TLS_7085EA1F.out, proofs/SIG_TLS_7085EA1F.out and proofs/PK_TLS_7085EA1F.der
Signature verification succeeds
[TLS] Server time: 1619787003
[TLS] client_random  (32): 52066FB2ECE6356B96C41810F83B13F679C86C3580D2910EBE0EE7181A45442C
[TLS] sign_hash (32): 70035F8631151FBE88A90701C17AB8C1DAD938DC4386743EAF16424FEF9DD025
[TLS] Written transcript to proofs/MSG_TLS_52066FB2.out, proofs/SIG_TLS_52066FB2.out and proofs/PK_TLS_52066FB2.der
Signature verification succeeds
[TLS] Server time: 1619787003
[TLS] client_random  (32): 5AF0409F7EF3A889D86FEBDA5FC2801C53C0B66C3D5FFB3380807D9FDEFB1167
[TLS] sign_hash (32): BEBA3D3EA1BE7BBCFA8F1BF5B3AF81A4729E42503E5CF952DC6FD4CECF8BAAAF
[TLS] Written transcript to proofs/MSG_TLS_5AF0409F.out, proofs/SIG_TLS_5AF0409F.out and proofs/PK_TLS_5AF0409F.der
Signature verification succeeds
[TLS] Server time: 1619787003
[TLS] client_random  (32): E1649B12C5D9628CAA0C5106C2FE940947E5BA0FCF90FAE718C45EBD48752A0D
[TLS] sign_hash (32): 1425E6CCED3C8FFB98C4166EB89AA82FE43E5D8C7494DC3E04011D07A0FBBCDC
[TLS] Written transcript to proofs/MSG_TLS_E1649B12.out, proofs/SIG_TLS_E1649B12.out and proofs/PK_TLS_E1649B12.der
Signature verification succeeds
[TLS] Server time: 1619787003
[TLS] client_random  (32): C6B1F977F1A1EE9582989E256F06898B63F0225CC83FF1049EF6DC140A989976
[TLS] sign_hash (32): AD6209225DEFC0156AA9D15A476D7CED2C7F8BF4F7CD23108A0816B9545C57A8
[TLS] Written transcript to proofs/MSG_TLS_C6B1F977.out, proofs/SIG_TLS_C6B1F977.out and proofs/PK_TLS_C6B1F977.der
Signature verification succeeds
[TLS] Server time: 1619787003
[TLS] client_random  (32): 1A84397723183406B1164A1AE6EC4ADB0BF5CDD458F5AC88A40C23D9BA6A444E
[TLS] sign_hash (32): 2D65734E4DF5EC14062B5DCFE94B606B2D6D6F71494DA32183950DCB02ADE3E6
[TLS] Written transcript to proofs/MSG_TLS_1A843977.out, proofs/SIG_TLS_1A843977.out and proofs/PK_TLS_1A843977.der
Signature verification succeeds
[TLS] Server time: 1619787003
[TLS] client_random  (32): 4B870959E71B0E2A0C05DFF282572BFC672155B6E5DC5DBE5B6A3E2F199D93EE
[TLS] sign_hash (32): 39FB8ED0EBDEBF8358ABDBBDDB13D0736FDD114558D409C0A78F5C5AEEFACF91
[TLS] Written transcript to proofs/MSG_TLS_4B870959.out, proofs/SIG_TLS_4B870959.out and proofs/PK_TLS_4B870959.der
Signature verification succeeds
[TLS] Server time: 1619787003
[TLS] client_random  (32): 9196DEB03557BDF70ADAA8DEB4DAC6D74C2CCDE29D6A5CC6B80ADBBB55D18EAC
[TLS] sign_hash (32): 26D50D0DD2A08458E4D6E42712C4AC1C591470694E3741630AB7AAEAEB18216A
[TLS] Written transcript to proofs/MSG_TLS_9196DEB0.out, proofs/SIG_TLS_9196DEB0.out and proofs/PK_TLS_9196DEB0.der
Signature verification succeeds
[TLS] Server time: 1619787003
[TLS] client_random  (32): 0B18CECFDFF0196F6BEA0D2CB15E5A90FF80EA4AEC8B3377A54D391323383AAD
[TLS] sign_hash (32): 4DAB145D03CA23CC65C14FC34611321E498A4A065D26838165564F43BFD3F87A
[TLS] Written transcript to proofs/MSG_TLS_0B18CECF.out, proofs/SIG_TLS_0B18CECF.out and proofs/PK_TLS_0B18CECF.der
Signature verification succeeds
[TLS] Server time: 1619787003
[TLS] client_random  (32): E5B4FF34588AA28C5890079D2B2E3D4B3E323DAB6E5A0179D325178F78E35E82
[TLS] sign_hash (32): A150538C23A1E6B36CD15838E22A22C0347CD52D0AF850D739B93EA33057E063
[TLS] Written transcript to proofs/MSG_TLS_E5B4FF34.out, proofs/SIG_TLS_E5B4FF34.out and proofs/PK_TLS_E5B4FF34.der
Signature verification succeeds
[TLS] Server time: 1619787003
[TLS] client_random  (32): 4E68AB4157698265538C0FC599ECAA4E9C937A5AC7775D7360650A5844997024
[TLS] sign_hash (32): 401A1489F731BD12E4742BB71313684EA652BDAE1819F5F36808DD5C089D5DB3
[TLS] Written transcript to proofs/MSG_TLS_4E68AB41.out, proofs/SIG_TLS_4E68AB41.out and proofs/PK_TLS_4E68AB41.der
Signature verification succeeds
[TLS] Server time: 1619787003
[TLS] client_random  (32): E8D5D1909C82B3A28DDBB07EDE11625FBAF4341B2914EF6D4B0A4BD35D006611
[TLS] sign_hash (32): CA75C5AA8CF876C612915205A0880C9A3AB342822C47195687B987575772B9B5
[TLS] Written transcript to proofs/MSG_TLS_E8D5D190.out, proofs/SIG_TLS_E8D5D190.out and proofs/PK_TLS_E8D5D190.der
Signature verification succeeds
[TLS] Server time: 1619787003
[TLS] client_random  (32): 04774858E0AED7217E058B39CBA3ACFE674EBA39237118777E5528C969738B01
[TLS] sign_hash (32): B94BAB37ED01F0951D11AF2FA474EB07784258AA5B8DC6C31BB15E5D69905469
[TLS] Written transcript to proofs/MSG_TLS_04774858.out, proofs/SIG_TLS_04774858.out and proofs/PK_TLS_04774858.der
Signature verification succeeds
[TLS] Server time: 1619787003
[TLS] client_random  (32): 0792F6FEB39EC74D945D4E1173D73E31DDD8E98F37FF47A5CF7D582A6B18F122
[TLS] sign_hash (32): DB15EFB49BB748E83B3E1DD7FFB388FF4DCEE5D653B80BFD83701FE7204F9C41
[TLS] Written transcript to proofs/MSG_TLS_0792F6FE.out, proofs/SIG_TLS_0792F6FE.out and proofs/PK_TLS_0792F6FE.der
Signature verification succeeds
[TLS] Server time: 1619787003
[TLS] client_random  (32): E5480DD4A25CDE9F1DF450C73D79C6347DB33816FF04BC5DB284D876CF640102
[TLS] sign_hash (32): 96DEA7977752B520C832AA841F32B1B9DC383B748AFEE25AEA5C0704A4F15B41
[TLS] Written transcript to proofs/MSG_TLS_E5480DD4.out, proofs/SIG_TLS_E5480DD4.out and proofs/PK_TLS_E5480DD4.der
Signature verification succeeds
[TLS] Server time: 1619787003
[TLS] client_random  (32): 5E5FE4F5830DFD92B4D797A961AFEED3DEECF6520FD3771C5DEAB701302A4654
[TLS] sign_hash (32): DE41D818E536BC99D3B01D3E9C5736E9B9BAF3A965BF99AF8886F6E1AF2ED32C
[TLS] Written transcript to proofs/MSG_TLS_5E5FE4F5.out, proofs/SIG_TLS_5E5FE4F5.out and proofs/PK_TLS_5E5FE4F5.der
Signature verification succeeds
[TLS] Server time: 1619787003
[TLS] client_random  (32): B3DEBEDCF2671D542E4DF9012EBD8BB245594A4BE1D44081D84E0CBA9736F040
[TLS] sign_hash (32): 25C2296D1D3FB8F19C91C9C3B71CE94D872609C21491FD2F34D051146BDE2075
[TLS] Written transcript to proofs/MSG_TLS_B3DEBEDC.out, proofs/SIG_TLS_B3DEBEDC.out and proofs/PK_TLS_B3DEBEDC.der
Signature verification succeeds
[TLS] Server time: 1619787003
[TLS] client_random  (32): 5CF3FFD577BA10EB650CF3EEF69B28BE48FA61094266EBE91C9DDD7EAF74B2AD
[TLS] sign_hash (32): 8FC15DDD988477ACF4B5BFE9A892CDCB4A0178F7D590D0A3FB456B9297353958
[TLS] Written transcript to proofs/MSG_TLS_5CF3FFD5.out, proofs/SIG_TLS_5CF3FFD5.out and proofs/PK_TLS_5CF3FFD5.der
Signature verification succeeds
[TLS] Server time: 1619787003
[TLS] client_random  (32): 548131BC0C56D4282649C422FC453B6C903E23F551C57F91BFF069939DD4CE5B
[TLS] sign_hash (32): 6BD3D4B0E3B7756B683B37F952BED1C7E44FA92BC9A0E0F99B8C27861F8F587B
[TLS] Written transcript to proofs/MSG_TLS_548131BC.out, proofs/SIG_TLS_548131BC.out and proofs/PK_TLS_548131BC.der
Signature verification succeeds
[TLS] Server time: 1619787003
[TLS] client_random  (32): 29BFF79770BE0A9BB9F7D64B009B89E9934DE4FFB40FB21D7555DF722C2EA3AE
[TLS] sign_hash (32): C0F9B18970EE5F2AAF207821739388EA5960B2326171CFD5B9EED0D3D416102D
[TLS] Written transcript to proofs/MSG_TLS_29BFF797.out, proofs/SIG_TLS_29BFF797.out and proofs/PK_TLS_29BFF797.der
Signature verification succeeds
[TLS] Server time: 1619787003
[TLS] client_random  (32): 9840B4FAE53C73D203B4823E6C3ACB96FAB38DC1E70A799186FEB6C939E863C7
[TLS] sign_hash (32): C2CF4E04B2D5FFB5DB2B166BD97E4199DD00121F81027FF2BC7EB7B0BBD676DD
[TLS] Written transcript to proofs/MSG_TLS_9840B4FA.out, proofs/SIG_TLS_9840B4FA.out and proofs/PK_TLS_9840B4FA.der
Signature verification succeeds
[TLS] Server time: 1619787003
[TLS] client_random  (32): F30ACD32B234ED4D3779344BF13B25F46F5AD83141E4245831E37C440EDB6DBC
[TLS] sign_hash (32): 9D245179178C6B09FA5AF45EAD2E81B8315DDB18DA7D7CD88E4B6E6FFFF02E2C
[TLS] Written transcript to proofs/MSG_TLS_F30ACD32.out, proofs/SIG_TLS_F30ACD32.out and proofs/PK_TLS_F30ACD32.der
Signature verification succeeds
[TLS] Server time: 1619787003
[TLS] client_random  (32): 54F5B471D2F2EED3C81C7F565E1E74905ED2E7D70C230623E23DF1C0C2E4F131
[TLS] sign_hash (32): 1D8F834761D199B5FBC3BBBBE70AA4D68241858934A607E7E0670BB498058E2E
[TLS] Written transcript to proofs/MSG_TLS_54F5B471.out, proofs/SIG_TLS_54F5B471.out and proofs/PK_TLS_54F5B471.der
Signature verification succeeds
[TLS] Server time: 1619787003
[TLS] client_random  (32): BAA3F96B288E35F95CE394A526CEB7FDBE0AD657528271C0F78990960BC51156
[TLS] sign_hash (32): 03C9ECB1B4ED8FCC07BFAA6C3644E57F2065D03E58C0D8C6BDF6746C6D3DC0BF
[TLS] Written transcript to proofs/MSG_TLS_BAA3F96B.out, proofs/SIG_TLS_BAA3F96B.out and proofs/PK_TLS_BAA3F96B.der
Signature verification succeeds
[TLS] Server time: 1619787003
[TLS] client_random  (32): A45BF39B61AE0205989C8FB67E6E75F5451FF99D18780DD55175CBD86F38E8BB
[TLS] sign_hash (32): 6F3ED23079BC45AC20BB3F26B7AD8EFE1C0DF1A95104FD66D3EFCDB5F8E0197A
[TLS] Written transcript to proofs/MSG_TLS_A45BF39B.out, proofs/SIG_TLS_A45BF39B.out and proofs/PK_TLS_A45BF39B.der
Signature verification succeeds
[TLS] Server time: 1619787004
[TLS] client_random  (32): AF82EDE8D236E0FE16AA090D925F367C84B230983479E710E9E6E816A36D26A0
[TLS] sign_hash (32): F4B5E1DB05317431B4F2A0FDE6EB50FAFFB768A7F44BC3A05F3B3BE5667532FD
[TLS] Written transcript to proofs/MSG_TLS_AF82EDE8.out, proofs/SIG_TLS_AF82EDE8.out and proofs/PK_TLS_AF82EDE8.der
Signature verification succeeds
[TLS] Server time: 1619787004
[TLS] client_random  (32): 5E932E80AB15FC01DFB271C2506D10EBF2E570817F1280B720C289249FFB11C8
[TLS] sign_hash (32): D3D48AA91233251E835A765C74B87083C1352D7BC0598D3E428AB5304C2E917E
[TLS] Written transcript to proofs/MSG_TLS_5E932E80.out, proofs/SIG_TLS_5E932E80.out and proofs/PK_TLS_5E932E80.der
Signature verification succeeds
[TLS] Server time: 1619787004
[TLS] client_random  (32): 94BA83B627B631E94351AF2155529F710F012FA9B66F237F750DFDFCE1E6C085
[TLS] sign_hash (32): 5818739DCB092FDBBDC5AEDF4162489A42DFD7DDA862DB36B6A010F1C9EB33FF
[TLS] Written transcript to proofs/MSG_TLS_94BA83B6.out, proofs/SIG_TLS_94BA83B6.out and proofs/PK_TLS_94BA83B6.der
Signature verification succeeds
[TLS] Server time: 1619787004
[TLS] client_random  (32): 5C1FB70EAE3DFA9759342E5B0FAE90D1778231B7BAD2EF571E5EA1918B66900A
[TLS] sign_hash (32): 10D856BEAF45B8D09654CC06535E030DE1A77191727CAD668D007B08A07F2F3E
[TLS] Written transcript to proofs/MSG_TLS_5C1FB70E.out, proofs/SIG_TLS_5C1FB70E.out and proofs/PK_TLS_5C1FB70E.der
Signature verification succeeds
[TLS] Server time: 1619787004
[TLS] client_random  (32): BB6B84BCCA97F3AF16C29FF629A58F1E89C1AF04CC9F0B83C4F67D53B61935A5
[TLS] sign_hash (32): 550636F68D62332664EB043A0111B10FF00FDD840C5101DDB691665A5723A42F
[TLS] Written transcript to proofs/MSG_TLS_BB6B84BC.out, proofs/SIG_TLS_BB6B84BC.out and proofs/PK_TLS_BB6B84BC.der
Signature verification succeeds
Time breakdown (averages): anchor_ping:21.047122 file_read:0.144297 hashing:0.470329
Total time for 65 rounds is 1429.065505ms
Standard deviations: anchor_ping:0.798835 file_read:0.018970 hashing:0.004399
[Client-side ops] mean:0.614626 sd:0.019171
in & out anchor rand written to proofs/phase1.out
     15 [TLS] Server time: 1619787002
     46 [TLS] Server time: 1619787003
      5 [TLS] Server time: 1619787004
Count is 15
Count is 46
Count is 5
success: 1
RESULT: 1 in 1 tries
