TLS anchor: www.ed.ac.uk
Actual: 31, Set: 65
Beginning execution at Sat May 1 07:20:01 UTC 2021
CONF: anchor:www.ed.ac.uk fs:1024MB n_rounds:65 seed:5c9f4bf9bbc15bb855f82faedc5a52fc3ab2dfa8ec3ba3ce1b270f31fa0cced2 filename:FILE bs:1024 nops:100 benchmarking:0 anchor_ping:1 queue_depth:32 direct:0
[TLS] Connecting to www.ed.ac.uk
[TLS] Server time: 1619853602
[TLS] client_random  (32): 5C9F4BF9BBC15BB855F82FAEDC5A52FC3AB2DFA8EC3BA3CE1B270F31FA0CCED2
[TLS] sign_hash (32): DEB295586A57140B96ACAEE30C031DA40F8AF3F2EBFD168BC9569A014CEF59FA
[TLS] Written transcript to proofs/MSG_TLS_5C9F4BF9.out, proofs/SIG_TLS_5C9F4BF9.out and proofs/PK_TLS_5C9F4BF9.der
Signature verification succeeds
[TLS] Server time: 1619853602
[TLS] client_random  (32): 0828646FBC7F4C61BD6A9FA06D4565111B7BAE94DC3A5E215A8454E8171B6DBE
[TLS] sign_hash (32): A53BEED6C3EB11EEBEBD1CD1921F5B4952460AFAC1E4C059B019B91C626C9C90
[TLS] Written transcript to proofs/MSG_TLS_0828646F.out, proofs/SIG_TLS_0828646F.out and proofs/PK_TLS_0828646F.der
Signature verification succeeds
[TLS] Server time: 1619853602
[TLS] client_random  (32): 6651AC1E91EC41261C5D2529C7A37EE2B6F15F1DD20313E934F5FBD87B7E23E0
[TLS] sign_hash (32): A36C7CADC8BAC1B758CCDCBA3B678E6D635368C05E1AA598E3CCDD29E0F60E6E
[TLS] Written transcript to proofs/MSG_TLS_6651AC1E.out, proofs/SIG_TLS_6651AC1E.out and proofs/PK_TLS_6651AC1E.der
Signature verification succeeds
[TLS] Server time: 1619853602
[TLS] client_random  (32): 9D331D6C47FBAA02B4D1A22CB75405D36CFE94258CA032D97A143181A99103C8
[TLS] sign_hash (32): 4EC3475DDDBE09EF4623DDFD23B013125E2A888C6F228BA551B376DFD41845EE
[TLS] Written transcript to proofs/MSG_TLS_9D331D6C.out, proofs/SIG_TLS_9D331D6C.out and proofs/PK_TLS_9D331D6C.der
Signature verification succeeds
[TLS] Server time: 1619853602
[TLS] client_random  (32): DE3F83FF416156F738B90AFD7162C58663C848DC07083AEDBFA73AAE6E9C6837
[TLS] sign_hash (32): 41345965CE5E5F75F911333B48AB5A4CA72EE69A344C2310D194884BB4485767
[TLS] Written transcript to proofs/MSG_TLS_DE3F83FF.out, proofs/SIG_TLS_DE3F83FF.out and proofs/PK_TLS_DE3F83FF.der
Signature verification succeeds
[TLS] Server time: 1619853602
[TLS] client_random  (32): F08BB49EE889089BBDF5975F1972EAA4C5F684148A2656406CEFEBC24DEA668B
[TLS] sign_hash (32): 6A7EC3FF14D035CDD64321FD7B5B84DB740175FF63F44A393D4D010312186991
[TLS] Written transcript to proofs/MSG_TLS_F08BB49E.out, proofs/SIG_TLS_F08BB49E.out and proofs/PK_TLS_F08BB49E.der
Signature verification succeeds
[TLS] Server time: 1619853602
[TLS] client_random  (32): 168D4A36B78EA529CDE16D0D3C479FDB910A5005760E1CCEA51A02E599B1C73D
[TLS] sign_hash (32): 778EFE1BAF02A4F1AF79CDF13FBFA7F502BA044C4504EBE8C086194B78566DDB
[TLS] Written transcript to proofs/MSG_TLS_168D4A36.out, proofs/SIG_TLS_168D4A36.out and proofs/PK_TLS_168D4A36.der
Signature verification succeeds
[TLS] Server time: 1619853602
[TLS] client_random  (32): 9F307FA4C8B0A2E57BD875BF3D9ABA7BBCA058AC7758A4BFE572F03B0D4A00B6
[TLS] sign_hash (32): 0BB3AB85607B05653AA0D30FCF5C80A6FFDC55487B0A9D4C052423271CC2EB0C
[TLS] Written transcript to proofs/MSG_TLS_9F307FA4.out, proofs/SIG_TLS_9F307FA4.out and proofs/PK_TLS_9F307FA4.der
Signature verification succeeds
[TLS] Server time: 1619853602
[TLS] client_random  (32): E470CF43346BE18E7E2774FE16F7F0D8E409579EAD61E95F32ACB16C82A24016
[TLS] sign_hash (32): 15438C7700E9ADFB66E1A67FA89D3D40665C0215459D42F7EBA738BA7066C149
[TLS] Written transcript to proofs/MSG_TLS_E470CF43.out, proofs/SIG_TLS_E470CF43.out and proofs/PK_TLS_E470CF43.der
Signature verification succeeds
[TLS] Server time: 1619853602
[TLS] client_random  (32): 81DBFA79410CA7C7338410C1AB9C5F469280C9489796F205552A4F24F16C342B
[TLS] sign_hash (32): 3999188E38C285D7C62A1BA9DDDD82859903D0129DD19117756DD8238E1A497C
[TLS] Written transcript to proofs/MSG_TLS_81DBFA79.out, proofs/SIG_TLS_81DBFA79.out and proofs/PK_TLS_81DBFA79.der
Signature verification succeeds
[TLS] Server time: 1619853602
[TLS] client_random  (32): F2CE505E768AA1624004195AE49126C508A5F02834A303F1A15350ACC81CE2CE
[TLS] sign_hash (32): BB0EA7DCBA4028EFDA170688891EB23600587EAD61433FB6EC6095761D8CD146
[TLS] Written transcript to proofs/MSG_TLS_F2CE505E.out, proofs/SIG_TLS_F2CE505E.out and proofs/PK_TLS_F2CE505E.der
Signature verification succeeds
[TLS] Server time: 1619853602
[TLS] client_random  (32): 199E27B6F72AB112EACC0A10793423C9DDEE3CAA9B7BFAC474C751F2BFAD1BFC
[TLS] sign_hash (32): 52AC1196B3B3AE4664766E64E4460CD9F7B62F89E331514651EB527FA0CC126A
[TLS] Written transcript to proofs/MSG_TLS_199E27B6.out, proofs/SIG_TLS_199E27B6.out and proofs/PK_TLS_199E27B6.der
Signature verification succeeds
[TLS] Server time: 1619853602
[TLS] client_random  (32): D7312D4E634FF6AFDE905A05644CB50DBBFD58B7E52CF58866AE7A5BF63BFC0D
[TLS] sign_hash (32): 8364D819CDEC954702EB84D05C4168EBAE192A211DF103CD273949CB03FFF734
[TLS] Written transcript to proofs/MSG_TLS_D7312D4E.out, proofs/SIG_TLS_D7312D4E.out and proofs/PK_TLS_D7312D4E.der
Signature verification succeeds
[TLS] Server time: 1619853602
[TLS] client_random  (32): C784BDF51E032510EA32EF6D6DEC506E675414E81C52DBD189E4AC2C5BA3D617
[TLS] sign_hash (32): D8CD77E6BECEFA608CCA850EB3B62B558365148DA8F93DA8200EF42B046815B6
[TLS] Written transcript to proofs/MSG_TLS_C784BDF5.out, proofs/SIG_TLS_C784BDF5.out and proofs/PK_TLS_C784BDF5.der
Signature verification succeeds
[TLS] Server time: 1619853602
[TLS] client_random  (32): 5158640459FD02583D0C7E5AC097F4B385CA9A2669B10AFF17BF5C72D23447C2
[TLS] sign_hash (32): 1F51F9FCB0AD478FB3FBCB3D475633A428B6B8E9A2AE6261AC1E6AB56AD3DD7C
[TLS] Written transcript to proofs/MSG_TLS_51586404.out, proofs/SIG_TLS_51586404.out and proofs/PK_TLS_51586404.der
Signature verification succeeds
[TLS] Server time: 1619853603
[TLS] client_random  (32): 9F2ED3465BE4A9EC6A3B5BC170F718BF03B4E6D297824F4817F7F128EA17E165
[TLS] sign_hash (32): 875A537C0B9BBF6EDE7E47BF890D6F782B9BBA896EE4A300A603F15C0B917DC8
[TLS] Written transcript to proofs/MSG_TLS_9F2ED346.out, proofs/SIG_TLS_9F2ED346.out and proofs/PK_TLS_9F2ED346.der
Signature verification succeeds
[TLS] Server time: 1619853603
[TLS] client_random  (32): D4392FFDFDA959B254AD166DDB02D44A242D5C9203B2B38A4B5ED705964DDEE0
[TLS] sign_hash (32): 45DCD05DF1F93933F1BADE316DB7A1554FA42C45BD86669024E4F06E34E94BDD
[TLS] Written transcript to proofs/MSG_TLS_D4392FFD.out, proofs/SIG_TLS_D4392FFD.out and proofs/PK_TLS_D4392FFD.der
Signature verification succeeds
[TLS] Server time: 1619853603
[TLS] client_random  (32): 2E420C81F30148F48CC18F026DD28F4EA728BE27940BDFFF5CF46767ED5D5828
[TLS] sign_hash (32): 7362F61CE5AF8981C8FE6443326504A27BB6D7792C68FC5A88240D150821E3CC
[TLS] Written transcript to proofs/MSG_TLS_2E420C81.out, proofs/SIG_TLS_2E420C81.out and proofs/PK_TLS_2E420C81.der
Signature verification succeeds
[TLS] Server time: 1619853603
[TLS] client_random  (32): 7BF3B25B2AB58B3957521BA102CC81E97D0A150EC8F8888588132978D7F951B4
[TLS] sign_hash (32): 511182631F8CA4295A292626FA22337A15BFFC6DA9AFF64E11120440ACE43F14
[TLS] Written transcript to proofs/MSG_TLS_7BF3B25B.out, proofs/SIG_TLS_7BF3B25B.out and proofs/PK_TLS_7BF3B25B.der
Signature verification succeeds
[TLS] Server time: 1619853603
[TLS] client_random  (32): 6504D8DF75954439C2F7198A7D9E6FF16500ABEDB5A656C8CFD5C1EEA859010E
[TLS] sign_hash (32): 45A3AAFC6172B9F239E288EAFA029378024FC8D8DFF6B637802033CA9750D110
[TLS] Written transcript to proofs/MSG_TLS_6504D8DF.out, proofs/SIG_TLS_6504D8DF.out and proofs/PK_TLS_6504D8DF.der
Signature verification succeeds
[TLS] Server time: 1619853603
[TLS] client_random  (32): C95C25341592D2F163C132FBEB12DF9F735C7E438BDA1408265E30B3FC7928D5
[TLS] sign_hash (32): 908BF15FE7472B045924F1D82524902A57DE5F88338394D41F2BA9F7B3D8DD7C
[TLS] Written transcript to proofs/MSG_TLS_C95C2534.out, proofs/SIG_TLS_C95C2534.out and proofs/PK_TLS_C95C2534.der
Signature verification succeeds
[TLS] Server time: 1619853603
[TLS] client_random  (32): DFAC65A0616C7D63B82F2F431D4DEE7CAC95473CCF58736F6E093442CE523BAF
[TLS] sign_hash (32): 01F48303331C4E4E46E9BD83F77E612D5A3CF882F92FD5A853A9C35AC8E17F8D
[TLS] Written transcript to proofs/MSG_TLS_DFAC65A0.out, proofs/SIG_TLS_DFAC65A0.out and proofs/PK_TLS_DFAC65A0.der
Signature verification succeeds
[TLS] Server time: 1619853603
[TLS] client_random  (32): 411F797354780EB972D4EBC1A3D2A20D6F6CAC9688F04B18F0E94BACD8F38AE3
[TLS] sign_hash (32): 69A5B3B2CB1B134DF424137A07568FF3395AA05F6CAB46B98D2F0EDADA84E0A4
[TLS] Written transcript to proofs/MSG_TLS_411F7973.out, proofs/SIG_TLS_411F7973.out and proofs/PK_TLS_411F7973.der
Signature verification succeeds
[TLS] Server time: 1619853603
[TLS] client_random  (32): ACFAD4BB83A485C7E2E5C347333205F6B3DADF59B5B4B137A86D4885B028B949
[TLS] sign_hash (32): 607491ADFF39269B257C990A83E420AC941B2F5B57D49E4976D5A759118E7C12
[TLS] Written transcript to proofs/MSG_TLS_ACFAD4BB.out, proofs/SIG_TLS_ACFAD4BB.out and proofs/PK_TLS_ACFAD4BB.der
Signature verification succeeds
[TLS] Server time: 1619853603
[TLS] client_random  (32): 78E4632D97C1BD8805F37D087EF56AFD85245080CCFCC4AF6B414F305526E07B
[TLS] sign_hash (32): 6845301AD22EDE09AC4AD8639E9CA2E8AEE823D25C2DA06C9BDE37F5AE460E4D
[TLS] Written transcript to proofs/MSG_TLS_78E4632D.out, proofs/SIG_TLS_78E4632D.out and proofs/PK_TLS_78E4632D.der
Signature verification succeeds
[TLS] Server time: 1619853603
[TLS] client_random  (32): EA0D2DAF8D546EB3551FAE25A8733FC300BFB303E080C71517DB2F4998C33654
[TLS] sign_hash (32): 566AD17C3A11496430BA62FE37B696C672F75C4101AB0553E44210DE468DB9DB
[TLS] Written transcript to proofs/MSG_TLS_EA0D2DAF.out, proofs/SIG_TLS_EA0D2DAF.out and proofs/PK_TLS_EA0D2DAF.der
Signature verification succeeds
[TLS] Server time: 1619853603
[TLS] client_random  (32): 63912A6162F516DAA99A442EE1E3A5C0DB0BD7987078E0513D06C76CAE486397
[TLS] sign_hash (32): 6ECCBE5E738B686CCD69A413CDCAACEBCF07F78C7F110561A4FB6EFA61F57A35
[TLS] Written transcript to proofs/MSG_TLS_63912A61.out, proofs/SIG_TLS_63912A61.out and proofs/PK_TLS_63912A61.der
Signature verification succeeds
[TLS] Server time: 1619853603
[TLS] client_random  (32): 5ACB44C271CD0DC8657D69CE1405927272911EA5AD6A2010764DBA820D6D8DDB
[TLS] sign_hash (32): E622B7BF7CCA755E8638FBB31352BB061D1B3A7BD55507A3E87445EEF83840B4
[TLS] Written transcript to proofs/MSG_TLS_5ACB44C2.out, proofs/SIG_TLS_5ACB44C2.out and proofs/PK_TLS_5ACB44C2.der
Signature verification succeeds
[TLS] Server time: 1619853603
[TLS] client_random  (32): 89713CFD5A7546F1DA5E1910F334F497A9182E192A4E399242F93C5A1B26BC01
[TLS] sign_hash (32): 147FC47AA23EEE43354E937FE0CBA8335CB447708E632A422161E4E80C2C3880
[TLS] Written transcript to proofs/MSG_TLS_89713CFD.out, proofs/SIG_TLS_89713CFD.out and proofs/PK_TLS_89713CFD.der
Signature verification succeeds
[TLS] Server time: 1619853603
[TLS] client_random  (32): 6C7F975295868E5C04EA70CD7F6AFC91095F40490D13293B965E76AC242283DD
[TLS] sign_hash (32): B0C1C953B9D2C110907DA4CF8FD1A88454E4932C6D433B80B0EFB5B589D98AA2
[TLS] Written transcript to proofs/MSG_TLS_6C7F9752.out, proofs/SIG_TLS_6C7F9752.out and proofs/PK_TLS_6C7F9752.der
Signature verification succeeds
[TLS] Server time: 1619853603
[TLS] client_random  (32): 6FEFE26F603D4E264348280986E8365A4AF1B538EB6872107C6C863FFFF45837
[TLS] sign_hash (32): AF70794F3215E04815316124B578ADC5C590D3FB2BABA403984133D4E5AEED81
[TLS] Written transcript to proofs/MSG_TLS_6FEFE26F.out, proofs/SIG_TLS_6FEFE26F.out and proofs/PK_TLS_6FEFE26F.der
Signature verification succeeds
[TLS] Server time: 1619853603
[TLS] client_random  (32): 9E79C223BDD04326741B3A69E2AEFCDACB0FAF914F895E4B5F921F8F283FE024
[TLS] sign_hash (32): 6BCAC2D8BC1B02DF21DA9B6C7CF9E38EC28F23A5297881E4BEA3DE14DCE6A8EB
[TLS] Written transcript to proofs/MSG_TLS_9E79C223.out, proofs/SIG_TLS_9E79C223.out and proofs/PK_TLS_9E79C223.der
Signature verification succeeds
[TLS] Server time: 1619853603
[TLS] client_random  (32): 44EDFC2B88218E1048DD34FB171F37EBB8DAE203FF04A89ED7D7CAF0D5B18011
[TLS] sign_hash (32): 9F734502DB3BAC43AE9E639711BDE6DD01A73A917C355471DABCBDDDD28E6525
[TLS] Written transcript to proofs/MSG_TLS_44EDFC2B.out, proofs/SIG_TLS_44EDFC2B.out and proofs/PK_TLS_44EDFC2B.der
Signature verification succeeds
[TLS] Server time: 1619853603
[TLS] client_random  (32): 17796760BCD0C1FA0B33A43975245FCD5A9AEEC261372946E3213052B66C3D6F
[TLS] sign_hash (32): 2F1DDA36168390D35C909422A6310C689C2A17EB098BE69CDE956510EC05648E
[TLS] Written transcript to proofs/MSG_TLS_17796760.out, proofs/SIG_TLS_17796760.out and proofs/PK_TLS_17796760.der
Signature verification succeeds
[TLS] Server time: 1619853603
[TLS] client_random  (32): 2249BC959FD05A047963FF8ED4A588B99CD3D748D6CE5C8A96BA0BF9B96569E6
[TLS] sign_hash (32): AF10A68B1C47A9A3DE9423EEB59E6B5EBA0181E6E83DC4F072114E4B10BAAD79
[TLS] Written transcript to proofs/MSG_TLS_2249BC95.out, proofs/SIG_TLS_2249BC95.out and proofs/PK_TLS_2249BC95.der
Signature verification succeeds
[TLS] Server time: 1619853603
[TLS] client_random  (32): 66AC4DD41F7ED5BC059215F01843F18C552B0EA4D4CB046DC25BD2013B7F15F4
[TLS] sign_hash (32): 4931FD1DC86B612B4580DADAD892D11CCBE84A4A67EC404FCB6453AAA6FF9F21
[TLS] Written transcript to proofs/MSG_TLS_66AC4DD4.out, proofs/SIG_TLS_66AC4DD4.out and proofs/PK_TLS_66AC4DD4.der
Signature verification succeeds
[TLS] Server time: 1619853603
[TLS] client_random  (32): EC1A695FFAAFB07A28B1C837622CDE043451909CBD830907D5C5DCCB03CD1758
[TLS] sign_hash (32): 13F38EA197F8FE948948F05A3E798B89F83E87FA4330E5FF2C6CB044F58F74B5
[TLS] Written transcript to proofs/MSG_TLS_EC1A695F.out, proofs/SIG_TLS_EC1A695F.out and proofs/PK_TLS_EC1A695F.der
Signature verification succeeds
[TLS] Server time: 1619853603
[TLS] client_random  (32): 7B203F658B9899AAC93400866ACB4414EF2FD4EC9E6C4ECEA20D1A23A73B82F8
[TLS] sign_hash (32): 2D9963A329A7305F43E0FDEFD5F40ACD99B2DC3FD77C5757A36B81B1673A7332
[TLS] Written transcript to proofs/MSG_TLS_7B203F65.out, proofs/SIG_TLS_7B203F65.out and proofs/PK_TLS_7B203F65.der
Signature verification succeeds
[TLS] Server time: 1619853603
[TLS] client_random  (32): 7852FEE58CD71EF3DB52465DAC8869B372C3C58F11F1D9C285A8DB5C96B2EF22
[TLS] sign_hash (32): 5B8771530C280DF9E1F1041C3245C2F0F98D7A49EF6093FE91036B21CBA02308
[TLS] Written transcript to proofs/MSG_TLS_7852FEE5.out, proofs/SIG_TLS_7852FEE5.out and proofs/PK_TLS_7852FEE5.der
Signature verification succeeds
[TLS] Server time: 1619853603
[TLS] client_random  (32): A3AEAE494E2B8BF956AB5F9D5D1E4D86FAE9C1E7218D08239E6AB021B0D55700
[TLS] sign_hash (32): 477B305F8EF09DA24AE0F6D104C706B6DB8D9168A81AEF85C50DF3EE185C6432
[TLS] Written transcript to proofs/MSG_TLS_A3AEAE49.out, proofs/SIG_TLS_A3AEAE49.out and proofs/PK_TLS_A3AEAE49.der
Signature verification succeeds
[TLS] Server time: 1619853603
[TLS] client_random  (32): E572F26925652E6DCF855B985A2BBB4DCF7F6F72F2279D44FC57FE3D5E2735AC
[TLS] sign_hash (32): F6B76058169300CF76F0E1A796C27FF2B5A254FDA254CDE09C8CCA52A5EE40B0
[TLS] Written transcript to proofs/MSG_TLS_E572F269.out, proofs/SIG_TLS_E572F269.out and proofs/PK_TLS_E572F269.der
Signature verification succeeds
[TLS] Server time: 1619853603
[TLS] client_random  (32): D2BFB678C4CB04B1A87F484E8EBFB772270869481B7827ED1B2BBD5F205DB062
[TLS] sign_hash (32): DC0A7ACDCA157AC78ED0EC64AF8267141CF2F631EFBACC9A941C910C141AE548
[TLS] Written transcript to proofs/MSG_TLS_D2BFB678.out, proofs/SIG_TLS_D2BFB678.out and proofs/PK_TLS_D2BFB678.der
Signature verification succeeds
[TLS] Server time: 1619853603
[TLS] client_random  (32): D568E0EC9E44558009E3464658BBE5C5D9AF6E6380EEB1F9C9E8EDC075A68FC7
[TLS] sign_hash (32): 13C4935957D86F5200AA45E33804E9F20A159023874257E7A38679D74F5BB2B4
[TLS] Written transcript to proofs/MSG_TLS_D568E0EC.out, proofs/SIG_TLS_D568E0EC.out and proofs/PK_TLS_D568E0EC.der
Signature verification succeeds
[TLS] Server time: 1619853603
[TLS] client_random  (32): 714542A160305EDCC0CA9117D0D11CEBEF1F25A45340B2CF66DB7D2A8054D8BA
[TLS] sign_hash (32): A23EF50A202307F561E050AED80DB7507C424352BC7D2A5E67F72DC07F5D1F67
[TLS] Written transcript to proofs/MSG_TLS_714542A1.out, proofs/SIG_TLS_714542A1.out and proofs/PK_TLS_714542A1.der
Signature verification succeeds
[TLS] Server time: 1619853603
[TLS] client_random  (32): 3F7452A14C00CD86A567DF335B1834ACCD25664D691EFC1871F0564D52F594DF
[TLS] sign_hash (32): AF3E8E296DE15FECE2B144F1E9D63B06FDA912E915FB41F83B76C390BC0E3029
[TLS] Written transcript to proofs/MSG_TLS_3F7452A1.out, proofs/SIG_TLS_3F7452A1.out and proofs/PK_TLS_3F7452A1.der
Signature verification succeeds
[TLS] Server time: 1619853603
[TLS] client_random  (32): A00C72086B70383A0D39DD6A77997E0C5BB7EE3C7ACE4CE77B48B18A3DEABF8A
[TLS] sign_hash (32): 66EC159A689BD7BB04F0BFE270F724FD42C7E37E755D7F19BEFF4370CF21057B
[TLS] Written transcript to proofs/MSG_TLS_A00C7208.out, proofs/SIG_TLS_A00C7208.out and proofs/PK_TLS_A00C7208.der
Signature verification succeeds
[TLS] Server time: 1619853603
[TLS] client_random  (32): 613A9BD2D7549C19F8DA2CDDA74227C4F8DBE51F80D116A523A9080D2D6DF482
[TLS] sign_hash (32): 3EA10E81C98EB0DD20200946695DFCDABDC3A9F0D74B49463201AE6D5D702D28
[TLS] Written transcript to proofs/MSG_TLS_613A9BD2.out, proofs/SIG_TLS_613A9BD2.out and proofs/PK_TLS_613A9BD2.der
Signature verification succeeds
[TLS] Server time: 1619853603
[TLS] client_random  (32): 71F3313D24394E25A870C8AE18955CEA5C015890A548E6811B59F1BCB4D8E4A1
[TLS] sign_hash (32): 4EB23DEAE613E05E2AB0E4C5CA3520E0CCF258C09B6669890FD2E8779DE62E0C
[TLS] Written transcript to proofs/MSG_TLS_71F3313D.out, proofs/SIG_TLS_71F3313D.out and proofs/PK_TLS_71F3313D.der
Signature verification succeeds
[TLS] Server time: 1619853603
[TLS] client_random  (32): ECDD5F5E3840B38E4A1BD108D5E409ADA0E185AD3B2BB28CA0E8F7250E5EC7CB
[TLS] sign_hash (32): 4ACC0E3C7813B2CE205C60E33DB0357804187F3CDD45420336683C119FBFAF9C
[TLS] Written transcript to proofs/MSG_TLS_ECDD5F5E.out, proofs/SIG_TLS_ECDD5F5E.out and proofs/PK_TLS_ECDD5F5E.der
Signature verification succeeds
[TLS] Server time: 1619853603
[TLS] client_random  (32): 615EF9E3A1C0EC22A393F56633B302F0033C8420B84487FFCECB2491639B4778
[TLS] sign_hash (32): FCDCD771EE2BC54DCB5E8708DFBA8EDFBD25AD4211394A1D9C08F4C0F6E7BE7E
[TLS] Written transcript to proofs/MSG_TLS_615EF9E3.out, proofs/SIG_TLS_615EF9E3.out and proofs/PK_TLS_615EF9E3.der
Signature verification succeeds
[TLS] Server time: 1619853603
[TLS] client_random  (32): CBE54D089EC2A9FECE32023A7FA88D10D1CAA2529BED161E85356B3CD61B2808
[TLS] sign_hash (32): 17EC92CB2EBA7FC3447A6CF5B59798BE4016FAF85D80447250EF01612DED363D
[TLS] Written transcript to proofs/MSG_TLS_CBE54D08.out, proofs/SIG_TLS_CBE54D08.out and proofs/PK_TLS_CBE54D08.der
Signature verification succeeds
[TLS] Server time: 1619853603
[TLS] client_random  (32): 4385680F0B587FABE5A0A6E59DE7FB59AD4980C9A83255B9C4256AF90CFC6E62
[TLS] sign_hash (32): BE7328DCA18116FF694146ACB547EA77144026402B8D7C705A0D6BB3470DA717
[TLS] Written transcript to proofs/MSG_TLS_4385680F.out, proofs/SIG_TLS_4385680F.out and proofs/PK_TLS_4385680F.der
Signature verification succeeds
[TLS] Server time: 1619853603
[TLS] client_random  (32): 1208DFB38FB6638AF1323537F1D00ED293884AE461E1DEDFD1056D9E8BF16305
[TLS] sign_hash (32): DC80D7FD3A67165FFEE49E47731CD297A2BCB2AD16472EF01FEFF9472917C50A
[TLS] Written transcript to proofs/MSG_TLS_1208DFB3.out, proofs/SIG_TLS_1208DFB3.out and proofs/PK_TLS_1208DFB3.der
Signature verification succeeds
[TLS] Server time: 1619853603
[TLS] client_random  (32): 0B62B22DAC1C3406870C19CE644D95D7CEEB295403E9D94842E55D7F1B9BF4AE
[TLS] sign_hash (32): 62C14839C419EB311759CF977FDA6A324F72DE68C1144E428296EEF9CA36C2DF
[TLS] Written transcript to proofs/MSG_TLS_0B62B22D.out, proofs/SIG_TLS_0B62B22D.out and proofs/PK_TLS_0B62B22D.der
Signature verification succeeds
[TLS] Server time: 1619853603
[TLS] client_random  (32): CBC8D0BEE467B9A748E1628A1D1E781489672B777BD3B1A782EDA80D3A7695D2
[TLS] sign_hash (32): 898FCD46D3B35E0EEF141EB9E61F66E5E96623722BFFC388D9DD3A9AABAB7F71
[TLS] Written transcript to proofs/MSG_TLS_CBC8D0BE.out, proofs/SIG_TLS_CBC8D0BE.out and proofs/PK_TLS_CBC8D0BE.der
Signature verification succeeds
[TLS] Server time: 1619853603
[TLS] client_random  (32): B7D60D2F8920CECA9CD51CCA9C7A5AF0398E7ABD4199B210DACE2FEFA303A698
[TLS] sign_hash (32): B42EFA9927F386E8941D7CFB831EA93A723092521554AEE163D0EA9D7C7AA875
[TLS] Written transcript to proofs/MSG_TLS_B7D60D2F.out, proofs/SIG_TLS_B7D60D2F.out and proofs/PK_TLS_B7D60D2F.der
Signature verification succeeds
[TLS] Server time: 1619853603
[TLS] client_random  (32): 660DD9681DB52D503F08770E9C4C180917B977D3B564693DDD157A896EC0D2F2
[TLS] sign_hash (32): A18D5A576A0D60372F1C144595B2F0D9D24E82B4CCCAE3BB84A3D22F30D6A0E2
[TLS] Written transcript to proofs/MSG_TLS_660DD968.out, proofs/SIG_TLS_660DD968.out and proofs/PK_TLS_660DD968.der
Signature verification succeeds
[TLS] Server time: 1619853603
[TLS] client_random  (32): 8D162E1F999A6ECE2FD05C2C63FA035AFBDA49D98D499CB3F0B691DB05478A18
[TLS] sign_hash (32): 65C4164CA6889219B98385BD8743D7DA6821F2B300583A37C1DF9964F3DA5DAE
[TLS] Written transcript to proofs/MSG_TLS_8D162E1F.out, proofs/SIG_TLS_8D162E1F.out and proofs/PK_TLS_8D162E1F.der
Signature verification succeeds
[TLS] Server time: 1619853603
[TLS] client_random  (32): 05636B82767425A9AFA2F8B0D1568DD03CDE1DBAC6F3A667F18577868F824C92
[TLS] sign_hash (32): 44C221042895A48E5B8B6BAB2257F5F2E557897B1548BA65D8F637AA031C0F7D
[TLS] Written transcript to proofs/MSG_TLS_05636B82.out, proofs/SIG_TLS_05636B82.out and proofs/PK_TLS_05636B82.der
Signature verification succeeds
[TLS] Server time: 1619853603
[TLS] client_random  (32): 0E8D10B0D31015886817C4A82C1C940210FD8B055ADD15FAB1A441D6AADDB280
[TLS] sign_hash (32): 12FB4C2AB167715C54A2648CF994AE42430AFFF75B4C64C23EBD1A4CDEBA25FB
[TLS] Written transcript to proofs/MSG_TLS_0E8D10B0.out, proofs/SIG_TLS_0E8D10B0.out and proofs/PK_TLS_0E8D10B0.der
Signature verification succeeds
[TLS] Server time: 1619853603
[TLS] client_random  (32): 2694CC79CB54F69E7D771F04D4AC1533E10B798A1A783BBEB07BCA8D92A7CE15
[TLS] sign_hash (32): 05B3D5BDD70563FCDF03DA2049E9D743E7E3613F9B62F32DF46372086670C7C6
[TLS] Written transcript to proofs/MSG_TLS_2694CC79.out, proofs/SIG_TLS_2694CC79.out and proofs/PK_TLS_2694CC79.der
Signature verification succeeds
[TLS] Server time: 1619853604
[TLS] client_random  (32): 97C275C217D9931BA780411018B96246987E03C9ABDCCF2CE961D90B81957347
[TLS] sign_hash (32): DA409E3A179F624F3C979B16BF859C497556E4E7423734764ECBB98A3D3BB8D0
[TLS] Written transcript to proofs/MSG_TLS_97C275C2.out, proofs/SIG_TLS_97C275C2.out and proofs/PK_TLS_97C275C2.der
Signature verification succeeds
[TLS] Server time: 1619853604
[TLS] client_random  (32): 5F33CAA9A5B0AFD6691343E050F67293AA0F5B0AE472C54DE06A5D41B4CC8923
[TLS] sign_hash (32): CA226D781541F3905F548C8842FCB4589CADBE009FCCE64D6B31392F543A311F
[TLS] Written transcript to proofs/MSG_TLS_5F33CAA9.out, proofs/SIG_TLS_5F33CAA9.out and proofs/PK_TLS_5F33CAA9.der
Signature verification succeeds
[TLS] Server time: 1619853604
[TLS] client_random  (32): 4619F53C1E9DBCE3F6B35E762DE4C4DDEA8A9B0CE313F8C338CE01F6F297C928
[TLS] sign_hash (32): FA35C66D0E3211C0C66D449483DB722C45B4FBB2AFC1BE52FC2E5102600BE70B
[TLS] Written transcript to proofs/MSG_TLS_4619F53C.out, proofs/SIG_TLS_4619F53C.out and proofs/PK_TLS_4619F53C.der
Signature verification succeeds
[TLS] Server time: 1619853604
[TLS] client_random  (32): E1C284602519B2E8C491F55477B303C5635AE98B152B180828A54EB17378416E
[TLS] sign_hash (32): A7760D6CAEC4DB8ECDBA331F0CBA5CE73FF6B33DA798E2AEE10B8443CC95E371
[TLS] Written transcript to proofs/MSG_TLS_E1C28460.out, proofs/SIG_TLS_E1C28460.out and proofs/PK_TLS_E1C28460.der
Signature verification succeeds
[TLS] Server time: 1619853604
[TLS] client_random  (32): 7D11A475D3AD7B79E8304930498B278E394410BC409BE8C52F5C1C137E004CFF
[TLS] sign_hash (32): 00D59788A34C2EA81C35920C02B66D265566108B917AB6DAA336758CF2156183
[TLS] Written transcript to proofs/MSG_TLS_7D11A475.out, proofs/SIG_TLS_7D11A475.out and proofs/PK_TLS_7D11A475.der
Signature verification succeeds
Time breakdown (averages): anchor_ping:21.161370 file_read:0.139994 hashing:0.470909
Total time for 65 rounds is 1436.363274ms
Standard deviations: anchor_ping:1.657553 file_read:0.019786 hashing:0.005320
[Client-side ops] mean:0.610903 sd:0.020280
in & out anchor rand written to proofs/phase1.out
     15 [TLS] Server time: 1619853602
     46 [TLS] Server time: 1619853603
      5 [TLS] Server time: 1619853604
Count is 15
Count is 46
Count is 5
success: 1
RESULT: 1 in 1 tries
