TLS anchor: www.ed.ac.uk
Actual: 31, Set: 65
Beginning execution at Sun May 2 02:20:01 UTC 2021
CONF: anchor:www.ed.ac.uk fs:1024MB n_rounds:65 seed:5c9f4bf9bbc15bb855f82faedc5a52fc3ab2dfa8ec3ba3ce1b270f31fa0cced2 filename:FILE bs:1024 nops:100 benchmarking:0 anchor_ping:1 queue_depth:32 direct:0
[TLS] Connecting to www.ed.ac.uk
[TLS] Server time: 1619922002
[TLS] client_random  (32): 5C9F4BF9BBC15BB855F82FAEDC5A52FC3AB2DFA8EC3BA3CE1B270F31FA0CCED2
[TLS] sign_hash (32): B49DA7BB8799A439F630D211DB64D9567A680ED1B322B6C536B5C8E61A829822
[TLS] Written transcript to proofs/MSG_TLS_5C9F4BF9.out, proofs/SIG_TLS_5C9F4BF9.out and proofs/PK_TLS_5C9F4BF9.der
Signature verification succeeds
[TLS] Server time: 1619922002
[TLS] client_random  (32): 59D82892810A7416862CCB60565BF58309BA3780320AE5D1FCB1B9A15BA2E2E5
[TLS] sign_hash (32): 1BBF07E19C285EA82A9A14233C88CF9AC5B59683B6456A0E3565B5094FC8C80A
[TLS] Written transcript to proofs/MSG_TLS_59D82892.out, proofs/SIG_TLS_59D82892.out and proofs/PK_TLS_59D82892.der
Signature verification succeeds
[TLS] Server time: 1619922002
[TLS] client_random  (32): C333EE4AF7A7B51BF66F37EB35207A9D88B18094F678C2E886D45000BF9F97B6
[TLS] sign_hash (32): 0D744FC33E78F2283E5FD7710318DF2BE02C775922913DB61F1BD9CD4091B4DD
[TLS] Written transcript to proofs/MSG_TLS_C333EE4A.out, proofs/SIG_TLS_C333EE4A.out and proofs/PK_TLS_C333EE4A.der
Signature verification succeeds
[TLS] Server time: 1619922002
[TLS] client_random  (32): 96A054DEE7F2FED5D3B9CDCEC94F869EBCDB0C5A40E02212D064AD8B5752B17D
[TLS] sign_hash (32): 333A1F210D262A8756F0D4A7EAF9E0010ACC2083361FB28FEAF206C30B810102
[TLS] Written transcript to proofs/MSG_TLS_96A054DE.out, proofs/SIG_TLS_96A054DE.out and proofs/PK_TLS_96A054DE.der
Signature verification succeeds
[TLS] Server time: 1619922002
[TLS] client_random  (32): 180F613FE8E7565BC7CB726529C47D55193C699111B9615615A4C382D5E7A585
[TLS] sign_hash (32): 3D4EB7BC45A5D8EFD49CEA8F95D27291DE7E315DFFEC57C0D000C7C4613021DE
[TLS] Written transcript to proofs/MSG_TLS_180F613F.out, proofs/SIG_TLS_180F613F.out and proofs/PK_TLS_180F613F.der
Signature verification succeeds
[TLS] Server time: 1619922002
[TLS] client_random  (32): 6C0554C4358D87C0972F398B11FA709CE940C329665F28E852F89414E106B837
[TLS] sign_hash (32): C78D50E387E47382470B6E6E5284DDB46E9FA6C21122512C8DB994431775DDDC
[TLS] Written transcript to proofs/MSG_TLS_6C0554C4.out, proofs/SIG_TLS_6C0554C4.out and proofs/PK_TLS_6C0554C4.der
Signature verification succeeds
[TLS] Server time: 1619922002
[TLS] client_random  (32): AC6E9B8B0F643DA995ACF36912640CF8C2BB55FA0C7B46FAE56218D5DEFB7BD1
[TLS] sign_hash (32): F28CCBF8077B614D5B1495F9580CEFA38C34B383E2FEAD44BBFE40E107CC3B44
[TLS] Written transcript to proofs/MSG_TLS_AC6E9B8B.out, proofs/SIG_TLS_AC6E9B8B.out and proofs/PK_TLS_AC6E9B8B.der
Signature verification succeeds
[TLS] Server time: 1619922002
[TLS] client_random  (32): F9A07227C36058F72EEDC71E8F77EFFD865B1CE270C2B4419D71CE46172537B5
[TLS] sign_hash (32): 2A89A752BF7013030931FCB918FE39AB55A9ED061D40C407408D6706BE6E06C5
[TLS] Written transcript to proofs/MSG_TLS_F9A07227.out, proofs/SIG_TLS_F9A07227.out and proofs/PK_TLS_F9A07227.der
Signature verification succeeds
[TLS] Server time: 1619922002
[TLS] client_random  (32): 2B6F313E3305E4D2E03CD20BE2160271EE17A281ABAD3E7A5862496E04B4003F
[TLS] sign_hash (32): 48EA27D68160E92A3C0B1878B531FA994B944B4D1B91DDC3131708FD22D73A94
[TLS] Written transcript to proofs/MSG_TLS_2B6F313E.out, proofs/SIG_TLS_2B6F313E.out and proofs/PK_TLS_2B6F313E.der
Signature verification succeeds
[TLS] Server time: 1619922002
[TLS] client_random  (32): FBA0998065DA12A17BC1216DF6C9796D2EE324A7432339D1491A14600936AACF
[TLS] sign_hash (32): D3315FB337646D5F1D6395423BDB0E5DD9AD1704B842365EB4B3DAD3F078D8F5
[TLS] Written transcript to proofs/MSG_TLS_FBA09980.out, proofs/SIG_TLS_FBA09980.out and proofs/PK_TLS_FBA09980.der
Signature verification succeeds
[TLS] Server time: 1619922002
[TLS] client_random  (32): 0A2635300AC7CFA930F561E37F024C2C61125FCB0D85F5CF579D1E656DBC5426
[TLS] sign_hash (32): 1990D870DA0D6B923DD5FAF32B1B8C84A98E1BF6D258238551D825C7D3758107
[TLS] Written transcript to proofs/MSG_TLS_0A263530.out, proofs/SIG_TLS_0A263530.out and proofs/PK_TLS_0A263530.der
Signature verification succeeds
[TLS] Server time: 1619922002
[TLS] client_random  (32): DFDD41E5AA859C8EE736F92F1BF6F6C30E765D7508E032D7D39CD18AD60BB8F9
[TLS] sign_hash (32): 14D93DB90367763D20E4E5428404CAF327E6B0C09838EB889F02FF3B7D3F3864
[TLS] Written transcript to proofs/MSG_TLS_DFDD41E5.out, proofs/SIG_TLS_DFDD41E5.out and proofs/PK_TLS_DFDD41E5.der
Signature verification succeeds
[TLS] Server time: 1619922002
[TLS] client_random  (32): E579D286AD55BC9DA255A24EE44881C0390B84125F5CD7AC0036D12BC7589734
[TLS] sign_hash (32): 149FC0D75186AC553E849C43872FAB2A2475B97D9218D45ACEE429F220EBD7DF
[TLS] Written transcript to proofs/MSG_TLS_E579D286.out, proofs/SIG_TLS_E579D286.out and proofs/PK_TLS_E579D286.der
Signature verification succeeds
[TLS] Server time: 1619922002
[TLS] client_random  (32): E771D427C0910E2FE891CA7A595BB24DE837A7483A25C3546054D046ABED7DC7
[TLS] sign_hash (32): 63D42E58A4A758566D4A169FADC9FEFFF05C9C956075FE98331090C1520DD5E0
[TLS] Written transcript to proofs/MSG_TLS_E771D427.out, proofs/SIG_TLS_E771D427.out and proofs/PK_TLS_E771D427.der
Signature verification succeeds
[TLS] Server time: 1619922002
[TLS] client_random  (32): D8C94A770FFF7B3D9AECBFCF5F8E5C007B68217D3FAEC3ECA0DDF1DAB3B3129C
[TLS] sign_hash (32): C104B956B6096AC632069DEEB1668CB2973BF4A9FF62EF992AD7F42A9A034550
[TLS] Written transcript to proofs/MSG_TLS_D8C94A77.out, proofs/SIG_TLS_D8C94A77.out and proofs/PK_TLS_D8C94A77.der
Signature verification succeeds
[TLS] Server time: 1619922002
[TLS] client_random  (32): A304CAFF6218EE25730CD4B0663367CD9DF859E9A90C40FC7A494AE1BF644AE4
[TLS] sign_hash (32): E45BAFBF6090625A61E16B97D02469485250C1E001C37459BC5723D8BD3631A3
[TLS] Written transcript to proofs/MSG_TLS_A304CAFF.out, proofs/SIG_TLS_A304CAFF.out and proofs/PK_TLS_A304CAFF.der
Signature verification succeeds
[TLS] Server time: 1619922002
[TLS] client_random  (32): 9D63951C1E9CE1C1D577461E108BD7E62979428C93889A5B186BFD9BD494929E
[TLS] sign_hash (32): 297D8B40A989E340D919DD7F5758098FD81E8802915575D98A301C8B7359E5FF
[TLS] Written transcript to proofs/MSG_TLS_9D63951C.out, proofs/SIG_TLS_9D63951C.out and proofs/PK_TLS_9D63951C.der
Signature verification succeeds
[TLS] Server time: 1619922002
[TLS] client_random  (32): BA395C9C5A5082CBDEEB560F02154CE3D728820DE32CA772EBD275496144EBB6
[TLS] sign_hash (32): 345EE98854BA3A55CBEC02982E4F3C42DB76DB133B5745CB7A4020A225F7853D
[TLS] Written transcript to proofs/MSG_TLS_BA395C9C.out, proofs/SIG_TLS_BA395C9C.out and proofs/PK_TLS_BA395C9C.der
Signature verification succeeds
[TLS] Server time: 1619922002
[TLS] client_random  (32): CC12FDC40E5EE65A7DE32905C5BF95A7482A1564C4777C28D2F3746735C9F520
[TLS] sign_hash (32): 1AF0F08556EE12CD42D1121F62BAC3FD7284E91597DD76140C92371742BA8ED4
[TLS] Written transcript to proofs/MSG_TLS_CC12FDC4.out, proofs/SIG_TLS_CC12FDC4.out and proofs/PK_TLS_CC12FDC4.der
Signature verification succeeds
[TLS] Server time: 1619922002
[TLS] client_random  (32): 4F0DDB15C234551F7B3CF1259FDD17E0EB54C04D606A11C2EE40F9C9BC8BDF9E
[TLS] sign_hash (32): B8949F460E2D8F190304824552F09DAE9ED8D098FED16A334478CA285ADE3E55
[TLS] Written transcript to proofs/MSG_TLS_4F0DDB15.out, proofs/SIG_TLS_4F0DDB15.out and proofs/PK_TLS_4F0DDB15.der
Signature verification succeeds
[TLS] Server time: 1619922002
[TLS] client_random  (32): B9904557A87A75A3E2176A6BB5185B2BA6E0CC8900B541142D7DB3281DF9D201
[TLS] sign_hash (32): 5AD06D26AC57F8EA48B3149A1D36524A6382B3D8D8A43B272174B11982BBCEAD
[TLS] Written transcript to proofs/MSG_TLS_B9904557.out, proofs/SIG_TLS_B9904557.out and proofs/PK_TLS_B9904557.der
Signature verification succeeds
[TLS] Server time: 1619922002
[TLS] client_random  (32): 21F759A46F6E71EB66624630A4C76E076FCA6BF2099DF8E6AEAB8F134EC6640E
[TLS] sign_hash (32): 2EC73F8D1EA749AD1352AA01E6F9868E266F7BC787912241069FCEA5E2214B16
[TLS] Written transcript to proofs/MSG_TLS_21F759A4.out, proofs/SIG_TLS_21F759A4.out and proofs/PK_TLS_21F759A4.der
Signature verification succeeds
[TLS] Server time: 1619922002
[TLS] client_random  (32): B9004B85EE9D6A33970278921D6EE8DC84FDA1C33B24F8AEF709F397DA55D557
[TLS] sign_hash (32): 1F826323330FE923615CA95052620A7B39A3E9BF23E91817B7E3D78BB850CBD7
[TLS] Written transcript to proofs/MSG_TLS_B9004B85.out, proofs/SIG_TLS_B9004B85.out and proofs/PK_TLS_B9004B85.der
Signature verification succeeds
[TLS] Server time: 1619922002
[TLS] client_random  (32): 7ADC51FB5C12D44B98B61A95D8ABB23FC776F67C70F3B386EDE085C71FB611C6
[TLS] sign_hash (32): 6AF0FA346ED7AF3C0398A7CFF4DCBE56F944CE07C594D98E497B547EABB9F1EA
[TLS] Written transcript to proofs/MSG_TLS_7ADC51FB.out, proofs/SIG_TLS_7ADC51FB.out and proofs/PK_TLS_7ADC51FB.der
Signature verification succeeds
[TLS] Server time: 1619922002
[TLS] client_random  (32): 209A14D7530A8CCB067DB9054D9DB3A42C86520C0C171FE5D10966DB9978A82F
[TLS] sign_hash (32): CB84010C3E64734CAAB818F427DA6E4DD57BFFCF656B53F61A2EE09B648875EE
[TLS] Written transcript to proofs/MSG_TLS_209A14D7.out, proofs/SIG_TLS_209A14D7.out and proofs/PK_TLS_209A14D7.der
Signature verification succeeds
[TLS] Server time: 1619922002
[TLS] client_random  (32): 8B9AFE5BC1C41495800410DE5DD92990BEA4A4BD51066CFB051A5ABD2A2884E4
[TLS] sign_hash (32): 84D20F3ED25F820BF4B527647B38450D6EEDFCF6E2B2D5F9710949C00CBEDEFE
[TLS] Written transcript to proofs/MSG_TLS_8B9AFE5B.out, proofs/SIG_TLS_8B9AFE5B.out and proofs/PK_TLS_8B9AFE5B.der
Signature verification succeeds
[TLS] Server time: 1619922002
[TLS] client_random  (32): 75674348B53B6DF98EE64BBBF228B334EEFC8717142C33367393DE5D8D99A978
[TLS] sign_hash (32): 8ACE291FE1049AF10A58C21DAF8F0E2F83FF4C521F12E22EDE8A25638E153DBF
[TLS] Written transcript to proofs/MSG_TLS_75674348.out, proofs/SIG_TLS_75674348.out and proofs/PK_TLS_75674348.der
Signature verification succeeds
[TLS] Server time: 1619922002
[TLS] client_random  (32): 06E8F3BADBD7D7883815D3725EB264A6CC199768E72A80C1B60D2D03C9E1EEE6
[TLS] sign_hash (32): F7A76149CD906662CA96A75B52C9AB18D6C8AE1C5BB07E11FB3E14F09E3A1F4B
[TLS] Written transcript to proofs/MSG_TLS_06E8F3BA.out, proofs/SIG_TLS_06E8F3BA.out and proofs/PK_TLS_06E8F3BA.der
Signature verification succeeds
[TLS] Server time: 1619922002
[TLS] client_random  (32): 8CAF60CA37E3ED1072EADAA95628061412C4206D1A8CF3CE0E4B79AA2A4491A5
[TLS] sign_hash (32): E695CCE29DCAAC1C0CCE9042DB1AE387BA705DD73207217BC7C8F53213EEB87C
[TLS] Written transcript to proofs/MSG_TLS_8CAF60CA.out, proofs/SIG_TLS_8CAF60CA.out and proofs/PK_TLS_8CAF60CA.der
Signature verification succeeds
[TLS] Server time: 1619922002
[TLS] client_random  (32): BE01D7FB9EC3AB01F0226BB1C455D3425D0C2F4393FD2F16970A67E2782E79D1
[TLS] sign_hash (32): 35B4C9F191F911FF5C8D63781453DE287633979F049DA04F32718CB4A9AB3404
[TLS] Written transcript to proofs/MSG_TLS_BE01D7FB.out, proofs/SIG_TLS_BE01D7FB.out and proofs/PK_TLS_BE01D7FB.der
Signature verification succeeds
[TLS] Server time: 1619922002
[TLS] client_random  (32): 8297FE66C978F7ED91D00EAA9DA7C3D67678A70A87C1EA7A89B6712BB871C3EF
[TLS] sign_hash (32): BC1917816A88349EE90F80970EC8825B176AC9B9C93A4AE9FFF4E06CDFD025E1
[TLS] Written transcript to proofs/MSG_TLS_8297FE66.out, proofs/SIG_TLS_8297FE66.out and proofs/PK_TLS_8297FE66.der
Signature verification succeeds
[TLS] Server time: 1619922002
[TLS] client_random  (32): 597B475012EC128203C0ABB8889BC41D6398E5DA45FB1A256F38E03EF982E9AB
[TLS] sign_hash (32): 2698AEE2E0EF7F8818085DF31ADDA498B34BDFAF4C5C9B0A1B7133E738751CC6
[TLS] Written transcript to proofs/MSG_TLS_597B4750.out, proofs/SIG_TLS_597B4750.out and proofs/PK_TLS_597B4750.der
Signature verification succeeds
[TLS] Server time: 1619922002
[TLS] client_random  (32): BD2B3D6ED234290BFF00099895999D6A3A23C0C2D5D36D99A7E5CCAC9701AA6A
[TLS] sign_hash (32): 56990D9376BB195AF582CAB8C8CEAE5C57B4C86DC2BE34E9538666295BBCC703
[TLS] Written transcript to proofs/MSG_TLS_BD2B3D6E.out, proofs/SIG_TLS_BD2B3D6E.out and proofs/PK_TLS_BD2B3D6E.der
Signature verification succeeds
[TLS] Server time: 1619922002
[TLS] client_random  (32): 88BB7BBD309D702C39CBB9B6484DFFA26C01EAE684FB8EE8E1B57B0826E023BE
[TLS] sign_hash (32): 6CFCB0C2B4E55D7B06DA4816771B2B9741195A7CCCBA4D02369F58D043C2D43A
[TLS] Written transcript to proofs/MSG_TLS_88BB7BBD.out, proofs/SIG_TLS_88BB7BBD.out and proofs/PK_TLS_88BB7BBD.der
Signature verification succeeds
[TLS] Server time: 1619922003
[TLS] client_random  (32): 4A474D6D5F1DBA9CE5865FE5B2EEB8108D9E30F883E4C125F0F37B7D1111F9A1
[TLS] sign_hash (32): 03D62BFE62F773C57BE48138C34F14421B37EBCB27E693D2B98D2E9F9E7A3E23
[TLS] Written transcript to proofs/MSG_TLS_4A474D6D.out, proofs/SIG_TLS_4A474D6D.out and proofs/PK_TLS_4A474D6D.der
Signature verification succeeds
[TLS] Server time: 1619922003
[TLS] client_random  (32): 3C1F25960BFEA8B3B1C0C44709BA2780350B8025CE3CDC03FCEE3A5C20A7086B
[TLS] sign_hash (32): BA1D9D712C6AC625B15A66390F92BFB21ED38DA9F5FEABEB1E9974BB6CCE1D6C
[TLS] Written transcript to proofs/MSG_TLS_3C1F2596.out, proofs/SIG_TLS_3C1F2596.out and proofs/PK_TLS_3C1F2596.der
Signature verification succeeds
[TLS] Server time: 1619922003
[TLS] client_random  (32): 63C56CD6A3B45F4E86C3023ED2F8D3BB2F0696B642A4EC7286185944BEEB4CC0
[TLS] sign_hash (32): 7EC1F297BAD6D187B22769235EF8BCE6E26860AE7D316F1D8BF8F988214EE38D
[TLS] Written transcript to proofs/MSG_TLS_63C56CD6.out, proofs/SIG_TLS_63C56CD6.out and proofs/PK_TLS_63C56CD6.der
Signature verification succeeds
[TLS] Server time: 1619922003
[TLS] client_random  (32): 46DD53D03F678A4766F4D5D9B44316CDB8614C590F0C1B42707A6E4CCC3893AE
[TLS] sign_hash (32): AB4F2D7608ED7966269EFD558ED2F2A405DF347FBE9F8594FC76D98578C4DF4E
[TLS] Written transcript to proofs/MSG_TLS_46DD53D0.out, proofs/SIG_TLS_46DD53D0.out and proofs/PK_TLS_46DD53D0.der
Signature verification succeeds
[TLS] Server time: 1619922003
[TLS] client_random  (32): B01F60A2F8255C003070FE47BC1CCDED0468820B0B944CB6819E860B65984711
[TLS] sign_hash (32): 61037D617183D0362C70F06E1BD5607B58536C6556C06DB54049C489D14592A8
[TLS] Written transcript to proofs/MSG_TLS_B01F60A2.out, proofs/SIG_TLS_B01F60A2.out and proofs/PK_TLS_B01F60A2.der
Signature verification succeeds
[TLS] Server time: 1619922003
[TLS] client_random  (32): 9BD7AA9DC6C488F22181A95FADA97EF561BF63D1DFC0C081449C6F492C95C9ED
[TLS] sign_hash (32): BAC41E9FBA7AE12B2DD5C8BBE7378CF7139AAF6D11A166A80810398D1C439E9F
[TLS] Written transcript to proofs/MSG_TLS_9BD7AA9D.out, proofs/SIG_TLS_9BD7AA9D.out and proofs/PK_TLS_9BD7AA9D.der
Signature verification succeeds
[TLS] Server time: 1619922003
[TLS] client_random  (32): 25A539C14CC0205AD8FDB78F5DFAC55CDD29B300BEDCE7BCAE579DFCD44A6611
[TLS] sign_hash (32): 81D51D357AC4FCEEEB6A4B617B963D701342CA349EF0E54BB91209F8C2401F71
[TLS] Written transcript to proofs/MSG_TLS_25A539C1.out, proofs/SIG_TLS_25A539C1.out and proofs/PK_TLS_25A539C1.der
Signature verification succeeds
[TLS] Server time: 1619922003
[TLS] client_random  (32): B62B5FD9D0D1FF568704A774CFB1C4543E5A3737E0C2A0C2733A1F3E58FA2B9E
[TLS] sign_hash (32): 92616557D40E9673C4AD1964AF3D5F69CF3DAB1F13AD0A208A3D467121096FB0
[TLS] Written transcript to proofs/MSG_TLS_B62B5FD9.out, proofs/SIG_TLS_B62B5FD9.out and proofs/PK_TLS_B62B5FD9.der
Signature verification succeeds
[TLS] Server time: 1619922003
[TLS] client_random  (32): 2AA9CB563EAD9E7A1BC5BCA392499D6912B6504F6E5986CEA9A88D25C50B2236
[TLS] sign_hash (32): A1A552384F6BC041606989D53D249BE1DCC2FC6AB1654AB77C161B40CEF220E8
[TLS] Written transcript to proofs/MSG_TLS_2AA9CB56.out, proofs/SIG_TLS_2AA9CB56.out and proofs/PK_TLS_2AA9CB56.der
Signature verification succeeds
[TLS] Server time: 1619922003
[TLS] client_random  (32): 42F78DD7C9B24BDBF0C0B741B459EDAADB9368DF0CC51920752834801A240BC1
[TLS] sign_hash (32): E71538D0E5026E88EA488ECA57A5007540D02BCADE628A2A7D774838FB508D4D
[TLS] Written transcript to proofs/MSG_TLS_42F78DD7.out, proofs/SIG_TLS_42F78DD7.out and proofs/PK_TLS_42F78DD7.der
Signature verification succeeds
[TLS] Server time: 1619922003
[TLS] client_random  (32): 03F61C9DB156468736DB3FC35D193ABFE87E678E8809050C458C0AC38295E37C
[TLS] sign_hash (32): 8AF67F8F26453D9197FD6AD58F48F72AFA8C3241C9921EB8676E6215E3F21D55
[TLS] Written transcript to proofs/MSG_TLS_03F61C9D.out, proofs/SIG_TLS_03F61C9D.out and proofs/PK_TLS_03F61C9D.der
Signature verification succeeds
[TLS] Server time: 1619922003
[TLS] client_random  (32): 98DAD20276582DA9EF8F5558C62EDF74EAE8ECA289E4AE1A0F8D2F0175479756
[TLS] sign_hash (32): A1BF44F5A94EC3930888573469420143306A1004497A6434B1F70F0C5EBD686F
[TLS] Written transcript to proofs/MSG_TLS_98DAD202.out, proofs/SIG_TLS_98DAD202.out and proofs/PK_TLS_98DAD202.der
Signature verification succeeds
[TLS] Server time: 1619922003
[TLS] client_random  (32): 668040CDB22D6FB4FF888A1BA64ABBCDBCAD799D94BF4652973EE296208E87EA
[TLS] sign_hash (32): 7968CE0957753FAD9EA07C2D77E8A3BD437817D7909375E47866316781B36AF1
[TLS] Written transcript to proofs/MSG_TLS_668040CD.out, proofs/SIG_TLS_668040CD.out and proofs/PK_TLS_668040CD.der
Signature verification succeeds
[TLS] Server time: 1619922003
[TLS] client_random  (32): A7B014A7E260CF75257366F6D77BC91E718C42A217B9438FD88A8C9CB330C399
[TLS] sign_hash (32): F6B0D06D926C6C09AA614540D5F1EA57F44B25A8EF6B005A8634057576A8026B
[TLS] Written transcript to proofs/MSG_TLS_A7B014A7.out, proofs/SIG_TLS_A7B014A7.out and proofs/PK_TLS_A7B014A7.der
Signature verification succeeds
[TLS] Server time: 1619922003
[TLS] client_random  (32): F4F1A8023CDAF89CEBA5927FF5BE952C78F2625DEB897BA3368DFF846DB171E4
[TLS] sign_hash (32): 38466677BF2901CA48B14FB6AE1678C1F2402124E09530D94A46285CC3E9902A
[TLS] Written transcript to proofs/MSG_TLS_F4F1A802.out, proofs/SIG_TLS_F4F1A802.out and proofs/PK_TLS_F4F1A802.der
Signature verification succeeds
[TLS] Server time: 1619922003
[TLS] client_random  (32): 6A8A50C39D856E2F79743A49440F2C7CB3F232C33F9CF7D37815A2241F7C0DB2
[TLS] sign_hash (32): 28E8FA6264D5115B91BA9948305E55F9CE7FDFACABE206293DDE49B911AE1BE2
[TLS] Written transcript to proofs/MSG_TLS_6A8A50C3.out, proofs/SIG_TLS_6A8A50C3.out and proofs/PK_TLS_6A8A50C3.der
Signature verification succeeds
[TLS] Server time: 1619922003
[TLS] client_random  (32): 6162F48A99CBDFE6227748CF5B4E1882E9F5BBFE1D3AB1A27444CBFD2C7184D0
[TLS] sign_hash (32): 640D17F8D7A586FC89417FA416C95D6931EE8BFA32AC6318831B9D327548E075
[TLS] Written transcript to proofs/MSG_TLS_6162F48A.out, proofs/SIG_TLS_6162F48A.out and proofs/PK_TLS_6162F48A.der
Signature verification succeeds
[TLS] Server time: 1619922003
[TLS] client_random  (32): 4CFDF3169FEA04C003B2D9CBA96320A72F250AA6FAB1D9C245BEAB459C7C595E
[TLS] sign_hash (32): AA3B9205CFB88E3CD7E2597EBCE4E5328412CF59965AE83A212A69A2D0B28CC5
[TLS] Written transcript to proofs/MSG_TLS_4CFDF316.out, proofs/SIG_TLS_4CFDF316.out and proofs/PK_TLS_4CFDF316.der
Signature verification succeeds
[TLS] Server time: 1619922003
[TLS] client_random  (32): EA1F0938E7904CF3F8DDB2248CFFC3BDFEDC5F25EFA70BAE8D75FBADE2B28D5E
[TLS] sign_hash (32): CA353086027A281C4E5F60B6DB9527C8F479035126A686DAF93FC818463452C9
[TLS] Written transcript to proofs/MSG_TLS_EA1F0938.out, proofs/SIG_TLS_EA1F0938.out and proofs/PK_TLS_EA1F0938.der
Signature verification succeeds
[TLS] Server time: 1619922003
[TLS] client_random  (32): 47A882F0628BFF3A86AEED661C0036F17D2A1E0B3E64D422E4E40DC6E5836E7C
[TLS] sign_hash (32): 493CC09DE3DAA2314C00924FE34349A0379522E3501AF8F8E5B8D95308565B71
[TLS] Written transcript to proofs/MSG_TLS_47A882F0.out, proofs/SIG_TLS_47A882F0.out and proofs/PK_TLS_47A882F0.der
Signature verification succeeds
[TLS] Server time: 1619922003
[TLS] client_random  (32): 1EF9307BA07010DDDB05D68A14F8FEC2A403827A0DF70AFA50483E1BC72B3F68
[TLS] sign_hash (32): D936E4517C7424736FCB4B20296D10D9624BE74E2E250DB94B4FDE7FBC171F53
[TLS] Written transcript to proofs/MSG_TLS_1EF9307B.out, proofs/SIG_TLS_1EF9307B.out and proofs/PK_TLS_1EF9307B.der
Signature verification succeeds
[TLS] Server time: 1619922003
[TLS] client_random  (32): 59AAA6CABDD8D8F3AEA0F4EFB6DD8FFBAF544A8EDDBC280046DEBC3398480EC7
[TLS] sign_hash (32): 8A216125008013334FA3E239D54196A99401528B5DA3F28EA624D1B9BD96EE76
[TLS] Written transcript to proofs/MSG_TLS_59AAA6CA.out, proofs/SIG_TLS_59AAA6CA.out and proofs/PK_TLS_59AAA6CA.der
Signature verification succeeds
[TLS] Server time: 1619922003
[TLS] client_random  (32): EEB057C4BF68C6628D7D5409CF60FB100C5E72AD5A5DF3AE29AB12E824CC7172
[TLS] sign_hash (32): 81CE68290CD636DE86A339A2536854BCC0D3E6D01B1753B1E963D6E40C1508D8
[TLS] Written transcript to proofs/MSG_TLS_EEB057C4.out, proofs/SIG_TLS_EEB057C4.out and proofs/PK_TLS_EEB057C4.der
Signature verification succeeds
[TLS] Server time: 1619922003
[TLS] client_random  (32): C9DA311322E08324B249EA33AEE43B71CBF62E0D3280C59F94339CABFAE0A1D9
[TLS] sign_hash (32): 368AF9B79C1BA78BDBD32448B7A918ED0AE66501B5B5155D9B56D43B0C6896D9
[TLS] Written transcript to proofs/MSG_TLS_C9DA3113.out, proofs/SIG_TLS_C9DA3113.out and proofs/PK_TLS_C9DA3113.der
Signature verification succeeds
[TLS] Server time: 1619922003
[TLS] client_random  (32): EB9D65B8A53720FBDBE2D9107EECE33F4F3B3C5CA33F03A65554F36B8EB44DFF
[TLS] sign_hash (32): 2B0082CCC53687BF8E18D82D9827E02196FB61E36D684A26179DA551BA5E97A6
[TLS] Written transcript to proofs/MSG_TLS_EB9D65B8.out, proofs/SIG_TLS_EB9D65B8.out and proofs/PK_TLS_EB9D65B8.der
Signature verification succeeds
[TLS] Server time: 1619922003
[TLS] client_random  (32): A03EF9429A92FF396453544878EDE69BB9F4D84C282C5BAAD5E15E0E0FF172BB
[TLS] sign_hash (32): 92FC04DBC0CC0BA7AC44392C94EAEE8D24A8917F688892C67DFC9D5BF5DB1FFB
[TLS] Written transcript to proofs/MSG_TLS_A03EF942.out, proofs/SIG_TLS_A03EF942.out and proofs/PK_TLS_A03EF942.der
Signature verification succeeds
[TLS] Server time: 1619922003
[TLS] client_random  (32): B9EAD623C67E6C8055BEFD9A0912343FFF0FAD3A3E92804A3C246583B0584497
[TLS] sign_hash (32): C92B9DDCA94BD21819BB9B93EB0C5FFF1F49713CE2E77EF03514167E01E1A291
[TLS] Written transcript to proofs/MSG_TLS_B9EAD623.out, proofs/SIG_TLS_B9EAD623.out and proofs/PK_TLS_B9EAD623.der
Signature verification succeeds
[TLS] Server time: 1619922003
[TLS] client_random  (32): 914CCC179501358BC311017E4196A90CB204D12E90E01F4BBB73738DA6F55A03
[TLS] sign_hash (32): E4C2B5E703E7D0325A42FCDA84B0E18EC06C125013A734AC2C7D566AEA053FF0
[TLS] Written transcript to proofs/MSG_TLS_914CCC17.out, proofs/SIG_TLS_914CCC17.out and proofs/PK_TLS_914CCC17.der
Signature verification succeeds
[TLS] Server time: 1619922003
[TLS] client_random  (32): EC2CF4CC348B9092F5377CC36CE8F72CA0BEABDD6ABCD48CF25B2910B1146BFA
[TLS] sign_hash (32): 4A65579A73F7E678A6FB67ECD74713C80EC8CBB89104355B9CF4A07F99A04D01
[TLS] Written transcript to proofs/MSG_TLS_EC2CF4CC.out, proofs/SIG_TLS_EC2CF4CC.out and proofs/PK_TLS_EC2CF4CC.der
Signature verification succeeds
[TLS] Server time: 1619922003
[TLS] client_random  (32): B16B12DFB138EFAF20AC649545D1157D16ADDAC584A8A947B400CE3DF864035B
[TLS] sign_hash (32): 5C277956C500ECC1BFA59E833267A977288BB838CDCCC11B89A3BFA9CBEBF2E6
[TLS] Written transcript to proofs/MSG_TLS_B16B12DF.out, proofs/SIG_TLS_B16B12DF.out and proofs/PK_TLS_B16B12DF.der
Signature verification succeeds
[TLS] Server time: 1619922003
[TLS] client_random  (32): AC9D91550E4133E99B9D03BE4AE3E3F02348B25509DD09545DF9CCB37D14C70B
[TLS] sign_hash (32): 6A3CA272577EA0A9E4ED66D1F77049FFB2DFA37D7369F4CCD64BE18B9FCC8EB5
[TLS] Written transcript to proofs/MSG_TLS_AC9D9155.out, proofs/SIG_TLS_AC9D9155.out and proofs/PK_TLS_AC9D9155.der
Signature verification succeeds
[TLS] Server time: 1619922003
[TLS] client_random  (32): BF13853B94D90606CB282387EB73FFA3FE5D469A22C8DB518B33E32A54C8C8F5
[TLS] sign_hash (32): 80EAECF5CA221512419178C026097962838F1BC56823F2D1B6B9C66F514D00AE
[TLS] Written transcript to proofs/MSG_TLS_BF13853B.out, proofs/SIG_TLS_BF13853B.out and proofs/PK_TLS_BF13853B.der
Signature verification succeeds
Time breakdown (averages): anchor_ping:20.996721 file_read:0.144926 hashing:0.470297
Total time for 65 rounds is 1425.777746ms
Standard deviations: anchor_ping:0.810710 file_read:0.020836 hashing:0.004832
[Client-side ops] mean:0.615223 sd:0.023011
in & out anchor rand written to proofs/phase1.out
     34 [TLS] Server time: 1619922002
     32 [TLS] Server time: 1619922003
Count is 34
Count is 32
success: 1
RESULT: 1 in 1 tries
