Roughtime anchor: roughtime.chainpoint.org
Beginning execution at Sat Apr 24 18:40:01 UTC 2021
[Roughtime] Nonce: 5c9f4bf9bbc15bb855f82faedc5a52fc3ab2dfa8ec3ba3ce1b270f31fa0cced20000000000000000000000000000000000000000000000000000000000000000
[Roughtime] Sign: 441e1ea1833d94664316da107a07838aba032e227db41ec7b300cc8c5a2a2e71d7e416ddb6f2c6c6806895b54a632f8d0fa4a15a4840a028be557c56ee667003
[Roughtime] Server time: 1619289601833
[Roughtime] Nonce: 070b496d635ad4fd36532978b626c46a8430f81203d125257830c98d613b4bc20000000000000000000000000000000000000000000000000000000000000000
[Roughtime] Sign: 2b87b361fb0e5bc913c83653f299c5d537b8ee64000f908360b28de9a79b8f77c8b3e465836d8d3d1658603c3b1a305e7c145d47d0f59ec71b21fcb479c0e50b
[Roughtime] Server time: 1619289601837
CONF: anchor:roughtime.chainpoint.org fs:1024MB n_rounds:1 seed:5c9f4bf9bbc15bb855f82faedc5a52fc3ab2dfa8ec3ba3ce1b270f31fa0cced2 filename:FILE bs:1024 nops:100 benchmarking:0 anchor_ping:2 queue_depth:32 direct:0
[Roughtime] Deriving from 5c9f4bf9bbc15bb855f82faedc5a52fc3ab2dfa8ec3ba3ce1b270f31fa0cced20000000000000000000000000000000000000000000000000000000000000000
[Roughtime] Received 441e1ea1833d94664316da107a07838aba032e227db41ec7b300cc8c5a2a2e71d7e416ddb6f2c6c6806895b54a632f8d0fa4a15a4840a028be557c56ee667003
[Roughtime] Deriving from 070b496d635ad4fd36532978b626c46a8430f81203d125257830c98d613b4bc20000000000000000000000000000000000000000000000000000000000000000
[Roughtime] Received 2b87b361fb0e5bc913c83653f299c5d537b8ee64000f908360b28de9a79b8f77c8b3e465836d8d3d1658603c3b1a305e7c145d47d0f59ec71b21fcb479c0e50b
Time breakdown (averages): anchor_ping:6.587060 file_read:0.256189 hashing:0.482956
Total time for 1 rounds is 13.913329ms
Standard deviations: anchor_ping:3.525049 file_read:0.000000 hashing:0.000000
[Client-side ops] mean:0.739145 sd:0.000000
in & out anchor rand written to proofs/phase1.out
      1 [Roughtime] Server time: 1619289601833
      1 [Roughtime] Server time: 1619289601837
Diff is 4
success: 1
RESULT: 1 in 1 tries
