Roughtime anchor: roughtime.chainpoint.org
Beginning execution at Tue May 4 10:40:01 UTC 2021
[Roughtime] Nonce: 5c9f4bf9bbc15bb855f82faedc5a52fc3ab2dfa8ec3ba3ce1b270f31fa0cced20000000000000000000000000000000000000000000000000000000000000000
[Roughtime] Sign: 7e25278d13efb9f46753dd7e7850fac29531085d18b636528e96aa624664229ab5bb031262424d87374bba6469bbbbfb0f457d44448d3d31887b1a20828e220b
[Roughtime] Server time: 1620124801178
[Roughtime] Nonce: eec3b7ff62a79cb22f0de63f1a8781682f7fedc23ef4a926091a9f02d4296a420000000000000000000000000000000000000000000000000000000000000000
[Roughtime] Sign: 42aecf3e353a22d24ac965da3fa43b235e983ed36e0b1de8313648ffc57d96a0da3fcc5f7c9f96425b70cd22a492925ff11adb4828850c9fdd582f88c8f8750a
[Roughtime] Server time: 1620124801183
CONF: anchor:roughtime.chainpoint.org fs:1024MB n_rounds:1 seed:5c9f4bf9bbc15bb855f82faedc5a52fc3ab2dfa8ec3ba3ce1b270f31fa0cced2 filename:FILE bs:1024 nops:100 benchmarking:0 anchor_ping:2 queue_depth:32 direct:0
[Roughtime] Deriving from 5c9f4bf9bbc15bb855f82faedc5a52fc3ab2dfa8ec3ba3ce1b270f31fa0cced20000000000000000000000000000000000000000000000000000000000000000
[Roughtime] Received 7e25278d13efb9f46753dd7e7850fac29531085d18b636528e96aa624664229ab5bb031262424d87374bba6469bbbbfb0f457d44448d3d31887b1a20828e220b
[Roughtime] Deriving from eec3b7ff62a79cb22f0de63f1a8781682f7fedc23ef4a926091a9f02d4296a420000000000000000000000000000000000000000000000000000000000000000
[Roughtime] Received 42aecf3e353a22d24ac965da3fa43b235e983ed36e0b1de8313648ffc57d96a0da3fcc5f7c9f96425b70cd22a492925ff11adb4828850c9fdd582f88c8f8750a
Time breakdown (averages): anchor_ping:9.334874 file_read:0.255022 hashing:0.468575
Total time for 1 rounds is 19.393412ms
Standard deviations: anchor_ping:5.357174 file_read:0.000000 hashing:0.000000
[Client-side ops] mean:0.723597 sd:0.000000
in & out anchor rand written to proofs/phase1.out
      1 [Roughtime] Server time: 1620124801178
      1 [Roughtime] Server time: 1620124801183
Diff is 5
success: 1
RESULT: 1 in 1 tries
