TLS anchor: www.sunysuffolk.edu
Actual: 34, Set: 71
Beginning execution at Sun May 2 13:35:01 UTC 2021
CONF: anchor:www.sunysuffolk.edu fs:1024MB n_rounds:71 seed:5c9f4bf9bbc15bb855f82faedc5a52fc3ab2dfa8ec3ba3ce1b270f31fa0cced2 filename:FILE bs:1024 nops:100 benchmarking:0 anchor_ping:1 queue_depth:32 direct:0
[TLS] Connecting to www.sunysuffolk.edu
[TLS] Server time: 1619962501
[TLS] client_random  (32): 5C9F4BF9BBC15BB855F82FAEDC5A52FC3AB2DFA8EC3BA3CE1B270F31FA0CCED2
[TLS] sign_hash (32): 28E3CD6886F548A20346C5D2FC1F9C63F7EEBC144711772F648A18D92AC32BA7
[TLS] Written transcript to proofs/MSG_TLS_5C9F4BF9.out, proofs/SIG_TLS_5C9F4BF9.out and proofs/PK_TLS_5C9F4BF9.der
Signature verification succeeds
[TLS] Server time: 1619962501
[TLS] client_random  (32): 906219D818E0E7B0867EFB8C6EEA929BDC48965AF754B5169F3C57C22B6B5D64
[TLS] sign_hash (32): 5DC8D36A1417D02BCB05C073355CF7D6571A116C1961C03E395364D62A99738A
[TLS] Written transcript to proofs/MSG_TLS_906219D8.out, proofs/SIG_TLS_906219D8.out and proofs/PK_TLS_906219D8.der
Signature verification succeeds
[TLS] Server time: 1619962501
[TLS] client_random  (32): 723B961ED9F76DC2AE63F4ADB7C7911B4C8259DB1AF05E849CF3758A0A5C5FA6
[TLS] sign_hash (32): 8557A8DAF5220B9CE37F12B458B0C681F764544C36C8CE8BF9D531E0CEEBAAC2
[TLS] Written transcript to proofs/MSG_TLS_723B961E.out, proofs/SIG_TLS_723B961E.out and proofs/PK_TLS_723B961E.der
Signature verification succeeds
[TLS] Server time: 1619962501
[TLS] client_random  (32): 39AB2E596EF82DFE6D53EB6F40398C7D4AEE853B7D178A5E103E163BD323ECCF
[TLS] sign_hash (32): 0C61C9A11D08966A2EAAFD7AEA7CEE86D7F1E4F46CD751D997E42062F74B9745
[TLS] Written transcript to proofs/MSG_TLS_39AB2E59.out, proofs/SIG_TLS_39AB2E59.out and proofs/PK_TLS_39AB2E59.der
Signature verification succeeds
[TLS] Server time: 1619962501
[TLS] client_random  (32): 31638E05824EB54317546C8763E4FC5F9C1C538BFDBD7DDFA83775A9CE8AB9C0
[TLS] sign_hash (32): 2A592A0C5EDD2D00265F7DC8971731522297DAE7AA542FA4BCFD64F89484B3FD
[TLS] Written transcript to proofs/MSG_TLS_31638E05.out, proofs/SIG_TLS_31638E05.out and proofs/PK_TLS_31638E05.der
Signature verification succeeds
[TLS] Server time: 1619962501
[TLS] client_random  (32): A6241D45D8E4D20560A517B7067E798B106DB00C3DF7F1C5CCC889F8AE99CE78
[TLS] sign_hash (32): 8AFCD27DD5404C3149901592DA963881AF946AB13F665B9D3F0DD20CDCCEEDF0
[TLS] Written transcript to proofs/MSG_TLS_A6241D45.out, proofs/SIG_TLS_A6241D45.out and proofs/PK_TLS_A6241D45.der
Signature verification succeeds
[TLS] Server time: 1619962501
[TLS] client_random  (32): 25CE395D83227BD23C6AB632EFF0FEE7636826F15EE7DE916FA72E15CDE6D6E1
[TLS] sign_hash (32): 16A0F017C4F5C3F5737E6D8EB6D62FEA08F0FABAB766F69C0875DD8D64BF1B99
[TLS] Written transcript to proofs/MSG_TLS_25CE395D.out, proofs/SIG_TLS_25CE395D.out and proofs/PK_TLS_25CE395D.der
Signature verification succeeds
[TLS] Server time: 1619962501
[TLS] client_random  (32): 7BB6D78F82C92BD98E3D5F23B960263B68B506FF587DE41C1FF1AEEA04084E46
[TLS] sign_hash (32): 20CA428C6A01EE375C01701FB094EFF714834FFE85DD623F28D6FA94B7120390
[TLS] Written transcript to proofs/MSG_TLS_7BB6D78F.out, proofs/SIG_TLS_7BB6D78F.out and proofs/PK_TLS_7BB6D78F.der
Signature verification succeeds
[TLS] Server time: 1619962501
[TLS] client_random  (32): EED4E90B2B30938FEFF8E72D7642AA5A03DB7CE88319DA8981ECB9118D35928D
[TLS] sign_hash (32): 1FC13802BE2418FBDC47189FB17FDFDCD957240A69B5B996BDC4CE9A5E5CCF80
[TLS] Written transcript to proofs/MSG_TLS_EED4E90B.out, proofs/SIG_TLS_EED4E90B.out and proofs/PK_TLS_EED4E90B.der
Signature verification succeeds
[TLS] Server time: 1619962501
[TLS] client_random  (32): 834011FAD7E730F26B0B0133B6C555B113AAD95B346ECDE80C41ED2CF9EA0E8C
[TLS] sign_hash (32): 38729BF2FF59F805FFF2142571C45A2F2A4CDF95AF56BD30D32263FDF1F2BECA
[TLS] Written transcript to proofs/MSG_TLS_834011FA.out, proofs/SIG_TLS_834011FA.out and proofs/PK_TLS_834011FA.der
Signature verification succeeds
[TLS] Server time: 1619962501
[TLS] client_random  (32): 7E551C9310563E75008C743AAFF3DE40D0F65C5AB14D84F766E11D52B27816FE
[TLS] sign_hash (32): 624AB892E5889B37B4891451094B1CF2CDF4C3000DFFB64CBBC69D2447751CED
[TLS] Written transcript to proofs/MSG_TLS_7E551C93.out, proofs/SIG_TLS_7E551C93.out and proofs/PK_TLS_7E551C93.der
Signature verification succeeds
[TLS] Server time: 1619962502
[TLS] client_random  (32): AF5FD8B0BBF2FC5CFD2B6895FA05274C7092E429557E39CC736BB357E37180D4
[TLS] sign_hash (32): 439E4E944090317E11E8289D36349D3ABD29FFC74A1601F01AA7976D3A6216C2
[TLS] Written transcript to proofs/MSG_TLS_AF5FD8B0.out, proofs/SIG_TLS_AF5FD8B0.out and proofs/PK_TLS_AF5FD8B0.der
Signature verification succeeds
[TLS] Server time: 1619962502
[TLS] client_random  (32): DEF8499ECDEA8C26F33077C0936870EF1C7B10AB2897B13B0A07ECF68B141A07
[TLS] sign_hash (32): 309314259C2B58F890945C00AB34C8545EA95010EAFA74696CF7B74A6169FF7F
[TLS] Written transcript to proofs/MSG_TLS_DEF8499E.out, proofs/SIG_TLS_DEF8499E.out and proofs/PK_TLS_DEF8499E.der
Signature verification succeeds
[TLS] Server time: 1619962502
[TLS] client_random  (32): 5FA4845E60F2195801CA76E89FA577EE1A25C0BCDA3EB759EFFDE095320F8ABF
[TLS] sign_hash (32): 0DCCD7A8F51D460AB5F50C57B845A8075525B3D6D6E53A2561A9034B6B709721
[TLS] Written transcript to proofs/MSG_TLS_5FA4845E.out, proofs/SIG_TLS_5FA4845E.out and proofs/PK_TLS_5FA4845E.der
Signature verification succeeds
[TLS] Server time: 1619962502
[TLS] client_random  (32): 3B87092814428758BC07533E06CDE4E390BCBC63716817D224A0AAD0113F2F0F
[TLS] sign_hash (32): 92FA54CD2B5A81F969D4A6E5E1A28256A495B4B9C3F3EF67CCDBD2740453A8D2
[TLS] Written transcript to proofs/MSG_TLS_3B870928.out, proofs/SIG_TLS_3B870928.out and proofs/PK_TLS_3B870928.der
Signature verification succeeds
[TLS] Server time: 1619962502
[TLS] client_random  (32): DBBC8900EBD2474F1D09C4D0A9C7DF7803099B7788BC09EBA47D18D718C2A657
[TLS] sign_hash (32): B96B404D5E2F78CD30EC5D95E4AB11DB467512516B840D0F1174E134826B747E
[TLS] Written transcript to proofs/MSG_TLS_DBBC8900.out, proofs/SIG_TLS_DBBC8900.out and proofs/PK_TLS_DBBC8900.der
Signature verification succeeds
[TLS] Server time: 1619962503
[TLS] client_random  (32): E1D36110D0F5EF6C4A8516483EB7F3FCF999F25A194D118413E099A0B88B006C
[TLS] sign_hash (32): B669C04B52DDFAD10CEE74B77885886510136714BFD14FD2612E4F8B94D4E8A5
[TLS] Written transcript to proofs/MSG_TLS_E1D36110.out, proofs/SIG_TLS_E1D36110.out and proofs/PK_TLS_E1D36110.der
Signature verification succeeds
[TLS] Server time: 1619962503
[TLS] client_random  (32): 4CD9CDC917DFE66DDEB32D1C798603E9A8F5259C288E0B9464D04CCD1F2B91C7
[TLS] sign_hash (32): C1F8AE1EDE6549785E02B06DA711254312C3095A63FD8856E7C899F6F8622E73
[TLS] Written transcript to proofs/MSG_TLS_4CD9CDC9.out, proofs/SIG_TLS_4CD9CDC9.out and proofs/PK_TLS_4CD9CDC9.der
Signature verification succeeds
[TLS] Server time: 1619962503
[TLS] client_random  (32): 9AC61668F9C5548B586F0428CDDB97673B8BC267A48D3D1A713265BD9504CD8B
[TLS] sign_hash (32): CD1E45DFFFE0DEBE685F7D9943121FCB36A9149A0456F67144F85589FF0DCC10
[TLS] Written transcript to proofs/MSG_TLS_9AC61668.out, proofs/SIG_TLS_9AC61668.out and proofs/PK_TLS_9AC61668.der
Signature verification succeeds
[TLS] Server time: 1619962503
[TLS] client_random  (32): CED855CA06AEB8BE12AD3F2B83C49F6D06070483B5AE4C976DEA94677BC225D0
[TLS] sign_hash (32): C56254AC20AB730CA3AD2D964DD9455AD40EBC569B743AF06826C52743CC5485
[TLS] Written transcript to proofs/MSG_TLS_CED855CA.out, proofs/SIG_TLS_CED855CA.out and proofs/PK_TLS_CED855CA.der
Signature verification succeeds
[TLS] Server time: 1619962504
[TLS] client_random  (32): 108B6C498F690CBB93B1449528BAF28578762DC0B6CADF75B004A8F900E8C84C
[TLS] sign_hash (32): 8437B426B687BC57E5AE661B365A69351F4ABBA84AD52F8C611AFC837C34EB86
[TLS] Written transcript to proofs/MSG_TLS_108B6C49.out, proofs/SIG_TLS_108B6C49.out and proofs/PK_TLS_108B6C49.der
Signature verification succeeds
[TLS] Server time: 1619962504
[TLS] client_random  (32): 3F4E665BD95ED9744B23482838D46C359209D6DD3B7D32EA1F54D713977B782F
[TLS] sign_hash (32): A3D38A60278D97953DB0AAF05E3E50A91AFD942678DFEF37FF05ED1789E30409
[TLS] Written transcript to proofs/MSG_TLS_3F4E665B.out, proofs/SIG_TLS_3F4E665B.out and proofs/PK_TLS_3F4E665B.der
Signature verification succeeds
[TLS] Server time: 1619962504
[TLS] client_random  (32): 182821279753C0E39D07C5E2E200F3C3023FBC3BCEAAE54D1D89B22D5F7FC7B3
[TLS] sign_hash (32): 72E0D547FC4A0AB062F6667A848D02ED6B71C5E7A015A97027B766B7CCA66362
[TLS] Written transcript to proofs/MSG_TLS_18282127.out, proofs/SIG_TLS_18282127.out and proofs/PK_TLS_18282127.der
Signature verification succeeds
[TLS] Server time: 1619962504
[TLS] client_random  (32): 1FF3E8AF7E2ECD4FE35D82E41DE301D2CDAFC9B75851E3F8D4DD88B52F102118
[TLS] sign_hash (32): 91077BD1347AC904CCCE1E9D7C32D482F1E3D5D8695042ED8A2387DADB60416C
[TLS] Written transcript to proofs/MSG_TLS_1FF3E8AF.out, proofs/SIG_TLS_1FF3E8AF.out and proofs/PK_TLS_1FF3E8AF.der
Signature verification succeeds
[TLS] Server time: 1619962504
[TLS] client_random  (32): 5A7CA25C433FDF1BAE6152C3CA9A5372E88D009F5AB556DE146CD723AA36D96C
[TLS] sign_hash (32): 17F270A90199BA2B0F9F3F085C9FCAD9A261F7073C9071240E1D2FF0852FD6D3
[TLS] Written transcript to proofs/MSG_TLS_5A7CA25C.out, proofs/SIG_TLS_5A7CA25C.out and proofs/PK_TLS_5A7CA25C.der
Signature verification succeeds
[TLS] Server time: 1619962504
[TLS] client_random  (32): 5D1A1EE5E7C37196E54A4061D2B59AA04339A1AA9029E66C915A1C6647BF93E6
[TLS] sign_hash (32): 7DE114D52667A92C8CA5F444F7EFE26EFD566F64CC40FC77B60DC0B2E94C8B20
[TLS] Written transcript to proofs/MSG_TLS_5D1A1EE5.out, proofs/SIG_TLS_5D1A1EE5.out and proofs/PK_TLS_5D1A1EE5.der
Signature verification succeeds
[TLS] Server time: 1619962504
[TLS] client_random  (32): 42E359064E09BC6EA12790FDCF118B88B24E239688A83C7515E711DA6E02F034
[TLS] sign_hash (32): 320442E5DD0887F25A6507B03436CB04D27DFD7C70268670309CD0CBFACE6FDA
[TLS] Written transcript to proofs/MSG_TLS_42E35906.out, proofs/SIG_TLS_42E35906.out and proofs/PK_TLS_42E35906.der
Signature verification succeeds
[TLS] Server time: 1619962504
[TLS] client_random  (32): CD7135350CF345CFEC1C065F7936A3713EF6970DAC3A8A1B870EB7513782AE29
[TLS] sign_hash (32): 3B227EC25DE74D988B104459553397BA3CCE789A1FBD017B15B107D379EC80CC
[TLS] Written transcript to proofs/MSG_TLS_CD713535.out, proofs/SIG_TLS_CD713535.out and proofs/PK_TLS_CD713535.der
Signature verification succeeds
[TLS] Server time: 1619962505
[TLS] client_random  (32): 9E05BAD1A2357154FD616010EC5B707AB4BBBD2A0D3F0AC2CA067DBEA6543CB2
[TLS] sign_hash (32): D94E21E4048455281F2C9CB147189A8A73C1BC09B971F47B125F31A428A9EDCA
[TLS] Written transcript to proofs/MSG_TLS_9E05BAD1.out, proofs/SIG_TLS_9E05BAD1.out and proofs/PK_TLS_9E05BAD1.der
Signature verification succeeds
[TLS] Server time: 1619962505
[TLS] client_random  (32): F64B40F436DF9D8C486423094EBEB4143CC265C389F6BFAB17F2C66A3EBEC8D5
[TLS] sign_hash (32): A8054A93BE370E8E409A59F62348802654EBB8EAF85EE9B654689A2EB2B5B26C
[TLS] Written transcript to proofs/MSG_TLS_F64B40F4.out, proofs/SIG_TLS_F64B40F4.out and proofs/PK_TLS_F64B40F4.der
Signature verification succeeds
[TLS] Server time: 1619962505
[TLS] client_random  (32): 5C1F24CAD1EDC671BFFD8B5F4787A2DF14535F8FAF2FD3B103D3DE659E33FDA8
[TLS] sign_hash (32): 5DC870E738E9721A91C18EF7C248ED0E4F75141441C4B645A9A20F7F63CE05EA
[TLS] Written transcript to proofs/MSG_TLS_5C1F24CA.out, proofs/SIG_TLS_5C1F24CA.out and proofs/PK_TLS_5C1F24CA.der
Signature verification succeeds
[TLS] Server time: 1619962505
[TLS] client_random  (32): F16ABCFC9D323518F9BC84755889F386D3A682D6AB79EF1CA7D5D8B9660E2452
[TLS] sign_hash (32): 688992AC7C8E4DF31CDE3E4EABEA78011DA3A2E44B984147F28627A3442E7760
[TLS] Written transcript to proofs/MSG_TLS_F16ABCFC.out, proofs/SIG_TLS_F16ABCFC.out and proofs/PK_TLS_F16ABCFC.der
Signature verification succeeds
[TLS] Server time: 1619962505
[TLS] client_random  (32): BEF4CEE080F4844D25F350B29C78CBD3EAA11B3624036591F7AA055B6B1B9717
[TLS] sign_hash (32): CFE6CCD83301D08D22F657AB2B81C4B6CF1366A77B72012E719F84B4CF37E749
[TLS] Written transcript to proofs/MSG_TLS_BEF4CEE0.out, proofs/SIG_TLS_BEF4CEE0.out and proofs/PK_TLS_BEF4CEE0.der
Signature verification succeeds
[TLS] Server time: 1619962505
[TLS] client_random  (32): 7700B67F4D1044557A0F5D3217F297FF974FF440E97D44338388A623B76A4F8A
[TLS] sign_hash (32): 6F9202FFDAF73CA9572756BAC611D46873C729404BD3C737D565FF13EE60D180
[TLS] Written transcript to proofs/MSG_TLS_7700B67F.out, proofs/SIG_TLS_7700B67F.out and proofs/PK_TLS_7700B67F.der
Signature verification succeeds
[TLS] Server time: 1619962505
[TLS] client_random  (32): 8F1F39F41C8AA802FA7D68CF0DF837C29719C3569FB7430375CB1AB9FE1BFB39
[TLS] sign_hash (32): 5637C4C41A21E63E86B9BE65046FD683673A1E983C8D38C0AF178337DA514171
[TLS] Written transcript to proofs/MSG_TLS_8F1F39F4.out, proofs/SIG_TLS_8F1F39F4.out and proofs/PK_TLS_8F1F39F4.der
Signature verification succeeds
[TLS] Server time: 1619962505
[TLS] client_random  (32): 9D24AF6A6B7C7984010C3F7F0E832745A7422CBFAEDD3A19B82F02924897F00B
[TLS] sign_hash (32): EB48CC991FD9C2D1EB09663EE03CE4756B461585928E79B92C07D8414870C02A
[TLS] Written transcript to proofs/MSG_TLS_9D24AF6A.out, proofs/SIG_TLS_9D24AF6A.out and proofs/PK_TLS_9D24AF6A.der
Signature verification succeeds
[TLS] Server time: 1619962505
[TLS] client_random  (32): C576E424B8CA74676CC12CACA3730122B525D481D5C57DBD107A5D2E78ADA543
[TLS] sign_hash (32): B3C6C6EDC8798D485255676389E4E4EFD9BDBAC259D03505061FD0A92DBD0682
[TLS] Written transcript to proofs/MSG_TLS_C576E424.out, proofs/SIG_TLS_C576E424.out and proofs/PK_TLS_C576E424.der
Signature verification succeeds
[TLS] Server time: 1619962505
[TLS] client_random  (32): D34A0DEEF4E24269BE404C2827525C3347A56C59055BE2E29F5EEA3053837EA4
[TLS] sign_hash (32): 91696637D388D1401E7C15FBFE7D8A0EFA40FF206CEAAC1281658E7E096190FA
[TLS] Written transcript to proofs/MSG_TLS_D34A0DEE.out, proofs/SIG_TLS_D34A0DEE.out and proofs/PK_TLS_D34A0DEE.der
Signature verification succeeds
[TLS] Server time: 1619962505
[TLS] client_random  (32): 5DB1336AA19506710D0411B7DE0CC38AE48E4CB1B59DA8CDEBCA70F4DB876F0D
[TLS] sign_hash (32): F3D9AD169E0759F00661EBF7A549976A8469F2DDECA1EEC9B73749BF9BB141B4
[TLS] Written transcript to proofs/MSG_TLS_5DB1336A.out, proofs/SIG_TLS_5DB1336A.out and proofs/PK_TLS_5DB1336A.der
Signature verification succeeds
[TLS] Server time: 1619962505
[TLS] client_random  (32): 78EBC8AAFD7E091311B35E498E2C6714126CCF7C29E990FE68022553C98E2BA0
[TLS] sign_hash (32): F96425F4A0DE6E4B4E68AE5DD2353863EFDE5DDE1C6F18EED1EFE394137E9E3F
[TLS] Written transcript to proofs/MSG_TLS_78EBC8AA.out, proofs/SIG_TLS_78EBC8AA.out and proofs/PK_TLS_78EBC8AA.der
Signature verification succeeds
[TLS] Server time: 1619962505
[TLS] client_random  (32): 1563335EDB507388A3083DF29F12CC8B0FB600E45C0A6C78CE34936983EBD27C
[TLS] sign_hash (32): C430B4EB0182355B8B172BD80570574B370222AEA5748346D7A08932C36E227E
[TLS] Written transcript to proofs/MSG_TLS_1563335E.out, proofs/SIG_TLS_1563335E.out and proofs/PK_TLS_1563335E.der
Signature verification succeeds
[TLS] Server time: 1619962505
[TLS] client_random  (32): 187AA318C4541E4E645792EA100FC21DEE12502A50DC30F73B9DA12626057F51
[TLS] sign_hash (32): 5DE7BEF72B6549121CC98CE6CE5FDCA1AF52136252A2DEC696AB04977CB305F8
[TLS] Written transcript to proofs/MSG_TLS_187AA318.out, proofs/SIG_TLS_187AA318.out and proofs/PK_TLS_187AA318.der
Signature verification succeeds
[TLS] Server time: 1619962505
[TLS] client_random  (32): 19083A6A8143AEA1B0A6682C5F7A2996E67F83E362A8CED449959085E744B137
[TLS] sign_hash (32): B3A29DE3EAF2CD2FB9BE7605AA972D118AC95E1425409BBC704394BC6CEC6B83
[TLS] Written transcript to proofs/MSG_TLS_19083A6A.out, proofs/SIG_TLS_19083A6A.out and proofs/PK_TLS_19083A6A.der
Signature verification succeeds
[TLS] Server time: 1619962505
[TLS] client_random  (32): BF45ED62C34E44E344BEEED79C7F65045C7A59833E826C700E13348AAA126371
[TLS] sign_hash (32): C23203FE2C2AF6C06ECBF110E2B153D8F702B1264E9FC8090DCF5B0B7FF70464
[TLS] Written transcript to proofs/MSG_TLS_BF45ED62.out, proofs/SIG_TLS_BF45ED62.out and proofs/PK_TLS_BF45ED62.der
Signature verification succeeds
[TLS] Server time: 1619962505
[TLS] client_random  (32): 6512EE01031507232338D4865506D32CE16B00DE1139087A07E0B38376E45DAB
[TLS] sign_hash (32): BE7D8BF29CB26E0039A5B8108F40777D7D8DBCBA4243C8F878A2BEC385594E65
[TLS] Written transcript to proofs/MSG_TLS_6512EE01.out, proofs/SIG_TLS_6512EE01.out and proofs/PK_TLS_6512EE01.der
Signature verification succeeds
[TLS] Server time: 1619962506
[TLS] client_random  (32): 03AB75B3DC151672B54D072FCF8C33664416B9B6AB7ABFE983509886EED55669
[TLS] sign_hash (32): F47621F7DDFA22652280853411E0B442E25EC7CE13BAB2E5F070C2AD1E90389D
[TLS] Written transcript to proofs/MSG_TLS_03AB75B3.out, proofs/SIG_TLS_03AB75B3.out and proofs/PK_TLS_03AB75B3.der
Signature verification succeeds
[TLS] Server time: 1619962506
[TLS] client_random  (32): A264BF5BB444D18D8237A0D6B2D168EB486D7DB6D26B98CC14B4D672E593B76B
[TLS] sign_hash (32): 9F6484005AFA5D0756F325490BBAEF619F578E330064981F8183D4C37A9DA147
[TLS] Written transcript to proofs/MSG_TLS_A264BF5B.out, proofs/SIG_TLS_A264BF5B.out and proofs/PK_TLS_A264BF5B.der
Signature verification succeeds
[TLS] Server time: 1619962506
[TLS] client_random  (32): 565E461AD8AC0313805DC2CE3CC9140833CF78154512637B866EB823F0D5795D
[TLS] sign_hash (32): 31478B13A5C127AE5B49592F0AD488CAFAA50EA82121D12D1C73B7F16912DF93
[TLS] Written transcript to proofs/MSG_TLS_565E461A.out, proofs/SIG_TLS_565E461A.out and proofs/PK_TLS_565E461A.der
Signature verification succeeds
[TLS] Server time: 1619962506
[TLS] client_random  (32): E0A160C6757A44375A8F96E173C54BCCC4A3DB7695DF8D914B9071BF6616E3AB
[TLS] sign_hash (32): 16A948881D804E2F3D998F2EF4ACB8E4E41146DCDA93A3F8C9DEDFCCFBD3DA36
[TLS] Written transcript to proofs/MSG_TLS_E0A160C6.out, proofs/SIG_TLS_E0A160C6.out and proofs/PK_TLS_E0A160C6.der
Signature verification succeeds
[TLS] Server time: 1619962506
[TLS] client_random  (32): 97800DEA16D7235CFE19E8FD600E9A6AA527F9DBC2AF1678E957BE6AB783F3C7
[TLS] sign_hash (32): B84EA40A322ED595AC25CB58D15DB9AE089C86341B0A8678AAB533A9F8765DB5
[TLS] Written transcript to proofs/MSG_TLS_97800DEA.out, proofs/SIG_TLS_97800DEA.out and proofs/PK_TLS_97800DEA.der
Signature verification succeeds
[TLS] Server time: 1619962506
[TLS] client_random  (32): DA828FAF5CBC0248AA3CBB1CF3DF21F0BB2DE60744ECFC8DD3D32BC706816A76
[TLS] sign_hash (32): CF92A678B0D39A3866544CF4DC4E2E41B31CE6E86F744889AAD806A92390DFB6
[TLS] Written transcript to proofs/MSG_TLS_DA828FAF.out, proofs/SIG_TLS_DA828FAF.out and proofs/PK_TLS_DA828FAF.der
Signature verification succeeds
[TLS] Server time: 1619962506
[TLS] client_random  (32): E7BAC91284F34062E9C334C62407FF74D547A5DFD9CBF8C4D091D0C4F4439FB2
[TLS] sign_hash (32): 4FAEBA6D60F1A1C948BB202CBC72C56A1B01A9AF878D02E63930EC5D0820C0B2
[TLS] Written transcript to proofs/MSG_TLS_E7BAC912.out, proofs/SIG_TLS_E7BAC912.out and proofs/PK_TLS_E7BAC912.der
Signature verification succeeds
[TLS] Server time: 1619962506
[TLS] client_random  (32): 839C08AE4FB0BC0F14140F065DF75BE0C453A59444AF4133E6B6ABAE75B0DF45
[TLS] sign_hash (32): 53230664B47D29BE3630A5E67619B099D4E0E1BD717661B27A560250BAF2D7C5
[TLS] Written transcript to proofs/MSG_TLS_839C08AE.out, proofs/SIG_TLS_839C08AE.out and proofs/PK_TLS_839C08AE.der
Signature verification succeeds
[TLS] Server time: 1619962506
[TLS] client_random  (32): 621728D476EB2DAE5E457592FACDC98B3B2309E1EFFA57990CB8477615282AA4
[TLS] sign_hash (32): C70960A917ABF30EF093604246CAC8955990F2C60495971D1DAD25786853170A
[TLS] Written transcript to proofs/MSG_TLS_621728D4.out, proofs/SIG_TLS_621728D4.out and proofs/PK_TLS_621728D4.der
Signature verification succeeds
[TLS] Server time: 1619962506
[TLS] client_random  (32): 42597B623F31461444DFFBA7C31239CEE181723B4C8A3B6CD8B019B163DE37C6
[TLS] sign_hash (32): 68E19446ED861334434D5F75B1E17E1FDCDEBAA07E61F1CBDE3506418CF90124
[TLS] Written transcript to proofs/MSG_TLS_42597B62.out, proofs/SIG_TLS_42597B62.out and proofs/PK_TLS_42597B62.der
Signature verification succeeds
[TLS] Server time: 1619962506
[TLS] client_random  (32): 374A862A6FFC6CC6CEEE468226EE42209089D7F6F2D456AAFD5781FBD218071F
[TLS] sign_hash (32): 6039FCDF58659E98E7955849A9CD1B7FA76066845A2A584592D6AF5E3F24C826
[TLS] Written transcript to proofs/MSG_TLS_374A862A.out, proofs/SIG_TLS_374A862A.out and proofs/PK_TLS_374A862A.der
Signature verification succeeds
[TLS] Server time: 1619962506
[TLS] client_random  (32): E858AA052518CCD485639AEC74BE119EE257B816202162FAEFD5A7F3E666351B
[TLS] sign_hash (32): 8DFC4B4A8501836A36B7408E52FFDB2DAAE319E254EE29F5DCA3D2DF1AEFE1E8
[TLS] Written transcript to proofs/MSG_TLS_E858AA05.out, proofs/SIG_TLS_E858AA05.out and proofs/PK_TLS_E858AA05.der
Signature verification succeeds
[TLS] Server time: 1619962506
[TLS] client_random  (32): D4D140A0CA460FD1B5618296BF3308E382DA6E5AA7C9DBCC5A22911E5B55F834
[TLS] sign_hash (32): 6A47B7181A1AB9FF46A531E975CD80559D98BF2DA5EB1DD80763A67ECC92F954
[TLS] Written transcript to proofs/MSG_TLS_D4D140A0.out, proofs/SIG_TLS_D4D140A0.out and proofs/PK_TLS_D4D140A0.der
Signature verification succeeds
[TLS] Server time: 1619962506
[TLS] client_random  (32): 3AEEB01CFC0967CB3FC0F631BE91C1A7A6D157F5A6F5E4FC6962C1300ACC9227
[TLS] sign_hash (32): 1D0783B5BA87B7271CC3D81B6354AA6C3D6A1DFD525C1940753EF2B960EB707E
[TLS] Written transcript to proofs/MSG_TLS_3AEEB01C.out, proofs/SIG_TLS_3AEEB01C.out and proofs/PK_TLS_3AEEB01C.der
Signature verification succeeds
[TLS] Server time: 1619962506
[TLS] client_random  (32): 056509EC6B9D90F86AB67DD81961AD22FBA465416F7774A3DAED3D087C4E3A39
[TLS] sign_hash (32): 10A2718C1D3080DA5CDF09E335F4296D466128411CBB1649E0CA9780DF450EAD
[TLS] Written transcript to proofs/MSG_TLS_056509EC.out, proofs/SIG_TLS_056509EC.out and proofs/PK_TLS_056509EC.der
Signature verification succeeds
[TLS] Server time: 1619962506
[TLS] client_random  (32): 2E3038C88282F1BAA6730FC155C86348E2CECF2E45F7EEE94437B9BDF00F0B8B
[TLS] sign_hash (32): C55EC3C07644FE8D715D5E7B40756F87475E37FF779A5E8F919CF24BCCF7070A
[TLS] Written transcript to proofs/MSG_TLS_2E3038C8.out, proofs/SIG_TLS_2E3038C8.out and proofs/PK_TLS_2E3038C8.der
Signature verification succeeds
[TLS] Server time: 1619962506
[TLS] client_random  (32): 0288B85FF4B378A006027C08C2B0A661620E9708926F1A62CB2EAC95A2FFBBD0
[TLS] sign_hash (32): 84624C56C7667EF2A3ECCAA65956313CE666CE8A2B9705BB88DDDD78E0F83614
[TLS] Written transcript to proofs/MSG_TLS_0288B85F.out, proofs/SIG_TLS_0288B85F.out and proofs/PK_TLS_0288B85F.der
Signature verification succeeds
[TLS] Server time: 1619962506
[TLS] client_random  (32): 42691C95D14D42AB0839D8BE2C41A29B7FC2F20257412296E8FB354433CCC2B8
[TLS] sign_hash (32): 565EAB4E9350E49317CC80D81ACB1CE7EFD840417FFC7B8754C9B47E6E6A3CB3
[TLS] Written transcript to proofs/MSG_TLS_42691C95.out, proofs/SIG_TLS_42691C95.out and proofs/PK_TLS_42691C95.der
Signature verification succeeds
[TLS] Server time: 1619962506
[TLS] client_random  (32): 6624A7B79553C5E5172796F2E976DA5A48E25B9D65C3B6C78A56F0E977825499
[TLS] sign_hash (32): 383D521B79EB1F4B5BBE92045DC2AB592083AC811F7F0B8053D220C1CA4645AC
[TLS] Written transcript to proofs/MSG_TLS_6624A7B7.out, proofs/SIG_TLS_6624A7B7.out and proofs/PK_TLS_6624A7B7.der
Signature verification succeeds
[TLS] Server time: 1619962506
[TLS] client_random  (32): F3EF61C79792C60453919556F99F3C2DB8AA6FBAB116085A1DCD66612CCBC5D1
[TLS] sign_hash (32): 25FD81D81010E7BAB35BBBA19C927B58151A32E11262613B0498C07BBCD66D93
[TLS] Written transcript to proofs/MSG_TLS_F3EF61C7.out, proofs/SIG_TLS_F3EF61C7.out and proofs/PK_TLS_F3EF61C7.der
Signature verification succeeds
[TLS] Server time: 1619962506
[TLS] client_random  (32): CC75113395863A1C8517E4499AE60114117FE79F497640C9328F5715B91BB84D
[TLS] sign_hash (32): 0EB0143DD7EE669A11099A4E6D17CB1D4E4FD7E992473F5E8971D2E0A5E35B5B
[TLS] Written transcript to proofs/MSG_TLS_CC751133.out, proofs/SIG_TLS_CC751133.out and proofs/PK_TLS_CC751133.der
Signature verification succeeds
[TLS] Server time: 1619962506
[TLS] client_random  (32): 03F59AA8CBDBE833E15A79BE0B71D1C5C33835C592C8A6B7B21884154907717E
[TLS] sign_hash (32): 80805929739BE25B4EEA6A96EDA650EFCC1548F6E1EE9063C22F6E42FB4E63D6
[TLS] Written transcript to proofs/MSG_TLS_03F59AA8.out, proofs/SIG_TLS_03F59AA8.out and proofs/PK_TLS_03F59AA8.der
Signature verification succeeds
[TLS] Server time: 1619962506
[TLS] client_random  (32): E3AB3F82A98778E857E06E70E6F87230640A5C4B05EE84127DD8C0775A201134
[TLS] sign_hash (32): 32D198E7D5C195AF583061B6A5C7C99E20B19EF329FB0291BFAE205D89457917
[TLS] Written transcript to proofs/MSG_TLS_E3AB3F82.out, proofs/SIG_TLS_E3AB3F82.out and proofs/PK_TLS_E3AB3F82.der
Signature verification succeeds
[TLS] Server time: 1619962506
[TLS] client_random  (32): FABAA0A0FF02B2CA9B7CF7E7427F0D8F6E8748C7E49A96625D52EE948B7126BB
[TLS] sign_hash (32): 1F0396230E570933A534E662853D79393935CF63D3E8FE78E991A0692D275CB2
[TLS] Written transcript to proofs/MSG_TLS_FABAA0A0.out, proofs/SIG_TLS_FABAA0A0.out and proofs/PK_TLS_FABAA0A0.der
Signature verification succeeds
[TLS] Server time: 1619962506
[TLS] client_random  (32): DF6C856BC07503D62F39F21C3D494201D191E4786B9F1C9C726A40E2B401BA34
[TLS] sign_hash (32): 64F905B6D67EE70F820F975B664A3CC8197B16DD704D33541D26882CE5A53931
[TLS] Written transcript to proofs/MSG_TLS_DF6C856B.out, proofs/SIG_TLS_DF6C856B.out and proofs/PK_TLS_DF6C856B.der
Signature verification succeeds
[TLS] Server time: 1619962506
[TLS] client_random  (32): 80E355522F1AD4703D10BEB44EFA29AB2202C46F5711883EEAEEA95CF83067B1
[TLS] sign_hash (32): 2F7C8B815278D7F7FFB3E33D5843E84009CD7522E991941544EED6CA9465728E
[TLS] Written transcript to proofs/MSG_TLS_80E35552.out, proofs/SIG_TLS_80E35552.out and proofs/PK_TLS_80E35552.der
Signature verification succeeds
[TLS] Server time: 1619962506
[TLS] client_random  (32): C6960B9D9CF55877EEFA7074FF8285D5C5ED66CA74F53623092BF949FD32E4DD
[TLS] sign_hash (32): B3CAAE3CFC5DB2A3673EAE3B5B1EC847A853C3F36A72A1F92B2E0AABE0EB1C7E
[TLS] Written transcript to proofs/MSG_TLS_C6960B9D.out, proofs/SIG_TLS_C6960B9D.out and proofs/PK_TLS_C6960B9D.der
Signature verification succeeds
Time breakdown (averages): anchor_ping:73.972352 file_read:0.140746 hashing:0.471353
Total time for 71 rounds is 5369.472866ms
Standard deviations: anchor_ping:184.686966 file_read:0.016266 hashing:0.005319
[Client-side ops] mean:0.612099 sd:0.016938
in & out anchor rand written to proofs/phase1.out
     11 [TLS] Server time: 1619962501
      5 [TLS] Server time: 1619962502
      4 [TLS] Server time: 1619962503
      8 [TLS] Server time: 1619962504
     17 [TLS] Server time: 1619962505
     27 [TLS] Server time: 1619962506
Count is 11
Count is 5
Count is 4
Count is 8
Count is 17
Count is 27
success: 0
Sleeping before retrying
CONF: anchor:www.sunysuffolk.edu fs:1024MB n_rounds:71 seed:5c9f4bf9bbc15bb855f82faedc5a52fc3ab2dfa8ec3ba3ce1b270f31fa0cced2 filename:FILE bs:1024 nops:100 benchmarking:0 anchor_ping:1 queue_depth:32 direct:0
[TLS] Connecting to www.sunysuffolk.edu
[TLS] Server time: 1619962508
[TLS] client_random  (32): 5C9F4BF9BBC15BB855F82FAEDC5A52FC3AB2DFA8EC3BA3CE1B270F31FA0CCED2
[TLS] sign_hash (32): 6D5A603EB923EBA5580109B04B492F9DD499C97A23A562615BEC596359C2D8D0
[TLS] Written transcript to proofs/MSG_TLS_5C9F4BF9.out, proofs/SIG_TLS_5C9F4BF9.out and proofs/PK_TLS_5C9F4BF9.der
Signature verification succeeds
[TLS] Server time: 1619962508
[TLS] client_random  (32): 62E6215F9ADA22F87E894F46E6C866BC3BDBBB96D0995D232ACE141AA4C67741
[TLS] sign_hash (32): FC3FCADE5DF3DC12321CAA610F770354479E5BADB1EA0C2D6416E9E669EC7987
[TLS] Written transcript to proofs/MSG_TLS_62E6215F.out, proofs/SIG_TLS_62E6215F.out and proofs/PK_TLS_62E6215F.der
Signature verification succeeds
[TLS] Server time: 1619962508
[TLS] client_random  (32): E55EFE2DD639A3C2DAEFD16A64BE741B524AC0A19F08FA94BE1D98BCF8BCFFDA
[TLS] sign_hash (32): 4A4ADA98470653A36684184D9B9DCBAFFC488795B2E5353A5F3B5030E8A6B60D
[TLS] Written transcript to proofs/MSG_TLS_E55EFE2D.out, proofs/SIG_TLS_E55EFE2D.out and proofs/PK_TLS_E55EFE2D.der
Signature verification succeeds
[TLS] Server time: 1619962508
[TLS] client_random  (32): 34D03C470DD0FAE72435D56E0EF30CBC239A0A5E9BF15998E3338667E94412BC
[TLS] sign_hash (32): 0182838F260D4874A3E99D79BB12979F6C65876338F3F51BC3F71F942444CA26
[TLS] Written transcript to proofs/MSG_TLS_34D03C47.out, proofs/SIG_TLS_34D03C47.out and proofs/PK_TLS_34D03C47.der
Signature verification succeeds
[TLS] Server time: 1619962508
[TLS] client_random  (32): BA7915E6809EAB818F584CDF92F6E1946245ECFFEE74CD29E242A53475407370
[TLS] sign_hash (32): CB432D8FAF165DFA903D4F3986993D707E0EA9887F86CBE20AACCB49634E780D
[TLS] Written transcript to proofs/MSG_TLS_BA7915E6.out, proofs/SIG_TLS_BA7915E6.out and proofs/PK_TLS_BA7915E6.der
Signature verification succeeds
[TLS] Server time: 1619962508
[TLS] client_random  (32): 0ADF065AA5D370BC604DFAF7569E6FC8CA8CA704A0AFAECED0979FD23B8734F0
[TLS] sign_hash (32): 8051327F98938C732AD743B988ED8297E9A2BDCEB2BB0B4456AC9E0B5C346EF3
[TLS] Written transcript to proofs/MSG_TLS_0ADF065A.out, proofs/SIG_TLS_0ADF065A.out and proofs/PK_TLS_0ADF065A.der
Signature verification succeeds
[TLS] Server time: 1619962508
[TLS] client_random  (32): 33A5791BD66F764871AA33A9BBDD46E89202FD75A0B4B3DB8A51F4BD8257957B
[TLS] sign_hash (32): 2B09739E05EC90C743C38434E955328CD78F78174AB1540D5C4CE516FC7721FC
[TLS] Written transcript to proofs/MSG_TLS_33A5791B.out, proofs/SIG_TLS_33A5791B.out and proofs/PK_TLS_33A5791B.der
Signature verification succeeds
[TLS] Server time: 1619962508
[TLS] client_random  (32): 43997E0516EF5D32D705B8EF0E6014E226F7E2488D60B481DB63FC1524E1993D
[TLS] sign_hash (32): 97FF9DD75B9AD06215B9F553995EF0DDC8BCB429D133774EEFEE3DB86C1C7744
[TLS] Written transcript to proofs/MSG_TLS_43997E05.out, proofs/SIG_TLS_43997E05.out and proofs/PK_TLS_43997E05.der
Signature verification succeeds
[TLS] Server time: 1619962508
[TLS] client_random  (32): 875B957B18793890C8B5B9A1C187B461D6A936EAF9E9DB9798BF0C6838DDDBB5
[TLS] sign_hash (32): 6242A6E5086435ABF0FB82680CFC2E1BEC4EDF3D99CE7BE550E8D93B4335C5F3
[TLS] Written transcript to proofs/MSG_TLS_875B957B.out, proofs/SIG_TLS_875B957B.out and proofs/PK_TLS_875B957B.der
Signature verification succeeds
[TLS] Server time: 1619962508
[TLS] client_random  (32): 64188CBEE397DB294741203E0A4AE4896AB1607C4DC014F16974FEA67BFC6D63
[TLS] sign_hash (32): 803B0D4A3600FFCF4561CF8FC510BE45E4D2178FD1F8C2641FF1048A54153744
[TLS] Written transcript to proofs/MSG_TLS_64188CBE.out, proofs/SIG_TLS_64188CBE.out and proofs/PK_TLS_64188CBE.der
Signature verification succeeds
[TLS] Server time: 1619962508
[TLS] client_random  (32): 862D2E082F8CAF3906A69A327A8682CE556B3C86EA796CB273B65B7EA9851E8F
[TLS] sign_hash (32): 662E84FBEF1BE24E83BB5EF9940115609169C69B872211D4492BB9CB133B4331
[TLS] Written transcript to proofs/MSG_TLS_862D2E08.out, proofs/SIG_TLS_862D2E08.out and proofs/PK_TLS_862D2E08.der
Signature verification succeeds
[TLS] Server time: 1619962508
[TLS] client_random  (32): 7CD01868F2A653B3687779BE6A744C40B0CF6478FCDF5D344BA9D8A8DA8738D6
[TLS] sign_hash (32): 7F6FC5149B9A50741BCB8EA118BD7F46F25A761C23F4B511D292EB52A8F3B3CF
[TLS] Written transcript to proofs/MSG_TLS_7CD01868.out, proofs/SIG_TLS_7CD01868.out and proofs/PK_TLS_7CD01868.der
Signature verification succeeds
[TLS] Server time: 1619962508
[TLS] client_random  (32): 422F3DD0CFAA6696B862CE5F447533E570D2B9C466108897314EF0CB791DBF1A
[TLS] sign_hash (32): 916ADFD046348B3A34C5E1EB1F2A91B7D60B2EA79E91FCBA4EB738775BFBD18E
[TLS] Written transcript to proofs/MSG_TLS_422F3DD0.out, proofs/SIG_TLS_422F3DD0.out and proofs/PK_TLS_422F3DD0.der
Signature verification succeeds
[TLS] Server time: 1619962508
[TLS] client_random  (32): 9B876D70B82C3A8640CE3557D60459E2B4A8B2E40F92C91F8A957E42C35A5979
[TLS] sign_hash (32): BD5F74DDC0527FFB6B294AA24046F42A8072C99FF1D48FE5C8F87118B3BF2AEE
[TLS] Written transcript to proofs/MSG_TLS_9B876D70.out, proofs/SIG_TLS_9B876D70.out and proofs/PK_TLS_9B876D70.der
Signature verification succeeds
[TLS] Server time: 1619962508
[TLS] client_random  (32): C72FA3ED1B65D72D756555FF902D42193C9379B54EDAAD44E956E5900EED7665
[TLS] sign_hash (32): BF95AAB7C28B9082C832C89D822CF582409C2C1320298BB363017C2EF1AAF756
[TLS] Written transcript to proofs/MSG_TLS_C72FA3ED.out, proofs/SIG_TLS_C72FA3ED.out and proofs/PK_TLS_C72FA3ED.der
Signature verification succeeds
[TLS] Server time: 1619962508
[TLS] client_random  (32): C8B4E2C2DDF0610782A0CE0B45C998BEC482D960A445D1E5D0DDF7738FF0DB9F
[TLS] sign_hash (32): F45D9F84EDE3C9088A36863C80723ED54BB0EB598046F02F8F43E97EF3733960
[TLS] Written transcript to proofs/MSG_TLS_C8B4E2C2.out, proofs/SIG_TLS_C8B4E2C2.out and proofs/PK_TLS_C8B4E2C2.der
Signature verification succeeds
[TLS] Server time: 1619962508
[TLS] client_random  (32): 4EFC32D5575AE153BA803825E04F9A59BDB9280A9A1A0506CC3389C7E8898B19
[TLS] sign_hash (32): 188F75813658965ED695C9D7707C7AFB735D48EFCA38C4B28AC084157FB77C91
[TLS] Written transcript to proofs/MSG_TLS_4EFC32D5.out, proofs/SIG_TLS_4EFC32D5.out and proofs/PK_TLS_4EFC32D5.der
Signature verification succeeds
[TLS] Server time: 1619962508
[TLS] client_random  (32): E61F9BA4FAEBC2F70117CE58D78860253C920A9D9279B820D3A80A9AB7051E39
[TLS] sign_hash (32): 90511262E344D8499B81A81153854A8B4014EAE2F53C935B4D22393EABC1DA6D
[TLS] Written transcript to proofs/MSG_TLS_E61F9BA4.out, proofs/SIG_TLS_E61F9BA4.out and proofs/PK_TLS_E61F9BA4.der
Signature verification succeeds
[TLS] Server time: 1619962508
[TLS] client_random  (32): CA834FE388BE1F6670C53DBA4394599F0C49F1513E5A3379C9CF49EE9CA98A0E
[TLS] sign_hash (32): E95C5575CA31CD3FAFEF0C06C87FEABE88643998B5E0D42A0CBB7B29D488461F
[TLS] Written transcript to proofs/MSG_TLS_CA834FE3.out, proofs/SIG_TLS_CA834FE3.out and proofs/PK_TLS_CA834FE3.der
Signature verification succeeds
[TLS] Server time: 1619962508
[TLS] client_random  (32): 0A46A75C2446DAEFE7B10F88BFDDAB8F966D20D4E0693128B52CBD6C97B96975
[TLS] sign_hash (32): 1E93B1BBCEB0BDB48C8FA2BD8C7872808D1A0EFF2E171E3A27688CC6AD5D9B9D
[TLS] Written transcript to proofs/MSG_TLS_0A46A75C.out, proofs/SIG_TLS_0A46A75C.out and proofs/PK_TLS_0A46A75C.der
Signature verification succeeds
[TLS] Server time: 1619962508
[TLS] client_random  (32): 8E466169C581BCB0100F4E2B0332EA08FF3C002A487A9308828C537542DD232B
[TLS] sign_hash (32): FD426FB7186F325DE24B375F22FFAA0C4F1B39DF4A97C1589718698A8881445E
[TLS] Written transcript to proofs/MSG_TLS_8E466169.out, proofs/SIG_TLS_8E466169.out and proofs/PK_TLS_8E466169.der
Signature verification succeeds
[TLS] Server time: 1619962508
[TLS] client_random  (32): 5E9F66DF3E57DC3143016BDE1E1C397B4A14C4BF493DD9CEDE3756F6A26843D8
[TLS] sign_hash (32): F007B2E9886D229E3B18B10CCC484568DB537536F3D79633C07997DF2163BC1C
[TLS] Written transcript to proofs/MSG_TLS_5E9F66DF.out, proofs/SIG_TLS_5E9F66DF.out and proofs/PK_TLS_5E9F66DF.der
Signature verification succeeds
[TLS] Server time: 1619962508
[TLS] client_random  (32): 6A8C7E337D50E27D5C0D176071516117CB35FCE6DA796526A8C1682392F5DAD1
[TLS] sign_hash (32): 372C1BC551170DD7FA13DDBC5D73E3BA7AA81B20BF4D921F07ADBB81ABF3CC8C
[TLS] Written transcript to proofs/MSG_TLS_6A8C7E33.out, proofs/SIG_TLS_6A8C7E33.out and proofs/PK_TLS_6A8C7E33.der
Signature verification succeeds
[TLS] Server time: 1619962508
[TLS] client_random  (32): 20F0053E605F5F30246DCDE93327959D8C7FACAF868FA1700AFA3CE16A785B98
[TLS] sign_hash (32): FE5DCACCFBD21C3DCE84BE94960D7610D64B1EACD76E936812739C872581AC08
[TLS] Written transcript to proofs/MSG_TLS_20F0053E.out, proofs/SIG_TLS_20F0053E.out and proofs/PK_TLS_20F0053E.der
Signature verification succeeds
[TLS] Server time: 1619962508
[TLS] client_random  (32): DAD80BFDC94D2E8F9C9A60C1DFAA25E0332D73386C56C53DB522247A3637539A
[TLS] sign_hash (32): 0162A598FD66F6A1C25A79C1E726F998AA736F7B51B003631F1816F83C9705B8
[TLS] Written transcript to proofs/MSG_TLS_DAD80BFD.out, proofs/SIG_TLS_DAD80BFD.out and proofs/PK_TLS_DAD80BFD.der
Signature verification succeeds
[TLS] Server time: 1619962508
[TLS] client_random  (32): 73C47806A3D870A9B718A17DEACA9186E1149AC7E0477C151B36A881583C0E21
[TLS] sign_hash (32): EC58E6C5115432B60B20CB1A66F1D5EFF2202D2FECC9A28F6FB6AE66D54BF3B5
[TLS] Written transcript to proofs/MSG_TLS_73C47806.out, proofs/SIG_TLS_73C47806.out and proofs/PK_TLS_73C47806.der
Signature verification succeeds
[TLS] Server time: 1619962508
[TLS] client_random  (32): E2829334221A83FD657E13FE59E58D7247496D9445ACAEBA836188783CB13075
[TLS] sign_hash (32): AAD2A36B6B53C337D9FC7876E19C8237528E7BC2ADA0995C2705D4158ABAD40B
[TLS] Written transcript to proofs/MSG_TLS_E2829334.out, proofs/SIG_TLS_E2829334.out and proofs/PK_TLS_E2829334.der
Signature verification succeeds
[TLS] Server time: 1619962508
[TLS] client_random  (32): 4D29B6EE9A0A480DC8D280516DB3A120BED48315E3E6AF5498829B98A73678E5
[TLS] sign_hash (32): 733E0147A1F5A9A1FFC9B054CE31CDF07DECA78FB457B16988BEC62D6ACFBC6A
[TLS] Written transcript to proofs/MSG_TLS_4D29B6EE.out, proofs/SIG_TLS_4D29B6EE.out and proofs/PK_TLS_4D29B6EE.der
Signature verification succeeds
[TLS] Server time: 1619962508
[TLS] client_random  (32): 4040572A1DB9E290A1CA15467557482A60DADDD5E289B5D5D7C576F99C28C8EA
[TLS] sign_hash (32): 2A0789F08B88E0419111398FA1F04BD99FBA8986B65FFA3EF80D75309110AE1C
[TLS] Written transcript to proofs/MSG_TLS_4040572A.out, proofs/SIG_TLS_4040572A.out and proofs/PK_TLS_4040572A.der
Signature verification succeeds
[TLS] Server time: 1619962508
[TLS] client_random  (32): 634BB5D51A85B856973A893EF507248BDDBCB755F79C24055742A1A869647249
[TLS] sign_hash (32): 7E9E8D26EF396449B906C3210E71F4B962B298FD47E2151C72C0619D56836515
[TLS] Written transcript to proofs/MSG_TLS_634BB5D5.out, proofs/SIG_TLS_634BB5D5.out and proofs/PK_TLS_634BB5D5.der
Signature verification succeeds
[TLS] Server time: 1619962508
[TLS] client_random  (32): 7C1A54F76EA99864B9212676DFE8DCA6B91382A99EF922C1C6F3CA1FBFBF3D67
[TLS] sign_hash (32): D996B4242D594604F7A7C67517E225142364DC53BB39AA17F0F64F55466DC8C5
[TLS] Written transcript to proofs/MSG_TLS_7C1A54F7.out, proofs/SIG_TLS_7C1A54F7.out and proofs/PK_TLS_7C1A54F7.der
Signature verification succeeds
[TLS] Server time: 1619962508
[TLS] client_random  (32): 7D3DA2104383A08F46F38587A4D4851DFBDE3E8B46A7551C0C6260A19C9F6307
[TLS] sign_hash (32): E1CF2FA67BCC09C2ED1A79D74A8CD48708681486D7662DDD4E67C4923AABF87F
[TLS] Written transcript to proofs/MSG_TLS_7D3DA210.out, proofs/SIG_TLS_7D3DA210.out and proofs/PK_TLS_7D3DA210.der
Signature verification succeeds
[TLS] Server time: 1619962508
[TLS] client_random  (32): 4DF1BEE2EB39C73435C42E4825A5A269DED02FE95B36594C33AB66D652BB7FFD
[TLS] sign_hash (32): BEA593D4C4C96ABEA45F76194F6EC383D45148C0D6A05BCC033183F1A02154EE
[TLS] Written transcript to proofs/MSG_TLS_4DF1BEE2.out, proofs/SIG_TLS_4DF1BEE2.out and proofs/PK_TLS_4DF1BEE2.der
Signature verification succeeds
[TLS] Server time: 1619962508
[TLS] client_random  (32): 493AD980FDC5722DD8463964CF9A0641298A35459DB81A967D3E8B1F496C6457
[TLS] sign_hash (32): 84B69D4235DD6ABDB059C3A8AAA178CF4F4E7F9E732901F7DCA21A1ABEA41A6C
[TLS] Written transcript to proofs/MSG_TLS_493AD980.out, proofs/SIG_TLS_493AD980.out and proofs/PK_TLS_493AD980.der
Signature verification succeeds
[TLS] Server time: 1619962508
[TLS] client_random  (32): 9067340410CDD2B92F9013F5FD937F5AD3EFC75215EED8EB5466FE2311025385
[TLS] sign_hash (32): A33AA9AEE1A7A99EF8116371BB49035D3ED6225045848C7AFA7B3DE65A1F962F
[TLS] Written transcript to proofs/MSG_TLS_90673404.out, proofs/SIG_TLS_90673404.out and proofs/PK_TLS_90673404.der
Signature verification succeeds
[TLS] Server time: 1619962509
[TLS] client_random  (32): 45E3E4AD6EBDE3F6ADC359ABC4AB51425D686ABA0B167C07A57C776F66C53671
[TLS] sign_hash (32): 9573837EB27B6A4C10D2732CBB4FF56AA67FAEA87F28D330DD6B5DD5FB9F7E51
[TLS] Written transcript to proofs/MSG_TLS_45E3E4AD.out, proofs/SIG_TLS_45E3E4AD.out and proofs/PK_TLS_45E3E4AD.der
Signature verification succeeds
[TLS] Server time: 1619962509
[TLS] client_random  (32): 9D78F27182D3470BE8BC26546C60BE1F442242610AF4E87EEA872B209AA0FFDB
[TLS] sign_hash (32): 0DEEA832C7C7B41D6146A2C09C762FC489F271C0F8EC5B03AFBDB7C3E40E9F16
[TLS] Written transcript to proofs/MSG_TLS_9D78F271.out, proofs/SIG_TLS_9D78F271.out and proofs/PK_TLS_9D78F271.der
Signature verification succeeds
[TLS] Server time: 1619962509
[TLS] client_random  (32): FD374C7F39EB4977324A35FF52E8E06154818C723BF4571B64C12AB43E917576
[TLS] sign_hash (32): D148541FF094E34A2127EF911138E8611A5AB24E95A991500CB69CE4E153F167
[TLS] Written transcript to proofs/MSG_TLS_FD374C7F.out, proofs/SIG_TLS_FD374C7F.out and proofs/PK_TLS_FD374C7F.der
Signature verification succeeds
[TLS] Server time: 1619962509
[TLS] client_random  (32): 6842674D519BF7CC2612045AD2DB8AE99FB5A38B64BF97D87C72D97A2206706D
[TLS] sign_hash (32): 6872596E867022041E3D1098A48734C573707171087AD79CA3E2834C78551C9C
[TLS] Written transcript to proofs/MSG_TLS_6842674D.out, proofs/SIG_TLS_6842674D.out and proofs/PK_TLS_6842674D.der
Signature verification succeeds
[TLS] Server time: 1619962509
[TLS] client_random  (32): 4A52628B284254F2C95211CC3682C94C940566D632A182509A9EB6394E8D954D
[TLS] sign_hash (32): 8C0E5DF30FB4804D312A081563F6D4EDB465B9DC5D34CDC8EC385D51EB1CF070
[TLS] Written transcript to proofs/MSG_TLS_4A52628B.out, proofs/SIG_TLS_4A52628B.out and proofs/PK_TLS_4A52628B.der
Signature verification succeeds
[TLS] Server time: 1619962509
[TLS] client_random  (32): 24C74B42F4643ACF7D7E10E824BDEB2F33578C51DFE7EE2FF86653F7D8A1833A
[TLS] sign_hash (32): 8E8A3F82747A66B70A540FC4B47253A28426E902BCA85FBE9B42B8EBEA123B07
[TLS] Written transcript to proofs/MSG_TLS_24C74B42.out, proofs/SIG_TLS_24C74B42.out and proofs/PK_TLS_24C74B42.der
Signature verification succeeds
[TLS] Server time: 1619962509
[TLS] client_random  (32): 13C8AA9C6FEAE9CD26923E8FE38D265B46FD8FA5A728E40C4D4D0768828033BC
[TLS] sign_hash (32): BB99C4B2D6D0966F037348403DA3F588B0123C40ED2B7AE642884CD8AE2ECE48
[TLS] Written transcript to proofs/MSG_TLS_13C8AA9C.out, proofs/SIG_TLS_13C8AA9C.out and proofs/PK_TLS_13C8AA9C.der
Signature verification succeeds
[TLS] Server time: 1619962509
[TLS] client_random  (32): 2A2E70D84CED8A42BED5EAB1608052B945889C5D381AE06739D9378AC87A2075
[TLS] sign_hash (32): 5D5F603933BBA3275AA7BF6A9ECE00F932BAD28A4CDB74B794DB6BC5E9F19AD9
[TLS] Written transcript to proofs/MSG_TLS_2A2E70D8.out, proofs/SIG_TLS_2A2E70D8.out and proofs/PK_TLS_2A2E70D8.der
Signature verification succeeds
[TLS] Server time: 1619962509
[TLS] client_random  (32): E5A1D793CD31A6C46BAB0C746FCE6C1E8D7C0A767504D516CBAA52E7230BB4F8
[TLS] sign_hash (32): DF97C8F2FAA629030C5BFC6A3F6F7CF2A32EB64F23A05C7018B8DA0FE041A358
[TLS] Written transcript to proofs/MSG_TLS_E5A1D793.out, proofs/SIG_TLS_E5A1D793.out and proofs/PK_TLS_E5A1D793.der
Signature verification succeeds
[TLS] Server time: 1619962509
[TLS] client_random  (32): 649A5C3D76083B24E1617CD343F8C5495BD37B6695A93ECB95B6E679AE616BFF
[TLS] sign_hash (32): 95F8BAF62F41EDA3E43E31D59C6846FE28A661800B9EBE3DDFCB6903872F7DB4
[TLS] Written transcript to proofs/MSG_TLS_649A5C3D.out, proofs/SIG_TLS_649A5C3D.out and proofs/PK_TLS_649A5C3D.der
Signature verification succeeds
[TLS] Server time: 1619962509
[TLS] client_random  (32): 063A284A76E079A4E3CAE1E5980D81F99420C7CDC3EA5A6B2DFB0DD5129605AC
[TLS] sign_hash (32): B41A397EDF3208351F674389A797D7BB2E25197FE96FF4A70E1EE9518ED24BBD
[TLS] Written transcript to proofs/MSG_TLS_063A284A.out, proofs/SIG_TLS_063A284A.out and proofs/PK_TLS_063A284A.der
Signature verification succeeds
[TLS] Server time: 1619962509
[TLS] client_random  (32): 32746C9E7D4B2C780C7CDF6322CB2E09BE5159B97E22AECA280A59BC653B2D71
[TLS] sign_hash (32): BBD04999B6CD0AF8651A6F356A0EB715086FB158A4D88CD29FCFD8589B52361E
[TLS] Written transcript to proofs/MSG_TLS_32746C9E.out, proofs/SIG_TLS_32746C9E.out and proofs/PK_TLS_32746C9E.der
Signature verification succeeds
[TLS] Server time: 1619962509
[TLS] client_random  (32): 1CFF477EEA3CEB46EF0E0CD8D3F3A80A4A68CD7F98F8C4281AD593E15C529657
[TLS] sign_hash (32): 7DE872BE14F2A0BC047A980C63819FD876FA4123B005CC2B48BEDD37B8F0D665
[TLS] Written transcript to proofs/MSG_TLS_1CFF477E.out, proofs/SIG_TLS_1CFF477E.out and proofs/PK_TLS_1CFF477E.der
Signature verification succeeds
[TLS] Server time: 1619962509
[TLS] client_random  (32): 1047C9E541BF536C0A3A36B6F620FE49681015508899EF04AE6E7C328B99FE63
[TLS] sign_hash (32): 0F65F6C955999AA836A098E05C091131096DB9D47D1AF5EF920A264811A1805A
[TLS] Written transcript to proofs/MSG_TLS_1047C9E5.out, proofs/SIG_TLS_1047C9E5.out and proofs/PK_TLS_1047C9E5.der
Signature verification succeeds
[TLS] Server time: 1619962509
[TLS] client_random  (32): 49D4A61A1A203728C999A101558A26C47DBE7427F9E23BC7F7F338C3543C48D9
[TLS] sign_hash (32): FF3475850A152AAB4314B65CFB0E0C66C34B63087585219B3CAAAB4F8695DA02
[TLS] Written transcript to proofs/MSG_TLS_49D4A61A.out, proofs/SIG_TLS_49D4A61A.out and proofs/PK_TLS_49D4A61A.der
Signature verification succeeds
[TLS] Server time: 1619962509
[TLS] client_random  (32): DD71D8689B38A9418CF9C3478C5E7913C6A185EBD1D0F09B12A425483D76986A
[TLS] sign_hash (32): 103117733224F0A9DFFF1D7E4E979D7B9E91FABAB638D336ADC61A698DD7BB38
[TLS] Written transcript to proofs/MSG_TLS_DD71D868.out, proofs/SIG_TLS_DD71D868.out and proofs/PK_TLS_DD71D868.der
Signature verification succeeds
[TLS] Server time: 1619962509
[TLS] client_random  (32): 9E62B9F9BC923C47E718C993C3FA2FE7E1328A5D4C0AEF920ACF5116BBC1D08A
[TLS] sign_hash (32): D455F839A330E727D3DF00332F347E59B08598CB59450E0CF3C60D676F6B6221
[TLS] Written transcript to proofs/MSG_TLS_9E62B9F9.out, proofs/SIG_TLS_9E62B9F9.out and proofs/PK_TLS_9E62B9F9.der
Signature verification succeeds
[TLS] Server time: 1619962509
[TLS] client_random  (32): A50E026EF315FB877E81FA2BA44C4595F422DE9F60DF97443B502040494F5A94
[TLS] sign_hash (32): 66B0DDC79D63D5A0051FDE09430E0B2AE2F47C79333BA3263F1234B54979F4EE
[TLS] Written transcript to proofs/MSG_TLS_A50E026E.out, proofs/SIG_TLS_A50E026E.out and proofs/PK_TLS_A50E026E.der
Signature verification succeeds
[TLS] Server time: 1619962509
[TLS] client_random  (32): 5175904DDB8B4E37335318313F5B69432EC2545B73C0F6AF73727FC0A5D74324
[TLS] sign_hash (32): EE420DBB0DEA5134BC406C02EF252DECF3B88E47AC2081BDC854D0F6F3751A77
[TLS] Written transcript to proofs/MSG_TLS_5175904D.out, proofs/SIG_TLS_5175904D.out and proofs/PK_TLS_5175904D.der
Signature verification succeeds
[TLS] Server time: 1619962509
[TLS] client_random  (32): 78818D47BF2388562081A6BA9403D093FD32B2328F065501303D1A0958A685EA
[TLS] sign_hash (32): 0A54511FA37BDF668F3C6A4F92BA17A173CB85662EEC4FA904D2E71B7183C7B8
[TLS] Written transcript to proofs/MSG_TLS_78818D47.out, proofs/SIG_TLS_78818D47.out and proofs/PK_TLS_78818D47.der
Signature verification succeeds
[TLS] Server time: 1619962509
[TLS] client_random  (32): E845C810A0DE13653976826B48CB24EABFB88C65F6812F23EF37BE9332E11EDA
[TLS] sign_hash (32): 1CAC9A796B0F96A700FFAD9698244D53DE8F88B75F1BAC8D2C40805B7C221457
[TLS] Written transcript to proofs/MSG_TLS_E845C810.out, proofs/SIG_TLS_E845C810.out and proofs/PK_TLS_E845C810.der
Signature verification succeeds
[TLS] Server time: 1619962509
[TLS] client_random  (32): 7B084F933ACFB26E884A02BC8AB782BE0B5E7A6A3C262E27AF222020F5BB39B1
[TLS] sign_hash (32): A6C288C94CEA563C2CDC417D81C50AA1B3145CF7698D7C0EE2ED3E631399E08B
[TLS] Written transcript to proofs/MSG_TLS_7B084F93.out, proofs/SIG_TLS_7B084F93.out and proofs/PK_TLS_7B084F93.der
Signature verification succeeds
[TLS] Server time: 1619962509
[TLS] client_random  (32): AC7CCF74EE786D3D5922681B168673D189B75EAF3C1C263AAB1A65F084008D85
[TLS] sign_hash (32): 157BB6964B6F1167AD0ABD751998B6104ACD426CD16D212335BB704A2ED095E6
[TLS] Written transcript to proofs/MSG_TLS_AC7CCF74.out, proofs/SIG_TLS_AC7CCF74.out and proofs/PK_TLS_AC7CCF74.der
Signature verification succeeds
[TLS] Server time: 1619962509
[TLS] client_random  (32): BD0DFBA4F16F35053A36AC186E15EF7A65CC50CAA1506F8F8532F439C9F3CDB2
[TLS] sign_hash (32): 7F289F3E2C0C13AC5A2D4BDE09ED71E2098DD26994EA0B9DEF025BACB986C9A9
[TLS] Written transcript to proofs/MSG_TLS_BD0DFBA4.out, proofs/SIG_TLS_BD0DFBA4.out and proofs/PK_TLS_BD0DFBA4.der
Signature verification succeeds
[TLS] Server time: 1619962509
[TLS] client_random  (32): AAFBFBAC27F2A197B9EAF80C8EAEF514F9DE8DA56BACD149277FC12DFE49D85F
[TLS] sign_hash (32): 303D2B721FAB9073901BB7A6930ACF9F4A24BB666886B2EC2BA6FA27A6648C67
[TLS] Written transcript to proofs/MSG_TLS_AAFBFBAC.out, proofs/SIG_TLS_AAFBFBAC.out and proofs/PK_TLS_AAFBFBAC.der
Signature verification succeeds
[TLS] Server time: 1619962509
[TLS] client_random  (32): 81F6F7DE6C278C47BC175E5F4558D9F77CCBC42768F8C8269E91C135E5304B35
[TLS] sign_hash (32): 7630A36B76EA1847A86DE75DF2EF7A320D06118826C4B0B618E10C4F4663C6C5
[TLS] Written transcript to proofs/MSG_TLS_81F6F7DE.out, proofs/SIG_TLS_81F6F7DE.out and proofs/PK_TLS_81F6F7DE.der
Signature verification succeeds
[TLS] Server time: 1619962509
[TLS] client_random  (32): 14DA6B48549C48053C44393BF00AE43EA110E8B9BA710650D803D44A8B0AC5C1
[TLS] sign_hash (32): 2AFEBBECC946EF0527F3F6A56FB83B87CDDE0437F18738E18B2FF60774FC0D64
[TLS] Written transcript to proofs/MSG_TLS_14DA6B48.out, proofs/SIG_TLS_14DA6B48.out and proofs/PK_TLS_14DA6B48.der
Signature verification succeeds
[TLS] Server time: 1619962509
[TLS] client_random  (32): 77A87E91A7FF88A4B54BADC98D654FF561033A08A1B331B0394F4A656E62A378
[TLS] sign_hash (32): C79990A717FD8EEABA73FB495D24C6BBDEC0ED37E211CD992CF02CF43785E7D1
[TLS] Written transcript to proofs/MSG_TLS_77A87E91.out, proofs/SIG_TLS_77A87E91.out and proofs/PK_TLS_77A87E91.der
Signature verification succeeds
[TLS] Server time: 1619962509
[TLS] client_random  (32): FDE786350CE5B6993292753E4D3B760CCBA9503DF3D5B9B9920F9BFA40DC9E59
[TLS] sign_hash (32): A7495759BE9B48C84BC803B730AB3CBA1C669D2C2A387E7B1B048BA956A7CAD4
[TLS] Written transcript to proofs/MSG_TLS_FDE78635.out, proofs/SIG_TLS_FDE78635.out and proofs/PK_TLS_FDE78635.der
Signature verification succeeds
[TLS] Server time: 1619962509
[TLS] client_random  (32): 345BC89F1D64A6E0FEB17576443761FA11A9299224E6096BB043F70F2ABB9967
[TLS] sign_hash (32): EB64432E1A1C97B05FCB8E86F2B8F1F53D28E07E6E8A102E010349A89147DE8D
[TLS] Written transcript to proofs/MSG_TLS_345BC89F.out, proofs/SIG_TLS_345BC89F.out and proofs/PK_TLS_345BC89F.der
Signature verification succeeds
[TLS] Server time: 1619962509
[TLS] client_random  (32): 9A3BFDCEBC0FB0AEB80C0587B6E9156EA12F0986E8BB745566F0E034C8F9BBAD
[TLS] sign_hash (32): 290372792783C52C3C9010129BB8A39C4E3E5757721FE60258303CA73BDB07D2
[TLS] Written transcript to proofs/MSG_TLS_9A3BFDCE.out, proofs/SIG_TLS_9A3BFDCE.out and proofs/PK_TLS_9A3BFDCE.der
Signature verification succeeds
[TLS] Server time: 1619962509
[TLS] client_random  (32): 7CBC13487497910023C70D488586D366E8452E7B2F8B132B612E6EE71EA76003
[TLS] sign_hash (32): 00B6D2729B58DF5C4B9B21E6B649705F5AD2D42AB1CA6373CA97D0A80DAEEB50
[TLS] Written transcript to proofs/MSG_TLS_7CBC1348.out, proofs/SIG_TLS_7CBC1348.out and proofs/PK_TLS_7CBC1348.der
Signature verification succeeds
[TLS] Server time: 1619962509
[TLS] client_random  (32): 11B2CC26B99474EF766E02DB9BEB01EFD43E4BC39E8ADE05B4614520ACFCA571
[TLS] sign_hash (32): B4F5ECCFEA9CA2427302CD169DF7471283CE60907616B5BD7BCD3E568A049BC4
[TLS] Written transcript to proofs/MSG_TLS_11B2CC26.out, proofs/SIG_TLS_11B2CC26.out and proofs/PK_TLS_11B2CC26.der
Signature verification succeeds
[TLS] Server time: 1619962509
[TLS] client_random  (32): 437809101A1A8E0135F04CA6862F508543E55F4534701A0A162F3C4665BC22BC
[TLS] sign_hash (32): FFFFD383791A4076FDF1D5D1FE2432F739BEE7A0F39D4CAF6916D7335851E18E
[TLS] Written transcript to proofs/MSG_TLS_43780910.out, proofs/SIG_TLS_43780910.out and proofs/PK_TLS_43780910.der
Signature verification succeeds
[TLS] Server time: 1619962509
[TLS] client_random  (32): FD5977285A4D513A54543B2D74ED49C81547E26C9C7C5AB940E925A8F7BF8453
[TLS] sign_hash (32): B843EC72F13667DC406BCB7F8BD69A8A180E8FD6B36F340A423951D445035580
[TLS] Written transcript to proofs/MSG_TLS_FD597728.out, proofs/SIG_TLS_FD597728.out and proofs/PK_TLS_FD597728.der
Signature verification succeeds
[TLS] Server time: 1619962509
[TLS] client_random  (32): BB6CECE45C9332124F3CB975C0DA8E9BBCDCB0C28DDEBA739E19A1D5A08CA1D2
[TLS] sign_hash (32): DCE4BD397CA9BB541FF60CA43F26788AAD88DFE88AE0B8E9F7E147CE4ECDF5AC
[TLS] Written transcript to proofs/MSG_TLS_BB6CECE4.out, proofs/SIG_TLS_BB6CECE4.out and proofs/PK_TLS_BB6CECE4.der
Signature verification succeeds
[TLS] Server time: 1619962509
[TLS] client_random  (32): 37BC0942FD3D15E8D30CB696BFC1A7EAB99AFC71E941E259D51B2BFE5E8922C1
[TLS] sign_hash (32): 97CE8522E3D6C2C2DAA86DAFDFBC1C2958540AA3F8E986C342EF0667C77F9787
[TLS] Written transcript to proofs/MSG_TLS_37BC0942.out, proofs/SIG_TLS_37BC0942.out and proofs/PK_TLS_37BC0942.der
Signature verification succeeds
Time breakdown (averages): anchor_ping:13.952024 file_read:0.131765 hashing:0.470050
Total time for 71 rounds is 1047.278768ms
Standard deviations: anchor_ping:0.435263 file_read:0.015839 hashing:0.004235
[Client-side ops] mean:0.601815 sd:0.017986
in & out anchor rand written to proofs/phase1.out
     35 [TLS] Server time: 1619962508
     37 [TLS] Server time: 1619962509
Count is 35
Count is 37
success: 1
RESULT: 1 in 2 tries
