TLS anchor: www.sunysuffolk.edu
Actual: 34, Set: 71
Beginning execution at Sun May 2 19:35:01 UTC 2021
CONF: anchor:www.sunysuffolk.edu fs:1024MB n_rounds:71 seed:5c9f4bf9bbc15bb855f82faedc5a52fc3ab2dfa8ec3ba3ce1b270f31fa0cced2 filename:FILE bs:1024 nops:100 benchmarking:0 anchor_ping:1 queue_depth:32 direct:0
[TLS] Connecting to www.sunysuffolk.edu
[TLS] Server time: 1619984101
[TLS] client_random  (32): 5C9F4BF9BBC15BB855F82FAEDC5A52FC3AB2DFA8EC3BA3CE1B270F31FA0CCED2
[TLS] sign_hash (32): B38FC712A83E1848DCC8FF33F80B880A3FFDAB5F1B85647440D04B778EBFC8D5
[TLS] Written transcript to proofs/MSG_TLS_5C9F4BF9.out, proofs/SIG_TLS_5C9F4BF9.out and proofs/PK_TLS_5C9F4BF9.der
Signature verification succeeds
[TLS] Server time: 1619984101
[TLS] client_random  (32): 8E80A21D6C880113952D47AFB43CC4EEA6B8C23E61F762A9DF8E0FB7FBEA6F88
[TLS] sign_hash (32): 288FC7E6128152FA77FCB04644014944206FBA3103D3C67EB5B64E584B985856
[TLS] Written transcript to proofs/MSG_TLS_8E80A21D.out, proofs/SIG_TLS_8E80A21D.out and proofs/PK_TLS_8E80A21D.der
Signature verification succeeds
[TLS] Server time: 1619984101
[TLS] client_random  (32): 7FBB99ED31F47FE0AA5A3ABC85D3607A86CFD31A8422B3C7DDF4F0123FB05B24
[TLS] sign_hash (32): F34818FC2E3726AC45A0FA98BC9545DB55C41E3E2E15FAF465C210844BB97B2E
[TLS] Written transcript to proofs/MSG_TLS_7FBB99ED.out, proofs/SIG_TLS_7FBB99ED.out and proofs/PK_TLS_7FBB99ED.der
Signature verification succeeds
[TLS] Server time: 1619984101
[TLS] client_random  (32): 29E1CA4D2962E2C4EC484C9A9F30683A259F9ABFCE1D25590D3319F18CCB2B1B
[TLS] sign_hash (32): 44000722781DD56FC9EC60AABDBD58C82526DD96E34AB748AE32961A7863F447
[TLS] Written transcript to proofs/MSG_TLS_29E1CA4D.out, proofs/SIG_TLS_29E1CA4D.out and proofs/PK_TLS_29E1CA4D.der
Signature verification succeeds
[TLS] Server time: 1619984101
[TLS] client_random  (32): 6227C3E2D462D473C03833B9917FFC3CFA9738025C26081C592A9B8DE639D09B
[TLS] sign_hash (32): 687513A38F7ABC9F17643619E21569CC13BE376F5C9D90402AF98E2400A89A41
[TLS] Written transcript to proofs/MSG_TLS_6227C3E2.out, proofs/SIG_TLS_6227C3E2.out and proofs/PK_TLS_6227C3E2.der
Signature verification succeeds
[TLS] Server time: 1619984101
[TLS] client_random  (32): 50626F574DA01528C9DEAD008082F0961010AECE3F3F60453EFA130D1D346B97
[TLS] sign_hash (32): 625309F18F24310F0CE10A1B8F5D255A6E04C749DA93F1A8F5251DA971648ADC
[TLS] Written transcript to proofs/MSG_TLS_50626F57.out, proofs/SIG_TLS_50626F57.out and proofs/PK_TLS_50626F57.der
Signature verification succeeds
[TLS] Server time: 1619984101
[TLS] client_random  (32): E601CCF95BFE1392F97D97D54BC9C04AA30FED984704A71C6A830071A9140739
[TLS] sign_hash (32): 32F6B92BD9DA5AF3A76C4EBA9D90B0FF4F55D1DB8BDC27616B95D3993679BD30
[TLS] Written transcript to proofs/MSG_TLS_E601CCF9.out, proofs/SIG_TLS_E601CCF9.out and proofs/PK_TLS_E601CCF9.der
Signature verification succeeds
[TLS] Server time: 1619984101
[TLS] client_random  (32): BF3478DDD16E5CFA78C5676541310DB10176E1F37BB184C08B6F1016E45503E7
[TLS] sign_hash (32): F290655ED68DA5A6C678E2686C195A7B5B910BF0F9F86E6CC9CD1C56238B609C
[TLS] Written transcript to proofs/MSG_TLS_BF3478DD.out, proofs/SIG_TLS_BF3478DD.out and proofs/PK_TLS_BF3478DD.der
Signature verification succeeds
[TLS] Server time: 1619984101
[TLS] client_random  (32): 62135DCB830316982C2E56C14EC5BE77CBED6D5AB55340C7C9985901498A8069
[TLS] sign_hash (32): CDA149EF793198D33F169B3297CA09815FA925E78A73B90AA85FF03693F39BC8
[TLS] Written transcript to proofs/MSG_TLS_62135DCB.out, proofs/SIG_TLS_62135DCB.out and proofs/PK_TLS_62135DCB.der
Signature verification succeeds
[TLS] Server time: 1619984101
[TLS] client_random  (32): 4CFD548DF3CB5C9AC5945C31CC0FDA06BE2D123C59F9EB7128BF40BF952C452B
[TLS] sign_hash (32): 51EE68FA4A021DAE65804E6278C7A620EF46DC58CF11051B59B9A48E53082728
[TLS] Written transcript to proofs/MSG_TLS_4CFD548D.out, proofs/SIG_TLS_4CFD548D.out and proofs/PK_TLS_4CFD548D.der
Signature verification succeeds
[TLS] Server time: 1619984102
[TLS] client_random  (32): 7A830A56C9E2AF290E7B9208D3B9FFA392B8C827DA8E7567005E2C43294B439A
[TLS] sign_hash (32): 0250D62D346DCD22B3E32A82A38ECB4B0A740FD7113CF72499A9F394EECE9C49
[TLS] Written transcript to proofs/MSG_TLS_7A830A56.out, proofs/SIG_TLS_7A830A56.out and proofs/PK_TLS_7A830A56.der
Signature verification succeeds
[TLS] Server time: 1619984103
[TLS] client_random  (32): 7364EE43431B2416744A4216AA3EE936F709D7051A4911FEB76215B7536AABA6
[TLS] sign_hash (32): B6F231360A6A5AB1F54572AD08D241C2621E4EBDE2052B4E798A90E53A582753
[TLS] Written transcript to proofs/MSG_TLS_7364EE43.out, proofs/SIG_TLS_7364EE43.out and proofs/PK_TLS_7364EE43.der
Signature verification succeeds
[TLS] Server time: 1619984103
[TLS] client_random  (32): 22F794B7F3DF42713D1CB796BD3EA0B8B2EED357096AFDA71530ECD9B2E6CDB1
[TLS] sign_hash (32): A5F9427BB9302E49F35C3177865E74DAB8A1CA24BE15DCAC949B24F7143DEDF1
[TLS] Written transcript to proofs/MSG_TLS_22F794B7.out, proofs/SIG_TLS_22F794B7.out and proofs/PK_TLS_22F794B7.der
Signature verification succeeds
[TLS] Server time: 1619984104
[TLS] client_random  (32): D1C873E6D34103615524CC709DD7373A251254C945184CADD578A0CF0958A992
[TLS] sign_hash (32): 84BDA35B149E4E5DED8142A68695354A35F21FE083F2F0A82B4FE433482FFC4C
[TLS] Written transcript to proofs/MSG_TLS_D1C873E6.out, proofs/SIG_TLS_D1C873E6.out and proofs/PK_TLS_D1C873E6.der
Signature verification succeeds
[TLS] Server time: 1619984104
[TLS] client_random  (32): 4189809105F53BDFEFE99C29F3020C2B4D488805270785F0FF6519ECEDEB01DD
[TLS] sign_hash (32): 9A5F174B3714EF61EB9F847FDF732C9D24F4D18A0D6CC7C9300C82DBC0D7EF5F
[TLS] Written transcript to proofs/MSG_TLS_41898091.out, proofs/SIG_TLS_41898091.out and proofs/PK_TLS_41898091.der
Signature verification succeeds
[TLS] Server time: 1619984104
[TLS] client_random  (32): 995365646D655434B5332140D16740E4152A80EBF89A44C6D0BD6BF2903499E8
[TLS] sign_hash (32): 538DA4D8B3004B5467C68AD8D05D867D1790C352FA59FE9561D3DEC6DB978690
[TLS] Written transcript to proofs/MSG_TLS_99536564.out, proofs/SIG_TLS_99536564.out and proofs/PK_TLS_99536564.der
Signature verification succeeds
[TLS] Server time: 1619984104
[TLS] client_random  (32): D67D3F143F4A715225DD7E12536BAF1B8D1912EAF90BA43295ED1C23A8F7DBDC
[TLS] sign_hash (32): 1CFAD85CCA98ADB6A53EFEFF500182D0F27A93E1ED4B591B3E189CF01AE20874
[TLS] Written transcript to proofs/MSG_TLS_D67D3F14.out, proofs/SIG_TLS_D67D3F14.out and proofs/PK_TLS_D67D3F14.der
Signature verification succeeds
[TLS] Server time: 1619984105
[TLS] client_random  (32): 644CC81AC93FE5E15BB896F22FED2537C38B1DF7B96BBB4232B6C2CCE7A4DDCA
[TLS] sign_hash (32): 27FDAF0109464CC3B4C140DC583DEB3A29B82A36EF6415BA3D2FC08A6D9706BF
[TLS] Written transcript to proofs/MSG_TLS_644CC81A.out, proofs/SIG_TLS_644CC81A.out and proofs/PK_TLS_644CC81A.der
Signature verification succeeds
[TLS] Server time: 1619984105
[TLS] client_random  (32): 09C367250B138035EF2ADBB0F1B582C2214BCEF91F09F5B4E1CC8BFC8F7ADEC8
[TLS] sign_hash (32): 3E87785565E47497CD20E1CFFD30133F73D03F79C7029902DF31BF8BC61185F9
[TLS] Written transcript to proofs/MSG_TLS_09C36725.out, proofs/SIG_TLS_09C36725.out and proofs/PK_TLS_09C36725.der
Signature verification succeeds
[TLS] Server time: 1619984105
[TLS] client_random  (32): A4EC8141D9649FC562291C7F585C3BC48A194D32A7016DED1D2AF60B75150D53
[TLS] sign_hash (32): ED0791BC92B127131430205D6E7BDC4696BF82D9C51B8FF501327C855AE57CD7
[TLS] Written transcript to proofs/MSG_TLS_A4EC8141.out, proofs/SIG_TLS_A4EC8141.out and proofs/PK_TLS_A4EC8141.der
Signature verification succeeds
[TLS] Server time: 1619984105
[TLS] client_random  (32): 68448B842FD7EE679AC01B57F9E0A288F5A23FE158956B1BE58E87FDEC4E1F8F
[TLS] sign_hash (32): D15732C0C405539DF34C5DC3D3DAEBBB27B283DDB6AAC4C53311CFFB047FC1C3
[TLS] Written transcript to proofs/MSG_TLS_68448B84.out, proofs/SIG_TLS_68448B84.out and proofs/PK_TLS_68448B84.der
Signature verification succeeds
[TLS] Server time: 1619984105
[TLS] client_random  (32): B91A06B3AAD1F1EF3553A4DAA5DE2604161D7FD55B2DB4E6C1DE3723279882D5
[TLS] sign_hash (32): 7CC336201F483D2EDBC7A0F9362112D3B4B73DC00F6B56A1A673F36763930DA9
[TLS] Written transcript to proofs/MSG_TLS_B91A06B3.out, proofs/SIG_TLS_B91A06B3.out and proofs/PK_TLS_B91A06B3.der
Signature verification succeeds
[TLS] Server time: 1619984105
[TLS] client_random  (32): 05A30E5C7DF320D8F4D6B318E9194798F197256F7A1046994D1A10122FB39E8E
[TLS] sign_hash (32): 50AB56A4FB6D61B7212B9A4CC16E0342381726FF6E396F2534D35B140B5A6768
[TLS] Written transcript to proofs/MSG_TLS_05A30E5C.out, proofs/SIG_TLS_05A30E5C.out and proofs/PK_TLS_05A30E5C.der
Signature verification succeeds
[TLS] Server time: 1619984105
[TLS] client_random  (32): E410472C5B3CCB385571DAE84D5A3ABCC0DE1A8238E03F23364656C2D4D5B4CC
[TLS] sign_hash (32): 9843E15ECEC576824A2D72633D4663314FFD57A2D20DEC9BD195AC2E6F95D393
[TLS] Written transcript to proofs/MSG_TLS_E410472C.out, proofs/SIG_TLS_E410472C.out and proofs/PK_TLS_E410472C.der
Signature verification succeeds
[TLS] Server time: 1619984105
[TLS] client_random  (32): F4BA2AEC351FA5AC8FDA7CA5138501EBC002E0AB4189D514E19A5FBCB9889BCE
[TLS] sign_hash (32): D8CC83365D551AFC95885E7A3C7783BA9B5189AB2CF7EE0E6B2EFA3A228415CD
[TLS] Written transcript to proofs/MSG_TLS_F4BA2AEC.out, proofs/SIG_TLS_F4BA2AEC.out and proofs/PK_TLS_F4BA2AEC.der
Signature verification succeeds
[TLS] Server time: 1619984106
[TLS] client_random  (32): 17A49278165A0CFE8759F2913E1F0E3DD133D991BAFC0DC8D8AF6A69D73A24BB
[TLS] sign_hash (32): 42A4900435CC7A472B9F4D499BF5ECEEAD4E7D2395EF080945C6D43FC1682646
[TLS] Written transcript to proofs/MSG_TLS_17A49278.out, proofs/SIG_TLS_17A49278.out and proofs/PK_TLS_17A49278.der
Signature verification succeeds
[TLS] Server time: 1619984106
[TLS] client_random  (32): 6F94A0DCBD5A9EF7111B445895419332B0056F126E799AB556DD181E7530A00A
[TLS] sign_hash (32): 47D0943C0E946C4D6E98E1600E61661B1BD6CC9036123D03969EBF7F51057406
[TLS] Written transcript to proofs/MSG_TLS_6F94A0DC.out, proofs/SIG_TLS_6F94A0DC.out and proofs/PK_TLS_6F94A0DC.der
Signature verification succeeds
[TLS] Server time: 1619984106
[TLS] client_random  (32): CD2A4B385B8C582DFD210C050CD55EE907F694F735D0C471441A9E6C107E78E7
[TLS] sign_hash (32): 5B827A1B034BC009E8C829F672A6CDB88FD17C60A3BA8178DD89C7C5B10E6ECE
[TLS] Written transcript to proofs/MSG_TLS_CD2A4B38.out, proofs/SIG_TLS_CD2A4B38.out and proofs/PK_TLS_CD2A4B38.der
Signature verification succeeds
[TLS] Server time: 1619984106
[TLS] client_random  (32): 8A8137735D640BE144B01186006D177CBE968DC5A81514EE0228EA8A3E24001F
[TLS] sign_hash (32): 3F79A9224E92845E3AFB4A20093F0F88CAE311C1A36766B1B353507E7D16769F
[TLS] Written transcript to proofs/MSG_TLS_8A813773.out, proofs/SIG_TLS_8A813773.out and proofs/PK_TLS_8A813773.der
Signature verification succeeds
[TLS] Server time: 1619984106
[TLS] client_random  (32): B05037132BFD503F67CD8323EEDF71BF70F3707006862172D07B42391C79FA50
[TLS] sign_hash (32): 9A4D2528980A3ABFC942670201F7A8666177BE98693B722C6698BC3D2C203925
[TLS] Written transcript to proofs/MSG_TLS_B0503713.out, proofs/SIG_TLS_B0503713.out and proofs/PK_TLS_B0503713.der
Signature verification succeeds
[TLS] Server time: 1619984106
[TLS] client_random  (32): 3157EE6DA919D88F5FA84A193AB237205200477C31027A701DB7169FE92757F2
[TLS] sign_hash (32): 16DD49C4E595895F50B060D55D011BA4BB33410A5B52FE6BE70FE2F9D36E5E35
[TLS] Written transcript to proofs/MSG_TLS_3157EE6D.out, proofs/SIG_TLS_3157EE6D.out and proofs/PK_TLS_3157EE6D.der
Signature verification succeeds
[TLS] Server time: 1619984106
[TLS] client_random  (32): D07133B687C9C866059EA4FA25945F6053CA1BD3F1A0CD506076ED4BEA8341B4
[TLS] sign_hash (32): E76ABBE397720E4330DA93B0E12A5B15F6F103EF50048DA5B7E053BC8AB59E73
[TLS] Written transcript to proofs/MSG_TLS_D07133B6.out, proofs/SIG_TLS_D07133B6.out and proofs/PK_TLS_D07133B6.der
Signature verification succeeds
[TLS] Server time: 1619984106
[TLS] client_random  (32): 7F6795D3C5428446B50F06FA44F6694AA85880B202DCD9C6B98C0EF9D6A8025D
[TLS] sign_hash (32): B6D570E6465F5EF0E3E0D9EFEEF616F9493840C57D8823BF512A2BC2974B819C
[TLS] Written transcript to proofs/MSG_TLS_7F6795D3.out, proofs/SIG_TLS_7F6795D3.out and proofs/PK_TLS_7F6795D3.der
Signature verification succeeds
[TLS] Server time: 1619984106
[TLS] client_random  (32): 897F61C87C09B30E486205D2334754BDF6A5A9DA67CE292162501DEC27728870
[TLS] sign_hash (32): E9C757E2424AAC2648082EE92000D168D1C838FB003580FFB87644CC599E5B29
[TLS] Written transcript to proofs/MSG_TLS_897F61C8.out, proofs/SIG_TLS_897F61C8.out and proofs/PK_TLS_897F61C8.der
Signature verification succeeds
[TLS] Server time: 1619984106
[TLS] client_random  (32): C5CC2AE32C66069DE25A8BCBA1E70A636CE0D8A1941FD6026829AA29E9D79786
[TLS] sign_hash (32): C834C199606FF56C6C9E971C1E440CDA173CAF5C6B19677067264F0FC609652A
[TLS] Written transcript to proofs/MSG_TLS_C5CC2AE3.out, proofs/SIG_TLS_C5CC2AE3.out and proofs/PK_TLS_C5CC2AE3.der
Signature verification succeeds
[TLS] Server time: 1619984106
[TLS] client_random  (32): 64AD9FD9AB1DB1D87E0762812F9337642DAF8E42AFE10B3BE7CB46F9C55671AE
[TLS] sign_hash (32): CEDA18935E0A00280C44E4BD010B749CC8B37BC7CF789F309512146AD1DD3A50
[TLS] Written transcript to proofs/MSG_TLS_64AD9FD9.out, proofs/SIG_TLS_64AD9FD9.out and proofs/PK_TLS_64AD9FD9.der
Signature verification succeeds
[TLS] Server time: 1619984106
[TLS] client_random  (32): 23C060EE514CCC624CA7F65A43941C4FC4A5798AF5657BE20A8AC390841FE998
[TLS] sign_hash (32): 3EDD6250B39A965314A4144F9F3460F62085131A7CECEC493EF216BB1F381785
[TLS] Written transcript to proofs/MSG_TLS_23C060EE.out, proofs/SIG_TLS_23C060EE.out and proofs/PK_TLS_23C060EE.der
Signature verification succeeds
[TLS] Server time: 1619984106
[TLS] client_random  (32): F5D861B50291651E4325AF76BEAC4F2D80D4661E4D4C243BC2EC5C3109960EE9
[TLS] sign_hash (32): 6534A32B620B24B2EACCD86A9958C3C47649DBBC5CF46C3F2F1471A3B1EB0454
[TLS] Written transcript to proofs/MSG_TLS_F5D861B5.out, proofs/SIG_TLS_F5D861B5.out and proofs/PK_TLS_F5D861B5.der
Signature verification succeeds
[TLS] Server time: 1619984106
[TLS] client_random  (32): BDFBC07BBB9BEFE58A9B68C4E828ED0026D2F0E419220DAF35C8F7D0BFABE858
[TLS] sign_hash (32): 8736974E6D31DF8A447E01EE6B6A6D54EF295DC6EE688116393FDCD3E2AA3F90
[TLS] Written transcript to proofs/MSG_TLS_BDFBC07B.out, proofs/SIG_TLS_BDFBC07B.out and proofs/PK_TLS_BDFBC07B.der
Signature verification succeeds
[TLS] Server time: 1619984106
[TLS] client_random  (32): 97F823852277727601EB62C3D384B55457115BD0E870F14FE8097CB3CED6F270
[TLS] sign_hash (32): 4DFF1E4B02D2F950483F8D2004468B50A096563D28861D60B5EF137CCE8AB1B3
[TLS] Written transcript to proofs/MSG_TLS_97F82385.out, proofs/SIG_TLS_97F82385.out and proofs/PK_TLS_97F82385.der
Signature verification succeeds
[TLS] Server time: 1619984106
[TLS] client_random  (32): 3A219086483AC352FAA4589AF3E2BC28CD007D0B339018F21790163160F92E10
[TLS] sign_hash (32): 971B1F6684AF279340222791F3FA92E8F898FB696B2F11627BD1FAC2A9017ECF
[TLS] Written transcript to proofs/MSG_TLS_3A219086.out, proofs/SIG_TLS_3A219086.out and proofs/PK_TLS_3A219086.der
Signature verification succeeds
[TLS] Server time: 1619984107
[TLS] client_random  (32): 2AA5F9282A34BC6C2DCB0F0764127F254E42D04AD36A6D858BDF6B21DC250B6D
[TLS] sign_hash (32): 2D4AE3AAE58F70757AB38397CB0C2DD6D3A695E0A9684BEB92AADFD2A7688570
[TLS] Written transcript to proofs/MSG_TLS_2AA5F928.out, proofs/SIG_TLS_2AA5F928.out and proofs/PK_TLS_2AA5F928.der
Signature verification succeeds
[TLS] Server time: 1619984107
[TLS] client_random  (32): D0D2655A16D33A2EA0A51EACA8E33BD2ED6C1835E0B566B757679FD81E0503EE
[TLS] sign_hash (32): 2F5362E396221E72A80F8CE238EBB60E342E94BF4E57872DC830B26AA11EB176
[TLS] Written transcript to proofs/MSG_TLS_D0D2655A.out, proofs/SIG_TLS_D0D2655A.out and proofs/PK_TLS_D0D2655A.der
Signature verification succeeds
[TLS] Server time: 1619984107
[TLS] client_random  (32): 02D343B39B1EE53A2E4218907C385A08E771E852AFACE04ECA31BF244C84A88B
[TLS] sign_hash (32): 73EF183C29B254A4D41498D9A0F55BBE4740793C6D7CF233053916A82157DD36
[TLS] Written transcript to proofs/MSG_TLS_02D343B3.out, proofs/SIG_TLS_02D343B3.out and proofs/PK_TLS_02D343B3.der
Signature verification succeeds
[TLS] Server time: 1619984107
[TLS] client_random  (32): 93CD70AE923DCC6F6ECA1569942886E7DC8EDE81C32503566F578F8515FB0186
[TLS] sign_hash (32): 7B7FC49BEB30055308D9462EDBE65F56CFF7B4C0B81C25BC6F674CCC06E48CC0
[TLS] Written transcript to proofs/MSG_TLS_93CD70AE.out, proofs/SIG_TLS_93CD70AE.out and proofs/PK_TLS_93CD70AE.der
Signature verification succeeds
[TLS] Server time: 1619984107
[TLS] client_random  (32): D9F886BFD7A3915AABF4760453372B415E195270B9972311E0043AC9A33B88DE
[TLS] sign_hash (32): 8AC61B30D6435CA42B0CABA749CCB8CE6DE6DB846C45679A138E6EA4780C8C92
[TLS] Written transcript to proofs/MSG_TLS_D9F886BF.out, proofs/SIG_TLS_D9F886BF.out and proofs/PK_TLS_D9F886BF.der
Signature verification succeeds
[TLS] Server time: 1619984107
[TLS] client_random  (32): D8358B059E7DFE8C4E29B6864E079185210CFF4386E041F36DA269066E943A14
[TLS] sign_hash (32): 8938F01A9873CA8EF5F14C8062FBEF032EA84AF2339F6745069B714E64362F14
[TLS] Written transcript to proofs/MSG_TLS_D8358B05.out, proofs/SIG_TLS_D8358B05.out and proofs/PK_TLS_D8358B05.der
Signature verification succeeds
[TLS] Server time: 1619984107
[TLS] client_random  (32): A79A279F161037146CBB5BEBD8827657D7C49C3D9C5AD7BB4E2548B9C5BFA511
[TLS] sign_hash (32): A8AA854ADC4DBEC101655EB455DF8B67AE1A46C7EC22AA33BA695C175724B116
[TLS] Written transcript to proofs/MSG_TLS_A79A279F.out, proofs/SIG_TLS_A79A279F.out and proofs/PK_TLS_A79A279F.der
Signature verification succeeds
[TLS] Server time: 1619984107
[TLS] client_random  (32): 42F08A382EEDAB9680325C80D70FE65381DE8F71871872E02864FE86B32CBF73
[TLS] sign_hash (32): 0DCE3DB5B90EFCCF814529571C7B4A82C3FC694A46EB2429C9E86A39BEE4856F
[TLS] Written transcript to proofs/MSG_TLS_42F08A38.out, proofs/SIG_TLS_42F08A38.out and proofs/PK_TLS_42F08A38.der
Signature verification succeeds
[TLS] Server time: 1619984107
[TLS] client_random  (32): 93DE8A8D620C07F9649554D7AB30D2BE9859084A7AA56EB9635B559213642252
[TLS] sign_hash (32): 0BC9A3A1FE90A2C1E288DF71A379CB3E8F63D6D38BBF822D7A07EDEEA367EEFB
[TLS] Written transcript to proofs/MSG_TLS_93DE8A8D.out, proofs/SIG_TLS_93DE8A8D.out and proofs/PK_TLS_93DE8A8D.der
Signature verification succeeds
[TLS] Server time: 1619984107
[TLS] client_random  (32): AAD366557AE485F34F52433DC7DD4946FC168273AE27C12A85AA2F9C4D6B1399
[TLS] sign_hash (32): E35EDD7E2EB8E0F559D4FC01D910A990B1D11F1F8EF926827E05D7B357BB8F08
[TLS] Written transcript to proofs/MSG_TLS_AAD36655.out, proofs/SIG_TLS_AAD36655.out and proofs/PK_TLS_AAD36655.der
Signature verification succeeds
[TLS] Server time: 1619984107
[TLS] client_random  (32): 39E22107D593489E8C6CFCF0CD73A80C08E51C94EC3951ABF8B598A354423D5F
[TLS] sign_hash (32): C05D27C1492AAE3274CAE275002298CEF5729312513BF46A0E4A959F1D07880F
[TLS] Written transcript to proofs/MSG_TLS_39E22107.out, proofs/SIG_TLS_39E22107.out and proofs/PK_TLS_39E22107.der
Signature verification succeeds
[TLS] Server time: 1619984107
[TLS] client_random  (32): 6C8AE39D07EACDDA47912230F29586E961A42ECAA9FDB6CBA050E83C791649D5
[TLS] sign_hash (32): D9237FE9C6A8BC8D434785BB17A35530C84B31CC5A8DCF6DE5DE1E5DE6E9ABEB
[TLS] Written transcript to proofs/MSG_TLS_6C8AE39D.out, proofs/SIG_TLS_6C8AE39D.out and proofs/PK_TLS_6C8AE39D.der
Signature verification succeeds
[TLS] Server time: 1619984107
[TLS] client_random  (32): EA688A09A0DF0710FBB69EEA9ACA5785C23A83998AA2AD6C6C781D4B7A84FB7C
[TLS] sign_hash (32): BEE392D5423A54E6FC3879E69B2A5F233348463B021AD3FEDD6E377190F2DF41
[TLS] Written transcript to proofs/MSG_TLS_EA688A09.out, proofs/SIG_TLS_EA688A09.out and proofs/PK_TLS_EA688A09.der
Signature verification succeeds
[TLS] Server time: 1619984107
[TLS] client_random  (32): 2A389D97933D569CB10A87BC7AFC8EBD0FC4D05EF8AC2ABC361E59EBA5B4EFCA
[TLS] sign_hash (32): 5764B5C9EC74822C76D588942ECAA1443F9DDCB4FBB348282F05C89DCBDAEC74
[TLS] Written transcript to proofs/MSG_TLS_2A389D97.out, proofs/SIG_TLS_2A389D97.out and proofs/PK_TLS_2A389D97.der
Signature verification succeeds
[TLS] Server time: 1619984107
[TLS] client_random  (32): BC793593406D2CF475BFD6E3F504926AECA95C8F7EF037D3A623F2DFA66C813C
[TLS] sign_hash (32): B2F32A144A2382B7E46A6EE28E0FEC9DE01D737BCBC688D1615E42EC27CD1975
[TLS] Written transcript to proofs/MSG_TLS_BC793593.out, proofs/SIG_TLS_BC793593.out and proofs/PK_TLS_BC793593.der
Signature verification succeeds
[TLS] Server time: 1619984107
[TLS] client_random  (32): C71841FA17B69A1C0B4A28750E1E00EA5D5D9D755170C3A524DC392E79EA2C71
[TLS] sign_hash (32): C215D845BCE736C2F9471C3D389980F5F3D086C6C12B39FF9F5AE05476B7C762
[TLS] Written transcript to proofs/MSG_TLS_C71841FA.out, proofs/SIG_TLS_C71841FA.out and proofs/PK_TLS_C71841FA.der
Signature verification succeeds
[TLS] Server time: 1619984107
[TLS] client_random  (32): 7002BB398E96D4E8F82CA1CFB643EDAFE355FB12798CD55354003E48FF719F29
[TLS] sign_hash (32): A8B9921F7E14BFABF3F35657387197B39CA29D833A9950277B780675FD2FAF21
[TLS] Written transcript to proofs/MSG_TLS_7002BB39.out, proofs/SIG_TLS_7002BB39.out and proofs/PK_TLS_7002BB39.der
Signature verification succeeds
[TLS] Server time: 1619984107
[TLS] client_random  (32): 1940F58E81BFE88C3FEDD0355201EDD74DC11BB914F261D584F64DEC80810DBA
[TLS] sign_hash (32): 3CC34C28A7F780117C243C2CB8501ED561B87AD6EE43B61E3FBA41E07CAA0783
[TLS] Written transcript to proofs/MSG_TLS_1940F58E.out, proofs/SIG_TLS_1940F58E.out and proofs/PK_TLS_1940F58E.der
Signature verification succeeds
[TLS] Server time: 1619984107
[TLS] client_random  (32): 0E3AC2C124E67DB87A7DC6FE899E26035350B0C84129FD7AA6035EE3ACFE9E9C
[TLS] sign_hash (32): 204357D4D445A308076024EBD99886A9817FC1FED49964CF024D158992BC0375
[TLS] Written transcript to proofs/MSG_TLS_0E3AC2C1.out, proofs/SIG_TLS_0E3AC2C1.out and proofs/PK_TLS_0E3AC2C1.der
Signature verification succeeds
[TLS] Server time: 1619984107
[TLS] client_random  (32): 04FA5908F78DCE7D7B5063D56B6E950647FCE93B306E3339EA3A335E165232CB
[TLS] sign_hash (32): 1C60D51417E73CA39B470262C05AAD4377AB273FD23C660BAEE9BA3AD4237F80
[TLS] Written transcript to proofs/MSG_TLS_04FA5908.out, proofs/SIG_TLS_04FA5908.out and proofs/PK_TLS_04FA5908.der
Signature verification succeeds
[TLS] Server time: 1619984107
[TLS] client_random  (32): F837DAB16CE67DB21AED5EE6A0127869039886DDDAD1F7940AA06A6E51A67C86
[TLS] sign_hash (32): F579BB773B4EA4E6A5D376947549429761B48F5A5A4C5321001A89041429C469
[TLS] Written transcript to proofs/MSG_TLS_F837DAB1.out, proofs/SIG_TLS_F837DAB1.out and proofs/PK_TLS_F837DAB1.der
Signature verification succeeds
[TLS] Server time: 1619984107
[TLS] client_random  (32): 84692CCD8C83625451A9AB65E7A856121A901773ED12571CFCD125EF73536C46
[TLS] sign_hash (32): 4F84D12A5F0A69117D5FA0B78145F9463AE516126E5E15FDC1E3861920FF61CE
[TLS] Written transcript to proofs/MSG_TLS_84692CCD.out, proofs/SIG_TLS_84692CCD.out and proofs/PK_TLS_84692CCD.der
Signature verification succeeds
[TLS] Server time: 1619984107
[TLS] client_random  (32): BA4FB470D12A1D470A598DE181DB82675260D84487183B5F3BDF7C7BD1E86712
[TLS] sign_hash (32): 955C5A558A6AFC34061CE888ADD86AAC84597120ED132DB9FB1F39348F02A073
[TLS] Written transcript to proofs/MSG_TLS_BA4FB470.out, proofs/SIG_TLS_BA4FB470.out and proofs/PK_TLS_BA4FB470.der
Signature verification succeeds
[TLS] Server time: 1619984107
[TLS] client_random  (32): 126D88DEB5A9D3D7F5E934AAC9CF0991F6248C1D01BB7BAC930D99B81DF0F522
[TLS] sign_hash (32): 3582ED1E975FEE53B1E241FE50C00F5BCAD35719DA790B3BAF479852B81738F6
[TLS] Written transcript to proofs/MSG_TLS_126D88DE.out, proofs/SIG_TLS_126D88DE.out and proofs/PK_TLS_126D88DE.der
Signature verification succeeds
[TLS] Server time: 1619984107
[TLS] client_random  (32): 8E1C67C6D97A78D8A8EA926B90A33936D348DB14D0438609E360CEBAAB92171C
[TLS] sign_hash (32): 03CC8B4E3E8FB4198D6906E81BF90568DA4B86CCB5846BB0FE65CEBFA39BD8DD
[TLS] Written transcript to proofs/MSG_TLS_8E1C67C6.out, proofs/SIG_TLS_8E1C67C6.out and proofs/PK_TLS_8E1C67C6.der
Signature verification succeeds
[TLS] Server time: 1619984107
[TLS] client_random  (32): 6CE9941065A358C3D279A04434C5EB059B1E58DE68740D4DBC2F6B934B8C04DE
[TLS] sign_hash (32): B6EE12533C1783ED9F282E436E43FF8DEB87852DAB2601C877428026D03188DA
[TLS] Written transcript to proofs/MSG_TLS_6CE99410.out, proofs/SIG_TLS_6CE99410.out and proofs/PK_TLS_6CE99410.der
Signature verification succeeds
[TLS] Server time: 1619984107
[TLS] client_random  (32): 2F7C3485FFD1F293ADB238F1C6B4AF2A5BD2488E7EF0032E6CD3F0AC2E832307
[TLS] sign_hash (32): 024F4B6DFC2035CAA84E962E3BE2D7816250C33328801C5974811948500A7BE1
[TLS] Written transcript to proofs/MSG_TLS_2F7C3485.out, proofs/SIG_TLS_2F7C3485.out and proofs/PK_TLS_2F7C3485.der
Signature verification succeeds
[TLS] Server time: 1619984107
[TLS] client_random  (32): 6F1EEB33AC7329D4ECAF90CE6FAF977D3F5B636453A475A0A74D96C255CF47B1
[TLS] sign_hash (32): D60C2425FB142E783634AB032BF247752D0F96B0BDE3B6D42409FA1BF0CC4D25
[TLS] Written transcript to proofs/MSG_TLS_6F1EEB33.out, proofs/SIG_TLS_6F1EEB33.out and proofs/PK_TLS_6F1EEB33.der
Signature verification succeeds
[TLS] Server time: 1619984107
[TLS] client_random  (32): 4D2ABA5CCFAB96E027E0EEEB303F79EAAC9F27BF56326D9117F7D871770ECC3D
[TLS] sign_hash (32): 30D370D4DC3C0AF407F8DA68F398A494D50B94DFF7D4CD1EF67F39B7891D911F
[TLS] Written transcript to proofs/MSG_TLS_4D2ABA5C.out, proofs/SIG_TLS_4D2ABA5C.out and proofs/PK_TLS_4D2ABA5C.der
Signature verification succeeds
[TLS] Server time: 1619984107
[TLS] client_random  (32): C082B1F9254C44E3DB48CB8153640A4764D480BE30EA4F1507E98FFB3C007401
[TLS] sign_hash (32): 6CB96493E0F997138DBC7B91505FB33FDEFFE85EE4E44F5987F6A83C46570ADF
[TLS] Written transcript to proofs/MSG_TLS_C082B1F9.out, proofs/SIG_TLS_C082B1F9.out and proofs/PK_TLS_C082B1F9.der
Signature verification succeeds
[TLS] Server time: 1619984107
[TLS] client_random  (32): A217C8EFDA39F9E88FE0A2F4F7B4E7AEE88325F52F9030442B8FAA7F3C4A36E4
[TLS] sign_hash (32): 0A0B40F1354835875FEB65B6F5AFED97C0DA6D7D812A19B00A44198111A7BCB3
[TLS] Written transcript to proofs/MSG_TLS_A217C8EF.out, proofs/SIG_TLS_A217C8EF.out and proofs/PK_TLS_A217C8EF.der
Signature verification succeeds
Time breakdown (averages): anchor_ping:87.770201 file_read:0.135971 hashing:0.471209
Total time for 71 rounds is 6362.569225ms
Standard deviations: anchor_ping:254.386498 file_read:0.016973 hashing:0.005357
[Client-side ops] mean:0.607180 sd:0.018407
in & out anchor rand written to proofs/phase1.out
     10 [TLS] Server time: 1619984101
      1 [TLS] Server time: 1619984102
      2 [TLS] Server time: 1619984103
      4 [TLS] Server time: 1619984104
      8 [TLS] Server time: 1619984105
     16 [TLS] Server time: 1619984106
     31 [TLS] Server time: 1619984107
Count is 10
Count is 1
Count is 2
Count is 4
Count is 8
Count is 16
Count is 31
success: 0
Sleeping before retrying
CONF: anchor:www.sunysuffolk.edu fs:1024MB n_rounds:71 seed:5c9f4bf9bbc15bb855f82faedc5a52fc3ab2dfa8ec3ba3ce1b270f31fa0cced2 filename:FILE bs:1024 nops:100 benchmarking:0 anchor_ping:1 queue_depth:32 direct:0
[TLS] Connecting to www.sunysuffolk.edu
[TLS] Server time: 1619984109
[TLS] client_random  (32): 5C9F4BF9BBC15BB855F82FAEDC5A52FC3AB2DFA8EC3BA3CE1B270F31FA0CCED2
[TLS] sign_hash (32): EA41027A770241C5AFAC8ED1339F7110440F7CB87D7B489F46812DC057BF2EF0
[TLS] Written transcript to proofs/MSG_TLS_5C9F4BF9.out, proofs/SIG_TLS_5C9F4BF9.out and proofs/PK_TLS_5C9F4BF9.der
Signature verification succeeds
[TLS] Server time: 1619984109
[TLS] client_random  (32): 72C2BF5D55CD8A75F41D9D5684B0BFD1AEFEE7CB29B987BD1E53AA1AA5513BB9
[TLS] sign_hash (32): 205C0099A42CAD2B1B79A7AF5C5D64AD186C2DCC02C64FB14B7A148A2016E514
[TLS] Written transcript to proofs/MSG_TLS_72C2BF5D.out, proofs/SIG_TLS_72C2BF5D.out and proofs/PK_TLS_72C2BF5D.der
Signature verification succeeds
[TLS] Server time: 1619984109
[TLS] client_random  (32): 43CB71E9879DE90213DC036B94105459EA859A6B99D932CF06D5F99A8218DE14
[TLS] sign_hash (32): 201CC2BD275200A3DCE5548692D12390F31FFFB58E3EFD1F94BA8BB8522C2546
[TLS] Written transcript to proofs/MSG_TLS_43CB71E9.out, proofs/SIG_TLS_43CB71E9.out and proofs/PK_TLS_43CB71E9.der
Signature verification succeeds
[TLS] Server time: 1619984109
[TLS] client_random  (32): 7249CAA1F472B8E41A0AB7218693FD8743E5D58FB95441BEBE8FFD73AF482D49
[TLS] sign_hash (32): 64B138F22186E58F2EE37529987AD569AABD12E35DD36F1175A71E96CD2CCA12
[TLS] Written transcript to proofs/MSG_TLS_7249CAA1.out, proofs/SIG_TLS_7249CAA1.out and proofs/PK_TLS_7249CAA1.der
Signature verification succeeds
[TLS] Server time: 1619984109
[TLS] client_random  (32): B356113FAFB9DC7227D44CE4944217339F62DCDFF161D046ACB2C4BE1DBE0869
[TLS] sign_hash (32): BE0A45CC268A734A669ACAFFBBC79F2E8AF48EC9DFC3052F4D6E5BC7C276E0D6
[TLS] Written transcript to proofs/MSG_TLS_B356113F.out, proofs/SIG_TLS_B356113F.out and proofs/PK_TLS_B356113F.der
Signature verification succeeds
[TLS] Server time: 1619984109
[TLS] client_random  (32): 4188DA6377DA6B6BED3B9EE3BF3E5EB45B5191DA96094C9CEA552691E9D6253F
[TLS] sign_hash (32): B775EE65571724E9C17FDB766F0E620527367DD81C52C0CFA4C35B525A52617A
[TLS] Written transcript to proofs/MSG_TLS_4188DA63.out, proofs/SIG_TLS_4188DA63.out and proofs/PK_TLS_4188DA63.der
Signature verification succeeds
[TLS] Server time: 1619984109
[TLS] client_random  (32): 2A5C870B1B60B9BACAB85C908A2365ABDB09EB107E3ADBB272261D55F2F7CACE
[TLS] sign_hash (32): 4E092450E4EF48B66C76F1323E1B599198B4B61F8E758F6754362BC5268098CD
[TLS] Written transcript to proofs/MSG_TLS_2A5C870B.out, proofs/SIG_TLS_2A5C870B.out and proofs/PK_TLS_2A5C870B.der
Signature verification succeeds
[TLS] Server time: 1619984109
[TLS] client_random  (32): 91F208DCFE99FE4FE32FB227641F3C5E700B11AFFB767CC3F11F48CF708033A3
[TLS] sign_hash (32): 65C0BD186EE35A883C0B8079716CA35A5C201EFF409521B6CDD2E94F140CDABD
[TLS] Written transcript to proofs/MSG_TLS_91F208DC.out, proofs/SIG_TLS_91F208DC.out and proofs/PK_TLS_91F208DC.der
Signature verification succeeds
[TLS] Server time: 1619984109
[TLS] client_random  (32): 60669E76F177F65BD2AFF5FA4715AFD680C83E5FEA1E9AF04D69802E0710AA17
[TLS] sign_hash (32): 4081574CCDB1EABC7917473BF4B06B4351EA0765DFEA86F6B05F08D86809CC5F
[TLS] Written transcript to proofs/MSG_TLS_60669E76.out, proofs/SIG_TLS_60669E76.out and proofs/PK_TLS_60669E76.der
Signature verification succeeds
[TLS] Server time: 1619984109
[TLS] client_random  (32): 97CD62D9BE54F527DA45B664EDD7D50457C4D69F97A0B707F9264F97F8ACCDA8
[TLS] sign_hash (32): 2F86B7B2837D4EB034F396FA141419CD6540C4EE10B491F613097F4C8A0AC104
[TLS] Written transcript to proofs/MSG_TLS_97CD62D9.out, proofs/SIG_TLS_97CD62D9.out and proofs/PK_TLS_97CD62D9.der
Signature verification succeeds
[TLS] Server time: 1619984109
[TLS] client_random  (32): ABDD1BD2BFC26589999A497AB64C3DC16B8E5466A79C157B0717F282A703655A
[TLS] sign_hash (32): A6BB06F2E51C65026518C4745E21E9CEC0741F4655BD58157DE0B97C7ED51DC9
[TLS] Written transcript to proofs/MSG_TLS_ABDD1BD2.out, proofs/SIG_TLS_ABDD1BD2.out and proofs/PK_TLS_ABDD1BD2.der
Signature verification succeeds
[TLS] Server time: 1619984109
[TLS] client_random  (32): 6DD067599D2D2EAF81FE1709A88F4965330667230E34D7E8D389B321731A9A25
[TLS] sign_hash (32): CDDA13C89AB31D0E5D3E57A70E7D4791C99D1017939B3407A60DFDF66EF24949
[TLS] Written transcript to proofs/MSG_TLS_6DD06759.out, proofs/SIG_TLS_6DD06759.out and proofs/PK_TLS_6DD06759.der
Signature verification succeeds
[TLS] Server time: 1619984109
[TLS] client_random  (32): E7A5EC5CEE69047D1436F30BDC6CF37A0B3C6DF89F731326EBD5E98BF69FC6C1
[TLS] sign_hash (32): 14C0145B7E830B2125F9D108EE3D14ED31FA1CCEA818929A52D9ED07D3DD3FB1
[TLS] Written transcript to proofs/MSG_TLS_E7A5EC5C.out, proofs/SIG_TLS_E7A5EC5C.out and proofs/PK_TLS_E7A5EC5C.der
Signature verification succeeds
[TLS] Server time: 1619984109
[TLS] client_random  (32): 098288B854E4836FFAD4042AB7045375F3B4939D13D0B29C39378A10E19D2157
[TLS] sign_hash (32): C10711AC1E9F08FBE94D9759983036913DEED145FCBA5439AFB9D68B362A7921
[TLS] Written transcript to proofs/MSG_TLS_098288B8.out, proofs/SIG_TLS_098288B8.out and proofs/PK_TLS_098288B8.der
Signature verification succeeds
[TLS] Server time: 1619984109
[TLS] client_random  (32): 2E1A6B8F55073908CBF8724C7BC2F1B046F25F38F19B74E0810196858A9D9036
[TLS] sign_hash (32): 625BDA8FFA92E2E1EB5C2478CB5157279922DCB99E54ABB8608A59A714B4997D
[TLS] Written transcript to proofs/MSG_TLS_2E1A6B8F.out, proofs/SIG_TLS_2E1A6B8F.out and proofs/PK_TLS_2E1A6B8F.der
Signature verification succeeds
[TLS] Server time: 1619984109
[TLS] client_random  (32): 966917526C6BD228E2E56220D1DB3086E2F9D6E5AA514F4E634BC00C2A7856F8
[TLS] sign_hash (32): 11AA080512AFB64431A25D74D79C3426F8915F10FEDAB43EA8CA128960C83474
[TLS] Written transcript to proofs/MSG_TLS_96691752.out, proofs/SIG_TLS_96691752.out and proofs/PK_TLS_96691752.der
Signature verification succeeds
[TLS] Server time: 1619984109
[TLS] client_random  (32): 29CC5EFC3AE172C4A07AA5B7DEF2C1190CD4829E3FF6E602020FCA87568BA980
[TLS] sign_hash (32): DF399A29B51B11AE4D9FFF462FC96CCD4F70395861FB966091AEEBD982DFC751
[TLS] Written transcript to proofs/MSG_TLS_29CC5EFC.out, proofs/SIG_TLS_29CC5EFC.out and proofs/PK_TLS_29CC5EFC.der
Signature verification succeeds
[TLS] Server time: 1619984110
[TLS] client_random  (32): 244CBE9505A4A308A99A1F456B61841D23EB2DD38FE45BE1746EC61AD631C73F
[TLS] sign_hash (32): CEBB556EC1F9874C53F018B377027BFE38AA5FBC13E8B80788A174FE4DDF941F
[TLS] Written transcript to proofs/MSG_TLS_244CBE95.out, proofs/SIG_TLS_244CBE95.out and proofs/PK_TLS_244CBE95.der
Signature verification succeeds
[TLS] Server time: 1619984110
[TLS] client_random  (32): 086C404C077E5FC72DC024308C875E5F5C4F7A0958B73EFC6CF47C387F8708D1
[TLS] sign_hash (32): 74E732E3246E7E18F608522277D288AE338FCFD35B7872FDF9BF88505D495E71
[TLS] Written transcript to proofs/MSG_TLS_086C404C.out, proofs/SIG_TLS_086C404C.out and proofs/PK_TLS_086C404C.der
Signature verification succeeds
[TLS] Server time: 1619984110
[TLS] client_random  (32): FBE517FFBC7A3FF94E2FE2680244E0F393EB359AD3B4E7D45AD4CC49AC6BF4AE
[TLS] sign_hash (32): 5EB6DEE25B4D332D64287507987580B9AC4D135F9618446F65112DA2AF714DEC
[TLS] Written transcript to proofs/MSG_TLS_FBE517FF.out, proofs/SIG_TLS_FBE517FF.out and proofs/PK_TLS_FBE517FF.der
Signature verification succeeds
[TLS] Server time: 1619984110
[TLS] client_random  (32): 6429D97A53ABD49DF55FDFA5449E6CD98903D18421AAE934B05D7F38A8C6A2BC
[TLS] sign_hash (32): 89BFB01F02172F19720518F059AD3DEBE8F99EB8C88A1D6920578A93B5325774
[TLS] Written transcript to proofs/MSG_TLS_6429D97A.out, proofs/SIG_TLS_6429D97A.out and proofs/PK_TLS_6429D97A.der
Signature verification succeeds
[TLS] Server time: 1619984110
[TLS] client_random  (32): 9FE027CA4EC1083B69FAC2AD6C3E7F29F6EF0E5EE6F1C391803D8EAFB1712934
[TLS] sign_hash (32): DB3C594F8049335224548AAE33E9AE1EED12834F9BC174CFF1EA0CA56A402868
[TLS] Written transcript to proofs/MSG_TLS_9FE027CA.out, proofs/SIG_TLS_9FE027CA.out and proofs/PK_TLS_9FE027CA.der
Signature verification succeeds
[TLS] Server time: 1619984110
[TLS] client_random  (32): FE87FCB7AFC37F380AEA957738BB5D26CF680815C8EF5B31F4D269E4EBAE3A3D
[TLS] sign_hash (32): F6E7F193CC3A396504DD6AD172AB6A15522257B4F0DB7C95F8527DBFD4287DC8
[TLS] Written transcript to proofs/MSG_TLS_FE87FCB7.out, proofs/SIG_TLS_FE87FCB7.out and proofs/PK_TLS_FE87FCB7.der
Signature verification succeeds
[TLS] Server time: 1619984110
[TLS] client_random  (32): 247DABD2DAFDE0E0D1AEF09BB06430B041D4B0FC74569851CBD89CB7F2272525
[TLS] sign_hash (32): 69E866ED6425F0AE973E85A97059450C4DB10F943C8C88442582C36D8CE943C2
[TLS] Written transcript to proofs/MSG_TLS_247DABD2.out, proofs/SIG_TLS_247DABD2.out and proofs/PK_TLS_247DABD2.der
Signature verification succeeds
[TLS] Server time: 1619984110
[TLS] client_random  (32): 0B0C280CE5520386184E3E5C4922C3AB780793D53FA71693FCB7DB6891C4ABC9
[TLS] sign_hash (32): F6CB49BF8DE30367B2AA81C451CABBA3893406F32C398F5C380AF7A8CAA71B33
[TLS] Written transcript to proofs/MSG_TLS_0B0C280C.out, proofs/SIG_TLS_0B0C280C.out and proofs/PK_TLS_0B0C280C.der
Signature verification succeeds
[TLS] Server time: 1619984110
[TLS] client_random  (32): 7D1E724A65F129631FAF0BB5CFBB75C59F50A1A9698A0F36AEC8922672536B59
[TLS] sign_hash (32): 30BCEDB4C3518E2D67B77694DE673A096C0E83DB2DEC4872E3FF531B26843265
[TLS] Written transcript to proofs/MSG_TLS_7D1E724A.out, proofs/SIG_TLS_7D1E724A.out and proofs/PK_TLS_7D1E724A.der
Signature verification succeeds
[TLS] Server time: 1619984110
[TLS] client_random  (32): E317EEDD617EDC89BB493CFC56D726CCBC1076A780E228EE596B09EE2B7FC324
[TLS] sign_hash (32): 97429E2BBD69FC62D05B63E97FDCC2AF494AD3C8F0369C2C278FB4373E7C61AA
[TLS] Written transcript to proofs/MSG_TLS_E317EEDD.out, proofs/SIG_TLS_E317EEDD.out and proofs/PK_TLS_E317EEDD.der
Signature verification succeeds
[TLS] Server time: 1619984110
[TLS] client_random  (32): F81359E9BD434E251188B7D00A1607A0AF0DA2A2D1DA36E1DA566A963DA81141
[TLS] sign_hash (32): 4F0009A81F068F4E3DBEC6F613B98582A032DC353B245761CA45C0207672E19B
[TLS] Written transcript to proofs/MSG_TLS_F81359E9.out, proofs/SIG_TLS_F81359E9.out and proofs/PK_TLS_F81359E9.der
Signature verification succeeds
[TLS] Server time: 1619984110
[TLS] client_random  (32): 12F82E0774AC00456A6E57F927B5287C5B450DEA08DB21CBEBEDC366A1C6F8B5
[TLS] sign_hash (32): 2573CDD7776AB7EABF710534005B46F5CC9A4D442F8AD9C90CD98B959E5A4EAE
[TLS] Written transcript to proofs/MSG_TLS_12F82E07.out, proofs/SIG_TLS_12F82E07.out and proofs/PK_TLS_12F82E07.der
Signature verification succeeds
[TLS] Server time: 1619984110
[TLS] client_random  (32): E801E868AC4A787727D4CD355553ED45D2EA64881D9FEB0F18378B4BE922A0A5
[TLS] sign_hash (32): 72C8A712EC3838429733ECF90080255E30663875CA0C3075C0127B1A16BB2DA9
[TLS] Written transcript to proofs/MSG_TLS_E801E868.out, proofs/SIG_TLS_E801E868.out and proofs/PK_TLS_E801E868.der
Signature verification succeeds
[TLS] Server time: 1619984110
[TLS] client_random  (32): 3BF236E48F205974770677826FEE9939B3A7E2847B63103B9019E48E7659E4DE
[TLS] sign_hash (32): D6A1C11138672A24EE458EFDEB1582205050F471D6379680DDD932145DF0794F
[TLS] Written transcript to proofs/MSG_TLS_3BF236E4.out, proofs/SIG_TLS_3BF236E4.out and proofs/PK_TLS_3BF236E4.der
Signature verification succeeds
[TLS] Server time: 1619984110
[TLS] client_random  (32): 9AF31996D76DCF8E4CD49CFF0B177808804174A9DDBD0636DB742043D45ABFDB
[TLS] sign_hash (32): 18BA2BE9D7CE4232939DE7D7AEBB5787A67F72AD0B7DBFE068AD114F0A732033
[TLS] Written transcript to proofs/MSG_TLS_9AF31996.out, proofs/SIG_TLS_9AF31996.out and proofs/PK_TLS_9AF31996.der
Signature verification succeeds
[TLS] Server time: 1619984110
[TLS] client_random  (32): B56F7814510C744C8A869C0DDC3C79C4FFF2C1F658289B8F922F06000EB17F51
[TLS] sign_hash (32): 353BB05337A2E225F3D1FF211E59AC3D403E7DAE8757F993A727EFE9E2F87A6E
[TLS] Written transcript to proofs/MSG_TLS_B56F7814.out, proofs/SIG_TLS_B56F7814.out and proofs/PK_TLS_B56F7814.der
Signature verification succeeds
[TLS] Server time: 1619984110
[TLS] client_random  (32): F00F0555EDAC747DBEB004E690CA43808236BFD1195D7BBA7B1AB8DD193A2C6B
[TLS] sign_hash (32): 5324B192227E83EFDCFFC7C5F3A453F5F4BD96613BE6F192B531F3495591B333
[TLS] Written transcript to proofs/MSG_TLS_F00F0555.out, proofs/SIG_TLS_F00F0555.out and proofs/PK_TLS_F00F0555.der
Signature verification succeeds
[TLS] Server time: 1619984110
[TLS] client_random  (32): 40C619C2F1793AA02A00CBCF025E801FFA94463CE0B296305AC0F635F7679D9C
[TLS] sign_hash (32): 9E00583EC2D96FE4735F7A605A5B1CCA0D6D7AAF088A0B9456F0C0BC695B1AB7
[TLS] Written transcript to proofs/MSG_TLS_40C619C2.out, proofs/SIG_TLS_40C619C2.out and proofs/PK_TLS_40C619C2.der
Signature verification succeeds
[TLS] Server time: 1619984110
[TLS] client_random  (32): B1FB9A59681207BC306E854D22C0DDCC45E63D5A925264EC59769B2BEF795590
[TLS] sign_hash (32): 928309C8B4B2C20D5923175C730296C8F0DB4AB9F8F5F1BB84A578D99523544A
[TLS] Written transcript to proofs/MSG_TLS_B1FB9A59.out, proofs/SIG_TLS_B1FB9A59.out and proofs/PK_TLS_B1FB9A59.der
Signature verification succeeds
[TLS] Server time: 1619984110
[TLS] client_random  (32): 5FA584E77A185C8B73478EB8CC3053046B7A4A245A970046BE86C89DF319F0CA
[TLS] sign_hash (32): 62CDD89AEC0321F3AC6FDBADEB602DA110F038DF89A857A1D2B8336E479801EB
[TLS] Written transcript to proofs/MSG_TLS_5FA584E7.out, proofs/SIG_TLS_5FA584E7.out and proofs/PK_TLS_5FA584E7.der
Signature verification succeeds
[TLS] Server time: 1619984110
[TLS] client_random  (32): C47B6A25C6576BC6AD550D24044966AA84A2427525AA54943BE263F51134554B
[TLS] sign_hash (32): BF6869C0317A0587ADD6DF2751BCBF06F6EBE9F3FCC6D823A0ED0B7C0C8BA012
[TLS] Written transcript to proofs/MSG_TLS_C47B6A25.out, proofs/SIG_TLS_C47B6A25.out and proofs/PK_TLS_C47B6A25.der
Signature verification succeeds
[TLS] Server time: 1619984110
[TLS] client_random  (32): 0C2B52BB1E720C120DB177AEC8FE9E687199D6E9F744DCC013C17C573A12D296
[TLS] sign_hash (32): F77FF1C281B9427907A3FF3E3A46857449A3233CE999AEB307F0337B3172100B
[TLS] Written transcript to proofs/MSG_TLS_0C2B52BB.out, proofs/SIG_TLS_0C2B52BB.out and proofs/PK_TLS_0C2B52BB.der
Signature verification succeeds
[TLS] Server time: 1619984110
[TLS] client_random  (32): 0F931E62BD2BE2B3A7347B279FF35CC7D3C3B7E4863E75AF989BE212B7E51605
[TLS] sign_hash (32): EBF3172753B9D85677A10F5D85A9679BB1A9DBF8D44F18EE9E77B5881CF565FD
[TLS] Written transcript to proofs/MSG_TLS_0F931E62.out, proofs/SIG_TLS_0F931E62.out and proofs/PK_TLS_0F931E62.der
Signature verification succeeds
[TLS] Server time: 1619984110
[TLS] client_random  (32): C11E7CF15ED79E08949A2C98F10899ABC62D2EC872D9C70217D8F74E8A122237
[TLS] sign_hash (32): DD20DF4575B6981900A25605B30E5FD1270650C3B136E033CE3687536EBC3139
[TLS] Written transcript to proofs/MSG_TLS_C11E7CF1.out, proofs/SIG_TLS_C11E7CF1.out and proofs/PK_TLS_C11E7CF1.der
Signature verification succeeds
[TLS] Server time: 1619984110
[TLS] client_random  (32): 5884121244FEDF33C8F9A55E0B35F390FAC05B9C322A75C85492A22A38A0CCF0
[TLS] sign_hash (32): 383A4BD671B539119AE5DE6E2C67932D6BBD438134639E0D6709ACCD635D6900
[TLS] Written transcript to proofs/MSG_TLS_58841212.out, proofs/SIG_TLS_58841212.out and proofs/PK_TLS_58841212.der
Signature verification succeeds
[TLS] Server time: 1619984110
[TLS] client_random  (32): F11CD73EED34BA7BB20B983E723C522F4A8539405AF68E42AAE70C9F6E62B0D5
[TLS] sign_hash (32): CE09C0DF77FC749B9F91BA7A02DC5E3FE587110173BEC5E760899949B7D0F5A5
[TLS] Written transcript to proofs/MSG_TLS_F11CD73E.out, proofs/SIG_TLS_F11CD73E.out and proofs/PK_TLS_F11CD73E.der
Signature verification succeeds
[TLS] Server time: 1619984110
[TLS] client_random  (32): 36AE6B1F988C51CCCE3756E271AC19A1C0452FEB354750148B22F00312B2C572
[TLS] sign_hash (32): 098603AB2A2E81AADE332F282921CB19B411D6FF5A49553F874326C28351FEB9
[TLS] Written transcript to proofs/MSG_TLS_36AE6B1F.out, proofs/SIG_TLS_36AE6B1F.out and proofs/PK_TLS_36AE6B1F.der
Signature verification succeeds
[TLS] Server time: 1619984110
[TLS] client_random  (32): 9355382B64F94C0B51DD36724D37F0DCF1B06AEE053B7B255B1D66420613304F
[TLS] sign_hash (32): 20D857408E58FA20FE9B1400D87445E0427C91058F9C4BCC73F342753E08CF92
[TLS] Written transcript to proofs/MSG_TLS_9355382B.out, proofs/SIG_TLS_9355382B.out and proofs/PK_TLS_9355382B.der
Signature verification succeeds
[TLS] Server time: 1619984110
[TLS] client_random  (32): 596A8AC06312372735A4D5B4554EACA0B3F487A6A8CE9FC68CAE13FCD23AC007
[TLS] sign_hash (32): C3D2536CD041CE058722A8B5CF1A78A142EB8707BA1F0C05E81AF50121D6EB7B
[TLS] Written transcript to proofs/MSG_TLS_596A8AC0.out, proofs/SIG_TLS_596A8AC0.out and proofs/PK_TLS_596A8AC0.der
Signature verification succeeds
[TLS] Server time: 1619984110
[TLS] client_random  (32): 1F3F0A2C5A690B899666288D5306842C36966AE79311417AF4C1FA02A29AAADE
[TLS] sign_hash (32): 676821600CC0A018C048E01E650D4AC3EC4105269BB63953CB32335C446E1D35
[TLS] Written transcript to proofs/MSG_TLS_1F3F0A2C.out, proofs/SIG_TLS_1F3F0A2C.out and proofs/PK_TLS_1F3F0A2C.der
Signature verification succeeds
[TLS] Server time: 1619984110
[TLS] client_random  (32): 822F831D523224518F3D858207317DEE34FC0BEF15D51E78E0C7208DB712C10B
[TLS] sign_hash (32): E64D7F4240F5B832AAE96B85C4B43539898290FC4B69BFA12EBCF1D076E42F37
[TLS] Written transcript to proofs/MSG_TLS_822F831D.out, proofs/SIG_TLS_822F831D.out and proofs/PK_TLS_822F831D.der
Signature verification succeeds
[TLS] Server time: 1619984110
[TLS] client_random  (32): 5D4EDBA9EC113E68EF737C89FB8B36FE29BB6EB2EE221516FDB616C7071DAE29
[TLS] sign_hash (32): DC85E2A8C7D6173095B3EE8FC13C71DDF136104B213A25D8C254361421E09DBE
[TLS] Written transcript to proofs/MSG_TLS_5D4EDBA9.out, proofs/SIG_TLS_5D4EDBA9.out and proofs/PK_TLS_5D4EDBA9.der
Signature verification succeeds
[TLS] Server time: 1619984110
[TLS] client_random  (32): 5FF2D362AB408540F69E81AF19C769543F65F648FA06702AD5F71E09EACD9906
[TLS] sign_hash (32): F7683DD73A0B514A612FCC34C9F86385B49CB119868022E2B3C39519D767CCE4
[TLS] Written transcript to proofs/MSG_TLS_5FF2D362.out, proofs/SIG_TLS_5FF2D362.out and proofs/PK_TLS_5FF2D362.der
Signature verification succeeds
[TLS] Server time: 1619984110
[TLS] client_random  (32): FAD436BEB0454BFDA42C17A8DFCC5ACD4983E734CE3FB0C34C6CF90526CDFF39
[TLS] sign_hash (32): 9B0A5453A803C1F564A4DBC7BE06F026558D7D6EC412D26E2BEC7EF620F2863F
[TLS] Written transcript to proofs/MSG_TLS_FAD436BE.out, proofs/SIG_TLS_FAD436BE.out and proofs/PK_TLS_FAD436BE.der
Signature verification succeeds
[TLS] Server time: 1619984110
[TLS] client_random  (32): F09D48016E0FB82A9A4D4395432098699E03C24E617DF5C93A889A42E582D632
[TLS] sign_hash (32): DAD4700895659B37593BEE0A62274349F45CB1CE8A536780F18D9D8AAE2B4BD9
[TLS] Written transcript to proofs/MSG_TLS_F09D4801.out, proofs/SIG_TLS_F09D4801.out and proofs/PK_TLS_F09D4801.der
Signature verification succeeds
[TLS] Server time: 1619984110
[TLS] client_random  (32): 0289C79F60492D82D1FE03EFE8E9316A83407C7EFB43F8E7461998C8A51ABAA5
[TLS] sign_hash (32): D0B9F70D25924AABC323CAF20F7D86B31CF8621CB04CB07981F1F70F7B9431F9
[TLS] Written transcript to proofs/MSG_TLS_0289C79F.out, proofs/SIG_TLS_0289C79F.out and proofs/PK_TLS_0289C79F.der
Signature verification succeeds
[TLS] Server time: 1619984110
[TLS] client_random  (32): F23F66DF67BE8FF8E519DFF6EC026D640B82183869D6DA8B42F4D02E812EF62D
[TLS] sign_hash (32): 9DA3DC157C0BB97B4F6FD9DC0F5AAB584A92B3BA6D741CF7928F3572342FC928
[TLS] Written transcript to proofs/MSG_TLS_F23F66DF.out, proofs/SIG_TLS_F23F66DF.out and proofs/PK_TLS_F23F66DF.der
Signature verification succeeds
[TLS] Server time: 1619984110
[TLS] client_random  (32): 2FA9F861ADBA14DC91276A995765558521BDA1B1370BD900B55E71A6A78A3F84
[TLS] sign_hash (32): D8C2946273FBD9D9905BDDA857F4F787C1642506F237295D53A7C3259D83E9C1
[TLS] Written transcript to proofs/MSG_TLS_2FA9F861.out, proofs/SIG_TLS_2FA9F861.out and proofs/PK_TLS_2FA9F861.der
Signature verification succeeds
[TLS] Server time: 1619984110
[TLS] client_random  (32): 0E29EA46CC58EA53C0772F96FC3C952CB0D75ED4FB43E3D0DFEDE0A20E377797
[TLS] sign_hash (32): 5DC60B2C1E9FDDC5168F138C74BFD61A73EC5092DBDFBBD39CB58C85B7E86717
[TLS] Written transcript to proofs/MSG_TLS_0E29EA46.out, proofs/SIG_TLS_0E29EA46.out and proofs/PK_TLS_0E29EA46.der
Signature verification succeeds
[TLS] Server time: 1619984110
[TLS] client_random  (32): C12541486D259C1C0A3215DBACCC9F04E1C8ECA132251C1740049ECA5C029246
[TLS] sign_hash (32): B629E5C20F4203FA8AC94D814A1D583EB015A593F26B6AB730B8D8731A5D9F52
[TLS] Written transcript to proofs/MSG_TLS_C1254148.out, proofs/SIG_TLS_C1254148.out and proofs/PK_TLS_C1254148.der
Signature verification succeeds
[TLS] Server time: 1619984110
[TLS] client_random  (32): 1B4B2CA87BB47E8B5784CF7247524363AA026A74BBB1F40D7B74717728C56417
[TLS] sign_hash (32): 43391DDDA32401946730DAA18715C1D4AEA445C93C13025559D4177FDFD2412A
[TLS] Written transcript to proofs/MSG_TLS_1B4B2CA8.out, proofs/SIG_TLS_1B4B2CA8.out and proofs/PK_TLS_1B4B2CA8.der
Signature verification succeeds
[TLS] Server time: 1619984110
[TLS] client_random  (32): F2422EFCEEB7E6E9ABD9698B4DD39E7C5E8548F1F577B61FC9AAA112E1ABEE70
[TLS] sign_hash (32): 19B6BA7E7D4BB6D9B685F66693D09408067EA11DFC63A6E3F8BB49EB987EC34D
[TLS] Written transcript to proofs/MSG_TLS_F2422EFC.out, proofs/SIG_TLS_F2422EFC.out and proofs/PK_TLS_F2422EFC.der
Signature verification succeeds
[TLS] Server time: 1619984110
[TLS] client_random  (32): 0DE010947D3F1E3D0116EC47A83DDA2FA2A6653FA630E32BA1407C67E2A8FB16
[TLS] sign_hash (32): 2EF1FC363C1C6F415E7EE35641FD22C4B8510B66AF4BDF6F949634A921CF33CE
[TLS] Written transcript to proofs/MSG_TLS_0DE01094.out, proofs/SIG_TLS_0DE01094.out and proofs/PK_TLS_0DE01094.der
Signature verification succeeds
[TLS] Server time: 1619984110
[TLS] client_random  (32): F6D6D835C7B3E0F45C1B4C1C8125EDC3A4E37D4DD0C7B8546D461ADD2509B211
[TLS] sign_hash (32): E4C7F0ED95EE53BF1250C98BAFA3DEF6910971E0106CA4D64116AB5C367CEAEA
[TLS] Written transcript to proofs/MSG_TLS_F6D6D835.out, proofs/SIG_TLS_F6D6D835.out and proofs/PK_TLS_F6D6D835.der
Signature verification succeeds
[TLS] Server time: 1619984110
[TLS] client_random  (32): 84C0C1CC21114E36309798C0CB9796E320C14C039B6D46B902A34ECF6B73B6DD
[TLS] sign_hash (32): 97AF5D6D866268B48E661438A133B9347BC157FF15F833F72AAD365014143CFC
[TLS] Written transcript to proofs/MSG_TLS_84C0C1CC.out, proofs/SIG_TLS_84C0C1CC.out and proofs/PK_TLS_84C0C1CC.der
Signature verification succeeds
[TLS] Server time: 1619984110
[TLS] client_random  (32): 15A9CF858953127219B26FBC8DE152F360498511BA5B3CC22138812DCBEA76C2
[TLS] sign_hash (32): BFB5DC94EFE411CE3B1FF2DEEFD6CC6E56533A8FBF68D771574554668DCAB61D
[TLS] Written transcript to proofs/MSG_TLS_15A9CF85.out, proofs/SIG_TLS_15A9CF85.out and proofs/PK_TLS_15A9CF85.der
Signature verification succeeds
[TLS] Server time: 1619984110
[TLS] client_random  (32): 6D458E289C3611CFB61D69CA2ACEE250E8598017678891328DED0CA86CBF9041
[TLS] sign_hash (32): A77A64F4B780EE5092BFDFACA2C6AA064D77D41D4D81871100DF380211AB5FE7
[TLS] Written transcript to proofs/MSG_TLS_6D458E28.out, proofs/SIG_TLS_6D458E28.out and proofs/PK_TLS_6D458E28.der
Signature verification succeeds
[TLS] Server time: 1619984110
[TLS] client_random  (32): 6C8CA5BF5A4AA58A4DBA7A6AB137C87A13D6A90B715478C41AE1AB7634459AB9
[TLS] sign_hash (32): 89DECBF6A8A33F90936C3D08D8BA9C4719CA9003D2134975E67D0F783CF01478
[TLS] Written transcript to proofs/MSG_TLS_6C8CA5BF.out, proofs/SIG_TLS_6C8CA5BF.out and proofs/PK_TLS_6C8CA5BF.der
Signature verification succeeds
[TLS] Server time: 1619984110
[TLS] client_random  (32): 05BB203BFA4C7894ACEC7CB45917C1D5EBBEED536D84C97FEC82C05120448F07
[TLS] sign_hash (32): 570EC2EFAA782425079ED95CC8451CC5514B035C2AE3CA4ED583926CEA213EBD
[TLS] Written transcript to proofs/MSG_TLS_05BB203B.out, proofs/SIG_TLS_05BB203B.out and proofs/PK_TLS_05BB203B.der
Signature verification succeeds
[TLS] Server time: 1619984110
[TLS] client_random  (32): 98539110C1F2C128A0CC6B7FE7B7DD95256B0CD41B2034FF3EF35FAD55285830
[TLS] sign_hash (32): 337DEDA5130EEC5240E347CCC4D942DCF7E42B11B2CFF275B796726C1F248618
[TLS] Written transcript to proofs/MSG_TLS_98539110.out, proofs/SIG_TLS_98539110.out and proofs/PK_TLS_98539110.der
Signature verification succeeds
[TLS] Server time: 1619984110
[TLS] client_random  (32): 06C3C9DAABF28D817A96747A51BACC6173B1B389D4BA7E3FC2DD648C4DD73974
[TLS] sign_hash (32): C6EBF4A47444C59D3959FCDC44812A38855B748F6FA06174096B8E974C556467
[TLS] Written transcript to proofs/MSG_TLS_06C3C9DA.out, proofs/SIG_TLS_06C3C9DA.out and proofs/PK_TLS_06C3C9DA.der
Signature verification succeeds
[TLS] Server time: 1619984110
[TLS] client_random  (32): 4AA9A71ADEB047AC219E44F7D0F2A2521FC22DF983B57D8BBD9C4EA56C92950A
[TLS] sign_hash (32): ABE799942C3CED135DA6844C5B1E517DF99B1D848A592C6F30FC2F6466390121
[TLS] Written transcript to proofs/MSG_TLS_4AA9A71A.out, proofs/SIG_TLS_4AA9A71A.out and proofs/PK_TLS_4AA9A71A.der
Signature verification succeeds
[TLS] Server time: 1619984111
[TLS] client_random  (32): 8DF04CB05D31AEF02F27D7CA7DFCC75BF7FAAA40DDAAF6A4A9AB100CDF75CFE3
[TLS] sign_hash (32): 872F25029EE2A24DB62C5B6DE310AD79392FAE312423A88833A1A6C04E26402C
[TLS] Written transcript to proofs/MSG_TLS_8DF04CB0.out, proofs/SIG_TLS_8DF04CB0.out and proofs/PK_TLS_8DF04CB0.der
Signature verification succeeds
[TLS] Server time: 1619984112
[TLS] client_random  (32): F2EB5D927FB1170CDBDEE68A44E541B3EB1B20E38E40F37C7F6D03712074A688
[TLS] sign_hash (32): C3C72B6FEF4215F381FDB297E7703A3D91A5646897F1B264C1704EA484D1CEDB
[TLS] Written transcript to proofs/MSG_TLS_F2EB5D92.out, proofs/SIG_TLS_F2EB5D92.out and proofs/PK_TLS_F2EB5D92.der
Signature verification succeeds
[TLS] Server time: 1619984112
[TLS] client_random  (32): E418DA74377321DC6D305C750EFF749D62ACD023E973498EB1F6458E59B92296
[TLS] sign_hash (32): D2B5D1DB730B405A5285ED55D89D7E6E2F27A2C597FC3DB17FE2B56E366CA424
[TLS] Written transcript to proofs/MSG_TLS_E418DA74.out, proofs/SIG_TLS_E418DA74.out and proofs/PK_TLS_E418DA74.der
Signature verification succeeds
Time breakdown (averages): anchor_ping:36.878207 file_read:0.131294 hashing:0.471402
Total time for 71 rounds is 2698.026379ms
Standard deviations: anchor_ping:136.750457 file_read:0.016877 hashing:0.005806
[Client-side ops] mean:0.602696 sd:0.017797
in & out anchor rand written to proofs/phase1.out
     17 [TLS] Server time: 1619984109
     52 [TLS] Server time: 1619984110
      1 [TLS] Server time: 1619984111
      2 [TLS] Server time: 1619984112
Count is 17
Count is 52
Count is 1
Count is 2
success: 1
RESULT: 1 in 2 tries
