TLS anchor: www.sunysuffolk.edu
Actual: 34, Set: 71
Beginning execution at Tue May 4 03:05:01 UTC 2021
CONF: anchor:www.sunysuffolk.edu fs:1024MB n_rounds:71 seed:5c9f4bf9bbc15bb855f82faedc5a52fc3ab2dfa8ec3ba3ce1b270f31fa0cced2 filename:FILE bs:1024 nops:100 benchmarking:0 anchor_ping:1 queue_depth:32 direct:0
[TLS] Connecting to www.sunysuffolk.edu
[TLS] Server time: 1620097501
[TLS] client_random  (32): 5C9F4BF9BBC15BB855F82FAEDC5A52FC3AB2DFA8EC3BA3CE1B270F31FA0CCED2
[TLS] sign_hash (32): 2226B1C0C5E0BD895198F9276AE3E84F87D80054040AFEB84679D1A3A4CB24A1
[TLS] Written transcript to proofs/MSG_TLS_5C9F4BF9.out, proofs/SIG_TLS_5C9F4BF9.out and proofs/PK_TLS_5C9F4BF9.der
Signature verification succeeds
[TLS] Server time: 1620097501
[TLS] client_random  (32): 923DA04CBAA7104CC3D39450A033EFEC5F32A3838A63DE23B1F106696930A7EC
[TLS] sign_hash (32): F69A79D36F16530FE3AC102C97AD1E4BA370B6F18A2892CE4F03071E7667C297
[TLS] Written transcript to proofs/MSG_TLS_923DA04C.out, proofs/SIG_TLS_923DA04C.out and proofs/PK_TLS_923DA04C.der
Signature verification succeeds
[TLS] Server time: 1620097501
[TLS] client_random  (32): C6B14DD219FEEF9728457AB31C40551B5A84E06456AA53ACFF2909C8746BD6F2
[TLS] sign_hash (32): 29B04F944D122912588829B17E2BD05DD360DB303960B19E6377BB39E5F62DC8
[TLS] Written transcript to proofs/MSG_TLS_C6B14DD2.out, proofs/SIG_TLS_C6B14DD2.out and proofs/PK_TLS_C6B14DD2.der
Signature verification succeeds
[TLS] Server time: 1620097501
[TLS] client_random  (32): 656935FE5E1CE2FFCD6EA2A8CBA55DB2301C45CD0162FC4091EAB5A7BF0EFD54
[TLS] sign_hash (32): B91F5A7D2CF6E1CD66A12F803924927E8AF388CC800680E2C7BD1BD006A95D76
[TLS] Written transcript to proofs/MSG_TLS_656935FE.out, proofs/SIG_TLS_656935FE.out and proofs/PK_TLS_656935FE.der
Signature verification succeeds
[TLS] Server time: 1620097501
[TLS] client_random  (32): B219C3CDE63752DE075C73BDE5841FC0513547B8F059DE911BA7354135D04B5A
[TLS] sign_hash (32): 69FD59E9E349CED3A7DEF64C03CA209BEACF65FC3DC5931B81AE7CADBA9690BE
[TLS] Written transcript to proofs/MSG_TLS_B219C3CD.out, proofs/SIG_TLS_B219C3CD.out and proofs/PK_TLS_B219C3CD.der
Signature verification succeeds
[TLS] Server time: 1620097501
[TLS] client_random  (32): 04276E8E7A26AADF0F533CF3B7CD4AC04CFEDACB8C77840C46EE70850EF05C44
[TLS] sign_hash (32): EFD745F191F055BD94913BAB884F4FF7A3393A6955391E2A09347575DB31C96C
[TLS] Written transcript to proofs/MSG_TLS_04276E8E.out, proofs/SIG_TLS_04276E8E.out and proofs/PK_TLS_04276E8E.der
Signature verification succeeds
[TLS] Server time: 1620097501
[TLS] client_random  (32): EDCB6B43E7D6CB710DDC11CF3B708990DED248DF779DC426DF9A6DC2E178492F
[TLS] sign_hash (32): 5836C901E7AC5DABB63C2AA86C05C81A15B5D0F16D5F22A33CE7878CC2F0DD8F
[TLS] Written transcript to proofs/MSG_TLS_EDCB6B43.out, proofs/SIG_TLS_EDCB6B43.out and proofs/PK_TLS_EDCB6B43.der
Signature verification succeeds
[TLS] Server time: 1620097501
[TLS] client_random  (32): 9EFB7580A3AE759551C85E9C55E8A2DB618D6592F2DE3FBC15DBEC09AD2C1D4A
[TLS] sign_hash (32): 456D2FF9ABC6E2523E381F4E75DBB9E5F7871BECF37910CED6FC3219D2A572F4
[TLS] Written transcript to proofs/MSG_TLS_9EFB7580.out, proofs/SIG_TLS_9EFB7580.out and proofs/PK_TLS_9EFB7580.der
Signature verification succeeds
[TLS] Server time: 1620097501
[TLS] client_random  (32): 54A0CBFD5EC02EB21B57E90163599FAFFE299AD9156F3BE39C158DAE7DB1255E
[TLS] sign_hash (32): 245ECAD4CF50F2A9E2D39AFB447D003D610CC5F9782F36BE14A92E878E9E2C42
[TLS] Written transcript to proofs/MSG_TLS_54A0CBFD.out, proofs/SIG_TLS_54A0CBFD.out and proofs/PK_TLS_54A0CBFD.der
Signature verification succeeds
[TLS] Server time: 1620097501
[TLS] client_random  (32): FA66296D3B63A14E5553DB27BAC22ECDF37EE280BCA772AD539919CE68D82F70
[TLS] sign_hash (32): FA175C2EA2DBC00AF47CE90E1A3A81C48698359B1855EAE2EBB2D1B1A050C660
[TLS] Written transcript to proofs/MSG_TLS_FA66296D.out, proofs/SIG_TLS_FA66296D.out and proofs/PK_TLS_FA66296D.der
Signature verification succeeds
[TLS] Server time: 1620097501
[TLS] client_random  (32): F6FDE107FA1C00621908C8E6FFB74DADC4D20397DA1B8FB555397DE78E83B5E2
[TLS] sign_hash (32): 6A7730AB300F993DCE07364D612A16EF0C0A9B844B8ACB19A16A24CCBED4EE2C
[TLS] Written transcript to proofs/MSG_TLS_F6FDE107.out, proofs/SIG_TLS_F6FDE107.out and proofs/PK_TLS_F6FDE107.der
Signature verification succeeds
[TLS] Server time: 1620097501
[TLS] client_random  (32): 344242588013638BEF99C47A67F9A84FF6BD08B2C584C53715DCD131AB3A2D52
[TLS] sign_hash (32): DD023C4F734C22FAEE0A27A05E4DA517C1341FD457A428F7B62F56CD17E147C7
[TLS] Written transcript to proofs/MSG_TLS_34424258.out, proofs/SIG_TLS_34424258.out and proofs/PK_TLS_34424258.der
Signature verification succeeds
[TLS] Server time: 1620097501
[TLS] client_random  (32): 08CC9CF03E7497239FE8EA52F230185C688CEEF1E71A130E02D2F129A40E11BA
[TLS] sign_hash (32): 3AF69DC2F7B8C5F6E3AA107D00ECC06ABDA747A4EFEE3F09901DD1EE1C3E780F
[TLS] Written transcript to proofs/MSG_TLS_08CC9CF0.out, proofs/SIG_TLS_08CC9CF0.out and proofs/PK_TLS_08CC9CF0.der
Signature verification succeeds
[TLS] Server time: 1620097501
[TLS] client_random  (32): F8A23F6A07E1AD7410948F57A92CE9ED450A19936849782324B7C53450449425
[TLS] sign_hash (32): 89D8DCF9CF318185C6148E921764BE87EE4F79FDE9DC548BB75E9A535E4B63FF
[TLS] Written transcript to proofs/MSG_TLS_F8A23F6A.out, proofs/SIG_TLS_F8A23F6A.out and proofs/PK_TLS_F8A23F6A.der
Signature verification succeeds
[TLS] Server time: 1620097501
[TLS] client_random  (32): EA5636AEE383BEB6758BC634FCD93AB22C5B90F57DDE6D49947AD3B04BD90C64
[TLS] sign_hash (32): A8FE80868E5442C07E2DABE0DF59E804D6959BAA826E1EA556F58EE2851C5C49
[TLS] Written transcript to proofs/MSG_TLS_EA5636AE.out, proofs/SIG_TLS_EA5636AE.out and proofs/PK_TLS_EA5636AE.der
Signature verification succeeds
[TLS] Server time: 1620097501
[TLS] client_random  (32): FC65F3F7DF1815F8268C52E79CDEF0AE49CA9D46152BE45A26AE61DECD610212
[TLS] sign_hash (32): EABDED9755577636B7BABE39649BFC712FF1B99CD4BEEFB53BFF4BD066A45BB9
[TLS] Written transcript to proofs/MSG_TLS_FC65F3F7.out, proofs/SIG_TLS_FC65F3F7.out and proofs/PK_TLS_FC65F3F7.der
Signature verification succeeds
[TLS] Server time: 1620097501
[TLS] client_random  (32): 2ECDD069A7091AAE51B8CB39AEAF17923E302C5A392F70FF312D54DB2D554856
[TLS] sign_hash (32): 58DB43FF951079555E90826F728C1C8E71A4E32291D95D3A7AB4CC331E290084
[TLS] Written transcript to proofs/MSG_TLS_2ECDD069.out, proofs/SIG_TLS_2ECDD069.out and proofs/PK_TLS_2ECDD069.der
Signature verification succeeds
[TLS] Server time: 1620097501
[TLS] client_random  (32): 797E988DB316EED16D69569F2E44A940C68EE12D1B32C627BCF8C5C5433EE73F
[TLS] sign_hash (32): A60683954514B81F951959E850A7F784C81E045EC5A84240C2405BD2C1FBAD15
[TLS] Written transcript to proofs/MSG_TLS_797E988D.out, proofs/SIG_TLS_797E988D.out and proofs/PK_TLS_797E988D.der
Signature verification succeeds
[TLS] Server time: 1620097501
[TLS] client_random  (32): 9D53B3A005558F55F8D6DA2BB37D0E7DECB73D029AD4CDFCF4AD4535C6E21D62
[TLS] sign_hash (32): 24179886E47901213DDEC50FBB5421D14ED883F9E6D9C0E786D6DAAA51116143
[TLS] Written transcript to proofs/MSG_TLS_9D53B3A0.out, proofs/SIG_TLS_9D53B3A0.out and proofs/PK_TLS_9D53B3A0.der
Signature verification succeeds
[TLS] Server time: 1620097502
[TLS] client_random  (32): EAEBD4C6292105C6694C3897D8DADFDE7D8A139F5095EFA3E992FE1CD8274854
[TLS] sign_hash (32): 2706FE41D7D35CDFE327E8045008CC690E91EA90B66BA9F4B1482582B5AD632B
[TLS] Written transcript to proofs/MSG_TLS_EAEBD4C6.out, proofs/SIG_TLS_EAEBD4C6.out and proofs/PK_TLS_EAEBD4C6.der
Signature verification succeeds
[TLS] Server time: 1620097502
[TLS] client_random  (32): ADB38A84DA30143F5B5122B618019BB416509B4F835ADB43E461986FF73BB7D5
[TLS] sign_hash (32): 7EE8C4E60DB01493FA2A8493D0AC76D711A9036BDDD2229AD6FBF22AC30D2E79
[TLS] Written transcript to proofs/MSG_TLS_ADB38A84.out, proofs/SIG_TLS_ADB38A84.out and proofs/PK_TLS_ADB38A84.der
Signature verification succeeds
[TLS] Server time: 1620097503
[TLS] client_random  (32): AACD6BDA3683464378D8451B4A3746334BEABDAA630BCE02AB386C3D65780D82
[TLS] sign_hash (32): 7659DC251A7265E1508D3373DFF8CFE59886778AFB1A1D74238B1190CB7C9D41
[TLS] Written transcript to proofs/MSG_TLS_AACD6BDA.out, proofs/SIG_TLS_AACD6BDA.out and proofs/PK_TLS_AACD6BDA.der
Signature verification succeeds
[TLS] Server time: 1620097503
[TLS] client_random  (32): DE325E1DE14FEAB3C006F505B57397E08976BF574514F2B2FDFF47AE96FA9FAC
[TLS] sign_hash (32): 45558127ACE8E1643F27A964ACA826B7180F6A9B7DDDDA201ABA5CBF53195846
[TLS] Written transcript to proofs/MSG_TLS_DE325E1D.out, proofs/SIG_TLS_DE325E1D.out and proofs/PK_TLS_DE325E1D.der
Signature verification succeeds
[TLS] Server time: 1620097504
[TLS] client_random  (32): 8ED1714E54A2177772CA8B89CD804D4227114B3A2541A9163C5BE3A1688A2D2E
[TLS] sign_hash (32): 6DF13770486FEF68ABE0A0E3FD9E5EA870AC09C060B86F00CA9D8144F1F1E45B
[TLS] Written transcript to proofs/MSG_TLS_8ED1714E.out, proofs/SIG_TLS_8ED1714E.out and proofs/PK_TLS_8ED1714E.der
Signature verification succeeds
[TLS] Server time: 1620097504
[TLS] client_random  (32): D7ED3A61946CB85C2F7C1BB2971ECFF62D369E04308166FB13C2D1166223E1E8
[TLS] sign_hash (32): EB163F5E67D7110349BD3B5FB2100346D25381AD5E19418AC101125032F8260B
[TLS] Written transcript to proofs/MSG_TLS_D7ED3A61.out, proofs/SIG_TLS_D7ED3A61.out and proofs/PK_TLS_D7ED3A61.der
Signature verification succeeds
[TLS] Server time: 1620097504
[TLS] client_random  (32): 1F0BA8124283F1B145446EFB50D91F82329BB7CA9FCA32949D614F1EC9E59FB8
[TLS] sign_hash (32): C34EF9460C3DB5D5A8A9E53B3DF561F3FF42926887C6B30D311F7EA6D9C8A5F6
[TLS] Written transcript to proofs/MSG_TLS_1F0BA812.out, proofs/SIG_TLS_1F0BA812.out and proofs/PK_TLS_1F0BA812.der
Signature verification succeeds
[TLS] Server time: 1620097504
[TLS] client_random  (32): 93A846E77A9A486E97CBFF735012E43749B079062437D42A8FEDDA232F69ED59
[TLS] sign_hash (32): BAA7BE8B842A92CDBFC202EAB12CCC78C14ADC11E98F8E0306056B36C389C3BD
[TLS] Written transcript to proofs/MSG_TLS_93A846E7.out, proofs/SIG_TLS_93A846E7.out and proofs/PK_TLS_93A846E7.der
Signature verification succeeds
[TLS] Server time: 1620097505
[TLS] client_random  (32): CE7892EAA463AAA49A1D55CFD9ACBF323D541B69F7814D8D92E63293E93B272A
[TLS] sign_hash (32): F619940F1BDB355D9A3E156BB251E2F45D993F5C412E5845C2826050C3645B20
[TLS] Written transcript to proofs/MSG_TLS_CE7892EA.out, proofs/SIG_TLS_CE7892EA.out and proofs/PK_TLS_CE7892EA.der
Signature verification succeeds
[TLS] Server time: 1620097505
[TLS] client_random  (32): DAB0D6234A6CC827CC7D5B557C1C30436ABE19007E3BDAEAB4209A0704C5E7E9
[TLS] sign_hash (32): 0D1FF783424F1EEFCE865496F2BE9A44C19655BD8D646A44D69251C6B06FA174
[TLS] Written transcript to proofs/MSG_TLS_DAB0D623.out, proofs/SIG_TLS_DAB0D623.out and proofs/PK_TLS_DAB0D623.der
Signature verification succeeds
[TLS] Server time: 1620097505
[TLS] client_random  (32): B2B4DD88AE4B2191D69114BC55E95A31570D4E0DB7F2428EFB3A21460BAEED97
[TLS] sign_hash (32): 958930523D7793F6A21350C413310247A778326A58ED7A9D35643DA85892D2A5
[TLS] Written transcript to proofs/MSG_TLS_B2B4DD88.out, proofs/SIG_TLS_B2B4DD88.out and proofs/PK_TLS_B2B4DD88.der
Signature verification succeeds
[TLS] Server time: 1620097505
[TLS] client_random  (32): 89A5A91B12888669F636ADC852B7B11AAF9DB21FC22EEBC0B37EFE4ED028A550
[TLS] sign_hash (32): 06A6791E6FB6BBC91BDBA970D40531C650F85110CA71DDB53D39B789DD501539
[TLS] Written transcript to proofs/MSG_TLS_89A5A91B.out, proofs/SIG_TLS_89A5A91B.out and proofs/PK_TLS_89A5A91B.der
Signature verification succeeds
[TLS] Server time: 1620097505
[TLS] client_random  (32): 5E5AD62D88D0303B318CD4A5C49FC1950FD3C24D56B8BA0E01B79E39284FD75E
[TLS] sign_hash (32): 5E89C21C2EE172013ED1AE834EBF6E3CAA8A4AFA151878F2EB35ADD65F2D86FF
[TLS] Written transcript to proofs/MSG_TLS_5E5AD62D.out, proofs/SIG_TLS_5E5AD62D.out and proofs/PK_TLS_5E5AD62D.der
Signature verification succeeds
[TLS] Server time: 1620097505
[TLS] client_random  (32): B65C79DBDE6FDD0C680268C82FE1329A91FB9936144D82EE6E42E27B04CD61F3
[TLS] sign_hash (32): 6BE06FA58E718F7C9DEBD386771BCE79780E56F03EECF8F60ADC09A2E3E9B9C4
[TLS] Written transcript to proofs/MSG_TLS_B65C79DB.out, proofs/SIG_TLS_B65C79DB.out and proofs/PK_TLS_B65C79DB.der
Signature verification succeeds
[TLS] Server time: 1620097505
[TLS] client_random  (32): 9BDC68DA5CEAED9B00EE61B72A42BF847627D2644AECC4BFA4A7F08F7990662F
[TLS] sign_hash (32): F7F29C961847287BD04D4DA9A67EDCE787024773721BBE258FBB349C33EA68D7
[TLS] Written transcript to proofs/MSG_TLS_9BDC68DA.out, proofs/SIG_TLS_9BDC68DA.out and proofs/PK_TLS_9BDC68DA.der
Signature verification succeeds
[TLS] Server time: 1620097506
[TLS] client_random  (32): 883FB6001CB5AB96A827613FDFF0230B1B4A9CB452A5E743CF21B028AE18C424
[TLS] sign_hash (32): 48C4DFF9C20CBABBBF5D298A4C7877559580D77568568CE6D7C5462713D65D2A
[TLS] Written transcript to proofs/MSG_TLS_883FB600.out, proofs/SIG_TLS_883FB600.out and proofs/PK_TLS_883FB600.der
Signature verification succeeds
[TLS] Server time: 1620097506
[TLS] client_random  (32): 720447E1CED1E5DB7425587437DBB6BA8E830E1F830A04D980C1AECEB08546F3
[TLS] sign_hash (32): 0315FA287F51FDC26BDDC33BBBEB0266D1BE7A6F097CCD3F330633BE2CC34962
[TLS] Written transcript to proofs/MSG_TLS_720447E1.out, proofs/SIG_TLS_720447E1.out and proofs/PK_TLS_720447E1.der
Signature verification succeeds
[TLS] Server time: 1620097506
[TLS] client_random  (32): FA6C644CF28EC34409105932D364E31C2D3624BFAE2555C9227C09B3E58EA85C
[TLS] sign_hash (32): 9BB1CB19A18B750FE790A4CCBFD638233A8F0A92EF44F16BED773446B4E967CE
[TLS] Written transcript to proofs/MSG_TLS_FA6C644C.out, proofs/SIG_TLS_FA6C644C.out and proofs/PK_TLS_FA6C644C.der
Signature verification succeeds
[TLS] Server time: 1620097506
[TLS] client_random  (32): 44027A99951A95CAA366E2C0BAB239FAEFCE61C4FFF2F4B14A03F924B3339BAC
[TLS] sign_hash (32): 5571595528A198E0B89560D58D3E4468E634BE1B710A458793561709A3C60512
[TLS] Written transcript to proofs/MSG_TLS_44027A99.out, proofs/SIG_TLS_44027A99.out and proofs/PK_TLS_44027A99.der
Signature verification succeeds
[TLS] Server time: 1620097506
[TLS] client_random  (32): B3E59981C05B3AD7C6E91D4780B0DD43945BBEC95261C994124A1C02D857C47F
[TLS] sign_hash (32): B4149B17AD25B29B761ECDC36C6EFDE11F86EBDFE8E2EA83C3E6503DFAE3F039
[TLS] Written transcript to proofs/MSG_TLS_B3E59981.out, proofs/SIG_TLS_B3E59981.out and proofs/PK_TLS_B3E59981.der
Signature verification succeeds
[TLS] Server time: 1620097506
[TLS] client_random  (32): 95EE1C1872448070D52F2FD86E96725BFC16AADB3F922A27163EB66741004912
[TLS] sign_hash (32): 3491D76271AFC06AD1A1D975A8A7F474846AD8C24B6F61E832FCFE33F52D6891
[TLS] Written transcript to proofs/MSG_TLS_95EE1C18.out, proofs/SIG_TLS_95EE1C18.out and proofs/PK_TLS_95EE1C18.der
Signature verification succeeds
[TLS] Server time: 1620097506
[TLS] client_random  (32): D8D0859EF70D577BFB113F6643F6351B6785201EB51C1DAFA5CB93FB1977D68A
[TLS] sign_hash (32): FBD722E1A1EF55D93F29373EC2596A4E87A84D4DAB363D2F7A041D0427B4F985
[TLS] Written transcript to proofs/MSG_TLS_D8D0859E.out, proofs/SIG_TLS_D8D0859E.out and proofs/PK_TLS_D8D0859E.der
Signature verification succeeds
[TLS] Server time: 1620097506
[TLS] client_random  (32): F3383F204353123E70C7ADC8BCD60CB5E3D32C15D550A37F712F635F26D213BF
[TLS] sign_hash (32): 72FC8A836231D1AB9FAE60FF1EBCC790EEA0AC6FC8601C7C37AA1C1C0C779687
[TLS] Written transcript to proofs/MSG_TLS_F3383F20.out, proofs/SIG_TLS_F3383F20.out and proofs/PK_TLS_F3383F20.der
Signature verification succeeds
[TLS] Server time: 1620097506
[TLS] client_random  (32): 18E75F8D0491F4408D302CA344BE3F4ABEA68CE2947397BC54BA1E0628BC6916
[TLS] sign_hash (32): B6D99605852A2AECE8A949477E1FF9B129A02348090D04D8213DEE853C77ECBD
[TLS] Written transcript to proofs/MSG_TLS_18E75F8D.out, proofs/SIG_TLS_18E75F8D.out and proofs/PK_TLS_18E75F8D.der
Signature verification succeeds
[TLS] Server time: 1620097506
[TLS] client_random  (32): 29BA6258FE91C75C6BD728F49F68B3FB86949BFBD3B5BB22397FC51486153D8F
[TLS] sign_hash (32): 77B03807A148B619DA62DB2BC5EFD8869797654F4984BE50915D2D2C19FC282C
[TLS] Written transcript to proofs/MSG_TLS_29BA6258.out, proofs/SIG_TLS_29BA6258.out and proofs/PK_TLS_29BA6258.der
Signature verification succeeds
[TLS] Server time: 1620097506
[TLS] client_random  (32): F8CFBC1CAF3FED81C7C08DD90056A892131E5769442274AC05DE2D2AA552DB32
[TLS] sign_hash (32): 45517B99A19B37E974638F36FA289600A382CB33E9080641DEB9A77F47BC4BF9
[TLS] Written transcript to proofs/MSG_TLS_F8CFBC1C.out, proofs/SIG_TLS_F8CFBC1C.out and proofs/PK_TLS_F8CFBC1C.der
Signature verification succeeds
[TLS] Server time: 1620097506
[TLS] client_random  (32): ECA4E0157BF84AA011C82D067D2681AC211B0B16B1F446E527EF9635FB6CD40A
[TLS] sign_hash (32): 65FEDA9620426568E3A81B99478BBCBE60D6B0C85BA5025E570F3750486334D4
[TLS] Written transcript to proofs/MSG_TLS_ECA4E015.out, proofs/SIG_TLS_ECA4E015.out and proofs/PK_TLS_ECA4E015.der
Signature verification succeeds
[TLS] Server time: 1620097506
[TLS] client_random  (32): A182D00D3CBCD0E03A944D0AE01B583E47BB0B5857811814F7C5ED508B5CB7EE
[TLS] sign_hash (32): 675F59A50A26B4280E68AEFAB926ED306A096B1C300DA853CB038FA204C1F69E
[TLS] Written transcript to proofs/MSG_TLS_A182D00D.out, proofs/SIG_TLS_A182D00D.out and proofs/PK_TLS_A182D00D.der
Signature verification succeeds
[TLS] Server time: 1620097506
[TLS] client_random  (32): 892EC27CFF1FC206BF4D2824BB079A91B7EB2417516ECD65A0EB975D433EBD59
[TLS] sign_hash (32): BA95DF099ABE03BA0CF578DE56DF0385249543BC4EA26859756DF0E562D962B5
[TLS] Written transcript to proofs/MSG_TLS_892EC27C.out, proofs/SIG_TLS_892EC27C.out and proofs/PK_TLS_892EC27C.der
Signature verification succeeds
[TLS] Server time: 1620097506
[TLS] client_random  (32): 4FF39EDA3FF0B796049C191E0484D20B1BDD029BD546CA5548BC084928BA52EC
[TLS] sign_hash (32): 63721C4A9969F160A906588B32329AF3CCB8C3857581388C08EE666FF491B463
[TLS] Written transcript to proofs/MSG_TLS_4FF39EDA.out, proofs/SIG_TLS_4FF39EDA.out and proofs/PK_TLS_4FF39EDA.der
Signature verification succeeds
[TLS] Server time: 1620097506
[TLS] client_random  (32): 0027E5785468DB8AE01FB62B2974A4A0CFB873F32E566C2EE47A472F8F0E7D39
[TLS] sign_hash (32): AC2E12B39946B8573D01D2503283E862528FDF01D226E636C539948A36C9E74E
[TLS] Written transcript to proofs/MSG_TLS_0027E578.out, proofs/SIG_TLS_0027E578.out and proofs/PK_TLS_0027E578.der
Signature verification succeeds
[TLS] Server time: 1620097506
[TLS] client_random  (32): 1302CFE0BFDDE530814EE40BE4D745F97C608559503C4D0DEB3E4B19FDB2403E
[TLS] sign_hash (32): 8760D96354BBBD7627490EDDDB03E6C67C40AC45CE3B2EF27A00D91666695899
[TLS] Written transcript to proofs/MSG_TLS_1302CFE0.out, proofs/SIG_TLS_1302CFE0.out and proofs/PK_TLS_1302CFE0.der
Signature verification succeeds
[TLS] Server time: 1620097506
[TLS] client_random  (32): F24A0BDB37C32AE2DD23E5BF7D0EC4142C6715667E5554DF7D041831AE39FC6B
[TLS] sign_hash (32): BE4A3EB7ADB3092D4EC8C032ABDBAA0FB420823E39412CA80BF5C9CB82AE571A
[TLS] Written transcript to proofs/MSG_TLS_F24A0BDB.out, proofs/SIG_TLS_F24A0BDB.out and proofs/PK_TLS_F24A0BDB.der
Signature verification succeeds
[TLS] Server time: 1620097507
[TLS] client_random  (32): 11BC1471AF05570BDC2A489778499794EA0394FE9F110BE6D0A8AB89C217C7CF
[TLS] sign_hash (32): 7A2AF1AB35BA9C1F49FBCAFB2DDF3130EA350A91E20C3EA2A9207BCFEA1977E1
[TLS] Written transcript to proofs/MSG_TLS_11BC1471.out, proofs/SIG_TLS_11BC1471.out and proofs/PK_TLS_11BC1471.der
Signature verification succeeds
[TLS] Server time: 1620097507
[TLS] client_random  (32): A26CC1BD03AD1E94847435826BC162707BBEBB8FBE13126E411FE393D78FD91E
[TLS] sign_hash (32): C9AE30B3918FD744D4686FFC9CB6669B1C4A9410F9DFADD3976B8B10BAC28D4A
[TLS] Written transcript to proofs/MSG_TLS_A26CC1BD.out, proofs/SIG_TLS_A26CC1BD.out and proofs/PK_TLS_A26CC1BD.der
Signature verification succeeds
[TLS] Server time: 1620097507
[TLS] client_random  (32): F3FA80C6D3122C86D9C3CCE5C6F492CAD9841BA6F17DC8534B85F2FF140511E0
[TLS] sign_hash (32): 4AB1ACE3F25CA6A7562F98CBABE7B3EB8491337D912FA1A73A008EAB83D8754F
[TLS] Written transcript to proofs/MSG_TLS_F3FA80C6.out, proofs/SIG_TLS_F3FA80C6.out and proofs/PK_TLS_F3FA80C6.der
Signature verification succeeds
[TLS] Server time: 1620097507
[TLS] client_random  (32): E743BCBFA2EC2092A5B621072EC1E22683E34882A15934B73A18D5DF96FA4D7E
[TLS] sign_hash (32): 795C683B6134A449EA13E696F9E03521AD255A49F89724DB4112825D417D55AB
[TLS] Written transcript to proofs/MSG_TLS_E743BCBF.out, proofs/SIG_TLS_E743BCBF.out and proofs/PK_TLS_E743BCBF.der
Signature verification succeeds
[TLS] Server time: 1620097507
[TLS] client_random  (32): 9A6238F3EAEA94CBA0F8C1311268A9881984F789DBBB28B693ECCEC471B9114B
[TLS] sign_hash (32): 5DA4FDEE26E156982266DD9C8A3CE201B6C4C6FC2FFFCDD41B271B09F455FBE2
[TLS] Written transcript to proofs/MSG_TLS_9A6238F3.out, proofs/SIG_TLS_9A6238F3.out and proofs/PK_TLS_9A6238F3.der
Signature verification succeeds
[TLS] Server time: 1620097507
[TLS] client_random  (32): 5CE0D36CEAE039BD5DE2EC92D2295239CA2B7F57CEE6E29DE1753A5E29F840EE
[TLS] sign_hash (32): AFEB2C73BEA442611AC0B8D8E5D07EA44423ADD4F880D6A69903C571F27BC58D
[TLS] Written transcript to proofs/MSG_TLS_5CE0D36C.out, proofs/SIG_TLS_5CE0D36C.out and proofs/PK_TLS_5CE0D36C.der
Signature verification succeeds
[TLS] Server time: 1620097507
[TLS] client_random  (32): 4DDAC0A547E435A08A656A34BE1DFC11432AED901A0027A39161D550DCF9171B
[TLS] sign_hash (32): 10697A3832FB293D1F9F6E0279383C616E2FAE1B2CB807AA267529782ACB55F0
[TLS] Written transcript to proofs/MSG_TLS_4DDAC0A5.out, proofs/SIG_TLS_4DDAC0A5.out and proofs/PK_TLS_4DDAC0A5.der
Signature verification succeeds
[TLS] Server time: 1620097507
[TLS] client_random  (32): FAC0EBFF6022055D611715F8787EC2B03DAF8435CA5430142A9FD6B106C242C6
[TLS] sign_hash (32): EBABBA34082017F8A5226158CB3825443BCC536E1047F7C94D82B5ABF9D1A9F9
[TLS] Written transcript to proofs/MSG_TLS_FAC0EBFF.out, proofs/SIG_TLS_FAC0EBFF.out and proofs/PK_TLS_FAC0EBFF.der
Signature verification succeeds
[TLS] Server time: 1620097507
[TLS] client_random  (32): 951C948C6C3A7800BF6CC3B564A53CDA3986C57F48F098073B1B0151899E38F0
[TLS] sign_hash (32): 34DA8DAA8BAD0F52DFD4D31A1E4E322B3EAA2E4410570D7B214138A4BB134135
[TLS] Written transcript to proofs/MSG_TLS_951C948C.out, proofs/SIG_TLS_951C948C.out and proofs/PK_TLS_951C948C.der
Signature verification succeeds
[TLS] Server time: 1620097507
[TLS] client_random  (32): 9990FCC40FC0584DB84D2BD857834253E5DD1773A0B36087B42036AA84566DA2
[TLS] sign_hash (32): A898F2D593431DE2CF62174947931ED1E556865CFF18764EDEC1BE0504149A71
[TLS] Written transcript to proofs/MSG_TLS_9990FCC4.out, proofs/SIG_TLS_9990FCC4.out and proofs/PK_TLS_9990FCC4.der
Signature verification succeeds
[TLS] Server time: 1620097507
[TLS] client_random  (32): F6EE70C1A059C6731FCB7020BE74976907016A56B783EF37A23ED457E53533D3
[TLS] sign_hash (32): 142FEE35D017043D64DC3AAD3ED51D52EF4B264970B2298F1D120B628D8F6378
[TLS] Written transcript to proofs/MSG_TLS_F6EE70C1.out, proofs/SIG_TLS_F6EE70C1.out and proofs/PK_TLS_F6EE70C1.der
Signature verification succeeds
[TLS] Server time: 1620097507
[TLS] client_random  (32): B3FEBD103F164F620DB67DA0DCE3454C0EA784C33C181E89FCA7EEAAA80383FA
[TLS] sign_hash (32): 370F26279BA002946BF6378E2CDD8F4895FC26474050377A7E3D3B8B619E4B16
[TLS] Written transcript to proofs/MSG_TLS_B3FEBD10.out, proofs/SIG_TLS_B3FEBD10.out and proofs/PK_TLS_B3FEBD10.der
Signature verification succeeds
[TLS] Server time: 1620097507
[TLS] client_random  (32): 7C6C678DC373741B9EFA7CC44005A7E86ACD36F14D72A6BD898778184B6F1C68
[TLS] sign_hash (32): 545D5858AA8E26E46A8CE5424B9C53B24513A03D0A3F9F1664A78123C273BBEC
[TLS] Written transcript to proofs/MSG_TLS_7C6C678D.out, proofs/SIG_TLS_7C6C678D.out and proofs/PK_TLS_7C6C678D.der
Signature verification succeeds
[TLS] Server time: 1620097507
[TLS] client_random  (32): EE74520BEA6A9587483737766FAE164E50483CC1C68D47DBD474AC312FA849D1
[TLS] sign_hash (32): E06220A5CBEA6434F9BB303CF3E36FD5FECE77EE0DDCA85840B2484D9F6E7318
[TLS] Written transcript to proofs/MSG_TLS_EE74520B.out, proofs/SIG_TLS_EE74520B.out and proofs/PK_TLS_EE74520B.der
Signature verification succeeds
[TLS] Server time: 1620097507
[TLS] client_random  (32): 4B5D50E06A3DF704BE5D773E2A016F0FB0F99F8B05B2CF10FCD11C2B8806D548
[TLS] sign_hash (32): F12174EB357704E3188855188A63618D5546176770C8E4C65BB699093CCA3622
[TLS] Written transcript to proofs/MSG_TLS_4B5D50E0.out, proofs/SIG_TLS_4B5D50E0.out and proofs/PK_TLS_4B5D50E0.der
Signature verification succeeds
[TLS] Server time: 1620097507
[TLS] client_random  (32): B4CB16371CA5E4059193A6CEC3CFF9F8A1BA38E8E622C96987A2174B87253C71
[TLS] sign_hash (32): F156786FBFB54F334B9B72BB5A504ADED6E9A390800FE79CD2CADBADBCA60F77
[TLS] Written transcript to proofs/MSG_TLS_B4CB1637.out, proofs/SIG_TLS_B4CB1637.out and proofs/PK_TLS_B4CB1637.der
Signature verification succeeds
[TLS] Server time: 1620097507
[TLS] client_random  (32): 7E8B8237E97C7F3104BA7B557D9576627B835D36DB7C1440F34F46CF55E6D75A
[TLS] sign_hash (32): 59A2046F7099DD03A9F009E19F8864DA6EF6B508935C6678C9ABA4C768892BB4
[TLS] Written transcript to proofs/MSG_TLS_7E8B8237.out, proofs/SIG_TLS_7E8B8237.out and proofs/PK_TLS_7E8B8237.der
Signature verification succeeds
[TLS] Server time: 1620097507
[TLS] client_random  (32): 76310838C191D657E6CD0EC7DB4EA9EA83E809D2C80C013C235D729295440431
[TLS] sign_hash (32): 2523866F125F520E0EBD0EB991099B2653D38A89EBD60D73649B2106C90B58A8
[TLS] Written transcript to proofs/MSG_TLS_76310838.out, proofs/SIG_TLS_76310838.out and proofs/PK_TLS_76310838.der
Signature verification succeeds
[TLS] Server time: 1620097507
[TLS] client_random  (32): E867D95D61EC09B24604AE8CACB43E0F7F60A89E9C0156BB1E115F480BB89220
[TLS] sign_hash (32): BB3DEB9E12A4C19441D3434687E5023EB7ADE023E7F8B67B2737009043EF3B5B
[TLS] Written transcript to proofs/MSG_TLS_E867D95D.out, proofs/SIG_TLS_E867D95D.out and proofs/PK_TLS_E867D95D.der
Signature verification succeeds
[TLS] Server time: 1620097507
[TLS] client_random  (32): 4A19832D4EF7D558470152FBA972C2E60972C41990377A8837A982D3A67065D7
[TLS] sign_hash (32): 5F72BF5E1B5D37AD6E148F9B83470063495473CF0429C5F9EB55FB4FD08C559E
[TLS] Written transcript to proofs/MSG_TLS_4A19832D.out, proofs/SIG_TLS_4A19832D.out and proofs/PK_TLS_4A19832D.der
Signature verification succeeds
Time breakdown (averages): anchor_ping:87.541220 file_read:0.141570 hashing:0.470997
Total time for 71 rounds is 6346.465068ms
Standard deviations: anchor_ping:232.886685 file_read:0.016320 hashing:0.004742
[Client-side ops] mean:0.612567 sd:0.017712
in & out anchor rand written to proofs/phase1.out
     19 [TLS] Server time: 1620097501
      2 [TLS] Server time: 1620097502
      2 [TLS] Server time: 1620097503
      4 [TLS] Server time: 1620097504
      7 [TLS] Server time: 1620097505
     18 [TLS] Server time: 1620097506
     20 [TLS] Server time: 1620097507
Count is 19
Count is 2
Count is 2
Count is 4
Count is 7
Count is 18
Count is 20
success: 0
Sleeping before retrying
CONF: anchor:www.sunysuffolk.edu fs:1024MB n_rounds:71 seed:5c9f4bf9bbc15bb855f82faedc5a52fc3ab2dfa8ec3ba3ce1b270f31fa0cced2 filename:FILE bs:1024 nops:100 benchmarking:0 anchor_ping:1 queue_depth:32 direct:0
[TLS] Connecting to www.sunysuffolk.edu
[TLS] Server time: 1620097509
[TLS] client_random  (32): 5C9F4BF9BBC15BB855F82FAEDC5A52FC3AB2DFA8EC3BA3CE1B270F31FA0CCED2
[TLS] sign_hash (32): AC11D76A56168AA354E177B9E0DC21D1028BB45444EF322360D528BF5172E5EF
[TLS] Written transcript to proofs/MSG_TLS_5C9F4BF9.out, proofs/SIG_TLS_5C9F4BF9.out and proofs/PK_TLS_5C9F4BF9.der
Signature verification succeeds
[TLS] Server time: 1620097509
[TLS] client_random  (32): 94B8EE99B4ED87E1841B9DF4F7FA378D144FC0FF4E1C26B2D8F54E1A1C6DEA17
[TLS] sign_hash (32): 6D5BBD0707B7AECFDFFAECD36A32A8E87A5234F83DC69F1FBFF8D6E787A3C1E4
[TLS] Written transcript to proofs/MSG_TLS_94B8EE99.out, proofs/SIG_TLS_94B8EE99.out and proofs/PK_TLS_94B8EE99.der
Signature verification succeeds
[TLS] Server time: 1620097509
[TLS] client_random  (32): 5669EF0C6F42AE85D49770C838543A6AA9CA799584895E602038BB3739959FEA
[TLS] sign_hash (32): D05AB94497921E894629A3C641BF06A52A3F34839915C1B44555D2296A5E3057
[TLS] Written transcript to proofs/MSG_TLS_5669EF0C.out, proofs/SIG_TLS_5669EF0C.out and proofs/PK_TLS_5669EF0C.der
Signature verification succeeds
[TLS] Server time: 1620097509
[TLS] client_random  (32): CC7A24839D3EA1CB883603970A90D1374B3F9E8629BBDA75A074747F1E11CF06
[TLS] sign_hash (32): 5808333FFAB515B5CB55B1117C8BAACE06FA198EB576450D4C51F1871CEADF76
[TLS] Written transcript to proofs/MSG_TLS_CC7A2483.out, proofs/SIG_TLS_CC7A2483.out and proofs/PK_TLS_CC7A2483.der
Signature verification succeeds
[TLS] Server time: 1620097509
[TLS] client_random  (32): 8B547690B23B11CC3CDAD28FB88FCBDB5E99CCA237EF1F97DB84A28B292128D6
[TLS] sign_hash (32): 3534E4C99ACD2B6D8A349EE4C42851E4A4E271E69A99CEDA208A4F49FB73043C
[TLS] Written transcript to proofs/MSG_TLS_8B547690.out, proofs/SIG_TLS_8B547690.out and proofs/PK_TLS_8B547690.der
Signature verification succeeds
[TLS] Server time: 1620097509
[TLS] client_random  (32): A7FC1B3D481918C917D0FB1A3535E274AB453F29A836DB88CED311903B3411BD
[TLS] sign_hash (32): 0A5CC0D50997E95FCDEE9A271F35844F4C112D33EA07A30B333AEC390B0531FD
[TLS] Written transcript to proofs/MSG_TLS_A7FC1B3D.out, proofs/SIG_TLS_A7FC1B3D.out and proofs/PK_TLS_A7FC1B3D.der
Signature verification succeeds
[TLS] Server time: 1620097509
[TLS] client_random  (32): 529F13748DFFB6610A94DFDC11382B09680F13C07099AE13ACDB32D399AE0701
[TLS] sign_hash (32): 2CC3A01EB828BA9DBAEECC527FD14FC63888F19D7B17053A43088B6AC06BF456
[TLS] Written transcript to proofs/MSG_TLS_529F1374.out, proofs/SIG_TLS_529F1374.out and proofs/PK_TLS_529F1374.der
Signature verification succeeds
[TLS] Server time: 1620097509
[TLS] client_random  (32): 3E8D66D122267B3FA4289B138CD1FB34BB11843A9D8FE537E50378D2F087F489
[TLS] sign_hash (32): 7B3D1C44CAD838BFE5C3D33EE419469C77154E3EF7004169B824FEED45B9B126
[TLS] Written transcript to proofs/MSG_TLS_3E8D66D1.out, proofs/SIG_TLS_3E8D66D1.out and proofs/PK_TLS_3E8D66D1.der
Signature verification succeeds
[TLS] Server time: 1620097509
[TLS] client_random  (32): 127EF1BAF2B7DBC6ADD584A8C3CD47A11843BE589EC65E2C644447B4BC595F42
[TLS] sign_hash (32): C40690C73A9F90187D3B613D01677E310EDC05855F3CCEA4F7E489A4EFD76FD8
[TLS] Written transcript to proofs/MSG_TLS_127EF1BA.out, proofs/SIG_TLS_127EF1BA.out and proofs/PK_TLS_127EF1BA.der
Signature verification succeeds
[TLS] Server time: 1620097509
[TLS] client_random  (32): 706CEC1078C24C2992E86CDE74AA7DD757DAC55080512A9E3BDEA03D838AE6B2
[TLS] sign_hash (32): 7B45BC9236A98E252EA2D7F96B934C8C75228ECCE93637B3C357E1D744071289
[TLS] Written transcript to proofs/MSG_TLS_706CEC10.out, proofs/SIG_TLS_706CEC10.out and proofs/PK_TLS_706CEC10.der
Signature verification succeeds
[TLS] Server time: 1620097509
[TLS] client_random  (32): 86D7AA4D6E568FBAE5AF65B010BDE829BF6E945F69F6C08F27BD26DE15F33E91
[TLS] sign_hash (32): 1772424E7A40F4FDE8B251554B8D742196717E8CE633CBAAC76CE467B901880A
[TLS] Written transcript to proofs/MSG_TLS_86D7AA4D.out, proofs/SIG_TLS_86D7AA4D.out and proofs/PK_TLS_86D7AA4D.der
Signature verification succeeds
[TLS] Server time: 1620097509
[TLS] client_random  (32): B35F536F93D6822258C87DA44C7156FEE7EB6E1842DE26BBF94D5B267C7DFB78
[TLS] sign_hash (32): 932A8BD380306E0CC1F75D0DB4FA5987582516D5EFF4B8130774C9ECA7CDE52C
[TLS] Written transcript to proofs/MSG_TLS_B35F536F.out, proofs/SIG_TLS_B35F536F.out and proofs/PK_TLS_B35F536F.der
Signature verification succeeds
[TLS] Server time: 1620097509
[TLS] client_random  (32): 6C1B9867134B6FD552888B5E49593DFCE10628FBC299AA65A110E8EF5BBD5870
[TLS] sign_hash (32): C9618A168E8A397A7986A700F310009C5D265346809096423D3F055DAF032D58
[TLS] Written transcript to proofs/MSG_TLS_6C1B9867.out, proofs/SIG_TLS_6C1B9867.out and proofs/PK_TLS_6C1B9867.der
Signature verification succeeds
[TLS] Server time: 1620097509
[TLS] client_random  (32): AC1D46488A3038E037FC618A5E036ED483147972B7CF6E767044786DFC1F917A
[TLS] sign_hash (32): 4FA2E79013F5EF0F4E8D630B8B2F1113BE8009C6FE667A7B4E2D9C377F1000F0
[TLS] Written transcript to proofs/MSG_TLS_AC1D4648.out, proofs/SIG_TLS_AC1D4648.out and proofs/PK_TLS_AC1D4648.der
Signature verification succeeds
[TLS] Server time: 1620097509
[TLS] client_random  (32): 5F4C9A5B79D7272D94767471489EBA8E88FE93B3ABE8D5537F4F10490AFCE95A
[TLS] sign_hash (32): A6A67FE3BD4C74B2AD77FB7D03C67ED4306996D8C0B7010602719948097D8B78
[TLS] Written transcript to proofs/MSG_TLS_5F4C9A5B.out, proofs/SIG_TLS_5F4C9A5B.out and proofs/PK_TLS_5F4C9A5B.der
Signature verification succeeds
[TLS] Server time: 1620097509
[TLS] client_random  (32): 243450BDEE712511A77F3E897FEE619A747D525F5FDEE3D3809B8113B72E18D3
[TLS] sign_hash (32): 4D475994FE0053F31B47A727E3D39389DEE3663ED6414D1A15B8C9E25C11BE83
[TLS] Written transcript to proofs/MSG_TLS_243450BD.out, proofs/SIG_TLS_243450BD.out and proofs/PK_TLS_243450BD.der
Signature verification succeeds
[TLS] Server time: 1620097509
[TLS] client_random  (32): 18FB35CA1F52827223F5006C7E85B4DB217F0DCAA136BFBDF357A00833186565
[TLS] sign_hash (32): 8FFA171D230406975E00CA7979130206B4BD9921488091137EA2F5B3B698E982
[TLS] Written transcript to proofs/MSG_TLS_18FB35CA.out, proofs/SIG_TLS_18FB35CA.out and proofs/PK_TLS_18FB35CA.der
Signature verification succeeds
[TLS] Server time: 1620097509
[TLS] client_random  (32): 5BEDCAC23C95C85F7F236DFA4F3D8D4D12FC7DBB0961D20E600F0A904524DE82
[TLS] sign_hash (32): D2A0FB4B9ADA1EF88803A287C07F3729148769BBE56E14A26CF9FCD0BD7D5114
[TLS] Written transcript to proofs/MSG_TLS_5BEDCAC2.out, proofs/SIG_TLS_5BEDCAC2.out and proofs/PK_TLS_5BEDCAC2.der
Signature verification succeeds
[TLS] Server time: 1620097509
[TLS] client_random  (32): B7458ACB445C784E9CC92C74717CBF2FEB9FA6EC0180A11812E2E620838BF75C
[TLS] sign_hash (32): 8B73D2F57D8C06DA4D567C64173897B13A43D74C5880C6F8D2CEF84DCBAB1964
[TLS] Written transcript to proofs/MSG_TLS_B7458ACB.out, proofs/SIG_TLS_B7458ACB.out and proofs/PK_TLS_B7458ACB.der
Signature verification succeeds
[TLS] Server time: 1620097509
[TLS] client_random  (32): 78AA9074008E39B6130AB43E033C4AFA475B391D0C9AEA45004B437D9DF898B1
[TLS] sign_hash (32): 63211057A3AB45FFE6C12A0BCBF3CDC42F9232D4FC78357D1D02A2377000C93A
[TLS] Written transcript to proofs/MSG_TLS_78AA9074.out, proofs/SIG_TLS_78AA9074.out and proofs/PK_TLS_78AA9074.der
Signature verification succeeds
[TLS] Server time: 1620097509
[TLS] client_random  (32): B0B17F23B70AF70E8510CEC3DE48FC941BFCE5A132DA75848D83F9D14FE00566
[TLS] sign_hash (32): 2E857E4FD44B08E5A269DE49CC412760DF0907DDD9C752BCAF9E5FD32337FF5D
[TLS] Written transcript to proofs/MSG_TLS_B0B17F23.out, proofs/SIG_TLS_B0B17F23.out and proofs/PK_TLS_B0B17F23.der
Signature verification succeeds
[TLS] Server time: 1620097509
[TLS] client_random  (32): 654F6684F2E7DB722AEA55560CDC15E329A55D01AA93EBC326742FEBE0D1D7C5
[TLS] sign_hash (32): 9088C55B857031B87D377AC2CE99D26FA53BB45F37713F7B97F347EC433F5723
[TLS] Written transcript to proofs/MSG_TLS_654F6684.out, proofs/SIG_TLS_654F6684.out and proofs/PK_TLS_654F6684.der
Signature verification succeeds
[TLS] Server time: 1620097509
[TLS] client_random  (32): 5430C707F99F667AF76C8571C6D764036D8CF8939A17183DD9BC2FE082E1BFCA
[TLS] sign_hash (32): 0FD96A7E8E955C6F596EF002F87F242A865DBDD90C9E0E62B44D14F8BBA17E57
[TLS] Written transcript to proofs/MSG_TLS_5430C707.out, proofs/SIG_TLS_5430C707.out and proofs/PK_TLS_5430C707.der
Signature verification succeeds
[TLS] Server time: 1620097509
[TLS] client_random  (32): 89CD0F79DA878785B67416AD73A47E880445BE415C23F0A2F707F40458A59062
[TLS] sign_hash (32): 79B8FC822E5F10BE91862FC2004F43AB01D46C402DF380998BA3E585F1A4BE53
[TLS] Written transcript to proofs/MSG_TLS_89CD0F79.out, proofs/SIG_TLS_89CD0F79.out and proofs/PK_TLS_89CD0F79.der
Signature verification succeeds
[TLS] Server time: 1620097509
[TLS] client_random  (32): 9B11100160D195A1DD351B0C4B7B6A191C29CAA59740F159946F312C1D65153C
[TLS] sign_hash (32): BB8BA8E166F940583970E41ACE635FF7E96D29FABBCE2F682D13480CB9CC478C
[TLS] Written transcript to proofs/MSG_TLS_9B111001.out, proofs/SIG_TLS_9B111001.out and proofs/PK_TLS_9B111001.der
Signature verification succeeds
[TLS] Server time: 1620097509
[TLS] client_random  (32): 87F40F9892AB0C2DE8E9DBE6EF685195546A4853B34C6E0FFE55217B371DF339
[TLS] sign_hash (32): 77F9D73D4ED254979B935BF47019A63DC4698DA77627AE42505EBED31F419C52
[TLS] Written transcript to proofs/MSG_TLS_87F40F98.out, proofs/SIG_TLS_87F40F98.out and proofs/PK_TLS_87F40F98.der
Signature verification succeeds
[TLS] Server time: 1620097509
[TLS] client_random  (32): 80319D79C915805409002EB5F9D95796A5BDBAEBDF6F85D8CB22F3EC377DAF46
[TLS] sign_hash (32): D63FC67299376ADD9BDC9D66EA4A2AAA7CCDEA74EA4DCA6525666DA7EBB70ABC
[TLS] Written transcript to proofs/MSG_TLS_80319D79.out, proofs/SIG_TLS_80319D79.out and proofs/PK_TLS_80319D79.der
Signature verification succeeds
[TLS] Server time: 1620097509
[TLS] client_random  (32): C18214C1185A710E6C1D629E04B096021D9A0E0147E2FFADED0908CB886C165B
[TLS] sign_hash (32): EC4833CAEF859180BB7674D16B3D64097DD189E28991BB662646DF988C8227E4
[TLS] Written transcript to proofs/MSG_TLS_C18214C1.out, proofs/SIG_TLS_C18214C1.out and proofs/PK_TLS_C18214C1.der
Signature verification succeeds
[TLS] Server time: 1620097509
[TLS] client_random  (32): 607D6B9D7EB8945F87B3E8F707328ECD928F02B836F2B5930392A7729ACBFC49
[TLS] sign_hash (32): C14E84DE8FA97BEEA4BB3386E2734E65BF752A1923BB7B3F8EA095F33023D6E1
[TLS] Written transcript to proofs/MSG_TLS_607D6B9D.out, proofs/SIG_TLS_607D6B9D.out and proofs/PK_TLS_607D6B9D.der
Signature verification succeeds
[TLS] Server time: 1620097509
[TLS] client_random  (32): A4B1FB53E85086C5B5557C5EF3C44D19BCAAF36D9C1B20CD1105B3FD47109FAB
[TLS] sign_hash (32): 2E4213626F9DE00C4F52E315A0B4DF9B1C2306F511C62CE41FE02F4936293A84
[TLS] Written transcript to proofs/MSG_TLS_A4B1FB53.out, proofs/SIG_TLS_A4B1FB53.out and proofs/PK_TLS_A4B1FB53.der
Signature verification succeeds
[TLS] Server time: 1620097509
[TLS] client_random  (32): E4DD4D8C8A668E425842415573EF608BA1E20D2DBE6D1661263BD8C84F0868DD
[TLS] sign_hash (32): 5EFF6050215B3F13509E8803C409296231AC1B2009C0C0530858A4F7BD83AE82
[TLS] Written transcript to proofs/MSG_TLS_E4DD4D8C.out, proofs/SIG_TLS_E4DD4D8C.out and proofs/PK_TLS_E4DD4D8C.der
Signature verification succeeds
[TLS] Server time: 1620097509
[TLS] client_random  (32): D7FE855072711FB24A25206FEA97DD62B3E1D4C19E833B2C4A04BCA0027418D4
[TLS] sign_hash (32): 8BA62688138B86B3118204939A4766F1D632FC36288A1CB6475421C00F5C1E21
[TLS] Written transcript to proofs/MSG_TLS_D7FE8550.out, proofs/SIG_TLS_D7FE8550.out and proofs/PK_TLS_D7FE8550.der
Signature verification succeeds
[TLS] Server time: 1620097509
[TLS] client_random  (32): 55C4A65DB5E23590572F3C4DF2F8144DC2A357ECB1E276CAE7F2AAB6C01084A3
[TLS] sign_hash (32): 314A929DC03A023D4EFF3FF91B8B526B0234B801D50A56FD5289CA2073E93C8C
[TLS] Written transcript to proofs/MSG_TLS_55C4A65D.out, proofs/SIG_TLS_55C4A65D.out and proofs/PK_TLS_55C4A65D.der
Signature verification succeeds
[TLS] Server time: 1620097509
[TLS] client_random  (32): 400F15167714DE19AB62C75DAC8A23B64308BF6208E85F9BEE39ED84CCF0DBA8
[TLS] sign_hash (32): 741ADAF302F403CFF2825CCACBC1B72A9B69D569FE0ACD37DF13DECB35FFD175
[TLS] Written transcript to proofs/MSG_TLS_400F1516.out, proofs/SIG_TLS_400F1516.out and proofs/PK_TLS_400F1516.der
Signature verification succeeds
[TLS] Server time: 1620097509
[TLS] client_random  (32): 95827C3313267F170C7EE39DCFD19468F5D688197EAEA58C2759B641D52C5652
[TLS] sign_hash (32): 820EF934EA8EB229AA3E9E29B44D0647D614DF889C27597FA5D9D80E485A5270
[TLS] Written transcript to proofs/MSG_TLS_95827C33.out, proofs/SIG_TLS_95827C33.out and proofs/PK_TLS_95827C33.der
Signature verification succeeds
[TLS] Server time: 1620097509
[TLS] client_random  (32): 41967C6529E159480A8D167DE55561C692A7495FD004D0EF74F9C9DC097B13F5
[TLS] sign_hash (32): C0AAD791566940635FE7185CF4BEE73679CAD56C62F8B9DBEBEC16F94256FA88
[TLS] Written transcript to proofs/MSG_TLS_41967C65.out, proofs/SIG_TLS_41967C65.out and proofs/PK_TLS_41967C65.der
Signature verification succeeds
[TLS] Server time: 1620097509
[TLS] client_random  (32): C3C24752DA781DCE067759737C6C70C2839617421F863D939E327B28BD08E732
[TLS] sign_hash (32): E7327EACD72EE61A7F2924724008DCD851124822DA72E1EDD2FF9A3A94E162FE
[TLS] Written transcript to proofs/MSG_TLS_C3C24752.out, proofs/SIG_TLS_C3C24752.out and proofs/PK_TLS_C3C24752.der
Signature verification succeeds
[TLS] Server time: 1620097509
[TLS] client_random  (32): 65207F7E8C44FBBAAF6A348089DF1F4ABB9E7DECFF32AC71AE435897ADDFBD65
[TLS] sign_hash (32): 64E6570DF5AAD7B55589B8E776CA0373D303F9C60A8FBF9EC43D3DC7166CB13E
[TLS] Written transcript to proofs/MSG_TLS_65207F7E.out, proofs/SIG_TLS_65207F7E.out and proofs/PK_TLS_65207F7E.der
Signature verification succeeds
[TLS] Server time: 1620097509
[TLS] client_random  (32): 8C767995F37C6DFF800B752AB50A57942CAB8AD64CB9B8EED77E09B9B29722D3
[TLS] sign_hash (32): A9574938CB9A8022E2F670ED971ABC9D4CF8E9EF46B4C18F8CF21242D7E210C1
[TLS] Written transcript to proofs/MSG_TLS_8C767995.out, proofs/SIG_TLS_8C767995.out and proofs/PK_TLS_8C767995.der
Signature verification succeeds
[TLS] Server time: 1620097509
[TLS] client_random  (32): F32796664100F1223CA1E9EDA78D42B92649CBD95217CCF4E6CFD3C7880733EB
[TLS] sign_hash (32): C20E85CCE5B35DC2DE573A6EAE69DD683E7B3160C8B5DCDD13FE4CCACF4C2C2E
[TLS] Written transcript to proofs/MSG_TLS_F3279666.out, proofs/SIG_TLS_F3279666.out and proofs/PK_TLS_F3279666.der
Signature verification succeeds
[TLS] Server time: 1620097509
[TLS] client_random  (32): 943720DF85D64745A22F277D4E8B6378ECC7A0B21013ADFE382FE44B5E3C4223
[TLS] sign_hash (32): EA70EF2B75E2CCC271A2F1F1F25F5DCCDB949718AAE2CFAD64003A082107E644
[TLS] Written transcript to proofs/MSG_TLS_943720DF.out, proofs/SIG_TLS_943720DF.out and proofs/PK_TLS_943720DF.der
Signature verification succeeds
[TLS] Server time: 1620097509
[TLS] client_random  (32): CC930C156FC592AC1EE019D27B59A501DC668BC2A2A0EAF3D63FF67BB94E5413
[TLS] sign_hash (32): 73961D639FC02E2FD68442982FD590D26DD93F39652C508E3A1BF1CCD727A71B
[TLS] Written transcript to proofs/MSG_TLS_CC930C15.out, proofs/SIG_TLS_CC930C15.out and proofs/PK_TLS_CC930C15.der
Signature verification succeeds
[TLS] Server time: 1620097509
[TLS] client_random  (32): 2684B361FE0D33433759FFA5BD9F772C6FAECEE2366B6DF8F91ED9E440676200
[TLS] sign_hash (32): CD47C6850E97B26387864DB48C4CE698379351E7F1B0537672380329C4135B09
[TLS] Written transcript to proofs/MSG_TLS_2684B361.out, proofs/SIG_TLS_2684B361.out and proofs/PK_TLS_2684B361.der
Signature verification succeeds
[TLS] Server time: 1620097509
[TLS] client_random  (32): C2E1C10BB31190EF123FECEA229EE265A845675575F8D0641FF8A1F22008ECB7
[TLS] sign_hash (32): 2282200FA6E99072A762F4DD45AA4B265869DB245D2E114066C8DA8203FF9827
[TLS] Written transcript to proofs/MSG_TLS_C2E1C10B.out, proofs/SIG_TLS_C2E1C10B.out and proofs/PK_TLS_C2E1C10B.der
Signature verification succeeds
[TLS] Server time: 1620097509
[TLS] client_random  (32): EAD70AF51E3244F8B82791B266F3105D391F55612AE0023FB386E880BF43036D
[TLS] sign_hash (32): F84E06BAD03DEA411FB1FEA05350CA8B8256F662226C94348BC471C6CD11FB5A
[TLS] Written transcript to proofs/MSG_TLS_EAD70AF5.out, proofs/SIG_TLS_EAD70AF5.out and proofs/PK_TLS_EAD70AF5.der
Signature verification succeeds
[TLS] Server time: 1620097509
[TLS] client_random  (32): 1C97D74A4798EF4A593EA64EECFA6C25AFAF5AF1F1894D2E2BF8A2DD05157F11
[TLS] sign_hash (32): 8E5A7C695E356C1AFD497B4A8D2C1B14F7269C7F8A6C06E7549B9485FF06C125
[TLS] Written transcript to proofs/MSG_TLS_1C97D74A.out, proofs/SIG_TLS_1C97D74A.out and proofs/PK_TLS_1C97D74A.der
Signature verification succeeds
[TLS] Server time: 1620097509
[TLS] client_random  (32): 86F2CBD2E58C4E3783A6DD2D8625CEE177E9945114185AED4E9B2F5D4C4FA52F
[TLS] sign_hash (32): 769433002A4519DDA7BD07E9451AAD84A2DAC300CE22AAAE605C3046091B32B1
[TLS] Written transcript to proofs/MSG_TLS_86F2CBD2.out, proofs/SIG_TLS_86F2CBD2.out and proofs/PK_TLS_86F2CBD2.der
Signature verification succeeds
[TLS] Server time: 1620097509
[TLS] client_random  (32): 027DA010D3E70FECCA163AE79B9107A6E624AA098F967C9531EA7BDE36810B58
[TLS] sign_hash (32): 15484E4E86383B2F44CA5560C5043119C2A31E398AB90CBC5D60C973EA034BC6
[TLS] Written transcript to proofs/MSG_TLS_027DA010.out, proofs/SIG_TLS_027DA010.out and proofs/PK_TLS_027DA010.der
Signature verification succeeds
[TLS] Server time: 1620097509
[TLS] client_random  (32): 5007A436E156BA62D2A3DCC362315E0859F61425599F27FCBC82CD85B709ED9F
[TLS] sign_hash (32): 19059302ED5B9C03C161A9D60A413D58350BD15E354EEDF0EB55EFE3FEC334F4
[TLS] Written transcript to proofs/MSG_TLS_5007A436.out, proofs/SIG_TLS_5007A436.out and proofs/PK_TLS_5007A436.der
Signature verification succeeds
[TLS] Server time: 1620097509
[TLS] client_random  (32): 55BDAEB7260017787B3E6CB1392746F1A730DC2293A96826408DF082A26EB563
[TLS] sign_hash (32): B9C98A8A62653EB07683DF0C270F30F3529F25078FBBB02F2EFBF9E770AA2B95
[TLS] Written transcript to proofs/MSG_TLS_55BDAEB7.out, proofs/SIG_TLS_55BDAEB7.out and proofs/PK_TLS_55BDAEB7.der
Signature verification succeeds
[TLS] Server time: 1620097509
[TLS] client_random  (32): 619517F1B4666AC1E98D252D8E32E6B22CD76FCA6D6ADA7A9EF22AB4CEDB153C
[TLS] sign_hash (32): 30BAC0F5FC47E81A940B92E1FBE8CF148CDA8304730FC0201436EE5F833DDC3E
[TLS] Written transcript to proofs/MSG_TLS_619517F1.out, proofs/SIG_TLS_619517F1.out and proofs/PK_TLS_619517F1.der
Signature verification succeeds
[TLS] Server time: 1620097509
[TLS] client_random  (32): 7D6A77FEE455176FBAB4500E7B20263864B0D9EB2F728ED7A0CF05F13A32723C
[TLS] sign_hash (32): 99D546179B403700273C947EF82465004FEF4C35FD960A63A4FEBA0C70CB71C5
[TLS] Written transcript to proofs/MSG_TLS_7D6A77FE.out, proofs/SIG_TLS_7D6A77FE.out and proofs/PK_TLS_7D6A77FE.der
Signature verification succeeds
[TLS] Server time: 1620097509
[TLS] client_random  (32): BAAEB5F5A818D7391E3E78B168AC1870DC3E2641023EFB4FB8F31D942CBF07AC
[TLS] sign_hash (32): EA6DA079F4DEF4AAB765DC0501892B561C45F91ED73BA97DFFC6ED8D5DC1F5CB
[TLS] Written transcript to proofs/MSG_TLS_BAAEB5F5.out, proofs/SIG_TLS_BAAEB5F5.out and proofs/PK_TLS_BAAEB5F5.der
Signature verification succeeds
[TLS] Server time: 1620097509
[TLS] client_random  (32): B2A822CCE82FD239DF265AA49BFD9EF8171B7C5F95F51E81BCC8AB2DE070FAB4
[TLS] sign_hash (32): 3B72D9EE11440C96C5E00305F3669B04BA3ED4D9466A42920092AB706E2139FD
[TLS] Written transcript to proofs/MSG_TLS_B2A822CC.out, proofs/SIG_TLS_B2A822CC.out and proofs/PK_TLS_B2A822CC.der
Signature verification succeeds
[TLS] Server time: 1620097509
[TLS] client_random  (32): A0E10D3132988CFF560210F697BC670178D8F9A2520B25F4D5A7ED2D95F153E8
[TLS] sign_hash (32): 1ABCCC5FDB645C2B47E8D83A2F84EF0DF505F16F1FCAFD84769F4E6758143E0D
[TLS] Written transcript to proofs/MSG_TLS_A0E10D31.out, proofs/SIG_TLS_A0E10D31.out and proofs/PK_TLS_A0E10D31.der
Signature verification succeeds
[TLS] Server time: 1620097509
[TLS] client_random  (32): BA2D2A0E1E3F18325CB9E34156F8475EDCF1DD586D0C996F7A86861D17286F0D
[TLS] sign_hash (32): 3939A59082A633B3C863484211919CCD85AEB3E2C95AF17E80784993F30F9D89
[TLS] Written transcript to proofs/MSG_TLS_BA2D2A0E.out, proofs/SIG_TLS_BA2D2A0E.out and proofs/PK_TLS_BA2D2A0E.der
Signature verification succeeds
[TLS] Server time: 1620097509
[TLS] client_random  (32): 715C49E3FD613CF8454BB11F352A50A40AAF8E2D70DF17D2C3242F84459CBFAD
[TLS] sign_hash (32): 403A438C3EFC7A2ADF74FD9428CB28CDAA449C3D7D2A99943D2E39ED5D1F50E8
[TLS] Written transcript to proofs/MSG_TLS_715C49E3.out, proofs/SIG_TLS_715C49E3.out and proofs/PK_TLS_715C49E3.der
Signature verification succeeds
[TLS] Server time: 1620097510
[TLS] client_random  (32): BAAC887707AFE3B5805EDABBE9F3A0ED75E7AF2B55589D07EC9D0A335ED86F44
[TLS] sign_hash (32): 248D8C1AC4A227B193461DBFE9E5C1AB5A33AF5BF8DD5417B33FF4A04C12DB24
[TLS] Written transcript to proofs/MSG_TLS_BAAC8877.out, proofs/SIG_TLS_BAAC8877.out and proofs/PK_TLS_BAAC8877.der
Signature verification succeeds
[TLS] Server time: 1620097510
[TLS] client_random  (32): 940B2EA620DF77959966D1408938B2053EB35B29B34E0E2207CCE4761825156F
[TLS] sign_hash (32): E063E615CF01F32E14236F559B786D0B3D4F109EF328055826C036D468441947
[TLS] Written transcript to proofs/MSG_TLS_940B2EA6.out, proofs/SIG_TLS_940B2EA6.out and proofs/PK_TLS_940B2EA6.der
Signature verification succeeds
[TLS] Server time: 1620097510
[TLS] client_random  (32): 170C0364259FAE805BEE7B52F339D0D0BF192E7279C9BDD4348FAA4C4EF9B6A6
[TLS] sign_hash (32): AB1ACE2EA3412BB2F9507F21A031EED1D63D739060FC0FF94D197178F60BDFA7
[TLS] Written transcript to proofs/MSG_TLS_170C0364.out, proofs/SIG_TLS_170C0364.out and proofs/PK_TLS_170C0364.der
Signature verification succeeds
[TLS] Server time: 1620097510
[TLS] client_random  (32): 553F4ED069BD591409465C5DCC9562FD9CFED5C5A15307A2223933698BCFFD0D
[TLS] sign_hash (32): C93F295F9CF44349AA6562E906C4CECBD96D940F69D38E5BC4AF7897125C542B
[TLS] Written transcript to proofs/MSG_TLS_553F4ED0.out, proofs/SIG_TLS_553F4ED0.out and proofs/PK_TLS_553F4ED0.der
Signature verification succeeds
[TLS] Server time: 1620097510
[TLS] client_random  (32): C9332C885B33005743E62389D165B556C9178CCCCF8EA3C3E5343429FA6FDCDB
[TLS] sign_hash (32): 8DDB5163BAC799FE551673900B7F2D4D1C528AA70210ABEDA554F7FA89EDA76A
[TLS] Written transcript to proofs/MSG_TLS_C9332C88.out, proofs/SIG_TLS_C9332C88.out and proofs/PK_TLS_C9332C88.der
Signature verification succeeds
[TLS] Server time: 1620097510
[TLS] client_random  (32): 3D8982095C3ABA4EAFB4EED8952EACC00549A2D0289288F469CACA070C4CBB46
[TLS] sign_hash (32): 3A4218E63E2D006130E30116D243FBA176DD1C9DA1EDBC7C82325DD6CF38E7E0
[TLS] Written transcript to proofs/MSG_TLS_3D898209.out, proofs/SIG_TLS_3D898209.out and proofs/PK_TLS_3D898209.der
Signature verification succeeds
[TLS] Server time: 1620097510
[TLS] client_random  (32): 9D4A7DAD94D44C0525F62134113D12542D16EFDF5B8F153F1CFAAC1657AFC66B
[TLS] sign_hash (32): 0BEDCB0DDA7146A8BD3E9A2557F92678B05D35F45135B1191C7E936C03EEED20
[TLS] Written transcript to proofs/MSG_TLS_9D4A7DAD.out, proofs/SIG_TLS_9D4A7DAD.out and proofs/PK_TLS_9D4A7DAD.der
Signature verification succeeds
[TLS] Server time: 1620097510
[TLS] client_random  (32): 3278D5ADA296D7A2C2A8D5EBCE28C386FCAB1A460AFC8B110F74F8561E86F3F6
[TLS] sign_hash (32): 59E160911AF119DE449C8182685BDF44D15B652E38F6129034C96CAA82A7B76A
[TLS] Written transcript to proofs/MSG_TLS_3278D5AD.out, proofs/SIG_TLS_3278D5AD.out and proofs/PK_TLS_3278D5AD.der
Signature verification succeeds
[TLS] Server time: 1620097510
[TLS] client_random  (32): 1629C6BE8402D6787059418BED169ABC4BF78E02351792DD761A366692E4BD6E
[TLS] sign_hash (32): 103045D48AEA6611918CE64764BF3F0267CB58AEBD9885AF6F156950C28BCFB5
[TLS] Written transcript to proofs/MSG_TLS_1629C6BE.out, proofs/SIG_TLS_1629C6BE.out and proofs/PK_TLS_1629C6BE.der
Signature verification succeeds
[TLS] Server time: 1620097510
[TLS] client_random  (32): FA10983EAFCBDA4832B44F6274D94783A209684E26C7770B8146889DBAAC2902
[TLS] sign_hash (32): D8E333E4CAE7D200553B0418DC95789FBF1B4133CE36BAFEF9F897C1C63027D5
[TLS] Written transcript to proofs/MSG_TLS_FA10983E.out, proofs/SIG_TLS_FA10983E.out and proofs/PK_TLS_FA10983E.der
Signature verification succeeds
[TLS] Server time: 1620097510
[TLS] client_random  (32): DD0B7DBB3257FD7B7744A86A13FAB5F088D42451C40BE8E1AA2DFDCA1CB26A8E
[TLS] sign_hash (32): 88FB94BAAE857EA2280E33DE397FD81D3382CCD26AC8BE848E159D9F6BB2ECC8
[TLS] Written transcript to proofs/MSG_TLS_DD0B7DBB.out, proofs/SIG_TLS_DD0B7DBB.out and proofs/PK_TLS_DD0B7DBB.der
Signature verification succeeds
[TLS] Server time: 1620097510
[TLS] client_random  (32): E1ED850B2BF477450627252EC760A21F4B9B7DEE2F9BFE7AF848867E6AF06D85
[TLS] sign_hash (32): 61B201EB2D7F878CC874BA14598DB0FCB7B947FFC4DC28D41663F8F46ACFF9A7
[TLS] Written transcript to proofs/MSG_TLS_E1ED850B.out, proofs/SIG_TLS_E1ED850B.out and proofs/PK_TLS_E1ED850B.der
Signature verification succeeds
[TLS] Server time: 1620097510
[TLS] client_random  (32): EB9163C0CF58A1BA38F35018C2E410E8F1A0FF6C26E2ACB1D26D1B2CF1AA9C0F
[TLS] sign_hash (32): 20F84B2BC1AEC414232EBEBE18763E1AAF11925C9A2A5546FAE005195D6AF8F9
[TLS] Written transcript to proofs/MSG_TLS_EB9163C0.out, proofs/SIG_TLS_EB9163C0.out and proofs/PK_TLS_EB9163C0.der
Signature verification succeeds
[TLS] Server time: 1620097510
[TLS] client_random  (32): 55CDE03369E46C126ECC968A074ADA603F5B191ECC5A9A35DA905E6ACD754BEA
[TLS] sign_hash (32): 09754A15914D322D591764C7307E2295B78C9AB1CFDD50924894C095A6B11B9B
[TLS] Written transcript to proofs/MSG_TLS_55CDE033.out, proofs/SIG_TLS_55CDE033.out and proofs/PK_TLS_55CDE033.der
Signature verification succeeds
[TLS] Server time: 1620097510
[TLS] client_random  (32): 86CB780DF15A6E9A8D32E9F660C5B0C0F04F322797C3A3A818F78EE3DA98DA86
[TLS] sign_hash (32): 1FB86FA9146F5745A62FC070E6BF17823F5A0B639382F72DBEB3CE791D16E35D
[TLS] Written transcript to proofs/MSG_TLS_86CB780D.out, proofs/SIG_TLS_86CB780D.out and proofs/PK_TLS_86CB780D.der
Signature verification succeeds
Time breakdown (averages): anchor_ping:13.936147 file_read:0.131460 hashing:0.469509
Total time for 71 rounds is 1046.076048ms
Standard deviations: anchor_ping:0.755920 file_read:0.016691 hashing:0.003015
[Client-side ops] mean:0.600969 sd:0.016936
in & out anchor rand written to proofs/phase1.out
     57 [TLS] Server time: 1620097509
     15 [TLS] Server time: 1620097510
Count is 57
Count is 15
success: 1
RESULT: 1 in 2 tries
