TLS anchor: www.sunysuffolk.edu
Actual: 34, Set: 71
Beginning execution at Sun Apr 25 13:35:01 UTC 2021
CONF: anchor:www.sunysuffolk.edu fs:1024MB n_rounds:71 seed:5c9f4bf9bbc15bb855f82faedc5a52fc3ab2dfa8ec3ba3ce1b270f31fa0cced2 filename:FILE bs:1024 nops:100 benchmarking:0 anchor_ping:1 queue_depth:32 direct:0
[TLS] Connecting to www.sunysuffolk.edu
[TLS] Server time: 1619357701
[TLS] client_random  (32): 5C9F4BF9BBC15BB855F82FAEDC5A52FC3AB2DFA8EC3BA3CE1B270F31FA0CCED2
[TLS] sign_hash (32): 2BA448A95381FFC8641FB734FE263F529F68A2F1D7BB54B01DD66FB1B9FC07B6
[TLS] Written transcript to proofs/MSG_TLS_5C9F4BF9.out, proofs/SIG_TLS_5C9F4BF9.out and proofs/PK_TLS_5C9F4BF9.der
Signature verification succeeds
[TLS] Server time: 1619357701
[TLS] client_random  (32): 0CC21AC3BDBD9A6F748D25D7DAA056562E8B19F65A910CA1A6613D970B7A9DDC
[TLS] sign_hash (32): 5ED10D8D8537F96E12F2822F515FE59D52E8F5E0ADFCF8A77C2312FE6528FE4C
[TLS] Written transcript to proofs/MSG_TLS_0CC21AC3.out, proofs/SIG_TLS_0CC21AC3.out and proofs/PK_TLS_0CC21AC3.der
Signature verification succeeds
[TLS] Server time: 1619357701
[TLS] client_random  (32): 2C04841075449915775D3403F4C7338A131A2A5A0CE09FC0F8E670375FE37FF8
[TLS] sign_hash (32): A010239582C038D67E4C1518A94831081CC085CF865AA0E1DA016BBC82E302DB
[TLS] Written transcript to proofs/MSG_TLS_2C048410.out, proofs/SIG_TLS_2C048410.out and proofs/PK_TLS_2C048410.der
Signature verification succeeds
[TLS] Server time: 1619357701
[TLS] client_random  (32): 235FDF8F2067FF7C39D95B72D64C8E6C88A5E195B2F1174BA27E5B13F61D7DAE
[TLS] sign_hash (32): 9A20A48EDF85B3F38EA41DC042DCAD35CEF82287E599F4A0D56DF47C84BD538C
[TLS] Written transcript to proofs/MSG_TLS_235FDF8F.out, proofs/SIG_TLS_235FDF8F.out and proofs/PK_TLS_235FDF8F.der
Signature verification succeeds
[TLS] Server time: 1619357701
[TLS] client_random  (32): 72837C4FDA3EA9EC951D72A28E91248CEBDA7C3A6F9E5D72DB024D77EAF204E3
[TLS] sign_hash (32): ABB002325A438E720A063E55573B20A2C15C4DEF854577F46F5D7A858A24765C
[TLS] Written transcript to proofs/MSG_TLS_72837C4F.out, proofs/SIG_TLS_72837C4F.out and proofs/PK_TLS_72837C4F.der
Signature verification succeeds
[TLS] Server time: 1619357701
[TLS] client_random  (32): 1BE82CA601DFA7572C6DE2DE009DB89E20E077D4FFF7588D073A39CAFD9D439D
[TLS] sign_hash (32): 818829D720E50E4CF33F1BC45E93192E45BD76888DA0D5016F4BB3049F056DF0
[TLS] Written transcript to proofs/MSG_TLS_1BE82CA6.out, proofs/SIG_TLS_1BE82CA6.out and proofs/PK_TLS_1BE82CA6.der
Signature verification succeeds
[TLS] Server time: 1619357701
[TLS] client_random  (32): FE2201315D2A0399150222C6C7342AEE256F53AB4FB74FCEF0403F0599B684CD
[TLS] sign_hash (32): 97C36C3B8E9F9E8B82A39F39C32588EBA5573FD2C29A57BDF56FF1260F3E47D6
[TLS] Written transcript to proofs/MSG_TLS_FE220131.out, proofs/SIG_TLS_FE220131.out and proofs/PK_TLS_FE220131.der
Signature verification succeeds
[TLS] Server time: 1619357701
[TLS] client_random  (32): BE109B135075887EC13D0319D1511DDD7083EE402516F1F9AEB266F23CBC46D5
[TLS] sign_hash (32): E86DAFF5F865A8160313155A8977F904F2209BF3548E31D9607E4FCB44409E82
[TLS] Written transcript to proofs/MSG_TLS_BE109B13.out, proofs/SIG_TLS_BE109B13.out and proofs/PK_TLS_BE109B13.der
Signature verification succeeds
[TLS] Server time: 1619357701
[TLS] client_random  (32): A4D26EAB2D92C76D0819E8172B3FA2C63891ADA013E55EFD27278A9894475A66
[TLS] sign_hash (32): F0D67DF3A3E4A621C1EAC842579BC0D7AC4C431555137A166FE1E58D624FD69F
[TLS] Written transcript to proofs/MSG_TLS_A4D26EAB.out, proofs/SIG_TLS_A4D26EAB.out and proofs/PK_TLS_A4D26EAB.der
Signature verification succeeds
[TLS] Server time: 1619357701
[TLS] client_random  (32): FF72BB5AADF78EE661CA554B66B09DBF3F0D174885155F97D4ECFED901080DBF
[TLS] sign_hash (32): FC98C863DCAD60060AED3AD91A007E5648D2F561B23327012072D2FC9CB97A9F
[TLS] Written transcript to proofs/MSG_TLS_FF72BB5A.out, proofs/SIG_TLS_FF72BB5A.out and proofs/PK_TLS_FF72BB5A.der
Signature verification succeeds
[TLS] Server time: 1619357701
[TLS] client_random  (32): E979A6902536977C060117F070AF2186686F447CF7DF2F6EFB470A03C0C285F9
[TLS] sign_hash (32): B9DD8AC47BF574457D2D3AEDF3ABF527C61D96317364C6ACCC71DAB3001D4E50
[TLS] Written transcript to proofs/MSG_TLS_E979A690.out, proofs/SIG_TLS_E979A690.out and proofs/PK_TLS_E979A690.der
Signature verification succeeds
[TLS] Server time: 1619357701
[TLS] client_random  (32): 7D29980D4E1C334998F868AD02D53D9223C8D870797224FC6523231465C0DB9C
[TLS] sign_hash (32): BE70C68351C00F843724C09E1ECAD824354BF3F5578722979ED7EDF8AF15C711
[TLS] Written transcript to proofs/MSG_TLS_7D29980D.out, proofs/SIG_TLS_7D29980D.out and proofs/PK_TLS_7D29980D.der
Signature verification succeeds
[TLS] Server time: 1619357701
[TLS] client_random  (32): 1731C4828C1ABA7198D3162681CE5DC5C06E83BC7844454658EBA371C3D9DDFF
[TLS] sign_hash (32): 40D5EB4BA4035D1E19A258E04E18452D78CB1F6D72E3D74988E4DA424E2EEF07
[TLS] Written transcript to proofs/MSG_TLS_1731C482.out, proofs/SIG_TLS_1731C482.out and proofs/PK_TLS_1731C482.der
Signature verification succeeds
[TLS] Server time: 1619357701
[TLS] client_random  (32): CDA1665A9E92125C5B4868970EE3E4239705C5B56C21CF248DDC03A10E597E93
[TLS] sign_hash (32): 8F59E012A2AF9969FBF731C58E90B84EA2460C05E7C7147074FAFFEDFEFCAE29
[TLS] Written transcript to proofs/MSG_TLS_CDA1665A.out, proofs/SIG_TLS_CDA1665A.out and proofs/PK_TLS_CDA1665A.der
Signature verification succeeds
[TLS] Server time: 1619357701
[TLS] client_random  (32): 8FAD1FD8295E1295C473BAFF2C5EAF66DB2D77C7827AA26B9DDE2142D7666471
[TLS] sign_hash (32): ECD0F59BF217A3D46E8D63FB82A4C7DB190C0CB92A46751AE195D2DC9383B832
[TLS] Written transcript to proofs/MSG_TLS_8FAD1FD8.out, proofs/SIG_TLS_8FAD1FD8.out and proofs/PK_TLS_8FAD1FD8.der
Signature verification succeeds
[TLS] Server time: 1619357701
[TLS] client_random  (32): 33254369FBCDCED525B84BEA2166A44AC143E4B72F4B5E7F58E979735F154A9D
[TLS] sign_hash (32): CC00BEE379D574A94F013FF521D822F863172F5A54048D3295AE9A6A2F9DBB7B
[TLS] Written transcript to proofs/MSG_TLS_33254369.out, proofs/SIG_TLS_33254369.out and proofs/PK_TLS_33254369.der
Signature verification succeeds
[TLS] Server time: 1619357702
[TLS] client_random  (32): F99490F7D064B24CAD5804A5D8CAA969E3CACA1527C6F79B52DBEFE855F6A50B
[TLS] sign_hash (32): 98C52EEEF5468E5F5BEE170E5D0E9AF890B13AAE9A76F0A29CDBF842AF101C35
[TLS] Written transcript to proofs/MSG_TLS_F99490F7.out, proofs/SIG_TLS_F99490F7.out and proofs/PK_TLS_F99490F7.der
Signature verification succeeds
[TLS] Server time: 1619357702
[TLS] client_random  (32): BD0E76C0837EB31F9F9597C7317ADEAD44A442FFD1E5F96B738F07E85B63D27B
[TLS] sign_hash (32): A8A526DDA832699957096B5CA6F70C0B87F4E3BF87E7B56D2585C4167911EA27
[TLS] Written transcript to proofs/MSG_TLS_BD0E76C0.out, proofs/SIG_TLS_BD0E76C0.out and proofs/PK_TLS_BD0E76C0.der
Signature verification succeeds
[TLS] Server time: 1619357702
[TLS] client_random  (32): 74E05A385CBF7F6CAB442733A2A4FB64E407809220723BDBD92D1304F4DF2E9D
[TLS] sign_hash (32): 067B26CB941762E739E1F2FAB3FFC24E01512C8A8005AD7CB30C321ABC26D447
[TLS] Written transcript to proofs/MSG_TLS_74E05A38.out, proofs/SIG_TLS_74E05A38.out and proofs/PK_TLS_74E05A38.der
Signature verification succeeds
[TLS] Server time: 1619357703
[TLS] client_random  (32): 850EDBA4244C07EF8CFE1E9D0784060ACD49E6ED247C4ED8C660B5511AB813B5
[TLS] sign_hash (32): 8DD1EDC50B5EEE85172A9A2B16F025F186C3DBBF9FB5491C85FE7D4276AABC1A
[TLS] Written transcript to proofs/MSG_TLS_850EDBA4.out, proofs/SIG_TLS_850EDBA4.out and proofs/PK_TLS_850EDBA4.der
Signature verification succeeds
[TLS] Server time: 1619357703
[TLS] client_random  (32): C876DBE2664C2EC7FC17C6D0E51AC6718652C3AC9851B44F89ED6EF114DD07C8
[TLS] sign_hash (32): 1891985E98F638A094A8F0FD12C13E2E803F20C5077023C7EC6B90B687BBA30E
[TLS] Written transcript to proofs/MSG_TLS_C876DBE2.out, proofs/SIG_TLS_C876DBE2.out and proofs/PK_TLS_C876DBE2.der
Signature verification succeeds
[TLS] Server time: 1619357704
[TLS] client_random  (32): 3FCE5860379DE93CCA1FCD6B946F2DEE34DF22D76E2A3CB047343D23215BD93C
[TLS] sign_hash (32): 4748ADC0D96A5086431BCECF908DB18740BECA28F6B6805FBC633B8D991694E8
[TLS] Written transcript to proofs/MSG_TLS_3FCE5860.out, proofs/SIG_TLS_3FCE5860.out and proofs/PK_TLS_3FCE5860.der
Signature verification succeeds
[TLS] Server time: 1619357704
[TLS] client_random  (32): F64A59AAAD326BE7BCB4767903B0F65BBCB96B701BFCBCD271754A210C85D862
[TLS] sign_hash (32): 0940DF3BE82E974EC2C51939989C09F0D64A4CEF70DC974EE7233374E8FC0FC9
[TLS] Written transcript to proofs/MSG_TLS_F64A59AA.out, proofs/SIG_TLS_F64A59AA.out and proofs/PK_TLS_F64A59AA.der
Signature verification succeeds
[TLS] Server time: 1619357704
[TLS] client_random  (32): DB3E89F8F81249415D82E5DDCD1C82A2DB70FF0954C652F9105B55F469424ED4
[TLS] sign_hash (32): C85D57A4EC41E2C04A806E151A25FBB1FDE16563D53587D96C7F6F3EF1D10BDE
[TLS] Written transcript to proofs/MSG_TLS_DB3E89F8.out, proofs/SIG_TLS_DB3E89F8.out and proofs/PK_TLS_DB3E89F8.der
Signature verification succeeds
[TLS] Server time: 1619357704
[TLS] client_random  (32): F6E0984E9CA01A0B3905EEC4893B4290C099A95D105CDA5F9C5DD849A3B7ED4C
[TLS] sign_hash (32): 99333FFFE214F2A0C78BE4ED6167DB1DC81651E5496CB4E26CBDA3E547878E2A
[TLS] Written transcript to proofs/MSG_TLS_F6E0984E.out, proofs/SIG_TLS_F6E0984E.out and proofs/PK_TLS_F6E0984E.der
Signature verification succeeds
[TLS] Server time: 1619357705
[TLS] client_random  (32): A59E969756E3158803EFFB4B9EF0F03B74F5316527E5A4A5E6874EB646AD095A
[TLS] sign_hash (32): 11D0437F418CF2D69C989483182BC89D9F7BCD5407BB9F45118D2DCB8DBC62A2
[TLS] Written transcript to proofs/MSG_TLS_A59E9697.out, proofs/SIG_TLS_A59E9697.out and proofs/PK_TLS_A59E9697.der
Signature verification succeeds
[TLS] Server time: 1619357705
[TLS] client_random  (32): D96056F2EA373DD07C96A49D0652907555BD610685D9712AC59A225BB4F7F442
[TLS] sign_hash (32): E060FAAAD65B7BCD43A63ECE725A111FC6376EF195C4391F451D718CF2ACDA07
[TLS] Written transcript to proofs/MSG_TLS_D96056F2.out, proofs/SIG_TLS_D96056F2.out and proofs/PK_TLS_D96056F2.der
Signature verification succeeds
[TLS] Server time: 1619357705
[TLS] client_random  (32): A32EE4B4D1EC5D04A3B4380FD34811B8CA6FC3CB312AFD9FF063ECA47C2E210E
[TLS] sign_hash (32): F997DFB16932F46995C88677455957E53943EA839C5AC703A46E2A4EAF7A2C3B
[TLS] Written transcript to proofs/MSG_TLS_A32EE4B4.out, proofs/SIG_TLS_A32EE4B4.out and proofs/PK_TLS_A32EE4B4.der
Signature verification succeeds
[TLS] Server time: 1619357705
[TLS] client_random  (32): 793A7BE207090FC99E7DC3BA082FF3647ACBB78AB6742C0A4E8ECC1DF2586417
[TLS] sign_hash (32): 6DFC1DB4908EA77560E3C64978F28B9E0F6D3DA95348B342629E9ACD19486081
[TLS] Written transcript to proofs/MSG_TLS_793A7BE2.out, proofs/SIG_TLS_793A7BE2.out and proofs/PK_TLS_793A7BE2.der
Signature verification succeeds
[TLS] Server time: 1619357705
[TLS] client_random  (32): 7A6F015320D4945475089483E2DE730F0C05CE20DFAC77497CE178D793022B69
[TLS] sign_hash (32): 888547238A6CFDBB92C5CFAB3F40E2CDBFEACC2353D0F277194166AEE81E7956
[TLS] Written transcript to proofs/MSG_TLS_7A6F0153.out, proofs/SIG_TLS_7A6F0153.out and proofs/PK_TLS_7A6F0153.der
Signature verification succeeds
[TLS] Server time: 1619357705
[TLS] client_random  (32): 0B51F9E6122F11E068468F51A8014FDCBD02866AE797F735AD8EA1F8057DE824
[TLS] sign_hash (32): 446AF55ACF3AF7F1C3EC6D5FD6A465CB5FF3D46859114F804A6AFCBDEFD7B43D
[TLS] Written transcript to proofs/MSG_TLS_0B51F9E6.out, proofs/SIG_TLS_0B51F9E6.out and proofs/PK_TLS_0B51F9E6.der
Signature verification succeeds
[TLS] Server time: 1619357705
[TLS] client_random  (32): A5CFA4BEC4EE00CE1D2FF19CC6707DA26C81EDA022449645E970F6641FE7A614
[TLS] sign_hash (32): 383C913153F9F60E1F7D28681E43531F515C2DD7395313031089F2991E718127
[TLS] Written transcript to proofs/MSG_TLS_A5CFA4BE.out, proofs/SIG_TLS_A5CFA4BE.out and proofs/PK_TLS_A5CFA4BE.der
Signature verification succeeds
[TLS] Server time: 1619357705
[TLS] client_random  (32): B54C5CDA5CFC64EFF3059C59D449B9C2B0E84AB28487DC01BBB919F263CB1DFF
[TLS] sign_hash (32): 06A646A90C9B21BD171718F4F287934F4633FD53582361912EDBD9151E723B8B
[TLS] Written transcript to proofs/MSG_TLS_B54C5CDA.out, proofs/SIG_TLS_B54C5CDA.out and proofs/PK_TLS_B54C5CDA.der
Signature verification succeeds
[TLS] Server time: 1619357706
[TLS] client_random  (32): 828539A395E24E53301065E676D634593DAAE7FF870DA95E7509E148C1F4909E
[TLS] sign_hash (32): 17DB84971A0AC42E967DC384013147971E46B864D4A36241AC17B8CD06F21560
[TLS] Written transcript to proofs/MSG_TLS_828539A3.out, proofs/SIG_TLS_828539A3.out and proofs/PK_TLS_828539A3.der
Signature verification succeeds
[TLS] Server time: 1619357706
[TLS] client_random  (32): C768C1D512AE9A1CDDA68862A2909E5FDDCE0BB23A31DC269A0A30E95886C0C4
[TLS] sign_hash (32): CD9F6BBE79114A28E7D46BF52C002073C06C2BC241148974DA697609AF58B244
[TLS] Written transcript to proofs/MSG_TLS_C768C1D5.out, proofs/SIG_TLS_C768C1D5.out and proofs/PK_TLS_C768C1D5.der
Signature verification succeeds
[TLS] Server time: 1619357706
[TLS] client_random  (32): CB44B547F17DE8ADA2879D88352E5E61C416D6BABF2C7C967FCBE733BE10932C
[TLS] sign_hash (32): 43348285C0B464A8D206408A4929F302A214318F9D473C9BB01B55E197C7EBB2
[TLS] Written transcript to proofs/MSG_TLS_CB44B547.out, proofs/SIG_TLS_CB44B547.out and proofs/PK_TLS_CB44B547.der
Signature verification succeeds
[TLS] Server time: 1619357706
[TLS] client_random  (32): 5B814C83D2B7C720E3D9323ECB5F6F4F4A99DDC4D146E4300BCDBCB1BF09DE82
[TLS] sign_hash (32): 4132BDF4EB30901356AC22CB9665070B2B2120A4068D99E4FB531CFFE0DC5939
[TLS] Written transcript to proofs/MSG_TLS_5B814C83.out, proofs/SIG_TLS_5B814C83.out and proofs/PK_TLS_5B814C83.der
Signature verification succeeds
[TLS] Server time: 1619357706
[TLS] client_random  (32): 421628E6D6971D0BCA56DAE4B14B032F6A47D4A5E6E888DEA1B1B8C5057D6659
[TLS] sign_hash (32): 823637E6BAD6BE07BEB2BF7653D0C9C4F6A576111D3F792FA4507D1BB9399990
[TLS] Written transcript to proofs/MSG_TLS_421628E6.out, proofs/SIG_TLS_421628E6.out and proofs/PK_TLS_421628E6.der
Signature verification succeeds
[TLS] Server time: 1619357706
[TLS] client_random  (32): 8280D74F76CC385B24CBC039967C0678CB39901185304D96D5C90967217320C1
[TLS] sign_hash (32): 23D2E526FF7ABC4FAF61F77459C4BC1543899E613598C2576DEF6A1DF292B89E
[TLS] Written transcript to proofs/MSG_TLS_8280D74F.out, proofs/SIG_TLS_8280D74F.out and proofs/PK_TLS_8280D74F.der
Signature verification succeeds
[TLS] Server time: 1619357706
[TLS] client_random  (32): 993A9D8091E96AB3D294DB7E2B874BAA85588AA86DCC306F32377A0CA064C76B
[TLS] sign_hash (32): 4F2F5C428BD1E7A122080D20CB19D2E80F1EB12B6E5F031B8059759AEEB5E400
[TLS] Written transcript to proofs/MSG_TLS_993A9D80.out, proofs/SIG_TLS_993A9D80.out and proofs/PK_TLS_993A9D80.der
Signature verification succeeds
[TLS] Server time: 1619357706
[TLS] client_random  (32): D93F252E1855CD01846DB908296883366C1614E7A065C96A19B6633ED6F2CE90
[TLS] sign_hash (32): A1773B807E1B27E57A8B5D4EBA896D6E31378B371ECAEE8C89371C74EE061FEB
[TLS] Written transcript to proofs/MSG_TLS_D93F252E.out, proofs/SIG_TLS_D93F252E.out and proofs/PK_TLS_D93F252E.der
Signature verification succeeds
[TLS] Server time: 1619357706
[TLS] client_random  (32): A248EF0B9F8E318EB319AD1FD7E13AB2AB6C0C03E19FF54F0970D37602F34A3C
[TLS] sign_hash (32): 22EBFB8A4565522752C2B1C399288C1DADAE3711EF35893059FAEF75E7EA342E
[TLS] Written transcript to proofs/MSG_TLS_A248EF0B.out, proofs/SIG_TLS_A248EF0B.out and proofs/PK_TLS_A248EF0B.der
Signature verification succeeds
[TLS] Server time: 1619357706
[TLS] client_random  (32): 001F2DB493503930835D9657D7F6F6D7821587666781F114401E1B6B940FFEE4
[TLS] sign_hash (32): 6AF238A96B98FFB3FEB6607FA18EA9AF76B79D79DBDCEBA80D5E20F793E005C1
[TLS] Written transcript to proofs/MSG_TLS_001F2DB4.out, proofs/SIG_TLS_001F2DB4.out and proofs/PK_TLS_001F2DB4.der
Signature verification succeeds
[TLS] Server time: 1619357706
[TLS] client_random  (32): 9BEB87E93226B1E07F40668372E45F39B913BF765A335D39E0032EA2718C1F7A
[TLS] sign_hash (32): 96B2149788AF97D0F8995AF921592170CB09406C5F158C47DD45411F48F98B4F
[TLS] Written transcript to proofs/MSG_TLS_9BEB87E9.out, proofs/SIG_TLS_9BEB87E9.out and proofs/PK_TLS_9BEB87E9.der
Signature verification succeeds
[TLS] Server time: 1619357706
[TLS] client_random  (32): 4A4A83BD834F7DC52DD170B010A63D9C3A314A62BB1BEA7973911C079587466F
[TLS] sign_hash (32): D76F9E7AA27BCFD5ACFAFAEF52D3BD7840996D97ED76571A6FEC17714D9048CB
[TLS] Written transcript to proofs/MSG_TLS_4A4A83BD.out, proofs/SIG_TLS_4A4A83BD.out and proofs/PK_TLS_4A4A83BD.der
Signature verification succeeds
[TLS] Server time: 1619357706
[TLS] client_random  (32): 0D1D8341D8CDC66503CFEFF4D4BD637ADCA1718532604B48861C437944B56D26
[TLS] sign_hash (32): 0B2CF30982056D3B24966D8186B468B29D1100C6D0974EB62937B7382F545AC9
[TLS] Written transcript to proofs/MSG_TLS_0D1D8341.out, proofs/SIG_TLS_0D1D8341.out and proofs/PK_TLS_0D1D8341.der
Signature verification succeeds
[TLS] Server time: 1619357706
[TLS] client_random  (32): D2CF973C3FFA5E1DF5CAABBAADFE821312EEA1BE8E639B4E58F39F66BC74B5D4
[TLS] sign_hash (32): 8741467D9E4B9BBB8945A1C630F829F3FADA40BAAE2086F5022BD8C29FBD9F78
[TLS] Written transcript to proofs/MSG_TLS_D2CF973C.out, proofs/SIG_TLS_D2CF973C.out and proofs/PK_TLS_D2CF973C.der
Signature verification succeeds
[TLS] Server time: 1619357706
[TLS] client_random  (32): F35E2A8F388CD80A9276B8C419BD95E002F727E7FA94B5334D7B54658B8D59B2
[TLS] sign_hash (32): D0B8C87858B4046A6EBF8147B409C926D8CF99E960DCC7EACE015BFFBFD8F5FB
[TLS] Written transcript to proofs/MSG_TLS_F35E2A8F.out, proofs/SIG_TLS_F35E2A8F.out and proofs/PK_TLS_F35E2A8F.der
Signature verification succeeds
[TLS] Server time: 1619357706
[TLS] client_random  (32): B97690BDB590AFBC3D148647AD0B09A71FD80A46715054D921AD8837E6335ACF
[TLS] sign_hash (32): 65F1D61ED15258B38E704D3BA540E9D230C141F599F2AB7359F4EC2786B86FB2
[TLS] Written transcript to proofs/MSG_TLS_B97690BD.out, proofs/SIG_TLS_B97690BD.out and proofs/PK_TLS_B97690BD.der
Signature verification succeeds
[TLS] Server time: 1619357707
[TLS] client_random  (32): 0EA947A369A3DCD7A4D47AA9C513A83BC7807D299AF3743A55A5DFFAC65E5B52
[TLS] sign_hash (32): 463224183518F6CC3DF456068A3E3923A0D599234A198E50EC2BB407BAEC56AA
[TLS] Written transcript to proofs/MSG_TLS_0EA947A3.out, proofs/SIG_TLS_0EA947A3.out and proofs/PK_TLS_0EA947A3.der
Signature verification succeeds
[TLS] Server time: 1619357707
[TLS] client_random  (32): 623B67BB7470F841527F07A6F7A9E977446E2B5BEFC2F89D78015F4BA6D64FF9
[TLS] sign_hash (32): 7F3D7CF5BD5689D22E3DC1F8F469FB82996F8222D8285848A26F44236EEC2B1C
[TLS] Written transcript to proofs/MSG_TLS_623B67BB.out, proofs/SIG_TLS_623B67BB.out and proofs/PK_TLS_623B67BB.der
Signature verification succeeds
[TLS] Server time: 1619357707
[TLS] client_random  (32): 35E5C1B1705013BDFCB7720C8BE4DE6FA1B9E7C015E5E263BC402C36FC57F495
[TLS] sign_hash (32): 01C7640A59221E21E2013B607ABF4B2E75F27BBA81EAA0D96E4FD9C312FD4420
[TLS] Written transcript to proofs/MSG_TLS_35E5C1B1.out, proofs/SIG_TLS_35E5C1B1.out and proofs/PK_TLS_35E5C1B1.der
Signature verification succeeds
[TLS] Server time: 1619357707
[TLS] client_random  (32): 0DE061672366DC772A85C9D6545066251832CC33A230E38FB3524D1E1D2CB459
[TLS] sign_hash (32): C8E61394233F434E275216F8FA90BA6C201AAD1A518C77186BAFC8043B8C8DD5
[TLS] Written transcript to proofs/MSG_TLS_0DE06167.out, proofs/SIG_TLS_0DE06167.out and proofs/PK_TLS_0DE06167.der
Signature verification succeeds
[TLS] Server time: 1619357707
[TLS] client_random  (32): D4765158FCDA491745978D3C9B4AFDA4FB632C25C4882744950164D00B7E4F1C
[TLS] sign_hash (32): E78127A0D5DDCF0757944CD056F849187DB0902428A0B1F400F73A0FC0AC3804
[TLS] Written transcript to proofs/MSG_TLS_D4765158.out, proofs/SIG_TLS_D4765158.out and proofs/PK_TLS_D4765158.der
Signature verification succeeds
[TLS] Server time: 1619357707
[TLS] client_random  (32): DE8F01BBE6DA82BE4B6803F520599C46BFB08B5CE132F769E186CC39ECF99358
[TLS] sign_hash (32): 8D100BE2E448754C28964638FB2CC23EA59D9E37C6C30F3C15D6945732844F27
[TLS] Written transcript to proofs/MSG_TLS_DE8F01BB.out, proofs/SIG_TLS_DE8F01BB.out and proofs/PK_TLS_DE8F01BB.der
Signature verification succeeds
[TLS] Server time: 1619357707
[TLS] client_random  (32): 15E72550C3AB2C5B27B985C9598E9AC6391CB4003BFB843EF1CF924D7DA2FA65
[TLS] sign_hash (32): D15834194C1A0D3EF44BB570C585B87EBA32B0DB4FADB1DBF325773B85121B39
[TLS] Written transcript to proofs/MSG_TLS_15E72550.out, proofs/SIG_TLS_15E72550.out and proofs/PK_TLS_15E72550.der
Signature verification succeeds
[TLS] Server time: 1619357707
[TLS] client_random  (32): 5015BEFDFE932ED38586CF248901ED9B35D2599945FAFD7A47E90DB735901974
[TLS] sign_hash (32): BFF4B3D2E96F96D3953FAF219E2BAAFEB2EE949F944A6265D4A684BDBCB2046D
[TLS] Written transcript to proofs/MSG_TLS_5015BEFD.out, proofs/SIG_TLS_5015BEFD.out and proofs/PK_TLS_5015BEFD.der
Signature verification succeeds
[TLS] Server time: 1619357707
[TLS] client_random  (32): 311D563AA980BD36672F151766C310ACF5EA3554D9FE7F9D4066EDB237C18416
[TLS] sign_hash (32): FA8A9DB9AD765182F2ECEED76BEFDE97116EA87666CEACFEDF7962A1D6CD155E
[TLS] Written transcript to proofs/MSG_TLS_311D563A.out, proofs/SIG_TLS_311D563A.out and proofs/PK_TLS_311D563A.der
Signature verification succeeds
[TLS] Server time: 1619357707
[TLS] client_random  (32): 00B6F423E62859B6EF264E98C33BA01D8D7DC077168CE51D2E128898A524CF41
[TLS] sign_hash (32): 7113041B5443AEC31C34A300B216B5379AB3821DA27C35F4F9A2D9C21375BB9B
[TLS] Written transcript to proofs/MSG_TLS_00B6F423.out, proofs/SIG_TLS_00B6F423.out and proofs/PK_TLS_00B6F423.der
Signature verification succeeds
[TLS] Server time: 1619357707
[TLS] client_random  (32): 5A6817C65037758FBA1629774E331E9AB40EC381B40AC1F0C021F8A04F78D951
[TLS] sign_hash (32): C1013A634AC8132547B55E7B600BE8F82BDF0B431097E02ED7F07DDBA10D1122
[TLS] Written transcript to proofs/MSG_TLS_5A6817C6.out, proofs/SIG_TLS_5A6817C6.out and proofs/PK_TLS_5A6817C6.der
Signature verification succeeds
[TLS] Server time: 1619357707
[TLS] client_random  (32): 76A0C6C325CEF980F1D49760CAC844FD68535FEBFA8458AA594FFF69499F68FA
[TLS] sign_hash (32): 870CAAB321A4E5D63C74FBD22D14DDF5F0AB2C600040C8EB6423C886355BAF5C
[TLS] Written transcript to proofs/MSG_TLS_76A0C6C3.out, proofs/SIG_TLS_76A0C6C3.out and proofs/PK_TLS_76A0C6C3.der
Signature verification succeeds
[TLS] Server time: 1619357707
[TLS] client_random  (32): 3B1BE1CF163F084B851155D109E73772427F7111EAA286086A36F4231191F64D
[TLS] sign_hash (32): A2E9E621A1001C0009F0D4D1B24ED062DA00A3E9D3174F44B283EA11A8B281B1
[TLS] Written transcript to proofs/MSG_TLS_3B1BE1CF.out, proofs/SIG_TLS_3B1BE1CF.out and proofs/PK_TLS_3B1BE1CF.der
Signature verification succeeds
[TLS] Server time: 1619357707
[TLS] client_random  (32): 92A7B76E24CCBE3582D672F80E787CE207D7A9DC74447EDC7FC1AC03198AD83F
[TLS] sign_hash (32): 246D10A8A038B5480A9DD970325B9D479C8EC2BFAE329A0A23FD304D66BC5791
[TLS] Written transcript to proofs/MSG_TLS_92A7B76E.out, proofs/SIG_TLS_92A7B76E.out and proofs/PK_TLS_92A7B76E.der
Signature verification succeeds
[TLS] Server time: 1619357707
[TLS] client_random  (32): 5718BC0D5EFEA2F160D29327DB812619650A5E54E750E51AD98A322E85A12C93
[TLS] sign_hash (32): 7812854F53EDDDEFC0F43B38AD60C62BB6F3335F1331DC5F3D0F14705C23757C
[TLS] Written transcript to proofs/MSG_TLS_5718BC0D.out, proofs/SIG_TLS_5718BC0D.out and proofs/PK_TLS_5718BC0D.der
Signature verification succeeds
[TLS] Server time: 1619357707
[TLS] client_random  (32): 43BC363985D5D30FB42A2E2B539CD3E6CFE0C834918D6F25DDC909D44C0DA92B
[TLS] sign_hash (32): E3F9B6D05E0ECDA7DA557B38AC5D5CDBD6B29884502940D8DD703BAD97822634
[TLS] Written transcript to proofs/MSG_TLS_43BC3639.out, proofs/SIG_TLS_43BC3639.out and proofs/PK_TLS_43BC3639.der
Signature verification succeeds
[TLS] Server time: 1619357707
[TLS] client_random  (32): 84B35A28104F3A7084E70687E5DF73A346A3C7E1C56EF5E062A0AF3DB279EB27
[TLS] sign_hash (32): 19EBB323DFC03BC59A4C53817EE646C6F778EE6334CF28EE5D703FA858AE3B7E
[TLS] Written transcript to proofs/MSG_TLS_84B35A28.out, proofs/SIG_TLS_84B35A28.out and proofs/PK_TLS_84B35A28.der
Signature verification succeeds
[TLS] Server time: 1619357707
[TLS] client_random  (32): 41FF3EA6E4D8C37AF26F276562EDBD5D33D2D43B6FD9A5FCD64C1C815BE1C600
[TLS] sign_hash (32): 23AFAF279E3BA155F3755470B9CB7989F95777B6DC7784DB94DEC694E6A0D3F4
[TLS] Written transcript to proofs/MSG_TLS_41FF3EA6.out, proofs/SIG_TLS_41FF3EA6.out and proofs/PK_TLS_41FF3EA6.der
Signature verification succeeds
[TLS] Server time: 1619357708
[TLS] client_random  (32): FE0A838DFB9FA48246D6C15494ECD2C1D35A6D6BEC41598E725C8EF40FEA7DA4
[TLS] sign_hash (32): B0E74748B799644A87E09E8BE7A172364FBC00577078A2647A54716CA1FB311C
[TLS] Written transcript to proofs/MSG_TLS_FE0A838D.out, proofs/SIG_TLS_FE0A838D.out and proofs/PK_TLS_FE0A838D.der
Signature verification succeeds
[TLS] Server time: 1619357708
[TLS] client_random  (32): 416B1662D0E4385405B7FC2E73DEC9449627CB59678B8A04EAF56F11B9200B90
[TLS] sign_hash (32): E05D301267A348608E6BE6BB8082A0095ABB1E2CEFF5829F249C776E6F9DEF15
[TLS] Written transcript to proofs/MSG_TLS_416B1662.out, proofs/SIG_TLS_416B1662.out and proofs/PK_TLS_416B1662.der
Signature verification succeeds
[TLS] Server time: 1619357708
[TLS] client_random  (32): D380398B14D37C829F5481E6594734D66131F3E45959BA9263765C63F0BB9A71
[TLS] sign_hash (32): 076BEC582B485E35CB5CD4A5CFB5FCE69485021D9E21DBD07BD03E199818D15D
[TLS] Written transcript to proofs/MSG_TLS_D380398B.out, proofs/SIG_TLS_D380398B.out and proofs/PK_TLS_D380398B.der
Signature verification succeeds
[TLS] Server time: 1619357708
[TLS] client_random  (32): 4F626FD04094C4BAB36B2171EF4DA96E1314BD3B54F9E52FDA6004E0A0DA9720
[TLS] sign_hash (32): F785B7C94FA8785AA0D64901C72BF2F177FD46E1C3882561349499AA7E9E54F8
[TLS] Written transcript to proofs/MSG_TLS_4F626FD0.out, proofs/SIG_TLS_4F626FD0.out and proofs/PK_TLS_4F626FD0.der
Signature verification succeeds
[TLS] Server time: 1619357708
[TLS] client_random  (32): 4C94AC8F0042B42E9DFB21BDDBEB067CCF64AB8501723F6DCAE6323193D68976
[TLS] sign_hash (32): F27D4F5BACBB57BE59502A11D058ACE4BC32CB53699FFCBA7275DDBF698BBF26
[TLS] Written transcript to proofs/MSG_TLS_4C94AC8F.out, proofs/SIG_TLS_4C94AC8F.out and proofs/PK_TLS_4C94AC8F.der
Signature verification succeeds
Time breakdown (averages): anchor_ping:88.046762 file_read:0.140556 hashing:0.471491
Total time for 71 rounds is 6382.826479ms
Standard deviations: anchor_ping:241.221137 file_read:0.016883 hashing:0.005264
[Client-side ops] mean:0.612047 sd:0.019493
in & out anchor rand written to proofs/phase1.out
     16 [TLS] Server time: 1619357701
      3 [TLS] Server time: 1619357702
      2 [TLS] Server time: 1619357703
      4 [TLS] Server time: 1619357704
      8 [TLS] Server time: 1619357705
     16 [TLS] Server time: 1619357706
     18 [TLS] Server time: 1619357707
      5 [TLS] Server time: 1619357708
Count is 16
Count is 3
Count is 2
Count is 4
Count is 8
Count is 16
Count is 18
Count is 5
success: 0
Sleeping before retrying
CONF: anchor:www.sunysuffolk.edu fs:1024MB n_rounds:71 seed:5c9f4bf9bbc15bb855f82faedc5a52fc3ab2dfa8ec3ba3ce1b270f31fa0cced2 filename:FILE bs:1024 nops:100 benchmarking:0 anchor_ping:1 queue_depth:32 direct:0
[TLS] Connecting to www.sunysuffolk.edu
[TLS] Server time: 1619357709
[TLS] client_random  (32): 5C9F4BF9BBC15BB855F82FAEDC5A52FC3AB2DFA8EC3BA3CE1B270F31FA0CCED2
[TLS] sign_hash (32): FC7A087A0A128B9DD090AB2D92EDF6D2BD84DCBEBE9E8930F5AFDC69C15C9570
[TLS] Written transcript to proofs/MSG_TLS_5C9F4BF9.out, proofs/SIG_TLS_5C9F4BF9.out and proofs/PK_TLS_5C9F4BF9.der
Signature verification succeeds
[TLS] Server time: 1619357709
[TLS] client_random  (32): E0BD135C4648DBE3FD1F1D29D4C9988FE95CE52EAC61423FCAFE1B08FA4D0A02
[TLS] sign_hash (32): 33642059F582D363A8412727F271475E8AE90D975FEAA6A3E792BB1AE36A224A
[TLS] Written transcript to proofs/MSG_TLS_E0BD135C.out, proofs/SIG_TLS_E0BD135C.out and proofs/PK_TLS_E0BD135C.der
Signature verification succeeds
[TLS] Server time: 1619357709
[TLS] client_random  (32): 0D746884E0B07FC53D5834009942D5C8B4961141755DBCE1321DFCA175DC9177
[TLS] sign_hash (32): E7D010BAB975439E10435B573978D3DFAB5A8F3F00FDF71E57C3A4EEA61665D5
[TLS] Written transcript to proofs/MSG_TLS_0D746884.out, proofs/SIG_TLS_0D746884.out and proofs/PK_TLS_0D746884.der
Signature verification succeeds
[TLS] Server time: 1619357709
[TLS] client_random  (32): ADE8CDEC579FD4CE488A48FF794D7D3B82DE057CB2D4D6523C19594799F5444D
[TLS] sign_hash (32): C4E1FDA1BD3B1B6B1265FA71280FF7FE6C814B53C55706D66F55BA273358F7D1
[TLS] Written transcript to proofs/MSG_TLS_ADE8CDEC.out, proofs/SIG_TLS_ADE8CDEC.out and proofs/PK_TLS_ADE8CDEC.der
Signature verification succeeds
[TLS] Server time: 1619357710
[TLS] client_random  (32): B60AEFF8AFB2BB953C0F062629664C4D378F62D37F6B10E8D18217D0C7BA04B2
[TLS] sign_hash (32): 0D0EF498B81D51690E3611A2EEF2077098032A4B6C03B602E16425C80230671B
[TLS] Written transcript to proofs/MSG_TLS_B60AEFF8.out, proofs/SIG_TLS_B60AEFF8.out and proofs/PK_TLS_B60AEFF8.der
Signature verification succeeds
[TLS] Server time: 1619357710
[TLS] client_random  (32): 4D1B4696D68B32954835DFB5EF2F540CCA8482DD8CC5B3AA2AA641C6D19DCF7E
[TLS] sign_hash (32): 010C4C29DFF20EB9B5F96356BEF2FED679B1EB33BDDE2DF598C192EC38821FAE
[TLS] Written transcript to proofs/MSG_TLS_4D1B4696.out, proofs/SIG_TLS_4D1B4696.out and proofs/PK_TLS_4D1B4696.der
Signature verification succeeds
[TLS] Server time: 1619357710
[TLS] client_random  (32): 1BA9FA358FE1649873B975744E01EA4456D017B78EE0FAE020825CC29692FF2E
[TLS] sign_hash (32): 026155446659DF054F5CA1F1A158EF72CD738EF07648E625E7618E891C4F3B8C
[TLS] Written transcript to proofs/MSG_TLS_1BA9FA35.out, proofs/SIG_TLS_1BA9FA35.out and proofs/PK_TLS_1BA9FA35.der
Signature verification succeeds
[TLS] Server time: 1619357710
[TLS] client_random  (32): A8B9E9E7A1B24A1F78EC4D0458E23DAD6266DBD53A7ACFC041CC7E24441D228B
[TLS] sign_hash (32): A8E9E7035532FA8AF68D4CCD4ABEE5682365DBCF2C0883AF3B3860CA07B3702D
[TLS] Written transcript to proofs/MSG_TLS_A8B9E9E7.out, proofs/SIG_TLS_A8B9E9E7.out and proofs/PK_TLS_A8B9E9E7.der
Signature verification succeeds
[TLS] Server time: 1619357710
[TLS] client_random  (32): 804F72EF8D9FC094191EB2866A4664ED63FC1402B7D7932684F2F0782F304219
[TLS] sign_hash (32): A153D81737D63D6006871010BD26E08995C14940246C95AE4800C674D2A813C1
[TLS] Written transcript to proofs/MSG_TLS_804F72EF.out, proofs/SIG_TLS_804F72EF.out and proofs/PK_TLS_804F72EF.der
Signature verification succeeds
[TLS] Server time: 1619357710
[TLS] client_random  (32): EBCB8246DCF031B0268B6D1B78061D1E0549B4275FDBE736D92B1A5C24303830
[TLS] sign_hash (32): CB32AB514EC6B204B7E5FB680D9CA3D8E6B92FD2F917BE050630979CFEBD9630
[TLS] Written transcript to proofs/MSG_TLS_EBCB8246.out, proofs/SIG_TLS_EBCB8246.out and proofs/PK_TLS_EBCB8246.der
Signature verification succeeds
[TLS] Server time: 1619357710
[TLS] client_random  (32): C982C55EBE20979C08B3DE99DB5FA40C676781C35A326A63ACCE2BC574131D41
[TLS] sign_hash (32): 9736F126C05E6C2AACDF0C28AD4A65DC3636FA42CCC3300AEC6BB7E05A0ADDE4
[TLS] Written transcript to proofs/MSG_TLS_C982C55E.out, proofs/SIG_TLS_C982C55E.out and proofs/PK_TLS_C982C55E.der
Signature verification succeeds
[TLS] Server time: 1619357710
[TLS] client_random  (32): EDAB141C4C93252992C0164ABE3023617D6CC3290B6EED6B0B4666E9045A3AE2
[TLS] sign_hash (32): 0606331CAEB4155CD6CE06DB441DA353C2B7F839518D204DF86E130F3A6F6BA7
[TLS] Written transcript to proofs/MSG_TLS_EDAB141C.out, proofs/SIG_TLS_EDAB141C.out and proofs/PK_TLS_EDAB141C.der
Signature verification succeeds
[TLS] Server time: 1619357710
[TLS] client_random  (32): CEAF990DB1432A2BDB5608E256253ECDFBE66868F4E016E4DDF40C3B9A873A27
[TLS] sign_hash (32): 0FAA27B4EC4831424E7C19DB0B54E6F09AE0329085E327B2C7E24CCE1FB47E27
[TLS] Written transcript to proofs/MSG_TLS_CEAF990D.out, proofs/SIG_TLS_CEAF990D.out and proofs/PK_TLS_CEAF990D.der
Signature verification succeeds
[TLS] Server time: 1619357710
[TLS] client_random  (32): C68857CA05CBAFCF46F818C2A0E4DE85559FB8479F48FD3B4B162D37D1B22FD5
[TLS] sign_hash (32): 803DEEF02B94E144391C3BE88FF3293E85BCEAD205B5CACFD4779D61F15A2F8D
[TLS] Written transcript to proofs/MSG_TLS_C68857CA.out, proofs/SIG_TLS_C68857CA.out and proofs/PK_TLS_C68857CA.der
Signature verification succeeds
[TLS] Server time: 1619357710
[TLS] client_random  (32): DB203D9A2843D9C6C5E8A56CBEEDD0B2DF92F60A90C09095D8917BB59DCF5CE0
[TLS] sign_hash (32): C9CD34DE957E4B50C426E9F3A1A80C81ED49609C451E0FB7AF2997E78CF2CD7E
[TLS] Written transcript to proofs/MSG_TLS_DB203D9A.out, proofs/SIG_TLS_DB203D9A.out and proofs/PK_TLS_DB203D9A.der
Signature verification succeeds
[TLS] Server time: 1619357710
[TLS] client_random  (32): CDC094FEEE5AB0E3D54B48E7DE71EF9D5E2726D8B1B04EE1E77FB40C80EA0BD3
[TLS] sign_hash (32): 2528217CF6DB15D08B192FB89B24D0149DD5AE5590085115D9ADE91BD5F7BE8D
[TLS] Written transcript to proofs/MSG_TLS_CDC094FE.out, proofs/SIG_TLS_CDC094FE.out and proofs/PK_TLS_CDC094FE.der
Signature verification succeeds
[TLS] Server time: 1619357710
[TLS] client_random  (32): 3CBEC767B729177193E7E6654CD852AC3607BE2D561466BAD9BAABFDB20C9CE0
[TLS] sign_hash (32): 802FBBE63F9EE9DA5B96971798B4B577B8D2686995042F70B99BA8B489697CB7
[TLS] Written transcript to proofs/MSG_TLS_3CBEC767.out, proofs/SIG_TLS_3CBEC767.out and proofs/PK_TLS_3CBEC767.der
Signature verification succeeds
[TLS] Server time: 1619357710
[TLS] client_random  (32): 5F4DBF06AA070EED4F1907DF5FA2E30B69DAB2AF513EE9BF88D7089ED3BCA85D
[TLS] sign_hash (32): B01944678960701BFB240B9D326963FF15353CBB1351BFB0DC870872CED07F0F
[TLS] Written transcript to proofs/MSG_TLS_5F4DBF06.out, proofs/SIG_TLS_5F4DBF06.out and proofs/PK_TLS_5F4DBF06.der
Signature verification succeeds
[TLS] Server time: 1619357710
[TLS] client_random  (32): E9FEE4C2CC9EFCEC1C9590F546E8F662B92910AEB2E2FA3B310C8F310EDAF133
[TLS] sign_hash (32): C0B2DD369F0029445450CCDA5AAA12E95ADA8848F61D3875C813B4ACAA7A3DD1
[TLS] Written transcript to proofs/MSG_TLS_E9FEE4C2.out, proofs/SIG_TLS_E9FEE4C2.out and proofs/PK_TLS_E9FEE4C2.der
Signature verification succeeds
[TLS] Server time: 1619357710
[TLS] client_random  (32): 65F0FA895627ED7E4FFD52F9CCF6F3831083CEB3DC36C6CD2BD6FFB60404387F
[TLS] sign_hash (32): 40C71A989551EDC34CAAE838CEC4BBB14BDD3543897D3FDDD852BAFC4F6ECAB8
[TLS] Written transcript to proofs/MSG_TLS_65F0FA89.out, proofs/SIG_TLS_65F0FA89.out and proofs/PK_TLS_65F0FA89.der
Signature verification succeeds
[TLS] Server time: 1619357710
[TLS] client_random  (32): 37FDE6B69A7FC9AAA41AA5575693A50E885BED9EE946E15008BFEB0907060BC4
[TLS] sign_hash (32): 179722D279D9ACBE0D339DDDC7A9BEAD4DA71BE22912F4081D02606675446653
[TLS] Written transcript to proofs/MSG_TLS_37FDE6B6.out, proofs/SIG_TLS_37FDE6B6.out and proofs/PK_TLS_37FDE6B6.der
Signature verification succeeds
[TLS] Server time: 1619357710
[TLS] client_random  (32): 13254099B39523974EE23EA1DBC3B8CE8D3D28696BDB52AC0D4BD9E99DBBB55B
[TLS] sign_hash (32): A2579EC96A4DF52A1BB02D0DAEF3344A938A4E0E5F257A3940149D6A64382517
[TLS] Written transcript to proofs/MSG_TLS_13254099.out, proofs/SIG_TLS_13254099.out and proofs/PK_TLS_13254099.der
Signature verification succeeds
[TLS] Server time: 1619357710
[TLS] client_random  (32): 85B3C3B301729E7782CB89AE35E58FB59048DB5A8BE9CEE514B575AB90B44058
[TLS] sign_hash (32): 8D95DFEE4FF75D440C3B37E7742C873729BF4209062788C117BE78AF2F87DDC3
[TLS] Written transcript to proofs/MSG_TLS_85B3C3B3.out, proofs/SIG_TLS_85B3C3B3.out and proofs/PK_TLS_85B3C3B3.der
Signature verification succeeds
[TLS] Server time: 1619357710
[TLS] client_random  (32): F3CFED5900899FA7FF865B63FA3895F948274BE423773A7852C47E21EAC8C7A3
[TLS] sign_hash (32): A7EF0FCBDD85EA3F145EC2C7F9E052606BD093C83DF6196B918992CDAC9BD488
[TLS] Written transcript to proofs/MSG_TLS_F3CFED59.out, proofs/SIG_TLS_F3CFED59.out and proofs/PK_TLS_F3CFED59.der
Signature verification succeeds
[TLS] Server time: 1619357710
[TLS] client_random  (32): 196C67E590859443F1739DD521308D2E9E08CAD3B290C47DB536943168BBEBC2
[TLS] sign_hash (32): 7854C82FEF34172356854586F149458DB44C59113590DFBEA7DDC3EC1C63A1AC
[TLS] Written transcript to proofs/MSG_TLS_196C67E5.out, proofs/SIG_TLS_196C67E5.out and proofs/PK_TLS_196C67E5.der
Signature verification succeeds
[TLS] Server time: 1619357710
[TLS] client_random  (32): E1DDC690B8D6DE75FB1DA0B0D1745954B6C29B517D5FE3B7F21A2D48055134BE
[TLS] sign_hash (32): CC467D3BAED4A5648226C9A4362E5D78DAB7EC07E17A570704785B2392E18959
[TLS] Written transcript to proofs/MSG_TLS_E1DDC690.out, proofs/SIG_TLS_E1DDC690.out and proofs/PK_TLS_E1DDC690.der
Signature verification succeeds
[TLS] Server time: 1619357710
[TLS] client_random  (32): 434C9E81838F34DF403A6243626208F9294037807516F3FBC5FDAC7CCCC56A86
[TLS] sign_hash (32): 791226D785C0DC4E7E48BEEEEBB8760F84B6AD27257D9B5D3C426A872C87A90B
[TLS] Written transcript to proofs/MSG_TLS_434C9E81.out, proofs/SIG_TLS_434C9E81.out and proofs/PK_TLS_434C9E81.der
Signature verification succeeds
[TLS] Server time: 1619357710
[TLS] client_random  (32): 2F38938B3C6C85909B4A674260BA9975C26256226D2A55FCE8DB93A34E5E7893
[TLS] sign_hash (32): DE61B11FD5CED3A5C21527D67D6B4CFA2EFFACB6B0D9486C6A2FE9E0113B1A8C
[TLS] Written transcript to proofs/MSG_TLS_2F38938B.out, proofs/SIG_TLS_2F38938B.out and proofs/PK_TLS_2F38938B.der
Signature verification succeeds
[TLS] Server time: 1619357710
[TLS] client_random  (32): D2D5441B49D180F68D0D2851E2CDEA6A499F5522B315B31B15786AAFE1A9097E
[TLS] sign_hash (32): 923FB7D20FD610E1FF0C9B98377F30F5D97024F758A9D65F1EC37B6533DDC3C6
[TLS] Written transcript to proofs/MSG_TLS_D2D5441B.out, proofs/SIG_TLS_D2D5441B.out and proofs/PK_TLS_D2D5441B.der
Signature verification succeeds
[TLS] Server time: 1619357710
[TLS] client_random  (32): 8CE90C6B6DE1CD89405EDB8FA00F983E48A75983933880B5C8228DA29EF0622B
[TLS] sign_hash (32): 72AEB7797A3CB585E5F44112123CBC0E3F711F98F2D06872E715969BD7549DF4
[TLS] Written transcript to proofs/MSG_TLS_8CE90C6B.out, proofs/SIG_TLS_8CE90C6B.out and proofs/PK_TLS_8CE90C6B.der
Signature verification succeeds
[TLS] Server time: 1619357710
[TLS] client_random  (32): 5366718607D255A5381A6C3CD919E7C12CA2155633B5A5D5CD2C0EE672169CB3
[TLS] sign_hash (32): CEA650EF49CC6AE0A48324443F3DBEB85B93FF751245EFCFFA8D3968CF1F5A0D
[TLS] Written transcript to proofs/MSG_TLS_53667186.out, proofs/SIG_TLS_53667186.out and proofs/PK_TLS_53667186.der
Signature verification succeeds
[TLS] Server time: 1619357710
[TLS] client_random  (32): FF12D67D146CD1E0B3734EE41B68A30D561FC482DE47451B13D84BA5B9506556
[TLS] sign_hash (32): A53DC5F0790FB4E19C5EEEA6AEF13D57F00B054CCE96EBC42995FEB9F2147CF0
[TLS] Written transcript to proofs/MSG_TLS_FF12D67D.out, proofs/SIG_TLS_FF12D67D.out and proofs/PK_TLS_FF12D67D.der
Signature verification succeeds
[TLS] Server time: 1619357710
[TLS] client_random  (32): 6DA1573802B8C114313A2DD999FA8D788376E978D32ACAB1D4CB0A326F0A2BB5
[TLS] sign_hash (32): 9B0C4B13AA9D8EC1280936B0E22F2791BCD2092E196C27A0F02664E2A475E17D
[TLS] Written transcript to proofs/MSG_TLS_6DA15738.out, proofs/SIG_TLS_6DA15738.out and proofs/PK_TLS_6DA15738.der
Signature verification succeeds
[TLS] Server time: 1619357710
[TLS] client_random  (32): ED9B5CB713D8825288381A65BC476663D9BC81A3AF144A7D5199BC4E193C5783
[TLS] sign_hash (32): D45FB3AC1EEFEC335DBEE39B96B4F897186AA2E55AEBAB430B6B7E89CDD69CE5
[TLS] Written transcript to proofs/MSG_TLS_ED9B5CB7.out, proofs/SIG_TLS_ED9B5CB7.out and proofs/PK_TLS_ED9B5CB7.der
Signature verification succeeds
[TLS] Server time: 1619357710
[TLS] client_random  (32): 46B2C332687A0EC22A1A2145A7388D574D5E2148E6D1E164A27BF319B2972D27
[TLS] sign_hash (32): FDC7040752CA53AF0D57EE94E2F85E21B4483FCC20ED2DA39AA26AC8B5D9B29D
[TLS] Written transcript to proofs/MSG_TLS_46B2C332.out, proofs/SIG_TLS_46B2C332.out and proofs/PK_TLS_46B2C332.der
Signature verification succeeds
[TLS] Server time: 1619357710
[TLS] client_random  (32): 1E98A5A9D8C3E1253E126E3A63671C4CA47C7B065559F61CDB74184D31268789
[TLS] sign_hash (32): F240B4FE2040FFD2F88E8B489ABDED368DD28DEA7A61B6B0EC7223FE89148D45
[TLS] Written transcript to proofs/MSG_TLS_1E98A5A9.out, proofs/SIG_TLS_1E98A5A9.out and proofs/PK_TLS_1E98A5A9.der
Signature verification succeeds
[TLS] Server time: 1619357710
[TLS] client_random  (32): FA8BF4B22989C42DBB8095AEC8AACF446F82E2AE46AA23D720DC2E5B10CF4C3A
[TLS] sign_hash (32): 9A476237EB4A5F991D6F475C70C38BB257046EE75C18B4925C48C65FB1878074
[TLS] Written transcript to proofs/MSG_TLS_FA8BF4B2.out, proofs/SIG_TLS_FA8BF4B2.out and proofs/PK_TLS_FA8BF4B2.der
Signature verification succeeds
[TLS] Server time: 1619357710
[TLS] client_random  (32): BB0FE19C57729557F274D5421A39DDF9467DD3617DC946CF54135836BC9DEAA8
[TLS] sign_hash (32): FCBE68367CC37D56CE9AD284A49B777472F1A10264880D0BB0C1924289EC3A87
[TLS] Written transcript to proofs/MSG_TLS_BB0FE19C.out, proofs/SIG_TLS_BB0FE19C.out and proofs/PK_TLS_BB0FE19C.der
Signature verification succeeds
[TLS] Server time: 1619357710
[TLS] client_random  (32): C7E3B4CBB9780E4BE48D2066D10E24B2FC488EF68FB4EE5E9BD0E15F4113379D
[TLS] sign_hash (32): 581E74F6C6CEAD2125FB252677B99ADE49FAF4E38F71CB3A65BF6762D7C0CF53
[TLS] Written transcript to proofs/MSG_TLS_C7E3B4CB.out, proofs/SIG_TLS_C7E3B4CB.out and proofs/PK_TLS_C7E3B4CB.der
Signature verification succeeds
[TLS] Server time: 1619357710
[TLS] client_random  (32): FA30D344DBACCD74EAABAE1570DBA55A7530154FBD695DFC04EE21792607E1E8
[TLS] sign_hash (32): 55318717E7538D4B385103F85026FB4F47EFCEDC16BB5585BFCECAF0A3E65AA2
[TLS] Written transcript to proofs/MSG_TLS_FA30D344.out, proofs/SIG_TLS_FA30D344.out and proofs/PK_TLS_FA30D344.der
Signature verification succeeds
[TLS] Server time: 1619357710
[TLS] client_random  (32): D38F04774FB7D9D8352143300B8ED3CCEF28CE384F5CF39F37BDF7C9ADA1493A
[TLS] sign_hash (32): 3ABA846455733C1553C5298516E143CBA6CA7DEE4B3F8C6DE4DBCE11408F4F83
[TLS] Written transcript to proofs/MSG_TLS_D38F0477.out, proofs/SIG_TLS_D38F0477.out and proofs/PK_TLS_D38F0477.der
Signature verification succeeds
[TLS] Server time: 1619357710
[TLS] client_random  (32): 0ADFEAB6CC5BC970BEB65843AD345674E9B7FEB53B0CB837CA01D2036CB3F257
[TLS] sign_hash (32): 427A53558F8DA88F6C4785A7B870D9C25C0B497B5220A54CCDD17069191413D8
[TLS] Written transcript to proofs/MSG_TLS_0ADFEAB6.out, proofs/SIG_TLS_0ADFEAB6.out and proofs/PK_TLS_0ADFEAB6.der
Signature verification succeeds
[TLS] Server time: 1619357710
[TLS] client_random  (32): 0CD034E837337092AA5EA9A9850D7A09C9B5E7EE2C3B08AFB215F41A118660B3
[TLS] sign_hash (32): 9AFF852DBAC4FD6794EF3550BEA3F1E3C5C63492631B8545819F6A09EA4673FB
[TLS] Written transcript to proofs/MSG_TLS_0CD034E8.out, proofs/SIG_TLS_0CD034E8.out and proofs/PK_TLS_0CD034E8.der
Signature verification succeeds
[TLS] Server time: 1619357710
[TLS] client_random  (32): 640AEEE59CE004325F7AE39D0C1008B3D333948C0DD732888C9A6AA85C143B41
[TLS] sign_hash (32): 6198C82F93A1A5E8F9B424DF074CF9E077A9A32B10D8FA34E17C82BCC73E9CCC
[TLS] Written transcript to proofs/MSG_TLS_640AEEE5.out, proofs/SIG_TLS_640AEEE5.out and proofs/PK_TLS_640AEEE5.der
Signature verification succeeds
[TLS] Server time: 1619357710
[TLS] client_random  (32): C0AFF16646973649B3D7224FF45D486C6F8E403215FB94A94DCF7CC9F9F3F0D2
[TLS] sign_hash (32): C9E5469A643362EA0817234287F8B5344D68DE6F09527B54F4F0D6D35A585E21
[TLS] Written transcript to proofs/MSG_TLS_C0AFF166.out, proofs/SIG_TLS_C0AFF166.out and proofs/PK_TLS_C0AFF166.der
Signature verification succeeds
[TLS] Server time: 1619357710
[TLS] client_random  (32): 61FA72CCA1278F916266FABC4C81474076713406F54E25D79BDA36CEB79FC5E9
[TLS] sign_hash (32): 786FCB56014FDD157E515D63890DEB634A8826FF9934C2E8F634550647468387
[TLS] Written transcript to proofs/MSG_TLS_61FA72CC.out, proofs/SIG_TLS_61FA72CC.out and proofs/PK_TLS_61FA72CC.der
Signature verification succeeds
[TLS] Server time: 1619357710
[TLS] client_random  (32): 29386B1863B8F0D598B03ED459401FE52A1E46DFC1783B5D0BEF6A80D52CDCBD
[TLS] sign_hash (32): 32E7C2C7735FD625CBF869A3EA1A1EBE49133BFEC350F0065ED0251A06F441B2
[TLS] Written transcript to proofs/MSG_TLS_29386B18.out, proofs/SIG_TLS_29386B18.out and proofs/PK_TLS_29386B18.der
Signature verification succeeds
[TLS] Server time: 1619357710
[TLS] client_random  (32): 6F214FF6DA402D8611578DB145E829828CBC5F75E3E33B9AE3DB15D318E7CE49
[TLS] sign_hash (32): 267B25EC247E7B38031A5806EF066D21B4FD39FC758035C8E3FC75713F5386DB
[TLS] Written transcript to proofs/MSG_TLS_6F214FF6.out, proofs/SIG_TLS_6F214FF6.out and proofs/PK_TLS_6F214FF6.der
Signature verification succeeds
[TLS] Server time: 1619357710
[TLS] client_random  (32): 15723EC51F10D04E107055B4A3C693EDF106729169D6CB1F7758DC071F7570B8
[TLS] sign_hash (32): 0CE33323E655526F28186898236698869010B7172C7EE83DF32F767FF2622900
[TLS] Written transcript to proofs/MSG_TLS_15723EC5.out, proofs/SIG_TLS_15723EC5.out and proofs/PK_TLS_15723EC5.der
Signature verification succeeds
[TLS] Server time: 1619357710
[TLS] client_random  (32): A248EDEA1473E0628688A39B038ADCF58C3729D1CA4C90AB955EA56F1190B6A0
[TLS] sign_hash (32): 46055316C212271A866A1FCE20893D5594131B4E206CC578B12016B6041F2ABA
[TLS] Written transcript to proofs/MSG_TLS_A248EDEA.out, proofs/SIG_TLS_A248EDEA.out and proofs/PK_TLS_A248EDEA.der
Signature verification succeeds
[TLS] Server time: 1619357710
[TLS] client_random  (32): 6005DDB353A8CE58AA08CA6B0CD0B1DBF1DDAB50964B77D704E427AF9F1C7E91
[TLS] sign_hash (32): 4F63B5B4546C77E38A5A9C81E10160079237255EEB0C34375CB1E849BB39A3D1
[TLS] Written transcript to proofs/MSG_TLS_6005DDB3.out, proofs/SIG_TLS_6005DDB3.out and proofs/PK_TLS_6005DDB3.der
Signature verification succeeds
[TLS] Server time: 1619357710
[TLS] client_random  (32): 562E2A4E08D20C61CB9113F8B0F33479CA9197FA90E7501FE88CD06C5A127E7F
[TLS] sign_hash (32): D66A58BE7F0088FB75AB2316C3D340C93FA78EC3E8AB0C836A245B60DF4FD66E
[TLS] Written transcript to proofs/MSG_TLS_562E2A4E.out, proofs/SIG_TLS_562E2A4E.out and proofs/PK_TLS_562E2A4E.der
Signature verification succeeds
[TLS] Server time: 1619357710
[TLS] client_random  (32): BD3A11143E8C05262B855E3E94084991E7500F46ACAF0740392501FCF2843AC0
[TLS] sign_hash (32): 9C702E85575F81DA2DFDFE7455EBE6563596C21E5CA79FDEDB7DB76C6FC9D72C
[TLS] Written transcript to proofs/MSG_TLS_BD3A1114.out, proofs/SIG_TLS_BD3A1114.out and proofs/PK_TLS_BD3A1114.der
Signature verification succeeds
[TLS] Server time: 1619357710
[TLS] client_random  (32): 822D45923E36698DCBEC5C85E6F3FAC8EE0BF5FF9B3EAD4349C114E62ADE34CC
[TLS] sign_hash (32): 6BAA8CB39F398C438AE013D1EB52CFFAA0A874416701CC9955E5039C41805F9A
[TLS] Written transcript to proofs/MSG_TLS_822D4592.out, proofs/SIG_TLS_822D4592.out and proofs/PK_TLS_822D4592.der
Signature verification succeeds
[TLS] Server time: 1619357710
[TLS] client_random  (32): E897EC7D81494DFBAE6130BDD769A49E0FE558B65045AB063CEC6435FB5BEF5F
[TLS] sign_hash (32): 759F1C87C7231B70994E070AEA261AB6B5A72337BD72771323A87AE06942DCDA
[TLS] Written transcript to proofs/MSG_TLS_E897EC7D.out, proofs/SIG_TLS_E897EC7D.out and proofs/PK_TLS_E897EC7D.der
Signature verification succeeds
[TLS] Server time: 1619357710
[TLS] client_random  (32): 218BA91C8056FD63C6AE19D5AC9D59E0D7E09F1C4134DDA70CCE3FEF4843C50D
[TLS] sign_hash (32): A6B1C9DCECA8DE697F89D3565248549BFC1B38D92476DDC985A82C92448A2724
[TLS] Written transcript to proofs/MSG_TLS_218BA91C.out, proofs/SIG_TLS_218BA91C.out and proofs/PK_TLS_218BA91C.der
Signature verification succeeds
[TLS] Server time: 1619357710
[TLS] client_random  (32): 016E9198C4458F8381E0354E3E76294F9C456FB65691E790C33DAF33D486D9A5
[TLS] sign_hash (32): 4BC01F768F37AB2B03A977C46FC6A84962A3B10883F4485D41F3DF0795C3E7F7
[TLS] Written transcript to proofs/MSG_TLS_016E9198.out, proofs/SIG_TLS_016E9198.out and proofs/PK_TLS_016E9198.der
Signature verification succeeds
[TLS] Server time: 1619357710
[TLS] client_random  (32): 305FCE7D742A32C625EE43B1628933D0F83CACEA65D538E2AE65BDD3642326A8
[TLS] sign_hash (32): 03683EDD31A0F88719860EA420D2CA217012ABABBB9C3F337763EA9B5CFC9308
[TLS] Written transcript to proofs/MSG_TLS_305FCE7D.out, proofs/SIG_TLS_305FCE7D.out and proofs/PK_TLS_305FCE7D.der
Signature verification succeeds
[TLS] Server time: 1619357710
[TLS] client_random  (32): 987CA1D2C0A9063B781EEA0723DFC74E6CEF9AF845239BB42CEE75A9303739BC
[TLS] sign_hash (32): 01B642D0C47CCDB80241A0A7E32431C2BA077E67938F2B76E96B8CA6ABF1F2F2
[TLS] Written transcript to proofs/MSG_TLS_987CA1D2.out, proofs/SIG_TLS_987CA1D2.out and proofs/PK_TLS_987CA1D2.der
Signature verification succeeds
[TLS] Server time: 1619357710
[TLS] client_random  (32): 80CEB76A121B1272C17E18460BCE1F71960D37F14F62A062B6D0279975E27492
[TLS] sign_hash (32): A40D4D653B36336932E215EE8205325490483714BEE7A199441D7A4649C7EEAF
[TLS] Written transcript to proofs/MSG_TLS_80CEB76A.out, proofs/SIG_TLS_80CEB76A.out and proofs/PK_TLS_80CEB76A.der
Signature verification succeeds
[TLS] Server time: 1619357710
[TLS] client_random  (32): ABF7E8D39A10DBD68C812E56C7D45723FAB5C7907D27CFA16C28CBC7049B09E7
[TLS] sign_hash (32): C7F766B3D2899D8AA2D229097016C6271FB7E907B5F4795A97D4E33F3C1B0937
[TLS] Written transcript to proofs/MSG_TLS_ABF7E8D3.out, proofs/SIG_TLS_ABF7E8D3.out and proofs/PK_TLS_ABF7E8D3.der
Signature verification succeeds
[TLS] Server time: 1619357710
[TLS] client_random  (32): E7363E451C2C4F205A33E2EAB39FF875EDB2C22957FD397023D313DFF47A46A3
[TLS] sign_hash (32): B44D8A7EEA1A271573F1A3C61DB357660BB1846F963993A9B6B534E798472189
[TLS] Written transcript to proofs/MSG_TLS_E7363E45.out, proofs/SIG_TLS_E7363E45.out and proofs/PK_TLS_E7363E45.der
Signature verification succeeds
[TLS] Server time: 1619357710
[TLS] client_random  (32): EE93383B2B5A019DA1BE757F27AEFA679BFF23AA86A153A92D8B4B4D2E35715E
[TLS] sign_hash (32): C677A3693650CE54E51474F329D3F443C7EA08D8503BDAC4C6369C5C4F47469C
[TLS] Written transcript to proofs/MSG_TLS_EE93383B.out, proofs/SIG_TLS_EE93383B.out and proofs/PK_TLS_EE93383B.der
Signature verification succeeds
[TLS] Server time: 1619357710
[TLS] client_random  (32): 888840E14779DF28AD316D108038C45CF1FFB3B0DEC8DD69F87C868094493E5B
[TLS] sign_hash (32): BEB7118D122BB803AA30519425B20E497F1EF9564955AC2B8BEE50D7FD70F64E
[TLS] Written transcript to proofs/MSG_TLS_888840E1.out, proofs/SIG_TLS_888840E1.out and proofs/PK_TLS_888840E1.der
Signature verification succeeds
[TLS] Server time: 1619357710
[TLS] client_random  (32): 770C46453B4B53ABCD1C69BAB31B9487A67219ED8527BA728770CD151985095A
[TLS] sign_hash (32): 4F32551CD3F6E07D8350224846170D1FA4EDADFE5492100F9F3D4A7D3DE9B04A
[TLS] Written transcript to proofs/MSG_TLS_770C4645.out, proofs/SIG_TLS_770C4645.out and proofs/PK_TLS_770C4645.der
Signature verification succeeds
[TLS] Server time: 1619357710
[TLS] client_random  (32): 0B6F11A7E729413CAFAE322B60D8A509B1CF7E85FA55B13C41F12D59715D49B4
[TLS] sign_hash (32): 05877412C9B909DA90AA4B7E62D668AE3D06BAA764A8E686C80B0304FE5D4E1B
[TLS] Written transcript to proofs/MSG_TLS_0B6F11A7.out, proofs/SIG_TLS_0B6F11A7.out and proofs/PK_TLS_0B6F11A7.der
Signature verification succeeds
[TLS] Server time: 1619357710
[TLS] client_random  (32): 6DC68632612D205763B90A135587E65682E75460B73F5D2CDBC1F19FD42A53CD
[TLS] sign_hash (32): 54083B4A7FFC02748FBEE9F85B131F6BFDA6EEED8A22A206D1EF6EFA9F2B903D
[TLS] Written transcript to proofs/MSG_TLS_6DC68632.out, proofs/SIG_TLS_6DC68632.out and proofs/PK_TLS_6DC68632.der
Signature verification succeeds
[TLS] Server time: 1619357710
[TLS] client_random  (32): E98ED0A33E91BF0FC99B24531078620CCEE856723E450D292A40BA903C1A631B
[TLS] sign_hash (32): 37BF5CE0B576084C190C6F3168BADDA8AD29AC258B5B2C41A789DC6AD4015338
[TLS] Written transcript to proofs/MSG_TLS_E98ED0A3.out, proofs/SIG_TLS_E98ED0A3.out and proofs/PK_TLS_E98ED0A3.der
Signature verification succeeds
[TLS] Server time: 1619357710
[TLS] client_random  (32): 9C890613978DF81892B849FEB8BFF9058775BA36F2EAB0629A460D6D741AAFB3
[TLS] sign_hash (32): CF43B4958A97860D74384A839619C5494BECCD7B0F4117390AA4D12577D994BC
[TLS] Written transcript to proofs/MSG_TLS_9C890613.out, proofs/SIG_TLS_9C890613.out and proofs/PK_TLS_9C890613.der
Signature verification succeeds
[TLS] Server time: 1619357710
[TLS] client_random  (32): 5ABF623EB0C9A71943522898D12366BA8D78CB82D082365711DEF08A0D9955C6
[TLS] sign_hash (32): 7BFC07A41710E6499CE1142F5916A9F792C1D565612DD8AA0F125328B8025136
[TLS] Written transcript to proofs/MSG_TLS_5ABF623E.out, proofs/SIG_TLS_5ABF623E.out and proofs/PK_TLS_5ABF623E.der
Signature verification succeeds
[TLS] Server time: 1619357710
[TLS] client_random  (32): C47A2ABC943D53D575E21D9233BB085E2D514B1512586594B9961FB52974E8F3
[TLS] sign_hash (32): B62DE59B125304D1DD329600D68E39FDE58DFFD1467B3D45C9D708ED58D4FC54
[TLS] Written transcript to proofs/MSG_TLS_C47A2ABC.out, proofs/SIG_TLS_C47A2ABC.out and proofs/PK_TLS_C47A2ABC.der
Signature verification succeeds
[TLS] Server time: 1619357710
[TLS] client_random  (32): F61C0733E02550548A4F12BA7D3BAE84C76D00ED8E26E4CAC58CB85C884ED83E
[TLS] sign_hash (32): EA5BD31F5C4D81A5010696A24493800B4E358E1C3B428DD78B914FB78A4E289F
[TLS] Written transcript to proofs/MSG_TLS_F61C0733.out, proofs/SIG_TLS_F61C0733.out and proofs/PK_TLS_F61C0733.der
Signature verification succeeds
Time breakdown (averages): anchor_ping:14.394470 file_read:0.138564 hashing:0.471031
Total time for 71 rounds is 1079.686326ms
Standard deviations: anchor_ping:1.434020 file_read:0.014897 hashing:0.004941
[Client-side ops] mean:0.609596 sd:0.015988
in & out anchor rand written to proofs/phase1.out
      4 [TLS] Server time: 1619357709
     68 [TLS] Server time: 1619357710
Count is 4
Count is 68
success: 1
RESULT: 1 in 2 tries
