TLS anchor: www.sunysuffolk.edu
Actual: 34, Set: 71
Beginning execution at Thu Apr 29 11:35:01 UTC 2021
CONF: anchor:www.sunysuffolk.edu fs:1024MB n_rounds:71 seed:5c9f4bf9bbc15bb855f82faedc5a52fc3ab2dfa8ec3ba3ce1b270f31fa0cced2 filename:FILE bs:1024 nops:100 benchmarking:0 anchor_ping:1 queue_depth:32 direct:0
[TLS] Connecting to www.sunysuffolk.edu
[TLS] Server time: 1619696102
[TLS] client_random  (32): 5C9F4BF9BBC15BB855F82FAEDC5A52FC3AB2DFA8EC3BA3CE1B270F31FA0CCED2
[TLS] sign_hash (32): 86777B02FF61408B600EA52A765CF5EE261989F32F444458A845218BF2F438CF
[TLS] Written transcript to proofs/MSG_TLS_5C9F4BF9.out, proofs/SIG_TLS_5C9F4BF9.out and proofs/PK_TLS_5C9F4BF9.der
Signature verification succeeds
[TLS] Server time: 1619696102
[TLS] client_random  (32): C44DDF15E32DEBCD1F93CDA990C9B0D05B761F99A8636C1A41EFB8876425D375
[TLS] sign_hash (32): D79BC3E0F5DB7C6791DAFE230E8F037CE900D2E602CC94F4433628781CC33F62
[TLS] Written transcript to proofs/MSG_TLS_C44DDF15.out, proofs/SIG_TLS_C44DDF15.out and proofs/PK_TLS_C44DDF15.der
Signature verification succeeds
[TLS] Server time: 1619696102
[TLS] client_random  (32): A4D8EDDB3B61D6818589B3711277198D6CF4B90037EA200A742D6747C49FE982
[TLS] sign_hash (32): 3D51C2940D8DB45B770F98EE1BBD551AEB60A3F860EA77A4E273D2AA86E2FBBD
[TLS] Written transcript to proofs/MSG_TLS_A4D8EDDB.out, proofs/SIG_TLS_A4D8EDDB.out and proofs/PK_TLS_A4D8EDDB.der
Signature verification succeeds
[TLS] Server time: 1619696102
[TLS] client_random  (32): CE27DF3556BF01D672DEA0288807BD0E79A66A0CED90F57A69D88C11F1D85E98
[TLS] sign_hash (32): 22BC4E38EEAE6B172261E4871374CF56401200A0F1662957EB118EE047F5C30E
[TLS] Written transcript to proofs/MSG_TLS_CE27DF35.out, proofs/SIG_TLS_CE27DF35.out and proofs/PK_TLS_CE27DF35.der
Signature verification succeeds
[TLS] Server time: 1619696102
[TLS] client_random  (32): 4E0F074BD3BBC20697E33017A8425089F7009E6752299EC807F4E81C767FD517
[TLS] sign_hash (32): EF210F2B2707DF086B0F9E164516564CF700ABBC67C10A0841CFA6A23E82FCF2
[TLS] Written transcript to proofs/MSG_TLS_4E0F074B.out, proofs/SIG_TLS_4E0F074B.out and proofs/PK_TLS_4E0F074B.der
Signature verification succeeds
[TLS] Server time: 1619696102
[TLS] client_random  (32): A43AF2A5799EE4E2327A2F89B5A4FB3F2EC2D78BB1A8AD290367B671B6641535
[TLS] sign_hash (32): B9B99DBC49528A0DF43AB60CD9FB091BA82A43F7E8133F5A837A84DEE3DE070E
[TLS] Written transcript to proofs/MSG_TLS_A43AF2A5.out, proofs/SIG_TLS_A43AF2A5.out and proofs/PK_TLS_A43AF2A5.der
Signature verification succeeds
[TLS] Server time: 1619696102
[TLS] client_random  (32): A8A90FE656B79FC9943290DEEB7E7551C7652B02987EE3E3B3FC2298E7BC5E4B
[TLS] sign_hash (32): 63359B89040B9ADF8E7B53FBDBF1410E61CA74AF0CB98E73230467DD3DB8DE9F
[TLS] Written transcript to proofs/MSG_TLS_A8A90FE6.out, proofs/SIG_TLS_A8A90FE6.out and proofs/PK_TLS_A8A90FE6.der
Signature verification succeeds
[TLS] Server time: 1619696102
[TLS] client_random  (32): FE29C10A7E23BFF1275BF281F1E1A5E906C27B77099145FB5701A0F766BE61A8
[TLS] sign_hash (32): 2EE9DB2B62668FD4BFFBDBADB053F626C71E646315FFCE89382471C5992C50FC
[TLS] Written transcript to proofs/MSG_TLS_FE29C10A.out, proofs/SIG_TLS_FE29C10A.out and proofs/PK_TLS_FE29C10A.der
Signature verification succeeds
[TLS] Server time: 1619696102
[TLS] client_random  (32): D041367E63499C782497C99ED838B5FAADA0F263F7150DD639F648CAD226A34F
[TLS] sign_hash (32): 37A3EEE5399E278B41DACC0D4D78E30ADD0A3DB481BBE91D50947E02BB66FC2C
[TLS] Written transcript to proofs/MSG_TLS_D041367E.out, proofs/SIG_TLS_D041367E.out and proofs/PK_TLS_D041367E.der
Signature verification succeeds
[TLS] Server time: 1619696102
[TLS] client_random  (32): A454A934AC415B8510084F4674F0FDC7CC11D061340088BE0E6A6C5DC649076F
[TLS] sign_hash (32): 5C188B9D5B83983861E89C5DC1A2E79A1E83A1368CA67FB2575E8CB289A4AE02
[TLS] Written transcript to proofs/MSG_TLS_A454A934.out, proofs/SIG_TLS_A454A934.out and proofs/PK_TLS_A454A934.der
Signature verification succeeds
[TLS] Server time: 1619696102
[TLS] client_random  (32): 6AE615D931C2FC522347ECD1577D3CCBB15FEF47B1CDAFAEBC73FC1D0D40A08C
[TLS] sign_hash (32): 9FF2D856A0B633A4DDD4072B7F5438B1B63673F0ACCD86682605CFA85F99B971
[TLS] Written transcript to proofs/MSG_TLS_6AE615D9.out, proofs/SIG_TLS_6AE615D9.out and proofs/PK_TLS_6AE615D9.der
Signature verification succeeds
[TLS] Server time: 1619696102
[TLS] client_random  (32): 312243D03483A0E705E28533B774C6BAC94951BC000BA61E43D608FF6FCBD94D
[TLS] sign_hash (32): A6C0EB3471D6BC4C0CB35C49DD26007D582CC2D108877D6E0B08C05D306BFC95
[TLS] Written transcript to proofs/MSG_TLS_312243D0.out, proofs/SIG_TLS_312243D0.out and proofs/PK_TLS_312243D0.der
Signature verification succeeds
[TLS] Server time: 1619696102
[TLS] client_random  (32): 92402354B75D8EFD147E10D9E55A89B5572CF99526D0362404D6C31455B26117
[TLS] sign_hash (32): B697F2474B9B827BE3678B9967821B396C9D120167C9DFEC91E164F21EE4F380
[TLS] Written transcript to proofs/MSG_TLS_92402354.out, proofs/SIG_TLS_92402354.out and proofs/PK_TLS_92402354.der
Signature verification succeeds
[TLS] Server time: 1619696102
[TLS] client_random  (32): 91DF8D4AAB8DE137B4C161C8C86C4B6D6BD1A305A5AF27E44CD4E6E40B31835A
[TLS] sign_hash (32): EEC3855D42038CC20136BA03E4CF070DF2BF9D51B9244876B761DFB66E24062A
[TLS] Written transcript to proofs/MSG_TLS_91DF8D4A.out, proofs/SIG_TLS_91DF8D4A.out and proofs/PK_TLS_91DF8D4A.der
Signature verification succeeds
[TLS] Server time: 1619696102
[TLS] client_random  (32): 860EAE8C42915336DD2F09DB4AF167067C5452BCDE23864FD982F74C94200AFA
[TLS] sign_hash (32): F5ABC53F5BA129EEF87B3E299B6217DC25E0AFD0818E190C0E9FAF22B5EB5399
[TLS] Written transcript to proofs/MSG_TLS_860EAE8C.out, proofs/SIG_TLS_860EAE8C.out and proofs/PK_TLS_860EAE8C.der
Signature verification succeeds
[TLS] Server time: 1619696103
[TLS] client_random  (32): 551A9C34B2B184621E3CE21F08B7420C84AE85EBD5E3A887550DAC5ECFDCC183
[TLS] sign_hash (32): F6F8BCF0D0719661B6299B8CABC842A74D975FEA7CEB511F0F78649C4C51268E
[TLS] Written transcript to proofs/MSG_TLS_551A9C34.out, proofs/SIG_TLS_551A9C34.out and proofs/PK_TLS_551A9C34.der
Signature verification succeeds
[TLS] Server time: 1619696104
[TLS] client_random  (32): 40D27AA9A4D16A4694534407BCB7DD9D47A8A64FEA02F7DF451840F04EB6A8ED
[TLS] sign_hash (32): 36C3693A23D1CF68BFC7E83439012D304CFBF8851B20C880E658A452C114712B
[TLS] Written transcript to proofs/MSG_TLS_40D27AA9.out, proofs/SIG_TLS_40D27AA9.out and proofs/PK_TLS_40D27AA9.der
Signature verification succeeds
[TLS] Server time: 1619696104
[TLS] client_random  (32): 31400BD516A24CBA67B18F83F2FF021C8397DCF370D289AEDB328788C5AB3829
[TLS] sign_hash (32): F3D55011907C15FAAFD52B0C9259AFB66A35C6E62AFB0BCEA01A75C80000D392
[TLS] Written transcript to proofs/MSG_TLS_31400BD5.out, proofs/SIG_TLS_31400BD5.out and proofs/PK_TLS_31400BD5.der
Signature verification succeeds
[TLS] Server time: 1619696104
[TLS] client_random  (32): 076ABC8052EF354EB6D19E232A6B016FF0DB927A866902B9C80804C02D90A6BA
[TLS] sign_hash (32): 9F0DD5E369A1C4DD4464694FF66EAFD78F0D6445C5E08F23FA750DC26FF485C5
[TLS] Written transcript to proofs/MSG_TLS_076ABC80.out, proofs/SIG_TLS_076ABC80.out and proofs/PK_TLS_076ABC80.der
Signature verification succeeds
[TLS] Server time: 1619696104
[TLS] client_random  (32): 91AFE2964276E954DE38FD54DAEFE3E52DBAF30A2B8EF301AD6876DC33584F85
[TLS] sign_hash (32): 7528B81A31B595A086895865691B579EF85A192F0472B588346D38175EF116E5
[TLS] Written transcript to proofs/MSG_TLS_91AFE296.out, proofs/SIG_TLS_91AFE296.out and proofs/PK_TLS_91AFE296.der
Signature verification succeeds
[TLS] Server time: 1619696104
[TLS] client_random  (32): B6A5579B5A1A5DDC202353B0E55BC07D69494A9C646DB824B22A29040A8BF018
[TLS] sign_hash (32): D8338ED050DBB2F4617D778398264275DBBFA4C0BD7712D585672ABC4657844B
[TLS] Written transcript to proofs/MSG_TLS_B6A5579B.out, proofs/SIG_TLS_B6A5579B.out and proofs/PK_TLS_B6A5579B.der
Signature verification succeeds
[TLS] Server time: 1619696105
[TLS] client_random  (32): 5E93694157C5474BF24858274395B06C6462BBDCE418AF407C39D48CB9615C60
[TLS] sign_hash (32): 61FB47F90752C70E222889E68718777DE8FFD71D1A876130E7103DC487CC904E
[TLS] Written transcript to proofs/MSG_TLS_5E936941.out, proofs/SIG_TLS_5E936941.out and proofs/PK_TLS_5E936941.der
Signature verification succeeds
[TLS] Server time: 1619696105
[TLS] client_random  (32): D0B6A8FB8E036E09D082DB8531D199CF9AF7425C75C2CD2E4E82BBB7D29262DC
[TLS] sign_hash (32): BFD9039CB4C315EBB31860F4A2A2954B31CC09605C58BFA559B290F84E22CF3F
[TLS] Written transcript to proofs/MSG_TLS_D0B6A8FB.out, proofs/SIG_TLS_D0B6A8FB.out and proofs/PK_TLS_D0B6A8FB.der
Signature verification succeeds
[TLS] Server time: 1619696105
[TLS] client_random  (32): 6B7902A5E7E56EB66D9220F8B9659D35017E8C135DA7F299E122B845FF2ADF62
[TLS] sign_hash (32): E921DABE1011653C9BBB3EA1F96AC7701992C7A04A1245178D07619589BDA585
[TLS] Written transcript to proofs/MSG_TLS_6B7902A5.out, proofs/SIG_TLS_6B7902A5.out and proofs/PK_TLS_6B7902A5.der
Signature verification succeeds
[TLS] Server time: 1619696105
[TLS] client_random  (32): 40BD93252E23CF705C622D88EB7E6C2C65D4B99E1450E6645B21F678FB3D1DBB
[TLS] sign_hash (32): 7DDA997445B654D9E399B4316BF4F874DB43DC3B3E019660454C0731296EFF37
[TLS] Written transcript to proofs/MSG_TLS_40BD9325.out, proofs/SIG_TLS_40BD9325.out and proofs/PK_TLS_40BD9325.der
Signature verification succeeds
[TLS] Server time: 1619696105
[TLS] client_random  (32): 5F43EF82F2D1FCFC554B143923F149587DC0C37F1E29B6E78C1BE8897D7B427C
[TLS] sign_hash (32): 1F1A5899841E246BF66D8DDBF0E01510BE5C43C58CBBEFA8D77536DBCFF7B445
[TLS] Written transcript to proofs/MSG_TLS_5F43EF82.out, proofs/SIG_TLS_5F43EF82.out and proofs/PK_TLS_5F43EF82.der
Signature verification succeeds
[TLS] Server time: 1619696105
[TLS] client_random  (32): 5298F11CDE683B6ABA7C8F369C99E55554B81D832011BEE2161C23C95438FE96
[TLS] sign_hash (32): 4045F14B018AA8BF187FD242DD723010C3BB418C9774F775767C9EF30249458A
[TLS] Written transcript to proofs/MSG_TLS_5298F11C.out, proofs/SIG_TLS_5298F11C.out and proofs/PK_TLS_5298F11C.der
Signature verification succeeds
[TLS] Server time: 1619696105
[TLS] client_random  (32): B0F4DAEFCA226F8F1722373BD8856D2B3D1692BA49C361E9BC88C579DEA3E053
[TLS] sign_hash (32): 72BC60BBEC37FDAB321BA7661EA1B11FF36579F9FCF2A32E20BF37ABC6F9E721
[TLS] Written transcript to proofs/MSG_TLS_B0F4DAEF.out, proofs/SIG_TLS_B0F4DAEF.out and proofs/PK_TLS_B0F4DAEF.der
Signature verification succeeds
[TLS] Server time: 1619696105
[TLS] client_random  (32): 3A146D30D2A68013427DBBF56E84BE720F5243F66FC44EC1E904741064A09808
[TLS] sign_hash (32): 04AB1FD6000D483E1DB9E03DC690AB1EDEB0DFB2E7DA8EF5761DFA582065196D
[TLS] Written transcript to proofs/MSG_TLS_3A146D30.out, proofs/SIG_TLS_3A146D30.out and proofs/PK_TLS_3A146D30.der
Signature verification succeeds
[TLS] Server time: 1619696106
[TLS] client_random  (32): 5657CC677461866FE037105CA36B0118793FA76FD29124C616B92D04D3061D4B
[TLS] sign_hash (32): AB321A0E90982BC99B6AD417F165D5405F26A03D5AEA3827E797082A0833FA08
[TLS] Written transcript to proofs/MSG_TLS_5657CC67.out, proofs/SIG_TLS_5657CC67.out and proofs/PK_TLS_5657CC67.der
Signature verification succeeds
[TLS] Server time: 1619696106
[TLS] client_random  (32): 1BAD132C4F5A693582A43347151CE79D0F370D04F22900AD6AD2E330E54551CD
[TLS] sign_hash (32): 789891E01E4C4820BD68196923AC7128594FE24DD3F961457A4C618593EF381C
[TLS] Written transcript to proofs/MSG_TLS_1BAD132C.out, proofs/SIG_TLS_1BAD132C.out and proofs/PK_TLS_1BAD132C.der
Signature verification succeeds
[TLS] Server time: 1619696106
[TLS] client_random  (32): A1F07C96D14954F4571FF5DC334C8ED07EA93259B3CD450C7A8FE986958382E4
[TLS] sign_hash (32): 51B0B190688B03FF442D5ED552F64EFEC35F857FC1EB8FA3D8C8506D434E7812
[TLS] Written transcript to proofs/MSG_TLS_A1F07C96.out, proofs/SIG_TLS_A1F07C96.out and proofs/PK_TLS_A1F07C96.der
Signature verification succeeds
[TLS] Server time: 1619696106
[TLS] client_random  (32): D5EF1B8F8D697ECD17C51F5B1B1375DCCB32468F6A752645A3BD74481141F5B2
[TLS] sign_hash (32): C7EE3FBD076F5890A0CC1D95C56B6A92591908D4D43135B5E1480E4F0BBCBDA1
[TLS] Written transcript to proofs/MSG_TLS_D5EF1B8F.out, proofs/SIG_TLS_D5EF1B8F.out and proofs/PK_TLS_D5EF1B8F.der
Signature verification succeeds
[TLS] Server time: 1619696106
[TLS] client_random  (32): 29C2DDF447BE7D7E7D774F166C10EA14C09DF9731B6555761FD0B4C4DE3B9789
[TLS] sign_hash (32): A13FCADE892A81EA82C144CDC76D16FCC02725895094FF5222ABCF993EEAB831
[TLS] Written transcript to proofs/MSG_TLS_29C2DDF4.out, proofs/SIG_TLS_29C2DDF4.out and proofs/PK_TLS_29C2DDF4.der
Signature verification succeeds
[TLS] Server time: 1619696106
[TLS] client_random  (32): 8525B3E7BD30D653F4E315F315C3B34E50C701E57876FE4AFBE066F308A05D85
[TLS] sign_hash (32): BF7AEED7573CE25CDE60D69DA4AE6EEB3F836BB30D2430B466A8DB3451DE4B7E
[TLS] Written transcript to proofs/MSG_TLS_8525B3E7.out, proofs/SIG_TLS_8525B3E7.out and proofs/PK_TLS_8525B3E7.der
Signature verification succeeds
[TLS] Server time: 1619696106
[TLS] client_random  (32): D8FF54E957A3E8B1D071F2E7A58093C7C755E1D4B0339FAE8E54C5293E93CF6A
[TLS] sign_hash (32): E8B1297D3AF81D8E16487818685DCE84FAD810BFDDA91D23955B5CF0C2972990
[TLS] Written transcript to proofs/MSG_TLS_D8FF54E9.out, proofs/SIG_TLS_D8FF54E9.out and proofs/PK_TLS_D8FF54E9.der
Signature verification succeeds
[TLS] Server time: 1619696106
[TLS] client_random  (32): 7E04157FFAA77443187FCA7FC1C9A307C11ACB79FBA881CF156829FC968BA6D9
[TLS] sign_hash (32): CF6D59A4537AF2E1416CEFE38332B45446983120FBB3F3002DF86BE13330A08D
[TLS] Written transcript to proofs/MSG_TLS_7E04157F.out, proofs/SIG_TLS_7E04157F.out and proofs/PK_TLS_7E04157F.der
Signature verification succeeds
[TLS] Server time: 1619696106
[TLS] client_random  (32): D16B70162E4AF7EDAEE7F084ADE274DADF43D15AB24774A988D95E62A6FD4A4A
[TLS] sign_hash (32): 8672465494F9B6B3FEDDC8F8B6ED247F4B8D0BB0918313A51430B4FBC9905719
[TLS] Written transcript to proofs/MSG_TLS_D16B7016.out, proofs/SIG_TLS_D16B7016.out and proofs/PK_TLS_D16B7016.der
Signature verification succeeds
[TLS] Server time: 1619696106
[TLS] client_random  (32): A55E3B9056D4BB4AB841F42D4273F8FE966CC077A9BEFE45CF9A2E4956BF7986
[TLS] sign_hash (32): 74F5153EFBED89DBC2D7919FE5755654A00A3C82581697F7797A54370E67FACA
[TLS] Written transcript to proofs/MSG_TLS_A55E3B90.out, proofs/SIG_TLS_A55E3B90.out and proofs/PK_TLS_A55E3B90.der
Signature verification succeeds
[TLS] Server time: 1619696106
[TLS] client_random  (32): 11B355260A5E7E57DBD86B072FE9B787F56C74DBED60900C97409AEA3AA94775
[TLS] sign_hash (32): 3649842B625908A17BC6C9C1A1D7AF7AAFA2F3CB8A713BD2352EBAF7D9ABF59A
[TLS] Written transcript to proofs/MSG_TLS_11B35526.out, proofs/SIG_TLS_11B35526.out and proofs/PK_TLS_11B35526.der
Signature verification succeeds
[TLS] Server time: 1619696106
[TLS] client_random  (32): C16AF3D6AC81128DE81BB93CD71D454B9AE0823A42C81FEA7A97944F7932A04F
[TLS] sign_hash (32): 77326A933A2F5C912DBCA5778D1EC468E59340E32D4241F13EA5ABB35D8F5B70
[TLS] Written transcript to proofs/MSG_TLS_C16AF3D6.out, proofs/SIG_TLS_C16AF3D6.out and proofs/PK_TLS_C16AF3D6.der
Signature verification succeeds
[TLS] Server time: 1619696106
[TLS] client_random  (32): DBB6EE9AD2EBA0BEB1D972AD728B18C10E6D92A98944F5F6A4B624BEFD2B1748
[TLS] sign_hash (32): 9C6DC5F7404305844BAA93F532E8CE2CF7566BCE67F3CD39FCCD4FA1E8E638B3
[TLS] Written transcript to proofs/MSG_TLS_DBB6EE9A.out, proofs/SIG_TLS_DBB6EE9A.out and proofs/PK_TLS_DBB6EE9A.der
Signature verification succeeds
[TLS] Server time: 1619696107
[TLS] client_random  (32): 924F2C03E6661B0E0345C2C41B815D023F1B9EFAB84C4294727BEE2A995D5B8F
[TLS] sign_hash (32): D6A778DD42785407C5269F98FA9BA2394C54158F693B35A7655504EF74C6DD0A
[TLS] Written transcript to proofs/MSG_TLS_924F2C03.out, proofs/SIG_TLS_924F2C03.out and proofs/PK_TLS_924F2C03.der
Signature verification succeeds
[TLS] Server time: 1619696107
[TLS] client_random  (32): C9345A8C0489AA953ADDD50C3F6D36824DB88C0A53CE56E1BACC2466262420FE
[TLS] sign_hash (32): 7911B536E30C4B00B0830A919B7829DC37A2658329B02E415802D00F7329E11C
[TLS] Written transcript to proofs/MSG_TLS_C9345A8C.out, proofs/SIG_TLS_C9345A8C.out and proofs/PK_TLS_C9345A8C.der
Signature verification succeeds
[TLS] Server time: 1619696107
[TLS] client_random  (32): 08370A24030CC2EF1D378BD6ED216DE968979D4D1178F647300BA6C3D5B1821F
[TLS] sign_hash (32): 5A79CFF08089B728206464B70284DC0244E83E819374B509213578D869BE6768
[TLS] Written transcript to proofs/MSG_TLS_08370A24.out, proofs/SIG_TLS_08370A24.out and proofs/PK_TLS_08370A24.der
Signature verification succeeds
[TLS] Server time: 1619696107
[TLS] client_random  (32): 019257A7E8E287CC3097DD21D4E20916553BA31B3928B05E0772CA3DAAA7C36E
[TLS] sign_hash (32): AC2DB5B504BC004FC1EC07AD0C4A1B3AAE8F60E9FA90917C9E82AE976867585C
[TLS] Written transcript to proofs/MSG_TLS_019257A7.out, proofs/SIG_TLS_019257A7.out and proofs/PK_TLS_019257A7.der
Signature verification succeeds
[TLS] Server time: 1619696107
[TLS] client_random  (32): 8D72FFBE060FED913918E4941758603CC19A02D1335746FAD8BEC3724BA69791
[TLS] sign_hash (32): 59C623C0DA30309DD6FE4C2EFFD995BB58830CFD9801AE192EF3C79F8C7F9171
[TLS] Written transcript to proofs/MSG_TLS_8D72FFBE.out, proofs/SIG_TLS_8D72FFBE.out and proofs/PK_TLS_8D72FFBE.der
Signature verification succeeds
[TLS] Server time: 1619696107
[TLS] client_random  (32): 505AC3155ADBA78967C6A4F2300B02F8CE4F0F6B157ECBCABF2444F44D0D9978
[TLS] sign_hash (32): 81097734D9DEFA0F59CD8809AF63F90E3121C140B7F16BD6C43A6847509AB626
[TLS] Written transcript to proofs/MSG_TLS_505AC315.out, proofs/SIG_TLS_505AC315.out and proofs/PK_TLS_505AC315.der
Signature verification succeeds
[TLS] Server time: 1619696107
[TLS] client_random  (32): 5003E3444E0038CB1FEA0840CFD61433771201A8BB5843D342FB7CA814568ACE
[TLS] sign_hash (32): 34ED1104CFA570AC0A4D4ABF80341DB8F4EE3D06D83C944182C45CD66C748DFC
[TLS] Written transcript to proofs/MSG_TLS_5003E344.out, proofs/SIG_TLS_5003E344.out and proofs/PK_TLS_5003E344.der
Signature verification succeeds
[TLS] Server time: 1619696107
[TLS] client_random  (32): 040F55F6B0240E92869ADAE9209324C6522568B1B083BA713BD02F599F796468
[TLS] sign_hash (32): 08FA250A29635D22836BB44AA8837FDBCC6ED9F858C382EB8AA1D3EB8995A34D
[TLS] Written transcript to proofs/MSG_TLS_040F55F6.out, proofs/SIG_TLS_040F55F6.out and proofs/PK_TLS_040F55F6.der
Signature verification succeeds
[TLS] Server time: 1619696107
[TLS] client_random  (32): 892ED0438AED9B8B0D873C560FEC5508BC44CAAA1C41F45D48CF958D67B44287
[TLS] sign_hash (32): 185663870F24E8FE5E2EFCA7134E7D66897D2CFA2508F5330FF97C46FDC58FCA
[TLS] Written transcript to proofs/MSG_TLS_892ED043.out, proofs/SIG_TLS_892ED043.out and proofs/PK_TLS_892ED043.der
Signature verification succeeds
[TLS] Server time: 1619696107
[TLS] client_random  (32): D4F6973D6CDDB2432B6A6BC347CAF0A527EC9C9235FC212E150930155B984DA1
[TLS] sign_hash (32): E12F6FA8EDAE6AA20595ADD849E93D4E5A184D2FB710C52F003C25F99A1C4F6B
[TLS] Written transcript to proofs/MSG_TLS_D4F6973D.out, proofs/SIG_TLS_D4F6973D.out and proofs/PK_TLS_D4F6973D.der
Signature verification succeeds
[TLS] Server time: 1619696107
[TLS] client_random  (32): 5C726F9F1D8B1F1FBEA93EFB4214E3BEA2CB02EF37D5AB32EED0DA4603509135
[TLS] sign_hash (32): FCEE45D23148E87E26DF28A0D788F9B6A9868DDE72D6E71CCA2F9EA3A487EAD1
[TLS] Written transcript to proofs/MSG_TLS_5C726F9F.out, proofs/SIG_TLS_5C726F9F.out and proofs/PK_TLS_5C726F9F.der
Signature verification succeeds
[TLS] Server time: 1619696107
[TLS] client_random  (32): 372555E1A4F6B89FEA80935DF54B01008542F6E12EE5DAEF50996FF0C53E738B
[TLS] sign_hash (32): 6EA329E53EFD9146ED1090DB5F917199DBDD6F0098ADB1F95AD4992F60D3E977
[TLS] Written transcript to proofs/MSG_TLS_372555E1.out, proofs/SIG_TLS_372555E1.out and proofs/PK_TLS_372555E1.der
Signature verification succeeds
[TLS] Server time: 1619696107
[TLS] client_random  (32): D73587331CFAC052B5035D91BAF99F4957725158D3AD31F68255B3D7A3D849E7
[TLS] sign_hash (32): 77276FC4E488A7A7EF7508D153E353032DE4FCDE971A644D0EC79275CB63C96A
[TLS] Written transcript to proofs/MSG_TLS_D7358733.out, proofs/SIG_TLS_D7358733.out and proofs/PK_TLS_D7358733.der
Signature verification succeeds
[TLS] Server time: 1619696107
[TLS] client_random  (32): 0EAF813475104A2F80FC2D0AD9C477173A4AB244BDEB2B98E152A40244C3AD75
[TLS] sign_hash (32): 1384BD8A11AAE3A997585B546A06D19A7DAC57A9A576A7AF428319C41813D5EC
[TLS] Written transcript to proofs/MSG_TLS_0EAF8134.out, proofs/SIG_TLS_0EAF8134.out and proofs/PK_TLS_0EAF8134.der
Signature verification succeeds
[TLS] Server time: 1619696108
[TLS] client_random  (32): DAEAFA3E2CC7B05FD1D07E4DC8FD697A35A9FA5700A4EB39262008FF36702809
[TLS] sign_hash (32): E16DD1F940F995FBE481F8252F3BDAB2E5AE8FE9CDB0778BAA0164CF431036E8
[TLS] Written transcript to proofs/MSG_TLS_DAEAFA3E.out, proofs/SIG_TLS_DAEAFA3E.out and proofs/PK_TLS_DAEAFA3E.der
Signature verification succeeds
[TLS] Server time: 1619696108
[TLS] client_random  (32): 6804F0775AA110D335ACA0C0640063ECCF554DEEFE88F2ADEDEDCCD1CC9BA934
[TLS] sign_hash (32): 9977354D52B49EE6C3E3206869DDA1662873676C5B0F30494A13F01248806612
[TLS] Written transcript to proofs/MSG_TLS_6804F077.out, proofs/SIG_TLS_6804F077.out and proofs/PK_TLS_6804F077.der
Signature verification succeeds
[TLS] Server time: 1619696108
[TLS] client_random  (32): BCCF478B4EF71F5C8AEF0C27B1C97A209E48743C99C2C611217A11C9CF76F32F
[TLS] sign_hash (32): 030F2B712973EDE57F8515531F23097B567677EEF88B3B071D43D1173C590C01
[TLS] Written transcript to proofs/MSG_TLS_BCCF478B.out, proofs/SIG_TLS_BCCF478B.out and proofs/PK_TLS_BCCF478B.der
Signature verification succeeds
[TLS] Server time: 1619696108
[TLS] client_random  (32): 7370F8E8C7E6EDE65CE3DB075FADA778C5364E12A8A4A94F33D44ED98A4A9ECC
[TLS] sign_hash (32): A876B8EE30CAB41D0B4B69465C9728FEE4D05B3E8C73CAA478A233E0945A9181
[TLS] Written transcript to proofs/MSG_TLS_7370F8E8.out, proofs/SIG_TLS_7370F8E8.out and proofs/PK_TLS_7370F8E8.der
Signature verification succeeds
[TLS] Server time: 1619696108
[TLS] client_random  (32): 82C4913429C2EFB0D7CEECF40E52F1E39E669AF58ACC4E9B6CAA59D217480DCF
[TLS] sign_hash (32): 3BCC1011B6CB6A6F9BAC8E6E9AB2D24B4DF7CF6AF9C7E9535F4138B7D0E9A07D
[TLS] Written transcript to proofs/MSG_TLS_82C49134.out, proofs/SIG_TLS_82C49134.out and proofs/PK_TLS_82C49134.der
Signature verification succeeds
[TLS] Server time: 1619696108
[TLS] client_random  (32): 5EEBB3EE385027188214104F5B62C146B1CD4733D412B6B5226571711FCA0CAB
[TLS] sign_hash (32): 0B92886D512361D26571ACF1C4DA76F63941F44226F61D26340DC8C7B830BDC2
[TLS] Written transcript to proofs/MSG_TLS_5EEBB3EE.out, proofs/SIG_TLS_5EEBB3EE.out and proofs/PK_TLS_5EEBB3EE.der
Signature verification succeeds
[TLS] Server time: 1619696108
[TLS] client_random  (32): 8B3A06CE05020578FFF6BEF3040F82FC836ADBC0A848A3B7E87E2A19B4DE6E04
[TLS] sign_hash (32): 3DD89A40AF3D5D717608A873BCE0A7AAB119A857963FA50189FDE2FD19577418
[TLS] Written transcript to proofs/MSG_TLS_8B3A06CE.out, proofs/SIG_TLS_8B3A06CE.out and proofs/PK_TLS_8B3A06CE.der
Signature verification succeeds
[TLS] Server time: 1619696108
[TLS] client_random  (32): FD5928EA8673DBAE54F3A666D2BC3625ACC895795C677711915D9B92EDAD8E2B
[TLS] sign_hash (32): D2C085FA297296A0BA6FBBA1428CD1B23645DDBB60BDE2824222EA49A0BB2753
[TLS] Written transcript to proofs/MSG_TLS_FD5928EA.out, proofs/SIG_TLS_FD5928EA.out and proofs/PK_TLS_FD5928EA.der
Signature verification succeeds
[TLS] Server time: 1619696108
[TLS] client_random  (32): 80497234A0BB31D89884091B46B68CFFD828C9F8ECE075B837255530B2F9DE6F
[TLS] sign_hash (32): DDB55D0771A5B64C41A191DC01956F37740193A1BEBE5022D774D862B98CC173
[TLS] Written transcript to proofs/MSG_TLS_80497234.out, proofs/SIG_TLS_80497234.out and proofs/PK_TLS_80497234.der
Signature verification succeeds
[TLS] Server time: 1619696108
[TLS] client_random  (32): 8CB2FCC540761CE0F2C0339EDC2BED4FF21907BF918D623F9FA4B09BB92B3FFF
[TLS] sign_hash (32): EEC66FC78AABEDD76059CAF4B561077E087D8E0695C056ADB97B75BB24AD1123
[TLS] Written transcript to proofs/MSG_TLS_8CB2FCC5.out, proofs/SIG_TLS_8CB2FCC5.out and proofs/PK_TLS_8CB2FCC5.der
Signature verification succeeds
[TLS] Server time: 1619696108
[TLS] client_random  (32): 313A0F14EFFD9C5517B340915F1C672489C9251BCAD5E7961F2FB4FE2C1DAC61
[TLS] sign_hash (32): C1F352C7851E4F86C426BDEB34EF26CBFD3891F06A3A441ED39B2430DCF588E3
[TLS] Written transcript to proofs/MSG_TLS_313A0F14.out, proofs/SIG_TLS_313A0F14.out and proofs/PK_TLS_313A0F14.der
Signature verification succeeds
[TLS] Server time: 1619696108
[TLS] client_random  (32): D99C63D72BD5D93CAC70E73C185BFB6BD242660FD820772CAE74131D78E0435F
[TLS] sign_hash (32): C52384DE43F7AEEA5B575996F65DCB71016C97A3593B7DC80972C598F4F98FC7
[TLS] Written transcript to proofs/MSG_TLS_D99C63D7.out, proofs/SIG_TLS_D99C63D7.out and proofs/PK_TLS_D99C63D7.der
Signature verification succeeds
[TLS] Server time: 1619696108
[TLS] client_random  (32): 45E765320A9B7E36ABC81FE7633915617A904D045B5AE4C45289C416FCBABCCA
[TLS] sign_hash (32): 0CD816B76880F820B3F3508D3F19D1F0DC6F6F24B633E8F9EA9261D8ED26DADD
[TLS] Written transcript to proofs/MSG_TLS_45E76532.out, proofs/SIG_TLS_45E76532.out and proofs/PK_TLS_45E76532.der
Signature verification succeeds
[TLS] Server time: 1619696108
[TLS] client_random  (32): BCB2BB945B353D8D8512585FA427586570AE5C938CBAF9A70D5E26109930EF91
[TLS] sign_hash (32): E9940BE1C73CB5F520E504197C354B17DC12B59A04D101AB607B02A59C6B9BED
[TLS] Written transcript to proofs/MSG_TLS_BCB2BB94.out, proofs/SIG_TLS_BCB2BB94.out and proofs/PK_TLS_BCB2BB94.der
Signature verification succeeds
[TLS] Server time: 1619696108
[TLS] client_random  (32): 16501F7FF4B23A9E096BF7B8979E36D1E98697F80E64D37ADBDBF95739B0270F
[TLS] sign_hash (32): A26F70146D064A27FA8D4DD006C96F45F2FB14FF141D1EB2D78D9B9501CAE343
[TLS] Written transcript to proofs/MSG_TLS_16501F7F.out, proofs/SIG_TLS_16501F7F.out and proofs/PK_TLS_16501F7F.der
Signature verification succeeds
[TLS] Server time: 1619696108
[TLS] client_random  (32): 1422015BC1015229FD23A2538511ECA08CC230A7EB0ABE4C63C667CFBE02D59B
[TLS] sign_hash (32): FE7856E6A59ECA45445BBB89728819C036EE9304359C11808E95DEBD0818726E
[TLS] Written transcript to proofs/MSG_TLS_1422015B.out, proofs/SIG_TLS_1422015B.out and proofs/PK_TLS_1422015B.der
Signature verification succeeds
Time breakdown (averages): anchor_ping:83.723349 file_read:0.153145 hashing:0.472449
Total time for 71 rounds is 6072.503573ms
Standard deviations: anchor_ping:224.780215 file_read:0.015482 hashing:0.006948
[Client-side ops] mean:0.625594 sd:0.017992
in & out anchor rand written to proofs/phase1.out
     15 [TLS] Server time: 1619696102
      1 [TLS] Server time: 1619696103
      5 [TLS] Server time: 1619696104
      8 [TLS] Server time: 1619696105
     13 [TLS] Server time: 1619696106
     14 [TLS] Server time: 1619696107
     16 [TLS] Server time: 1619696108
Count is 15
Count is 1
Count is 5
Count is 8
Count is 13
Count is 14
Count is 16
success: 0
Sleeping before retrying
CONF: anchor:www.sunysuffolk.edu fs:1024MB n_rounds:71 seed:5c9f4bf9bbc15bb855f82faedc5a52fc3ab2dfa8ec3ba3ce1b270f31fa0cced2 filename:FILE bs:1024 nops:100 benchmarking:0 anchor_ping:1 queue_depth:32 direct:0
[TLS] Connecting to www.sunysuffolk.edu
[TLS] Server time: 1619696110
[TLS] client_random  (32): 5C9F4BF9BBC15BB855F82FAEDC5A52FC3AB2DFA8EC3BA3CE1B270F31FA0CCED2
[TLS] sign_hash (32): 9F3DA6E046910DB93B90A772621B7ED5BA7908D2827E4BB9577BD90684BEB638
[TLS] Written transcript to proofs/MSG_TLS_5C9F4BF9.out, proofs/SIG_TLS_5C9F4BF9.out and proofs/PK_TLS_5C9F4BF9.der
Signature verification succeeds
[TLS] Server time: 1619696110
[TLS] client_random  (32): B97923FFDF374DDADF5BD76C07C2647D6D41DC28F640951EEBBCD0CB3470AD60
[TLS] sign_hash (32): 1CE0C9061C50E8376EDEF6A79921116AD278E38626C8662A3B219FDB93C20B40
[TLS] Written transcript to proofs/MSG_TLS_B97923FF.out, proofs/SIG_TLS_B97923FF.out and proofs/PK_TLS_B97923FF.der
Signature verification succeeds
[TLS] Server time: 1619696110
[TLS] client_random  (32): 44101CF4937322AA6C9885EB8F97393DE5859B43481529C8230B3DC8D8BD723C
[TLS] sign_hash (32): C7FF7156F6042ED74F5B71366F1E4A65238A2D661733DDBD730FC54AB2A4E036
[TLS] Written transcript to proofs/MSG_TLS_44101CF4.out, proofs/SIG_TLS_44101CF4.out and proofs/PK_TLS_44101CF4.der
Signature verification succeeds
[TLS] Server time: 1619696110
[TLS] client_random  (32): 2E9E836EDA74B65BAEF5D65DD359F1B15F0A0B2A17B9FFF38C001B6CAE319280
[TLS] sign_hash (32): B7F7B8A1DC7610C9F0C5BADEC1A891005ABF27E0BF50F41B4A078BEBD54BF676
[TLS] Written transcript to proofs/MSG_TLS_2E9E836E.out, proofs/SIG_TLS_2E9E836E.out and proofs/PK_TLS_2E9E836E.der
Signature verification succeeds
[TLS] Server time: 1619696110
[TLS] client_random  (32): 862D607D3BDA22C05E4E8A9C7B9EE7C63F81C50CDB0AAC2ECD2A8D097C4FD6B0
[TLS] sign_hash (32): 92938D7E86A8A5C2AA53ECB66E84C73001783374058C40A6E548990EE27E7429
[TLS] Written transcript to proofs/MSG_TLS_862D607D.out, proofs/SIG_TLS_862D607D.out and proofs/PK_TLS_862D607D.der
Signature verification succeeds
[TLS] Server time: 1619696110
[TLS] client_random  (32): 6F68FFFFA848D38EF7E71CA09ED45094EE6B9CA8CC7533F71A3575077A2A6741
[TLS] sign_hash (32): 3CA320CB71D926F980636956E0693565407B996215A0E71AEE90AE6A0DB3442D
[TLS] Written transcript to proofs/MSG_TLS_6F68FFFF.out, proofs/SIG_TLS_6F68FFFF.out and proofs/PK_TLS_6F68FFFF.der
Signature verification succeeds
[TLS] Server time: 1619696110
[TLS] client_random  (32): 2FF898F0BDBC28805D2EEFCCC5204EBB4A3B5A77076AEFA1EF6D3211876CE0DE
[TLS] sign_hash (32): 9F6A53CBFBF7C1DE7060DF5F7ABC6BDA92F9FD10F1D2AFEC16928F8F38AFC37A
[TLS] Written transcript to proofs/MSG_TLS_2FF898F0.out, proofs/SIG_TLS_2FF898F0.out and proofs/PK_TLS_2FF898F0.der
Signature verification succeeds
[TLS] Server time: 1619696110
[TLS] client_random  (32): 281DAEC24B2BD8979DF6D0927FEE9FD502717F19576900C8CB18C9F2F5E9CB20
[TLS] sign_hash (32): 265A8D1DF5BE8E0BC9CE4C55E450E9E3F4FDA15A5387DFA6DBFE05A45C9BEADB
[TLS] Written transcript to proofs/MSG_TLS_281DAEC2.out, proofs/SIG_TLS_281DAEC2.out and proofs/PK_TLS_281DAEC2.der
Signature verification succeeds
[TLS] Server time: 1619696110
[TLS] client_random  (32): BCC97884A6FEDEA4123CCB127489EBCF40A350B61C281E7440B404103A757A9C
[TLS] sign_hash (32): 9A157BBC1E0EF9D90CAD1575A327034CE0B6095FB7C2E6AFD77AAEEA3693EB45
[TLS] Written transcript to proofs/MSG_TLS_BCC97884.out, proofs/SIG_TLS_BCC97884.out and proofs/PK_TLS_BCC97884.der
Signature verification succeeds
[TLS] Server time: 1619696110
[TLS] client_random  (32): BE645BB564EC19AF2940D28810CCB6C9E16781CFC6FF593ED3B71F0D570A6EA6
[TLS] sign_hash (32): C1D71F9709418CF361FD1FDB5A75A12CCB33A50D42386AA26EA3970591EAA093
[TLS] Written transcript to proofs/MSG_TLS_BE645BB5.out, proofs/SIG_TLS_BE645BB5.out and proofs/PK_TLS_BE645BB5.der
Signature verification succeeds
[TLS] Server time: 1619696110
[TLS] client_random  (32): 45F0169A1430FF7DF7932DD0E2FB27C9B94F10270323CD4209B6022FCF045F0F
[TLS] sign_hash (32): AFC4016348F5A8AF8076AA57C623F905DC881690AD142500F634028BC1BEE014
[TLS] Written transcript to proofs/MSG_TLS_45F0169A.out, proofs/SIG_TLS_45F0169A.out and proofs/PK_TLS_45F0169A.der
Signature verification succeeds
[TLS] Server time: 1619696110
[TLS] client_random  (32): 0024C56F58FD9B61DBF8B1F803914962D09D1FC1B4C3AA66D2272F8A0EF93C2B
[TLS] sign_hash (32): 206567FB6A5952308B504330301A784B79024648C0431689AA38FFFFD8117768
[TLS] Written transcript to proofs/MSG_TLS_0024C56F.out, proofs/SIG_TLS_0024C56F.out and proofs/PK_TLS_0024C56F.der
Signature verification succeeds
[TLS] Server time: 1619696110
[TLS] client_random  (32): D067EBE6EBBD6F966DDA4C1A73296DCBB36481FF3B0D74305600A9A0BDA7AE9A
[TLS] sign_hash (32): 1F8208427F80B17745D1755C9965216F7FAE2AB687480B66148A894F6328BAF8
[TLS] Written transcript to proofs/MSG_TLS_D067EBE6.out, proofs/SIG_TLS_D067EBE6.out and proofs/PK_TLS_D067EBE6.der
Signature verification succeeds
[TLS] Server time: 1619696110
[TLS] client_random  (32): 95EB0203981CA88B1049D12F26452091FBF9843559412E3B326FE532CA03F9E9
[TLS] sign_hash (32): 57022955EEF71E7B709047F9AD0618D5532386ED68840B025551AF1961A8E734
[TLS] Written transcript to proofs/MSG_TLS_95EB0203.out, proofs/SIG_TLS_95EB0203.out and proofs/PK_TLS_95EB0203.der
Signature verification succeeds
[TLS] Server time: 1619696110
[TLS] client_random  (32): 7066481373BCAE49B11BD26E359F65E3A7495A7402C037104B05D34945545DBB
[TLS] sign_hash (32): 907EA54CAA13E5CA2ECFCF76A81588E6CE602EB82142E536E5992710BBE36798
[TLS] Written transcript to proofs/MSG_TLS_70664813.out, proofs/SIG_TLS_70664813.out and proofs/PK_TLS_70664813.der
Signature verification succeeds
[TLS] Server time: 1619696110
[TLS] client_random  (32): 5B2D88D5D304280CF632845EC1ED5DE06204EDF3CB2151C259DCAFFA2D83664A
[TLS] sign_hash (32): 07B5E71599DD238B82F1DEE056E2B3625F5C005CE2DB93136334F0CB4EAF8C8E
[TLS] Written transcript to proofs/MSG_TLS_5B2D88D5.out, proofs/SIG_TLS_5B2D88D5.out and proofs/PK_TLS_5B2D88D5.der
Signature verification succeeds
[TLS] Server time: 1619696110
[TLS] client_random  (32): 93745E43C2181679E375983BD89DFD683EC67C733C48C868468C61957E8BF315
[TLS] sign_hash (32): 33B9DF5ADD9C4CFB111FB5915B5DA29294F3CE8335D31ADE964ECC584216279F
[TLS] Written transcript to proofs/MSG_TLS_93745E43.out, proofs/SIG_TLS_93745E43.out and proofs/PK_TLS_93745E43.der
Signature verification succeeds
[TLS] Server time: 1619696110
[TLS] client_random  (32): 985299D747C2C579F15E8F375DB75CBB5B58AF9407F7ACC81C42870D3375B163
[TLS] sign_hash (32): A3504BE9E343C21A43D5C463B6BAD010671FCEC05F9013878127A09F573B8A87
[TLS] Written transcript to proofs/MSG_TLS_985299D7.out, proofs/SIG_TLS_985299D7.out and proofs/PK_TLS_985299D7.der
Signature verification succeeds
[TLS] Server time: 1619696110
[TLS] client_random  (32): 77FDC2E7FEFF38CA1C02CE3D10E35ADC3AFB7654E40A49A81D1183A653AACB82
[TLS] sign_hash (32): 364CE55E1F2B5D8649CAE5C8C54CE441EA53D9F72964F8DA346339F2C06ACA9B
[TLS] Written transcript to proofs/MSG_TLS_77FDC2E7.out, proofs/SIG_TLS_77FDC2E7.out and proofs/PK_TLS_77FDC2E7.der
Signature verification succeeds
[TLS] Server time: 1619696110
[TLS] client_random  (32): 7DB0C3C6DA997FABA8E51B55DE0F5BA6629A0AA87018C61078660C70B793BBD2
[TLS] sign_hash (32): E9548CB56F7A5FFB4AD68E139F23784BDA08BAC9845D66A40DCBE4225C797327
[TLS] Written transcript to proofs/MSG_TLS_7DB0C3C6.out, proofs/SIG_TLS_7DB0C3C6.out and proofs/PK_TLS_7DB0C3C6.der
Signature verification succeeds
[TLS] Server time: 1619696110
[TLS] client_random  (32): A741CF3E94B14AD7F5DC8D51AFE26CCBDF89F96DB37E6808C189E272FC3ABE1B
[TLS] sign_hash (32): 70E58FFE6D3F7D227E50454E55530C9C65154C59426E3793C65D4E9E64602572
[TLS] Written transcript to proofs/MSG_TLS_A741CF3E.out, proofs/SIG_TLS_A741CF3E.out and proofs/PK_TLS_A741CF3E.der
Signature verification succeeds
[TLS] Server time: 1619696110
[TLS] client_random  (32): 8DA618836454DB736C0C72A8DE40D11ED9DC082E7B200C4038C972D72FE0FF59
[TLS] sign_hash (32): 8C1D8E72B698ACB10979ECA10C853251CBA462233C62769B78DFAAABC44F3C40
[TLS] Written transcript to proofs/MSG_TLS_8DA61883.out, proofs/SIG_TLS_8DA61883.out and proofs/PK_TLS_8DA61883.der
Signature verification succeeds
[TLS] Server time: 1619696110
[TLS] client_random  (32): 5AA143405FA44C1A3DCD508D14E4271F5EAE6AEE554877A6E81987DF8535B37B
[TLS] sign_hash (32): B089A460A0ABD57D51365C353D439538BF5C1F3C581AF7FC29195B36CACAEF54
[TLS] Written transcript to proofs/MSG_TLS_5AA14340.out, proofs/SIG_TLS_5AA14340.out and proofs/PK_TLS_5AA14340.der
Signature verification succeeds
[TLS] Server time: 1619696110
[TLS] client_random  (32): 9010B879197E0A3906029B708819B270D4B439D2C18635D88423791C36BF8328
[TLS] sign_hash (32): 2E2935C9AC6C0C1F8925CDE6B7EDC58FD819F92359F280548BE38764A2B1EE93
[TLS] Written transcript to proofs/MSG_TLS_9010B879.out, proofs/SIG_TLS_9010B879.out and proofs/PK_TLS_9010B879.der
Signature verification succeeds
[TLS] Server time: 1619696110
[TLS] client_random  (32): 8F64DC0CA301FA5F0823D0517293EE79986617C4C420C1F890DE269BAE3FA470
[TLS] sign_hash (32): 27FCB4542C11AE2B4F99199D7E4FD74F027BDB53B152A923298ED1E91E3D466C
[TLS] Written transcript to proofs/MSG_TLS_8F64DC0C.out, proofs/SIG_TLS_8F64DC0C.out and proofs/PK_TLS_8F64DC0C.der
Signature verification succeeds
[TLS] Server time: 1619696110
[TLS] client_random  (32): 109031165FC12E9D9EFBCA32B28A9D0B54377E89129C61BA3279CE99E05AFC7F
[TLS] sign_hash (32): 8A5B0BF5F38D7BA7E55D6B2D2003153CA879F8F2D8E64818A0210011073F3CAD
[TLS] Written transcript to proofs/MSG_TLS_10903116.out, proofs/SIG_TLS_10903116.out and proofs/PK_TLS_10903116.der
Signature verification succeeds
[TLS] Server time: 1619696110
[TLS] client_random  (32): 7FFA335BE0FB366C25EAF367A4553D334CA67FAFEE0697FA19EE1632933AC452
[TLS] sign_hash (32): 00ABC85019540DCB297C9B9E8CAB1BFC68DB14F5FD8BA9B91738B529642E7A07
[TLS] Written transcript to proofs/MSG_TLS_7FFA335B.out, proofs/SIG_TLS_7FFA335B.out and proofs/PK_TLS_7FFA335B.der
Signature verification succeeds
[TLS] Server time: 1619696110
[TLS] client_random  (32): E19C77E580D9ACE00A4C2068506F90FC5E90DA8AFB8DE7CBC035ABF93F77A7E7
[TLS] sign_hash (32): 498DAACE90FC688F20B2B4D50AF81746173D934B83E57D47DFB317E150034AC3
[TLS] Written transcript to proofs/MSG_TLS_E19C77E5.out, proofs/SIG_TLS_E19C77E5.out and proofs/PK_TLS_E19C77E5.der
Signature verification succeeds
[TLS] Server time: 1619696110
[TLS] client_random  (32): 224B883D6B51E5F9039D41E986DF0E539BE8CA305067B2F99FAE8B425C0343FE
[TLS] sign_hash (32): 4F028F4BE67CB1BC37A222CAEB27CF1FA0DD9B174A9D699C93BD3F3B07156B4E
[TLS] Written transcript to proofs/MSG_TLS_224B883D.out, proofs/SIG_TLS_224B883D.out and proofs/PK_TLS_224B883D.der
Signature verification succeeds
[TLS] Server time: 1619696110
[TLS] client_random  (32): 0D19F7EBFD322C791D0B10F312BD3D972DEEBE67E456E1345BC67A7C5835BEAD
[TLS] sign_hash (32): EF4B88856447F44EC496FF17898726ED51C80CEA8DAB07E112EA13AEF9BDCA59
[TLS] Written transcript to proofs/MSG_TLS_0D19F7EB.out, proofs/SIG_TLS_0D19F7EB.out and proofs/PK_TLS_0D19F7EB.der
Signature verification succeeds
[TLS] Server time: 1619696110
[TLS] client_random  (32): E869631611DE0F4BC912CDB9EFD8E2B21737462ABEC6845B1BFBFF1B55480537
[TLS] sign_hash (32): 2045367BDF1A7F9C66A14870848A1352E3AB6B347F022B2201C3D869894E14EE
[TLS] Written transcript to proofs/MSG_TLS_E8696316.out, proofs/SIG_TLS_E8696316.out and proofs/PK_TLS_E8696316.der
Signature verification succeeds
[TLS] Server time: 1619696110
[TLS] client_random  (32): F513432FC788812F20E9A6717C7F0C60909A0B298773E539659FC4074C870FCA
[TLS] sign_hash (32): 1FC1AC2B22EACBE638F671FFB2461B73133E7F6B5340978B06A2715F3B51D34C
[TLS] Written transcript to proofs/MSG_TLS_F513432F.out, proofs/SIG_TLS_F513432F.out and proofs/PK_TLS_F513432F.der
Signature verification succeeds
[TLS] Server time: 1619696110
[TLS] client_random  (32): 8B1D15E7823175258BEDAA441D43410F10B0CDE9EEC269A4D346FF16C3F2F90F
[TLS] sign_hash (32): BD1D3A6A8B092BB565360AF2C403A4CE58BA01905122FC09A1E1826936CEBE49
[TLS] Written transcript to proofs/MSG_TLS_8B1D15E7.out, proofs/SIG_TLS_8B1D15E7.out and proofs/PK_TLS_8B1D15E7.der
Signature verification succeeds
[TLS] Server time: 1619696110
[TLS] client_random  (32): 6308F21FAC4CC66E8A4F2C4755D0A933A80B6D4D55601499AC225A1AAC5DA3E6
[TLS] sign_hash (32): 5A28B9C285308E2DBB51FE34985F9B52003B202E9E6F7690C1FE46E4400333B3
[TLS] Written transcript to proofs/MSG_TLS_6308F21F.out, proofs/SIG_TLS_6308F21F.out and proofs/PK_TLS_6308F21F.der
Signature verification succeeds
[TLS] Server time: 1619696110
[TLS] client_random  (32): 9E730CFDCB18671845C36D2E49B239A903AB60231F4A5D2992C65E44382E9DA4
[TLS] sign_hash (32): 44ACF1C2069FCB1C8725C6178C0CA3AA7515969C06D9C385370F360771B78B4F
[TLS] Written transcript to proofs/MSG_TLS_9E730CFD.out, proofs/SIG_TLS_9E730CFD.out and proofs/PK_TLS_9E730CFD.der
Signature verification succeeds
[TLS] Server time: 1619696110
[TLS] client_random  (32): 9AFEC42F4444EECD5EDC883943DA60881DE1A126C5B651DC5638082EC1A6EEC1
[TLS] sign_hash (32): C9B997A5CCB9EE164D5716A3F1282F67B1D182C6941ABFE258402309E885A9DC
[TLS] Written transcript to proofs/MSG_TLS_9AFEC42F.out, proofs/SIG_TLS_9AFEC42F.out and proofs/PK_TLS_9AFEC42F.der
Signature verification succeeds
[TLS] Server time: 1619696110
[TLS] client_random  (32): 2CB6746576BE5E602D894015DB9F14AECE4105F46FECCA11D3CACEBE75066E40
[TLS] sign_hash (32): 8C20530F19673FCFAEE05123FC016A3DDAA758E6C7186CA7B9A90364BB935A08
[TLS] Written transcript to proofs/MSG_TLS_2CB67465.out, proofs/SIG_TLS_2CB67465.out and proofs/PK_TLS_2CB67465.der
Signature verification succeeds
[TLS] Server time: 1619696110
[TLS] client_random  (32): E4C5925387E3BF901593064251CFA48F74FB22F8AAB71C53747317143F49E8A5
[TLS] sign_hash (32): F8AD66AE8FA890665B85CA87E92705EFB8D85233757F3EC5A425E6D86C339EDA
[TLS] Written transcript to proofs/MSG_TLS_E4C59253.out, proofs/SIG_TLS_E4C59253.out and proofs/PK_TLS_E4C59253.der
Signature verification succeeds
[TLS] Server time: 1619696110
[TLS] client_random  (32): AF89B2CF3AF7CB2C2ADC07BCDE16C5547D395D6B1E7F401AE815F2BBAD4175F6
[TLS] sign_hash (32): C27491C35A3C163C95EBBAB0E124425ECA334B44EF1BA5CBA66D6129F82C0BCF
[TLS] Written transcript to proofs/MSG_TLS_AF89B2CF.out, proofs/SIG_TLS_AF89B2CF.out and proofs/PK_TLS_AF89B2CF.der
Signature verification succeeds
[TLS] Server time: 1619696110
[TLS] client_random  (32): 8BF72AD04DF0B4D2AA7B24F25790158D18BAB214E8034160C9020D40F8E0E279
[TLS] sign_hash (32): B8F65542567BAE4892CBC469D676744FFF84AD0A9B568A5446EC69B7B2054281
[TLS] Written transcript to proofs/MSG_TLS_8BF72AD0.out, proofs/SIG_TLS_8BF72AD0.out and proofs/PK_TLS_8BF72AD0.der
Signature verification succeeds
[TLS] Server time: 1619696110
[TLS] client_random  (32): BBA4AF14CEF8A7823F6D9024AD63F4CECC3516B29A43A494028E79C5973BF2F9
[TLS] sign_hash (32): 490BD1AC77C63F463D274CF0817F18E95EFA86DECBC63D178D5ED1591018075C
[TLS] Written transcript to proofs/MSG_TLS_BBA4AF14.out, proofs/SIG_TLS_BBA4AF14.out and proofs/PK_TLS_BBA4AF14.der
Signature verification succeeds
[TLS] Server time: 1619696110
[TLS] client_random  (32): 607C3DFA0A65B9592E836F9FBD28D68C400AA946C72D424D49FAD203A4BDADE4
[TLS] sign_hash (32): 22CB5FCC33AB0E796D90DC4A91B080EFDFDD369191701A9BBA39429522371F28
[TLS] Written transcript to proofs/MSG_TLS_607C3DFA.out, proofs/SIG_TLS_607C3DFA.out and proofs/PK_TLS_607C3DFA.der
Signature verification succeeds
[TLS] Server time: 1619696110
[TLS] client_random  (32): 34322BFE23C4DBCB44E63070B58F0FE0BC4AC822F320E522CA2B11D5F8BED71B
[TLS] sign_hash (32): F33B4ABA51BC45CAFD4DE8EB7A1D1DA159FDF56767BE7B51FD90C6C16D3FABBE
[TLS] Written transcript to proofs/MSG_TLS_34322BFE.out, proofs/SIG_TLS_34322BFE.out and proofs/PK_TLS_34322BFE.der
Signature verification succeeds
[TLS] Server time: 1619696110
[TLS] client_random  (32): 95C8D2E8F0A4255225C9FD19FE0401A13341502C768104D7103FDBE487E0B2DC
[TLS] sign_hash (32): 0B3220EC40F80E3AB223B37C98AFFA98B403E2C2FEA0726D83E35FD354EFF593
[TLS] Written transcript to proofs/MSG_TLS_95C8D2E8.out, proofs/SIG_TLS_95C8D2E8.out and proofs/PK_TLS_95C8D2E8.der
Signature verification succeeds
[TLS] Server time: 1619696110
[TLS] client_random  (32): 5C039C36DD67CBEF4D0E836E9CA7F66B8AA2FE925E6E6C60EA93CB71A04CB103
[TLS] sign_hash (32): 2889E1A6BED43F981A42443826226ADCED892EA55B83762294F071BDF216D57F
[TLS] Written transcript to proofs/MSG_TLS_5C039C36.out, proofs/SIG_TLS_5C039C36.out and proofs/PK_TLS_5C039C36.der
Signature verification succeeds
[TLS] Server time: 1619696110
[TLS] client_random  (32): 4026EC7ABD89F4E4A4DD682515FC43E169691BEEEBB823B94978CC6A27186478
[TLS] sign_hash (32): 8F2E5902EED73EAFE1658659268535545A40FCADF651D791A38C5B19079D3EB1
[TLS] Written transcript to proofs/MSG_TLS_4026EC7A.out, proofs/SIG_TLS_4026EC7A.out and proofs/PK_TLS_4026EC7A.der
Signature verification succeeds
[TLS] Server time: 1619696110
[TLS] client_random  (32): 6182D79F8C6FE19C207B22ED59D1016F7C8720DBDF89B105D777EC126D33B946
[TLS] sign_hash (32): 45C76423B9393E03FC3BA80814D159C257168065506601C6BE42560CD06E88E4
[TLS] Written transcript to proofs/MSG_TLS_6182D79F.out, proofs/SIG_TLS_6182D79F.out and proofs/PK_TLS_6182D79F.der
Signature verification succeeds
[TLS] Server time: 1619696110
[TLS] client_random  (32): 78E68909A3FB26915CBE8C156AA94B9F0C08C0947849B0DFD8D349A06EE22315
[TLS] sign_hash (32): 5F9A49ACF992173225082A1595E7A914D4DCA82D3E44BE54B6CDDE931AC7FA29
[TLS] Written transcript to proofs/MSG_TLS_78E68909.out, proofs/SIG_TLS_78E68909.out and proofs/PK_TLS_78E68909.der
Signature verification succeeds
[TLS] Server time: 1619696110
[TLS] client_random  (32): 3F5FCCFC39545E1A1EC2E35BBD90E459908B6854FE177257FB3108EA94E2F302
[TLS] sign_hash (32): FBB7A5664B083A1F47DA4A1401611853E4AC40E7F5BE66FBFE6CF079A3A4EBD5
[TLS] Written transcript to proofs/MSG_TLS_3F5FCCFC.out, proofs/SIG_TLS_3F5FCCFC.out and proofs/PK_TLS_3F5FCCFC.der
Signature verification succeeds
[TLS] Server time: 1619696110
[TLS] client_random  (32): FB11922E1BF547B4C316644207591E44738FD19799ED7BFD6994BA9B9E124455
[TLS] sign_hash (32): 7E19A8CAE2D9F561682AA359580CD48C64C5C6709146C565182BA55C1B9796F9
[TLS] Written transcript to proofs/MSG_TLS_FB11922E.out, proofs/SIG_TLS_FB11922E.out and proofs/PK_TLS_FB11922E.der
Signature verification succeeds
[TLS] Server time: 1619696110
[TLS] client_random  (32): C1B402A512195FAF3B32DE6E0876EC946250BE36E7E81B27EDBF8F0194FABB88
[TLS] sign_hash (32): DAC7E777AED1E22DFD1F3A8BF9741B5A3AA85D21C96E904B73DD2C7409BFD8F3
[TLS] Written transcript to proofs/MSG_TLS_C1B402A5.out, proofs/SIG_TLS_C1B402A5.out and proofs/PK_TLS_C1B402A5.der
Signature verification succeeds
[TLS] Server time: 1619696111
[TLS] client_random  (32): 04C0481E3602319C76E68DA66B3EBB98E86E59C5E67DB6FB13B18651BC3FB722
[TLS] sign_hash (32): 7B03137A0EB5906CD282F990E3F9A6E4F5D89A38AADB1395DD93E30269870A0E
[TLS] Written transcript to proofs/MSG_TLS_04C0481E.out, proofs/SIG_TLS_04C0481E.out and proofs/PK_TLS_04C0481E.der
Signature verification succeeds
[TLS] Server time: 1619696111
[TLS] client_random  (32): 269C8E8A7D3EA7E44A3898A7C2ABEAE1E380F894E24F4D0E81CBE1DB58CB7DDA
[TLS] sign_hash (32): DCA134A23E991E2632F3A0BA2845EE49E35F75293BE97DA677834BFE6D22916A
[TLS] Written transcript to proofs/MSG_TLS_269C8E8A.out, proofs/SIG_TLS_269C8E8A.out and proofs/PK_TLS_269C8E8A.der
Signature verification succeeds
[TLS] Server time: 1619696111
[TLS] client_random  (32): A72BEDE88D4A8281AB12C6B788286121CAE09C6D87A5D13BA9B6A5E4AF0F478D
[TLS] sign_hash (32): CAF6FA22701D356E0900E5DA720185F12663BD5523EA65E5943B27B7BC4578D7
[TLS] Written transcript to proofs/MSG_TLS_A72BEDE8.out, proofs/SIG_TLS_A72BEDE8.out and proofs/PK_TLS_A72BEDE8.der
Signature verification succeeds
[TLS] Server time: 1619696111
[TLS] client_random  (32): 7A4B25A49FF2B13962043DF50C01BFE97C56C50888276602FC634BB6343E7A75
[TLS] sign_hash (32): 7243797148ED6246FC45AB6422714F2C4CB0127E85993432BD43D4CBFC09BD71
[TLS] Written transcript to proofs/MSG_TLS_7A4B25A4.out, proofs/SIG_TLS_7A4B25A4.out and proofs/PK_TLS_7A4B25A4.der
Signature verification succeeds
[TLS] Server time: 1619696111
[TLS] client_random  (32): 23EA47BD91475F8FC14BCE20C10115C8E7E6B776BBEFB3FBAEEDDB6FEA7585BA
[TLS] sign_hash (32): 956A37499C306060A4EEA8018FA03996DA61DA0030B0672495F11D1A55A51AE9
[TLS] Written transcript to proofs/MSG_TLS_23EA47BD.out, proofs/SIG_TLS_23EA47BD.out and proofs/PK_TLS_23EA47BD.der
Signature verification succeeds
[TLS] Server time: 1619696111
[TLS] client_random  (32): A5CD9C403D800770A1B48D903C28604143444BFB6F88A0D6DE0F48B307713F69
[TLS] sign_hash (32): EC2C6CE5BDCD5DD50773EC46205248F497F4B37E27DC49F0A431EE30D050A8E4
[TLS] Written transcript to proofs/MSG_TLS_A5CD9C40.out, proofs/SIG_TLS_A5CD9C40.out and proofs/PK_TLS_A5CD9C40.der
Signature verification succeeds
[TLS] Server time: 1619696111
[TLS] client_random  (32): A388244F4598E01FB097433BA0C8E5941D5BFB24A02FD6F2DC76AFC49D83C3AD
[TLS] sign_hash (32): AE7192028793C04BBF716696156CEA2365C5A7CF817F03C327C4AFCE750C58A6
[TLS] Written transcript to proofs/MSG_TLS_A388244F.out, proofs/SIG_TLS_A388244F.out and proofs/PK_TLS_A388244F.der
Signature verification succeeds
[TLS] Server time: 1619696111
[TLS] client_random  (32): B1CA4DABCDD737DBF732ADE46EDD1C90C784B0ACAD4FD348F40BF17D5B6B5641
[TLS] sign_hash (32): 208C36C10BA138AEAD5A4F805EFAFB1437691955BFB6D9DA65B0E82F012BD8C9
[TLS] Written transcript to proofs/MSG_TLS_B1CA4DAB.out, proofs/SIG_TLS_B1CA4DAB.out and proofs/PK_TLS_B1CA4DAB.der
Signature verification succeeds
[TLS] Server time: 1619696111
[TLS] client_random  (32): 41E58E70F8BAE64EF7F6393980654071BD66E719871E014B9283A7C1AED2191B
[TLS] sign_hash (32): 9845578C984137B7B3DEB0BA8D136E9B87540C752A7851A10D8E417F6D77BD22
[TLS] Written transcript to proofs/MSG_TLS_41E58E70.out, proofs/SIG_TLS_41E58E70.out and proofs/PK_TLS_41E58E70.der
Signature verification succeeds
[TLS] Server time: 1619696111
[TLS] client_random  (32): 24E372641704CFD9E97FC1A78AE80355AA871650DD2C3F41341DCDC9133743CD
[TLS] sign_hash (32): 24D4F50659BA5957B2066A4B07A142D207A0A0FD15DE1C0ADF4C676C3A92A44B
[TLS] Written transcript to proofs/MSG_TLS_24E37264.out, proofs/SIG_TLS_24E37264.out and proofs/PK_TLS_24E37264.der
Signature verification succeeds
[TLS] Server time: 1619696111
[TLS] client_random  (32): 4D82009C48B955E1D233F6F977FD28D2372D5DFFF1C3993350E2DB674BB5BA98
[TLS] sign_hash (32): 3A5974A742570B9813E13DF77AB2F6BFA2191F241EF29FAD626281089863DCD7
[TLS] Written transcript to proofs/MSG_TLS_4D82009C.out, proofs/SIG_TLS_4D82009C.out and proofs/PK_TLS_4D82009C.der
Signature verification succeeds
[TLS] Server time: 1619696111
[TLS] client_random  (32): E426EA8DF4FE2D9F7AD34EBB57AB97FECB58574592376D133C71C850623A23B7
[TLS] sign_hash (32): 029EAE0BCCEFDD0C23E463E4234A7558BE3A9CA31DCCFD44F89FF236C5F79A3E
[TLS] Written transcript to proofs/MSG_TLS_E426EA8D.out, proofs/SIG_TLS_E426EA8D.out and proofs/PK_TLS_E426EA8D.der
Signature verification succeeds
[TLS] Server time: 1619696111
[TLS] client_random  (32): B8AAB7A1F7EAF3EBEC2D213249C047F90DD48CE7BE531ACA31D6502853D2A312
[TLS] sign_hash (32): 59A5CCAA36ADE7014F69F0EFA6CB894AFEC229DD2A10DBED11E83B6D277EA042
[TLS] Written transcript to proofs/MSG_TLS_B8AAB7A1.out, proofs/SIG_TLS_B8AAB7A1.out and proofs/PK_TLS_B8AAB7A1.der
Signature verification succeeds
[TLS] Server time: 1619696111
[TLS] client_random  (32): ED294E6FD51EDB4EAA3F2D538430F1621321112731AD574E573B064E1F126292
[TLS] sign_hash (32): DC41CB28488F94A7589E6B5CAE0033971E72B13313CC6FC8EEBC6F04F42CF49E
[TLS] Written transcript to proofs/MSG_TLS_ED294E6F.out, proofs/SIG_TLS_ED294E6F.out and proofs/PK_TLS_ED294E6F.der
Signature verification succeeds
[TLS] Server time: 1619696111
[TLS] client_random  (32): 04988E210210C29A4FB88A14C090566259C962F72DD3175476A807BE01083759
[TLS] sign_hash (32): 3AE4D8FB8E6B28BC8947FA878C64ABB61016914E3EFA391B0198795B10C00A61
[TLS] Written transcript to proofs/MSG_TLS_04988E21.out, proofs/SIG_TLS_04988E21.out and proofs/PK_TLS_04988E21.der
Signature verification succeeds
[TLS] Server time: 1619696111
[TLS] client_random  (32): 6628B15FAE5FBDA7A991FB5CF0CAF584C45B7ECA9BDF3E2000F5500052818509
[TLS] sign_hash (32): 9F24A6BCFF0A517E3ABACB0F345844EE73F6509199E0BA5FE853CCB72F041E7F
[TLS] Written transcript to proofs/MSG_TLS_6628B15F.out, proofs/SIG_TLS_6628B15F.out and proofs/PK_TLS_6628B15F.der
Signature verification succeeds
[TLS] Server time: 1619696111
[TLS] client_random  (32): 7F43530066C9F8959C76807AAD0FAE11E9DB0CCA6FA7F1D3B436EE382C32C514
[TLS] sign_hash (32): 9D9E2B1E5F87534666D9AFE72F94E6828179DC81B44706A9FD0CC008E36CCD28
[TLS] Written transcript to proofs/MSG_TLS_7F435300.out, proofs/SIG_TLS_7F435300.out and proofs/PK_TLS_7F435300.der
Signature verification succeeds
[TLS] Server time: 1619696111
[TLS] client_random  (32): 88D7C515EB6362D10EED61B29E922EAA72CCE9A1BE000BDAFCDF98D01E8F292A
[TLS] sign_hash (32): E4CD5ADDF6396952A7D76C075A01E27D95CEE7DA489C0FAA0782DB7DFA47DF97
[TLS] Written transcript to proofs/MSG_TLS_88D7C515.out, proofs/SIG_TLS_88D7C515.out and proofs/PK_TLS_88D7C515.der
Signature verification succeeds
[TLS] Server time: 1619696111
[TLS] client_random  (32): B6B12D0E47E2E0E371C6BA2EE6299775642847E0F7C28713D327988BD65048A1
[TLS] sign_hash (32): 25200861BC04002726B3966766B8F08314E86221950F9CE80ED62B2BD651AF49
[TLS] Written transcript to proofs/MSG_TLS_B6B12D0E.out, proofs/SIG_TLS_B6B12D0E.out and proofs/PK_TLS_B6B12D0E.der
Signature verification succeeds
[TLS] Server time: 1619696111
[TLS] client_random  (32): 7A447EFCD7EC1C5F64D47CBF5360A3270E639B1F9BCB2392482F79E2A6620711
[TLS] sign_hash (32): 6D00AB2EF281A22A350F658F55C30D3A89764463F824569378ACBCD0A8AD7F23
[TLS] Written transcript to proofs/MSG_TLS_7A447EFC.out, proofs/SIG_TLS_7A447EFC.out and proofs/PK_TLS_7A447EFC.der
Signature verification succeeds
[TLS] Server time: 1619696111
[TLS] client_random  (32): D23FFEA2E01DF1955E9CA4293439804DCD337E45B0221D9C5E6124B123EC2008
[TLS] sign_hash (32): C05808ACC484CCD6AFF1ED96950A85B83CB1799C2C26F61B1CB4D9D6959D6127
[TLS] Written transcript to proofs/MSG_TLS_D23FFEA2.out, proofs/SIG_TLS_D23FFEA2.out and proofs/PK_TLS_D23FFEA2.der
Signature verification succeeds
Time breakdown (averages): anchor_ping:16.452399 file_read:0.153614 hashing:0.470761
Total time for 71 rounds is 1228.908005ms
Standard deviations: anchor_ping:4.174247 file_read:0.015154 hashing:0.004823
[Client-side ops] mean:0.624375 sd:0.016111
in & out anchor rand written to proofs/phase1.out
     51 [TLS] Server time: 1619696110
     21 [TLS] Server time: 1619696111
Count is 51
Count is 21
success: 1
RESULT: 1 in 2 tries
