TLS anchor: www.sunysuffolk.edu
Actual: 34, Set: 71
Beginning execution at Tue May 4 20:05:01 UTC 2021
CONF: anchor:www.sunysuffolk.edu fs:1024MB n_rounds:71 seed:5c9f4bf9bbc15bb855f82faedc5a52fc3ab2dfa8ec3ba3ce1b270f31fa0cced2 filename:FILE bs:1024 nops:100 benchmarking:0 anchor_ping:1 queue_depth:32 direct:0
[TLS] Connecting to www.sunysuffolk.edu
[TLS] Server time: 1620158700
[TLS] client_random  (32): 5C9F4BF9BBC15BB855F82FAEDC5A52FC3AB2DFA8EC3BA3CE1B270F31FA0CCED2
[TLS] sign_hash (32): 1442C6CA5CAA7F89959E1B8BE84B0E241DB6819614C122D54CDE655F919FA6A8
[TLS] Written transcript to proofs/MSG_TLS_5C9F4BF9.out, proofs/SIG_TLS_5C9F4BF9.out and proofs/PK_TLS_5C9F4BF9.der
Signature verification succeeds
[TLS] Server time: 1620158700
[TLS] client_random  (32): DC8A01E537A0644CC2E25CD85F36537BB458C41981C4A88571BEEC09E4E9AA97
[TLS] sign_hash (32): 06FEC61B8EBBA6AB46AF1A624FA3D4D038957A97525950BD2437F6B939686381
[TLS] Written transcript to proofs/MSG_TLS_DC8A01E5.out, proofs/SIG_TLS_DC8A01E5.out and proofs/PK_TLS_DC8A01E5.der
Signature verification succeeds
[TLS] Server time: 1620158700
[TLS] client_random  (32): 852D70E6FA3F51484313C9D9E765234025D69B0750C932EA3DF1FC8EC34D3A9C
[TLS] sign_hash (32): 9DC676555E73C7CCC97B1ECEAC3D8405958807639D0656B65621BACFDAF68645
[TLS] Written transcript to proofs/MSG_TLS_852D70E6.out, proofs/SIG_TLS_852D70E6.out and proofs/PK_TLS_852D70E6.der
Signature verification succeeds
[TLS] Server time: 1620158700
[TLS] client_random  (32): 315D41376C4B4ED8E68BC8DB597099661A4FF39DF2FD23587EC6F65B7BCEE031
[TLS] sign_hash (32): 7BC34151A44531CA496B3F99F03142CB43CA65D114E2755C069B8DB7146194AD
[TLS] Written transcript to proofs/MSG_TLS_315D4137.out, proofs/SIG_TLS_315D4137.out and proofs/PK_TLS_315D4137.der
Signature verification succeeds
[TLS] Server time: 1620158700
[TLS] client_random  (32): E1E4B5F9E96E95838450D15EDCB9DAA2956058AEC2219F1EC798B144FDB02384
[TLS] sign_hash (32): 4113807D3E5438CC340BBE410C98CC3A0A12EBDB239EF6898E3FFE72F585B3A4
[TLS] Written transcript to proofs/MSG_TLS_E1E4B5F9.out, proofs/SIG_TLS_E1E4B5F9.out and proofs/PK_TLS_E1E4B5F9.der
Signature verification succeeds
[TLS] Server time: 1620158701
[TLS] client_random  (32): 2705067F634CE6096ACD68265D6C92EF63266F29E9F51F72CCD73531B50CB244
[TLS] sign_hash (32): 4237BFEA6FE7C4264FBEDE4540BBD9D69FB30FE356E68F6548CFEAA9C4D9A0BF
[TLS] Written transcript to proofs/MSG_TLS_2705067F.out, proofs/SIG_TLS_2705067F.out and proofs/PK_TLS_2705067F.der
Signature verification succeeds
[TLS] Server time: 1620158701
[TLS] client_random  (32): 898D39DFFA67B5D0A575F298BB70B4BF2A6FF4B4F7D8D8DCCBCBB48A6681CEE4
[TLS] sign_hash (32): 7A5B3CF640DDF3A5AA84233EE4CBC19E539949688E8EA26FE376FF4FE8610354
[TLS] Written transcript to proofs/MSG_TLS_898D39DF.out, proofs/SIG_TLS_898D39DF.out and proofs/PK_TLS_898D39DF.der
Signature verification succeeds
[TLS] Server time: 1620158701
[TLS] client_random  (32): 4FB413A7A9BAD87784DF37BB18DF9F002ECADB37BA4C291C501E965E165D6D80
[TLS] sign_hash (32): 10F2FB4E5756A5DDBC73CBC65624E57035075D18826EB9E220C2D228DF02E080
[TLS] Written transcript to proofs/MSG_TLS_4FB413A7.out, proofs/SIG_TLS_4FB413A7.out and proofs/PK_TLS_4FB413A7.der
Signature verification succeeds
[TLS] Server time: 1620158701
[TLS] client_random  (32): 72DF27D3276AD7E3AC4CC49CF6019FDAD00AF50A972306586A514C845ABF7F28
[TLS] sign_hash (32): 0820F42A7BDE14EC1E9390FFF476CA8C76AEC81FEB4F8F829DD4EFF8DBCCA1B7
[TLS] Written transcript to proofs/MSG_TLS_72DF27D3.out, proofs/SIG_TLS_72DF27D3.out and proofs/PK_TLS_72DF27D3.der
Signature verification succeeds
[TLS] Server time: 1620158701
[TLS] client_random  (32): 7C0C38456B3F47D34CC0343990D3749FE5914BE89E6ABA25D9AA3CF0094E4204
[TLS] sign_hash (32): 237C778CDF23D5B0377931555AFBCEA28E6BC12D377AD30B3EEBE1CE18524F7A
[TLS] Written transcript to proofs/MSG_TLS_7C0C3845.out, proofs/SIG_TLS_7C0C3845.out and proofs/PK_TLS_7C0C3845.der
Signature verification succeeds
[TLS] Server time: 1620158701
[TLS] client_random  (32): 1AC96C936A7CCE5D79EE39F67BFF0934922EA4038635996F4E85B6BF66B1CBE0
[TLS] sign_hash (32): 375D5605237DFB5016C7A968C3D30761D5F5951D9F608BF919C4356646BBAE40
[TLS] Written transcript to proofs/MSG_TLS_1AC96C93.out, proofs/SIG_TLS_1AC96C93.out and proofs/PK_TLS_1AC96C93.der
Signature verification succeeds
[TLS] Server time: 1620158701
[TLS] client_random  (32): B7572265014BD8349056D7CF8BBD51AADCBB2C10E1732FFC62B3BB1374ACAF86
[TLS] sign_hash (32): 0A384E2263B3DC537FD922F94DFE8513436F6A19825FBCD788BD2B3ED17D77F3
[TLS] Written transcript to proofs/MSG_TLS_B7572265.out, proofs/SIG_TLS_B7572265.out and proofs/PK_TLS_B7572265.der
Signature verification succeeds
[TLS] Server time: 1620158701
[TLS] client_random  (32): D366E3BB851B450DDD3942761FBDE37515D1388215951B096A60C7C1633D5FE1
[TLS] sign_hash (32): ACC949A38D954B881248BABC440E20F9987FEC3885696E4D1F6AE43F234596C7
[TLS] Written transcript to proofs/MSG_TLS_D366E3BB.out, proofs/SIG_TLS_D366E3BB.out and proofs/PK_TLS_D366E3BB.der
Signature verification succeeds
[TLS] Server time: 1620158701
[TLS] client_random  (32): F1ABCBA1179CBF8F479C2E446B63B0730A0969BE008AD15F4340B04679A169B9
[TLS] sign_hash (32): DE4A8542B461E13C557526B8348FA0B6635A090C4E53F9FCB244DEDCF9C2A794
[TLS] Written transcript to proofs/MSG_TLS_F1ABCBA1.out, proofs/SIG_TLS_F1ABCBA1.out and proofs/PK_TLS_F1ABCBA1.der
Signature verification succeeds
[TLS] Server time: 1620158701
[TLS] client_random  (32): A04B92C11E6F0E1AFD6DAB381E9696EEB4669E005EB35BF1F348388E2E8569F2
[TLS] sign_hash (32): 4DA241061F062C972EF8DCB7531332410E501ACBD8558885C301691F51287593
[TLS] Written transcript to proofs/MSG_TLS_A04B92C1.out, proofs/SIG_TLS_A04B92C1.out and proofs/PK_TLS_A04B92C1.der
Signature verification succeeds
[TLS] Server time: 1620158701
[TLS] client_random  (32): 6B6336BE613B3782E90291B6EF7FCED25F1E5389C5FD086DBEAA2F7C9029F4C0
[TLS] sign_hash (32): 995BD314906271AF9C4E57F5B1AB77D9278406992DA056456D4039241E33E7EC
[TLS] Written transcript to proofs/MSG_TLS_6B6336BE.out, proofs/SIG_TLS_6B6336BE.out and proofs/PK_TLS_6B6336BE.der
Signature verification succeeds
[TLS] Server time: 1620158701
[TLS] client_random  (32): 6018F148528C64D74C6338E16DBD7FC9B53DAD68D77C7EDBBE3E69463A20DA9E
[TLS] sign_hash (32): 3943965B10ABB95E89EA4D65EE24B87BD56261F907246A6A7464F47B3C95E492
[TLS] Written transcript to proofs/MSG_TLS_6018F148.out, proofs/SIG_TLS_6018F148.out and proofs/PK_TLS_6018F148.der
Signature verification succeeds
[TLS] Server time: 1620158702
[TLS] client_random  (32): 375454E3329DFA87E65EB875BF914B35CC59455CF8C728FB6D276964DF91BEDF
[TLS] sign_hash (32): BF5018965B04DA599966A98E590388C5B7D22DB8B1CA44033318A5EF5855E06D
[TLS] Written transcript to proofs/MSG_TLS_375454E3.out, proofs/SIG_TLS_375454E3.out and proofs/PK_TLS_375454E3.der
Signature verification succeeds
[TLS] Server time: 1620158702
[TLS] client_random  (32): 9213A36F9FF89D0584427931B3C067EF8502633F103C756483CA3F82FB85B262
[TLS] sign_hash (32): FE01DEFA1E05770475FC05B6D8E55BC57A576DF75D924111CC903D1C960B18CA
[TLS] Written transcript to proofs/MSG_TLS_9213A36F.out, proofs/SIG_TLS_9213A36F.out and proofs/PK_TLS_9213A36F.der
Signature verification succeeds
[TLS] Server time: 1620158702
[TLS] client_random  (32): 3789BE5E4D752223299DB22FA75199164AD9DC9BB4FC6C18220999A156C6AFE3
[TLS] sign_hash (32): 10BA7591204CEC41B6D31C22EE8DCEF0363DFE4F9F008527CF226B463AC01F1F
[TLS] Written transcript to proofs/MSG_TLS_3789BE5E.out, proofs/SIG_TLS_3789BE5E.out and proofs/PK_TLS_3789BE5E.der
Signature verification succeeds
[TLS] Server time: 1620158703
[TLS] client_random  (32): 8F2B08B3B7D4136D4972F5D7D93E7F72538C8DF7F1CF00D0730C60C4C4777637
[TLS] sign_hash (32): 4D147CA68410006AE1EA6A2666166686D7E60576C21D4F83A7BD37A09EE5183E
[TLS] Written transcript to proofs/MSG_TLS_8F2B08B3.out, proofs/SIG_TLS_8F2B08B3.out and proofs/PK_TLS_8F2B08B3.der
Signature verification succeeds
[TLS] Server time: 1620158703
[TLS] client_random  (32): 15FC505DF5126085A9F3D98B4223E209C27E177CD0B205CE61F730EB51D944B6
[TLS] sign_hash (32): 9B044CF9F639784A377F9226B1FFC06E3E54E9BD1FBA929D18550543A57D3CDB
[TLS] Written transcript to proofs/MSG_TLS_15FC505D.out, proofs/SIG_TLS_15FC505D.out and proofs/PK_TLS_15FC505D.der
Signature verification succeeds
[TLS] Server time: 1620158703
[TLS] client_random  (32): BC760588A68E529C8DDBE3A7DB24A95AED4A7253EE1BA81E2C44393155D1F997
[TLS] sign_hash (32): D1BDA106A134C6BF7978D24CD549649F95D76DEAE00B7895DA7E6FA31A874357
[TLS] Written transcript to proofs/MSG_TLS_BC760588.out, proofs/SIG_TLS_BC760588.out and proofs/PK_TLS_BC760588.der
Signature verification succeeds
[TLS] Server time: 1620158703
[TLS] client_random  (32): 8AFA86088A0206CE3E692851C3BEF6EED709B034B1E8445195A89E5D5F62ED67
[TLS] sign_hash (32): 507C7FEAC025B332F12B47F1451D7E7A1FD6DD76BEF3FBD3CD2D256C90A1723E
[TLS] Written transcript to proofs/MSG_TLS_8AFA8608.out, proofs/SIG_TLS_8AFA8608.out and proofs/PK_TLS_8AFA8608.der
Signature verification succeeds
[TLS] Server time: 1620158704
[TLS] client_random  (32): E8775CF846E5818B797130BC0BDC9DE5425B904D316A1781371857BC04D62241
[TLS] sign_hash (32): 7CFBCE19DFD251B2E2C489B5AD59A4115C18DA12C5A75668D8EBCDCDBADF6ACA
[TLS] Written transcript to proofs/MSG_TLS_E8775CF8.out, proofs/SIG_TLS_E8775CF8.out and proofs/PK_TLS_E8775CF8.der
Signature verification succeeds
[TLS] Server time: 1620158704
[TLS] client_random  (32): 9601B64D2FAC3797B462FDD5C7D990BEAA967781B36F7AD7C8F601F1945E84E4
[TLS] sign_hash (32): 885925DB6C4941A17F3E62D19F5772835798A9D50588763523ADDD1A4AF2921C
[TLS] Written transcript to proofs/MSG_TLS_9601B64D.out, proofs/SIG_TLS_9601B64D.out and proofs/PK_TLS_9601B64D.der
Signature verification succeeds
[TLS] Server time: 1620158704
[TLS] client_random  (32): 64611356484ADCA5837D9281FEB4961487215055FB7BA2441EC897A7D44FBB91
[TLS] sign_hash (32): 3660AD2CF72608F5AE44D1A2BC263DC8865587747FBBBEFB39AC6901B7069CE0
[TLS] Written transcript to proofs/MSG_TLS_64611356.out, proofs/SIG_TLS_64611356.out and proofs/PK_TLS_64611356.der
Signature verification succeeds
[TLS] Server time: 1620158704
[TLS] client_random  (32): 83E066E49E193590B48182A93153DFE6DC445F892B730C88C29A00AD198FE368
[TLS] sign_hash (32): F0DA458A87159D5AA3BA81031559ACCF330BD2C1E78F530224A03EEA2A90B850
[TLS] Written transcript to proofs/MSG_TLS_83E066E4.out, proofs/SIG_TLS_83E066E4.out and proofs/PK_TLS_83E066E4.der
Signature verification succeeds
[TLS] Server time: 1620158704
[TLS] client_random  (32): 153B405D587EB4B23918B455F2F902B617EB00D4D9EABA3907753D4B205E25FE
[TLS] sign_hash (32): 2F9CCF81FB040093A88B4961D0002399A5C4012D84BB3C26F00CE28864BBA06D
[TLS] Written transcript to proofs/MSG_TLS_153B405D.out, proofs/SIG_TLS_153B405D.out and proofs/PK_TLS_153B405D.der
Signature verification succeeds
[TLS] Server time: 1620158704
[TLS] client_random  (32): C276C9A205496FEB8139831CFAC8A329DCC30C8E22500A16EF9608D6F2139DE3
[TLS] sign_hash (32): 6781FBC8E37A1DE07594837EE33BC4361C355055EECC5B7DAAFE40B4B5D8E61D
[TLS] Written transcript to proofs/MSG_TLS_C276C9A2.out, proofs/SIG_TLS_C276C9A2.out and proofs/PK_TLS_C276C9A2.der
Signature verification succeeds
[TLS] Server time: 1620158704
[TLS] client_random  (32): F4CFA30B1CFF3BFA3CBAF03BFFC2190AA58E6FBDDC512DF3D378ADD2E39BA73E
[TLS] sign_hash (32): CAFD48BB92B8D580EA70780CFB26B41A0D4F8979CA901DC49AF59967C7EF41A5
[TLS] Written transcript to proofs/MSG_TLS_F4CFA30B.out, proofs/SIG_TLS_F4CFA30B.out and proofs/PK_TLS_F4CFA30B.der
Signature verification succeeds
[TLS] Server time: 1620158704
[TLS] client_random  (32): AE08E5CBB5ACBCED031578137DB9522C8D7F2A373E83E71C2420717FBABAE923
[TLS] sign_hash (32): 0B73515892C81684FD3B8C1336E91610FA67BB7F6F7A1A2E2CF760DF07E45B82
[TLS] Written transcript to proofs/MSG_TLS_AE08E5CB.out, proofs/SIG_TLS_AE08E5CB.out and proofs/PK_TLS_AE08E5CB.der
Signature verification succeeds
[TLS] Server time: 1620158705
[TLS] client_random  (32): 11A336EFC216DCBF50A7D66498C62B110FE3E4D116C06A3700D055C4DE42D644
[TLS] sign_hash (32): C19ACE9BE779DE6DC096B9815F4F0BDD858505D5E94E4F068B617BB6F61A6003
[TLS] Written transcript to proofs/MSG_TLS_11A336EF.out, proofs/SIG_TLS_11A336EF.out and proofs/PK_TLS_11A336EF.der
Signature verification succeeds
[TLS] Server time: 1620158705
[TLS] client_random  (32): 3DCE0A2FA57B4DC36226172DC538FA1321837BE738FBCAD6086A51C2F6A99FF1
[TLS] sign_hash (32): BA1932BFBB59374E6FE605498C8A4E62AEEF9702950252B6DC3150405F9852C6
[TLS] Written transcript to proofs/MSG_TLS_3DCE0A2F.out, proofs/SIG_TLS_3DCE0A2F.out and proofs/PK_TLS_3DCE0A2F.der
Signature verification succeeds
[TLS] Server time: 1620158705
[TLS] client_random  (32): 3CC6D90B6110AD216A4FD2B47FDD17F4487B57DC2368C4741001D66ACC89D7DA
[TLS] sign_hash (32): CBD3372612D8B55FFEA4E1E89F0492543ABAE2E83F92E4303EE7BEF2D3F02EFB
[TLS] Written transcript to proofs/MSG_TLS_3CC6D90B.out, proofs/SIG_TLS_3CC6D90B.out and proofs/PK_TLS_3CC6D90B.der
Signature verification succeeds
[TLS] Server time: 1620158705
[TLS] client_random  (32): C6F4358173C4A77F705CC9D4A4D9756D7EA6AF8A0184CCBD7345181EA1F0655D
[TLS] sign_hash (32): 25AFABA193A6041C5B15DF71B591EA13CDE0204229A97FACCAF0A3CE43423163
[TLS] Written transcript to proofs/MSG_TLS_C6F43581.out, proofs/SIG_TLS_C6F43581.out and proofs/PK_TLS_C6F43581.der
Signature verification succeeds
[TLS] Server time: 1620158705
[TLS] client_random  (32): B401A7EC817CE5BE5427405640F5BF8A3647AB4CCDDEC4DFBB24514B849A3F2D
[TLS] sign_hash (32): 6BEAA5743151A5CD2AD70834194197AB0290469282A3B6848EC9BD7C94C6FF4D
[TLS] Written transcript to proofs/MSG_TLS_B401A7EC.out, proofs/SIG_TLS_B401A7EC.out and proofs/PK_TLS_B401A7EC.der
Signature verification succeeds
[TLS] Server time: 1620158705
[TLS] client_random  (32): 6FC5BE3F7275366718AAEB55F3E3171C18EBF0A5EF4191C786E854C982431B27
[TLS] sign_hash (32): 504C67A41D65E2A27ED5129DBDF3E29A8E3A55ED63D8D7F7B448BDB482ED7ED6
[TLS] Written transcript to proofs/MSG_TLS_6FC5BE3F.out, proofs/SIG_TLS_6FC5BE3F.out and proofs/PK_TLS_6FC5BE3F.der
Signature verification succeeds
[TLS] Server time: 1620158705
[TLS] client_random  (32): D3A400D6F51A71FA17FE67E926C2C5FE1CB72CC04C983915D58B9D3A1955AD6E
[TLS] sign_hash (32): BC4334BC42DF97EA79F17D0A3387B7C5EC4C08898C0D5CEE5B24EE7132D16F21
[TLS] Written transcript to proofs/MSG_TLS_D3A400D6.out, proofs/SIG_TLS_D3A400D6.out and proofs/PK_TLS_D3A400D6.der
Signature verification succeeds
[TLS] Server time: 1620158705
[TLS] client_random  (32): 9D35F208A1DDC18C2B2F151D845BAA82E0629DD962EBFEFE757999B7DFB6DD7A
[TLS] sign_hash (32): 90F73491283D39778385971F967DC1E51F274306DBE19C3B93E30E35D3134192
[TLS] Written transcript to proofs/MSG_TLS_9D35F208.out, proofs/SIG_TLS_9D35F208.out and proofs/PK_TLS_9D35F208.der
Signature verification succeeds
[TLS] Server time: 1620158705
[TLS] client_random  (32): 662502F69EC061F2704D6557203F460D37E05BD0BEEE59C1ECE435D5363E6A96
[TLS] sign_hash (32): CD5C43351D46FAB751294ACFB49BAB2E217CE4A7D16BC150A3940420CB76AFC3
[TLS] Written transcript to proofs/MSG_TLS_662502F6.out, proofs/SIG_TLS_662502F6.out and proofs/PK_TLS_662502F6.der
Signature verification succeeds
[TLS] Server time: 1620158705
[TLS] client_random  (32): 7482D86768424EF1DBF9133E3622D4A06283BA2C747D18F991BD7396DA6DA0A5
[TLS] sign_hash (32): 38EED8883FDAC4F240CB1983676B3228139626173BD177E46B9C9E7B72A3DA11
[TLS] Written transcript to proofs/MSG_TLS_7482D867.out, proofs/SIG_TLS_7482D867.out and proofs/PK_TLS_7482D867.der
Signature verification succeeds
[TLS] Server time: 1620158705
[TLS] client_random  (32): 070CC974C70081D6930A19DAD98E3674DC8E88EE8BF0A1D665AC8F6A9DCA58B4
[TLS] sign_hash (32): 170BF1F41888A1047013A31B48513BF2EDC601B3A25FB820E5D8F195C0797B01
[TLS] Written transcript to proofs/MSG_TLS_070CC974.out, proofs/SIG_TLS_070CC974.out and proofs/PK_TLS_070CC974.der
Signature verification succeeds
[TLS] Server time: 1620158705
[TLS] client_random  (32): 91E8887DA80B6BA339887DBC10AEB577A15F9E5C93A697E9A6AD2A8322ED04B6
[TLS] sign_hash (32): 2602E23582B1E71D412E2E598E3473A5A552D89F1F4EECEDBBEBD9C5E2437F20
[TLS] Written transcript to proofs/MSG_TLS_91E8887D.out, proofs/SIG_TLS_91E8887D.out and proofs/PK_TLS_91E8887D.der
Signature verification succeeds
[TLS] Server time: 1620158705
[TLS] client_random  (32): 75230D28F71EE272488B814679610CFC7851BB68C6C7693DBD2E98B4A4407C8E
[TLS] sign_hash (32): B6E5A751849133C35ACCFECA1C20F2DE22B813D4613D4F05D0D4252390BF7F4C
[TLS] Written transcript to proofs/MSG_TLS_75230D28.out, proofs/SIG_TLS_75230D28.out and proofs/PK_TLS_75230D28.der
Signature verification succeeds
[TLS] Server time: 1620158705
[TLS] client_random  (32): 28B522528A73348D5C1E303284BD0B39A14B1067756A1E7640249FD3C00215D9
[TLS] sign_hash (32): 3408AE39F95A3777AC898EA32D15DB1CE0922929343858CC6716A242A9A3F9AE
[TLS] Written transcript to proofs/MSG_TLS_28B52252.out, proofs/SIG_TLS_28B52252.out and proofs/PK_TLS_28B52252.der
Signature verification succeeds
[TLS] Server time: 1620158705
[TLS] client_random  (32): 5D89CFC7F7F95F350FA11F6E81A44DC9F95081C16F36F8D48DE0C49B8E41CFBC
[TLS] sign_hash (32): A8FDE733DFE8076CE490B0CA6FD647DF895CA4C2D52B1B231805AD0AB8601EBC
[TLS] Written transcript to proofs/MSG_TLS_5D89CFC7.out, proofs/SIG_TLS_5D89CFC7.out and proofs/PK_TLS_5D89CFC7.der
Signature verification succeeds
[TLS] Server time: 1620158705
[TLS] client_random  (32): 1276E12F0F7808B65D26282F599A0A0CB32E3BDF2852648F563E0FA95B573B28
[TLS] sign_hash (32): C74268162CA6077267BF10D6B2EB6693D99D4DC47F6ADE3B0C2CB329819A6CC7
[TLS] Written transcript to proofs/MSG_TLS_1276E12F.out, proofs/SIG_TLS_1276E12F.out and proofs/PK_TLS_1276E12F.der
Signature verification succeeds
[TLS] Server time: 1620158706
[TLS] client_random  (32): F7AC947D2F049885A0DE8556EB973F88DF7FD7FA927B105AFCD2428750029DDD
[TLS] sign_hash (32): 4FE066279B134B013CC56523AB95B1DE40617A33AEDA413A2CAA8C6247C9C7BB
[TLS] Written transcript to proofs/MSG_TLS_F7AC947D.out, proofs/SIG_TLS_F7AC947D.out and proofs/PK_TLS_F7AC947D.der
Signature verification succeeds
[TLS] Server time: 1620158706
[TLS] client_random  (32): 58F69C4310F309E16C939793DE234FFACA7B43BE9571E8687FE147693C1FA6A7
[TLS] sign_hash (32): C43B5342366D3782BCD8ABE8FE1539531CB9666C52CC816AC554B80BA589111B
[TLS] Written transcript to proofs/MSG_TLS_58F69C43.out, proofs/SIG_TLS_58F69C43.out and proofs/PK_TLS_58F69C43.der
Signature verification succeeds
[TLS] Server time: 1620158706
[TLS] client_random  (32): 681982B78C6267D2575380C7E64A8AC3264E0391E907266A150B403A3DBB6AD6
[TLS] sign_hash (32): D3C632C671C5C26327FB4BABA17F9D7C5CDEE9C0AF75FBEB1BE6CA72628A9FF6
[TLS] Written transcript to proofs/MSG_TLS_681982B7.out, proofs/SIG_TLS_681982B7.out and proofs/PK_TLS_681982B7.der
Signature verification succeeds
[TLS] Server time: 1620158706
[TLS] client_random  (32): 8C298F882A4FD7538B01A6A1792BAF455399F7884F53E5AE96263FA34A6525FC
[TLS] sign_hash (32): 13A4F996A78AC1922CA0366F7AD2332A8A9FF9CD2CB482E47A396C347D5FCC53
[TLS] Written transcript to proofs/MSG_TLS_8C298F88.out, proofs/SIG_TLS_8C298F88.out and proofs/PK_TLS_8C298F88.der
Signature verification succeeds
[TLS] Server time: 1620158706
[TLS] client_random  (32): 319AC6676196AF4E3900660148028D6F5FDA2DE626C008A7F44569C1B4A88C74
[TLS] sign_hash (32): 39FEAFB408FA6536D3FF80FBB5D1FEBB31FFCE789F0702FC93B1D0FAEF971F25
[TLS] Written transcript to proofs/MSG_TLS_319AC667.out, proofs/SIG_TLS_319AC667.out and proofs/PK_TLS_319AC667.der
Signature verification succeeds
[TLS] Server time: 1620158706
[TLS] client_random  (32): 52120EC60AE300393A11D290A79D10CFA56557A9EAF787200B9ED0684E5ECAEB
[TLS] sign_hash (32): 761ED37202D56654B48417BC8A4CB661643C0F7591ABD69DE486E08E0BC8C0FD
[TLS] Written transcript to proofs/MSG_TLS_52120EC6.out, proofs/SIG_TLS_52120EC6.out and proofs/PK_TLS_52120EC6.der
Signature verification succeeds
[TLS] Server time: 1620158706
[TLS] client_random  (32): BE89080CD8D4B6E9CF36C359556AFB7AF369FB3E21175E237EAA16E622FF0CAF
[TLS] sign_hash (32): F4180DB02F19B638E242857690F7D8ED30AB17DDF15EA38308BCC1B0B1045E23
[TLS] Written transcript to proofs/MSG_TLS_BE89080C.out, proofs/SIG_TLS_BE89080C.out and proofs/PK_TLS_BE89080C.der
Signature verification succeeds
[TLS] Server time: 1620158706
[TLS] client_random  (32): B1A4B23FA15A48BA46FF2E24E25BBF46061D987E483C1DF10EC3F1ED52C3EAB5
[TLS] sign_hash (32): C7D4F862064453EDE7F8FC1AF1D02CD13971D2CFB27B4898F1BE6AD746B903E2
[TLS] Written transcript to proofs/MSG_TLS_B1A4B23F.out, proofs/SIG_TLS_B1A4B23F.out and proofs/PK_TLS_B1A4B23F.der
Signature verification succeeds
[TLS] Server time: 1620158706
[TLS] client_random  (32): D21D56A56A29B845AB6D791E068886864B5582EBED419A5DAF6DCB6FCD15E82C
[TLS] sign_hash (32): D70DB15C3D553253669BD3CA20A460CDEE572D8BCFEB5D046181FBCB6067B468
[TLS] Written transcript to proofs/MSG_TLS_D21D56A5.out, proofs/SIG_TLS_D21D56A5.out and proofs/PK_TLS_D21D56A5.der
Signature verification succeeds
[TLS] Server time: 1620158706
[TLS] client_random  (32): 41C3089D2388F4C0C835768805EE10E1878A3C824872DE56B49695409F833BB8
[TLS] sign_hash (32): 380651D1160873D43F157545BA39CEA9B53E081F087D6FCEC5911D95338563F5
[TLS] Written transcript to proofs/MSG_TLS_41C3089D.out, proofs/SIG_TLS_41C3089D.out and proofs/PK_TLS_41C3089D.der
Signature verification succeeds
[TLS] Server time: 1620158706
[TLS] client_random  (32): B2958757E955D579FFCD3BEC3419DFE428C13B4D6758D2448E96C168A10B206D
[TLS] sign_hash (32): 9644432C63801283A58B51E8BD9262EAE1889A47392EF5AE358102B2A9D504E0
[TLS] Written transcript to proofs/MSG_TLS_B2958757.out, proofs/SIG_TLS_B2958757.out and proofs/PK_TLS_B2958757.der
Signature verification succeeds
[TLS] Server time: 1620158706
[TLS] client_random  (32): 519EE9C7913164690A96ED131492FF7F8A3F93E37B4ADEA1BF60D03645A03507
[TLS] sign_hash (32): 9B14CAB49BD80F786819545437597E95A8380D2086BE418EB5607FFB04EE10F9
[TLS] Written transcript to proofs/MSG_TLS_519EE9C7.out, proofs/SIG_TLS_519EE9C7.out and proofs/PK_TLS_519EE9C7.der
Signature verification succeeds
[TLS] Server time: 1620158706
[TLS] client_random  (32): 69F858908C3CE94FD8CDA747445DEAE3C5730E84E06EF9C7897AAE1BE3403F49
[TLS] sign_hash (32): 4E33EF5071F97F8C9865F433CD04D3308D35B2ABE60B70472AB709B47E000A4F
[TLS] Written transcript to proofs/MSG_TLS_69F85890.out, proofs/SIG_TLS_69F85890.out and proofs/PK_TLS_69F85890.der
Signature verification succeeds
[TLS] Server time: 1620158706
[TLS] client_random  (32): 5DD9FBD48872CF4C6C41A5592FCC8F6C327E5AB2326033841BB6A66B0C885B2B
[TLS] sign_hash (32): F27F0773DAC0734E32F8F1332617AD53E06FFD6C139EEE2068011AFD4E9625B0
[TLS] Written transcript to proofs/MSG_TLS_5DD9FBD4.out, proofs/SIG_TLS_5DD9FBD4.out and proofs/PK_TLS_5DD9FBD4.der
Signature verification succeeds
[TLS] Server time: 1620158706
[TLS] client_random  (32): B68B4F36DD9D5162F3DD27C9B7CC3D6CE99C182E2CBB95AABD7838540F8425CD
[TLS] sign_hash (32): 80429949E94581BCE1C86CF9715A41D86FAD0316075C7135C99FC280978A60B3
[TLS] Written transcript to proofs/MSG_TLS_B68B4F36.out, proofs/SIG_TLS_B68B4F36.out and proofs/PK_TLS_B68B4F36.der
Signature verification succeeds
[TLS] Server time: 1620158706
[TLS] client_random  (32): BA5BED4704EDA5FF2414F367FC7E0155E1681F85360FA3FECA73CF9A2038458A
[TLS] sign_hash (32): B83B9B6D24866F8FE8A1DE92D3F56A73724E5C4104A1B11693E74A9053D55DEF
[TLS] Written transcript to proofs/MSG_TLS_BA5BED47.out, proofs/SIG_TLS_BA5BED47.out and proofs/PK_TLS_BA5BED47.der
Signature verification succeeds
[TLS] Server time: 1620158706
[TLS] client_random  (32): 6A3CA55A6DD0FEF3AB100F2AFEBF3B3F2315AE00EA921A182A0444CA44378A90
[TLS] sign_hash (32): DFC4CFB9C019DB5E6863BDB9200463951EFDBF27537085445BC7E9BCEAE58C3F
[TLS] Written transcript to proofs/MSG_TLS_6A3CA55A.out, proofs/SIG_TLS_6A3CA55A.out and proofs/PK_TLS_6A3CA55A.der
Signature verification succeeds
[TLS] Server time: 1620158706
[TLS] client_random  (32): D67D1044F53E95D000DFD9024B364D93A7A5909A6DEE4EAC94115CF322FB52BC
[TLS] sign_hash (32): 8CB98E7D5088A742BFD267C183424DAD862B3890181E238F4966EBA8CD321DD1
[TLS] Written transcript to proofs/MSG_TLS_D67D1044.out, proofs/SIG_TLS_D67D1044.out and proofs/PK_TLS_D67D1044.der
Signature verification succeeds
[TLS] Server time: 1620158706
[TLS] client_random  (32): 614D65D1DE39002CBE2873B02F3F67042D6902AC725A49F9253BBA2E2C03C9C7
[TLS] sign_hash (32): 05DBE27776B30CF6A038EF4221BCEEA091853B68DEAB419D2A1EE3A0867304F0
[TLS] Written transcript to proofs/MSG_TLS_614D65D1.out, proofs/SIG_TLS_614D65D1.out and proofs/PK_TLS_614D65D1.der
Signature verification succeeds
[TLS] Server time: 1620158706
[TLS] client_random  (32): F98073634476019DD1F56630E268DF1976C9E2DAAE966C93A076C5D190B37872
[TLS] sign_hash (32): 4D09FDC14E7BBAC78F062EAE852154057E168D59469BB7AD7673EB563BC67584
[TLS] Written transcript to proofs/MSG_TLS_F9807363.out, proofs/SIG_TLS_F9807363.out and proofs/PK_TLS_F9807363.der
Signature verification succeeds
[TLS] Server time: 1620158706
[TLS] client_random  (32): 7085171E3E1EBE33E83D3FFF15844BB163ABFCA1D0E8DD5E441BC3FB351428F5
[TLS] sign_hash (32): 62CD35A2EF2ABCB220EEC4C82224DE3C49BAA4A82965BCB25EE0AE94BB333ACB
[TLS] Written transcript to proofs/MSG_TLS_7085171E.out, proofs/SIG_TLS_7085171E.out and proofs/PK_TLS_7085171E.der
Signature verification succeeds
[TLS] Server time: 1620158706
[TLS] client_random  (32): AFC57BF671967AA68EC38D7086A29FC72A063FB3501659A0FFE5086D8BE46974
[TLS] sign_hash (32): 0BF5608EACC37B8909AF3D876AE040B1257EF0D5CE1F4C3640B9178D231F881E
[TLS] Written transcript to proofs/MSG_TLS_AFC57BF6.out, proofs/SIG_TLS_AFC57BF6.out and proofs/PK_TLS_AFC57BF6.der
Signature verification succeeds
[TLS] Server time: 1620158706
[TLS] client_random  (32): 87FE782EFAEE5B6B2501D425FB6DEB047CEB85D72B9D5383ACF61F7D592FD6C1
[TLS] sign_hash (32): 54CA699B4D421A90774344991882DBEB1DDA8322C88308BBC8D1E951D73D428B
[TLS] Written transcript to proofs/MSG_TLS_87FE782E.out, proofs/SIG_TLS_87FE782E.out and proofs/PK_TLS_87FE782E.der
Signature verification succeeds
[TLS] Server time: 1620158706
[TLS] client_random  (32): 784ACA10FAC7043F084481E3300E3948C068FA1BE7C42F20BF88551CE1471298
[TLS] sign_hash (32): 0B10161F592C2122F6716B52010F189080B139BA0F6D8C82B34A4C8DC616CC03
[TLS] Written transcript to proofs/MSG_TLS_784ACA10.out, proofs/SIG_TLS_784ACA10.out and proofs/PK_TLS_784ACA10.der
Signature verification succeeds
Time breakdown (averages): anchor_ping:82.775821 file_read:0.140628 hashing:0.472082
Total time for 71 rounds is 6003.365667ms
Standard deviations: anchor_ping:204.295126 file_read:0.015914 hashing:0.006562
[Client-side ops] mean:0.612710 sd:0.018153
in & out anchor rand written to proofs/phase1.out
      5 [TLS] Server time: 1620158700
     12 [TLS] Server time: 1620158701
      3 [TLS] Server time: 1620158702
      4 [TLS] Server time: 1620158703
      8 [TLS] Server time: 1620158704
     16 [TLS] Server time: 1620158705
     24 [TLS] Server time: 1620158706
Count is 5
Count is 12
Count is 3
Count is 4
Count is 8
Count is 16
Count is 24
success: 0
Sleeping before retrying
CONF: anchor:www.sunysuffolk.edu fs:1024MB n_rounds:71 seed:5c9f4bf9bbc15bb855f82faedc5a52fc3ab2dfa8ec3ba3ce1b270f31fa0cced2 filename:FILE bs:1024 nops:100 benchmarking:0 anchor_ping:1 queue_depth:32 direct:0
[TLS] Connecting to www.sunysuffolk.edu
[TLS] Server time: 1620158708
[TLS] client_random  (32): 5C9F4BF9BBC15BB855F82FAEDC5A52FC3AB2DFA8EC3BA3CE1B270F31FA0CCED2
[TLS] sign_hash (32): D7DACE891F644E4C2487B3785B83B0852603262B7EF4ADC1CEDF63CF099C8090
[TLS] Written transcript to proofs/MSG_TLS_5C9F4BF9.out, proofs/SIG_TLS_5C9F4BF9.out and proofs/PK_TLS_5C9F4BF9.der
Signature verification succeeds
[TLS] Server time: 1620158708
[TLS] client_random  (32): 2F7231D7122CEAAEF293340EE12B7320F6E3A92C24B0814D28DCEBA3813EADA3
[TLS] sign_hash (32): D4A3961A1C3439527DAFC1C15BA3B7548731DFFF051D7B4752A336C09EFE7993
[TLS] Written transcript to proofs/MSG_TLS_2F7231D7.out, proofs/SIG_TLS_2F7231D7.out and proofs/PK_TLS_2F7231D7.der
Signature verification succeeds
[TLS] Server time: 1620158708
[TLS] client_random  (32): 88E131658B455401E446460A724CBD28FEF42EF7D7649F569D43EA5E491572A6
[TLS] sign_hash (32): B8CEFC29EB43C99EC4E2C9E75B428B8ED8AE402888B2EFDA515F89EBC0C7F8F5
[TLS] Written transcript to proofs/MSG_TLS_88E13165.out, proofs/SIG_TLS_88E13165.out and proofs/PK_TLS_88E13165.der
Signature verification succeeds
[TLS] Server time: 1620158708
[TLS] client_random  (32): 720E35A528F9F658FCAA62C93BFBA2155D4927A5871AAA4A409183DD18DFB57C
[TLS] sign_hash (32): 76371112D70AE1DF209DF636C5CFEEC1FEECDDD5836F1DCC4DED95D2ADF4BAA4
[TLS] Written transcript to proofs/MSG_TLS_720E35A5.out, proofs/SIG_TLS_720E35A5.out and proofs/PK_TLS_720E35A5.der
Signature verification succeeds
[TLS] Server time: 1620158708
[TLS] client_random  (32): 50F9DB8A2D1F2A96EA3AD719ABCAF5FF9B621843847FF95944CEA5571D76B759
[TLS] sign_hash (32): 884AE3E32054CEC101278B5BE2C35874DA865D05D4FF0D6AD78E5C5C66680BB0
[TLS] Written transcript to proofs/MSG_TLS_50F9DB8A.out, proofs/SIG_TLS_50F9DB8A.out and proofs/PK_TLS_50F9DB8A.der
Signature verification succeeds
[TLS] Server time: 1620158708
[TLS] client_random  (32): A49638D6579D6F47A5872ABD94F4369F2B7557EBE72EFBCA97AF500B7FA46C38
[TLS] sign_hash (32): F5BB0BBF1171A7216BDF726729EDA5869F9210E9B942BA5EC791A0EBD39816D6
[TLS] Written transcript to proofs/MSG_TLS_A49638D6.out, proofs/SIG_TLS_A49638D6.out and proofs/PK_TLS_A49638D6.der
Signature verification succeeds
[TLS] Server time: 1620158708
[TLS] client_random  (32): D01F1AEF6C4069CDDA532E9E50F4CCB13E45427BD6950D4F748EE6A215563223
[TLS] sign_hash (32): 565E319C7AC09086485758838515F2DCBA640A20EA337040EB0F097E20A1A819
[TLS] Written transcript to proofs/MSG_TLS_D01F1AEF.out, proofs/SIG_TLS_D01F1AEF.out and proofs/PK_TLS_D01F1AEF.der
Signature verification succeeds
[TLS] Server time: 1620158708
[TLS] client_random  (32): E07A303E150E53B7C25313C437C9EF47ED29DC42E7C6C074377F39F363B4D216
[TLS] sign_hash (32): DE02EC3167C3051E7F32476E4189449283899F841EDAA444DF25C254765C2BEA
[TLS] Written transcript to proofs/MSG_TLS_E07A303E.out, proofs/SIG_TLS_E07A303E.out and proofs/PK_TLS_E07A303E.der
Signature verification succeeds
[TLS] Server time: 1620158708
[TLS] client_random  (32): B3DE94E4469E5E8C2B2CA4412C40329F8B77E9DDA1CFB8F791715268CB9A04A8
[TLS] sign_hash (32): FAD5E2F8FDC5920A2538D10A15A3DB8E904BC51E06CA711213ED80BF444C90DC
[TLS] Written transcript to proofs/MSG_TLS_B3DE94E4.out, proofs/SIG_TLS_B3DE94E4.out and proofs/PK_TLS_B3DE94E4.der
Signature verification succeeds
[TLS] Server time: 1620158708
[TLS] client_random  (32): 5F182087C20C8124BAAB6CC96FB076E23CFACBF36C949109271DE18BD747E88A
[TLS] sign_hash (32): 67C1111AD1873C4F7CAD9B97E158EC72CA9B1692693E1A9CCCD7A12066E142E8
[TLS] Written transcript to proofs/MSG_TLS_5F182087.out, proofs/SIG_TLS_5F182087.out and proofs/PK_TLS_5F182087.der
Signature verification succeeds
[TLS] Server time: 1620158708
[TLS] client_random  (32): 936EB1E8CD4F5C472DD98D27C74B13F12EB742D31B29A4D3486CB74933F96821
[TLS] sign_hash (32): 63525DCEE47A13A4E656C2FABF2429556BAB6E5972315D6CE8211955717B6E30
[TLS] Written transcript to proofs/MSG_TLS_936EB1E8.out, proofs/SIG_TLS_936EB1E8.out and proofs/PK_TLS_936EB1E8.der
Signature verification succeeds
[TLS] Server time: 1620158708
[TLS] client_random  (32): DD0C9D5B2DFFA43A3CFF07772E022330111EB30FD0638726E35315248EF4E61C
[TLS] sign_hash (32): 67187A08233EB148B46F29357DB53CB3F43CCD4B5FA6F6491384FF1B73CE9D96
[TLS] Written transcript to proofs/MSG_TLS_DD0C9D5B.out, proofs/SIG_TLS_DD0C9D5B.out and proofs/PK_TLS_DD0C9D5B.der
Signature verification succeeds
[TLS] Server time: 1620158708
[TLS] client_random  (32): 0F40122C57C7FD7C4F32F54EEBAC659AFC56C5D9D0B7E57B9783ECE5F2EA2980
[TLS] sign_hash (32): 0246689ED5CEBC19A25196A25BC285F2B4CB2B2388C463F3B9CCAF1A30D189FC
[TLS] Written transcript to proofs/MSG_TLS_0F40122C.out, proofs/SIG_TLS_0F40122C.out and proofs/PK_TLS_0F40122C.der
Signature verification succeeds
[TLS] Server time: 1620158708
[TLS] client_random  (32): 6710872F46D525DA250F4C35EDCC5ACEE496EF03D98BB89D143FAB9EA9357179
[TLS] sign_hash (32): AA6F50D1A69C71BFE8215B4B7B1AEB4F3E3AECE008ADCBFF1B576614F52399BE
[TLS] Written transcript to proofs/MSG_TLS_6710872F.out, proofs/SIG_TLS_6710872F.out and proofs/PK_TLS_6710872F.der
Signature verification succeeds
[TLS] Server time: 1620158708
[TLS] client_random  (32): 4245E2429A661E48B650D3052BD7FF3F702D8AD78D20F4834B28C6C2CB3AAEF4
[TLS] sign_hash (32): E1A714A29F682D309F6219789374EA305A154A6E6F10322A2C9F8CB7D8B03D79
[TLS] Written transcript to proofs/MSG_TLS_4245E242.out, proofs/SIG_TLS_4245E242.out and proofs/PK_TLS_4245E242.der
Signature verification succeeds
[TLS] Server time: 1620158708
[TLS] client_random  (32): 04A17615D7335A900C4439B61E40FCFE93C83132A9C331402E2A5D0E6CCB3C02
[TLS] sign_hash (32): 5CF37E42D1F268EE080B3691CA543F7BCE8D55E6B009D4E1DDBDB930D5AE6D4B
[TLS] Written transcript to proofs/MSG_TLS_04A17615.out, proofs/SIG_TLS_04A17615.out and proofs/PK_TLS_04A17615.der
Signature verification succeeds
[TLS] Server time: 1620158708
[TLS] client_random  (32): 116681CD68C2F37878D012D8C4E3C932075C506DB3B0AE937EE0332EB53D3E49
[TLS] sign_hash (32): 1AEB898459048256B5E51005A8F6E9992470F72E1CCD538CCBCBEDEDADFE1A67
[TLS] Written transcript to proofs/MSG_TLS_116681CD.out, proofs/SIG_TLS_116681CD.out and proofs/PK_TLS_116681CD.der
Signature verification succeeds
[TLS] Server time: 1620158709
[TLS] client_random  (32): 9BA1B8FD21DBFEAE1EE7C52A2E19A19652B2718C13794DA8E40E7FF009947061
[TLS] sign_hash (32): 86A563BB08CD278C8359CA5FE43C55A9FF275E255A11EA1DC323026CDFCFE5E1
[TLS] Written transcript to proofs/MSG_TLS_9BA1B8FD.out, proofs/SIG_TLS_9BA1B8FD.out and proofs/PK_TLS_9BA1B8FD.der
Signature verification succeeds
[TLS] Server time: 1620158709
[TLS] client_random  (32): 017498A3A81D26E036E687A41546CB6CF8A7B58D551A09F67ACFFF1A574A0778
[TLS] sign_hash (32): E5A605493831A67F1B43BAC60BB2086D7C46B197AF0F7E2257C2AA1E2E3C8AEE
[TLS] Written transcript to proofs/MSG_TLS_017498A3.out, proofs/SIG_TLS_017498A3.out and proofs/PK_TLS_017498A3.der
Signature verification succeeds
[TLS] Server time: 1620158709
[TLS] client_random  (32): 0D29FD639E061B8BD8548B65DCBE42A9F3249A83D7177410D563B4C2E0510878
[TLS] sign_hash (32): 38964E33D93D295A34961EF51F215E2775E729B471612679D61291414C495F23
[TLS] Written transcript to proofs/MSG_TLS_0D29FD63.out, proofs/SIG_TLS_0D29FD63.out and proofs/PK_TLS_0D29FD63.der
Signature verification succeeds
[TLS] Server time: 1620158709
[TLS] client_random  (32): 8CCF1D25C1929F1239D2A73244A7A1A3FE8F8FB8B3E6D286E76A316A185188EC
[TLS] sign_hash (32): 70BAFF240DCDFDC3B73101EC8339CE3973443E203D23FBFB219A3F302BB56344
[TLS] Written transcript to proofs/MSG_TLS_8CCF1D25.out, proofs/SIG_TLS_8CCF1D25.out and proofs/PK_TLS_8CCF1D25.der
Signature verification succeeds
[TLS] Server time: 1620158709
[TLS] client_random  (32): D8DBD16C1F84F7D3808385696FD170F75ADB0C93FC1B55C63AA2B6765F8168E0
[TLS] sign_hash (32): 774C6C1741AB7BBB1D27DEA4601A8E28B77C11B8BD0DE3821F774BDE7325DF8D
[TLS] Written transcript to proofs/MSG_TLS_D8DBD16C.out, proofs/SIG_TLS_D8DBD16C.out and proofs/PK_TLS_D8DBD16C.der
Signature verification succeeds
[TLS] Server time: 1620158709
[TLS] client_random  (32): 9DAA10BCDB7C25967656837CADBFF05A46053AF6DBA27E6BC9BED4BB049284FF
[TLS] sign_hash (32): 07798F1E54978CA9A13203E3BAF87A984B9E056A121D3FD9B5CB2DB7F601306B
[TLS] Written transcript to proofs/MSG_TLS_9DAA10BC.out, proofs/SIG_TLS_9DAA10BC.out and proofs/PK_TLS_9DAA10BC.der
Signature verification succeeds
[TLS] Server time: 1620158709
[TLS] client_random  (32): F8AC9BDAF3273629E6E7DCB96C2FDDB4284A7D395C44C27A79B1FB14F0DB7236
[TLS] sign_hash (32): A75508BBF4AE4BF540DB44E4314DFD74F06DB91DA475F17340D1AB69F5FBCA1D
[TLS] Written transcript to proofs/MSG_TLS_F8AC9BDA.out, proofs/SIG_TLS_F8AC9BDA.out and proofs/PK_TLS_F8AC9BDA.der
Signature verification succeeds
[TLS] Server time: 1620158709
[TLS] client_random  (32): 3BD134A00E05E2E56A844696BF1570ADE87E1FF43FA1C86C12C54CC4FDE8038C
[TLS] sign_hash (32): E938A591B2E84EBE8CB85E79716B98AFEE48B5202ECC8AF60C1877692A59A12A
[TLS] Written transcript to proofs/MSG_TLS_3BD134A0.out, proofs/SIG_TLS_3BD134A0.out and proofs/PK_TLS_3BD134A0.der
Signature verification succeeds
[TLS] Server time: 1620158709
[TLS] client_random  (32): 3B8BB43D588ABB4E47FC3D7E9F608BA9683C8B694688D9C6000CAE242F0FF5A1
[TLS] sign_hash (32): 97E09D8A10A8FFA81E20B8E478EFDE0B07D660436F6EE0BD875D77F1A9A163DB
[TLS] Written transcript to proofs/MSG_TLS_3B8BB43D.out, proofs/SIG_TLS_3B8BB43D.out and proofs/PK_TLS_3B8BB43D.der
Signature verification succeeds
[TLS] Server time: 1620158709
[TLS] client_random  (32): FD460C686377D68B9F5841376DC79D8CD2BDA72B3E36A485C33E2C73A5BEE965
[TLS] sign_hash (32): 926325F59C06BFE57CEA3E3A2602BA36E206CC153204116EA2A3CD434A882AF8
[TLS] Written transcript to proofs/MSG_TLS_FD460C68.out, proofs/SIG_TLS_FD460C68.out and proofs/PK_TLS_FD460C68.der
Signature verification succeeds
[TLS] Server time: 1620158709
[TLS] client_random  (32): CAED1AF70BA13E79DAFE3C359B1B0B3EE5729B27D6A310CA004E1098D1DAB445
[TLS] sign_hash (32): 875E019E4508DF7DFB56473B935594213D26A2EE541FADF9528E4858EB31E81D
[TLS] Written transcript to proofs/MSG_TLS_CAED1AF7.out, proofs/SIG_TLS_CAED1AF7.out and proofs/PK_TLS_CAED1AF7.der
Signature verification succeeds
[TLS] Server time: 1620158709
[TLS] client_random  (32): 275EDFAC101B3C469CE433631E5A20784DF9B58F2DDDE853E8D0D7412B3B80CB
[TLS] sign_hash (32): E254F2436280C091954080FCC0AD617C74537840962EF81D0A5ECEDD4A607F02
[TLS] Written transcript to proofs/MSG_TLS_275EDFAC.out, proofs/SIG_TLS_275EDFAC.out and proofs/PK_TLS_275EDFAC.der
Signature verification succeeds
[TLS] Server time: 1620158709
[TLS] client_random  (32): EEAF30E0D5E395ABF92EC1A0A59F3D39499CE9AF805C6083B908A1F63546B694
[TLS] sign_hash (32): 13C84B78B3E8E63EC815F54633EDE9B033939B2C50AD9955DD0CCA019F1E2EA9
[TLS] Written transcript to proofs/MSG_TLS_EEAF30E0.out, proofs/SIG_TLS_EEAF30E0.out and proofs/PK_TLS_EEAF30E0.der
Signature verification succeeds
[TLS] Server time: 1620158709
[TLS] client_random  (32): 473050170BD717A166C124162E6737CFB04161E617415D13D3403E6C65634586
[TLS] sign_hash (32): 3919C59AF461A6D23AE96082194FBA4DBB9F673B0FB7B543FF2F800420B5B498
[TLS] Written transcript to proofs/MSG_TLS_47305017.out, proofs/SIG_TLS_47305017.out and proofs/PK_TLS_47305017.der
Signature verification succeeds
[TLS] Server time: 1620158709
[TLS] client_random  (32): 9878B87627F251B4D867FDED9409D109739C3D6DF764F69D5169FB1259F7CFD2
[TLS] sign_hash (32): 799A817FD82EE89BF47C54BFF9C6CF44D4440FC0B3C39445B181A1B40B2846DB
[TLS] Written transcript to proofs/MSG_TLS_9878B876.out, proofs/SIG_TLS_9878B876.out and proofs/PK_TLS_9878B876.der
Signature verification succeeds
[TLS] Server time: 1620158709
[TLS] client_random  (32): FD799FB8F1516D5A0B28B99030ABD3D7AD057F57B5BEE77046901F800455DCCC
[TLS] sign_hash (32): 8713C1E6BCC8C599749ADC9275BE657F6E8568F31CAD7FF14E6B354EBB8349E4
[TLS] Written transcript to proofs/MSG_TLS_FD799FB8.out, proofs/SIG_TLS_FD799FB8.out and proofs/PK_TLS_FD799FB8.der
Signature verification succeeds
[TLS] Server time: 1620158709
[TLS] client_random  (32): 02BD346ADAD8C44AC18F16615614103B84742D86C4D042C9463DAA49A8565427
[TLS] sign_hash (32): CE4EFAFD8392F3E4EFAFBC7566E778FFD973467602EF414F8204D486B4C344A4
[TLS] Written transcript to proofs/MSG_TLS_02BD346A.out, proofs/SIG_TLS_02BD346A.out and proofs/PK_TLS_02BD346A.der
Signature verification succeeds
[TLS] Server time: 1620158709
[TLS] client_random  (32): 235BE1ED2D0DA25032132D750E67629A380C9CD394745D20007B585D0CD3993C
[TLS] sign_hash (32): 70F5ACA4B4B7DBA08E6CBA8B9C407B220BA2825727124A9483B0B266EA7F80D2
[TLS] Written transcript to proofs/MSG_TLS_235BE1ED.out, proofs/SIG_TLS_235BE1ED.out and proofs/PK_TLS_235BE1ED.der
Signature verification succeeds
[TLS] Server time: 1620158709
[TLS] client_random  (32): 250B3E7F7FBCDC2B49D9765EA4C61E73D3ACFC8B663727D11CA8915271236A32
[TLS] sign_hash (32): 053A0F4E858BD547315036F8516EEF11588AC52F0C3676300583DC9A9CCFEE70
[TLS] Written transcript to proofs/MSG_TLS_250B3E7F.out, proofs/SIG_TLS_250B3E7F.out and proofs/PK_TLS_250B3E7F.der
Signature verification succeeds
[TLS] Server time: 1620158709
[TLS] client_random  (32): 1B3E6D2AB0B205C7760EFA439255BD6C787A940CF4FC96EE6CA16825E11A8332
[TLS] sign_hash (32): 51CF2905CC5027C18A4DBFCC0C06BA7F2C98F2D8A1AF0ED372427EBDD4745A70
[TLS] Written transcript to proofs/MSG_TLS_1B3E6D2A.out, proofs/SIG_TLS_1B3E6D2A.out and proofs/PK_TLS_1B3E6D2A.der
Signature verification succeeds
[TLS] Server time: 1620158709
[TLS] client_random  (32): C872CD9E0AFF5361B159F8462604D73FB2BB35A4611211F6AF55C5792FA2FF21
[TLS] sign_hash (32): 3B40A6E704112182A689592D9E1D7846AAF8861E91F72BC0E7795B39A6F511CF
[TLS] Written transcript to proofs/MSG_TLS_C872CD9E.out, proofs/SIG_TLS_C872CD9E.out and proofs/PK_TLS_C872CD9E.der
Signature verification succeeds
[TLS] Server time: 1620158709
[TLS] client_random  (32): 871C502C7F93485E22F62E6BDBA3DC0D302207560CFF2889464F2250C0A4E1B1
[TLS] sign_hash (32): 25275871CE1864F87842BD40786A44F016CC9E259934DB36D147EF0208BCFCC3
[TLS] Written transcript to proofs/MSG_TLS_871C502C.out, proofs/SIG_TLS_871C502C.out and proofs/PK_TLS_871C502C.der
Signature verification succeeds
[TLS] Server time: 1620158709
[TLS] client_random  (32): 354E3EF5087D27D7F4A05DC97D743EBA08A3CC9C5266A5A6C97A2633A1A10861
[TLS] sign_hash (32): D7AEB149623384CC06595D4DB9FD14C8267B207C95A5323F9C1F24B44F8F1561
[TLS] Written transcript to proofs/MSG_TLS_354E3EF5.out, proofs/SIG_TLS_354E3EF5.out and proofs/PK_TLS_354E3EF5.der
Signature verification succeeds
[TLS] Server time: 1620158709
[TLS] client_random  (32): 621BBDB693208A7E7CD8FE15283B678EF7BBA2FC22CE74D1D1FF42A6D3C8860D
[TLS] sign_hash (32): C09B9989FAAA573C9B319BB4DD328FC008758B2E96BE6E94F807BC495F30B18C
[TLS] Written transcript to proofs/MSG_TLS_621BBDB6.out, proofs/SIG_TLS_621BBDB6.out and proofs/PK_TLS_621BBDB6.der
Signature verification succeeds
[TLS] Server time: 1620158709
[TLS] client_random  (32): 32169C9A73407A8F1B274C4BECD350DA2BD3308DECB39017291AD88503BD156A
[TLS] sign_hash (32): C3FB8B1EF626E04CC83C3C67E49B4F59C3A2F7C75F6A3700A0E224F2476EFAE4
[TLS] Written transcript to proofs/MSG_TLS_32169C9A.out, proofs/SIG_TLS_32169C9A.out and proofs/PK_TLS_32169C9A.der
Signature verification succeeds
[TLS] Server time: 1620158709
[TLS] client_random  (32): C7F33A358E99E3BCBA050604C676C5E45A30D83D2E3AB46C80C84015E310DB96
[TLS] sign_hash (32): CA7FA15B4E21B9A2DA3ADD162FC232CE8B5FA9E2A17C55CEDDD9502C21E4F9D3
[TLS] Written transcript to proofs/MSG_TLS_C7F33A35.out, proofs/SIG_TLS_C7F33A35.out and proofs/PK_TLS_C7F33A35.der
Signature verification succeeds
[TLS] Server time: 1620158709
[TLS] client_random  (32): 6028A607C905F45E5C07334589A9C7EEE4EAD65049806191C7B8B24884922510
[TLS] sign_hash (32): 141A2B807C9927036CBEA66C7700C430C6FDFCF562A5DD875462EF40D553C35E
[TLS] Written transcript to proofs/MSG_TLS_6028A607.out, proofs/SIG_TLS_6028A607.out and proofs/PK_TLS_6028A607.der
Signature verification succeeds
[TLS] Server time: 1620158709
[TLS] client_random  (32): 79F07F5ED6B6BE235BCB990EF683DA96D6EEA279138B819F567C8D66CC65CC1E
[TLS] sign_hash (32): C48C3D99A94A6E755391A1EEC3444A51E7E9A218313EADDF0AF86811885321BE
[TLS] Written transcript to proofs/MSG_TLS_79F07F5E.out, proofs/SIG_TLS_79F07F5E.out and proofs/PK_TLS_79F07F5E.der
Signature verification succeeds
[TLS] Server time: 1620158709
[TLS] client_random  (32): 4E3C1FFCFCB8DE969E3CC94611C6559B52E74F554D22F023D615E1A5B5C41627
[TLS] sign_hash (32): E7CDF17B9696F3E23A1BA3C18349C8B2B882A369A1486B59DDF9753DFD29BFC0
[TLS] Written transcript to proofs/MSG_TLS_4E3C1FFC.out, proofs/SIG_TLS_4E3C1FFC.out and proofs/PK_TLS_4E3C1FFC.der
Signature verification succeeds
[TLS] Server time: 1620158709
[TLS] client_random  (32): C98F7099F7A691909DD6AC4F5130C78FBF461FAF0C7866977097071073B31384
[TLS] sign_hash (32): CFC703590285AE1F423EA215F66C19CE4596B088E0F8DA8695570B6672439795
[TLS] Written transcript to proofs/MSG_TLS_C98F7099.out, proofs/SIG_TLS_C98F7099.out and proofs/PK_TLS_C98F7099.der
Signature verification succeeds
[TLS] Server time: 1620158709
[TLS] client_random  (32): 48CC5E198356495F7BED6036E7FF2FF2F99A760D198C32624BBB128070F4BB83
[TLS] sign_hash (32): 91E88F597152E42CB6FEE8D07AF543359454FEB32B31C83D9086B50480F72ED9
[TLS] Written transcript to proofs/MSG_TLS_48CC5E19.out, proofs/SIG_TLS_48CC5E19.out and proofs/PK_TLS_48CC5E19.der
Signature verification succeeds
[TLS] Server time: 1620158709
[TLS] client_random  (32): A15DB4967C6F9D066289B2C339AF681BD462D9A97BB05B3970E6A064348AFC64
[TLS] sign_hash (32): 2CF8E4A8CCB1FD111A598F9D5967FB9034B197451C57CAC89927916242A61F67
[TLS] Written transcript to proofs/MSG_TLS_A15DB496.out, proofs/SIG_TLS_A15DB496.out and proofs/PK_TLS_A15DB496.der
Signature verification succeeds
[TLS] Server time: 1620158709
[TLS] client_random  (32): 28622D8829E7054B5695F0B6A658CE9F2A848F6889FA3794781CC2FC743D520F
[TLS] sign_hash (32): 9B9625FE9FF635A61E7AC62F4A09B5AF83565720E74577D5B7B84DE73FD28ACD
[TLS] Written transcript to proofs/MSG_TLS_28622D88.out, proofs/SIG_TLS_28622D88.out and proofs/PK_TLS_28622D88.der
Signature verification succeeds
[TLS] Server time: 1620158709
[TLS] client_random  (32): 2CCCD3773047F7928434C829DAC45D59B04F004696A48D9489DAA4CF8F6D86CC
[TLS] sign_hash (32): 4A7A04032CEFFD9BB0D61FC6439A971E8E9045BBE4DEB4ABB9BA42123A76D8F1
[TLS] Written transcript to proofs/MSG_TLS_2CCCD377.out, proofs/SIG_TLS_2CCCD377.out and proofs/PK_TLS_2CCCD377.der
Signature verification succeeds
[TLS] Server time: 1620158709
[TLS] client_random  (32): 02D3E95474ACE791CF6C4F65D809C7BD49778C9C85710941C80B08C9C2B41CE4
[TLS] sign_hash (32): 965E576FEB443DC3806E78121CBD656BA84339A624B51E688C2818BABA65942D
[TLS] Written transcript to proofs/MSG_TLS_02D3E954.out, proofs/SIG_TLS_02D3E954.out and proofs/PK_TLS_02D3E954.der
Signature verification succeeds
[TLS] Server time: 1620158709
[TLS] client_random  (32): 5DC888AB01036307E3FFB39AE1E7DB7951ABC52C5A72E02E94BA557510F10335
[TLS] sign_hash (32): B4CC427D80836682ECB62AFE82FFB685EC14DE3CBD486962BBF838DCD4C8358C
[TLS] Written transcript to proofs/MSG_TLS_5DC888AB.out, proofs/SIG_TLS_5DC888AB.out and proofs/PK_TLS_5DC888AB.der
Signature verification succeeds
[TLS] Server time: 1620158709
[TLS] client_random  (32): 585A0730C417785147ACB52ED0FE43E3EDCA6BB5F53DFE2EDCC06FDE6A121731
[TLS] sign_hash (32): 4D170F99F96CB48DDD04DBAE3BA3D9556929EB28E7B8C54819144F322ED10B41
[TLS] Written transcript to proofs/MSG_TLS_585A0730.out, proofs/SIG_TLS_585A0730.out and proofs/PK_TLS_585A0730.der
Signature verification succeeds
[TLS] Server time: 1620158709
[TLS] client_random  (32): 0F8ABD9A7795372DE91A6ECC776ECF4BFD5041F5D14B55B19881CD9823B3FB0F
[TLS] sign_hash (32): 297B2933610D62372495492863C16AE9E1798258C36BEA1BEEA3AC581056D56E
[TLS] Written transcript to proofs/MSG_TLS_0F8ABD9A.out, proofs/SIG_TLS_0F8ABD9A.out and proofs/PK_TLS_0F8ABD9A.der
Signature verification succeeds
[TLS] Server time: 1620158709
[TLS] client_random  (32): 029AD680657625E575CC4E6C82831E431A3F4ABA1BD5277DE0C2DF57C53A8F9F
[TLS] sign_hash (32): FBE6F6CF9B9E4F680D7C5C2A035AE047BFECF33750F035DB0158B892DAEBD925
[TLS] Written transcript to proofs/MSG_TLS_029AD680.out, proofs/SIG_TLS_029AD680.out and proofs/PK_TLS_029AD680.der
Signature verification succeeds
[TLS] Server time: 1620158709
[TLS] client_random  (32): 0948406322438107FE51FD2E109B1222B650009226898521ECF6D744CDB3B75E
[TLS] sign_hash (32): 0AD890C99815073C02BEAA12881021CC009DC4DCC1393E4F6806DFD860563A47
[TLS] Written transcript to proofs/MSG_TLS_09484063.out, proofs/SIG_TLS_09484063.out and proofs/PK_TLS_09484063.der
Signature verification succeeds
[TLS] Server time: 1620158709
[TLS] client_random  (32): 3556D859A2E146432104EA6FBFE9EE812F824F48B65C4B93EC37DD40BE767631
[TLS] sign_hash (32): BD0B0DA3FA38FACB6BC016C2783944690877BF91C88B51C0F02072D9B020776A
[TLS] Written transcript to proofs/MSG_TLS_3556D859.out, proofs/SIG_TLS_3556D859.out and proofs/PK_TLS_3556D859.der
Signature verification succeeds
[TLS] Server time: 1620158709
[TLS] client_random  (32): A3D3041669C50F33C27072C1441FF1480B54CAAB6F0C9548422FC330AA16E597
[TLS] sign_hash (32): 27AA48C3777439A941B603E168F8D5B6883648D60B13269A8E7B22A4D8BAB592
[TLS] Written transcript to proofs/MSG_TLS_A3D30416.out, proofs/SIG_TLS_A3D30416.out and proofs/PK_TLS_A3D30416.der
Signature verification succeeds
[TLS] Server time: 1620158709
[TLS] client_random  (32): 8E76C2D475E391635BF89137A6759EF9334FEA973DF3B7BD06E9AED53665574C
[TLS] sign_hash (32): 4ACBE6DE2F51632D872E1BA4A84FA18B4422DDB4C1F734D45A44587F29B46C39
[TLS] Written transcript to proofs/MSG_TLS_8E76C2D4.out, proofs/SIG_TLS_8E76C2D4.out and proofs/PK_TLS_8E76C2D4.der
Signature verification succeeds
[TLS] Server time: 1620158709
[TLS] client_random  (32): 1CBA35497415B2CD853A9E62A22E931FD908D436C99C7E2F69B66613D4E26FD1
[TLS] sign_hash (32): FF95FEC0BD4346091845C362EC807F038CCE0ACE8FCADDBA66EA20EEF8A65C76
[TLS] Written transcript to proofs/MSG_TLS_1CBA3549.out, proofs/SIG_TLS_1CBA3549.out and proofs/PK_TLS_1CBA3549.der
Signature verification succeeds
[TLS] Server time: 1620158709
[TLS] client_random  (32): 94C3DABA0E736195611136A3177D5D76C5A60FB1C35553D5368C801872836B88
[TLS] sign_hash (32): A9787A16DFFB5504EBE22202BADD57DC955094E0043D3DA40DB16886B05D0518
[TLS] Written transcript to proofs/MSG_TLS_94C3DABA.out, proofs/SIG_TLS_94C3DABA.out and proofs/PK_TLS_94C3DABA.der
Signature verification succeeds
[TLS] Server time: 1620158709
[TLS] client_random  (32): FC404EF3EBB21E823EC293C6546457D22D81D59C037EEC48AF6CFCE0EAFEF2E7
[TLS] sign_hash (32): 4537EA328BAC4F891AE63FA2DBAD26FA99BCAB720447ACB3887FFD93935ADACF
[TLS] Written transcript to proofs/MSG_TLS_FC404EF3.out, proofs/SIG_TLS_FC404EF3.out and proofs/PK_TLS_FC404EF3.der
Signature verification succeeds
[TLS] Server time: 1620158709
[TLS] client_random  (32): 24FEC6CCB82A8FC9D0036231B43FEAC00936334E8552974C144C597B156F9ED3
[TLS] sign_hash (32): 755599A09F1C827726A41A4E6F8E2F9FF8AC356E92E067DA3F137417307D9295
[TLS] Written transcript to proofs/MSG_TLS_24FEC6CC.out, proofs/SIG_TLS_24FEC6CC.out and proofs/PK_TLS_24FEC6CC.der
Signature verification succeeds
[TLS] Server time: 1620158709
[TLS] client_random  (32): 0DB1D3CA007B9D4D9CC2785728763401E9408D9DDA3747E07ABA455DBA805118
[TLS] sign_hash (32): 50C310EEF73BEDA17C968379E044A1F44C76C53A23FB12025609C7E3633D0B84
[TLS] Written transcript to proofs/MSG_TLS_0DB1D3CA.out, proofs/SIG_TLS_0DB1D3CA.out and proofs/PK_TLS_0DB1D3CA.der
Signature verification succeeds
[TLS] Server time: 1620158709
[TLS] client_random  (32): C47D772486A4D2523B661F785D0B738CB3E30A1F5A0816265FF8FF558FAECFDA
[TLS] sign_hash (32): DFD707C128A1CB4684A0A8B625CEC18CC36B51D2C743FE2FEBE737F0643A6136
[TLS] Written transcript to proofs/MSG_TLS_C47D7724.out, proofs/SIG_TLS_C47D7724.out and proofs/PK_TLS_C47D7724.der
Signature verification succeeds
[TLS] Server time: 1620158709
[TLS] client_random  (32): F35F0CFFB0D00D3C54CDFAB24ABE7BDCE8DDADFC2ED96023425D669255652D6F
[TLS] sign_hash (32): 9015343D509F4186D9EAF395ACABEC03455BBBCCBB53DAB58D8F459815FC6394
[TLS] Written transcript to proofs/MSG_TLS_F35F0CFF.out, proofs/SIG_TLS_F35F0CFF.out and proofs/PK_TLS_F35F0CFF.der
Signature verification succeeds
[TLS] Server time: 1620158709
[TLS] client_random  (32): AE8E17E87A36C9CC63B1956CB7A0CC16053567EFE3CDEFABBFAE12177EB08665
[TLS] sign_hash (32): E4502C9AF21C31B7150A157F26C15E09B10BB91B2417FCA74591778DFCD461E7
[TLS] Written transcript to proofs/MSG_TLS_AE8E17E8.out, proofs/SIG_TLS_AE8E17E8.out and proofs/PK_TLS_AE8E17E8.der
Signature verification succeeds
[TLS] Server time: 1620158709
[TLS] client_random  (32): 8051BA796374BA23F815FCBA481B50A0106F104462777FC75F44B6589CB94929
[TLS] sign_hash (32): 40518ED60511096EB37D11A0672A77F4B8C1FBC2E36C8B4BE3C3AE6CA480CA11
[TLS] Written transcript to proofs/MSG_TLS_8051BA79.out, proofs/SIG_TLS_8051BA79.out and proofs/PK_TLS_8051BA79.der
Signature verification succeeds
[TLS] Server time: 1620158709
[TLS] client_random  (32): 8C34BB64F44B3F9A9AA20215E98A32DF7B1DCB38027F8F6A7B060E1464932675
[TLS] sign_hash (32): 7A635019616077B4327B796544A5A94B5307C63398AD539ADA40E6A90AB0576E
[TLS] Written transcript to proofs/MSG_TLS_8C34BB64.out, proofs/SIG_TLS_8C34BB64.out and proofs/PK_TLS_8C34BB64.der
Signature verification succeeds
[TLS] Server time: 1620158709
[TLS] client_random  (32): 8FDE6E7BE0CD4296FA4143A8EB08C01170903E440BC4CA8AC129DBEA606D7092
[TLS] sign_hash (32): 6350449B1C204BBE0EBDF7495C68904BA41347974B7CAD2249C4F3E849888D81
[TLS] Written transcript to proofs/MSG_TLS_8FDE6E7B.out, proofs/SIG_TLS_8FDE6E7B.out and proofs/PK_TLS_8FDE6E7B.der
Signature verification succeeds
[TLS] Server time: 1620158709
[TLS] client_random  (32): 26ECCF9B2ED1908542DF2E4917CF2A3C97BB136A97BEBF32244EA4F5AC723B43
[TLS] sign_hash (32): E70BB793CA09DC75C9DA5B77E9317F00B2FBAF7A09E333098BF2747365842BD3
[TLS] Written transcript to proofs/MSG_TLS_26ECCF9B.out, proofs/SIG_TLS_26ECCF9B.out and proofs/PK_TLS_26ECCF9B.der
Signature verification succeeds
Time breakdown (averages): anchor_ping:14.226664 file_read:0.131157 hashing:0.471042
Total time for 71 rounds is 1067.081274ms
Standard deviations: anchor_ping:1.460182 file_read:0.017087 hashing:0.004848
[Client-side ops] mean:0.602200 sd:0.017935
in & out anchor rand written to proofs/phase1.out
     17 [TLS] Server time: 1620158708
     55 [TLS] Server time: 1620158709
Count is 17
Count is 55
success: 1
RESULT: 1 in 2 tries
