TLS anchor: www.sunysuffolk.edu
Actual: 34, Set: 71
Beginning execution at Mon Apr 26 00:35:01 UTC 2021
CONF: anchor:www.sunysuffolk.edu fs:1024MB n_rounds:71 seed:5c9f4bf9bbc15bb855f82faedc5a52fc3ab2dfa8ec3ba3ce1b270f31fa0cced2 filename:FILE bs:1024 nops:100 benchmarking:0 anchor_ping:1 queue_depth:32 direct:0
[TLS] Connecting to www.sunysuffolk.edu
[TLS] Server time: 1619397301
[TLS] client_random  (32): 5C9F4BF9BBC15BB855F82FAEDC5A52FC3AB2DFA8EC3BA3CE1B270F31FA0CCED2
[TLS] sign_hash (32): C846C4F8D8B3162F58DB081CF3AF9F176E6A990531B26BBEC6552305A727E085
[TLS] Written transcript to proofs/MSG_TLS_5C9F4BF9.out, proofs/SIG_TLS_5C9F4BF9.out and proofs/PK_TLS_5C9F4BF9.der
Signature verification succeeds
[TLS] Server time: 1619397301
[TLS] client_random  (32): 461AAE53334A8F2FAA2C9F8B2902DB3A6EDCE434BFDF8C2DB64B42BE24AF464C
[TLS] sign_hash (32): EE7E1FD3D51F9356DF4F438956AB694E707A0D8B8506662BC4CB9ECF73BC01C8
[TLS] Written transcript to proofs/MSG_TLS_461AAE53.out, proofs/SIG_TLS_461AAE53.out and proofs/PK_TLS_461AAE53.der
Signature verification succeeds
[TLS] Server time: 1619397301
[TLS] client_random  (32): 1F456983EF3C8F1913381DB624CC4D6C3414B006B7B291D8173032C369AA1191
[TLS] sign_hash (32): 5A170AE5768494D0765F5AD4B5A49CC8160E75D82A476027AE09D725E16FC845
[TLS] Written transcript to proofs/MSG_TLS_1F456983.out, proofs/SIG_TLS_1F456983.out and proofs/PK_TLS_1F456983.der
Signature verification succeeds
[TLS] Server time: 1619397301
[TLS] client_random  (32): B10D2C08061276194264E78F18ED166DB3243981DE2286AD49CDC4423DBE22C6
[TLS] sign_hash (32): 424F32A068F487BEE44399EA655F1C3DB699048F804495210710F70AB1A5F46E
[TLS] Written transcript to proofs/MSG_TLS_B10D2C08.out, proofs/SIG_TLS_B10D2C08.out and proofs/PK_TLS_B10D2C08.der
Signature verification succeeds
[TLS] Server time: 1619397301
[TLS] client_random  (32): E10236768D102E5639E65EA1BD82518FAC199B84917190F869ADD5A9DC860DD7
[TLS] sign_hash (32): 821338302DC557C8CAB4DAE1801F6F6D7F21DC89191CB75C0E76EC8742CEE294
[TLS] Written transcript to proofs/MSG_TLS_E1023676.out, proofs/SIG_TLS_E1023676.out and proofs/PK_TLS_E1023676.der
Signature verification succeeds
[TLS] Server time: 1619397301
[TLS] client_random  (32): B7BB0F2E6FAC0FF42EABF667B7B9A2498D7EBDD71A5CC59FE6AF080EA0ADF709
[TLS] sign_hash (32): 7A2DD16A7FDB28009622F9D97D4EDF7E11BF8D2762728AA8B3DCB0EA777C13B0
[TLS] Written transcript to proofs/MSG_TLS_B7BB0F2E.out, proofs/SIG_TLS_B7BB0F2E.out and proofs/PK_TLS_B7BB0F2E.der
Signature verification succeeds
[TLS] Server time: 1619397301
[TLS] client_random  (32): 106D1FDA6374B57241B75DB67FC244CE2FCC98F841ECF3B9F24D05613A894B73
[TLS] sign_hash (32): DA5302368DDCC303432A02D1DED079D08A442BA0440297ADA270112A2038F9A2
[TLS] Written transcript to proofs/MSG_TLS_106D1FDA.out, proofs/SIG_TLS_106D1FDA.out and proofs/PK_TLS_106D1FDA.der
Signature verification succeeds
[TLS] Server time: 1619397301
[TLS] client_random  (32): DDCB769C2C41E3037AC42519297A747A0F87287E26E489D8E45B1127150A826A
[TLS] sign_hash (32): 15DB97638009F719090C1B85EAE379EB8FE4709B73C4A16A8B0A21087037833D
[TLS] Written transcript to proofs/MSG_TLS_DDCB769C.out, proofs/SIG_TLS_DDCB769C.out and proofs/PK_TLS_DDCB769C.der
Signature verification succeeds
[TLS] Server time: 1619397301
[TLS] client_random  (32): 1BCACE22EBD4A5A16ADBED6E35B5A9830D8770FFADAE1BD5CFFB78F0945217D9
[TLS] sign_hash (32): 71740DF4BC3742029B7F7491281448FFAC38647572EC87A6564626C41C35A93D
[TLS] Written transcript to proofs/MSG_TLS_1BCACE22.out, proofs/SIG_TLS_1BCACE22.out and proofs/PK_TLS_1BCACE22.der
Signature verification succeeds
[TLS] Server time: 1619397301
[TLS] client_random  (32): D38F707F6D27252904FCF686C1BE519D441A85FE8CFA45D9CBAA8D07B578581D
[TLS] sign_hash (32): 83CA0C4821ED827AC16FDD96EA170401546D43A3C13CC0FEE158BDA31EB47C53
[TLS] Written transcript to proofs/MSG_TLS_D38F707F.out, proofs/SIG_TLS_D38F707F.out and proofs/PK_TLS_D38F707F.der
Signature verification succeeds
[TLS] Server time: 1619397301
[TLS] client_random  (32): 0A2E8D8DEDB82B28733B69C37C7D3E77A04A9570D34C1E4916B105A11DF1E48A
[TLS] sign_hash (32): D46A92EDACBC231A77ADB8FE792714500949B16212D167235A64FB8DCA8AB62E
[TLS] Written transcript to proofs/MSG_TLS_0A2E8D8D.out, proofs/SIG_TLS_0A2E8D8D.out and proofs/PK_TLS_0A2E8D8D.der
Signature verification succeeds
[TLS] Server time: 1619397301
[TLS] client_random  (32): EBEC1ABCD080CDF6A33BBF182EA40B9DF3C4E58FA4B2816C1D7948ACC3CB8044
[TLS] sign_hash (32): 940C4DFFB3CF4EEAB80C4EFFAFE3FADA4E50ABC7E78875C2C7F3D7F82D37D786
[TLS] Written transcript to proofs/MSG_TLS_EBEC1ABC.out, proofs/SIG_TLS_EBEC1ABC.out and proofs/PK_TLS_EBEC1ABC.der
Signature verification succeeds
[TLS] Server time: 1619397301
[TLS] client_random  (32): 6FE0E54690266317A59FBDAD59CE2269C354B82EAADF8FD9A429969DA7A02D88
[TLS] sign_hash (32): A00053E802B9FA2F0CC91E26F7A93FE7D47FCE846585F51F922F48416A2C92F7
[TLS] Written transcript to proofs/MSG_TLS_6FE0E546.out, proofs/SIG_TLS_6FE0E546.out and proofs/PK_TLS_6FE0E546.der
Signature verification succeeds
[TLS] Server time: 1619397301
[TLS] client_random  (32): 263B23A5CFBE9A11F4FFC406012B0910E7BC9961FDE01770EDBB3BD9E9D46063
[TLS] sign_hash (32): 31C3808B74B413612BB448C013CD0ACF274FAD80CE19A87D319473410CCCEB9A
[TLS] Written transcript to proofs/MSG_TLS_263B23A5.out, proofs/SIG_TLS_263B23A5.out and proofs/PK_TLS_263B23A5.der
Signature verification succeeds
[TLS] Server time: 1619397301
[TLS] client_random  (32): 4537EDA5A15A977B955D7B3198F5BDA4BF7B72FD2D2931EBD3E2720F060CFBF1
[TLS] sign_hash (32): 4EC00DB43302D69A901A932B247236AF0E80A7690974314406165D4B36929891
[TLS] Written transcript to proofs/MSG_TLS_4537EDA5.out, proofs/SIG_TLS_4537EDA5.out and proofs/PK_TLS_4537EDA5.der
Signature verification succeeds
[TLS] Server time: 1619397301
[TLS] client_random  (32): C0614DC314FF967FFDCEDF16322CB87769E8539717C73A4FEDB29B556A047986
[TLS] sign_hash (32): 84FF8D0F96B4EC0EEFAF8FF80ED9DC7D87300B86EACB314C91871A8AB6C99392
[TLS] Written transcript to proofs/MSG_TLS_C0614DC3.out, proofs/SIG_TLS_C0614DC3.out and proofs/PK_TLS_C0614DC3.der
Signature verification succeeds
[TLS] Server time: 1619397301
[TLS] client_random  (32): 0992CA9FABA18FDB1FF127FE46242F02B77505E3B3F59FF8E12BE9AF85257E07
[TLS] sign_hash (32): 83E53DE72BDBAD05511C15DE5CA24CC72BD204F58C6773EF5CF6BDFF257D0BA8
[TLS] Written transcript to proofs/MSG_TLS_0992CA9F.out, proofs/SIG_TLS_0992CA9F.out and proofs/PK_TLS_0992CA9F.der
Signature verification succeeds
[TLS] Server time: 1619397302
[TLS] client_random  (32): C3FFCA5D78110A8D108B0FA04AC7A390103FC7450C981CDE5D2CE259B308CA3E
[TLS] sign_hash (32): CFA52974E707325987C501936F9963D91DB2E982E74515054671B863CF8FFAD2
[TLS] Written transcript to proofs/MSG_TLS_C3FFCA5D.out, proofs/SIG_TLS_C3FFCA5D.out and proofs/PK_TLS_C3FFCA5D.der
Signature verification succeeds
[TLS] Server time: 1619397303
[TLS] client_random  (32): 90F8E4E58E0040BD113FEB4481F344C8D0532B584DE6CC7EA5ED08429127844D
[TLS] sign_hash (32): 483948723DE0E547E6E5C78F79CDA3F419307CE81ED20CF502BFB1C198DEBCEC
[TLS] Written transcript to proofs/MSG_TLS_90F8E4E5.out, proofs/SIG_TLS_90F8E4E5.out and proofs/PK_TLS_90F8E4E5.der
Signature verification succeeds
[TLS] Server time: 1619397303
[TLS] client_random  (32): 55529F826B8367E29E1D273454A8276DF159151CBC627F23DDBA95AD85C9C25A
[TLS] sign_hash (32): 62B2B951605BCBE9B109DDA2C179E782B7DDBC9B11DDB4944610833F11EECB85
[TLS] Written transcript to proofs/MSG_TLS_55529F82.out, proofs/SIG_TLS_55529F82.out and proofs/PK_TLS_55529F82.der
Signature verification succeeds
[TLS] Server time: 1619397304
[TLS] client_random  (32): 473D93B7BEC94E78F5BC801F4C86D097997F24D4EB746CEB9203552DF8904C99
[TLS] sign_hash (32): B3C18D7461EA83ABA8F02FFD63668F3DB64E024F6889EE1AA3AE7B730EDB2278
[TLS] Written transcript to proofs/MSG_TLS_473D93B7.out, proofs/SIG_TLS_473D93B7.out and proofs/PK_TLS_473D93B7.der
Signature verification succeeds
[TLS] Server time: 1619397304
[TLS] client_random  (32): 04EF6BA78AEEA5CF4B215457F0AC2E6B33E6763D91A5FF0B5C062966AD30AC81
[TLS] sign_hash (32): 5B34471A2F21B059F701070B6B6D6A6DB262B52FB825DF210EA879973C2C9BF7
[TLS] Written transcript to proofs/MSG_TLS_04EF6BA7.out, proofs/SIG_TLS_04EF6BA7.out and proofs/PK_TLS_04EF6BA7.der
Signature verification succeeds
[TLS] Server time: 1619397304
[TLS] client_random  (32): 535C6AF76292C3B3C91FAFB0C7627A4401C1AC9044D06CB5B824683B667D83A3
[TLS] sign_hash (32): EE6E2CF2924F60277195D5627BB84F4658EA6F1E4D6DF1DB677895E05F88B4E9
[TLS] Written transcript to proofs/MSG_TLS_535C6AF7.out, proofs/SIG_TLS_535C6AF7.out and proofs/PK_TLS_535C6AF7.der
Signature verification succeeds
[TLS] Server time: 1619397304
[TLS] client_random  (32): 7E47C172D15DA95614253F9F64033A08E1CE92A72562AF96572F90046B6FC12F
[TLS] sign_hash (32): 3D83CE61D5A2BB2173F797CE5C93B30FC7185F78F4624369BDDA2BA2129B5DCC
[TLS] Written transcript to proofs/MSG_TLS_7E47C172.out, proofs/SIG_TLS_7E47C172.out and proofs/PK_TLS_7E47C172.der
Signature verification succeeds
[TLS] Server time: 1619397305
[TLS] client_random  (32): 6070F5FFED8488F3A0B85E72804B221873C860389B80FF4BC56FD2599FB46FBE
[TLS] sign_hash (32): 98FAB513DA22C060B5AECA8075E973AB6AF425B67F105A9A49F05D829F3B1B19
[TLS] Written transcript to proofs/MSG_TLS_6070F5FF.out, proofs/SIG_TLS_6070F5FF.out and proofs/PK_TLS_6070F5FF.der
Signature verification succeeds
[TLS] Server time: 1619397305
[TLS] client_random  (32): 95933CF3CDA30DAAF3B8B9705519021D5DE3D7CB3C22379B692E5EE08F4CFF8F
[TLS] sign_hash (32): 6CD11A904E3C2A0C43F6AB67C3A38A373F5041A16D3F2817DE2C5CDE5BE2F525
[TLS] Written transcript to proofs/MSG_TLS_95933CF3.out, proofs/SIG_TLS_95933CF3.out and proofs/PK_TLS_95933CF3.der
Signature verification succeeds
[TLS] Server time: 1619397305
[TLS] client_random  (32): 77AB1D4687B4C82B7EBFA3A0C3845C6E8FE46276606C6553EF5D25A8D09494AE
[TLS] sign_hash (32): FB8C91503C386C41E0C442666C754EDEC18C56F8797A2E6EAD2C348F4BE39937
[TLS] Written transcript to proofs/MSG_TLS_77AB1D46.out, proofs/SIG_TLS_77AB1D46.out and proofs/PK_TLS_77AB1D46.der
Signature verification succeeds
[TLS] Server time: 1619397305
[TLS] client_random  (32): 6E17D674F3928EC7642AD4F20DB912CD39B285575433D455734337C5CD15547B
[TLS] sign_hash (32): 60C791B7FB2F8E745035E4705E2A5D13D5E3B3E8B238ABEAB81E240663635602
[TLS] Written transcript to proofs/MSG_TLS_6E17D674.out, proofs/SIG_TLS_6E17D674.out and proofs/PK_TLS_6E17D674.der
Signature verification succeeds
[TLS] Server time: 1619397305
[TLS] client_random  (32): 121D1F4167D8BAFD46A20A7E76898FB1070A551CD84E923B82872584C89AC4B3
[TLS] sign_hash (32): C8D17FA6CE6D5B32F313E352BF9FB712530FEF2845810129469DE51FFE78D2EE
[TLS] Written transcript to proofs/MSG_TLS_121D1F41.out, proofs/SIG_TLS_121D1F41.out and proofs/PK_TLS_121D1F41.der
Signature verification succeeds
[TLS] Server time: 1619397305
[TLS] client_random  (32): 49949130DBA887EB579A95594D41515AF194CD7992980090540F0E52E51EF98C
[TLS] sign_hash (32): 9FBD50B756722F39769B513AA376C8B58457DE4656618FB9F5C422FC15B7685B
[TLS] Written transcript to proofs/MSG_TLS_49949130.out, proofs/SIG_TLS_49949130.out and proofs/PK_TLS_49949130.der
Signature verification succeeds
[TLS] Server time: 1619397305
[TLS] client_random  (32): 0F964A45F8AEB42EB5E5A01CEDAB11A09CF8DF96DECD41367F1C8EF22BD6FED2
[TLS] sign_hash (32): 1324EE88168CDA211EAF457DE0964D97403958255CF80BA67504C12E14E42E8A
[TLS] Written transcript to proofs/MSG_TLS_0F964A45.out, proofs/SIG_TLS_0F964A45.out and proofs/PK_TLS_0F964A45.der
Signature verification succeeds
[TLS] Server time: 1619397305
[TLS] client_random  (32): 42E096C9AF80F043D41F432AB7F815DEB30926B78D3ED2B84322A1CF956BCE32
[TLS] sign_hash (32): EA93D942AC003674D3C63EC4814E546C3D64FCAFBD78901090DC318CB8183D98
[TLS] Written transcript to proofs/MSG_TLS_42E096C9.out, proofs/SIG_TLS_42E096C9.out and proofs/PK_TLS_42E096C9.der
Signature verification succeeds
[TLS] Server time: 1619397306
[TLS] client_random  (32): A351D7E2D7ADCD7EACF1AA329C808927E7AB5869E206DE4C346003A261495401
[TLS] sign_hash (32): E27496F58013CEB2A58C015A5B77FC3CB0B92805C057906906E830C79EBBBB6D
[TLS] Written transcript to proofs/MSG_TLS_A351D7E2.out, proofs/SIG_TLS_A351D7E2.out and proofs/PK_TLS_A351D7E2.der
Signature verification succeeds
[TLS] Server time: 1619397306
[TLS] client_random  (32): F7732841DD123AA1BB06E4F8B19589BB503D46ADC8D783C7BA15308D4E4F0D26
[TLS] sign_hash (32): C975F3A7188AC4933C425BA95C57D1789DC88F15A382C2D93E4AF553856D5D71
[TLS] Written transcript to proofs/MSG_TLS_F7732841.out, proofs/SIG_TLS_F7732841.out and proofs/PK_TLS_F7732841.der
Signature verification succeeds
[TLS] Server time: 1619397306
[TLS] client_random  (32): E5BB9F354194B8BF17470AF09A480EE012C1C9725F4A2EC8A7D6E68183051520
[TLS] sign_hash (32): 27F4B5E51A90CA29B9B57318FC2C3A8609330FB660707B63030ACC8F634F9AF9
[TLS] Written transcript to proofs/MSG_TLS_E5BB9F35.out, proofs/SIG_TLS_E5BB9F35.out and proofs/PK_TLS_E5BB9F35.der
Signature verification succeeds
[TLS] Server time: 1619397306
[TLS] client_random  (32): 74571D8B1846B39DE279B2D451735C55615BF00FA7DFB7BAD67DD872699AAF22
[TLS] sign_hash (32): C26D8116C2FCDB7BE78876819D4307634B416517AABE70B26382C18CAAC6CAA5
[TLS] Written transcript to proofs/MSG_TLS_74571D8B.out, proofs/SIG_TLS_74571D8B.out and proofs/PK_TLS_74571D8B.der
Signature verification succeeds
[TLS] Server time: 1619397306
[TLS] client_random  (32): 32A819D4BC4AF062DEC00067DB6BDB4D39AC85C1B478A6A5508A91E42FD5EB44
[TLS] sign_hash (32): C6C223AC90A488187894CADBD16142FAC20350359139ADE093052E97DA02C9E9
[TLS] Written transcript to proofs/MSG_TLS_32A819D4.out, proofs/SIG_TLS_32A819D4.out and proofs/PK_TLS_32A819D4.der
Signature verification succeeds
[TLS] Server time: 1619397306
[TLS] client_random  (32): F1ADC5C58906BF9E5391EB5CBE3D91E98C8F2A6CCBC0B9A445D96517EB63015E
[TLS] sign_hash (32): 1CC161F7D9B4D01F3B53FB9209D471AB99E55C15C2942AA11A695AB5E8BBAF6E
[TLS] Written transcript to proofs/MSG_TLS_F1ADC5C5.out, proofs/SIG_TLS_F1ADC5C5.out and proofs/PK_TLS_F1ADC5C5.der
Signature verification succeeds
[TLS] Server time: 1619397306
[TLS] client_random  (32): F8A852EB3B7EA239C5CD00A1AA4869E86AE2315840AFEBE0B6D2548ED73F5A27
[TLS] sign_hash (32): B2E21741BD5D731A80DBD9566DEF9ACD6A8875824FA2DCDC89A96BE115154D38
[TLS] Written transcript to proofs/MSG_TLS_F8A852EB.out, proofs/SIG_TLS_F8A852EB.out and proofs/PK_TLS_F8A852EB.der
Signature verification succeeds
[TLS] Server time: 1619397306
[TLS] client_random  (32): 49DD4622D0FA9D1D4BF44C9873533B4C87C9A8EAF179074654926AD9E94B13B0
[TLS] sign_hash (32): 3EA38A20A3315DBDA43334BC0E1C8B48F406ABA9BEE8EE4E5391BD920F3497D1
[TLS] Written transcript to proofs/MSG_TLS_49DD4622.out, proofs/SIG_TLS_49DD4622.out and proofs/PK_TLS_49DD4622.der
Signature verification succeeds
[TLS] Server time: 1619397306
[TLS] client_random  (32): 10DE39789302D9F80623277D4B69267D99EF11697A3097372A327E70842264D3
[TLS] sign_hash (32): 3EE56C1833E980CD4CD1A03BF39C9EC36A3DECEDB7077C8AC326B71B0FB39691
[TLS] Written transcript to proofs/MSG_TLS_10DE3978.out, proofs/SIG_TLS_10DE3978.out and proofs/PK_TLS_10DE3978.der
Signature verification succeeds
[TLS] Server time: 1619397306
[TLS] client_random  (32): 322AD3872189740A19CD7551C2930340458EC714E74AFB2A10BC6B002F3E2C62
[TLS] sign_hash (32): 20308B5D5841D88B82CF07F544023DCB853F549AE687BF3CE40D8BBCE98B5AA3
[TLS] Written transcript to proofs/MSG_TLS_322AD387.out, proofs/SIG_TLS_322AD387.out and proofs/PK_TLS_322AD387.der
Signature verification succeeds
[TLS] Server time: 1619397306
[TLS] client_random  (32): 321421027AD58E631E91BB1925C767B790CACEC2F57261BCCD7A791FAF0C3EBD
[TLS] sign_hash (32): 862865B6357924E923E7F14868A739F53F255C895943205239E977FC5CF85091
[TLS] Written transcript to proofs/MSG_TLS_32142102.out, proofs/SIG_TLS_32142102.out and proofs/PK_TLS_32142102.der
Signature verification succeeds
[TLS] Server time: 1619397306
[TLS] client_random  (32): 26B8DE764F0032CC800FFFC0AD661685F259B5AD95B98A512B7F2358D7FF9568
[TLS] sign_hash (32): 8999FCE0068960A94146D6E522AB3945A9579BC2B6C10745667C3E915B6A0612
[TLS] Written transcript to proofs/MSG_TLS_26B8DE76.out, proofs/SIG_TLS_26B8DE76.out and proofs/PK_TLS_26B8DE76.der
Signature verification succeeds
[TLS] Server time: 1619397306
[TLS] client_random  (32): E10772F7FE74F39526B56D8670CB597AAA4C53AD2464F89E1AD47BC7438D17D3
[TLS] sign_hash (32): 99331051F5F5CCC185FD88D8379E9F16960B4718E5523517C93EE7B230C84123
[TLS] Written transcript to proofs/MSG_TLS_E10772F7.out, proofs/SIG_TLS_E10772F7.out and proofs/PK_TLS_E10772F7.der
Signature verification succeeds
[TLS] Server time: 1619397306
[TLS] client_random  (32): 5385FA042B487175B2D927747BB409B90B4608CD4A015EC54A71D7A2AE76033E
[TLS] sign_hash (32): A6B3BE25AC2BA82A4B90609FAC07F1528166C29CC0899E4EB65294BBD3E2CCE6
[TLS] Written transcript to proofs/MSG_TLS_5385FA04.out, proofs/SIG_TLS_5385FA04.out and proofs/PK_TLS_5385FA04.der
Signature verification succeeds
[TLS] Server time: 1619397306
[TLS] client_random  (32): 81D38999757E6A82EE5DA9502DA5280BC5F0753A03052A90A878EE33DBB9FDF4
[TLS] sign_hash (32): 8FEFE8705ABA46B7C3CAEF69D40CAA7CB6835870A8916A76ABE9335E9EE9F01D
[TLS] Written transcript to proofs/MSG_TLS_81D38999.out, proofs/SIG_TLS_81D38999.out and proofs/PK_TLS_81D38999.der
Signature verification succeeds
[TLS] Server time: 1619397306
[TLS] client_random  (32): 7F99CCDE4AA1074E7F950BE23D0BE656771018FB2982C341EC8EA3D64794F1C6
[TLS] sign_hash (32): F7A91A7D9259AE980BA6E1EEC853609FA9980CFB30BBFB8DCFEDA9C097A6D386
[TLS] Written transcript to proofs/MSG_TLS_7F99CCDE.out, proofs/SIG_TLS_7F99CCDE.out and proofs/PK_TLS_7F99CCDE.der
Signature verification succeeds
[TLS] Server time: 1619397307
[TLS] client_random  (32): 7A50EE3DE3EFA5F0A1043ACEAD4C180017ADED163C7BB31043823F0D975BC036
[TLS] sign_hash (32): 039373F6E5AFEC7847D677BACF61D6473011EABCE5002EEC25E1B07DE40B0CBC
[TLS] Written transcript to proofs/MSG_TLS_7A50EE3D.out, proofs/SIG_TLS_7A50EE3D.out and proofs/PK_TLS_7A50EE3D.der
Signature verification succeeds
[TLS] Server time: 1619397307
[TLS] client_random  (32): 7F2AB999389918507CC59DFB5C59302F80BB3ED63BA86A13F8D86A2B7E96B592
[TLS] sign_hash (32): 58179047844AAFBC5B8D8756FCB814F40D001C852E8B8EDCA20A89757B358CDB
[TLS] Written transcript to proofs/MSG_TLS_7F2AB999.out, proofs/SIG_TLS_7F2AB999.out and proofs/PK_TLS_7F2AB999.der
Signature verification succeeds
[TLS] Server time: 1619397307
[TLS] client_random  (32): 6280B4D132EC2767415CEA49B5B78113E00DA0DA9438CFAB4A9D96D5DED150DA
[TLS] sign_hash (32): EC536A82CCE34F79C639C584B4D00C07044E550DBC62B2ED5279167D0B752E60
[TLS] Written transcript to proofs/MSG_TLS_6280B4D1.out, proofs/SIG_TLS_6280B4D1.out and proofs/PK_TLS_6280B4D1.der
Signature verification succeeds
[TLS] Server time: 1619397307
[TLS] client_random  (32): AB7BEC6B9A0D4505958057122233773672FDA1A75CE73590EA282E56C4B04906
[TLS] sign_hash (32): 55C96185A454F0A16FC1125287B4CD5931D13AA089FA429430F38B6959483480
[TLS] Written transcript to proofs/MSG_TLS_AB7BEC6B.out, proofs/SIG_TLS_AB7BEC6B.out and proofs/PK_TLS_AB7BEC6B.der
Signature verification succeeds
[TLS] Server time: 1619397307
[TLS] client_random  (32): A5E66DD272CCF01DB759F4366AC0BC51833402E352DF7D277019C93219093ACC
[TLS] sign_hash (32): 7AFB3352671E78950579E9317AD2DD951D68C45127D4FC7BA5D6FEB621E10ABB
[TLS] Written transcript to proofs/MSG_TLS_A5E66DD2.out, proofs/SIG_TLS_A5E66DD2.out and proofs/PK_TLS_A5E66DD2.der
Signature verification succeeds
[TLS] Server time: 1619397307
[TLS] client_random  (32): 3F896471066E52DFF92A90DF01370292E554CB0451039060DF2D6C1F2F65C512
[TLS] sign_hash (32): DD39EED54709FCA9A455A3A3BCA89E24D8DCA19C36B704206E5655805BE81EAE
[TLS] Written transcript to proofs/MSG_TLS_3F896471.out, proofs/SIG_TLS_3F896471.out and proofs/PK_TLS_3F896471.der
Signature verification succeeds
[TLS] Server time: 1619397307
[TLS] client_random  (32): D8B3656E6E96A7D82AD45419144C7A90CD782D8469EC7997D034FEAD658D6D7C
[TLS] sign_hash (32): D8ADFDD0A27DA923614922F0293588F38A755D8C882F4032A494B856B6D760E2
[TLS] Written transcript to proofs/MSG_TLS_D8B3656E.out, proofs/SIG_TLS_D8B3656E.out and proofs/PK_TLS_D8B3656E.der
Signature verification succeeds
[TLS] Server time: 1619397307
[TLS] client_random  (32): C2CB8CE961AE2F7E6EAF85350014CAE726823AEEAA7524C2E67B24EE5B898447
[TLS] sign_hash (32): 2A7E1FB863A8BD7A6DA529D5F464C970C2FDBD5715993F8F65E6386B5E04F622
[TLS] Written transcript to proofs/MSG_TLS_C2CB8CE9.out, proofs/SIG_TLS_C2CB8CE9.out and proofs/PK_TLS_C2CB8CE9.der
Signature verification succeeds
[TLS] Server time: 1619397307
[TLS] client_random  (32): B7E5338D8DD2AB58840F3CCB9F798BDE02BACC2C33F007CFD82F2611381C6836
[TLS] sign_hash (32): D72D2F964B042724E1BC9D6A5F8D3D17D23CFD1397D738320ACCC483FB22BB5D
[TLS] Written transcript to proofs/MSG_TLS_B7E5338D.out, proofs/SIG_TLS_B7E5338D.out and proofs/PK_TLS_B7E5338D.der
Signature verification succeeds
[TLS] Server time: 1619397307
[TLS] client_random  (32): 55D4F6DB34E412A2529B7C3CA85D6A98F1FF007DBA1B9F3BCC03E60147118A7F
[TLS] sign_hash (32): 5940AC30A07BBD5BDFEDB16BB6F6DE280EF3646F75DA6B2160FF0446E49128E2
[TLS] Written transcript to proofs/MSG_TLS_55D4F6DB.out, proofs/SIG_TLS_55D4F6DB.out and proofs/PK_TLS_55D4F6DB.der
Signature verification succeeds
[TLS] Server time: 1619397307
[TLS] client_random  (32): 1B2396E29531B44FD21F0D7C51F9C2CBE2F5443F7CB062DCB3B9AEF67B0EEB9D
[TLS] sign_hash (32): 878B35501EF23C315731D62B39485299C33E0F5B09FA786FEC02C16402AC82F7
[TLS] Written transcript to proofs/MSG_TLS_1B2396E2.out, proofs/SIG_TLS_1B2396E2.out and proofs/PK_TLS_1B2396E2.der
Signature verification succeeds
[TLS] Server time: 1619397307
[TLS] client_random  (32): 16144E406D59A9EB38976FE97AD4398867E7DE4F6ACE2736EFA0CC43FC6FE026
[TLS] sign_hash (32): A5264493B1DBDB08DA1059CF3791EF81B6592CBA0B3F1B27F6162A12BE825584
[TLS] Written transcript to proofs/MSG_TLS_16144E40.out, proofs/SIG_TLS_16144E40.out and proofs/PK_TLS_16144E40.der
Signature verification succeeds
[TLS] Server time: 1619397307
[TLS] client_random  (32): 6F99220B8720CB2926CF022FF446A2171FF95C77C87FB5706DA790011F7198BE
[TLS] sign_hash (32): 85E75D7CB326AE324A3148C26C7D26290B183F8BA241EAE8B9DC15FA4367B459
[TLS] Written transcript to proofs/MSG_TLS_6F99220B.out, proofs/SIG_TLS_6F99220B.out and proofs/PK_TLS_6F99220B.der
Signature verification succeeds
[TLS] Server time: 1619397307
[TLS] client_random  (32): 30DC8EEE965F4EFBAFA5771BF1314172E8B0FCC8E98A131C8444A3586333FD2B
[TLS] sign_hash (32): 4C3E4BF5F547280422E0826619FC3937CF6DB942B6665046C4607BC2E63F83D6
[TLS] Written transcript to proofs/MSG_TLS_30DC8EEE.out, proofs/SIG_TLS_30DC8EEE.out and proofs/PK_TLS_30DC8EEE.der
Signature verification succeeds
[TLS] Server time: 1619397307
[TLS] client_random  (32): 8C50F157CE838E8469F254B6A77D11628C1A58DF4B57ECCD9FCB4B5117F644A5
[TLS] sign_hash (32): 27676AE005B16074D905CBBEE3E66B29EB1A4AFDF85CBF5F7A90256BD0FFC3A8
[TLS] Written transcript to proofs/MSG_TLS_8C50F157.out, proofs/SIG_TLS_8C50F157.out and proofs/PK_TLS_8C50F157.der
Signature verification succeeds
[TLS] Server time: 1619397307
[TLS] client_random  (32): 15A3098A40CE4523EE93BB8CD213AE7B6DBEC7755BA312DBF0A5D774EC0B1588
[TLS] sign_hash (32): CA5A46D18E746FA16D7E13E7839BCE2256A949A52AAB3944D02AC08187EB2329
[TLS] Written transcript to proofs/MSG_TLS_15A3098A.out, proofs/SIG_TLS_15A3098A.out and proofs/PK_TLS_15A3098A.der
Signature verification succeeds
[TLS] Server time: 1619397307
[TLS] client_random  (32): 5F15E0DBECCEC892A2EFC59DFC9DD014D04D164BF1F7340BEE199C266F603568
[TLS] sign_hash (32): D57C1BF05AA1FBBD28511AD670E433FA9010D746B7E034396882E3EC935EE1A9
[TLS] Written transcript to proofs/MSG_TLS_5F15E0DB.out, proofs/SIG_TLS_5F15E0DB.out and proofs/PK_TLS_5F15E0DB.der
Signature verification succeeds
[TLS] Server time: 1619397307
[TLS] client_random  (32): 35FE4A6877C601934A423F23163ED041B1E78D6F162476792000F9A20E93748F
[TLS] sign_hash (32): C9D18962C8752978127771A357A73D28DBE082FA9D49E2E55539792A98A72936
[TLS] Written transcript to proofs/MSG_TLS_35FE4A68.out, proofs/SIG_TLS_35FE4A68.out and proofs/PK_TLS_35FE4A68.der
Signature verification succeeds
[TLS] Server time: 1619397307
[TLS] client_random  (32): A35C6B2425B70C76CC564F6E745FCFB6E29F4B6372EF050CDEB50F0000A1B373
[TLS] sign_hash (32): 7E8DA9DFC3313A6323BA837BA75050075D6CF910DA34C0C7012ABD3C738AA6E6
[TLS] Written transcript to proofs/MSG_TLS_A35C6B24.out, proofs/SIG_TLS_A35C6B24.out and proofs/PK_TLS_A35C6B24.der
Signature verification succeeds
[TLS] Server time: 1619397307
[TLS] client_random  (32): 31B4487A423779D168D706B8BC1D2E318FC7BD74C1BE3CD586DCE382DBE8CED3
[TLS] sign_hash (32): 6BCF7BC3059A4F7FD359F3E19C96009F2500AA408E88115B0468E2CA6884D82C
[TLS] Written transcript to proofs/MSG_TLS_31B4487A.out, proofs/SIG_TLS_31B4487A.out and proofs/PK_TLS_31B4487A.der
Signature verification succeeds
[TLS] Server time: 1619397307
[TLS] client_random  (32): 5F42AF96615EE0D24A4C124E12F4E3F1D7CB2BD55A49FD9371EB31BB6FEDA564
[TLS] sign_hash (32): 33E31D9E13D8FB206C5BD56E9E86D44BBC2EDDAAA86C69B0E3EC89E2A935DEA2
[TLS] Written transcript to proofs/MSG_TLS_5F42AF96.out, proofs/SIG_TLS_5F42AF96.out and proofs/PK_TLS_5F42AF96.der
Signature verification succeeds
[TLS] Server time: 1619397307
[TLS] client_random  (32): B148DBA406222C1EF63501594DD22D9F0FB362AA776A15D694C7E8C3A7DECD57
[TLS] sign_hash (32): 92A907AE0326CE5ADF85565794B8D85204AC47FF8C6E93753F070A3833EC5B09
[TLS] Written transcript to proofs/MSG_TLS_B148DBA4.out, proofs/SIG_TLS_B148DBA4.out and proofs/PK_TLS_B148DBA4.der
Signature verification succeeds
[TLS] Server time: 1619397307
[TLS] client_random  (32): E3AE7AA5A0B6DE6C0A2B6793A030F405C9F9AAF042F195DE660CF7A45729764F
[TLS] sign_hash (32): 7C8E3C7D8D6F9E08F85891030D085D5D2C9B23E1DE0CC813341D28B83755C16E
[TLS] Written transcript to proofs/MSG_TLS_E3AE7AA5.out, proofs/SIG_TLS_E3AE7AA5.out and proofs/PK_TLS_E3AE7AA5.der
Signature verification succeeds
[TLS] Server time: 1619397307
[TLS] client_random  (32): 3B80602172C03A13C996E9935574097EA04EF3CC825029ADD01954F9DA1AAE52
[TLS] sign_hash (32): 5F13679C0B4ECFDCE90708DC1031206ABC58E6B8EC50F4746CE40624C3362148
[TLS] Written transcript to proofs/MSG_TLS_3B806021.out, proofs/SIG_TLS_3B806021.out and proofs/PK_TLS_3B806021.der
Signature verification succeeds
Time breakdown (averages): anchor_ping:90.415790 file_read:0.143673 hashing:0.470490
Total time for 71 rounds is 6553.546139ms
Standard deviations: anchor_ping:233.054557 file_read:0.017524 hashing:0.005239
[Client-side ops] mean:0.614163 sd:0.018666
in & out anchor rand written to proofs/phase1.out
     17 [TLS] Server time: 1619397301
      1 [TLS] Server time: 1619397302
      2 [TLS] Server time: 1619397303
      4 [TLS] Server time: 1619397304
      8 [TLS] Server time: 1619397305
     16 [TLS] Server time: 1619397306
     24 [TLS] Server time: 1619397307
Count is 17
Count is 1
Count is 2
Count is 4
Count is 8
Count is 16
Count is 24
success: 0
Sleeping before retrying
CONF: anchor:www.sunysuffolk.edu fs:1024MB n_rounds:71 seed:5c9f4bf9bbc15bb855f82faedc5a52fc3ab2dfa8ec3ba3ce1b270f31fa0cced2 filename:FILE bs:1024 nops:100 benchmarking:0 anchor_ping:1 queue_depth:32 direct:0
[TLS] Connecting to www.sunysuffolk.edu
[TLS] Server time: 1619397309
[TLS] client_random  (32): 5C9F4BF9BBC15BB855F82FAEDC5A52FC3AB2DFA8EC3BA3CE1B270F31FA0CCED2
[TLS] sign_hash (32): AB62CA2507AEC17416DFC009666AE58601357C2C90D54F59BCD01884394BDD6E
[TLS] Written transcript to proofs/MSG_TLS_5C9F4BF9.out, proofs/SIG_TLS_5C9F4BF9.out and proofs/PK_TLS_5C9F4BF9.der
Signature verification succeeds
[TLS] Server time: 1619397309
[TLS] client_random  (32): A71A5B9D68A11C7B1FC9323FA678234EDD7C5796359E707C3667A236F7A45655
[TLS] sign_hash (32): AE931C01AE7AC43D0D828E3930C98A1030592A3934044D6F1C9433E4438FB993
[TLS] Written transcript to proofs/MSG_TLS_A71A5B9D.out, proofs/SIG_TLS_A71A5B9D.out and proofs/PK_TLS_A71A5B9D.der
Signature verification succeeds
[TLS] Server time: 1619397309
[TLS] client_random  (32): 287320C433CB0F4E1876F5BB033910674404D33CBA853D94348F5A2363556508
[TLS] sign_hash (32): 07E5569E91BAC5B4648ABA188B3B03365A0FEC828D5E581B3A9E526B21AAD37F
[TLS] Written transcript to proofs/MSG_TLS_287320C4.out, proofs/SIG_TLS_287320C4.out and proofs/PK_TLS_287320C4.der
Signature verification succeeds
[TLS] Server time: 1619397309
[TLS] client_random  (32): 9BC32197B28157B8CDEFE1AA005E3EF334998AC9B0899745752916170A80F899
[TLS] sign_hash (32): F3198CE9195DC5BB82E0DA2C9E4354BCFBA485AE1AB27D1FA11C2C2EC6A08890
[TLS] Written transcript to proofs/MSG_TLS_9BC32197.out, proofs/SIG_TLS_9BC32197.out and proofs/PK_TLS_9BC32197.der
Signature verification succeeds
[TLS] Server time: 1619397309
[TLS] client_random  (32): E8BC1D79DB5C8251FA59FCFFEDE31B068B24B5CD05397F70150B2649ECFEE320
[TLS] sign_hash (32): 58C25B5A142112C9E1EEECA6CF9BE278CB05F0B9090000F8D02C04F9690D25FC
[TLS] Written transcript to proofs/MSG_TLS_E8BC1D79.out, proofs/SIG_TLS_E8BC1D79.out and proofs/PK_TLS_E8BC1D79.der
Signature verification succeeds
[TLS] Server time: 1619397309
[TLS] client_random  (32): 34090E0AD72EC43DC92B4DEB5517A42B3F46B1E85768BF412AB81615BE76E76C
[TLS] sign_hash (32): 2BB320911C1F036DABAB2BB1627EE58F29F8F2B06B5808313B8E57349A82AEB9
[TLS] Written transcript to proofs/MSG_TLS_34090E0A.out, proofs/SIG_TLS_34090E0A.out and proofs/PK_TLS_34090E0A.der
Signature verification succeeds
[TLS] Server time: 1619397309
[TLS] client_random  (32): CFE0619E9EE3296364461264EA6B623D74F8340C26129B12AD0B7F37F19E5F51
[TLS] sign_hash (32): C1425D609E9DA9D1E66D60843A5412AA2F7DBFF710775AC688D941E84A5C6D16
[TLS] Written transcript to proofs/MSG_TLS_CFE0619E.out, proofs/SIG_TLS_CFE0619E.out and proofs/PK_TLS_CFE0619E.der
Signature verification succeeds
[TLS] Server time: 1619397309
[TLS] client_random  (32): AE6D2197DF367A66BD4FF620561CC4A6F23BD176DB2D99E9CB19191F3EA3058D
[TLS] sign_hash (32): 8568D3F99C9DA9B9B3A13B8E8A4BF13EDF0082FA8E1A131DE8A2826ECF340C8A
[TLS] Written transcript to proofs/MSG_TLS_AE6D2197.out, proofs/SIG_TLS_AE6D2197.out and proofs/PK_TLS_AE6D2197.der
Signature verification succeeds
[TLS] Server time: 1619397309
[TLS] client_random  (32): 06BA93982E97D8647B646446668F2FB5BAE50E27F833D78A9713A1DE6F44A3D1
[TLS] sign_hash (32): C9578C1DEFB13B25A252F31A3BA7DD4D81733FF149E2BDF8E8F33070FC72EEB0
[TLS] Written transcript to proofs/MSG_TLS_06BA9398.out, proofs/SIG_TLS_06BA9398.out and proofs/PK_TLS_06BA9398.der
Signature verification succeeds
[TLS] Server time: 1619397309
[TLS] client_random  (32): 4BA64EAE6E5287BB8214F9F547FA4D255302B469B05B1ECA4B3721DFFA15C952
[TLS] sign_hash (32): 6B3E60EFFFE802CA1914E9A40E0700E50BDDEB8B3BEC8E668A4171CECAEBE086
[TLS] Written transcript to proofs/MSG_TLS_4BA64EAE.out, proofs/SIG_TLS_4BA64EAE.out and proofs/PK_TLS_4BA64EAE.der
Signature verification succeeds
[TLS] Server time: 1619397309
[TLS] client_random  (32): 90E7A0D459481BBE4C7B65FBD92FB2A7CCB483EBCA622B4C4F555DB30F25DC54
[TLS] sign_hash (32): CC4A85CED40B029AD0E455E8BB6F1D145F9C618385EDBEAC534C01BEA7D2D508
[TLS] Written transcript to proofs/MSG_TLS_90E7A0D4.out, proofs/SIG_TLS_90E7A0D4.out and proofs/PK_TLS_90E7A0D4.der
Signature verification succeeds
[TLS] Server time: 1619397309
[TLS] client_random  (32): 82463871B6B046D7D2CA159D2EBEB1E3C48098BF6ACD6754E1F626643EE605B4
[TLS] sign_hash (32): E4349038CD8B32B2039FDF510920D665B08C042672605704440C7C3180E14432
[TLS] Written transcript to proofs/MSG_TLS_82463871.out, proofs/SIG_TLS_82463871.out and proofs/PK_TLS_82463871.der
Signature verification succeeds
[TLS] Server time: 1619397309
[TLS] client_random  (32): B3C909731732048C06249396C2945EFC702C11A49DBBDA1ED72BE5C8692B81B2
[TLS] sign_hash (32): 9DCC61EEF8A62318B784E544A6C37CBD3BAD146CC89DC70671FAB4B144B595A3
[TLS] Written transcript to proofs/MSG_TLS_B3C90973.out, proofs/SIG_TLS_B3C90973.out and proofs/PK_TLS_B3C90973.der
Signature verification succeeds
[TLS] Server time: 1619397309
[TLS] client_random  (32): 00912B7F74403B66EC67723BF503866C4D057934937B596389C7476B61A15515
[TLS] sign_hash (32): 7B700C404479B47394E057243C065FF237097F667268284A4902DDA34E739FD9
[TLS] Written transcript to proofs/MSG_TLS_00912B7F.out, proofs/SIG_TLS_00912B7F.out and proofs/PK_TLS_00912B7F.der
Signature verification succeeds
[TLS] Server time: 1619397309
[TLS] client_random  (32): 4CBDF2ADA72D6AAEDAED1ACD80DA84AD248A23006E52B9DC0DB64578925A73BD
[TLS] sign_hash (32): 86F49E9FE5BFEF67E632477F78B6653CD8024DAD7AF916A447ACDDBB870B8A8A
[TLS] Written transcript to proofs/MSG_TLS_4CBDF2AD.out, proofs/SIG_TLS_4CBDF2AD.out and proofs/PK_TLS_4CBDF2AD.der
Signature verification succeeds
[TLS] Server time: 1619397309
[TLS] client_random  (32): 7E48DDCFCAE5FE9A73BB6ED0E6C0F5FA179029060271EF04C89F5FD15BEE4F39
[TLS] sign_hash (32): 6C60F8A7D5CAAEB3A0C48B94B364ECA52F6C92C79A3E8F05F711B62658A393FB
[TLS] Written transcript to proofs/MSG_TLS_7E48DDCF.out, proofs/SIG_TLS_7E48DDCF.out and proofs/PK_TLS_7E48DDCF.der
Signature verification succeeds
[TLS] Server time: 1619397309
[TLS] client_random  (32): 65A19F39EB2A07AA980FA16A90C713031A0AA1B993A2E22D8696F881F0D06FFD
[TLS] sign_hash (32): FA37411D15E658055ED404DB9771327F489ABDDFF52F27A1390B03EFFD43B006
[TLS] Written transcript to proofs/MSG_TLS_65A19F39.out, proofs/SIG_TLS_65A19F39.out and proofs/PK_TLS_65A19F39.der
Signature verification succeeds
[TLS] Server time: 1619397309
[TLS] client_random  (32): A46E6BD0B20AE8DE94CC53A5CC552CD08D3291342B00F18BDB4A7ED62CCD44EB
[TLS] sign_hash (32): F689E2033F6AEE32B7317F0ACAA432FB4B8DBF5A2F329221325AE2F33DE185E5
[TLS] Written transcript to proofs/MSG_TLS_A46E6BD0.out, proofs/SIG_TLS_A46E6BD0.out and proofs/PK_TLS_A46E6BD0.der
Signature verification succeeds
[TLS] Server time: 1619397309
[TLS] client_random  (32): 3B8879CA8BDA38F95AA10779E4FF83B0C61598DC97A4DF653B170C3D153B90B3
[TLS] sign_hash (32): 1BE83F12DFDB5F56AEE25A1DAE5AEEF2428A192FF7CAB07726920C5CD7D79741
[TLS] Written transcript to proofs/MSG_TLS_3B8879CA.out, proofs/SIG_TLS_3B8879CA.out and proofs/PK_TLS_3B8879CA.der
Signature verification succeeds
[TLS] Server time: 1619397309
[TLS] client_random  (32): 9147F7E2376762D4EEA366779294C20B3997CA84D47A449F905A5A98650944D1
[TLS] sign_hash (32): 77DF3405ACB8ABA8E44CA0746B8F380CAE1EDA5B1C1AE9AF502E3E4D50E1EB95
[TLS] Written transcript to proofs/MSG_TLS_9147F7E2.out, proofs/SIG_TLS_9147F7E2.out and proofs/PK_TLS_9147F7E2.der
Signature verification succeeds
[TLS] Server time: 1619397309
[TLS] client_random  (32): 7EB174345257B4EA12F441858DCBA1F0E250F55FDE0A25817591F47A7B3BB25A
[TLS] sign_hash (32): 695D36890201127BC91BECCD2864F11E7A3D3B5335FF45C61C83AD423097A9EC
[TLS] Written transcript to proofs/MSG_TLS_7EB17434.out, proofs/SIG_TLS_7EB17434.out and proofs/PK_TLS_7EB17434.der
Signature verification succeeds
[TLS] Server time: 1619397309
[TLS] client_random  (32): 0E6E4951BD8E0C82322918F2C143687017FAF9980D9847CF6DE06E5AB9027695
[TLS] sign_hash (32): 2DAE129D5D69AB464871A7B57202D13549D824F4CD76107DD0B4D8535FD7F8F3
[TLS] Written transcript to proofs/MSG_TLS_0E6E4951.out, proofs/SIG_TLS_0E6E4951.out and proofs/PK_TLS_0E6E4951.der
Signature verification succeeds
[TLS] Server time: 1619397309
[TLS] client_random  (32): D56552ABF00794E50731B2C0C63597EF1EBC8BA12174725D80196D1CF707CF24
[TLS] sign_hash (32): C0D1C4A51DFF38C146389DBAECEC083B386A0F10717C0F8B411EAC5105278796
[TLS] Written transcript to proofs/MSG_TLS_D56552AB.out, proofs/SIG_TLS_D56552AB.out and proofs/PK_TLS_D56552AB.der
Signature verification succeeds
[TLS] Server time: 1619397309
[TLS] client_random  (32): 6751020328EBFA5222CB3320740BD56E13D9032D2720742142B91D858305A339
[TLS] sign_hash (32): 091AE22102783F685E0EF31E509B7E24760EA87E61878A053D2E179BD0F66B77
[TLS] Written transcript to proofs/MSG_TLS_67510203.out, proofs/SIG_TLS_67510203.out and proofs/PK_TLS_67510203.der
Signature verification succeeds
[TLS] Server time: 1619397309
[TLS] client_random  (32): 089A6310F5078982202F1A6FC83C04C4ED925C1D81894184736FDF73C2AF4572
[TLS] sign_hash (32): 2F73AEF47A1E6A925BAE342700314430B4A2BA32D54D0BC57234CEC41EA6C34C
[TLS] Written transcript to proofs/MSG_TLS_089A6310.out, proofs/SIG_TLS_089A6310.out and proofs/PK_TLS_089A6310.der
Signature verification succeeds
[TLS] Server time: 1619397309
[TLS] client_random  (32): 26FE139868D5923A4EB30DBAC7D5A5E947E9FAA91596E118458749A56522ABDB
[TLS] sign_hash (32): C8F16AF990EDBD518DB85BD8F19B0B600F0426C85D0BA4AD99B9AFB97B752045
[TLS] Written transcript to proofs/MSG_TLS_26FE1398.out, proofs/SIG_TLS_26FE1398.out and proofs/PK_TLS_26FE1398.der
Signature verification succeeds
[TLS] Server time: 1619397309
[TLS] client_random  (32): 4EB66EBF217ACF318085AB14524A7F14BCC42D0CF82BB6DCD21811E59A001663
[TLS] sign_hash (32): 7E813072F2FFBFEBCA2F0FF169EB35FB1C90AC4F15213897E79087D8CE4593FA
[TLS] Written transcript to proofs/MSG_TLS_4EB66EBF.out, proofs/SIG_TLS_4EB66EBF.out and proofs/PK_TLS_4EB66EBF.der
Signature verification succeeds
[TLS] Server time: 1619397309
[TLS] client_random  (32): FE50A43D0A4ECFBA6AC8EA9B86A373FCE921D21692CCAE378B4F2E679C463EEE
[TLS] sign_hash (32): 697B8C1A5FCB33C1A759D0C0E3C7BF3D62548A96B72C2BD7652258A13EC22B4C
[TLS] Written transcript to proofs/MSG_TLS_FE50A43D.out, proofs/SIG_TLS_FE50A43D.out and proofs/PK_TLS_FE50A43D.der
Signature verification succeeds
[TLS] Server time: 1619397309
[TLS] client_random  (32): D883002B2B501D8FCFF946CF3BF118D52FD78AE2518183E731EDEB8DF083E17D
[TLS] sign_hash (32): 224846880DD380ACBAF5A3C2D49C1B40983568F36824752E45B8DBD4EF8C7410
[TLS] Written transcript to proofs/MSG_TLS_D883002B.out, proofs/SIG_TLS_D883002B.out and proofs/PK_TLS_D883002B.der
Signature verification succeeds
[TLS] Server time: 1619397309
[TLS] client_random  (32): 72AE83A715FFAF295D7727FA354511120DE04265D4594867F6E05821781FAD2C
[TLS] sign_hash (32): DBCDACD1781075957AAC752D7596C1355D5286B29F1709B0A8484062C0A6E9A4
[TLS] Written transcript to proofs/MSG_TLS_72AE83A7.out, proofs/SIG_TLS_72AE83A7.out and proofs/PK_TLS_72AE83A7.der
Signature verification succeeds
[TLS] Server time: 1619397309
[TLS] client_random  (32): 98E688ECD9225E066139730F20FDA5B3169A4C46D9F3B6664D2BE15E36D88B8C
[TLS] sign_hash (32): 21FE206A56A1B91871E64A69C313D7D41318B70CEBA773014CAC2512B3433A85
[TLS] Written transcript to proofs/MSG_TLS_98E688EC.out, proofs/SIG_TLS_98E688EC.out and proofs/PK_TLS_98E688EC.der
Signature verification succeeds
[TLS] Server time: 1619397309
[TLS] client_random  (32): D8CA4AD144B38445BA3458A45A9BB1F31ADDE587D791BB8A8CF14F3E5A0E5212
[TLS] sign_hash (32): 0599BA6AB9A6CAF5964EB136DCE47E32B3DE89F25D721E07993430BF398BE79B
[TLS] Written transcript to proofs/MSG_TLS_D8CA4AD1.out, proofs/SIG_TLS_D8CA4AD1.out and proofs/PK_TLS_D8CA4AD1.der
Signature verification succeeds
[TLS] Server time: 1619397309
[TLS] client_random  (32): 6B14A927C94745F436E94FD21457EF111A2785693E7D3F07A03BE78CF1A2B97A
[TLS] sign_hash (32): 2EC5962E3AA898373570D6D13485AFCBAFAC1F87BD527A6F69DE93391310B4B5
[TLS] Written transcript to proofs/MSG_TLS_6B14A927.out, proofs/SIG_TLS_6B14A927.out and proofs/PK_TLS_6B14A927.der
Signature verification succeeds
[TLS] Server time: 1619397309
[TLS] client_random  (32): 4338110938C6477CE1910DAF976627C82E2F1D06327CBB452BE5DC41002DC3C6
[TLS] sign_hash (32): 6F7F6A048A61A9D86C049C611C49BB03FCB692FEB012A617214F527C2BAA9780
[TLS] Written transcript to proofs/MSG_TLS_43381109.out, proofs/SIG_TLS_43381109.out and proofs/PK_TLS_43381109.der
Signature verification succeeds
[TLS] Server time: 1619397309
[TLS] client_random  (32): A485734B700569878C955F2E4DE1C5F0DB655D1DC5C72F70A7E8E5434BBCA60B
[TLS] sign_hash (32): 464E9D8F14EEDD42657041B43BB6CE964634FEC36E55B7B7019A0E6783DFC82C
[TLS] Written transcript to proofs/MSG_TLS_A485734B.out, proofs/SIG_TLS_A485734B.out and proofs/PK_TLS_A485734B.der
Signature verification succeeds
[TLS] Server time: 1619397309
[TLS] client_random  (32): 6FCAAA5C90E5A8B9E14C3D4848758C99C861F40C89BEED8366667F9D8EA8724D
[TLS] sign_hash (32): C7F92FB7F382E4CD512AA88873F97B99274B93542E8284BE25F38C685645A01F
[TLS] Written transcript to proofs/MSG_TLS_6FCAAA5C.out, proofs/SIG_TLS_6FCAAA5C.out and proofs/PK_TLS_6FCAAA5C.der
Signature verification succeeds
[TLS] Server time: 1619397309
[TLS] client_random  (32): 305B62D645D742F4B37F13E5380AF916F80EA33B83F6DCF411EF7EAE0343825A
[TLS] sign_hash (32): AD6EDAA85BC63F97E6AD46641DEBB306AC73FBB9A33370D3B097A6258C35D00E
[TLS] Written transcript to proofs/MSG_TLS_305B62D6.out, proofs/SIG_TLS_305B62D6.out and proofs/PK_TLS_305B62D6.der
Signature verification succeeds
[TLS] Server time: 1619397309
[TLS] client_random  (32): 27A534BA92E94AF7F0E7A3E3A70EF9F413CB44B3B0270D96447A85C2FD66478B
[TLS] sign_hash (32): 2322BD7AA4DAAF1F3F75E80138CC7EA41DADE6210630AF2A5E2C563EEFB4D132
[TLS] Written transcript to proofs/MSG_TLS_27A534BA.out, proofs/SIG_TLS_27A534BA.out and proofs/PK_TLS_27A534BA.der
Signature verification succeeds
[TLS] Server time: 1619397309
[TLS] client_random  (32): 4D7CDA2B5D0DF535D598ADA1056FD755BF7C17F064950E6D86371146682A5936
[TLS] sign_hash (32): 6BBB4669D1D31543469081570850767174DC254BDB067FD007181004BBDD79F9
[TLS] Written transcript to proofs/MSG_TLS_4D7CDA2B.out, proofs/SIG_TLS_4D7CDA2B.out and proofs/PK_TLS_4D7CDA2B.der
Signature verification succeeds
[TLS] Server time: 1619397309
[TLS] client_random  (32): C4DBD78DF8A11C454514E2A46AB8A547A0776FAA86FD813EFC649B932A02BA49
[TLS] sign_hash (32): 6BA6965898CA107010A57838AACAF53850BC9F2B61E4DFABB117919C5E8F9333
[TLS] Written transcript to proofs/MSG_TLS_C4DBD78D.out, proofs/SIG_TLS_C4DBD78D.out and proofs/PK_TLS_C4DBD78D.der
Signature verification succeeds
[TLS] Server time: 1619397309
[TLS] client_random  (32): 7044D55E3FC0C62DEA8EDEB602778452721C109358D9FF156C5FDD3881F59E58
[TLS] sign_hash (32): EB274FC25F7EDB82F3F08E49622310E2001372CE602BA8B5A697807D59D7756F
[TLS] Written transcript to proofs/MSG_TLS_7044D55E.out, proofs/SIG_TLS_7044D55E.out and proofs/PK_TLS_7044D55E.der
Signature verification succeeds
[TLS] Server time: 1619397309
[TLS] client_random  (32): 558163DB6A49DFE113F932AADDA2F2481FB0F7DA42A5E8F59A6E26BCE53955BA
[TLS] sign_hash (32): 8977BB8A1A17657ADAF6FC10C50523F22A8FE61721E76D533F2D19F9427B2205
[TLS] Written transcript to proofs/MSG_TLS_558163DB.out, proofs/SIG_TLS_558163DB.out and proofs/PK_TLS_558163DB.der
Signature verification succeeds
[TLS] Server time: 1619397309
[TLS] client_random  (32): E07837AAC26A3E144F5E8CD2B795BB28B3C4B080C063C02C5F839EA6086FC130
[TLS] sign_hash (32): 233D33522DE12AFB310F397191B83DD2DF3152D8C335331D61E9F9CE5ABB0A60
[TLS] Written transcript to proofs/MSG_TLS_E07837AA.out, proofs/SIG_TLS_E07837AA.out and proofs/PK_TLS_E07837AA.der
Signature verification succeeds
[TLS] Server time: 1619397310
[TLS] client_random  (32): 1B78F585246D852196858961A3725E3B466AC60FE3FDF894526FE662CCD82FF7
[TLS] sign_hash (32): 71A2FF9A76AC644AB9CE313D5A7BC89AB08662322481C55BBEFF25F32CB0F7C4
[TLS] Written transcript to proofs/MSG_TLS_1B78F585.out, proofs/SIG_TLS_1B78F585.out and proofs/PK_TLS_1B78F585.der
Signature verification succeeds
[TLS] Server time: 1619397310
[TLS] client_random  (32): 6671E4A93D2AD07FA76CE02793BE2364CA1E6A9FBEC99992A648B3E0D35C244B
[TLS] sign_hash (32): BD9F6552659C7E6747C558B8B7CF8C6EC9885714246336F55B73C3F1AA8710EA
[TLS] Written transcript to proofs/MSG_TLS_6671E4A9.out, proofs/SIG_TLS_6671E4A9.out and proofs/PK_TLS_6671E4A9.der
Signature verification succeeds
[TLS] Server time: 1619397310
[TLS] client_random  (32): C2A8B3D5172955481839583C238CE8C0B02789C1A2AB425CE49A87C5D02415AD
[TLS] sign_hash (32): 42305F99766ED89754976B1AD174EB8023C1543033D9565C932777C94F9FEAC9
[TLS] Written transcript to proofs/MSG_TLS_C2A8B3D5.out, proofs/SIG_TLS_C2A8B3D5.out and proofs/PK_TLS_C2A8B3D5.der
Signature verification succeeds
[TLS] Server time: 1619397310
[TLS] client_random  (32): 6E6E80D9E4B3F678098560E08926185AB6D30AC21BFABC5F92E18FAE14188168
[TLS] sign_hash (32): FEA8CE941CAB020A505CD530797E943A1E4E6DBB77F85FC6F2A7D1F1702F7410
[TLS] Written transcript to proofs/MSG_TLS_6E6E80D9.out, proofs/SIG_TLS_6E6E80D9.out and proofs/PK_TLS_6E6E80D9.der
Signature verification succeeds
[TLS] Server time: 1619397310
[TLS] client_random  (32): CA620DADC636B56EF0682DA7CAD71E1536EFA5A91F00CBEB3E5EB1904A84F161
[TLS] sign_hash (32): 5C5F14A74AD036B4673984DAF01609A3E3F7E99EEAB0D8DDA1DF375868D96B33
[TLS] Written transcript to proofs/MSG_TLS_CA620DAD.out, proofs/SIG_TLS_CA620DAD.out and proofs/PK_TLS_CA620DAD.der
Signature verification succeeds
[TLS] Server time: 1619397310
[TLS] client_random  (32): C71679A64FB57DDFE935FA80399143C29F1A266AEAC59E4BAC5F95D016039B67
[TLS] sign_hash (32): 38A14543ACC101A30A0CA70B96B6C7172467EB70AF6E8F96CA2E3A9FF3D13696
[TLS] Written transcript to proofs/MSG_TLS_C71679A6.out, proofs/SIG_TLS_C71679A6.out and proofs/PK_TLS_C71679A6.der
Signature verification succeeds
[TLS] Server time: 1619397310
[TLS] client_random  (32): 6A3DC28CB0F2F34F4CACF3E0C9138320E48957CA98CE6EC4DF02D7219B825558
[TLS] sign_hash (32): 2985F206E1B0883FEBDE639A4F489FF355BC61D3A02E8D47DB58743EE18BCFF0
[TLS] Written transcript to proofs/MSG_TLS_6A3DC28C.out, proofs/SIG_TLS_6A3DC28C.out and proofs/PK_TLS_6A3DC28C.der
Signature verification succeeds
[TLS] Server time: 1619397310
[TLS] client_random  (32): B6C4C184924EB646A7BB8690D064F0BA7BE46C7DEFFCE991BCF5B282CC7FF39D
[TLS] sign_hash (32): B11473A3D477EF171DF0C16D3151BEE4FD735FD9102C4124476DC1904E2BB954
[TLS] Written transcript to proofs/MSG_TLS_B6C4C184.out, proofs/SIG_TLS_B6C4C184.out and proofs/PK_TLS_B6C4C184.der
Signature verification succeeds
[TLS] Server time: 1619397310
[TLS] client_random  (32): C640DF76DB4564235FF1CF1179604902E7E4395D932DDFBB5AD8FF69419D7552
[TLS] sign_hash (32): BBA5F08C793AE93E657ED149C3C14824D43CB002ECA4FF51D31FE477F1352ECF
[TLS] Written transcript to proofs/MSG_TLS_C640DF76.out, proofs/SIG_TLS_C640DF76.out and proofs/PK_TLS_C640DF76.der
Signature verification succeeds
[TLS] Server time: 1619397310
[TLS] client_random  (32): 7A8052569A698904520378D742CFCCB3FBA6D9B576726897BA73EEBE359A54CC
[TLS] sign_hash (32): 7056B7B5D25C85DF8D4642CB67FA9A83AF450AF9BA3E1BEEA534D43B82DEE16E
[TLS] Written transcript to proofs/MSG_TLS_7A805256.out, proofs/SIG_TLS_7A805256.out and proofs/PK_TLS_7A805256.der
Signature verification succeeds
[TLS] Server time: 1619397310
[TLS] client_random  (32): 44C6BFF42FD6CA04DE67A60B4B74C1CBEDAD941201F50649F7D449D9CB273788
[TLS] sign_hash (32): A9F98EE97258E6F2B7AE2FA2C5DABA7A5B7D4216FC0C06CA1AC462C0F9C017FE
[TLS] Written transcript to proofs/MSG_TLS_44C6BFF4.out, proofs/SIG_TLS_44C6BFF4.out and proofs/PK_TLS_44C6BFF4.der
Signature verification succeeds
[TLS] Server time: 1619397310
[TLS] client_random  (32): 6D09B6E1C202F939B541DBB27B69DFCE81A95FA60396F04185381218AF7AA827
[TLS] sign_hash (32): 0F3873F6E12C2A6412F02A338D4D72C3CB70E763A149F1A75F30176E41EA34A7
[TLS] Written transcript to proofs/MSG_TLS_6D09B6E1.out, proofs/SIG_TLS_6D09B6E1.out and proofs/PK_TLS_6D09B6E1.der
Signature verification succeeds
[TLS] Server time: 1619397310
[TLS] client_random  (32): 283B3F20B87E2C2278DCFDE98802F55C11CAFB5584AA0A416D745C89DA9DD558
[TLS] sign_hash (32): B732D8839F1D26947C540DAD48FA388381B3B65FA7C658932A1930262D148B23
[TLS] Written transcript to proofs/MSG_TLS_283B3F20.out, proofs/SIG_TLS_283B3F20.out and proofs/PK_TLS_283B3F20.der
Signature verification succeeds
[TLS] Server time: 1619397310
[TLS] client_random  (32): 947DDC7FCAFBAD0E31FA206A5A1FBEB107B2536C6CB73B1271A89BFDF9CB26F1
[TLS] sign_hash (32): 26A67AB29C6158BB09997F3263F44A20B1EA66A3AFCF6D38EC10DC22BA118753
[TLS] Written transcript to proofs/MSG_TLS_947DDC7F.out, proofs/SIG_TLS_947DDC7F.out and proofs/PK_TLS_947DDC7F.der
Signature verification succeeds
[TLS] Server time: 1619397310
[TLS] client_random  (32): ECDE1D4799CBA993AD1398FD7DC387EBC6A0CB709E531D3CB857E6DF06AFB8CA
[TLS] sign_hash (32): 33B608206FF5436DE795FAD122EA20B2CAFA2BC80657034C65A1F8598FD9CE92
[TLS] Written transcript to proofs/MSG_TLS_ECDE1D47.out, proofs/SIG_TLS_ECDE1D47.out and proofs/PK_TLS_ECDE1D47.der
Signature verification succeeds
[TLS] Server time: 1619397310
[TLS] client_random  (32): 376793E9CBCFF7CE9F5AB24E9D5C8918B489BA0772BC1D81FA6D8CCD515BC88C
[TLS] sign_hash (32): D99BA8CCD7A11EC76DDE39E431DAC5A29DFA77BDB02231CD88ADC7257964788D
[TLS] Written transcript to proofs/MSG_TLS_376793E9.out, proofs/SIG_TLS_376793E9.out and proofs/PK_TLS_376793E9.der
Signature verification succeeds
[TLS] Server time: 1619397310
[TLS] client_random  (32): FF3C498458D6CE703732C82D226F5C3003AFBA0C01C1E159BEB65731829F97C8
[TLS] sign_hash (32): B6FD0CD25626F6196DDB443DA3C176E2D8FE90C42F7C945064C4B16618ABE054
[TLS] Written transcript to proofs/MSG_TLS_FF3C4984.out, proofs/SIG_TLS_FF3C4984.out and proofs/PK_TLS_FF3C4984.der
Signature verification succeeds
[TLS] Server time: 1619397310
[TLS] client_random  (32): D1D816E7ED0B7E8FBE4029F92A7C9FDD28EECF65C739DF525E857A7EDCA4C440
[TLS] sign_hash (32): 3D1742C52A4F6EFE99E7FA88181DC4D500E3F9CEC596E264C19C94718804B9E8
[TLS] Written transcript to proofs/MSG_TLS_D1D816E7.out, proofs/SIG_TLS_D1D816E7.out and proofs/PK_TLS_D1D816E7.der
Signature verification succeeds
[TLS] Server time: 1619397310
[TLS] client_random  (32): EF05458829E5DDBD2533C23F88636C9CADC2981A33E04C2301BB6D13696BD074
[TLS] sign_hash (32): E5B9EC010CAAC2EFDE811AE4A7C2E42A14F95A7B1A2CE97C9998E7509D12ED4B
[TLS] Written transcript to proofs/MSG_TLS_EF054588.out, proofs/SIG_TLS_EF054588.out and proofs/PK_TLS_EF054588.der
Signature verification succeeds
[TLS] Server time: 1619397310
[TLS] client_random  (32): CDCB014ADA88BA9221D3CEA248CC3AEDF994EE1E823D8162FCEEC927AEF65A2D
[TLS] sign_hash (32): FC17BD4F950B7FB7868F04B691EB551B613F4C9C682E6359CF401683FC6F0E69
[TLS] Written transcript to proofs/MSG_TLS_CDCB014A.out, proofs/SIG_TLS_CDCB014A.out and proofs/PK_TLS_CDCB014A.der
Signature verification succeeds
[TLS] Server time: 1619397310
[TLS] client_random  (32): 1C08306810CE8E5750026C38C55FB127C08BF4CCFAEC67CFBCAE08ACBEAF0928
[TLS] sign_hash (32): 71BECF62EAFF332B2242CD07AAC3EEE739B859C886B67FBCEB56FA66412D5D3B
[TLS] Written transcript to proofs/MSG_TLS_1C083068.out, proofs/SIG_TLS_1C083068.out and proofs/PK_TLS_1C083068.der
Signature verification succeeds
[TLS] Server time: 1619397310
[TLS] client_random  (32): B577FD38428255189456F9A0F3B2B9E732EFE08849B59E1F88FBFB10993C8B1D
[TLS] sign_hash (32): 5FB74050F2161EA7A8179D1C0B483966597E79CC55EFC20E10827BAA0C1B3E03
[TLS] Written transcript to proofs/MSG_TLS_B577FD38.out, proofs/SIG_TLS_B577FD38.out and proofs/PK_TLS_B577FD38.der
Signature verification succeeds
[TLS] Server time: 1619397310
[TLS] client_random  (32): B51F3A7125A6678010BEB972058EA05F518EFCBCBB7F99017AC664456000FD5B
[TLS] sign_hash (32): 42D615C1CA1976CA295B1693EE3AC40645D81688FBD412A6CA9ACF011DA70E84
[TLS] Written transcript to proofs/MSG_TLS_B51F3A71.out, proofs/SIG_TLS_B51F3A71.out and proofs/PK_TLS_B51F3A71.der
Signature verification succeeds
[TLS] Server time: 1619397310
[TLS] client_random  (32): 3CEF9E2C56EC81B64F4F87E7BF87B28B0DA8E6BD8F93F12CB7982715303049D5
[TLS] sign_hash (32): A9306FA7F1C96041F2E3F734BA287D92CCF8CC5AEA698A4581F732C98E6C9246
[TLS] Written transcript to proofs/MSG_TLS_3CEF9E2C.out, proofs/SIG_TLS_3CEF9E2C.out and proofs/PK_TLS_3CEF9E2C.der
Signature verification succeeds
[TLS] Server time: 1619397310
[TLS] client_random  (32): 26F247709371667AB20A3F450E9760667AFE824097E838929D4B460A8A5FEA43
[TLS] sign_hash (32): 7B0DE689F305CAEF88082006B48F50965C294347F9BE367FABCF4C45BDC816A4
[TLS] Written transcript to proofs/MSG_TLS_26F24770.out, proofs/SIG_TLS_26F24770.out and proofs/PK_TLS_26F24770.der
Signature verification succeeds
[TLS] Server time: 1619397310
[TLS] client_random  (32): 5B4FC749D976EE7F9A11DEA2692F2E3C6975D9B169351335816D441DB8CECBA1
[TLS] sign_hash (32): 3548EF3650423B750D65A5E5196A8D8C7ED8A77B659B23E4D8B72D9EA83E5DFF
[TLS] Written transcript to proofs/MSG_TLS_5B4FC749.out, proofs/SIG_TLS_5B4FC749.out and proofs/PK_TLS_5B4FC749.der
Signature verification succeeds
[TLS] Server time: 1619397310
[TLS] client_random  (32): 5C9F94CE6926AC173F777A0F401F688153F9357742ED3D6DF7EBDF8F63598650
[TLS] sign_hash (32): 40E6B4B9014E073885D8A6E05703C5F5D4EE35458652999F304B7C787071B7EC
[TLS] Written transcript to proofs/MSG_TLS_5C9F94CE.out, proofs/SIG_TLS_5C9F94CE.out and proofs/PK_TLS_5C9F94CE.der
Signature verification succeeds
[TLS] Server time: 1619397310
[TLS] client_random  (32): 6A304C828F1EF5370AAD132CF27B1CFB5C9A3A2ED2DAD3057DEF0C288911FA87
[TLS] sign_hash (32): 2511F83929D2B0D7735D48B25E63A089B969A3B13FE50C5FA81A6980FC1507C7
[TLS] Written transcript to proofs/MSG_TLS_6A304C82.out, proofs/SIG_TLS_6A304C82.out and proofs/PK_TLS_6A304C82.der
Signature verification succeeds
[TLS] Server time: 1619397310
[TLS] client_random  (32): DF5808172F4F026A112B5355BCAAC64059FF4F1648FD1BD09A696C9F40116A35
[TLS] sign_hash (32): 071DA87B6072633640D914B11BB02DA15D7ADFD5922C1608D3A6FDA95FB7A9C8
[TLS] Written transcript to proofs/MSG_TLS_DF580817.out, proofs/SIG_TLS_DF580817.out and proofs/PK_TLS_DF580817.der
Signature verification succeeds
Time breakdown (averages): anchor_ping:14.010674 file_read:0.133772 hashing:0.470382
Total time for 71 rounds is 1051.668369ms
Standard deviations: anchor_ping:0.682058 file_read:0.016110 hashing:0.004700
[Client-side ops] mean:0.604154 sd:0.019142
in & out anchor rand written to proofs/phase1.out
     43 [TLS] Server time: 1619397309
     29 [TLS] Server time: 1619397310
Count is 43
Count is 29
success: 1
RESULT: 1 in 2 tries
