TLS anchor: www.sunysuffolk.edu
Actual: 34, Set: 71
Beginning execution at Fri Apr 30 07:05:01 UTC 2021
CONF: anchor:www.sunysuffolk.edu fs:1024MB n_rounds:71 seed:5c9f4bf9bbc15bb855f82faedc5a52fc3ab2dfa8ec3ba3ce1b270f31fa0cced2 filename:FILE bs:1024 nops:100 benchmarking:0 anchor_ping:1 queue_depth:32 direct:0
[TLS] Connecting to www.sunysuffolk.edu
[TLS] Server time: 1619766301
[TLS] client_random  (32): 5C9F4BF9BBC15BB855F82FAEDC5A52FC3AB2DFA8EC3BA3CE1B270F31FA0CCED2
[TLS] sign_hash (32): FB6D98EA9423E1C57755FC8EE5943DBB0E53BEFE71B6DBDCF8FFAFB4B67FABDA
[TLS] Written transcript to proofs/MSG_TLS_5C9F4BF9.out, proofs/SIG_TLS_5C9F4BF9.out and proofs/PK_TLS_5C9F4BF9.der
Signature verification succeeds
[TLS] Server time: 1619766301
[TLS] client_random  (32): 9B6C77DBA479BD6F88E7672FDB871B2ABA981C7F8887355994A7855B3C48729C
[TLS] sign_hash (32): 8ECBCA6E450B5516732EB80263113AB666E779A838B36D220E283A28A135706F
[TLS] Written transcript to proofs/MSG_TLS_9B6C77DB.out, proofs/SIG_TLS_9B6C77DB.out and proofs/PK_TLS_9B6C77DB.der
Signature verification succeeds
[TLS] Server time: 1619766301
[TLS] client_random  (32): CF69DCE44DB3519E0E744B01019D599892AF0D7B4066CA0D92F07655C237612D
[TLS] sign_hash (32): 099EF1B3FF6C3A62EEC708BB611157E10E5611B7DC074A17451AEEFDCC6B955D
[TLS] Written transcript to proofs/MSG_TLS_CF69DCE4.out, proofs/SIG_TLS_CF69DCE4.out and proofs/PK_TLS_CF69DCE4.der
Signature verification succeeds
[TLS] Server time: 1619766301
[TLS] client_random  (32): 54D4903DF095B2CBF42526BA55913AD57B333DDC60C2A1EF340FF1AF365C7045
[TLS] sign_hash (32): DCD3FDFD7FC2160790FB2050A127D4DF47E69A6181477C016499D64829857122
[TLS] Written transcript to proofs/MSG_TLS_54D4903D.out, proofs/SIG_TLS_54D4903D.out and proofs/PK_TLS_54D4903D.der
Signature verification succeeds
[TLS] Server time: 1619766301
[TLS] client_random  (32): A0A8D5A37C263546E53EB8E4FA45EA730E307428131221300145724FFD0BC9B2
[TLS] sign_hash (32): 226CC7583D6BAC70B48067D39ECBE650430106A0594B87D055AAA017F929DAAB
[TLS] Written transcript to proofs/MSG_TLS_A0A8D5A3.out, proofs/SIG_TLS_A0A8D5A3.out and proofs/PK_TLS_A0A8D5A3.der
Signature verification succeeds
[TLS] Server time: 1619766301
[TLS] client_random  (32): C52A11D80279F24593C70507D55B2E5F77B26BD1E0EDC13C9B49DDE6D08A4787
[TLS] sign_hash (32): 9765986BEE3AB79A6406BD04CE5EA7C44DF70644BC39BA902821D8282DD255F9
[TLS] Written transcript to proofs/MSG_TLS_C52A11D8.out, proofs/SIG_TLS_C52A11D8.out and proofs/PK_TLS_C52A11D8.der
Signature verification succeeds
[TLS] Server time: 1619766301
[TLS] client_random  (32): DCC6D564B43C22C4B1D3F7393DFABD7F88BC5FAD599C6C68D2844669EC667866
[TLS] sign_hash (32): F56389E71823C2B6430598C6157B311BD9B88EDFE33996D161737F30D91387B9
[TLS] Written transcript to proofs/MSG_TLS_DCC6D564.out, proofs/SIG_TLS_DCC6D564.out and proofs/PK_TLS_DCC6D564.der
Signature verification succeeds
[TLS] Server time: 1619766301
[TLS] client_random  (32): 9652795687BD030D1CAC34F5AEF120A57F6A2B0DA70EA43376FD3AFDA4234B1B
[TLS] sign_hash (32): D22E2F901C447D2C68881A28C7E95D603BC60F2E661B824B6FE4A106339A7DC6
[TLS] Written transcript to proofs/MSG_TLS_96527956.out, proofs/SIG_TLS_96527956.out and proofs/PK_TLS_96527956.der
Signature verification succeeds
[TLS] Server time: 1619766301
[TLS] client_random  (32): EAB61C0A96BD19C434076D3D078F52AA87EE84F8C4B54C9027A7C91D87AC47C5
[TLS] sign_hash (32): A7C5DE86231087853027AF98EAA30D7F4CF91AB448B96CB5E0614331E3F61F55
[TLS] Written transcript to proofs/MSG_TLS_EAB61C0A.out, proofs/SIG_TLS_EAB61C0A.out and proofs/PK_TLS_EAB61C0A.der
Signature verification succeeds
[TLS] Server time: 1619766301
[TLS] client_random  (32): 7E80AFDDF9AE0B7FE6097E273989CFCF5F8A8594FECE32E48B74038374E614FB
[TLS] sign_hash (32): 0E98B16232024F4DDE909548EA8439203EF0E763590C30DD0875A49DE464DEFE
[TLS] Written transcript to proofs/MSG_TLS_7E80AFDD.out, proofs/SIG_TLS_7E80AFDD.out and proofs/PK_TLS_7E80AFDD.der
Signature verification succeeds
[TLS] Server time: 1619766301
[TLS] client_random  (32): A47DD9028150FC3E878FE5918B77172F8D0E8682E2584522BC83BFE9618BA257
[TLS] sign_hash (32): 3D07B7F0CC4EE3E02F05B12E8296D21C7082C237B65FF5CDAC5259D3EDB27455
[TLS] Written transcript to proofs/MSG_TLS_A47DD902.out, proofs/SIG_TLS_A47DD902.out and proofs/PK_TLS_A47DD902.der
Signature verification succeeds
[TLS] Server time: 1619766301
[TLS] client_random  (32): C2F7593EB790B2120AAAFBEC48A4EE6137502A68FE47372E07E0DC0F17866F53
[TLS] sign_hash (32): 4872A8B587B7A71D9ED6220D3D3A247F59A40D1D0BB5EF2E6627FFE343CA9166
[TLS] Written transcript to proofs/MSG_TLS_C2F7593E.out, proofs/SIG_TLS_C2F7593E.out and proofs/PK_TLS_C2F7593E.der
Signature verification succeeds
[TLS] Server time: 1619766301
[TLS] client_random  (32): 64381D9325540F9042647E016A72BBCA1946304A8571EDEE199C764B728F6D3C
[TLS] sign_hash (32): 17C21F6EA0F8E8AF43281BB4C2F3018EDEA10FC6B7D5B0E9B8C79C9253B83D26
[TLS] Written transcript to proofs/MSG_TLS_64381D93.out, proofs/SIG_TLS_64381D93.out and proofs/PK_TLS_64381D93.der
Signature verification succeeds
[TLS] Server time: 1619766301
[TLS] client_random  (32): 9EE2A6521CE1B7CA2362318996835090337E1AD600B4E7F3B9086A354F47EC65
[TLS] sign_hash (32): 4FF51166042389DE2D0F0C54F0D7DDFB1472BE7E91F6AAA2505AE3B745F6FDC9
[TLS] Written transcript to proofs/MSG_TLS_9EE2A652.out, proofs/SIG_TLS_9EE2A652.out and proofs/PK_TLS_9EE2A652.der
Signature verification succeeds
[TLS] Server time: 1619766301
[TLS] client_random  (32): E554C029697634A06662CA95A4412FB06C9839FDF1794B38AC3AFA41D63D3F56
[TLS] sign_hash (32): F0D8DE24B4EBCC0CDDF5473FDC08F6C2BE69EA292369493CCB82B93B828B0C01
[TLS] Written transcript to proofs/MSG_TLS_E554C029.out, proofs/SIG_TLS_E554C029.out and proofs/PK_TLS_E554C029.der
Signature verification succeeds
[TLS] Server time: 1619766301
[TLS] client_random  (32): EA8541A93D3244352375ABD1DEF3F4C248BCEF4BE48FACF861A5C0E050F41994
[TLS] sign_hash (32): E6525267B23686FE6E6E28491F775514E6F963D7F42785957F59F2D309A0D7F5
[TLS] Written transcript to proofs/MSG_TLS_EA8541A9.out, proofs/SIG_TLS_EA8541A9.out and proofs/PK_TLS_EA8541A9.der
Signature verification succeeds
[TLS] Server time: 1619766301
[TLS] client_random  (32): 971964EF38456426258BAD4B1D585B57FC37E6B80A2E49F6629A54B098B68502
[TLS] sign_hash (32): A87BAF11109EC135CBB1ABAB2BA5A84B33169EDB3F1132D32BC840B184539B56
[TLS] Written transcript to proofs/MSG_TLS_971964EF.out, proofs/SIG_TLS_971964EF.out and proofs/PK_TLS_971964EF.der
Signature verification succeeds
[TLS] Server time: 1619766301
[TLS] client_random  (32): DF4BCA210A0AD784FBAF3AEE8C78BA263B125AD6385829BBE59BBA2B807E6DAD
[TLS] sign_hash (32): 635F339C667CE905F84F30C291B6D274CA61675C76198C8294DA2F0D356035EE
[TLS] Written transcript to proofs/MSG_TLS_DF4BCA21.out, proofs/SIG_TLS_DF4BCA21.out and proofs/PK_TLS_DF4BCA21.der
Signature verification succeeds
[TLS] Server time: 1619766301
[TLS] client_random  (32): FF90788F5AAC1BBC72C866170FD81D3A6ACB80AE5A984BBD1E8225E12043D4EA
[TLS] sign_hash (32): 11A8172E64B4283134CAA0B3D4479F08C646FE768188D676862A582E08FB5390
[TLS] Written transcript to proofs/MSG_TLS_FF90788F.out, proofs/SIG_TLS_FF90788F.out and proofs/PK_TLS_FF90788F.der
Signature verification succeeds
[TLS] Server time: 1619766302
[TLS] client_random  (32): DDEC9C6818478D4ED3DCA77179F786E140F25A767027B9A7DCC49DBA583E6101
[TLS] sign_hash (32): 621EEE1A5C935F4F8944B28AC36426FDC9D71E3FF76A4A24416D180374B240E1
[TLS] Written transcript to proofs/MSG_TLS_DDEC9C68.out, proofs/SIG_TLS_DDEC9C68.out and proofs/PK_TLS_DDEC9C68.der
Signature verification succeeds
[TLS] Server time: 1619766303
[TLS] client_random  (32): 613421BDAC813C2BE7D5463ED0A7AB446415CD6287711AE8E9628D669A8D93B8
[TLS] sign_hash (32): 2E41C252DB4DCBFC37A35D97B27AC9D17BB764D7CED07C231D0A77A4354F44D6
[TLS] Written transcript to proofs/MSG_TLS_613421BD.out, proofs/SIG_TLS_613421BD.out and proofs/PK_TLS_613421BD.der
Signature verification succeeds
[TLS] Server time: 1619766303
[TLS] client_random  (32): CA08FF5BD377CC20C0514EA6598103DB39EF03C733C69E8E66945946811BE7AB
[TLS] sign_hash (32): 2FD89A86190B14E12E4C9761C4617EC88EED8619C9EDDF745E57E0DEAFC93FFF
[TLS] Written transcript to proofs/MSG_TLS_CA08FF5B.out, proofs/SIG_TLS_CA08FF5B.out and proofs/PK_TLS_CA08FF5B.der
Signature verification succeeds
[TLS] Server time: 1619766304
[TLS] client_random  (32): FCDAEA5EDF42F5D0C7C7C0BA16AB59EF48F01751FACB12AE9C9D5283153BDC9C
[TLS] sign_hash (32): DAD4AB8D9703D56AF7ACEB134C6D69D4D80C8B9BFFD7AC0ED42FB86C3C08EE89
[TLS] Written transcript to proofs/MSG_TLS_FCDAEA5E.out, proofs/SIG_TLS_FCDAEA5E.out and proofs/PK_TLS_FCDAEA5E.der
Signature verification succeeds
[TLS] Server time: 1619766304
[TLS] client_random  (32): 27F83717A0EE433A34FF9B6D3057BE3732E2AA83CA088091AE19157604924488
[TLS] sign_hash (32): E26E14B8EC19D532BC7D480A35398ACC855DF3432208B501E8224B59627AFB6E
[TLS] Written transcript to proofs/MSG_TLS_27F83717.out, proofs/SIG_TLS_27F83717.out and proofs/PK_TLS_27F83717.der
Signature verification succeeds
[TLS] Server time: 1619766304
[TLS] client_random  (32): EE5FA099F01827BBD2E925B758C9C5B13838ADA59F940C90F6AE65B8F6B93FAF
[TLS] sign_hash (32): F3D9651BA3C45627D56541E747A6C62C2D2F838AF34EE214D5AE19E86384E97E
[TLS] Written transcript to proofs/MSG_TLS_EE5FA099.out, proofs/SIG_TLS_EE5FA099.out and proofs/PK_TLS_EE5FA099.der
Signature verification succeeds
[TLS] Server time: 1619766304
[TLS] client_random  (32): AF7E24A7B333D981706B488D70ED92E86D8D27062CFD6A0C7846A73C70718C00
[TLS] sign_hash (32): 684A7B7BA7F7B4E58F81116A5E4441C8873BB59FFA0BFECE46D67A8532743474
[TLS] Written transcript to proofs/MSG_TLS_AF7E24A7.out, proofs/SIG_TLS_AF7E24A7.out and proofs/PK_TLS_AF7E24A7.der
Signature verification succeeds
[TLS] Server time: 1619766305
[TLS] client_random  (32): D4D12F47E656DE0B8E43F01A962B88DA3ACD488519F48E07A39951232C244457
[TLS] sign_hash (32): A9964FD650DC5EC006494515471A11E685801E6EB6B3D38827D717A7DCF5B4D6
[TLS] Written transcript to proofs/MSG_TLS_D4D12F47.out, proofs/SIG_TLS_D4D12F47.out and proofs/PK_TLS_D4D12F47.der
Signature verification succeeds
[TLS] Server time: 1619766305
[TLS] client_random  (32): EBEADEBCA3783CBBC5D7422397C6C1B01A28814BAAE9996A880904147CAAB9D3
[TLS] sign_hash (32): 77B9DA33DC3CFA54B033C75172C60D6F917698E9801D2B4C0F0E1A55B6E66E3E
[TLS] Written transcript to proofs/MSG_TLS_EBEADEBC.out, proofs/SIG_TLS_EBEADEBC.out and proofs/PK_TLS_EBEADEBC.der
Signature verification succeeds
[TLS] Server time: 1619766305
[TLS] client_random  (32): 5ACFAA62BF6B0146BDAF3F6F77516D3E397CCD90D1050354AF89374A8A1EA8BD
[TLS] sign_hash (32): 8E3E95B5677D5AE2425D0529CAFDA3BFA56B845DDBD677DFFD2B5CED9AF66F9F
[TLS] Written transcript to proofs/MSG_TLS_5ACFAA62.out, proofs/SIG_TLS_5ACFAA62.out and proofs/PK_TLS_5ACFAA62.der
Signature verification succeeds
[TLS] Server time: 1619766305
[TLS] client_random  (32): E0CB93EF6713F0AF23C095A270FDB59925E09C556F75877D8A58FBF00F79E4EA
[TLS] sign_hash (32): C088EA3B26B1575A379FAA26C38394B40262D46F37B61FE2CCD3ADA155BD625A
[TLS] Written transcript to proofs/MSG_TLS_E0CB93EF.out, proofs/SIG_TLS_E0CB93EF.out and proofs/PK_TLS_E0CB93EF.der
Signature verification succeeds
[TLS] Server time: 1619766305
[TLS] client_random  (32): FAF7BF7BBCA621A3265C4C4CB669807468E02909E4ECC8B8E329302CFEBFCBED
[TLS] sign_hash (32): 84D986DA7DC3A13447708F540481FDB8280401B098953C067D9679426B54C014
[TLS] Written transcript to proofs/MSG_TLS_FAF7BF7B.out, proofs/SIG_TLS_FAF7BF7B.out and proofs/PK_TLS_FAF7BF7B.der
Signature verification succeeds
[TLS] Server time: 1619766305
[TLS] client_random  (32): FCDFB79F0AB4898662577B0477C9A5CDD70CA093D928DE5D75C9C22803223F16
[TLS] sign_hash (32): 64745A089326661C286C176B92477232DE6D3329ADE9D70B33E981731D98AEDA
[TLS] Written transcript to proofs/MSG_TLS_FCDFB79F.out, proofs/SIG_TLS_FCDFB79F.out and proofs/PK_TLS_FCDFB79F.der
Signature verification succeeds
[TLS] Server time: 1619766305
[TLS] client_random  (32): 36708270EA2F1C768B55D2958B5016ABDCFC8134A477B1267CB1E3C9162EFBB3
[TLS] sign_hash (32): 50D64A660C5F30FCE374BA4E2B87945C450B634621DC2700EBC28BEB95F658B9
[TLS] Written transcript to proofs/MSG_TLS_36708270.out, proofs/SIG_TLS_36708270.out and proofs/PK_TLS_36708270.der
Signature verification succeeds
[TLS] Server time: 1619766305
[TLS] client_random  (32): F0C3849D72A2901EF160F4C4D3152B95E65ACB3E043B4B2D0347785FA5FA4D9C
[TLS] sign_hash (32): 92122631373D53145FD30CEA5CD229143A5C33878AE4BA8F99AF91101C6ED248
[TLS] Written transcript to proofs/MSG_TLS_F0C3849D.out, proofs/SIG_TLS_F0C3849D.out and proofs/PK_TLS_F0C3849D.der
Signature verification succeeds
[TLS] Server time: 1619766306
[TLS] client_random  (32): 21EB4090AC2602925BC0BBE17AB40FFAE873FC416FD9B57851F140AA5014751D
[TLS] sign_hash (32): 3FC686B51059562564457F1D35441A977F12403CA3781E9238FFAA00FEC1280B
[TLS] Written transcript to proofs/MSG_TLS_21EB4090.out, proofs/SIG_TLS_21EB4090.out and proofs/PK_TLS_21EB4090.der
Signature verification succeeds
[TLS] Server time: 1619766306
[TLS] client_random  (32): 357D375C17F4FC0DFEBE63268E6EC561CD30145FAD18618509564F79439D16E1
[TLS] sign_hash (32): 90248B3C4599CD6926DDC98B03CD8D859CEBDDC52E831C36D77845CBE2B76443
[TLS] Written transcript to proofs/MSG_TLS_357D375C.out, proofs/SIG_TLS_357D375C.out and proofs/PK_TLS_357D375C.der
Signature verification succeeds
[TLS] Server time: 1619766306
[TLS] client_random  (32): 71F56E81418B157C4C6337A87A8572E5C5A739F725E304BD619AA9FCFC9348A3
[TLS] sign_hash (32): 6AACE98224FEACAC95F82881CA41437C6AC75C3E776C80C8CD89049D8AE13795
[TLS] Written transcript to proofs/MSG_TLS_71F56E81.out, proofs/SIG_TLS_71F56E81.out and proofs/PK_TLS_71F56E81.der
Signature verification succeeds
[TLS] Server time: 1619766306
[TLS] client_random  (32): EDE80885FAF347F76F372F511E8AD996EC4E50B7BA239AC45B4FE13F4B90E5ED
[TLS] sign_hash (32): 0F628DC8733AD310CE2E5265CDE10B969BE8972ADA370B3A20C901568B73F512
[TLS] Written transcript to proofs/MSG_TLS_EDE80885.out, proofs/SIG_TLS_EDE80885.out and proofs/PK_TLS_EDE80885.der
Signature verification succeeds
[TLS] Server time: 1619766306
[TLS] client_random  (32): FA72D265A165BA7855A099649F92F4072655906FCF0A434DCFCA7C6E211D2B38
[TLS] sign_hash (32): 06A3A482374247814F14625516DAC3B2030F418A3E3F7DD860348EEAE9B19160
[TLS] Written transcript to proofs/MSG_TLS_FA72D265.out, proofs/SIG_TLS_FA72D265.out and proofs/PK_TLS_FA72D265.der
Signature verification succeeds
[TLS] Server time: 1619766306
[TLS] client_random  (32): 02569E33B2186D3E548E682650312F7CFC7A981984201B5BCE1E06528A3B4ED7
[TLS] sign_hash (32): 50C5978582A3446AA1B0624113B705F89A22131274D13E6B7DF5B9E5A4D9DAA7
[TLS] Written transcript to proofs/MSG_TLS_02569E33.out, proofs/SIG_TLS_02569E33.out and proofs/PK_TLS_02569E33.der
Signature verification succeeds
[TLS] Server time: 1619766306
[TLS] client_random  (32): 0B5D24981CA23BC9840BFC0DDD66BF7BD429D143590369E9D3DAC4CE4A4613A8
[TLS] sign_hash (32): ABEBDD1E2B2479E9665C040C51E81A66C4D322931118CC6D54A23CEC0721E984
[TLS] Written transcript to proofs/MSG_TLS_0B5D2498.out, proofs/SIG_TLS_0B5D2498.out and proofs/PK_TLS_0B5D2498.der
Signature verification succeeds
[TLS] Server time: 1619766306
[TLS] client_random  (32): 11FE0117931EC3F6A5FA95524E86B0432C12ABC781748A21D23BF4D079145D5B
[TLS] sign_hash (32): 9C712F72A9FB0DA9FC1D034F3F80B2C3772384E0D1051FC217307436DFDC3CA4
[TLS] Written transcript to proofs/MSG_TLS_11FE0117.out, proofs/SIG_TLS_11FE0117.out and proofs/PK_TLS_11FE0117.der
Signature verification succeeds
[TLS] Server time: 1619766306
[TLS] client_random  (32): 42701FC551B2A4B088A3986D5E0C7DEDE0476E6D22358DFF47EA5C5A79D6E593
[TLS] sign_hash (32): D539E6536B8AE55367BE6F531DE17D9E7198CC23E923AD50509FAF6F89403F10
[TLS] Written transcript to proofs/MSG_TLS_42701FC5.out, proofs/SIG_TLS_42701FC5.out and proofs/PK_TLS_42701FC5.der
Signature verification succeeds
[TLS] Server time: 1619766306
[TLS] client_random  (32): BC1C91359ED6168762B6D4B2D14C41CADD7D30E2FB4A1D3CE3E4C348328B351F
[TLS] sign_hash (32): C52179CEA20D7DCFCC93F45122FDC55A51E71397804D41957B8C1519E5A55290
[TLS] Written transcript to proofs/MSG_TLS_BC1C9135.out, proofs/SIG_TLS_BC1C9135.out and proofs/PK_TLS_BC1C9135.der
Signature verification succeeds
[TLS] Server time: 1619766306
[TLS] client_random  (32): 1A18B53E83F247996B4C817219047228E7412B97AA50411D258F1FD1D38EFA69
[TLS] sign_hash (32): 4716EC6787DD50433B7371D9821875EFF001CFAE3D34CBC43DEDBF9BCC6EE2AC
[TLS] Written transcript to proofs/MSG_TLS_1A18B53E.out, proofs/SIG_TLS_1A18B53E.out and proofs/PK_TLS_1A18B53E.der
Signature verification succeeds
[TLS] Server time: 1619766306
[TLS] client_random  (32): 83D450242E34C17B152BB91D876283429F8E7AB5B9C10B4DFEFF46B261796130
[TLS] sign_hash (32): 314459878533B89DA03B61DCCCEDD6671CF1D97499EB3A358FAFB4FB7B786CF1
[TLS] Written transcript to proofs/MSG_TLS_83D45024.out, proofs/SIG_TLS_83D45024.out and proofs/PK_TLS_83D45024.der
Signature verification succeeds
[TLS] Server time: 1619766306
[TLS] client_random  (32): 224F6D06495554C6F3BFE569A4782B579D78386236F91C60C4EDDC355345E9A7
[TLS] sign_hash (32): 7038C69EF61F4FEA8CF1D3283E8946A05CC3E6DEAE6935745862EF2BD9EF1F7D
[TLS] Written transcript to proofs/MSG_TLS_224F6D06.out, proofs/SIG_TLS_224F6D06.out and proofs/PK_TLS_224F6D06.der
Signature verification succeeds
[TLS] Server time: 1619766306
[TLS] client_random  (32): AD158A19107F1B09DE966EA7D904C9C47D37BEF7DDBB5499818EFB11B8BCAFA8
[TLS] sign_hash (32): 9FAC21289019124E31E029261961C3E7F3FAF9F1A09152AB54E25637293E03C1
[TLS] Written transcript to proofs/MSG_TLS_AD158A19.out, proofs/SIG_TLS_AD158A19.out and proofs/PK_TLS_AD158A19.der
Signature verification succeeds
[TLS] Server time: 1619766306
[TLS] client_random  (32): 5D921B4BB277326067AADB5F92B9C3CE6D089D18D7DF474265CD2989F97D8844
[TLS] sign_hash (32): 9249CA067E09A2E2A39132507F607D2370D200A11B54BA2FC7B6E7484B01D086
[TLS] Written transcript to proofs/MSG_TLS_5D921B4B.out, proofs/SIG_TLS_5D921B4B.out and proofs/PK_TLS_5D921B4B.der
Signature verification succeeds
[TLS] Server time: 1619766306
[TLS] client_random  (32): 2A95092CA624187C4D8B7153DA3D5308A1D2DFD7AF2D3386A97C90C2794443A6
[TLS] sign_hash (32): F558305E958362F1E811E2611A642E37B5EA09EBB66C117DD735B4C505284B5D
[TLS] Written transcript to proofs/MSG_TLS_2A95092C.out, proofs/SIG_TLS_2A95092C.out and proofs/PK_TLS_2A95092C.der
Signature verification succeeds
[TLS] Server time: 1619766307
[TLS] client_random  (32): AB83C3387975333EF0553DC13347A0D1BDC8749B9777968753ABC451A3B1BF3D
[TLS] sign_hash (32): 87F68B411E9B1A0B65FEC4D49002C6104FF8334D2B0322FB5CD249FEC94356AB
[TLS] Written transcript to proofs/MSG_TLS_AB83C338.out, proofs/SIG_TLS_AB83C338.out and proofs/PK_TLS_AB83C338.der
Signature verification succeeds
[TLS] Server time: 1619766307
[TLS] client_random  (32): A78B8F7C20CFA05355EA8DC4A89234C53C51C587A70AE217500803BA8E6B4DC1
[TLS] sign_hash (32): D78DEB1BE726FB6FCF8019E4F02FB00D01E1230555D8DDFEA9AA96CE985EB005
[TLS] Written transcript to proofs/MSG_TLS_A78B8F7C.out, proofs/SIG_TLS_A78B8F7C.out and proofs/PK_TLS_A78B8F7C.der
Signature verification succeeds
[TLS] Server time: 1619766307
[TLS] client_random  (32): FAEE0A2CCC22AD3BD74D01140FA86D7E1564C845ACC6A8CC143253921A623219
[TLS] sign_hash (32): 51120DFD3C2EDF6A30C28742A625CDCBE779EEB2F4DF202A7C085C4D44597620
[TLS] Written transcript to proofs/MSG_TLS_FAEE0A2C.out, proofs/SIG_TLS_FAEE0A2C.out and proofs/PK_TLS_FAEE0A2C.der
Signature verification succeeds
[TLS] Server time: 1619766307
[TLS] client_random  (32): B047DDB75FC53A610FF68A00BD174FCF3F40F666AD9B9E9F8836A671913B10F0
[TLS] sign_hash (32): F3BD55A4CCD168BE593DE9284EC1BF95F0E010B133E9AF08EC494CD9B39AE452
[TLS] Written transcript to proofs/MSG_TLS_B047DDB7.out, proofs/SIG_TLS_B047DDB7.out and proofs/PK_TLS_B047DDB7.der
Signature verification succeeds
[TLS] Server time: 1619766307
[TLS] client_random  (32): E5C44E8F9255301765B2F537B435215D3940E9976E590F878C18473473EACDAC
[TLS] sign_hash (32): CF547EC2BF652104D3F51D06D6ADAFB3691DC91079417B9D37D78B639B218623
[TLS] Written transcript to proofs/MSG_TLS_E5C44E8F.out, proofs/SIG_TLS_E5C44E8F.out and proofs/PK_TLS_E5C44E8F.der
Signature verification succeeds
[TLS] Server time: 1619766307
[TLS] client_random  (32): 59472EDD5A77D465ACF3E8DE58C7920FD356C38EE0AE34B49286D20D6BFE88E3
[TLS] sign_hash (32): 42FB59EFE9243A5D9CE7AD0EE32086FA139DE750849C8BCEFFA24AF7F9154502
[TLS] Written transcript to proofs/MSG_TLS_59472EDD.out, proofs/SIG_TLS_59472EDD.out and proofs/PK_TLS_59472EDD.der
Signature verification succeeds
[TLS] Server time: 1619766307
[TLS] client_random  (32): C727E9279A5088E22D347933407BC1BFA9739AD589E307B9663600FE91A0AD0E
[TLS] sign_hash (32): 1CE80DCD5E809BDBE818E83FF59FABC9A744D6B6CE5142AB8A3E166B58D03D82
[TLS] Written transcript to proofs/MSG_TLS_C727E927.out, proofs/SIG_TLS_C727E927.out and proofs/PK_TLS_C727E927.der
Signature verification succeeds
[TLS] Server time: 1619766307
[TLS] client_random  (32): 36D009533BFECFE2A42230180E8453FD0F3D38AD90468F97CBD0271F2B54F107
[TLS] sign_hash (32): D45B327C728539CBB3AD0030D008C17DBA3CD5FC7133C607C5BEAAFB61FC95B2
[TLS] Written transcript to proofs/MSG_TLS_36D00953.out, proofs/SIG_TLS_36D00953.out and proofs/PK_TLS_36D00953.der
Signature verification succeeds
[TLS] Server time: 1619766307
[TLS] client_random  (32): 3D68FAFBCC8DE69BF9031385D4D6A9E263706A94FB57D47EDDE02B9D1852EB35
[TLS] sign_hash (32): 6FFA70FC34184B85AF87144DB9DF5A814C4C579D8F4730B8660BD00A3155D6BE
[TLS] Written transcript to proofs/MSG_TLS_3D68FAFB.out, proofs/SIG_TLS_3D68FAFB.out and proofs/PK_TLS_3D68FAFB.der
Signature verification succeeds
[TLS] Server time: 1619766307
[TLS] client_random  (32): A25317530969565D1FA20173BB443B57083D8CA27429C4D23B30FA13C42B5CF5
[TLS] sign_hash (32): E6909086EF08EACCF00C59A209ADF0A1F1B3DB85D821D34FC144AB36A45CED92
[TLS] Written transcript to proofs/MSG_TLS_A2531753.out, proofs/SIG_TLS_A2531753.out and proofs/PK_TLS_A2531753.der
Signature verification succeeds
[TLS] Server time: 1619766307
[TLS] client_random  (32): F0A2CA6D9ED72360E15214CA2D90B6F10F74E026262C17D63FE51101DA37DC21
[TLS] sign_hash (32): AC89E97DB6F2D3B5F851E599177C7B822F555D8EA9D235869084076371878BF7
[TLS] Written transcript to proofs/MSG_TLS_F0A2CA6D.out, proofs/SIG_TLS_F0A2CA6D.out and proofs/PK_TLS_F0A2CA6D.der
Signature verification succeeds
[TLS] Server time: 1619766307
[TLS] client_random  (32): DA5876178236983C68C42F8C091DC85A8680EED9058F441A3EDD1C0F12D2E107
[TLS] sign_hash (32): C80521EC442E5DF92EC7B835ABC3593C13A22CD7D84C1ECCFFB99EA1F9C39E5E
[TLS] Written transcript to proofs/MSG_TLS_DA587617.out, proofs/SIG_TLS_DA587617.out and proofs/PK_TLS_DA587617.der
Signature verification succeeds
[TLS] Server time: 1619766307
[TLS] client_random  (32): 4D93A92EB393CA958854328CE7E76C00A0DD15C1B0FF40A2527B60DEECEB7C3E
[TLS] sign_hash (32): CB298198668529A49DC2C797C69217088E76A1369AA440B6822CBFCC364A2A03
[TLS] Written transcript to proofs/MSG_TLS_4D93A92E.out, proofs/SIG_TLS_4D93A92E.out and proofs/PK_TLS_4D93A92E.der
Signature verification succeeds
[TLS] Server time: 1619766307
[TLS] client_random  (32): 128B1909C6DFDABDE149FB888E1AF325A248335B53D2AE7799830B3EAF91514F
[TLS] sign_hash (32): E4113FF5C91ED64AF2DCF6E5B2FB431CE4615D2A4616398C3CED483ED9170B55
[TLS] Written transcript to proofs/MSG_TLS_128B1909.out, proofs/SIG_TLS_128B1909.out and proofs/PK_TLS_128B1909.der
Signature verification succeeds
[TLS] Server time: 1619766307
[TLS] client_random  (32): 2E9DFDC01C3CCC0213E89682F3A237AEBDB2668D18D1C0D564FBEC415FCC953E
[TLS] sign_hash (32): 7BA5653FC292B3FCB2F52F57949D5DC6D358E3BC7319B413B03D9FE951546AF3
[TLS] Written transcript to proofs/MSG_TLS_2E9DFDC0.out, proofs/SIG_TLS_2E9DFDC0.out and proofs/PK_TLS_2E9DFDC0.der
Signature verification succeeds
[TLS] Server time: 1619766307
[TLS] client_random  (32): 07E4507874E060A060EC5F1E2D57F245FEF22F5BFD88C082D0479E9F89D93E03
[TLS] sign_hash (32): 8DCB0EC30268E43901958072FE0854D57F98729B7252C57D2980699616A92EA4
[TLS] Written transcript to proofs/MSG_TLS_07E45078.out, proofs/SIG_TLS_07E45078.out and proofs/PK_TLS_07E45078.der
Signature verification succeeds
[TLS] Server time: 1619766307
[TLS] client_random  (32): 66B9D7910E49A3A04B282AFF48D7D97633BF3CCB27888E24AAC9959A9DF137F0
[TLS] sign_hash (32): 8622DDA317EC7ABE020AD94577FB6DA1AF2CF7DF159C40735AF88FC04F121C22
[TLS] Written transcript to proofs/MSG_TLS_66B9D791.out, proofs/SIG_TLS_66B9D791.out and proofs/PK_TLS_66B9D791.der
Signature verification succeeds
[TLS] Server time: 1619766307
[TLS] client_random  (32): 1ED600567173156902C66791F9666E7332A26E6A5BB48B3B942B0D1F06269025
[TLS] sign_hash (32): 36054A5D29588176777C1C1BFE47BD1B83861BC5F1F4CD4D5597623B4603691E
[TLS] Written transcript to proofs/MSG_TLS_1ED60056.out, proofs/SIG_TLS_1ED60056.out and proofs/PK_TLS_1ED60056.der
Signature verification succeeds
[TLS] Server time: 1619766307
[TLS] client_random  (32): 9DD60F1D91BF64F7F52437F4723EF60874ABBBAD0FDCE667B9E2648A22C7643E
[TLS] sign_hash (32): F252A29BE245CD71128E311B40D1001F7948991B3B9081E3990F39A338A62A23
[TLS] Written transcript to proofs/MSG_TLS_9DD60F1D.out, proofs/SIG_TLS_9DD60F1D.out and proofs/PK_TLS_9DD60F1D.der
Signature verification succeeds
[TLS] Server time: 1619766307
[TLS] client_random  (32): B57E855BC98A808EE3262507C9F4D96E7E749C891E0C0DA5FB279891D42CC573
[TLS] sign_hash (32): EABA2D55C419DCCB1744705E377F452FB4E83318CB3F8542E05AF48D3DFADE3F
[TLS] Written transcript to proofs/MSG_TLS_B57E855B.out, proofs/SIG_TLS_B57E855B.out and proofs/PK_TLS_B57E855B.der
Signature verification succeeds
[TLS] Server time: 1619766307
[TLS] client_random  (32): B13F064081B290FFDD79C4065A7D6F3FCBC225890D185FD4C2BAF99F4FDC87D8
[TLS] sign_hash (32): C30796B81A6D70D8BB123AA2BCAC8284EB3F6676A89F535ACBA5AE0B579F154E
[TLS] Written transcript to proofs/MSG_TLS_B13F0640.out, proofs/SIG_TLS_B13F0640.out and proofs/PK_TLS_B13F0640.der
Signature verification succeeds
[TLS] Server time: 1619766307
[TLS] client_random  (32): 98F58333EAD6CECEAEFD0B63ECBACB392343CD678C915D780F71B002BDF0CA16
[TLS] sign_hash (32): 02581D0981581A9D60F65A0D46C04F588F3B72A266FFD6D55FB46ACAA21640D9
[TLS] Written transcript to proofs/MSG_TLS_98F58333.out, proofs/SIG_TLS_98F58333.out and proofs/PK_TLS_98F58333.der
Signature verification succeeds
Time breakdown (averages): anchor_ping:87.902639 file_read:0.138257 hashing:0.470868
Total time for 71 rounds is 6372.242413ms
Standard deviations: anchor_ping:245.520220 file_read:0.017297 hashing:0.006650
[Client-side ops] mean:0.609125 sd:0.020172
in & out anchor rand written to proofs/phase1.out
     19 [TLS] Server time: 1619766301
      1 [TLS] Server time: 1619766302
      2 [TLS] Server time: 1619766303
      4 [TLS] Server time: 1619766304
      8 [TLS] Server time: 1619766305
     16 [TLS] Server time: 1619766306
     22 [TLS] Server time: 1619766307
Count is 19
Count is 1
Count is 2
Count is 4
Count is 8
Count is 16
Count is 22
success: 0
Sleeping before retrying
CONF: anchor:www.sunysuffolk.edu fs:1024MB n_rounds:71 seed:5c9f4bf9bbc15bb855f82faedc5a52fc3ab2dfa8ec3ba3ce1b270f31fa0cced2 filename:FILE bs:1024 nops:100 benchmarking:0 anchor_ping:1 queue_depth:32 direct:0
[TLS] Connecting to www.sunysuffolk.edu
[TLS] Server time: 1619766309
[TLS] client_random  (32): 5C9F4BF9BBC15BB855F82FAEDC5A52FC3AB2DFA8EC3BA3CE1B270F31FA0CCED2
[TLS] sign_hash (32): 08C7C94AA3B9784D3B97CCC033DC5E08DC48C25CED72B9278F631731565A60A8
[TLS] Written transcript to proofs/MSG_TLS_5C9F4BF9.out, proofs/SIG_TLS_5C9F4BF9.out and proofs/PK_TLS_5C9F4BF9.der
Signature verification succeeds
[TLS] Server time: 1619766309
[TLS] client_random  (32): D2DB9449656B3F81887D8E10EB7EBDA2FC3CFB10C2B41242FAEB1CC550B2F888
[TLS] sign_hash (32): E100534B04FD69FD60793ADE8285311220504D4554850F712F66BBBC63DBEBD3
[TLS] Written transcript to proofs/MSG_TLS_D2DB9449.out, proofs/SIG_TLS_D2DB9449.out and proofs/PK_TLS_D2DB9449.der
Signature verification succeeds
[TLS] Server time: 1619766309
[TLS] client_random  (32): 616C0E3B171C3E2E49FB33BB68FB3F9C53A218C146BED6CCAEECD53B072E4C4B
[TLS] sign_hash (32): 041563FE638E35551E06D0BD940261AAD247E5EF48ADD12DB83A9B03819CADAC
[TLS] Written transcript to proofs/MSG_TLS_616C0E3B.out, proofs/SIG_TLS_616C0E3B.out and proofs/PK_TLS_616C0E3B.der
Signature verification succeeds
[TLS] Server time: 1619766309
[TLS] client_random  (32): 76C7C0BF40B83751E4596F97092257E5EA26AE02882D2707921098F8B86D83C2
[TLS] sign_hash (32): 7AA1AFC96EB433ED6BAD912F77B59B6078DCBA04CEFC69A17D14F59CAF7263A9
[TLS] Written transcript to proofs/MSG_TLS_76C7C0BF.out, proofs/SIG_TLS_76C7C0BF.out and proofs/PK_TLS_76C7C0BF.der
Signature verification succeeds
[TLS] Server time: 1619766309
[TLS] client_random  (32): 89C7ED53E8424EEA5F9F0639B3FD1BC00C73E4DC7410880C2F5E36564685134B
[TLS] sign_hash (32): 4EAE64346F06CE3E9439478197329E4BBDEC6B2F2D19B6060A05D10883B9B3F8
[TLS] Written transcript to proofs/MSG_TLS_89C7ED53.out, proofs/SIG_TLS_89C7ED53.out and proofs/PK_TLS_89C7ED53.der
Signature verification succeeds
[TLS] Server time: 1619766309
[TLS] client_random  (32): 7BF22644896A87C206D97FB53DAA646DA3EEE916BA29BBD0C43B73AC29F2E29F
[TLS] sign_hash (32): D09F95B649457156652BFBB2369A8703F6CF0A9F15584785865711B355810859
[TLS] Written transcript to proofs/MSG_TLS_7BF22644.out, proofs/SIG_TLS_7BF22644.out and proofs/PK_TLS_7BF22644.der
Signature verification succeeds
[TLS] Server time: 1619766309
[TLS] client_random  (32): 198A3CCEA9A3FBDE16C2B4CD8AA5BCEFBAD7B9714FD9A7BB0EE435C1F0EA9860
[TLS] sign_hash (32): E39359982AED38FAD22FD8C55ACB73942718716743F4A06497CE3DAF16170484
[TLS] Written transcript to proofs/MSG_TLS_198A3CCE.out, proofs/SIG_TLS_198A3CCE.out and proofs/PK_TLS_198A3CCE.der
Signature verification succeeds
[TLS] Server time: 1619766309
[TLS] client_random  (32): 191D7EBB6BD8CE741049771EBEF87F17EABBBE20EF1A17158903B2F2989E012E
[TLS] sign_hash (32): FE24EC0686ACFC69846F4C08762C858EF00DE39844CF04D689F823162CCEBCA7
[TLS] Written transcript to proofs/MSG_TLS_191D7EBB.out, proofs/SIG_TLS_191D7EBB.out and proofs/PK_TLS_191D7EBB.der
Signature verification succeeds
[TLS] Server time: 1619766309
[TLS] client_random  (32): 8507D5E5E29C3E94A30193A78F37C16FDB0B6B3066813D69ACC5CBA4F3699023
[TLS] sign_hash (32): 80F091DA5835D7442F21C602582B720AA97AA0F55091CB4A560653AEDFE95663
[TLS] Written transcript to proofs/MSG_TLS_8507D5E5.out, proofs/SIG_TLS_8507D5E5.out and proofs/PK_TLS_8507D5E5.der
Signature verification succeeds
[TLS] Server time: 1619766309
[TLS] client_random  (32): D1691D56536362255EB8260AAF57385F711A2F71C9BB0EDD8E718929C9439222
[TLS] sign_hash (32): D557D023FF7806563B8107ABCA0EB1F1866EC67DD6AEFC98F4DBE9EF9A45FF91
[TLS] Written transcript to proofs/MSG_TLS_D1691D56.out, proofs/SIG_TLS_D1691D56.out and proofs/PK_TLS_D1691D56.der
Signature verification succeeds
[TLS] Server time: 1619766309
[TLS] client_random  (32): BDEBD4E2231EAEA57A2991F347BB2B9984053005177EB4AD848008F0FADF707E
[TLS] sign_hash (32): 75B8DA94ECBBEBE1EC0FA71A0A920A2E8404EAD5EA02AA234041769B49DBF7C9
[TLS] Written transcript to proofs/MSG_TLS_BDEBD4E2.out, proofs/SIG_TLS_BDEBD4E2.out and proofs/PK_TLS_BDEBD4E2.der
Signature verification succeeds
[TLS] Server time: 1619766309
[TLS] client_random  (32): E24183E5CF0CDF3504B27F983C8D50FEB3E8CAE0F468C8BD6D3834696937E72F
[TLS] sign_hash (32): DFA9687D16D658D4953ECDF9EE498A997B90A62FE19DECF49330D82ED3FCEC25
[TLS] Written transcript to proofs/MSG_TLS_E24183E5.out, proofs/SIG_TLS_E24183E5.out and proofs/PK_TLS_E24183E5.der
Signature verification succeeds
[TLS] Server time: 1619766309
[TLS] client_random  (32): AEA12EDEDC62C724B9D716D0F9218F490FD4EC1D02E935FFA7177B9291DF9C9A
[TLS] sign_hash (32): 3A7B1CCB263F905B6FFD32D39DA627DC1CA624E20322670BEAA506230BDD9700
[TLS] Written transcript to proofs/MSG_TLS_AEA12EDE.out, proofs/SIG_TLS_AEA12EDE.out and proofs/PK_TLS_AEA12EDE.der
Signature verification succeeds
[TLS] Server time: 1619766309
[TLS] client_random  (32): 437C0A7DBC317F200F73A149E1D7A89FB095439FE90821A427242678839F6B08
[TLS] sign_hash (32): A96F81936C4A30065772DED9752C0175C19D808899D2F3FDB83F10F53249B519
[TLS] Written transcript to proofs/MSG_TLS_437C0A7D.out, proofs/SIG_TLS_437C0A7D.out and proofs/PK_TLS_437C0A7D.der
Signature verification succeeds
[TLS] Server time: 1619766309
[TLS] client_random  (32): 05DE1A6BB9210BCF455D82E3CC7F4FD2484A172C520A04D3AE2C0FE51B62EA3C
[TLS] sign_hash (32): 1A27D03BC98B7574B2D95F62A9032CABF44EE29B69E64A5D6D5EFE5238462B7D
[TLS] Written transcript to proofs/MSG_TLS_05DE1A6B.out, proofs/SIG_TLS_05DE1A6B.out and proofs/PK_TLS_05DE1A6B.der
Signature verification succeeds
[TLS] Server time: 1619766309
[TLS] client_random  (32): 1BD349B9ED21A26A4623AF8580AEAE63CDEE49F41AE29A7805EBB08771432EFC
[TLS] sign_hash (32): 651A0B45ACDE08743F0A9E82FE0A5A3C49F0B072EC5AFE83839A77E58678D811
[TLS] Written transcript to proofs/MSG_TLS_1BD349B9.out, proofs/SIG_TLS_1BD349B9.out and proofs/PK_TLS_1BD349B9.der
Signature verification succeeds
[TLS] Server time: 1619766309
[TLS] client_random  (32): 3613B2BDF32472571F264A9D1D31EB4153B91B61D78710A7AF5504045C7383DE
[TLS] sign_hash (32): CE734EBCBCF146DE36B3E6CE3C60AF6764CAF543614C77D87BDB666D7B5906FA
[TLS] Written transcript to proofs/MSG_TLS_3613B2BD.out, proofs/SIG_TLS_3613B2BD.out and proofs/PK_TLS_3613B2BD.der
Signature verification succeeds
[TLS] Server time: 1619766309
[TLS] client_random  (32): 60C759019F29D93F5708BFE962F6FDDBCDDBC22AD38EEC261C8A8A49EC65403A
[TLS] sign_hash (32): 63E23A054DF20BE4F4D10AC7589FDBA6FB524E5B6061C931431795E5265A4BAD
[TLS] Written transcript to proofs/MSG_TLS_60C75901.out, proofs/SIG_TLS_60C75901.out and proofs/PK_TLS_60C75901.der
Signature verification succeeds
[TLS] Server time: 1619766309
[TLS] client_random  (32): 02096C8BCAE1728D78C57BF8C19846BA3DC2B7ECE5D4DDD6E956B59A09AAB389
[TLS] sign_hash (32): 07138072D7F53EFED345416E7132DA9A849143C49DC8C25B5B8910A702C75CC3
[TLS] Written transcript to proofs/MSG_TLS_02096C8B.out, proofs/SIG_TLS_02096C8B.out and proofs/PK_TLS_02096C8B.der
Signature verification succeeds
[TLS] Server time: 1619766310
[TLS] client_random  (32): 90623BDA97122F7FDC864064EFF0034ABEC4FE957DAFBB158FE65AF2625DCA5D
[TLS] sign_hash (32): 08B46FC2A64EA623FE0A73E69B3FBD4851A392CBC518A44095EF0205F0943F1F
[TLS] Written transcript to proofs/MSG_TLS_90623BDA.out, proofs/SIG_TLS_90623BDA.out and proofs/PK_TLS_90623BDA.der
Signature verification succeeds
[TLS] Server time: 1619766310
[TLS] client_random  (32): A3BDDCE5AC4A515B078D9EE3DB5F73C933B4292193F021EF2236FDE676CDDF5F
[TLS] sign_hash (32): 9D018AAFE1354A4BAEEAE43D3076EFCD8C0BE17D9389485A6601794B7ECED471
[TLS] Written transcript to proofs/MSG_TLS_A3BDDCE5.out, proofs/SIG_TLS_A3BDDCE5.out and proofs/PK_TLS_A3BDDCE5.der
Signature verification succeeds
[TLS] Server time: 1619766310
[TLS] client_random  (32): 3ADB82697284E1138A616EC13F3542094154474CF9FC6B2BF652B600620F9E6F
[TLS] sign_hash (32): 512F568E514B983F0C081DA87F2584DB6709D591893F9605AA62EFB50BB01A6B
[TLS] Written transcript to proofs/MSG_TLS_3ADB8269.out, proofs/SIG_TLS_3ADB8269.out and proofs/PK_TLS_3ADB8269.der
Signature verification succeeds
[TLS] Server time: 1619766310
[TLS] client_random  (32): EC09B5265E4374091D0E726F14D74A74EC4248F9C97B98D825ADDFCE690D2025
[TLS] sign_hash (32): F8F6DFF5EBB925BF84156417681FFE50874BE746C398DD754BF5E14EB1898DBD
[TLS] Written transcript to proofs/MSG_TLS_EC09B526.out, proofs/SIG_TLS_EC09B526.out and proofs/PK_TLS_EC09B526.der
Signature verification succeeds
[TLS] Server time: 1619766310
[TLS] client_random  (32): 1E122D4AE83D2C7329FF65A1D7A278136BE5607414BEABDB260EFFEF7F6EBB35
[TLS] sign_hash (32): 87E9C7990D90A3E01DB8536C619779552912DD43D9DC62BBED3EFCED74BD940B
[TLS] Written transcript to proofs/MSG_TLS_1E122D4A.out, proofs/SIG_TLS_1E122D4A.out and proofs/PK_TLS_1E122D4A.der
Signature verification succeeds
[TLS] Server time: 1619766310
[TLS] client_random  (32): 3EDA11B6F80D967AD875D2F8623787FF886B9955FC2A71BCEE77B5A8EB9DAAC9
[TLS] sign_hash (32): 8DEABDAD10D35A2117712E39687D866436DE1EAAADD6E93DDDEA1A9F871CC4BA
[TLS] Written transcript to proofs/MSG_TLS_3EDA11B6.out, proofs/SIG_TLS_3EDA11B6.out and proofs/PK_TLS_3EDA11B6.der
Signature verification succeeds
[TLS] Server time: 1619766310
[TLS] client_random  (32): A2D42D8B0FBAC4822FA1B248353FE5865A2E20691B30CB9F6A6A702DA82E93A8
[TLS] sign_hash (32): FDCC91932DBCA092805B1309D45A50C03AB896763F57FF31998C3C019062EB24
[TLS] Written transcript to proofs/MSG_TLS_A2D42D8B.out, proofs/SIG_TLS_A2D42D8B.out and proofs/PK_TLS_A2D42D8B.der
Signature verification succeeds
[TLS] Server time: 1619766310
[TLS] client_random  (32): 7E10DC77F720BF31584732DAAB2CA5D1D53629058B9C342F1127D30BD3A85459
[TLS] sign_hash (32): 0CE9E5C19A5D69E49DEB1FD59F4ED0B692A69536383876AD4DA0169FFEF5D0FC
[TLS] Written transcript to proofs/MSG_TLS_7E10DC77.out, proofs/SIG_TLS_7E10DC77.out and proofs/PK_TLS_7E10DC77.der
Signature verification succeeds
[TLS] Server time: 1619766310
[TLS] client_random  (32): 575E3BD770CE2FD73C79BD0C8E0689FEC31667174BC4673C07EF2FF9A223F91D
[TLS] sign_hash (32): 1A61587E7E15615490181DC177F674114B04B4E6B9D0A66DD9B5EC250953B7A8
[TLS] Written transcript to proofs/MSG_TLS_575E3BD7.out, proofs/SIG_TLS_575E3BD7.out and proofs/PK_TLS_575E3BD7.der
Signature verification succeeds
[TLS] Server time: 1619766310
[TLS] client_random  (32): 191EA6A96A97F318723F5194BCC5D5371C9B68C8B2F437B206F091ECACE19898
[TLS] sign_hash (32): F9859555ED00B584E961D86038F2CC6A7B2A13193406DA0CA0195C2ABA759DEC
[TLS] Written transcript to proofs/MSG_TLS_191EA6A9.out, proofs/SIG_TLS_191EA6A9.out and proofs/PK_TLS_191EA6A9.der
Signature verification succeeds
[TLS] Server time: 1619766310
[TLS] client_random  (32): EA309D968AA398AB3CE2DAEADEB041F875C368838372B5260AEC6BE027234661
[TLS] sign_hash (32): 73F94788C32019957C23BAA4E9EA58C3259DB12BFD284434E2A1DFB9097C7E0D
[TLS] Written transcript to proofs/MSG_TLS_EA309D96.out, proofs/SIG_TLS_EA309D96.out and proofs/PK_TLS_EA309D96.der
Signature verification succeeds
[TLS] Server time: 1619766310
[TLS] client_random  (32): 23F62DBAD0D2A5C913B24057BF2FFAD4CA5E726AFEB9ED30AC87AD31D14393EB
[TLS] sign_hash (32): 204278493C69968F4893AB182A76AAB8C0B967FF7A546610CEAC124566B6F179
[TLS] Written transcript to proofs/MSG_TLS_23F62DBA.out, proofs/SIG_TLS_23F62DBA.out and proofs/PK_TLS_23F62DBA.der
Signature verification succeeds
[TLS] Server time: 1619766310
[TLS] client_random  (32): AE8568BF24E764F9F45A41C525D5B2534E699C4315B0806A7FAD00F54CEE998B
[TLS] sign_hash (32): 00EE0620B62A030CF13BF2449BCEAE8B1BCB243A5C6CEB8EE6C820176815B386
[TLS] Written transcript to proofs/MSG_TLS_AE8568BF.out, proofs/SIG_TLS_AE8568BF.out and proofs/PK_TLS_AE8568BF.der
Signature verification succeeds
[TLS] Server time: 1619766310
[TLS] client_random  (32): 3AE77B603E3CC4D5A971C519EEACBE04FDBA9B2375B40989DC7FC0B895E73958
[TLS] sign_hash (32): B78581944CB8489FE09C3AC3E05EE95E176D6D13B8E3B896C48F5957FADC86AD
[TLS] Written transcript to proofs/MSG_TLS_3AE77B60.out, proofs/SIG_TLS_3AE77B60.out and proofs/PK_TLS_3AE77B60.der
Signature verification succeeds
[TLS] Server time: 1619766310
[TLS] client_random  (32): 9048B80449D3B152E2229A733775880E9E0D36D2D334ECAF1B758BF2B3296F5D
[TLS] sign_hash (32): F52D4A884AC00B8301E99420849FD9555C8D7AA517FFD574C62D886ED1C844B0
[TLS] Written transcript to proofs/MSG_TLS_9048B804.out, proofs/SIG_TLS_9048B804.out and proofs/PK_TLS_9048B804.der
Signature verification succeeds
[TLS] Server time: 1619766310
[TLS] client_random  (32): 77B27906D88B071D91459B4938ACB76B661154C13FCB34F37446050755D266D7
[TLS] sign_hash (32): 07F887EEDA6E4D5359A182148B9CFC0BC6207AF7078C0452FB45B2370718896C
[TLS] Written transcript to proofs/MSG_TLS_77B27906.out, proofs/SIG_TLS_77B27906.out and proofs/PK_TLS_77B27906.der
Signature verification succeeds
[TLS] Server time: 1619766310
[TLS] client_random  (32): 7B5661B4C3633B13C950D16577B77C749380D29A9E64A8EC91D3FA5D58C78305
[TLS] sign_hash (32): 1D145106280D28A1C8FFED56F1F75E5435011D05101865BF01BD62C17F61B0AA
[TLS] Written transcript to proofs/MSG_TLS_7B5661B4.out, proofs/SIG_TLS_7B5661B4.out and proofs/PK_TLS_7B5661B4.der
Signature verification succeeds
[TLS] Server time: 1619766310
[TLS] client_random  (32): 72AA017D1694A5C67149F3A9B311163BFE8C80A3DC5394A01ACD1B3DF3F10910
[TLS] sign_hash (32): 9DDAACAC99FF7E6ECEF5DFA83EDA63DE6367B6514D950774630941710680846E
[TLS] Written transcript to proofs/MSG_TLS_72AA017D.out, proofs/SIG_TLS_72AA017D.out and proofs/PK_TLS_72AA017D.der
Signature verification succeeds
[TLS] Server time: 1619766310
[TLS] client_random  (32): 66549D263F38C91EC10F5670045733CF1862DC092C968CBDADDA708EB9695276
[TLS] sign_hash (32): 83590F66127B67C5AA1BACD84A27DE82CB06FF0AD149FE8123AF3BEE668CAE65
[TLS] Written transcript to proofs/MSG_TLS_66549D26.out, proofs/SIG_TLS_66549D26.out and proofs/PK_TLS_66549D26.der
Signature verification succeeds
[TLS] Server time: 1619766310
[TLS] client_random  (32): B44C4E09FF7D291FEFC0BB2C2CC1FAD05062DCCDB6F69CA80FCD5DFE95B9D31D
[TLS] sign_hash (32): 3B3771E0F16EEC7D19B1D13B8ED1AEDFE5D81E55C2C8435A86601E9C525F3F18
[TLS] Written transcript to proofs/MSG_TLS_B44C4E09.out, proofs/SIG_TLS_B44C4E09.out and proofs/PK_TLS_B44C4E09.der
Signature verification succeeds
[TLS] Server time: 1619766310
[TLS] client_random  (32): 8F9C1F0E01C57B1E684EED28AB82BF4260A1E596D5DC10302D996345EE0949EF
[TLS] sign_hash (32): 8601F629AA51B2A5EBCE3927A2681F405C98B0A09C55634B8251FE2E6EAB00D3
[TLS] Written transcript to proofs/MSG_TLS_8F9C1F0E.out, proofs/SIG_TLS_8F9C1F0E.out and proofs/PK_TLS_8F9C1F0E.der
Signature verification succeeds
[TLS] Server time: 1619766310
[TLS] client_random  (32): AAB15250692B2DD5689EE3A294483ED44776421DEF961B44986F0A6DCDAD758B
[TLS] sign_hash (32): AD4D8A8C92324D172133CF7BC316360BBAB27B05DDEB7C42C5BD743620B256CF
[TLS] Written transcript to proofs/MSG_TLS_AAB15250.out, proofs/SIG_TLS_AAB15250.out and proofs/PK_TLS_AAB15250.der
Signature verification succeeds
[TLS] Server time: 1619766310
[TLS] client_random  (32): 719DF31ADDBCD1648D7A79630B07952340D834AABD309C6EFB72E0191BD8F43F
[TLS] sign_hash (32): A508F1B4E30797D717C7F6BA1A7DFE8A9E6010FF0ED6D5034CB24DE27800C2FF
[TLS] Written transcript to proofs/MSG_TLS_719DF31A.out, proofs/SIG_TLS_719DF31A.out and proofs/PK_TLS_719DF31A.der
Signature verification succeeds
[TLS] Server time: 1619766310
[TLS] client_random  (32): BA5DD313196BCB0B68F9EA37D28E6138B4499F9D888498262FE10FBF0625A97F
[TLS] sign_hash (32): E36222C272F323750586D26B5CB359593ACF14FB65FC377D791C6F59598353AD
[TLS] Written transcript to proofs/MSG_TLS_BA5DD313.out, proofs/SIG_TLS_BA5DD313.out and proofs/PK_TLS_BA5DD313.der
Signature verification succeeds
[TLS] Server time: 1619766310
[TLS] client_random  (32): 40BE9611B6173394D5FFFD21B474888C10FA8FB1DC0B804298856054CF99D196
[TLS] sign_hash (32): 2D8A391284E987C6539E2EEB64D6FA2E4539D32AD8FB5D0980D9DD6B66B43CD8
[TLS] Written transcript to proofs/MSG_TLS_40BE9611.out, proofs/SIG_TLS_40BE9611.out and proofs/PK_TLS_40BE9611.der
Signature verification succeeds
[TLS] Server time: 1619766310
[TLS] client_random  (32): 355817154849B8B9831F658E68310D987FCC5325D1FC973AAE0713FD1C611E9B
[TLS] sign_hash (32): 46CD59F2741A20CE0DDA3D5FFCF34163DFAAB89A91EE19AE3DDD1D82AB5302C9
[TLS] Written transcript to proofs/MSG_TLS_35581715.out, proofs/SIG_TLS_35581715.out and proofs/PK_TLS_35581715.der
Signature verification succeeds
[TLS] Server time: 1619766310
[TLS] client_random  (32): 009468BD7D00FB86749504B63CDEB5893D8589A54F693B96CC57B8B8C5D1E09C
[TLS] sign_hash (32): 65D03338449E34C2D7DEE54DA737BE1EDFC2E7F2AC60353AB2774FF2009D3FED
[TLS] Written transcript to proofs/MSG_TLS_009468BD.out, proofs/SIG_TLS_009468BD.out and proofs/PK_TLS_009468BD.der
Signature verification succeeds
[TLS] Server time: 1619766310
[TLS] client_random  (32): 7153B51C2BBCD86350F9EEF57F80A92FE0E0F03363635CA7B581D94F1FB3E84B
[TLS] sign_hash (32): 5B2F9EEDCB03ABA7083E558F3D8B5B1C624610EC4D46CBF5FE486F1C49C1CDF8
[TLS] Written transcript to proofs/MSG_TLS_7153B51C.out, proofs/SIG_TLS_7153B51C.out and proofs/PK_TLS_7153B51C.der
Signature verification succeeds
[TLS] Server time: 1619766310
[TLS] client_random  (32): B9970FE801D0AEBCA7BDD48204A219183779E1F770C27F9142641DC7D81063E2
[TLS] sign_hash (32): 69B242F29E716BBC696AC823E40B9565C2E3414355E914DB05F6D9AEC1139919
[TLS] Written transcript to proofs/MSG_TLS_B9970FE8.out, proofs/SIG_TLS_B9970FE8.out and proofs/PK_TLS_B9970FE8.der
Signature verification succeeds
[TLS] Server time: 1619766310
[TLS] client_random  (32): 0301487538312F34F70288F9A3B0DA3C8508ABA882A6635FE41492D2BC664776
[TLS] sign_hash (32): A3AAB90730B95DE2D8F1388397BAA11927BE1DF671A7D27BEFD45FACB2ECC73A
[TLS] Written transcript to proofs/MSG_TLS_03014875.out, proofs/SIG_TLS_03014875.out and proofs/PK_TLS_03014875.der
Signature verification succeeds
[TLS] Server time: 1619766310
[TLS] client_random  (32): E0805D55C0CC20F3EE6FFBD12BF3DCE98BC569E803B8DED2B8AE4CF39CF9FED5
[TLS] sign_hash (32): 7EABB284141FE41223802F756091025E961CF78C7F501294A569A743A833211A
[TLS] Written transcript to proofs/MSG_TLS_E0805D55.out, proofs/SIG_TLS_E0805D55.out and proofs/PK_TLS_E0805D55.der
Signature verification succeeds
[TLS] Server time: 1619766310
[TLS] client_random  (32): 9B92D87C44EA3A8D42D493179D71F4C09991513EAB1997B44CA38E0046AB9AD5
[TLS] sign_hash (32): 18D6C24B9F83F166E4D46093D4C39DFA93099CE7402B46AFE1AA2D94B3EC73DD
[TLS] Written transcript to proofs/MSG_TLS_9B92D87C.out, proofs/SIG_TLS_9B92D87C.out and proofs/PK_TLS_9B92D87C.der
Signature verification succeeds
[TLS] Server time: 1619766310
[TLS] client_random  (32): 31AF77B78C8EDB7B9D4FE392C1976B2812BC02B0181AF9A56884CE32F84770D8
[TLS] sign_hash (32): 578C9FD1DB198BE35376EECAC84E38B8AC93C010C4889D8AF235DBE76289345C
[TLS] Written transcript to proofs/MSG_TLS_31AF77B7.out, proofs/SIG_TLS_31AF77B7.out and proofs/PK_TLS_31AF77B7.der
Signature verification succeeds
[TLS] Server time: 1619766310
[TLS] client_random  (32): 02CBC97AE4423DA414905C4D0FAF7010E8912FF0DD62C8BB79045194DEB47AFF
[TLS] sign_hash (32): 1B2824C04C9D4B2C1706AB8CF29857215ADB2B2C908A076DF02B173283ECB9CB
[TLS] Written transcript to proofs/MSG_TLS_02CBC97A.out, proofs/SIG_TLS_02CBC97A.out and proofs/PK_TLS_02CBC97A.der
Signature verification succeeds
[TLS] Server time: 1619766310
[TLS] client_random  (32): 8AED9B7DBCC8EF0A0FAF2809130F8D39CD21E7659B2EA1FB5639C2390FF7BB85
[TLS] sign_hash (32): 606A9160CB682F6004D866FA43FBAE095E0FE80D8B57F314A44A5EAC9241ED34
[TLS] Written transcript to proofs/MSG_TLS_8AED9B7D.out, proofs/SIG_TLS_8AED9B7D.out and proofs/PK_TLS_8AED9B7D.der
Signature verification succeeds
[TLS] Server time: 1619766310
[TLS] client_random  (32): 870AE365C38B1618BD0E9AA13352584534EC7AAFC8F48BB170B6A14BBB4481E8
[TLS] sign_hash (32): ED7D1CCBA7F5D548A7A1E6C13D2AC3A8BB63D26AE8F14969F725F16E47FC6AFB
[TLS] Written transcript to proofs/MSG_TLS_870AE365.out, proofs/SIG_TLS_870AE365.out and proofs/PK_TLS_870AE365.der
Signature verification succeeds
[TLS] Server time: 1619766310
[TLS] client_random  (32): 1820A47A3C3B429BD6C6AA0B590D235F1B249C9FC4A1769FB88D8D140F2A7E71
[TLS] sign_hash (32): 720C1A4B5FC2C5DD18D62F4FD697D0F9D7C60CEE3DBD25A21E4728CDCDDEC912
[TLS] Written transcript to proofs/MSG_TLS_1820A47A.out, proofs/SIG_TLS_1820A47A.out and proofs/PK_TLS_1820A47A.der
Signature verification succeeds
[TLS] Server time: 1619766310
[TLS] client_random  (32): 6A3041D324BF519F37801E22A2C4812D1FEF3D5B583F302A2B782C620CE2C142
[TLS] sign_hash (32): E243FED978D7FB6FF98B75018C15C6B2ED4D012077640B9E133333C0A1FF6163
[TLS] Written transcript to proofs/MSG_TLS_6A3041D3.out, proofs/SIG_TLS_6A3041D3.out and proofs/PK_TLS_6A3041D3.der
Signature verification succeeds
[TLS] Server time: 1619766310
[TLS] client_random  (32): 8C43C3557A12BF1E6BF379CF58DF433EED93A021DF94C5A8722F68B48F5C2F41
[TLS] sign_hash (32): D832B3B441854623D8BAD9F12E3E95093A73B0A8BBAF779B088FEC0A3AA0AAAC
[TLS] Written transcript to proofs/MSG_TLS_8C43C355.out, proofs/SIG_TLS_8C43C355.out and proofs/PK_TLS_8C43C355.der
Signature verification succeeds
[TLS] Server time: 1619766310
[TLS] client_random  (32): 3C9486FC105333685AE69D5008A4D6D22704616D2459BDEB0BA18F807D6BAF0D
[TLS] sign_hash (32): BD9E6EA6CF97713398A9078E43D9AAA240F8914938F66B159F4E39719ADCBAEB
[TLS] Written transcript to proofs/MSG_TLS_3C9486FC.out, proofs/SIG_TLS_3C9486FC.out and proofs/PK_TLS_3C9486FC.der
Signature verification succeeds
[TLS] Server time: 1619766310
[TLS] client_random  (32): D1DE63D048445684BA6FB83DE6BDA6700F8495DF9DC93E1149D40992C3D1B6F9
[TLS] sign_hash (32): 3FC47FDB1C59CD9D4F9D59AB79E327D985BB2B307B627AE0F890443B70785130
[TLS] Written transcript to proofs/MSG_TLS_D1DE63D0.out, proofs/SIG_TLS_D1DE63D0.out and proofs/PK_TLS_D1DE63D0.der
Signature verification succeeds
[TLS] Server time: 1619766310
[TLS] client_random  (32): D77387957C7B82ACAFB443A70D3E61E49F6AD20287A3C05D43CD62D231C2EE47
[TLS] sign_hash (32): 29D30C4F4732B0D7B60698E6722055C37BA7B665BB1C61B30CAC3FC6CFEB6898
[TLS] Written transcript to proofs/MSG_TLS_D7738795.out, proofs/SIG_TLS_D7738795.out and proofs/PK_TLS_D7738795.der
Signature verification succeeds
[TLS] Server time: 1619766310
[TLS] client_random  (32): DCAB914DC4C044BA753B38203AEF1D3D7E5B11DB0FB4358183A4DED8CAD5004E
[TLS] sign_hash (32): 29B7CA4F26CA7319B858275541D29D71FDEED24F6FAC102BAF78445B8CBB66F4
[TLS] Written transcript to proofs/MSG_TLS_DCAB914D.out, proofs/SIG_TLS_DCAB914D.out and proofs/PK_TLS_DCAB914D.der
Signature verification succeeds
[TLS] Server time: 1619766310
[TLS] client_random  (32): F603BFCF22A5EC7ADD7C60453959DDEC278FEA1282EB15BBAEB6E037E23D0478
[TLS] sign_hash (32): 5B28E26853F5EAF23DCE32A8D93D10163AF852CA752413DA82F6C6BE89944DE7
[TLS] Written transcript to proofs/MSG_TLS_F603BFCF.out, proofs/SIG_TLS_F603BFCF.out and proofs/PK_TLS_F603BFCF.der
Signature verification succeeds
[TLS] Server time: 1619766310
[TLS] client_random  (32): 2127F83CBF487F65563693E2E7BB194F869262848464089D7DEA414D01EC706A
[TLS] sign_hash (32): A1D9753A3564FD8DFB35FF91917D32DEA6C44EEAF993EF12DCC2034640C0A0EB
[TLS] Written transcript to proofs/MSG_TLS_2127F83C.out, proofs/SIG_TLS_2127F83C.out and proofs/PK_TLS_2127F83C.der
Signature verification succeeds
[TLS] Server time: 1619766310
[TLS] client_random  (32): A9994F18435F0EFE88457F0F8E7DBB58E9807F4875A0FC294F495E80740AD549
[TLS] sign_hash (32): 059FF5A34283CB656E195C22D8E93741CF50456E92965176CF27B9E801A1E178
[TLS] Written transcript to proofs/MSG_TLS_A9994F18.out, proofs/SIG_TLS_A9994F18.out and proofs/PK_TLS_A9994F18.der
Signature verification succeeds
[TLS] Server time: 1619766310
[TLS] client_random  (32): 86FC0CB685B208572BBED6085E739B2CA93368AEE4F6612B69F3334D7D9154A6
[TLS] sign_hash (32): CDA041E1C775D0D02A91325E9D0CBE1010891307E5258C32B2D590425186EA9D
[TLS] Written transcript to proofs/MSG_TLS_86FC0CB6.out, proofs/SIG_TLS_86FC0CB6.out and proofs/PK_TLS_86FC0CB6.der
Signature verification succeeds
[TLS] Server time: 1619766310
[TLS] client_random  (32): 4FD820EE0AF041492D31E13EEFA062E910049FE0E89F6FF27333DE57AB73DBB2
[TLS] sign_hash (32): C7ABB23C5610D699B07A5BF23C84481FC95D6482C9322CE0814B24F28F44C74D
[TLS] Written transcript to proofs/MSG_TLS_4FD820EE.out, proofs/SIG_TLS_4FD820EE.out and proofs/PK_TLS_4FD820EE.der
Signature verification succeeds
[TLS] Server time: 1619766310
[TLS] client_random  (32): 706872107AE74449A82AE2E01394869217B276CF01F3D8A5377BB5DD22E4B6AE
[TLS] sign_hash (32): 02C4EAF729D0B53745D94EF58E15246F76FF5670B9EB86BA4C179B0B98AE1EFC
[TLS] Written transcript to proofs/MSG_TLS_70687210.out, proofs/SIG_TLS_70687210.out and proofs/PK_TLS_70687210.der
Signature verification succeeds
[TLS] Server time: 1619766310
[TLS] client_random  (32): FB23BACE88F0605477E87778DE45A3E1F004F41B7491AADEFD7AD65829C3E767
[TLS] sign_hash (32): F79773751D9604121F19BA3ADF5C8163791EC528A057355C3FFEE000D99F50F6
[TLS] Written transcript to proofs/MSG_TLS_FB23BACE.out, proofs/SIG_TLS_FB23BACE.out and proofs/PK_TLS_FB23BACE.der
Signature verification succeeds
[TLS] Server time: 1619766310
[TLS] client_random  (32): 28DBBD6DF13D8C01F7A1BC5CF7414C3775B108422108FA342261BC51EEF90388
[TLS] sign_hash (32): 66F22D59905549A3C2D49DB342554FD5E95876D9A16CC6DCC71399188CD1EF0F
[TLS] Written transcript to proofs/MSG_TLS_28DBBD6D.out, proofs/SIG_TLS_28DBBD6D.out and proofs/PK_TLS_28DBBD6D.der
Signature verification succeeds
[TLS] Server time: 1619766310
[TLS] client_random  (32): 36DDA789D4B18E47CBA2EB32A7A610F6248646C7DEB24EC318F055267BC62544
[TLS] sign_hash (32): C1C2AC5D19CE7F27457E81B4F8E5CE94F95129452B9A8B9046A781EE1E68053F
[TLS] Written transcript to proofs/MSG_TLS_36DDA789.out, proofs/SIG_TLS_36DDA789.out and proofs/PK_TLS_36DDA789.der
Signature verification succeeds
[TLS] Server time: 1619766310
[TLS] client_random  (32): 9DF392D772BB46B39D5ECA36824179CDE6F808F9A721395E2164DCB6AB730360
[TLS] sign_hash (32): A4A52DEB217E07470EA46C81D36DC9846B1EECCDB3E164EEA5F10360DA5A8293
[TLS] Written transcript to proofs/MSG_TLS_9DF392D7.out, proofs/SIG_TLS_9DF392D7.out and proofs/PK_TLS_9DF392D7.der
Signature verification succeeds
Time breakdown (averages): anchor_ping:14.024365 file_read:0.129641 hashing:0.469071
Total time for 71 rounds is 1052.267280ms
Standard deviations: anchor_ping:0.597953 file_read:0.017110 hashing:0.002538
[Client-side ops] mean:0.598712 sd:0.017611
in & out anchor rand written to proofs/phase1.out
     19 [TLS] Server time: 1619766309
     53 [TLS] Server time: 1619766310
Count is 19
Count is 53
success: 1
RESULT: 1 in 2 tries
