TLS anchor: www.sunysuffolk.edu
Actual: 34, Set: 71
Beginning execution at Wed Apr 28 09:35:01 UTC 2021
CONF: anchor:www.sunysuffolk.edu fs:1024MB n_rounds:71 seed:5c9f4bf9bbc15bb855f82faedc5a52fc3ab2dfa8ec3ba3ce1b270f31fa0cced2 filename:FILE bs:1024 nops:100 benchmarking:0 anchor_ping:1 queue_depth:32 direct:0
[TLS] Connecting to www.sunysuffolk.edu
[TLS] Server time: 1619602501
[TLS] client_random  (32): 5C9F4BF9BBC15BB855F82FAEDC5A52FC3AB2DFA8EC3BA3CE1B270F31FA0CCED2
[TLS] sign_hash (32): A35DEDDBCB41031EEDFF0D7E3BF0546E3C1C57EFF7350C15DFB453586DAD50D1
[TLS] Written transcript to proofs/MSG_TLS_5C9F4BF9.out, proofs/SIG_TLS_5C9F4BF9.out and proofs/PK_TLS_5C9F4BF9.der
Signature verification succeeds
[TLS] Server time: 1619602501
[TLS] client_random  (32): 9FDEE618ECFC07F96E790E9061CDDE34A76E1C410A03F279AE1114E2AFBADEA2
[TLS] sign_hash (32): EEE7E748C80D323278995A0331EAE25B04086360EFF20DAAB295C815E3A4E3D6
[TLS] Written transcript to proofs/MSG_TLS_9FDEE618.out, proofs/SIG_TLS_9FDEE618.out and proofs/PK_TLS_9FDEE618.der
Signature verification succeeds
[TLS] Server time: 1619602501
[TLS] client_random  (32): 85B88DB15D975E4AB7D17378ABC4E23A102CBA275EE6E5AE834D08949673DC12
[TLS] sign_hash (32): 93C3A2AFCF8F21914A905C057501139DA8806CEC7B112DC9B1FC617ED07386E5
[TLS] Written transcript to proofs/MSG_TLS_85B88DB1.out, proofs/SIG_TLS_85B88DB1.out and proofs/PK_TLS_85B88DB1.der
Signature verification succeeds
[TLS] Server time: 1619602501
[TLS] client_random  (32): EEACC412B6D56EE4CE34A5716F804B79A3FFC27775B9DB813DEFBE1C513CAAFA
[TLS] sign_hash (32): 6C8B126EC876B32D24CF1341A3C20BF6CA1ED65CAF24A6952EB9986433AC1189
[TLS] Written transcript to proofs/MSG_TLS_EEACC412.out, proofs/SIG_TLS_EEACC412.out and proofs/PK_TLS_EEACC412.der
Signature verification succeeds
[TLS] Server time: 1619602501
[TLS] client_random  (32): 86C685824B892457B78B7CC903C4969BB4B17BED78E652A474A660C323A67E21
[TLS] sign_hash (32): E0A4D49DEE728AA5DD3AADA17F5BD4F892A60D1034DD996118B4931ECF859C24
[TLS] Written transcript to proofs/MSG_TLS_86C68582.out, proofs/SIG_TLS_86C68582.out and proofs/PK_TLS_86C68582.der
Signature verification succeeds
[TLS] Server time: 1619602501
[TLS] client_random  (32): 564BBA1642CEE9D7E6CCD275B54C660FB1103E0958D55F332068532868EFA688
[TLS] sign_hash (32): BAA9F21523B3EF069AA9183985963E9E0FC558C410A94396D3D647DE49617B3D
[TLS] Written transcript to proofs/MSG_TLS_564BBA16.out, proofs/SIG_TLS_564BBA16.out and proofs/PK_TLS_564BBA16.der
Signature verification succeeds
[TLS] Server time: 1619602501
[TLS] client_random  (32): 2785149E0C2F1D5CBEE1D251DE5F856AFC249F26960B835334E6B15D92F974BD
[TLS] sign_hash (32): EFBDBCFF39FBD7E4A4600D411B6B26A48E398B5E69914F2021D8D05D2EEEA609
[TLS] Written transcript to proofs/MSG_TLS_2785149E.out, proofs/SIG_TLS_2785149E.out and proofs/PK_TLS_2785149E.der
Signature verification succeeds
[TLS] Server time: 1619602501
[TLS] client_random  (32): 8C2E5527B72C2124FC211934234D19DC0B985A6346103B051BDFF76DE25E2CF8
[TLS] sign_hash (32): D039B606D63968F41B06A7C6B8B5266BD941E5B0F7FBC5813DCBB85804ED72FF
[TLS] Written transcript to proofs/MSG_TLS_8C2E5527.out, proofs/SIG_TLS_8C2E5527.out and proofs/PK_TLS_8C2E5527.der
Signature verification succeeds
[TLS] Server time: 1619602501
[TLS] client_random  (32): 0BDFA680B75B3E8B3C13839A5DC18C8D0F132F579047CD51AB0A6992AB8E1013
[TLS] sign_hash (32): 2C7B16E60E94F70FC2474199317FA73A9F37A5990D2F10355D451565AE5CDBE8
[TLS] Written transcript to proofs/MSG_TLS_0BDFA680.out, proofs/SIG_TLS_0BDFA680.out and proofs/PK_TLS_0BDFA680.der
Signature verification succeeds
[TLS] Server time: 1619602501
[TLS] client_random  (32): FB33BECED4E6FB42FD6A8A18068B27ACEC037216B132273F0877AA9C349EFB71
[TLS] sign_hash (32): 6E53EC2466228D7E815F99B9D35943C9F9850683AF68AA28F6737FD8E290EFC1
[TLS] Written transcript to proofs/MSG_TLS_FB33BECE.out, proofs/SIG_TLS_FB33BECE.out and proofs/PK_TLS_FB33BECE.der
Signature verification succeeds
[TLS] Server time: 1619602501
[TLS] client_random  (32): 83BB1BE7371C11440BAD7A7A2FB2D256B10FB7E986972D2602FE67A94A997B16
[TLS] sign_hash (32): AC2D454792F01ECD2AA5A46F2D499570A65438E612E7F3E8CD91163359DDF81B
[TLS] Written transcript to proofs/MSG_TLS_83BB1BE7.out, proofs/SIG_TLS_83BB1BE7.out and proofs/PK_TLS_83BB1BE7.der
Signature verification succeeds
[TLS] Server time: 1619602501
[TLS] client_random  (32): 5689E2CD4A4C8C15B1CDDAF3CACEF129B80D59FA4479E25174DEC9B41A64E3CA
[TLS] sign_hash (32): 16226E0D7CA1A20E69CCB03BEC260D92C93BCF56BEFE269436B1ED407194D688
[TLS] Written transcript to proofs/MSG_TLS_5689E2CD.out, proofs/SIG_TLS_5689E2CD.out and proofs/PK_TLS_5689E2CD.der
Signature verification succeeds
[TLS] Server time: 1619602501
[TLS] client_random  (32): 6FA13CB76CF04ECD78633E52DEB9171630F0F5F26FBD499D0623E3F7A89A8010
[TLS] sign_hash (32): F0861E92E4B3A4E8B319AB8FE11066B8A76643BB74602AFB598C3D6C82DBF5F4
[TLS] Written transcript to proofs/MSG_TLS_6FA13CB7.out, proofs/SIG_TLS_6FA13CB7.out and proofs/PK_TLS_6FA13CB7.der
Signature verification succeeds
[TLS] Server time: 1619602501
[TLS] client_random  (32): AAB2F8F14FE23EF6692C77C996F9FD22F311859FC74A462C69E93569820A9958
[TLS] sign_hash (32): 99BE19D4978CBD83379218BD44A6E3A1D6C6989FF9BF6D19CDB8AA798556C980
[TLS] Written transcript to proofs/MSG_TLS_AAB2F8F1.out, proofs/SIG_TLS_AAB2F8F1.out and proofs/PK_TLS_AAB2F8F1.der
Signature verification succeeds
[TLS] Server time: 1619602501
[TLS] client_random  (32): 6623FE25C143A56AB7F122F61905F891EDD728CC3EE214F8FFBD09FD7C62134C
[TLS] sign_hash (32): 2A71878CFBBDB58309F6F8020A8AA2D371E3DB93C8E0456519E814B818B34495
[TLS] Written transcript to proofs/MSG_TLS_6623FE25.out, proofs/SIG_TLS_6623FE25.out and proofs/PK_TLS_6623FE25.der
Signature verification succeeds
[TLS] Server time: 1619602501
[TLS] client_random  (32): 8CF7532848DB53C51AAE618F1DD113F7072EA44999744707CD24190FE12ED9B9
[TLS] sign_hash (32): BB03427C74C1FFDEC896FA954BFE6DEC869D46A1E6E78FF30528C1E1393319C0
[TLS] Written transcript to proofs/MSG_TLS_8CF75328.out, proofs/SIG_TLS_8CF75328.out and proofs/PK_TLS_8CF75328.der
Signature verification succeeds
[TLS] Server time: 1619602501
[TLS] client_random  (32): 6D8FA39D3156B7BD13794D2DF2CA367022B131BFCF5176E924EB8F7F5F0E7D62
[TLS] sign_hash (32): 79CD7F7BEA099F5D171E92A760902A44F2B8B0B22F6A29FFA39369D58926F98A
[TLS] Written transcript to proofs/MSG_TLS_6D8FA39D.out, proofs/SIG_TLS_6D8FA39D.out and proofs/PK_TLS_6D8FA39D.der
Signature verification succeeds
[TLS] Server time: 1619602501
[TLS] client_random  (32): E110E864E3F355B79903CA6CE288E429CA3A0FFE1DB9C81852E0CE4104E83421
[TLS] sign_hash (32): A8F592E4130528FCA4F1522F8550DD81922F10CA406D8CE53EFDA8629D36694E
[TLS] Written transcript to proofs/MSG_TLS_E110E864.out, proofs/SIG_TLS_E110E864.out and proofs/PK_TLS_E110E864.der
Signature verification succeeds
[TLS] Server time: 1619602502
[TLS] client_random  (32): 6369ED1C9778FF8332B112D79443A510B04AD8ED177D9F229257DE1B27B5C343
[TLS] sign_hash (32): 68F20F149B53399742F28C8328F4B49158ADB26842CAF1FA81B5CEECB1175CF1
[TLS] Written transcript to proofs/MSG_TLS_6369ED1C.out, proofs/SIG_TLS_6369ED1C.out and proofs/PK_TLS_6369ED1C.der
Signature verification succeeds
[TLS] Server time: 1619602502
[TLS] client_random  (32): CD6120EB54E79FC0304D404708839C0579216BE0DB7E557181E82AC8DDD3B1EB
[TLS] sign_hash (32): AE90E932E73AD2A89C27C9D893568D041BF9F569CEC526BA988B39FB5863AA3F
[TLS] Written transcript to proofs/MSG_TLS_CD6120EB.out, proofs/SIG_TLS_CD6120EB.out and proofs/PK_TLS_CD6120EB.der
Signature verification succeeds
[TLS] Server time: 1619602503
[TLS] client_random  (32): 0565C29E594F9E8863AD37A809F9944A3C4C8A552C8780FFDF3729352FE8596C
[TLS] sign_hash (32): 3820A5CE2BEFEA03590F22E8808FD152CF7DAC328DEE53258DD8D7FBA4FDE089
[TLS] Written transcript to proofs/MSG_TLS_0565C29E.out, proofs/SIG_TLS_0565C29E.out and proofs/PK_TLS_0565C29E.der
Signature verification succeeds
[TLS] Server time: 1619602503
[TLS] client_random  (32): B2077C7867F3C9B5AE024DF846DA6E1DCDB80C4062EB42B01EAFAE0CC67FE7E1
[TLS] sign_hash (32): E135D952F753287126DE8BF026AD1E5000549A589C59E63D0971111856A8716A
[TLS] Written transcript to proofs/MSG_TLS_B2077C78.out, proofs/SIG_TLS_B2077C78.out and proofs/PK_TLS_B2077C78.der
Signature verification succeeds
[TLS] Server time: 1619602503
[TLS] client_random  (32): 502E701909BFAD190F7471258E6A4B2FFF9D58DFB91E06ED0E85B124C5F93294
[TLS] sign_hash (32): 289702D6D01D28D9DAFF41590E4945085CF291DC627A335FDBF78601155CB62D
[TLS] Written transcript to proofs/MSG_TLS_502E7019.out, proofs/SIG_TLS_502E7019.out and proofs/PK_TLS_502E7019.der
Signature verification succeeds
[TLS] Server time: 1619602504
[TLS] client_random  (32): 76B3D9214304DED383D3B8411801FE193E1F5E9DC8D6363E0ACD0FBD606E2F0A
[TLS] sign_hash (32): 7C3394D90527C311AC0712B237176133AB34C61F496FFBC462C5BE8BAF68D146
[TLS] Written transcript to proofs/MSG_TLS_76B3D921.out, proofs/SIG_TLS_76B3D921.out and proofs/PK_TLS_76B3D921.der
Signature verification succeeds
[TLS] Server time: 1619602504
[TLS] client_random  (32): 4B14B0B211849CE422D0789A7D77C78CA731F7B8C0A696AA5EE462F9DD31B7C5
[TLS] sign_hash (32): CEC3FD81FAABEFF4FF4C64B41A7C353566529FD793297E007399BEE158460567
[TLS] Written transcript to proofs/MSG_TLS_4B14B0B2.out, proofs/SIG_TLS_4B14B0B2.out and proofs/PK_TLS_4B14B0B2.der
Signature verification succeeds
[TLS] Server time: 1619602504
[TLS] client_random  (32): EA6B421587B40A7B309D48093D922E60EBDE967F2FE2AE020766C3B9E7FCF9C6
[TLS] sign_hash (32): 115F024CF2E04B0D5C2D9F2823E03F0A026BF6FDAA2E0FBA95396807A890C248
[TLS] Written transcript to proofs/MSG_TLS_EA6B4215.out, proofs/SIG_TLS_EA6B4215.out and proofs/PK_TLS_EA6B4215.der
Signature verification succeeds
[TLS] Server time: 1619602504
[TLS] client_random  (32): 468A94853746C62243626DEDE1ED02E3854BCFA738C191BE16DFE2A34274A851
[TLS] sign_hash (32): 324771391558F1FFC23CAA332DA45D0DDFCFBEEF02BE00F61A30CD9C5F253C79
[TLS] Written transcript to proofs/MSG_TLS_468A9485.out, proofs/SIG_TLS_468A9485.out and proofs/PK_TLS_468A9485.der
Signature verification succeeds
[TLS] Server time: 1619602504
[TLS] client_random  (32): 4584239F7C8947CBD80DC5F322B760315C3D4427CF89144D6A5CBEEB5C953096
[TLS] sign_hash (32): 515BD3886EDADD5FA485D0CA34B5F153ADE98C71661FD71DD1F2BC9030A17785
[TLS] Written transcript to proofs/MSG_TLS_4584239F.out, proofs/SIG_TLS_4584239F.out and proofs/PK_TLS_4584239F.der
Signature verification succeeds
[TLS] Server time: 1619602505
[TLS] client_random  (32): 4E52743B2B3D265A19D573D4EBF49C1743EF7A79154E1AB2E0514A0C5F307F98
[TLS] sign_hash (32): 1F3E16509C7D1AA912AD9B523E1B145D4CF40C5407E574B5061DB3AAF26FC3B7
[TLS] Written transcript to proofs/MSG_TLS_4E52743B.out, proofs/SIG_TLS_4E52743B.out and proofs/PK_TLS_4E52743B.der
Signature verification succeeds
[TLS] Server time: 1619602505
[TLS] client_random  (32): CBF9F82211356AEB4A9B9F347D617F50B3B45E33F4B5C60DC70C4483DC9973B9
[TLS] sign_hash (32): C7FE652CB651DB3AC42D93F1AE7F6E06BA15A09EAB4F0F4C169C375254A3BF20
[TLS] Written transcript to proofs/MSG_TLS_CBF9F822.out, proofs/SIG_TLS_CBF9F822.out and proofs/PK_TLS_CBF9F822.der
Signature verification succeeds
[TLS] Server time: 1619602505
[TLS] client_random  (32): A295CAA192153932B471787D4460D096D20015F1400DBF765DDD2BD581B0532E
[TLS] sign_hash (32): 8C588DA9E770C980C4BB379088C61E410A64826632D79A6C86FB8D945E6B03FA
[TLS] Written transcript to proofs/MSG_TLS_A295CAA1.out, proofs/SIG_TLS_A295CAA1.out and proofs/PK_TLS_A295CAA1.der
Signature verification succeeds
[TLS] Server time: 1619602505
[TLS] client_random  (32): F8549C365E3906E00CC5FE608A625714EAEE05237B6E54F38F61270367649729
[TLS] sign_hash (32): 2F3D4E222313702B376F954DF1A4138027D35486E22C932B2B769B4E5D41C085
[TLS] Written transcript to proofs/MSG_TLS_F8549C36.out, proofs/SIG_TLS_F8549C36.out and proofs/PK_TLS_F8549C36.der
Signature verification succeeds
[TLS] Server time: 1619602505
[TLS] client_random  (32): C441181DB008C4C33C90EBD7F4C67796FCF3DACBED267D5FFE6369505F9B73DA
[TLS] sign_hash (32): C5A2B96647196EAE21566252F5337EBAFFA0A198519673F14ED1C4CD12620FD3
[TLS] Written transcript to proofs/MSG_TLS_C441181D.out, proofs/SIG_TLS_C441181D.out and proofs/PK_TLS_C441181D.der
Signature verification succeeds
[TLS] Server time: 1619602505
[TLS] client_random  (32): 80A92FCDF89CD0A6DB05A27CAD13B10D91100BB950A3F04620ED4A1209B8A918
[TLS] sign_hash (32): 2047C220E702D9F2D707F59D28D4DDD47610D0497B3B4A88760D57FF1E35BBEE
[TLS] Written transcript to proofs/MSG_TLS_80A92FCD.out, proofs/SIG_TLS_80A92FCD.out and proofs/PK_TLS_80A92FCD.der
Signature verification succeeds
[TLS] Server time: 1619602505
[TLS] client_random  (32): 20CFED65448B222DCAC741881DF660738A42D1366DB858353A10695C6E87EF01
[TLS] sign_hash (32): DFCB672B819720FA4255FDC38FD6A3A55018D74489666744B23EEA49987878F6
[TLS] Written transcript to proofs/MSG_TLS_20CFED65.out, proofs/SIG_TLS_20CFED65.out and proofs/PK_TLS_20CFED65.der
Signature verification succeeds
[TLS] Server time: 1619602505
[TLS] client_random  (32): C8C8F5CFDF386CF08286CA124E2D16254E19604D0043502F079F322E7E750719
[TLS] sign_hash (32): 3EBA8FE3B8F805E40CA3FC9E6561C171DADD8269AD255BDE9B22BFB4348CD64F
[TLS] Written transcript to proofs/MSG_TLS_C8C8F5CF.out, proofs/SIG_TLS_C8C8F5CF.out and proofs/PK_TLS_C8C8F5CF.der
Signature verification succeeds
[TLS] Server time: 1619602506
[TLS] client_random  (32): 879B7D2BF81C7C5ACA3D53F16732EEC72D6179F5BA735EE7DF863A2F5ACD3860
[TLS] sign_hash (32): 7F333C1828A4FFEFE8F363E1C000E2568CE76ABA3A0DEB8A322BAEA52D7330B1
[TLS] Written transcript to proofs/MSG_TLS_879B7D2B.out, proofs/SIG_TLS_879B7D2B.out and proofs/PK_TLS_879B7D2B.der
Signature verification succeeds
[TLS] Server time: 1619602506
[TLS] client_random  (32): 982EDCFD6080AC1A36C88747C159A4ECCF7B2B43307E755A435CFCA84E85E05D
[TLS] sign_hash (32): 25626AB86A9A758D0B1C7B08ECF829E7908EBD4A40E736B4B3E3CB964674F4E4
[TLS] Written transcript to proofs/MSG_TLS_982EDCFD.out, proofs/SIG_TLS_982EDCFD.out and proofs/PK_TLS_982EDCFD.der
Signature verification succeeds
[TLS] Server time: 1619602506
[TLS] client_random  (32): A1098CC682DD765E82EBE12CF0FC3207928C5681AE6CE9657C090766650E586C
[TLS] sign_hash (32): F7709F1514ABDD3896D5539FDDB5C8E5124703BB01B0A9D22FCA25555C88E443
[TLS] Written transcript to proofs/MSG_TLS_A1098CC6.out, proofs/SIG_TLS_A1098CC6.out and proofs/PK_TLS_A1098CC6.der
Signature verification succeeds
[TLS] Server time: 1619602506
[TLS] client_random  (32): 6979C59AECE73EF32E2FFF78A01EB5BA562C10C2920735F875479AB525BC3B10
[TLS] sign_hash (32): CCD472B8C46702B5C386119D34931B98992A8C8E1A0330C00890B6063D8B9B9C
[TLS] Written transcript to proofs/MSG_TLS_6979C59A.out, proofs/SIG_TLS_6979C59A.out and proofs/PK_TLS_6979C59A.der
Signature verification succeeds
[TLS] Server time: 1619602506
[TLS] client_random  (32): 621D13A9CDC2BEC0F17F66A0EB71110DD7D208B3F36E68BD236716ED0288F0F0
[TLS] sign_hash (32): 4A7ACE2881117AD466A1430004E1AB0CCD9B8BE5B53CF8BD03FB5D468A873E88
[TLS] Written transcript to proofs/MSG_TLS_621D13A9.out, proofs/SIG_TLS_621D13A9.out and proofs/PK_TLS_621D13A9.der
Signature verification succeeds
[TLS] Server time: 1619602506
[TLS] client_random  (32): 13391215E10F16B57650F38B94210C44C3945B87C37463564DE1215CB6D57710
[TLS] sign_hash (32): 09C552AF6ED906EF813852D004808CB52E42740C9AEB2AB7AC11779F01827067
[TLS] Written transcript to proofs/MSG_TLS_13391215.out, proofs/SIG_TLS_13391215.out and proofs/PK_TLS_13391215.der
Signature verification succeeds
[TLS] Server time: 1619602506
[TLS] client_random  (32): B3B8DA76997CF98E2391919B8899F89AEB117DEDCC3D5770476348A99F63E20B
[TLS] sign_hash (32): F16A19DD0B557132D0AC6FD2C051367990AED646648BFE5FA94EBF7284231DDA
[TLS] Written transcript to proofs/MSG_TLS_B3B8DA76.out, proofs/SIG_TLS_B3B8DA76.out and proofs/PK_TLS_B3B8DA76.der
Signature verification succeeds
[TLS] Server time: 1619602506
[TLS] client_random  (32): F57AB8DEE2AA79A6EB68E6F85F5E3067123D27D1D7CEC48E5D69D2CEF8B35F5B
[TLS] sign_hash (32): 1EBB2D87DB7494F38BC4F167568C1F648678DD3B5C5B7D0B9F029024E7845D52
[TLS] Written transcript to proofs/MSG_TLS_F57AB8DE.out, proofs/SIG_TLS_F57AB8DE.out and proofs/PK_TLS_F57AB8DE.der
Signature verification succeeds
[TLS] Server time: 1619602506
[TLS] client_random  (32): F8F3379154C660845FE432D9E85AD6AF1721F23F5C2D79971BEB9C3915A5935B
[TLS] sign_hash (32): EEE859395453B89C8BF3D76E467A3D91C106E07704AC6D7537C56A588D7ECA7E
[TLS] Written transcript to proofs/MSG_TLS_F8F33791.out, proofs/SIG_TLS_F8F33791.out and proofs/PK_TLS_F8F33791.der
Signature verification succeeds
[TLS] Server time: 1619602506
[TLS] client_random  (32): 1BBF8A05DE6392012361F7106E5AB232CD42575B351FD3B6FCF0D6E98D41851E
[TLS] sign_hash (32): CBA224675E98019A9ECCF772C157F2F9D477F9DED5B566F43F36FE52DCD247CF
[TLS] Written transcript to proofs/MSG_TLS_1BBF8A05.out, proofs/SIG_TLS_1BBF8A05.out and proofs/PK_TLS_1BBF8A05.der
Signature verification succeeds
[TLS] Server time: 1619602506
[TLS] client_random  (32): 192C9803E73D95ECCA445BC4CD734B827C9B35E52C8C3874A589735FB1FABE8D
[TLS] sign_hash (32): C951BE31D7593A7527037D2C77EDE1BB02B6463A689C3FBC76EBDEFCC68A6392
[TLS] Written transcript to proofs/MSG_TLS_192C9803.out, proofs/SIG_TLS_192C9803.out and proofs/PK_TLS_192C9803.der
Signature verification succeeds
[TLS] Server time: 1619602506
[TLS] client_random  (32): 4AF989B55CD9C4BD37439194B1974A34A559B8A6AD18B6B123877C1C93FB61BE
[TLS] sign_hash (32): F145C32EF2E81E1C56526D986FDBBC446CEDC8D039F97E54D26751D23E2C3C73
[TLS] Written transcript to proofs/MSG_TLS_4AF989B5.out, proofs/SIG_TLS_4AF989B5.out and proofs/PK_TLS_4AF989B5.der
Signature verification succeeds
[TLS] Server time: 1619602506
[TLS] client_random  (32): 0BD264F775DA99E8F4BB169229EB04C898F6A3D94689B3904AEF0C19460A04C3
[TLS] sign_hash (32): 8D3CC9E7D6327C5A6F65671FE200A69A5D3A925DD07602417249444FFE59CC55
[TLS] Written transcript to proofs/MSG_TLS_0BD264F7.out, proofs/SIG_TLS_0BD264F7.out and proofs/PK_TLS_0BD264F7.der
Signature verification succeeds
[TLS] Server time: 1619602506
[TLS] client_random  (32): AB8B6D2465AD6DB864C87FA4E1415F5A795861E8117135BF28C2E3631B48B3F3
[TLS] sign_hash (32): 4FCF09702756BD3A5D3A904ABCEB21C669F6B7AB28330CBB26AFBD92DC9E225D
[TLS] Written transcript to proofs/MSG_TLS_AB8B6D24.out, proofs/SIG_TLS_AB8B6D24.out and proofs/PK_TLS_AB8B6D24.der
Signature verification succeeds
[TLS] Server time: 1619602506
[TLS] client_random  (32): AF8E88A14713F4FC45F9131AE45CD28BD9F9071DBFA752800FC38C4BAC57BEDE
[TLS] sign_hash (32): 34B572053206134C0B48EF7048C09350C93C769DDC1D3F89A1E29D5930F193E7
[TLS] Written transcript to proofs/MSG_TLS_AF8E88A1.out, proofs/SIG_TLS_AF8E88A1.out and proofs/PK_TLS_AF8E88A1.der
Signature verification succeeds
[TLS] Server time: 1619602506
[TLS] client_random  (32): C955085E661FA9FE5BE8E40CD1E9D328855C7CAD4886BBE0E53D080FC98E65D7
[TLS] sign_hash (32): 4478401A947160D271CC41F0017D242FD6CA1BFF3A8CDE03E671DB7FA8D9FEC0
[TLS] Written transcript to proofs/MSG_TLS_C955085E.out, proofs/SIG_TLS_C955085E.out and proofs/PK_TLS_C955085E.der
Signature verification succeeds
[TLS] Server time: 1619602507
[TLS] client_random  (32): 563CA803EA60250462E8DFC6C03ED03FDE2B2B8958D0F9769FF39E6D6699D1EC
[TLS] sign_hash (32): DB6174F0ABB758EF0E87ADE67BF3DC9B020B4FDFD7749EBA2032B0FD534A71E4
[TLS] Written transcript to proofs/MSG_TLS_563CA803.out, proofs/SIG_TLS_563CA803.out and proofs/PK_TLS_563CA803.der
Signature verification succeeds
[TLS] Server time: 1619602507
[TLS] client_random  (32): D20EAEF22178E1753F2626CC5644DDC9AF43245DAF16055A9DF74E5F62AA5BBB
[TLS] sign_hash (32): D6EED02632D61F6B3DF22D6C9B5A10F8C300FFD2CB483C6B904716A7DBB56886
[TLS] Written transcript to proofs/MSG_TLS_D20EAEF2.out, proofs/SIG_TLS_D20EAEF2.out and proofs/PK_TLS_D20EAEF2.der
Signature verification succeeds
[TLS] Server time: 1619602507
[TLS] client_random  (32): 9E4725C08C1B0B6A6306B8569DB9E667470043212D5E20A11348FBD8F2B0AFB7
[TLS] sign_hash (32): 26B3CBC05A6C07E25022515ACE77EB12F63EA0E1DF5D9AB73CA23375B1AC0004
[TLS] Written transcript to proofs/MSG_TLS_9E4725C0.out, proofs/SIG_TLS_9E4725C0.out and proofs/PK_TLS_9E4725C0.der
Signature verification succeeds
[TLS] Server time: 1619602507
[TLS] client_random  (32): AFD029BA3B2E46F89361C83530E1BFDCBC9665C5BC11E606BB25A8F2E715DD9E
[TLS] sign_hash (32): 37C74FE5315D7C35497F28675AD06A06CDA25926BADAE8F65C0F4A934D417489
[TLS] Written transcript to proofs/MSG_TLS_AFD029BA.out, proofs/SIG_TLS_AFD029BA.out and proofs/PK_TLS_AFD029BA.der
Signature verification succeeds
[TLS] Server time: 1619602507
[TLS] client_random  (32): 3029ABBDCE231AB89E661DFF574B52D70F5D7F4D1C72FB2074058751C3F60806
[TLS] sign_hash (32): C01A3AD89683B4DFB9265966DF224971831330D7B8059FEC31448FE91B98A09B
[TLS] Written transcript to proofs/MSG_TLS_3029ABBD.out, proofs/SIG_TLS_3029ABBD.out and proofs/PK_TLS_3029ABBD.der
Signature verification succeeds
[TLS] Server time: 1619602507
[TLS] client_random  (32): B415641601CDA8E5B6A4907E73CFFAF7232F7FD40D8FCDBBEC319528C935F2E5
[TLS] sign_hash (32): E7DA394333F43100905DFDEC5C142B676B9796688FCB916767320F377B0D8622
[TLS] Written transcript to proofs/MSG_TLS_B4156416.out, proofs/SIG_TLS_B4156416.out and proofs/PK_TLS_B4156416.der
Signature verification succeeds
[TLS] Server time: 1619602507
[TLS] client_random  (32): A086612530C2F191558AFC56102E57942DD4FD9DA71A66ECE1FD7FFFDF8EC5F9
[TLS] sign_hash (32): 085FA6AF67E988AD4E9F6573AD5CD0BC30B07D6F953D839494F42F75D731BB0A
[TLS] Written transcript to proofs/MSG_TLS_A0866125.out, proofs/SIG_TLS_A0866125.out and proofs/PK_TLS_A0866125.der
Signature verification succeeds
[TLS] Server time: 1619602507
[TLS] client_random  (32): AE13351A95D708DF6C8D07945C52FA168674147C66332A29C7A4715FFABDC9FC
[TLS] sign_hash (32): AC75249C621AF25EF5CB449AEE0095837F394178981B663A27796E58C71D7163
[TLS] Written transcript to proofs/MSG_TLS_AE13351A.out, proofs/SIG_TLS_AE13351A.out and proofs/PK_TLS_AE13351A.der
Signature verification succeeds
[TLS] Server time: 1619602507
[TLS] client_random  (32): A56DB4BF5A894F3BE3D1797C04055F89BAA330128DF9C998DE3A0807B0BE3C2C
[TLS] sign_hash (32): EEB03E89797B73A4F6AFF85A4B204391674C8AD427AB4204FFC085FC78BAD8A7
[TLS] Written transcript to proofs/MSG_TLS_A56DB4BF.out, proofs/SIG_TLS_A56DB4BF.out and proofs/PK_TLS_A56DB4BF.der
Signature verification succeeds
[TLS] Server time: 1619602507
[TLS] client_random  (32): FE6D2961121620881693219DEFB63F08CB0CE248A33C4E7E5FF0A8DCB55EC215
[TLS] sign_hash (32): 871F024CA60167A52660348F1317E6859E8B075DB0A9055A2358FD43518300A2
[TLS] Written transcript to proofs/MSG_TLS_FE6D2961.out, proofs/SIG_TLS_FE6D2961.out and proofs/PK_TLS_FE6D2961.der
Signature verification succeeds
[TLS] Server time: 1619602507
[TLS] client_random  (32): C036F8FF6C18E6A2F08DFA16490EAA09932442FE5D8303B42BE71CFA33824A87
[TLS] sign_hash (32): E165D9516571A5121247848B44BBB63FA4278983F189B20D545836CEF30E4AB8
[TLS] Written transcript to proofs/MSG_TLS_C036F8FF.out, proofs/SIG_TLS_C036F8FF.out and proofs/PK_TLS_C036F8FF.der
Signature verification succeeds
[TLS] Server time: 1619602507
[TLS] client_random  (32): 502D35CD193C55C41C0145E32E4FD65F7B1569D9573FF8E355895AAA6D24C6DE
[TLS] sign_hash (32): FA11AEA1F25F651BF7924738331187895039E81BE866433C16175DE4B952AAFF
[TLS] Written transcript to proofs/MSG_TLS_502D35CD.out, proofs/SIG_TLS_502D35CD.out and proofs/PK_TLS_502D35CD.der
Signature verification succeeds
[TLS] Server time: 1619602507
[TLS] client_random  (32): C1D74356C80668EA93A0AA84EA79C2D92D5A2959A2B98F8D8EDE6EAD5B233A0A
[TLS] sign_hash (32): 8E1CD53A1617688F4C4B7642B9EDCB2E2B2996D12895090B85636E46AE5A4F0D
[TLS] Written transcript to proofs/MSG_TLS_C1D74356.out, proofs/SIG_TLS_C1D74356.out and proofs/PK_TLS_C1D74356.der
Signature verification succeeds
[TLS] Server time: 1619602507
[TLS] client_random  (32): EDABFEC1A1A50458F66FA4059C5AD4F0987B7016959679EBEF04BF43D3D79780
[TLS] sign_hash (32): 3350C916AB9E934A87751DC73646B05FA4B25247C2454FCB107F6A496C34F585
[TLS] Written transcript to proofs/MSG_TLS_EDABFEC1.out, proofs/SIG_TLS_EDABFEC1.out and proofs/PK_TLS_EDABFEC1.der
Signature verification succeeds
[TLS] Server time: 1619602507
[TLS] client_random  (32): 7501BFCAF34ED92591CD4F091086885BD004BCAE1DE323F810B2581704122EE1
[TLS] sign_hash (32): 1AEDBB628F08A7BB1A91F378B4A998FD2A380A4247F3D8C1B76BB942A355D013
[TLS] Written transcript to proofs/MSG_TLS_7501BFCA.out, proofs/SIG_TLS_7501BFCA.out and proofs/PK_TLS_7501BFCA.der
Signature verification succeeds
[TLS] Server time: 1619602507
[TLS] client_random  (32): 8BA032ACC819C93BC94A11F91A272149BE28C2D9018CF33EA3EE22CC73091B67
[TLS] sign_hash (32): EA545460D8F130E0F0594B9301C28F1CBD40626642686D0210110AAC68E58B38
[TLS] Written transcript to proofs/MSG_TLS_8BA032AC.out, proofs/SIG_TLS_8BA032AC.out and proofs/PK_TLS_8BA032AC.der
Signature verification succeeds
[TLS] Server time: 1619602507
[TLS] client_random  (32): 5E3CD2306ED3B16B5E068C26F6CB29607B210BAE7996DE5D89A97043A981B02B
[TLS] sign_hash (32): B4F24B1743A179BB129C86F91FA426CE5B501B328C2C99092209442F36A814C1
[TLS] Written transcript to proofs/MSG_TLS_5E3CD230.out, proofs/SIG_TLS_5E3CD230.out and proofs/PK_TLS_5E3CD230.der
Signature verification succeeds
[TLS] Server time: 1619602507
[TLS] client_random  (32): 4F987D81EE673844ED9182E7D26E2535D448E09BD8D437EA12DDACF4FD1F2D38
[TLS] sign_hash (32): CE2F091CB3CE903744AC082A64E12E35408164B1F06198A2A44196259DFD80FA
[TLS] Written transcript to proofs/MSG_TLS_4F987D81.out, proofs/SIG_TLS_4F987D81.out and proofs/PK_TLS_4F987D81.der
Signature verification succeeds
[TLS] Server time: 1619602507
[TLS] client_random  (32): 50F3C08C2EC93DBDC3BB6448766A614F0087B04CF9710A30CAFF701A9F04B93F
[TLS] sign_hash (32): 26F39FCCDC0A52AC6CC744E924C481E9B1058F7306F72A6DC8A7A080A17D6BC3
[TLS] Written transcript to proofs/MSG_TLS_50F3C08C.out, proofs/SIG_TLS_50F3C08C.out and proofs/PK_TLS_50F3C08C.der
Signature verification succeeds
[TLS] Server time: 1619602507
[TLS] client_random  (32): 4DA4658C7A8D7E2FB89A82B1D5F5DAC325E66C1F08FBFE90AE416088BF93DEBD
[TLS] sign_hash (32): E21A0E1B09F8F314071413109995AA29339DEBA311C389F5B8E42A0CA69BFC6E
[TLS] Written transcript to proofs/MSG_TLS_4DA4658C.out, proofs/SIG_TLS_4DA4658C.out and proofs/PK_TLS_4DA4658C.der
Signature verification succeeds
Time breakdown (averages): anchor_ping:85.189518 file_read:0.136111 hashing:0.469999
Total time for 71 rounds is 6176.683961ms
Standard deviations: anchor_ping:211.695199 file_read:0.015333 hashing:0.003043
[Client-side ops] mean:0.606111 sd:0.015845
in & out anchor rand written to proofs/phase1.out
     18 [TLS] Server time: 1619602501
      2 [TLS] Server time: 1619602502
      3 [TLS] Server time: 1619602503
      5 [TLS] Server time: 1619602504
      8 [TLS] Server time: 1619602505
     16 [TLS] Server time: 1619602506
     20 [TLS] Server time: 1619602507
Count is 18
Count is 2
Count is 3
Count is 5
Count is 8
Count is 16
Count is 20
success: 0
Sleeping before retrying
CONF: anchor:www.sunysuffolk.edu fs:1024MB n_rounds:71 seed:5c9f4bf9bbc15bb855f82faedc5a52fc3ab2dfa8ec3ba3ce1b270f31fa0cced2 filename:FILE bs:1024 nops:100 benchmarking:0 anchor_ping:1 queue_depth:32 direct:0
[TLS] Connecting to www.sunysuffolk.edu
[TLS] Server time: 1619602509
[TLS] client_random  (32): 5C9F4BF9BBC15BB855F82FAEDC5A52FC3AB2DFA8EC3BA3CE1B270F31FA0CCED2
[TLS] sign_hash (32): 842E432D81255D2097AC212E251349429BE237C575C5FE79C174AA5C2B947448
[TLS] Written transcript to proofs/MSG_TLS_5C9F4BF9.out, proofs/SIG_TLS_5C9F4BF9.out and proofs/PK_TLS_5C9F4BF9.der
Signature verification succeeds
[TLS] Server time: 1619602509
[TLS] client_random  (32): 08983BBF847D3A868FFAD154AAF5D937C40BF9D0D7C2CF5EF2DFA74739479C46
[TLS] sign_hash (32): EFEDC6B450112527D6FACA2DEB289F89F0E8A2B761806507FC7D902EB8B4D919
[TLS] Written transcript to proofs/MSG_TLS_08983BBF.out, proofs/SIG_TLS_08983BBF.out and proofs/PK_TLS_08983BBF.der
Signature verification succeeds
[TLS] Server time: 1619602509
[TLS] client_random  (32): 96A0301910DFCFC4CF382DD128CE4A7A3D385750E4329CDEAFD89404BDCA9282
[TLS] sign_hash (32): 43945F120F9147BCE32EE47EC92ED903F4CFF42540155CC49EBC20A633C958F3
[TLS] Written transcript to proofs/MSG_TLS_96A03019.out, proofs/SIG_TLS_96A03019.out and proofs/PK_TLS_96A03019.der
Signature verification succeeds
[TLS] Server time: 1619602509
[TLS] client_random  (32): AFAA371B3F685B22A621A4A0411F9C95F581D1B051BB1E3FE96822FD7A636678
[TLS] sign_hash (32): 5F9FD8713924D887300715D3DCAA3F48EE2CEB00A7C23FD249EFC6D752D1913F
[TLS] Written transcript to proofs/MSG_TLS_AFAA371B.out, proofs/SIG_TLS_AFAA371B.out and proofs/PK_TLS_AFAA371B.der
Signature verification succeeds
[TLS] Server time: 1619602509
[TLS] client_random  (32): 23C993FA0B95081E99A19A8230A4DBC511393435A471A6428B0D02818A8549DD
[TLS] sign_hash (32): C014BB1BFE238760234E6C2DF7A2E070B96676A897AE9AC07C9F07775B96001B
[TLS] Written transcript to proofs/MSG_TLS_23C993FA.out, proofs/SIG_TLS_23C993FA.out and proofs/PK_TLS_23C993FA.der
Signature verification succeeds
[TLS] Server time: 1619602509
[TLS] client_random  (32): 72BBCB55D7990D33ADD10289CBEB6F80EABBAF7E9439356678D571EE2B3021BB
[TLS] sign_hash (32): 0F360630082A98B6F0AEB2FB11714D7B394826689C1BCAC3DE1A42051B00C767
[TLS] Written transcript to proofs/MSG_TLS_72BBCB55.out, proofs/SIG_TLS_72BBCB55.out and proofs/PK_TLS_72BBCB55.der
Signature verification succeeds
[TLS] Server time: 1619602509
[TLS] client_random  (32): A1848D140D0C146DEF4DC2B03A974BF64EA063E0E05A47561374079E7C99A817
[TLS] sign_hash (32): E6C74C96DC2DC3E264E1245AE394F2D1FA75FC4B5B7C308CDA3909B1DED5B560
[TLS] Written transcript to proofs/MSG_TLS_A1848D14.out, proofs/SIG_TLS_A1848D14.out and proofs/PK_TLS_A1848D14.der
Signature verification succeeds
[TLS] Server time: 1619602509
[TLS] client_random  (32): E4E2E600512047DDC10BDC4D1D40C2451748410D5E75DA3D8A14FACC77D0E9D2
[TLS] sign_hash (32): C7733A9B17895FEE04908049B29DA0CD37282736A3414BFF406435354B66FD87
[TLS] Written transcript to proofs/MSG_TLS_E4E2E600.out, proofs/SIG_TLS_E4E2E600.out and proofs/PK_TLS_E4E2E600.der
Signature verification succeeds
[TLS] Server time: 1619602509
[TLS] client_random  (32): B8E9F9B059396088794938A5B769D71BE714220901D3105CF0A835EAA3E9A540
[TLS] sign_hash (32): 2F77BD8302E25891B6136B6D011B1DF936172DFB437905B6C76AC8625BCE4768
[TLS] Written transcript to proofs/MSG_TLS_B8E9F9B0.out, proofs/SIG_TLS_B8E9F9B0.out and proofs/PK_TLS_B8E9F9B0.der
Signature verification succeeds
[TLS] Server time: 1619602509
[TLS] client_random  (32): E7A43191872F9B0A1A0BE0343C3A0FEA2FE3EBED43A02CE9452A955FD691E11F
[TLS] sign_hash (32): E1F67E716806E7F23F9724966AB86FEB5014A4773119B7ECB24CA1F7EF0C06FF
[TLS] Written transcript to proofs/MSG_TLS_E7A43191.out, proofs/SIG_TLS_E7A43191.out and proofs/PK_TLS_E7A43191.der
Signature verification succeeds
[TLS] Server time: 1619602509
[TLS] client_random  (32): 62A12804A31E01D88D94F425463B7F224853D548D0E16A09E9DF94D58AD35165
[TLS] sign_hash (32): BBF891BE246BF4A7CF1C7D89C4702E133620BFC6255133EAD0B9F7BEEB16FF90
[TLS] Written transcript to proofs/MSG_TLS_62A12804.out, proofs/SIG_TLS_62A12804.out and proofs/PK_TLS_62A12804.der
Signature verification succeeds
[TLS] Server time: 1619602509
[TLS] client_random  (32): 813252283DB04614A119495F12774059D9EF8AE5A71BCC120DE8B2C37703BDF5
[TLS] sign_hash (32): 79919325FB532C9825213E640A058EDC2284C70F4A362201F0C9BDF5752EA6B8
[TLS] Written transcript to proofs/MSG_TLS_81325228.out, proofs/SIG_TLS_81325228.out and proofs/PK_TLS_81325228.der
Signature verification succeeds
[TLS] Server time: 1619602509
[TLS] client_random  (32): 10A14DE1A56E68E053A44E0E868313F5EEAB92CB5444027E739EDD639C53EE07
[TLS] sign_hash (32): 80D3AD0962C89E420E968AD6346F1F40683FD3FC1F50CCF684056BA43F46FF99
[TLS] Written transcript to proofs/MSG_TLS_10A14DE1.out, proofs/SIG_TLS_10A14DE1.out and proofs/PK_TLS_10A14DE1.der
Signature verification succeeds
[TLS] Server time: 1619602509
[TLS] client_random  (32): 3E737E3AC926FD776E2322A7E109B0BA6184816216C6120F112B18F6B40D9979
[TLS] sign_hash (32): 1E514DC1016465A876F529D2B441B0F312E3932BFF1FD1681E5074E20DC6107A
[TLS] Written transcript to proofs/MSG_TLS_3E737E3A.out, proofs/SIG_TLS_3E737E3A.out and proofs/PK_TLS_3E737E3A.der
Signature verification succeeds
[TLS] Server time: 1619602509
[TLS] client_random  (32): E4BB8702EF2AAEA8CC4580688517F4214B928520BB1F66767DFE8EBDB072C129
[TLS] sign_hash (32): 71DEFAAF6D5544D57E8E9CC8D8767CB39CF7DD2DD55E2FD1AE9141CB64389FF5
[TLS] Written transcript to proofs/MSG_TLS_E4BB8702.out, proofs/SIG_TLS_E4BB8702.out and proofs/PK_TLS_E4BB8702.der
Signature verification succeeds
[TLS] Server time: 1619602509
[TLS] client_random  (32): 2A6A323ADD8C0694F12E1DE1C24E98FE7A7B30E152D6380B62860A47DB1E85D9
[TLS] sign_hash (32): EFBF358CDB4665C4F23CDC0F1730B8A03FB660B8D3EFE749E327B80009FFC571
[TLS] Written transcript to proofs/MSG_TLS_2A6A323A.out, proofs/SIG_TLS_2A6A323A.out and proofs/PK_TLS_2A6A323A.der
Signature verification succeeds
[TLS] Server time: 1619602509
[TLS] client_random  (32): FB478E0B9A12E72C9D7598D68FFA47F56622DB92B69D0617393AAEC0380DC8CD
[TLS] sign_hash (32): 13DF2645CCA30A1AB5696696BEBD92E34288A54F957E397CAA2D43A249DE663C
[TLS] Written transcript to proofs/MSG_TLS_FB478E0B.out, proofs/SIG_TLS_FB478E0B.out and proofs/PK_TLS_FB478E0B.der
Signature verification succeeds
[TLS] Server time: 1619602509
[TLS] client_random  (32): ABDB1523A49B38C919737EAED346A8CB1C02B954020E46113BFB038C67A603EC
[TLS] sign_hash (32): 354BE788BD12215A2CFCA923BF96CC16F5227707C6BAE280E5FF1DD511548D8B
[TLS] Written transcript to proofs/MSG_TLS_ABDB1523.out, proofs/SIG_TLS_ABDB1523.out and proofs/PK_TLS_ABDB1523.der
Signature verification succeeds
[TLS] Server time: 1619602509
[TLS] client_random  (32): DFFF94BDB995EEBF65C6F24A16B0FDAEC1E06715B46D4DF6B7282A1C31EBB368
[TLS] sign_hash (32): B76C41F1D10D6B8E6D6F83586C8F9DCECE3C1443A23057DB43FAA8086E6D1E77
[TLS] Written transcript to proofs/MSG_TLS_DFFF94BD.out, proofs/SIG_TLS_DFFF94BD.out and proofs/PK_TLS_DFFF94BD.der
Signature verification succeeds
[TLS] Server time: 1619602509
[TLS] client_random  (32): ED4E38D249EABE185AFC83E47CB46F1C985AE77DEAC0FCA3ACBB5DA108D23002
[TLS] sign_hash (32): DE24B0D0BBED57384E227C648BB99D355BB36A324014D50B9EC959124E56376A
[TLS] Written transcript to proofs/MSG_TLS_ED4E38D2.out, proofs/SIG_TLS_ED4E38D2.out and proofs/PK_TLS_ED4E38D2.der
Signature verification succeeds
[TLS] Server time: 1619602509
[TLS] client_random  (32): 244416C9E438E407F3CCB17BA768A661CF0B479C80B865ABFD8429310D2230BF
[TLS] sign_hash (32): EC88895E5F2411174C4C107F7A12EEC92D1671D5CDDBE8F9580DE749895A87AE
[TLS] Written transcript to proofs/MSG_TLS_244416C9.out, proofs/SIG_TLS_244416C9.out and proofs/PK_TLS_244416C9.der
Signature verification succeeds
[TLS] Server time: 1619602509
[TLS] client_random  (32): 2151B709D8039BFD90AFB7E5B41A4726BD4947EEC3E62DE7A32DE1ABA4B0940A
[TLS] sign_hash (32): 7E9673279F907FE1E1E57CB6CBD6FB769B5F616D6950829D23B57509D276BFA6
[TLS] Written transcript to proofs/MSG_TLS_2151B709.out, proofs/SIG_TLS_2151B709.out and proofs/PK_TLS_2151B709.der
Signature verification succeeds
[TLS] Server time: 1619602509
[TLS] client_random  (32): 197526686A2AE982E7049F4616E3BDE8E70238BCED69F566301B541DE833F914
[TLS] sign_hash (32): ECFAF8FB34FC20E63A9D324D82B90CDC0600726AA9E99524481730F0BB8A25D8
[TLS] Written transcript to proofs/MSG_TLS_19752668.out, proofs/SIG_TLS_19752668.out and proofs/PK_TLS_19752668.der
Signature verification succeeds
[TLS] Server time: 1619602509
[TLS] client_random  (32): 1AB86646DD47A92F783A6D89ADD2B94F828DA54F80424CADD188A57E702965CB
[TLS] sign_hash (32): 2BFF8002AB1649A496B67D11090BE76186F658F1D92493617CCA069C1BDE7113
[TLS] Written transcript to proofs/MSG_TLS_1AB86646.out, proofs/SIG_TLS_1AB86646.out and proofs/PK_TLS_1AB86646.der
Signature verification succeeds
[TLS] Server time: 1619602509
[TLS] client_random  (32): C923ED877A755202AC3553C0E481DE67E76BCDA9BC3D9C5A772E71EE8F802605
[TLS] sign_hash (32): 474A726ECA63E5935AEFBA9DE019E27A7B7257CBF49CACAA2046423B171E289C
[TLS] Written transcript to proofs/MSG_TLS_C923ED87.out, proofs/SIG_TLS_C923ED87.out and proofs/PK_TLS_C923ED87.der
Signature verification succeeds
[TLS] Server time: 1619602509
[TLS] client_random  (32): A4A812A63A65984FA33956CB464AD481F2BF1D3743C1983D380C47D0D0CBE8DE
[TLS] sign_hash (32): 0BCF965DB779986CC680733E318DF721860BB73E5EFD4A8A005B1BC2AF4E8227
[TLS] Written transcript to proofs/MSG_TLS_A4A812A6.out, proofs/SIG_TLS_A4A812A6.out and proofs/PK_TLS_A4A812A6.der
Signature verification succeeds
[TLS] Server time: 1619602509
[TLS] client_random  (32): 45EB5158879654CBDB3D253F4612F412ED50638749EFB4AB0243670CE5AF2255
[TLS] sign_hash (32): A8C1FCCFEC642E3AF13FF634301C2CFC6B5059ADAAC55C8CA8A52E3EF7A7FA5C
[TLS] Written transcript to proofs/MSG_TLS_45EB5158.out, proofs/SIG_TLS_45EB5158.out and proofs/PK_TLS_45EB5158.der
Signature verification succeeds
[TLS] Server time: 1619602509
[TLS] client_random  (32): 54EDFC0DE2CB20AD4521FF07C865498E64CC07E0CA1B778CBF3C51094209EF7A
[TLS] sign_hash (32): B3BB4AC3E64838FF9666E98F96BEE7F4D1CB505102B45A1DDD3400172A794E63
[TLS] Written transcript to proofs/MSG_TLS_54EDFC0D.out, proofs/SIG_TLS_54EDFC0D.out and proofs/PK_TLS_54EDFC0D.der
Signature verification succeeds
[TLS] Server time: 1619602509
[TLS] client_random  (32): 64FE21E46ECD52D529FC88688CA4F715EAFAA3E9246A045B9D5A5E13473E6662
[TLS] sign_hash (32): AC21D8DA8D1486BCE564CB8A3C993CE65CBD6CC50D29CEBA3D5D9E0845059201
[TLS] Written transcript to proofs/MSG_TLS_64FE21E4.out, proofs/SIG_TLS_64FE21E4.out and proofs/PK_TLS_64FE21E4.der
Signature verification succeeds
[TLS] Server time: 1619602509
[TLS] client_random  (32): 5D929EFDA363CFC12A26DE1070E25F6E6A21A23B5409BAA1C21D4F43B23A630D
[TLS] sign_hash (32): 2BD961FF7F40C9FD50E7727A2A3BE3F1A4AD2BF8219D5BEDA933AD3016609BF4
[TLS] Written transcript to proofs/MSG_TLS_5D929EFD.out, proofs/SIG_TLS_5D929EFD.out and proofs/PK_TLS_5D929EFD.der
Signature verification succeeds
[TLS] Server time: 1619602509
[TLS] client_random  (32): EF554E0A9C39625BB94375532DB677FBEC0CE1B78D7C32A15EB866606BDD7FF9
[TLS] sign_hash (32): A8DD4527BE2A43418B9BAF0CDA62AA07998B73A008848410C8C2E3CFF8038C5B
[TLS] Written transcript to proofs/MSG_TLS_EF554E0A.out, proofs/SIG_TLS_EF554E0A.out and proofs/PK_TLS_EF554E0A.der
Signature verification succeeds
[TLS] Server time: 1619602509
[TLS] client_random  (32): BA9551F15B9FEEC11A9EBF4A85E4C88077F67338DDA1A64C7737AFC417F6FE39
[TLS] sign_hash (32): 2E97E9E639E6D1B1318393AB316993A455895E5D93B6560E31030229DB9F7F44
[TLS] Written transcript to proofs/MSG_TLS_BA9551F1.out, proofs/SIG_TLS_BA9551F1.out and proofs/PK_TLS_BA9551F1.der
Signature verification succeeds
[TLS] Server time: 1619602509
[TLS] client_random  (32): E6D9ABF29236A6E590D2E53CA63E97F09CB6C4E89F3EA4B4D11C88B6A3849681
[TLS] sign_hash (32): 6C981F7B75F1E6B787950DF5C26B36EF9E6B965E3F1F25B4DB01512A2318B0EF
[TLS] Written transcript to proofs/MSG_TLS_E6D9ABF2.out, proofs/SIG_TLS_E6D9ABF2.out and proofs/PK_TLS_E6D9ABF2.der
Signature verification succeeds
[TLS] Server time: 1619602509
[TLS] client_random  (32): 6DBD4A549316702BFD9A193FCAB48290FF718AEFBCC443D948328AAD7C557B07
[TLS] sign_hash (32): 476B4428CE50E8C17771E5BEB633F17361A609C2819D8C5AB3ECE1BF9B641418
[TLS] Written transcript to proofs/MSG_TLS_6DBD4A54.out, proofs/SIG_TLS_6DBD4A54.out and proofs/PK_TLS_6DBD4A54.der
Signature verification succeeds
[TLS] Server time: 1619602509
[TLS] client_random  (32): 86388558AF8998157D6BF6486D995427CB735D0C41A039572F7A0AB53F4ED363
[TLS] sign_hash (32): 691F9D293C5CF803CC05DE10CE634E755CE67BAD830B05186525673F07CAF7D2
[TLS] Written transcript to proofs/MSG_TLS_86388558.out, proofs/SIG_TLS_86388558.out and proofs/PK_TLS_86388558.der
Signature verification succeeds
[TLS] Server time: 1619602509
[TLS] client_random  (32): FFB371B76BABABAC4AE24E1848874BF82F0A99FF5B64B4CB1A270271E6680F1B
[TLS] sign_hash (32): 8605B6F9B82B98DA4222117641A55EEA8A8E2101DEBD5BF68433E05AA63B12CC
[TLS] Written transcript to proofs/MSG_TLS_FFB371B7.out, proofs/SIG_TLS_FFB371B7.out and proofs/PK_TLS_FFB371B7.der
Signature verification succeeds
[TLS] Server time: 1619602509
[TLS] client_random  (32): 0471035A126FE3D1954385B3EF6E21C11D8DFBDA1C9066D62C8DA3B26EB1A204
[TLS] sign_hash (32): 0116CC5556876268F66C459970B6666D4C17E3A4E835FDF5B727F075EF345734
[TLS] Written transcript to proofs/MSG_TLS_0471035A.out, proofs/SIG_TLS_0471035A.out and proofs/PK_TLS_0471035A.der
Signature verification succeeds
[TLS] Server time: 1619602509
[TLS] client_random  (32): C2A6EF07DA6488F9E7903AE7BA33D1F8B5E9BFC563AA7D517C15D4525C8CFB65
[TLS] sign_hash (32): 49699F71432C0883093CC75EC3AA464CCCA57BE0902A5B34591279E0F6572A35
[TLS] Written transcript to proofs/MSG_TLS_C2A6EF07.out, proofs/SIG_TLS_C2A6EF07.out and proofs/PK_TLS_C2A6EF07.der
Signature verification succeeds
[TLS] Server time: 1619602509
[TLS] client_random  (32): DED31889E1C93DC2853460BFAA94A5F2769D055D4CEC8B195DC7CBE563B87810
[TLS] sign_hash (32): 53C662DF453C7C0ADE68B51EAA43628A10D71D9FDA20F755EF2E77A5B0CD2C1C
[TLS] Written transcript to proofs/MSG_TLS_DED31889.out, proofs/SIG_TLS_DED31889.out and proofs/PK_TLS_DED31889.der
Signature verification succeeds
[TLS] Server time: 1619602509
[TLS] client_random  (32): 6AC4F8746807B5745BD6E4B37C2FE1155FB58B4484281DDC241A3153E05937A4
[TLS] sign_hash (32): D178CCE6940F5763575E0C96B3E71F10E807DD4ED33F68BAAB127BB1B262AB6B
[TLS] Written transcript to proofs/MSG_TLS_6AC4F874.out, proofs/SIG_TLS_6AC4F874.out and proofs/PK_TLS_6AC4F874.der
Signature verification succeeds
[TLS] Server time: 1619602509
[TLS] client_random  (32): 453FC6E0AECD60205775144414C230909F9F2F1D39A0545374A36D01B4C3FC3E
[TLS] sign_hash (32): 8E93055219C2CCC625E8B8C18F98C18BD9BCEAF8A47FA3716E2DF99FD5F79A13
[TLS] Written transcript to proofs/MSG_TLS_453FC6E0.out, proofs/SIG_TLS_453FC6E0.out and proofs/PK_TLS_453FC6E0.der
Signature verification succeeds
[TLS] Server time: 1619602509
[TLS] client_random  (32): 5995BA167EC9C9890F96174DF3C8E22A83C72A22B9B2ABAEF92476A6D6025DB2
[TLS] sign_hash (32): BA5948438BB9B120CCCD4D61983971A3573825C0A60200C558CBCD5E61E61A56
[TLS] Written transcript to proofs/MSG_TLS_5995BA16.out, proofs/SIG_TLS_5995BA16.out and proofs/PK_TLS_5995BA16.der
Signature verification succeeds
[TLS] Server time: 1619602509
[TLS] client_random  (32): D9E8B1339102D4F89FFFBD0E65EA14AAA1FFB816716B9C0E38FE1222B17A0A41
[TLS] sign_hash (32): 5072B6502F08526BD1F2FF1DB4C80824C2F0C8967F657BA9FF441E4EA464AB3D
[TLS] Written transcript to proofs/MSG_TLS_D9E8B133.out, proofs/SIG_TLS_D9E8B133.out and proofs/PK_TLS_D9E8B133.der
Signature verification succeeds
[TLS] Server time: 1619602509
[TLS] client_random  (32): D308FBE1957E19E12E65E561131791E11B86F5B1AB775EF835E549E7A4F74ABD
[TLS] sign_hash (32): 6B9462BDB67A0B0346194C2B0711B99BE5BD25157C43637E4BA2DE2847AE8F30
[TLS] Written transcript to proofs/MSG_TLS_D308FBE1.out, proofs/SIG_TLS_D308FBE1.out and proofs/PK_TLS_D308FBE1.der
Signature verification succeeds
[TLS] Server time: 1619602509
[TLS] client_random  (32): EC3D2C41E3EE09E43A9E579DC26B867DE2899F30CC881B8B898F95EC26D2454C
[TLS] sign_hash (32): 6CC4CE12911BCA5C8CD6144BFA43BF22B12E2589778EC8F74BE938AC8D77F6C2
[TLS] Written transcript to proofs/MSG_TLS_EC3D2C41.out, proofs/SIG_TLS_EC3D2C41.out and proofs/PK_TLS_EC3D2C41.der
Signature verification succeeds
[TLS] Server time: 1619602509
[TLS] client_random  (32): 29FE25DD521C621FC8D0846A5402A377431017BC1F460D14D12DB560BD741557
[TLS] sign_hash (32): F457E8AEDA36961D65C0BB0DB6FC33015CF87D947D282D4CB4B7CE095E556DDE
[TLS] Written transcript to proofs/MSG_TLS_29FE25DD.out, proofs/SIG_TLS_29FE25DD.out and proofs/PK_TLS_29FE25DD.der
Signature verification succeeds
[TLS] Server time: 1619602509
[TLS] client_random  (32): 53BF7EF4C1E2F27CE15BE8A3AD2EBA2C6648A5D6BF14273CAC70AC5AF2080577
[TLS] sign_hash (32): 15313E590BAC9E877EBE0898E0EFB839AA91719C3BC7F700E22944B3B7D392B7
[TLS] Written transcript to proofs/MSG_TLS_53BF7EF4.out, proofs/SIG_TLS_53BF7EF4.out and proofs/PK_TLS_53BF7EF4.der
Signature verification succeeds
[TLS] Server time: 1619602509
[TLS] client_random  (32): 8AE27941932D5A0893436F5CA70C2CA0CE6B68C5DFBE70D5A4E2A4200DABC8C8
[TLS] sign_hash (32): 5BE1D9E1020C4EC683C3CF09183E7AFE3512D441699A6950B2A1261157868AB7
[TLS] Written transcript to proofs/MSG_TLS_8AE27941.out, proofs/SIG_TLS_8AE27941.out and proofs/PK_TLS_8AE27941.der
Signature verification succeeds
[TLS] Server time: 1619602509
[TLS] client_random  (32): 5AED2CD96B3571340C67A75D620555EEF463F3770D80E7C744996B96DF451A08
[TLS] sign_hash (32): 92C9C704F6C7DC7D16087BD624840171F7C9575DF918A5F3BC1EB1FCBA02A86D
[TLS] Written transcript to proofs/MSG_TLS_5AED2CD9.out, proofs/SIG_TLS_5AED2CD9.out and proofs/PK_TLS_5AED2CD9.der
Signature verification succeeds
[TLS] Server time: 1619602509
[TLS] client_random  (32): 33B44416679873ED304DB90874ACDE43D4DDBD9B0F8735ED59F0391C980153FA
[TLS] sign_hash (32): 596D7ECE3F41A7514CDC42FA3A06C8AA6DDE76B0D0759128CF3C0919F5811980
[TLS] Written transcript to proofs/MSG_TLS_33B44416.out, proofs/SIG_TLS_33B44416.out and proofs/PK_TLS_33B44416.der
Signature verification succeeds
[TLS] Server time: 1619602509
[TLS] client_random  (32): 883715357B0FE720A5EB5FF14B88DEBEB7D173A80F10F8223738E0FEB79FE138
[TLS] sign_hash (32): FDD2910817B3B35845A395F5B79455EFDE5FBF143D18B2371FCCBBEECE7F2878
[TLS] Written transcript to proofs/MSG_TLS_88371535.out, proofs/SIG_TLS_88371535.out and proofs/PK_TLS_88371535.der
Signature verification succeeds
[TLS] Server time: 1619602510
[TLS] client_random  (32): E09DDBD8337BDBF3450175BC22689D5EBFC468FD893BA9ED60F04A12F5EDA177
[TLS] sign_hash (32): C8674E3F1955A84EA2CDFB964E4C5162009DB1A5C6FC91B9E6D70AE5C696076C
[TLS] Written transcript to proofs/MSG_TLS_E09DDBD8.out, proofs/SIG_TLS_E09DDBD8.out and proofs/PK_TLS_E09DDBD8.der
Signature verification succeeds
[TLS] Server time: 1619602510
[TLS] client_random  (32): 27F50877FE575C1C58C137DD35BB992CF34CCD8F8F1C7F6A551E97A34CED92B7
[TLS] sign_hash (32): DDE2CC9A0171ED80D76B861D4820700EC752C18FDC9A9DD7FC8DD50505657854
[TLS] Written transcript to proofs/MSG_TLS_27F50877.out, proofs/SIG_TLS_27F50877.out and proofs/PK_TLS_27F50877.der
Signature verification succeeds
[TLS] Server time: 1619602510
[TLS] client_random  (32): 63130DC79A949B59C5E1558B8729F44C26B57F7977A6487DD27DD0404FB6230C
[TLS] sign_hash (32): 5CC63F5E840D704925D17F817A2031BD2830DF3DBA2232EE2C4D9B6EFB1A877B
[TLS] Written transcript to proofs/MSG_TLS_63130DC7.out, proofs/SIG_TLS_63130DC7.out and proofs/PK_TLS_63130DC7.der
Signature verification succeeds
[TLS] Server time: 1619602510
[TLS] client_random  (32): 1E0A8478D1E8895916A0D7B00434B8D27424F330CE9469AD0782E9E58F77BCC2
[TLS] sign_hash (32): D7DE2BB65AAC4D1C19D027FFB49074500C24D622352AB912C6E67CD8CE507D8A
[TLS] Written transcript to proofs/MSG_TLS_1E0A8478.out, proofs/SIG_TLS_1E0A8478.out and proofs/PK_TLS_1E0A8478.der
Signature verification succeeds
[TLS] Server time: 1619602510
[TLS] client_random  (32): BB63F213AA2A21CA528E21975E6A76F26C9CC9BB005A1808CED08F89930925EE
[TLS] sign_hash (32): 0B304A9FDA0D0586A063C4FC654F1A1A633CC2BF0A25AEC0FEAA15A512193F0C
[TLS] Written transcript to proofs/MSG_TLS_BB63F213.out, proofs/SIG_TLS_BB63F213.out and proofs/PK_TLS_BB63F213.der
Signature verification succeeds
[TLS] Server time: 1619602510
[TLS] client_random  (32): D817A704733FD4FEB04E5519A0C8EEEADB2238DCF49F948D1CFB6803A090184E
[TLS] sign_hash (32): 8542A260BCBD4CBF7A5A2384510909270C5335AD0052654E4B8B98A2C99C6B77
[TLS] Written transcript to proofs/MSG_TLS_D817A704.out, proofs/SIG_TLS_D817A704.out and proofs/PK_TLS_D817A704.der
Signature verification succeeds
[TLS] Server time: 1619602510
[TLS] client_random  (32): B41C200092F38C0D2A9CCF3430945398BA7CACC7585C7C262CC7367CF878D683
[TLS] sign_hash (32): ED97D7BC622F6041304E6DC14F00B0B506446DB24B1BFFB98CF73AB940364DA3
[TLS] Written transcript to proofs/MSG_TLS_B41C2000.out, proofs/SIG_TLS_B41C2000.out and proofs/PK_TLS_B41C2000.der
Signature verification succeeds
[TLS] Server time: 1619602510
[TLS] client_random  (32): 069E5EFA81FA2CFE65D57CF003FD50F085E47713371F70052E28141A703B3530
[TLS] sign_hash (32): B9E9096987868B285E0313F547AB5F06589BB0B04651C3DB9EB2A7865DFB6ED0
[TLS] Written transcript to proofs/MSG_TLS_069E5EFA.out, proofs/SIG_TLS_069E5EFA.out and proofs/PK_TLS_069E5EFA.der
Signature verification succeeds
[TLS] Server time: 1619602510
[TLS] client_random  (32): 5A74F3206D7FDABA6B63F94E1D6CA6339D17BD0FC44EAC110C80273594DEEF96
[TLS] sign_hash (32): FC44EA0ECEA63DC3D2F7E4ED7A23A66D319BC1CC62B9A728DD068D64A05E072C
[TLS] Written transcript to proofs/MSG_TLS_5A74F320.out, proofs/SIG_TLS_5A74F320.out and proofs/PK_TLS_5A74F320.der
Signature verification succeeds
[TLS] Server time: 1619602510
[TLS] client_random  (32): 67463027C85C55D47A2ECDB79B7D0C4D1F54D3C781F579B117C986D7BEE9D2E1
[TLS] sign_hash (32): 1529A72442B6D2B7EDE737E6D3D0A97F9275F18BBFF078880A8533A25D955858
[TLS] Written transcript to proofs/MSG_TLS_67463027.out, proofs/SIG_TLS_67463027.out and proofs/PK_TLS_67463027.der
Signature verification succeeds
[TLS] Server time: 1619602510
[TLS] client_random  (32): 023C2C12AA0167ED11A6D8380F14882310FCF21EF2EB0240FBB1508ABF26D711
[TLS] sign_hash (32): BB6C137C7C844DF364000AA800CB5E3ABE9EAF2B62431FE5B4AD8E4C8E285D4E
[TLS] Written transcript to proofs/MSG_TLS_023C2C12.out, proofs/SIG_TLS_023C2C12.out and proofs/PK_TLS_023C2C12.der
Signature verification succeeds
[TLS] Server time: 1619602510
[TLS] client_random  (32): 1E329D3045F4F5831CD5DF5D21FA33C7C03A2E99ACA19E5D85F54EA7119166A0
[TLS] sign_hash (32): 032BDBFB3C658A6324260B6C64CC07E142A77C30DFF4572493EBFEA734E1E354
[TLS] Written transcript to proofs/MSG_TLS_1E329D30.out, proofs/SIG_TLS_1E329D30.out and proofs/PK_TLS_1E329D30.der
Signature verification succeeds
[TLS] Server time: 1619602510
[TLS] client_random  (32): 82DCF64A272E7667772ACE9A15B22AE77BC443ADBDD86E8B3669CD726606C33E
[TLS] sign_hash (32): B20F35E9A32A9932F4D790D8D6445D736855561821252C762F5FD40E1D9B761C
[TLS] Written transcript to proofs/MSG_TLS_82DCF64A.out, proofs/SIG_TLS_82DCF64A.out and proofs/PK_TLS_82DCF64A.der
Signature verification succeeds
[TLS] Server time: 1619602510
[TLS] client_random  (32): 3AD6F44B1F2B05CD8B95ABA18C8599550A91CEBB86F459F3B1BB41D2E62CE708
[TLS] sign_hash (32): C50D48F1B7BE6F4B84AFD4C8ACC5270AD9969F6C92750F67107B888212D7281B
[TLS] Written transcript to proofs/MSG_TLS_3AD6F44B.out, proofs/SIG_TLS_3AD6F44B.out and proofs/PK_TLS_3AD6F44B.der
Signature verification succeeds
[TLS] Server time: 1619602510
[TLS] client_random  (32): 59AA5F995B5C274DED263417D9156828829457B97AEBA5C1AA292FF43D8CEFB7
[TLS] sign_hash (32): 37FE0F2D89B891D02734C3A349C45FF7E1E843BF9FE464A65CA0F1AB9FF5CCD9
[TLS] Written transcript to proofs/MSG_TLS_59AA5F99.out, proofs/SIG_TLS_59AA5F99.out and proofs/PK_TLS_59AA5F99.der
Signature verification succeeds
[TLS] Server time: 1619602510
[TLS] client_random  (32): DCB65A4109A35062F221573CF8F1E23A10B87B1167C7E5DDF4FE512E0F75F221
[TLS] sign_hash (32): 7D165A41F026792A0DC6C418E579339E05708DC33914289BEDB8CD889AC5DA37
[TLS] Written transcript to proofs/MSG_TLS_DCB65A41.out, proofs/SIG_TLS_DCB65A41.out and proofs/PK_TLS_DCB65A41.der
Signature verification succeeds
[TLS] Server time: 1619602510
[TLS] client_random  (32): 13F66473709978591214D95A9DD916538848F14E4C14937D6A66D5DF8D9C773B
[TLS] sign_hash (32): 4CCF5F5C460AD6C27FAD7E30DDF8612D2CC230D639363407546FF280DE8C2E58
[TLS] Written transcript to proofs/MSG_TLS_13F66473.out, proofs/SIG_TLS_13F66473.out and proofs/PK_TLS_13F66473.der
Signature verification succeeds
[TLS] Server time: 1619602510
[TLS] client_random  (32): 65545054CA9F95FEDD96C0EC9AD35BB70081C8CC683429CB4DE354E485B46E6C
[TLS] sign_hash (32): 34C84586B5EDE2013E85C577F52C5D7907287B75C02B70C804FF4E17490D3CC9
[TLS] Written transcript to proofs/MSG_TLS_65545054.out, proofs/SIG_TLS_65545054.out and proofs/PK_TLS_65545054.der
Signature verification succeeds
[TLS] Server time: 1619602510
[TLS] client_random  (32): C2D1000094A5372991F386FEA346BFDF03193FB1343AAC0790B7FF3B3DB76846
[TLS] sign_hash (32): F3D941BAB9999E9F1E7DF2EE25F9696259E121AD191852306D7C4F0ACC1F1A94
[TLS] Written transcript to proofs/MSG_TLS_C2D10000.out, proofs/SIG_TLS_C2D10000.out and proofs/PK_TLS_C2D10000.der
Signature verification succeeds
[TLS] Server time: 1619602510
[TLS] client_random  (32): 1ACEDF1C54BD7B8891C6726AB79A0FCB195119C2FFFE81F6C79CB7D1D2A1BA1B
[TLS] sign_hash (32): 70FBC53EDB3FE81620320E3CEA3E859EF240DE7E9DA8FC5AC7545ECF752DBB5C
[TLS] Written transcript to proofs/MSG_TLS_1ACEDF1C.out, proofs/SIG_TLS_1ACEDF1C.out and proofs/PK_TLS_1ACEDF1C.der
Signature verification succeeds
[TLS] Server time: 1619602510
[TLS] client_random  (32): B89DBDF98BE889075C0B98436D7E94E6A33B3623C097B61348532E6BDADE069D
[TLS] sign_hash (32): F206170962EC1AF6936EF471E614E229E566EB89D35B4CBC4F391D698A9C2825
[TLS] Written transcript to proofs/MSG_TLS_B89DBDF9.out, proofs/SIG_TLS_B89DBDF9.out and proofs/PK_TLS_B89DBDF9.der
Signature verification succeeds
Time breakdown (averages): anchor_ping:13.734015 file_read:0.129991 hashing:0.469943
Total time for 71 rounds is 1031.448688ms
Standard deviations: anchor_ping:0.445489 file_read:0.016016 hashing:0.003974
[Client-side ops] mean:0.599934 sd:0.016586
in & out anchor rand written to proofs/phase1.out
     51 [TLS] Server time: 1619602509
     21 [TLS] Server time: 1619602510
Count is 51
Count is 21
success: 1
RESULT: 1 in 2 tries
