TLS anchor: www.sunysuffolk.edu
Actual: 34, Set: 71
Beginning execution at Sat May 1 18:35:01 UTC 2021
CONF: anchor:www.sunysuffolk.edu fs:1024MB n_rounds:71 seed:5c9f4bf9bbc15bb855f82faedc5a52fc3ab2dfa8ec3ba3ce1b270f31fa0cced2 filename:FILE bs:1024 nops:100 benchmarking:0 anchor_ping:1 queue_depth:32 direct:0
[TLS] Connecting to www.sunysuffolk.edu
[TLS] Server time: 1619894101
[TLS] client_random  (32): 5C9F4BF9BBC15BB855F82FAEDC5A52FC3AB2DFA8EC3BA3CE1B270F31FA0CCED2
[TLS] sign_hash (32): B853BB9C09746592B52E4BF2F61BC704582E4E877D1CCA217CC786234E1F3D78
[TLS] Written transcript to proofs/MSG_TLS_5C9F4BF9.out, proofs/SIG_TLS_5C9F4BF9.out and proofs/PK_TLS_5C9F4BF9.der
Signature verification succeeds
[TLS] Server time: 1619894101
[TLS] client_random  (32): 258F996594DE4D8E04562A119A73ED4F86254ADC095F291CCA443A3941591721
[TLS] sign_hash (32): D43567C1A5F6DA2AC7E75229C5A1943C333C02CB5EC01CFC0323D76ECED62012
[TLS] Written transcript to proofs/MSG_TLS_258F9965.out, proofs/SIG_TLS_258F9965.out and proofs/PK_TLS_258F9965.der
Signature verification succeeds
[TLS] Server time: 1619894101
[TLS] client_random  (32): EF5AB578B6995CEECA05C50635AE0617BC97B911996EB6FEB75BD713AAE17CFD
[TLS] sign_hash (32): 6F43F79F7F8AB5F28C41E9509E7F99A38EC1853CCAB7E25EBDC12C1DE5D8DC8E
[TLS] Written transcript to proofs/MSG_TLS_EF5AB578.out, proofs/SIG_TLS_EF5AB578.out and proofs/PK_TLS_EF5AB578.der
Signature verification succeeds
[TLS] Server time: 1619894101
[TLS] client_random  (32): BD994EF732490804A9C897DA688934F08225FE2AF07596C7B03C1F640C8C67EF
[TLS] sign_hash (32): 1829E3EB487BEFCCA08CD6730A1F933AFA3ED06A4352D60E0E77DB48A1909300
[TLS] Written transcript to proofs/MSG_TLS_BD994EF7.out, proofs/SIG_TLS_BD994EF7.out and proofs/PK_TLS_BD994EF7.der
Signature verification succeeds
[TLS] Server time: 1619894101
[TLS] client_random  (32): 8668E6EC9CB921062A4656D96F6AAE0B327172AF16C342750B5E27AD5F2F9EC7
[TLS] sign_hash (32): 9F4EFAEB6F874923091C82F1FBD506A3699E44DAE521DE46E683FE73D13CAE70
[TLS] Written transcript to proofs/MSG_TLS_8668E6EC.out, proofs/SIG_TLS_8668E6EC.out and proofs/PK_TLS_8668E6EC.der
Signature verification succeeds
[TLS] Server time: 1619894101
[TLS] client_random  (32): 48F6891492309479DE7502255E06F77D69EDB6D78D70810C5F05FB01F73B48E0
[TLS] sign_hash (32): 178801B8ADD2FFF82C74BB1A066B5915E253DC3489EF6A65793ADC119997CEFF
[TLS] Written transcript to proofs/MSG_TLS_48F68914.out, proofs/SIG_TLS_48F68914.out and proofs/PK_TLS_48F68914.der
Signature verification succeeds
[TLS] Server time: 1619894101
[TLS] client_random  (32): 06BCFB0142D5DE1E3C8004F5690FC445940B5B960DA1237429F8B9B250A197C7
[TLS] sign_hash (32): EA763A25F82EB02B08F0018A0B2E427CBCD00D0B4B585F05CEDB6A6EC7599A13
[TLS] Written transcript to proofs/MSG_TLS_06BCFB01.out, proofs/SIG_TLS_06BCFB01.out and proofs/PK_TLS_06BCFB01.der
Signature verification succeeds
[TLS] Server time: 1619894101
[TLS] client_random  (32): 2E0100BDC6D02FFFC1AEF34437D5822F303168C6A17AB910E9C3D4711C2CCDF1
[TLS] sign_hash (32): 213A3DAC1FA084B7D8DD2D0CCE43833600B6AD17D7E48CD74EC68CF305D3CE90
[TLS] Written transcript to proofs/MSG_TLS_2E0100BD.out, proofs/SIG_TLS_2E0100BD.out and proofs/PK_TLS_2E0100BD.der
Signature verification succeeds
[TLS] Server time: 1619894101
[TLS] client_random  (32): 79BC725FC49EE28D46BFACC750429834214397A6DC1705C6E57CA7B74DEF710E
[TLS] sign_hash (32): E10C9BCA6D755BD14AC64B2F4C4A94591BD2C62BA66F5DC2E961C898D0F7BDB7
[TLS] Written transcript to proofs/MSG_TLS_79BC725F.out, proofs/SIG_TLS_79BC725F.out and proofs/PK_TLS_79BC725F.der
Signature verification succeeds
[TLS] Server time: 1619894101
[TLS] client_random  (32): 5C258BBC640C63B6C28CFBEF4C0E8C993DD82CE0FFFE4B742172C96062BA0552
[TLS] sign_hash (32): 82A48C6A67DD914B5050CA97286F40C47B700AA5680064330137D0B2DEE6BB0E
[TLS] Written transcript to proofs/MSG_TLS_5C258BBC.out, proofs/SIG_TLS_5C258BBC.out and proofs/PK_TLS_5C258BBC.der
Signature verification succeeds
[TLS] Server time: 1619894101
[TLS] client_random  (32): 3BD941808BFA86B1792B57D9A8BD24A6EC2160D27FCC1D9959D087103F7BEF5A
[TLS] sign_hash (32): BA4866C88A98B7B27052C1E18C97CA5D1DA45A0C82DAFE9C72DFB0E0B07DF36B
[TLS] Written transcript to proofs/MSG_TLS_3BD94180.out, proofs/SIG_TLS_3BD94180.out and proofs/PK_TLS_3BD94180.der
Signature verification succeeds
[TLS] Server time: 1619894101
[TLS] client_random  (32): E44013FD14CDE7C4653D9E9FD4ACCB44309AEF557F92795820D06BB22FBC7E4A
[TLS] sign_hash (32): CF8C253B35ECE608563D7CE9E2576A6931D660D3D2A7308A5D98EF257DA56198
[TLS] Written transcript to proofs/MSG_TLS_E44013FD.out, proofs/SIG_TLS_E44013FD.out and proofs/PK_TLS_E44013FD.der
Signature verification succeeds
[TLS] Server time: 1619894101
[TLS] client_random  (32): EB4817EAC275DADA8BE08C3D49F0AEC8F60C0D7F32D06FAF129F1E6B952BE09E
[TLS] sign_hash (32): 2A84F4F3C5916538362F741A78967162BF22B938882AB28A58507F4207A19DD4
[TLS] Written transcript to proofs/MSG_TLS_EB4817EA.out, proofs/SIG_TLS_EB4817EA.out and proofs/PK_TLS_EB4817EA.der
Signature verification succeeds
[TLS] Server time: 1619894101
[TLS] client_random  (32): 64CE3631E9FDB4565B23C032714AA5F8CEC7F0EBAA0C006D2B31BC94BB017158
[TLS] sign_hash (32): C67A12E0BA450EAED71DF59680E0A050A9CF64E68B6A46E0385E253B91282F71
[TLS] Written transcript to proofs/MSG_TLS_64CE3631.out, proofs/SIG_TLS_64CE3631.out and proofs/PK_TLS_64CE3631.der
Signature verification succeeds
[TLS] Server time: 1619894101
[TLS] client_random  (32): 38D287FFEB54AE143F3D33E7B12911DE87E2F9943EFE19E3EF2E960423A04679
[TLS] sign_hash (32): AC1D57CF00AE426C503DBEFE4D8407B659AA98B51D87BEAC2DA7FEA973A2E683
[TLS] Written transcript to proofs/MSG_TLS_38D287FF.out, proofs/SIG_TLS_38D287FF.out and proofs/PK_TLS_38D287FF.der
Signature verification succeeds
[TLS] Server time: 1619894102
[TLS] client_random  (32): 9AC17FF72925E1511CE7FE62CCC4EE9256CB2336C9F4750F7A2A34E7F6C24CD3
[TLS] sign_hash (32): D4EB926BAD0F7313C695D8E6264223F215FA765B3B9ECD306C075C0EA25272C1
[TLS] Written transcript to proofs/MSG_TLS_9AC17FF7.out, proofs/SIG_TLS_9AC17FF7.out and proofs/PK_TLS_9AC17FF7.der
Signature verification succeeds
[TLS] Server time: 1619894102
[TLS] client_random  (32): 94666B9177A72B4D78BBCF004204B6F99BDFE03249253EC922C2BE7E992707D3
[TLS] sign_hash (32): FDE16442A8610A19A9E06E1CBA26658B8A54FC743D81EB9635CD02612ECBA165
[TLS] Written transcript to proofs/MSG_TLS_94666B91.out, proofs/SIG_TLS_94666B91.out and proofs/PK_TLS_94666B91.der
Signature verification succeeds
[TLS] Server time: 1619894102
[TLS] client_random  (32): 8496D939A907951D47278002EAFC60E79582496F0DCBC6020FDC82A7E94E2806
[TLS] sign_hash (32): ED554AF89532250C097A387E7960E992EB32BE346AA5DBE924872EE79AE95AD1
[TLS] Written transcript to proofs/MSG_TLS_8496D939.out, proofs/SIG_TLS_8496D939.out and proofs/PK_TLS_8496D939.der
Signature verification succeeds
[TLS] Server time: 1619894103
[TLS] client_random  (32): 0EC7A44644ABD4616D20111468F6CAD797BB6196D79D60B36051163E518425F6
[TLS] sign_hash (32): 1746A8129674BEBC9CC7BCDA84878C1850C31925C78B133DC840E3B59947A12F
[TLS] Written transcript to proofs/MSG_TLS_0EC7A446.out, proofs/SIG_TLS_0EC7A446.out and proofs/PK_TLS_0EC7A446.der
Signature verification succeeds
[TLS] Server time: 1619894103
[TLS] client_random  (32): 0E126610408438FBE96DA26AAE44D96FEA8A9A809D8E8560048420237BE9F590
[TLS] sign_hash (32): 8CA207F8299AA2DAF00A9EC6FA3E6924D1C6CF3CAA1F061783C61668CFFF6B19
[TLS] Written transcript to proofs/MSG_TLS_0E126610.out, proofs/SIG_TLS_0E126610.out and proofs/PK_TLS_0E126610.der
Signature verification succeeds
[TLS] Server time: 1619894104
[TLS] client_random  (32): 4CE486B8DB045599763616A7D83E78771362174F2960C57924792281D9432CBF
[TLS] sign_hash (32): 4565101E3753AD2A324B1A2302F4B463D81DA0CE3963F02DBBDFBA72290A302F
[TLS] Written transcript to proofs/MSG_TLS_4CE486B8.out, proofs/SIG_TLS_4CE486B8.out and proofs/PK_TLS_4CE486B8.der
Signature verification succeeds
[TLS] Server time: 1619894104
[TLS] client_random  (32): A8D0963D9C3CE1A2684AC6C84B5669ADE08B5B7D152A78EC3EECEA348BEE97F5
[TLS] sign_hash (32): 19ACFCEC9C3ADD415AD2B47EF538FECD716AC2F6FDAE6FF1BD62C1454D6D6C42
[TLS] Written transcript to proofs/MSG_TLS_A8D0963D.out, proofs/SIG_TLS_A8D0963D.out and proofs/PK_TLS_A8D0963D.der
Signature verification succeeds
[TLS] Server time: 1619894104
[TLS] client_random  (32): 908B5456292F30C7F95BDD6D3ADAF487F6328CD6728E24AEF3CC1DCC78933A4B
[TLS] sign_hash (32): BF2F68C816D1A49E96D127909D533C2E9ED0F1962B701CCBC374ECA8887F22E3
[TLS] Written transcript to proofs/MSG_TLS_908B5456.out, proofs/SIG_TLS_908B5456.out and proofs/PK_TLS_908B5456.der
Signature verification succeeds
[TLS] Server time: 1619894104
[TLS] client_random  (32): AB1A5FD93BD2BA9A61A940CB95643BCDD276DC06F407DDFE1B273172030E4ADE
[TLS] sign_hash (32): B55129070F612C7B410185295945738CE06A204BB6BF8374615E26C1126AC363
[TLS] Written transcript to proofs/MSG_TLS_AB1A5FD9.out, proofs/SIG_TLS_AB1A5FD9.out and proofs/PK_TLS_AB1A5FD9.der
Signature verification succeeds
[TLS] Server time: 1619894105
[TLS] client_random  (32): D3C5A67FCC3FE6E4302C6939C11C725DA0A9441075FBD6407CDA1758BA58BE3A
[TLS] sign_hash (32): 31E4112392584B6C44E092CFA054D8903077CE9EDA15C1BF77C40EA5E1136A51
[TLS] Written transcript to proofs/MSG_TLS_D3C5A67F.out, proofs/SIG_TLS_D3C5A67F.out and proofs/PK_TLS_D3C5A67F.der
Signature verification succeeds
[TLS] Server time: 1619894105
[TLS] client_random  (32): 1D30E1F6F575E08D31F8D57F33DFF85AC2A744D3C4818202D3177FC64AE7B69C
[TLS] sign_hash (32): 735BA3199C01B2C772A12BAF83725888F2DA88B60ED7F3B71C4E2BD63ED89FE4
[TLS] Written transcript to proofs/MSG_TLS_1D30E1F6.out, proofs/SIG_TLS_1D30E1F6.out and proofs/PK_TLS_1D30E1F6.der
Signature verification succeeds
[TLS] Server time: 1619894105
[TLS] client_random  (32): C3B7E8A2C06C51A77873FB8F50E60B040A021A022CABBBE55C11B52579C4EF98
[TLS] sign_hash (32): A832368C9399D40C385206B9EB21FDBF177BE02BC2AFAAA26B5467E760AA3C8E
[TLS] Written transcript to proofs/MSG_TLS_C3B7E8A2.out, proofs/SIG_TLS_C3B7E8A2.out and proofs/PK_TLS_C3B7E8A2.der
Signature verification succeeds
[TLS] Server time: 1619894105
[TLS] client_random  (32): 9FE9E00812DC39698C2F3922169D9773867B3F731EAED99D5D85F4E63C5D1C66
[TLS] sign_hash (32): 02BC2A816E9F68D68ABDA54229184F1292C67A7149C7AC71910FB7D5F953365A
[TLS] Written transcript to proofs/MSG_TLS_9FE9E008.out, proofs/SIG_TLS_9FE9E008.out and proofs/PK_TLS_9FE9E008.der
Signature verification succeeds
[TLS] Server time: 1619894105
[TLS] client_random  (32): 89157A06239412378011ED8D7AB5BBAB808B037F02E545304052D55A06E418B3
[TLS] sign_hash (32): 153BCF5D65F8DC084E964077B3E62655E6AB4B5C622C3E76D59BFECE918D9925
[TLS] Written transcript to proofs/MSG_TLS_89157A06.out, proofs/SIG_TLS_89157A06.out and proofs/PK_TLS_89157A06.der
Signature verification succeeds
[TLS] Server time: 1619894105
[TLS] client_random  (32): 35A03ED8F6D0790A55672898DED11519D493DB7CB049273B2869B9FF119D7387
[TLS] sign_hash (32): 8A0A9EB7976AC914238F0F0A2FA7003FB744E49C0D6CEF34EB4CF7C7E6060B3D
[TLS] Written transcript to proofs/MSG_TLS_35A03ED8.out, proofs/SIG_TLS_35A03ED8.out and proofs/PK_TLS_35A03ED8.der
Signature verification succeeds
[TLS] Server time: 1619894105
[TLS] client_random  (32): 496D9B555EFF8C5813611FD906AF29F3ADA32D0959D6122BFAC48F6FFCBB95D5
[TLS] sign_hash (32): FDAC8348A32DBCC760E3A871103C44304DB43F1C5C9CF8EF592E53BF621CC91C
[TLS] Written transcript to proofs/MSG_TLS_496D9B55.out, proofs/SIG_TLS_496D9B55.out and proofs/PK_TLS_496D9B55.der
Signature verification succeeds
[TLS] Server time: 1619894105
[TLS] client_random  (32): C0C1F624DA123E2A251B841ED39A8CC641AF8F5E3CE2836CE4504B3406078A32
[TLS] sign_hash (32): 72348405672D99C83D319F13EA0DB5A15B024553BCEE096A9972078144BB9CD4
[TLS] Written transcript to proofs/MSG_TLS_C0C1F624.out, proofs/SIG_TLS_C0C1F624.out and proofs/PK_TLS_C0C1F624.der
Signature verification succeeds
[TLS] Server time: 1619894106
[TLS] client_random  (32): 033A9D8865EACD3EB48654EFC26A8C7EB159D4DEB6D7DDEE60693E64E141E018
[TLS] sign_hash (32): 04C9944E3CCDAE90739A6ACD0B15F2F0D6F753536B0275431A1E4291DE0724A4
[TLS] Written transcript to proofs/MSG_TLS_033A9D88.out, proofs/SIG_TLS_033A9D88.out and proofs/PK_TLS_033A9D88.der
Signature verification succeeds
[TLS] Server time: 1619894106
[TLS] client_random  (32): 03130CD1CC3AF55A7955824A957A665AF78E55D45D176AB6D3D1674CE917F040
[TLS] sign_hash (32): 108CE0B1BCE089DBEE3DC36ACF401E3AF0A0E4B0C876C8424C4FF53E795BDF5A
[TLS] Written transcript to proofs/MSG_TLS_03130CD1.out, proofs/SIG_TLS_03130CD1.out and proofs/PK_TLS_03130CD1.der
Signature verification succeeds
[TLS] Server time: 1619894106
[TLS] client_random  (32): 4B07FF726BA8816C4E67311BB37D1A2107CC964C710EA43C6A0BC4E0A618FB6A
[TLS] sign_hash (32): DFD9487EDCBE5E65501B66AD3F2E8A5A926ACB4AEE2F0934E5913E0325D6EFA1
[TLS] Written transcript to proofs/MSG_TLS_4B07FF72.out, proofs/SIG_TLS_4B07FF72.out and proofs/PK_TLS_4B07FF72.der
Signature verification succeeds
[TLS] Server time: 1619894106
[TLS] client_random  (32): 084B29D4E04F0A09E6E832E6FA4A5E90D0D3FB6290FE908D11B4E2E8D1BA4AF9
[TLS] sign_hash (32): 7E310EE3A62B9415BA8B8343CA1DDE12CED4AE8581DB115C3842904B1C8720CD
[TLS] Written transcript to proofs/MSG_TLS_084B29D4.out, proofs/SIG_TLS_084B29D4.out and proofs/PK_TLS_084B29D4.der
Signature verification succeeds
[TLS] Server time: 1619894106
[TLS] client_random  (32): AB15ED0FFBB083B43B572A7DDFF705A7899C587A1711430D74890C4C9E12B65F
[TLS] sign_hash (32): 8594B62B6B56CCF891C3FF1811CF7EE00C2C3A17B4A4169008ABBEEA2D7A7882
[TLS] Written transcript to proofs/MSG_TLS_AB15ED0F.out, proofs/SIG_TLS_AB15ED0F.out and proofs/PK_TLS_AB15ED0F.der
Signature verification succeeds
[TLS] Server time: 1619894106
[TLS] client_random  (32): 6827A25AA22A82E967C7A745FB588172B30C47404844C5F94B49A94E6CE1D43B
[TLS] sign_hash (32): 93D616179F7D6E0A0DD59DD81788A27D968A308B34D2CDEF36396B8786FC2939
[TLS] Written transcript to proofs/MSG_TLS_6827A25A.out, proofs/SIG_TLS_6827A25A.out and proofs/PK_TLS_6827A25A.der
Signature verification succeeds
[TLS] Server time: 1619894106
[TLS] client_random  (32): 317B0B3D565D7D683E989C10C99013F9390B1783F52E3A5B9DFA52AE03AF788D
[TLS] sign_hash (32): D132E8BEC0209F9FFF6165F1291438AE80CDA9EEBC3854DF0265B72DA71064D9
[TLS] Written transcript to proofs/MSG_TLS_317B0B3D.out, proofs/SIG_TLS_317B0B3D.out and proofs/PK_TLS_317B0B3D.der
Signature verification succeeds
[TLS] Server time: 1619894106
[TLS] client_random  (32): 3ACE7468472832DD712266C71D04D17F2CBC1FBA5FEE8EC6EFE2A3DAA1ACF01D
[TLS] sign_hash (32): D0708C1E1D002341054B513C88B6D8261465BB1BE810E7E1B2BD6D01736432A1
[TLS] Written transcript to proofs/MSG_TLS_3ACE7468.out, proofs/SIG_TLS_3ACE7468.out and proofs/PK_TLS_3ACE7468.der
Signature verification succeeds
[TLS] Server time: 1619894106
[TLS] client_random  (32): ACB6012851A0B7DF7DED3718271AA7968E8A5A6EA707957A2F0E4309F0816E8A
[TLS] sign_hash (32): 018D4AD4015DF1F588FCE77B18FB6B41898B748758D3F0139306BD952045835D
[TLS] Written transcript to proofs/MSG_TLS_ACB60128.out, proofs/SIG_TLS_ACB60128.out and proofs/PK_TLS_ACB60128.der
Signature verification succeeds
[TLS] Server time: 1619894106
[TLS] client_random  (32): 477F52C48B923F5B35EA9DE739FA995AD1D72A1748C499C90ADFF146DC83608A
[TLS] sign_hash (32): 491150BD4A29DF9522A2A67506E67105F26BB736E766103BC1DD261136CFF314
[TLS] Written transcript to proofs/MSG_TLS_477F52C4.out, proofs/SIG_TLS_477F52C4.out and proofs/PK_TLS_477F52C4.der
Signature verification succeeds
[TLS] Server time: 1619894106
[TLS] client_random  (32): EA6FA8917E34A213F870F319EBACBEB47B45405866ED155F42392D959B29C3C9
[TLS] sign_hash (32): 0873F44AD2F6F2D783202F83F1C22415D12D792D9E65D7D0BF79AAC97B0910BA
[TLS] Written transcript to proofs/MSG_TLS_EA6FA891.out, proofs/SIG_TLS_EA6FA891.out and proofs/PK_TLS_EA6FA891.der
Signature verification succeeds
[TLS] Server time: 1619894106
[TLS] client_random  (32): F43EB298ED02A5C0638DBE8DE356049D31ABB0D804FA2872BE8AD9334B48443C
[TLS] sign_hash (32): C995517F6B5C4698CC4F9B5AD553070C9B640C1EF40DAFB23915016E170B33E2
[TLS] Written transcript to proofs/MSG_TLS_F43EB298.out, proofs/SIG_TLS_F43EB298.out and proofs/PK_TLS_F43EB298.der
Signature verification succeeds
[TLS] Server time: 1619894106
[TLS] client_random  (32): 4E3F0C14CA2B2F91217F90BA38793118E63B6AB36CE0CBBF2829AE38781535D3
[TLS] sign_hash (32): B795530C90E6486F425703861A96F588A5555F94371FBE5DDE7F6FDA935D5ACE
[TLS] Written transcript to proofs/MSG_TLS_4E3F0C14.out, proofs/SIG_TLS_4E3F0C14.out and proofs/PK_TLS_4E3F0C14.der
Signature verification succeeds
[TLS] Server time: 1619894106
[TLS] client_random  (32): BB00EA864A2F568347F832EF70E481BF0E3ED3A0EC1C266E6596A27B3C41273B
[TLS] sign_hash (32): F5B53B32A62E7312A0ED52D5E2BBD185E134279B628CE58B4F2000BDB60CAB44
[TLS] Written transcript to proofs/MSG_TLS_BB00EA86.out, proofs/SIG_TLS_BB00EA86.out and proofs/PK_TLS_BB00EA86.der
Signature verification succeeds
[TLS] Server time: 1619894106
[TLS] client_random  (32): A206F5E0C5B708B1522EEDF56F2CB1A3E34093D95B303692E87EC493A8F4C732
[TLS] sign_hash (32): 35014B810AB7262BCCC035324CEA424F5B60D7C2207BDDF212A8746676B45397
[TLS] Written transcript to proofs/MSG_TLS_A206F5E0.out, proofs/SIG_TLS_A206F5E0.out and proofs/PK_TLS_A206F5E0.der
Signature verification succeeds
[TLS] Server time: 1619894106
[TLS] client_random  (32): 620CB93888842F0F0E055E0F0E520D14B9C648468707C8AFB1BC4C8C489E1FCA
[TLS] sign_hash (32): 0F57281E5209763C2AB0A115CD5F4FDCB08F67E4620AF49DFC1131957F0E3E24
[TLS] Written transcript to proofs/MSG_TLS_620CB938.out, proofs/SIG_TLS_620CB938.out and proofs/PK_TLS_620CB938.der
Signature verification succeeds
[TLS] Server time: 1619894107
[TLS] client_random  (32): CE5992373D4A64F7A3754314394A77B168A690531BF3774315E20FB7D48B9480
[TLS] sign_hash (32): DB9310962C86309275A37C4CD31190A9864A0643EB3FF94CA0E8F444C51D6E50
[TLS] Written transcript to proofs/MSG_TLS_CE599237.out, proofs/SIG_TLS_CE599237.out and proofs/PK_TLS_CE599237.der
Signature verification succeeds
[TLS] Server time: 1619894107
[TLS] client_random  (32): 044D589ECA34634D73ED53F225E2C649CCED7E84B9D202891C164A16F5B0FC7A
[TLS] sign_hash (32): 8479A07CE7075781BCCC32E3E0B5A4AAEC019294AC3B29A9BC1C16CBBD869BCA
[TLS] Written transcript to proofs/MSG_TLS_044D589E.out, proofs/SIG_TLS_044D589E.out and proofs/PK_TLS_044D589E.der
Signature verification succeeds
[TLS] Server time: 1619894107
[TLS] client_random  (32): EC57A5FA0E854B3E5C02A3065ED30100F499FB5E58000BB0F79139A2028FF9B1
[TLS] sign_hash (32): 6713084266A14E93BDCA5F7D3EF2499F9F39E4AEB6D4B8794B77332CC89B5DE7
[TLS] Written transcript to proofs/MSG_TLS_EC57A5FA.out, proofs/SIG_TLS_EC57A5FA.out and proofs/PK_TLS_EC57A5FA.der
Signature verification succeeds
[TLS] Server time: 1619894107
[TLS] client_random  (32): 5C6584A6744B23954A53600A324A70CBCE02FD8EAEAD2FE1703FA33604E87BD6
[TLS] sign_hash (32): 13C95CAEE56A0F1EB524490BD3BDD3ACED7089D5442AE8DEA3EDA92F773B6272
[TLS] Written transcript to proofs/MSG_TLS_5C6584A6.out, proofs/SIG_TLS_5C6584A6.out and proofs/PK_TLS_5C6584A6.der
Signature verification succeeds
[TLS] Server time: 1619894107
[TLS] client_random  (32): C585CA8B9F441BBAB407009162F40DE00F37741A936F39E60C55761F47C8C23C
[TLS] sign_hash (32): 19C566E4FDFD092E60F1E7F84655C78B167C16CEF5074ED8CCFD62D7063BB3B5
[TLS] Written transcript to proofs/MSG_TLS_C585CA8B.out, proofs/SIG_TLS_C585CA8B.out and proofs/PK_TLS_C585CA8B.der
Signature verification succeeds
[TLS] Server time: 1619894107
[TLS] client_random  (32): 7D3E8B638744E4549B604D56E55861FFC1A088FE6BAC2C30F5F7454F7CDEB712
[TLS] sign_hash (32): 9EF3A68A9E3662BFAC9F589ADC1CAEDF9E3B52DB4A0A01A4D8556EA5B1C6D514
[TLS] Written transcript to proofs/MSG_TLS_7D3E8B63.out, proofs/SIG_TLS_7D3E8B63.out and proofs/PK_TLS_7D3E8B63.der
Signature verification succeeds
[TLS] Server time: 1619894107
[TLS] client_random  (32): A28C3863A3569BBBB16622E3883680F70276D3E8006B5D4EF58ECC4454F3B3BA
[TLS] sign_hash (32): 462320C3C71D5B39F18156C7268ADD3B1A8A778503B1D8D542C25A12836D39AA
[TLS] Written transcript to proofs/MSG_TLS_A28C3863.out, proofs/SIG_TLS_A28C3863.out and proofs/PK_TLS_A28C3863.der
Signature verification succeeds
[TLS] Server time: 1619894107
[TLS] client_random  (32): 259DF8C97690C818E644DB3DEBF98C7581DBBC17C511847BA77B7EAE9F6EF5AF
[TLS] sign_hash (32): 9AC469D71F51E7DD7B1F607D9FA57F26C774CA28C96D3D335A57BDBCF07D3316
[TLS] Written transcript to proofs/MSG_TLS_259DF8C9.out, proofs/SIG_TLS_259DF8C9.out and proofs/PK_TLS_259DF8C9.der
Signature verification succeeds
[TLS] Server time: 1619894107
[TLS] client_random  (32): 6ED76E801BA746E5F03CF26B5D8FAA4A4CEAD88F1F5CF04A7FFE89CFD82629B5
[TLS] sign_hash (32): D8FECD2FF7EE091EC112060D6EA0FA0B638AD7DA06DCAC7069709A778072A9DE
[TLS] Written transcript to proofs/MSG_TLS_6ED76E80.out, proofs/SIG_TLS_6ED76E80.out and proofs/PK_TLS_6ED76E80.der
Signature verification succeeds
[TLS] Server time: 1619894107
[TLS] client_random  (32): B03CE8013DE75B32AA0AB727A8A5DCAD2A161A07EA55DF8654E6C593674A8C51
[TLS] sign_hash (32): 07C6187BACC8BF51A031D2F4CDF5B8AC1D7E57D4CEE9F7E3764659DF47A61702
[TLS] Written transcript to proofs/MSG_TLS_B03CE801.out, proofs/SIG_TLS_B03CE801.out and proofs/PK_TLS_B03CE801.der
Signature verification succeeds
[TLS] Server time: 1619894107
[TLS] client_random  (32): 8C7C3C558460F726879474017F2A03187373121ABDE097CBE972EF8C06D618D2
[TLS] sign_hash (32): 7E2C813DEF9D3300F4EAFDA61F1B78AB56B28480B1B1632441E16060ED06AF0F
[TLS] Written transcript to proofs/MSG_TLS_8C7C3C55.out, proofs/SIG_TLS_8C7C3C55.out and proofs/PK_TLS_8C7C3C55.der
Signature verification succeeds
[TLS] Server time: 1619894107
[TLS] client_random  (32): 32F1F0AB6368A089CB7D3D6F84A7C63368E7E4BB1E1360709853728732BEF003
[TLS] sign_hash (32): 4F4F573A09351793B08F16167E17730F82A60A322F1FDFB54EC61D881E51A7B1
[TLS] Written transcript to proofs/MSG_TLS_32F1F0AB.out, proofs/SIG_TLS_32F1F0AB.out and proofs/PK_TLS_32F1F0AB.der
Signature verification succeeds
[TLS] Server time: 1619894107
[TLS] client_random  (32): 03524687D5A622F59584913C6C68247ED02FE69CA7CA84260CB6FAC43BFE63A2
[TLS] sign_hash (32): E6DC6CCBC222F4F776C14E8BBAFC970B0588FD629380541F6D4397730AF2A1BB
[TLS] Written transcript to proofs/MSG_TLS_03524687.out, proofs/SIG_TLS_03524687.out and proofs/PK_TLS_03524687.der
Signature verification succeeds
[TLS] Server time: 1619894107
[TLS] client_random  (32): A5F216F090B1B67B7AF44F6F729CBBA697F09A0D7F9AFB13E084165406682F95
[TLS] sign_hash (32): 06EACE4A521295F1BF6515B4A80649778317A51314A77D4490E2E763763A99F9
[TLS] Written transcript to proofs/MSG_TLS_A5F216F0.out, proofs/SIG_TLS_A5F216F0.out and proofs/PK_TLS_A5F216F0.der
Signature verification succeeds
[TLS] Server time: 1619894107
[TLS] client_random  (32): A81E43FF08AB15E0A53BB1C025C8D99AE37A62591EF2AAFCF3C33337BA072735
[TLS] sign_hash (32): 508990BB5F46A72F3AF0B6748C3D9F832C0F73B101651EDA1FEBEF174177EB93
[TLS] Written transcript to proofs/MSG_TLS_A81E43FF.out, proofs/SIG_TLS_A81E43FF.out and proofs/PK_TLS_A81E43FF.der
Signature verification succeeds
[TLS] Server time: 1619894107
[TLS] client_random  (32): 55A12DE90B55B74D7DB732CE16431D6A3C9A75594F34FFE2A8BF00AC437D711B
[TLS] sign_hash (32): 789A287CD7C037B6D927A0FD2414B605F730122C89DC1F4F24EEAB1D5D1B012D
[TLS] Written transcript to proofs/MSG_TLS_55A12DE9.out, proofs/SIG_TLS_55A12DE9.out and proofs/PK_TLS_55A12DE9.der
Signature verification succeeds
[TLS] Server time: 1619894107
[TLS] client_random  (32): D8F9C97AC9E0B8AE2B5600046FB85AA1677D8043BDEA063E1864521AF38E98BC
[TLS] sign_hash (32): C870D10F2F859D99D27F5C4EB1F69B7F5E87140D382C25C24FDA348362EE9FE7
[TLS] Written transcript to proofs/MSG_TLS_D8F9C97A.out, proofs/SIG_TLS_D8F9C97A.out and proofs/PK_TLS_D8F9C97A.der
Signature verification succeeds
[TLS] Server time: 1619894107
[TLS] client_random  (32): A27AAEAE448FC1DD10A84690E73D8C7F58C79E7CBB7827F93DB4B53C76C86566
[TLS] sign_hash (32): 0C4D93EB761343F9F02517D3ED3DAB14C52B9EEE351E9D1338DCF6D99A2637CE
[TLS] Written transcript to proofs/MSG_TLS_A27AAEAE.out, proofs/SIG_TLS_A27AAEAE.out and proofs/PK_TLS_A27AAEAE.der
Signature verification succeeds
[TLS] Server time: 1619894107
[TLS] client_random  (32): 2106367A8BCE2B01A150EF2FAE2AEEFDEF7F6AE92BB8802F41EAB2DDF7084799
[TLS] sign_hash (32): 742390518E4D360E4CD8CB61458CFE6D5CA835E3FCB4DAD637EC1AE2DD542450
[TLS] Written transcript to proofs/MSG_TLS_2106367A.out, proofs/SIG_TLS_2106367A.out and proofs/PK_TLS_2106367A.der
Signature verification succeeds
[TLS] Server time: 1619894107
[TLS] client_random  (32): B39C5E8B51921EFD388448017514DE35A7C0D30CDD94FDF6A767A4AAC6D2C938
[TLS] sign_hash (32): DBA72FD4A37DEB47C1A546DE222CCCACF4E0602F536C84A314C5630BFAF1172C
[TLS] Written transcript to proofs/MSG_TLS_B39C5E8B.out, proofs/SIG_TLS_B39C5E8B.out and proofs/PK_TLS_B39C5E8B.der
Signature verification succeeds
[TLS] Server time: 1619894107
[TLS] client_random  (32): C29DF68AD261C65B4AAE8750FC1C24C88432D664FDEBB90AB255FF2018FFD8ED
[TLS] sign_hash (32): 165D1FDFC73AB64D35F4B713087799DF8BD7C1B54041C7A92E90D81B3642AFA7
[TLS] Written transcript to proofs/MSG_TLS_C29DF68A.out, proofs/SIG_TLS_C29DF68A.out and proofs/PK_TLS_C29DF68A.der
Signature verification succeeds
[TLS] Server time: 1619894107
[TLS] client_random  (32): 87787244CA9266982F54DD90BB629BE27C7D6253C04D93EADEC3EBC1F9320AB7
[TLS] sign_hash (32): E4DA01D21ACCC9BD2BEF9E4AA2E42A0018AF95F6EF2587B0CEAF513EA2E0D78A
[TLS] Written transcript to proofs/MSG_TLS_87787244.out, proofs/SIG_TLS_87787244.out and proofs/PK_TLS_87787244.der
Signature verification succeeds
[TLS] Server time: 1619894107
[TLS] client_random  (32): 6686AAFBAF39C8CBBF93677BBAEB192AD01149262F4175FCEF91821C31F03538
[TLS] sign_hash (32): E6E623E56F4E1CFD2C1AD60810C20770B52B49306F4A288C66EBFDA755144F7A
[TLS] Written transcript to proofs/MSG_TLS_6686AAFB.out, proofs/SIG_TLS_6686AAFB.out and proofs/PK_TLS_6686AAFB.der
Signature verification succeeds
[TLS] Server time: 1619894107
[TLS] client_random  (32): 187995DB4962AF4165A4BC0AF5E26C9AB4B19F09F84F334CA226CCC26086A3F9
[TLS] sign_hash (32): D7C681E3FC07B252234BC58EBF3D1CDDF841B3F2F2E09010E807813772F66178
[TLS] Written transcript to proofs/MSG_TLS_187995DB.out, proofs/SIG_TLS_187995DB.out and proofs/PK_TLS_187995DB.der
Signature verification succeeds
Time breakdown (averages): anchor_ping:84.678528 file_read:0.142280 hashing:0.470281
Total time for 71 rounds is 6140.350095ms
Standard deviations: anchor_ping:226.633268 file_read:0.019201 hashing:0.004437
[Client-side ops] mean:0.612561 sd:0.020374
in & out anchor rand written to proofs/phase1.out
     15 [TLS] Server time: 1619894101
      3 [TLS] Server time: 1619894102
      2 [TLS] Server time: 1619894103
      4 [TLS] Server time: 1619894104
      8 [TLS] Server time: 1619894105
     16 [TLS] Server time: 1619894106
     24 [TLS] Server time: 1619894107
Count is 15
Count is 3
Count is 2
Count is 4
Count is 8
Count is 16
Count is 24
success: 0
Sleeping before retrying
CONF: anchor:www.sunysuffolk.edu fs:1024MB n_rounds:71 seed:5c9f4bf9bbc15bb855f82faedc5a52fc3ab2dfa8ec3ba3ce1b270f31fa0cced2 filename:FILE bs:1024 nops:100 benchmarking:0 anchor_ping:1 queue_depth:32 direct:0
[TLS] Connecting to www.sunysuffolk.edu
[TLS] Server time: 1619894109
[TLS] client_random  (32): 5C9F4BF9BBC15BB855F82FAEDC5A52FC3AB2DFA8EC3BA3CE1B270F31FA0CCED2
[TLS] sign_hash (32): 1BD72EB4F1DC1326F3A79316282F6DF7F5D82331A0296C6B0D75695972F0FE0D
[TLS] Written transcript to proofs/MSG_TLS_5C9F4BF9.out, proofs/SIG_TLS_5C9F4BF9.out and proofs/PK_TLS_5C9F4BF9.der
Signature verification succeeds
[TLS] Server time: 1619894109
[TLS] client_random  (32): B8969BAE1563F70941AAC3B240825BE34BE03735FDEAEE90488C4ADAF87F7728
[TLS] sign_hash (32): 06F2B8A72DDFB2D708A34A853C8BD3581A275CDF685E17ED75C6577570755879
[TLS] Written transcript to proofs/MSG_TLS_B8969BAE.out, proofs/SIG_TLS_B8969BAE.out and proofs/PK_TLS_B8969BAE.der
Signature verification succeeds
[TLS] Server time: 1619894109
[TLS] client_random  (32): 00E3C862668F012B754E34C1F0B237DEE341B6240CEBBDC4A4A3EEE2330DC980
[TLS] sign_hash (32): DD7801C1187F17BBB6AD68836F67FD15268DE62C0FF1C0A6A3CD6C0760ACBE67
[TLS] Written transcript to proofs/MSG_TLS_00E3C862.out, proofs/SIG_TLS_00E3C862.out and proofs/PK_TLS_00E3C862.der
Signature verification succeeds
[TLS] Server time: 1619894109
[TLS] client_random  (32): 32739415931AF604CA26A0CB2E9375307116F72D7FE9C8842A315A802E047AD3
[TLS] sign_hash (32): EF41C76755C053C1BDD7DD79E56400E1894A0D0C09DDE4D5BFEF39E333C7A75D
[TLS] Written transcript to proofs/MSG_TLS_32739415.out, proofs/SIG_TLS_32739415.out and proofs/PK_TLS_32739415.der
Signature verification succeeds
[TLS] Server time: 1619894109
[TLS] client_random  (32): C062E0E2F2D7F621E64C243596B1138FD1A6D09A8571EAE37946465C29186BAC
[TLS] sign_hash (32): 63DCD771B4266393D12D1BB0E41EA582E48FD2104DA31012688EEF7F85837EA5
[TLS] Written transcript to proofs/MSG_TLS_C062E0E2.out, proofs/SIG_TLS_C062E0E2.out and proofs/PK_TLS_C062E0E2.der
Signature verification succeeds
[TLS] Server time: 1619894109
[TLS] client_random  (32): 58088F1ED3320F896C13A5687CB9ECD2924C3B2FBC1A90CD010E7A6890508233
[TLS] sign_hash (32): A465E20ED2D2A1EDF7721F4443543B381661F633560F04E7E53B092CFB6FF692
[TLS] Written transcript to proofs/MSG_TLS_58088F1E.out, proofs/SIG_TLS_58088F1E.out and proofs/PK_TLS_58088F1E.der
Signature verification succeeds
[TLS] Server time: 1619894109
[TLS] client_random  (32): CE8772F82C856FE0D5DCD59E49CDDE0CC9ED6B23261C3B66328FEB100F631BEA
[TLS] sign_hash (32): F9655ACF05EE2DCE2E901D5BA2174F8C645AF6B49B4D53B65255B1A906B9C000
[TLS] Written transcript to proofs/MSG_TLS_CE8772F8.out, proofs/SIG_TLS_CE8772F8.out and proofs/PK_TLS_CE8772F8.der
Signature verification succeeds
[TLS] Server time: 1619894109
[TLS] client_random  (32): F9DCBC4BEB4FB29B8570DB1B180CF1AB71C52AA252CEC7D1A5F5E1B6AAF6E403
[TLS] sign_hash (32): 8A51EDBF908DF0642093E177D32E59DF190D65BCAD35FB23A0AC72FC2A84BBF9
[TLS] Written transcript to proofs/MSG_TLS_F9DCBC4B.out, proofs/SIG_TLS_F9DCBC4B.out and proofs/PK_TLS_F9DCBC4B.der
Signature verification succeeds
[TLS] Server time: 1619894109
[TLS] client_random  (32): 7ECE670C2925DD8C53CE95AD674F183BE1F6B95B7AF063B909FB4580C3110507
[TLS] sign_hash (32): A63BE503F35BCA23ED8EF82825C61F4F7C725AF99A1A5180A4C797F71D61921B
[TLS] Written transcript to proofs/MSG_TLS_7ECE670C.out, proofs/SIG_TLS_7ECE670C.out and proofs/PK_TLS_7ECE670C.der
Signature verification succeeds
[TLS] Server time: 1619894109
[TLS] client_random  (32): F07F8D1C39AA0E7732B9847FAA970087764889E3170D2D46717591ADF283D17B
[TLS] sign_hash (32): 4E32DE006627A4E24CC87599230999AD1819356AA0F2D99E68F6B2C6085683C4
[TLS] Written transcript to proofs/MSG_TLS_F07F8D1C.out, proofs/SIG_TLS_F07F8D1C.out and proofs/PK_TLS_F07F8D1C.der
Signature verification succeeds
[TLS] Server time: 1619894109
[TLS] client_random  (32): F35CBCC97B570591453F730355C01CE1C27EB07DDE9B8AD73A8CD4E49E2B99C8
[TLS] sign_hash (32): 3D186733293390070D4ECC955AFD3CDF841F82E442AE3623748C36BA75335AB9
[TLS] Written transcript to proofs/MSG_TLS_F35CBCC9.out, proofs/SIG_TLS_F35CBCC9.out and proofs/PK_TLS_F35CBCC9.der
Signature verification succeeds
[TLS] Server time: 1619894109
[TLS] client_random  (32): 5E04A6730A5F1764F856969BB57F09B10A72C50ACD577ED665A155FDABC4B41E
[TLS] sign_hash (32): 6C925B9BC61AC0611CC84D912BE4D164FE723877252E9A4BCE6A741AE7F66B4B
[TLS] Written transcript to proofs/MSG_TLS_5E04A673.out, proofs/SIG_TLS_5E04A673.out and proofs/PK_TLS_5E04A673.der
Signature verification succeeds
[TLS] Server time: 1619894109
[TLS] client_random  (32): 16A1BF7E40B9DD68A7BF19CBC2FC192EFE01229CF15BADD33C4DB1F349B92478
[TLS] sign_hash (32): 4CCDF5BED172F739D0BFD26776D76FCBDAE2588C4EB9AFB1C3379D3C13DF8722
[TLS] Written transcript to proofs/MSG_TLS_16A1BF7E.out, proofs/SIG_TLS_16A1BF7E.out and proofs/PK_TLS_16A1BF7E.der
Signature verification succeeds
[TLS] Server time: 1619894109
[TLS] client_random  (32): A1342DA24FE64F70495F023DC404F25BD8EF507782B1AE00672435B62ECF38AE
[TLS] sign_hash (32): 002D62B6DA0AB6C6573BB17B10B9896C57543FC40855DDE5FC133E56C3FD0C6A
[TLS] Written transcript to proofs/MSG_TLS_A1342DA2.out, proofs/SIG_TLS_A1342DA2.out and proofs/PK_TLS_A1342DA2.der
Signature verification succeeds
[TLS] Server time: 1619894109
[TLS] client_random  (32): 5EFC4A437A4EC8CCF01980AF92155B15F18E008C3BDF6EBD4675AF16F1ACABBB
[TLS] sign_hash (32): FDBEBBD55B58755A9E107633D469E20D782CA53F685654849BE2705C9777F58C
[TLS] Written transcript to proofs/MSG_TLS_5EFC4A43.out, proofs/SIG_TLS_5EFC4A43.out and proofs/PK_TLS_5EFC4A43.der
Signature verification succeeds
[TLS] Server time: 1619894109
[TLS] client_random  (32): 6D199EBA7C1F739E0050110279E0D88C725CF13915C8D8F969B49370140087E1
[TLS] sign_hash (32): 5067A5E3FFE9579A44B7835740F5FB31989FCF93ED4186938DC212CD62C636DF
[TLS] Written transcript to proofs/MSG_TLS_6D199EBA.out, proofs/SIG_TLS_6D199EBA.out and proofs/PK_TLS_6D199EBA.der
Signature verification succeeds
[TLS] Server time: 1619894109
[TLS] client_random  (32): 9ED3318CDE25AB8EF3537BE70D41B7B7524F4F3AB6780CA38E27BEC5A6C07DA7
[TLS] sign_hash (32): F79B8401E11F8715E11675900FFC3389135FBB32714E91C4608F0B644242B6B1
[TLS] Written transcript to proofs/MSG_TLS_9ED3318C.out, proofs/SIG_TLS_9ED3318C.out and proofs/PK_TLS_9ED3318C.der
Signature verification succeeds
[TLS] Server time: 1619894109
[TLS] client_random  (32): 123A9EA29869909C7131A0D1EB53B5A1DD1DE34917A35CFF2BF28563DC4B690D
[TLS] sign_hash (32): 020796659B7B8D5D9A735CFC0A62672E74AA04423B61595D08DA92096BC55E69
[TLS] Written transcript to proofs/MSG_TLS_123A9EA2.out, proofs/SIG_TLS_123A9EA2.out and proofs/PK_TLS_123A9EA2.der
Signature verification succeeds
[TLS] Server time: 1619894109
[TLS] client_random  (32): 740EB07E7A51029FC2BE2CD265D7FE64257051797368629C125E6B6F1B9B66C7
[TLS] sign_hash (32): A7418F60AF62D74BBCFA5AB02F5002E7508FFDE7A1315C8DD7D28B5F2625C4A6
[TLS] Written transcript to proofs/MSG_TLS_740EB07E.out, proofs/SIG_TLS_740EB07E.out and proofs/PK_TLS_740EB07E.der
Signature verification succeeds
[TLS] Server time: 1619894109
[TLS] client_random  (32): 2F6CE50F1EEEC8CBE6666046DA94DCF46F18AE0BF659590CC4B22F0A997774E7
[TLS] sign_hash (32): DDABEA6A1AAFCF6E7DF7E8EB8EADACB552C8382901F600CFE5AE2F6AF90127FB
[TLS] Written transcript to proofs/MSG_TLS_2F6CE50F.out, proofs/SIG_TLS_2F6CE50F.out and proofs/PK_TLS_2F6CE50F.der
Signature verification succeeds
[TLS] Server time: 1619894109
[TLS] client_random  (32): 85FC72A145FA4CA1D4D3B0A2566239CF2CB21A02E104ED00B2FAF384487109AB
[TLS] sign_hash (32): 7200E66BF59D1F729DF6B2062501FCCA457C793F8F9E7B1F5BE3B96061380A3D
[TLS] Written transcript to proofs/MSG_TLS_85FC72A1.out, proofs/SIG_TLS_85FC72A1.out and proofs/PK_TLS_85FC72A1.der
Signature verification succeeds
[TLS] Server time: 1619894109
[TLS] client_random  (32): 9511B4C43BDE547134A506F759A80C7544BC46B00FC05191EDBF2E16A9E7FF6A
[TLS] sign_hash (32): F59658198860D4B44A3A73D133633AEDC7118B2CE696FC9D7FD14045D4609CFD
[TLS] Written transcript to proofs/MSG_TLS_9511B4C4.out, proofs/SIG_TLS_9511B4C4.out and proofs/PK_TLS_9511B4C4.der
Signature verification succeeds
[TLS] Server time: 1619894109
[TLS] client_random  (32): 64494C453987E53510F7ABB0A2D358D168F17ABE39F07B55D201D42234402D06
[TLS] sign_hash (32): 4A171E79E97235202CFBB56C866F29BF341473BE77FBE624DFB65CAC91749568
[TLS] Written transcript to proofs/MSG_TLS_64494C45.out, proofs/SIG_TLS_64494C45.out and proofs/PK_TLS_64494C45.der
Signature verification succeeds
[TLS] Server time: 1619894109
[TLS] client_random  (32): EA576AC14F10B6B49EF702F3ADB5645C1A647679946E9DE59A80BE15921470F8
[TLS] sign_hash (32): CBDC8E978582DAE06893417E4C89E4E0CE861DBEF41CBDCA5CE6B62165134E11
[TLS] Written transcript to proofs/MSG_TLS_EA576AC1.out, proofs/SIG_TLS_EA576AC1.out and proofs/PK_TLS_EA576AC1.der
Signature verification succeeds
[TLS] Server time: 1619894109
[TLS] client_random  (32): 591B6874D4462322425DD3D54A328854794E0FB6CB640138B119C517D6A6477B
[TLS] sign_hash (32): 0750F062C14E2A88FED577479F2FFFB92D16AC58B4537466C2D9C3A67064B0C7
[TLS] Written transcript to proofs/MSG_TLS_591B6874.out, proofs/SIG_TLS_591B6874.out and proofs/PK_TLS_591B6874.der
Signature verification succeeds
[TLS] Server time: 1619894109
[TLS] client_random  (32): CB7C68F3BC79BBA90F5051F9E15E42CB64B5E4E5FB2CCCCE1531B01DE28EA3CD
[TLS] sign_hash (32): 0268555D9536B5272C189741BE8D2537A0892294F09FE78384CE045096CBC8CC
[TLS] Written transcript to proofs/MSG_TLS_CB7C68F3.out, proofs/SIG_TLS_CB7C68F3.out and proofs/PK_TLS_CB7C68F3.der
Signature verification succeeds
[TLS] Server time: 1619894109
[TLS] client_random  (32): FC5A78567F22005B84174960383536587474EFD1A4A7FFB76B6269FBFEFF6863
[TLS] sign_hash (32): 2044D8275597096816D65419FF797E090A1B885BA6575CFAD162359657BFA68E
[TLS] Written transcript to proofs/MSG_TLS_FC5A7856.out, proofs/SIG_TLS_FC5A7856.out and proofs/PK_TLS_FC5A7856.der
Signature verification succeeds
[TLS] Server time: 1619894109
[TLS] client_random  (32): 12927399E9373940F003E798DC20B55FDFEA9085B76ACB9F9FA8D28419B11391
[TLS] sign_hash (32): 26D3128F9B25094F89C836226280B07291EE6149F66E72DF79F024D9C93D9E9C
[TLS] Written transcript to proofs/MSG_TLS_12927399.out, proofs/SIG_TLS_12927399.out and proofs/PK_TLS_12927399.der
Signature verification succeeds
[TLS] Server time: 1619894109
[TLS] client_random  (32): 96BC49847427CAAEA6169DD7B2F24D4042D96F9BCF5F060A21EF0170344A7247
[TLS] sign_hash (32): 49DC5D9F3ED1B6F4FAD741B45B96D8393C03BE3DB5F8DB838E4E7A299C0BA721
[TLS] Written transcript to proofs/MSG_TLS_96BC4984.out, proofs/SIG_TLS_96BC4984.out and proofs/PK_TLS_96BC4984.der
Signature verification succeeds
[TLS] Server time: 1619894109
[TLS] client_random  (32): 1BA990AF9A9B8730AE7FFB614E39959C00B8B0CD1F8DB7C7F9BBD644F6A8E874
[TLS] sign_hash (32): 19524D96D071A16BE98313C0FA972849013AE0C86FEB669C33F5211B53489AEC
[TLS] Written transcript to proofs/MSG_TLS_1BA990AF.out, proofs/SIG_TLS_1BA990AF.out and proofs/PK_TLS_1BA990AF.der
Signature verification succeeds
[TLS] Server time: 1619894109
[TLS] client_random  (32): 34018C22903CB19311E821395939C9EACE8975BCB43D578F066DCD20DD9D6472
[TLS] sign_hash (32): 17B2251C7A7B9507C1EEFECFE8D7FFF89A06CB2ABC29A6595F48310F07960967
[TLS] Written transcript to proofs/MSG_TLS_34018C22.out, proofs/SIG_TLS_34018C22.out and proofs/PK_TLS_34018C22.der
Signature verification succeeds
[TLS] Server time: 1619894109
[TLS] client_random  (32): C92657E0610BC795D8A00108E7E1CBC3DC38D06962B786873289DA2175EC556B
[TLS] sign_hash (32): A6E90C5C758107CB6AE8B8C92E74DA9D6B542ED53CC825CB989C47E2CE730B7E
[TLS] Written transcript to proofs/MSG_TLS_C92657E0.out, proofs/SIG_TLS_C92657E0.out and proofs/PK_TLS_C92657E0.der
Signature verification succeeds
[TLS] Server time: 1619894109
[TLS] client_random  (32): 0D8B0D098314CF74082139268B1FB1BCE5EB8AA08565790B8A36938571A92CA2
[TLS] sign_hash (32): 8E5D44A39AA1F867CCFBC8427CADCBBF15EE8EDD0009F6E2F0935540DFA55B9D
[TLS] Written transcript to proofs/MSG_TLS_0D8B0D09.out, proofs/SIG_TLS_0D8B0D09.out and proofs/PK_TLS_0D8B0D09.der
Signature verification succeeds
[TLS] Server time: 1619894109
[TLS] client_random  (32): A46A61B30135E732A31B2248972709C90DCDF725341EA0023A6D3F4BC5B62ED1
[TLS] sign_hash (32): D781127CFD90CCA66E23641CD730D0CA0A25084491FEBE590037FBB522FE2E7F
[TLS] Written transcript to proofs/MSG_TLS_A46A61B3.out, proofs/SIG_TLS_A46A61B3.out and proofs/PK_TLS_A46A61B3.der
Signature verification succeeds
[TLS] Server time: 1619894109
[TLS] client_random  (32): 1E69180058B5220338D2ED08114738FA32449E430C9FAC37FDCA1775DD1F6477
[TLS] sign_hash (32): 99EE3C695067D8374D24E0952A8D836ADC3347D5A65416A06527B01ECC75DF90
[TLS] Written transcript to proofs/MSG_TLS_1E691800.out, proofs/SIG_TLS_1E691800.out and proofs/PK_TLS_1E691800.der
Signature verification succeeds
[TLS] Server time: 1619894110
[TLS] client_random  (32): EFDFAA45B6249CC220416C90FF09640EE63DB56FA2F3C0B66E3CFB7C1717AFE8
[TLS] sign_hash (32): 304FC4DB3B160812F8FC28B82646176BCF7E23BFB7A2B2422CC0E9D162D0E878
[TLS] Written transcript to proofs/MSG_TLS_EFDFAA45.out, proofs/SIG_TLS_EFDFAA45.out and proofs/PK_TLS_EFDFAA45.der
Signature verification succeeds
[TLS] Server time: 1619894110
[TLS] client_random  (32): 3052942E54C36055E8DD9B5A89C87AA3B9497344E9411B0EF1C848E8B1F4E11F
[TLS] sign_hash (32): 3373FC03CCDCE0ED9F45AA35FF0241612454AF1F7868337A1D373D2667D4D4C3
[TLS] Written transcript to proofs/MSG_TLS_3052942E.out, proofs/SIG_TLS_3052942E.out and proofs/PK_TLS_3052942E.der
Signature verification succeeds
[TLS] Server time: 1619894110
[TLS] client_random  (32): B8FA452C5828772B436340AAADE25AC269FA26D66134E96AF88313FBAB81A318
[TLS] sign_hash (32): 1C9A1DA7873C82F1CCA2E16B263121F87E0F1648E5FA6B557830AF54BF1B19A9
[TLS] Written transcript to proofs/MSG_TLS_B8FA452C.out, proofs/SIG_TLS_B8FA452C.out and proofs/PK_TLS_B8FA452C.der
Signature verification succeeds
[TLS] Server time: 1619894110
[TLS] client_random  (32): 1692F0D8508820C7C4F5139E7A05F0EC41831E52D5CA858A993B8EF63C554BAD
[TLS] sign_hash (32): A518CFD0A685EFF27C7DC20164BF60DE8A7E1E17ADEA9DC93CFDC589E3003BFB
[TLS] Written transcript to proofs/MSG_TLS_1692F0D8.out, proofs/SIG_TLS_1692F0D8.out and proofs/PK_TLS_1692F0D8.der
Signature verification succeeds
[TLS] Server time: 1619894110
[TLS] client_random  (32): 5A092D68AC922C1E616ED82B68FFE95A4806C1848C56369E9352E97079AFA017
[TLS] sign_hash (32): BBF817A9417EE641D0FEF066FD406759123DCD0C9C46CEC40A5993A5B5FE633F
[TLS] Written transcript to proofs/MSG_TLS_5A092D68.out, proofs/SIG_TLS_5A092D68.out and proofs/PK_TLS_5A092D68.der
Signature verification succeeds
[TLS] Server time: 1619894110
[TLS] client_random  (32): 4C79282783B7EEB271DC32CFFDC585236F7FE3956288A3CB64D8957D21414DE9
[TLS] sign_hash (32): F829920553CDB1D8F7ED552207174A97BD49B6629DAF61B9FDEA412BB1B00383
[TLS] Written transcript to proofs/MSG_TLS_4C792827.out, proofs/SIG_TLS_4C792827.out and proofs/PK_TLS_4C792827.der
Signature verification succeeds
[TLS] Server time: 1619894110
[TLS] client_random  (32): 6689D2DD06070C8238D5C800E1BE7DA4B0331A8CBD8F6C7D0FDCD2A75844FE83
[TLS] sign_hash (32): 0B3B06C4E68BBF6CB270600A013422FEAD60EB0CD1948A0987120987C5ED7902
[TLS] Written transcript to proofs/MSG_TLS_6689D2DD.out, proofs/SIG_TLS_6689D2DD.out and proofs/PK_TLS_6689D2DD.der
Signature verification succeeds
[TLS] Server time: 1619894110
[TLS] client_random  (32): 27EF44B265D464DCA7BB0DFD3DC6AD78BE0697D3BC0F6119712D8AC606ED1C32
[TLS] sign_hash (32): F8A8D8DE09921175E7FB31784B7698BFA160915A67274D18F183E73F4B808C09
[TLS] Written transcript to proofs/MSG_TLS_27EF44B2.out, proofs/SIG_TLS_27EF44B2.out and proofs/PK_TLS_27EF44B2.der
Signature verification succeeds
[TLS] Server time: 1619894110
[TLS] client_random  (32): 9A24B2AD60A507DC521EC3311DEF76B3F308273746E36AEFD423D9702CC52615
[TLS] sign_hash (32): 1E632B0CA4250C6E1B9D27C2240C373FB606121422D65DB21E8612D1A7983895
[TLS] Written transcript to proofs/MSG_TLS_9A24B2AD.out, proofs/SIG_TLS_9A24B2AD.out and proofs/PK_TLS_9A24B2AD.der
Signature verification succeeds
[TLS] Server time: 1619894110
[TLS] client_random  (32): EFDD922C34DDAB043AFBBAA3FD3DF4B197FA6E6D39102BCF84FADC3776980676
[TLS] sign_hash (32): 64C3C3921700AE53CA1BD4FF3FEBB2986FABCACDB0504EEF71BD6DEA9A862A42
[TLS] Written transcript to proofs/MSG_TLS_EFDD922C.out, proofs/SIG_TLS_EFDD922C.out and proofs/PK_TLS_EFDD922C.der
Signature verification succeeds
[TLS] Server time: 1619894110
[TLS] client_random  (32): 0DFBA599DE238539496AEE88D1E185D06858D81A7814ED563D0BF5A17D346840
[TLS] sign_hash (32): 4AFCDA8662D3627B3E38D3C9CEB841333E139D4D9974C2BF2B717B8BE071AA80
[TLS] Written transcript to proofs/MSG_TLS_0DFBA599.out, proofs/SIG_TLS_0DFBA599.out and proofs/PK_TLS_0DFBA599.der
Signature verification succeeds
[TLS] Server time: 1619894110
[TLS] client_random  (32): FD97664EDA16DAED8F63465F3479498275916361276DB7E4BFF8D334CDC73CF7
[TLS] sign_hash (32): FBE647EA8B5094CDF83A5B650723F6F8655546C57AB0F99604AE095EB64A0817
[TLS] Written transcript to proofs/MSG_TLS_FD97664E.out, proofs/SIG_TLS_FD97664E.out and proofs/PK_TLS_FD97664E.der
Signature verification succeeds
[TLS] Server time: 1619894110
[TLS] client_random  (32): 8CD4CE19E529565A73F7C578E801E3733467462388EE2DDAF948EF3673FA7E8C
[TLS] sign_hash (32): B576A1B5FFA87AD879444F22A643532BF9D50598AA022F3A8AB6EAB9C3139846
[TLS] Written transcript to proofs/MSG_TLS_8CD4CE19.out, proofs/SIG_TLS_8CD4CE19.out and proofs/PK_TLS_8CD4CE19.der
Signature verification succeeds
[TLS] Server time: 1619894110
[TLS] client_random  (32): 7793178DE449F963396D107C10541731CFA6784D08E4EB9077AFC8C3F2E39334
[TLS] sign_hash (32): 13109CA97F4FE1D7F982DDCF71BBDCAD3B4BA81135D8F1A40A11B77636A9A799
[TLS] Written transcript to proofs/MSG_TLS_7793178D.out, proofs/SIG_TLS_7793178D.out and proofs/PK_TLS_7793178D.der
Signature verification succeeds
[TLS] Server time: 1619894110
[TLS] client_random  (32): 0AEDBBD91DC497F804E25AACF23FC4AAB4707BF65F60A5A2326F73DE03E41FE2
[TLS] sign_hash (32): A7E6D69B49E0BF6EE12A0401ED71F0C2901696D3B804A6963AEFD73DDC6F3ABB
[TLS] Written transcript to proofs/MSG_TLS_0AEDBBD9.out, proofs/SIG_TLS_0AEDBBD9.out and proofs/PK_TLS_0AEDBBD9.der
Signature verification succeeds
[TLS] Server time: 1619894110
[TLS] client_random  (32): 7B85885C32F44B09146BD3E1252A4B2BE1619220E12E4392077979150FF6549E
[TLS] sign_hash (32): 2683EB499936D69D75E5363F9128CFEADE07A08C1EF3F36BC1F5CCC2C9EC7935
[TLS] Written transcript to proofs/MSG_TLS_7B85885C.out, proofs/SIG_TLS_7B85885C.out and proofs/PK_TLS_7B85885C.der
Signature verification succeeds
[TLS] Server time: 1619894110
[TLS] client_random  (32): DEA4ACF1CDBC7A5B516E8CC179B8AFBB9C570D4574047986C5C510674FFFC7AF
[TLS] sign_hash (32): 1F39FBAEAF9E0E14FD1748662FD5EACE949E243279314EE15348CD056346F6EC
[TLS] Written transcript to proofs/MSG_TLS_DEA4ACF1.out, proofs/SIG_TLS_DEA4ACF1.out and proofs/PK_TLS_DEA4ACF1.der
Signature verification succeeds
[TLS] Server time: 1619894110
[TLS] client_random  (32): C19BDA69D27E0C9E8F9CDA2E85DC76AD14ABA6CB3859E3FC945CE8751AA1D171
[TLS] sign_hash (32): 32B8187B46E3B6F1068787E66F7FF240F9E8262182B36C35E95AB1E4075F2F3F
[TLS] Written transcript to proofs/MSG_TLS_C19BDA69.out, proofs/SIG_TLS_C19BDA69.out and proofs/PK_TLS_C19BDA69.der
Signature verification succeeds
[TLS] Server time: 1619894110
[TLS] client_random  (32): 7AF49230BBBCCC07FF026C67B86415BD4FE65D49301182A9805BA7ADD64B39F8
[TLS] sign_hash (32): 25C3A31E0CC0F17398511D0B56AB44292968419DB0554915EBB825CDA625DCBC
[TLS] Written transcript to proofs/MSG_TLS_7AF49230.out, proofs/SIG_TLS_7AF49230.out and proofs/PK_TLS_7AF49230.der
Signature verification succeeds
[TLS] Server time: 1619894110
[TLS] client_random  (32): 61382BC91C5952A77E2A9127505ED132B3D1948083765C51366B746CC2BE8C53
[TLS] sign_hash (32): C3ABFC24A2E07FB3761AF6C3E95D06A92A23D36824CC33FE2CE49EA2FD964C7E
[TLS] Written transcript to proofs/MSG_TLS_61382BC9.out, proofs/SIG_TLS_61382BC9.out and proofs/PK_TLS_61382BC9.der
Signature verification succeeds
[TLS] Server time: 1619894110
[TLS] client_random  (32): AFFA2152C503484DB7737512C05199F9A61731C247E1987742C6E9DE79D5E55D
[TLS] sign_hash (32): 2D2C68F59BC5E1B438047FBD031251EB0492E7514FACD631D6607292718A394D
[TLS] Written transcript to proofs/MSG_TLS_AFFA2152.out, proofs/SIG_TLS_AFFA2152.out and proofs/PK_TLS_AFFA2152.der
Signature verification succeeds
[TLS] Server time: 1619894110
[TLS] client_random  (32): D0C39A88ED7E83BDBBB45E1CC871D49339123FF45D32FBCBB411B2DEAE7B6B59
[TLS] sign_hash (32): 0213DA933C3AF13A7A0D9C8C0F4994844AB94E84CAA68ECC9E7A074B787A503A
[TLS] Written transcript to proofs/MSG_TLS_D0C39A88.out, proofs/SIG_TLS_D0C39A88.out and proofs/PK_TLS_D0C39A88.der
Signature verification succeeds
[TLS] Server time: 1619894110
[TLS] client_random  (32): 131F6E35CF05FB9CD2BF813950F78BB767D10528CC041512C7D1BDFEA3FB65B2
[TLS] sign_hash (32): 2C52C7F95A8C9207FD3637CE92E0BC9FFF3BED62D8A5F867C769374967260BAF
[TLS] Written transcript to proofs/MSG_TLS_131F6E35.out, proofs/SIG_TLS_131F6E35.out and proofs/PK_TLS_131F6E35.der
Signature verification succeeds
[TLS] Server time: 1619894110
[TLS] client_random  (32): 2DA31DA2B06DC62054BFC774C1922B134C8F8EE52EDF8A8BFB0A8840EF03393D
[TLS] sign_hash (32): 202E55D9E4503440B2949EDF368EF81AEBFACD6114F42D89E49FB7F3C3E9C7EA
[TLS] Written transcript to proofs/MSG_TLS_2DA31DA2.out, proofs/SIG_TLS_2DA31DA2.out and proofs/PK_TLS_2DA31DA2.der
Signature verification succeeds
[TLS] Server time: 1619894110
[TLS] client_random  (32): 8B18BD8B31C32793AEBD657BC2656FBECAFEFA40310CED3E9A66F8DB8ED666F1
[TLS] sign_hash (32): D01BF7E56E5BE83FF08A1331F5B181D6E4BD7256A42300DB3B21904D371E40D7
[TLS] Written transcript to proofs/MSG_TLS_8B18BD8B.out, proofs/SIG_TLS_8B18BD8B.out and proofs/PK_TLS_8B18BD8B.der
Signature verification succeeds
[TLS] Server time: 1619894110
[TLS] client_random  (32): DDFB9757CFE8DFA640825C92DC74BD4166DB5F610803AA2E174B9A560662643C
[TLS] sign_hash (32): FAFAA0EEB783F60BB8CD031737CA0F66B135D27405F4B01A2AA3B7C34FC6693C
[TLS] Written transcript to proofs/MSG_TLS_DDFB9757.out, proofs/SIG_TLS_DDFB9757.out and proofs/PK_TLS_DDFB9757.der
Signature verification succeeds
[TLS] Server time: 1619894110
[TLS] client_random  (32): 881F87CA62CDE22AE5F5114C5454F9B901D3B32F5EDDF52BE592AD4CA86B76FD
[TLS] sign_hash (32): 506FF151AF71CCF3B800E76349A21331AEA5E8E7E5BE0D1AD7073AE0084D587C
[TLS] Written transcript to proofs/MSG_TLS_881F87CA.out, proofs/SIG_TLS_881F87CA.out and proofs/PK_TLS_881F87CA.der
Signature verification succeeds
[TLS] Server time: 1619894110
[TLS] client_random  (32): DADDFB50FAF45C4E8380AE23BA842B08A2AEDAACB7766FD3365DF664756E63E2
[TLS] sign_hash (32): 9B9F148B001ECB105ECD5899D65843B48C43721FAADCC8CF5EAD989884740F69
[TLS] Written transcript to proofs/MSG_TLS_DADDFB50.out, proofs/SIG_TLS_DADDFB50.out and proofs/PK_TLS_DADDFB50.der
Signature verification succeeds
[TLS] Server time: 1619894110
[TLS] client_random  (32): 1078A5479BE6C8A1A69D7EA14C0F6BDC91CA93AB5C26D7E6C4EFBC9053050BB6
[TLS] sign_hash (32): 184A43D08B1245634DE15198F92DAC02B6F36975754055EFACD44398DD4AD19D
[TLS] Written transcript to proofs/MSG_TLS_1078A547.out, proofs/SIG_TLS_1078A547.out and proofs/PK_TLS_1078A547.der
Signature verification succeeds
[TLS] Server time: 1619894110
[TLS] client_random  (32): 332A577A77C1B83B0606094CED6C2840E6CBC34D990BE96EF835CD7F89C9DBF9
[TLS] sign_hash (32): 513A95588055C9B89DEB2E60C4D4611D586A7BCE45F5272A514224215227882B
[TLS] Written transcript to proofs/MSG_TLS_332A577A.out, proofs/SIG_TLS_332A577A.out and proofs/PK_TLS_332A577A.der
Signature verification succeeds
[TLS] Server time: 1619894110
[TLS] client_random  (32): E3A98C5349AFE8348A6B3D0F319693A87C113F4E7312055C5BAEED1907237017
[TLS] sign_hash (32): 28CFD7BE79358B0B4D154441648B784AEDEC2B283CF361A437BDD04A34366074
[TLS] Written transcript to proofs/MSG_TLS_E3A98C53.out, proofs/SIG_TLS_E3A98C53.out and proofs/PK_TLS_E3A98C53.der
Signature verification succeeds
[TLS] Server time: 1619894110
[TLS] client_random  (32): 33BAF9D5DAF5C8CB657452D87DD2D8179941637435FBE99370B8A655223349EA
[TLS] sign_hash (32): F26449ABE065074DFDCFABB2DF296EFCDF0B4D3505C90A25312C4078168F8F79
[TLS] Written transcript to proofs/MSG_TLS_33BAF9D5.out, proofs/SIG_TLS_33BAF9D5.out and proofs/PK_TLS_33BAF9D5.der
Signature verification succeeds
[TLS] Server time: 1619894110
[TLS] client_random  (32): A355BBAE6D8581E12F39B6D451576FB3B4FBD0719E244260C710A752DF3203F0
[TLS] sign_hash (32): A61AE7A6E680DD4198C23997159AC699D82CE5754A10A831E20C74471AAC5F1C
[TLS] Written transcript to proofs/MSG_TLS_A355BBAE.out, proofs/SIG_TLS_A355BBAE.out and proofs/PK_TLS_A355BBAE.der
Signature verification succeeds
[TLS] Server time: 1619894110
[TLS] client_random  (32): 329C3D4A9D68C276EB2325E01573868228141FA7E371752F1C8B2298F9FC0202
[TLS] sign_hash (32): E87C488D81C8C9774B57B1107E885F5ECEFBBAA06E2A7B6F0EC542599366B8E5
[TLS] Written transcript to proofs/MSG_TLS_329C3D4A.out, proofs/SIG_TLS_329C3D4A.out and proofs/PK_TLS_329C3D4A.der
Signature verification succeeds
[TLS] Server time: 1619894110
[TLS] client_random  (32): 9EFBE2A7E584E5ABABD0359C050357E6A508FABD69EDA22F4F304311754C26E2
[TLS] sign_hash (32): CD0B67B1A0CECD8F3EA7D0B1622B951F4060B7B054F3813592B68DAEB83A9C22
[TLS] Written transcript to proofs/MSG_TLS_9EFBE2A7.out, proofs/SIG_TLS_9EFBE2A7.out and proofs/PK_TLS_9EFBE2A7.der
Signature verification succeeds
[TLS] Server time: 1619894110
[TLS] client_random  (32): 695B6ACC2A4709F64887C0A2B8422E4B844F120F2157C5B28DEC7F75DEA463FF
[TLS] sign_hash (32): 6441951E0831D06BEA830F8C5EBC7165E4C7097D258D1E7A0FD107AEBEA834D4
[TLS] Written transcript to proofs/MSG_TLS_695B6ACC.out, proofs/SIG_TLS_695B6ACC.out and proofs/PK_TLS_695B6ACC.der
Signature verification succeeds
[TLS] Server time: 1619894110
[TLS] client_random  (32): BCBBA6F52D1AB9F4BB1834568E7ABF94E449F2A236051BCD89506541F300D974
[TLS] sign_hash (32): 9A1A032C59E723252812A50CE0FC29D08E90E4725A7F5832C4676B972303F981
[TLS] Written transcript to proofs/MSG_TLS_BCBBA6F5.out, proofs/SIG_TLS_BCBBA6F5.out and proofs/PK_TLS_BCBBA6F5.der
Signature verification succeeds
Time breakdown (averages): anchor_ping:14.693511 file_read:0.132478 hashing:0.470655
Total time for 71 rounds is 1100.758536ms
Standard deviations: anchor_ping:6.832068 file_read:0.017317 hashing:0.005637
[Client-side ops] mean:0.603133 sd:0.018044
in & out anchor rand written to proofs/phase1.out
     35 [TLS] Server time: 1619894109
     37 [TLS] Server time: 1619894110
Count is 35
Count is 37
success: 1
RESULT: 1 in 2 tries
