TLS anchor: gold.ac.uk
Actual: 55, Set: 113
Beginning execution at Sun May 2 15:40:01 UTC 2021
CONF: anchor:gold.ac.uk fs:1024MB n_rounds:113 seed:5c9f4bf9bbc15bb855f82faedc5a52fc3ab2dfa8ec3ba3ce1b270f31fa0cced2 filename:FILE bs:1024 nops:100 benchmarking:0 anchor_ping:1 queue_depth:32 direct:0
[TLS] Connecting to gold.ac.uk
[TLS] Server time: 1619970002
[TLS] client_random  (32): 5C9F4BF9BBC15BB855F82FAEDC5A52FC3AB2DFA8EC3BA3CE1B270F31FA0CCED2
[TLS] sign_hash (32): 83FD280411799FBFEE7C2EA987438D7B3B2D292493659CE1D21D765DBF713896
[TLS] Written transcript to proofs/MSG_TLS_5C9F4BF9.out, proofs/SIG_TLS_5C9F4BF9.out and proofs/PK_TLS_5C9F4BF9.der
Signature verification succeeds
[TLS] Server time: 1619970002
[TLS] client_random  (32): 40D2416804C5BDE228CDB3FD2CF2F725CC1B8A083AFB47F8B1D4D62B991BFB05
[TLS] sign_hash (32): F640CFCA8EE744FFB14775F4235896AE973C50E0F29F3A6BEAC70B9CD654EF77
[TLS] Written transcript to proofs/MSG_TLS_40D24168.out, proofs/SIG_TLS_40D24168.out and proofs/PK_TLS_40D24168.der
Signature verification succeeds
[TLS] Server time: 1619970002
[TLS] client_random  (32): 5502C4056161D85E67A93D1EDC4767FAB237D40EE14A342C14D1D35F88E613B1
[TLS] sign_hash (32): BC38CE43B6B0F533BE4592D0479171352F4A5FEAE0E6D00CC666014F95788524
[TLS] Written transcript to proofs/MSG_TLS_5502C405.out, proofs/SIG_TLS_5502C405.out and proofs/PK_TLS_5502C405.der
Signature verification succeeds
[TLS] Server time: 1619970002
[TLS] client_random  (32): 9AD4438CFF37A2ECD006F23DC552432ADFB2D1F1B165BC17249EC2F58593A55A
[TLS] sign_hash (32): 0BCF10624066D3355996383E45BDD19054786A20D868835AF9E1D302CF830D06
[TLS] Written transcript to proofs/MSG_TLS_9AD4438C.out, proofs/SIG_TLS_9AD4438C.out and proofs/PK_TLS_9AD4438C.der
Signature verification succeeds
[TLS] Server time: 1619970002
[TLS] client_random  (32): CA10E12B889B9FB394D25FB2B42A7EECBAD4E5A874017A3FFE17CD00027AA07F
[TLS] sign_hash (32): 0BB64748FEF114F6CC6C1E276CF26C62F3C65F9F50ACB98F1019818958709194
[TLS] Written transcript to proofs/MSG_TLS_CA10E12B.out, proofs/SIG_TLS_CA10E12B.out and proofs/PK_TLS_CA10E12B.der
Signature verification succeeds
[TLS] Server time: 1619970002
[TLS] client_random  (32): 6FB46359B40DB7F5B7A3E4DAC8578A2CE1E700E95C4789723A6F36CFD1DD2133
[TLS] sign_hash (32): B256F1A5F509FBAC557FEC47D854F2C73E4E4EE7E023376E83CBB3F7443F2DF1
[TLS] Written transcript to proofs/MSG_TLS_6FB46359.out, proofs/SIG_TLS_6FB46359.out and proofs/PK_TLS_6FB46359.der
Signature verification succeeds
[TLS] Server time: 1619970002
[TLS] client_random  (32): A90E8210B13D1600BD56687AAC62115281357650CEBB34C3375A4AA0BE6C671F
[TLS] sign_hash (32): FF5481FF9EFE2EAE1AE84338A3B925C4258689B15C5C2059B552D62C06A01F46
[TLS] Written transcript to proofs/MSG_TLS_A90E8210.out, proofs/SIG_TLS_A90E8210.out and proofs/PK_TLS_A90E8210.der
Signature verification succeeds
[TLS] Server time: 1619970002
[TLS] client_random  (32): 59EF62157963C0D4B0C1512C3D171334EBCCE4E8B75487E1F8127D2C585E1699
[TLS] sign_hash (32): AEFD7726869DC1B4BAF55D9616979C0D7C1CCA7D8592272DDE81BA9BE95FF992
[TLS] Written transcript to proofs/MSG_TLS_59EF6215.out, proofs/SIG_TLS_59EF6215.out and proofs/PK_TLS_59EF6215.der
Signature verification succeeds
[TLS] Server time: 1619970002
[TLS] client_random  (32): 2D6B93BA5F8D48EF339DAB1C5E394711EE51418B962F32B3451C32AB47860178
[TLS] sign_hash (32): 12CC7479C15FE1A49F84BF512652FA09C2D18B491F79B400239A9F0576E5EDE4
[TLS] Written transcript to proofs/MSG_TLS_2D6B93BA.out, proofs/SIG_TLS_2D6B93BA.out and proofs/PK_TLS_2D6B93BA.der
Signature verification succeeds
[TLS] Server time: 1619970002
[TLS] client_random  (32): B300BF7B596196637B53B664B5EDDA5E95B8D987D6829D1ABDCF0D6F4F90DA8D
[TLS] sign_hash (32): 1FAF31E41263ABF8CD43C5C6EB19E42F00E58EF9BB5CE89A037C93D827306C9B
[TLS] Written transcript to proofs/MSG_TLS_B300BF7B.out, proofs/SIG_TLS_B300BF7B.out and proofs/PK_TLS_B300BF7B.der
Signature verification succeeds
[TLS] Server time: 1619970002
[TLS] client_random  (32): FE892B604D8DD35DC3AC92B2321D0D252871F6813A1137BC8C7ED52D60259F0D
[TLS] sign_hash (32): D5EB4A4CB0115BFA57E35BC28DF34FDC3C0EF4626D53D6B914B8D629013176D5
[TLS] Written transcript to proofs/MSG_TLS_FE892B60.out, proofs/SIG_TLS_FE892B60.out and proofs/PK_TLS_FE892B60.der
Signature verification succeeds
[TLS] Server time: 1619970003
[TLS] client_random  (32): ED47FC4A8CED26E57CDFC5A0518B7E4E2B893AB2AD8DDD483C0A6B9CCD520E36
[TLS] sign_hash (32): A2FAC8872ED0007A9D4DBBFC22253671FB61FD32FC7686E355192CCB2B0672B7
[TLS] Written transcript to proofs/MSG_TLS_ED47FC4A.out, proofs/SIG_TLS_ED47FC4A.out and proofs/PK_TLS_ED47FC4A.der
Signature verification succeeds
[TLS] Server time: 1619970004
[TLS] client_random  (32): F2621B8DEE5192B1C4B6FE8067EBD1C70283ACAF71940571D0FBCE761BA4ACFC
[TLS] sign_hash (32): 011D7A4FFB6D30EC8A598CBDF7156AD0FA10AC5816B0529C4EBF8DC03520D516
[TLS] Written transcript to proofs/MSG_TLS_F2621B8D.out, proofs/SIG_TLS_F2621B8D.out and proofs/PK_TLS_F2621B8D.der
Signature verification succeeds
[TLS] Server time: 1619970005
[TLS] client_random  (32): A4EF9D91D3A39FB1296B6286FF9BC2E21C5959A7D011129609BE81F282FE249A
[TLS] sign_hash (32): 81E9C9679AE6328D94346EFA395BEE667E82E190CD9C9499972160B823EEE2EA
[TLS] Written transcript to proofs/MSG_TLS_A4EF9D91.out, proofs/SIG_TLS_A4EF9D91.out and proofs/PK_TLS_A4EF9D91.der
Signature verification succeeds
[TLS] Server time: 1619970005
[TLS] client_random  (32): 3E106D00D903BA49E726B02DC7E6F1F9E7C82F8187C16914E7089C30DE197864
[TLS] sign_hash (32): D5B6A24EC25230CE964608FF3C6F6310B7E11C2BBAFE7A05CD3084071912690D
[TLS] Written transcript to proofs/MSG_TLS_3E106D00.out, proofs/SIG_TLS_3E106D00.out and proofs/PK_TLS_3E106D00.der
Signature verification succeeds
[TLS] Server time: 1619970005
[TLS] client_random  (32): 0EEEC2B5441D7F6425750444D65631D6731CDFB0750C3CE2E8AF3419F9B68A77
[TLS] sign_hash (32): 3FB9243C2F8BA1F89AB42CC3BE1FF60DFE92D82F77D6989248CB09D7E7C179D5
[TLS] Written transcript to proofs/MSG_TLS_0EEEC2B5.out, proofs/SIG_TLS_0EEEC2B5.out and proofs/PK_TLS_0EEEC2B5.der
Signature verification succeeds
[TLS] Server time: 1619970005
[TLS] client_random  (32): F149FE780A61CF8A4C81B96842A604B62C8BBE11AEBAFAD1F017EEB5190F58B1
[TLS] sign_hash (32): EFB1730A168115DE85C2D0203ABAC8B1B9D631572B228AA676A697DEEE4E60B7
[TLS] Written transcript to proofs/MSG_TLS_F149FE78.out, proofs/SIG_TLS_F149FE78.out and proofs/PK_TLS_F149FE78.der
Signature verification succeeds
[TLS] Server time: 1619970005
[TLS] client_random  (32): 05A89489CC3BF857FF4F39E49EAA1EC045DBAE7C14A333518EBD132F2E0C8ECC
[TLS] sign_hash (32): E8235CC64F10CD12C26BDE2378B6FA9C80BCA4CC2CB593F8D13E1BFFE6AEDACF
[TLS] Written transcript to proofs/MSG_TLS_05A89489.out, proofs/SIG_TLS_05A89489.out and proofs/PK_TLS_05A89489.der
Signature verification succeeds
[TLS] Server time: 1619970006
[TLS] client_random  (32): E88FB4F634C49A1A85FF14ED4F82E2368AC775321BD128D1CFDD29C45C82C949
[TLS] sign_hash (32): 7CD330C9E59318DEAF5E491E28D1580F02A2C4B441270A9BA32F5862DEFCFE35
[TLS] Written transcript to proofs/MSG_TLS_E88FB4F6.out, proofs/SIG_TLS_E88FB4F6.out and proofs/PK_TLS_E88FB4F6.der
Signature verification succeeds
[TLS] Server time: 1619970006
[TLS] client_random  (32): 1F57EE2AE8281E985646B879F9C1FD31CBD18D9709EF0D9F410052C7297F1F6C
[TLS] sign_hash (32): CF18FA307131A4E50B099F8E30232147A924C9D8711BF5D5A76D7D15C9394F87
[TLS] Written transcript to proofs/MSG_TLS_1F57EE2A.out, proofs/SIG_TLS_1F57EE2A.out and proofs/PK_TLS_1F57EE2A.der
Signature verification succeeds
[TLS] Server time: 1619970006
[TLS] client_random  (32): 4151467AE28079D405B7C8D0399A8046578DEBDCF46988B5CD2E2E4484A60A28
[TLS] sign_hash (32): A3C675926E56917B7D08314D289717231B581832494C4CCEB0C452A54ECAF5D8
[TLS] Written transcript to proofs/MSG_TLS_4151467A.out, proofs/SIG_TLS_4151467A.out and proofs/PK_TLS_4151467A.der
Signature verification succeeds
[TLS] Server time: 1619970006
[TLS] client_random  (32): 297837BF7B2FC33C5EB57BDC16521D34BD13DFC9360BA01DFC4ECDE2F9609662
[TLS] sign_hash (32): 9CFAABEED0A340CD71DAA445A40BB4873E0A2CF8666DF4F91F2E6D9B352DBF14
[TLS] Written transcript to proofs/MSG_TLS_297837BF.out, proofs/SIG_TLS_297837BF.out and proofs/PK_TLS_297837BF.der
Signature verification succeeds
[TLS] Server time: 1619970006
[TLS] client_random  (32): 150A76FAEA0F41E488D7EA170491A1F75D6601E0E6B24153AECB10FC432782A9
[TLS] sign_hash (32): 1D6C98A50D6F9981747B5187BB51E0875BDDF6EC6C164FA648611F05B020E1E4
[TLS] Written transcript to proofs/MSG_TLS_150A76FA.out, proofs/SIG_TLS_150A76FA.out and proofs/PK_TLS_150A76FA.der
Signature verification succeeds
[TLS] Server time: 1619970006
[TLS] client_random  (32): DB002BAB0AA7366CC118E590C0B7809F5F45D865628D0340DD6F25FE6C4D5D0B
[TLS] sign_hash (32): 8393421DE3411BAA36BAF270C4AA5055F5811FC771C4C527A1FD50C77A0E623A
[TLS] Written transcript to proofs/MSG_TLS_DB002BAB.out, proofs/SIG_TLS_DB002BAB.out and proofs/PK_TLS_DB002BAB.der
Signature verification succeeds
[TLS] Server time: 1619970006
[TLS] client_random  (32): 4F3B719139768DF37FF4655FB43688A3460908A28CC795D317F5BBA82B345CFB
[TLS] sign_hash (32): E1C8612ADE1F206D25884A5F62D273C942C644C762C3B3C3BDC7E4A58DB40CE3
[TLS] Written transcript to proofs/MSG_TLS_4F3B7191.out, proofs/SIG_TLS_4F3B7191.out and proofs/PK_TLS_4F3B7191.der
Signature verification succeeds
[TLS] Server time: 1619970006
[TLS] client_random  (32): C5544A6459C606E96B0F861F255D3A3F4C810E7291B07430732E66A1CA4C5E97
[TLS] sign_hash (32): B3D94579FC1348F75A28E22FDC74168D3EAA7D9572EAC3AD56E437ADCC01817E
[TLS] Written transcript to proofs/MSG_TLS_C5544A64.out, proofs/SIG_TLS_C5544A64.out and proofs/PK_TLS_C5544A64.der
Signature verification succeeds
[TLS] Server time: 1619970007
[TLS] client_random  (32): AFBA47A725DB17C5C5C17DB72B1B00B258CB16AA9419C8DD17B73075BD1EE810
[TLS] sign_hash (32): B7574DB075FE1F1C50A1E70F3A8489133034EC0E192F371920266AD5C324D815
[TLS] Written transcript to proofs/MSG_TLS_AFBA47A7.out, proofs/SIG_TLS_AFBA47A7.out and proofs/PK_TLS_AFBA47A7.der
Signature verification succeeds
[TLS] Server time: 1619970007
[TLS] client_random  (32): F8A3D7D459FB8BA92F810F7959A9D16CE7B835E934DFEC8AA6B75EE9E13672EC
[TLS] sign_hash (32): 8D0704F29DD7599A4A0F706759421030A7B1D59324E2C3A714C155C3BBE2C95F
[TLS] Written transcript to proofs/MSG_TLS_F8A3D7D4.out, proofs/SIG_TLS_F8A3D7D4.out and proofs/PK_TLS_F8A3D7D4.der
Signature verification succeeds
[TLS] Server time: 1619970007
[TLS] client_random  (32): D74C1C3868E7749791AF5E134ACAC21901B65FDD4A4AFC02032FF5A820DBD505
[TLS] sign_hash (32): 534BFD77F29B32E150DA0D35DE0993615FD0D4FA9D26EFF8206BFF1F5C482108
[TLS] Written transcript to proofs/MSG_TLS_D74C1C38.out, proofs/SIG_TLS_D74C1C38.out and proofs/PK_TLS_D74C1C38.der
Signature verification succeeds
[TLS] Server time: 1619970007
[TLS] client_random  (32): 4C46119200D3D78B0DAB4AECA96F3CC2132B9D95BA0B9CC6315928C6287CB05F
[TLS] sign_hash (32): DA6A26FA163D6389B418A41969D4F9C5D52A1C6384F91BE4054B99A895D4CC81
[TLS] Written transcript to proofs/MSG_TLS_4C461192.out, proofs/SIG_TLS_4C461192.out and proofs/PK_TLS_4C461192.der
Signature verification succeeds
[TLS] Server time: 1619970007
[TLS] client_random  (32): 0A317BD777005CFA8ECAD78597D66143F879356BDB23F865BA39A6939972C0A7
[TLS] sign_hash (32): 8CB018643803897231A0FC5FA6C9F72F8E0C5F5F682F299B45F70FD2647F8067
[TLS] Written transcript to proofs/MSG_TLS_0A317BD7.out, proofs/SIG_TLS_0A317BD7.out and proofs/PK_TLS_0A317BD7.der
Signature verification succeeds
[TLS] Server time: 1619970007
[TLS] client_random  (32): CCA03FC3466C59386FCE6A9B5059A2EF07B29CF4DBFF879940040DF1E8F385C0
[TLS] sign_hash (32): 0E0E47BD967FB9EC3F75CFAB6169F8C034C441D81102DC241061432C292C17EE
[TLS] Written transcript to proofs/MSG_TLS_CCA03FC3.out, proofs/SIG_TLS_CCA03FC3.out and proofs/PK_TLS_CCA03FC3.der
Signature verification succeeds
[TLS] Server time: 1619970007
[TLS] client_random  (32): 92274D057DE87E17812BD057FD7D83980CC4A4FC8039D40615FF030B87549C89
[TLS] sign_hash (32): 0954DF366A6175E668809AC38A999EC98FCF46E2BA4B275E455E0AA5D3CA520F
[TLS] Written transcript to proofs/MSG_TLS_92274D05.out, proofs/SIG_TLS_92274D05.out and proofs/PK_TLS_92274D05.der
Signature verification succeeds
[TLS] Server time: 1619970007
[TLS] client_random  (32): F601FB83BF2731902B54BC48C0463E7C8E6EDFC02DAE818880FCB28C550AD78C
[TLS] sign_hash (32): 8C8D25AAC88B06E9A110B1A7220D3446B70FC04938A54B8AFA8CF2135426110E
[TLS] Written transcript to proofs/MSG_TLS_F601FB83.out, proofs/SIG_TLS_F601FB83.out and proofs/PK_TLS_F601FB83.der
Signature verification succeeds
[TLS] Server time: 1619970007
[TLS] client_random  (32): 8B219D85ED244957E2284EFCFE94876467FD550A5C8C5D9A1D3EC7E2E4D610BF
[TLS] sign_hash (32): B291A3C01181A0B0CB255B7BAF32A224ECB34171CB3C238FF0A9B4E2A32B9630
[TLS] Written transcript to proofs/MSG_TLS_8B219D85.out, proofs/SIG_TLS_8B219D85.out and proofs/PK_TLS_8B219D85.der
Signature verification succeeds
[TLS] Server time: 1619970007
[TLS] client_random  (32): 13272309E1793581AB3BDA83A66089B650EB47BFF236409E2B11E7DDEFF93647
[TLS] sign_hash (32): 3F93F9DEF6913DFBE006274D76B024EB7E269686A14906A77A6DDE3B932BCAC5
[TLS] Written transcript to proofs/MSG_TLS_13272309.out, proofs/SIG_TLS_13272309.out and proofs/PK_TLS_13272309.der
Signature verification succeeds
[TLS] Server time: 1619970007
[TLS] client_random  (32): EFE9895617132F08B947371BA70B0D7089E1FF869C0E0D5A42AB8E51E458BB07
[TLS] sign_hash (32): 955746B392336835F1CEDCEAFD90C2821A235E01B1E555C401C3DB1CE88FA56F
[TLS] Written transcript to proofs/MSG_TLS_EFE98956.out, proofs/SIG_TLS_EFE98956.out and proofs/PK_TLS_EFE98956.der
Signature verification succeeds
[TLS] Server time: 1619970007
[TLS] client_random  (32): 03F540AA1C836FF2C39C1439A5BBF4C862E9C6F6EBBC9DF1BA7DE9907C30AEDC
[TLS] sign_hash (32): 9082DE010CE5E1D66FCC55D8EEEF22DA7F8DA20075663BAFC10D7ED2685418D6
[TLS] Written transcript to proofs/MSG_TLS_03F540AA.out, proofs/SIG_TLS_03F540AA.out and proofs/PK_TLS_03F540AA.der
Signature verification succeeds
[TLS] Server time: 1619970007
[TLS] client_random  (32): DC7FC4E93CD020BAAB986263A23F9464EFB38C1D1A6F60036D97EF3F03FAFCDF
[TLS] sign_hash (32): 098A2C4E81E3A2EFE8DF35376D83F5EAC01D1AA22927523F895D302D9E176D99
[TLS] Written transcript to proofs/MSG_TLS_DC7FC4E9.out, proofs/SIG_TLS_DC7FC4E9.out and proofs/PK_TLS_DC7FC4E9.der
Signature verification succeeds
[TLS] Server time: 1619970007
[TLS] client_random  (32): 522493CF8E147415009BF6F1B0A2628340ED8C99AE84F3DA1D9E3EA3DF00AF61
[TLS] sign_hash (32): BE4A92C0BAC5F138BDC913A3F2F719AE6B1F0C046790A75D49929F4F53ACF606
[TLS] Written transcript to proofs/MSG_TLS_522493CF.out, proofs/SIG_TLS_522493CF.out and proofs/PK_TLS_522493CF.der
Signature verification succeeds
[TLS] Server time: 1619970007
[TLS] client_random  (32): CB91E422D78574DB38E64F7F10DDB9C83C759418D33D956F6DCB4C2CA00ED874
[TLS] sign_hash (32): 1C3EB129075A98D7D05C5B74085B75255751E2D963F4581CA37DC35D6A405DFB
[TLS] Written transcript to proofs/MSG_TLS_CB91E422.out, proofs/SIG_TLS_CB91E422.out and proofs/PK_TLS_CB91E422.der
Signature verification succeeds
[TLS] Server time: 1619970007
[TLS] client_random  (32): 7F56B0168BCFFED7FBB8F0EE0C4F7B7B9F22F22BA08DAA1857EF2D500AA703C8
[TLS] sign_hash (32): C75C2B3F392655B7676419DE70318F3FB6646CA859946736E7951DA215030977
[TLS] Written transcript to proofs/MSG_TLS_7F56B016.out, proofs/SIG_TLS_7F56B016.out and proofs/PK_TLS_7F56B016.der
Signature verification succeeds
[TLS] Server time: 1619970007
[TLS] client_random  (32): D616CAAAB85FD144A3C952B40BF8C45D79A3A532C1BF5D8C0097E5CD8E7F30EC
[TLS] sign_hash (32): 04155202D5C7E41AB3E31501BBCCB3E417397D337C671F30DBA995BB9809B2CE
[TLS] Written transcript to proofs/MSG_TLS_D616CAAA.out, proofs/SIG_TLS_D616CAAA.out and proofs/PK_TLS_D616CAAA.der
Signature verification succeeds
[TLS] Server time: 1619970007
[TLS] client_random  (32): 914E112BD766BC0616E7C19EDE4B888689906971D502BC78391FAC2053515E5E
[TLS] sign_hash (32): 953ECB0FCD2DA51A11E3502AE0FD67C2BEC52400B7C94196D47FC227CB0802EE
[TLS] Written transcript to proofs/MSG_TLS_914E112B.out, proofs/SIG_TLS_914E112B.out and proofs/PK_TLS_914E112B.der
Signature verification succeeds
[TLS] Server time: 1619970008
[TLS] client_random  (32): B62921D6C4494DC118FFA8FB3FC2068D10D0899561C658698478CBE16637BDA7
[TLS] sign_hash (32): D0F63BACDB86671AFA44C75AB0D829920D1C910372388AF08FF48BCC6B5A0AA8
[TLS] Written transcript to proofs/MSG_TLS_B62921D6.out, proofs/SIG_TLS_B62921D6.out and proofs/PK_TLS_B62921D6.der
Signature verification succeeds
[TLS] Server time: 1619970008
[TLS] client_random  (32): F6A36D353FDDB558786184F4B1F6C7650095D64F0EFB1581E8DA9EBDD2A9F7F8
[TLS] sign_hash (32): 4172D36D3656A259E2022983C57D21B4AA790B7E533086311A4F22BD0B4EFF6C
[TLS] Written transcript to proofs/MSG_TLS_F6A36D35.out, proofs/SIG_TLS_F6A36D35.out and proofs/PK_TLS_F6A36D35.der
Signature verification succeeds
[TLS] Server time: 1619970008
[TLS] client_random  (32): 71BED4BB2304A83B49A9FD6CF0BE68C35BD4E3329F20F6FBE1C3C573B981945F
[TLS] sign_hash (32): A17E870773393C94973376991CC2FEF6B78411CD499BF0F6AF6650834B271D92
[TLS] Written transcript to proofs/MSG_TLS_71BED4BB.out, proofs/SIG_TLS_71BED4BB.out and proofs/PK_TLS_71BED4BB.der
Signature verification succeeds
[TLS] Server time: 1619970008
[TLS] client_random  (32): FB334790BC74D420BC8CF8FD5021F17876B28D4B877DDD829BC6C9E149548198
[TLS] sign_hash (32): 6EB57355F1C64E1A57FF0F2799D73EDD977A5D473212A33B124E2D6B16BBD29A
[TLS] Written transcript to proofs/MSG_TLS_FB334790.out, proofs/SIG_TLS_FB334790.out and proofs/PK_TLS_FB334790.der
Signature verification succeeds
[TLS] Server time: 1619970008
[TLS] client_random  (32): 6C30F349BA632D282E790422ADA0804C7714982BCDB07C5F0F6B61531E6D6215
[TLS] sign_hash (32): CA03DE686F8B2568594922F008A277EF5E5A8C076C00A3777F8AFC7516F70C65
[TLS] Written transcript to proofs/MSG_TLS_6C30F349.out, proofs/SIG_TLS_6C30F349.out and proofs/PK_TLS_6C30F349.der
Signature verification succeeds
[TLS] Server time: 1619970008
[TLS] client_random  (32): 087D6A558A9B00C174F3EB72524FE41C95EE9B8129EB3A627199D96A074725C6
[TLS] sign_hash (32): 2F72C97FD6A3FA8D04C9659F901E942B0EB47508AFFCAD555F3C9EF499219283
[TLS] Written transcript to proofs/MSG_TLS_087D6A55.out, proofs/SIG_TLS_087D6A55.out and proofs/PK_TLS_087D6A55.der
Signature verification succeeds
[TLS] Server time: 1619970008
[TLS] client_random  (32): 6B0D887F2A045EC5A5AB0100ADE3950A7164B36C9BB02B581EF4342D46213590
[TLS] sign_hash (32): D2CB2C76817EC46D91D63BFE84EC4D6857FECA240D4E769F65C745C454CBD46F
[TLS] Written transcript to proofs/MSG_TLS_6B0D887F.out, proofs/SIG_TLS_6B0D887F.out and proofs/PK_TLS_6B0D887F.der
Signature verification succeeds
[TLS] Server time: 1619970008
[TLS] client_random  (32): 3177DC9A88F049C4E828189D13134AFE98EE2F838DCA1719127DD3AD4016CAE0
[TLS] sign_hash (32): 576B7D2356B6B42EF87DCB2324478C1B6026E82FFB73EA010188AAB26F03FF00
[TLS] Written transcript to proofs/MSG_TLS_3177DC9A.out, proofs/SIG_TLS_3177DC9A.out and proofs/PK_TLS_3177DC9A.der
Signature verification succeeds
[TLS] Server time: 1619970008
[TLS] client_random  (32): 5FDEB7414607A91FA78582A5C6AEAF2B8218C0852CB509DC8ADB40F78A38A4DA
[TLS] sign_hash (32): CDC24ADE1E3A2927A383E147700EA365E313D7E332EDCB31617CDCCBA15F2AA2
[TLS] Written transcript to proofs/MSG_TLS_5FDEB741.out, proofs/SIG_TLS_5FDEB741.out and proofs/PK_TLS_5FDEB741.der
Signature verification succeeds
[TLS] Server time: 1619970008
[TLS] client_random  (32): 112B5487521310C6D76E11E568DF7436DDCD70159B2F650E527D4AD978228C36
[TLS] sign_hash (32): EBD00A8743ED404D6F98F0C7FF8DF76C6455E4712272A1E602A89A798AE70A42
[TLS] Written transcript to proofs/MSG_TLS_112B5487.out, proofs/SIG_TLS_112B5487.out and proofs/PK_TLS_112B5487.der
Signature verification succeeds
[TLS] Server time: 1619970008
[TLS] client_random  (32): F99C519E3B88A0A1C0E579A8C25DDE96C19BD7CF56D7D773960B4413CF34DD66
[TLS] sign_hash (32): E6666FF4BA859A9A320207B2610DAB0C733F9B8B4BE7723B3371732BFA3F0A3D
[TLS] Written transcript to proofs/MSG_TLS_F99C519E.out, proofs/SIG_TLS_F99C519E.out and proofs/PK_TLS_F99C519E.der
Signature verification succeeds
[TLS] Server time: 1619970008
[TLS] client_random  (32): CB006D84203AE14BD7BFDA2D2230A5D5017A3026CB8FFA5F2A3BE85FDBFAFD14
[TLS] sign_hash (32): A6E52EAA3129D094B72FBFA988E1CCBF6C470B5DC976F8911BDB63E31FFBA4C2
[TLS] Written transcript to proofs/MSG_TLS_CB006D84.out, proofs/SIG_TLS_CB006D84.out and proofs/PK_TLS_CB006D84.der
Signature verification succeeds
[TLS] Server time: 1619970008
[TLS] client_random  (32): 016024B62BA63425EB7B9D86E280BB6AF8374DB6969E7FB6D93EB0A1BA3BB2A1
[TLS] sign_hash (32): 06A21CF16CC785BA973F826DAC06D042FEB256A82A9F2FCDEE16FF15677EEEBA
[TLS] Written transcript to proofs/MSG_TLS_016024B6.out, proofs/SIG_TLS_016024B6.out and proofs/PK_TLS_016024B6.der
Signature verification succeeds
[TLS] Server time: 1619970008
[TLS] client_random  (32): 790098353335EE5350B2A325B49AF6F91CF29DB522C7F22B6A9600EFE3523A2F
[TLS] sign_hash (32): 9770B008A7BA263E11D5CBADF599E001283F5476F8F3BB3D2D8BB1320B9EA4BC
[TLS] Written transcript to proofs/MSG_TLS_79009835.out, proofs/SIG_TLS_79009835.out and proofs/PK_TLS_79009835.der
Signature verification succeeds
[TLS] Server time: 1619970008
[TLS] client_random  (32): 1A4C6E56D7682FBA1D320B2487DD23F8F7B6302A4CD3CE8422031A1418332297
[TLS] sign_hash (32): 2AA5DEE1F62475CFB9997650BE92A763DB3F0D80C5004255A7B4C076D673CB2A
[TLS] Written transcript to proofs/MSG_TLS_1A4C6E56.out, proofs/SIG_TLS_1A4C6E56.out and proofs/PK_TLS_1A4C6E56.der
Signature verification succeeds
[TLS] Server time: 1619970008
[TLS] client_random  (32): F583E73F5B5AEFF1B7357B8501D05D6F3B9549A46419BBC63B04900B29F886DA
[TLS] sign_hash (32): 3B0D61B356AD07EED58341CB373ACE0EBA6B2518A54827BB11864B2EAA76B370
[TLS] Written transcript to proofs/MSG_TLS_F583E73F.out, proofs/SIG_TLS_F583E73F.out and proofs/PK_TLS_F583E73F.der
Signature verification succeeds
[TLS] Server time: 1619970008
[TLS] client_random  (32): 533FF31694EB2F8755142D60AE4EF5ED28E57D96CFB2CCE24770056D4360CB43
[TLS] sign_hash (32): 52608F8674F101A414EC213D18AEA233F05C861BB9FAC70BFC7F8B38DB7EBD18
[TLS] Written transcript to proofs/MSG_TLS_533FF316.out, proofs/SIG_TLS_533FF316.out and proofs/PK_TLS_533FF316.der
Signature verification succeeds
[TLS] Server time: 1619970008
[TLS] client_random  (32): 081FA2D8C9EEB7BC44D0062536AD9C80ED34B3DF322803028D6173AEC7B2FA7F
[TLS] sign_hash (32): 62F304311857139F50A2C81744273CE5FB9E5BAD02FA3351AB89CDA85CD3FE45
[TLS] Written transcript to proofs/MSG_TLS_081FA2D8.out, proofs/SIG_TLS_081FA2D8.out and proofs/PK_TLS_081FA2D8.der
Signature verification succeeds
[TLS] Server time: 1619970008
[TLS] client_random  (32): B71DF0FA5EFA52BB5110D9694342F2ED90A35CE01A5310CA879C22FE7041421B
[TLS] sign_hash (32): 77CF61D49CB4EC6D9A87A40D9FC4B9B3E30F3722393CCAC7CC26C766C791B308
[TLS] Written transcript to proofs/MSG_TLS_B71DF0FA.out, proofs/SIG_TLS_B71DF0FA.out and proofs/PK_TLS_B71DF0FA.der
Signature verification succeeds
[TLS] Server time: 1619970008
[TLS] client_random  (32): 0D91BD77234AE7C6FF6F2B696B834C54CE673783627DC8093A438EE36B9FEAD1
[TLS] sign_hash (32): 3289EBFB0B1A739D374C5BF63C15948BDF8031BCB4A1BDB9A31477548916E7CB
[TLS] Written transcript to proofs/MSG_TLS_0D91BD77.out, proofs/SIG_TLS_0D91BD77.out and proofs/PK_TLS_0D91BD77.der
Signature verification succeeds
[TLS] Server time: 1619970008
[TLS] client_random  (32): 14912978CC3F89568D9F3E64DE2B4AA4E8E7A7F583EB7ADB3FD77242863D8AE7
[TLS] sign_hash (32): 5B1CE5B624F7CB9130534A6197401B06AB88AE96B86A9680F3C45E6A1A027A79
[TLS] Written transcript to proofs/MSG_TLS_14912978.out, proofs/SIG_TLS_14912978.out and proofs/PK_TLS_14912978.der
Signature verification succeeds
[TLS] Server time: 1619970008
[TLS] client_random  (32): 791BD53685532BE752782513183A2AC3C78C3432DFF42DB78C48DAED62F1BD46
[TLS] sign_hash (32): B773A74AB31B1909574B2B565332F36DBBBC5C3D70021CED35CADC2890D8EA7E
[TLS] Written transcript to proofs/MSG_TLS_791BD536.out, proofs/SIG_TLS_791BD536.out and proofs/PK_TLS_791BD536.der
Signature verification succeeds
[TLS] Server time: 1619970008
[TLS] client_random  (32): 1E9D27F619A3A3977F88746F1F0A7924140F9ABAC150CAD4C3F25B9E1BD65BCD
[TLS] sign_hash (32): FD77AECFCE990F1D84FD7A890A26E615BFB66E29086E905CCEA2D57530421891
[TLS] Written transcript to proofs/MSG_TLS_1E9D27F6.out, proofs/SIG_TLS_1E9D27F6.out and proofs/PK_TLS_1E9D27F6.der
Signature verification succeeds
[TLS] Server time: 1619970008
[TLS] client_random  (32): B478A14671D4FB5F0DB715DC7912A012B4539A268DD81FA6D398BBF2DDFECAFD
[TLS] sign_hash (32): 3A27229D97C6CACFD5955722AA920BBFAA8F8835AF424054C26D540ABEBDD227
[TLS] Written transcript to proofs/MSG_TLS_B478A146.out, proofs/SIG_TLS_B478A146.out and proofs/PK_TLS_B478A146.der
Signature verification succeeds
[TLS] Server time: 1619970008
[TLS] client_random  (32): 29E9EBC91230D9077480BC8DC33657062AB57426B78609E3E4CA26044F5060FF
[TLS] sign_hash (32): 9339A340DFB8D0F38DC5139C40E69EC92F70D91976849D371AD091CBAA3A6932
[TLS] Written transcript to proofs/MSG_TLS_29E9EBC9.out, proofs/SIG_TLS_29E9EBC9.out and proofs/PK_TLS_29E9EBC9.der
Signature verification succeeds
[TLS] Server time: 1619970008
[TLS] client_random  (32): 9C44046401CC4ED3D482700D0FC4E13C88AEB952A7FE448CE9804FFC1BFF33A3
[TLS] sign_hash (32): 6EC90815F52198B751A18ED522B522411EF67A9143E27B3B5E161D0F55A9BAC9
[TLS] Written transcript to proofs/MSG_TLS_9C440464.out, proofs/SIG_TLS_9C440464.out and proofs/PK_TLS_9C440464.der
Signature verification succeeds
[TLS] Server time: 1619970008
[TLS] client_random  (32): 63FCC3BB66E38A347621D8F2F42A237BAA6B3F2541EDD9B87779385C97A3CDD3
[TLS] sign_hash (32): 72C312C94FF7D0A08CF9A9A1E68A0EA75E398BF5A4C0581E0653B2E860025A3C
[TLS] Written transcript to proofs/MSG_TLS_63FCC3BB.out, proofs/SIG_TLS_63FCC3BB.out and proofs/PK_TLS_63FCC3BB.der
Signature verification succeeds
[TLS] Server time: 1619970008
[TLS] client_random  (32): 7E7C26D9B8976C4008B1D06D06435C73B0859E7566550766F6FAF93FEF3C4894
[TLS] sign_hash (32): 204F23896C9EAF88F2BB3A75C371020F3FB161DAB363DD206F33CEB62D373CBC
[TLS] Written transcript to proofs/MSG_TLS_7E7C26D9.out, proofs/SIG_TLS_7E7C26D9.out and proofs/PK_TLS_7E7C26D9.der
Signature verification succeeds
[TLS] Server time: 1619970008
[TLS] client_random  (32): 19ABD85E9CF879FAAFE39972828CB35CF5AC7DC1335B3FFBF38B1946B231482E
[TLS] sign_hash (32): DC5A7DC760DAEDE47A04067621E52C62D28D4E59D0DE3F02CDE167F4B3201785
[TLS] Written transcript to proofs/MSG_TLS_19ABD85E.out, proofs/SIG_TLS_19ABD85E.out and proofs/PK_TLS_19ABD85E.der
Signature verification succeeds
[TLS] Server time: 1619970008
[TLS] client_random  (32): A9C47EE797B3606A8AFF3F3EF41ACAFA670BF45432EC4FD59F4A03DDC4786B87
[TLS] sign_hash (32): FDBBBBC97FF6ED68A2C5C7EC45ACEDD7A2ADF6AA7EBCEAD74D6F15BF46AFBFEE
[TLS] Written transcript to proofs/MSG_TLS_A9C47EE7.out, proofs/SIG_TLS_A9C47EE7.out and proofs/PK_TLS_A9C47EE7.der
Signature verification succeeds
[TLS] Server time: 1619970008
[TLS] client_random  (32): C7D9C55CC31D5F19C471F17D617F29F8EF57BE899F8CB397D7DF93938C468564
[TLS] sign_hash (32): 89B753E45106DED8D47B5E438F2359A4089A315E769FA746D069805CED5A5022
[TLS] Written transcript to proofs/MSG_TLS_C7D9C55C.out, proofs/SIG_TLS_C7D9C55C.out and proofs/PK_TLS_C7D9C55C.der
Signature verification succeeds
[TLS] Server time: 1619970008
[TLS] client_random  (32): 285214A3C3CC945D2DEB9EB79308DBF96078E6FE9D00148B78BC97E12A2322C5
[TLS] sign_hash (32): 6A8F9B3E8C38C77F9A9BEC8AB8790738719B957659B85A7B1BEAE30857582196
[TLS] Written transcript to proofs/MSG_TLS_285214A3.out, proofs/SIG_TLS_285214A3.out and proofs/PK_TLS_285214A3.der
Signature verification succeeds
[TLS] Server time: 1619970008
[TLS] client_random  (32): 16DD5F6A822EDBD6E9EF399D27B75CC78E5F737679A6D828F554A48C88D35313
[TLS] sign_hash (32): 5A5257844B257DC3745AA80D19D8DAD64D18E40833FB50B33E8A8B49245FBADE
[TLS] Written transcript to proofs/MSG_TLS_16DD5F6A.out, proofs/SIG_TLS_16DD5F6A.out and proofs/PK_TLS_16DD5F6A.der
Signature verification succeeds
[TLS] Server time: 1619970008
[TLS] client_random  (32): 99978751F1F60956318EAFBCD2754B29FD2FF4CCE97075569AA8DDFE4FFF106C
[TLS] sign_hash (32): 9F57B158F9A71ECC49610FEDF65210A668A7243781DB85B3B74782FCA89DB1E0
[TLS] Written transcript to proofs/MSG_TLS_99978751.out, proofs/SIG_TLS_99978751.out and proofs/PK_TLS_99978751.der
Signature verification succeeds
[TLS] Server time: 1619970009
[TLS] client_random  (32): 5FAE0D134431C430BB36DC63627FE0AD061C8B858E27D7BE348C421C795C06DC
[TLS] sign_hash (32): 647AC5E15D52F3CEB7AA0E8590E5410115B93683CCF02E87F47FBC7F2DA73503
[TLS] Written transcript to proofs/MSG_TLS_5FAE0D13.out, proofs/SIG_TLS_5FAE0D13.out and proofs/PK_TLS_5FAE0D13.der
Signature verification succeeds
[TLS] Server time: 1619970009
[TLS] client_random  (32): 51C73F87B923C7DA54A71A274AA0C3E308D43E2E338787C59B3DE803EA92FBD9
[TLS] sign_hash (32): 7CB0676DCAA75DE115F1EAC4305B3AFC8A63A65C447935170A849FD95A56CC69
[TLS] Written transcript to proofs/MSG_TLS_51C73F87.out, proofs/SIG_TLS_51C73F87.out and proofs/PK_TLS_51C73F87.der
Signature verification succeeds
[TLS] Server time: 1619970009
[TLS] client_random  (32): 1B380C41E5556FD413C070BE586E3B5A88BA9416BDE13040FB5713FE2F84649B
[TLS] sign_hash (32): BF1BB2A13CAFF1899E48A157C44489629348C1AF0C22C7A739A3ED6CA53AA8CD
[TLS] Written transcript to proofs/MSG_TLS_1B380C41.out, proofs/SIG_TLS_1B380C41.out and proofs/PK_TLS_1B380C41.der
Signature verification succeeds
[TLS] Server time: 1619970009
[TLS] client_random  (32): 9BE1F428ACC0616875097D42D07739530390537FF394F5D50E56454CDD6362EF
[TLS] sign_hash (32): FBEDE21E9EF138AB38303050B34505104D3A995EFD7FA02BE7F963453704F703
[TLS] Written transcript to proofs/MSG_TLS_9BE1F428.out, proofs/SIG_TLS_9BE1F428.out and proofs/PK_TLS_9BE1F428.der
Signature verification succeeds
[TLS] Server time: 1619970009
[TLS] client_random  (32): 960182404D793A92EAFAB0F8DBD98CFD622A835483258203C2FFB5764414456F
[TLS] sign_hash (32): 804380106E27BC8979B2C36A51E66FC86834E900AB036442D0BA6ED02550714A
[TLS] Written transcript to proofs/MSG_TLS_96018240.out, proofs/SIG_TLS_96018240.out and proofs/PK_TLS_96018240.der
Signature verification succeeds
[TLS] Server time: 1619970009
[TLS] client_random  (32): 617232A1EAF28F7AA2A1C5CBEADF82E7796B226EA50EA9BCD6FFB85299ADF1D4
[TLS] sign_hash (32): 9E5CCB18AB5022AFA11F6F3DFAEEA2BB11D9E8441C8EDE6679B395FFC348D69A
[TLS] Written transcript to proofs/MSG_TLS_617232A1.out, proofs/SIG_TLS_617232A1.out and proofs/PK_TLS_617232A1.der
Signature verification succeeds
[TLS] Server time: 1619970009
[TLS] client_random  (32): 4D6598B26D30695BD3EDA2A6D5CD9B687CE2AAD4C62DC9DB4267E042F06B35B4
[TLS] sign_hash (32): 0C368E5DD581B9B8344688CDE349BEF44A3C054A2BED659A4CCE038B280325EF
[TLS] Written transcript to proofs/MSG_TLS_4D6598B2.out, proofs/SIG_TLS_4D6598B2.out and proofs/PK_TLS_4D6598B2.der
Signature verification succeeds
[TLS] Server time: 1619970009
[TLS] client_random  (32): 79DD5F0D2DE2820A0DCA0123192C805BCCEE5C1F195C0D3F4D674FA0231FDBCE
[TLS] sign_hash (32): A2CFDD1F044A66BF871458EE16D5834F4A2108F9551D83C8E16B03A33D62D391
[TLS] Written transcript to proofs/MSG_TLS_79DD5F0D.out, proofs/SIG_TLS_79DD5F0D.out and proofs/PK_TLS_79DD5F0D.der
Signature verification succeeds
[TLS] Server time: 1619970009
[TLS] client_random  (32): 888F1937A443B4D8C488DE1DF34DA5FF19424A92B04A6D05F724A569F50291DE
[TLS] sign_hash (32): D065CCC7165A3A7D4B937A2C852E86E0D84423C82006C1400BA7295A29D3E3B1
[TLS] Written transcript to proofs/MSG_TLS_888F1937.out, proofs/SIG_TLS_888F1937.out and proofs/PK_TLS_888F1937.der
Signature verification succeeds
[TLS] Server time: 1619970009
[TLS] client_random  (32): 911A2413273CC7F55FC9F01DE2F741F5BCC0332ACAE70F5B3FF7E2A3C0771196
[TLS] sign_hash (32): 14728619B2CD4597CAA955976D171CFDFDDE319B73748DD74E549808F35C1E06
[TLS] Written transcript to proofs/MSG_TLS_911A2413.out, proofs/SIG_TLS_911A2413.out and proofs/PK_TLS_911A2413.der
Signature verification succeeds
[TLS] Server time: 1619970009
[TLS] client_random  (32): 1BC6979F656D732B29B15A9338871786C5C18211DBA5F802FB501C0FF4E63DFD
[TLS] sign_hash (32): 7FC5A11119B4EFBC7AE394D3BB182F29E56FF6C9F64BF6316E6D03C75FBC087A
[TLS] Written transcript to proofs/MSG_TLS_1BC6979F.out, proofs/SIG_TLS_1BC6979F.out and proofs/PK_TLS_1BC6979F.der
Signature verification succeeds
[TLS] Server time: 1619970009
[TLS] client_random  (32): B22EA8A765EFC9C5C7E3C8369A5AF9C195457440C3E56500E8700E70FCD3A206
[TLS] sign_hash (32): 48EC034058278BA26366F704E6AF2267DB6F2DE0F6A44C00BF9D29B53F68FE6D
[TLS] Written transcript to proofs/MSG_TLS_B22EA8A7.out, proofs/SIG_TLS_B22EA8A7.out and proofs/PK_TLS_B22EA8A7.der
Signature verification succeeds
[TLS] Server time: 1619970009
[TLS] client_random  (32): C465D718A84687F490392063CEC815F0D83CF4A976E8A99EF116630503E86661
[TLS] sign_hash (32): 4AF896BAE0F813369D56A587704E02CF30C110BD1B82C4F8FB3AF9237B83E300
[TLS] Written transcript to proofs/MSG_TLS_C465D718.out, proofs/SIG_TLS_C465D718.out and proofs/PK_TLS_C465D718.der
Signature verification succeeds
[TLS] Server time: 1619970009
[TLS] client_random  (32): E1BE02B702063D27C6DBF3789FC7F13628CA264E07D42A8861D279B9BEFE4433
[TLS] sign_hash (32): 7D0D98B0E20455A6B385FDCF3E9B0F11B5965A793B1CBB5DDF1426F8B614418D
[TLS] Written transcript to proofs/MSG_TLS_E1BE02B7.out, proofs/SIG_TLS_E1BE02B7.out and proofs/PK_TLS_E1BE02B7.der
Signature verification succeeds
[TLS] Server time: 1619970009
[TLS] client_random  (32): 8C00D34AC735DB9E87D9192312BC150D997EDDE6DD77F743EA10054AF0BE5240
[TLS] sign_hash (32): FDE1EF89C3F7964D9E97984B2F07B738BB666C56A5AF8FA098721AC643F574D2
[TLS] Written transcript to proofs/MSG_TLS_8C00D34A.out, proofs/SIG_TLS_8C00D34A.out and proofs/PK_TLS_8C00D34A.der
Signature verification succeeds
[TLS] Server time: 1619970009
[TLS] client_random  (32): B45D4B9DE1E9366FB0BFA778AE603D956576C58B13886645DC086E7527747288
[TLS] sign_hash (32): F71BABACCB20125281506757F65D0E19A4402592E0B21B29E4E1675D35FA3903
[TLS] Written transcript to proofs/MSG_TLS_B45D4B9D.out, proofs/SIG_TLS_B45D4B9D.out and proofs/PK_TLS_B45D4B9D.der
Signature verification succeeds
[TLS] Server time: 1619970009
[TLS] client_random  (32): 3BAA4B6AF4155F66BE59832CF27278143D4AD24A7DC9A922A443BEEF88F43416
[TLS] sign_hash (32): AE6885B692F1D9B14AF8872C580A10EDCB5C27C552F9728C561645948B6B58B7
[TLS] Written transcript to proofs/MSG_TLS_3BAA4B6A.out, proofs/SIG_TLS_3BAA4B6A.out and proofs/PK_TLS_3BAA4B6A.der
Signature verification succeeds
[TLS] Server time: 1619970009
[TLS] client_random  (32): 77ACB08E8FCACACCE0576B4851140F8F2B2E91AD3EE911D5EBEFEEAD2114F272
[TLS] sign_hash (32): 4335EE6AFC21AD6E8E9F8AA19AD497FE98DE5CA7A83E53D82C0357EA007AB866
[TLS] Written transcript to proofs/MSG_TLS_77ACB08E.out, proofs/SIG_TLS_77ACB08E.out and proofs/PK_TLS_77ACB08E.der
Signature verification succeeds
[TLS] Server time: 1619970009
[TLS] client_random  (32): EBAC0E61081E693E91FD238F5564D141507C13FE0471171675CF412FC908C0A0
[TLS] sign_hash (32): BF9C0277AB44F89D6ECE0CBE9DA282DFAF14A07EC1F473A673612962A11F0F3E
[TLS] Written transcript to proofs/MSG_TLS_EBAC0E61.out, proofs/SIG_TLS_EBAC0E61.out and proofs/PK_TLS_EBAC0E61.der
Signature verification succeeds
[TLS] Server time: 1619970009
[TLS] client_random  (32): A366055F404ECEE466BD4B6CA63F8A51D34D5DA8674FEFE267382F7483767BEC
[TLS] sign_hash (32): EB298784B1BB44A9A843D36DD358F145515E3420C33AA26D079114CDC54D6742
[TLS] Written transcript to proofs/MSG_TLS_A366055F.out, proofs/SIG_TLS_A366055F.out and proofs/PK_TLS_A366055F.der
Signature verification succeeds
[TLS] Server time: 1619970009
[TLS] client_random  (32): 1DAEC4EB7B299A433BC82F121E9DE41C03DFC9D8FE08280562853F0EB4E70204
[TLS] sign_hash (32): F1A120FDBA9B300A4D33D041457A7CBD1E2DE74908216B8E7782CFCC614EDBC0
[TLS] Written transcript to proofs/MSG_TLS_1DAEC4EB.out, proofs/SIG_TLS_1DAEC4EB.out and proofs/PK_TLS_1DAEC4EB.der
Signature verification succeeds
[TLS] Server time: 1619970009
[TLS] client_random  (32): 139E3D0846BE8C42DFB5B8501AA6BA82D20E2B9867DAC517C69D91183BB63B31
[TLS] sign_hash (32): 4A1FBE6F101C718A4B214A40DEB85E36C8921599081C7A9EB351882979D2CD22
[TLS] Written transcript to proofs/MSG_TLS_139E3D08.out, proofs/SIG_TLS_139E3D08.out and proofs/PK_TLS_139E3D08.der
Signature verification succeeds
[TLS] Server time: 1619970009
[TLS] client_random  (32): C1BCBA66EE9F4C0C9320C1E4C6B58C740DAC53B275A9425D6465E29129E062C2
[TLS] sign_hash (32): 83342E7F04C5E1A368A6B6C663AFB53F060478B5D300AD4466F25365004591A8
[TLS] Written transcript to proofs/MSG_TLS_C1BCBA66.out, proofs/SIG_TLS_C1BCBA66.out and proofs/PK_TLS_C1BCBA66.der
Signature verification succeeds
[TLS] Server time: 1619970009
[TLS] client_random  (32): BA27CD19BFD2198FFD828AB8C086774F07BE958C2DEE1D1C7055A82735B6B0FD
[TLS] sign_hash (32): D9081CE2E0C8664C0B506BB713052684D06682F3E13C5B87C2EBBBE43C5200E9
[TLS] Written transcript to proofs/MSG_TLS_BA27CD19.out, proofs/SIG_TLS_BA27CD19.out and proofs/PK_TLS_BA27CD19.der
Signature verification succeeds
[TLS] Server time: 1619970009
[TLS] client_random  (32): 3DBE26D082F25CF40162E2953CCDFABC3451FAD64AA00E7582178E5FF6EFDEF4
[TLS] sign_hash (32): 50F22A96D87E605D968CA6242B49060BA4FF82614D0A8C72034DFABEF3EEEEDF
[TLS] Written transcript to proofs/MSG_TLS_3DBE26D0.out, proofs/SIG_TLS_3DBE26D0.out and proofs/PK_TLS_3DBE26D0.der
Signature verification succeeds
[TLS] Server time: 1619970009
[TLS] client_random  (32): BF479F4CECD2CF2B1A09342DAFC6BF3AD55232433ED2F175C2526AE385C48778
[TLS] sign_hash (32): EDD8559D3B52818A3DB707F1680AE99110699C31BFC9A53B070FDED6908B4D7C
[TLS] Written transcript to proofs/MSG_TLS_BF479F4C.out, proofs/SIG_TLS_BF479F4C.out and proofs/PK_TLS_BF479F4C.der
Signature verification succeeds
[TLS] Server time: 1619970010
[TLS] client_random  (32): 4EF2707EE589265B6BDC5345EB7DA0ADEFF4608FB08D40B262DB089D45BDD478
[TLS] sign_hash (32): 36DD9A92B306BAF8D1A44BDCB56CC97267A2AEC8398468728F5CD5B3796B62E4
[TLS] Written transcript to proofs/MSG_TLS_4EF2707E.out, proofs/SIG_TLS_4EF2707E.out and proofs/PK_TLS_4EF2707E.der
Signature verification succeeds
[TLS] Server time: 1619970010
[TLS] client_random  (32): 607F01C1D91A607A8438327F0104707CC80B42D084087ACCFA3C0B7A5292FFF5
[TLS] sign_hash (32): EFC9DF9BF67DEFE6F74F3882BA1831DCAAB3C931D0AEF21BAF9C4151C16FFB34
[TLS] Written transcript to proofs/MSG_TLS_607F01C1.out, proofs/SIG_TLS_607F01C1.out and proofs/PK_TLS_607F01C1.der
Signature verification succeeds
[TLS] Server time: 1619970010
[TLS] client_random  (32): 7EF0EE47CDFFE96815A6F87F90E0318179D77372FA5820704C0701CC25579496
[TLS] sign_hash (32): 5DD13F79A2ADC81CD97EA8BF18B5BE242D4694647309355C2D557C8C788E6F2B
[TLS] Written transcript to proofs/MSG_TLS_7EF0EE47.out, proofs/SIG_TLS_7EF0EE47.out and proofs/PK_TLS_7EF0EE47.der
Signature verification succeeds
[TLS] Server time: 1619970010
[TLS] client_random  (32): CA4E4853E047553FA7EF5967F3635BA8F15A34FFAE9B837ED942C9FFDB9D67AF
[TLS] sign_hash (32): 5659BE0F5BD2EB4BDE396844EEF6E1FECBC13D311553522EC88CDD2DA6DBD664
[TLS] Written transcript to proofs/MSG_TLS_CA4E4853.out, proofs/SIG_TLS_CA4E4853.out and proofs/PK_TLS_CA4E4853.der
Signature verification succeeds
[TLS] Server time: 1619970010
[TLS] client_random  (32): F6324A3A0F555A0BF3CCD6A21693A392E2A8ED7D4E76B24C61B282992D904B9F
[TLS] sign_hash (32): 166E437509F89A800CC8101C4F162B33504B98DE02EE0608A757561430A8F47F
[TLS] Written transcript to proofs/MSG_TLS_F6324A3A.out, proofs/SIG_TLS_F6324A3A.out and proofs/PK_TLS_F6324A3A.der
Signature verification succeeds
[TLS] Server time: 1619970010
[TLS] client_random  (32): C4C9CC53EDA6A399BEC5CA5DFB7CBEA788610BD9FCC54AEDE89DA2A10DDCA6F5
[TLS] sign_hash (32): B7849E3AF6B944402C698FD9ECD314C93FC0FBB3EB9BE9DC8F148F8DF4256026
[TLS] Written transcript to proofs/MSG_TLS_C4C9CC53.out, proofs/SIG_TLS_C4C9CC53.out and proofs/PK_TLS_C4C9CC53.der
Signature verification succeeds
[TLS] Server time: 1619970010
[TLS] client_random  (32): DDA250F0CDC0E95E0C6414B74029C2BEB3DFE4BC5B94198AB4FA0A0627D3F9A4
[TLS] sign_hash (32): D73719D56B7EA40E1783D2589DFCCA3C554C1C0C57359F4D6A6D6C5742485E90
[TLS] Written transcript to proofs/MSG_TLS_DDA250F0.out, proofs/SIG_TLS_DDA250F0.out and proofs/PK_TLS_DDA250F0.der
Signature verification succeeds
[TLS] Server time: 1619970010
[TLS] client_random  (32): 39DA24E1CD22A83ADF7FE49AA6FB5ED2B5061A77FFE6E3EF631569B19F65825C
[TLS] sign_hash (32): C711AB5281392641CA014A83C5995365619E6100DEDEE8A677A4F10194DEF9AF
[TLS] Written transcript to proofs/MSG_TLS_39DA24E1.out, proofs/SIG_TLS_39DA24E1.out and proofs/PK_TLS_39DA24E1.der
Signature verification succeeds
[TLS] Server time: 1619970010
[TLS] client_random  (32): C40972F9283961E89D25DA100E4A3805B1A00780FBAD88A195FD2B4A6FD2895F
[TLS] sign_hash (32): F367DCCB146F0B775E587D675BB0E7EADA788D783412F8E13C90280D0A8C9994
[TLS] Written transcript to proofs/MSG_TLS_C40972F9.out, proofs/SIG_TLS_C40972F9.out and proofs/PK_TLS_C40972F9.der
Signature verification succeeds
[TLS] Server time: 1619970010
[TLS] client_random  (32): 46A025AD96DEDB53D032EC31B5DDEBAA523B29F375E5B0657BB2F3A3B7383E74
[TLS] sign_hash (32): EE97628DB5C143A98F2564D6AFE96FB7FC29BD0EC466187666745D07418F115C
[TLS] Written transcript to proofs/MSG_TLS_46A025AD.out, proofs/SIG_TLS_46A025AD.out and proofs/PK_TLS_46A025AD.der
Signature verification succeeds
Time breakdown (averages): anchor_ping:73.520652 file_read:0.157257 hashing:0.472974
Total time for 113 rounds is 8452.578064ms
Standard deviations: anchor_ping:172.208436 file_read:0.014454 hashing:0.006330
[Client-side ops] mean:0.630230 sd:0.016578
in & out anchor rand written to proofs/phase1.out
     11 [TLS] Server time: 1619970002
      1 [TLS] Server time: 1619970003
      1 [TLS] Server time: 1619970004
      5 [TLS] Server time: 1619970005
      8 [TLS] Server time: 1619970006
     18 [TLS] Server time: 1619970007
     34 [TLS] Server time: 1619970008
     26 [TLS] Server time: 1619970009
     10 [TLS] Server time: 1619970010
Count is 11
Count is 1
Count is 1
Count is 5
Count is 8
Count is 18
Count is 34
Count is 26
Count is 10
success: 0
Sleeping before retrying
CONF: anchor:gold.ac.uk fs:1024MB n_rounds:113 seed:5c9f4bf9bbc15bb855f82faedc5a52fc3ab2dfa8ec3ba3ce1b270f31fa0cced2 filename:FILE bs:1024 nops:100 benchmarking:0 anchor_ping:1 queue_depth:32 direct:0
[TLS] Connecting to gold.ac.uk
[TLS] Server time: 1619970012
[TLS] client_random  (32): 5C9F4BF9BBC15BB855F82FAEDC5A52FC3AB2DFA8EC3BA3CE1B270F31FA0CCED2
[TLS] sign_hash (32): 7D9535F486B512C277070EDFB3D3CAB96924D9E0781B407B2551E67C37A9F54A
[TLS] Written transcript to proofs/MSG_TLS_5C9F4BF9.out, proofs/SIG_TLS_5C9F4BF9.out and proofs/PK_TLS_5C9F4BF9.der
Signature verification succeeds
[TLS] Server time: 1619970012
[TLS] client_random  (32): 8E32B75F2B9D8290A4F8D55F546AC6126D82BF3C0B5599D82E4944F5CA6B808D
[TLS] sign_hash (32): 199B851C82B2F9FBC1A8251A6C823FBF5C71617C335A6D2846BD819EA54F2AC8
[TLS] Written transcript to proofs/MSG_TLS_8E32B75F.out, proofs/SIG_TLS_8E32B75F.out and proofs/PK_TLS_8E32B75F.der
Signature verification succeeds
[TLS] Server time: 1619970012
[TLS] client_random  (32): CD84BA8483AA6EA66A0F237B42532EFFF3847B4707EC94D8536E641C16F09EE9
[TLS] sign_hash (32): 814429E473F4095D28C03A0493E44EEC1E951F5571952DA8751D0BE5DD116FF7
[TLS] Written transcript to proofs/MSG_TLS_CD84BA84.out, proofs/SIG_TLS_CD84BA84.out and proofs/PK_TLS_CD84BA84.der
Signature verification succeeds
[TLS] Server time: 1619970012
[TLS] client_random  (32): EC8B64E31A48F388961C84923E31CBB99A1121D40404C8E9A09703F54190F255
[TLS] sign_hash (32): 972949C6C5B0CBEDF0297DBD90B541C0C24FA381A7575698A62855F8B71226B9
[TLS] Written transcript to proofs/MSG_TLS_EC8B64E3.out, proofs/SIG_TLS_EC8B64E3.out and proofs/PK_TLS_EC8B64E3.der
Signature verification succeeds
[TLS] Server time: 1619970012
[TLS] client_random  (32): 4DB31B16BF9171789374CE8B9335E18026DBE3418AE6DF7A2C2B3A1085586A16
[TLS] sign_hash (32): C41CD7C83F4E0E313109FB98BA8DBEC23A266C0C8741322AF14AF2F39FCF6C63
[TLS] Written transcript to proofs/MSG_TLS_4DB31B16.out, proofs/SIG_TLS_4DB31B16.out and proofs/PK_TLS_4DB31B16.der
Signature verification succeeds
[TLS] Server time: 1619970012
[TLS] client_random  (32): A1A47612A6D3C91443FBE266DF1D21AAEC81D772A1DCBDFFC36435CE7F85DC3F
[TLS] sign_hash (32): 1FA05D14B37316AF31B6B6FF4D50C200C380B942ADBF432C1C1B7974D04A9D2A
[TLS] Written transcript to proofs/MSG_TLS_A1A47612.out, proofs/SIG_TLS_A1A47612.out and proofs/PK_TLS_A1A47612.der
Signature verification succeeds
[TLS] Server time: 1619970012
[TLS] client_random  (32): 780F2A7D9B671832D352FDF0C5E70962D8EDB6A218D19748D5471B82191C53FA
[TLS] sign_hash (32): D99226F446A0CF5FC514D5374F9AC750E9A17E4CF6D0233B06EEABA22B87AA6D
[TLS] Written transcript to proofs/MSG_TLS_780F2A7D.out, proofs/SIG_TLS_780F2A7D.out and proofs/PK_TLS_780F2A7D.der
Signature verification succeeds
[TLS] Server time: 1619970012
[TLS] client_random  (32): 00733327C0FC73FFDF211C7559B3DA7D10EF4BC00E9483443CAACF47E1748DFD
[TLS] sign_hash (32): 6A49E835425FD71F461DFD693562733870D675CA0F1863ADB5698AFAE58C4C8E
[TLS] Written transcript to proofs/MSG_TLS_00733327.out, proofs/SIG_TLS_00733327.out and proofs/PK_TLS_00733327.der
Signature verification succeeds
[TLS] Server time: 1619970012
[TLS] client_random  (32): E9ACD511BE6D4634D435A23EB1677C3F3B3C7B7B6055A808D77DC4889B041FFB
[TLS] sign_hash (32): 72B82F15825872595B7D6072AB40ABBFF21BD07A4A84AB5616834A1976438095
[TLS] Written transcript to proofs/MSG_TLS_E9ACD511.out, proofs/SIG_TLS_E9ACD511.out and proofs/PK_TLS_E9ACD511.der
Signature verification succeeds
[TLS] Server time: 1619970012
[TLS] client_random  (32): 56F2633EF94FC1490ED6C9E61A7F631CA573678028E83C96B465F5E7968FA2FA
[TLS] sign_hash (32): 43370CBE458F3B00A6B5C78F82ED6B97F1E4CA5409F32D3263E56488F09962D5
[TLS] Written transcript to proofs/MSG_TLS_56F2633E.out, proofs/SIG_TLS_56F2633E.out and proofs/PK_TLS_56F2633E.der
Signature verification succeeds
[TLS] Server time: 1619970012
[TLS] client_random  (32): 75240BBAE54743DC48F23E37022524CCA6AB1D7CCC3075CE9AEDCE999762EA25
[TLS] sign_hash (32): 73C5107A3EF868B4B70C8E214F76B0517E84C57335ECADE32A329E46A431B523
[TLS] Written transcript to proofs/MSG_TLS_75240BBA.out, proofs/SIG_TLS_75240BBA.out and proofs/PK_TLS_75240BBA.der
Signature verification succeeds
[TLS] Server time: 1619970012
[TLS] client_random  (32): A33B97A487EB08044485FB8DA7C0E6885B7C08DC5E0DCEE9C573A21CA4A023C8
[TLS] sign_hash (32): 5ED8B3C967944A0A604D3477725EBCA8892C6859B018C4B30D4FD053940EB508
[TLS] Written transcript to proofs/MSG_TLS_A33B97A4.out, proofs/SIG_TLS_A33B97A4.out and proofs/PK_TLS_A33B97A4.der
Signature verification succeeds
[TLS] Server time: 1619970012
[TLS] client_random  (32): 263FA7914BBF31AB8E90094BCECC5CFBC4605BCF4DC339600477D13A5269CD39
[TLS] sign_hash (32): 78A285A6B2B269CEECA9802E0F69756BE47540EC3C659720B844604373985DEB
[TLS] Written transcript to proofs/MSG_TLS_263FA791.out, proofs/SIG_TLS_263FA791.out and proofs/PK_TLS_263FA791.der
Signature verification succeeds
[TLS] Server time: 1619970012
[TLS] client_random  (32): 5010B8DAD40D230109CCE4E9B14678242BE7179E8F8CD795DCB1D04DA088041C
[TLS] sign_hash (32): E120B46FED3DE2C66B14B63F9871CB712F0FCC7844EF785CC43BE3D3D594E14B
[TLS] Written transcript to proofs/MSG_TLS_5010B8DA.out, proofs/SIG_TLS_5010B8DA.out and proofs/PK_TLS_5010B8DA.der
Signature verification succeeds
[TLS] Server time: 1619970012
[TLS] client_random  (32): 764950DA5E977A0E21D0F1850C9BB8720D04D9D9220F710FDA8827060703379B
[TLS] sign_hash (32): CE82CD52F0A7C9FEBF5AB994F5B8A9D6C614872599A3E5B259156E7F87DDDE8E
[TLS] Written transcript to proofs/MSG_TLS_764950DA.out, proofs/SIG_TLS_764950DA.out and proofs/PK_TLS_764950DA.der
Signature verification succeeds
[TLS] Server time: 1619970012
[TLS] client_random  (32): C0E7D75F65E2B57625177D7FAF098BE54CE2F8864113E9515098A2CA21279310
[TLS] sign_hash (32): 2A277411D30598A9CF028F18CABE3C69EF71A34B4A704368CCEC0667E9712189
[TLS] Written transcript to proofs/MSG_TLS_C0E7D75F.out, proofs/SIG_TLS_C0E7D75F.out and proofs/PK_TLS_C0E7D75F.der
Signature verification succeeds
[TLS] Server time: 1619970012
[TLS] client_random  (32): AD5D19E6B7A85FFD69112E0E6E49830F0B9C9153C564820BA27E881EBAD9D692
[TLS] sign_hash (32): 4C0C898773B2D6C809A53DF5218703B197EB3C396203C0E25B63967094F2F97F
[TLS] Written transcript to proofs/MSG_TLS_AD5D19E6.out, proofs/SIG_TLS_AD5D19E6.out and proofs/PK_TLS_AD5D19E6.der
Signature verification succeeds
[TLS] Server time: 1619970012
[TLS] client_random  (32): 4E1D727D9C7D0EECC9EBD163E91FC53F747266FD1B47A320ABBAC378157AF016
[TLS] sign_hash (32): 91D936A15B2AF7CAD2D812192D8602191DD72EA2D09F6E383ED522BFD2F443BF
[TLS] Written transcript to proofs/MSG_TLS_4E1D727D.out, proofs/SIG_TLS_4E1D727D.out and proofs/PK_TLS_4E1D727D.der
Signature verification succeeds
[TLS] Server time: 1619970012
[TLS] client_random  (32): CBE847EBC420036677739EB572FF8DE855EADD0AF544207A3177608DC1A3603F
[TLS] sign_hash (32): E449166253521A9B05BD3B1771E04F43A45BF3583354D10E37D55DE61E867B85
[TLS] Written transcript to proofs/MSG_TLS_CBE847EB.out, proofs/SIG_TLS_CBE847EB.out and proofs/PK_TLS_CBE847EB.der
Signature verification succeeds
[TLS] Server time: 1619970012
[TLS] client_random  (32): D54BAE6A74CEE5712B250AEE5086E7B7CD4117FD90E8492C136D8B9ACFA62639
[TLS] sign_hash (32): C6603E094CEDF403FE927BFEE4B6CCEC149FA9D644722828ACD700E860863AA9
[TLS] Written transcript to proofs/MSG_TLS_D54BAE6A.out, proofs/SIG_TLS_D54BAE6A.out and proofs/PK_TLS_D54BAE6A.der
Signature verification succeeds
[TLS] Server time: 1619970012
[TLS] client_random  (32): FB040719E15F0BA2B9506D66C8ED372D2755D8F9E990706005ACB357F46E75EB
[TLS] sign_hash (32): FF10F280D5A1529F69F5E7C5781AA2375127CD7F4731009616A4FF9D13F5F4BE
[TLS] Written transcript to proofs/MSG_TLS_FB040719.out, proofs/SIG_TLS_FB040719.out and proofs/PK_TLS_FB040719.der
Signature verification succeeds
[TLS] Server time: 1619970012
[TLS] client_random  (32): F21454308E96969A08E87F07386FDAEBFACB9AD06CF3B091E6C8F5A05235F871
[TLS] sign_hash (32): D1A3E508DAEDBEFE96183DE70ADE116519136FC41BA460ADB65F82BD80D754B0
[TLS] Written transcript to proofs/MSG_TLS_F2145430.out, proofs/SIG_TLS_F2145430.out and proofs/PK_TLS_F2145430.der
Signature verification succeeds
[TLS] Server time: 1619970012
[TLS] client_random  (32): 13074D8CD1DE9266A102A5DDB477AF431D152A1A1F4BD233A7E7ED6103247AA3
[TLS] sign_hash (32): F4CA91C2955ED1AD402EAE771C01815026D53255614DCBD29E6616987C5B2B1A
[TLS] Written transcript to proofs/MSG_TLS_13074D8C.out, proofs/SIG_TLS_13074D8C.out and proofs/PK_TLS_13074D8C.der
Signature verification succeeds
[TLS] Server time: 1619970012
[TLS] client_random  (32): 6EFDDAA8FEB84E462C44152C0F62DF4256207FA58ADA1C9698F80CCD68AFD147
[TLS] sign_hash (32): 57B808DA27E02AB7AD80EFD2100E34987061C5F239529AD92708C30CC8BE14AD
[TLS] Written transcript to proofs/MSG_TLS_6EFDDAA8.out, proofs/SIG_TLS_6EFDDAA8.out and proofs/PK_TLS_6EFDDAA8.der
Signature verification succeeds
[TLS] Server time: 1619970012
[TLS] client_random  (32): 0732821B4280F67B4969D876D2E9ECC3610CB5E17ABE6BBCCD8975C0932ECC39
[TLS] sign_hash (32): 0886BC3FE5306AD40C07B21B0059FF2C9DE055A2B47002A7D8C1045F7D24CEE9
[TLS] Written transcript to proofs/MSG_TLS_0732821B.out, proofs/SIG_TLS_0732821B.out and proofs/PK_TLS_0732821B.der
Signature verification succeeds
[TLS] Server time: 1619970012
[TLS] client_random  (32): 37C2111BCFFD8E77A25E7EB76F005B5CB841578B2CC4CB77721E27C1526B3E2A
[TLS] sign_hash (32): 3A3EEE95DC0EFB5E85FF0BB3C656D627DEED4FB982DB06BB16DE50199B132F57
[TLS] Written transcript to proofs/MSG_TLS_37C2111B.out, proofs/SIG_TLS_37C2111B.out and proofs/PK_TLS_37C2111B.der
Signature verification succeeds
[TLS] Server time: 1619970012
[TLS] client_random  (32): C5A325F5BEF1946FB8C415211FF4509F4F51F196166D9B72EC8ACBCC13D42210
[TLS] sign_hash (32): 22599A33D8D2E013F799345A10501897D0E7615C987126601847B37F36C35D6F
[TLS] Written transcript to proofs/MSG_TLS_C5A325F5.out, proofs/SIG_TLS_C5A325F5.out and proofs/PK_TLS_C5A325F5.der
Signature verification succeeds
[TLS] Server time: 1619970012
[TLS] client_random  (32): 7C9E83B680F7DF86B016BF93EEBD2E3F5E9683B5984F68F6BC0D83719BE34B18
[TLS] sign_hash (32): FA358CC2BABDACD3A3EE4414265C9777473D294BA617C87DCC8C1B901147C986
[TLS] Written transcript to proofs/MSG_TLS_7C9E83B6.out, proofs/SIG_TLS_7C9E83B6.out and proofs/PK_TLS_7C9E83B6.der
Signature verification succeeds
[TLS] Server time: 1619970012
[TLS] client_random  (32): 4F4E449C4573AD9BB9AC89B5FE88A44FEB5A788B781A7E0D21AC8658167D2AF2
[TLS] sign_hash (32): 7D2B3F434DA345D73695BD9162B531DF8D1A45234CBD04B3A0034113A0F9B470
[TLS] Written transcript to proofs/MSG_TLS_4F4E449C.out, proofs/SIG_TLS_4F4E449C.out and proofs/PK_TLS_4F4E449C.der
Signature verification succeeds
[TLS] Server time: 1619970012
[TLS] client_random  (32): 19C91816EA6E615130B0C8BB7D260FF37D6C1DD11484B49C1760B62C1096D518
[TLS] sign_hash (32): 304A9872A3990253D22E8134634D8CDE3A0EB11980DBB09B0439295CE3BB42F3
[TLS] Written transcript to proofs/MSG_TLS_19C91816.out, proofs/SIG_TLS_19C91816.out and proofs/PK_TLS_19C91816.der
Signature verification succeeds
[TLS] Server time: 1619970012
[TLS] client_random  (32): E84FD285DDEFD04D7D5DB5065E3EC16DEA7E8095FAE51601103638CFCC0E024D
[TLS] sign_hash (32): 54323BDE0945C2B156FC13F568ECCAA74A45A32ACE8FFEB44A7C3ACAAC09AB09
[TLS] Written transcript to proofs/MSG_TLS_E84FD285.out, proofs/SIG_TLS_E84FD285.out and proofs/PK_TLS_E84FD285.der
Signature verification succeeds
[TLS] Server time: 1619970012
[TLS] client_random  (32): 063952A7ED935EBCF0C864F856E01D5E306308725EBABC7E2473D57F45FDC6B8
[TLS] sign_hash (32): 7DACA42A9B1CDCCCA1CFD1A27CE2BB731E532571031D0040336064FCD4C9ED90
[TLS] Written transcript to proofs/MSG_TLS_063952A7.out, proofs/SIG_TLS_063952A7.out and proofs/PK_TLS_063952A7.der
Signature verification succeeds
[TLS] Server time: 1619970012
[TLS] client_random  (32): B6CBDAEB82E390FF756F60FD6A3732D4542C90BF0FEDDD4BC105E6A4BED38351
[TLS] sign_hash (32): 7735CB1D367FB6B0260F604A2ECA1C60971C07F5C6985BBFEFFF499D16B1A87E
[TLS] Written transcript to proofs/MSG_TLS_B6CBDAEB.out, proofs/SIG_TLS_B6CBDAEB.out and proofs/PK_TLS_B6CBDAEB.der
Signature verification succeeds
[TLS] Server time: 1619970012
[TLS] client_random  (32): 1C1017C21547B4D74A03C40F9B0AD6EB9B8C3F42062F24647972B8FE3F963D0C
[TLS] sign_hash (32): B68CFC5781708A9B8FAC89378DB6CA37CF8911B2B3E47A34F62618C7CFDBE5CC
[TLS] Written transcript to proofs/MSG_TLS_1C1017C2.out, proofs/SIG_TLS_1C1017C2.out and proofs/PK_TLS_1C1017C2.der
Signature verification succeeds
[TLS] Server time: 1619970012
[TLS] client_random  (32): AF9192CDD79EB7D1BA083E21813EE87F178CCB8B70609B6FCC8960D8D2BC27C0
[TLS] sign_hash (32): A92251A925244DCC6F47B2B4E8203E0074A4B253753925B3AC8C5A8BF4D70334
[TLS] Written transcript to proofs/MSG_TLS_AF9192CD.out, proofs/SIG_TLS_AF9192CD.out and proofs/PK_TLS_AF9192CD.der
Signature verification succeeds
[TLS] Server time: 1619970012
[TLS] client_random  (32): 286D366A86E3077E93312CD1BFD5A5EBE8B09082CFA7D1B93DEE5E06027D5E46
[TLS] sign_hash (32): 7A53678B8D78F0B4CC0CB9CC26A890CB2DFA6AAA3359C18B51504879BEECB86B
[TLS] Written transcript to proofs/MSG_TLS_286D366A.out, proofs/SIG_TLS_286D366A.out and proofs/PK_TLS_286D366A.der
Signature verification succeeds
[TLS] Server time: 1619970012
[TLS] client_random  (32): 16635EF9A961F97DD1C6F1CBBB9CB25A1331F32B35E035ABAD227636B956709A
[TLS] sign_hash (32): F6B7F321DE18859DFF60002E42D16E03FFDB4E649D057405E8A46778985CE840
[TLS] Written transcript to proofs/MSG_TLS_16635EF9.out, proofs/SIG_TLS_16635EF9.out and proofs/PK_TLS_16635EF9.der
Signature verification succeeds
[TLS] Server time: 1619970012
[TLS] client_random  (32): 966F422FC1AA3C2B2D8D4F44E4F8DC822C04D55785057E1747489FFA7035FC76
[TLS] sign_hash (32): ACF7A4EEDCE998868EEA8BEBAAF3575E8511B9DB6E9F99B9F4CF358D83AD0A3B
[TLS] Written transcript to proofs/MSG_TLS_966F422F.out, proofs/SIG_TLS_966F422F.out and proofs/PK_TLS_966F422F.der
Signature verification succeeds
[TLS] Server time: 1619970012
[TLS] client_random  (32): 4DFD66FECB03A329A480A2B0768B5B8EA8A2A3E845C45725084C7D1BA0FAF17E
[TLS] sign_hash (32): 9532B891769F0FB7DAAA1E5B944F1BA9EDAFF244AFB2E156AB3E9D35E30E32D1
[TLS] Written transcript to proofs/MSG_TLS_4DFD66FE.out, proofs/SIG_TLS_4DFD66FE.out and proofs/PK_TLS_4DFD66FE.der
Signature verification succeeds
[TLS] Server time: 1619970012
[TLS] client_random  (32): B7B7E5A9F7D427DD5BA9AEB64451695F10720E8B26581F72ADB4A5A215B28310
[TLS] sign_hash (32): D20DC7343F2D814A3B9C774B9F971FD4235FB579F240D28947939C238AC7CC96
[TLS] Written transcript to proofs/MSG_TLS_B7B7E5A9.out, proofs/SIG_TLS_B7B7E5A9.out and proofs/PK_TLS_B7B7E5A9.der
Signature verification succeeds
[TLS] Server time: 1619970012
[TLS] client_random  (32): 089E80599401457D5AFF03A51829E8128F089FBEE83A6B1DC8322E52F05B09D3
[TLS] sign_hash (32): 8552674D849164D9A6D621B1854D6C294594334AF08DC5FD72D8DF051D058870
[TLS] Written transcript to proofs/MSG_TLS_089E8059.out, proofs/SIG_TLS_089E8059.out and proofs/PK_TLS_089E8059.der
Signature verification succeeds
[TLS] Server time: 1619970012
[TLS] client_random  (32): 107CB312C7569205FD46D5EB3DF3AF0877D474A1BE795FAFDA425E8221004F57
[TLS] sign_hash (32): FAB92F5BC242B0EB2A57303E9B9C10700959B6CA9CCA3B65D412D5ABB43AEAC9
[TLS] Written transcript to proofs/MSG_TLS_107CB312.out, proofs/SIG_TLS_107CB312.out and proofs/PK_TLS_107CB312.der
Signature verification succeeds
[TLS] Server time: 1619970012
[TLS] client_random  (32): 4CE9C5356CB688CD2B62D109F9515D8A12B30CDAFA656F9186B6001BD854637A
[TLS] sign_hash (32): 18684DE5AC7C4B5740232B888CC20BC3CFD148F768D2554F68C76218453C3AB3
[TLS] Written transcript to proofs/MSG_TLS_4CE9C535.out, proofs/SIG_TLS_4CE9C535.out and proofs/PK_TLS_4CE9C535.der
Signature verification succeeds
[TLS] Server time: 1619970012
[TLS] client_random  (32): 97009419D00FBC487F5CA8090B82600E170A67DEDD72E495BB463C822ADDA588
[TLS] sign_hash (32): 466B1FF68A904D82489B362E397A83DC70B3321DF959C79D580136142CEE7531
[TLS] Written transcript to proofs/MSG_TLS_97009419.out, proofs/SIG_TLS_97009419.out and proofs/PK_TLS_97009419.der
Signature verification succeeds
[TLS] Server time: 1619970013
[TLS] client_random  (32): 0C1C6BA7C520A8C8D8841FE5EBF6F38C60CDBC256E15594F12E186F35E516AC4
[TLS] sign_hash (32): 68FF6C7FE7FADAB60D872E86BB31CB1B5BF3EBD3A4130BD4637CAAD9DA57805E
[TLS] Written transcript to proofs/MSG_TLS_0C1C6BA7.out, proofs/SIG_TLS_0C1C6BA7.out and proofs/PK_TLS_0C1C6BA7.der
Signature verification succeeds
[TLS] Server time: 1619970013
[TLS] client_random  (32): 914CBDE1C5F4C82545445C4BAF78FB8370430A1EE37123096742BECE2D96541F
[TLS] sign_hash (32): BF2B9EFA0BED0BB055908D67B5120C04B80CC742A4EBAA8CC73EF9D0E14BE335
[TLS] Written transcript to proofs/MSG_TLS_914CBDE1.out, proofs/SIG_TLS_914CBDE1.out and proofs/PK_TLS_914CBDE1.der
Signature verification succeeds
[TLS] Server time: 1619970013
[TLS] client_random  (32): 92546472ED74521A328943679CE4098ED898D35AA5CC917BEDDE1FB968DBDE6D
[TLS] sign_hash (32): B7F57ED793F44C4A1E3E9892213ED7C79940C5E3E143979B3177387EAAF35899
[TLS] Written transcript to proofs/MSG_TLS_92546472.out, proofs/SIG_TLS_92546472.out and proofs/PK_TLS_92546472.der
Signature verification succeeds
[TLS] Server time: 1619970013
[TLS] client_random  (32): D1D34990EAC58629794A8237BD130E1EEF529BEC687EE0F493175E629043E457
[TLS] sign_hash (32): 8E547298CE945E8E68548997332CCD7F4AAE23C4DBE0FCE84A0E44151AABB502
[TLS] Written transcript to proofs/MSG_TLS_D1D34990.out, proofs/SIG_TLS_D1D34990.out and proofs/PK_TLS_D1D34990.der
Signature verification succeeds
[TLS] Server time: 1619970013
[TLS] client_random  (32): 780FC6F2461C43F8AE6BCC15AF6C7AE8F3C3620A9A261E581812A4FA10CDE2FF
[TLS] sign_hash (32): 201436CC46B740BC55349E90C999198EAE8FB0B3B09F537CBD1126CF3018DFC2
[TLS] Written transcript to proofs/MSG_TLS_780FC6F2.out, proofs/SIG_TLS_780FC6F2.out and proofs/PK_TLS_780FC6F2.der
Signature verification succeeds
[TLS] Server time: 1619970013
[TLS] client_random  (32): E7838D700CA52D154336BC34D763A9CAFC74C028E7921D3E172FE02ABEF85ACE
[TLS] sign_hash (32): 4FC59926C9CA143C588C0C5AD019C8823AE885427FF84048EADF87A182B2B93D
[TLS] Written transcript to proofs/MSG_TLS_E7838D70.out, proofs/SIG_TLS_E7838D70.out and proofs/PK_TLS_E7838D70.der
Signature verification succeeds
[TLS] Server time: 1619970013
[TLS] client_random  (32): 0F7BC04152888BA5B93ECE9BE0DBAEFCB204557A26D2A66199811C84DDBFC196
[TLS] sign_hash (32): 9B4F7C7C629CF9CEC86076B99CEA726AA92F35E191C74FEC7A285A1134C7EBB3
[TLS] Written transcript to proofs/MSG_TLS_0F7BC041.out, proofs/SIG_TLS_0F7BC041.out and proofs/PK_TLS_0F7BC041.der
Signature verification succeeds
[TLS] Server time: 1619970013
[TLS] client_random  (32): B8B3EDB955864FCA7A0DC17F54CE764AC300CCAA108BA517DBDD4C4F7397F976
[TLS] sign_hash (32): 59C3B0F2C525596609451286FE11B6A2D6311CC41BE5CAE9A0111C09FEA63736
[TLS] Written transcript to proofs/MSG_TLS_B8B3EDB9.out, proofs/SIG_TLS_B8B3EDB9.out and proofs/PK_TLS_B8B3EDB9.der
Signature verification succeeds
[TLS] Server time: 1619970013
[TLS] client_random  (32): 606C92E5F0F429407A05ABE451652F5D58953DB02D8225B867CD8AFE9C54631F
[TLS] sign_hash (32): 0A990A82916264E23CDD3B72C2E5EA9146384BC3C65C963936F6EC90179B10C1
[TLS] Written transcript to proofs/MSG_TLS_606C92E5.out, proofs/SIG_TLS_606C92E5.out and proofs/PK_TLS_606C92E5.der
Signature verification succeeds
[TLS] Server time: 1619970013
[TLS] client_random  (32): A63EABE145ABF50F514D3EBA589FA4739828221A2A70DFBB93A3BB2E5A2256D7
[TLS] sign_hash (32): 941EE107E32881959B874F56F689DCC3B3CC12B139B3A3F6359B3FE808FA4157
[TLS] Written transcript to proofs/MSG_TLS_A63EABE1.out, proofs/SIG_TLS_A63EABE1.out and proofs/PK_TLS_A63EABE1.der
Signature verification succeeds
[TLS] Server time: 1619970013
[TLS] client_random  (32): 1B2A502EF2600BD5C54FAC1342E8D769EB507F09C6E550170AAFEA56A4E3F5A8
[TLS] sign_hash (32): B26AD40F7AB7D7E6981B5A4E92BA6DCF7CA78EB2B6A96F1665317302E24F62C1
[TLS] Written transcript to proofs/MSG_TLS_1B2A502E.out, proofs/SIG_TLS_1B2A502E.out and proofs/PK_TLS_1B2A502E.der
Signature verification succeeds
[TLS] Server time: 1619970013
[TLS] client_random  (32): 0E5423E8962E1D36A715C6C13C7498C812AC2F4DFC3C61E3F94B6C2568DEA7B6
[TLS] sign_hash (32): ED7C2AA287FFD59A40A011EEC6168FACB98CE7179E3EFAD2762176D5E55A52A5
[TLS] Written transcript to proofs/MSG_TLS_0E5423E8.out, proofs/SIG_TLS_0E5423E8.out and proofs/PK_TLS_0E5423E8.der
Signature verification succeeds
[TLS] Server time: 1619970013
[TLS] client_random  (32): 94B8FCF31A454E7E8AA5618D51C5AD611BC115BD0DCCFDEA4FFABE366B7EFDE5
[TLS] sign_hash (32): B153DEE652574D01839468CEBFDC7C54FEB08B0D2593D78EFD7C85015379270A
[TLS] Written transcript to proofs/MSG_TLS_94B8FCF3.out, proofs/SIG_TLS_94B8FCF3.out and proofs/PK_TLS_94B8FCF3.der
Signature verification succeeds
[TLS] Server time: 1619970013
[TLS] client_random  (32): C7E52C143FDD80EF4F181AC557B0D51D7749055F391058EE8DE89BA3A4721EA1
[TLS] sign_hash (32): 3A627A8D7A5B77B0BFACB4F3988081CB77FDC09DEA2D3ABFBEA0225B3A97ECE9
[TLS] Written transcript to proofs/MSG_TLS_C7E52C14.out, proofs/SIG_TLS_C7E52C14.out and proofs/PK_TLS_C7E52C14.der
Signature verification succeeds
[TLS] Server time: 1619970013
[TLS] client_random  (32): 23EF8647ABB274C1634C8753F54701F28640FA3CAAE000B92B5635C485B1ADF4
[TLS] sign_hash (32): 445EAA937F3BAF1246D630434F48EBE261F04A39185F01A18B31EA130C67254E
[TLS] Written transcript to proofs/MSG_TLS_23EF8647.out, proofs/SIG_TLS_23EF8647.out and proofs/PK_TLS_23EF8647.der
Signature verification succeeds
[TLS] Server time: 1619970013
[TLS] client_random  (32): EB5211FC3C9CD5392266181CFF39FDC21F77091C14B8ACC32891DED12BC587B5
[TLS] sign_hash (32): 50F503CD6A50B1EF466210BD5EE14C06571C4068ACA47F46B925FA0B51D7FE24
[TLS] Written transcript to proofs/MSG_TLS_EB5211FC.out, proofs/SIG_TLS_EB5211FC.out and proofs/PK_TLS_EB5211FC.der
Signature verification succeeds
[TLS] Server time: 1619970013
[TLS] client_random  (32): 8FAF83F7AED5212F63C4FCF335AE5B034F93C1EB37F99E3686027165553D1428
[TLS] sign_hash (32): 7B5EA5E95B38F18E49323A91111EBE1970BF880CE8E0441F7CB135FCFC906D66
[TLS] Written transcript to proofs/MSG_TLS_8FAF83F7.out, proofs/SIG_TLS_8FAF83F7.out and proofs/PK_TLS_8FAF83F7.der
Signature verification succeeds
[TLS] Server time: 1619970013
[TLS] client_random  (32): 793239342A5B09F1BC2C152D4B6E0EB4965AD4C9C72F258F4FF54822855AB75F
[TLS] sign_hash (32): 3B834488FB0EABCE9BFE947B37C28DF0B3A07CA823D1FBA038770C95BF5FC016
[TLS] Written transcript to proofs/MSG_TLS_79323934.out, proofs/SIG_TLS_79323934.out and proofs/PK_TLS_79323934.der
Signature verification succeeds
[TLS] Server time: 1619970013
[TLS] client_random  (32): C03AD5D59202E2E39318C5C74796546CB7A0186AD84A0052C8CC5A4E44061985
[TLS] sign_hash (32): F8B988C1BAED5C752B79557CEADC0C90AB4EA059B54D2138B09E333C41D52491
[TLS] Written transcript to proofs/MSG_TLS_C03AD5D5.out, proofs/SIG_TLS_C03AD5D5.out and proofs/PK_TLS_C03AD5D5.der
Signature verification succeeds
[TLS] Server time: 1619970013
[TLS] client_random  (32): 8A6977C3AD707AB64B7F571CE7D4F67D838D731D6DA904ED1706D456E2995AC0
[TLS] sign_hash (32): 5097424CF0B4C5908624F883EDFA79293D681B97C8B52F44B7DA7AA30E496A32
[TLS] Written transcript to proofs/MSG_TLS_8A6977C3.out, proofs/SIG_TLS_8A6977C3.out and proofs/PK_TLS_8A6977C3.der
Signature verification succeeds
[TLS] Server time: 1619970013
[TLS] client_random  (32): 27759464F8F302FBBF66E848ACDEDB02A50B365DCA0A96C681CDF2E5AE785049
[TLS] sign_hash (32): 1EE54AD7997A3D008E93DAD2D55F7C35F942AE1CC1EA149B4D1AE92DD39FE121
[TLS] Written transcript to proofs/MSG_TLS_27759464.out, proofs/SIG_TLS_27759464.out and proofs/PK_TLS_27759464.der
Signature verification succeeds
[TLS] Server time: 1619970013
[TLS] client_random  (32): 632763321698BCE2965F12A1A0426DA703D5678E437E4ED3BD310DBCED66B201
[TLS] sign_hash (32): 56ECD9155B546C61D90D0215E33419F9E2AA89D88F37D57390BF1F9CA07343CA
[TLS] Written transcript to proofs/MSG_TLS_63276332.out, proofs/SIG_TLS_63276332.out and proofs/PK_TLS_63276332.der
Signature verification succeeds
[TLS] Server time: 1619970013
[TLS] client_random  (32): 2B359D3C07E689B996AABF0A95BBE0E8AEDBA698D4BFD367CC12C512F0BF3F66
[TLS] sign_hash (32): E0BD2160E8D45B5D60C2128065564ECE96E7351FA7869559FE3D41CE3C3F075A
[TLS] Written transcript to proofs/MSG_TLS_2B359D3C.out, proofs/SIG_TLS_2B359D3C.out and proofs/PK_TLS_2B359D3C.der
Signature verification succeeds
[TLS] Server time: 1619970013
[TLS] client_random  (32): D78212010CC07F61B60AD6ED7AD4CD238D5EE5502AD0005F30B8468A56B78C2C
[TLS] sign_hash (32): 61AE160BC8437A945AEBD6467C6408371057F610AC88EF75874B3D63E4E1A3F2
[TLS] Written transcript to proofs/MSG_TLS_D7821201.out, proofs/SIG_TLS_D7821201.out and proofs/PK_TLS_D7821201.der
Signature verification succeeds
[TLS] Server time: 1619970013
[TLS] client_random  (32): E559F6BE0F766E48106438E1D1964C0C93EA8B8375FFCE78320DE4ACB7F17541
[TLS] sign_hash (32): BA905589CAF5C8C4B2018A75321A92CC66AF038220DDAF4BA14C50214C85E049
[TLS] Written transcript to proofs/MSG_TLS_E559F6BE.out, proofs/SIG_TLS_E559F6BE.out and proofs/PK_TLS_E559F6BE.der
Signature verification succeeds
[TLS] Server time: 1619970013
[TLS] client_random  (32): 460BE7B4723A5145399C08C2BE97DE889C42EAA405A1E2E4EBD34211FA395C86
[TLS] sign_hash (32): 728FD391098C1A0478CFEFE8977C96B928D033A60A2D2EA25643379E57A57DA2
[TLS] Written transcript to proofs/MSG_TLS_460BE7B4.out, proofs/SIG_TLS_460BE7B4.out and proofs/PK_TLS_460BE7B4.der
Signature verification succeeds
[TLS] Server time: 1619970013
[TLS] client_random  (32): 2C66595401CAEA8A1311B0F916532D7E2366FA761143A7950EEAC3FC30B0053A
[TLS] sign_hash (32): 9EFA61B30FF0BE17B0416D2B97B06C7FAAE00F89F6253435475ED8D1179DD38B
[TLS] Written transcript to proofs/MSG_TLS_2C665954.out, proofs/SIG_TLS_2C665954.out and proofs/PK_TLS_2C665954.der
Signature verification succeeds
[TLS] Server time: 1619970013
[TLS] client_random  (32): C0D36D480B9511DCDB03701546437FFB21B51824040ECADC6A64CA4FA71EDFCB
[TLS] sign_hash (32): C0189E442D892BF711A09778E90F6159441D0B168B8CB6080F04C473D9DD862C
[TLS] Written transcript to proofs/MSG_TLS_C0D36D48.out, proofs/SIG_TLS_C0D36D48.out and proofs/PK_TLS_C0D36D48.der
Signature verification succeeds
[TLS] Server time: 1619970013
[TLS] client_random  (32): 7CE085DCB0F32492A39BA9DDAB56766D3DFD029A4E840FDCE1181DFFE1A08D82
[TLS] sign_hash (32): DAFD84C992B9A0930699C08BB6EBD5C8D43D7A16BABA23103635B041BA765F27
[TLS] Written transcript to proofs/MSG_TLS_7CE085DC.out, proofs/SIG_TLS_7CE085DC.out and proofs/PK_TLS_7CE085DC.der
Signature verification succeeds
[TLS] Server time: 1619970013
[TLS] client_random  (32): B15E1831ED7CC2E872744A47965FE74437CDCAC8F7C96FFC44F72B7FA820B8AA
[TLS] sign_hash (32): 27F42E1CE04F1879299A52063F1DC078F36186A0416C3273E573414934FEF17B
[TLS] Written transcript to proofs/MSG_TLS_B15E1831.out, proofs/SIG_TLS_B15E1831.out and proofs/PK_TLS_B15E1831.der
Signature verification succeeds
[TLS] Server time: 1619970013
[TLS] client_random  (32): 7F84A6B6D349D414643EF8F62FA2782F6A33E8497016BE152994B54DB3448C77
[TLS] sign_hash (32): C6FE49721251E5177392D2A1B25BB9F10892A812F551DB15C3FE071EADC97E9A
[TLS] Written transcript to proofs/MSG_TLS_7F84A6B6.out, proofs/SIG_TLS_7F84A6B6.out and proofs/PK_TLS_7F84A6B6.der
Signature verification succeeds
[TLS] Server time: 1619970013
[TLS] client_random  (32): A88CDB9C1D4EB03BFA126D265E36760D0EEBC43FB3FBAA58CBD4A4DB6F5AEAB7
[TLS] sign_hash (32): 53C373DA582862E01CDC732E972146C24416059ED1A7F2FC40318B19ECCC3104
[TLS] Written transcript to proofs/MSG_TLS_A88CDB9C.out, proofs/SIG_TLS_A88CDB9C.out and proofs/PK_TLS_A88CDB9C.der
Signature verification succeeds
[TLS] Server time: 1619970013
[TLS] client_random  (32): 16F533F29AABAD2F76FED9A5F403AB5CC841989FD9739F089C6147DB9AF57ACB
[TLS] sign_hash (32): 8C29F0EBD8239279BC644AC29E969B90E98EF08A1EA6BE10F1C458AA50F2B564
[TLS] Written transcript to proofs/MSG_TLS_16F533F2.out, proofs/SIG_TLS_16F533F2.out and proofs/PK_TLS_16F533F2.der
Signature verification succeeds
[TLS] Server time: 1619970013
[TLS] client_random  (32): E2903C1D2B50596335EDE7B5F97B6E866534CE21C035E86DF4CC4A3B893DB421
[TLS] sign_hash (32): B7DCB1338949043370ADE6D3ACD926B2CCD460E8D3B30B80E8CB21C77191FE40
[TLS] Written transcript to proofs/MSG_TLS_E2903C1D.out, proofs/SIG_TLS_E2903C1D.out and proofs/PK_TLS_E2903C1D.der
Signature verification succeeds
[TLS] Server time: 1619970013
[TLS] client_random  (32): 04C5D5F6400CDCDDC5BAB841518173E59C5DB1D27CFCFD3A14EC7F55C4D58422
[TLS] sign_hash (32): 34D5B1671C8A0CFEC34D732D4D918FED94AF6C430EB12BBC6EB666BA76B7D43C
[TLS] Written transcript to proofs/MSG_TLS_04C5D5F6.out, proofs/SIG_TLS_04C5D5F6.out and proofs/PK_TLS_04C5D5F6.der
Signature verification succeeds
[TLS] Server time: 1619970013
[TLS] client_random  (32): 3A49B22C75F5CD1D15CB4C2C9CF800E40AC0DD689B69BCC9C9E25FEC3779E2F4
[TLS] sign_hash (32): 2065594849885CA3C11E8DFD53BC698D9473E2F08DB9A9A65A8CF7F784843F67
[TLS] Written transcript to proofs/MSG_TLS_3A49B22C.out, proofs/SIG_TLS_3A49B22C.out and proofs/PK_TLS_3A49B22C.der
Signature verification succeeds
[TLS] Server time: 1619970013
[TLS] client_random  (32): 95169EAADAF02A569DEAEF6D704ED2BAFBD7AEC6BDBF39D49245F0CBBD235D45
[TLS] sign_hash (32): E2722D9D7CE8EBC7EBA319BB4BB3506F39CCB719FE64ED5E71C9264CFA00EE4D
[TLS] Written transcript to proofs/MSG_TLS_95169EAA.out, proofs/SIG_TLS_95169EAA.out and proofs/PK_TLS_95169EAA.der
Signature verification succeeds
[TLS] Server time: 1619970013
[TLS] client_random  (32): 44794665456BF49AD2F5A8D0414E24DE6693ED8E0E8D10577AAD806958141913
[TLS] sign_hash (32): 69B52C1B4226E75B6CBCA6ACCEDA841DB3437F46FDD1CE8708118A59F6AA044F
[TLS] Written transcript to proofs/MSG_TLS_44794665.out, proofs/SIG_TLS_44794665.out and proofs/PK_TLS_44794665.der
Signature verification succeeds
[TLS] Server time: 1619970013
[TLS] client_random  (32): B878FB9169E93686B55754342859DC9E899F876AA301CCD45096BC00EF0056B1
[TLS] sign_hash (32): 37A328D8E7E218904D61C227AA362B0769F569D42FC8051C287E61E880013292
[TLS] Written transcript to proofs/MSG_TLS_B878FB91.out, proofs/SIG_TLS_B878FB91.out and proofs/PK_TLS_B878FB91.der
Signature verification succeeds
[TLS] Server time: 1619970013
[TLS] client_random  (32): E0EC2B27DCE9AD79361816B0AA6E1066CAE61DC378C7311BBB6446997CA373A6
[TLS] sign_hash (32): B4E66C4B4722D093E55D118F7575A41597D88E8F5C4B559308191FE92F6D39F5
[TLS] Written transcript to proofs/MSG_TLS_E0EC2B27.out, proofs/SIG_TLS_E0EC2B27.out and proofs/PK_TLS_E0EC2B27.der
Signature verification succeeds
[TLS] Server time: 1619970013
[TLS] client_random  (32): 3228A35F7BDD4FA71F8C2A7FCC974EBEB39433D04315B971671393C33575BD11
[TLS] sign_hash (32): 294C20ADE6AE56844A0993F5C609AC849F48E7D8158D10F4EAF0B1A474C1FFC3
[TLS] Written transcript to proofs/MSG_TLS_3228A35F.out, proofs/SIG_TLS_3228A35F.out and proofs/PK_TLS_3228A35F.der
Signature verification succeeds
[TLS] Server time: 1619970013
[TLS] client_random  (32): 1F7A9BC13518D018103044CA4E2EC65BF21264FB6731B00C8C7E72492B7A2C9A
[TLS] sign_hash (32): 932B4A2FDFE32B843BFB249CFE97798815A1092EB98F24AAD5CEE02F4F6B435B
[TLS] Written transcript to proofs/MSG_TLS_1F7A9BC1.out, proofs/SIG_TLS_1F7A9BC1.out and proofs/PK_TLS_1F7A9BC1.der
Signature verification succeeds
[TLS] Server time: 1619970013
[TLS] client_random  (32): C888CC71302F2A13742F79DF19B2D0A85835B34D62396A904F94F32DEC74A6A5
[TLS] sign_hash (32): 2A68070FA3905A6CECE74790B07678CE567BC33E71849FEC37B50BE8D6FDC5FF
[TLS] Written transcript to proofs/MSG_TLS_C888CC71.out, proofs/SIG_TLS_C888CC71.out and proofs/PK_TLS_C888CC71.der
Signature verification succeeds
[TLS] Server time: 1619970013
[TLS] client_random  (32): 37CB9CC031A3556FAF7C8BB11FD5123C69E3F6B33B9B9EAA43218B0AD88FAAC3
[TLS] sign_hash (32): 7A1541C0861001F5567293B7C4E6B929C5CF954936182C9F3CB99E59D33D083E
[TLS] Written transcript to proofs/MSG_TLS_37CB9CC0.out, proofs/SIG_TLS_37CB9CC0.out and proofs/PK_TLS_37CB9CC0.der
Signature verification succeeds
[TLS] Server time: 1619970013
[TLS] client_random  (32): 31A2FB12BD20F9A88C09B5DB91ED82B5825DB8AC05AC536C5DE7C2443D2E28E8
[TLS] sign_hash (32): 0A6CA7C6EBF28683E6BF008DC0C58A239DB59CA92A41866570DF99AB75461F61
[TLS] Written transcript to proofs/MSG_TLS_31A2FB12.out, proofs/SIG_TLS_31A2FB12.out and proofs/PK_TLS_31A2FB12.der
Signature verification succeeds
[TLS] Server time: 1619970013
[TLS] client_random  (32): DF7DA50A5B7227400C1233BE779977255FB9C5DC2A8EA3ABEB15C9551559E566
[TLS] sign_hash (32): C94BBA2072FFB99A9CFFE468270E239B8A71629D3DD9734C7A412200589715FD
[TLS] Written transcript to proofs/MSG_TLS_DF7DA50A.out, proofs/SIG_TLS_DF7DA50A.out and proofs/PK_TLS_DF7DA50A.der
Signature verification succeeds
[TLS] Server time: 1619970013
[TLS] client_random  (32): 32308B309C2507C7868EF1603468BA096EE8187032E6940FACD19192E013AEBF
[TLS] sign_hash (32): 38F4474692CF35B5A3EEC47822D1A8DCB6D375ADD629DEA3A2B2398D64E93430
[TLS] Written transcript to proofs/MSG_TLS_32308B30.out, proofs/SIG_TLS_32308B30.out and proofs/PK_TLS_32308B30.der
Signature verification succeeds
[TLS] Server time: 1619970013
[TLS] client_random  (32): F358FCD0DBBF70C0CA75C1E82439F38B5C1FE36E05344F7252836C369A1A1A11
[TLS] sign_hash (32): 8B46FAB5F8C3E93C722374FF63E990AEF4EF2D3AEC51BF2DD4ECCC95641AE1C6
[TLS] Written transcript to proofs/MSG_TLS_F358FCD0.out, proofs/SIG_TLS_F358FCD0.out and proofs/PK_TLS_F358FCD0.der
Signature verification succeeds
[TLS] Server time: 1619970013
[TLS] client_random  (32): 99C8CA52CA3FC12D40F33ACFBF4E6C826346C6A30C9A614D2180586AA39F9E53
[TLS] sign_hash (32): 8EFBD123FE2828C4C48316067684FCCB061A8E44493B019BFC0D77FCC39068A3
[TLS] Written transcript to proofs/MSG_TLS_99C8CA52.out, proofs/SIG_TLS_99C8CA52.out and proofs/PK_TLS_99C8CA52.der
Signature verification succeeds
[TLS] Server time: 1619970013
[TLS] client_random  (32): 1207B5C5301EEEE2A9D6152C7AA98EAE4B8B26C5638869894D50F8831D22C4F3
[TLS] sign_hash (32): F276F482FF1A00DE368856E9DDE313D8EB98A06C44D238DA2E474A09FFF9270D
[TLS] Written transcript to proofs/MSG_TLS_1207B5C5.out, proofs/SIG_TLS_1207B5C5.out and proofs/PK_TLS_1207B5C5.der
Signature verification succeeds
[TLS] Server time: 1619970013
[TLS] client_random  (32): A74E4A03C4252B183E0207698E97BC8C719544D1D6A2447A1AC0B0C5110A6FC8
[TLS] sign_hash (32): 1FEC6048C36D56EDBA142BFF50580688C35596AFCF7CD4E1C490577ABFDA832B
[TLS] Written transcript to proofs/MSG_TLS_A74E4A03.out, proofs/SIG_TLS_A74E4A03.out and proofs/PK_TLS_A74E4A03.der
Signature verification succeeds
[TLS] Server time: 1619970013
[TLS] client_random  (32): 925098E7FAFA495D27190EA644D0EE8EE78B925C607F0E3E8F5467A4F424F290
[TLS] sign_hash (32): 96290DA99ED7DED0CE9626B0A4535DB01F974D6D400540AA82A9D10EAA5B9042
[TLS] Written transcript to proofs/MSG_TLS_925098E7.out, proofs/SIG_TLS_925098E7.out and proofs/PK_TLS_925098E7.der
Signature verification succeeds
[TLS] Server time: 1619970013
[TLS] client_random  (32): 4DDAF485486C7DD375785642C3D5F9159B7B719276BE563142901B8252B397C0
[TLS] sign_hash (32): 3485E9199842F23B8F6952600C12F2A08EC1FB4F031D320A54428AAC0398FECA
[TLS] Written transcript to proofs/MSG_TLS_4DDAF485.out, proofs/SIG_TLS_4DDAF485.out and proofs/PK_TLS_4DDAF485.der
Signature verification succeeds
[TLS] Server time: 1619970013
[TLS] client_random  (32): B21FD6412C9E8C053EE09DB6342E68965BA5C8620855559EF8B859427E4797A2
[TLS] sign_hash (32): 99A7CDDAD335377CB7EA1C7999EF9913ED3B4C117EBCCC4AC8B81FC05FD30CB6
[TLS] Written transcript to proofs/MSG_TLS_B21FD641.out, proofs/SIG_TLS_B21FD641.out and proofs/PK_TLS_B21FD641.der
Signature verification succeeds
[TLS] Server time: 1619970013
[TLS] client_random  (32): EEF512A4D6AF0C6A50ECAB3CF5E16F52C5762915F3EA8290ADA6D66852AAE742
[TLS] sign_hash (32): B7A5759EF7E09F37142763C848C48407EFDDC3939FF96B8C2A754B558BA69C6A
[TLS] Written transcript to proofs/MSG_TLS_EEF512A4.out, proofs/SIG_TLS_EEF512A4.out and proofs/PK_TLS_EEF512A4.der
Signature verification succeeds
[TLS] Server time: 1619970013
[TLS] client_random  (32): 3441D78F8E04C39FE89427F2128DD7DD4FC84D3711B84DCCE05382179109D5C3
[TLS] sign_hash (32): B47C3F2F0E7C9F3A77FA19DB82320EF097FA854B9918CD06D3B46AC442694847
[TLS] Written transcript to proofs/MSG_TLS_3441D78F.out, proofs/SIG_TLS_3441D78F.out and proofs/PK_TLS_3441D78F.der
Signature verification succeeds
[TLS] Server time: 1619970013
[TLS] client_random  (32): 973CF82BE9EA0D704C3608DCEFB059B412273B152582504AF547CB6BDE323C3F
[TLS] sign_hash (32): DE87E0D7CB2A16FF8EA0E5EE826CAEF2A75BFBCEAC5785CF1B8075FD8CF02C16
[TLS] Written transcript to proofs/MSG_TLS_973CF82B.out, proofs/SIG_TLS_973CF82B.out and proofs/PK_TLS_973CF82B.der
Signature verification succeeds
[TLS] Server time: 1619970013
[TLS] client_random  (32): E5B259E9CE0CCA3EE7A56A8CF76A1B09DD8A2EC2B0AE610794F99C02A9AD6E9B
[TLS] sign_hash (32): F1C72C77D4F146A293B5661C8BD703324A3CCFE179AB133A90EE823E3CBD9F29
[TLS] Written transcript to proofs/MSG_TLS_E5B259E9.out, proofs/SIG_TLS_E5B259E9.out and proofs/PK_TLS_E5B259E9.der
Signature verification succeeds
[TLS] Server time: 1619970013
[TLS] client_random  (32): BFBE07C6DE8A3D7BD7431C6FB3654F4A3E41BF8A2427254851DB8C55A334C0A5
[TLS] sign_hash (32): 6292DB016435C150D768A2067DA155CE5569E9968D0C404D4D02E06630427B91
[TLS] Written transcript to proofs/MSG_TLS_BFBE07C6.out, proofs/SIG_TLS_BFBE07C6.out and proofs/PK_TLS_BFBE07C6.der
Signature verification succeeds
[TLS] Server time: 1619970013
[TLS] client_random  (32): FC4A0801259BADADA4D6A10FDCF2A63338FAD0005D1455BCA7364BEDA8007C78
[TLS] sign_hash (32): ACA0F1D0422621E141E75FFE0BF10A677B5D3E9F204127E67D80C1628912CEBD
[TLS] Written transcript to proofs/MSG_TLS_FC4A0801.out, proofs/SIG_TLS_FC4A0801.out and proofs/PK_TLS_FC4A0801.der
Signature verification succeeds
[TLS] Server time: 1619970014
[TLS] client_random  (32): AACB2AB767AAA4C5EC6F60DCB9B58924D2AAD2B7DF52C98CBCD1C9B7EFF694D4
[TLS] sign_hash (32): BE3E2778DF85DBBBA3685FFC80CEFF032CE56CE8AF7B3F7A541DDA6530B08ED6
[TLS] Written transcript to proofs/MSG_TLS_AACB2AB7.out, proofs/SIG_TLS_AACB2AB7.out and proofs/PK_TLS_AACB2AB7.der
Signature verification succeeds
[TLS] Server time: 1619970014
[TLS] client_random  (32): B04E5FC1ADF9D43CF0CFE3132FF01885FC18B739E0D627FE1852FCD634E56795
[TLS] sign_hash (32): FDF4DC4C3F2F8DDDBBAA22E4DB3EA2A8E6EB9F7F33F9E8A3F68B3155B30C9CF6
[TLS] Written transcript to proofs/MSG_TLS_B04E5FC1.out, proofs/SIG_TLS_B04E5FC1.out and proofs/PK_TLS_B04E5FC1.der
Signature verification succeeds
[TLS] Server time: 1619970014
[TLS] client_random  (32): 3EA7AB07549AD7624817295431333EE028F91B3A5F80DCE74764C4AFE8FF9EC2
[TLS] sign_hash (32): E69ACD08D1FE335152F04EAFE5D971471B5B0D7AA4C150A07D1112253167398F
[TLS] Written transcript to proofs/MSG_TLS_3EA7AB07.out, proofs/SIG_TLS_3EA7AB07.out and proofs/PK_TLS_3EA7AB07.der
Signature verification succeeds
[TLS] Server time: 1619970014
[TLS] client_random  (32): DE3E4B0017F59C3FA770B925AB327F338ECBE5F51EFAC6235CC2940AC0D22525
[TLS] sign_hash (32): 1AC74C30DFC873766C91E99A3C3167D9DF3B7C312303DD6AB43CBFB86A9C5DF8
[TLS] Written transcript to proofs/MSG_TLS_DE3E4B00.out, proofs/SIG_TLS_DE3E4B00.out and proofs/PK_TLS_DE3E4B00.der
Signature verification succeeds
[TLS] Server time: 1619970014
[TLS] client_random  (32): B7E6B0AD48415F5F4E38D5E0061D7EB16366E52EEC6152522F1E91FC2A554AB0
[TLS] sign_hash (32): 9097047575CF125FC66B508B0A315F998F565AAED235766A84203BC889B93179
[TLS] Written transcript to proofs/MSG_TLS_B7E6B0AD.out, proofs/SIG_TLS_B7E6B0AD.out and proofs/PK_TLS_B7E6B0AD.der
Signature verification succeeds
[TLS] Server time: 1619970014
[TLS] client_random  (32): B9BB7A955762961CA40802C2D66761940781355437DB10DE0B4696C18D8B2FCF
[TLS] sign_hash (32): 7A66A1A9695EE5FA7AF19AB39EB2D9F7D6BE41BF68D65D3F6108D5BBBAC0EE12
[TLS] Written transcript to proofs/MSG_TLS_B9BB7A95.out, proofs/SIG_TLS_B9BB7A95.out and proofs/PK_TLS_B9BB7A95.der
Signature verification succeeds
[TLS] Server time: 1619970014
[TLS] client_random  (32): C5CD236ED7AE0295EFE7D0F7E9269AE7C03AC7BC7E85F96C460AFC3AFB05CE1C
[TLS] sign_hash (32): 77527FA2391933F8FDF20FACD16A3FA740B02AF8B9F615BF21351666B5806EF5
[TLS] Written transcript to proofs/MSG_TLS_C5CD236E.out, proofs/SIG_TLS_C5CD236E.out and proofs/PK_TLS_C5CD236E.der
Signature verification succeeds
[TLS] Server time: 1619970014
[TLS] client_random  (32): 882D5A0559C7A18C6928862C52850E69650443B0C6E725A34E734FB1FBDB5E42
[TLS] sign_hash (32): F9CE484A744C6F761EBFC3050840C8F139CDF39303165A85B07277B143680B9B
[TLS] Written transcript to proofs/MSG_TLS_882D5A05.out, proofs/SIG_TLS_882D5A05.out and proofs/PK_TLS_882D5A05.der
Signature verification succeeds
[TLS] Server time: 1619970014
[TLS] client_random  (32): CAD993A7B4E728D33B0F0E0CD28D59707E22D23AD95D7559C0277E866D886ECF
[TLS] sign_hash (32): 6F5CE1EB12E0D9226EA7DA4D0EFEFDFBB9ECC69C222D8BF7769329AC1F088835
[TLS] Written transcript to proofs/MSG_TLS_CAD993A7.out, proofs/SIG_TLS_CAD993A7.out and proofs/PK_TLS_CAD993A7.der
Signature verification succeeds
[TLS] Server time: 1619970014
[TLS] client_random  (32): AC0F7769249CA200A76612E43FBF4DCA46367036A17EE53543C7171DFF6CF1E8
[TLS] sign_hash (32): 98418175BD07712FC0FD6B63DB1ECF350A4098C2322042618DC9F8583C104C1B
[TLS] Written transcript to proofs/MSG_TLS_AC0F7769.out, proofs/SIG_TLS_AC0F7769.out and proofs/PK_TLS_AC0F7769.der
Signature verification succeeds
Time breakdown (averages): anchor_ping:14.435273 file_read:0.150880 hashing:0.471695
Total time for 113 rounds is 1715.981020ms
Standard deviations: anchor_ping:3.027995 file_read:0.014776 hashing:0.005280
[Client-side ops] mean:0.622575 sd:0.015188
in & out anchor rand written to proofs/phase1.out
     44 [TLS] Server time: 1619970012
     60 [TLS] Server time: 1619970013
     10 [TLS] Server time: 1619970014
Count is 44
Count is 60
Count is 10
success: 1
RESULT: 1 in 2 tries
