TLS anchor: gold.ac.uk
Actual: 55, Set: 113
Beginning execution at Sun May 2 03:10:01 UTC 2021
CONF: anchor:gold.ac.uk fs:1024MB n_rounds:113 seed:5c9f4bf9bbc15bb855f82faedc5a52fc3ab2dfa8ec3ba3ce1b270f31fa0cced2 filename:FILE bs:1024 nops:100 benchmarking:0 anchor_ping:1 queue_depth:32 direct:0
[TLS] Connecting to gold.ac.uk
[TLS] Server time: 1619925002
[TLS] client_random  (32): 5C9F4BF9BBC15BB855F82FAEDC5A52FC3AB2DFA8EC3BA3CE1B270F31FA0CCED2
[TLS] sign_hash (32): B6BB37206E61ED706E4F915F7831F13B7633EFB39E316B629FD4F19F2CB6DA91
[TLS] Written transcript to proofs/MSG_TLS_5C9F4BF9.out, proofs/SIG_TLS_5C9F4BF9.out and proofs/PK_TLS_5C9F4BF9.der
Signature verification succeeds
[TLS] Server time: 1619925002
[TLS] client_random  (32): 9A0C88CBE7B6E2E6C34446A4E0944A216970D561CA9B0431E7CFE4661CB09DA6
[TLS] sign_hash (32): FAC290F495E379F1E4E6D089887485B2FF6805C483BDE3D03D3E10418C72C7BE
[TLS] Written transcript to proofs/MSG_TLS_9A0C88CB.out, proofs/SIG_TLS_9A0C88CB.out and proofs/PK_TLS_9A0C88CB.der
Signature verification succeeds
[TLS] Server time: 1619925002
[TLS] client_random  (32): 39473E50F1435AF9E2B2B151E9B37710EDFA2099C99F7DA533A4F805C23E1471
[TLS] sign_hash (32): D257983E43F9DF664E249B3ABD97EA5F6A7E4619599B01A89CA0A5C85F3DABCA
[TLS] Written transcript to proofs/MSG_TLS_39473E50.out, proofs/SIG_TLS_39473E50.out and proofs/PK_TLS_39473E50.der
Signature verification succeeds
[TLS] Server time: 1619925002
[TLS] client_random  (32): 21449C10E61A5E88D31304A08F78E685CED26AAA6AAFD2018E65A95CE5350194
[TLS] sign_hash (32): 97AC5CD8D67953AD6E222FB0D42A74356252359500C53E97597AC9394F253D00
[TLS] Written transcript to proofs/MSG_TLS_21449C10.out, proofs/SIG_TLS_21449C10.out and proofs/PK_TLS_21449C10.der
Signature verification succeeds
[TLS] Server time: 1619925002
[TLS] client_random  (32): FC0478B8CE6B06C79D8C07EA8A910AFFD48D5F5D0E470D6431B182374F38C0AA
[TLS] sign_hash (32): DF79B878F2BF1E6946B38313F1939E0CDA66714BA8A566A7BEE3B04BC1EEF3D5
[TLS] Written transcript to proofs/MSG_TLS_FC0478B8.out, proofs/SIG_TLS_FC0478B8.out and proofs/PK_TLS_FC0478B8.der
Signature verification succeeds
[TLS] Server time: 1619925002
[TLS] client_random  (32): EF9B667ACBBC1231614C96024D3B54AE9B0511A17B4B41772EEC752FCB52CA2F
[TLS] sign_hash (32): 2C59B272F4C36F388222DD82ED743BD053B2E6E76FE69126BCFB178477A6240D
[TLS] Written transcript to proofs/MSG_TLS_EF9B667A.out, proofs/SIG_TLS_EF9B667A.out and proofs/PK_TLS_EF9B667A.der
Signature verification succeeds
[TLS] Server time: 1619925002
[TLS] client_random  (32): B6B58670090D4320EBD9B2F3EBD9C9ED4F561F65664DE70DA551B9117D921B28
[TLS] sign_hash (32): E99E36CE58D4C1A461A6F0F8FD31F615E499873A3C4E1EC13FB5188CB572D796
[TLS] Written transcript to proofs/MSG_TLS_B6B58670.out, proofs/SIG_TLS_B6B58670.out and proofs/PK_TLS_B6B58670.der
Signature verification succeeds
[TLS] Server time: 1619925002
[TLS] client_random  (32): 39E208ED92DD2085B571EC6ECAE455BFFD14D46F8842671F21D005D64D6F88FB
[TLS] sign_hash (32): DC45D1BDDD08D2ABA89D9A1337E64985ED5DAC277BE123D4268681F46D190E8C
[TLS] Written transcript to proofs/MSG_TLS_39E208ED.out, proofs/SIG_TLS_39E208ED.out and proofs/PK_TLS_39E208ED.der
Signature verification succeeds
[TLS] Server time: 1619925002
[TLS] client_random  (32): 244AD13BAF8E4F79D928BB231FD097BCBEF930F8F6826899FA10F9AB3683AA10
[TLS] sign_hash (32): 5053CBF3040E1E0852C373ACF2863C264E53FA95AA5D7641B91AEB949C1FA6C3
[TLS] Written transcript to proofs/MSG_TLS_244AD13B.out, proofs/SIG_TLS_244AD13B.out and proofs/PK_TLS_244AD13B.der
Signature verification succeeds
[TLS] Server time: 1619925002
[TLS] client_random  (32): 7D61B7CF28E9B9B2C61C135EEF40144BC3BED30BA4C28EFE23254298D1848688
[TLS] sign_hash (32): 824245F5E3F105B5F5ABA2E0A49FF7B476283BE119395A16ACC26BDFA0B9652C
[TLS] Written transcript to proofs/MSG_TLS_7D61B7CF.out, proofs/SIG_TLS_7D61B7CF.out and proofs/PK_TLS_7D61B7CF.der
Signature verification succeeds
[TLS] Server time: 1619925002
[TLS] client_random  (32): BCA971CFBBBA99971AB27D735AC4232F43DFA835F6ED385B20E549702307436D
[TLS] sign_hash (32): 5E003CB9F2B7E3FDDE489CFA1FD11BA0B9465C211126C022A7E4C2118DA6EC02
[TLS] Written transcript to proofs/MSG_TLS_BCA971CF.out, proofs/SIG_TLS_BCA971CF.out and proofs/PK_TLS_BCA971CF.der
Signature verification succeeds
[TLS] Server time: 1619925002
[TLS] client_random  (32): 711DD790F81D0A8BADB4E698B3DB5776C8B252131B808E44F37CE379460987C5
[TLS] sign_hash (32): 686AC4FC30398CCBD8F5C8DBF0C2010347DD49F3EF84AC394EAA6131BD7A33EF
[TLS] Written transcript to proofs/MSG_TLS_711DD790.out, proofs/SIG_TLS_711DD790.out and proofs/PK_TLS_711DD790.der
Signature verification succeeds
[TLS] Server time: 1619925002
[TLS] client_random  (32): 8CAE2963BC2B098EF8F1DD9E08356C689C3E2C3E9344ED0A46F1234200A53D3E
[TLS] sign_hash (32): C211E9995521D1A6072D862DBF167A1A0C49DA573284838FBF615087BF784EDC
[TLS] Written transcript to proofs/MSG_TLS_8CAE2963.out, proofs/SIG_TLS_8CAE2963.out and proofs/PK_TLS_8CAE2963.der
Signature verification succeeds
[TLS] Server time: 1619925002
[TLS] client_random  (32): A1E090E3A3338554697F92F46289B457555B9096EEC084C792556B5295D9D58A
[TLS] sign_hash (32): 0766CD158393F116F214A180A809580A572A49F66BFAB19B320E8CB75261B046
[TLS] Written transcript to proofs/MSG_TLS_A1E090E3.out, proofs/SIG_TLS_A1E090E3.out and proofs/PK_TLS_A1E090E3.der
Signature verification succeeds
[TLS] Server time: 1619925003
[TLS] client_random  (32): 95DA910C1205C7B5739A9EEEC8A41F8084BD0CEFD3BF12E2C4EC63B1D292A36B
[TLS] sign_hash (32): 05B4B71488C780771E514F09BAADB319F719E12BAA347F9CEF7B9AA00633E257
[TLS] Written transcript to proofs/MSG_TLS_95DA910C.out, proofs/SIG_TLS_95DA910C.out and proofs/PK_TLS_95DA910C.der
Signature verification succeeds
[TLS] Server time: 1619925004
[TLS] client_random  (32): CA31B1A7B84940F3E8479A6BE4B219BA2CE96122FC695541383CA7B5BC54B0ED
[TLS] sign_hash (32): C78C4400A8381F08D473F51061B477355A940607EA7DD7ED2D3CFBE16500B0BE
[TLS] Written transcript to proofs/MSG_TLS_CA31B1A7.out, proofs/SIG_TLS_CA31B1A7.out and proofs/PK_TLS_CA31B1A7.der
Signature verification succeeds
[TLS] Server time: 1619925004
[TLS] client_random  (32): D59AD39BC91B11D3C1D174B3A70CEED0BB67F82C63FB64441433E788C823A988
[TLS] sign_hash (32): 7CBBFBC31309EF6AA7D9370AD62D1FB163F29AC7DEDDDA30D0EA1A03E50983AD
[TLS] Written transcript to proofs/MSG_TLS_D59AD39B.out, proofs/SIG_TLS_D59AD39B.out and proofs/PK_TLS_D59AD39B.der
Signature verification succeeds
[TLS] Server time: 1619925004
[TLS] client_random  (32): 350ACCAEF6D634EC592F1458B0DA0DE242D3C3C75648FB96A0D7931488E113EA
[TLS] sign_hash (32): 46E9E14ED4D5EB39E30BC566C6E3BE792BE6E0B2C3B2840832B9622B138EAF05
[TLS] Written transcript to proofs/MSG_TLS_350ACCAE.out, proofs/SIG_TLS_350ACCAE.out and proofs/PK_TLS_350ACCAE.der
Signature verification succeeds
[TLS] Server time: 1619925004
[TLS] client_random  (32): FF6902D706DE18C5B41AE74873C6D0C2244C5949F5002BAE4FBA2ACF7C3622E1
[TLS] sign_hash (32): 692079DE54A0967440DDDB56A66C3E5D02D3E4070FD444F3F83E511A83568D7C
[TLS] Written transcript to proofs/MSG_TLS_FF6902D7.out, proofs/SIG_TLS_FF6902D7.out and proofs/PK_TLS_FF6902D7.der
Signature verification succeeds
[TLS] Server time: 1619925005
[TLS] client_random  (32): B96F127F0BC1AC52AD6E9066D84DA0B52EBA97EE422C056F1DC0F288A9AC1158
[TLS] sign_hash (32): C95D77E8047FEB1BD5DC3D6554F356029566F8A09A85CAFF47AB876EF117AE49
[TLS] Written transcript to proofs/MSG_TLS_B96F127F.out, proofs/SIG_TLS_B96F127F.out and proofs/PK_TLS_B96F127F.der
Signature verification succeeds
[TLS] Server time: 1619925005
[TLS] client_random  (32): 2A7F28AC74EA743D66F86007F8DCEEC705374C098BB34BB9D329C198B91272AB
[TLS] sign_hash (32): A5088ABA4D98FFE05175E69D8C87B2EBDF215EE234406F03A86F78127C7E62DD
[TLS] Written transcript to proofs/MSG_TLS_2A7F28AC.out, proofs/SIG_TLS_2A7F28AC.out and proofs/PK_TLS_2A7F28AC.der
Signature verification succeeds
[TLS] Server time: 1619925005
[TLS] client_random  (32): 8859AD6067B4713A7771409C23C9875DEB89DB2647F9F55D675878FDD60D3B00
[TLS] sign_hash (32): 74389685583794F447AF9C869FDDA38111FAB9FB31EF9431E996FD2A340C70F2
[TLS] Written transcript to proofs/MSG_TLS_8859AD60.out, proofs/SIG_TLS_8859AD60.out and proofs/PK_TLS_8859AD60.der
Signature verification succeeds
[TLS] Server time: 1619925006
[TLS] client_random  (32): 67EA7F5ACDC8370953E7157422592AB3C721D5825187AA292D1009354997B389
[TLS] sign_hash (32): 210801157935E000AEAC5AE3277B7DC5AEDECA6419B4BE216CD926F7A2C61F14
[TLS] Written transcript to proofs/MSG_TLS_67EA7F5A.out, proofs/SIG_TLS_67EA7F5A.out and proofs/PK_TLS_67EA7F5A.der
Signature verification succeeds
[TLS] Server time: 1619925006
[TLS] client_random  (32): 55707317BB989F28A9B63D3936315FED400303A6C8BECC85BBBFF2C76250E6CA
[TLS] sign_hash (32): 18B9E945EBDA47BA23BE5109C9841E2E8366D974719403A9F6F42A22966B6E6B
[TLS] Written transcript to proofs/MSG_TLS_55707317.out, proofs/SIG_TLS_55707317.out and proofs/PK_TLS_55707317.der
Signature verification succeeds
[TLS] Server time: 1619925006
[TLS] client_random  (32): 8259F5139A1CD57E91A3A8C4714ADE589690D5404DA5E61FDB80C703B12B378F
[TLS] sign_hash (32): 8F68B8A499B3804898B2E1931F16F52BB3AECE3A483DE7B0D29F31F0F9674382
[TLS] Written transcript to proofs/MSG_TLS_8259F513.out, proofs/SIG_TLS_8259F513.out and proofs/PK_TLS_8259F513.der
Signature verification succeeds
[TLS] Server time: 1619925006
[TLS] client_random  (32): D85F87A454BE965D0479491708266E2A5C604DA7F9862EC26BDD560323A6412D
[TLS] sign_hash (32): 383CAF18BA655283339A9876CA34A4EBAC9D3A6181A251565EABD8D463E7FAD5
[TLS] Written transcript to proofs/MSG_TLS_D85F87A4.out, proofs/SIG_TLS_D85F87A4.out and proofs/PK_TLS_D85F87A4.der
Signature verification succeeds
[TLS] Server time: 1619925006
[TLS] client_random  (32): 22617AD56F48E5ADED9DA9AF7F5D8F78FA10FDD3BE6C210DC329CF276869BA9C
[TLS] sign_hash (32): 037645F80ED3CB6B7156C572859B2A8DA42A085FFA0D61FB5AFAE52B148776AF
[TLS] Written transcript to proofs/MSG_TLS_22617AD5.out, proofs/SIG_TLS_22617AD5.out and proofs/PK_TLS_22617AD5.der
Signature verification succeeds
[TLS] Server time: 1619925006
[TLS] client_random  (32): 13FC2146236C2902B011B11A572AF475C69E134F7A29997B05008C0D1D81E29A
[TLS] sign_hash (32): F8307663914EF874A7BBD66C554BC4D07DD56BF974474198C253D0CDE38F70C9
[TLS] Written transcript to proofs/MSG_TLS_13FC2146.out, proofs/SIG_TLS_13FC2146.out and proofs/PK_TLS_13FC2146.der
Signature verification succeeds
[TLS] Server time: 1619925006
[TLS] client_random  (32): 4EE555EC137A47029FFD44DB2CD6AD8305F06704CCEF94421EDF971DB029A6A0
[TLS] sign_hash (32): 82C14F77BB528F96FCA7424D45B96741D3D324728692867EDB2F225E4AF8EB7C
[TLS] Written transcript to proofs/MSG_TLS_4EE555EC.out, proofs/SIG_TLS_4EE555EC.out and proofs/PK_TLS_4EE555EC.der
Signature verification succeeds
[TLS] Server time: 1619925006
[TLS] client_random  (32): B4B35E4D8B2A221E8234C71AABC9CDC249998A0840E4FB5F7AB4E4B149303E8D
[TLS] sign_hash (32): 8B7F5798A1257EEFD1B44F36B14B1F458CED9F86A0FEEF963A586C04AE23C4C2
[TLS] Written transcript to proofs/MSG_TLS_B4B35E4D.out, proofs/SIG_TLS_B4B35E4D.out and proofs/PK_TLS_B4B35E4D.der
Signature verification succeeds
[TLS] Server time: 1619925006
[TLS] client_random  (32): 4CFBA7DD08EC3C73DE2793E3EFAB78D71461416D2C71438F153C4417AA4F1FEA
[TLS] sign_hash (32): 3FD1853545319EEB75CF1107484DD5CF13D286404DD3D697AE5C92A4E75F5952
[TLS] Written transcript to proofs/MSG_TLS_4CFBA7DD.out, proofs/SIG_TLS_4CFBA7DD.out and proofs/PK_TLS_4CFBA7DD.der
Signature verification succeeds
[TLS] Server time: 1619925006
[TLS] client_random  (32): B390B5C319A3D104CED44BCB5BEE1511A76658E7155535A51E639EDD9100E94F
[TLS] sign_hash (32): C26CADAA780FC12B58F0942DCBF20DF94E77F15453EB5FAC04111FED89CA53E1
[TLS] Written transcript to proofs/MSG_TLS_B390B5C3.out, proofs/SIG_TLS_B390B5C3.out and proofs/PK_TLS_B390B5C3.der
Signature verification succeeds
[TLS] Server time: 1619925006
[TLS] client_random  (32): 10C401D34E5B1EC6F1D23AEEA2B4D612BC410E99913BD39DF3DE5251430DD61F
[TLS] sign_hash (32): 3C01E5C8CFBFEFF409362C8A6441994311FCA3671F8B8AF2A1CC99FC772135D2
[TLS] Written transcript to proofs/MSG_TLS_10C401D3.out, proofs/SIG_TLS_10C401D3.out and proofs/PK_TLS_10C401D3.der
Signature verification succeeds
[TLS] Server time: 1619925007
[TLS] client_random  (32): C2E28E6D1A5C7666966EB4EA10932B1B4168DF017960CAE78248DAE1BE76E55B
[TLS] sign_hash (32): DCACF00AAE454B1BF81F654BC8382EF768DBB8FE8108F91E2335A934BE5B8CFB
[TLS] Written transcript to proofs/MSG_TLS_C2E28E6D.out, proofs/SIG_TLS_C2E28E6D.out and proofs/PK_TLS_C2E28E6D.der
Signature verification succeeds
[TLS] Server time: 1619925007
[TLS] client_random  (32): B829316EAFAA252C434CB961405B0C985BA3EABC5727BCAD24839E5F13CB5CD7
[TLS] sign_hash (32): 1E664A53B3C1188DACA0F59243F37708B462CA0CE83A1ECFBF4D211B11935B37
[TLS] Written transcript to proofs/MSG_TLS_B829316E.out, proofs/SIG_TLS_B829316E.out and proofs/PK_TLS_B829316E.der
Signature verification succeeds
[TLS] Server time: 1619925007
[TLS] client_random  (32): 892B844FE095830B38851975D8635314D3849137A7BB81EB9D93E857FFE2A046
[TLS] sign_hash (32): F035E0231AD6A003263692E8848D0A87B22D04C01D49893CBD56FF3C09976990
[TLS] Written transcript to proofs/MSG_TLS_892B844F.out, proofs/SIG_TLS_892B844F.out and proofs/PK_TLS_892B844F.der
Signature verification succeeds
[TLS] Server time: 1619925007
[TLS] client_random  (32): 1674D2B95F88BBA776F252C169EA79A435B2E96CA68A50B1A7452E7A583B4F09
[TLS] sign_hash (32): 975C24935FE3ECF5392D809CAEE1B6F1661653235D4BBCC1B9BF8C2DA0083070
[TLS] Written transcript to proofs/MSG_TLS_1674D2B9.out, proofs/SIG_TLS_1674D2B9.out and proofs/PK_TLS_1674D2B9.der
Signature verification succeeds
[TLS] Server time: 1619925007
[TLS] client_random  (32): DE4DF20672C0515F90000C31AF2B1A791496B568FD2D8D134AB89CA7F6A2C634
[TLS] sign_hash (32): 1DA93B5F902A382868B0EC3B6FA4464D6D81D00C16CAFA593880ABC4600F6D7F
[TLS] Written transcript to proofs/MSG_TLS_DE4DF206.out, proofs/SIG_TLS_DE4DF206.out and proofs/PK_TLS_DE4DF206.der
Signature verification succeeds
[TLS] Server time: 1619925007
[TLS] client_random  (32): 2C24B71C97D15F1E6D87C1FFCCF03C9CE009609E56C9E659D56D8E93120282AF
[TLS] sign_hash (32): F5F00BFDA4D83D55673F820FA22939042C3AADACFD3F5097DD3E82CB1FD49E78
[TLS] Written transcript to proofs/MSG_TLS_2C24B71C.out, proofs/SIG_TLS_2C24B71C.out and proofs/PK_TLS_2C24B71C.der
Signature verification succeeds
[TLS] Server time: 1619925007
[TLS] client_random  (32): FEBE7C6E7C079DB33E8CF92BA0C30571E3F0A5337F50B006BDBD61DAC88E9491
[TLS] sign_hash (32): 1E0193219A150CA581B3638EC199E647DC6D4B3CF6BC14E83861668FEF9EDB2B
[TLS] Written transcript to proofs/MSG_TLS_FEBE7C6E.out, proofs/SIG_TLS_FEBE7C6E.out and proofs/PK_TLS_FEBE7C6E.der
Signature verification succeeds
[TLS] Server time: 1619925007
[TLS] client_random  (32): E3436ACABBCD4BF199EF540B05F591B7335E5ADD3E676FC043EF9A91C5A694B4
[TLS] sign_hash (32): 8FAA1CA3FF96DDFB807BFBBE94AC1CACA544E3F34C24BEAB1D85F3AA7EB6253A
[TLS] Written transcript to proofs/MSG_TLS_E3436ACA.out, proofs/SIG_TLS_E3436ACA.out and proofs/PK_TLS_E3436ACA.der
Signature verification succeeds
[TLS] Server time: 1619925007
[TLS] client_random  (32): 81450C220BBB6729068B9FBF5191E4C8598336A9E89E6897B330840C9171A013
[TLS] sign_hash (32): 8C8FDCAEEB95C44E244C0FB730CCEAD88ADDF0706DB51A27674EAF23840337AF
[TLS] Written transcript to proofs/MSG_TLS_81450C22.out, proofs/SIG_TLS_81450C22.out and proofs/PK_TLS_81450C22.der
Signature verification succeeds
[TLS] Server time: 1619925007
[TLS] client_random  (32): D218D089CC9E8FECDF5A87E06FDCA27945CA1424BA06F853C3ACEC76DD858083
[TLS] sign_hash (32): 9D9B991E32EBE6BB9FDE8A5BB85E7ABE18CDF99FC86F6666862FFA2116B757A8
[TLS] Written transcript to proofs/MSG_TLS_D218D089.out, proofs/SIG_TLS_D218D089.out and proofs/PK_TLS_D218D089.der
Signature verification succeeds
[TLS] Server time: 1619925007
[TLS] client_random  (32): FC4D70B26D384D3A8D5A6B73C6249E2FA01132765D99D6AC493E7CB601F652DE
[TLS] sign_hash (32): 8586C692D208FAAD81DC2F1F3DA4ED92025A467AEFBFE08DB50CA9665B543324
[TLS] Written transcript to proofs/MSG_TLS_FC4D70B2.out, proofs/SIG_TLS_FC4D70B2.out and proofs/PK_TLS_FC4D70B2.der
Signature verification succeeds
[TLS] Server time: 1619925007
[TLS] client_random  (32): 23B25C6B836DD75841A41B052F0151A7DE24644FA2CC601D364FC40DC12F3104
[TLS] sign_hash (32): 0F3A173001BB778A214BA109DC3BD8D4612C2D18617198FFCBA17534C6175FA7
[TLS] Written transcript to proofs/MSG_TLS_23B25C6B.out, proofs/SIG_TLS_23B25C6B.out and proofs/PK_TLS_23B25C6B.der
Signature verification succeeds
[TLS] Server time: 1619925007
[TLS] client_random  (32): 9E46A5D61CEC788FF35AD02A98595F1603775210D9B4C5DC63039A92641ECEBB
[TLS] sign_hash (32): A269E2388B50C8CDB95689F3DF24F3838B4FFED464503F0C87F251BD09CE18E0
[TLS] Written transcript to proofs/MSG_TLS_9E46A5D6.out, proofs/SIG_TLS_9E46A5D6.out and proofs/PK_TLS_9E46A5D6.der
Signature verification succeeds
[TLS] Server time: 1619925007
[TLS] client_random  (32): F9F53EE9AD1CE0AEF7E9A6A383AA2F54B0BBEDF8EB7A3804619FF5D6DB755865
[TLS] sign_hash (32): 966490C7C642D269E947CEBE376000F88C2A73B81CF90CEC63A4817F49B72E05
[TLS] Written transcript to proofs/MSG_TLS_F9F53EE9.out, proofs/SIG_TLS_F9F53EE9.out and proofs/PK_TLS_F9F53EE9.der
Signature verification succeeds
[TLS] Server time: 1619925007
[TLS] client_random  (32): 20F55FEDB464AEB18954BB1423CF8E79CE85536C8656CD35430F64FE05BE9F88
[TLS] sign_hash (32): 98307BA83171F40C4CA7100D1460333A175C08EBD4AFC676B6984F78BCFBC06B
[TLS] Written transcript to proofs/MSG_TLS_20F55FED.out, proofs/SIG_TLS_20F55FED.out and proofs/PK_TLS_20F55FED.der
Signature verification succeeds
[TLS] Server time: 1619925007
[TLS] client_random  (32): 23AF9C0297C71E4FC44D4E2D571ADDCEEDEC808CE755C713BCA8D32321B4213D
[TLS] sign_hash (32): D60E77DFBEFF20B4CB470FEF06CACDC9CDF40F4C2B9675031CE888E660ED2C91
[TLS] Written transcript to proofs/MSG_TLS_23AF9C02.out, proofs/SIG_TLS_23AF9C02.out and proofs/PK_TLS_23AF9C02.der
Signature verification succeeds
[TLS] Server time: 1619925007
[TLS] client_random  (32): 61F3E998B46AA9BC8FBC89B59B80673C14967593C5B70CEABF1B09869AA383DB
[TLS] sign_hash (32): B3BB5F7CA9E81BC11E903219CCCDA2863F282F987E541CB36D89B8DE2529FEE6
[TLS] Written transcript to proofs/MSG_TLS_61F3E998.out, proofs/SIG_TLS_61F3E998.out and proofs/PK_TLS_61F3E998.der
Signature verification succeeds
[TLS] Server time: 1619925007
[TLS] client_random  (32): 7E9A56392007E578D1084B12E04C0095130E7BAD17BC81147286FC7A369B4316
[TLS] sign_hash (32): 6FB7186ACABC3690E04CEF848775CB1C407BE833AFEA5B03390D05A7417E3C82
[TLS] Written transcript to proofs/MSG_TLS_7E9A5639.out, proofs/SIG_TLS_7E9A5639.out and proofs/PK_TLS_7E9A5639.der
Signature verification succeeds
[TLS] Server time: 1619925007
[TLS] client_random  (32): E0F563F75A43E1025A91DAB7D11671696CB33109195F09AEA859DF0A5429141A
[TLS] sign_hash (32): B0D22E4D61E1752099FDDA05CFC5EC507CDC0655BD4A0D33BB9B566299B6B3DB
[TLS] Written transcript to proofs/MSG_TLS_E0F563F7.out, proofs/SIG_TLS_E0F563F7.out and proofs/PK_TLS_E0F563F7.der
Signature verification succeeds
[TLS] Server time: 1619925007
[TLS] client_random  (32): 1E5724DAE2FE52634639DCEDFDB3E4451345FEC34EC5625EFB4B3D0C0DAB7248
[TLS] sign_hash (32): 86083F3C4F4BC2CA92B920F9B838B32601F83512E384923CC4033C071D78C1CD
[TLS] Written transcript to proofs/MSG_TLS_1E5724DA.out, proofs/SIG_TLS_1E5724DA.out and proofs/PK_TLS_1E5724DA.der
Signature verification succeeds
[TLS] Server time: 1619925008
[TLS] client_random  (32): 349BA97A92185B1C5B60922A6CF37CCEDEA6D09A9FDE5C4AB37DB7FABD725D91
[TLS] sign_hash (32): 51779502100F6ACFD8C1662D8CC845956D85E1D4352EE4959D7D13CF9E07AAFA
[TLS] Written transcript to proofs/MSG_TLS_349BA97A.out, proofs/SIG_TLS_349BA97A.out and proofs/PK_TLS_349BA97A.der
Signature verification succeeds
[TLS] Server time: 1619925008
[TLS] client_random  (32): 5DEFE7658F76D13D371F0DEB176B981A425CB48437CD4692DB3CB7CFC0B905D1
[TLS] sign_hash (32): B518DDA0ECFD74D18232C32EECE24ACB906936EEA84F06774A5478056948ABE0
[TLS] Written transcript to proofs/MSG_TLS_5DEFE765.out, proofs/SIG_TLS_5DEFE765.out and proofs/PK_TLS_5DEFE765.der
Signature verification succeeds
[TLS] Server time: 1619925008
[TLS] client_random  (32): 64ECE88BE8B45E527CFD5F3E4E848CB155260386BD82D093A63719C1765BA739
[TLS] sign_hash (32): 555FA5A86A7C6AF62C91CA06AB200852E78122A4883C0BA0F4906D9B290F6E41
[TLS] Written transcript to proofs/MSG_TLS_64ECE88B.out, proofs/SIG_TLS_64ECE88B.out and proofs/PK_TLS_64ECE88B.der
Signature verification succeeds
[TLS] Server time: 1619925008
[TLS] client_random  (32): 7D032CB04500D860648E200B5D95372E04ECAA916176997C0C39E96BFCEA861A
[TLS] sign_hash (32): 34326C9303E19E6CC97E0B91DC6378FBD615C0DC436D17EF267FD89CD95D91AB
[TLS] Written transcript to proofs/MSG_TLS_7D032CB0.out, proofs/SIG_TLS_7D032CB0.out and proofs/PK_TLS_7D032CB0.der
Signature verification succeeds
[TLS] Server time: 1619925008
[TLS] client_random  (32): 4BEB4210D777550D9E25F3DD4E59D5982D479D5323E3E36D1740BB2BDEBCA99B
[TLS] sign_hash (32): 7E3265E4A5F0D7074DDDBCDFB799514964426BC7D4535729C4F6053259FD5055
[TLS] Written transcript to proofs/MSG_TLS_4BEB4210.out, proofs/SIG_TLS_4BEB4210.out and proofs/PK_TLS_4BEB4210.der
Signature verification succeeds
[TLS] Server time: 1619925008
[TLS] client_random  (32): 745C9756F57BABAAE7939E852F40413F61D54E310D3DC39C7090FF173ADD4BA1
[TLS] sign_hash (32): F1FAF92F4A3807CE9073B03CBC79B1CFBC73ADBCEDFB27F5DCB8F666D761CAFC
[TLS] Written transcript to proofs/MSG_TLS_745C9756.out, proofs/SIG_TLS_745C9756.out and proofs/PK_TLS_745C9756.der
Signature verification succeeds
[TLS] Server time: 1619925008
[TLS] client_random  (32): 04DE56E9E670168B45CAF3AF40112449754FFD1B2346B920C7EDE9AB25075A09
[TLS] sign_hash (32): 7C01C04E0D705C561D3E02F1830457B96EC3C4378C0098F5A9B95CCF044B04E1
[TLS] Written transcript to proofs/MSG_TLS_04DE56E9.out, proofs/SIG_TLS_04DE56E9.out and proofs/PK_TLS_04DE56E9.der
Signature verification succeeds
[TLS] Server time: 1619925008
[TLS] client_random  (32): 5C9422F3860AE756A45B32CAFEC65E20D646D25EDB0A03104BFD01094358A29B
[TLS] sign_hash (32): 1C68B30248E1F6F7DD81AA895B5DAC77353E8FF85555754361BE45765C920C23
[TLS] Written transcript to proofs/MSG_TLS_5C9422F3.out, proofs/SIG_TLS_5C9422F3.out and proofs/PK_TLS_5C9422F3.der
Signature verification succeeds
[TLS] Server time: 1619925008
[TLS] client_random  (32): 8ACCF2384ABDA7E7F20684734EAF493F41789AA31854D3CC9CAD6D6A5B1A1711
[TLS] sign_hash (32): 85084C4C5DEDA7288E6EDB5BBE27E096C9968F2D0DFD9F8DA6ACEC6E73762B57
[TLS] Written transcript to proofs/MSG_TLS_8ACCF238.out, proofs/SIG_TLS_8ACCF238.out and proofs/PK_TLS_8ACCF238.der
Signature verification succeeds
[TLS] Server time: 1619925008
[TLS] client_random  (32): 568F4CA7DA2CCD502F77333E65298562B7B65B5EB8BD280D02334599E5D2973F
[TLS] sign_hash (32): 8F5F2DC603455EF397F0E4A1C4F4199925032AD7D96CA9B6E2BF87F648FB4127
[TLS] Written transcript to proofs/MSG_TLS_568F4CA7.out, proofs/SIG_TLS_568F4CA7.out and proofs/PK_TLS_568F4CA7.der
Signature verification succeeds
[TLS] Server time: 1619925008
[TLS] client_random  (32): E02CCDC1B66B07A958817D117889897B92543394FD491D83D3B681B6471E5764
[TLS] sign_hash (32): F17989E6CBA0238BB5F076EA8B89F9B01DBAB43A87C5A2CE902263E2A617BDB4
[TLS] Written transcript to proofs/MSG_TLS_E02CCDC1.out, proofs/SIG_TLS_E02CCDC1.out and proofs/PK_TLS_E02CCDC1.der
Signature verification succeeds
[TLS] Server time: 1619925008
[TLS] client_random  (32): 585C9FA635C0DA92CFFE0C1C19B95DBCAD2BB1528EF75EEEC9F4E71150A43B8A
[TLS] sign_hash (32): B4B545A6F9A49E9D4AC78AD25044E180AFFBA1785CCDA95F326141547C313676
[TLS] Written transcript to proofs/MSG_TLS_585C9FA6.out, proofs/SIG_TLS_585C9FA6.out and proofs/PK_TLS_585C9FA6.der
Signature verification succeeds
[TLS] Server time: 1619925008
[TLS] client_random  (32): 4528C9EFB83720DEA65705371DCA4E7161772A28E4CEFA93897AFF77DDDA2FE8
[TLS] sign_hash (32): 87CFC8EE21681A6EB1811D33DCAB6D7FE84A93863103F71CDB365CADEFF3EE7B
[TLS] Written transcript to proofs/MSG_TLS_4528C9EF.out, proofs/SIG_TLS_4528C9EF.out and proofs/PK_TLS_4528C9EF.der
Signature verification succeeds
[TLS] Server time: 1619925008
[TLS] client_random  (32): 9F561EC3D20FCB90AE6134019F7F243DB2822A7E5A48C5F1D31E230E4F72A391
[TLS] sign_hash (32): 29740277AFE09DDAFE24EEE96F2B26319AF412FB08E3741744F51EA27E8B399A
[TLS] Written transcript to proofs/MSG_TLS_9F561EC3.out, proofs/SIG_TLS_9F561EC3.out and proofs/PK_TLS_9F561EC3.der
Signature verification succeeds
[TLS] Server time: 1619925008
[TLS] client_random  (32): 9782E54CEA40F8230D61BA4483DA306B9EE5F7770A5EFE456FF082E37DA99319
[TLS] sign_hash (32): FDA738462773AB6610E832A51097FA55A2A3B7041D2F59E2C6452C4C12BA9729
[TLS] Written transcript to proofs/MSG_TLS_9782E54C.out, proofs/SIG_TLS_9782E54C.out and proofs/PK_TLS_9782E54C.der
Signature verification succeeds
[TLS] Server time: 1619925008
[TLS] client_random  (32): E355C1F5BAA2A99572FBC9445DEB4E505184478774CD346116C4F23FBFD0FEBF
[TLS] sign_hash (32): 2E4305230C08E0493C3ED385FED910BD052067100C2DDBE252D7ECC6517E0E9E
[TLS] Written transcript to proofs/MSG_TLS_E355C1F5.out, proofs/SIG_TLS_E355C1F5.out and proofs/PK_TLS_E355C1F5.der
Signature verification succeeds
[TLS] Server time: 1619925008
[TLS] client_random  (32): 8DC49F910FDF11079EDB3D2B65EC87DDA36B8FE11F0762D20DC7A23AB337A092
[TLS] sign_hash (32): 3DF0B6F3FDAE791D48A71AC9C7D8859CC85322A27DDD072DB22B5D17F337EC6A
[TLS] Written transcript to proofs/MSG_TLS_8DC49F91.out, proofs/SIG_TLS_8DC49F91.out and proofs/PK_TLS_8DC49F91.der
Signature verification succeeds
[TLS] Server time: 1619925008
[TLS] client_random  (32): 5AF568AA72EDA098905256CC321DD9D95C93E87018B44ADDA4A5EF9B2135CABB
[TLS] sign_hash (32): 58041657926F14EF0133905BD93F5F79EB18A7F5E6DE426BC2B7AF58AD5F3723
[TLS] Written transcript to proofs/MSG_TLS_5AF568AA.out, proofs/SIG_TLS_5AF568AA.out and proofs/PK_TLS_5AF568AA.der
Signature verification succeeds
[TLS] Server time: 1619925008
[TLS] client_random  (32): 097831A00A43CA6DBCE3DDFA790F4217CEF6B5989A2B4C352E1B4F8E59267B7A
[TLS] sign_hash (32): 335433691D5496040F78BAFFB79880125D9F4E821FFCD2D5D5FB097A282EFD15
[TLS] Written transcript to proofs/MSG_TLS_097831A0.out, proofs/SIG_TLS_097831A0.out and proofs/PK_TLS_097831A0.der
Signature verification succeeds
[TLS] Server time: 1619925008
[TLS] client_random  (32): 12D5A8E32BA9410078FC29E9DD902061A9EA4DA2FA285C6A2EAF34EA2D8D5CCD
[TLS] sign_hash (32): FAE74CF4768A11C9E33E4270FF6096901C443942257C289CA69ED46487A7EB92
[TLS] Written transcript to proofs/MSG_TLS_12D5A8E3.out, proofs/SIG_TLS_12D5A8E3.out and proofs/PK_TLS_12D5A8E3.der
Signature verification succeeds
[TLS] Server time: 1619925008
[TLS] client_random  (32): 73638035C2EECDE50C22B2C2C04E71DE6F2FBD3409249FE257019CD55836F1A2
[TLS] sign_hash (32): 229743F084D9F485EB7270A99F965140BCFC0DD3832DB4F56778E710D97F89C5
[TLS] Written transcript to proofs/MSG_TLS_73638035.out, proofs/SIG_TLS_73638035.out and proofs/PK_TLS_73638035.der
Signature verification succeeds
[TLS] Server time: 1619925008
[TLS] client_random  (32): 6ACC60DF7E23FB9BFC8BE355AB00EA2846323033992CFDE909745A57C24B8AE6
[TLS] sign_hash (32): C6B9FB8FF81314E98136C173DC1905DCFAFB8B13D4502AA33793BF2F6C464047
[TLS] Written transcript to proofs/MSG_TLS_6ACC60DF.out, proofs/SIG_TLS_6ACC60DF.out and proofs/PK_TLS_6ACC60DF.der
Signature verification succeeds
[TLS] Server time: 1619925008
[TLS] client_random  (32): E398C561895D0E9892208E4D45FFF4A08E653830B1875E11A2AF6FACD8689FEA
[TLS] sign_hash (32): 07CC8DB8A741AE61B039EEA7528BACF3376B2B7BD51836335DF71933DC82F877
[TLS] Written transcript to proofs/MSG_TLS_E398C561.out, proofs/SIG_TLS_E398C561.out and proofs/PK_TLS_E398C561.der
Signature verification succeeds
[TLS] Server time: 1619925008
[TLS] client_random  (32): D9D4482F940B4F6AB869D7CD454BE4971F7E13AD5ED31A6F2F5C4F5F63A6242B
[TLS] sign_hash (32): CC0D6758BD95B7B6D3BD9F193FE0AC997CEE8BA62F555265FD91AA135D5A64D4
[TLS] Written transcript to proofs/MSG_TLS_D9D4482F.out, proofs/SIG_TLS_D9D4482F.out and proofs/PK_TLS_D9D4482F.der
Signature verification succeeds
[TLS] Server time: 1619925009
[TLS] client_random  (32): 2BEF9372491B4C482FBF667FC8075EEBF3C2F011A3E74E28D470839CA6BE6197
[TLS] sign_hash (32): E7813A7D48FA5C707624ACD53B9400E5B88632906B4B01985A96378A4F4F1A20
[TLS] Written transcript to proofs/MSG_TLS_2BEF9372.out, proofs/SIG_TLS_2BEF9372.out and proofs/PK_TLS_2BEF9372.der
Signature verification succeeds
[TLS] Server time: 1619925009
[TLS] client_random  (32): 9359B5C2714B8F0E4A20AFAB67F55D9E65624F8A770B322308F9F572865611BB
[TLS] sign_hash (32): 7367D3AAD283AADA7451C9CC6C84613A3C3DA0BEFE4E7CF639AFCA5455E7037B
[TLS] Written transcript to proofs/MSG_TLS_9359B5C2.out, proofs/SIG_TLS_9359B5C2.out and proofs/PK_TLS_9359B5C2.der
Signature verification succeeds
[TLS] Server time: 1619925009
[TLS] client_random  (32): 2C192A50C842787489DA59B7B8EA3C6EF0355F0307EC5550633706E398B114AE
[TLS] sign_hash (32): 5E7D3B9CD67C98F1F659261C11747E2CEE31E92236452EA76E693F11061A75BE
[TLS] Written transcript to proofs/MSG_TLS_2C192A50.out, proofs/SIG_TLS_2C192A50.out and proofs/PK_TLS_2C192A50.der
Signature verification succeeds
[TLS] Server time: 1619925009
[TLS] client_random  (32): 92A69F2A9D8B3E25B846587BFECC1F09BEB256EDEAD5CB1263B8955BB6DEAEFF
[TLS] sign_hash (32): A9A7CBBE1EDAB9E15ABD7E4B824C730E382E54C384F76F10A79A1745A5DD620C
[TLS] Written transcript to proofs/MSG_TLS_92A69F2A.out, proofs/SIG_TLS_92A69F2A.out and proofs/PK_TLS_92A69F2A.der
Signature verification succeeds
[TLS] Server time: 1619925009
[TLS] client_random  (32): 37C1F5FFBB78AB892EBF38C782DBCB324658E066F8AA296FFC683E8B9C7B8A2E
[TLS] sign_hash (32): E9F12AAFA37D6FA16032FB4ED6F776EE0A8A0F3432E30EA5F4BACD25C8F2C088
[TLS] Written transcript to proofs/MSG_TLS_37C1F5FF.out, proofs/SIG_TLS_37C1F5FF.out and proofs/PK_TLS_37C1F5FF.der
Signature verification succeeds
[TLS] Server time: 1619925009
[TLS] client_random  (32): C389642C3193D44A3BE196FB11BBCD8895EBC5479DE78B72CDBAE0B466E6729B
[TLS] sign_hash (32): 375CCFF9C7E75E1BF88C6866BF5FEE2D1E9384FCB543938A402FC76A1EEC3E24
[TLS] Written transcript to proofs/MSG_TLS_C389642C.out, proofs/SIG_TLS_C389642C.out and proofs/PK_TLS_C389642C.der
Signature verification succeeds
[TLS] Server time: 1619925009
[TLS] client_random  (32): FCD06580DA1F9CECBA8D8CB3FDC64C6D67A346B99CFB62A66474DBD17E8CAE4A
[TLS] sign_hash (32): 0F2E3FCDF619D3E78C7522247F6B291E4C2F22E1046ACE7D2FFA46533F7B3F34
[TLS] Written transcript to proofs/MSG_TLS_FCD06580.out, proofs/SIG_TLS_FCD06580.out and proofs/PK_TLS_FCD06580.der
Signature verification succeeds
[TLS] Server time: 1619925009
[TLS] client_random  (32): 5CD8FDC6E3A7D30FD64D57BADCCDE5E8A006C93187B23216A31A803670D4DFD4
[TLS] sign_hash (32): 396239EE39C506EF55B75BD5DA28687908F688C91CB248CEBA4C7D016F9A9155
[TLS] Written transcript to proofs/MSG_TLS_5CD8FDC6.out, proofs/SIG_TLS_5CD8FDC6.out and proofs/PK_TLS_5CD8FDC6.der
Signature verification succeeds
[TLS] Server time: 1619925009
[TLS] client_random  (32): 037643C3C45A3456EDB559FBE8A967F5106701B36BDAF54528B34231DD8A866C
[TLS] sign_hash (32): DC95E5F99EF4C15E84EF98A8863142B8ED72FB1943AE543D06D633C671B3003F
[TLS] Written transcript to proofs/MSG_TLS_037643C3.out, proofs/SIG_TLS_037643C3.out and proofs/PK_TLS_037643C3.der
Signature verification succeeds
[TLS] Server time: 1619925009
[TLS] client_random  (32): 860E38350CA3D08C8A813B2038CAC216F6247FE2D16FCF25B50AE5232D0A405E
[TLS] sign_hash (32): 7FC507ADA7003516E2154BE1555A6D33CEFCA5B6DCB46541CFADBDCC04E77567
[TLS] Written transcript to proofs/MSG_TLS_860E3835.out, proofs/SIG_TLS_860E3835.out and proofs/PK_TLS_860E3835.der
Signature verification succeeds
[TLS] Server time: 1619925009
[TLS] client_random  (32): 57FBEF9E3EE14F4159E73D6EE394D71799B61E5E85C6E03978DE17BD281D5F24
[TLS] sign_hash (32): 151E57E37E19CC09493995D4EE13BCB7A3F0295C758BB937F0A2B8C8EA53C01C
[TLS] Written transcript to proofs/MSG_TLS_57FBEF9E.out, proofs/SIG_TLS_57FBEF9E.out and proofs/PK_TLS_57FBEF9E.der
Signature verification succeeds
[TLS] Server time: 1619925009
[TLS] client_random  (32): 311E090B5E546F7B102EFC399061FAE65850B7596DFEC9BFFFCAC96110DA083D
[TLS] sign_hash (32): C17ECD72C3FAFCBA655704D06EBB931342FF8C94D6EDF4548DE502C67243C7A3
[TLS] Written transcript to proofs/MSG_TLS_311E090B.out, proofs/SIG_TLS_311E090B.out and proofs/PK_TLS_311E090B.der
Signature verification succeeds
[TLS] Server time: 1619925009
[TLS] client_random  (32): 3D9DE3C4D9CC4DD4819EFDC44DCDB73717F6095E610E4893CCC07D757776D721
[TLS] sign_hash (32): 1F8A94966E3F4C5647FE1502F1E4C7CF4453848540BCA64CE4A4E8349C79D191
[TLS] Written transcript to proofs/MSG_TLS_3D9DE3C4.out, proofs/SIG_TLS_3D9DE3C4.out and proofs/PK_TLS_3D9DE3C4.der
Signature verification succeeds
[TLS] Server time: 1619925009
[TLS] client_random  (32): C8CD3F79FADA58E54E524E1131C99CC19016280D99163CA31C87D57D0F254EA0
[TLS] sign_hash (32): 2EEC5E314C2F9272B4F57F648AF71E53B4BB4B18CDFD03E107A1D32815DDE64F
[TLS] Written transcript to proofs/MSG_TLS_C8CD3F79.out, proofs/SIG_TLS_C8CD3F79.out and proofs/PK_TLS_C8CD3F79.der
Signature verification succeeds
[TLS] Server time: 1619925009
[TLS] client_random  (32): 4B00F6457004D8DDE4D00169E9B9F37BBF143903B4A3BDA5D36D1D1A398F2297
[TLS] sign_hash (32): B7A9435BEC6CEFB6CB7A0632258FF5EDC5CB3986F4A62D35F5C8FE12E7E9F253
[TLS] Written transcript to proofs/MSG_TLS_4B00F645.out, proofs/SIG_TLS_4B00F645.out and proofs/PK_TLS_4B00F645.der
Signature verification succeeds
[TLS] Server time: 1619925009
[TLS] client_random  (32): 7080DB58C9CDD07FD3365F65B79C1AAFD2944D63B58FF41786E1139C91E6E0FC
[TLS] sign_hash (32): 254CDA684CEC1817384721602A3F7F1681E83629EB8216F5CC70CA58A9B14D73
[TLS] Written transcript to proofs/MSG_TLS_7080DB58.out, proofs/SIG_TLS_7080DB58.out and proofs/PK_TLS_7080DB58.der
Signature verification succeeds
[TLS] Server time: 1619925009
[TLS] client_random  (32): 41F7A0C5E550090E989D946E878B47E91E2B5F7C5EE3C14470EEE018D1E59239
[TLS] sign_hash (32): 24AB65143118CD7561ECB3673E309B53F4D88345541DB884DDB35360FE3BC2DE
[TLS] Written transcript to proofs/MSG_TLS_41F7A0C5.out, proofs/SIG_TLS_41F7A0C5.out and proofs/PK_TLS_41F7A0C5.der
Signature verification succeeds
[TLS] Server time: 1619925009
[TLS] client_random  (32): B4E2E298C6ADE35E17D2B7B2EDC7B71F519025777E0EF5558F52BBE7279709E1
[TLS] sign_hash (32): 4879AD0E3893482124C0C4747F2984D22992F78929BA117AE3F65F05130B233E
[TLS] Written transcript to proofs/MSG_TLS_B4E2E298.out, proofs/SIG_TLS_B4E2E298.out and proofs/PK_TLS_B4E2E298.der
Signature verification succeeds
[TLS] Server time: 1619925009
[TLS] client_random  (32): E6018F1A61C356D67B3B02AED48EED0584D7EBFDEB2CA07F9346E84ACE22F03A
[TLS] sign_hash (32): 44FE1639A05B62944A0390C80240D06A0A8E8EAAC1938C87FB79B7D6D4275255
[TLS] Written transcript to proofs/MSG_TLS_E6018F1A.out, proofs/SIG_TLS_E6018F1A.out and proofs/PK_TLS_E6018F1A.der
Signature verification succeeds
[TLS] Server time: 1619925009
[TLS] client_random  (32): 08A784609B844B4929ED63FC3701F08DD5860E7EBD03810314EB3DF564A7D043
[TLS] sign_hash (32): C063ABF3EFDD5C97879175CE0449C6FC7FBDCC1B4EEE4F9139963BC6B34B7F43
[TLS] Written transcript to proofs/MSG_TLS_08A78460.out, proofs/SIG_TLS_08A78460.out and proofs/PK_TLS_08A78460.der
Signature verification succeeds
[TLS] Server time: 1619925009
[TLS] client_random  (32): 74E03883E2210C0AF6E0C37F19F1D8A33AF84A0C3A7DA7A33A0A363C7C96FED1
[TLS] sign_hash (32): FE5F315A5CE0D46B57B382AF19679C6C1E275BF3EC7B8A1F0F211E2B1C3C7661
[TLS] Written transcript to proofs/MSG_TLS_74E03883.out, proofs/SIG_TLS_74E03883.out and proofs/PK_TLS_74E03883.der
Signature verification succeeds
[TLS] Server time: 1619925009
[TLS] client_random  (32): A83ACFF4517F32FB0EDCE14032421F3758DD148A130A8DF7348AC294A3CD193C
[TLS] sign_hash (32): 0B697B4A092E2A609AADCD25E7AE03D07B62418CF5F5DE9F85FC58ED87CE58B9
[TLS] Written transcript to proofs/MSG_TLS_A83ACFF4.out, proofs/SIG_TLS_A83ACFF4.out and proofs/PK_TLS_A83ACFF4.der
Signature verification succeeds
[TLS] Server time: 1619925009
[TLS] client_random  (32): 984D5B9313A25C9193C3FEE33DC27116B57C1740F781C53AB025B04734DCF36B
[TLS] sign_hash (32): 1C7C306BE213F15498CE8C52FBA173E91193F09DD5226EF9BF63F9C89309AFCA
[TLS] Written transcript to proofs/MSG_TLS_984D5B93.out, proofs/SIG_TLS_984D5B93.out and proofs/PK_TLS_984D5B93.der
Signature verification succeeds
[TLS] Server time: 1619925009
[TLS] client_random  (32): C36EBBA709CDADE9834C91C798B2E6B9EA2FA98812F77B3A333878A5244CB6C7
[TLS] sign_hash (32): 129F5B918B3F67E0E485065084E3C1243695543E09C78B09EE019AAED1A46975
[TLS] Written transcript to proofs/MSG_TLS_C36EBBA7.out, proofs/SIG_TLS_C36EBBA7.out and proofs/PK_TLS_C36EBBA7.der
Signature verification succeeds
[TLS] Server time: 1619925009
[TLS] client_random  (32): ED53C5DEBAC4545F0CEE6CD0E62C2BFC625E95B3C0900F1645F2C585BFB51933
[TLS] sign_hash (32): 01E27A7E7AEF00440ADC12FB5278215472835EB7C0DF85F37D556EEB4C1917AC
[TLS] Written transcript to proofs/MSG_TLS_ED53C5DE.out, proofs/SIG_TLS_ED53C5DE.out and proofs/PK_TLS_ED53C5DE.der
Signature verification succeeds
[TLS] Server time: 1619925009
[TLS] client_random  (32): 129271D16E0DE9DD00AAC84DB0923052240A9D6387F7CCDF288C7594436D48FE
[TLS] sign_hash (32): 0D4C1321482C8B4F0EF0429AEC5959A08FBB52395CE555605BE32B3271CC3975
[TLS] Written transcript to proofs/MSG_TLS_129271D1.out, proofs/SIG_TLS_129271D1.out and proofs/PK_TLS_129271D1.der
Signature verification succeeds
[TLS] Server time: 1619925009
[TLS] client_random  (32): 8481660267C0B15B46C0D6F39AC82AEA717F3FDAA4F4B5F0B9C0703AB4259599
[TLS] sign_hash (32): 1209F2BBA0ECEE512DAD88D7039C1951C3724CCD9276B6D099BCDA087CAC3054
[TLS] Written transcript to proofs/MSG_TLS_84816602.out, proofs/SIG_TLS_84816602.out and proofs/PK_TLS_84816602.der
Signature verification succeeds
[TLS] Server time: 1619925009
[TLS] client_random  (32): DDF018D081D5595A8EA8A78690A32932739B06D70F47BFBCAC58E9DD801663C2
[TLS] sign_hash (32): 5C36C36632539A9BF9D857DBE1AC119B2D5AE8654473863D58C58B171539D294
[TLS] Written transcript to proofs/MSG_TLS_DDF018D0.out, proofs/SIG_TLS_DDF018D0.out and proofs/PK_TLS_DDF018D0.der
Signature verification succeeds
[TLS] Server time: 1619925009
[TLS] client_random  (32): E873C94D4C4CADAC94DD459CB7E4506D37C0188D3B441FE0C9BE016C5DE44C4F
[TLS] sign_hash (32): E02EE38C96BBEF40F554D7DD05C2B3AFAF715210E3D4D7CB2EA403EAE0828C62
[TLS] Written transcript to proofs/MSG_TLS_E873C94D.out, proofs/SIG_TLS_E873C94D.out and proofs/PK_TLS_E873C94D.der
Signature verification succeeds
[TLS] Server time: 1619925009
[TLS] client_random  (32): 3042B8B753E059882D01159CE759DD237B31699CD80C23850BA184A7E0EF715D
[TLS] sign_hash (32): 56455170B91B07D0EFAE9855DC6D8B2F35A8AFE2EBB5210E05EC1A95B92BF619
[TLS] Written transcript to proofs/MSG_TLS_3042B8B7.out, proofs/SIG_TLS_3042B8B7.out and proofs/PK_TLS_3042B8B7.der
Signature verification succeeds
[TLS] Server time: 1619925009
[TLS] client_random  (32): DC302A0FF523A2FA17C9CFD894DEF035ECDC887A76B6363709807D4861CE8113
[TLS] sign_hash (32): C926605DC706969FB0A4EC3AEDE69216A2D797650C1D746FD8BAA020B7D502AF
[TLS] Written transcript to proofs/MSG_TLS_DC302A0F.out, proofs/SIG_TLS_DC302A0F.out and proofs/PK_TLS_DC302A0F.der
Signature verification succeeds
[TLS] Server time: 1619925009
[TLS] client_random  (32): B69D7B2B8A8183207FE98BC50DEBCB8A3D42C85B43627228A61A3F7FC2EEE4FF
[TLS] sign_hash (32): 89DAEE5BC8A70E60814995A5896E946EA7A200EE2F984946592B31D461CF7604
[TLS] Written transcript to proofs/MSG_TLS_B69D7B2B.out, proofs/SIG_TLS_B69D7B2B.out and proofs/PK_TLS_B69D7B2B.der
Signature verification succeeds
[TLS] Server time: 1619925009
[TLS] client_random  (32): 3296B927E50347B3DACBF488AFA84518D8D268CAFF9565B105DD7FA8BFE54CD9
[TLS] sign_hash (32): 8DE73EA0394F607EEADCE436CF46F662DD1E162427BC69F6324AAC2F6A6431BE
[TLS] Written transcript to proofs/MSG_TLS_3296B927.out, proofs/SIG_TLS_3296B927.out and proofs/PK_TLS_3296B927.der
Signature verification succeeds
[TLS] Server time: 1619925009
[TLS] client_random  (32): 5DAC464B6EE2A9724AFEB453CFBD3598AD60F54E8C95EBFED2DFD1612BA01357
[TLS] sign_hash (32): 0EF4228D702FF758FF4E82708BE6CC7813D634644A90C89CC983F5FD8E514C7B
[TLS] Written transcript to proofs/MSG_TLS_5DAC464B.out, proofs/SIG_TLS_5DAC464B.out and proofs/PK_TLS_5DAC464B.der
Signature verification succeeds
[TLS] Server time: 1619925010
[TLS] client_random  (32): 711045C21033A8FA0B6C21436D365408E6C8185839880BFEC99B8A4A02FF8D28
[TLS] sign_hash (32): 709C7072747E80F461826960D0066DA327D479F2C6E34DF38C0E79895D144582
[TLS] Written transcript to proofs/MSG_TLS_711045C2.out, proofs/SIG_TLS_711045C2.out and proofs/PK_TLS_711045C2.der
Signature verification succeeds
[TLS] Server time: 1619925010
[TLS] client_random  (32): AD238ACFD971034E0FBD6468D50661211C799938FA552B34E393EEEB5AC4EADF
[TLS] sign_hash (32): AC6D6807E642B1FCB61F0FE369F90EB3880EB8A9546BEDF1C5CC477F78B4EA52
[TLS] Written transcript to proofs/MSG_TLS_AD238ACF.out, proofs/SIG_TLS_AD238ACF.out and proofs/PK_TLS_AD238ACF.der
Signature verification succeeds
[TLS] Server time: 1619925010
[TLS] client_random  (32): C2D87440E42B68752BA7F64101042F4E2442C572B74C7FF6296B11E2BA79343F
[TLS] sign_hash (32): 883CF68FA411C397E3FF61FAB5A0B6CFBC9E3E2D4719CDE8EC5A7D3C8B85DF58
[TLS] Written transcript to proofs/MSG_TLS_C2D87440.out, proofs/SIG_TLS_C2D87440.out and proofs/PK_TLS_C2D87440.der
Signature verification succeeds
Time breakdown (averages): anchor_ping:69.812316 file_read:0.145977 hashing:0.470651
Total time for 113 rounds is 8028.291392ms
Standard deviations: anchor_ping:172.838935 file_read:0.016270 hashing:0.004621
[Client-side ops] mean:0.616628 sd:0.016990
in & out anchor rand written to proofs/phase1.out
     14 [TLS] Server time: 1619925002
      1 [TLS] Server time: 1619925003
      4 [TLS] Server time: 1619925004
      3 [TLS] Server time: 1619925005
     11 [TLS] Server time: 1619925006
     20 [TLS] Server time: 1619925007
     24 [TLS] Server time: 1619925008
     34 [TLS] Server time: 1619925009
      3 [TLS] Server time: 1619925010
Count is 14
Count is 1
Count is 4
Count is 3
Count is 11
Count is 20
Count is 24
Count is 34
Count is 3
success: 0
Sleeping before retrying
CONF: anchor:gold.ac.uk fs:1024MB n_rounds:113 seed:5c9f4bf9bbc15bb855f82faedc5a52fc3ab2dfa8ec3ba3ce1b270f31fa0cced2 filename:FILE bs:1024 nops:100 benchmarking:0 anchor_ping:1 queue_depth:32 direct:0
[TLS] Connecting to gold.ac.uk
[TLS] Server time: 1619925011
[TLS] client_random  (32): 5C9F4BF9BBC15BB855F82FAEDC5A52FC3AB2DFA8EC3BA3CE1B270F31FA0CCED2
[TLS] sign_hash (32): 91CE187D63567948C5DDEB814D438E9D4ADEEBA48595FD0786AE9A9A866C9EA3
[TLS] Written transcript to proofs/MSG_TLS_5C9F4BF9.out, proofs/SIG_TLS_5C9F4BF9.out and proofs/PK_TLS_5C9F4BF9.der
Signature verification succeeds
[TLS] Server time: 1619925011
[TLS] client_random  (32): 285E92C74521BA99D0574EE9083C93F6DA49E4F028A9BBAF9FFDE79A73A24DDF
[TLS] sign_hash (32): AE11DAD11EA599EB6ACBBBA9E14527407DFA47D4E4674A486C6870F6835634D9
[TLS] Written transcript to proofs/MSG_TLS_285E92C7.out, proofs/SIG_TLS_285E92C7.out and proofs/PK_TLS_285E92C7.der
Signature verification succeeds
[TLS] Server time: 1619925011
[TLS] client_random  (32): 2C3FFF137B4FFB30235F73CF606BFF50915BABD25939B276FD2608C838A52113
[TLS] sign_hash (32): FA87FF349484F547DFD473054ED45E65A04834B06C7A32E5FFD7A411B7C0AA33
[TLS] Written transcript to proofs/MSG_TLS_2C3FFF13.out, proofs/SIG_TLS_2C3FFF13.out and proofs/PK_TLS_2C3FFF13.der
Signature verification succeeds
[TLS] Server time: 1619925011
[TLS] client_random  (32): A8FB73B72C25BB9CB1B07A18CFAFE0FF8FE86AABE02B2E8108D7EC2643A556C8
[TLS] sign_hash (32): E60EF25CFE91532C09136ACC9F30DB410D819C1AC1E7D965BF4481E4965FF58E
[TLS] Written transcript to proofs/MSG_TLS_A8FB73B7.out, proofs/SIG_TLS_A8FB73B7.out and proofs/PK_TLS_A8FB73B7.der
Signature verification succeeds
[TLS] Server time: 1619925011
[TLS] client_random  (32): 9C02DCAEA8AE7A3EE2E5505E25C33AA0E7FC52BCC451C7F6A159AA1458D9FBED
[TLS] sign_hash (32): 45BB56AC7096AF01F75C0ACEAFB2D8974609C15C162C5EF11448A559F39A2217
[TLS] Written transcript to proofs/MSG_TLS_9C02DCAE.out, proofs/SIG_TLS_9C02DCAE.out and proofs/PK_TLS_9C02DCAE.der
Signature verification succeeds
[TLS] Server time: 1619925011
[TLS] client_random  (32): A5AC3E42232BB012886017478187A9B035871EE72FAC1688D5ED572F06D34148
[TLS] sign_hash (32): 94F6C56EDD9BDBA5D03E43AA4B2DA779BF62D61779FC23E50D26C6708E832CC2
[TLS] Written transcript to proofs/MSG_TLS_A5AC3E42.out, proofs/SIG_TLS_A5AC3E42.out and proofs/PK_TLS_A5AC3E42.der
Signature verification succeeds
[TLS] Server time: 1619925011
[TLS] client_random  (32): B81840C4CC59365586CE7C1F5BE94DBC4CA1870B5E4E5470E787F3216005C1C4
[TLS] sign_hash (32): CB0447824B882D025450992EEF232777B72044ED257C6AD62C028EC2DC1827C8
[TLS] Written transcript to proofs/MSG_TLS_B81840C4.out, proofs/SIG_TLS_B81840C4.out and proofs/PK_TLS_B81840C4.der
Signature verification succeeds
[TLS] Server time: 1619925011
[TLS] client_random  (32): 96F82F90EF3C20329B650E7CD94A35D856958E592AFF887602C70CA67865D8D2
[TLS] sign_hash (32): C31D37189DD1F8A54F3C29B209970E311A781EA42189466016294E4629F0078F
[TLS] Written transcript to proofs/MSG_TLS_96F82F90.out, proofs/SIG_TLS_96F82F90.out and proofs/PK_TLS_96F82F90.der
Signature verification succeeds
[TLS] Server time: 1619925011
[TLS] client_random  (32): 205F2DCCD18BC0F8CFA6D788BFC8557B7B6F46282FCF3B866657218E1484FCDE
[TLS] sign_hash (32): 297FDA92390ACDBBE760A0061AF15FD3948CB982B00C93DF020BF5744CB79FFD
[TLS] Written transcript to proofs/MSG_TLS_205F2DCC.out, proofs/SIG_TLS_205F2DCC.out and proofs/PK_TLS_205F2DCC.der
Signature verification succeeds
[TLS] Server time: 1619925011
[TLS] client_random  (32): B8D36AF9D8E9C710D048CB787DFC0E218A87C46285C0548763F33D4240BAF9E1
[TLS] sign_hash (32): D7D4E7A9150DB491E99C75021F78F8E0287F455E62E024DE377B4D9AD6B1CF95
[TLS] Written transcript to proofs/MSG_TLS_B8D36AF9.out, proofs/SIG_TLS_B8D36AF9.out and proofs/PK_TLS_B8D36AF9.der
Signature verification succeeds
[TLS] Server time: 1619925012
[TLS] client_random  (32): ADD319A23B9E6AEADA21565788399D7FA96B175571FE51EF631D253D0FB2C882
[TLS] sign_hash (32): 6F966F6256C690DB77D065BEBD827A346ECFC3BBCCBF365F030A37420EEA1F2A
[TLS] Written transcript to proofs/MSG_TLS_ADD319A2.out, proofs/SIG_TLS_ADD319A2.out and proofs/PK_TLS_ADD319A2.der
Signature verification succeeds
[TLS] Server time: 1619925012
[TLS] client_random  (32): 2C417320DAFDC2DDB780C1784A5F143DE085E0C17983075996B3EDF63FD889A5
[TLS] sign_hash (32): 423E8E48C3AC19D5EEA7F5F9E1D13BCEFAF8D2D64EB5AFC4F60C54295A983E5C
[TLS] Written transcript to proofs/MSG_TLS_2C417320.out, proofs/SIG_TLS_2C417320.out and proofs/PK_TLS_2C417320.der
Signature verification succeeds
[TLS] Server time: 1619925012
[TLS] client_random  (32): FE689F14D682DCBD8CD8501DD21DB3A622F0A8B03553E33AF6F56B9E4C421394
[TLS] sign_hash (32): 5C301CDB1E3D18FA55EEA23D05FC55F033746CE6BE0395C358BEE3F9FF10F8AC
[TLS] Written transcript to proofs/MSG_TLS_FE689F14.out, proofs/SIG_TLS_FE689F14.out and proofs/PK_TLS_FE689F14.der
Signature verification succeeds
[TLS] Server time: 1619925012
[TLS] client_random  (32): 36F528C12298BD09E2E66941EC9104D42CEAD58707606DAFA560EA6846CB22DD
[TLS] sign_hash (32): 555DDBA6677BF5969D8E329E125DD99C230CDD574B992B5B19ABA3F62117BD20
[TLS] Written transcript to proofs/MSG_TLS_36F528C1.out, proofs/SIG_TLS_36F528C1.out and proofs/PK_TLS_36F528C1.der
Signature verification succeeds
[TLS] Server time: 1619925012
[TLS] client_random  (32): 3E62E0AD78670FA5C085C96D215A5A37550C732FBC06FE40E29E566B40192BD1
[TLS] sign_hash (32): F6F2AA1DA7AA8299D4792A364773DAB3866CFF3DCAC9D5AA4D8FBC330C462B44
[TLS] Written transcript to proofs/MSG_TLS_3E62E0AD.out, proofs/SIG_TLS_3E62E0AD.out and proofs/PK_TLS_3E62E0AD.der
Signature verification succeeds
[TLS] Server time: 1619925012
[TLS] client_random  (32): 80B699822B11FD6EBBA4D6C829084EF6B07D77158E4C526B8E5E2A7B36F22B0D
[TLS] sign_hash (32): 9890A93824D2E0CD34ECD2AAB4EEED90D71069785D8030AFE006D505B495878B
[TLS] Written transcript to proofs/MSG_TLS_80B69982.out, proofs/SIG_TLS_80B69982.out and proofs/PK_TLS_80B69982.der
Signature verification succeeds
[TLS] Server time: 1619925012
[TLS] client_random  (32): D9EED91BB2EB2E066895CEC86EED7A90E09BB3EB264A10DE1C81624489751F2D
[TLS] sign_hash (32): 02920EB92F4FD49F5DFA01B06DA5B1ADD1A91EDF66A06D41A68E94B7B4B624AE
[TLS] Written transcript to proofs/MSG_TLS_D9EED91B.out, proofs/SIG_TLS_D9EED91B.out and proofs/PK_TLS_D9EED91B.der
Signature verification succeeds
[TLS] Server time: 1619925012
[TLS] client_random  (32): D68116256444A8A7078FE9B7D04002432F7C5749124146A3FDE19D74ACCA8458
[TLS] sign_hash (32): 1EA2FF4607F3E2001AC14407C719876F24048EB52DA86624F6A0D2187919A2CD
[TLS] Written transcript to proofs/MSG_TLS_D6811625.out, proofs/SIG_TLS_D6811625.out and proofs/PK_TLS_D6811625.der
Signature verification succeeds
[TLS] Server time: 1619925012
[TLS] client_random  (32): AAD98564F4B2C78931E7FB5B6460975662E41FACBB31E05718E43C325F014E5A
[TLS] sign_hash (32): D2B59CB5C5EFCDB583A670088E37DFF4C0E56779C4181384A649835F3CC8678C
[TLS] Written transcript to proofs/MSG_TLS_AAD98564.out, proofs/SIG_TLS_AAD98564.out and proofs/PK_TLS_AAD98564.der
Signature verification succeeds
[TLS] Server time: 1619925012
[TLS] client_random  (32): DEB73D8F9106C9C3786934C15ED5076F42E35A8D97180FCAA4916C993DF0D8F8
[TLS] sign_hash (32): 9225ACF5619E055BE01666C5197845C5EFA6BE869D8348E83C36420882F71873
[TLS] Written transcript to proofs/MSG_TLS_DEB73D8F.out, proofs/SIG_TLS_DEB73D8F.out and proofs/PK_TLS_DEB73D8F.der
Signature verification succeeds
[TLS] Server time: 1619925012
[TLS] client_random  (32): 91B7345E4B781ACAA133AF78789EB945427F1199C67136935D12A6C4BCB3168C
[TLS] sign_hash (32): 58D1BA6F643DA1696282BF78D84944D65F9E5A90ADB952E4747B7BAD33689E28
[TLS] Written transcript to proofs/MSG_TLS_91B7345E.out, proofs/SIG_TLS_91B7345E.out and proofs/PK_TLS_91B7345E.der
Signature verification succeeds
[TLS] Server time: 1619925012
[TLS] client_random  (32): 8C3E6EF27C9A862CC753DF84DE75F5AB7FC26968D5D9C35C69B1FF7AFAE693CF
[TLS] sign_hash (32): A89E9138BE3E924ACE4AC3C7C6924A38E2020B604C7AA65D873157FEDE7B4BD2
[TLS] Written transcript to proofs/MSG_TLS_8C3E6EF2.out, proofs/SIG_TLS_8C3E6EF2.out and proofs/PK_TLS_8C3E6EF2.der
Signature verification succeeds
[TLS] Server time: 1619925012
[TLS] client_random  (32): D0DEA5BABAEE739799C5581828A26B72AE161965825CF32E34D38AB43D4B9DE5
[TLS] sign_hash (32): 0DC02439E0DD4DE3B2E8B622A2BFEA4EBEE3B83D1BB6CFBC903A9B7C124BC891
[TLS] Written transcript to proofs/MSG_TLS_D0DEA5BA.out, proofs/SIG_TLS_D0DEA5BA.out and proofs/PK_TLS_D0DEA5BA.der
Signature verification succeeds
[TLS] Server time: 1619925012
[TLS] client_random  (32): 12DF9249DFB9D181EBB060FA6CD8BD01578FEFDBB00EE4351AEC66FB947379E3
[TLS] sign_hash (32): 920974A99B4EB5B9F01BFC303F5AEDA462FAF8AA30FA52AABC9B895D373F51B3
[TLS] Written transcript to proofs/MSG_TLS_12DF9249.out, proofs/SIG_TLS_12DF9249.out and proofs/PK_TLS_12DF9249.der
Signature verification succeeds
[TLS] Server time: 1619925012
[TLS] client_random  (32): 97B7956C3E4E3606EF095D331B9EF0B79132314AC9B541282C29359740C598B8
[TLS] sign_hash (32): A1B584936D9F91995F33EB0857741866FC3786BCD531E47ADB74F7D3B1BE6123
[TLS] Written transcript to proofs/MSG_TLS_97B7956C.out, proofs/SIG_TLS_97B7956C.out and proofs/PK_TLS_97B7956C.der
Signature verification succeeds
[TLS] Server time: 1619925012
[TLS] client_random  (32): 99624DEC4888658B0A19D3218F8525FCDB970E107B7C68AE6CAFB8DFD06117F1
[TLS] sign_hash (32): D60B2EC8CC34ADD846B780D5DC3B851337A127A99E05F8CF0B1305B5E1CF0E80
[TLS] Written transcript to proofs/MSG_TLS_99624DEC.out, proofs/SIG_TLS_99624DEC.out and proofs/PK_TLS_99624DEC.der
Signature verification succeeds
[TLS] Server time: 1619925012
[TLS] client_random  (32): 8B5795FD1014BA8D04E47E393AB44170EC38E0D20A9D37A332C437AA81DE4E7D
[TLS] sign_hash (32): E77615CD59A38B4C79BBCA3BBC40036A275ACA3F6D77E2FF5F988DAC352D8D0D
[TLS] Written transcript to proofs/MSG_TLS_8B5795FD.out, proofs/SIG_TLS_8B5795FD.out and proofs/PK_TLS_8B5795FD.der
Signature verification succeeds
[TLS] Server time: 1619925012
[TLS] client_random  (32): A6F5DDFC6327C670677F8AD2EDDF82D8B670F350402AB98A92BAD964DF42A54D
[TLS] sign_hash (32): 40A1411D4D15388F3B94BEC59454098D0683F5B9FD49D66E7EFB01740B4BEEBF
[TLS] Written transcript to proofs/MSG_TLS_A6F5DDFC.out, proofs/SIG_TLS_A6F5DDFC.out and proofs/PK_TLS_A6F5DDFC.der
Signature verification succeeds
[TLS] Server time: 1619925012
[TLS] client_random  (32): D5E96EF81B3C9D17C50AE9FD231275A157AF29A885D779D85D1B9897B3F20733
[TLS] sign_hash (32): F257EA59A51247CEED0191C2DB8D63DC0CA9EB99C79DA6FE863297FBC3596A10
[TLS] Written transcript to proofs/MSG_TLS_D5E96EF8.out, proofs/SIG_TLS_D5E96EF8.out and proofs/PK_TLS_D5E96EF8.der
Signature verification succeeds
[TLS] Server time: 1619925012
[TLS] client_random  (32): C9007F30B38DCF5A5472B8DA6B905E07D9B56710F7941DBF5D8BD6BBDACCE3DC
[TLS] sign_hash (32): B0840470DDDB36B0AF73AC92532088CA3AA7F2877F9C62F886965B1B08DA6EA2
[TLS] Written transcript to proofs/MSG_TLS_C9007F30.out, proofs/SIG_TLS_C9007F30.out and proofs/PK_TLS_C9007F30.der
Signature verification succeeds
[TLS] Server time: 1619925012
[TLS] client_random  (32): DB129D2F0938BEEA7DDEE267BE215382044A766AEE13C2D04B83CCE696CB2C08
[TLS] sign_hash (32): B9999039CC4A5838AF14854C251E35B7587C9C0BD80AAA470AEC8FBC117785F5
[TLS] Written transcript to proofs/MSG_TLS_DB129D2F.out, proofs/SIG_TLS_DB129D2F.out and proofs/PK_TLS_DB129D2F.der
Signature verification succeeds
[TLS] Server time: 1619925012
[TLS] client_random  (32): 66C280C8E4735F2A0433BCE7C6C29DBD3FC745AC03003D432000F744997DD442
[TLS] sign_hash (32): 8FD2724C6BE584F221588C9AAAA655C8D55B0BE8B29BDBF48A5C1C7376439E35
[TLS] Written transcript to proofs/MSG_TLS_66C280C8.out, proofs/SIG_TLS_66C280C8.out and proofs/PK_TLS_66C280C8.der
Signature verification succeeds
[TLS] Server time: 1619925012
[TLS] client_random  (32): B48CFADE491C3B65C69EBF2CF91D8FD355D744238D580357E1116C4C1262D678
[TLS] sign_hash (32): 1B5396E17A98C48C4CA7064D1747D0AD14C04ABF3AB3C5E47C5DA92114721B69
[TLS] Written transcript to proofs/MSG_TLS_B48CFADE.out, proofs/SIG_TLS_B48CFADE.out and proofs/PK_TLS_B48CFADE.der
Signature verification succeeds
[TLS] Server time: 1619925012
[TLS] client_random  (32): E25E410AFB9CA3497A46509CCD6227D46B14F43C9B89852EA0FEF7E8C7970C70
[TLS] sign_hash (32): 40A1ABFCB36280A4E1C18BE05982AC3FE6D221A4E5CB48D7B0184B8A826E7389
[TLS] Written transcript to proofs/MSG_TLS_E25E410A.out, proofs/SIG_TLS_E25E410A.out and proofs/PK_TLS_E25E410A.der
Signature verification succeeds
[TLS] Server time: 1619925012
[TLS] client_random  (32): 4B5DDC80B5EC9B2D43DA82525E7A67A09C02F00AC3EB6A4FBDA6ACDD76C0B14A
[TLS] sign_hash (32): 6C28E18DEC7264CDF9C9F2E5F90F37B4E1B16813154456173E9F526F7E4C49B5
[TLS] Written transcript to proofs/MSG_TLS_4B5DDC80.out, proofs/SIG_TLS_4B5DDC80.out and proofs/PK_TLS_4B5DDC80.der
Signature verification succeeds
[TLS] Server time: 1619925012
[TLS] client_random  (32): 0AA9E6750AF3476AC2ADBDA9028F02DB919AE622C032F3D6C81F47462F38BAEE
[TLS] sign_hash (32): 54C65819E0DB4A27A0F88E07F3C7D2DE60637DE75F1B2B7BDFB1C870E638BD67
[TLS] Written transcript to proofs/MSG_TLS_0AA9E675.out, proofs/SIG_TLS_0AA9E675.out and proofs/PK_TLS_0AA9E675.der
Signature verification succeeds
[TLS] Server time: 1619925012
[TLS] client_random  (32): 325A02AF9150AFCECC8DD6D7E11D1B121A053E85A42524C2B47B1B70413B8BF5
[TLS] sign_hash (32): 99D359E2AB02408E2CC57392E5164A80F39BB24BC584AF57E9C0AE5171745CDB
[TLS] Written transcript to proofs/MSG_TLS_325A02AF.out, proofs/SIG_TLS_325A02AF.out and proofs/PK_TLS_325A02AF.der
Signature verification succeeds
[TLS] Server time: 1619925012
[TLS] client_random  (32): B4A2DE8A2A9B9B39BD00064F6FE431A3FB20FB8E84CB130130AA2B374C2A0DE2
[TLS] sign_hash (32): 68776506B0FCC62429CB1B2E37DCB3FD75BAADB9EE2616E182614FCB0A3E4B0E
[TLS] Written transcript to proofs/MSG_TLS_B4A2DE8A.out, proofs/SIG_TLS_B4A2DE8A.out and proofs/PK_TLS_B4A2DE8A.der
Signature verification succeeds
[TLS] Server time: 1619925012
[TLS] client_random  (32): 14D56BDBAFCC81F2F518DF7388CA41A5AE36A962542C702589A1F7E97DAC323B
[TLS] sign_hash (32): 94419E53540EB7BBE9DD302C2BC3EED9B820D831BF51E8159B0A7179FC3EFAAD
[TLS] Written transcript to proofs/MSG_TLS_14D56BDB.out, proofs/SIG_TLS_14D56BDB.out and proofs/PK_TLS_14D56BDB.der
Signature verification succeeds
[TLS] Server time: 1619925012
[TLS] client_random  (32): 56A94DA1B901B2B362B2108C69036E6B9BE913234C9A63E70053D45208D6E9F1
[TLS] sign_hash (32): 63A81A9C8FA2679CBDFA28D780E755AEF50E615FC5B18CD38B196027FE256C01
[TLS] Written transcript to proofs/MSG_TLS_56A94DA1.out, proofs/SIG_TLS_56A94DA1.out and proofs/PK_TLS_56A94DA1.der
Signature verification succeeds
[TLS] Server time: 1619925012
[TLS] client_random  (32): 4992E0891BE9A2C81F172136944C3B5E2A820E766C5D346CFD9BFE62B503FEF8
[TLS] sign_hash (32): 4883C34B9E6965D2ED164BA64BB304E66AE4B470221EBE14D62F0D28DE89FC77
[TLS] Written transcript to proofs/MSG_TLS_4992E089.out, proofs/SIG_TLS_4992E089.out and proofs/PK_TLS_4992E089.der
Signature verification succeeds
[TLS] Server time: 1619925012
[TLS] client_random  (32): 0E7FE980FC2C6B74AFEBE5E593AFB62D2130C765DE306803C0E98CE596BBCB3A
[TLS] sign_hash (32): 90AED18C0CBBFE3F31420F1108740795A274BA7C3EF9B53A644F0445D968A80F
[TLS] Written transcript to proofs/MSG_TLS_0E7FE980.out, proofs/SIG_TLS_0E7FE980.out and proofs/PK_TLS_0E7FE980.der
Signature verification succeeds
[TLS] Server time: 1619925012
[TLS] client_random  (32): 9D7C399E7BC9FAF25E439C39AC7A19BE5E00F8062EA2060E0E21B52747354DE8
[TLS] sign_hash (32): 739E6671B7ACFBC9A73E60CA4B76CEDA04390DAE38E063577E451E32D21C9C70
[TLS] Written transcript to proofs/MSG_TLS_9D7C399E.out, proofs/SIG_TLS_9D7C399E.out and proofs/PK_TLS_9D7C399E.der
Signature verification succeeds
[TLS] Server time: 1619925012
[TLS] client_random  (32): 1A777B071F9128858A4DFCD4B5B4255CBC753C7D776A5A0E073BAC11D0507590
[TLS] sign_hash (32): F75B952F295D5AD0CD2F700C1C9E863FEB1E12D215321B9837E5F912F31ECD54
[TLS] Written transcript to proofs/MSG_TLS_1A777B07.out, proofs/SIG_TLS_1A777B07.out and proofs/PK_TLS_1A777B07.der
Signature verification succeeds
[TLS] Server time: 1619925012
[TLS] client_random  (32): 7CB1FEDFB65F127FF7C076394627BBFA679FA16F512114B57F4790D18D887151
[TLS] sign_hash (32): EE4A84B73CCF79D85D1DD07CE5940B70013DDEEC1367E66335765A552A00AD17
[TLS] Written transcript to proofs/MSG_TLS_7CB1FEDF.out, proofs/SIG_TLS_7CB1FEDF.out and proofs/PK_TLS_7CB1FEDF.der
Signature verification succeeds
[TLS] Server time: 1619925012
[TLS] client_random  (32): BC5E5120DAD0BEDF6021F9FFABDEC19D23283B051B4EB209338CEEE374DA0DC6
[TLS] sign_hash (32): 33D6E2A1A6841535ABF1D27413F114431799BD8DB507D366A4254FAD0C1FE6E4
[TLS] Written transcript to proofs/MSG_TLS_BC5E5120.out, proofs/SIG_TLS_BC5E5120.out and proofs/PK_TLS_BC5E5120.der
Signature verification succeeds
[TLS] Server time: 1619925012
[TLS] client_random  (32): 3DD9B304EF90DC6C0B1D58462B2CE49A741ECB708B952CA9B845762A3B608E65
[TLS] sign_hash (32): 8714E0B01855E3E97716041CA8D15243375EAE17B88F2D1087845B56BD28AF17
[TLS] Written transcript to proofs/MSG_TLS_3DD9B304.out, proofs/SIG_TLS_3DD9B304.out and proofs/PK_TLS_3DD9B304.der
Signature verification succeeds
[TLS] Server time: 1619925012
[TLS] client_random  (32): 2A339E2C8F80B57CE33CA2D4B5D80E8B070D23BC6B14A8EDED2C4F929163DF83
[TLS] sign_hash (32): 287B8BC2C1DDE5F70B9651D0616B742520BEB3C5B7CB4A6BC59141BC145246A3
[TLS] Written transcript to proofs/MSG_TLS_2A339E2C.out, proofs/SIG_TLS_2A339E2C.out and proofs/PK_TLS_2A339E2C.der
Signature verification succeeds
[TLS] Server time: 1619925012
[TLS] client_random  (32): 9AF9FCE4406DA9A4907C44D7B77DA71635FFB758D858A5C1B7F3345E6BEF3F2A
[TLS] sign_hash (32): 4020C63DC972C45346EA5C285AAB0A64D9556E591C11DDA68F4A9E4868AD2134
[TLS] Written transcript to proofs/MSG_TLS_9AF9FCE4.out, proofs/SIG_TLS_9AF9FCE4.out and proofs/PK_TLS_9AF9FCE4.der
Signature verification succeeds
[TLS] Server time: 1619925012
[TLS] client_random  (32): C7BBC7C7F8429C975B99BA4B53BE16F0498717E8FFB025C01970654AE76B0889
[TLS] sign_hash (32): E7DA28713599CDDD6CD97FA3626D995AE350B9EA9E3AB0499799229955C82F03
[TLS] Written transcript to proofs/MSG_TLS_C7BBC7C7.out, proofs/SIG_TLS_C7BBC7C7.out and proofs/PK_TLS_C7BBC7C7.der
Signature verification succeeds
[TLS] Server time: 1619925012
[TLS] client_random  (32): 40D7E70F799EF6B4A222478E1F8EC4A019C02DC62FD617AD97EECD9A92C42843
[TLS] sign_hash (32): 3C0269895FBB1C878947A0FD74FCA356C56D29E290BB4272619DC81E311035E5
[TLS] Written transcript to proofs/MSG_TLS_40D7E70F.out, proofs/SIG_TLS_40D7E70F.out and proofs/PK_TLS_40D7E70F.der
Signature verification succeeds
[TLS] Server time: 1619925012
[TLS] client_random  (32): 621C5C2226654F82C9817248653963D11AAFB2B5349D5F28777AD2E3C4071AAB
[TLS] sign_hash (32): BB7009E12F9F5BC1F04C3F99A8065F4240D0D543553CE70DF05D4C6AEC8EAF5B
[TLS] Written transcript to proofs/MSG_TLS_621C5C22.out, proofs/SIG_TLS_621C5C22.out and proofs/PK_TLS_621C5C22.der
Signature verification succeeds
[TLS] Server time: 1619925012
[TLS] client_random  (32): 2F71E240DBD108E7A84BA8B65C3406C4397C419F3A4FAED0153EFE85B7E363D9
[TLS] sign_hash (32): 1B9816AC1B2CDFF940C5DC3139B7EA2F58BA9F99B7A9175B590DCF72594F95CB
[TLS] Written transcript to proofs/MSG_TLS_2F71E240.out, proofs/SIG_TLS_2F71E240.out and proofs/PK_TLS_2F71E240.der
Signature verification succeeds
[TLS] Server time: 1619925012
[TLS] client_random  (32): 16423564B3DE526DF44A34F043D1677F685ADB3A49CD84EF14424E8ADCF18008
[TLS] sign_hash (32): 181D8B198049F45DF48643FAFC93CE0577A645F846249144EC13082452C3EE01
[TLS] Written transcript to proofs/MSG_TLS_16423564.out, proofs/SIG_TLS_16423564.out and proofs/PK_TLS_16423564.der
Signature verification succeeds
[TLS] Server time: 1619925012
[TLS] client_random  (32): 125C1EF5C828BDDEC101CCCDEAF90127C7F9B635B3F4F70FEACD2E295EA919E7
[TLS] sign_hash (32): 1C04F6AD850E6125F1A02D2D75BD00B3B9609FB5505D7D79C2B61D7B5994325D
[TLS] Written transcript to proofs/MSG_TLS_125C1EF5.out, proofs/SIG_TLS_125C1EF5.out and proofs/PK_TLS_125C1EF5.der
Signature verification succeeds
[TLS] Server time: 1619925012
[TLS] client_random  (32): 754022430E783A8F56A4E98537FDE9D3F13D9413981182A8DF8BF1117647D0D7
[TLS] sign_hash (32): 0DAF0D585AD3CF93545FEF299141D3F463E9BE7B3CD3B0F3285380E5B927BED8
[TLS] Written transcript to proofs/MSG_TLS_75402243.out, proofs/SIG_TLS_75402243.out and proofs/PK_TLS_75402243.der
Signature verification succeeds
[TLS] Server time: 1619925012
[TLS] client_random  (32): 05A1A1305204AED32BC05998C9CCBB4A431C26F8325C3CAF0A7EAED39BF7AE13
[TLS] sign_hash (32): 88B3D4FCCFE3B29C49319D32DFEB1977DFC2ED45AA05D0D020A7F53C43233364
[TLS] Written transcript to proofs/MSG_TLS_05A1A130.out, proofs/SIG_TLS_05A1A130.out and proofs/PK_TLS_05A1A130.der
Signature verification succeeds
[TLS] Server time: 1619925012
[TLS] client_random  (32): 64963D0D92EBF7AABE378A26A8455B24AA798002C15588B7ADB918F152951C7A
[TLS] sign_hash (32): F603C2CA2D54F0B16AD980F137673E0300A5E5071DFE91E269AD8270FC139B42
[TLS] Written transcript to proofs/MSG_TLS_64963D0D.out, proofs/SIG_TLS_64963D0D.out and proofs/PK_TLS_64963D0D.der
Signature verification succeeds
[TLS] Server time: 1619925012
[TLS] client_random  (32): D283912D9E9802074122B52265D843441E7773BC4479304A74661D917879E4F6
[TLS] sign_hash (32): F62AB2F30A7347FE9D7639697FDFC7E91EAA7EC8B104681C78B1A22A83A9E992
[TLS] Written transcript to proofs/MSG_TLS_D283912D.out, proofs/SIG_TLS_D283912D.out and proofs/PK_TLS_D283912D.der
Signature verification succeeds
[TLS] Server time: 1619925012
[TLS] client_random  (32): 85956D0D6A045D4575A0A15B7159EC4BC392EBA910A9F62716B65A29FDAFF07F
[TLS] sign_hash (32): 718B87FECEB8462F244F0A0B5BD7D26736D15F5339E286BA236EC514C9654A77
[TLS] Written transcript to proofs/MSG_TLS_85956D0D.out, proofs/SIG_TLS_85956D0D.out and proofs/PK_TLS_85956D0D.der
Signature verification succeeds
[TLS] Server time: 1619925012
[TLS] client_random  (32): 36525491C2AD4BAE92FAE25B1DB2AFEF3400F9E1BAF0A367FBC06C43F6BBF3A8
[TLS] sign_hash (32): 4050A1317F4B19DA878BB3CAEF5800AEA1FC84948819C9766AD8C899720B9587
[TLS] Written transcript to proofs/MSG_TLS_36525491.out, proofs/SIG_TLS_36525491.out and proofs/PK_TLS_36525491.der
Signature verification succeeds
[TLS] Server time: 1619925012
[TLS] client_random  (32): 36B1980E4108B71467CE369F01CA9A124FC046D602C204EF043A9E4BC6582D66
[TLS] sign_hash (32): 0F0F223AF205AF837E295474DF2769C543C43A84C17794D83DB2BB5A1ABD9DC7
[TLS] Written transcript to proofs/MSG_TLS_36B1980E.out, proofs/SIG_TLS_36B1980E.out and proofs/PK_TLS_36B1980E.der
Signature verification succeeds
[TLS] Server time: 1619925012
[TLS] client_random  (32): D3A95FD5A540F562DE557408329EDE70613138A2361CB8E44801CFF6A9FC8CAB
[TLS] sign_hash (32): 772E9F98AAEE00D9566488621993E3EDAB1C2227BEB1B378ADC50588981A1166
[TLS] Written transcript to proofs/MSG_TLS_D3A95FD5.out, proofs/SIG_TLS_D3A95FD5.out and proofs/PK_TLS_D3A95FD5.der
Signature verification succeeds
[TLS] Server time: 1619925012
[TLS] client_random  (32): A9B033C46D247134689C806F740669E5A191583D3C42499BF94A479440E23F85
[TLS] sign_hash (32): 8C903A0EF8EFDE8378BC5A930CDDE7016BE15AE3E15D00007DAE76C92407B9A7
[TLS] Written transcript to proofs/MSG_TLS_A9B033C4.out, proofs/SIG_TLS_A9B033C4.out and proofs/PK_TLS_A9B033C4.der
Signature verification succeeds
[TLS] Server time: 1619925012
[TLS] client_random  (32): 7F9E1D2C6DB42871FCC95F3C563829DE6BF85040DC8EF7AA290BCA2ECBAC9334
[TLS] sign_hash (32): 4E1BABE2DB4E3502FD5AF3B5AF2A6BE78CE594EEDD2921307A4E8763F5D3DB7D
[TLS] Written transcript to proofs/MSG_TLS_7F9E1D2C.out, proofs/SIG_TLS_7F9E1D2C.out and proofs/PK_TLS_7F9E1D2C.der
Signature verification succeeds
[TLS] Server time: 1619925012
[TLS] client_random  (32): EE1BBCB1E489FA5AA22A46F4699F353485A2605CC4CE0A78ABD36E5275591218
[TLS] sign_hash (32): 330EF2DDB8B31B1201438CDEA5FA0DFDA4F7B2752CE40ABC69F7BA0AF2C73339
[TLS] Written transcript to proofs/MSG_TLS_EE1BBCB1.out, proofs/SIG_TLS_EE1BBCB1.out and proofs/PK_TLS_EE1BBCB1.der
Signature verification succeeds
[TLS] Server time: 1619925012
[TLS] client_random  (32): B6DB8309C7E55FD81A5226263AA3AD84582C64DE298E8E8A1B84A98A89CE8BE8
[TLS] sign_hash (32): FC68010EC1520AADFD2642958FA7C2E40BB49F5E9A326F6A7CBB4E7DBF0C93E7
[TLS] Written transcript to proofs/MSG_TLS_B6DB8309.out, proofs/SIG_TLS_B6DB8309.out and proofs/PK_TLS_B6DB8309.der
Signature verification succeeds
[TLS] Server time: 1619925012
[TLS] client_random  (32): AD7AF1F9C4F047C4888CF0C1846D29670379E8D142962D49BD90EF4E1B18A5B1
[TLS] sign_hash (32): 6CB9B4B41C2FC07B168E04B34298B4CEFB50ACE6FCA481F034046EE3F93767B7
[TLS] Written transcript to proofs/MSG_TLS_AD7AF1F9.out, proofs/SIG_TLS_AD7AF1F9.out and proofs/PK_TLS_AD7AF1F9.der
Signature verification succeeds
[TLS] Server time: 1619925012
[TLS] client_random  (32): 21B1A7E1168FF14D9DE3FF3395D973A07234B62B86BCA17BEBE292CCFE1CAB48
[TLS] sign_hash (32): A126C207D457066FD12536CC059B5078C261F934D7FDCE761B61155C8096FEDA
[TLS] Written transcript to proofs/MSG_TLS_21B1A7E1.out, proofs/SIG_TLS_21B1A7E1.out and proofs/PK_TLS_21B1A7E1.der
Signature verification succeeds
[TLS] Server time: 1619925012
[TLS] client_random  (32): 760B604AFEB5E2DA5CD2C983043C3A52C1483FA3518B47E4D2C55B754C7BB25F
[TLS] sign_hash (32): 9088B0E3C8A34C887C9C0F11FB6B75B8B17671D48920DC7CAB0649F63B894C51
[TLS] Written transcript to proofs/MSG_TLS_760B604A.out, proofs/SIG_TLS_760B604A.out and proofs/PK_TLS_760B604A.der
Signature verification succeeds
[TLS] Server time: 1619925012
[TLS] client_random  (32): 7C1548804C857D077DECFAC7DB0AD28CABDB05C0EEDCAA4372FAC5455A621738
[TLS] sign_hash (32): 17CA56635C9C118F4F7010CB12E401DE6AA033FBBAC8E133CF925E2B8F31E7AC
[TLS] Written transcript to proofs/MSG_TLS_7C154880.out, proofs/SIG_TLS_7C154880.out and proofs/PK_TLS_7C154880.der
Signature verification succeeds
[TLS] Server time: 1619925012
[TLS] client_random  (32): 31B565A6BCCF3C3ECBC0190487E22A28F3321EA2C16BEAD725E80D2C1E192CBE
[TLS] sign_hash (32): 73C8C12EE8504D9BB0E3920726C2FFFFA4B5BAB3443F891B7F02C5B8127F4BF1
[TLS] Written transcript to proofs/MSG_TLS_31B565A6.out, proofs/SIG_TLS_31B565A6.out and proofs/PK_TLS_31B565A6.der
Signature verification succeeds
[TLS] Server time: 1619925012
[TLS] client_random  (32): EF6661D554DE99D80A0DF3DB392C8CC6DD9707C0888EA81EDF3A927460E8E509
[TLS] sign_hash (32): 7876298CA676679EFFC7DE12A496EBFFCB5065B183F6A0D6A6DEC9D0A7DB14C0
[TLS] Written transcript to proofs/MSG_TLS_EF6661D5.out, proofs/SIG_TLS_EF6661D5.out and proofs/PK_TLS_EF6661D5.der
Signature verification succeeds
[TLS] Server time: 1619925012
[TLS] client_random  (32): DFF6E7AFDB4021660DE3F833D2D1ABF466706C2ED486BBEC6325B96910556DBE
[TLS] sign_hash (32): 1CCE437494930F4EF9315196F5528D5B39FC6C08917DAA6003DB44DED6C3781D
[TLS] Written transcript to proofs/MSG_TLS_DFF6E7AF.out, proofs/SIG_TLS_DFF6E7AF.out and proofs/PK_TLS_DFF6E7AF.der
Signature verification succeeds
[TLS] Server time: 1619925013
[TLS] client_random  (32): C2A52333BBCB860923CF4702728718E9F275D6311505B836E592AEEC42021549
[TLS] sign_hash (32): FAB552F2BCE054C2F71BE6DDB83F1AB3544A243BEE16802E1DE2630007E69373
[TLS] Written transcript to proofs/MSG_TLS_C2A52333.out, proofs/SIG_TLS_C2A52333.out and proofs/PK_TLS_C2A52333.der
Signature verification succeeds
[TLS] Server time: 1619925013
[TLS] client_random  (32): C89257C70D4EB8FD99551FEC7F964967626EDAB47EC50A84DF87AEB13421110E
[TLS] sign_hash (32): 61B2D1C64089CCA208B1CA9DECCADFB3192DAE95CED0F1B511A6048C9E84C514
[TLS] Written transcript to proofs/MSG_TLS_C89257C7.out, proofs/SIG_TLS_C89257C7.out and proofs/PK_TLS_C89257C7.der
Signature verification succeeds
[TLS] Server time: 1619925013
[TLS] client_random  (32): 0BE68C2E32E4F858C688B2164959415C7799E88E59B6D7F7F672053002F92830
[TLS] sign_hash (32): 100EB9B190310B82DDD35A4CE86E18B736FD07B791A98806EF9FAC900215ED57
[TLS] Written transcript to proofs/MSG_TLS_0BE68C2E.out, proofs/SIG_TLS_0BE68C2E.out and proofs/PK_TLS_0BE68C2E.der
Signature verification succeeds
[TLS] Server time: 1619925013
[TLS] client_random  (32): 90E06A3DD2611E1167FE3AC40DD5396C20D4EFF76B789EEE1711026F6316FDB3
[TLS] sign_hash (32): B7EAC73C476BDF3B532D13492FFA56B2C83AC384B6552662A386A34958DE5C02
[TLS] Written transcript to proofs/MSG_TLS_90E06A3D.out, proofs/SIG_TLS_90E06A3D.out and proofs/PK_TLS_90E06A3D.der
Signature verification succeeds
[TLS] Server time: 1619925013
[TLS] client_random  (32): EDB883D396F47037DD5E8132E30058549187F9836E8DDC6DF33CCCC487830026
[TLS] sign_hash (32): E181C3986DE220634B8E62554E9290C850C8FC8F2C3424BAFD51C781A51FA0C1
[TLS] Written transcript to proofs/MSG_TLS_EDB883D3.out, proofs/SIG_TLS_EDB883D3.out and proofs/PK_TLS_EDB883D3.der
Signature verification succeeds
[TLS] Server time: 1619925013
[TLS] client_random  (32): BA047877F4E5215E86C6589BEFC6E76BD047614D46F25A327DFF1E85EC26A91B
[TLS] sign_hash (32): 75AF8EFE4C599C14862F6DE180E33A6E804A15AC8540ED126E8102D85CE5AB9D
[TLS] Written transcript to proofs/MSG_TLS_BA047877.out, proofs/SIG_TLS_BA047877.out and proofs/PK_TLS_BA047877.der
Signature verification succeeds
[TLS] Server time: 1619925013
[TLS] client_random  (32): 777240E3204DF1B324FF7FCA43EEB0B97EC91092BF006F6529EB75005A0B03DD
[TLS] sign_hash (32): DCFACD77914C051B5DFF3B61E930EF4B6C6081D47A6B0477ECB3309F43EE6FC1
[TLS] Written transcript to proofs/MSG_TLS_777240E3.out, proofs/SIG_TLS_777240E3.out and proofs/PK_TLS_777240E3.der
Signature verification succeeds
[TLS] Server time: 1619925013
[TLS] client_random  (32): BCA0C1E8ECEE1B95410C2FA4FE347820D6E4A7DB965E977F18B82DAB3EA890C5
[TLS] sign_hash (32): D0EF4F965D06CCA4A6494436F68B5CB8F4356EBB847ADEE8644B494E52965B98
[TLS] Written transcript to proofs/MSG_TLS_BCA0C1E8.out, proofs/SIG_TLS_BCA0C1E8.out and proofs/PK_TLS_BCA0C1E8.der
Signature verification succeeds
[TLS] Server time: 1619925013
[TLS] client_random  (32): 3780793D1E0BD8A944B7AD79CDC41F8FA832BDB7742061001EB69505B470C294
[TLS] sign_hash (32): 3A1F81BD40F0815FD7DB6354BF8C628E895584967E432D4EEF831784ED72F9E6
[TLS] Written transcript to proofs/MSG_TLS_3780793D.out, proofs/SIG_TLS_3780793D.out and proofs/PK_TLS_3780793D.der
Signature verification succeeds
[TLS] Server time: 1619925013
[TLS] client_random  (32): 56F8577C40BD470FC61D241EFC95082648F4259B0C9E07C25055DDEFCA8C6638
[TLS] sign_hash (32): 9AC7B71E56E14AFD8019F4745EE03754D509A0091E11D2BD887B4123C8B2F966
[TLS] Written transcript to proofs/MSG_TLS_56F8577C.out, proofs/SIG_TLS_56F8577C.out and proofs/PK_TLS_56F8577C.der
Signature verification succeeds
[TLS] Server time: 1619925013
[TLS] client_random  (32): 43D5F95AC1ACDB8C8A51381BE9EEBA506ED3FF4C94E2AA24EFE990C683CF9C49
[TLS] sign_hash (32): 0EC1E67088406921304FDDF258343034A6CF10498E9756AAF2A2A0FF4F5DF539
[TLS] Written transcript to proofs/MSG_TLS_43D5F95A.out, proofs/SIG_TLS_43D5F95A.out and proofs/PK_TLS_43D5F95A.der
Signature verification succeeds
[TLS] Server time: 1619925013
[TLS] client_random  (32): 680F2C970DE6E603A6579F9FED628F519A3DD97FA33387D13AD9342D0BE06725
[TLS] sign_hash (32): 22A02F74349508FA0F2F1D04DCAF292D68B6347893E6A607DEC2E1A3EFFEA7C0
[TLS] Written transcript to proofs/MSG_TLS_680F2C97.out, proofs/SIG_TLS_680F2C97.out and proofs/PK_TLS_680F2C97.der
Signature verification succeeds
[TLS] Server time: 1619925013
[TLS] client_random  (32): A389BFC82850ACDFBA9D0FD50A188E63FF1FDE0EBD8843F475AD1632651E87B1
[TLS] sign_hash (32): C4BC42DAD93A324B462586D3E72C351435358B504F2C8D219CF8473B0D5C3869
[TLS] Written transcript to proofs/MSG_TLS_A389BFC8.out, proofs/SIG_TLS_A389BFC8.out and proofs/PK_TLS_A389BFC8.der
Signature verification succeeds
[TLS] Server time: 1619925013
[TLS] client_random  (32): A1A1AD94ECC517447FFBC836D28D4155BCC6CFD472558C7ECD9E7821D4BB68FF
[TLS] sign_hash (32): B1E07C7F4A1332FB6FFA7A15658F55A66DF6A7AB56874312FBCC3B779ED864D9
[TLS] Written transcript to proofs/MSG_TLS_A1A1AD94.out, proofs/SIG_TLS_A1A1AD94.out and proofs/PK_TLS_A1A1AD94.der
Signature verification succeeds
[TLS] Server time: 1619925013
[TLS] client_random  (32): CF0C98E2F48086A5DA77F12505F158ACE10D79D16B355D24B5A9BD26A8EC594D
[TLS] sign_hash (32): 6BF5087D3101C3FB5609BFF3E008D3336EA8D71606600BAC569C662B00CB6D76
[TLS] Written transcript to proofs/MSG_TLS_CF0C98E2.out, proofs/SIG_TLS_CF0C98E2.out and proofs/PK_TLS_CF0C98E2.der
Signature verification succeeds
[TLS] Server time: 1619925013
[TLS] client_random  (32): 3933BC3C98253E77C6FEF6422B510A0171DFFC5E15C88A96FE62256B187C1FFA
[TLS] sign_hash (32): BD0CA455B45B83903A8AADDF1953E3F622FFB4FD4BA868A4BC10294DFD0A3C1C
[TLS] Written transcript to proofs/MSG_TLS_3933BC3C.out, proofs/SIG_TLS_3933BC3C.out and proofs/PK_TLS_3933BC3C.der
Signature verification succeeds
[TLS] Server time: 1619925013
[TLS] client_random  (32): C5438263916F89B3616174288506B494D25E19E8A0204B862B946F6D67BC8FCD
[TLS] sign_hash (32): B13DE73423B4B146A1AD70AF9E6D5294448A05A37FEAF25C7C13E2FFADE4DC8B
[TLS] Written transcript to proofs/MSG_TLS_C5438263.out, proofs/SIG_TLS_C5438263.out and proofs/PK_TLS_C5438263.der
Signature verification succeeds
[TLS] Server time: 1619925013
[TLS] client_random  (32): C40BABC249511C3BC2A3ECAF9E88A4CD8BA841BDC219F368F896C8D27DC75244
[TLS] sign_hash (32): AC25E626A808523ED1923AE7A5D6EE042E0E896BF7715A7B78DAD83DE3170E7D
[TLS] Written transcript to proofs/MSG_TLS_C40BABC2.out, proofs/SIG_TLS_C40BABC2.out and proofs/PK_TLS_C40BABC2.der
Signature verification succeeds
[TLS] Server time: 1619925013
[TLS] client_random  (32): FF9FAE08BB7357C2BD377C56F20C16226131BA261F948FC6A1F416F3DE96DD51
[TLS] sign_hash (32): BFEF6BC59FF2D126A5F2BCBEF38DBBF9CA1594F1CB9E056851981B7807E6B5B6
[TLS] Written transcript to proofs/MSG_TLS_FF9FAE08.out, proofs/SIG_TLS_FF9FAE08.out and proofs/PK_TLS_FF9FAE08.der
Signature verification succeeds
[TLS] Server time: 1619925013
[TLS] client_random  (32): 60C5FD7B6DCB40457724698C89DC8C0FEEDE25A4C36B6E580D221DC7E29FD720
[TLS] sign_hash (32): AAFD506D95D5590672C2EB0B15FCCA6FBBB345D6975CCAC8A00EF50D94488203
[TLS] Written transcript to proofs/MSG_TLS_60C5FD7B.out, proofs/SIG_TLS_60C5FD7B.out and proofs/PK_TLS_60C5FD7B.der
Signature verification succeeds
[TLS] Server time: 1619925013
[TLS] client_random  (32): 26211EF4B76A6C0A9EE3883C1C24DF6505CA383BB2F57968D8AD76036281CC65
[TLS] sign_hash (32): 31F6170C8449775C52E608337D29E454D43748A14E92F4FAD0FE1523C8E9B186
[TLS] Written transcript to proofs/MSG_TLS_26211EF4.out, proofs/SIG_TLS_26211EF4.out and proofs/PK_TLS_26211EF4.der
Signature verification succeeds
[TLS] Server time: 1619925013
[TLS] client_random  (32): 203516E6EB7AAA00FEB17B50A1BCF2A3D6BFE2427902DA5615876113E0E0F64C
[TLS] sign_hash (32): E186ACF57C285B3BD13A256F200B465A5C892DF1561068BC7A54C68B90E44F7E
[TLS] Written transcript to proofs/MSG_TLS_203516E6.out, proofs/SIG_TLS_203516E6.out and proofs/PK_TLS_203516E6.der
Signature verification succeeds
[TLS] Server time: 1619925013
[TLS] client_random  (32): 6838461E152AC7E49E4010C1BBF8A3724F0783DF68CC5F0F81D4FEC16DFC3658
[TLS] sign_hash (32): E50AB73FFFDF13AD4DEE00E7425E1A10E9B84BB4CF5FE1FBDE8F3CE2E804FD2A
[TLS] Written transcript to proofs/MSG_TLS_6838461E.out, proofs/SIG_TLS_6838461E.out and proofs/PK_TLS_6838461E.der
Signature verification succeeds
[TLS] Server time: 1619925013
[TLS] client_random  (32): D8CDA1156D40156D9F843445E3C0F4339C42CA9C13D3CC76B6763BDFDF9CD4EE
[TLS] sign_hash (32): F7E1984C4E70A643ACE6AE735613FB09BEB25E438C6EC00874EF69237CF66E94
[TLS] Written transcript to proofs/MSG_TLS_D8CDA115.out, proofs/SIG_TLS_D8CDA115.out and proofs/PK_TLS_D8CDA115.der
Signature verification succeeds
[TLS] Server time: 1619925013
[TLS] client_random  (32): AAEBB2A4A792C1155C7E32F0FBB2496862148B3C46CB37437279BC0268778ACA
[TLS] sign_hash (32): 67BD0DE11FEFD9AB794DCBCC381B305EF4FA385F989435708C869E320E0DD925
[TLS] Written transcript to proofs/MSG_TLS_AAEBB2A4.out, proofs/SIG_TLS_AAEBB2A4.out and proofs/PK_TLS_AAEBB2A4.der
Signature verification succeeds
[TLS] Server time: 1619925013
[TLS] client_random  (32): EB3CE190C7D51412A02368EB7E37DAA75EEC1C1899C977AFC776AC821AEB9892
[TLS] sign_hash (32): 99DA45634E7318A3966053AE79B74D073CE4C6FE451E00392D0C65A7DD53B930
[TLS] Written transcript to proofs/MSG_TLS_EB3CE190.out, proofs/SIG_TLS_EB3CE190.out and proofs/PK_TLS_EB3CE190.der
Signature verification succeeds
[TLS] Server time: 1619925013
[TLS] client_random  (32): FA941388CBCFE63C78E0DE4E8E8498E14C421F85E59F7820D10CB97395F954A8
[TLS] sign_hash (32): DA7FECBAB0F99CA2C02B1F1F1003C4D4577866CCC94D3EF09AD4C2B63F52FA0A
[TLS] Written transcript to proofs/MSG_TLS_FA941388.out, proofs/SIG_TLS_FA941388.out and proofs/PK_TLS_FA941388.der
Signature verification succeeds
[TLS] Server time: 1619925013
[TLS] client_random  (32): F58046E5BAA780B02E1C9D7E06409C5D87C7731D2115A87BBF028D499EC6B96D
[TLS] sign_hash (32): 9BCE3885320C537D7BB1042CC048D95A62109E4BC01E24D8B95C31873947F501
[TLS] Written transcript to proofs/MSG_TLS_F58046E5.out, proofs/SIG_TLS_F58046E5.out and proofs/PK_TLS_F58046E5.der
Signature verification succeeds
[TLS] Server time: 1619925013
[TLS] client_random  (32): 0671A5ADB4FD31B8A4D2B55A40A8FA1A467356420A47152EC169505C07436781
[TLS] sign_hash (32): 539A0AFE0A1870FB677EFC3F9CB84CEAB8122D04187AB1573ED33C50F5B71E13
[TLS] Written transcript to proofs/MSG_TLS_0671A5AD.out, proofs/SIG_TLS_0671A5AD.out and proofs/PK_TLS_0671A5AD.der
Signature verification succeeds
[TLS] Server time: 1619925013
[TLS] client_random  (32): 66B6B213EAC86DC14F8BC7DA26EE0496F01BA90184112AD7ED6FE984DA94A279
[TLS] sign_hash (32): CF39DDD54FB2E0FBEEAFF821ABBBB0D2264752C9866F79451768F3B0C8170BE1
[TLS] Written transcript to proofs/MSG_TLS_66B6B213.out, proofs/SIG_TLS_66B6B213.out and proofs/PK_TLS_66B6B213.der
Signature verification succeeds
[TLS] Server time: 1619925013
[TLS] client_random  (32): D7B6BDD358570BBE4A363245A9A7CB126A9DFE11D1CC071807A6D50D35C93296
[TLS] sign_hash (32): 60EA4254C70979F786B54E54774FFAFB945B705F2622208E3B2332D9440ABBD9
[TLS] Written transcript to proofs/MSG_TLS_D7B6BDD3.out, proofs/SIG_TLS_D7B6BDD3.out and proofs/PK_TLS_D7B6BDD3.der
Signature verification succeeds
[TLS] Server time: 1619925013
[TLS] client_random  (32): BC7B47645A2812363317A2CDD3717461E20FFE5EB2E92C2C9AE373A1427572F3
[TLS] sign_hash (32): 494661569A8A6890FC6FCE5D8B23E6E4866CAD391FA0AC1C2068C74154E8761F
[TLS] Written transcript to proofs/MSG_TLS_BC7B4764.out, proofs/SIG_TLS_BC7B4764.out and proofs/PK_TLS_BC7B4764.der
Signature verification succeeds
[TLS] Server time: 1619925013
[TLS] client_random  (32): 23F8835A550ACAEBB2D81C599656CE21B1D18ECFEB09701556D573377551188C
[TLS] sign_hash (32): 37ACB087F4EF5BCB734FFF3CACB8DE56AB39DADA5E035CFE7503FCC0290CF652
[TLS] Written transcript to proofs/MSG_TLS_23F8835A.out, proofs/SIG_TLS_23F8835A.out and proofs/PK_TLS_23F8835A.der
Signature verification succeeds
[TLS] Server time: 1619925013
[TLS] client_random  (32): 6F726F037911FD238654CA6579A4735FD1810B98EF8CF78074FE411B06D39609
[TLS] sign_hash (32): C37A4ABC054CA7CA00ED7C679774D63DE8BCB06AC51EDE911B8C0745DB5FAD10
[TLS] Written transcript to proofs/MSG_TLS_6F726F03.out, proofs/SIG_TLS_6F726F03.out and proofs/PK_TLS_6F726F03.der
Signature verification succeeds
[TLS] Server time: 1619925013
[TLS] client_random  (32): 6FB328BE550D8DA4EA4B520BFA980D004AAA3A2EB1056A53056718C0D6327A4A
[TLS] sign_hash (32): A248751E3F52B602A65F2B7CF347D7BFAF059581F165500B2D9AE764DACC50A8
[TLS] Written transcript to proofs/MSG_TLS_6FB328BE.out, proofs/SIG_TLS_6FB328BE.out and proofs/PK_TLS_6FB328BE.der
Signature verification succeeds
[TLS] Server time: 1619925013
[TLS] client_random  (32): E3BC1039C7AC40A54A350A883F95EF9EFF0ECFD4BE53F6A2B6907C12D1C4930C
[TLS] sign_hash (32): 7D3E31DFBCF24B35D9F4A77073F56E3505C3E45D059CC0CDEFE5D077B4C6A1FE
[TLS] Written transcript to proofs/MSG_TLS_E3BC1039.out, proofs/SIG_TLS_E3BC1039.out and proofs/PK_TLS_E3BC1039.der
Signature verification succeeds
[TLS] Server time: 1619925013
[TLS] client_random  (32): 5AE06D2E0904A3E21BC98EDA6F7A424FC419C091634177DC08F8B8952407541F
[TLS] sign_hash (32): 6A1DA1436A53810ADDB0D92B2E20ACA1223BB3338C22E57B17E8B3183F60C7FA
[TLS] Written transcript to proofs/MSG_TLS_5AE06D2E.out, proofs/SIG_TLS_5AE06D2E.out and proofs/PK_TLS_5AE06D2E.der
Signature verification succeeds
[TLS] Server time: 1619925013
[TLS] client_random  (32): 9E7E66FE415870398C4FCBC07F0FF14412D4473C677AB70746DDA326A4BD85DC
[TLS] sign_hash (32): 5379F9A10AEF28B593A4223567131674D461E8FB20C0AC026415460213FC9AF4
[TLS] Written transcript to proofs/MSG_TLS_9E7E66FE.out, proofs/SIG_TLS_9E7E66FE.out and proofs/PK_TLS_9E7E66FE.der
Signature verification succeeds
[TLS] Server time: 1619925013
[TLS] client_random  (32): 58B90828F0521FB9F41B23CB401B00DA090BC44D01AB6536396848595617E845
[TLS] sign_hash (32): A3C574E35110D65113C55D01296EAB50B3A1A71AC0AB2105501B416F39439AC5
[TLS] Written transcript to proofs/MSG_TLS_58B90828.out, proofs/SIG_TLS_58B90828.out and proofs/PK_TLS_58B90828.der
Signature verification succeeds
[TLS] Server time: 1619925013
[TLS] client_random  (32): 9CDF1B69BF905E1AF5DACB3424C173F59EB47CF8B51DDE2FC429178F6C84F574
[TLS] sign_hash (32): EA6F1C9264814F6D51CED38599C435B3935FCE2EA9673DF4D3658F2A30CDFD99
[TLS] Written transcript to proofs/MSG_TLS_9CDF1B69.out, proofs/SIG_TLS_9CDF1B69.out and proofs/PK_TLS_9CDF1B69.der
Signature verification succeeds
Time breakdown (averages): anchor_ping:14.738480 file_read:0.140538 hashing:0.470469
Total time for 113 rounds is 1749.238702ms
Standard deviations: anchor_ping:1.899712 file_read:0.012657 hashing:0.004295
[Client-side ops] mean:0.611007 sd:0.013200
in & out anchor rand written to proofs/phase1.out
     10 [TLS] Server time: 1619925011
     64 [TLS] Server time: 1619925012
     40 [TLS] Server time: 1619925013
Count is 10
Count is 64
Count is 40
success: 1
RESULT: 1 in 2 tries
