TLS anchor: gold.ac.uk
Actual: 55, Set: 113
Beginning execution at Sun May 2 11:40:01 UTC 2021
CONF: anchor:gold.ac.uk fs:1024MB n_rounds:113 seed:5c9f4bf9bbc15bb855f82faedc5a52fc3ab2dfa8ec3ba3ce1b270f31fa0cced2 filename:FILE bs:1024 nops:100 benchmarking:0 anchor_ping:1 queue_depth:32 direct:0
[TLS] Connecting to gold.ac.uk
[TLS] Server time: 1619955602
[TLS] client_random  (32): 5C9F4BF9BBC15BB855F82FAEDC5A52FC3AB2DFA8EC3BA3CE1B270F31FA0CCED2
[TLS] sign_hash (32): EB4787C8CA80029434378681DC1293E9267944C9668BC55D339840ACAC354BAF
[TLS] Written transcript to proofs/MSG_TLS_5C9F4BF9.out, proofs/SIG_TLS_5C9F4BF9.out and proofs/PK_TLS_5C9F4BF9.der
Signature verification succeeds
[TLS] Server time: 1619955602
[TLS] client_random  (32): 4A18F0E2ABD39F178FD2FF0148E1374D0F08F529B20D22E2102C7B430FAF3838
[TLS] sign_hash (32): D5FCD660EDF11B2583B8CCB846EA924933AB61A79C601D0A894D03CD3769DD65
[TLS] Written transcript to proofs/MSG_TLS_4A18F0E2.out, proofs/SIG_TLS_4A18F0E2.out and proofs/PK_TLS_4A18F0E2.der
Signature verification succeeds
[TLS] Server time: 1619955602
[TLS] client_random  (32): 2370E2C662886242D91F4389A3B512339B8BD2952A97792E4C4F87D1FF3DC08E
[TLS] sign_hash (32): 64E39AFF819248962647C3B5B37F41D2DFCCD445F2631742E9609C36F20EB8D0
[TLS] Written transcript to proofs/MSG_TLS_2370E2C6.out, proofs/SIG_TLS_2370E2C6.out and proofs/PK_TLS_2370E2C6.der
Signature verification succeeds
[TLS] Server time: 1619955602
[TLS] client_random  (32): C71F1EDA7B6A33EBAA6D424FEBB53D82E52DA121E7CEFEBA8D0353FB378E6977
[TLS] sign_hash (32): 9E9E435046451C99DB54112A491EAB96FDE1460B9DD4A9FA6CDDD6550AFBDDB5
[TLS] Written transcript to proofs/MSG_TLS_C71F1EDA.out, proofs/SIG_TLS_C71F1EDA.out and proofs/PK_TLS_C71F1EDA.der
Signature verification succeeds
[TLS] Server time: 1619955602
[TLS] client_random  (32): ABC63345CBC65B4007A5D174038DF4440A40333CED755B079D2E76386C7F2E23
[TLS] sign_hash (32): 74A87CB115948DB220DE07D22EF160CA8A91958C8CAF250DAED4005E613306C7
[TLS] Written transcript to proofs/MSG_TLS_ABC63345.out, proofs/SIG_TLS_ABC63345.out and proofs/PK_TLS_ABC63345.der
Signature verification succeeds
[TLS] Server time: 1619955602
[TLS] client_random  (32): 7A531952F792F622B1B4BF237CF7663D4B13FFE1405DC045AF3191AF9D07FB21
[TLS] sign_hash (32): DCBD980E56517111A23ABB5F0EBF20AB73BF71166C14C5AB482C4F87CEE69FE0
[TLS] Written transcript to proofs/MSG_TLS_7A531952.out, proofs/SIG_TLS_7A531952.out and proofs/PK_TLS_7A531952.der
Signature verification succeeds
[TLS] Server time: 1619955602
[TLS] client_random  (32): 825208FAAF2BE72EF23E71FB8F976EF16F25697FF518B5BD7BFFC9785E21DDCD
[TLS] sign_hash (32): 055AB8E7208473D6E2ED3C397CE8C23EE5D534F353BB38760AE82AC3FC86373E
[TLS] Written transcript to proofs/MSG_TLS_825208FA.out, proofs/SIG_TLS_825208FA.out and proofs/PK_TLS_825208FA.der
Signature verification succeeds
[TLS] Server time: 1619955602
[TLS] client_random  (32): 47435A89146FE849EBF401C71A47AF8AC3222BF06F12EF14C0A868AC9AA7BFF0
[TLS] sign_hash (32): 604AFBFE2110694F091A5A51627F34583ADF24B9175C155E4751D20D56BECCDA
[TLS] Written transcript to proofs/MSG_TLS_47435A89.out, proofs/SIG_TLS_47435A89.out and proofs/PK_TLS_47435A89.der
Signature verification succeeds
[TLS] Server time: 1619955602
[TLS] client_random  (32): 49696861496B012EE9A2D76A357CFB4EEB0CCAF1E14D22CE97EBCE791AD24108
[TLS] sign_hash (32): F2070DF0A68CC13816D819E8F1FD647B47B5D85625287AD4C416550C9EA15B00
[TLS] Written transcript to proofs/MSG_TLS_49696861.out, proofs/SIG_TLS_49696861.out and proofs/PK_TLS_49696861.der
Signature verification succeeds
[TLS] Server time: 1619955602
[TLS] client_random  (32): E42937713100E3E176F63EF4E4B670ECEC830E3780F68483137C2CB0A2134854
[TLS] sign_hash (32): 08186114FCAE5553621A7D258E53FE9B9CF68A3BF410CF84E15CF88B8A2DF22C
[TLS] Written transcript to proofs/MSG_TLS_E4293771.out, proofs/SIG_TLS_E4293771.out and proofs/PK_TLS_E4293771.der
Signature verification succeeds
[TLS] Server time: 1619955602
[TLS] client_random  (32): 9AA95A3879585979A9F3EADB593E2D030E925599F0A04843F792E1CC2634A069
[TLS] sign_hash (32): FC885780CB791AC9BDCAD25EEFA2676DF70BF9E1C4C88D556AEFE19543EE9E06
[TLS] Written transcript to proofs/MSG_TLS_9AA95A38.out, proofs/SIG_TLS_9AA95A38.out and proofs/PK_TLS_9AA95A38.der
Signature verification succeeds
[TLS] Server time: 1619955602
[TLS] client_random  (32): 3DEC4E664A07E12A29DA830A52A893B76397F6EBBB3886615D617D5CFC8038E1
[TLS] sign_hash (32): C537E2C9A13F2BDBC2B724D466250DFC77FB64791EF20B4EEC3628277012DE0F
[TLS] Written transcript to proofs/MSG_TLS_3DEC4E66.out, proofs/SIG_TLS_3DEC4E66.out and proofs/PK_TLS_3DEC4E66.der
Signature verification succeeds
[TLS] Server time: 1619955602
[TLS] client_random  (32): E83FEFAB78E0A874EE4B2FD490B0DF6AB997CE38A8325BF31CF6BC989BE76FFF
[TLS] sign_hash (32): 033410472F963CE53B95339324CC411C2153AFFE32306B9D576FF87277B7694A
[TLS] Written transcript to proofs/MSG_TLS_E83FEFAB.out, proofs/SIG_TLS_E83FEFAB.out and proofs/PK_TLS_E83FEFAB.der
Signature verification succeeds
[TLS] Server time: 1619955602
[TLS] client_random  (32): E83B4538CE60E6492B8B4E30DA4277C092D27309D6E2D842E4B00135C6D9E2F4
[TLS] sign_hash (32): CAA661DA6BC0224D04D391EE9CF570429AB3CABE6B8EE129750D0D945F498411
[TLS] Written transcript to proofs/MSG_TLS_E83B4538.out, proofs/SIG_TLS_E83B4538.out and proofs/PK_TLS_E83B4538.der
Signature verification succeeds
[TLS] Server time: 1619955602
[TLS] client_random  (32): 88F9B8266C52F15C6C24ECEF85CEEB5088D0AD5F7B5880968CE3E899C695CBD1
[TLS] sign_hash (32): 610AD38A2145250866EE73C9879D792BD9F5B8D707096617802D3706B547CF79
[TLS] Written transcript to proofs/MSG_TLS_88F9B826.out, proofs/SIG_TLS_88F9B826.out and proofs/PK_TLS_88F9B826.der
Signature verification succeeds
[TLS] Server time: 1619955602
[TLS] client_random  (32): B0B70073AC5151EBC80A23E55727097EA503C517ED076DC41D8BFE08F55811A3
[TLS] sign_hash (32): 0DFB31FA3C89895940A7A8D5C80CC731524AE92B54072D09625680E7A2AB4E9F
[TLS] Written transcript to proofs/MSG_TLS_B0B70073.out, proofs/SIG_TLS_B0B70073.out and proofs/PK_TLS_B0B70073.der
Signature verification succeeds
[TLS] Server time: 1619955602
[TLS] client_random  (32): 0F3BAA552D3C54D1D687D91B82F01D84BFF56513AF8CCC8F761C11F4F86DF272
[TLS] sign_hash (32): 12780AC9672558C814A7E2946189EC10BCCACB3FDE4A02EBDD029A86C8B45D39
[TLS] Written transcript to proofs/MSG_TLS_0F3BAA55.out, proofs/SIG_TLS_0F3BAA55.out and proofs/PK_TLS_0F3BAA55.der
Signature verification succeeds
[TLS] Server time: 1619955602
[TLS] client_random  (32): 4A4C685F72AF85C0DABE2E2705DA432BCBBFC33B50E1C1A3478D636B0BCE0526
[TLS] sign_hash (32): FA46814220DF9A8DC928391089C2B2A14E61A5F09F5EE0BB662B1580E2EE096C
[TLS] Written transcript to proofs/MSG_TLS_4A4C685F.out, proofs/SIG_TLS_4A4C685F.out and proofs/PK_TLS_4A4C685F.der
Signature verification succeeds
[TLS] Server time: 1619955602
[TLS] client_random  (32): EEC6CC0CE32AE2241814D2371125C9E7E62D781AD62AF9C8CB3FBBD0F679AFBE
[TLS] sign_hash (32): DC69A3AD5C926C749358DD20AD61FE54FC937562CA1F1A9E121F2CCF51285153
[TLS] Written transcript to proofs/MSG_TLS_EEC6CC0C.out, proofs/SIG_TLS_EEC6CC0C.out and proofs/PK_TLS_EEC6CC0C.der
Signature verification succeeds
[TLS] Server time: 1619955602
[TLS] client_random  (32): 8299B74F1709D1A82EB1BBED10B8E2AA6D972DF7ADAAD7227D803852F240E19D
[TLS] sign_hash (32): FBB76DA35563C831E3E6AB2A1DF8631DA07455DDD6957DA726E412B17B484B30
[TLS] Written transcript to proofs/MSG_TLS_8299B74F.out, proofs/SIG_TLS_8299B74F.out and proofs/PK_TLS_8299B74F.der
Signature verification succeeds
[TLS] Server time: 1619955602
[TLS] client_random  (32): B59ABB8A0916DC1EE8B796E0600CD1CB54933619C19D91BF7575D9B4B17D00C5
[TLS] sign_hash (32): 8D931D28A4E421751CFECEC50E48FF6600B5999637735592C68C9A9DBC81A177
[TLS] Written transcript to proofs/MSG_TLS_B59ABB8A.out, proofs/SIG_TLS_B59ABB8A.out and proofs/PK_TLS_B59ABB8A.der
Signature verification succeeds
[TLS] Server time: 1619955602
[TLS] client_random  (32): AB99C6E59870B8D42774BDEF721ABF1202F83C63143FFCD54E91E9159D5F459F
[TLS] sign_hash (32): 3EC21A1EE481C24D13F49DE16EF61809921686B44274B6F6509DC3A6F1713ADC
[TLS] Written transcript to proofs/MSG_TLS_AB99C6E5.out, proofs/SIG_TLS_AB99C6E5.out and proofs/PK_TLS_AB99C6E5.der
Signature verification succeeds
[TLS] Server time: 1619955603
[TLS] client_random  (32): C869E8576D49B7FF650DA25E9DBFC9823B1615A2C4296F3101D0BC5F175DA05E
[TLS] sign_hash (32): 28388910D4410E4F30E91DBE79718605A371CD0384ADE726A767C9EE1110B08E
[TLS] Written transcript to proofs/MSG_TLS_C869E857.out, proofs/SIG_TLS_C869E857.out and proofs/PK_TLS_C869E857.der
Signature verification succeeds
[TLS] Server time: 1619955604
[TLS] client_random  (32): 6A195CD2F760567C24E53B42AEEB8977F0DAFF915CA97878158525BD93F0A2DD
[TLS] sign_hash (32): CF6095D3BF7DA83B3E4ED88050D600C9B6C53F7819D4E405D3797BCCB37EADDF
[TLS] Written transcript to proofs/MSG_TLS_6A195CD2.out, proofs/SIG_TLS_6A195CD2.out and proofs/PK_TLS_6A195CD2.der
Signature verification succeeds
[TLS] Server time: 1619955604
[TLS] client_random  (32): 35C71A0F530D57F295F81143E3643D09BE15E437623F17413AD271B56A8F390D
[TLS] sign_hash (32): 596245227CAF57F607E797B1D7910A2BC6F5D1BC701506857D5F14E0150EF6E4
[TLS] Written transcript to proofs/MSG_TLS_35C71A0F.out, proofs/SIG_TLS_35C71A0F.out and proofs/PK_TLS_35C71A0F.der
Signature verification succeeds
[TLS] Server time: 1619955604
[TLS] client_random  (32): 215FC2D5A1612E19B680D954305B1291123B337A420E57591E3CBF651F9EC3CF
[TLS] sign_hash (32): 5BC47B9D1A2113A440697196F055C6460013E8782A2F8815E20057A5E725B4AF
[TLS] Written transcript to proofs/MSG_TLS_215FC2D5.out, proofs/SIG_TLS_215FC2D5.out and proofs/PK_TLS_215FC2D5.der
Signature verification succeeds
[TLS] Server time: 1619955604
[TLS] client_random  (32): 25DCD7F8A33747DB66B037C3468C19A8B91BEA4100AE64AF8D88A11BCDD8965C
[TLS] sign_hash (32): F640C529E4F5FCC67A95D3FBB5C0EC1FDC17FEADA6AB2217ABE9E3EC1286D880
[TLS] Written transcript to proofs/MSG_TLS_25DCD7F8.out, proofs/SIG_TLS_25DCD7F8.out and proofs/PK_TLS_25DCD7F8.der
Signature verification succeeds
[TLS] Server time: 1619955604
[TLS] client_random  (32): 9227EC846C7B1BC0D0836A3EB80BEA3D6BD899DC9F96D1F6894CC0DA814B3D0C
[TLS] sign_hash (32): D7880905316FC9B502A9346B4542E21669D73A9CC0D15DB8DE89F91BF369A59A
[TLS] Written transcript to proofs/MSG_TLS_9227EC84.out, proofs/SIG_TLS_9227EC84.out and proofs/PK_TLS_9227EC84.der
Signature verification succeeds
[TLS] Server time: 1619955605
[TLS] client_random  (32): 69B4BAF807DE13B9533E1CD4361E3FB3E8C23F8BA800EEC7825D943419949033
[TLS] sign_hash (32): E87AC6269244C261F81FCFCF6B4B22E551C34FECD30AFEC58A534E8FF7A2C62F
[TLS] Written transcript to proofs/MSG_TLS_69B4BAF8.out, proofs/SIG_TLS_69B4BAF8.out and proofs/PK_TLS_69B4BAF8.der
Signature verification succeeds
[TLS] Server time: 1619955605
[TLS] client_random  (32): FEEB594DF74ED72DC973520CE2AC58D936C69F61E1981A92DF84EC022E873460
[TLS] sign_hash (32): 87683619FA0BFBB4BABBDB57EFCD14DD147B98C1DC38E871FB0012095B2B978A
[TLS] Written transcript to proofs/MSG_TLS_FEEB594D.out, proofs/SIG_TLS_FEEB594D.out and proofs/PK_TLS_FEEB594D.der
Signature verification succeeds
[TLS] Server time: 1619955605
[TLS] client_random  (32): 1D4290170088578A8D7AD7F94D00B92672D10EB070E624A9A11474FDE383D070
[TLS] sign_hash (32): 7EFBEAED0D65EDECF36017309FC5718F6B59AB0B3C5720B9972742B42A148AE6
[TLS] Written transcript to proofs/MSG_TLS_1D429017.out, proofs/SIG_TLS_1D429017.out and proofs/PK_TLS_1D429017.der
Signature verification succeeds
[TLS] Server time: 1619955605
[TLS] client_random  (32): 4A958DDF696DFE38AD52ECE8154E3DB1B7DF99B17A15DB80708C0B93AD09254C
[TLS] sign_hash (32): BBE54CF10B6D04DCA8B3CD9F9634CBC6F532622193F0C188C8CD97B0B3010503
[TLS] Written transcript to proofs/MSG_TLS_4A958DDF.out, proofs/SIG_TLS_4A958DDF.out and proofs/PK_TLS_4A958DDF.der
Signature verification succeeds
[TLS] Server time: 1619955605
[TLS] client_random  (32): 727669382C410A16E74A360A121BE82D489C1097543C21CB93D1EA0C7F09B961
[TLS] sign_hash (32): F9E45EDCE20DC61C7CAA10AA5ACCE6FCBAD50C42DA55A7D225981E63F761A1F7
[TLS] Written transcript to proofs/MSG_TLS_72766938.out, proofs/SIG_TLS_72766938.out and proofs/PK_TLS_72766938.der
Signature verification succeeds
[TLS] Server time: 1619955605
[TLS] client_random  (32): 0C2BB6078125C09C92D4F37C2D2DCF4C83AEE6A8C4D8181DB53AEB6B8A805EB6
[TLS] sign_hash (32): E6BB7E9DD7D8FCB32E57AED3C4873B3994992D853C81326AE8209036D1E2DCBB
[TLS] Written transcript to proofs/MSG_TLS_0C2BB607.out, proofs/SIG_TLS_0C2BB607.out and proofs/PK_TLS_0C2BB607.der
Signature verification succeeds
[TLS] Server time: 1619955606
[TLS] client_random  (32): D4F19A61F2B0F001A8DEEB9C2BE7D3B819843DB331DD10162BEDBBB3373654FE
[TLS] sign_hash (32): D5CA70A421EBED8AA26838520A209655BB8E3DF9EF71B53E3955ADFBD71F3F79
[TLS] Written transcript to proofs/MSG_TLS_D4F19A61.out, proofs/SIG_TLS_D4F19A61.out and proofs/PK_TLS_D4F19A61.der
Signature verification succeeds
[TLS] Server time: 1619955606
[TLS] client_random  (32): 8401A77F2B770B0B6BF62C23CE9B8844E06830C689A4C6FD7A8E128A8501210E
[TLS] sign_hash (32): 082AE4B8F98055836E55A63853122AF8FB584B06B4A9168C939065DDBBFF758E
[TLS] Written transcript to proofs/MSG_TLS_8401A77F.out, proofs/SIG_TLS_8401A77F.out and proofs/PK_TLS_8401A77F.der
Signature verification succeeds
[TLS] Server time: 1619955606
[TLS] client_random  (32): 022D01444256336CDE810CE5432DBC7333DDFD1A7D679142123CFD1D4A70883B
[TLS] sign_hash (32): 65A8AF295022B847D9DA75D8436CB3A96F451C6611B820AE5CD03B33C4F60805
[TLS] Written transcript to proofs/MSG_TLS_022D0144.out, proofs/SIG_TLS_022D0144.out and proofs/PK_TLS_022D0144.der
Signature verification succeeds
[TLS] Server time: 1619955606
[TLS] client_random  (32): 4E99013741DF22C190EE114FDF7EF67C75F579A3E5A0ED23C90981E79B183B95
[TLS] sign_hash (32): 7F7682F94AAE070C84EA783DC37BB757F092834ECAEF02084D3863858F40E143
[TLS] Written transcript to proofs/MSG_TLS_4E990137.out, proofs/SIG_TLS_4E990137.out and proofs/PK_TLS_4E990137.der
Signature verification succeeds
[TLS] Server time: 1619955606
[TLS] client_random  (32): 458A57E3301193089E518ADFAFCB32DC87D95DC571329720D538A66D815EEBC7
[TLS] sign_hash (32): 2DDC24D628140AB07597AD16DE71CA0B701AF2BEE9248F1C6744F4CA1D4C414D
[TLS] Written transcript to proofs/MSG_TLS_458A57E3.out, proofs/SIG_TLS_458A57E3.out and proofs/PK_TLS_458A57E3.der
Signature verification succeeds
[TLS] Server time: 1619955606
[TLS] client_random  (32): 4F947F338E4AD8657A702C5A4C2B241AB526CA9DB2C59524D59908DB671E2D31
[TLS] sign_hash (32): 3A1E3413B29EC17ED1C2BE04E4D3FD7A1F22D055FDF36DF8A49089BE13425839
[TLS] Written transcript to proofs/MSG_TLS_4F947F33.out, proofs/SIG_TLS_4F947F33.out and proofs/PK_TLS_4F947F33.der
Signature verification succeeds
[TLS] Server time: 1619955606
[TLS] client_random  (32): D8A7EDB0831CB1F012092D1E41F1DB1738351056176C9E1A6E96B85443CCD24B
[TLS] sign_hash (32): 5FBC71AB7F3AE5593CB361FEF670A2A2D9D93C3189A0B607BFA0C8B87BC811F6
[TLS] Written transcript to proofs/MSG_TLS_D8A7EDB0.out, proofs/SIG_TLS_D8A7EDB0.out and proofs/PK_TLS_D8A7EDB0.der
Signature verification succeeds
[TLS] Server time: 1619955606
[TLS] client_random  (32): 78B6AA811099CBC5B4E70FC539DFC59A1B1799DF2B5AB39A6737E476D9A77257
[TLS] sign_hash (32): 624C933AE362A01963CD7EF8A8E3683F17728265FA407089BFD65D37C9234A92
[TLS] Written transcript to proofs/MSG_TLS_78B6AA81.out, proofs/SIG_TLS_78B6AA81.out and proofs/PK_TLS_78B6AA81.der
Signature verification succeeds
[TLS] Server time: 1619955606
[TLS] client_random  (32): 573EB03F7454B994FDF93BF73FFBD2BF18130E570F2D4C18CAA1850A8F8C524E
[TLS] sign_hash (32): 7763BE339997910C1DFDB2B82E962C6AEA070D18B8EC090406012DC7C982B820
[TLS] Written transcript to proofs/MSG_TLS_573EB03F.out, proofs/SIG_TLS_573EB03F.out and proofs/PK_TLS_573EB03F.der
Signature verification succeeds
[TLS] Server time: 1619955606
[TLS] client_random  (32): 56047624BFCCDF27BB94EC3BB8FE739429FA95CF26DBAE06489CD617A3357833
[TLS] sign_hash (32): C05F3AEFB8DF15DD7FE330D36D1D20F14861D60B208435742A0B9ECA2AFD3DB7
[TLS] Written transcript to proofs/MSG_TLS_56047624.out, proofs/SIG_TLS_56047624.out and proofs/PK_TLS_56047624.der
Signature verification succeeds
[TLS] Server time: 1619955606
[TLS] client_random  (32): 3E5D4CF7F05D697C69ADEA25D0B506DABC5461609652B5D4840E7A7995DC2E52
[TLS] sign_hash (32): 92E4E02D8853EA16E36D1E6829DA8285C6B07C9B67A12BE03B551F6E1E2FCC50
[TLS] Written transcript to proofs/MSG_TLS_3E5D4CF7.out, proofs/SIG_TLS_3E5D4CF7.out and proofs/PK_TLS_3E5D4CF7.der
Signature verification succeeds
[TLS] Server time: 1619955606
[TLS] client_random  (32): AEED1DE5A1381D16ED56E2E0A643BEEEEFE55A17292117C548213DB81A38074B
[TLS] sign_hash (32): 905D104B67D5E82CCA660CE391E1BE519EA8368CFA39BD21445F2C58241D74A6
[TLS] Written transcript to proofs/MSG_TLS_AEED1DE5.out, proofs/SIG_TLS_AEED1DE5.out and proofs/PK_TLS_AEED1DE5.der
Signature verification succeeds
[TLS] Server time: 1619955606
[TLS] client_random  (32): 9C706955189C5B4B03E3AE6CBA14BA05E3F47422F8E01F42556B951FC17AAEC9
[TLS] sign_hash (32): 9A2DF34B6AF0762890A1CE87C2E6EC2685BACED22D21EE563AAF10E78782FA63
[TLS] Written transcript to proofs/MSG_TLS_9C706955.out, proofs/SIG_TLS_9C706955.out and proofs/PK_TLS_9C706955.der
Signature verification succeeds
[TLS] Server time: 1619955606
[TLS] client_random  (32): B804E02652FD68687D511DD93BA9691FD0DFA8437D6B58C8F0B36CDEC27A082E
[TLS] sign_hash (32): C9BBF66A6C4F8D32CCA79EC965E2F8E4B160C20DB6A4A9698BC4DBDADC48E370
[TLS] Written transcript to proofs/MSG_TLS_B804E026.out, proofs/SIG_TLS_B804E026.out and proofs/PK_TLS_B804E026.der
Signature verification succeeds
[TLS] Server time: 1619955606
[TLS] client_random  (32): 8721359FAECD291A071E8744ACA551FFDF345C3CAE7C47F11E0CDCC3B4749E1A
[TLS] sign_hash (32): A145F4D87A29A0F3EA67FD93375F09D75C5A41D301F2C31657F5496D5E0DC992
[TLS] Written transcript to proofs/MSG_TLS_8721359F.out, proofs/SIG_TLS_8721359F.out and proofs/PK_TLS_8721359F.der
Signature verification succeeds
[TLS] Server time: 1619955606
[TLS] client_random  (32): 5546CBC295635EA35D5FB7CAB1492140125A40609D2E315454188E763E973F6F
[TLS] sign_hash (32): FCE59382AD16817D85A68A77857D44CD6741C2BB6F8D020757CF771AB69A73A1
[TLS] Written transcript to proofs/MSG_TLS_5546CBC2.out, proofs/SIG_TLS_5546CBC2.out and proofs/PK_TLS_5546CBC2.der
Signature verification succeeds
[TLS] Server time: 1619955606
[TLS] client_random  (32): ABBF299B3E0E348646486006D5E0DA98D439588B41D8BBEA9D844D90613A2836
[TLS] sign_hash (32): DDE8E02EE9B955455CAABFAE2CCAC604CA5E70B9A98F570F2386FCD00FA33DCC
[TLS] Written transcript to proofs/MSG_TLS_ABBF299B.out, proofs/SIG_TLS_ABBF299B.out and proofs/PK_TLS_ABBF299B.der
Signature verification succeeds
[TLS] Server time: 1619955606
[TLS] client_random  (32): F5B7ECDC465DE7E6FCC0BEF439C9C160CDD6E62F253DD367658A9F5FC53711DA
[TLS] sign_hash (32): C420503D65D4B36D5EA0DC1762088E4F983D667D5D7F52D7563FD84014DA2051
[TLS] Written transcript to proofs/MSG_TLS_F5B7ECDC.out, proofs/SIG_TLS_F5B7ECDC.out and proofs/PK_TLS_F5B7ECDC.der
Signature verification succeeds
[TLS] Server time: 1619955606
[TLS] client_random  (32): 51829592841CC6D23F09FCE37E21A6B8FC429F106BC3F41F9E6C45C61C43773B
[TLS] sign_hash (32): 28CA8730E04B0E4FD6E52F4AE0A4827629BDBB296C75877BB3A9C604A02ECBA1
[TLS] Written transcript to proofs/MSG_TLS_51829592.out, proofs/SIG_TLS_51829592.out and proofs/PK_TLS_51829592.der
Signature verification succeeds
[TLS] Server time: 1619955606
[TLS] client_random  (32): 6D8619402EFCF51D3E5DB79F01F64CB6780DF20EF12D15EB382924321B4ABCD2
[TLS] sign_hash (32): 7E9C49EDD3EB7C09218FA7177FDD12DB94412A94FE0C4BC7F5C10B511F5BB564
[TLS] Written transcript to proofs/MSG_TLS_6D861940.out, proofs/SIG_TLS_6D861940.out and proofs/PK_TLS_6D861940.der
Signature verification succeeds
[TLS] Server time: 1619955606
[TLS] client_random  (32): A0C467D5471A35E3F2C1869EF4C6488BC194D6AB4151AE4BCB8067A4ABF57AAD
[TLS] sign_hash (32): 3C2CF11EA8F0457694D7B52E8F734E16314020FCD25D6FF67D0D8FD5E9ED2ED2
[TLS] Written transcript to proofs/MSG_TLS_A0C467D5.out, proofs/SIG_TLS_A0C467D5.out and proofs/PK_TLS_A0C467D5.der
Signature verification succeeds
[TLS] Server time: 1619955606
[TLS] client_random  (32): 99D95827ACEFE4E8F455D4DCC6867F47310CBAAC9DF6F56D9616F450FC3E3E11
[TLS] sign_hash (32): AFE9BB400D83069FF0D9A34FF0ED2CD75D71748A542C184DBDB62CFCA2F800AF
[TLS] Written transcript to proofs/MSG_TLS_99D95827.out, proofs/SIG_TLS_99D95827.out and proofs/PK_TLS_99D95827.der
Signature verification succeeds
[TLS] Server time: 1619955606
[TLS] client_random  (32): 11702A87A3A971E26AEABB0B66060385D12D7AA4507CCAEDE757C809C13ECC42
[TLS] sign_hash (32): 9E41189EC6EFA6428E6A01505D3107414B4FE20681C450639DD6629C1DA61071
[TLS] Written transcript to proofs/MSG_TLS_11702A87.out, proofs/SIG_TLS_11702A87.out and proofs/PK_TLS_11702A87.der
Signature verification succeeds
[TLS] Server time: 1619955606
[TLS] client_random  (32): B54033909BF3B52ACE66D74B856DBE872F97D76A436BC30755A26A03099D29B5
[TLS] sign_hash (32): F8D8024A3A335163A6AA6599CE6166EBE6DF01CDA5D66AF4F90087F949611C07
[TLS] Written transcript to proofs/MSG_TLS_B5403390.out, proofs/SIG_TLS_B5403390.out and proofs/PK_TLS_B5403390.der
Signature verification succeeds
[TLS] Server time: 1619955607
[TLS] client_random  (32): 488E09B42F23E8BCD0057427AC8D5F27985BCCD5929364F88876DB06BC3DC21A
[TLS] sign_hash (32): 135628E80F85C938E4E9C02D976113EEFA2EF30E65447A49D0B4CE001105739F
[TLS] Written transcript to proofs/MSG_TLS_488E09B4.out, proofs/SIG_TLS_488E09B4.out and proofs/PK_TLS_488E09B4.der
Signature verification succeeds
[TLS] Server time: 1619955607
[TLS] client_random  (32): 571E7B5C1F6D3E7323B61331C69ADAB45BA9F5915620D23848A8C5C88A2E7612
[TLS] sign_hash (32): A729E721BB34493AF7DF712F4E4EEF05DBDFFAFC15167F08DF68C685B41AB9F6
[TLS] Written transcript to proofs/MSG_TLS_571E7B5C.out, proofs/SIG_TLS_571E7B5C.out and proofs/PK_TLS_571E7B5C.der
Signature verification succeeds
[TLS] Server time: 1619955607
[TLS] client_random  (32): 74A768B2C33366D089D0E3511F5BB707F0D21277FEF1934248D7B9AE78772ED4
[TLS] sign_hash (32): C7C8BD6291FCF801BA268E1799939AF4AF0A6B0742B4F03AE1BE5B63CCC6414D
[TLS] Written transcript to proofs/MSG_TLS_74A768B2.out, proofs/SIG_TLS_74A768B2.out and proofs/PK_TLS_74A768B2.der
Signature verification succeeds
[TLS] Server time: 1619955607
[TLS] client_random  (32): 7707128B53F5A001A71A681723811E9CFB08A0761DF83860B2C8BA46DAC35021
[TLS] sign_hash (32): D46FE6E11F89D04D0FCF1249E55B9950BEFBAFA79BF89946FD80E8E972C13059
[TLS] Written transcript to proofs/MSG_TLS_7707128B.out, proofs/SIG_TLS_7707128B.out and proofs/PK_TLS_7707128B.der
Signature verification succeeds
[TLS] Server time: 1619955607
[TLS] client_random  (32): 076008572722D375B1AAE041BAE3D61DA974604F4577A44633B4B71A795B8F7A
[TLS] sign_hash (32): BD56CF2573FD7DAD413488A47FA3D972305EFA6B20072253DBE7C2236837340F
[TLS] Written transcript to proofs/MSG_TLS_07600857.out, proofs/SIG_TLS_07600857.out and proofs/PK_TLS_07600857.der
Signature verification succeeds
[TLS] Server time: 1619955607
[TLS] client_random  (32): 54190D756B35A4B9CB5EBEB0F113CA6B4DE5651801A2861FE76CF29E3A01B6B0
[TLS] sign_hash (32): C1DB61C8DBA5C33372158F1881DB3BB9CFBA4DD54860C7971FE38A75B3428D87
[TLS] Written transcript to proofs/MSG_TLS_54190D75.out, proofs/SIG_TLS_54190D75.out and proofs/PK_TLS_54190D75.der
Signature verification succeeds
[TLS] Server time: 1619955607
[TLS] client_random  (32): 5F09F30AE8B023006091E43A9D6745842535C8D8C286531D9AB33B2E194D18A6
[TLS] sign_hash (32): EEF3217C61644A19D64E6F2C76C22AA047B2F5CFB6DBFBD3CC0D2C6A32D1D462
[TLS] Written transcript to proofs/MSG_TLS_5F09F30A.out, proofs/SIG_TLS_5F09F30A.out and proofs/PK_TLS_5F09F30A.der
Signature verification succeeds
[TLS] Server time: 1619955607
[TLS] client_random  (32): 0B1D1CEFF6126EE49F4F83DEE4FF6B48A82E35A6A90E29DD459C13FB60840C83
[TLS] sign_hash (32): 51A888E55C5630602CFF2FB3C671E2A14B6D7CF5789616D10AE51A765FD29980
[TLS] Written transcript to proofs/MSG_TLS_0B1D1CEF.out, proofs/SIG_TLS_0B1D1CEF.out and proofs/PK_TLS_0B1D1CEF.der
Signature verification succeeds
[TLS] Server time: 1619955607
[TLS] client_random  (32): 7FBEA4845630BE4E18E04F79D688883FB339EFFED2D8F061C279B30A9793111A
[TLS] sign_hash (32): 62A5DBB5ADA8E8BD29ED5C032926F6404C5505E61F7AB9F2C488898B63E080C0
[TLS] Written transcript to proofs/MSG_TLS_7FBEA484.out, proofs/SIG_TLS_7FBEA484.out and proofs/PK_TLS_7FBEA484.der
Signature verification succeeds
[TLS] Server time: 1619955607
[TLS] client_random  (32): DAF337F6503F880988DA8695DCDD4EDFA2BF0550D7E4BE8D8CEC60E6AB909421
[TLS] sign_hash (32): 701E86378D63499F8739413B98C96FB25C4FB86EAB1D1BF5A0915E546ADB0D8F
[TLS] Written transcript to proofs/MSG_TLS_DAF337F6.out, proofs/SIG_TLS_DAF337F6.out and proofs/PK_TLS_DAF337F6.der
Signature verification succeeds
[TLS] Server time: 1619955607
[TLS] client_random  (32): 5D1636392E7B272BC9FD70390082BAF4656CDA4991907522217A11D303DA2477
[TLS] sign_hash (32): 3F28A0DFAB31B726FF08EB1F6AA6F834DBFD76BC800677DDFA1F81F1F6456955
[TLS] Written transcript to proofs/MSG_TLS_5D163639.out, proofs/SIG_TLS_5D163639.out and proofs/PK_TLS_5D163639.der
Signature verification succeeds
[TLS] Server time: 1619955607
[TLS] client_random  (32): 319234DE52B91837A109B55ED97BEF65A5CE74091EE56B6C1EE0920118027B66
[TLS] sign_hash (32): 33403B05AF5C1A219BE1401CD5AEC348BE03F8D5DD76794F9A7C30373D228BD3
[TLS] Written transcript to proofs/MSG_TLS_319234DE.out, proofs/SIG_TLS_319234DE.out and proofs/PK_TLS_319234DE.der
Signature verification succeeds
[TLS] Server time: 1619955607
[TLS] client_random  (32): 75C3F04F223A913A84A3AB1A3D53FA3ABE80D886FA93636605DE854778F1772C
[TLS] sign_hash (32): 673DDE235AC51529A94D5921BB5EC3BB7C34DE0DA202F723C137280E13792EF1
[TLS] Written transcript to proofs/MSG_TLS_75C3F04F.out, proofs/SIG_TLS_75C3F04F.out and proofs/PK_TLS_75C3F04F.der
Signature verification succeeds
[TLS] Server time: 1619955607
[TLS] client_random  (32): 2A341549E74B0984482F8667AF88B39701259EFF65B288519B27749F6FF9F5D1
[TLS] sign_hash (32): 87DD3B1CE56AC423A7BE43B07942D95C4CD1FC19A92D33FC3B20519923D0A5B1
[TLS] Written transcript to proofs/MSG_TLS_2A341549.out, proofs/SIG_TLS_2A341549.out and proofs/PK_TLS_2A341549.der
Signature verification succeeds
[TLS] Server time: 1619955607
[TLS] client_random  (32): A6FE5B0CF7F2BB6C6DB73F776E5A7B3B9DCB97D044E9BFFDF7C5013BB3C3CEA1
[TLS] sign_hash (32): AE01468F7611944A52A83B1D945BD3AC19F7E2D492E9A39ACEFE3FE793AEFC91
[TLS] Written transcript to proofs/MSG_TLS_A6FE5B0C.out, proofs/SIG_TLS_A6FE5B0C.out and proofs/PK_TLS_A6FE5B0C.der
Signature verification succeeds
[TLS] Server time: 1619955607
[TLS] client_random  (32): AE3565413000106CB08B17D54C55F28458E977B3DE470A206B1EC523C905212C
[TLS] sign_hash (32): D44972A1676D67BA0D53BEC528773F6000A1C0B9666A00F6F75D53AF05923EA0
[TLS] Written transcript to proofs/MSG_TLS_AE356541.out, proofs/SIG_TLS_AE356541.out and proofs/PK_TLS_AE356541.der
Signature verification succeeds
[TLS] Server time: 1619955607
[TLS] client_random  (32): A81A0DB6F326EAACE7AD1B276E207A36545FEE6010000D2C1C8365E7360AB26C
[TLS] sign_hash (32): 332F86ACFC6A02B0829D1179E9A1C327098DA6172CD6BBBBE615677F8EC58A05
[TLS] Written transcript to proofs/MSG_TLS_A81A0DB6.out, proofs/SIG_TLS_A81A0DB6.out and proofs/PK_TLS_A81A0DB6.der
Signature verification succeeds
[TLS] Server time: 1619955607
[TLS] client_random  (32): 382B72C8AD0CFD87F66B2DC618B336EDB9F38F25230DCAB099544A5EE69710A9
[TLS] sign_hash (32): B559CFB6D2E72B1B6BFBCC8E12248BC582ED5AEA188B2FFAE32C9AB84B79AFA8
[TLS] Written transcript to proofs/MSG_TLS_382B72C8.out, proofs/SIG_TLS_382B72C8.out and proofs/PK_TLS_382B72C8.der
Signature verification succeeds
[TLS] Server time: 1619955607
[TLS] client_random  (32): 6012F32B75B1072D3B61B83BFBA282EF5195A8EAA2CC197167F1516288915599
[TLS] sign_hash (32): D46B0981937F987B6CF74429B0E14F3CEAC6081018C5AF36069E7F7BCDFB1656
[TLS] Written transcript to proofs/MSG_TLS_6012F32B.out, proofs/SIG_TLS_6012F32B.out and proofs/PK_TLS_6012F32B.der
Signature verification succeeds
[TLS] Server time: 1619955607
[TLS] client_random  (32): BF1397BC2A8A2E5BC6578C99AB111F25B377F7AC7B9C860786891FDC17E288AC
[TLS] sign_hash (32): 757A58ABE3B2134DB58B0428A44AF5695218BC0E25FD5AEA31E991D953F3D81B
[TLS] Written transcript to proofs/MSG_TLS_BF1397BC.out, proofs/SIG_TLS_BF1397BC.out and proofs/PK_TLS_BF1397BC.der
Signature verification succeeds
[TLS] Server time: 1619955607
[TLS] client_random  (32): 4C69FB9FF215A7C56BC60C93150521F60094A19FF8A074A4C6E8079C39313A0F
[TLS] sign_hash (32): DBF8C150F3FD07A946083BF6270BB2C13DFB3CB8E0966CA73C01058A5E49C964
[TLS] Written transcript to proofs/MSG_TLS_4C69FB9F.out, proofs/SIG_TLS_4C69FB9F.out and proofs/PK_TLS_4C69FB9F.der
Signature verification succeeds
[TLS] Server time: 1619955607
[TLS] client_random  (32): 59FB941177D7CCD01A1BAA0017F7D09F45A59EAECDBE9E54688490CA8F799D97
[TLS] sign_hash (32): 55D676C2D123127844207810CD97E5922F66AE095963E01D65A14D52FC80E98D
[TLS] Written transcript to proofs/MSG_TLS_59FB9411.out, proofs/SIG_TLS_59FB9411.out and proofs/PK_TLS_59FB9411.der
Signature verification succeeds
[TLS] Server time: 1619955607
[TLS] client_random  (32): 90BE80715C33B9C02D5783DB00DF9E8A5610E828FE8587C41AB0A60FD2ED67DF
[TLS] sign_hash (32): D9AA1E286BDA72A015431E3C7A4E9C399B2EA560381DC6E1BED49718733796DF
[TLS] Written transcript to proofs/MSG_TLS_90BE8071.out, proofs/SIG_TLS_90BE8071.out and proofs/PK_TLS_90BE8071.der
Signature verification succeeds
[TLS] Server time: 1619955607
[TLS] client_random  (32): EEAFFD0DDC571FEEDF5FF597AFE1B2271A1E94FFEC8EF24CA2E4D5785C5BC4B5
[TLS] sign_hash (32): 249CA993DE8FA9C60D22482DF9B32D044B2F0085F5D6470A9CBBC405C6EECA50
[TLS] Written transcript to proofs/MSG_TLS_EEAFFD0D.out, proofs/SIG_TLS_EEAFFD0D.out and proofs/PK_TLS_EEAFFD0D.der
Signature verification succeeds
[TLS] Server time: 1619955608
[TLS] client_random  (32): 8DB14DB1C2029AE11C5250954BD6E6689000998E85401DB91EC7ADD6F2F5C3AE
[TLS] sign_hash (32): C25F442B1991B049C0EB5548FF920F6792352FB1E2B8DF85B6E01A0034861FBF
[TLS] Written transcript to proofs/MSG_TLS_8DB14DB1.out, proofs/SIG_TLS_8DB14DB1.out and proofs/PK_TLS_8DB14DB1.der
Signature verification succeeds
[TLS] Server time: 1619955608
[TLS] client_random  (32): 403F79D524726D7894B04B1DF362438422BDCA84BD3CB66C765540F7E4A9C371
[TLS] sign_hash (32): F5D2D0034781F95D00B4093E7D5E20DFD017B280E7D3C73A1DD1C6C7155CBDAC
[TLS] Written transcript to proofs/MSG_TLS_403F79D5.out, proofs/SIG_TLS_403F79D5.out and proofs/PK_TLS_403F79D5.der
Signature verification succeeds
[TLS] Server time: 1619955608
[TLS] client_random  (32): 756CC7C154FFA178A7600B4CB1B30979432AC052A61F8F0167FEBCB712D2E17D
[TLS] sign_hash (32): 5A82C4045FEEEDAFC0A636256B76A37EFA7E40C01279AE2E1E1C98EEDFE74A31
[TLS] Written transcript to proofs/MSG_TLS_756CC7C1.out, proofs/SIG_TLS_756CC7C1.out and proofs/PK_TLS_756CC7C1.der
Signature verification succeeds
[TLS] Server time: 1619955608
[TLS] client_random  (32): 3050B3A2DDEEB751DA3079B108DABE87783D00D92AC71F78202844524762F64D
[TLS] sign_hash (32): 0657B760CF58C1D8CC05661E7F4C89108279C89006A9147D169E53D9F605B95D
[TLS] Written transcript to proofs/MSG_TLS_3050B3A2.out, proofs/SIG_TLS_3050B3A2.out and proofs/PK_TLS_3050B3A2.der
Signature verification succeeds
[TLS] Server time: 1619955608
[TLS] client_random  (32): 20085660DAE204939058BFC6F5CECEB74C61B7D5099FC8A8B9D34F9AC91A96A3
[TLS] sign_hash (32): BDDE2366C117163CEC838E6047ED5261790FA0430984CE89BFB7424EADDA48E1
[TLS] Written transcript to proofs/MSG_TLS_20085660.out, proofs/SIG_TLS_20085660.out and proofs/PK_TLS_20085660.der
Signature verification succeeds
[TLS] Server time: 1619955608
[TLS] client_random  (32): 122DC77489DF5638F68C13B32C70CCAB6B8BD5A05245B51E20798B784FC1AAAA
[TLS] sign_hash (32): BC4FA3E22CB1AADCEF3175B010A58D4E770D61151C012982D09D47A478A19CD8
[TLS] Written transcript to proofs/MSG_TLS_122DC774.out, proofs/SIG_TLS_122DC774.out and proofs/PK_TLS_122DC774.der
Signature verification succeeds
[TLS] Server time: 1619955608
[TLS] client_random  (32): 5D17AF32B5388CD5278D6F3A14A47A231A5A376E2912126178FB8DBD784E5F05
[TLS] sign_hash (32): 9C6536AE91F11E0B7C8C1E140DFD7F392D696EE4C555527289BB01E7DA240433
[TLS] Written transcript to proofs/MSG_TLS_5D17AF32.out, proofs/SIG_TLS_5D17AF32.out and proofs/PK_TLS_5D17AF32.der
Signature verification succeeds
[TLS] Server time: 1619955608
[TLS] client_random  (32): 786532D908F7E0DD1E0688ED5604DFE5C77EAB6A54A63B6A85D5E4C1250063E6
[TLS] sign_hash (32): 2948B237402ECBA0B0D957EE704B96335E006321F77EDB3213E54E7D03256096
[TLS] Written transcript to proofs/MSG_TLS_786532D9.out, proofs/SIG_TLS_786532D9.out and proofs/PK_TLS_786532D9.der
Signature verification succeeds
[TLS] Server time: 1619955608
[TLS] client_random  (32): AF75C81A5BDEC971590F60943AC49402CB7CF25B18372536C2BB370A142C6A69
[TLS] sign_hash (32): E3D66181B577E1A2412E994703AAD3EE06E54CE57F4226DEFC8BBC105729D4E1
[TLS] Written transcript to proofs/MSG_TLS_AF75C81A.out, proofs/SIG_TLS_AF75C81A.out and proofs/PK_TLS_AF75C81A.der
Signature verification succeeds
[TLS] Server time: 1619955608
[TLS] client_random  (32): E7C313115CC723BD31E44004F0C11C94E7C010FFABD029CB740B345D1F4266D2
[TLS] sign_hash (32): F23E8157A45C900D1F00ABB6E60F9109D3FF7247888F9AE966CADACA9ADF574C
[TLS] Written transcript to proofs/MSG_TLS_E7C31311.out, proofs/SIG_TLS_E7C31311.out and proofs/PK_TLS_E7C31311.der
Signature verification succeeds
[TLS] Server time: 1619955608
[TLS] client_random  (32): 54D905629D8744B8939F505B196614DE5D534147B5DB3DC768037FF3B468B546
[TLS] sign_hash (32): CCE9BE8A3BBA182C9C45EE600330439C30D141484E8BF8D80288BBBDCEED2664
[TLS] Written transcript to proofs/MSG_TLS_54D90562.out, proofs/SIG_TLS_54D90562.out and proofs/PK_TLS_54D90562.der
Signature verification succeeds
[TLS] Server time: 1619955608
[TLS] client_random  (32): 8E58870CB6941B5F1CC8AB624A2BFFC3EB594BEB721F2743695A5B8523EFE57C
[TLS] sign_hash (32): 7CAFA16B4140D8473056FD743446830809F5818C7CE3FC54C32078C30ED7063D
[TLS] Written transcript to proofs/MSG_TLS_8E58870C.out, proofs/SIG_TLS_8E58870C.out and proofs/PK_TLS_8E58870C.der
Signature verification succeeds
[TLS] Server time: 1619955608
[TLS] client_random  (32): 6E81EB01BC4B256CCE000CCEB93CB650F5B35346D3AD81B6DD87AB2801D937C7
[TLS] sign_hash (32): 58A9648445631114253C3F7C863D2446E558C3B5FE00B44DC3D744215AC5BEB7
[TLS] Written transcript to proofs/MSG_TLS_6E81EB01.out, proofs/SIG_TLS_6E81EB01.out and proofs/PK_TLS_6E81EB01.der
Signature verification succeeds
[TLS] Server time: 1619955608
[TLS] client_random  (32): 82190CAA7929D5288FE315F474007ABD99A21ED871A1A747D92206E7B3A23901
[TLS] sign_hash (32): C7A7800C8AF9CF697587D9C12F83531089596825461D175F1E01F0BA64A55237
[TLS] Written transcript to proofs/MSG_TLS_82190CAA.out, proofs/SIG_TLS_82190CAA.out and proofs/PK_TLS_82190CAA.der
Signature verification succeeds
[TLS] Server time: 1619955608
[TLS] client_random  (32): 7C6D52D6CFD445FD67CB843470FE4245BE6CE07F8760CF40B80B2147D53276AD
[TLS] sign_hash (32): F2500C384E57B641DA8D1784930B05E9A3777FB1D294914DFD296A71099038AE
[TLS] Written transcript to proofs/MSG_TLS_7C6D52D6.out, proofs/SIG_TLS_7C6D52D6.out and proofs/PK_TLS_7C6D52D6.der
Signature verification succeeds
[TLS] Server time: 1619955608
[TLS] client_random  (32): 53C36F99C3B39A15800260FE7368A453139A33EEA090B0DF49369D801459F0E2
[TLS] sign_hash (32): 604798861ECBFD1A541C3301D94D82F9C3C5B53AA6CDF1DCAD4BAC4BAB06C1FF
[TLS] Written transcript to proofs/MSG_TLS_53C36F99.out, proofs/SIG_TLS_53C36F99.out and proofs/PK_TLS_53C36F99.der
Signature verification succeeds
[TLS] Server time: 1619955608
[TLS] client_random  (32): 651787B286F2C5EF7EE1C1EF1092C1331F7FA73E9A8E832A0C607A1477240B2B
[TLS] sign_hash (32): C817F1CD4091A43497B57010883DC8CF69B4A72CDB89073BC9414FF119A446AE
[TLS] Written transcript to proofs/MSG_TLS_651787B2.out, proofs/SIG_TLS_651787B2.out and proofs/PK_TLS_651787B2.der
Signature verification succeeds
[TLS] Server time: 1619955608
[TLS] client_random  (32): CC68968548E6863215105A54877D76F626309BFCB308198DAC2E1E5F27498A4F
[TLS] sign_hash (32): 04F8A72980D7D1C5A2773EEA0D5BD42DE2BCE312DD39156EB69B90350A39BF7E
[TLS] Written transcript to proofs/MSG_TLS_CC689685.out, proofs/SIG_TLS_CC689685.out and proofs/PK_TLS_CC689685.der
Signature verification succeeds
[TLS] Server time: 1619955608
[TLS] client_random  (32): C43814A717FA964E92B665890EF9DE1D9342B1DBF0C5CE952BD36DA86A05A71D
[TLS] sign_hash (32): 08B7B1FDA531BB01087FFA2ABF6261602CD15928C1C09740D16A1681F6A41B01
[TLS] Written transcript to proofs/MSG_TLS_C43814A7.out, proofs/SIG_TLS_C43814A7.out and proofs/PK_TLS_C43814A7.der
Signature verification succeeds
[TLS] Server time: 1619955608
[TLS] client_random  (32): D8E338B90A00B4817ED9D78D41CE99E7660DC605B4D89A19C4F32A4905068F7B
[TLS] sign_hash (32): 84E71D4C32AE2064F2DF00682358AD0A82D4F2DB8A0DBE8519F4D1D4D9CF2C38
[TLS] Written transcript to proofs/MSG_TLS_D8E338B9.out, proofs/SIG_TLS_D8E338B9.out and proofs/PK_TLS_D8E338B9.der
Signature verification succeeds
[TLS] Server time: 1619955608
[TLS] client_random  (32): 530D4A506407BE8DE19009A7BFAFE7342940E48F1002806C307FC3A23114B2E4
[TLS] sign_hash (32): 1B63F71B00BEF9209820E2FAD1CFEEF2E1AF5EE9A980C377842C9DAC0880544D
[TLS] Written transcript to proofs/MSG_TLS_530D4A50.out, proofs/SIG_TLS_530D4A50.out and proofs/PK_TLS_530D4A50.der
Signature verification succeeds
[TLS] Server time: 1619955608
[TLS] client_random  (32): 2DFD3FF600F60EF8D2F0B1B28AD9EE48E4230076F2690298F472D56B4157782E
[TLS] sign_hash (32): 3C8A456B70690438EC804520237C31F15E760EF3D00A17BA7CED902A7D2F2E6D
[TLS] Written transcript to proofs/MSG_TLS_2DFD3FF6.out, proofs/SIG_TLS_2DFD3FF6.out and proofs/PK_TLS_2DFD3FF6.der
Signature verification succeeds
[TLS] Server time: 1619955608
[TLS] client_random  (32): 4232E55F6351E1C0124FBBD12603BABD2B69DB18117085EBDF1FBEEFCA34004E
[TLS] sign_hash (32): F21ECA77B7A61B92E0851B428DE6917C7057A29029EDEEFE34A5677C21DDE521
[TLS] Written transcript to proofs/MSG_TLS_4232E55F.out, proofs/SIG_TLS_4232E55F.out and proofs/PK_TLS_4232E55F.der
Signature verification succeeds
[TLS] Server time: 1619955608
[TLS] client_random  (32): B751CF994BCABFCD2BD8C7D47F0138218FE89A5989DB77B3556A2533D7BF8951
[TLS] sign_hash (32): EEB3D6F7695A279A72F857FECDE8CE63AE4D12E247E9B259AA9B652ECED16E9C
[TLS] Written transcript to proofs/MSG_TLS_B751CF99.out, proofs/SIG_TLS_B751CF99.out and proofs/PK_TLS_B751CF99.der
Signature verification succeeds
[TLS] Server time: 1619955608
[TLS] client_random  (32): BC585AC5BEC998998A04680667EE412977368362E1364CC06E9396D0834FCA53
[TLS] sign_hash (32): 35D2CFD7E3F090C85A36D7AE403D181E275C83013BBFFF1B9FB6A47262E5FAE1
[TLS] Written transcript to proofs/MSG_TLS_BC585AC5.out, proofs/SIG_TLS_BC585AC5.out and proofs/PK_TLS_BC585AC5.der
Signature verification succeeds
[TLS] Server time: 1619955608
[TLS] client_random  (32): 6EA1619D7B8CE00F1FA736882C75BF7A3B9CB07CB06736D31A99F8BC5363523D
[TLS] sign_hash (32): CEB79584D65F90CD10FCB87956B1E7738F44B1830E9B93B08220ADE27F953A14
[TLS] Written transcript to proofs/MSG_TLS_6EA1619D.out, proofs/SIG_TLS_6EA1619D.out and proofs/PK_TLS_6EA1619D.der
Signature verification succeeds
[TLS] Server time: 1619955608
[TLS] client_random  (32): DC045F47890BD52D293CB1E609BB3C81BD923619FAB240B6C295E2C8BBAC52C9
[TLS] sign_hash (32): 37204DF5B24ECEED8DCB9ACEF11E103C1B2794DDAF42E6690FEE9EC67325C814
[TLS] Written transcript to proofs/MSG_TLS_DC045F47.out, proofs/SIG_TLS_DC045F47.out and proofs/PK_TLS_DC045F47.der
Signature verification succeeds
[TLS] Server time: 1619955608
[TLS] client_random  (32): D38CB82845AB67FE8E9BD34762FCB4DAD90C9CAD4C4C75A45C338EB4667E1FA5
[TLS] sign_hash (32): FE21A90D81DDFF7A71C9D048DD21297EDCD5A390C68B8A9B235F0847E5598BFB
[TLS] Written transcript to proofs/MSG_TLS_D38CB828.out, proofs/SIG_TLS_D38CB828.out and proofs/PK_TLS_D38CB828.der
Signature verification succeeds
[TLS] Server time: 1619955608
[TLS] client_random  (32): 6DC738ECF6732783EB16B51FA23840D91C83F460D51D175C7DCB7292F1DD17DF
[TLS] sign_hash (32): DA2C2655BFE670C7C73B5AF629565E945E177F10AF6E7A2A158D29D392EF69AE
[TLS] Written transcript to proofs/MSG_TLS_6DC738EC.out, proofs/SIG_TLS_6DC738EC.out and proofs/PK_TLS_6DC738EC.der
Signature verification succeeds
[TLS] Server time: 1619955608
[TLS] client_random  (32): 5B210F2485F1484B3FF0C5F32B2C5B5F020F6C9639383454A4914AD2299E1D31
[TLS] sign_hash (32): 63A011D7CFE49684C13DD1448AD308A18D964B020934C7E86AEF8282BF310CA9
[TLS] Written transcript to proofs/MSG_TLS_5B210F24.out, proofs/SIG_TLS_5B210F24.out and proofs/PK_TLS_5B210F24.der
Signature verification succeeds
[TLS] Server time: 1619955608
[TLS] client_random  (32): 100E18AD1F6F1B7CAE3E5DC141C514A00760F982F04367A0088962CA0495F823
[TLS] sign_hash (32): 37E5313E83675DC569B9CDCB007106472D93409A24719282A6E37512B544B57B
[TLS] Written transcript to proofs/MSG_TLS_100E18AD.out, proofs/SIG_TLS_100E18AD.out and proofs/PK_TLS_100E18AD.der
Signature verification succeeds
[TLS] Server time: 1619955608
[TLS] client_random  (32): A682FD0CD0225BE5CB8C6CF18CFA6B6EA8589562185D71E29F8A8C4D731D7F4A
[TLS] sign_hash (32): 1E20349F0B78C213FF319C446A6282A015A240AF61E83516E1166BA2188529D0
[TLS] Written transcript to proofs/MSG_TLS_A682FD0C.out, proofs/SIG_TLS_A682FD0C.out and proofs/PK_TLS_A682FD0C.der
Signature verification succeeds
Time breakdown (averages): anchor_ping:59.219253 file_read:0.148351 hashing:0.471858
Total time for 113 rounds is 6821.086683ms
Standard deviations: anchor_ping:146.472024 file_read:0.014171 hashing:0.006461
[Client-side ops] mean:0.620210 sd:0.015777
in & out anchor rand written to proofs/phase1.out
     22 [TLS] Server time: 1619955602
      1 [TLS] Server time: 1619955603
      5 [TLS] Server time: 1619955604
      6 [TLS] Server time: 1619955605
     24 [TLS] Server time: 1619955606
     24 [TLS] Server time: 1619955607
     32 [TLS] Server time: 1619955608
Count is 22
Count is 1
Count is 5
Count is 6
Count is 24
Count is 24
Count is 32
success: 0
Sleeping before retrying
CONF: anchor:gold.ac.uk fs:1024MB n_rounds:113 seed:5c9f4bf9bbc15bb855f82faedc5a52fc3ab2dfa8ec3ba3ce1b270f31fa0cced2 filename:FILE bs:1024 nops:100 benchmarking:0 anchor_ping:1 queue_depth:32 direct:0
[TLS] Connecting to gold.ac.uk
[TLS] Server time: 1619955610
[TLS] client_random  (32): 5C9F4BF9BBC15BB855F82FAEDC5A52FC3AB2DFA8EC3BA3CE1B270F31FA0CCED2
[TLS] sign_hash (32): 417ECA4EB50F4A8547A3F7E5C9CBCCF61E037A5C459A74C66F7294C5085F3CD9
[TLS] Written transcript to proofs/MSG_TLS_5C9F4BF9.out, proofs/SIG_TLS_5C9F4BF9.out and proofs/PK_TLS_5C9F4BF9.der
Signature verification succeeds
[TLS] Server time: 1619955610
[TLS] client_random  (32): 2694967C4A97F4D4587DCD20F10397CA28B9A7E198CDEC0797BCD337810353A9
[TLS] sign_hash (32): F27E580AA14BB6572D01EA57ABBF8B8B9A9663EBCC61E120BE315971F035B5D1
[TLS] Written transcript to proofs/MSG_TLS_2694967C.out, proofs/SIG_TLS_2694967C.out and proofs/PK_TLS_2694967C.der
Signature verification succeeds
[TLS] Server time: 1619955610
[TLS] client_random  (32): 6A3D403A9925106C8E8E920975F4CA78A878E9126A96E77A51238CB22D17C840
[TLS] sign_hash (32): 6AFDA65E997FADDEE17F3E29D614B2151EADE718DCF14A4E42F55AD9D8D79092
[TLS] Written transcript to proofs/MSG_TLS_6A3D403A.out, proofs/SIG_TLS_6A3D403A.out and proofs/PK_TLS_6A3D403A.der
Signature verification succeeds
[TLS] Server time: 1619955610
[TLS] client_random  (32): 3F8C5DD87B951C749C1E4E5B0EFE3A802190957115567A7DB76E355282B86D0B
[TLS] sign_hash (32): 6D7D02C467DB7E78B2E5A2CA1A5FFD31290C3593CD0BC1E6E469B2346B8B6A1A
[TLS] Written transcript to proofs/MSG_TLS_3F8C5DD8.out, proofs/SIG_TLS_3F8C5DD8.out and proofs/PK_TLS_3F8C5DD8.der
Signature verification succeeds
[TLS] Server time: 1619955610
[TLS] client_random  (32): 935C8FFAF2226D1493177306F746D3A3ED63E4E0173D29FC9E94BB9ADFAF92E4
[TLS] sign_hash (32): A02E7290F6D3FB798859A068B9126D75B553A97685C0F53EA90F2ADA77998809
[TLS] Written transcript to proofs/MSG_TLS_935C8FFA.out, proofs/SIG_TLS_935C8FFA.out and proofs/PK_TLS_935C8FFA.der
Signature verification succeeds
[TLS] Server time: 1619955610
[TLS] client_random  (32): 4E093902D9C8BF2B763069C3A0EC99B0BFA7FBB3ED47621CABC3F3B087E3A49E
[TLS] sign_hash (32): 09F22DB0F8F7EBF5C714C1B307049794643C0437D8ABFBA589D5D8C5C3ABBF3D
[TLS] Written transcript to proofs/MSG_TLS_4E093902.out, proofs/SIG_TLS_4E093902.out and proofs/PK_TLS_4E093902.der
Signature verification succeeds
[TLS] Server time: 1619955610
[TLS] client_random  (32): 08AF746AB29DC092D552B4C0CADAB62C2EBB90169BF62E26ACCE15711D4D7B68
[TLS] sign_hash (32): 749FDF4EC501EEEE59DBA51CC845FB5940486A3A13D96FB4331F90D0FC54E057
[TLS] Written transcript to proofs/MSG_TLS_08AF746A.out, proofs/SIG_TLS_08AF746A.out and proofs/PK_TLS_08AF746A.der
Signature verification succeeds
[TLS] Server time: 1619955610
[TLS] client_random  (32): 6ABBCCD253BAD1A45EE6737498DE3E68AA5173320A8FEDBF294F2F514AD96832
[TLS] sign_hash (32): 8B189B309647AD58B5D8644E50C8421CC306EA078D2B4F3FFBFFF693B34C1402
[TLS] Written transcript to proofs/MSG_TLS_6ABBCCD2.out, proofs/SIG_TLS_6ABBCCD2.out and proofs/PK_TLS_6ABBCCD2.der
Signature verification succeeds
[TLS] Server time: 1619955610
[TLS] client_random  (32): 4D576CC9CC0DDB2E558596B1B17FA23D5BACA1D883F7D608DE507B1D47EDB871
[TLS] sign_hash (32): CB27AE2C053E76678B1804D243063CF9E6724730007C0E10665085489993BCBF
[TLS] Written transcript to proofs/MSG_TLS_4D576CC9.out, proofs/SIG_TLS_4D576CC9.out and proofs/PK_TLS_4D576CC9.der
Signature verification succeeds
[TLS] Server time: 1619955610
[TLS] client_random  (32): 8C59B30E665A537E639A4C411A2937FFB90EFB99D2FA46F8AAEC284D15EDF2EB
[TLS] sign_hash (32): 1B10C8D72739572676C3A30FEA6E64247827C7ABD6601F31A7027D20EF05CDE1
[TLS] Written transcript to proofs/MSG_TLS_8C59B30E.out, proofs/SIG_TLS_8C59B30E.out and proofs/PK_TLS_8C59B30E.der
Signature verification succeeds
[TLS] Server time: 1619955610
[TLS] client_random  (32): 1A83ABF3B61F573E3D25FFF820377CD9ACF166B95FD944A5E347A3A3F84E8483
[TLS] sign_hash (32): 1AF652B52F5760D9524BE06A552C840D6006A6A7256241BD0FA9B6DD390F319D
[TLS] Written transcript to proofs/MSG_TLS_1A83ABF3.out, proofs/SIG_TLS_1A83ABF3.out and proofs/PK_TLS_1A83ABF3.der
Signature verification succeeds
[TLS] Server time: 1619955610
[TLS] client_random  (32): F1EFED6E793A82210057ED4B466DAD02EF547F5263B2EBB63E603571BDA933DC
[TLS] sign_hash (32): 36D9907156806DE018714B90FEFC4AEEFBE4B646FDC95ABAEE6C3C5A504216D8
[TLS] Written transcript to proofs/MSG_TLS_F1EFED6E.out, proofs/SIG_TLS_F1EFED6E.out and proofs/PK_TLS_F1EFED6E.der
Signature verification succeeds
[TLS] Server time: 1619955610
[TLS] client_random  (32): 7354E875B89FE024C99F4EF5DB449DC886F1AC5DF752EEA3942AE8EA56EAAE1E
[TLS] sign_hash (32): 9733BA3D426C260D2D2C0EA8DBBE1ED775CD3E9491F1B57C05490F307FCB287E
[TLS] Written transcript to proofs/MSG_TLS_7354E875.out, proofs/SIG_TLS_7354E875.out and proofs/PK_TLS_7354E875.der
Signature verification succeeds
[TLS] Server time: 1619955610
[TLS] client_random  (32): 420BCF346F759F69C645F72264958AA7DBD7084D64B9BFB8B907C7797BC3B161
[TLS] sign_hash (32): 01E2457576366C8CA857AF21F72E6E83A3B5718826E3EBB0085EB2AE03D3D824
[TLS] Written transcript to proofs/MSG_TLS_420BCF34.out, proofs/SIG_TLS_420BCF34.out and proofs/PK_TLS_420BCF34.der
Signature verification succeeds
[TLS] Server time: 1619955610
[TLS] client_random  (32): DD6F66F773BFB1C5C63D742D34E80C7AA7C77DE3578F15D722AFC34FA8D881DE
[TLS] sign_hash (32): 25376F1AED1AA43E661A4115368FB867FC6E07F3212A269039AE413DB1CA7FA0
[TLS] Written transcript to proofs/MSG_TLS_DD6F66F7.out, proofs/SIG_TLS_DD6F66F7.out and proofs/PK_TLS_DD6F66F7.der
Signature verification succeeds
[TLS] Server time: 1619955610
[TLS] client_random  (32): EC0A05C01B0AC39ECE46DC148C8F065930AF1100F50486DA0048A0C1CF3ABCB6
[TLS] sign_hash (32): C27402DA1E5D4E2D1A84179F822252F0C9A5132F988D97A7558A910AE3477866
[TLS] Written transcript to proofs/MSG_TLS_EC0A05C0.out, proofs/SIG_TLS_EC0A05C0.out and proofs/PK_TLS_EC0A05C0.der
Signature verification succeeds
[TLS] Server time: 1619955610
[TLS] client_random  (32): A17214B4E37E3D431948C35BEB0B59A0D5A97DFB2AFB469D5051B8E6B3BEB02A
[TLS] sign_hash (32): 6A056E90D2E6D555477AAF0059C0B1F25E6F5A5CFDCA808838AEEE307A1D70EB
[TLS] Written transcript to proofs/MSG_TLS_A17214B4.out, proofs/SIG_TLS_A17214B4.out and proofs/PK_TLS_A17214B4.der
Signature verification succeeds
[TLS] Server time: 1619955610
[TLS] client_random  (32): 8C4CB495CC7A8745F88852F0324BDDB8434AB2632A0510E81E688EF20D884B4A
[TLS] sign_hash (32): EA9CD6A700BA79698B46486973B2A5005C42A209CF430EC5BEF71ADEC7DF3C84
[TLS] Written transcript to proofs/MSG_TLS_8C4CB495.out, proofs/SIG_TLS_8C4CB495.out and proofs/PK_TLS_8C4CB495.der
Signature verification succeeds
[TLS] Server time: 1619955610
[TLS] client_random  (32): 047FB2E89C7415474489BD4475D501352F0077E2D20C72BDED7BD9023D546E76
[TLS] sign_hash (32): A67EB114FF5DB15131EE0BBC640FF992D48BA4461792F2A55899BAE3754355FF
[TLS] Written transcript to proofs/MSG_TLS_047FB2E8.out, proofs/SIG_TLS_047FB2E8.out and proofs/PK_TLS_047FB2E8.der
Signature verification succeeds
[TLS] Server time: 1619955610
[TLS] client_random  (32): E3A0772970757A318D87FA8BA8401DD2002B33FEB8D93BFA7B8075E7D561E685
[TLS] sign_hash (32): 8991CBEBE4A4D6A97B83BB660A721B40051354E68CA8B800B2ECA045A967D21F
[TLS] Written transcript to proofs/MSG_TLS_E3A07729.out, proofs/SIG_TLS_E3A07729.out and proofs/PK_TLS_E3A07729.der
Signature verification succeeds
[TLS] Server time: 1619955610
[TLS] client_random  (32): 0C2ACA27C685AF6FCABE25106FD2CD30C70276B935893490D110EB118A6C7DB7
[TLS] sign_hash (32): C8966B6BC5ECCABECC736A37B0FD0C6F2DDA62E546231609A0ACB52AB1347834
[TLS] Written transcript to proofs/MSG_TLS_0C2ACA27.out, proofs/SIG_TLS_0C2ACA27.out and proofs/PK_TLS_0C2ACA27.der
Signature verification succeeds
[TLS] Server time: 1619955610
[TLS] client_random  (32): 18F58BB2F821E4ED743281CCB22BE97F5CD1C77433EE72F2D931DC51531AF977
[TLS] sign_hash (32): EAADAB6D8C9FC870488FF16F02C691CCA165E1CE2607B741EF1E123CE4C99A65
[TLS] Written transcript to proofs/MSG_TLS_18F58BB2.out, proofs/SIG_TLS_18F58BB2.out and proofs/PK_TLS_18F58BB2.der
Signature verification succeeds
[TLS] Server time: 1619955610
[TLS] client_random  (32): 8C84BFA531DFD7A39AA32E2287F6E705168D6B8AEA4BF0015A7DF18FB6A4A8FB
[TLS] sign_hash (32): 284D2BC274E3BAF4303EFFC0F1C373C705C09C860E85879D4DEF5A1F2344AF47
[TLS] Written transcript to proofs/MSG_TLS_8C84BFA5.out, proofs/SIG_TLS_8C84BFA5.out and proofs/PK_TLS_8C84BFA5.der
Signature verification succeeds
[TLS] Server time: 1619955610
[TLS] client_random  (32): 46126797BEF6B8A4C4972DCD92951217A911FFBAB6BAA9FD565470632F7A90E5
[TLS] sign_hash (32): B3980C77A55DAB9AD9B305425D277EC9D358AD3BA31C0745326F10B1B7A7A04A
[TLS] Written transcript to proofs/MSG_TLS_46126797.out, proofs/SIG_TLS_46126797.out and proofs/PK_TLS_46126797.der
Signature verification succeeds
[TLS] Server time: 1619955610
[TLS] client_random  (32): BCA61FF0F9C9C32232B3C3D908D4938B14D36D894516A021B457C2F543454CB6
[TLS] sign_hash (32): AF3A4CD4CC9BB752F091104FC5E4DF1CA6D7AC4960F0AC2A75389F3877D2263B
[TLS] Written transcript to proofs/MSG_TLS_BCA61FF0.out, proofs/SIG_TLS_BCA61FF0.out and proofs/PK_TLS_BCA61FF0.der
Signature verification succeeds
[TLS] Server time: 1619955610
[TLS] client_random  (32): F221877788B665B8B0458FD78442E0820388AB7D168A01C122775AF9F88EB69C
[TLS] sign_hash (32): 0031970A006B2CC5B8C5A61E4311E56985B6A9A94758ED7DC2E2ECF89DA07EEE
[TLS] Written transcript to proofs/MSG_TLS_F2218777.out, proofs/SIG_TLS_F2218777.out and proofs/PK_TLS_F2218777.der
Signature verification succeeds
[TLS] Server time: 1619955610
[TLS] client_random  (32): 6412A7BBEEE1D88D6C20A00FD5A0F1FE8FFF3C6C5A594F1A934F37745F215846
[TLS] sign_hash (32): 2166970A4B0F9C825468C885E21D26C7C5BC642310FDDD955D66700A2992B2D2
[TLS] Written transcript to proofs/MSG_TLS_6412A7BB.out, proofs/SIG_TLS_6412A7BB.out and proofs/PK_TLS_6412A7BB.der
Signature verification succeeds
[TLS] Server time: 1619955610
[TLS] client_random  (32): D5DBE3CDD89FEBE5BEC0CF5801540598880D35ED7DFAFF8D42463BF3466D869A
[TLS] sign_hash (32): A9C0523453FB11AF2F511B3BD17A66FACA1EA87CE8B432A2C640705A37FA127A
[TLS] Written transcript to proofs/MSG_TLS_D5DBE3CD.out, proofs/SIG_TLS_D5DBE3CD.out and proofs/PK_TLS_D5DBE3CD.der
Signature verification succeeds
[TLS] Server time: 1619955610
[TLS] client_random  (32): 885BE8C1E7841504E76227315E71853B6BBFF13A208076ECFE843E531B7278E4
[TLS] sign_hash (32): 6E5366BA5CF4D8DA09CF2186003C2E792B34E376E60B9C484C1B66582AAB067A
[TLS] Written transcript to proofs/MSG_TLS_885BE8C1.out, proofs/SIG_TLS_885BE8C1.out and proofs/PK_TLS_885BE8C1.der
Signature verification succeeds
[TLS] Server time: 1619955610
[TLS] client_random  (32): 1D9B703B60D7137423DED328D3C2E82E68AA72C9EF3C73CD24D48390EBA03090
[TLS] sign_hash (32): B94E9FACF4F2CABAF6D0AC52E4DB184347815636F7088ABABF159795F8DFE8A3
[TLS] Written transcript to proofs/MSG_TLS_1D9B703B.out, proofs/SIG_TLS_1D9B703B.out and proofs/PK_TLS_1D9B703B.der
Signature verification succeeds
[TLS] Server time: 1619955610
[TLS] client_random  (32): 08837AEF8986C1D491EE3F7E73E93744BD86F68A3A4B6B963BAC930987C21D99
[TLS] sign_hash (32): 41572297A1F75248083FCBE03EF7421ABE18E3689DE971A5514A95C5EE6588D2
[TLS] Written transcript to proofs/MSG_TLS_08837AEF.out, proofs/SIG_TLS_08837AEF.out and proofs/PK_TLS_08837AEF.der
Signature verification succeeds
[TLS] Server time: 1619955610
[TLS] client_random  (32): 6D21D21299EBDD595CD9164649048DD5A829FB86E9BF9D9C7CC083FC58F8DBBC
[TLS] sign_hash (32): 2F077323E9664EF5A7F9708ED375AACC7287C549F71EC805EFF48508211C8E7E
[TLS] Written transcript to proofs/MSG_TLS_6D21D212.out, proofs/SIG_TLS_6D21D212.out and proofs/PK_TLS_6D21D212.der
Signature verification succeeds
[TLS] Server time: 1619955611
[TLS] client_random  (32): F5B39BDB44C890E98CF0DE44EC7A58D81AD87882D5B41C2004DBF281C2DBDC3A
[TLS] sign_hash (32): 9B6C721B604ABDEFC659B2F63D2D51AC212C38D879F5218235E067CF616CE175
[TLS] Written transcript to proofs/MSG_TLS_F5B39BDB.out, proofs/SIG_TLS_F5B39BDB.out and proofs/PK_TLS_F5B39BDB.der
Signature verification succeeds
[TLS] Server time: 1619955611
[TLS] client_random  (32): E1B77F2549A85B78030C098AFFF7C2AD530E810A3D3FCD5D7B27858544BE6355
[TLS] sign_hash (32): 412836E81A49FB892286F8CA35718650E1FE612C3F320A6345E4291B1E34D57E
[TLS] Written transcript to proofs/MSG_TLS_E1B77F25.out, proofs/SIG_TLS_E1B77F25.out and proofs/PK_TLS_E1B77F25.der
Signature verification succeeds
[TLS] Server time: 1619955611
[TLS] client_random  (32): D8EDC68F24F6AE26F7C70606F9621FAF37AB30DDA1C728CD379BE79E2CB2F716
[TLS] sign_hash (32): 63567D2EC99FA5486BFFD9723EDFA4A9A11F7377CDA1F11CA0D0A1F6EA77A09B
[TLS] Written transcript to proofs/MSG_TLS_D8EDC68F.out, proofs/SIG_TLS_D8EDC68F.out and proofs/PK_TLS_D8EDC68F.der
Signature verification succeeds
[TLS] Server time: 1619955611
[TLS] client_random  (32): CBFFBEB7147A55A91FFED20F6F8940B380848A2FC4983E40C25C61067B3244B9
[TLS] sign_hash (32): 34E856C3ED77431B7364072BC8E91271350AB42FD0A0A7C0A91F7E4F484320ED
[TLS] Written transcript to proofs/MSG_TLS_CBFFBEB7.out, proofs/SIG_TLS_CBFFBEB7.out and proofs/PK_TLS_CBFFBEB7.der
Signature verification succeeds
[TLS] Server time: 1619955611
[TLS] client_random  (32): 9C5D8428562DDDB7808D821B76F8DCC90153FEF1200119A9EE6C5E3CE7B88D66
[TLS] sign_hash (32): 7D9D0ACC2DA45D1C1D52B8658025867080C8020F42F7A2C5EE26DA98EA17BBCF
[TLS] Written transcript to proofs/MSG_TLS_9C5D8428.out, proofs/SIG_TLS_9C5D8428.out and proofs/PK_TLS_9C5D8428.der
Signature verification succeeds
[TLS] Server time: 1619955611
[TLS] client_random  (32): D2FD3F2D347BBE30195D5A460A9B3926251513D5D00F96F61EDE46D051FBDF96
[TLS] sign_hash (32): 5366EBACCCD10B8D835F49A78161EC2051D7E52AE15A3842423D82FEE83A8A27
[TLS] Written transcript to proofs/MSG_TLS_D2FD3F2D.out, proofs/SIG_TLS_D2FD3F2D.out and proofs/PK_TLS_D2FD3F2D.der
Signature verification succeeds
[TLS] Server time: 1619955611
[TLS] client_random  (32): ABD6174F6DF63B3F4C04662D623150D037BA4E2991B32B2544634223505FC780
[TLS] sign_hash (32): 4F0D64E8D30EF6B16576EEEFBC5E6B99CDECC54A599BEE67DCAFBE9E794E341E
[TLS] Written transcript to proofs/MSG_TLS_ABD6174F.out, proofs/SIG_TLS_ABD6174F.out and proofs/PK_TLS_ABD6174F.der
Signature verification succeeds
[TLS] Server time: 1619955611
[TLS] client_random  (32): 73D184541502DB02E0242CD89913B21E87DD6D2C73D5A06AAD5106C2FD1D39DA
[TLS] sign_hash (32): 4CBC6D07E8CF3CDDAB9B47C58CB40477A02A777186E9EA14DCBF339B37DFB0CD
[TLS] Written transcript to proofs/MSG_TLS_73D18454.out, proofs/SIG_TLS_73D18454.out and proofs/PK_TLS_73D18454.der
Signature verification succeeds
[TLS] Server time: 1619955611
[TLS] client_random  (32): A58BD99A06E25EE02CE3A1D2AA0FBD6D8995BAE60F0735D3EF6851A4E7E9B769
[TLS] sign_hash (32): A2794FB748E7EB63E3DEA514204E15D5967D796B9F014FBC3798E8C59237CD00
[TLS] Written transcript to proofs/MSG_TLS_A58BD99A.out, proofs/SIG_TLS_A58BD99A.out and proofs/PK_TLS_A58BD99A.der
Signature verification succeeds
[TLS] Server time: 1619955611
[TLS] client_random  (32): 6E4D1BC5385274634D6AAE011029971E35BDBF1F260C9EDC250C044E1DB1A989
[TLS] sign_hash (32): 44EE8D404643F359CD2085112BD5A4F01BAD39DF4433C6B5828BA745E5500754
[TLS] Written transcript to proofs/MSG_TLS_6E4D1BC5.out, proofs/SIG_TLS_6E4D1BC5.out and proofs/PK_TLS_6E4D1BC5.der
Signature verification succeeds
[TLS] Server time: 1619955611
[TLS] client_random  (32): 97158D3108EA884A22341CF5052BB0B248CE42F836D8228E23C89ECA02766461
[TLS] sign_hash (32): 98006EB1FC31ED9A720BA0BB2998FFD457614099A5721643A1F4A8067EC439FB
[TLS] Written transcript to proofs/MSG_TLS_97158D31.out, proofs/SIG_TLS_97158D31.out and proofs/PK_TLS_97158D31.der
Signature verification succeeds
[TLS] Server time: 1619955611
[TLS] client_random  (32): 351790ED470CF253F495B9664CF9B7F177883BD6A777521F4A3B098A295A4F93
[TLS] sign_hash (32): 91D45BE1EA43B1205467B89016097738D1F635E93A3F7D7B5A3FC95F4FEF3C57
[TLS] Written transcript to proofs/MSG_TLS_351790ED.out, proofs/SIG_TLS_351790ED.out and proofs/PK_TLS_351790ED.der
Signature verification succeeds
[TLS] Server time: 1619955611
[TLS] client_random  (32): F143792A399706C183E4029476FA877CD34B99BE94ED92386F27A4EC7A8C5A51
[TLS] sign_hash (32): 5BD65289116E7BEBD574FCEA6D9C7C61220F7A10395E1F79077A1BDB63C9DFBB
[TLS] Written transcript to proofs/MSG_TLS_F143792A.out, proofs/SIG_TLS_F143792A.out and proofs/PK_TLS_F143792A.der
Signature verification succeeds
[TLS] Server time: 1619955611
[TLS] client_random  (32): ECD24088C1AB2C5043D0B4847083F113F9DD944E9F3513D724C7F9AF37E9E3AA
[TLS] sign_hash (32): FFA1A466866F0A9296CC6C22D6483323E35192CE3956EBF65BAE1F446DAC0993
[TLS] Written transcript to proofs/MSG_TLS_ECD24088.out, proofs/SIG_TLS_ECD24088.out and proofs/PK_TLS_ECD24088.der
Signature verification succeeds
[TLS] Server time: 1619955611
[TLS] client_random  (32): B15CE11D12C34C6E628F88F4216FACE2DC8C808EA66845F4293D32106F7E201F
[TLS] sign_hash (32): 06C5AF16B5D2FA04F16F1C4DADA85B2008FDCEC6212927B64B95E3EE7DEDCC74
[TLS] Written transcript to proofs/MSG_TLS_B15CE11D.out, proofs/SIG_TLS_B15CE11D.out and proofs/PK_TLS_B15CE11D.der
Signature verification succeeds
[TLS] Server time: 1619955611
[TLS] client_random  (32): 46A9D2BF8B9C25088CDC744131D8FEBFF493E0BFB2F1D93C73F3E4610D236EF5
[TLS] sign_hash (32): EABF6493FEA2D7B583A4D540697E81E8C0EF98EBAF30DDC07EE2589855F913CF
[TLS] Written transcript to proofs/MSG_TLS_46A9D2BF.out, proofs/SIG_TLS_46A9D2BF.out and proofs/PK_TLS_46A9D2BF.der
Signature verification succeeds
[TLS] Server time: 1619955611
[TLS] client_random  (32): 4D0766076F3EF50175277730D1AD7318FDB864F3205A57C439C9CCAA9FDEC15F
[TLS] sign_hash (32): 24BFB1773A4B7EBB79155B29E4F5E38FC64F185EBBB78EBC9C358E5C55B97C7D
[TLS] Written transcript to proofs/MSG_TLS_4D076607.out, proofs/SIG_TLS_4D076607.out and proofs/PK_TLS_4D076607.der
Signature verification succeeds
[TLS] Server time: 1619955611
[TLS] client_random  (32): D87D7B00531F3BAA286D85E995F3FF2A71684CF982EA3982387A2CAEB1E22509
[TLS] sign_hash (32): 7ABDD8E3285F93A810EAD4AC44052960605E4912DC098D7152C6CCD1E4819408
[TLS] Written transcript to proofs/MSG_TLS_D87D7B00.out, proofs/SIG_TLS_D87D7B00.out and proofs/PK_TLS_D87D7B00.der
Signature verification succeeds
[TLS] Server time: 1619955611
[TLS] client_random  (32): 13583DA5D076875E93B0543B2E20DA135F92F5975FA00C6C5EFB662334C27DC0
[TLS] sign_hash (32): 90F57CC1F7893C27A9EA84CF96D8936DA2734CAD2ABA6E5563D43FFFEF365E4E
[TLS] Written transcript to proofs/MSG_TLS_13583DA5.out, proofs/SIG_TLS_13583DA5.out and proofs/PK_TLS_13583DA5.der
Signature verification succeeds
[TLS] Server time: 1619955611
[TLS] client_random  (32): 828C51096ED831CEF0A45FD502D58971ADBE3F411EC4C59223801732B51B3B61
[TLS] sign_hash (32): F1A72FFD2ACD25A593AAD5498C975701B44322666C20D85019B497694604C02B
[TLS] Written transcript to proofs/MSG_TLS_828C5109.out, proofs/SIG_TLS_828C5109.out and proofs/PK_TLS_828C5109.der
Signature verification succeeds
[TLS] Server time: 1619955611
[TLS] client_random  (32): F0E313705D9F1CFE88907A4663D6B639FBD256E21112EEB78482E1A2ED37BB26
[TLS] sign_hash (32): EAFFFD123C451636A29D1E30A08EFF1CDA867F355A43674494A688234A2FB8A8
[TLS] Written transcript to proofs/MSG_TLS_F0E31370.out, proofs/SIG_TLS_F0E31370.out and proofs/PK_TLS_F0E31370.der
Signature verification succeeds
[TLS] Server time: 1619955611
[TLS] client_random  (32): F1E59015AAFE4EF0EE8E9206C83F67F2EB41173A4B43217A87269F6304BD8DF5
[TLS] sign_hash (32): 15F9E70C25D179BB714CF21C55211AD67F48DBF4A35E55A86C72CB5F13678830
[TLS] Written transcript to proofs/MSG_TLS_F1E59015.out, proofs/SIG_TLS_F1E59015.out and proofs/PK_TLS_F1E59015.der
Signature verification succeeds
[TLS] Server time: 1619955611
[TLS] client_random  (32): 23E46014C9D38C9A6D35C9E3AB27F54583C3E3C61032FC39D51BB0B30F9C02E2
[TLS] sign_hash (32): 5996FC8B44B97B6F20DCBEA5BECAB25ED70B20FF16CF4B93CD78B053BE0F3FAF
[TLS] Written transcript to proofs/MSG_TLS_23E46014.out, proofs/SIG_TLS_23E46014.out and proofs/PK_TLS_23E46014.der
Signature verification succeeds
[TLS] Server time: 1619955611
[TLS] client_random  (32): 9B56926C6133DC1C2F7339957C0ADFF3D58A147FDE257E4C67667E4E3C152F34
[TLS] sign_hash (32): 1E2A836F2AA4CFEB9E55B8EA002360E658459D128BCD74143B9E959D049F447E
[TLS] Written transcript to proofs/MSG_TLS_9B56926C.out, proofs/SIG_TLS_9B56926C.out and proofs/PK_TLS_9B56926C.der
Signature verification succeeds
[TLS] Server time: 1619955611
[TLS] client_random  (32): 89744BA4189F2A7D83C0710C1931FCC1D359760406D2F32A5B9A24A1578D70A8
[TLS] sign_hash (32): 3F0A252ABDA06A29F2605D333DC97AA1CDEA740191B066A18DC29BF468608BE6
[TLS] Written transcript to proofs/MSG_TLS_89744BA4.out, proofs/SIG_TLS_89744BA4.out and proofs/PK_TLS_89744BA4.der
Signature verification succeeds
[TLS] Server time: 1619955611
[TLS] client_random  (32): 07BB9500C59D587564CFF35CF0B5408D22FF9A7A38B7B612A27C40FC364C409C
[TLS] sign_hash (32): BDF1734E85FE6E7B4B3A144CD387C07AF9FDB39BF962426F967628C2E5906120
[TLS] Written transcript to proofs/MSG_TLS_07BB9500.out, proofs/SIG_TLS_07BB9500.out and proofs/PK_TLS_07BB9500.der
Signature verification succeeds
[TLS] Server time: 1619955611
[TLS] client_random  (32): B5878291EFE9495D2019E31B980DB67BAE4D5C9BE3840326863E21948E3DB0FD
[TLS] sign_hash (32): 0D4EE28981ADFBACD616BBE8B41B4864ED9F4B5A9EEDB7B73948BFE4063F0ABF
[TLS] Written transcript to proofs/MSG_TLS_B5878291.out, proofs/SIG_TLS_B5878291.out and proofs/PK_TLS_B5878291.der
Signature verification succeeds
[TLS] Server time: 1619955611
[TLS] client_random  (32): C015FC7E38B39EB806B85D21B2A6873BF08716F0D2BF4EE503B456D1B6E87BD5
[TLS] sign_hash (32): 0441ED254FCAC571A42D6B98E13CFB7E7A99FF33872165098289DF9C912B44B6
[TLS] Written transcript to proofs/MSG_TLS_C015FC7E.out, proofs/SIG_TLS_C015FC7E.out and proofs/PK_TLS_C015FC7E.der
Signature verification succeeds
[TLS] Server time: 1619955611
[TLS] client_random  (32): 5C78ECAA4BD4DA65F702161566A202FBCD2F78E63846F685B92E3242781B005E
[TLS] sign_hash (32): 9FA1CB0DFD21D618CE338D95138BBBC8885D434FB5A4DA38107416445A103919
[TLS] Written transcript to proofs/MSG_TLS_5C78ECAA.out, proofs/SIG_TLS_5C78ECAA.out and proofs/PK_TLS_5C78ECAA.der
Signature verification succeeds
[TLS] Server time: 1619955611
[TLS] client_random  (32): A79C172CC87547D32B0FD732D4F570B2AE6C624B4CBAD2E7889C5655D495904F
[TLS] sign_hash (32): 1811A0E5A02B1619BDFEF08A87E231974E221B648E8C5FC073851F62A4895B4B
[TLS] Written transcript to proofs/MSG_TLS_A79C172C.out, proofs/SIG_TLS_A79C172C.out and proofs/PK_TLS_A79C172C.der
Signature verification succeeds
[TLS] Server time: 1619955611
[TLS] client_random  (32): DCB9707FCB89B1C40A5D923216E5AE1CAA5A744E5EC90616142AD52AB5C719E8
[TLS] sign_hash (32): 8119CF8EAD50543B5E199A746F9F732A489195319BC1BB457AB0D2245E22CDEC
[TLS] Written transcript to proofs/MSG_TLS_DCB9707F.out, proofs/SIG_TLS_DCB9707F.out and proofs/PK_TLS_DCB9707F.der
Signature verification succeeds
[TLS] Server time: 1619955611
[TLS] client_random  (32): B9DA53CA48E0982A68910E7ECBFD4F4E6CB6A0C0597C8A0A95132BACD4EC3960
[TLS] sign_hash (32): 4C6F735EC520E175A735F58559D60B4BE8AD5B5CC1F5511CD97BB6478B0F85C1
[TLS] Written transcript to proofs/MSG_TLS_B9DA53CA.out, proofs/SIG_TLS_B9DA53CA.out and proofs/PK_TLS_B9DA53CA.der
Signature verification succeeds
[TLS] Server time: 1619955611
[TLS] client_random  (32): 14EC7017EB83009C12933360B1636C80C8235F1095177C5E662CBD6A58756B0E
[TLS] sign_hash (32): 92E126267884F8D262FBA2110C8FBB0E6489757E3E60A9A28DF9DF34F57C57B9
[TLS] Written transcript to proofs/MSG_TLS_14EC7017.out, proofs/SIG_TLS_14EC7017.out and proofs/PK_TLS_14EC7017.der
Signature verification succeeds
[TLS] Server time: 1619955611
[TLS] client_random  (32): 418682B0C43581E83BCD4DD7920F25DE800058FBE18517ECCEBEDDA8B15B77B4
[TLS] sign_hash (32): EA5FEA36E0A5A35C37EB456054299EE03DDEB3B1DF7E23FE6CCC79F85D4FF72F
[TLS] Written transcript to proofs/MSG_TLS_418682B0.out, proofs/SIG_TLS_418682B0.out and proofs/PK_TLS_418682B0.der
Signature verification succeeds
[TLS] Server time: 1619955611
[TLS] client_random  (32): EE2572394114684955F005A9EEF1FB4660550FD1628546006168AC76F75D8F55
[TLS] sign_hash (32): E1D478B548E64149177B2ABA7BA682BBCB9270CDB67A91E06A752D0E0C3CCCBD
[TLS] Written transcript to proofs/MSG_TLS_EE257239.out, proofs/SIG_TLS_EE257239.out and proofs/PK_TLS_EE257239.der
Signature verification succeeds
[TLS] Server time: 1619955611
[TLS] client_random  (32): B8D8ED84A1183CE323DED259F9A3C7516F0980EDB5EB3826B58F6AA806A6A08F
[TLS] sign_hash (32): 83E7FCE5D8DC6EE4A2DD896EB056FC6DA71D8F473C86ABF041E4E338B7DFE7AA
[TLS] Written transcript to proofs/MSG_TLS_B8D8ED84.out, proofs/SIG_TLS_B8D8ED84.out and proofs/PK_TLS_B8D8ED84.der
Signature verification succeeds
[TLS] Server time: 1619955611
[TLS] client_random  (32): D1BBD5B4A1904E24A92F8E204B0D6510763A59218602459FDFCF04B868EBCBB8
[TLS] sign_hash (32): CDB9E6F9660DA68AE54A488DC5263293858026B9828BD7AA97DF50CD0181E7E9
[TLS] Written transcript to proofs/MSG_TLS_D1BBD5B4.out, proofs/SIG_TLS_D1BBD5B4.out and proofs/PK_TLS_D1BBD5B4.der
Signature verification succeeds
[TLS] Server time: 1619955611
[TLS] client_random  (32): FAAC830A3CEFCA1ED9ACB413AAA26DF771D7CCDDF561381184590F6C07A658B6
[TLS] sign_hash (32): 23EB8F905992846ADD456BF9320F22A9D615514EA8F37BDC2282CFE358BF0498
[TLS] Written transcript to proofs/MSG_TLS_FAAC830A.out, proofs/SIG_TLS_FAAC830A.out and proofs/PK_TLS_FAAC830A.der
Signature verification succeeds
[TLS] Server time: 1619955611
[TLS] client_random  (32): FC426E6A5EBC6DFB39F03F9B3A8DBBB30C8377481AA70816E594464D52823AB0
[TLS] sign_hash (32): 813712F0013ED75316130FF2A12BC7DC892EC1462E7C844A0AC2A757B36F4422
[TLS] Written transcript to proofs/MSG_TLS_FC426E6A.out, proofs/SIG_TLS_FC426E6A.out and proofs/PK_TLS_FC426E6A.der
Signature verification succeeds
[TLS] Server time: 1619955611
[TLS] client_random  (32): 5A99F95BB59C344719ADB840EF10564058DD42C4BEF14CA007C0D9114C116C2E
[TLS] sign_hash (32): A824A09355ECD377E6F65885563B364A9DE125A6BC22F16918856CFE810D88FD
[TLS] Written transcript to proofs/MSG_TLS_5A99F95B.out, proofs/SIG_TLS_5A99F95B.out and proofs/PK_TLS_5A99F95B.der
Signature verification succeeds
[TLS] Server time: 1619955611
[TLS] client_random  (32): 99E30CE952CE2B305BBD2E16A184110B750109657C496E46B10A2FD28B4C2138
[TLS] sign_hash (32): 819197AB8116A4A04A145EA759D172C67348663FD698C3693DEB31F4AC25622E
[TLS] Written transcript to proofs/MSG_TLS_99E30CE9.out, proofs/SIG_TLS_99E30CE9.out and proofs/PK_TLS_99E30CE9.der
Signature verification succeeds
[TLS] Server time: 1619955611
[TLS] client_random  (32): 8759E4FE02E68829732588FB07D7D491E45F0D2EBAC5B94632C250F04F904F04
[TLS] sign_hash (32): 3AD35EBCEC7BE7C0576C7B17F269AB67398E975F9A4C672222D2F6B645A4D1E6
[TLS] Written transcript to proofs/MSG_TLS_8759E4FE.out, proofs/SIG_TLS_8759E4FE.out and proofs/PK_TLS_8759E4FE.der
Signature verification succeeds
[TLS] Server time: 1619955611
[TLS] client_random  (32): 70AF6EBA857DA838117003379EF7F4233640370F0CD8DA8F75DAABC0162CC79B
[TLS] sign_hash (32): B5DDAFDB2228B92076D8E6EAF7445FBA9D9E239CBB5E74D2CB91A44F0D063548
[TLS] Written transcript to proofs/MSG_TLS_70AF6EBA.out, proofs/SIG_TLS_70AF6EBA.out and proofs/PK_TLS_70AF6EBA.der
Signature verification succeeds
[TLS] Server time: 1619955611
[TLS] client_random  (32): 25829A49287D62B816919EE35DE6C5D16AE0BD37C96217556C334FF5CAEB91A0
[TLS] sign_hash (32): 2EC4D5842D1B4A5D1ABCAF7D81C949D6F3857233CE77F36F865DFB26DC3A1979
[TLS] Written transcript to proofs/MSG_TLS_25829A49.out, proofs/SIG_TLS_25829A49.out and proofs/PK_TLS_25829A49.der
Signature verification succeeds
[TLS] Server time: 1619955611
[TLS] client_random  (32): A48BB1EEBD851EEE0E176ED0F17C1B63D21863D1C6C4A6F1E4F4DF18FAF11846
[TLS] sign_hash (32): 7CE95D0E5910DD95EEC34F6E63ACC26730245E3ADA2D51A3FDC4A2E88BB6C022
[TLS] Written transcript to proofs/MSG_TLS_A48BB1EE.out, proofs/SIG_TLS_A48BB1EE.out and proofs/PK_TLS_A48BB1EE.der
Signature verification succeeds
[TLS] Server time: 1619955611
[TLS] client_random  (32): 5B2D10A475F74E528F88F4685614A0F6A1083F5B068C33EB4CDE856383EF40E0
[TLS] sign_hash (32): 7FADDA4D2B34E4FBC1E6AEC343C784BB151D9719E0D0AC5A41CE8A9FB4229560
[TLS] Written transcript to proofs/MSG_TLS_5B2D10A4.out, proofs/SIG_TLS_5B2D10A4.out and proofs/PK_TLS_5B2D10A4.der
Signature verification succeeds
[TLS] Server time: 1619955611
[TLS] client_random  (32): 3D0958A751AEE97435FE2911D84B77C451E990E448314E4F598AA2611A062834
[TLS] sign_hash (32): 05F2CC4BBE1C6B3621D9866993A26BEDDFE9887D67138AFE0CDF599E95C6BA0E
[TLS] Written transcript to proofs/MSG_TLS_3D0958A7.out, proofs/SIG_TLS_3D0958A7.out and proofs/PK_TLS_3D0958A7.der
Signature verification succeeds
[TLS] Server time: 1619955611
[TLS] client_random  (32): B6DB1E60D200C77ED4C7AC6CDD648E6CA133DAF905FEA44A814D6AE939ECDC6C
[TLS] sign_hash (32): 675345D57E089D2C035DD6C050393065FEBDC05106877B5B484066B89367E79C
[TLS] Written transcript to proofs/MSG_TLS_B6DB1E60.out, proofs/SIG_TLS_B6DB1E60.out and proofs/PK_TLS_B6DB1E60.der
Signature verification succeeds
[TLS] Server time: 1619955611
[TLS] client_random  (32): FB606895726C31803972BFE391E9A8DBA6D38E149DCCE2855282B20D48873CBE
[TLS] sign_hash (32): 91A2796E0DFB340C2AE59B596E1126DBBAE1A83545CAA23FDB9610D8341E0F7B
[TLS] Written transcript to proofs/MSG_TLS_FB606895.out, proofs/SIG_TLS_FB606895.out and proofs/PK_TLS_FB606895.der
Signature verification succeeds
[TLS] Server time: 1619955611
[TLS] client_random  (32): 3F9B63D5C3C4D92FA20A28CFDF13473CD4FE7D02F600E084E9241C1D9821A7E0
[TLS] sign_hash (32): 074E444B9FDF229D1E0721F9F16599219BD3450088BDFAA529A32AD64C0EB3D6
[TLS] Written transcript to proofs/MSG_TLS_3F9B63D5.out, proofs/SIG_TLS_3F9B63D5.out and proofs/PK_TLS_3F9B63D5.der
Signature verification succeeds
[TLS] Server time: 1619955611
[TLS] client_random  (32): 461D870B166445E76FBAEFE43E626131A7AE9A315EEFF78F3B7EF8E517F7C8B5
[TLS] sign_hash (32): 62653C8D571B21CBC6EF784636466A5E95C531DCA802BAD721908EEE5F6EF21C
[TLS] Written transcript to proofs/MSG_TLS_461D870B.out, proofs/SIG_TLS_461D870B.out and proofs/PK_TLS_461D870B.der
Signature verification succeeds
[TLS] Server time: 1619955611
[TLS] client_random  (32): B0DD36381591D8130B0EF2F9B753DC5AFE4E2F1949FA21A2E988CC9FFFC70D37
[TLS] sign_hash (32): FA4608E306DEE3B46823F8828D455B8222D82748E671A22D00FA89CBAFA9F338
[TLS] Written transcript to proofs/MSG_TLS_B0DD3638.out, proofs/SIG_TLS_B0DD3638.out and proofs/PK_TLS_B0DD3638.der
Signature verification succeeds
[TLS] Server time: 1619955611
[TLS] client_random  (32): 6D726E8461337D805A1048B4FFB9FAABC3C5474FCB90CBF335F2CD6C2EFEA16B
[TLS] sign_hash (32): C21512025C042E71D050FAA767BB88D342900412BFFB8851914B344523CC5F86
[TLS] Written transcript to proofs/MSG_TLS_6D726E84.out, proofs/SIG_TLS_6D726E84.out and proofs/PK_TLS_6D726E84.der
Signature verification succeeds
[TLS] Server time: 1619955611
[TLS] client_random  (32): 934422E4A6985D139536FC7C3539AA0A7712E265BF27FABC15FF680511A37D24
[TLS] sign_hash (32): D719C5C69DDBC1BF2145764184DCC6F37F3347A320FC2F7E14A861DDB885C397
[TLS] Written transcript to proofs/MSG_TLS_934422E4.out, proofs/SIG_TLS_934422E4.out and proofs/PK_TLS_934422E4.der
Signature verification succeeds
[TLS] Server time: 1619955611
[TLS] client_random  (32): 1DBE2B16D33B5CBA1CC961269EFE8E6170430EBFFE3F4E637374DD0A923B8088
[TLS] sign_hash (32): F9FEC9B1DE6031BF96266DC0C91F9F86C937076DDF0C076773FC34B8BEE9CFD0
[TLS] Written transcript to proofs/MSG_TLS_1DBE2B16.out, proofs/SIG_TLS_1DBE2B16.out and proofs/PK_TLS_1DBE2B16.der
Signature verification succeeds
[TLS] Server time: 1619955611
[TLS] client_random  (32): BE8FC3E58A7F0DFD5A8720B690AB127AEB964CA61CA1523CB33519FC0824B60F
[TLS] sign_hash (32): 7A7CFDE9D560CA539E43C02C4C9CC6AEF61B0BFE78864D9A96E7A1F9DCA69178
[TLS] Written transcript to proofs/MSG_TLS_BE8FC3E5.out, proofs/SIG_TLS_BE8FC3E5.out and proofs/PK_TLS_BE8FC3E5.der
Signature verification succeeds
[TLS] Server time: 1619955611
[TLS] client_random  (32): F437EBCF0439ECF027C0CA2800DB5C1DB93F4023816AE626334F907935B4A65D
[TLS] sign_hash (32): 87176EEF3C0C81A227239456EAA8BAD860C76CA9B1101176D0F8D2129E195506
[TLS] Written transcript to proofs/MSG_TLS_F437EBCF.out, proofs/SIG_TLS_F437EBCF.out and proofs/PK_TLS_F437EBCF.der
Signature verification succeeds
[TLS] Server time: 1619955611
[TLS] client_random  (32): B6DA786628802D2043CBD89BA655743A5A0D86ED1E3492D96BB12573FC6BB11C
[TLS] sign_hash (32): 154CA2C2CC1C338CAC8C7821348A42B408315DC4E8189A2BF103011F865A6178
[TLS] Written transcript to proofs/MSG_TLS_B6DA7866.out, proofs/SIG_TLS_B6DA7866.out and proofs/PK_TLS_B6DA7866.der
Signature verification succeeds
[TLS] Server time: 1619955611
[TLS] client_random  (32): E4DEA87F43FE3AEFCBD9F6E63EE0BB385F8105C2EADB69AB6645671E097229C8
[TLS] sign_hash (32): D253A35F0CB340218CEEC7051B692599EA183817DD6E633FCDFD4273E075C390
[TLS] Written transcript to proofs/MSG_TLS_E4DEA87F.out, proofs/SIG_TLS_E4DEA87F.out and proofs/PK_TLS_E4DEA87F.der
Signature verification succeeds
[TLS] Server time: 1619955611
[TLS] client_random  (32): F1F17F68D85176C0B2F96D26D82330C368343CD30220B3621FAAF55D4C4FA592
[TLS] sign_hash (32): 843C709E1ECF3F607688A12FE58FD95616544EA843B668AA77AAC800AF87EE63
[TLS] Written transcript to proofs/MSG_TLS_F1F17F68.out, proofs/SIG_TLS_F1F17F68.out and proofs/PK_TLS_F1F17F68.der
Signature verification succeeds
[TLS] Server time: 1619955611
[TLS] client_random  (32): F856284AA2C070C05084DAF33DEB9AE9C655799E2D3A14709C1C572580CB725E
[TLS] sign_hash (32): 026CA27A4F672E1C5378C9F8E710826A14D11B68F36EDDF3EDDD35DF70C96B2E
[TLS] Written transcript to proofs/MSG_TLS_F856284A.out, proofs/SIG_TLS_F856284A.out and proofs/PK_TLS_F856284A.der
Signature verification succeeds
[TLS] Server time: 1619955611
[TLS] client_random  (32): 2B3901A9BCEA00547E2077A312A15743C91BE711ED486F53D6ECD2A6FB189051
[TLS] sign_hash (32): EDB8BA243A696F2B37CBF02C7D10D8480B48E2CC3B043F2D74A071084201A07E
[TLS] Written transcript to proofs/MSG_TLS_2B3901A9.out, proofs/SIG_TLS_2B3901A9.out and proofs/PK_TLS_2B3901A9.der
Signature verification succeeds
[TLS] Server time: 1619955612
[TLS] client_random  (32): AD31692A5E02E4F1F682B8AF33B9574F0958F6A1042877EA88E45D10FF6DA3D4
[TLS] sign_hash (32): 3B060CECA69EA69CCE890CC313351A177E9C8668CF6E6011AA33E52AE519AABC
[TLS] Written transcript to proofs/MSG_TLS_AD31692A.out, proofs/SIG_TLS_AD31692A.out and proofs/PK_TLS_AD31692A.der
Signature verification succeeds
[TLS] Server time: 1619955612
[TLS] client_random  (32): 7E3160C7F6D72B73658892D6443DBA1A0F66B705FB0757AE433CFBA2B50E4190
[TLS] sign_hash (32): A9A50E50177DA835A3BC9C06003F0B621054A0B3D2F135856AE59C6097EE9F22
[TLS] Written transcript to proofs/MSG_TLS_7E3160C7.out, proofs/SIG_TLS_7E3160C7.out and proofs/PK_TLS_7E3160C7.der
Signature verification succeeds
[TLS] Server time: 1619955612
[TLS] client_random  (32): 9A05D368CC1F8179A3F95C348EB99E31ABE32318ADA8CB686BD0145662B4CE70
[TLS] sign_hash (32): 09D24FFACACBEEC6E2B22EA769815D3BC658AF4D59AEC7A03A63E96FE4548F2B
[TLS] Written transcript to proofs/MSG_TLS_9A05D368.out, proofs/SIG_TLS_9A05D368.out and proofs/PK_TLS_9A05D368.der
Signature verification succeeds
[TLS] Server time: 1619955612
[TLS] client_random  (32): 5EDF1254E87953C75DC3A49555A2422551A949065ABF69DB0950B5C67EDF3DF7
[TLS] sign_hash (32): 2A062AF345BCACB6DB88BE560C41210B5A611B7C48CDD3CF60BC1DB2CC253C93
[TLS] Written transcript to proofs/MSG_TLS_5EDF1254.out, proofs/SIG_TLS_5EDF1254.out and proofs/PK_TLS_5EDF1254.der
Signature verification succeeds
[TLS] Server time: 1619955612
[TLS] client_random  (32): 184DD701B730A9C56256DC645AA6CDA913399FF2B4F9470E42D1BA7070E9AAAF
[TLS] sign_hash (32): 3B472F87B975F9483A68E4201E66E2D2C006A660F97625167E42BA55C4C835CF
[TLS] Written transcript to proofs/MSG_TLS_184DD701.out, proofs/SIG_TLS_184DD701.out and proofs/PK_TLS_184DD701.der
Signature verification succeeds
[TLS] Server time: 1619955612
[TLS] client_random  (32): D640F520F29DB0A01E9F67EF79873EBBE845F132B4737CEA7161BEDDA2A57C18
[TLS] sign_hash (32): 68865198C951EB5254D03F97F9A8B7D4F57D71D89D320D75EF4C985E91A6BF52
[TLS] Written transcript to proofs/MSG_TLS_D640F520.out, proofs/SIG_TLS_D640F520.out and proofs/PK_TLS_D640F520.der
Signature verification succeeds
[TLS] Server time: 1619955612
[TLS] client_random  (32): EB3A6080AAF17B5DD91863882D3D8CD8494408058B8C42AB4B2537CD05CD513D
[TLS] sign_hash (32): C39DC0D5F55CF7B28A2391AFE918B361B4DC7D9C22DE94239041B791BA4767D7
[TLS] Written transcript to proofs/MSG_TLS_EB3A6080.out, proofs/SIG_TLS_EB3A6080.out and proofs/PK_TLS_EB3A6080.der
Signature verification succeeds
[TLS] Server time: 1619955612
[TLS] client_random  (32): 59F984351126F34B6F3BB42BBC2A15B1C8E5CEFDE3F8CC2CCF8FFCBBD32949B8
[TLS] sign_hash (32): 276F2734C7FCB441505449144ACCACEAAC16C820455A8E6E22FE3B59EF5AF6AB
[TLS] Written transcript to proofs/MSG_TLS_59F98435.out, proofs/SIG_TLS_59F98435.out and proofs/PK_TLS_59F98435.der
Signature verification succeeds
[TLS] Server time: 1619955612
[TLS] client_random  (32): C043B7AA663B21EDB9E73D09A8DA65F6C5B3773E49D64C65A3BCDC030E3BBB64
[TLS] sign_hash (32): B432C2E8663DF76DFB329E7E8BB8784A086D86D914603369F94C47CAA831BEF1
[TLS] Written transcript to proofs/MSG_TLS_C043B7AA.out, proofs/SIG_TLS_C043B7AA.out and proofs/PK_TLS_C043B7AA.der
Signature verification succeeds
[TLS] Server time: 1619955612
[TLS] client_random  (32): 7903020C20FB6B9DF4EB8DC575CB0785D1B263BE1970178C5694FAF6D1CE620D
[TLS] sign_hash (32): 56239A7FD4163BBF7E0995997939731C40E3CC0599DFBEC4D2A0A96AED59DD26
[TLS] Written transcript to proofs/MSG_TLS_7903020C.out, proofs/SIG_TLS_7903020C.out and proofs/PK_TLS_7903020C.der
Signature verification succeeds
[TLS] Server time: 1619955612
[TLS] client_random  (32): 84698B678C07287CDDFCECFC30DE42E780D0C894E255E2C5349A9A37EE3252D2
[TLS] sign_hash (32): 3829DB19E94EDFB1EB7DEBEB0722C01858816AFE2065C30ACBC3FF86F7B93C9D
[TLS] Written transcript to proofs/MSG_TLS_84698B67.out, proofs/SIG_TLS_84698B67.out and proofs/PK_TLS_84698B67.der
Signature verification succeeds
[TLS] Server time: 1619955612
[TLS] client_random  (32): ADA2ADF6574A3BBD7B960BB7C798172CB03107D1CEDB8E53817C14E50A00BF29
[TLS] sign_hash (32): B011728A73DA701A77E4401C94F1D4613F37A9CBC06794E003D8BFAE6E109E29
[TLS] Written transcript to proofs/MSG_TLS_ADA2ADF6.out, proofs/SIG_TLS_ADA2ADF6.out and proofs/PK_TLS_ADA2ADF6.der
Signature verification succeeds
[TLS] Server time: 1619955612
[TLS] client_random  (32): 89DDE27FAEA5A1667BE32E732CA81A8FDB3ABB7BA47910D63B909095C8163EB7
[TLS] sign_hash (32): 5B054DFC8BB5AC79122ED9B6F0FEF047C994AD671DF02BCA62EFAD9D8C7A40A3
[TLS] Written transcript to proofs/MSG_TLS_89DDE27F.out, proofs/SIG_TLS_89DDE27F.out and proofs/PK_TLS_89DDE27F.der
Signature verification succeeds
[TLS] Server time: 1619955612
[TLS] client_random  (32): 7E0DFF1F1F7B688980AB9B1416C11D57CAF20DA2EB0CFAA075F6BE2F1CFEEC31
[TLS] sign_hash (32): E4EFFDA0C966E627D240764727E710763B4E1400E0DC5A38B7C4F6B7298083E5
[TLS] Written transcript to proofs/MSG_TLS_7E0DFF1F.out, proofs/SIG_TLS_7E0DFF1F.out and proofs/PK_TLS_7E0DFF1F.der
Signature verification succeeds
[TLS] Server time: 1619955612
[TLS] client_random  (32): B35E4C4A320900CE62F0E7A71F06BB8BDD2783C4F325901AE2BD29D0B9C0BB19
[TLS] sign_hash (32): 1CD7DAB37DA6B2EC732D94423A20AE36DD11F38469187DA250BBD6E171431F62
[TLS] Written transcript to proofs/MSG_TLS_B35E4C4A.out, proofs/SIG_TLS_B35E4C4A.out and proofs/PK_TLS_B35E4C4A.der
Signature verification succeeds
[TLS] Server time: 1619955612
[TLS] client_random  (32): 6C79EFF66A7FB20ED90C9B68BF2E24A4F2C139E13EF706EF00F13D90DC0E6A1D
[TLS] sign_hash (32): B2536E103A4CABFBA7D0E64F3D87F47741105CF8CBD25C6C4162F521C2F8E53F
[TLS] Written transcript to proofs/MSG_TLS_6C79EFF6.out, proofs/SIG_TLS_6C79EFF6.out and proofs/PK_TLS_6C79EFF6.der
Signature verification succeeds
[TLS] Server time: 1619955612
[TLS] client_random  (32): 0D8EBC4854C04B323CF29226E657AD1BFED18072E98F84B845DACE2DF5CD516E
[TLS] sign_hash (32): 3691A80B481319E314C9634ADED72D26BB9EDCE008AD2F71B34BBC843A430584
[TLS] Written transcript to proofs/MSG_TLS_0D8EBC48.out, proofs/SIG_TLS_0D8EBC48.out and proofs/PK_TLS_0D8EBC48.der
Signature verification succeeds
[TLS] Server time: 1619955612
[TLS] client_random  (32): C719D0E79B375F0B709E4257BC3AAC91093972699E3596846D6D81C5A6F853B8
[TLS] sign_hash (32): A94C4025EC1AE12A59E8855CEB231BC2A83CE63B3289BCF75737AB8C783BE09E
[TLS] Written transcript to proofs/MSG_TLS_C719D0E7.out, proofs/SIG_TLS_C719D0E7.out and proofs/PK_TLS_C719D0E7.der
Signature verification succeeds
[TLS] Server time: 1619955612
[TLS] client_random  (32): 23C7DF2A16CED1BCF5001EF25F9368E320870390DE20A7791B3AE41DDDC7B98E
[TLS] sign_hash (32): B359FD41D4C49581D338462AEE37A5CFB8B2ECE9F177FBF78E59D312C999AEA1
[TLS] Written transcript to proofs/MSG_TLS_23C7DF2A.out, proofs/SIG_TLS_23C7DF2A.out and proofs/PK_TLS_23C7DF2A.der
Signature verification succeeds
[TLS] Server time: 1619955612
[TLS] client_random  (32): EF8926E3046C57AAE0F81FD5D7CE9CEFB1293D252C2E6A2660E39EB3C1564864
[TLS] sign_hash (32): 45A94BE0B9C43B9D60912115D81CB4E483E30EE4F2FAB23D44C4BCA59FF2AC7E
[TLS] Written transcript to proofs/MSG_TLS_EF8926E3.out, proofs/SIG_TLS_EF8926E3.out and proofs/PK_TLS_EF8926E3.der
Signature verification succeeds
Time breakdown (averages): anchor_ping:14.721497 file_read:0.144048 hashing:0.470539
Total time for 113 rounds is 1747.707485ms
Standard deviations: anchor_ping:2.636459 file_read:0.014706 hashing:0.004810
[Client-side ops] mean:0.614588 sd:0.015198
in & out anchor rand written to proofs/phase1.out
     32 [TLS] Server time: 1619955610
     62 [TLS] Server time: 1619955611
     20 [TLS] Server time: 1619955612
Count is 32
Count is 62
Count is 20
success: 1
RESULT: 1 in 2 tries
