TLS anchor: gold.ac.uk
Actual: 55, Set: 113
Beginning execution at Sat May 1 19:40:01 UTC 2021
CONF: anchor:gold.ac.uk fs:1024MB n_rounds:113 seed:5c9f4bf9bbc15bb855f82faedc5a52fc3ab2dfa8ec3ba3ce1b270f31fa0cced2 filename:FILE bs:1024 nops:100 benchmarking:0 anchor_ping:1 queue_depth:32 direct:0
[TLS] Connecting to gold.ac.uk
[TLS] Server time: 1619898002
[TLS] client_random  (32): 5C9F4BF9BBC15BB855F82FAEDC5A52FC3AB2DFA8EC3BA3CE1B270F31FA0CCED2
[TLS] sign_hash (32): CEB4529C20B01B4DF1A588AD0A9D9469DA050D5B0FCCF7F4751743DC1370EE26
[TLS] Written transcript to proofs/MSG_TLS_5C9F4BF9.out, proofs/SIG_TLS_5C9F4BF9.out and proofs/PK_TLS_5C9F4BF9.der
Signature verification succeeds
[TLS] Server time: 1619898002
[TLS] client_random  (32): E958F6C52993DB4A2103040D8188BA9B8F2729153652D1BCB49D4EA1E75851AF
[TLS] sign_hash (32): 415CC5126AA1A3ED85B291C7061B5F726B8908ED791F4037822AF46856965E11
[TLS] Written transcript to proofs/MSG_TLS_E958F6C5.out, proofs/SIG_TLS_E958F6C5.out and proofs/PK_TLS_E958F6C5.der
Signature verification succeeds
[TLS] Server time: 1619898002
[TLS] client_random  (32): 94DBBE6F85E3AE1733DD2A60D1BDB3123798B6FCA049DF2C584AAB25E5441214
[TLS] sign_hash (32): CC62BC541546867F551BF02C11B215CEEB53989D4571F320C9279D420B91D9F6
[TLS] Written transcript to proofs/MSG_TLS_94DBBE6F.out, proofs/SIG_TLS_94DBBE6F.out and proofs/PK_TLS_94DBBE6F.der
Signature verification succeeds
[TLS] Server time: 1619898002
[TLS] client_random  (32): 15E89DCCD2DA9BCE9CB8AA856E831DCBCED29244566341F6D252075DA5385A72
[TLS] sign_hash (32): 0F574A17C3C07F3BE59396C6AB02AC5F7C03F54929D88106191BDF5ADD9CB867
[TLS] Written transcript to proofs/MSG_TLS_15E89DCC.out, proofs/SIG_TLS_15E89DCC.out and proofs/PK_TLS_15E89DCC.der
Signature verification succeeds
[TLS] Server time: 1619898002
[TLS] client_random  (32): BB79BF12E5919007586D2E7F64B179BF935BFC35D21C8C8D11CE20281736669A
[TLS] sign_hash (32): FECD027AD9BF7BB18CD797C9CBB43CBBB680C8344EC65E05A1357E555C18B5AD
[TLS] Written transcript to proofs/MSG_TLS_BB79BF12.out, proofs/SIG_TLS_BB79BF12.out and proofs/PK_TLS_BB79BF12.der
Signature verification succeeds
[TLS] Server time: 1619898002
[TLS] client_random  (32): 2F8C821BBAFB032EDD1537494BDCC30038F62B76E2451F8BF80528AB364BFE30
[TLS] sign_hash (32): DB96ED24CB2B1428FB5B1684D14B4D2386DFBB29E695E8978C9B1A3E598E259D
[TLS] Written transcript to proofs/MSG_TLS_2F8C821B.out, proofs/SIG_TLS_2F8C821B.out and proofs/PK_TLS_2F8C821B.der
Signature verification succeeds
[TLS] Server time: 1619898002
[TLS] client_random  (32): 7D75486714C7755C9DD6DD955B5FFECA9749D727E09A61B03A743E0A768DB73F
[TLS] sign_hash (32): 5A4FE7B9DE26737CF0B9A3B97003FD40E2FC3684EA5B696286DDDC51C752234F
[TLS] Written transcript to proofs/MSG_TLS_7D754867.out, proofs/SIG_TLS_7D754867.out and proofs/PK_TLS_7D754867.der
Signature verification succeeds
[TLS] Server time: 1619898002
[TLS] client_random  (32): DE30A6D891BA78036613C7041C291A4DFE320C3C9C4A2C2B088D5FF321D106E4
[TLS] sign_hash (32): 63B74EFF303DCDEEF35AB4D2E97977717F1011CC3E4B4791502EBA51A5CAD061
[TLS] Written transcript to proofs/MSG_TLS_DE30A6D8.out, proofs/SIG_TLS_DE30A6D8.out and proofs/PK_TLS_DE30A6D8.der
Signature verification succeeds
[TLS] Server time: 1619898002
[TLS] client_random  (32): CF91B8C26BC067CA644652BD65FC0BA95D95CD36DB0CBC67678A70A8B93B8F19
[TLS] sign_hash (32): 888735F4536DC05ECC1D07639B5F365134D588761350D00F05AAC4BB1BD31522
[TLS] Written transcript to proofs/MSG_TLS_CF91B8C2.out, proofs/SIG_TLS_CF91B8C2.out and proofs/PK_TLS_CF91B8C2.der
Signature verification succeeds
[TLS] Server time: 1619898002
[TLS] client_random  (32): A4FE9231CD541285D811DE7D6264137A3D06026FDA913A38850E84174D143144
[TLS] sign_hash (32): B36F7B1AF579A25C16B2B94968AF25AD9957C65A0D88033A5CCD430166AC0CED
[TLS] Written transcript to proofs/MSG_TLS_A4FE9231.out, proofs/SIG_TLS_A4FE9231.out and proofs/PK_TLS_A4FE9231.der
Signature verification succeeds
[TLS] Server time: 1619898002
[TLS] client_random  (32): AEF535CD8E3F0B9F62F92181AB0A3188A4E0656C18469E330B2252FE46319F42
[TLS] sign_hash (32): 4E3C8C93FFAE8CF848E9E932DD80ABA9B964C8FCD0B83BAF01F74BF8E3383E25
[TLS] Written transcript to proofs/MSG_TLS_AEF535CD.out, proofs/SIG_TLS_AEF535CD.out and proofs/PK_TLS_AEF535CD.der
Signature verification succeeds
[TLS] Server time: 1619898002
[TLS] client_random  (32): 7DB75A547F1101E41A29CDF65E157EA0214BA36156CC82AF7F1EE0AFF31A5BA3
[TLS] sign_hash (32): 07704D5D2CBE9863C90E25DD28A6CF3EE44E4DF0A2B122918B380624089A55E5
[TLS] Written transcript to proofs/MSG_TLS_7DB75A54.out, proofs/SIG_TLS_7DB75A54.out and proofs/PK_TLS_7DB75A54.der
Signature verification succeeds
[TLS] Server time: 1619898002
[TLS] client_random  (32): C2CD9D6532B8C49F42C8ACF99CF67E789BF521E2F311342717CC87BAD0781BEA
[TLS] sign_hash (32): 7B1E77EAE10130C2707529D0B2D0569DE5D14CAF6BEE075C1050894665AD5519
[TLS] Written transcript to proofs/MSG_TLS_C2CD9D65.out, proofs/SIG_TLS_C2CD9D65.out and proofs/PK_TLS_C2CD9D65.der
Signature verification succeeds
[TLS] Server time: 1619898003
[TLS] client_random  (32): F394F894ED5012829AD1D1976C8DC96AC30DBF12E6146B2368AC478B8017DCC0
[TLS] sign_hash (32): 96A5CB339734D7F9BC70C58CF9328EDB24A1159B1FB288ABE8EEE9ACED2EEC0C
[TLS] Written transcript to proofs/MSG_TLS_F394F894.out, proofs/SIG_TLS_F394F894.out and proofs/PK_TLS_F394F894.der
Signature verification succeeds
[TLS] Server time: 1619898003
[TLS] client_random  (32): F80058C34B09990A11940B246EFFE5DC2C6EE37FF379E0D16776498487605C32
[TLS] sign_hash (32): F0BAA3D020A6C643E8F4B613C138B2B44AAD6667B0DE71F505B56BF0B9691CCE
[TLS] Written transcript to proofs/MSG_TLS_F80058C3.out, proofs/SIG_TLS_F80058C3.out and proofs/PK_TLS_F80058C3.der
Signature verification succeeds
[TLS] Server time: 1619898003
[TLS] client_random  (32): 2E5204EAC791D5DC6EC808179151B9B791CF986ADECA118FAD4415A3744687FF
[TLS] sign_hash (32): D5A552063ABAA5159CD86C1170FDC817647064D652B5B4571A6DD87DDE40B3B2
[TLS] Written transcript to proofs/MSG_TLS_2E5204EA.out, proofs/SIG_TLS_2E5204EA.out and proofs/PK_TLS_2E5204EA.der
Signature verification succeeds
[TLS] Server time: 1619898003
[TLS] client_random  (32): 78600817FDB9B0B750074729FEBCE671A5683F59B4AB160868C07D6ED0D79BFD
[TLS] sign_hash (32): 9430DC20C47714DDDB268107E13064E799FFA96946F3D859C894CC0EC7ECDC00
[TLS] Written transcript to proofs/MSG_TLS_78600817.out, proofs/SIG_TLS_78600817.out and proofs/PK_TLS_78600817.der
Signature verification succeeds
[TLS] Server time: 1619898003
[TLS] client_random  (32): 4054A2B447532FEC77E27BB6303710771AB2421701E4A41D99FB13FE201BDCD2
[TLS] sign_hash (32): B954B03B0393EDEA03BF30768DC762568DE837CF153EDE5A1D501E3E0C1D07B0
[TLS] Written transcript to proofs/MSG_TLS_4054A2B4.out, proofs/SIG_TLS_4054A2B4.out and proofs/PK_TLS_4054A2B4.der
Signature verification succeeds
[TLS] Server time: 1619898003
[TLS] client_random  (32): 69B3E9CB599E554C560ED777269499E8CD979382F0D5AD3F2B81C42D2D421BB7
[TLS] sign_hash (32): 70FBE209D238D100DE240BA8DD8ED8020035F6767A5827D5968FE1E459541FA3
[TLS] Written transcript to proofs/MSG_TLS_69B3E9CB.out, proofs/SIG_TLS_69B3E9CB.out and proofs/PK_TLS_69B3E9CB.der
Signature verification succeeds
[TLS] Server time: 1619898004
[TLS] client_random  (32): 40443DC42A96344C339B28C0BA4A799E70EDF7146FB718E099EBF32AA2B7D08D
[TLS] sign_hash (32): 7E9D41EAF59FE5955A4307282A25B421C1305C2354DCD8CF8E8FEC07BE5CD6F8
[TLS] Written transcript to proofs/MSG_TLS_40443DC4.out, proofs/SIG_TLS_40443DC4.out and proofs/PK_TLS_40443DC4.der
Signature verification succeeds
[TLS] Server time: 1619898004
[TLS] client_random  (32): B1C63ACCF3D6BD35D2FB1E7FFFF212707F750698F0D02E5A605A26A6A3D10A74
[TLS] sign_hash (32): 3C415C2F08F712B834A177B21159DBE6A93E3E3A7AA52A8C8684B8CD292B3338
[TLS] Written transcript to proofs/MSG_TLS_B1C63ACC.out, proofs/SIG_TLS_B1C63ACC.out and proofs/PK_TLS_B1C63ACC.der
Signature verification succeeds
[TLS] Server time: 1619898004
[TLS] client_random  (32): 2902186D6D3C8455D198785173FBFFF361868B2A05871AD41D36F37289E3E148
[TLS] sign_hash (32): D1800C7E5F627342F02B26C5729B5827E8541C0BABC764761E670E23526446AF
[TLS] Written transcript to proofs/MSG_TLS_2902186D.out, proofs/SIG_TLS_2902186D.out and proofs/PK_TLS_2902186D.der
Signature verification succeeds
[TLS] Server time: 1619898004
[TLS] client_random  (32): A870E7BD74E4EBCEB3B393A160BA2F0A19C4940328AE38E152AC86C1C73E2D6B
[TLS] sign_hash (32): 1E81024F06B04EE7F5876545D8990526F8E85DD0FDBAB4EFA4AF002BEACFD8C2
[TLS] Written transcript to proofs/MSG_TLS_A870E7BD.out, proofs/SIG_TLS_A870E7BD.out and proofs/PK_TLS_A870E7BD.der
Signature verification succeeds
[TLS] Server time: 1619898004
[TLS] client_random  (32): A062EBAA09D1B9CD28760B5934FA8E99E7C0207F4EB9BD753DC5F032066F5140
[TLS] sign_hash (32): BA8412399CE1A5C003C37C28704F6848476BB01E5B5DD4BD7FF28E3618F40701
[TLS] Written transcript to proofs/MSG_TLS_A062EBAA.out, proofs/SIG_TLS_A062EBAA.out and proofs/PK_TLS_A062EBAA.der
Signature verification succeeds
[TLS] Server time: 1619898004
[TLS] client_random  (32): 47A15FBEFCEE0C8FC2ABADDF56CC4033D0618B730F03D195A9CA732D016BBF80
[TLS] sign_hash (32): 6BE6E6BBAEF64F96334B41733C92960F1BB7B16ECE25FBF31F93A0B0BFC2EEFF
[TLS] Written transcript to proofs/MSG_TLS_47A15FBE.out, proofs/SIG_TLS_47A15FBE.out and proofs/PK_TLS_47A15FBE.der
Signature verification succeeds
[TLS] Server time: 1619898004
[TLS] client_random  (32): A2BD341A0D06E4A7EBB2F7019EEB1265AA2723ACF78CDA592731FBA7CE3B19CC
[TLS] sign_hash (32): C2390388367378001D3C96869ADB23444971D3BBDD22D2F2ABD0F786BC32A329
[TLS] Written transcript to proofs/MSG_TLS_A2BD341A.out, proofs/SIG_TLS_A2BD341A.out and proofs/PK_TLS_A2BD341A.der
Signature verification succeeds
[TLS] Server time: 1619898004
[TLS] client_random  (32): 8EA0E97E09F77B4EF9D16DDAA949527823DD66EAB960C56A91E93A51CC73BAD5
[TLS] sign_hash (32): BF7898894D71E50C3CD1445471A8F93B3DD811DB81C6F92D30AAD493A0F41201
[TLS] Written transcript to proofs/MSG_TLS_8EA0E97E.out, proofs/SIG_TLS_8EA0E97E.out and proofs/PK_TLS_8EA0E97E.der
Signature verification succeeds
[TLS] Server time: 1619898004
[TLS] client_random  (32): EFD440F3FCA5059707565BAD0726C3F10C5CB06595048EC47D51FC1627411F94
[TLS] sign_hash (32): 4DC0E97C4BBB84F74E984F76D39BA9C9B63C302A97BBA93FEFB0B4F8E08A6B97
[TLS] Written transcript to proofs/MSG_TLS_EFD440F3.out, proofs/SIG_TLS_EFD440F3.out and proofs/PK_TLS_EFD440F3.der
Signature verification succeeds
[TLS] Server time: 1619898004
[TLS] client_random  (32): B79F9219BBE8F392AC7A3A14213FCC339D1074115ED3C5C8C1F71C5643DA6FCD
[TLS] sign_hash (32): 16D694CAE97341D28073A7495C55B4530FA82CC8F121B7D21CF389BE1FCD8251
[TLS] Written transcript to proofs/MSG_TLS_B79F9219.out, proofs/SIG_TLS_B79F9219.out and proofs/PK_TLS_B79F9219.der
Signature verification succeeds
[TLS] Server time: 1619898004
[TLS] client_random  (32): FB3898EF63390CC82115E02BF7E682D54DC72E3CEFF52B19CFE601E043CCC88C
[TLS] sign_hash (32): 09E2A1495956510E7524B2B4F748C4DC3A2E0C34F0E5A86B888BA6F8FFFC737B
[TLS] Written transcript to proofs/MSG_TLS_FB3898EF.out, proofs/SIG_TLS_FB3898EF.out and proofs/PK_TLS_FB3898EF.der
Signature verification succeeds
[TLS] Server time: 1619898004
[TLS] client_random  (32): 5223BFD9F89B7F919784446DEDE9FDB390FFB846B820541061C6ABE4D4BBA536
[TLS] sign_hash (32): B57E00B40BC6D2AD202E585F200EC98AD0EA6EA63A80BF9B2CEAB0B295A5A139
[TLS] Written transcript to proofs/MSG_TLS_5223BFD9.out, proofs/SIG_TLS_5223BFD9.out and proofs/PK_TLS_5223BFD9.der
Signature verification succeeds
[TLS] Server time: 1619898004
[TLS] client_random  (32): 8548BC04F5EC1D481E890F0A94175F52E3A84594F346A0B3F6B96B5D8EBEC749
[TLS] sign_hash (32): 184D8D3D636DCE9229D0357D4DE270C4171815F19D75E847E5A35BBB1F5BE2E2
[TLS] Written transcript to proofs/MSG_TLS_8548BC04.out, proofs/SIG_TLS_8548BC04.out and proofs/PK_TLS_8548BC04.der
Signature verification succeeds
[TLS] Server time: 1619898004
[TLS] client_random  (32): 5EF5D376CF7BEF60A8169AA52C2F4A9C58526120190095FAD04C07D04E2F05D7
[TLS] sign_hash (32): 246F9881D5AE59947C783462DF6B9CCE372802A675908272D6565BE21AFDFFDF
[TLS] Written transcript to proofs/MSG_TLS_5EF5D376.out, proofs/SIG_TLS_5EF5D376.out and proofs/PK_TLS_5EF5D376.der
Signature verification succeeds
[TLS] Server time: 1619898004
[TLS] client_random  (32): 2DCD9FE5543B0011E2763C2751A1A82DB03FC5E0B2EA835BBC6689956DA30EBA
[TLS] sign_hash (32): 74E6FE6E5CCC9D97A185F882B379FE84DB17266AF0607E1D4CFFE836CA5A69B6
[TLS] Written transcript to proofs/MSG_TLS_2DCD9FE5.out, proofs/SIG_TLS_2DCD9FE5.out and proofs/PK_TLS_2DCD9FE5.der
Signature verification succeeds
[TLS] Server time: 1619898004
[TLS] client_random  (32): CBD6DF09E7A539209EFD3C1AB6D6AACA7D8DC4DEACE08A15D59023089E3865C9
[TLS] sign_hash (32): EA2A7F3E20CEA84146E76F7B5A96553A85BB012E4B13EB7E809C7006ED21ECC4
[TLS] Written transcript to proofs/MSG_TLS_CBD6DF09.out, proofs/SIG_TLS_CBD6DF09.out and proofs/PK_TLS_CBD6DF09.der
Signature verification succeeds
[TLS] Server time: 1619898004
[TLS] client_random  (32): B80A8D5E88323ACCBE141DB4C1781E1CFC96AF525344A75E544E64FEFD6D86F9
[TLS] sign_hash (32): 047910E140EC60E82B8B9C586BFC4C2CCE5A00A2B12EC905C565A90C42A8C00F
[TLS] Written transcript to proofs/MSG_TLS_B80A8D5E.out, proofs/SIG_TLS_B80A8D5E.out and proofs/PK_TLS_B80A8D5E.der
Signature verification succeeds
[TLS] Server time: 1619898004
[TLS] client_random  (32): 13EBEDD9703B2AA5419A66DBE7115878504C6D5E61B33B611F682ED52B408D07
[TLS] sign_hash (32): 7448F506CB9B43B5F144C4236BC61536381120689499033A2757974DF9E564D8
[TLS] Written transcript to proofs/MSG_TLS_13EBEDD9.out, proofs/SIG_TLS_13EBEDD9.out and proofs/PK_TLS_13EBEDD9.der
Signature verification succeeds
[TLS] Server time: 1619898004
[TLS] client_random  (32): 96795D630FFB8BE7752AD6E8AEC59ACC3C6C3F608636008B5E0686E65E66368C
[TLS] sign_hash (32): 53C9431B7ED2EDF4DD83AA50D947F55675E47905F352300273E8EB76B4E4C088
[TLS] Written transcript to proofs/MSG_TLS_96795D63.out, proofs/SIG_TLS_96795D63.out and proofs/PK_TLS_96795D63.der
Signature verification succeeds
[TLS] Server time: 1619898005
[TLS] client_random  (32): B65666FDA36B908F45ED2C5AA0BED8BC4DCE55A1904AAB604BE3A232B2C2C342
[TLS] sign_hash (32): 31C0068134B53D5E61DE114B6A1958AF50B245593DDAEAA3DB43F487B7918093
[TLS] Written transcript to proofs/MSG_TLS_B65666FD.out, proofs/SIG_TLS_B65666FD.out and proofs/PK_TLS_B65666FD.der
Signature verification succeeds
[TLS] Server time: 1619898005
[TLS] client_random  (32): 3E8E3D0D1B9CD64221B6C240C55190397CDD0FC443F0023CA253AE2C065059F5
[TLS] sign_hash (32): 879559EACA79F43C43D13A45BE411CD8145F555362AD1CA1E2D5230ADF49AD78
[TLS] Written transcript to proofs/MSG_TLS_3E8E3D0D.out, proofs/SIG_TLS_3E8E3D0D.out and proofs/PK_TLS_3E8E3D0D.der
Signature verification succeeds
[TLS] Server time: 1619898005
[TLS] client_random  (32): 3AF1B11EDAD527D675F53383F53F67C69268C71D1F7FCCB4F7D743E1BBB98C24
[TLS] sign_hash (32): 1C488D811AFAB6942A9124DCC0B9B53D068240B32A4AB2678B6428101F69EEEF
[TLS] Written transcript to proofs/MSG_TLS_3AF1B11E.out, proofs/SIG_TLS_3AF1B11E.out and proofs/PK_TLS_3AF1B11E.der
Signature verification succeeds
[TLS] Server time: 1619898005
[TLS] client_random  (32): 11B8AEBDEEC934AA02F4E46C721F6C2697DBF5D0FE6E08F1C1B5C2C97E064E64
[TLS] sign_hash (32): 0D9ECECB48BC4BC5E395DF6A980CB33674CB20FA4E4D995B20D4D9C1E590EF0B
[TLS] Written transcript to proofs/MSG_TLS_11B8AEBD.out, proofs/SIG_TLS_11B8AEBD.out and proofs/PK_TLS_11B8AEBD.der
Signature verification succeeds
[TLS] Server time: 1619898005
[TLS] client_random  (32): 907ABBA9B75B1D720E579BC1C310587A01AB2D986BA7513982B6BBA7F809A98C
[TLS] sign_hash (32): FC5FAE9B10ED98E9615650036D086BC34B8F53BAAD99CE577D951E90344993BA
[TLS] Written transcript to proofs/MSG_TLS_907ABBA9.out, proofs/SIG_TLS_907ABBA9.out and proofs/PK_TLS_907ABBA9.der
Signature verification succeeds
[TLS] Server time: 1619898005
[TLS] client_random  (32): 452814330917AC061133FC20BC19FB89974766C50064899D07018B72E10082D0
[TLS] sign_hash (32): 94C9FDA7CD5AB4739A54D5A9A60EFDC56D8D33553FE75CDDAF80AC9801920DE7
[TLS] Written transcript to proofs/MSG_TLS_45281433.out, proofs/SIG_TLS_45281433.out and proofs/PK_TLS_45281433.der
Signature verification succeeds
[TLS] Server time: 1619898005
[TLS] client_random  (32): AF0A117D9C973A242B6E76A8C49D572D66742BB396960EF39085E10345E185CA
[TLS] sign_hash (32): EAA66DD23DDF0527BB45A6D72DE6D2C324BC7053657BEFABEAC8C67E7D58C4B5
[TLS] Written transcript to proofs/MSG_TLS_AF0A117D.out, proofs/SIG_TLS_AF0A117D.out and proofs/PK_TLS_AF0A117D.der
Signature verification succeeds
[TLS] Server time: 1619898005
[TLS] client_random  (32): 05DCDD85C08710F322CEB79D9B296D57D763B57752D4B23295419B476AAACA10
[TLS] sign_hash (32): C4B060E047E9A45D62FCC728E4C098A7629258D72A2A92FF0331A5BEF5DC0500
[TLS] Written transcript to proofs/MSG_TLS_05DCDD85.out, proofs/SIG_TLS_05DCDD85.out and proofs/PK_TLS_05DCDD85.der
Signature verification succeeds
[TLS] Server time: 1619898005
[TLS] client_random  (32): 766E0BF15BC11F294F26965CCBB19290980C77473E3A322EECF776B94C0EEA24
[TLS] sign_hash (32): 73BEA1B4C816DAF6F812669E37B70F0FBF89346697EE9F6D2377D9CF34EAE176
[TLS] Written transcript to proofs/MSG_TLS_766E0BF1.out, proofs/SIG_TLS_766E0BF1.out and proofs/PK_TLS_766E0BF1.der
Signature verification succeeds
[TLS] Server time: 1619898005
[TLS] client_random  (32): 202ACAD6104A57B8BEE3F00BA494C4D4678B6BDEFDA46E65CBA9544042225D5A
[TLS] sign_hash (32): D0E2A73D8BBE5B1251F24E4743968BDDF18311C185B526AFE182E88EE80AB2A8
[TLS] Written transcript to proofs/MSG_TLS_202ACAD6.out, proofs/SIG_TLS_202ACAD6.out and proofs/PK_TLS_202ACAD6.der
Signature verification succeeds
[TLS] Server time: 1619898005
[TLS] client_random  (32): 1E80F2808BD54578C568E7F5F7D4C63356C4AC32E05D31BA6A746D2B4B592EE3
[TLS] sign_hash (32): 0F766FCEBAC2B7B055A31416066FA76D85B6A57028CFA274E658AE2C708231AE
[TLS] Written transcript to proofs/MSG_TLS_1E80F280.out, proofs/SIG_TLS_1E80F280.out and proofs/PK_TLS_1E80F280.der
Signature verification succeeds
[TLS] Server time: 1619898006
[TLS] client_random  (32): 719BEEACB07DD113ED2CE3170CA50DA6B2768FB9797FD33E42334F038675C844
[TLS] sign_hash (32): D0630759ED22843E56566653EA47682F6B734958BDFA5C2921DDA66F37A998F5
[TLS] Written transcript to proofs/MSG_TLS_719BEEAC.out, proofs/SIG_TLS_719BEEAC.out and proofs/PK_TLS_719BEEAC.der
Signature verification succeeds
[TLS] Server time: 1619898006
[TLS] client_random  (32): 6E1D826FDD072438171117827CC3D51F0D65CD0686FAE5454546C37CE759EF3A
[TLS] sign_hash (32): 9B1266FB469F306B00932A5CF33B4E8872270DDE725B71F1D9AA428AA6EB6F26
[TLS] Written transcript to proofs/MSG_TLS_6E1D826F.out, proofs/SIG_TLS_6E1D826F.out and proofs/PK_TLS_6E1D826F.der
Signature verification succeeds
[TLS] Server time: 1619898006
[TLS] client_random  (32): EBF1B7274D3361659CE600BA1ECE7EBE2E23993FBFAE07781B4D647A14DD4AFC
[TLS] sign_hash (32): FF027EBC753AA5F5B816DCC9958BBF9873D60D1C4E312D2D408B118F6F25AE72
[TLS] Written transcript to proofs/MSG_TLS_EBF1B727.out, proofs/SIG_TLS_EBF1B727.out and proofs/PK_TLS_EBF1B727.der
Signature verification succeeds
[TLS] Server time: 1619898006
[TLS] client_random  (32): F3388DFDF795C6648C9D5D9BF02579530A7223C1D145ABCC9BF0058BED514E0F
[TLS] sign_hash (32): DDF543FC936A867DB158F8EB8EBCD49B1D3AD6A1795172C437ACCF36A4C7507C
[TLS] Written transcript to proofs/MSG_TLS_F3388DFD.out, proofs/SIG_TLS_F3388DFD.out and proofs/PK_TLS_F3388DFD.der
Signature verification succeeds
[TLS] Server time: 1619898006
[TLS] client_random  (32): B3DFDA7C47DC7A126F7BAD979B111C0A6F00F860C428FA00D1180DE1079AED48
[TLS] sign_hash (32): A73B131D6E8DBD576E6789E10241B552ED6EB82D7590D81BF5B2ABC4A1D540C9
[TLS] Written transcript to proofs/MSG_TLS_B3DFDA7C.out, proofs/SIG_TLS_B3DFDA7C.out and proofs/PK_TLS_B3DFDA7C.der
Signature verification succeeds
[TLS] Server time: 1619898006
[TLS] client_random  (32): 00ED6676E5B1730312D101D8A8E81A3D67F10F2A2A548CEF2647EFDF742E8A78
[TLS] sign_hash (32): 15F780BA178E9295AC3BE6482D0429E71871B0BD507C3F63E09FE3B7CAA20BF5
[TLS] Written transcript to proofs/MSG_TLS_00ED6676.out, proofs/SIG_TLS_00ED6676.out and proofs/PK_TLS_00ED6676.der
Signature verification succeeds
[TLS] Server time: 1619898006
[TLS] client_random  (32): 61C38999D765DD510A495EE78A42224BBEAB94A05FAFA48A800A08463155FAA5
[TLS] sign_hash (32): 7D74D13256C8D9759D50C05621857D13508CB64B0BB51E079CADF32869F1D164
[TLS] Written transcript to proofs/MSG_TLS_61C38999.out, proofs/SIG_TLS_61C38999.out and proofs/PK_TLS_61C38999.der
Signature verification succeeds
[TLS] Server time: 1619898006
[TLS] client_random  (32): 7D8187A7C3271D4190FB03D24245C33B4EE5858A2A414FB5D3D0C698B810D143
[TLS] sign_hash (32): A2AE6BF398799D1AC93478BBA4ABAC346A059D73CAF5D9F81C9ADC7B76F4FAF9
[TLS] Written transcript to proofs/MSG_TLS_7D8187A7.out, proofs/SIG_TLS_7D8187A7.out and proofs/PK_TLS_7D8187A7.der
Signature verification succeeds
[TLS] Server time: 1619898006
[TLS] client_random  (32): 5E6E3933F71A96722BC2F7825DB6A5B0B59498AF3593A3F9762E59BB3F3F7BDD
[TLS] sign_hash (32): 3DB7A8E667788E7013A218A1F9A29C40A1622D73A55184DD90B29D9AB3680ECA
[TLS] Written transcript to proofs/MSG_TLS_5E6E3933.out, proofs/SIG_TLS_5E6E3933.out and proofs/PK_TLS_5E6E3933.der
Signature verification succeeds
[TLS] Server time: 1619898006
[TLS] client_random  (32): B08CA5616047AD22D1533D2A8E577C77DDDB9AF493BF2D3507DFE4C1515EA872
[TLS] sign_hash (32): 63F69B68F500887CB110D173F06F86AE5FF0EC6436C295ACA4445638327B3BCC
[TLS] Written transcript to proofs/MSG_TLS_B08CA561.out, proofs/SIG_TLS_B08CA561.out and proofs/PK_TLS_B08CA561.der
Signature verification succeeds
[TLS] Server time: 1619898006
[TLS] client_random  (32): 4DDDE3478B4F8B64474119BEB18A8682858121F36A94DF47CB7C9050824F4BD6
[TLS] sign_hash (32): 1BE46C97F445FEFD126F672A28C76523872CA6D464D9636B9AE3BC7684A59728
[TLS] Written transcript to proofs/MSG_TLS_4DDDE347.out, proofs/SIG_TLS_4DDDE347.out and proofs/PK_TLS_4DDDE347.der
Signature verification succeeds
[TLS] Server time: 1619898006
[TLS] client_random  (32): 850B96CA0E6D3CA06048713D9E0EA924C4B09A40B12A8CBBA53783974E8282BE
[TLS] sign_hash (32): 0E3653877A00D3E33A9D013BCBE56132D45E2C61B93AB2BDCEE1CC6B6349EB61
[TLS] Written transcript to proofs/MSG_TLS_850B96CA.out, proofs/SIG_TLS_850B96CA.out and proofs/PK_TLS_850B96CA.der
Signature verification succeeds
[TLS] Server time: 1619898006
[TLS] client_random  (32): 555F3A70B377A5AC27CD1FB265AAE29128672879F77547116E4F579065B169E1
[TLS] sign_hash (32): B7DC9CFF7E8521094D169E768C2F54D5943DEBC480ABFD634AC25C1324BC6962
[TLS] Written transcript to proofs/MSG_TLS_555F3A70.out, proofs/SIG_TLS_555F3A70.out and proofs/PK_TLS_555F3A70.der
Signature verification succeeds
[TLS] Server time: 1619898007
[TLS] client_random  (32): 9BA135FFADB5475D2BF5A618489157115E48757CA88356E54198186ABD2A7D34
[TLS] sign_hash (32): F0E18D64C6EC26A35AF9C1CF01CCE82DF003EDA0FFB57A8E7028F1269B5FFE14
[TLS] Written transcript to proofs/MSG_TLS_9BA135FF.out, proofs/SIG_TLS_9BA135FF.out and proofs/PK_TLS_9BA135FF.der
Signature verification succeeds
[TLS] Server time: 1619898007
[TLS] client_random  (32): AEF732613BBAA6257B6A865A498023457072D73F169738B0448C38CBC2B294B8
[TLS] sign_hash (32): C396A35108CCC8D858C24A8D399A98495C5EE2C7F6F367A37A1B3974471C55B3
[TLS] Written transcript to proofs/MSG_TLS_AEF73261.out, proofs/SIG_TLS_AEF73261.out and proofs/PK_TLS_AEF73261.der
Signature verification succeeds
[TLS] Server time: 1619898007
[TLS] client_random  (32): 367C89B70ECB90AFCDD83B530075AAED19ECE070532A32C8612A6F8F774498B6
[TLS] sign_hash (32): B173DCE6DB2A5F2A11C4F8E1DF26E7303701E815740937D6F38EB6FAC6897BAB
[TLS] Written transcript to proofs/MSG_TLS_367C89B7.out, proofs/SIG_TLS_367C89B7.out and proofs/PK_TLS_367C89B7.der
Signature verification succeeds
[TLS] Server time: 1619898007
[TLS] client_random  (32): 803F7713F90AA30318A329A58065F2E22D0EC31241E1AAAF05D6FF97125D3181
[TLS] sign_hash (32): CB3F936129911D0EEAE285A1D4D7F0E9696835F890009E536CF86D754F07443E
[TLS] Written transcript to proofs/MSG_TLS_803F7713.out, proofs/SIG_TLS_803F7713.out and proofs/PK_TLS_803F7713.der
Signature verification succeeds
[TLS] Server time: 1619898007
[TLS] client_random  (32): F66030100C23ED8009D27505111AF18B515C37F12619EE51FBDFA82E76C44261
[TLS] sign_hash (32): C56CC1E7617D3013112BFE796E0ABB92E8EAEB56A6F3BA70AA30D1EF96FC67D0
[TLS] Written transcript to proofs/MSG_TLS_F6603010.out, proofs/SIG_TLS_F6603010.out and proofs/PK_TLS_F6603010.der
Signature verification succeeds
[TLS] Server time: 1619898007
[TLS] client_random  (32): A10A60A85FBDB343FC9FF6484302B7600C9F4FCBA0C4CA3BE2FBF0731F82D57F
[TLS] sign_hash (32): 427E8F0A3BB5932B45CB5722DB2FF7FFDD726C41B3E72882C0465B50F7C56A93
[TLS] Written transcript to proofs/MSG_TLS_A10A60A8.out, proofs/SIG_TLS_A10A60A8.out and proofs/PK_TLS_A10A60A8.der
Signature verification succeeds
[TLS] Server time: 1619898007
[TLS] client_random  (32): 6C107018748A7D90D9A040450460CC16A2C359BC4EF41B797BDAE624AEB768A3
[TLS] sign_hash (32): 859C4673FDDA500EEB512E83DBF18CDE753140179DEDD837F668DFEEF1BBB456
[TLS] Written transcript to proofs/MSG_TLS_6C107018.out, proofs/SIG_TLS_6C107018.out and proofs/PK_TLS_6C107018.der
Signature verification succeeds
[TLS] Server time: 1619898007
[TLS] client_random  (32): 2DBDC4A68DE4A7A7E17B2B4CCCD97B2BF3C951848CB62AB15BD5E1EEBEEB02B6
[TLS] sign_hash (32): 1F40E9C206E0272C7C6A231CE784701A76242660C2E9DF2E26B6C9F6EE0C95CB
[TLS] Written transcript to proofs/MSG_TLS_2DBDC4A6.out, proofs/SIG_TLS_2DBDC4A6.out and proofs/PK_TLS_2DBDC4A6.der
Signature verification succeeds
[TLS] Server time: 1619898009
[TLS] client_random  (32): 8D86C0558F099E77AE4E76C41B7A903F93058426BA604E3D889DC81E16F44EB2
[TLS] sign_hash (32): 3DB965FAD4EDE2EDF3E6EBC6D31E4515EB228E30900F89EB17D132BDA7B408D4
[TLS] Written transcript to proofs/MSG_TLS_8D86C055.out, proofs/SIG_TLS_8D86C055.out and proofs/PK_TLS_8D86C055.der
Signature verification succeeds
[TLS] Server time: 1619898009
[TLS] client_random  (32): EF0E0127D4913C27AB690D596F1A98F2F45A3982B3CE7B94CADEE9785BB09D98
[TLS] sign_hash (32): 12A20BF7E5C0E5940C6B171E1169ECB11AF32F0EBD095404AF87353790A2C434
[TLS] Written transcript to proofs/MSG_TLS_EF0E0127.out, proofs/SIG_TLS_EF0E0127.out and proofs/PK_TLS_EF0E0127.der
Signature verification succeeds
[TLS] Server time: 1619898009
[TLS] client_random  (32): C5F9B6D83DD647A406C828BD2A9407AFED0145C44E82C26725E6F77E41B98E52
[TLS] sign_hash (32): 84409B8640600EC81ECE7F22D80D42BF5270905E84DE13710295E519FCDAD774
[TLS] Written transcript to proofs/MSG_TLS_C5F9B6D8.out, proofs/SIG_TLS_C5F9B6D8.out and proofs/PK_TLS_C5F9B6D8.der
Signature verification succeeds
[TLS] Server time: 1619898009
[TLS] client_random  (32): 2FFB29736BD2A41DBE6C9AC3EC2BB82A14198ABE90B48BCC9CFFB851E39E6BA6
[TLS] sign_hash (32): 21F9A10E3BF9D42BB27A72AAB57C9F8F824BA34EBC685CF398E327AFDCD69211
[TLS] Written transcript to proofs/MSG_TLS_2FFB2973.out, proofs/SIG_TLS_2FFB2973.out and proofs/PK_TLS_2FFB2973.der
Signature verification succeeds
[TLS] Server time: 1619898010
[TLS] client_random  (32): 8B5247D86BDFE42DEFE7DDED8BA486E3C1D880F3AF55A2C66CA5C6E98685A527
[TLS] sign_hash (32): 0350B2E88FEB80D3EE80EE8E4EBB808F084FB472F53249D37252C2E17B857566
[TLS] Written transcript to proofs/MSG_TLS_8B5247D8.out, proofs/SIG_TLS_8B5247D8.out and proofs/PK_TLS_8B5247D8.der
Signature verification succeeds
[TLS] Server time: 1619898010
[TLS] client_random  (32): 84BA8A2E83EC2C1F87A3A215363D29648E800E7DAC6884BEAE393350DC6EE4AE
[TLS] sign_hash (32): C8D516593EF57C59EEDE22DF40994A932039422B7DF76DCBA009924D76277ECD
[TLS] Written transcript to proofs/MSG_TLS_84BA8A2E.out, proofs/SIG_TLS_84BA8A2E.out and proofs/PK_TLS_84BA8A2E.der
Signature verification succeeds
[TLS] Server time: 1619898011
[TLS] client_random  (32): A0C82350697DC875032B27A687845B40948878A01DF0D8C67C7A08C4769E88E1
[TLS] sign_hash (32): 960DDE59D6F8A1AE638C26483C69048A9974D4432FD58642312757085FCC6EFB
[TLS] Written transcript to proofs/MSG_TLS_A0C82350.out, proofs/SIG_TLS_A0C82350.out and proofs/PK_TLS_A0C82350.der
Signature verification succeeds
[TLS] Server time: 1619898011
[TLS] client_random  (32): C4527A47F8BC6086F3ABC948775DF245E0785EA362923FD1E26CF79F6B56CB6C
[TLS] sign_hash (32): 8E5CA4898E5112604F7DCDA162CA6C2771B81F46047A9FA2BA0789826E78280E
[TLS] Written transcript to proofs/MSG_TLS_C4527A47.out, proofs/SIG_TLS_C4527A47.out and proofs/PK_TLS_C4527A47.der
Signature verification succeeds
[TLS] Server time: 1619898011
[TLS] client_random  (32): 6FBBEE8784E0064AD395C535D0D469F240A5C1300426046BE5DF75C62136A135
[TLS] sign_hash (32): 40B14C90623D5EE6B5056A3E53887C6EBE7F80EA943BB94257628353083655A2
[TLS] Written transcript to proofs/MSG_TLS_6FBBEE87.out, proofs/SIG_TLS_6FBBEE87.out and proofs/PK_TLS_6FBBEE87.der
Signature verification succeeds
[TLS] Server time: 1619898011
[TLS] client_random  (32): DC5802781774279C224422EBA022BFF7EEDAF7D863EA51EB5E100087139AD105
[TLS] sign_hash (32): F0B09DB089D7A5BF3A244EA44B222594E5D40021306745CAD3CDE995962700B2
[TLS] Written transcript to proofs/MSG_TLS_DC580278.out, proofs/SIG_TLS_DC580278.out and proofs/PK_TLS_DC580278.der
Signature verification succeeds
[TLS] Server time: 1619898011
[TLS] client_random  (32): 223FFE5926ABBCD2C3ED55D8AC1AACBE82E77D37B61D232012B87F658A6AA226
[TLS] sign_hash (32): EB879A00EA24A7213B1DC4A8B85FA0E4C0EB7F307F95781D1C3EAC4A88BCB787
[TLS] Written transcript to proofs/MSG_TLS_223FFE59.out, proofs/SIG_TLS_223FFE59.out and proofs/PK_TLS_223FFE59.der
Signature verification succeeds
[TLS] Server time: 1619898011
[TLS] client_random  (32): 6C0C663169FE8C67D4786C721D2340D5BAE8E72111ED3D94A05C300BF3107E9E
[TLS] sign_hash (32): B90B35E6EFD588B4CD256DBB1BFC2E0C9FC972C581B792119AA79AB7CC184DD8
[TLS] Written transcript to proofs/MSG_TLS_6C0C6631.out, proofs/SIG_TLS_6C0C6631.out and proofs/PK_TLS_6C0C6631.der
Signature verification succeeds
[TLS] Server time: 1619898012
[TLS] client_random  (32): 4BA7015E472DBF7DE488ECC9E18C6CC4225854E6C117E0F9C3C16633FC7462CA
[TLS] sign_hash (32): 0AB06CC6C8E6DD2C00A29FA5B847FB73AD93D273B7D1870CF58BD8297E2233E0
[TLS] Written transcript to proofs/MSG_TLS_4BA7015E.out, proofs/SIG_TLS_4BA7015E.out and proofs/PK_TLS_4BA7015E.der
Signature verification succeeds
[TLS] Server time: 1619898012
[TLS] client_random  (32): 76C4E34950804B22524F03C1905F839A4272F00B9E3BB48DF41E37B6174AA2E0
[TLS] sign_hash (32): 4871A66A7FB93311894379747E9B78231EAE5F29FA0B97F8F14C91BD358BDA63
[TLS] Written transcript to proofs/MSG_TLS_76C4E349.out, proofs/SIG_TLS_76C4E349.out and proofs/PK_TLS_76C4E349.der
Signature verification succeeds
[TLS] Server time: 1619898012
[TLS] client_random  (32): 24423496A552AE6EB40EA77DE714FE52B491A062BCB9FD096C7177FC7EBFD734
[TLS] sign_hash (32): D4FE96896D5758CBF7480EAFB85A8C8AC0156FD15AE9BADD671638BC4D45BC74
[TLS] Written transcript to proofs/MSG_TLS_24423496.out, proofs/SIG_TLS_24423496.out and proofs/PK_TLS_24423496.der
Signature verification succeeds
[TLS] Server time: 1619898012
[TLS] client_random  (32): 07016BF98AF889A42588D271C3C4C9B4658D1BF3E9A00A10DD85E672F7B56ECF
[TLS] sign_hash (32): 3C2BE209ED9E13F54CBD97A2FF9A4A8D722DB7AC185BE08E22407CB403C02388
[TLS] Written transcript to proofs/MSG_TLS_07016BF9.out, proofs/SIG_TLS_07016BF9.out and proofs/PK_TLS_07016BF9.der
Signature verification succeeds
[TLS] Server time: 1619898012
[TLS] client_random  (32): 27B31C15F163263DD08B2930117AD537EB3BF7AC41C739E85C73671A4849F37C
[TLS] sign_hash (32): 093524701BF51188ABA351D6692131B3F22BF12F6D53F10AFEB57EE00C281CBE
[TLS] Written transcript to proofs/MSG_TLS_27B31C15.out, proofs/SIG_TLS_27B31C15.out and proofs/PK_TLS_27B31C15.der
Signature verification succeeds
[TLS] Server time: 1619898012
[TLS] client_random  (32): B5EEE8F796D2A97C4154EC0753335882DBB38DE92D1CFD7288F8DF0D3CDEEDB2
[TLS] sign_hash (32): 6949DB32E6DFC88BAD5D4B6EE9B60F3EBF04D16985DB7B64E46B143560381D6A
[TLS] Written transcript to proofs/MSG_TLS_B5EEE8F7.out, proofs/SIG_TLS_B5EEE8F7.out and proofs/PK_TLS_B5EEE8F7.der
Signature verification succeeds
[TLS] Server time: 1619898012
[TLS] client_random  (32): 290FC5C4CF9E4FDBBCB24555714C2E41CD2414A417118BF86663AC29E56B491F
[TLS] sign_hash (32): 1959B73ADD02DF611E7C0653E133CF26699CD1598CB93365F8299EA320E65602
[TLS] Written transcript to proofs/MSG_TLS_290FC5C4.out, proofs/SIG_TLS_290FC5C4.out and proofs/PK_TLS_290FC5C4.der
Signature verification succeeds
[TLS] Server time: 1619898012
[TLS] client_random  (32): D3A9267601119EBDE354AEAB4CC1477DB2D7DED32DB2D6BD92ABB41A340208AE
[TLS] sign_hash (32): A01CB911B10E6B186135F7D14016F95968F9D1EDC8208B0D8223E154DCB5F30D
[TLS] Written transcript to proofs/MSG_TLS_D3A92676.out, proofs/SIG_TLS_D3A92676.out and proofs/PK_TLS_D3A92676.der
Signature verification succeeds
[TLS] Server time: 1619898012
[TLS] client_random  (32): 149DD007C7220C8DE48A3187AA225491334A18C8DB9AD32FB1796CD5433E2BF1
[TLS] sign_hash (32): 1FC9127AA04869D92ECBA64647C28A18BF43218D8A7B8B3188D0C84DC5AD1F35
[TLS] Written transcript to proofs/MSG_TLS_149DD007.out, proofs/SIG_TLS_149DD007.out and proofs/PK_TLS_149DD007.der
Signature verification succeeds
[TLS] Server time: 1619898012
[TLS] client_random  (32): 6D9E56CFCD505F4E2C96AD9AC26C2FC23183837FC88AAF9E7825DF27858BD486
[TLS] sign_hash (32): A7EEDF0436933DF7A32DD546C4D44E5B2E5179155D22860400B5676318EE3770
[TLS] Written transcript to proofs/MSG_TLS_6D9E56CF.out, proofs/SIG_TLS_6D9E56CF.out and proofs/PK_TLS_6D9E56CF.der
Signature verification succeeds
[TLS] Server time: 1619898012
[TLS] client_random  (32): 363E8ECD1DA9E7CC056DA815FC82D8AB5DBA42B450DE1D88AEA673F07B176063
[TLS] sign_hash (32): 10229EE25587282E12C692D3571BBF6AED08D153D9D744C40114E100A43BB7DB
[TLS] Written transcript to proofs/MSG_TLS_363E8ECD.out, proofs/SIG_TLS_363E8ECD.out and proofs/PK_TLS_363E8ECD.der
Signature verification succeeds
[TLS] Server time: 1619898012
[TLS] client_random  (32): 64789D321D1B6D09BEEFBEA873373AE7FFD0BA41CC76D0ACEC9028C9B43D47CB
[TLS] sign_hash (32): BF6962946D5F890ABD1E7B1F9962C18FC2AEFCA775BCE8915A2350D95997B413
[TLS] Written transcript to proofs/MSG_TLS_64789D32.out, proofs/SIG_TLS_64789D32.out and proofs/PK_TLS_64789D32.der
Signature verification succeeds
[TLS] Server time: 1619898013
[TLS] client_random  (32): CDE5CD589B687E7E9747742CE884349DDD7BB8CCAB42871CB26D0826EA2D4A59
[TLS] sign_hash (32): A2D86AB50D696C46C4D66F47B52DE569CC3EAD372072DC9C64E055D0584A73D7
[TLS] Written transcript to proofs/MSG_TLS_CDE5CD58.out, proofs/SIG_TLS_CDE5CD58.out and proofs/PK_TLS_CDE5CD58.der
Signature verification succeeds
[TLS] Server time: 1619898013
[TLS] client_random  (32): CD3BF1058D2635568A1C5B6D0DFAF2B87E545764255B94AB493C0B5EC2036EDA
[TLS] sign_hash (32): 9BE7BA166FFE160B581E518A3484B31D6087BD2A1A0F96DFFFF19619D762F669
[TLS] Written transcript to proofs/MSG_TLS_CD3BF105.out, proofs/SIG_TLS_CD3BF105.out and proofs/PK_TLS_CD3BF105.der
Signature verification succeeds
[TLS] Server time: 1619898013
[TLS] client_random  (32): 945F0E119AFC85A98DF596F411A8A176B7CA10FAC651213A808FDAB5E60C70EF
[TLS] sign_hash (32): 96F78C773E84E72DC742204839C79AF85077F384AD141480DDAADF3A734CE12E
[TLS] Written transcript to proofs/MSG_TLS_945F0E11.out, proofs/SIG_TLS_945F0E11.out and proofs/PK_TLS_945F0E11.der
Signature verification succeeds
[TLS] Server time: 1619898013
[TLS] client_random  (32): A381272C7F6021D4299F03E187AEAEED388EC6E6B43038BBF76A0C2F4F112A3E
[TLS] sign_hash (32): 489E0323AEFC88C2FF2ACCD8C3C23CE575AB3C60E501E34B752400D6629ED98B
[TLS] Written transcript to proofs/MSG_TLS_A381272C.out, proofs/SIG_TLS_A381272C.out and proofs/PK_TLS_A381272C.der
Signature verification succeeds
[TLS] Server time: 1619898013
[TLS] client_random  (32): 44F22CC7837B700345FC5006999BF09F29AF2999307C7A60DA62D3736B3C8E34
[TLS] sign_hash (32): 18F3AD60C1610C82054B2D9B23D4D5549CEEA9DD4553D84A2896A18056DE94B0
[TLS] Written transcript to proofs/MSG_TLS_44F22CC7.out, proofs/SIG_TLS_44F22CC7.out and proofs/PK_TLS_44F22CC7.der
Signature verification succeeds
[TLS] Server time: 1619898013
[TLS] client_random  (32): 41614F8A962E3F042F6AA34B2A8CED2914A72833E3882328D3BE0D91E25311D2
[TLS] sign_hash (32): F119070D5FE63C3B1EA68E3444F46CBAC41B9AB13960219D557D42B673DB3BB8
[TLS] Written transcript to proofs/MSG_TLS_41614F8A.out, proofs/SIG_TLS_41614F8A.out and proofs/PK_TLS_41614F8A.der
Signature verification succeeds
[TLS] Server time: 1619898013
[TLS] client_random  (32): 5F2466C99C334F7C94C120DA1373F06DF3E64B880C646025EEE564DE9AD97F5C
[TLS] sign_hash (32): 981ECA6CEBE8CB414864686D0464007F5CE6BA2CF4AF975E777C0BB172E97C15
[TLS] Written transcript to proofs/MSG_TLS_5F2466C9.out, proofs/SIG_TLS_5F2466C9.out and proofs/PK_TLS_5F2466C9.der
Signature verification succeeds
[TLS] Server time: 1619898013
[TLS] client_random  (32): B0C22DB7A88CD7CB3B3AF6CE9D40FB3F64A0ADFEC26D3F14DAB0FCBFD97BFD35
[TLS] sign_hash (32): BE376CFBE44966753A9087F7A8DE32A829414B81D6E24F23A470FC6630D11BD7
[TLS] Written transcript to proofs/MSG_TLS_B0C22DB7.out, proofs/SIG_TLS_B0C22DB7.out and proofs/PK_TLS_B0C22DB7.der
Signature verification succeeds
[TLS] Server time: 1619898013
[TLS] client_random  (32): 1D07AC04BDEE8D16A660C0C980F51A63455AA4EB089DAAF735AFE7AFCE0DC32E
[TLS] sign_hash (32): 100C8302B27CB1A61B987C4D09BA28F2D835C9AB790974B62BC3EB360DA8664D
[TLS] Written transcript to proofs/MSG_TLS_1D07AC04.out, proofs/SIG_TLS_1D07AC04.out and proofs/PK_TLS_1D07AC04.der
Signature verification succeeds
[TLS] Server time: 1619898013
[TLS] client_random  (32): 8DCF085E58490A7BA51FAFF15FCCC5A843A4AB10A64A8E27B7827BD5EC52717A
[TLS] sign_hash (32): E3CE0C222F2A9C9017FC17C710DFFB7D06570A4613C16338405686838191996C
[TLS] Written transcript to proofs/MSG_TLS_8DCF085E.out, proofs/SIG_TLS_8DCF085E.out and proofs/PK_TLS_8DCF085E.der
Signature verification succeeds
[TLS] Server time: 1619898013
[TLS] client_random  (32): 5BE9645A3EA4A9AB405B1EBA51943DA0A6E1498246D79FCCD73CDA3862C53701
[TLS] sign_hash (32): BD91E67307146CB1E485BA27CE2643BDCE2FB14081F97AC39623B9664863AE39
[TLS] Written transcript to proofs/MSG_TLS_5BE9645A.out, proofs/SIG_TLS_5BE9645A.out and proofs/PK_TLS_5BE9645A.der
Signature verification succeeds
[TLS] Server time: 1619898013
[TLS] client_random  (32): 879E56174960130772BA302E97535CADF6E36B4695D31B9F964E1CC02C3E51E9
[TLS] sign_hash (32): 628B7C9B9C4C6F8CB85ED45AA144B5A6828AE904AD7951DD2BB886FD4DA1CC13
[TLS] Written transcript to proofs/MSG_TLS_879E5617.out, proofs/SIG_TLS_879E5617.out and proofs/PK_TLS_879E5617.der
Signature verification succeeds
[TLS] Server time: 1619898013
[TLS] client_random  (32): AE2133CDD3B14D739F9B04B8F1175ED897DBE5F09D87AB8DA7B0690D673C35FA
[TLS] sign_hash (32): 294AD08F92A7172A750CA51135C90B87B2FC8CD6DCCB22F6E4F7A0D3F63E05CB
[TLS] Written transcript to proofs/MSG_TLS_AE2133CD.out, proofs/SIG_TLS_AE2133CD.out and proofs/PK_TLS_AE2133CD.der
Signature verification succeeds
[TLS] Server time: 1619898013
[TLS] client_random  (32): 3FB7442F34ABFBCBD0074DF6BF18F9087BA3054EAC0B8CF7DCD57BA541AB0EC0
[TLS] sign_hash (32): 22240A25BCB706EA9265E78BE7E19FE7DCCDF0E5B6309083C1039A95DDAB135E
[TLS] Written transcript to proofs/MSG_TLS_3FB7442F.out, proofs/SIG_TLS_3FB7442F.out and proofs/PK_TLS_3FB7442F.der
Signature verification succeeds
[TLS] Server time: 1619898013
[TLS] client_random  (32): F9D2832B7C4CB38036CF9C013D45F7167573D755B3FFCF6C5AF3D3DE25F7A633
[TLS] sign_hash (32): 3EC43C573D8A91FBCFF29DFCF244B1E0E73D0CCDC26EF5BA68AA6790AF9DB48F
[TLS] Written transcript to proofs/MSG_TLS_F9D2832B.out, proofs/SIG_TLS_F9D2832B.out and proofs/PK_TLS_F9D2832B.der
Signature verification succeeds
[TLS] Server time: 1619898013
[TLS] client_random  (32): 9E823C10D8C793E24B591F827E0F9C40B0937190D89EC1B5A5B7451F25F8035E
[TLS] sign_hash (32): 447A9BDE39F82C45F364261F88EF3888AF35499596171D337D7FE9873D60EBA1
[TLS] Written transcript to proofs/MSG_TLS_9E823C10.out, proofs/SIG_TLS_9E823C10.out and proofs/PK_TLS_9E823C10.der
Signature verification succeeds
[TLS] Server time: 1619898013
[TLS] client_random  (32): F570DF334C2CD58ECBCF607EACA44E6E3BD5B9AC40E8299D2DAE0A17E4DD41BF
[TLS] sign_hash (32): 9655460B44230C3D8E0CED0181037FDE97CBE804F9DD4C1041009665CE18C9E0
[TLS] Written transcript to proofs/MSG_TLS_F570DF33.out, proofs/SIG_TLS_F570DF33.out and proofs/PK_TLS_F570DF33.der
Signature verification succeeds
[TLS] Server time: 1619898013
[TLS] client_random  (32): 38006D887D5E357B384769ABDC54CB5DA7314C5FDDFF17BA0208471914EEE335
[TLS] sign_hash (32): 5CCBEA5F41D8ED60FAA80BABFD9BE7B89E4931CE09F856CBEBAAE6EFFC96CFA7
[TLS] Written transcript to proofs/MSG_TLS_38006D88.out, proofs/SIG_TLS_38006D88.out and proofs/PK_TLS_38006D88.der
Signature verification succeeds
[TLS] Server time: 1619898013
[TLS] client_random  (32): DA5C45C8A6953831FD0E61CC872E8125980F7CC489FAD41CDD69823568BD528D
[TLS] sign_hash (32): AFCB0EAF3BCDD0C94977A1E305812E7E7040FA1EFADFA135F02E449F0F8D0EDB
[TLS] Written transcript to proofs/MSG_TLS_DA5C45C8.out, proofs/SIG_TLS_DA5C45C8.out and proofs/PK_TLS_DA5C45C8.der
Signature verification succeeds
[TLS] Server time: 1619898013
[TLS] client_random  (32): D5121D4062530DB2FD43FC72A9D8FCD23BC10C8738EDBBE1C806513479C00622
[TLS] sign_hash (32): F846CFB52B7E71D44169E43EAF0B3A733FBE17F105078B9475E1D841954E7096
[TLS] Written transcript to proofs/MSG_TLS_D5121D40.out, proofs/SIG_TLS_D5121D40.out and proofs/PK_TLS_D5121D40.der
Signature verification succeeds
Time breakdown (averages): anchor_ping:102.876677 file_read:0.152491 hashing:0.471407
Total time for 113 rounds is 11798.450661ms
Standard deviations: anchor_ping:213.375532 file_read:0.015118 hashing:0.005934
[Client-side ops] mean:0.623898 sd:0.016543
in & out anchor rand written to proofs/phase1.out
     13 [TLS] Server time: 1619898002
      6 [TLS] Server time: 1619898003
     19 [TLS] Server time: 1619898004
     11 [TLS] Server time: 1619898005
     13 [TLS] Server time: 1619898006
      8 [TLS] Server time: 1619898007
      4 [TLS] Server time: 1619898009
      2 [TLS] Server time: 1619898010
      6 [TLS] Server time: 1619898011
     12 [TLS] Server time: 1619898012
     20 [TLS] Server time: 1619898013
Count is 13
Count is 6
Count is 19
Count is 11
Count is 13
Count is 8
Count is 4
Count is 2
Count is 6
Count is 12
Count is 20
success: 0
Sleeping before retrying
CONF: anchor:gold.ac.uk fs:1024MB n_rounds:113 seed:5c9f4bf9bbc15bb855f82faedc5a52fc3ab2dfa8ec3ba3ce1b270f31fa0cced2 filename:FILE bs:1024 nops:100 benchmarking:0 anchor_ping:1 queue_depth:32 direct:0
[TLS] Connecting to gold.ac.uk
[TLS] Server time: 1619898015
[TLS] client_random  (32): 5C9F4BF9BBC15BB855F82FAEDC5A52FC3AB2DFA8EC3BA3CE1B270F31FA0CCED2
[TLS] sign_hash (32): 64F89639CFBD155B237128ED0B65B87CA068FE75B024FC93C9974E711F9A50EC
[TLS] Written transcript to proofs/MSG_TLS_5C9F4BF9.out, proofs/SIG_TLS_5C9F4BF9.out and proofs/PK_TLS_5C9F4BF9.der
Signature verification succeeds
[TLS] Server time: 1619898015
[TLS] client_random  (32): 4DAA7677D4D5641A38A5AD43ABDC45EFC242C798C2D4814CD8CD1CC2F022299A
[TLS] sign_hash (32): 9C9161D6F003C90F7A37DE5ADEC08670FA931666B88101DCF1408A848FDF5C9C
[TLS] Written transcript to proofs/MSG_TLS_4DAA7677.out, proofs/SIG_TLS_4DAA7677.out and proofs/PK_TLS_4DAA7677.der
Signature verification succeeds
[TLS] Server time: 1619898015
[TLS] client_random  (32): 7B635BCCE38D19D7A0F0FF36188D262D4CA7ABBBE917AE015F9777830F42A55E
[TLS] sign_hash (32): B9B992556923BBA990021987A185D63EC01C67468EBA70FF1ABEBADE9C83F5BD
[TLS] Written transcript to proofs/MSG_TLS_7B635BCC.out, proofs/SIG_TLS_7B635BCC.out and proofs/PK_TLS_7B635BCC.der
Signature verification succeeds
[TLS] Server time: 1619898015
[TLS] client_random  (32): C100662E8C12CF21153A51067697796E9A29F846474F5666C0AF205F5ECD43C6
[TLS] sign_hash (32): 4F918C986D813084859C03D72753509579AE4630DD8DFF1C495C72CF47DE29C4
[TLS] Written transcript to proofs/MSG_TLS_C100662E.out, proofs/SIG_TLS_C100662E.out and proofs/PK_TLS_C100662E.der
Signature verification succeeds
[TLS] Server time: 1619898015
[TLS] client_random  (32): 29956DDD395F8C9C1024AE28E6B6BC764CFF77C44ECA5BF9FB79CAB0A3CB4AB6
[TLS] sign_hash (32): F6A69A3806896641E3FA2317017AF3B3592C5C00ADD6AD01B1D89421DF39D1FB
[TLS] Written transcript to proofs/MSG_TLS_29956DDD.out, proofs/SIG_TLS_29956DDD.out and proofs/PK_TLS_29956DDD.der
Signature verification succeeds
[TLS] Server time: 1619898015
[TLS] client_random  (32): A3DAD08B3D668AA8DF6A1B525D57B119A654AE14F6377D3727D49AC585CEC490
[TLS] sign_hash (32): 39C6F17B6887D27959456CDF16FB980BE88806DCC666A8639F5C19D8AF415572
[TLS] Written transcript to proofs/MSG_TLS_A3DAD08B.out, proofs/SIG_TLS_A3DAD08B.out and proofs/PK_TLS_A3DAD08B.der
Signature verification succeeds
[TLS] Server time: 1619898015
[TLS] client_random  (32): FB236E5618D3F17CDE73460D2AFE464DA1C73239A17F06BAC85BEA1F2BEF52BC
[TLS] sign_hash (32): 2FFB13F4F0229A6A0D3F2D0DBE9B734F8E4103C419D027708ADFCD83C783FB2F
[TLS] Written transcript to proofs/MSG_TLS_FB236E56.out, proofs/SIG_TLS_FB236E56.out and proofs/PK_TLS_FB236E56.der
Signature verification succeeds
[TLS] Server time: 1619898015
[TLS] client_random  (32): 36251E01DD4A01281EAB628357AAB75C6E087E7C6223CB0E16F1F510CAB9D445
[TLS] sign_hash (32): 54381D6EA7FBF7599EE558B9734CC3156486EE311CE409D787469ED3C30B4E2E
[TLS] Written transcript to proofs/MSG_TLS_36251E01.out, proofs/SIG_TLS_36251E01.out and proofs/PK_TLS_36251E01.der
Signature verification succeeds
[TLS] Server time: 1619898015
[TLS] client_random  (32): 741C566A710030ED14489E3C80DFDBAB540DE83CDA6242B14F8A045AF03A14E4
[TLS] sign_hash (32): 65B35EAB7FC5483F3BA66C5D2CD8DB00C0952CF06460674FF45C8C1B34C4E1C1
[TLS] Written transcript to proofs/MSG_TLS_741C566A.out, proofs/SIG_TLS_741C566A.out and proofs/PK_TLS_741C566A.der
Signature verification succeeds
[TLS] Server time: 1619898015
[TLS] client_random  (32): 4835436A31D11A44A547FE4663E79C1E5C28E098FC0B9573E90E98FE8740BC0D
[TLS] sign_hash (32): DC55E2B5CFAE863C2F2DFBB49126A0659D32CFEBE4136D764FFADD2A031D8736
[TLS] Written transcript to proofs/MSG_TLS_4835436A.out, proofs/SIG_TLS_4835436A.out and proofs/PK_TLS_4835436A.der
Signature verification succeeds
[TLS] Server time: 1619898015
[TLS] client_random  (32): 56AC84BA091FA695D03A904511B16BE985AF08A845531B2384A7DBD4EA790913
[TLS] sign_hash (32): F2BBAF9D3AE42D9E40222010F43DB468B0C34E1BC06E564621BFBA09A6339320
[TLS] Written transcript to proofs/MSG_TLS_56AC84BA.out, proofs/SIG_TLS_56AC84BA.out and proofs/PK_TLS_56AC84BA.der
Signature verification succeeds
[TLS] Server time: 1619898015
[TLS] client_random  (32): 44AAA16AA0C153815AF8447DB1A437179559F2FD1A95A09B570252D96EF0A240
[TLS] sign_hash (32): E9F0444E5B52DD7CE5270074A53EE980DA26577785CBD6374255A2207DE21E69
[TLS] Written transcript to proofs/MSG_TLS_44AAA16A.out, proofs/SIG_TLS_44AAA16A.out and proofs/PK_TLS_44AAA16A.der
Signature verification succeeds
[TLS] Server time: 1619898015
[TLS] client_random  (32): 5E86076CB45D537E348D10125A77147EB4453B4A6C5D489D87E78A2EFF00F3F7
[TLS] sign_hash (32): 86590F86909ED901D12E9F02E1BAA03F1CBD94E2E12EB7957C3E7C098A73FCA6
[TLS] Written transcript to proofs/MSG_TLS_5E86076C.out, proofs/SIG_TLS_5E86076C.out and proofs/PK_TLS_5E86076C.der
Signature verification succeeds
[TLS] Server time: 1619898015
[TLS] client_random  (32): 3008A090F095AFFD0371636E4FF8EBA789802C36D13105766DC060A85A19A6A3
[TLS] sign_hash (32): 6308B0CACFA5A30235A66BE988D337406A4E02070BBB639ACF87175D11BC2A54
[TLS] Written transcript to proofs/MSG_TLS_3008A090.out, proofs/SIG_TLS_3008A090.out and proofs/PK_TLS_3008A090.der
Signature verification succeeds
[TLS] Server time: 1619898015
[TLS] client_random  (32): 5F9C0208A8497183A4A224A72F94CECEEAF0A7C949E27AA6E673A266F4CF08CE
[TLS] sign_hash (32): D3B8F1D91CF3673E13046816EC8C6504AD832F42C742C256824E2620E03B1435
[TLS] Written transcript to proofs/MSG_TLS_5F9C0208.out, proofs/SIG_TLS_5F9C0208.out and proofs/PK_TLS_5F9C0208.der
Signature verification succeeds
[TLS] Server time: 1619898015
[TLS] client_random  (32): 8A106945F034179D3A1A1C3AB6035DA8646295D5C52AF3EB8AC93B524A9EE57B
[TLS] sign_hash (32): 3BC45550777F82B00A31E0FBE5860BD657288AEF0CEDFB63024A40E2F46DC7ED
[TLS] Written transcript to proofs/MSG_TLS_8A106945.out, proofs/SIG_TLS_8A106945.out and proofs/PK_TLS_8A106945.der
Signature verification succeeds
[TLS] Server time: 1619898015
[TLS] client_random  (32): 96615861812C0046D1F2BB5BE253C660C2208D7E108A29253709F24D93C50961
[TLS] sign_hash (32): 4A03B846DBCF947F4EC243BA928D3DD827BA68BED01FA15F4894ABE3B32B634C
[TLS] Written transcript to proofs/MSG_TLS_96615861.out, proofs/SIG_TLS_96615861.out and proofs/PK_TLS_96615861.der
Signature verification succeeds
[TLS] Server time: 1619898015
[TLS] client_random  (32): 396BB8C28DDF45763CA29C0D05CEE98DE15F78E334FE80E8C944867A37D66422
[TLS] sign_hash (32): DAA3D3BD1EC17B8E7C82D5CBB0607560C69A5E79CB1538ACD5786EA74A1F9277
[TLS] Written transcript to proofs/MSG_TLS_396BB8C2.out, proofs/SIG_TLS_396BB8C2.out and proofs/PK_TLS_396BB8C2.der
Signature verification succeeds
[TLS] Server time: 1619898015
[TLS] client_random  (32): 3225C0DD36FB47CAB979A5C6A173455E66830724EDC7D7E287BD581F74FE8D2A
[TLS] sign_hash (32): B12E6EC3025369B25D3F032BCA2D0B940E86C8F2C09883BF9DF92BBB270D8E07
[TLS] Written transcript to proofs/MSG_TLS_3225C0DD.out, proofs/SIG_TLS_3225C0DD.out and proofs/PK_TLS_3225C0DD.der
Signature verification succeeds
[TLS] Server time: 1619898015
[TLS] client_random  (32): A01EE43A312AACFF97C9CAF7ECE2255525A3544EE292CA9E6FF537FED7D34756
[TLS] sign_hash (32): 385EF90A43CFCB428E3AFB25E2763289368E989F25C7F6549CB2A5B4FA012A7F
[TLS] Written transcript to proofs/MSG_TLS_A01EE43A.out, proofs/SIG_TLS_A01EE43A.out and proofs/PK_TLS_A01EE43A.der
Signature verification succeeds
[TLS] Server time: 1619898015
[TLS] client_random  (32): 1AC8AA1EE526C08330FAA17A884E79BAE5908DB21E0E2C5B26C030B1C7482FE4
[TLS] sign_hash (32): E38D59F38D709400D5DC50E233A35785FD3F5888FBD2B7F58FCE9883394D0791
[TLS] Written transcript to proofs/MSG_TLS_1AC8AA1E.out, proofs/SIG_TLS_1AC8AA1E.out and proofs/PK_TLS_1AC8AA1E.der
Signature verification succeeds
[TLS] Server time: 1619898015
[TLS] client_random  (32): 1BBE19766A513FEC40C88B776F971B22F41FBAD6949D95578382F6EEB133A4B0
[TLS] sign_hash (32): CD143DA710FD9C5BCDB71A7A721B961E9F5F2533C08F8A9D3FA1F7AF27062A95
[TLS] Written transcript to proofs/MSG_TLS_1BBE1976.out, proofs/SIG_TLS_1BBE1976.out and proofs/PK_TLS_1BBE1976.der
Signature verification succeeds
[TLS] Server time: 1619898015
[TLS] client_random  (32): E1E541DA861D20142B768DC7BD165EC14B026DC5007B6C8136A08B3C2CB9ABB7
[TLS] sign_hash (32): C2CAC4497F084BE144E9F563DF00AB518C7DD0D7BCB18634B36F08E86C8B63B2
[TLS] Written transcript to proofs/MSG_TLS_E1E541DA.out, proofs/SIG_TLS_E1E541DA.out and proofs/PK_TLS_E1E541DA.der
Signature verification succeeds
[TLS] Server time: 1619898015
[TLS] client_random  (32): 2D2D6D668035A9FCDC952AF8E220A2D0656C82B7033A84C42CC2CF5947DF2DB4
[TLS] sign_hash (32): 39DAD0F5AB332ABC0D03503EED5005B2405CDA27FDB860549EF5D61B5BE55104
[TLS] Written transcript to proofs/MSG_TLS_2D2D6D66.out, proofs/SIG_TLS_2D2D6D66.out and proofs/PK_TLS_2D2D6D66.der
Signature verification succeeds
[TLS] Server time: 1619898015
[TLS] client_random  (32): 103023360EEE9AF403995DA73478F02797299FE57AFA32466B1942BBADB1CCCB
[TLS] sign_hash (32): 4D1F91696C675AC6E05F17294E54C241795F6140CE4D139167569462716554FB
[TLS] Written transcript to proofs/MSG_TLS_10302336.out, proofs/SIG_TLS_10302336.out and proofs/PK_TLS_10302336.der
Signature verification succeeds
[TLS] Server time: 1619898015
[TLS] client_random  (32): 3B4524F2DF7EB298BEBE771417879952E658D56160CED38AE31A6A1E95F799E1
[TLS] sign_hash (32): 3539B43FE31C2F599232130FDE181BEA8A90F231B60BACD0D12864678E5A64AB
[TLS] Written transcript to proofs/MSG_TLS_3B4524F2.out, proofs/SIG_TLS_3B4524F2.out and proofs/PK_TLS_3B4524F2.der
Signature verification succeeds
[TLS] Server time: 1619898015
[TLS] client_random  (32): 608F62E8F8BB4CADF33039AADC650C7EBDCBA25DC191EE4FBD950AD5D902F5F2
[TLS] sign_hash (32): CDE753C7DAE137FE246845390D32E39BD5E61CA2A0F7219CD0C0EF0E02E4F165
[TLS] Written transcript to proofs/MSG_TLS_608F62E8.out, proofs/SIG_TLS_608F62E8.out and proofs/PK_TLS_608F62E8.der
Signature verification succeeds
[TLS] Server time: 1619898015
[TLS] client_random  (32): 2E40D53AB1C7B45BCA509935C497F95D61B88BD06992D16FF402B2DD22D1A5EE
[TLS] sign_hash (32): 9D3519DC5C147EC0F5014004489B07126416E044C319AE57216272B9216FE179
[TLS] Written transcript to proofs/MSG_TLS_2E40D53A.out, proofs/SIG_TLS_2E40D53A.out and proofs/PK_TLS_2E40D53A.der
Signature verification succeeds
[TLS] Server time: 1619898015
[TLS] client_random  (32): 46F18A5C1C47EF61107C061B7FB09F440E38C2ABDFC47ED90D1C6E725FDDFAD4
[TLS] sign_hash (32): 13E16842FCE4638E7ACD1A1447878BF780CF5BFD2075A67930BD66887B4F5317
[TLS] Written transcript to proofs/MSG_TLS_46F18A5C.out, proofs/SIG_TLS_46F18A5C.out and proofs/PK_TLS_46F18A5C.der
Signature verification succeeds
[TLS] Server time: 1619898015
[TLS] client_random  (32): 835F303D807118EF66C3BFE228BF1362CB85D28BDA050E3F61FAE20976C7DD62
[TLS] sign_hash (32): 03F926B87B7889CAAA895A2D5923C16C4921EEDC0128287C02B2916EAB9A2CBB
[TLS] Written transcript to proofs/MSG_TLS_835F303D.out, proofs/SIG_TLS_835F303D.out and proofs/PK_TLS_835F303D.der
Signature verification succeeds
[TLS] Server time: 1619898015
[TLS] client_random  (32): 8FEFF77129CB4B11F262A4E4B96981B4608A9884B5E72C1A515516BA4766F7A7
[TLS] sign_hash (32): 773AF86BDBA7B7AE8C2A6AE165BB18336B0A07F688E4D7755C175C68E76333CE
[TLS] Written transcript to proofs/MSG_TLS_8FEFF771.out, proofs/SIG_TLS_8FEFF771.out and proofs/PK_TLS_8FEFF771.der
Signature verification succeeds
[TLS] Server time: 1619898015
[TLS] client_random  (32): 99A617B1EFC584CA8523920734981EB014608D2740ADC34BB70B432C1983EDEC
[TLS] sign_hash (32): 688FB07AF30D5E8C06D5AE7EAD0DA8C26373A7225D7662BC3F6CBE24FE37FD96
[TLS] Written transcript to proofs/MSG_TLS_99A617B1.out, proofs/SIG_TLS_99A617B1.out and proofs/PK_TLS_99A617B1.der
Signature verification succeeds
[TLS] Server time: 1619898015
[TLS] client_random  (32): 74C0EAD4F6604C520F9DC16891C101B96DC130235E344136889E8C3D1BDA1E32
[TLS] sign_hash (32): 2E9A987D6FA1BCEF3DEB7AECDBE3A03F901CB31E3CEE3A77F8A113CA94571AA9
[TLS] Written transcript to proofs/MSG_TLS_74C0EAD4.out, proofs/SIG_TLS_74C0EAD4.out and proofs/PK_TLS_74C0EAD4.der
Signature verification succeeds
[TLS] Server time: 1619898015
[TLS] client_random  (32): 2021BD2A5B9B3B7D0C9786AB28A62A0818D850B201230D5DC089F36B6F12EAF2
[TLS] sign_hash (32): 87A1E6FBA69C5495204E17CC9F98E58C695221D95F351572B1BC9A30253B57A6
[TLS] Written transcript to proofs/MSG_TLS_2021BD2A.out, proofs/SIG_TLS_2021BD2A.out and proofs/PK_TLS_2021BD2A.der
Signature verification succeeds
[TLS] Server time: 1619898015
[TLS] client_random  (32): 01EA47BD7E4B96E738EBF3D9813451A43FC771BB2D4365162B4E1E81B3BDC015
[TLS] sign_hash (32): A5EA5B25F64B8DD1CEFCE530151EDDF6EE5CCDA05067C1C7FF0A17522E218EB6
[TLS] Written transcript to proofs/MSG_TLS_01EA47BD.out, proofs/SIG_TLS_01EA47BD.out and proofs/PK_TLS_01EA47BD.der
Signature verification succeeds
[TLS] Server time: 1619898015
[TLS] client_random  (32): 89237C22024B6959A5070326293873B9964EF5D616192C56A21AE86424748AF6
[TLS] sign_hash (32): 55CB0B8445F2990C23316E8B9C163CBFBCFFC3A7269CFCF0310C2E99BA41FF79
[TLS] Written transcript to proofs/MSG_TLS_89237C22.out, proofs/SIG_TLS_89237C22.out and proofs/PK_TLS_89237C22.der
Signature verification succeeds
[TLS] Server time: 1619898015
[TLS] client_random  (32): 31AF9581622637831BB0C7C3F5FBBCC74BF58D31E904F6AFE834485146425D02
[TLS] sign_hash (32): 77133A6EA272E62CC2A52F0432ABAC366603FC84AA8A09363BC0D37B575A3B83
[TLS] Written transcript to proofs/MSG_TLS_31AF9581.out, proofs/SIG_TLS_31AF9581.out and proofs/PK_TLS_31AF9581.der
Signature verification succeeds
[TLS] Server time: 1619898015
[TLS] client_random  (32): F0FBCFAD256ECB27F91A0DDAFDE5E29B7F86FD75B44C16BA4631168E8C826603
[TLS] sign_hash (32): 7CD69E9B93EE9F7E988605E58BF5FDA06081EFCDB6EF88C7839D1332ACF0A9FB
[TLS] Written transcript to proofs/MSG_TLS_F0FBCFAD.out, proofs/SIG_TLS_F0FBCFAD.out and proofs/PK_TLS_F0FBCFAD.der
Signature verification succeeds
[TLS] Server time: 1619898015
[TLS] client_random  (32): D3C0EF19DDE2503D40505756207FB27608053F1FFADE911C1AE953D59DD0C7F8
[TLS] sign_hash (32): 9A5018D8D777935BB11297625E6874D3E942B7967F24A3BAC5C3730B319D09F3
[TLS] Written transcript to proofs/MSG_TLS_D3C0EF19.out, proofs/SIG_TLS_D3C0EF19.out and proofs/PK_TLS_D3C0EF19.der
Signature verification succeeds
[TLS] Server time: 1619898015
[TLS] client_random  (32): 9019866071579A6415F37F5F50B3A5A95A192AFFC8B92D90E39B05F153261A16
[TLS] sign_hash (32): 0C61D461FB8E6FBEF3017A711C96D406E868B028E2D6BD9766E5621B1C2D2CBC
[TLS] Written transcript to proofs/MSG_TLS_90198660.out, proofs/SIG_TLS_90198660.out and proofs/PK_TLS_90198660.der
Signature verification succeeds
[TLS] Server time: 1619898015
[TLS] client_random  (32): 0CBE2B7E125D5D04DA284C45A027FDF849B67326719157A486BFCC428F4208E0
[TLS] sign_hash (32): 5AD96F4DB93B4B586B874F3B03932F7F48D1B5C064F6FB8222B93B26DD8F5F86
[TLS] Written transcript to proofs/MSG_TLS_0CBE2B7E.out, proofs/SIG_TLS_0CBE2B7E.out and proofs/PK_TLS_0CBE2B7E.der
Signature verification succeeds
[TLS] Server time: 1619898015
[TLS] client_random  (32): 196BF4A192A6A9AC8801A1FB1822AAF2336480FE4D5896A674CF9FF54E8CA0A7
[TLS] sign_hash (32): 25B06BD52E0CE600A73B6B6326D7D7355124BFBB3C3245C94E4671510BE89865
[TLS] Written transcript to proofs/MSG_TLS_196BF4A1.out, proofs/SIG_TLS_196BF4A1.out and proofs/PK_TLS_196BF4A1.der
Signature verification succeeds
[TLS] Server time: 1619898015
[TLS] client_random  (32): E5D6B535626D2A1D43404FD160B3E043F47110E7CF1313A01FC819D0200FB384
[TLS] sign_hash (32): 0BE6A2DD24028FF0550DBC908390D9A9A37D64F5A95F60F3FAF28EDF5C1839A0
[TLS] Written transcript to proofs/MSG_TLS_E5D6B535.out, proofs/SIG_TLS_E5D6B535.out and proofs/PK_TLS_E5D6B535.der
Signature verification succeeds
[TLS] Server time: 1619898016
[TLS] client_random  (32): CB21CE58A89BB7C70FA4404B1AA267B83A5D140D841652AA0C5F59C4471C2FDB
[TLS] sign_hash (32): 7014893D825F68F023758634CF8353332EE6CF0EC54E14D0CA5882903334E123
[TLS] Written transcript to proofs/MSG_TLS_CB21CE58.out, proofs/SIG_TLS_CB21CE58.out and proofs/PK_TLS_CB21CE58.der
Signature verification succeeds
[TLS] Server time: 1619898016
[TLS] client_random  (32): 3B2B1341EF53C07DC4CD0E5ACB5D15430F19C868C27479854E87D86570EDC270
[TLS] sign_hash (32): 3FD74865C327BA38DD271751B44B542738A4ABC515C50568BE7171E688971682
[TLS] Written transcript to proofs/MSG_TLS_3B2B1341.out, proofs/SIG_TLS_3B2B1341.out and proofs/PK_TLS_3B2B1341.der
Signature verification succeeds
[TLS] Server time: 1619898016
[TLS] client_random  (32): 71F07622E6AA411E062922694F38A580C5F344280882BEF4A6C3CD69486EDCB6
[TLS] sign_hash (32): 6C07567BC954962BA43851294A7125582A3407DF528CE703891E836A9FA9BDB4
[TLS] Written transcript to proofs/MSG_TLS_71F07622.out, proofs/SIG_TLS_71F07622.out and proofs/PK_TLS_71F07622.der
Signature verification succeeds
[TLS] Server time: 1619898016
[TLS] client_random  (32): 9EB8EDC7BEF7983A388364B85DB4154E20835D0E953E5E9AEB6A414556D10DDB
[TLS] sign_hash (32): 32C8D467C05A851838B124A303BE69CB1048559CC5373DBC70FFDF148394B45B
[TLS] Written transcript to proofs/MSG_TLS_9EB8EDC7.out, proofs/SIG_TLS_9EB8EDC7.out and proofs/PK_TLS_9EB8EDC7.der
Signature verification succeeds
[TLS] Server time: 1619898016
[TLS] client_random  (32): BAADFA799729998BA85D5151BD7756F73ECE80D67D60FE28B8E901BFBBE1F5E8
[TLS] sign_hash (32): BBF21493636FFDF400A3FE80AF39AB590D7E3A1AFC00D5E36C1B9106EE4DD7F9
[TLS] Written transcript to proofs/MSG_TLS_BAADFA79.out, proofs/SIG_TLS_BAADFA79.out and proofs/PK_TLS_BAADFA79.der
Signature verification succeeds
[TLS] Server time: 1619898016
[TLS] client_random  (32): 90E424BB97033BA7769CC76FEE5B8BE8430364FEF0D00BC6B61772D65F2EE218
[TLS] sign_hash (32): 9D054FC8632EF5ACB8596774CDC001F3B5D7A83E2167F2198BE09639607DB791
[TLS] Written transcript to proofs/MSG_TLS_90E424BB.out, proofs/SIG_TLS_90E424BB.out and proofs/PK_TLS_90E424BB.der
Signature verification succeeds
[TLS] Server time: 1619898016
[TLS] client_random  (32): C20F2BDD6F2DAFE16BF6490EA07E588A44A3BAE2A5B4C435675CABCAB9FCA3A2
[TLS] sign_hash (32): A0028818F236BA1B954558B9FB4778EA50B67FB415D07E22DBDA96B279E9BF8A
[TLS] Written transcript to proofs/MSG_TLS_C20F2BDD.out, proofs/SIG_TLS_C20F2BDD.out and proofs/PK_TLS_C20F2BDD.der
Signature verification succeeds
[TLS] Server time: 1619898016
[TLS] client_random  (32): B5BB5F546D9AB609016BE8B0408BA589ABA69C93E0037B8C9DD5129CA210664B
[TLS] sign_hash (32): 68050DD5A2B86D515EBEB063A952B997BEDE9D7DFFF7E42D90C4727F8DA094CD
[TLS] Written transcript to proofs/MSG_TLS_B5BB5F54.out, proofs/SIG_TLS_B5BB5F54.out and proofs/PK_TLS_B5BB5F54.der
Signature verification succeeds
[TLS] Server time: 1619898016
[TLS] client_random  (32): 8CB8F49E69430876049FC70646BEC166408A9E2458EB5F9DE6C1F5CD8684A3B5
[TLS] sign_hash (32): D5C98E5DAB34A58A895E90AF1E4609EDD0FADFF08D7C206620E20839B71FFE22
[TLS] Written transcript to proofs/MSG_TLS_8CB8F49E.out, proofs/SIG_TLS_8CB8F49E.out and proofs/PK_TLS_8CB8F49E.der
Signature verification succeeds
[TLS] Server time: 1619898016
[TLS] client_random  (32): BF8CAF9E4BEF142417945BE2396F81AE57E128385D022A2840D072B6F17683B2
[TLS] sign_hash (32): E8BAC7544C60DCFB02C14B5BCD1D18D4073A6011FC6C28294155F99E871CE51F
[TLS] Written transcript to proofs/MSG_TLS_BF8CAF9E.out, proofs/SIG_TLS_BF8CAF9E.out and proofs/PK_TLS_BF8CAF9E.der
Signature verification succeeds
[TLS] Server time: 1619898016
[TLS] client_random  (32): 36A8BF247C09563FB587CD3EA72918A350FA29FE4B7B2F89BDFC67597DA8DA6D
[TLS] sign_hash (32): A480A423E32B3571A7E2C49E4AAE50485AF5F17EB2EE124ADF7DB95D9BE7FCE5
[TLS] Written transcript to proofs/MSG_TLS_36A8BF24.out, proofs/SIG_TLS_36A8BF24.out and proofs/PK_TLS_36A8BF24.der
Signature verification succeeds
[TLS] Server time: 1619898016
[TLS] client_random  (32): 35C2192A2AC309B7130C60B2A6818046595D7BE1470914B50814599F4061F22C
[TLS] sign_hash (32): 61BC642D0B70AD732FE2AAE7F31A5192F1A8F229F0053928CFE9E9C057036AB4
[TLS] Written transcript to proofs/MSG_TLS_35C2192A.out, proofs/SIG_TLS_35C2192A.out and proofs/PK_TLS_35C2192A.der
Signature verification succeeds
[TLS] Server time: 1619898016
[TLS] client_random  (32): AA37A02A50B6DA55FB43A1BBF1ABD536548B7D4B42CBD8C22AF1F13367905002
[TLS] sign_hash (32): 84E6A0C2FFE996B1885E65266DE7E00092AC7D629607DD983D21D711DAF79A63
[TLS] Written transcript to proofs/MSG_TLS_AA37A02A.out, proofs/SIG_TLS_AA37A02A.out and proofs/PK_TLS_AA37A02A.der
Signature verification succeeds
[TLS] Server time: 1619898016
[TLS] client_random  (32): 555FC5D60784C2B801895F0BD7C33373DBCB6CCB4DED6505251DCB84E1D228AF
[TLS] sign_hash (32): CB4DC0E99C05E86269A8DFE19D1E165B039B69D014BD333DF43103AA7CB5B600
[TLS] Written transcript to proofs/MSG_TLS_555FC5D6.out, proofs/SIG_TLS_555FC5D6.out and proofs/PK_TLS_555FC5D6.der
Signature verification succeeds
[TLS] Server time: 1619898016
[TLS] client_random  (32): B9285140737131529B434DCD8CC8860F090616E0978AC1B0AA6F0D8371E450B0
[TLS] sign_hash (32): 7B79D2C0E939A714FE987EF3C6A4FA06D0F03681AB649FD81608E10FD3D9DDA5
[TLS] Written transcript to proofs/MSG_TLS_B9285140.out, proofs/SIG_TLS_B9285140.out and proofs/PK_TLS_B9285140.der
Signature verification succeeds
[TLS] Server time: 1619898016
[TLS] client_random  (32): B7473A99BEABACD3A79D2387B6BF38E176C5D21F98847C38FBDA9D9F464F5EB3
[TLS] sign_hash (32): 19C27EECC581AEB5F71A71DA4D4CCC919D8B7684BFD035FDBE92B29C2983DAB7
[TLS] Written transcript to proofs/MSG_TLS_B7473A99.out, proofs/SIG_TLS_B7473A99.out and proofs/PK_TLS_B7473A99.der
Signature verification succeeds
[TLS] Server time: 1619898016
[TLS] client_random  (32): 8DFBC41C9F63D24EA6F1A936DBA952C40B2E0BF1A21B206B4CF238372A0A7684
[TLS] sign_hash (32): A74328524C5DD40303D8641B23A5621594F9DC2A6690DDBBFF2146C936AABE93
[TLS] Written transcript to proofs/MSG_TLS_8DFBC41C.out, proofs/SIG_TLS_8DFBC41C.out and proofs/PK_TLS_8DFBC41C.der
Signature verification succeeds
[TLS] Server time: 1619898016
[TLS] client_random  (32): AD328D1DC8D53751191C976B5E5C084B8DBAFC97A11088DE4413AE7F2BAF7F12
[TLS] sign_hash (32): 0A56CE93E8C1E51A85A5D27990ED195BB905FE9A40EE66C4BC430DCE8F2A7FEF
[TLS] Written transcript to proofs/MSG_TLS_AD328D1D.out, proofs/SIG_TLS_AD328D1D.out and proofs/PK_TLS_AD328D1D.der
Signature verification succeeds
[TLS] Server time: 1619898016
[TLS] client_random  (32): F52CD5C267A72A70C112665D0949D9EB001D1899EA01A7DA6B6058BEB847A072
[TLS] sign_hash (32): A3CB416772EF8D36F60B89C577BCE9DD39F566AE4CB68965A32D6A5A927B023C
[TLS] Written transcript to proofs/MSG_TLS_F52CD5C2.out, proofs/SIG_TLS_F52CD5C2.out and proofs/PK_TLS_F52CD5C2.der
Signature verification succeeds
[TLS] Server time: 1619898016
[TLS] client_random  (32): 73B328D5511F65EA617C62CE49F91E1538674ACEA721D6850D813EEB9B0FF7F2
[TLS] sign_hash (32): 404A7D6DA0811F8BDB08EA459CAE45FFC92D53973D78E76D9A3300F12ECC6762
[TLS] Written transcript to proofs/MSG_TLS_73B328D5.out, proofs/SIG_TLS_73B328D5.out and proofs/PK_TLS_73B328D5.der
Signature verification succeeds
[TLS] Server time: 1619898016
[TLS] client_random  (32): AD9B716380F9B1B60CD33EC4992450D8A664B7A6FDCC2684B5F3E86CC060C412
[TLS] sign_hash (32): 6FDC3A0196F1531CC92265C7C32813CE1B0AD1A1CC7970E758A585066C23029F
[TLS] Written transcript to proofs/MSG_TLS_AD9B7163.out, proofs/SIG_TLS_AD9B7163.out and proofs/PK_TLS_AD9B7163.der
Signature verification succeeds
[TLS] Server time: 1619898016
[TLS] client_random  (32): BA53C7F6B6AC55EFD6E480736DA56883C8EC6CF595D5D19F86C030E2D8D26C55
[TLS] sign_hash (32): 1D272F42D62D7A06A2104B6010EDF8B1AFDC20A974C58E09A548BD27F85101CF
[TLS] Written transcript to proofs/MSG_TLS_BA53C7F6.out, proofs/SIG_TLS_BA53C7F6.out and proofs/PK_TLS_BA53C7F6.der
Signature verification succeeds
[TLS] Server time: 1619898016
[TLS] client_random  (32): AB4E3914E819738C76118BF18215BBB0957574530826981EC0BB64E495599F67
[TLS] sign_hash (32): 3E9110749C1FB5EC3916CBE712C358B53B58D662FB9DA64FF031EE4930FC3A2F
[TLS] Written transcript to proofs/MSG_TLS_AB4E3914.out, proofs/SIG_TLS_AB4E3914.out and proofs/PK_TLS_AB4E3914.der
Signature verification succeeds
[TLS] Server time: 1619898016
[TLS] client_random  (32): 3E22DDE5CE4F412F5265A162DF22D6DED9C733E4784F523F0D16BA1437070F86
[TLS] sign_hash (32): 228B20992EC4732042C9FF9D5B4BC8BFB8EFDCFF6D3CFFC25909778524A048C8
[TLS] Written transcript to proofs/MSG_TLS_3E22DDE5.out, proofs/SIG_TLS_3E22DDE5.out and proofs/PK_TLS_3E22DDE5.der
Signature verification succeeds
[TLS] Server time: 1619898016
[TLS] client_random  (32): 2E269AEBC0893BE972A4809FAEAF0B761A4568FA790B3A338CDFED2EFA2D406A
[TLS] sign_hash (32): 0177B9AE6D5CE9F580C872441CA4C566DFE1133C51A688784EE6B8AD549C4A2D
[TLS] Written transcript to proofs/MSG_TLS_2E269AEB.out, proofs/SIG_TLS_2E269AEB.out and proofs/PK_TLS_2E269AEB.der
Signature verification succeeds
[TLS] Server time: 1619898016
[TLS] client_random  (32): 0A986E12D9636B87A8D783123666D4BF3749A1D3EA3A1210D821B77DE84D132C
[TLS] sign_hash (32): D38FD3F13589C4B83646FF2DBF6976862A005559D579FCA84503DEBD48738428
[TLS] Written transcript to proofs/MSG_TLS_0A986E12.out, proofs/SIG_TLS_0A986E12.out and proofs/PK_TLS_0A986E12.der
Signature verification succeeds
[TLS] Server time: 1619898016
[TLS] client_random  (32): 73E1581C5A38FE26199E60FBB41F1BD549C6B2221AD3B84A941C5D4D82544D28
[TLS] sign_hash (32): 9DF94E41EEAFE078C5209043D87B54703417DE7987E736FD34F0899680CD0323
[TLS] Written transcript to proofs/MSG_TLS_73E1581C.out, proofs/SIG_TLS_73E1581C.out and proofs/PK_TLS_73E1581C.der
Signature verification succeeds
[TLS] Server time: 1619898016
[TLS] client_random  (32): 26F85353C25F47574C54277CE4A1FDBC55F088215EA2AEAA4CED844611792D39
[TLS] sign_hash (32): 292A23844011A29DD6593CC57E5F68A97A539529A707D7B49A0C76DDA05E7DFD
[TLS] Written transcript to proofs/MSG_TLS_26F85353.out, proofs/SIG_TLS_26F85353.out and proofs/PK_TLS_26F85353.der
Signature verification succeeds
[TLS] Server time: 1619898016
[TLS] client_random  (32): 485586F3621FFD98A119E4C2A4E950334CD713512C779FC78FAB3A5382C6D538
[TLS] sign_hash (32): D66959E0A3A11BE2A5801C86526AF3FED68D4424761FE993BD31441FD2FE3B07
[TLS] Written transcript to proofs/MSG_TLS_485586F3.out, proofs/SIG_TLS_485586F3.out and proofs/PK_TLS_485586F3.der
Signature verification succeeds
[TLS] Server time: 1619898016
[TLS] client_random  (32): 2CB88403B9F60930395B26FFCA50D4316DD9664858F503F13381CA9753E551D1
[TLS] sign_hash (32): 7BB48B953FD310B91FC99FA4C70A6D361228A319E2A96C41B931021F1E53255B
[TLS] Written transcript to proofs/MSG_TLS_2CB88403.out, proofs/SIG_TLS_2CB88403.out and proofs/PK_TLS_2CB88403.der
Signature verification succeeds
[TLS] Server time: 1619898016
[TLS] client_random  (32): 993FBBFADDA35A6C8770493726F342D2C26463EE40422E24F1928BB8F2E95656
[TLS] sign_hash (32): E0C5EE9ABE99C65F5618C6655E150FFCD95C976A560CF91C1237690E7B5DAE52
[TLS] Written transcript to proofs/MSG_TLS_993FBBFA.out, proofs/SIG_TLS_993FBBFA.out and proofs/PK_TLS_993FBBFA.der
Signature verification succeeds
[TLS] Server time: 1619898016
[TLS] client_random  (32): 8D1443A5EF5FD7AD7DEE072F986DFE6F26407DCB0599C635E5D6893AEAB72CD8
[TLS] sign_hash (32): B1EABEB47896D63023A55DCA51F8809D23F5618271DF6D10A18BDDDD4966274E
[TLS] Written transcript to proofs/MSG_TLS_8D1443A5.out, proofs/SIG_TLS_8D1443A5.out and proofs/PK_TLS_8D1443A5.der
Signature verification succeeds
[TLS] Server time: 1619898016
[TLS] client_random  (32): 6B80D4DD3CC620616D08CBA9518A89FDA46765E500AA95F9FD6C7DCCE9D9577A
[TLS] sign_hash (32): 391BAB76B8C7E7A7CA604123091934A95AC3A54EF77A2D26ED3A276B83DAC902
[TLS] Written transcript to proofs/MSG_TLS_6B80D4DD.out, proofs/SIG_TLS_6B80D4DD.out and proofs/PK_TLS_6B80D4DD.der
Signature verification succeeds
[TLS] Server time: 1619898016
[TLS] client_random  (32): EC5D886A2567C2F3F666AE8140D68D3A02B1707370620C66112801A76F1E8A35
[TLS] sign_hash (32): 4982581FD54ED6BE2EA0FE78D5A1C2DFBF11A7AF5EADF613F6FE3102CAD5E278
[TLS] Written transcript to proofs/MSG_TLS_EC5D886A.out, proofs/SIG_TLS_EC5D886A.out and proofs/PK_TLS_EC5D886A.der
Signature verification succeeds
[TLS] Server time: 1619898016
[TLS] client_random  (32): A0738989E22F556E942D66A405A4EBE3FA91D6B21854D725DE923A67ABC140C6
[TLS] sign_hash (32): C7388395153373392403AEAE12F8F99429E5AB7E20322A54A77C41C69B6FE82C
[TLS] Written transcript to proofs/MSG_TLS_A0738989.out, proofs/SIG_TLS_A0738989.out and proofs/PK_TLS_A0738989.der
Signature verification succeeds
[TLS] Server time: 1619898016
[TLS] client_random  (32): 259FEC5934963864EB41D8CDBC6F049C29572C56FD3FB93DAF4F1B43686F9702
[TLS] sign_hash (32): 19AB2E8315B3D5E17CC076AA7F54F8E87C41F2C92720F156F52F4F1105CB6535
[TLS] Written transcript to proofs/MSG_TLS_259FEC59.out, proofs/SIG_TLS_259FEC59.out and proofs/PK_TLS_259FEC59.der
Signature verification succeeds
[TLS] Server time: 1619898016
[TLS] client_random  (32): 28CDAA0FF3F29C41278617E74957E76291CA6922099AAD87997BA82D369C1D6E
[TLS] sign_hash (32): 65BEB5C926FF46D108336DA61EC8D49A5E45E1DD5541BB6EB6DBF64B6E34A308
[TLS] Written transcript to proofs/MSG_TLS_28CDAA0F.out, proofs/SIG_TLS_28CDAA0F.out and proofs/PK_TLS_28CDAA0F.der
Signature verification succeeds
[TLS] Server time: 1619898016
[TLS] client_random  (32): 53DDE97D8791674CD90AF99A464670F5A60553CCDB0574FE639D4CDF46B5F467
[TLS] sign_hash (32): 30D7D5D51E857080EF9A235772728FCD5E3DE4B120DCEDCBAF9959688C8F4FA1
[TLS] Written transcript to proofs/MSG_TLS_53DDE97D.out, proofs/SIG_TLS_53DDE97D.out and proofs/PK_TLS_53DDE97D.der
Signature verification succeeds
[TLS] Server time: 1619898016
[TLS] client_random  (32): BC76824A2E57CB4A77D72488615E10A0E5CD5F7EB77426D0F23E6D7509FE1D92
[TLS] sign_hash (32): BA767C0F4892AA87B7B62476F376B017699C7BDAA9BA3791BE72456829E785D7
[TLS] Written transcript to proofs/MSG_TLS_BC76824A.out, proofs/SIG_TLS_BC76824A.out and proofs/PK_TLS_BC76824A.der
Signature verification succeeds
[TLS] Server time: 1619898016
[TLS] client_random  (32): 6571278CDAED01BC907E3F5E673D51DAE11B808B711B27CACD206323EA78AF5B
[TLS] sign_hash (32): 58208BD310E8316DBAC3014221FC2B21959CB26A78E9E32532A33DEF8B9C3A02
[TLS] Written transcript to proofs/MSG_TLS_6571278C.out, proofs/SIG_TLS_6571278C.out and proofs/PK_TLS_6571278C.der
Signature verification succeeds
[TLS] Server time: 1619898016
[TLS] client_random  (32): 35D2CAE8DA2D5F71E8495B4413B5D16D40B9708A69BCBC5CD997C16C8BA11003
[TLS] sign_hash (32): 0E10693D0A4EA929EB36501AD52DD6F89C5C598E3B7F03B3446E399C89671462
[TLS] Written transcript to proofs/MSG_TLS_35D2CAE8.out, proofs/SIG_TLS_35D2CAE8.out and proofs/PK_TLS_35D2CAE8.der
Signature verification succeeds
[TLS] Server time: 1619898016
[TLS] client_random  (32): F68E99D0A0C4A466F32CBA347852C847DED4EBC3C3990E5ADC198B4D8A7D2DB6
[TLS] sign_hash (32): B77B2A41BCA8F885060FDACE6DAADB2884C2DDDBD2D59B20AFFE35C05B6F6007
[TLS] Written transcript to proofs/MSG_TLS_F68E99D0.out, proofs/SIG_TLS_F68E99D0.out and proofs/PK_TLS_F68E99D0.der
Signature verification succeeds
[TLS] Server time: 1619898016
[TLS] client_random  (32): 78FB9D35C3786B7957AC2B392EFBB9BD0A750F30BDA5ED454BF312A31A7A25B6
[TLS] sign_hash (32): E2B7FDE07146EE66296D8F5F69AB16D5FBED755B539F0E1EE9B5DC04A1BFB7DC
[TLS] Written transcript to proofs/MSG_TLS_78FB9D35.out, proofs/SIG_TLS_78FB9D35.out and proofs/PK_TLS_78FB9D35.der
Signature verification succeeds
[TLS] Server time: 1619898016
[TLS] client_random  (32): 752E8C6D1E86EEA7B63F051B730BE89D5435F5E5E13CF103EC42A1E9D05A0CBA
[TLS] sign_hash (32): 831118DFBE736743CA38C7E61A3546888056C6B123B20F6F4F7D3B73B69D8B3D
[TLS] Written transcript to proofs/MSG_TLS_752E8C6D.out, proofs/SIG_TLS_752E8C6D.out and proofs/PK_TLS_752E8C6D.der
Signature verification succeeds
[TLS] Server time: 1619898016
[TLS] client_random  (32): 9E5E40DCC9D5BEDCBB5BEE8C4461B4BF81590EE40281002508B2F974A3A28500
[TLS] sign_hash (32): 0E707A3702BF7EC5921C092DB760F7004B5A6F10610E5801EFEA45A93E9B3DC8
[TLS] Written transcript to proofs/MSG_TLS_9E5E40DC.out, proofs/SIG_TLS_9E5E40DC.out and proofs/PK_TLS_9E5E40DC.der
Signature verification succeeds
[TLS] Server time: 1619898016
[TLS] client_random  (32): 0AD51D5EA5473683605510813DD5A2CF776570750A29F8C30299625B30CBAEFF
[TLS] sign_hash (32): C1BB829F973C81D6F3DEB3C1D33C584A3F48714325A55814932228A465584F96
[TLS] Written transcript to proofs/MSG_TLS_0AD51D5E.out, proofs/SIG_TLS_0AD51D5E.out and proofs/PK_TLS_0AD51D5E.der
Signature verification succeeds
[TLS] Server time: 1619898016
[TLS] client_random  (32): 81C89C054A5290850FB972163B3C641F2566F04A9FC8B87E17CA01BF374EA798
[TLS] sign_hash (32): 67985BCB75D6E99F7DF137A82C907BCB84B42FD840B9543638FAE38BAF091AAC
[TLS] Written transcript to proofs/MSG_TLS_81C89C05.out, proofs/SIG_TLS_81C89C05.out and proofs/PK_TLS_81C89C05.der
Signature verification succeeds
[TLS] Server time: 1619898016
[TLS] client_random  (32): FB22FFB0B80891B558B70FE380A523F232CC01A850134E8C65B31BEEA6CE5F0E
[TLS] sign_hash (32): E56B582981406E6EB6A0D3235C0882E437C77594C0E5081920654B3FE7A9E8EB
[TLS] Written transcript to proofs/MSG_TLS_FB22FFB0.out, proofs/SIG_TLS_FB22FFB0.out and proofs/PK_TLS_FB22FFB0.der
Signature verification succeeds
[TLS] Server time: 1619898016
[TLS] client_random  (32): 5D9AF790F1C28AE4F481E464DC823D63847B41011E8B81B3AED1866B230E56DD
[TLS] sign_hash (32): 444C66EE07A1D4A24CFF43E8CE215E64AF6567AC79F79038D7F7B71629D25F9C
[TLS] Written transcript to proofs/MSG_TLS_5D9AF790.out, proofs/SIG_TLS_5D9AF790.out and proofs/PK_TLS_5D9AF790.der
Signature verification succeeds
[TLS] Server time: 1619898016
[TLS] client_random  (32): EC14105CE8AFD83B0126AFF8F2FF50380C4DC653937BA3ABBE0CE2C7C374CA97
[TLS] sign_hash (32): 859B627033DC2EB5D07D6042A47DD75DCF2924166321BF2C587AFAA6D8511CE0
[TLS] Written transcript to proofs/MSG_TLS_EC14105C.out, proofs/SIG_TLS_EC14105C.out and proofs/PK_TLS_EC14105C.der
Signature verification succeeds
[TLS] Server time: 1619898016
[TLS] client_random  (32): FEAE1230E6E36002EAAF6903C304DAD25AC84519FD4051CADFEE8551BBFB9B7D
[TLS] sign_hash (32): A430E95FD2F90C64D72155B55B026C9ADC7E2BB770BEE3DA03B13F4D8D3B65FA
[TLS] Written transcript to proofs/MSG_TLS_FEAE1230.out, proofs/SIG_TLS_FEAE1230.out and proofs/PK_TLS_FEAE1230.der
Signature verification succeeds
[TLS] Server time: 1619898016
[TLS] client_random  (32): 43FC67EE448A63DC104F8F25054991A7B68E6F4088400CCB9A6D2EEFFD70B8D7
[TLS] sign_hash (32): F530836783B07A25ACCC99E1C33A5DDA4CD25542D9D90FFEFB94ED3490F3F8A4
[TLS] Written transcript to proofs/MSG_TLS_43FC67EE.out, proofs/SIG_TLS_43FC67EE.out and proofs/PK_TLS_43FC67EE.der
Signature verification succeeds
[TLS] Server time: 1619898016
[TLS] client_random  (32): BF20962CD63EDEDBA576FEED972EEE80C6D09F3D290A3426B58FD572A05AB124
[TLS] sign_hash (32): CCCFA6119B74706AB06F856C7313D28BCF6CACD706E81C6B1BA9B86C3E7D51B9
[TLS] Written transcript to proofs/MSG_TLS_BF20962C.out, proofs/SIG_TLS_BF20962C.out and proofs/PK_TLS_BF20962C.der
Signature verification succeeds
[TLS] Server time: 1619898016
[TLS] client_random  (32): 33D6BD3370127A5E44EED74E067EBC9EEA0AFEB590B345AF5477D6BA61974235
[TLS] sign_hash (32): C4A76B40AE4DC05E7E87611DB958B401653BBA62B7A6F4E13A8A164C7EC3AD46
[TLS] Written transcript to proofs/MSG_TLS_33D6BD33.out, proofs/SIG_TLS_33D6BD33.out and proofs/PK_TLS_33D6BD33.der
Signature verification succeeds
[TLS] Server time: 1619898016
[TLS] client_random  (32): D8335C840B86316FD2606FD484CCE4F6C22F941F2CD40437A9431F23F636CB53
[TLS] sign_hash (32): 79844A77BC4CA10D70A429D11BA33F622804805A171A18ED0B8A68CA1CEA11FF
[TLS] Written transcript to proofs/MSG_TLS_D8335C84.out, proofs/SIG_TLS_D8335C84.out and proofs/PK_TLS_D8335C84.der
Signature verification succeeds
[TLS] Server time: 1619898016
[TLS] client_random  (32): 72CD791D1A0EA22064B0843274F57395D11D8819592CF6296BE42C399ED8716B
[TLS] sign_hash (32): 6052A67AF1E4D50F5A73B2B9D4F56407D231DB7051AC89CA1736C58E202B5A28
[TLS] Written transcript to proofs/MSG_TLS_72CD791D.out, proofs/SIG_TLS_72CD791D.out and proofs/PK_TLS_72CD791D.der
Signature verification succeeds
[TLS] Server time: 1619898016
[TLS] client_random  (32): C73FC0B51ED7B57FDB7347ED34B199379EE123204C633AEE567DA98B4CE81400
[TLS] sign_hash (32): 9F9A471F826E5E2655186248F4E425A111C2E12C765F524D76DDD74D3D2513D1
[TLS] Written transcript to proofs/MSG_TLS_C73FC0B5.out, proofs/SIG_TLS_C73FC0B5.out and proofs/PK_TLS_C73FC0B5.der
Signature verification succeeds
[TLS] Server time: 1619898016
[TLS] client_random  (32): E3CA90B7B8BE7154090211F4532D7B9A245965D876B50D5CDE402F36D6D3F477
[TLS] sign_hash (32): D77006D8565FEED8B1FA4FB33D951DDFAC68F9457289BB45F8D56C5244E21137
[TLS] Written transcript to proofs/MSG_TLS_E3CA90B7.out, proofs/SIG_TLS_E3CA90B7.out and proofs/PK_TLS_E3CA90B7.der
Signature verification succeeds
[TLS] Server time: 1619898016
[TLS] client_random  (32): A11A757E8D4110500620EA20D12EC399DC9CF98C630E3B26AB122B86BD78EEC1
[TLS] sign_hash (32): 9231E72FFF7483E0F471D982685424B54FC0351F5241001A529E2219383ABDCE
[TLS] Written transcript to proofs/MSG_TLS_A11A757E.out, proofs/SIG_TLS_A11A757E.out and proofs/PK_TLS_A11A757E.der
Signature verification succeeds
[TLS] Server time: 1619898016
[TLS] client_random  (32): A853DFFE9BA70A82EB08AC916F34CE2178A41C5BCBD6558D0AA23E71E56598E9
[TLS] sign_hash (32): 910167AE863B649791AA41ACCECBEE52E5A92B4E8B3989AFD25E0CCFD077F1C3
[TLS] Written transcript to proofs/MSG_TLS_A853DFFE.out, proofs/SIG_TLS_A853DFFE.out and proofs/PK_TLS_A853DFFE.der
Signature verification succeeds
[TLS] Server time: 1619898016
[TLS] client_random  (32): 88AD65A5C09822FFC20EE71B30E5B42D09A92134D7E090DE1AEABD9468058DE0
[TLS] sign_hash (32): 0BE076369E2D2E9B102B9F25B6D7E88C8A73E029CD69E6803FC92E4F37C1512E
[TLS] Written transcript to proofs/MSG_TLS_88AD65A5.out, proofs/SIG_TLS_88AD65A5.out and proofs/PK_TLS_88AD65A5.der
Signature verification succeeds
[TLS] Server time: 1619898016
[TLS] client_random  (32): 51EB5A608A560B262A7E6847E174FC42243FBB1900A0E1BB20110BC386C11D35
[TLS] sign_hash (32): 7497E8BFF77EA77617475A4B2E4AD3E25A39A3EEFC72C25C74F2D0695AD24236
[TLS] Written transcript to proofs/MSG_TLS_51EB5A60.out, proofs/SIG_TLS_51EB5A60.out and proofs/PK_TLS_51EB5A60.der
Signature verification succeeds
[TLS] Server time: 1619898016
[TLS] client_random  (32): 6E92896716FF29DBC24CB747F3AAFA895C0D1A24976356C612430C2533E843E6
[TLS] sign_hash (32): 7BA61E8110E259AC4E900B5364065F7B8573A62560F2A5903E8D970CB9174FAB
[TLS] Written transcript to proofs/MSG_TLS_6E928967.out, proofs/SIG_TLS_6E928967.out and proofs/PK_TLS_6E928967.der
Signature verification succeeds
[TLS] Server time: 1619898016
[TLS] client_random  (32): 4A109907EE1EC77F50293A7793BEDE066F5C4546190575256BF79A5709C64F76
[TLS] sign_hash (32): EF898F656C6464DC5CE913C0F9A2EE3E0E78D0961DE50EE91B3FADA24CF52909
[TLS] Written transcript to proofs/MSG_TLS_4A109907.out, proofs/SIG_TLS_4A109907.out and proofs/PK_TLS_4A109907.der
Signature verification succeeds
[TLS] Server time: 1619898016
[TLS] client_random  (32): DCD1EC8CDA543AD4843E059EBD75D0C3C7D35FD23D9F3F2BDF990026BCAB2FAE
[TLS] sign_hash (32): A148F98DACDB6C2ACEC555B93EE1F228EC7A7EF9D610F5081785648092336957
[TLS] Written transcript to proofs/MSG_TLS_DCD1EC8C.out, proofs/SIG_TLS_DCD1EC8C.out and proofs/PK_TLS_DCD1EC8C.der
Signature verification succeeds
[TLS] Server time: 1619898016
[TLS] client_random  (32): 07F081C47D07BDDFF06D4AE80975F190C48EAE03C487652625651A8739069834
[TLS] sign_hash (32): B58DCB748CA69D82F9CB5953FF0A5F234B7BB047513299039AC7D905DE698975
[TLS] Written transcript to proofs/MSG_TLS_07F081C4.out, proofs/SIG_TLS_07F081C4.out and proofs/PK_TLS_07F081C4.der
Signature verification succeeds
[TLS] Server time: 1619898016
[TLS] client_random  (32): 59E4975B7DB26F7ADD442F07BC776B1ADD28CE4350CC62EADB77C6CF7D4F003D
[TLS] sign_hash (32): F591D687CC4C6F3D1FD9478371C051999F04C596B7FD87902BC69ECEE5F599A7
[TLS] Written transcript to proofs/MSG_TLS_59E4975B.out, proofs/SIG_TLS_59E4975B.out and proofs/PK_TLS_59E4975B.der
Signature verification succeeds
[TLS] Server time: 1619898016
[TLS] client_random  (32): CE3B354017C6DFAAD8E21B1F64F3518B3393DABB3E1B427BE1046C5E4D7906EE
[TLS] sign_hash (32): ED1F566BC861A8A9EC74DC52B5AF62F8FFBC10B9AFB74233DC63DA490E79910F
[TLS] Written transcript to proofs/MSG_TLS_CE3B3540.out, proofs/SIG_TLS_CE3B3540.out and proofs/PK_TLS_CE3B3540.der
Signature verification succeeds
[TLS] Server time: 1619898016
[TLS] client_random  (32): 6F7545702C74FD3107F567C34A8BF668A6A77FDCD8014CFAC1CBC34D2CD58B00
[TLS] sign_hash (32): BE42C3CAEE27A6669F9E7ED2D123137DE41C16CA164A509A7C851AA21DD40720
[TLS] Written transcript to proofs/MSG_TLS_6F754570.out, proofs/SIG_TLS_6F754570.out and proofs/PK_TLS_6F754570.der
Signature verification succeeds
[TLS] Server time: 1619898016
[TLS] client_random  (32): 0BC49068FC6ED4C7B3AA05A2D19F4F5A03716F57B8D0139A7FFADD6733204E0B
[TLS] sign_hash (32): 15DBB3DC43179BF73FA9B692F833C6C9AFFAC6F98612D04C96BA3EE5F31E4745
[TLS] Written transcript to proofs/MSG_TLS_0BC49068.out, proofs/SIG_TLS_0BC49068.out and proofs/PK_TLS_0BC49068.der
Signature verification succeeds
[TLS] Server time: 1619898016
[TLS] client_random  (32): B05180F21DFA69C1E4B6BF43045B5021AC0F2FDE299841623FA74F64963C6CD6
[TLS] sign_hash (32): 3F23E25DFA4C7D122DFAF83D05B7E3A619D0AC7D4F71AABA5EC4A4EEBB452D85
[TLS] Written transcript to proofs/MSG_TLS_B05180F2.out, proofs/SIG_TLS_B05180F2.out and proofs/PK_TLS_B05180F2.der
Signature verification succeeds
Time breakdown (averages): anchor_ping:9.469184 file_read:0.142135 hashing:0.471144
Total time for 113 rounds is 1148.793774ms
Standard deviations: anchor_ping:0.982941 file_read:0.012711 hashing:0.005452
[Client-side ops] mean:0.613279 sd:0.015489
in & out anchor rand written to proofs/phase1.out
     43 [TLS] Server time: 1619898015
     71 [TLS] Server time: 1619898016
Count is 43
Count is 71
success: 1
RESULT: 1 in 2 tries
