TLS anchor: gold.ac.uk
Actual: 55, Set: 113
Beginning execution at Thu Apr 29 13:10:01 UTC 2021
CONF: anchor:gold.ac.uk fs:1024MB n_rounds:113 seed:5c9f4bf9bbc15bb855f82faedc5a52fc3ab2dfa8ec3ba3ce1b270f31fa0cced2 filename:FILE bs:1024 nops:100 benchmarking:0 anchor_ping:1 queue_depth:32 direct:0
[TLS] Connecting to gold.ac.uk
[TLS] Server time: 1619701802
[TLS] client_random  (32): 5C9F4BF9BBC15BB855F82FAEDC5A52FC3AB2DFA8EC3BA3CE1B270F31FA0CCED2
[TLS] sign_hash (32): 8A5331111E66BA8059DC56BB3C8E8A4D6633EB3EA4612B0247C15A45761DB0A5
[TLS] Written transcript to proofs/MSG_TLS_5C9F4BF9.out, proofs/SIG_TLS_5C9F4BF9.out and proofs/PK_TLS_5C9F4BF9.der
Signature verification succeeds
[TLS] Server time: 1619701802
[TLS] client_random  (32): 48DE471A13D8AF020F05058F161D9FCCC59E01C1F0C9F7C813F8ED6C3FDA6E15
[TLS] sign_hash (32): DFD61626FF2C8D39B5015185D7B5C67590509A33ACDB05F364BDDF0CED89B05E
[TLS] Written transcript to proofs/MSG_TLS_48DE471A.out, proofs/SIG_TLS_48DE471A.out and proofs/PK_TLS_48DE471A.der
Signature verification succeeds
[TLS] Server time: 1619701802
[TLS] client_random  (32): 18044D6000FAE5ABECB740E1D2BCF93DDD61CD2B13598FA30FA7760EAE4457FB
[TLS] sign_hash (32): 0E9C9C45C9E2EDDED7D2C993C1D653FE92103DE61E0A1812E5FB0C12AEB7669B
[TLS] Written transcript to proofs/MSG_TLS_18044D60.out, proofs/SIG_TLS_18044D60.out and proofs/PK_TLS_18044D60.der
Signature verification succeeds
[TLS] Server time: 1619701802
[TLS] client_random  (32): 15FBCFACB23FA174218F9BBB44284575A4D69DC37B5B48F671968EA15EF023E5
[TLS] sign_hash (32): FF0E66B3B3D6E02B4B2AF8C004E3464D619DBE5772EA0FAAF8384995F902010D
[TLS] Written transcript to proofs/MSG_TLS_15FBCFAC.out, proofs/SIG_TLS_15FBCFAC.out and proofs/PK_TLS_15FBCFAC.der
Signature verification succeeds
[TLS] Server time: 1619701802
[TLS] client_random  (32): 6D4816EC32D2F303A929596B6F0163EF737746545F65695EEFE9566A42B84F37
[TLS] sign_hash (32): A5C129719F0D0E1F3F2985776B178C8D89D7AEED7036877F70E441C0BC82DC9B
[TLS] Written transcript to proofs/MSG_TLS_6D4816EC.out, proofs/SIG_TLS_6D4816EC.out and proofs/PK_TLS_6D4816EC.der
Signature verification succeeds
[TLS] Server time: 1619701802
[TLS] client_random  (32): A97B6ABCF1C14A5B0E9049D8599DAAD9150EAB37451D33E5A3651B583FE078F6
[TLS] sign_hash (32): 0D3123550DF7747A9FC39AD2B6CAFF765099B2771F78A7A8D1FC6F3AEC495142
[TLS] Written transcript to proofs/MSG_TLS_A97B6ABC.out, proofs/SIG_TLS_A97B6ABC.out and proofs/PK_TLS_A97B6ABC.der
Signature verification succeeds
[TLS] Server time: 1619701802
[TLS] client_random  (32): 58BF368B16ED18457B5D8808FBEA5AD55E279F320FBE451C4EFE28F7605DEFD4
[TLS] sign_hash (32): D967793C2EE2C88D2192049366CCCA886F2ECC3A0C832424D677133CA733E8F0
[TLS] Written transcript to proofs/MSG_TLS_58BF368B.out, proofs/SIG_TLS_58BF368B.out and proofs/PK_TLS_58BF368B.der
Signature verification succeeds
[TLS] Server time: 1619701802
[TLS] client_random  (32): BE143C6B83028B5CE2DB4BBFD2BC2C5D057627D74D1FF0D87FF8B91A99030ACC
[TLS] sign_hash (32): AEBDBCF74647F9174BACAD1A2DE361AEDD64570BDA64B634DAC5330FEE3F0242
[TLS] Written transcript to proofs/MSG_TLS_BE143C6B.out, proofs/SIG_TLS_BE143C6B.out and proofs/PK_TLS_BE143C6B.der
Signature verification succeeds
[TLS] Server time: 1619701802
[TLS] client_random  (32): 913AF849F672D2F37F0F8C661901C6AA3E1B013D40A42F4627E480BC09819EBD
[TLS] sign_hash (32): E9D9C881E066C7BCD7718FBDAC85C74834D9C56174F78C2FBD95BDCD9E95B4E2
[TLS] Written transcript to proofs/MSG_TLS_913AF849.out, proofs/SIG_TLS_913AF849.out and proofs/PK_TLS_913AF849.der
Signature verification succeeds
[TLS] Server time: 1619701802
[TLS] client_random  (32): 1E256D1CC6B092A3C2C69CC1FE84737FE50D8D1A7BB458332324D10A0930909D
[TLS] sign_hash (32): 409F7ADD12C0FFD4AF528BF027DFC241C065800E455BF79E0A3EF900637F2A0C
[TLS] Written transcript to proofs/MSG_TLS_1E256D1C.out, proofs/SIG_TLS_1E256D1C.out and proofs/PK_TLS_1E256D1C.der
Signature verification succeeds
[TLS] Server time: 1619701802
[TLS] client_random  (32): 416327EF389292984F491ED9CBAB995988963558305B23DE579B5C56F4DD2D69
[TLS] sign_hash (32): 65F2E1F48E595C9DAA45B0D1C80A6DDF41C0D533580E2FE1D5BF74D7E42AC44C
[TLS] Written transcript to proofs/MSG_TLS_416327EF.out, proofs/SIG_TLS_416327EF.out and proofs/PK_TLS_416327EF.der
Signature verification succeeds
[TLS] Server time: 1619701802
[TLS] client_random  (32): 458CCB6B513EAA9FBF55BA6B3BEBBCFE87E258C423E1877D251E835F92AB308E
[TLS] sign_hash (32): 43222E3E8B49D1E2B7A6BD2A37C51DF10412066F17C8F0752BAFC888DB52410A
[TLS] Written transcript to proofs/MSG_TLS_458CCB6B.out, proofs/SIG_TLS_458CCB6B.out and proofs/PK_TLS_458CCB6B.der
Signature verification succeeds
[TLS] Server time: 1619701802
[TLS] client_random  (32): 63A60E0AE51E8D4886CB4DA108333EAE6953022EA082D8086D3628BBA8F8C6A3
[TLS] sign_hash (32): 0769CD624D26ECADE59465683F8B59588A8DB4B4BA4811342DBC1B660FDF6C32
[TLS] Written transcript to proofs/MSG_TLS_63A60E0A.out, proofs/SIG_TLS_63A60E0A.out and proofs/PK_TLS_63A60E0A.der
Signature verification succeeds
[TLS] Server time: 1619701802
[TLS] client_random  (32): 93E4BDCDFD01E2E1B60DE2E762AE24F6D7B84FB3EF7964D4C8A90BDFB65F3E77
[TLS] sign_hash (32): 32CF7A9809059F1C6B61F5008A29A0C7A95310D7CA57E2B1A9FBB75EA2581C05
[TLS] Written transcript to proofs/MSG_TLS_93E4BDCD.out, proofs/SIG_TLS_93E4BDCD.out and proofs/PK_TLS_93E4BDCD.der
Signature verification succeeds
[TLS] Server time: 1619701802
[TLS] client_random  (32): 0315DE96672D2FCAD600B62E40B5F5753E3CC6C683D23641A09DAC7653323390
[TLS] sign_hash (32): 89D2AD39CF4DC1DEC1C56F103CB364EA6338899D19004BE628CE55477D1445C1
[TLS] Written transcript to proofs/MSG_TLS_0315DE96.out, proofs/SIG_TLS_0315DE96.out and proofs/PK_TLS_0315DE96.der
Signature verification succeeds
[TLS] Server time: 1619701802
[TLS] client_random  (32): 4E7E639C8202A5C58B83B7EBAC22760838F4AED69468374990A769F5D6898ED5
[TLS] sign_hash (32): F7B1524260B328CFF0AD0B46C1EF746DBBA13A94FC4133654B202DD5E067620C
[TLS] Written transcript to proofs/MSG_TLS_4E7E639C.out, proofs/SIG_TLS_4E7E639C.out and proofs/PK_TLS_4E7E639C.der
Signature verification succeeds
[TLS] Server time: 1619701802
[TLS] client_random  (32): 038DE8CB036499395F149BF12055255B231A3FF189378FAE486AF93DF3362867
[TLS] sign_hash (32): B432D7E910681A70D0FE71BDE23B1727C7C33D942B330071CD95C89596934C53
[TLS] Written transcript to proofs/MSG_TLS_038DE8CB.out, proofs/SIG_TLS_038DE8CB.out and proofs/PK_TLS_038DE8CB.der
Signature verification succeeds
[TLS] Server time: 1619701802
[TLS] client_random  (32): E9BD16E37A3483A41E51FECA31F88B869AFF56DAD4B66CFD469E877162CDF821
[TLS] sign_hash (32): 2644084A77F7685A78E9430B5F4035DAFA39CFE48C6DAA81147D0041990DC69D
[TLS] Written transcript to proofs/MSG_TLS_E9BD16E3.out, proofs/SIG_TLS_E9BD16E3.out and proofs/PK_TLS_E9BD16E3.der
Signature verification succeeds
[TLS] Server time: 1619701802
[TLS] client_random  (32): 162A369A2458FB0EA79AADAFE5C792172CED2DEBC2C4212DB97C538EFAF6F8F3
[TLS] sign_hash (32): C6EAE446C98539CDC069C46498582DE4BEC07EAF3574BC06A591940E0C9EAAD3
[TLS] Written transcript to proofs/MSG_TLS_162A369A.out, proofs/SIG_TLS_162A369A.out and proofs/PK_TLS_162A369A.der
Signature verification succeeds
[TLS] Server time: 1619701802
[TLS] client_random  (32): E2C8CE2803C8ACF074BEB72744A94AEE6960709707C74ADD1BD922E1A84FE8AE
[TLS] sign_hash (32): 630BDD5A4102792DD957AE5FBD3A13DC5D9228B98FACE47D645969BC8091C00A
[TLS] Written transcript to proofs/MSG_TLS_E2C8CE28.out, proofs/SIG_TLS_E2C8CE28.out and proofs/PK_TLS_E2C8CE28.der
Signature verification succeeds
[TLS] Server time: 1619701802
[TLS] client_random  (32): 6C2F5C358488CE353D2693DBF26E731C55EEC33ED145EA35582C857B4BAAE14D
[TLS] sign_hash (32): A0ED811F4053851FB8B5E5751FDF84BB7BB15251390CB50004A93BA25FDA4D12
[TLS] Written transcript to proofs/MSG_TLS_6C2F5C35.out, proofs/SIG_TLS_6C2F5C35.out and proofs/PK_TLS_6C2F5C35.der
Signature verification succeeds
[TLS] Server time: 1619701802
[TLS] client_random  (32): 53956FD28B9FA82A1EE3AFDD5EE6A6A33ECA408286D9E87EB50DB6BEC258D1B4
[TLS] sign_hash (32): 5D59AFED7FFDB6C0BD05F5C50AC74A1F364E526E93FD249A2DEF993526F600FA
[TLS] Written transcript to proofs/MSG_TLS_53956FD2.out, proofs/SIG_TLS_53956FD2.out and proofs/PK_TLS_53956FD2.der
Signature verification succeeds
[TLS] Server time: 1619701802
[TLS] client_random  (32): E573939FC2ABBAB08BF7B2DEE784B09930DFD26E845923670CB2E202B267D844
[TLS] sign_hash (32): 23AB3B69200FD9F600D62AFCED3BB6627B2853EC43AE01FA64B897E1B12F091C
[TLS] Written transcript to proofs/MSG_TLS_E573939F.out, proofs/SIG_TLS_E573939F.out and proofs/PK_TLS_E573939F.der
Signature verification succeeds
[TLS] Server time: 1619701802
[TLS] client_random  (32): D1AAA8C6728C2B02E73160E0563A0B07F0E23C7CBBB6EC2C6EA2D7952811C2F9
[TLS] sign_hash (32): 55BF8D089EFDE16BE25E2F6C4C0AA17FF70EF67258B6522D08C384DD1FEAAD3C
[TLS] Written transcript to proofs/MSG_TLS_D1AAA8C6.out, proofs/SIG_TLS_D1AAA8C6.out and proofs/PK_TLS_D1AAA8C6.der
Signature verification succeeds
[TLS] Server time: 1619701802
[TLS] client_random  (32): EAB4AA535DC193BF6E1538F1F208B459BDE7321A3086DFA49FDFC4333C913F6A
[TLS] sign_hash (32): 7A38E8CFEE726EDAFA0E2715D34E427D385F35F6C3B9DE531051D054B899C2DC
[TLS] Written transcript to proofs/MSG_TLS_EAB4AA53.out, proofs/SIG_TLS_EAB4AA53.out and proofs/PK_TLS_EAB4AA53.der
Signature verification succeeds
[TLS] Server time: 1619701802
[TLS] client_random  (32): 0C8D93CC8B98DE5A502E9EC997C3BB2EAD0766105392F5045285D4E52621F3F3
[TLS] sign_hash (32): C3BC26349E9572EA995D52B9D19A3F61C90EA39D3EAB377B87D1127BBE151BC9
[TLS] Written transcript to proofs/MSG_TLS_0C8D93CC.out, proofs/SIG_TLS_0C8D93CC.out and proofs/PK_TLS_0C8D93CC.der
Signature verification succeeds
[TLS] Server time: 1619701802
[TLS] client_random  (32): 251C15FAB9D5A370F44AD2B6EC7D9E140F48FA361C351CB2FC9977B247700788
[TLS] sign_hash (32): 5827D63F5C732FB7BA8C921C3BA4259740D283EDDE26ECA91C48A5F95A3D6616
[TLS] Written transcript to proofs/MSG_TLS_251C15FA.out, proofs/SIG_TLS_251C15FA.out and proofs/PK_TLS_251C15FA.der
Signature verification succeeds
[TLS] Server time: 1619701802
[TLS] client_random  (32): 6F7E684BAAF7A311D07B04A0C21506AA288D2AAB6E1FD2F3B343CDCF187E3A05
[TLS] sign_hash (32): 45DDF799C5BED42D4978EADC762D7B1182BCD7E45A295A13A056EFEFCF112642
[TLS] Written transcript to proofs/MSG_TLS_6F7E684B.out, proofs/SIG_TLS_6F7E684B.out and proofs/PK_TLS_6F7E684B.der
Signature verification succeeds
[TLS] Server time: 1619701802
[TLS] client_random  (32): F450164F92122A3556C9700E0FE0A0D847DB51B88DDBC518E6EB5F6D09D4D891
[TLS] sign_hash (32): ED62746E00D21DED4EA284F57E7A0E5906EC55E6BB6960627805DCC21D813A7E
[TLS] Written transcript to proofs/MSG_TLS_F450164F.out, proofs/SIG_TLS_F450164F.out and proofs/PK_TLS_F450164F.der
Signature verification succeeds
[TLS] Server time: 1619701802
[TLS] client_random  (32): E25A06600AE48BD26CBE129D9CA0FCF0A0E5CA36F5627C7F321D409107332C8A
[TLS] sign_hash (32): A002788D1345959EE4CC574659D289C9943C807CE4EAAD1BCF717AB5495B79C2
[TLS] Written transcript to proofs/MSG_TLS_E25A0660.out, proofs/SIG_TLS_E25A0660.out and proofs/PK_TLS_E25A0660.der
Signature verification succeeds
[TLS] Server time: 1619701802
[TLS] client_random  (32): 5312E0698570F21B69E7C91F7051B3E909BCB658FDC003FE6D7AF1E0824C6FBC
[TLS] sign_hash (32): CB1010F090985D14E281F202542D6DE8389057E59C4E5AE23F5C3A2B3855C03E
[TLS] Written transcript to proofs/MSG_TLS_5312E069.out, proofs/SIG_TLS_5312E069.out and proofs/PK_TLS_5312E069.der
Signature verification succeeds
[TLS] Server time: 1619701802
[TLS] client_random  (32): 3A0A1302D767D36A4E10394BF4E06C675E0063133B76B67FFF0E77D5B8708677
[TLS] sign_hash (32): 09CB0390A653BCB9AC0DB4036A4C49F85A3C8698F8C298C7A09A9DA5446DFFF9
[TLS] Written transcript to proofs/MSG_TLS_3A0A1302.out, proofs/SIG_TLS_3A0A1302.out and proofs/PK_TLS_3A0A1302.der
Signature verification succeeds
[TLS] Server time: 1619701802
[TLS] client_random  (32): 88A443DA2C591A8B5674CD74E3278D360F1E47B852333E3FE5624D51C25D0FFD
[TLS] sign_hash (32): 13899A6FA760AA3A4E05228C53E6B665D92CBB55D138AB39FE784274D3BA33A7
[TLS] Written transcript to proofs/MSG_TLS_88A443DA.out, proofs/SIG_TLS_88A443DA.out and proofs/PK_TLS_88A443DA.der
Signature verification succeeds
[TLS] Server time: 1619701802
[TLS] client_random  (32): 24C4696979F192FD479868047FEEB9266CDF5D7AF00C91F5543D6E5F07F90B19
[TLS] sign_hash (32): 1C6BAE857C9560ED7CEB6164346A5E1ADFB39656558AFEF151A5A922CAA93462
[TLS] Written transcript to proofs/MSG_TLS_24C46969.out, proofs/SIG_TLS_24C46969.out and proofs/PK_TLS_24C46969.der
Signature verification succeeds
[TLS] Server time: 1619701802
[TLS] client_random  (32): 93554E53E3F1488277D8893371C4E882222820EF75AC0897AA82BAB152AC1BB0
[TLS] sign_hash (32): E4A828929A47643AF3F06A093ABD385F7FD899C1C4A6F9A8D78C0B5DFAF7E5FA
[TLS] Written transcript to proofs/MSG_TLS_93554E53.out, proofs/SIG_TLS_93554E53.out and proofs/PK_TLS_93554E53.der
Signature verification succeeds
[TLS] Server time: 1619701802
[TLS] client_random  (32): D205DDE5FC6F77B853FB09CD100F435EA0DFCD5B5EDC9A04F5CD6391EF2D9DFC
[TLS] sign_hash (32): B25A244413F309B8ADDBD52A0E90A21296A9DB2C5B0F09B18283C09138569133
[TLS] Written transcript to proofs/MSG_TLS_D205DDE5.out, proofs/SIG_TLS_D205DDE5.out and proofs/PK_TLS_D205DDE5.der
Signature verification succeeds
[TLS] Server time: 1619701802
[TLS] client_random  (32): 8A86443296DE644EB92B37F9F2AF65B6AD3764A603FD3D340B4FCEA1F8471E19
[TLS] sign_hash (32): 8E396EE67E39D126C0AB2E091E5B8A05BB7778B852D69C6057835CB1AB901AEB
[TLS] Written transcript to proofs/MSG_TLS_8A864432.out, proofs/SIG_TLS_8A864432.out and proofs/PK_TLS_8A864432.der
Signature verification succeeds
[TLS] Server time: 1619701802
[TLS] client_random  (32): 810AE2A2CEB3C2FE6BAEB4B2C0C14E6A2A27BA5A99935951E9C0FAD25B665132
[TLS] sign_hash (32): 2E34C8891AB02847EB88667159CA6B00B6394C7A2D4F90838B4ED3B16821AB94
[TLS] Written transcript to proofs/MSG_TLS_810AE2A2.out, proofs/SIG_TLS_810AE2A2.out and proofs/PK_TLS_810AE2A2.der
Signature verification succeeds
[TLS] Server time: 1619701802
[TLS] client_random  (32): 051A01088855BA09F3528150AA2A3DFC391F6B6C04865DA8C21B1F9333CB7161
[TLS] sign_hash (32): 41B1495540FD954F310D3143C5D4F371FBF6AEACF71BC98755871BA1C2761006
[TLS] Written transcript to proofs/MSG_TLS_051A0108.out, proofs/SIG_TLS_051A0108.out and proofs/PK_TLS_051A0108.der
Signature verification succeeds
[TLS] Server time: 1619701802
[TLS] client_random  (32): B6E67A97E1C8F16771FBAE67D9FF3DAC543FEB9F3DF452F2F347C799028E6826
[TLS] sign_hash (32): 0B7C05D8FB684618A5D16DBAD82D0E91E6B9EBB8C61538C295A0946CC797FFB1
[TLS] Written transcript to proofs/MSG_TLS_B6E67A97.out, proofs/SIG_TLS_B6E67A97.out and proofs/PK_TLS_B6E67A97.der
Signature verification succeeds
[TLS] Server time: 1619701802
[TLS] client_random  (32): 9628E3E1B581DB6198DA24458BEB58BBB1363FA898BF5BA9927CB096A8B82932
[TLS] sign_hash (32): 372800DC7B00EE358B7083B945432EA1199F3A1EA1D8E76CCF00E7F9522258F8
[TLS] Written transcript to proofs/MSG_TLS_9628E3E1.out, proofs/SIG_TLS_9628E3E1.out and proofs/PK_TLS_9628E3E1.der
Signature verification succeeds
[TLS] Server time: 1619701802
[TLS] client_random  (32): 7E104D5F8B776351451558ADFC7FD90EA528D72DAC8CBAC881445BBC6474C893
[TLS] sign_hash (32): 043334171C33F74B8814B08353A59A0C1218D9626DB16B19C4F65B768D23A250
[TLS] Written transcript to proofs/MSG_TLS_7E104D5F.out, proofs/SIG_TLS_7E104D5F.out and proofs/PK_TLS_7E104D5F.der
Signature verification succeeds
[TLS] Server time: 1619701802
[TLS] client_random  (32): 7C98659FC145F21CC50923C526B210843156496D2AE25DA49DA8E5AD64AF619A
[TLS] sign_hash (32): 7EABFF31CDE89EA7EE6BF6E777DC3FEA04918A4B95C327FA1129EEDAC7450AF5
[TLS] Written transcript to proofs/MSG_TLS_7C98659F.out, proofs/SIG_TLS_7C98659F.out and proofs/PK_TLS_7C98659F.der
Signature verification succeeds
[TLS] Server time: 1619701802
[TLS] client_random  (32): CE6AAC9A114519CBBC69155051A5BEB9714D63CC7C44EEE3C074C4B2338E3872
[TLS] sign_hash (32): EFB6BFA099AE24B9059A3B94557DC4ACCA77784D8010C26FA0B706E850D7FB2D
[TLS] Written transcript to proofs/MSG_TLS_CE6AAC9A.out, proofs/SIG_TLS_CE6AAC9A.out and proofs/PK_TLS_CE6AAC9A.der
Signature verification succeeds
[TLS] Server time: 1619701803
[TLS] client_random  (32): C4FCB324FFC1251B5CEABE644C4EA3D7C38D9E847A629B36EF1CBF9D8FBD0E81
[TLS] sign_hash (32): 6BCD6E3D4DB4D9A912082ED9205788F6497AC785001A4B1B75619E0ED9A98FB3
[TLS] Written transcript to proofs/MSG_TLS_C4FCB324.out, proofs/SIG_TLS_C4FCB324.out and proofs/PK_TLS_C4FCB324.der
Signature verification succeeds
[TLS] Server time: 1619701803
[TLS] client_random  (32): 8BBB87E96C2CE067E88647CDEBDF4BBAFE12E6924F9FB677221DECF5FCABF782
[TLS] sign_hash (32): F56BC3B263BC1CC16AE041B26EBED2FDC4905CC35741E68CA3D6C5A4286E4F68
[TLS] Written transcript to proofs/MSG_TLS_8BBB87E9.out, proofs/SIG_TLS_8BBB87E9.out and proofs/PK_TLS_8BBB87E9.der
Signature verification succeeds
[TLS] Server time: 1619701803
[TLS] client_random  (32): AE15AD0F35EAA2FF8CC9EBBEFC3294EBA81140574266559ADCBB866D04DD49D3
[TLS] sign_hash (32): 8947E55BC74AB1539D7E7A6FCA85B0B8A4A7A8AA190C51FF46E36F75A513E69C
[TLS] Written transcript to proofs/MSG_TLS_AE15AD0F.out, proofs/SIG_TLS_AE15AD0F.out and proofs/PK_TLS_AE15AD0F.der
Signature verification succeeds
[TLS] Server time: 1619701803
[TLS] client_random  (32): 0AB61A98CCD42DE8E6C73A1317F4BA869230F713B0E1E2853CBA70E9747A318B
[TLS] sign_hash (32): 6C17D57C5C17E702DCAD401298F1C50372749A3687511301DB80532159CE8F1F
[TLS] Written transcript to proofs/MSG_TLS_0AB61A98.out, proofs/SIG_TLS_0AB61A98.out and proofs/PK_TLS_0AB61A98.der
Signature verification succeeds
[TLS] Server time: 1619701805
[TLS] client_random  (32): 813732BF0DD4726ED0C8CF2790260CC413D5A221CE4D169752BFA26EACB13393
[TLS] sign_hash (32): 8EB28B6FDF7A3169F406F3B1235303E7C2115DB5A6804C82C0955B9D7266BFB1
[TLS] Written transcript to proofs/MSG_TLS_813732BF.out, proofs/SIG_TLS_813732BF.out and proofs/PK_TLS_813732BF.der
Signature verification succeeds
[TLS] Server time: 1619701805
[TLS] client_random  (32): FFA02BD3A75CC4CEE8389FE2899088F6C23EFDFA859BC7F3C3FBB0BD695296BB
[TLS] sign_hash (32): ADC5437726625F79E819AA4D31CA356854DF5ED7DD83E1696C3BD668E1FA1C5E
[TLS] Written transcript to proofs/MSG_TLS_FFA02BD3.out, proofs/SIG_TLS_FFA02BD3.out and proofs/PK_TLS_FFA02BD3.der
Signature verification succeeds
[TLS] Server time: 1619701806
[TLS] client_random  (32): 301807089D1206D8B95D52E0B43A748C4AE0DFBF3D4F38599AB736C78F004866
[TLS] sign_hash (32): 7597C3923ECA24A6A99BEB83A80BB5AB096A9EFB24F6629858501CDBB7BCB93A
[TLS] Written transcript to proofs/MSG_TLS_30180708.out, proofs/SIG_TLS_30180708.out and proofs/PK_TLS_30180708.der
Signature verification succeeds
[TLS] Server time: 1619701806
[TLS] client_random  (32): 6919E5C1762E73A865B9A9FA95A66DC6D42D6E3152B2E949D6CFA02936638B00
[TLS] sign_hash (32): 56B5EDCFA33A7E8EA73FD522BDB761C11A520355B26381A01CD3822AFDF5D7A6
[TLS] Written transcript to proofs/MSG_TLS_6919E5C1.out, proofs/SIG_TLS_6919E5C1.out and proofs/PK_TLS_6919E5C1.der
Signature verification succeeds
[TLS] Server time: 1619701806
[TLS] client_random  (32): 6C5C09980E2EAB0D1B9B3C6C3EDB503BB92F38A8D0790B7DC0900C03B00672C5
[TLS] sign_hash (32): 677CA40607F5924897F35B11A263FF00F02468677E933250787DACA9F3C7AF91
[TLS] Written transcript to proofs/MSG_TLS_6C5C0998.out, proofs/SIG_TLS_6C5C0998.out and proofs/PK_TLS_6C5C0998.der
Signature verification succeeds
[TLS] Server time: 1619701806
[TLS] client_random  (32): C5A68008B19CEFB29EE5AA9BE8A0C55FA698EBA2FD85270B1487FC415B46E7DC
[TLS] sign_hash (32): 670AA76BDCC838E7C5DF31D10D377E8049FEE4448031FEE8E9D3FC70329FDF07
[TLS] Written transcript to proofs/MSG_TLS_C5A68008.out, proofs/SIG_TLS_C5A68008.out and proofs/PK_TLS_C5A68008.der
Signature verification succeeds
[TLS] Server time: 1619701806
[TLS] client_random  (32): 94C14BC38745CAEA7BF2A625D9394FE4830220B3DD4292575898C00D17CA1D64
[TLS] sign_hash (32): FF0FB77583D584B62CA2FCDC0DBC6B96E15648D744A41CB23A67007260814084
[TLS] Written transcript to proofs/MSG_TLS_94C14BC3.out, proofs/SIG_TLS_94C14BC3.out and proofs/PK_TLS_94C14BC3.der
Signature verification succeeds
[TLS] Server time: 1619701807
[TLS] client_random  (32): 3E60365E655A40D8808E83A51A80D143FF2DE162F35C8EC240DF2FDDCBAD86FA
[TLS] sign_hash (32): 4D722C2A0580FC51785A89C787EFB941E1E5C935BA59F077F18B08CB3BB85E7F
[TLS] Written transcript to proofs/MSG_TLS_3E60365E.out, proofs/SIG_TLS_3E60365E.out and proofs/PK_TLS_3E60365E.der
Signature verification succeeds
[TLS] Server time: 1619701807
[TLS] client_random  (32): C81F3C7FB07D6BAA6156CB8CDB70D01D31171F073825305830FA8DB7A39664D5
[TLS] sign_hash (32): B7CD37FD3ADCEFE929EB0CCBECA4246778EE0052BD5B5B6ABD4EF4DD4C4A1425
[TLS] Written transcript to proofs/MSG_TLS_C81F3C7F.out, proofs/SIG_TLS_C81F3C7F.out and proofs/PK_TLS_C81F3C7F.der
Signature verification succeeds
[TLS] Server time: 1619701807
[TLS] client_random  (32): D25551FA86DC06E99F970661D87221CCCB536B58398D376AC6B32F8BC4413AA6
[TLS] sign_hash (32): 0358081608D5742B531886C898E4C8143CF18B86C9AACEA5728E334E87F87D5E
[TLS] Written transcript to proofs/MSG_TLS_D25551FA.out, proofs/SIG_TLS_D25551FA.out and proofs/PK_TLS_D25551FA.der
Signature verification succeeds
[TLS] Server time: 1619701807
[TLS] client_random  (32): 99FFE69969F07C790C498A5A30AB012B1C294C437A45FABB2BDF6F2D3FAB905D
[TLS] sign_hash (32): 2ED19AC49619E9BE4FFDF266A73F887720EFE1DF6CA3247205151F959FBE05F0
[TLS] Written transcript to proofs/MSG_TLS_99FFE699.out, proofs/SIG_TLS_99FFE699.out and proofs/PK_TLS_99FFE699.der
Signature verification succeeds
[TLS] Server time: 1619701807
[TLS] client_random  (32): 1557056AA1C272B43ACBCBC35659F353E077173864AB70622C922AC0544BE424
[TLS] sign_hash (32): 0768875C2F388B27587B9C4C2F400B6640A5F7DEED9A9629C170B5EC0A39D67F
[TLS] Written transcript to proofs/MSG_TLS_1557056A.out, proofs/SIG_TLS_1557056A.out and proofs/PK_TLS_1557056A.der
Signature verification succeeds
[TLS] Server time: 1619701807
[TLS] client_random  (32): 5B773237B731BD871FD83915E6FBE35564586C6FDB52ACB3C144280B7C938603
[TLS] sign_hash (32): F3CA2F4209E7509BCF1E4B134ED9AEAC76001929EF478FDFBE73DEF923D837E3
[TLS] Written transcript to proofs/MSG_TLS_5B773237.out, proofs/SIG_TLS_5B773237.out and proofs/PK_TLS_5B773237.der
Signature verification succeeds
[TLS] Server time: 1619701807
[TLS] client_random  (32): 93238630BE213E96B701FD90516EF89E718A49DDEC6F487D2F2AC94956DEDFE7
[TLS] sign_hash (32): C11113C1B5B53DEAA7874B5C4F3B24078B16D74B5121B12E8D56A488C7D29C85
[TLS] Written transcript to proofs/MSG_TLS_93238630.out, proofs/SIG_TLS_93238630.out and proofs/PK_TLS_93238630.der
Signature verification succeeds
[TLS] Server time: 1619701807
[TLS] client_random  (32): 0EF4B7C43B99EEB5888B6DC323DE4D4074587BCA6F526B0391E15BB30B246501
[TLS] sign_hash (32): B35D77D744D98E38D8017ECB7BD5B2DA09B6771878EA2983F8BFC9C9A38EFDD2
[TLS] Written transcript to proofs/MSG_TLS_0EF4B7C4.out, proofs/SIG_TLS_0EF4B7C4.out and proofs/PK_TLS_0EF4B7C4.der
Signature verification succeeds
[TLS] Server time: 1619701807
[TLS] client_random  (32): 5F66CDF385A78E21CE8573642FFAA48AC0FA3ED873FDEE971C6338235921BB80
[TLS] sign_hash (32): 83DE346DB0087F8D67DC691212CBD2FE0D87C4ABBF4CB44E3D049C3EA29C6ECF
[TLS] Written transcript to proofs/MSG_TLS_5F66CDF3.out, proofs/SIG_TLS_5F66CDF3.out and proofs/PK_TLS_5F66CDF3.der
Signature verification succeeds
[TLS] Server time: 1619701807
[TLS] client_random  (32): EEC169569E86D6C786F1162E0A0C337C6F43A257CA00F6E6CA824A7A40CE9860
[TLS] sign_hash (32): 5EDC6FFA89BFB68EFB7061AD9075AD3DF959AEDDA2FD0ED184C98D604DDFFE6A
[TLS] Written transcript to proofs/MSG_TLS_EEC16956.out, proofs/SIG_TLS_EEC16956.out and proofs/PK_TLS_EEC16956.der
Signature verification succeeds
[TLS] Server time: 1619701807
[TLS] client_random  (32): 4DD2B613F7322662951ABFDE8424CBA0909C799D2C9A454EB23DBFFFF92E31BD
[TLS] sign_hash (32): 04EE93A52D99AB47E1000FA32ADC0FA0EA0EE9834B28565CA81F5BDF363D7168
[TLS] Written transcript to proofs/MSG_TLS_4DD2B613.out, proofs/SIG_TLS_4DD2B613.out and proofs/PK_TLS_4DD2B613.der
Signature verification succeeds
[TLS] Server time: 1619701807
[TLS] client_random  (32): 9AF80628C76BBC817F2BADC5CBCF928FA1E2D508E3EFF3A138D24BEF29FC5262
[TLS] sign_hash (32): D543D2B65D28E66E79ACA19DDFBED0652F43F6430BD10D86E91907495DACA9F2
[TLS] Written transcript to proofs/MSG_TLS_9AF80628.out, proofs/SIG_TLS_9AF80628.out and proofs/PK_TLS_9AF80628.der
Signature verification succeeds
[TLS] Server time: 1619701807
[TLS] client_random  (32): CC428A9B69B9CA83035733FAC151974D8E07CA502F0AD81F504D67A99E9930F2
[TLS] sign_hash (32): 83931EA54D972137A892810DD57C012A474081284E9238AE8A20907F196DAB10
[TLS] Written transcript to proofs/MSG_TLS_CC428A9B.out, proofs/SIG_TLS_CC428A9B.out and proofs/PK_TLS_CC428A9B.der
Signature verification succeeds
[TLS] Server time: 1619701808
[TLS] client_random  (32): DB5F16BCD05279C042EE1E535F727D1F5A1D076C4BB92531FA314EFC178EEF78
[TLS] sign_hash (32): 5A81D0EF9AD3D7065B1D50317383B4FE99129DD4124AEA500464456967AD7E38
[TLS] Written transcript to proofs/MSG_TLS_DB5F16BC.out, proofs/SIG_TLS_DB5F16BC.out and proofs/PK_TLS_DB5F16BC.der
Signature verification succeeds
[TLS] Server time: 1619701808
[TLS] client_random  (32): AFA716143872EE861E3EE99B016D255DB0D0DFA27FD698D9D16B935D1DF8EF29
[TLS] sign_hash (32): 26006DDF237453A734FBA40437BF31082201F7E8DC145CA67E78A3CDB35E47F6
[TLS] Written transcript to proofs/MSG_TLS_AFA71614.out, proofs/SIG_TLS_AFA71614.out and proofs/PK_TLS_AFA71614.der
Signature verification succeeds
[TLS] Server time: 1619701808
[TLS] client_random  (32): 33D1B241CA97FE7EE7658A20BB8B14B41579C60A2E37DB0F1FC320C475B50B49
[TLS] sign_hash (32): C7EB43AB29CDB2176BCECFE5422EB058D729CE0273A2B412E83F71BE93C462C1
[TLS] Written transcript to proofs/MSG_TLS_33D1B241.out, proofs/SIG_TLS_33D1B241.out and proofs/PK_TLS_33D1B241.der
Signature verification succeeds
[TLS] Server time: 1619701808
[TLS] client_random  (32): DBDAE1D992905C1EA6ECF8F346D5C213AAEDEC0E657421DEA1BDE50E0EE3BCB2
[TLS] sign_hash (32): 6B19B745AF0C7AB08E5FDF8E83935A6137229D7F2D8757C8F6CEC2F9140A4AD3
[TLS] Written transcript to proofs/MSG_TLS_DBDAE1D9.out, proofs/SIG_TLS_DBDAE1D9.out and proofs/PK_TLS_DBDAE1D9.der
Signature verification succeeds
[TLS] Server time: 1619701808
[TLS] client_random  (32): BD867AA78BF73AF1ACB5A8D526B8712871C04150D5F529103B39A936BDE95401
[TLS] sign_hash (32): 415671D4C385C3C30174715EE43C222650819A735370DADD2DDC035B12DD7101
[TLS] Written transcript to proofs/MSG_TLS_BD867AA7.out, proofs/SIG_TLS_BD867AA7.out and proofs/PK_TLS_BD867AA7.der
Signature verification succeeds
[TLS] Server time: 1619701808
[TLS] client_random  (32): 846D575E3C51D8D88A8D3C5EF18FFCB5F14D2FFF7D3C896799D13A604B222A1A
[TLS] sign_hash (32): 7FF15D237BDFC7F4507AF75974A5F7F47AAD9A2A7B4EC27A2BEF62EC3A369E7A
[TLS] Written transcript to proofs/MSG_TLS_846D575E.out, proofs/SIG_TLS_846D575E.out and proofs/PK_TLS_846D575E.der
Signature verification succeeds
[TLS] Server time: 1619701808
[TLS] client_random  (32): 3FBB9C9767DB049D8ADBE02678EE838505DF162B0C137F418C0445A06B7E6457
[TLS] sign_hash (32): 4F001B187677120B10BC0465B5F921F97323AA4F558F8AE5F08661659621F268
[TLS] Written transcript to proofs/MSG_TLS_3FBB9C97.out, proofs/SIG_TLS_3FBB9C97.out and proofs/PK_TLS_3FBB9C97.der
Signature verification succeeds
[TLS] Server time: 1619701808
[TLS] client_random  (32): F35A0510B8FBF1B1A96F67AE81122B9D87A1552676461228C5F88D56B60AD854
[TLS] sign_hash (32): 4AC99488183E712825A3789C3BD4B6A03D5D070870C841171C4AD50100D2549D
[TLS] Written transcript to proofs/MSG_TLS_F35A0510.out, proofs/SIG_TLS_F35A0510.out and proofs/PK_TLS_F35A0510.der
Signature verification succeeds
[TLS] Server time: 1619701808
[TLS] client_random  (32): 4EB5ED5E91A5662FE69114AD6D40E0784D42E44E13A7370FCB127E51172BD0C0
[TLS] sign_hash (32): 2929DEEE0D25EE3A1118C55470DEB87E9BC036F9A1A35950F07DDDED6664F124
[TLS] Written transcript to proofs/MSG_TLS_4EB5ED5E.out, proofs/SIG_TLS_4EB5ED5E.out and proofs/PK_TLS_4EB5ED5E.der
Signature verification succeeds
[TLS] Server time: 1619701808
[TLS] client_random  (32): 4430636C6FC831505847677CE42FE73F9A7DC9C38474EFF6065E0FC0D4905939
[TLS] sign_hash (32): AEFADEE072F937C14908D5169774CC815C297B9AEA9C077E295AE774B84E9321
[TLS] Written transcript to proofs/MSG_TLS_4430636C.out, proofs/SIG_TLS_4430636C.out and proofs/PK_TLS_4430636C.der
Signature verification succeeds
[TLS] Server time: 1619701808
[TLS] client_random  (32): 7B20F3BEC55A1F6EF70B048A81C4A4471EC601D12BA991833BAAF8C140B2F775
[TLS] sign_hash (32): 1F32076C5AFE8DD01E5E8E7E569C00B0F747A8250E38974EEB5F5B86AD27B87F
[TLS] Written transcript to proofs/MSG_TLS_7B20F3BE.out, proofs/SIG_TLS_7B20F3BE.out and proofs/PK_TLS_7B20F3BE.der
Signature verification succeeds
[TLS] Server time: 1619701808
[TLS] client_random  (32): 96121F2419784E984098A4B5BE6029D65ACF4F112C9D0056210722A4CB17B467
[TLS] sign_hash (32): 7851855590617CD576E8CB040218EAB655EA34BEF695B9DFD1B414AC67A27B6D
[TLS] Written transcript to proofs/MSG_TLS_96121F24.out, proofs/SIG_TLS_96121F24.out and proofs/PK_TLS_96121F24.der
Signature verification succeeds
[TLS] Server time: 1619701808
[TLS] client_random  (32): 9AE4CFBB86A706A3C8905A59291043D5CBFAFF4C7FE818F598D05C9D8FDC4294
[TLS] sign_hash (32): 0B717416B32D0C5FD101B83B5DE6E905C2FCA76A4782F5936C2A7550CD5EF041
[TLS] Written transcript to proofs/MSG_TLS_9AE4CFBB.out, proofs/SIG_TLS_9AE4CFBB.out and proofs/PK_TLS_9AE4CFBB.der
Signature verification succeeds
[TLS] Server time: 1619701808
[TLS] client_random  (32): DCA79C201E539F2C9C04323AB3068D344E4E3BF691028A59870EF36A6C5409F5
[TLS] sign_hash (32): 97C01621289D89D3A041F5062CE39BF4F0B8A7F59674530C4B38EF14884BF02F
[TLS] Written transcript to proofs/MSG_TLS_DCA79C20.out, proofs/SIG_TLS_DCA79C20.out and proofs/PK_TLS_DCA79C20.der
Signature verification succeeds
[TLS] Server time: 1619701808
[TLS] client_random  (32): F99BDD631714E611013F4D793B0B44FF5E07FB4AC737F64ADF5BCD3E5234F316
[TLS] sign_hash (32): 5B6170924B6D9EB1C229934EDD1383059391A74BF71F01397D672D187D1ECF6F
[TLS] Written transcript to proofs/MSG_TLS_F99BDD63.out, proofs/SIG_TLS_F99BDD63.out and proofs/PK_TLS_F99BDD63.der
Signature verification succeeds
[TLS] Server time: 1619701808
[TLS] client_random  (32): A29F5E642FBD99DD6A0452D21735C15F1E785EA671CCDD6A97D8A2C8BB482D23
[TLS] sign_hash (32): 3BEEF5E2C6EEE15103BF4609C082B7D1E5EF2A38580FA64107BE3064BE3386B1
[TLS] Written transcript to proofs/MSG_TLS_A29F5E64.out, proofs/SIG_TLS_A29F5E64.out and proofs/PK_TLS_A29F5E64.der
Signature verification succeeds
[TLS] Server time: 1619701808
[TLS] client_random  (32): 455DBFD8F72682B8580255D5A3D2B379D644412B5999444FBC4858D7E0795AC7
[TLS] sign_hash (32): D695F5236A6E9D71F16A38F0ED442AB9AA9AB7C10D27A2C69758535616B55EED
[TLS] Written transcript to proofs/MSG_TLS_455DBFD8.out, proofs/SIG_TLS_455DBFD8.out and proofs/PK_TLS_455DBFD8.der
Signature verification succeeds
[TLS] Server time: 1619701808
[TLS] client_random  (32): 6DB38A064C89F8EBAF1E0D32ED868FBF97DBBA8239F388A3D0DD72F5B9483C44
[TLS] sign_hash (32): B201EB2D57128DFBC35E5C66E49EEE16DD0707B98D65AEC02180B5B1CCF1A19E
[TLS] Written transcript to proofs/MSG_TLS_6DB38A06.out, proofs/SIG_TLS_6DB38A06.out and proofs/PK_TLS_6DB38A06.der
Signature verification succeeds
[TLS] Server time: 1619701808
[TLS] client_random  (32): 5AE9246D3EC9BCDF6002CB05A756EDA14E2F3BFAA0B565FB31FD51E59103CB6E
[TLS] sign_hash (32): 860FDA057E7F332ED6E1C3019070F5178C01B0F4128BFD892A8AA8153583266C
[TLS] Written transcript to proofs/MSG_TLS_5AE9246D.out, proofs/SIG_TLS_5AE9246D.out and proofs/PK_TLS_5AE9246D.der
Signature verification succeeds
[TLS] Server time: 1619701808
[TLS] client_random  (32): AF1D9ED957EEF7FFE542D1568CEAD2EC4A88C7C676BAAAE857776F9CB48678D5
[TLS] sign_hash (32): A2C33CC2CD8FAB52BD1BD742EA95E056B34EA3DFE362CCF890C482899CC24ECB
[TLS] Written transcript to proofs/MSG_TLS_AF1D9ED9.out, proofs/SIG_TLS_AF1D9ED9.out and proofs/PK_TLS_AF1D9ED9.der
Signature verification succeeds
[TLS] Server time: 1619701808
[TLS] client_random  (32): 13FCA0DD514B9E27948AC4029EC1BB8B2E01056A44483DA31394BE54188B0CA8
[TLS] sign_hash (32): 64586F340CDCE1014092125F580C3180E36639F4D9926A8FBB5FFABC5BFBE609
[TLS] Written transcript to proofs/MSG_TLS_13FCA0DD.out, proofs/SIG_TLS_13FCA0DD.out and proofs/PK_TLS_13FCA0DD.der
Signature verification succeeds
[TLS] Server time: 1619701808
[TLS] client_random  (32): 43B0CBF8A643723FBBE75F346C68F34E53DBFA1822208727BBCCC7C5D15B3199
[TLS] sign_hash (32): 658053B2AC95B2DA7351FA4C1E94894C01EA34A4F71E5B41E534AA6A7F6C94E6
[TLS] Written transcript to proofs/MSG_TLS_43B0CBF8.out, proofs/SIG_TLS_43B0CBF8.out and proofs/PK_TLS_43B0CBF8.der
Signature verification succeeds
[TLS] Server time: 1619701808
[TLS] client_random  (32): 5FBE1034661812D5602360C23DAE20DEB4A973A2C7C86ED85B63EB8C33990DE7
[TLS] sign_hash (32): 33EDD043FBD413868A917ACB7F36A45D0AE8C818C7BC319B923F4F3A19D80473
[TLS] Written transcript to proofs/MSG_TLS_5FBE1034.out, proofs/SIG_TLS_5FBE1034.out and proofs/PK_TLS_5FBE1034.der
Signature verification succeeds
[TLS] Server time: 1619701808
[TLS] client_random  (32): 35EA4CF0F68510D9B5CFCFE8C6637703F40754A47F67860E12FDAE8E85085245
[TLS] sign_hash (32): 416542E973F7BDED3A2E076C9A181F281BEAA687DE92081253F94BA01CFD88E2
[TLS] Written transcript to proofs/MSG_TLS_35EA4CF0.out, proofs/SIG_TLS_35EA4CF0.out and proofs/PK_TLS_35EA4CF0.der
Signature verification succeeds
[TLS] Server time: 1619701808
[TLS] client_random  (32): 22F9DB988846C12B34ED02BF748FC2C7EC312D9CDE3E48D27E3481146F34F70D
[TLS] sign_hash (32): 1BF583427F339DA902DCD8F32EC2A6AEA9325B303AD221DDB1B7627F4FD6BD13
[TLS] Written transcript to proofs/MSG_TLS_22F9DB98.out, proofs/SIG_TLS_22F9DB98.out and proofs/PK_TLS_22F9DB98.der
Signature verification succeeds
[TLS] Server time: 1619701808
[TLS] client_random  (32): 1C1DAA96583811CC45CBA004C098B1F0A28B3BAF1B20F77B2255639C30E55C93
[TLS] sign_hash (32): 7841F60811BEF5EDEC06CFF6C87681DD581B7D965549428A8BC60D2B406F9651
[TLS] Written transcript to proofs/MSG_TLS_1C1DAA96.out, proofs/SIG_TLS_1C1DAA96.out and proofs/PK_TLS_1C1DAA96.der
Signature verification succeeds
[TLS] Server time: 1619701808
[TLS] client_random  (32): A7907C7D01EC5656D4E9A8EF271D652A242E17BEE57CFC5440F1F23EAB1ABC74
[TLS] sign_hash (32): 8FB99DF7CB8BCE63324BD4FB30DFEEA6296D1A690833028B1419931587E707C3
[TLS] Written transcript to proofs/MSG_TLS_A7907C7D.out, proofs/SIG_TLS_A7907C7D.out and proofs/PK_TLS_A7907C7D.der
Signature verification succeeds
[TLS] Server time: 1619701808
[TLS] client_random  (32): DBCA10D624C293CABE17DE8D4DE1AAE78007602CA2DD06E96AACEB191AF4D0E4
[TLS] sign_hash (32): AF76E6E65AB38770B9F491214A50D8111ADFE12BAA44DAB476E21159FE7D7BA2
[TLS] Written transcript to proofs/MSG_TLS_DBCA10D6.out, proofs/SIG_TLS_DBCA10D6.out and proofs/PK_TLS_DBCA10D6.der
Signature verification succeeds
[TLS] Server time: 1619701808
[TLS] client_random  (32): FAFEDE19CC1343D5B624B79576B83A50E18CCAB5D3618658AF0DCB9D8F9ED615
[TLS] sign_hash (32): 2EDEC4766CD8B8D70807AD37D2AFC8B2A8A4D8FB7938597CA3E979724D3E31CA
[TLS] Written transcript to proofs/MSG_TLS_FAFEDE19.out, proofs/SIG_TLS_FAFEDE19.out and proofs/PK_TLS_FAFEDE19.der
Signature verification succeeds
[TLS] Server time: 1619701808
[TLS] client_random  (32): E98AB44E2049B66A33E6581714F336D238F554B380F013F0FAB88CAC20B790BD
[TLS] sign_hash (32): 5C6317628A21DBD9DF4E308927574E68459BD060C18F51469C156ACBA5FF4FD5
[TLS] Written transcript to proofs/MSG_TLS_E98AB44E.out, proofs/SIG_TLS_E98AB44E.out and proofs/PK_TLS_E98AB44E.der
Signature verification succeeds
[TLS] Server time: 1619701809
[TLS] client_random  (32): 546E002591A82C703DC9474B1B9F74A1D025552D5CC79ECD1E956E34DF34F8F7
[TLS] sign_hash (32): 81F69535AC4BA70A3037F7198707B2E7AE37EBF954BA33CAB48E405BC5BD8F9B
[TLS] Written transcript to proofs/MSG_TLS_546E0025.out, proofs/SIG_TLS_546E0025.out and proofs/PK_TLS_546E0025.der
Signature verification succeeds
[TLS] Server time: 1619701809
[TLS] client_random  (32): 29566F11924F06A41B25670C117EA31A7A058220FD217831C581785DA8B4B2BC
[TLS] sign_hash (32): 578FE06E05C1587BFFF0E571CC34823983B0B6DC79481499386081F6357A5E0C
[TLS] Written transcript to proofs/MSG_TLS_29566F11.out, proofs/SIG_TLS_29566F11.out and proofs/PK_TLS_29566F11.der
Signature verification succeeds
[TLS] Server time: 1619701809
[TLS] client_random  (32): B0928C8A5F3CFF8D28F42095E6149E9644B5A2E1AE9C9B1CC966E2AD665AA12E
[TLS] sign_hash (32): 7548659DD4E56FEAA1A816F0968192E6A715A48000AA8440CDCE5D0D1F3E9B53
[TLS] Written transcript to proofs/MSG_TLS_B0928C8A.out, proofs/SIG_TLS_B0928C8A.out and proofs/PK_TLS_B0928C8A.der
Signature verification succeeds
[TLS] Server time: 1619701809
[TLS] client_random  (32): A393B117463023B41939812473F0A53CA837605248B4E7E80CF6B52B432046F2
[TLS] sign_hash (32): 879A954CD14B219A38462E45923C26088508D128990BC83E065E33DE5AFC6A22
[TLS] Written transcript to proofs/MSG_TLS_A393B117.out, proofs/SIG_TLS_A393B117.out and proofs/PK_TLS_A393B117.der
Signature verification succeeds
[TLS] Server time: 1619701809
[TLS] client_random  (32): 7A887569A5A96F2C4843AB9BC32542D2F165D232A3F9FEF6D9843CFA75924ADC
[TLS] sign_hash (32): 98F0E102F7FFA8878A82C70713C9197C1DFFC3E5B9AC7AD4F6314DB0F8EECAA2
[TLS] Written transcript to proofs/MSG_TLS_7A887569.out, proofs/SIG_TLS_7A887569.out and proofs/PK_TLS_7A887569.der
Signature verification succeeds
[TLS] Server time: 1619701809
[TLS] client_random  (32): 63B0671FDEEBD1D9C95C8E71FCF8B19CFE593391C69EA3ECE47FE31905A46C87
[TLS] sign_hash (32): C8242DD55901CAD756957835DDD329BD178FE255F998DE426C28B3E6B3642359
[TLS] Written transcript to proofs/MSG_TLS_63B0671F.out, proofs/SIG_TLS_63B0671F.out and proofs/PK_TLS_63B0671F.der
Signature verification succeeds
[TLS] Server time: 1619701809
[TLS] client_random  (32): 77A880306570B7583244556C33970F8C7725A6CECC8E3F273E2C88F29AEF8A05
[TLS] sign_hash (32): 3C9ADB28F739CB1E778C94B5BE4B34CEB99F5791CD6FD03B313002F7EB5FE080
[TLS] Written transcript to proofs/MSG_TLS_77A88030.out, proofs/SIG_TLS_77A88030.out and proofs/PK_TLS_77A88030.der
Signature verification succeeds
[TLS] Server time: 1619701809
[TLS] client_random  (32): 4809EDC969F5756E460C96F23E853A9C5A47260CC19C9EA1B9A1DB5CFE3E7A6E
[TLS] sign_hash (32): C58390BD8E32F60C614372FB6333C9C93E5AE284F8589DF7B61F80592C7640E8
[TLS] Written transcript to proofs/MSG_TLS_4809EDC9.out, proofs/SIG_TLS_4809EDC9.out and proofs/PK_TLS_4809EDC9.der
Signature verification succeeds
[TLS] Server time: 1619701809
[TLS] client_random  (32): FF30786A3FD5A5C79CE187C087984659DC5DE2443BA54360BD1CEDB6499FF50A
[TLS] sign_hash (32): 3925661293B5A7950326E06ED322135EB5CC5DA71D36D5D9FF9D356F23B8D7AB
[TLS] Written transcript to proofs/MSG_TLS_FF30786A.out, proofs/SIG_TLS_FF30786A.out and proofs/PK_TLS_FF30786A.der
Signature verification succeeds
[TLS] Server time: 1619701809
[TLS] client_random  (32): AA09D5E96030CCBB0AA387AA6E2001F2B184683A371059BA09D3DF71EFB45EA0
[TLS] sign_hash (32): 9F6A04725CABDCC21332463580139B9D66C8A1A7B318D6EAD194557F8456AC5E
[TLS] Written transcript to proofs/MSG_TLS_AA09D5E9.out, proofs/SIG_TLS_AA09D5E9.out and proofs/PK_TLS_AA09D5E9.der
Signature verification succeeds
[TLS] Server time: 1619701809
[TLS] client_random  (32): 0CD3110087BA0F41C72ACAA4C7FBBDE2D5A65BEA58CCC07F7692F925196DF695
[TLS] sign_hash (32): 15E9AB14EE1ADFBE28A2E3CE5136C4A9C8B1A79006002468CD3D5A559F3B004F
[TLS] Written transcript to proofs/MSG_TLS_0CD31100.out, proofs/SIG_TLS_0CD31100.out and proofs/PK_TLS_0CD31100.der
Signature verification succeeds
[TLS] Server time: 1619701809
[TLS] client_random  (32): 61DDFAF20713E57F4B6AB989B4881FB695F3AE8322B1625C3F5E86AB8640CDEC
[TLS] sign_hash (32): 4CA191903E3BB5F2DB2A9E310E56B9C1D903B5709629CDE975677F791571639E
[TLS] Written transcript to proofs/MSG_TLS_61DDFAF2.out, proofs/SIG_TLS_61DDFAF2.out and proofs/PK_TLS_61DDFAF2.der
Signature verification succeeds
[TLS] Server time: 1619701809
[TLS] client_random  (32): 22ACBFE28818978A3AF662C6B6C869EB5BEA2B7507C8F41D07061864135A4586
[TLS] sign_hash (32): 46AD77D7832E2CA995D7BAC9E996D59B4E558C4A76B89D25FF6B619B12EAF7E3
[TLS] Written transcript to proofs/MSG_TLS_22ACBFE2.out, proofs/SIG_TLS_22ACBFE2.out and proofs/PK_TLS_22ACBFE2.der
Signature verification succeeds
[TLS] Server time: 1619701809
[TLS] client_random  (32): 81B99F1555B4BAB75C5CCABA87BC8E66380BDE61D1E9D8CE566924D446FE22A3
[TLS] sign_hash (32): BE84DB1DC9D6148365B6DB04F21B297E19F29C5C499F9CBC185C29658FF90ED4
[TLS] Written transcript to proofs/MSG_TLS_81B99F15.out, proofs/SIG_TLS_81B99F15.out and proofs/PK_TLS_81B99F15.der
Signature verification succeeds
[TLS] Server time: 1619701809
[TLS] client_random  (32): 805D5BBF01FA3B01B566058A51FC72E9EA5545A3CE31B9F9C92074093ADCFE43
[TLS] sign_hash (32): A1FDCA075A350E06BB2D6DB8D74E34CEA8ADB0D46ABEF2E3019382D614C5EA5F
[TLS] Written transcript to proofs/MSG_TLS_805D5BBF.out, proofs/SIG_TLS_805D5BBF.out and proofs/PK_TLS_805D5BBF.der
Signature verification succeeds
[TLS] Server time: 1619701809
[TLS] client_random  (32): 3F0782B29B8D9E81F8D6F37445C30822D89A37CFF360E0EDE3C240E3D02A3DC5
[TLS] sign_hash (32): 7D4BB51794045533586E66EC53BF52E7D1DD29333A71D6D9776412FAB5CBF9A7
[TLS] Written transcript to proofs/MSG_TLS_3F0782B2.out, proofs/SIG_TLS_3F0782B2.out and proofs/PK_TLS_3F0782B2.der
Signature verification succeeds
Time breakdown (averages): anchor_ping:66.207823 file_read:0.146983 hashing:0.471043
Total time for 113 rounds is 7617.537472ms
Standard deviations: anchor_ping:161.773340 file_read:0.016040 hashing:0.005226
[Client-side ops] mean:0.618026 sd:0.018044
in & out anchor rand written to proofs/phase1.out
     44 [TLS] Server time: 1619701802
      4 [TLS] Server time: 1619701803
      2 [TLS] Server time: 1619701805
      5 [TLS] Server time: 1619701806
     13 [TLS] Server time: 1619701807
     30 [TLS] Server time: 1619701808
     16 [TLS] Server time: 1619701809
Count is 44
Count is 4
Count is 2
Count is 5
Count is 13
Count is 30
Count is 16
success: 0
Sleeping before retrying
CONF: anchor:gold.ac.uk fs:1024MB n_rounds:113 seed:5c9f4bf9bbc15bb855f82faedc5a52fc3ab2dfa8ec3ba3ce1b270f31fa0cced2 filename:FILE bs:1024 nops:100 benchmarking:0 anchor_ping:1 queue_depth:32 direct:0
[TLS] Connecting to gold.ac.uk
[TLS] Server time: 1619701811
[TLS] client_random  (32): 5C9F4BF9BBC15BB855F82FAEDC5A52FC3AB2DFA8EC3BA3CE1B270F31FA0CCED2
[TLS] sign_hash (32): EEB5D33FB277ED4993C54FB033BB122601EA453834D3A13FB2951F9AC7AF314D
[TLS] Written transcript to proofs/MSG_TLS_5C9F4BF9.out, proofs/SIG_TLS_5C9F4BF9.out and proofs/PK_TLS_5C9F4BF9.der
Signature verification succeeds
[TLS] Server time: 1619701811
[TLS] client_random  (32): 13DC668518B1D112AED04C3CFA97B812B1A676E08E414BE5E411E6D68BD6428B
[TLS] sign_hash (32): C0AA1C1127D162B1689513A65253C9B9B6EB8A08552A4C3DE305EAEAAD8FBE8A
[TLS] Written transcript to proofs/MSG_TLS_13DC6685.out, proofs/SIG_TLS_13DC6685.out and proofs/PK_TLS_13DC6685.der
Signature verification succeeds
[TLS] Server time: 1619701811
[TLS] client_random  (32): B774A225764E7DD854498337B5F4BB58ED096B1688A303C2E945A605432BAEC4
[TLS] sign_hash (32): 264B144DFDE883F68F4BE841233CDBA5172D9F7C34C81690531DDA97F58005E6
[TLS] Written transcript to proofs/MSG_TLS_B774A225.out, proofs/SIG_TLS_B774A225.out and proofs/PK_TLS_B774A225.der
Signature verification succeeds
[TLS] Server time: 1619701811
[TLS] client_random  (32): B5083AF0AF72E81826F14928C89C1F1ADBF7B3CB413FCC8A665C0D1567E47738
[TLS] sign_hash (32): 261E80D7A2F29AE90A4A0DB9F027A7DB8C64FF5E298678778FAC665DC254B4CF
[TLS] Written transcript to proofs/MSG_TLS_B5083AF0.out, proofs/SIG_TLS_B5083AF0.out and proofs/PK_TLS_B5083AF0.der
Signature verification succeeds
[TLS] Server time: 1619701811
[TLS] client_random  (32): F8AD97729ECCC4916D3B99376AA057890130D0FF9BCDBC2E4C9E8DC6BF3EEAAB
[TLS] sign_hash (32): 60E2A43BF888E4F166D50763B7477EBF466E20AA6933CEAEFBF900EDF7DB41E7
[TLS] Written transcript to proofs/MSG_TLS_F8AD9772.out, proofs/SIG_TLS_F8AD9772.out and proofs/PK_TLS_F8AD9772.der
Signature verification succeeds
[TLS] Server time: 1619701811
[TLS] client_random  (32): 2845075461DE8F806FC4254A64019207B51394BD01870439896DEFA4CD3A73AA
[TLS] sign_hash (32): 43E0AF7582867795845EFB4B10352E42CDF3F6A94E2B48980CFA7B4E55B0849D
[TLS] Written transcript to proofs/MSG_TLS_28450754.out, proofs/SIG_TLS_28450754.out and proofs/PK_TLS_28450754.der
Signature verification succeeds
[TLS] Server time: 1619701811
[TLS] client_random  (32): EC40069F3F8F216548E4050C2E3EF6E319127046533F5CDF565766D5A9115170
[TLS] sign_hash (32): E1CDDA244A2E289872115E7B1B30AA06FEFA197C49D312F254857CD527A06E13
[TLS] Written transcript to proofs/MSG_TLS_EC40069F.out, proofs/SIG_TLS_EC40069F.out and proofs/PK_TLS_EC40069F.der
Signature verification succeeds
[TLS] Server time: 1619701811
[TLS] client_random  (32): 653E854BF0F3DD5168162CD7E259DB76201D3EE60786A3B6568F5754C442393B
[TLS] sign_hash (32): 2A7D552F190502AAA7D63D46355C010216527CE6E4EF0283F182AEC2AC1DAFD1
[TLS] Written transcript to proofs/MSG_TLS_653E854B.out, proofs/SIG_TLS_653E854B.out and proofs/PK_TLS_653E854B.der
Signature verification succeeds
[TLS] Server time: 1619701811
[TLS] client_random  (32): 4F46A00453DCFE56ED374801E835542BED05E1D07B51C7031E0A47DBA8FFEDA3
[TLS] sign_hash (32): 91F13E55AD95B5BA27B3A763B5E407A54EB4B69AE6031D0A72BAA6D9FF92E228
[TLS] Written transcript to proofs/MSG_TLS_4F46A004.out, proofs/SIG_TLS_4F46A004.out and proofs/PK_TLS_4F46A004.der
Signature verification succeeds
[TLS] Server time: 1619701811
[TLS] client_random  (32): 303EC50BE404DF511B07547044655F7FEC2C7CC9FE06F64EF4982F36BB7B29C3
[TLS] sign_hash (32): 1EDA0638E337C185A746660A9334DD9CAE2BD80ADCBC9F042CDC94B6888BC759
[TLS] Written transcript to proofs/MSG_TLS_303EC50B.out, proofs/SIG_TLS_303EC50B.out and proofs/PK_TLS_303EC50B.der
Signature verification succeeds
[TLS] Server time: 1619701811
[TLS] client_random  (32): 51E1A40E34FB330DCD50F5A66C53E5920330D63CBF58CD02C3952EF7F07E4606
[TLS] sign_hash (32): AA0FDD788D17C0DD2F64ED89A65EA7FA0D5545BA67EFE3B5078061598A5DFAD1
[TLS] Written transcript to proofs/MSG_TLS_51E1A40E.out, proofs/SIG_TLS_51E1A40E.out and proofs/PK_TLS_51E1A40E.der
Signature verification succeeds
[TLS] Server time: 1619701811
[TLS] client_random  (32): AFA77989877A81E2B55A9DB9A2815A39EDE4EF4B6EE8915FCA92A6FA2444C760
[TLS] sign_hash (32): 0A8B5B1FFEEECBE872D9ADFB5FBFF55D3F27025763CBB24EC57CAD343A7A3AC3
[TLS] Written transcript to proofs/MSG_TLS_AFA77989.out, proofs/SIG_TLS_AFA77989.out and proofs/PK_TLS_AFA77989.der
Signature verification succeeds
[TLS] Server time: 1619701811
[TLS] client_random  (32): BB919A53D9818C4E1382EA2FF030C636556B70747102DCB3888F17D1540CB1C7
[TLS] sign_hash (32): 2CF866B84E71EC23091CDAC3279AD4619A7BB862863F82B5101281216C9849AB
[TLS] Written transcript to proofs/MSG_TLS_BB919A53.out, proofs/SIG_TLS_BB919A53.out and proofs/PK_TLS_BB919A53.der
Signature verification succeeds
[TLS] Server time: 1619701811
[TLS] client_random  (32): 6A2DEA45E57753E40337ACEDB74E7AE367EC14A0210392FC722781957C088EDB
[TLS] sign_hash (32): 96E06A768D066EC20DADFAD225A82312843F80A187EBE83F67DC9657086DB750
[TLS] Written transcript to proofs/MSG_TLS_6A2DEA45.out, proofs/SIG_TLS_6A2DEA45.out and proofs/PK_TLS_6A2DEA45.der
Signature verification succeeds
[TLS] Server time: 1619701811
[TLS] client_random  (32): 796E6BD236FD0E599742736E5DD8924135CC760AA10403FE93EE0126DFF282F3
[TLS] sign_hash (32): 495767C9B99A77DB35994A4DE8ABC71EFE67C0B0E6357341225DC259B34A8455
[TLS] Written transcript to proofs/MSG_TLS_796E6BD2.out, proofs/SIG_TLS_796E6BD2.out and proofs/PK_TLS_796E6BD2.der
Signature verification succeeds
[TLS] Server time: 1619701811
[TLS] client_random  (32): 05AE881CB1CECE26B5F136851BA2B630E24C8F7566DE7C2724FC4CFB8E656BEF
[TLS] sign_hash (32): EF78C3A6C6EF38A9C0F8A42DB56FFF55FE350FD4C78480786FDAD21FD7982343
[TLS] Written transcript to proofs/MSG_TLS_05AE881C.out, proofs/SIG_TLS_05AE881C.out and proofs/PK_TLS_05AE881C.der
Signature verification succeeds
[TLS] Server time: 1619701811
[TLS] client_random  (32): C89F13DA82726C7A8DBBD06BB5E6428E25DD8763A3685A57D08D252AE2779AC8
[TLS] sign_hash (32): 34EB60D23FE2A4B37F0CD9A941D38A14A62A896A7A86736556FC0FC3F87DA2BE
[TLS] Written transcript to proofs/MSG_TLS_C89F13DA.out, proofs/SIG_TLS_C89F13DA.out and proofs/PK_TLS_C89F13DA.der
Signature verification succeeds
[TLS] Server time: 1619701811
[TLS] client_random  (32): 376420971938B1513FA1A504F0F5EFC8EEE82C9E1A7A7B4D5118D3E5DC084924
[TLS] sign_hash (32): 24EF1AE9B7CC545BBBAC6855ECFE86B55899053C3F3B66EB21A18F3C9AC6E2E8
[TLS] Written transcript to proofs/MSG_TLS_37642097.out, proofs/SIG_TLS_37642097.out and proofs/PK_TLS_37642097.der
Signature verification succeeds
[TLS] Server time: 1619701811
[TLS] client_random  (32): 99A023174EE65D8535A22A5488ECFB4DC45623B3B239D8B10765202937B54C9B
[TLS] sign_hash (32): C83910CF77D2214DD0813A8C654548DE52453B6BCE1521AB63879C56CF6A88D2
[TLS] Written transcript to proofs/MSG_TLS_99A02317.out, proofs/SIG_TLS_99A02317.out and proofs/PK_TLS_99A02317.der
Signature verification succeeds
[TLS] Server time: 1619701811
[TLS] client_random  (32): 6AE663B75D4EB455E70955703FE2AAAC97D95B87F9911A42136D491C329BE4E6
[TLS] sign_hash (32): 5FFA26F8CB84FE6CD34719758A02AF44C48FC9BD6D185A6124C9837A0A95E083
[TLS] Written transcript to proofs/MSG_TLS_6AE663B7.out, proofs/SIG_TLS_6AE663B7.out and proofs/PK_TLS_6AE663B7.der
Signature verification succeeds
[TLS] Server time: 1619701811
[TLS] client_random  (32): 363A185E634446264BBAF77464A8B4509DD0AB521665E5D041A3E73EAD3C70FF
[TLS] sign_hash (32): A704B50AE1B124BB70810108310EFAC57660219CB09949089E7F53E5D96EE36E
[TLS] Written transcript to proofs/MSG_TLS_363A185E.out, proofs/SIG_TLS_363A185E.out and proofs/PK_TLS_363A185E.der
Signature verification succeeds
[TLS] Server time: 1619701811
[TLS] client_random  (32): DBCFCB2D0029DC9CCFD7FD74EB02F89C926FC0482F69FDFF4E53123F6AEF19B3
[TLS] sign_hash (32): A9519FAC588F6F6DDE36D37A61F29378330378E456C9E111822768F004B0060C
[TLS] Written transcript to proofs/MSG_TLS_DBCFCB2D.out, proofs/SIG_TLS_DBCFCB2D.out and proofs/PK_TLS_DBCFCB2D.der
Signature verification succeeds
[TLS] Server time: 1619701811
[TLS] client_random  (32): 6CAC43157B5A0E4539430F42ACF0CBA7D8AED696E017A6003679248894BE01E6
[TLS] sign_hash (32): 885C043FFD3BC68D8E60A88CE359849B562F5C9582B25F5974AE6C5173795873
[TLS] Written transcript to proofs/MSG_TLS_6CAC4315.out, proofs/SIG_TLS_6CAC4315.out and proofs/PK_TLS_6CAC4315.der
Signature verification succeeds
[TLS] Server time: 1619701811
[TLS] client_random  (32): F5B828F8F0E0C15AABC6F949D754CA2579959A3DF1EB4BDEF2DAF73BCE511E25
[TLS] sign_hash (32): C67B90D421FB21B198B8EBBA365BD54D3AD34FDB2A707DC8FEBA810DEEFF37FC
[TLS] Written transcript to proofs/MSG_TLS_F5B828F8.out, proofs/SIG_TLS_F5B828F8.out and proofs/PK_TLS_F5B828F8.der
Signature verification succeeds
[TLS] Server time: 1619701811
[TLS] client_random  (32): 0027E337223D3DE2F512C3F0FE2EC821D0287D99FCC815E04797D3A80FDF462B
[TLS] sign_hash (32): 4380E41D8A33246F5EB61387251CFA450ABB76CA1970348D76EFBC61279F7333
[TLS] Written transcript to proofs/MSG_TLS_0027E337.out, proofs/SIG_TLS_0027E337.out and proofs/PK_TLS_0027E337.der
Signature verification succeeds
[TLS] Server time: 1619701811
[TLS] client_random  (32): BE764721504A33E2C3C4D2D710008BC49AB3517622611B528BB4C51C32A8E070
[TLS] sign_hash (32): 6165A44CDE168FE8C9604622786033DF8603C3FEA7A87EF10C41DD90CBF7B007
[TLS] Written transcript to proofs/MSG_TLS_BE764721.out, proofs/SIG_TLS_BE764721.out and proofs/PK_TLS_BE764721.der
Signature verification succeeds
[TLS] Server time: 1619701811
[TLS] client_random  (32): 7A6A83EF141F7CFF562255578E1E102B8096DC7FE2862E9F52D6052A25567020
[TLS] sign_hash (32): 796946CFDE92824D9311551063BF3F3FD9B5A31579C3F0ACEDFC87D188978170
[TLS] Written transcript to proofs/MSG_TLS_7A6A83EF.out, proofs/SIG_TLS_7A6A83EF.out and proofs/PK_TLS_7A6A83EF.der
Signature verification succeeds
[TLS] Server time: 1619701811
[TLS] client_random  (32): 01DFC98D7FE6A1F3CF29DF7742949B39CC7BFF5E7180085011420085FE1C9D67
[TLS] sign_hash (32): C9DB7C50F9E5321A975832C302ABECAE43D9E1125CF4598C11BF78D68CBBBE70
[TLS] Written transcript to proofs/MSG_TLS_01DFC98D.out, proofs/SIG_TLS_01DFC98D.out and proofs/PK_TLS_01DFC98D.der
Signature verification succeeds
[TLS] Server time: 1619701811
[TLS] client_random  (32): AA4C62E1EBBC092BAEBCDFF6FA2DF268BB9A568ED22DA760B10CF5BBB80AF1A5
[TLS] sign_hash (32): EDB21BF388644A24226EF7691CD1207B834BC2C5E28E485F771CEB7D5A377067
[TLS] Written transcript to proofs/MSG_TLS_AA4C62E1.out, proofs/SIG_TLS_AA4C62E1.out and proofs/PK_TLS_AA4C62E1.der
Signature verification succeeds
[TLS] Server time: 1619701811
[TLS] client_random  (32): 7E335A4CB1C8B4486E4BE13F6DC3B1CFF8BC1AD3344DAB7116A23B0052EC7845
[TLS] sign_hash (32): 42D226E1D2FB230E256B5C37B564CF342DC6363BE314840F0D9BCCE8E7C03E26
[TLS] Written transcript to proofs/MSG_TLS_7E335A4C.out, proofs/SIG_TLS_7E335A4C.out and proofs/PK_TLS_7E335A4C.der
Signature verification succeeds
[TLS] Server time: 1619701811
[TLS] client_random  (32): 27B4ADFEEE5FCA1CFE049374641D30978BEE1F6C744EFD8406B26EEE5B05C242
[TLS] sign_hash (32): D5A9554D1B3E26B3C4A4C12C296478767AED982B20871AE3AC4552B01F1EBA59
[TLS] Written transcript to proofs/MSG_TLS_27B4ADFE.out, proofs/SIG_TLS_27B4ADFE.out and proofs/PK_TLS_27B4ADFE.der
Signature verification succeeds
[TLS] Server time: 1619701811
[TLS] client_random  (32): 49CEF2E8998FC70ACA6750409F9A8C5455477ACCE7E41D403A5E826F7D21F7BC
[TLS] sign_hash (32): 2D7CDE3A7E3471088356EB1CD0532A4ED93B530BAC11A8ED4FE9151B49077C1E
[TLS] Written transcript to proofs/MSG_TLS_49CEF2E8.out, proofs/SIG_TLS_49CEF2E8.out and proofs/PK_TLS_49CEF2E8.der
Signature verification succeeds
[TLS] Server time: 1619701811
[TLS] client_random  (32): A8C349734D9FFA249AC376CFCFF0A97C688C4364F18020DE3BBF8DA15C169910
[TLS] sign_hash (32): 482176EC0F2B2E69D4F598D969EBFCC270E140308BD8E0531E48967AE15DADFA
[TLS] Written transcript to proofs/MSG_TLS_A8C34973.out, proofs/SIG_TLS_A8C34973.out and proofs/PK_TLS_A8C34973.der
Signature verification succeeds
[TLS] Server time: 1619701811
[TLS] client_random  (32): 1BE116401365DB313D59E05FD82BF0FACB90992C25732C05823AFC4A9DF91792
[TLS] sign_hash (32): 91B9F7250358A61F39E3AC742959F4E5BE2AE9943D353E394F05C47FC1D6B97F
[TLS] Written transcript to proofs/MSG_TLS_1BE11640.out, proofs/SIG_TLS_1BE11640.out and proofs/PK_TLS_1BE11640.der
Signature verification succeeds
[TLS] Server time: 1619701811
[TLS] client_random  (32): 825E4CF833B4E443305C0E0D2BDF093079F5F68ABDDDFD0A983D50A53287C634
[TLS] sign_hash (32): AFA572CC7E1C327C05D16CDDB5FE134B3ED2E06A2F6B601A01619CCFC25EC069
[TLS] Written transcript to proofs/MSG_TLS_825E4CF8.out, proofs/SIG_TLS_825E4CF8.out and proofs/PK_TLS_825E4CF8.der
Signature verification succeeds
[TLS] Server time: 1619701811
[TLS] client_random  (32): B879A33D2CF2B48E455241961C153DF84F721419EE67EF1A820E3FE72885D2B0
[TLS] sign_hash (32): 2E78D781B6CD025AE78D2881EB1E2DFF9DB83BE12DB637CC80B1F826C5BE0EEE
[TLS] Written transcript to proofs/MSG_TLS_B879A33D.out, proofs/SIG_TLS_B879A33D.out and proofs/PK_TLS_B879A33D.der
Signature verification succeeds
[TLS] Server time: 1619701811
[TLS] client_random  (32): 2B2EF9C6365BF1FD9A155F5A17948BAB0A19890D4760DA28B6C99FDAE75D2D23
[TLS] sign_hash (32): 1CA779E1F43A53647E197C796FA45F5771FA9F4C23343117A733D26776D9E243
[TLS] Written transcript to proofs/MSG_TLS_2B2EF9C6.out, proofs/SIG_TLS_2B2EF9C6.out and proofs/PK_TLS_2B2EF9C6.der
Signature verification succeeds
[TLS] Server time: 1619701811
[TLS] client_random  (32): 6E51140E0201BE4731C8E5157F2764A9847BE8D4371093D7A0722C134485AD8E
[TLS] sign_hash (32): BE79AEC561FC979A38F6BBC093964ED8E6AC4D3B562DBC1B519AD2B3C493DBE9
[TLS] Written transcript to proofs/MSG_TLS_6E51140E.out, proofs/SIG_TLS_6E51140E.out and proofs/PK_TLS_6E51140E.der
Signature verification succeeds
[TLS] Server time: 1619701811
[TLS] client_random  (32): 16C3016CCDF5EF468D0DC118F1F6EB347ED08399CD755BA630A2B2302ABABB0E
[TLS] sign_hash (32): 7AA4AA533275A2E1A30C5B9EB187CB187FD8855583A2A2F54D61165D2CD497B4
[TLS] Written transcript to proofs/MSG_TLS_16C3016C.out, proofs/SIG_TLS_16C3016C.out and proofs/PK_TLS_16C3016C.der
Signature verification succeeds
[TLS] Server time: 1619701811
[TLS] client_random  (32): B7D426320D378D402B8669A0F09719C7B79D6300470F9B8B198D58D6E2685C56
[TLS] sign_hash (32): 60235C18AA678E4CFDC37814D9F2192372033E1E4166F2AC39DBC38C55941068
[TLS] Written transcript to proofs/MSG_TLS_B7D42632.out, proofs/SIG_TLS_B7D42632.out and proofs/PK_TLS_B7D42632.der
Signature verification succeeds
[TLS] Server time: 1619701811
[TLS] client_random  (32): 418F17A7BE1732D8B24A510B9A54EA474E5019675CC878F7B49906110A67C5FE
[TLS] sign_hash (32): FE13F91A0E462B1BCB977A2BE64D1E6B3E2CA1141C021F96F30D9D2C5CD44855
[TLS] Written transcript to proofs/MSG_TLS_418F17A7.out, proofs/SIG_TLS_418F17A7.out and proofs/PK_TLS_418F17A7.der
Signature verification succeeds
[TLS] Server time: 1619701811
[TLS] client_random  (32): 246D1BFADEF42322D5F44D38F14BD59C791ECF1513F861F585D46B43056079F9
[TLS] sign_hash (32): 30A82550603970D7772CC7D118B9047F4A993708A1BBF82210BB2F4818AF853C
[TLS] Written transcript to proofs/MSG_TLS_246D1BFA.out, proofs/SIG_TLS_246D1BFA.out and proofs/PK_TLS_246D1BFA.der
Signature verification succeeds
[TLS] Server time: 1619701811
[TLS] client_random  (32): FC64390BF3ADBC6840BE78E60CFD8F9AC6022FB98569C8E63A55482B157360BD
[TLS] sign_hash (32): 56B965AE3AEE3F4B6C494F6089C2D8771B67CEA0BF17C9BB6AA130336F645048
[TLS] Written transcript to proofs/MSG_TLS_FC64390B.out, proofs/SIG_TLS_FC64390B.out and proofs/PK_TLS_FC64390B.der
Signature verification succeeds
[TLS] Server time: 1619701811
[TLS] client_random  (32): 15AAB8B41CA78FD87095753CB9E487F81142425BAB8A646C829525B83D2F43DB
[TLS] sign_hash (32): ED568F5562A71800510B8B526603A2B692F6ECAB56EDC05F1935B7275A8B590B
[TLS] Written transcript to proofs/MSG_TLS_15AAB8B4.out, proofs/SIG_TLS_15AAB8B4.out and proofs/PK_TLS_15AAB8B4.der
Signature verification succeeds
[TLS] Server time: 1619701811
[TLS] client_random  (32): C2FE084B7DCA852E8B84AEA26EA1693A80029653A2E4C6E5B9A3ED607F6DF8C9
[TLS] sign_hash (32): A2B53932444648C51CBC83D36F588A9FDF1040C7FB08C38050493690D2A5DA33
[TLS] Written transcript to proofs/MSG_TLS_C2FE084B.out, proofs/SIG_TLS_C2FE084B.out and proofs/PK_TLS_C2FE084B.der
Signature verification succeeds
[TLS] Server time: 1619701811
[TLS] client_random  (32): 4EB85B584F791D7C472FFC1A9DF73291713622A5D8A440EA26C7ED8BE2F0F42B
[TLS] sign_hash (32): D0997C529BC82A783FB9C9F7B9724E16E076C7CBFEA810F30E5EBDBA86CFB169
[TLS] Written transcript to proofs/MSG_TLS_4EB85B58.out, proofs/SIG_TLS_4EB85B58.out and proofs/PK_TLS_4EB85B58.der
Signature verification succeeds
[TLS] Server time: 1619701811
[TLS] client_random  (32): 7CF88ED17AC66848E6DEA45F570791B35FD88EFC82082F124D31A766DB0F0745
[TLS] sign_hash (32): 66DD5080FF8DAC686AC8989EA2A17D56FC018CF34DB2717B0E20F0F4E11091E1
[TLS] Written transcript to proofs/MSG_TLS_7CF88ED1.out, proofs/SIG_TLS_7CF88ED1.out and proofs/PK_TLS_7CF88ED1.der
Signature verification succeeds
[TLS] Server time: 1619701811
[TLS] client_random  (32): 864EBD555AAD5B73D5651B1A07C8654E9E1B52612C5F666FCA5A52F73803E3C8
[TLS] sign_hash (32): 8339B619333E5A55B602665ABB8A4BE4F9A133B4738D2A8F0AA703A57B6EF325
[TLS] Written transcript to proofs/MSG_TLS_864EBD55.out, proofs/SIG_TLS_864EBD55.out and proofs/PK_TLS_864EBD55.der
Signature verification succeeds
[TLS] Server time: 1619701811
[TLS] client_random  (32): ED2EA1C62AFE2BDFE5E764174EFA2955363DC38670C66ADE436C259943ECB69A
[TLS] sign_hash (32): 2521CA4B2C7B12FC4F39B289479FF4B33EAAC1E89F800410548103F9FA7DF427
[TLS] Written transcript to proofs/MSG_TLS_ED2EA1C6.out, proofs/SIG_TLS_ED2EA1C6.out and proofs/PK_TLS_ED2EA1C6.der
Signature verification succeeds
[TLS] Server time: 1619701811
[TLS] client_random  (32): B1964CB252DEDCDDF802782067FCCBF2CB71FAFBBC5EEB4E8E369D8965C64C0C
[TLS] sign_hash (32): 8609B97591DB1B07394DB3B60464F89F4858A7DFA113B92C44EDCF448281F510
[TLS] Written transcript to proofs/MSG_TLS_B1964CB2.out, proofs/SIG_TLS_B1964CB2.out and proofs/PK_TLS_B1964CB2.der
Signature verification succeeds
[TLS] Server time: 1619701811
[TLS] client_random  (32): C06ACF540782E7533A9B4AFEF38822AD50DC2217E125B363326D5EE8B9DAED86
[TLS] sign_hash (32): 92A6B2E97A2992AA5976A255741196F855DE330677E633E2914116D8F3CF004E
[TLS] Written transcript to proofs/MSG_TLS_C06ACF54.out, proofs/SIG_TLS_C06ACF54.out and proofs/PK_TLS_C06ACF54.der
Signature verification succeeds
[TLS] Server time: 1619701811
[TLS] client_random  (32): 09BAE4F2F90B85CF561BB74A98302A6415A510A59966F899C9543DA51B932813
[TLS] sign_hash (32): 3CD37C6ACB010B413A1C669A02329702EDB2869F85FF43695558636590AA80AC
[TLS] Written transcript to proofs/MSG_TLS_09BAE4F2.out, proofs/SIG_TLS_09BAE4F2.out and proofs/PK_TLS_09BAE4F2.der
Signature verification succeeds
[TLS] Server time: 1619701811
[TLS] client_random  (32): A57113DA257DB48DCB6D1B16A52A1B09DC44EDDD35939237E839A1483147E71D
[TLS] sign_hash (32): D9B2562AF9B473961082FB6B29CAEE92CAD062990056DC31DA203513C1599C6C
[TLS] Written transcript to proofs/MSG_TLS_A57113DA.out, proofs/SIG_TLS_A57113DA.out and proofs/PK_TLS_A57113DA.der
Signature verification succeeds
[TLS] Server time: 1619701811
[TLS] client_random  (32): 64E27BEF417DF915C98FD2C84433E75264B3541D4E31D5FE15BE37850294B2CA
[TLS] sign_hash (32): 013AE2E59C585D39AA7ED509424A6F66C28A1E6910CB066E9EA4FA4324F6C09A
[TLS] Written transcript to proofs/MSG_TLS_64E27BEF.out, proofs/SIG_TLS_64E27BEF.out and proofs/PK_TLS_64E27BEF.der
Signature verification succeeds
[TLS] Server time: 1619701811
[TLS] client_random  (32): 99F1E07084BFA4B563A3A93A0E72C186E15A120A2912ED8AA053F6532616AE0D
[TLS] sign_hash (32): C8FEA137227D19C813521CD79EB434F0D61E9E8AE71A927C8F3C3CE973CB13AE
[TLS] Written transcript to proofs/MSG_TLS_99F1E070.out, proofs/SIG_TLS_99F1E070.out and proofs/PK_TLS_99F1E070.der
Signature verification succeeds
[TLS] Server time: 1619701811
[TLS] client_random  (32): 2A985FF408A0ADBEE1FB5B4F14494EA62FB49CFF7801CC99C93D744DB63BC9D6
[TLS] sign_hash (32): DED664452E94399494D57835C5AE976B308D6309DF4EF0E7458274061BB71B0F
[TLS] Written transcript to proofs/MSG_TLS_2A985FF4.out, proofs/SIG_TLS_2A985FF4.out and proofs/PK_TLS_2A985FF4.der
Signature verification succeeds
[TLS] Server time: 1619701811
[TLS] client_random  (32): 7CC96964393AE7DCDD23409D4B1419632FAA6A0AE9CC0AD68826C8481FE4C8C5
[TLS] sign_hash (32): FFA8F8407F7BE8DECE340F6F688F672C120049CD45C698E35C7361A3FF24C6FF
[TLS] Written transcript to proofs/MSG_TLS_7CC96964.out, proofs/SIG_TLS_7CC96964.out and proofs/PK_TLS_7CC96964.der
Signature verification succeeds
[TLS] Server time: 1619701811
[TLS] client_random  (32): 51A99F23ED6BE7F097E59220689883908D9BAE3A46FCBB23F4CEE6A78B8D6EDC
[TLS] sign_hash (32): A7118C46448F5C75F3C6619629E5DDD9AF0F0FDE2EFA6A9E64E2B3B93C5D3740
[TLS] Written transcript to proofs/MSG_TLS_51A99F23.out, proofs/SIG_TLS_51A99F23.out and proofs/PK_TLS_51A99F23.der
Signature verification succeeds
[TLS] Server time: 1619701811
[TLS] client_random  (32): D053F7F8E52150A8D0E0A67AAFD8D97749A973BA713F2EE8449E96A8395267D4
[TLS] sign_hash (32): D117372DB0C92EBF095614E1B1EB7A692B269317B24B7F7C18B50DA1A8DBE493
[TLS] Written transcript to proofs/MSG_TLS_D053F7F8.out, proofs/SIG_TLS_D053F7F8.out and proofs/PK_TLS_D053F7F8.der
Signature verification succeeds
[TLS] Server time: 1619701811
[TLS] client_random  (32): 03EC3B49B3BE2C63A904E1DE77553B3AA83FD0C31DCD6530AB616CF961E93DA4
[TLS] sign_hash (32): 06E8C94080959B2F2DD248F25E991ACA6A307C42DE2C4FC25894F0832C184B68
[TLS] Written transcript to proofs/MSG_TLS_03EC3B49.out, proofs/SIG_TLS_03EC3B49.out and proofs/PK_TLS_03EC3B49.der
Signature verification succeeds
[TLS] Server time: 1619701811
[TLS] client_random  (32): 9454233F77C15AEFE82AC65587DC710CDC1D76F70F4FA5AE1455F78D5E9FAF8E
[TLS] sign_hash (32): 022197614C7A6364D844A1B2709D9E56DA671E06B6295FA7D0B460F65204FCAF
[TLS] Written transcript to proofs/MSG_TLS_9454233F.out, proofs/SIG_TLS_9454233F.out and proofs/PK_TLS_9454233F.der
Signature verification succeeds
[TLS] Server time: 1619701812
[TLS] client_random  (32): B2847163571ABFEE54661A31CB43ACCE39B97DA9ED34D734D5577257C7FD524C
[TLS] sign_hash (32): 659BE0011B8F3B75CDAE58C1D76457E262C976AE77965AF2054C8AEB11941BD9
[TLS] Written transcript to proofs/MSG_TLS_B2847163.out, proofs/SIG_TLS_B2847163.out and proofs/PK_TLS_B2847163.der
Signature verification succeeds
[TLS] Server time: 1619701812
[TLS] client_random  (32): 8E3BAA0D8E4761EF2CBB484B1C8B18B715E8337252D99A1111ED127E6E26FB1A
[TLS] sign_hash (32): 0DBFCDEFC38CE6334EB373D3EF41E5535924361BEF5DE41470451DB180AE1832
[TLS] Written transcript to proofs/MSG_TLS_8E3BAA0D.out, proofs/SIG_TLS_8E3BAA0D.out and proofs/PK_TLS_8E3BAA0D.der
Signature verification succeeds
[TLS] Server time: 1619701812
[TLS] client_random  (32): 2337D94EE704553C1942283157802065AD725523FD2E97D969ECCF2AA89C23D4
[TLS] sign_hash (32): 811020201A88DFB384E713F34FE42B25BB54AF6A572D1EFC920F8183A955EAFC
[TLS] Written transcript to proofs/MSG_TLS_2337D94E.out, proofs/SIG_TLS_2337D94E.out and proofs/PK_TLS_2337D94E.der
Signature verification succeeds
[TLS] Server time: 1619701812
[TLS] client_random  (32): 4A3A69DDB181123695DBC860ADC61F86426AF7C77C6A28CB4CCB6123B5C16E0B
[TLS] sign_hash (32): AEC57CCAC7061E6733A90CD7D727BE1E271650147734C3E703D99F4D69CA9831
[TLS] Written transcript to proofs/MSG_TLS_4A3A69DD.out, proofs/SIG_TLS_4A3A69DD.out and proofs/PK_TLS_4A3A69DD.der
Signature verification succeeds
[TLS] Server time: 1619701812
[TLS] client_random  (32): 24684B07B3675695D2D17EF201FBFB1FFE13C3A6EE8E86DA077695AD444AF326
[TLS] sign_hash (32): A15E2B65E170E83152211729FF0D5DC80F3BDB26675FB07C2D4B7E60D34822D6
[TLS] Written transcript to proofs/MSG_TLS_24684B07.out, proofs/SIG_TLS_24684B07.out and proofs/PK_TLS_24684B07.der
Signature verification succeeds
[TLS] Server time: 1619701812
[TLS] client_random  (32): 5E2BCB42695C1E6345AA612D3B92CCD80E4EE33FEC4F64D7FBC58A1CCF2D1EDD
[TLS] sign_hash (32): 895D7D26D6BADAA0EA88F02D85B98411CAE9FF0E4FB3B54C942C8FB19A83D7B5
[TLS] Written transcript to proofs/MSG_TLS_5E2BCB42.out, proofs/SIG_TLS_5E2BCB42.out and proofs/PK_TLS_5E2BCB42.der
Signature verification succeeds
[TLS] Server time: 1619701812
[TLS] client_random  (32): 34C0621F5CC5470BEA78DA2F064E1651000A45903856C0989DAB9B0DBD988507
[TLS] sign_hash (32): 58406B74880E24BA9798DAA1DF0B86F3B431EF525BB55378615FF15DF741522C
[TLS] Written transcript to proofs/MSG_TLS_34C0621F.out, proofs/SIG_TLS_34C0621F.out and proofs/PK_TLS_34C0621F.der
Signature verification succeeds
[TLS] Server time: 1619701812
[TLS] client_random  (32): 1BA1D87FC78F247950119F2C0DC5F1B0A4B4FB4D4D8BDF5022A4442ED52D21D6
[TLS] sign_hash (32): 68E47DE57D864590149D82EFF63F818530471556216886779914FBC839FE17F8
[TLS] Written transcript to proofs/MSG_TLS_1BA1D87F.out, proofs/SIG_TLS_1BA1D87F.out and proofs/PK_TLS_1BA1D87F.der
Signature verification succeeds
[TLS] Server time: 1619701812
[TLS] client_random  (32): 32251210FA1B34F4E5EA95759383F1E21C821DBADE3E5393B2327A78D57BEAF4
[TLS] sign_hash (32): 076B5C6804E10E4390CBFA18D826A28FBAAFF510A7750816E7DD160343D7E3D2
[TLS] Written transcript to proofs/MSG_TLS_32251210.out, proofs/SIG_TLS_32251210.out and proofs/PK_TLS_32251210.der
Signature verification succeeds
[TLS] Server time: 1619701812
[TLS] client_random  (32): BA856FB93CC91864E3E43745B474E41BB990FF81015F26909FA746EC4B823186
[TLS] sign_hash (32): 61B827DC4E6D223734D66B1A5FCB71FE7F57F23DB32AC8AD0E5FCCBDDE3D741A
[TLS] Written transcript to proofs/MSG_TLS_BA856FB9.out, proofs/SIG_TLS_BA856FB9.out and proofs/PK_TLS_BA856FB9.der
Signature verification succeeds
[TLS] Server time: 1619701812
[TLS] client_random  (32): A999223FCD99B8729EEC0DB0B085CAB1687EC19726F47A45A61AC844C1019169
[TLS] sign_hash (32): 1F5F0FBF199E0A3CA78275D1FC9744FE4FBF3DB908F70D3A4464AE81F9D358E7
[TLS] Written transcript to proofs/MSG_TLS_A999223F.out, proofs/SIG_TLS_A999223F.out and proofs/PK_TLS_A999223F.der
Signature verification succeeds
[TLS] Server time: 1619701812
[TLS] client_random  (32): B75E8C6CA6CDDE32489EABFD32D9172FFC8A46DB72D73E74B1C9AB30A5A02530
[TLS] sign_hash (32): 4CEDF4A58BD68031A7D064B76F0AF47F96596AEC8D298BDA8EBBCE38EC3E4C68
[TLS] Written transcript to proofs/MSG_TLS_B75E8C6C.out, proofs/SIG_TLS_B75E8C6C.out and proofs/PK_TLS_B75E8C6C.der
Signature verification succeeds
[TLS] Server time: 1619701812
[TLS] client_random  (32): 141E7A71CE447C74A96BAF960EAC5D3C1ED2948C58A7F7D14F6BBA0BC8AC330C
[TLS] sign_hash (32): 9912299D85E7880C55E153AEB4DF811EF89C65E81F6DC3B39B5F3D09BF3618E1
[TLS] Written transcript to proofs/MSG_TLS_141E7A71.out, proofs/SIG_TLS_141E7A71.out and proofs/PK_TLS_141E7A71.der
Signature verification succeeds
[TLS] Server time: 1619701812
[TLS] client_random  (32): 6E32D3C18F3CCEA4B53428DE76A64DFAF109BE9A489775DFDE116A4CB75E0E0D
[TLS] sign_hash (32): 9EAFA33F1EB463A6E56259DE40D172E6C1E7D12ABAF1D9ADBD11E1A6F8715AAE
[TLS] Written transcript to proofs/MSG_TLS_6E32D3C1.out, proofs/SIG_TLS_6E32D3C1.out and proofs/PK_TLS_6E32D3C1.der
Signature verification succeeds
[TLS] Server time: 1619701812
[TLS] client_random  (32): 779B04567912580CA947FAA6E5C8BCDB631E083B9E1089766C9832FD8D50F27B
[TLS] sign_hash (32): AD9791999ADEB837C6497F1138DC6648BB1B21900C3DB88489FA539B7DB13826
[TLS] Written transcript to proofs/MSG_TLS_779B0456.out, proofs/SIG_TLS_779B0456.out and proofs/PK_TLS_779B0456.der
Signature verification succeeds
[TLS] Server time: 1619701812
[TLS] client_random  (32): F680415A12F54329237F2222E79DA85FB38A976BDF3AA88D5CE8FA5C784268DD
[TLS] sign_hash (32): A01D8C41E3BFEE7D07274FC7243AEF9E97011F3A6A747BBE2ACF950651B6CD32
[TLS] Written transcript to proofs/MSG_TLS_F680415A.out, proofs/SIG_TLS_F680415A.out and proofs/PK_TLS_F680415A.der
Signature verification succeeds
[TLS] Server time: 1619701812
[TLS] client_random  (32): 3B9E00E27C765415BDB02F07BF1BFE62A7C3CBB28BDDD1AB3DBD9A8F33B80AB5
[TLS] sign_hash (32): E0005469FF0293ABF0FC2B0D2DAD954431DA7EBB32C773D64E24A943A417F710
[TLS] Written transcript to proofs/MSG_TLS_3B9E00E2.out, proofs/SIG_TLS_3B9E00E2.out and proofs/PK_TLS_3B9E00E2.der
Signature verification succeeds
[TLS] Server time: 1619701812
[TLS] client_random  (32): 7C3780976DB09438417BC83F601D974070A316A481DFA3383547907E94DFE149
[TLS] sign_hash (32): 44F1CB7FBD7A9D0E1E47AF9230076AD726282F8F977FA948C86C0FBA36B425B4
[TLS] Written transcript to proofs/MSG_TLS_7C378097.out, proofs/SIG_TLS_7C378097.out and proofs/PK_TLS_7C378097.der
Signature verification succeeds
[TLS] Server time: 1619701812
[TLS] client_random  (32): CC4E77D2566C5AB8BE21149F7C2774A13A33354D0BB67CD432C50A6364E96196
[TLS] sign_hash (32): E56315E7F72DC7CA4CBD41211E1FD3628EE9727F775D8E1F7041C123F5230A58
[TLS] Written transcript to proofs/MSG_TLS_CC4E77D2.out, proofs/SIG_TLS_CC4E77D2.out and proofs/PK_TLS_CC4E77D2.der
Signature verification succeeds
[TLS] Server time: 1619701812
[TLS] client_random  (32): B217D1D69803289E380F2EECA921F3627CB468836B06E3DBC11E6B860E6A7B6B
[TLS] sign_hash (32): 21DFDE117EF1E05CC0EACE1D5AA963E2E0D35DCB85000F50874137EDD8524E4B
[TLS] Written transcript to proofs/MSG_TLS_B217D1D6.out, proofs/SIG_TLS_B217D1D6.out and proofs/PK_TLS_B217D1D6.der
Signature verification succeeds
[TLS] Server time: 1619701812
[TLS] client_random  (32): C94A4234165895A95F21DC55BDAEB799BC7AED71B735F8AFD25EC1ED54D71E2F
[TLS] sign_hash (32): 06B0C6519063F4850000C76F1DF4A093D6B3CAF9AB5F5FEAA061AD53CD10B917
[TLS] Written transcript to proofs/MSG_TLS_C94A4234.out, proofs/SIG_TLS_C94A4234.out and proofs/PK_TLS_C94A4234.der
Signature verification succeeds
[TLS] Server time: 1619701812
[TLS] client_random  (32): 12EC1916A2231DEAFDA69C70BDF338DA0911D8550D4DB1EEE194F862622D65A3
[TLS] sign_hash (32): 9EE8DF6082E26FFBEEE4A84D4EC1FC079EE446295C4368ECC77224B7E29B94D1
[TLS] Written transcript to proofs/MSG_TLS_12EC1916.out, proofs/SIG_TLS_12EC1916.out and proofs/PK_TLS_12EC1916.der
Signature verification succeeds
[TLS] Server time: 1619701812
[TLS] client_random  (32): 25763A370E159D65F5F8AE237B11E3CBA83806DDBB1ACC295E1FA7BF01CB0EB4
[TLS] sign_hash (32): 42523A78670DCF8118A5CB4A83D774ADD99296362EF1FC8EA511FCE008E098C4
[TLS] Written transcript to proofs/MSG_TLS_25763A37.out, proofs/SIG_TLS_25763A37.out and proofs/PK_TLS_25763A37.der
Signature verification succeeds
[TLS] Server time: 1619701812
[TLS] client_random  (32): 0370680D0426CEF99CC779A5F78CF043D955538783E27E494EED4C6FE07984A3
[TLS] sign_hash (32): 5F2D42CB34EF42234400AC6BF7F6300B0320C4BA090C9F5A9261FB5587C836EB
[TLS] Written transcript to proofs/MSG_TLS_0370680D.out, proofs/SIG_TLS_0370680D.out and proofs/PK_TLS_0370680D.der
Signature verification succeeds
[TLS] Server time: 1619701812
[TLS] client_random  (32): B5E97D9BF462E7EF78971761ACC866FA52461DD69656B0C347AE193F31F5393E
[TLS] sign_hash (32): 4CC522615B53390B3ACCCDEDD7599CE105A3024A6997D57B3234D076F9262803
[TLS] Written transcript to proofs/MSG_TLS_B5E97D9B.out, proofs/SIG_TLS_B5E97D9B.out and proofs/PK_TLS_B5E97D9B.der
Signature verification succeeds
[TLS] Server time: 1619701812
[TLS] client_random  (32): A46415D218D7CD60A9601B698AA3220745DB907EFB04D2A1BC26EBB098848D83
[TLS] sign_hash (32): 3780CC0E8C99A1DA31DDABA5D1F64C2647837E78882CBFFCFC128B1D7D5AB5F3
[TLS] Written transcript to proofs/MSG_TLS_A46415D2.out, proofs/SIG_TLS_A46415D2.out and proofs/PK_TLS_A46415D2.der
Signature verification succeeds
[TLS] Server time: 1619701812
[TLS] client_random  (32): E86142CF6C1A5C9FF66BF3D092C70394AED5E89727D05296B3E5B58CC0E7E4C1
[TLS] sign_hash (32): DEF3AA14DEC1446D14B2565E6109D2B0837DF352D463317FB616DA12C06CFE61
[TLS] Written transcript to proofs/MSG_TLS_E86142CF.out, proofs/SIG_TLS_E86142CF.out and proofs/PK_TLS_E86142CF.der
Signature verification succeeds
[TLS] Server time: 1619701812
[TLS] client_random  (32): 78C1FECDDFA9BE625EDEAA6ACDFC238091CB57AFA67DA8D89D7DD889292734C7
[TLS] sign_hash (32): F49DDF62AA36EA5C187F096AA7670F397726F2CB63D2F66749993233FEBE2559
[TLS] Written transcript to proofs/MSG_TLS_78C1FECD.out, proofs/SIG_TLS_78C1FECD.out and proofs/PK_TLS_78C1FECD.der
Signature verification succeeds
[TLS] Server time: 1619701812
[TLS] client_random  (32): 262315B81E0640877D3B474609489A713E4E806EBB421610CB363C3D06F8F4D1
[TLS] sign_hash (32): 191D9D0C3150960608790169D07BF7696626F6B1011ECD7EA0908DCDA917110D
[TLS] Written transcript to proofs/MSG_TLS_262315B8.out, proofs/SIG_TLS_262315B8.out and proofs/PK_TLS_262315B8.der
Signature verification succeeds
[TLS] Server time: 1619701812
[TLS] client_random  (32): 311855A465CE69FD04B417AFDB351547DD4597FC7509A5C31BA8496431CB8DA5
[TLS] sign_hash (32): CB76A850202F87D8189B3626B5B249DDB9A37FF37DB133B8CEBCA6D99F393703
[TLS] Written transcript to proofs/MSG_TLS_311855A4.out, proofs/SIG_TLS_311855A4.out and proofs/PK_TLS_311855A4.der
Signature verification succeeds
[TLS] Server time: 1619701812
[TLS] client_random  (32): 151AA61B03A2D25DB20E68EC63B8FFA1CA220EEA9A748E81CB7AFC3CE373B445
[TLS] sign_hash (32): 6BDD9E2F50E38E8DAA96FC45669E122367EE579920BE7AB6B6F408FBB087606C
[TLS] Written transcript to proofs/MSG_TLS_151AA61B.out, proofs/SIG_TLS_151AA61B.out and proofs/PK_TLS_151AA61B.der
Signature verification succeeds
[TLS] Server time: 1619701812
[TLS] client_random  (32): 9A957CC348DC2412C96D5EEF6707746C1B3958FFAF96EEAD3A6605DA8036185C
[TLS] sign_hash (32): 31003EEE92FB8E3D66DC7EA84CD862E00D51D4BBAB2DC6D3140C3D46A7F1F628
[TLS] Written transcript to proofs/MSG_TLS_9A957CC3.out, proofs/SIG_TLS_9A957CC3.out and proofs/PK_TLS_9A957CC3.der
Signature verification succeeds
[TLS] Server time: 1619701812
[TLS] client_random  (32): 494F3F31337597F5C572EFE965EA0FA0989C568F7FE1206B1261F3F0FF86D283
[TLS] sign_hash (32): DF0FEE5A3BD0E38A77A4E60B17A0E819DCC8EA11A0C9E9B12716178EC132F256
[TLS] Written transcript to proofs/MSG_TLS_494F3F31.out, proofs/SIG_TLS_494F3F31.out and proofs/PK_TLS_494F3F31.der
Signature verification succeeds
[TLS] Server time: 1619701812
[TLS] client_random  (32): D87085875C2674099C84E53AE1CD15934AB7C533EA7B8D7C26BE9AE8A68F23F4
[TLS] sign_hash (32): DFFEF4317A492E910F613E8C8DB6E750B73D745D15AC29013B2AB83CE3250603
[TLS] Written transcript to proofs/MSG_TLS_D8708587.out, proofs/SIG_TLS_D8708587.out and proofs/PK_TLS_D8708587.der
Signature verification succeeds
[TLS] Server time: 1619701812
[TLS] client_random  (32): 40FB4B9B9EFE24D5E826EC4E599A7172ABC36167DD7F3CA21BD8B7C59011112D
[TLS] sign_hash (32): 1EF4B3FE9B7D0AF5214270468A2F954764821407B7637D20F9E5F0C68E9F0CF1
[TLS] Written transcript to proofs/MSG_TLS_40FB4B9B.out, proofs/SIG_TLS_40FB4B9B.out and proofs/PK_TLS_40FB4B9B.der
Signature verification succeeds
[TLS] Server time: 1619701812
[TLS] client_random  (32): A853176C6B25AABE3D874CC47E52B8321DEECCA0AF03C88EE4114DA0F1C8B8FB
[TLS] sign_hash (32): DC5FEDF57360D2B37DD530B5DDCAAE19EBC68EEBE5BAA8757E1E17A972C83D5A
[TLS] Written transcript to proofs/MSG_TLS_A853176C.out, proofs/SIG_TLS_A853176C.out and proofs/PK_TLS_A853176C.der
Signature verification succeeds
[TLS] Server time: 1619701812
[TLS] client_random  (32): FC290515CEB02EC5A7618AC97910A79C3661AACE134B081F3AA9A6EDE51355EE
[TLS] sign_hash (32): A5635BDAA0B2B4A7FE2805D826872C983268241FDA614805A75ACDC43C3039B3
[TLS] Written transcript to proofs/MSG_TLS_FC290515.out, proofs/SIG_TLS_FC290515.out and proofs/PK_TLS_FC290515.der
Signature verification succeeds
[TLS] Server time: 1619701812
[TLS] client_random  (32): 91162564EDC323DB6F159E5CF4A3805EE3A88360B01802754B9392A563C63A43
[TLS] sign_hash (32): 9C5FB0FC047E6DEA511AB2AE6CE1A7C12F8939360BD02E0979417A4816145EFE
[TLS] Written transcript to proofs/MSG_TLS_91162564.out, proofs/SIG_TLS_91162564.out and proofs/PK_TLS_91162564.der
Signature verification succeeds
[TLS] Server time: 1619701812
[TLS] client_random  (32): 1C1A4548BED37CEC67127DDC05C261DEAD17C8C8EFE09C7226FC75FB2330A06D
[TLS] sign_hash (32): 1EACCC37E5EEA1C984A03B9C046F5961460442DEE75B4B9DF9F36E9AD22DEFAA
[TLS] Written transcript to proofs/MSG_TLS_1C1A4548.out, proofs/SIG_TLS_1C1A4548.out and proofs/PK_TLS_1C1A4548.der
Signature verification succeeds
[TLS] Server time: 1619701812
[TLS] client_random  (32): 84D851B430735A85944F8D50AAF33694BEE2FC1BED82593E2AAB2449CB80A2A9
[TLS] sign_hash (32): 204B522B88EA3181A468AB0282BFF7AD5E119CB82EA1281A93FC0AD8636A5618
[TLS] Written transcript to proofs/MSG_TLS_84D851B4.out, proofs/SIG_TLS_84D851B4.out and proofs/PK_TLS_84D851B4.der
Signature verification succeeds
[TLS] Server time: 1619701812
[TLS] client_random  (32): F5C4E668DF48020D26FC6A4503551BC72A4C3F83291A1C9BB6A0A012F1B49DB5
[TLS] sign_hash (32): 421CAC8883179ED71BA84764CA6305C041A419568441C01BA0A1E1F404EE95EE
[TLS] Written transcript to proofs/MSG_TLS_F5C4E668.out, proofs/SIG_TLS_F5C4E668.out and proofs/PK_TLS_F5C4E668.der
Signature verification succeeds
[TLS] Server time: 1619701812
[TLS] client_random  (32): F74EDFBD2433EDFEFCA81086F9B918F487045395D00D17473BE51E4B28BB7CCB
[TLS] sign_hash (32): ED8CF4FF282AD3217CBA53FFF1D5CE0DD96A315F809216A5DF5E193C263BACFD
[TLS] Written transcript to proofs/MSG_TLS_F74EDFBD.out, proofs/SIG_TLS_F74EDFBD.out and proofs/PK_TLS_F74EDFBD.der
Signature verification succeeds
[TLS] Server time: 1619701812
[TLS] client_random  (32): B0F58BC316C78DD46CDA9682E493B4DB24155B63B9E38F729E716F4C949CBB28
[TLS] sign_hash (32): BA28C67E604C701F1761A6A47408AD55F3611E1A2FD0E0A0190E5940049632DF
[TLS] Written transcript to proofs/MSG_TLS_B0F58BC3.out, proofs/SIG_TLS_B0F58BC3.out and proofs/PK_TLS_B0F58BC3.der
Signature verification succeeds
[TLS] Server time: 1619701812
[TLS] client_random  (32): 005C985F7E0D6DF1CD1BC9BA776BD151E5085AEA51D85156AE0079F1A18C0E01
[TLS] sign_hash (32): 487C8C2E35CEEC15804205A0A178F7475B975F2D0AFFB09863964A51D8B71538
[TLS] Written transcript to proofs/MSG_TLS_005C985F.out, proofs/SIG_TLS_005C985F.out and proofs/PK_TLS_005C985F.der
Signature verification succeeds
[TLS] Server time: 1619701812
[TLS] client_random  (32): A22C3BD2A44BDCEC062F3386BBBFD57753A775B5918EAC92D17E4A8A3163F09B
[TLS] sign_hash (32): 84E661931C496889141FAF5E4158F390EDDEE61022361903CE423E2D9BA0F083
[TLS] Written transcript to proofs/MSG_TLS_A22C3BD2.out, proofs/SIG_TLS_A22C3BD2.out and proofs/PK_TLS_A22C3BD2.der
Signature verification succeeds
[TLS] Server time: 1619701812
[TLS] client_random  (32): 824FD73923BD43B82F03AB9C3864CCE880BFC69B2341FB25C105EF23AAD522DE
[TLS] sign_hash (32): 9D6DDF451FD314CE92D43D5E20700A6B026163040886ECE737F457221CE4164B
[TLS] Written transcript to proofs/MSG_TLS_824FD739.out, proofs/SIG_TLS_824FD739.out and proofs/PK_TLS_824FD739.der
Signature verification succeeds
[TLS] Server time: 1619701812
[TLS] client_random  (32): 451BA062BC21D30628530BBB5A30108376658A6AA1B6F6983D32AC0DD10911CE
[TLS] sign_hash (32): 66CCB53604E41CE2F3F89840C629C0077A77FECA003C8163B919D05F3C569403
[TLS] Written transcript to proofs/MSG_TLS_451BA062.out, proofs/SIG_TLS_451BA062.out and proofs/PK_TLS_451BA062.der
Signature verification succeeds
[TLS] Server time: 1619701812
[TLS] client_random  (32): A8CFE737A0ABE9395E9BF2BAD33CBC4DBBB15E737B81CBD2116F855210400225
[TLS] sign_hash (32): 3B080B6D7CDDB09BB1B84100C51A0BEE72C3AF6460662A91FC046A5FFF42E97F
[TLS] Written transcript to proofs/MSG_TLS_A8CFE737.out, proofs/SIG_TLS_A8CFE737.out and proofs/PK_TLS_A8CFE737.der
Signature verification succeeds
[TLS] Server time: 1619701812
[TLS] client_random  (32): F9BD2E1C12A163FC12DB7EA2ECC24846E0238886972F2B17DE9ECA44DE8916F3
[TLS] sign_hash (32): 9C251C402A306FE0F4EABE33EEFC3122A06BE850C64A7D0E5CE1C276B92DEEEB
[TLS] Written transcript to proofs/MSG_TLS_F9BD2E1C.out, proofs/SIG_TLS_F9BD2E1C.out and proofs/PK_TLS_F9BD2E1C.der
Signature verification succeeds
[TLS] Server time: 1619701812
[TLS] client_random  (32): 4B363C7A942E2872ACEDAE3EDDE1926866F72FB83734FE6B055E46832BD36DB6
[TLS] sign_hash (32): 0F1AA3AF988FCFA0A6E4A5789D08F0DF7EBF20976814151A523B5B6ACE71B538
[TLS] Written transcript to proofs/MSG_TLS_4B363C7A.out, proofs/SIG_TLS_4B363C7A.out and proofs/PK_TLS_4B363C7A.der
Signature verification succeeds
[TLS] Server time: 1619701812
[TLS] client_random  (32): 6687C72D9BAA911947394E82261EEA26804049662312304BD062CA04F736DD15
[TLS] sign_hash (32): 1EA78B5CB0C3FBD2EF94D725830F48DDA96D36B37381147730440783FE4E7060
[TLS] Written transcript to proofs/MSG_TLS_6687C72D.out, proofs/SIG_TLS_6687C72D.out and proofs/PK_TLS_6687C72D.der
Signature verification succeeds
[TLS] Server time: 1619701812
[TLS] client_random  (32): 769AEEA42FDE21BF62ABD3A37773BFD97DAE1DCF5A682B27B63E8B4CC9522FE9
[TLS] sign_hash (32): 3E9C5A690DEADC8B66E37463CD12B4A0ABB1D1A62A5147A2652CCD4C0B3F90E6
[TLS] Written transcript to proofs/MSG_TLS_769AEEA4.out, proofs/SIG_TLS_769AEEA4.out and proofs/PK_TLS_769AEEA4.der
Signature verification succeeds
[TLS] Server time: 1619701812
[TLS] client_random  (32): 90DC66F1256F3EA5A7568272F0ABBA56013313B2D3C256BB5AD2153469444353
[TLS] sign_hash (32): 0E7ED962FC20BE6F174183DC11C967EB6F2A139B1855F626D074EC85088BF9A0
[TLS] Written transcript to proofs/MSG_TLS_90DC66F1.out, proofs/SIG_TLS_90DC66F1.out and proofs/PK_TLS_90DC66F1.der
Signature verification succeeds
Time breakdown (averages): anchor_ping:10.425774 file_read:0.139794 hashing:0.469826
Total time for 113 rounds is 1257.432794ms
Standard deviations: anchor_ping:1.665081 file_read:0.015414 hashing:0.003908
[Client-side ops] mean:0.609620 sd:0.015948
in & out anchor rand written to proofs/phase1.out
     61 [TLS] Server time: 1619701811
     53 [TLS] Server time: 1619701812
Count is 61
Count is 53
success: 1
RESULT: 1 in 2 tries
