TLS anchor: gold.ac.uk
Actual: 55, Set: 113
Beginning execution at Tue Apr 27 19:40:01 UTC 2021
CONF: anchor:gold.ac.uk fs:1024MB n_rounds:113 seed:5c9f4bf9bbc15bb855f82faedc5a52fc3ab2dfa8ec3ba3ce1b270f31fa0cced2 filename:FILE bs:1024 nops:100 benchmarking:0 anchor_ping:1 queue_depth:32 direct:0
[TLS] Connecting to gold.ac.uk
[TLS] Server time: 1619552401
[TLS] client_random  (32): 5C9F4BF9BBC15BB855F82FAEDC5A52FC3AB2DFA8EC3BA3CE1B270F31FA0CCED2
[TLS] sign_hash (32): 2214FBE9EB963D4A2FCC766809093B33B36D96BCAF253CAAE341911A1AE14086
[TLS] Written transcript to proofs/MSG_TLS_5C9F4BF9.out, proofs/SIG_TLS_5C9F4BF9.out and proofs/PK_TLS_5C9F4BF9.der
Signature verification succeeds
[TLS] Server time: 1619552401
[TLS] client_random  (32): 157CB5BC749EF614973CE0C80DCE664CB67B108CF672D83F46784794E37C7A29
[TLS] sign_hash (32): DD9BED43C4DA850F9360EB99B688310EFB6EEFE318B033D60D2B1EC1F34993AE
[TLS] Written transcript to proofs/MSG_TLS_157CB5BC.out, proofs/SIG_TLS_157CB5BC.out and proofs/PK_TLS_157CB5BC.der
Signature verification succeeds
[TLS] Server time: 1619552401
[TLS] client_random  (32): AF8E9272166F1FAD235ADE8E580708B5F965B207EA387BB4CD18230DD668ED87
[TLS] sign_hash (32): 14A917AFFC273B29007414A78903E4D056B031ED437F83DC5CCF723AA2118BE1
[TLS] Written transcript to proofs/MSG_TLS_AF8E9272.out, proofs/SIG_TLS_AF8E9272.out and proofs/PK_TLS_AF8E9272.der
Signature verification succeeds
[TLS] Server time: 1619552401
[TLS] client_random  (32): BC2EBB14D4C68B409154339CA2160FBD4C25FC85D1CE27E18815D5D1B231188E
[TLS] sign_hash (32): E40788F235E467F3CB4A7FEB110CA5B3B30B135347D1C2889DA6273999A62953
[TLS] Written transcript to proofs/MSG_TLS_BC2EBB14.out, proofs/SIG_TLS_BC2EBB14.out and proofs/PK_TLS_BC2EBB14.der
Signature verification succeeds
[TLS] Server time: 1619552401
[TLS] client_random  (32): C41539CE02A81FEA7C4B105695333932C00FFE1984FD7276E7E66BE14F22287C
[TLS] sign_hash (32): 2B60355A97D9674DF7C3BB0DA36D3E4D857C58381DC0008B7CCBD660D77759DA
[TLS] Written transcript to proofs/MSG_TLS_C41539CE.out, proofs/SIG_TLS_C41539CE.out and proofs/PK_TLS_C41539CE.der
Signature verification succeeds
[TLS] Server time: 1619552401
[TLS] client_random  (32): 7AEAE99BD538FE66F7F8A498DEA9B6DB73A464522F19CDD9478537C5045771BE
[TLS] sign_hash (32): 989740083E041A63BB4A12A2E4C0D0F2390728F23F33CAA8A0CA9C3407F7642C
[TLS] Written transcript to proofs/MSG_TLS_7AEAE99B.out, proofs/SIG_TLS_7AEAE99B.out and proofs/PK_TLS_7AEAE99B.der
Signature verification succeeds
[TLS] Server time: 1619552401
[TLS] client_random  (32): 7D7076865D3B81BD4C250207B1322D630A2FE574BEDE171A88DBB3A892141DC4
[TLS] sign_hash (32): ACFC74B8BBBE004A31D2007C42EC51E08CA999AF507A716EEF4B626929B80725
[TLS] Written transcript to proofs/MSG_TLS_7D707686.out, proofs/SIG_TLS_7D707686.out and proofs/PK_TLS_7D707686.der
Signature verification succeeds
[TLS] Server time: 1619552401
[TLS] client_random  (32): 4BCAF354D339BF8ED20F85FE7502B7A3D3DBFD7F847D846A8EED878AF3DB51D7
[TLS] sign_hash (32): 0EFF5112D534C504F96A5EB3700042EBFDC13ABFE9FAD490A3810290031F9845
[TLS] Written transcript to proofs/MSG_TLS_4BCAF354.out, proofs/SIG_TLS_4BCAF354.out and proofs/PK_TLS_4BCAF354.der
Signature verification succeeds
[TLS] Server time: 1619552401
[TLS] client_random  (32): FABB197E935A33F8CF98D7295519D7EE57738EDEFC70DCA0AA2C96875AF2CB76
[TLS] sign_hash (32): D7E3FC73A6F87DC9661CF6C5EA786393CF7ABB58634A616C2781E9E9FFE29B6B
[TLS] Written transcript to proofs/MSG_TLS_FABB197E.out, proofs/SIG_TLS_FABB197E.out and proofs/PK_TLS_FABB197E.der
Signature verification succeeds
[TLS] Server time: 1619552401
[TLS] client_random  (32): 3DB909F69E1D68562DB5EAEC21EA0FC25C41840CCA63AA721298BC9F48CE7648
[TLS] sign_hash (32): 1D6785324F1EC818E2057DA198F5C2D7420A6CD2D65C7C5FABA29DF13849E15F
[TLS] Written transcript to proofs/MSG_TLS_3DB909F6.out, proofs/SIG_TLS_3DB909F6.out and proofs/PK_TLS_3DB909F6.der
Signature verification succeeds
[TLS] Server time: 1619552401
[TLS] client_random  (32): DDBE425F9024F8286CA7D1F70DF8804882CCD0102F94AA5CE60F7FD0BFE8C94C
[TLS] sign_hash (32): 6B4E780A4B4CB1525AFA634538412D30A3337930B755C6871F8AF8EA97E1BB65
[TLS] Written transcript to proofs/MSG_TLS_DDBE425F.out, proofs/SIG_TLS_DDBE425F.out and proofs/PK_TLS_DDBE425F.der
Signature verification succeeds
[TLS] Server time: 1619552402
[TLS] client_random  (32): 1B5F20C4545402834333C98196873714BA4A160BCFF06A19B8B9052524D29656
[TLS] sign_hash (32): 1597B8C5C1ABD45487EACDB87BDCC7585E2849D2C22AEBD2BF4E58D85D86F6A4
[TLS] Written transcript to proofs/MSG_TLS_1B5F20C4.out, proofs/SIG_TLS_1B5F20C4.out and proofs/PK_TLS_1B5F20C4.der
Signature verification succeeds
[TLS] Server time: 1619552402
[TLS] client_random  (32): 9CD0E4CD9B7F5106E2A41387F91C302CF160CEC011206D6C17E7DD6A45D6BAE3
[TLS] sign_hash (32): C833C6BB818591BBD23DBA5A72E01CEB74C6621DD7C3F04FC227B90BBBC339AA
[TLS] Written transcript to proofs/MSG_TLS_9CD0E4CD.out, proofs/SIG_TLS_9CD0E4CD.out and proofs/PK_TLS_9CD0E4CD.der
Signature verification succeeds
[TLS] Server time: 1619552402
[TLS] client_random  (32): 6631E589265B99CB849DCF7DCE64D2CF1469D3E62F21E1A6CF1AEFA78E731EA5
[TLS] sign_hash (32): 2901B87D855858BDD9E9A3FEBE317A7B4C25E2807133746929ED868B3F7D5FC7
[TLS] Written transcript to proofs/MSG_TLS_6631E589.out, proofs/SIG_TLS_6631E589.out and proofs/PK_TLS_6631E589.der
Signature verification succeeds
[TLS] Server time: 1619552402
[TLS] client_random  (32): F86364E4F5702C9D7EE0D01C26E281C5B0391B67B2884F40A1C42FE5EA9AD38E
[TLS] sign_hash (32): CB193D4604846B0D06F1342156259C91283AC816FAC866BA7525F9179C0BA38B
[TLS] Written transcript to proofs/MSG_TLS_F86364E4.out, proofs/SIG_TLS_F86364E4.out and proofs/PK_TLS_F86364E4.der
Signature verification succeeds
[TLS] Server time: 1619552402
[TLS] client_random  (32): 451DEC838B612E35EF284331C7C3E75D2E4EB895990A50FD7DE14DA38C82B6AA
[TLS] sign_hash (32): 19EDE6BD2F110756FFA74A680C39DE7F3FAFBE5A32E404DAA89374A585F09A37
[TLS] Written transcript to proofs/MSG_TLS_451DEC83.out, proofs/SIG_TLS_451DEC83.out and proofs/PK_TLS_451DEC83.der
Signature verification succeeds
[TLS] Server time: 1619552402
[TLS] client_random  (32): 6F50235C39D3C6A80E6EFADD23579B2892F2D2F5347BCA45DADB25D18332495C
[TLS] sign_hash (32): 3971822B19A3097F510ED43ECF71F5A6FDF984A3724BDFA7266C86EB80D4C0B0
[TLS] Written transcript to proofs/MSG_TLS_6F50235C.out, proofs/SIG_TLS_6F50235C.out and proofs/PK_TLS_6F50235C.der
Signature verification succeeds
[TLS] Server time: 1619552402
[TLS] client_random  (32): 19FD415C97E060B3744876751C176C2655357B33C4EBB691E267C74B5CE0C2D7
[TLS] sign_hash (32): 5668CB52CD4B004532580D9FBA3034ECA0A31DDE8FFC51668541433B7DBD976F
[TLS] Written transcript to proofs/MSG_TLS_19FD415C.out, proofs/SIG_TLS_19FD415C.out and proofs/PK_TLS_19FD415C.der
Signature verification succeeds
[TLS] Server time: 1619552402
[TLS] client_random  (32): 77385C3E80593DA553A09C29A355D5B8D579C0E160B3CBD62B18F4E54C085670
[TLS] sign_hash (32): 4C17F3AAF9E3C64D6CAAE50892B0A697E82AD96F7047DA91A1E34A3725C616F5
[TLS] Written transcript to proofs/MSG_TLS_77385C3E.out, proofs/SIG_TLS_77385C3E.out and proofs/PK_TLS_77385C3E.der
Signature verification succeeds
[TLS] Server time: 1619552402
[TLS] client_random  (32): 787E20F609A72EB8A00E9144621994AF891475A4C41FF8BB2CF94D0EF7E097DC
[TLS] sign_hash (32): EE7D83256D49DCB63C0C73419AFEC10A64BD110EF665998FBBFA5C28B46924ED
[TLS] Written transcript to proofs/MSG_TLS_787E20F6.out, proofs/SIG_TLS_787E20F6.out and proofs/PK_TLS_787E20F6.der
Signature verification succeeds
[TLS] Server time: 1619552402
[TLS] client_random  (32): C8BED3D2C12D22E931B9297FD2B0766D0D9AD386F37B9E757C65063F1478C090
[TLS] sign_hash (32): 35CD6E134407C02BF2D1CE6217D3F116A615F6F5333A0EB908872C9AEDC31382
[TLS] Written transcript to proofs/MSG_TLS_C8BED3D2.out, proofs/SIG_TLS_C8BED3D2.out and proofs/PK_TLS_C8BED3D2.der
Signature verification succeeds
[TLS] Server time: 1619552403
[TLS] client_random  (32): 38DB15F360E23808F64DB2D248F9D7CC89870D4F7F827DF77EC7A244166F2B44
[TLS] sign_hash (32): 613F7DEA651BEE9D84554BE0D5AEFCBF3760E027FAE59CBF462F52997C9D74AC
[TLS] Written transcript to proofs/MSG_TLS_38DB15F3.out, proofs/SIG_TLS_38DB15F3.out and proofs/PK_TLS_38DB15F3.der
Signature verification succeeds
[TLS] Server time: 1619552404
[TLS] client_random  (32): 6605DF6AF62441768BCAB5186324E57EEA9AF8BE77825B85DF33621B0295FCE3
[TLS] sign_hash (32): B57E17CAB18CB13C2DC7EE2D7AAD7A4CB57BCDC933376E68A0F60AF1F65BA5DA
[TLS] Written transcript to proofs/MSG_TLS_6605DF6A.out, proofs/SIG_TLS_6605DF6A.out and proofs/PK_TLS_6605DF6A.der
Signature verification succeeds
[TLS] Server time: 1619552404
[TLS] client_random  (32): 111C56D5C3801D719BBE8179B6E80DB977CF9010C62B6FDBE9A4BD72E3FC9EB0
[TLS] sign_hash (32): C12DE74A3F17DA08D1D51F834D5BCBC167F1EAC73BD5E46B976951A16FA7F9C1
[TLS] Written transcript to proofs/MSG_TLS_111C56D5.out, proofs/SIG_TLS_111C56D5.out and proofs/PK_TLS_111C56D5.der
Signature verification succeeds
[TLS] Server time: 1619552405
[TLS] client_random  (32): F81F532BE2784E9731CD1372B0384A6BC98AECE06809D94D25734D18BC203D09
[TLS] sign_hash (32): A5C018B02A7CD126D56C7A88BF0A2F4D5699AF3730ACF4F769BBEF641CE8F520
[TLS] Written transcript to proofs/MSG_TLS_F81F532B.out, proofs/SIG_TLS_F81F532B.out and proofs/PK_TLS_F81F532B.der
Signature verification succeeds
[TLS] Server time: 1619552405
[TLS] client_random  (32): 982D90B4CDA9F6B65E8D20F1EE6A9569657B2027BEB5C57DCF98B91716AC7780
[TLS] sign_hash (32): 05D0EF6367BAE5FE83BF62E85540CC626F6DC608888C134ADA54A0D7FB977112
[TLS] Written transcript to proofs/MSG_TLS_982D90B4.out, proofs/SIG_TLS_982D90B4.out and proofs/PK_TLS_982D90B4.der
Signature verification succeeds
[TLS] Server time: 1619552405
[TLS] client_random  (32): 4644C9B48FD3CC25A0B0D50AE75BE74BF7AAAA7B82D991C6D3166970F54DBF11
[TLS] sign_hash (32): 5C5F1FF72D62F73F071F42BAF9DF41267C033588F71296D6EBAB0C0338F1BB3E
[TLS] Written transcript to proofs/MSG_TLS_4644C9B4.out, proofs/SIG_TLS_4644C9B4.out and proofs/PK_TLS_4644C9B4.der
Signature verification succeeds
[TLS] Server time: 1619552405
[TLS] client_random  (32): AE3B0926DBCE9DBBD4C1E00C466617FCA6DFA7CA98FFC473A482E71628C2BB40
[TLS] sign_hash (32): 83F55A7B3619AEBAF5CD32A2C3E0116B48A855CEA22917B573E30E2030E479DA
[TLS] Written transcript to proofs/MSG_TLS_AE3B0926.out, proofs/SIG_TLS_AE3B0926.out and proofs/PK_TLS_AE3B0926.der
Signature verification succeeds
[TLS] Server time: 1619552405
[TLS] client_random  (32): 848F167982FB17207349A1EF7999F63207C9E148ECAEB32F2FD54DF2DA20B54C
[TLS] sign_hash (32): 9174E1701E39532B7FE710D6DC568ED84B7EBB9D094E8664EF5AFD91999CD10C
[TLS] Written transcript to proofs/MSG_TLS_848F1679.out, proofs/SIG_TLS_848F1679.out and proofs/PK_TLS_848F1679.der
Signature verification succeeds
[TLS] Server time: 1619552405
[TLS] client_random  (32): 6910591D43243769C357535C5F0A3432D64E12D7580775EED0D1D17B2407F3D9
[TLS] sign_hash (32): BB0848118F562DA65E2BB0878AAA67C0DA3A6C7AEC673C2B5DC6B936BF6ED6A3
[TLS] Written transcript to proofs/MSG_TLS_6910591D.out, proofs/SIG_TLS_6910591D.out and proofs/PK_TLS_6910591D.der
Signature verification succeeds
[TLS] Server time: 1619552405
[TLS] client_random  (32): 255B4772ABE1BCF35183FD14744EDF5F429A08A925714214AC9D94C5EA7FE39D
[TLS] sign_hash (32): 4A51B2356A50258F9C22C679BD76C45B83032829120879BF33EE18B6E1C7CF17
[TLS] Written transcript to proofs/MSG_TLS_255B4772.out, proofs/SIG_TLS_255B4772.out and proofs/PK_TLS_255B4772.der
Signature verification succeeds
[TLS] Server time: 1619552405
[TLS] client_random  (32): 78DCD01943F2F27DC79DCF95F66FA68CAD47A8ECC37792B8CF27FA6A60970DF7
[TLS] sign_hash (32): 96BA5DFDCFCD3033ABFA4B79B2648C0BCAF2D6D95B14757FF3AF077B2710358F
[TLS] Written transcript to proofs/MSG_TLS_78DCD019.out, proofs/SIG_TLS_78DCD019.out and proofs/PK_TLS_78DCD019.der
Signature verification succeeds
[TLS] Server time: 1619552406
[TLS] client_random  (32): EDEBA063986E39594F7ABEEE88E2A9A494C9CC0399A89DC0C8C5EE4401487C16
[TLS] sign_hash (32): DE304DBAE2879283AADDFB95930076778C01A6A13CD098A614501D36EAB5289F
[TLS] Written transcript to proofs/MSG_TLS_EDEBA063.out, proofs/SIG_TLS_EDEBA063.out and proofs/PK_TLS_EDEBA063.der
Signature verification succeeds
[TLS] Server time: 1619552406
[TLS] client_random  (32): BC59DB950ABF38F13C3DEC467DDC1C81CDF27A660003E61B4939A9C269891934
[TLS] sign_hash (32): 59A9247F19087B49FD5CC2F27AFC5546400B5C8ECA1F44AB600D60091D467C28
[TLS] Written transcript to proofs/MSG_TLS_BC59DB95.out, proofs/SIG_TLS_BC59DB95.out and proofs/PK_TLS_BC59DB95.der
Signature verification succeeds
[TLS] Server time: 1619552406
[TLS] client_random  (32): 3C58F6E2CCF7D49202F0F1966E95438689E2170E0642DD012464CBF2F7CCB18E
[TLS] sign_hash (32): 8DC94F99CAD5E9280B4637F26171C16ABB821F3FAA48CAC004503CC949FBC8D6
[TLS] Written transcript to proofs/MSG_TLS_3C58F6E2.out, proofs/SIG_TLS_3C58F6E2.out and proofs/PK_TLS_3C58F6E2.der
Signature verification succeeds
[TLS] Server time: 1619552406
[TLS] client_random  (32): 53A6550724524887F7CCAF66E34C2EC46EE6025AF52883D3531A1B53C4F6DEA0
[TLS] sign_hash (32): 93891963A3E307A56C8BC05BF8C1646D8D900EBA297DC546ED1BB811AF7D07D5
[TLS] Written transcript to proofs/MSG_TLS_53A65507.out, proofs/SIG_TLS_53A65507.out and proofs/PK_TLS_53A65507.der
Signature verification succeeds
[TLS] Server time: 1619552406
[TLS] client_random  (32): 6E5757F239BCBE27A2794794D053B207090ED8490B73E27336191C846D022DD4
[TLS] sign_hash (32): 6F622E66BAC6B10E7B23DD382ACF976EF915480177447163E67269AC7C00E37D
[TLS] Written transcript to proofs/MSG_TLS_6E5757F2.out, proofs/SIG_TLS_6E5757F2.out and proofs/PK_TLS_6E5757F2.der
Signature verification succeeds
[TLS] Server time: 1619552406
[TLS] client_random  (32): 692B6C47E250E6DFA75DAF637D9DF9BED99F4B8BF14BF441BA15CE35B6E6E0D0
[TLS] sign_hash (32): 81810681C318EEBA91FAB3AA0BA34A906F7E756F6B73CD854EC30AA377AC43E6
[TLS] Written transcript to proofs/MSG_TLS_692B6C47.out, proofs/SIG_TLS_692B6C47.out and proofs/PK_TLS_692B6C47.der
Signature verification succeeds
[TLS] Server time: 1619552406
[TLS] client_random  (32): 1FA69F427A182FCEA62850825CC62ACF7F24EEF7F1E5940B6C48CB0FAE9C5F13
[TLS] sign_hash (32): 54B279DCB3D163DEF593AA21CF0D89341408275D75ACA94AD8BC7B5DA55A786C
[TLS] Written transcript to proofs/MSG_TLS_1FA69F42.out, proofs/SIG_TLS_1FA69F42.out and proofs/PK_TLS_1FA69F42.der
Signature verification succeeds
[TLS] Server time: 1619552406
[TLS] client_random  (32): 4F24AD24F6C75725FB48675F526438BDDE73749DB0D7FA67C79900E5CE7F6E0B
[TLS] sign_hash (32): 109E0D91E7BDFF1FD08B01994885DE3F0E45112BA9EE818D0B9323260CA8CE3E
[TLS] Written transcript to proofs/MSG_TLS_4F24AD24.out, proofs/SIG_TLS_4F24AD24.out and proofs/PK_TLS_4F24AD24.der
Signature verification succeeds
[TLS] Server time: 1619552406
[TLS] client_random  (32): 36EDC98A2E696474D547A4B4F509D3C0C1E58CA95643DA4140B12146E629612C
[TLS] sign_hash (32): 620F0D4088962D2BA742CBAA89CF98977A6FCE11A551416C44C28853AF0CA6CD
[TLS] Written transcript to proofs/MSG_TLS_36EDC98A.out, proofs/SIG_TLS_36EDC98A.out and proofs/PK_TLS_36EDC98A.der
Signature verification succeeds
[TLS] Server time: 1619552406
[TLS] client_random  (32): D8E72660442F94A5A56CE46EFAAD92974F24F2574633ADE92583FB13B6D2FFD8
[TLS] sign_hash (32): 404D3742F9A28C7950C26A5669499EE314770076410552AFC6B8C498C51A3319
[TLS] Written transcript to proofs/MSG_TLS_D8E72660.out, proofs/SIG_TLS_D8E72660.out and proofs/PK_TLS_D8E72660.der
Signature verification succeeds
[TLS] Server time: 1619552406
[TLS] client_random  (32): F3A14DC617E941EC01140E164A20111FEB81AA6DA51BC98F94848C1C9E82DB0D
[TLS] sign_hash (32): BF9FB68D0AEAC8A9B38DDF436D770718ABE652275639BA795B88BA07B21B9E98
[TLS] Written transcript to proofs/MSG_TLS_F3A14DC6.out, proofs/SIG_TLS_F3A14DC6.out and proofs/PK_TLS_F3A14DC6.der
Signature verification succeeds
[TLS] Server time: 1619552406
[TLS] client_random  (32): 1761BA1A35F43E697D0C113F50805A35F831E7F12E18D456771E6443D1A5695C
[TLS] sign_hash (32): 4E7152599CFC18C5A023EE968E56C7AAA93F5392F3CA3E8B175E151F927D079A
[TLS] Written transcript to proofs/MSG_TLS_1761BA1A.out, proofs/SIG_TLS_1761BA1A.out and proofs/PK_TLS_1761BA1A.der
Signature verification succeeds
[TLS] Server time: 1619552406
[TLS] client_random  (32): BDA957C8D6136D6E81378DE77C36F9CE433BDC1F74D4EAC48424917D0F568670
[TLS] sign_hash (32): 0C616045AAB2AC2B52D8169BE75DAA37124893CB388B69FF5A3386D641CC3157
[TLS] Written transcript to proofs/MSG_TLS_BDA957C8.out, proofs/SIG_TLS_BDA957C8.out and proofs/PK_TLS_BDA957C8.der
Signature verification succeeds
[TLS] Server time: 1619552406
[TLS] client_random  (32): 51EC937AC56AAFD37B330D3E4BAAE2D22228AE4C1F02B67BDF00692BA9372EC7
[TLS] sign_hash (32): FC1B08DC037A5E518602337647032716410EB5BB4454A92F21A311FB18F92EBF
[TLS] Written transcript to proofs/MSG_TLS_51EC937A.out, proofs/SIG_TLS_51EC937A.out and proofs/PK_TLS_51EC937A.der
Signature verification succeeds
[TLS] Server time: 1619552406
[TLS] client_random  (32): 4105D1FA72FA3483A8F8A425BB40F09400B310D89FD2F20C28D6A8685613FF40
[TLS] sign_hash (32): 2CC0ED3A04CF4B0DBE879263CB6336EBAE7594AFA4E8A128D766743E92589315
[TLS] Written transcript to proofs/MSG_TLS_4105D1FA.out, proofs/SIG_TLS_4105D1FA.out and proofs/PK_TLS_4105D1FA.der
Signature verification succeeds
[TLS] Server time: 1619552406
[TLS] client_random  (32): DF8E99555DADC1A4C11E273C0AE92468C988A75783A29AEDCD06FFBC6D79A0F2
[TLS] sign_hash (32): 2BD3A09D5FA1218009405235A8CF4FB16B01A9D2D44D2F5BAF0C24FA7BF89DB1
[TLS] Written transcript to proofs/MSG_TLS_DF8E9955.out, proofs/SIG_TLS_DF8E9955.out and proofs/PK_TLS_DF8E9955.der
Signature verification succeeds
[TLS] Server time: 1619552406
[TLS] client_random  (32): 91F22C39EAA03794483F48D7F0AB500E71408EBCFA44A8AA0AFC19E3860EF387
[TLS] sign_hash (32): 7D90B13919D04609F5CE4197F36A6AE4EBC594F97AE08147210AEFD3ED08CE10
[TLS] Written transcript to proofs/MSG_TLS_91F22C39.out, proofs/SIG_TLS_91F22C39.out and proofs/PK_TLS_91F22C39.der
Signature verification succeeds
[TLS] Server time: 1619552407
[TLS] client_random  (32): 947B25906EAD543261C4FAC734E5B0649E4E16CEF40EB72D80AB1E044DED7F2A
[TLS] sign_hash (32): 61C3A38FDF17A72F24CD8CA17A6AE37246258AAC313246C1F8FEB1785487265C
[TLS] Written transcript to proofs/MSG_TLS_947B2590.out, proofs/SIG_TLS_947B2590.out and proofs/PK_TLS_947B2590.der
Signature verification succeeds
[TLS] Server time: 1619552407
[TLS] client_random  (32): F08E65156F9560A6D9C3CD0DF7ECD9E66823DE2DA696F1155C89804AFA6D64F9
[TLS] sign_hash (32): 9CA8C02263EF3003B758001F77BD811611EBCD3E05DA08236FC009A93734DA1D
[TLS] Written transcript to proofs/MSG_TLS_F08E6515.out, proofs/SIG_TLS_F08E6515.out and proofs/PK_TLS_F08E6515.der
Signature verification succeeds
[TLS] Server time: 1619552407
[TLS] client_random  (32): AFE1AB45394D6F9FFC209E1BB463C0A215E294E07262AC1B00B7E4A6EFCFC9CE
[TLS] sign_hash (32): 08DA8219881443BDDD4E835805DDF05E539DD19402515CB83801BA78556B7FDB
[TLS] Written transcript to proofs/MSG_TLS_AFE1AB45.out, proofs/SIG_TLS_AFE1AB45.out and proofs/PK_TLS_AFE1AB45.der
Signature verification succeeds
[TLS] Server time: 1619552407
[TLS] client_random  (32): 03553ED6ADE692E273800B385E185E1B25D464BB8DB63226C7CFAF741329C792
[TLS] sign_hash (32): 5B1F544B0A740E4763990E31192499DF619E8DCF51B345D866503D38E2AA27C7
[TLS] Written transcript to proofs/MSG_TLS_03553ED6.out, proofs/SIG_TLS_03553ED6.out and proofs/PK_TLS_03553ED6.der
Signature verification succeeds
[TLS] Server time: 1619552407
[TLS] client_random  (32): 5F6121C4D15D709F6AA160110A559500147B4207B83053E05EA26181AE79A33B
[TLS] sign_hash (32): 97786188BB3359DEF1E836CC3CB408CF9238AF506A1360566171E7EFA5A0C058
[TLS] Written transcript to proofs/MSG_TLS_5F6121C4.out, proofs/SIG_TLS_5F6121C4.out and proofs/PK_TLS_5F6121C4.der
Signature verification succeeds
[TLS] Server time: 1619552407
[TLS] client_random  (32): 65A6F512729FCA005778CDD348D55053BA898D3E884714607FDF0D1DEF93C859
[TLS] sign_hash (32): 8BFDA112D3474406218D02CB5C5E059CE97895521B52C5CD61B6959E2ABEDCC1
[TLS] Written transcript to proofs/MSG_TLS_65A6F512.out, proofs/SIG_TLS_65A6F512.out and proofs/PK_TLS_65A6F512.der
Signature verification succeeds
[TLS] Server time: 1619552407
[TLS] client_random  (32): 2EFAD139FB809CF6DE0219E731DF1766C1CB2F9463DB182E7547C5102E0DE7F8
[TLS] sign_hash (32): 8FEE3C30C9D7B792223908C831E06C48E9E0B37DDABF73999DE559D758E641B9
[TLS] Written transcript to proofs/MSG_TLS_2EFAD139.out, proofs/SIG_TLS_2EFAD139.out and proofs/PK_TLS_2EFAD139.der
Signature verification succeeds
[TLS] Server time: 1619552407
[TLS] client_random  (32): E2E2AED21AE5BC4175D30D7C5DC7EE1A23B4FE1841B7BEADC35E01BD8BA78652
[TLS] sign_hash (32): AA7D5AB8C9A2D23B4B2A72195B1C367E76ADF5E054916A08DD3771E5CC4CCB33
[TLS] Written transcript to proofs/MSG_TLS_E2E2AED2.out, proofs/SIG_TLS_E2E2AED2.out and proofs/PK_TLS_E2E2AED2.der
Signature verification succeeds
[TLS] Server time: 1619552407
[TLS] client_random  (32): EDB06F8410C7EB72D4075AAFA11FC821857CEAAF0F3A87042396EC1E363FBD23
[TLS] sign_hash (32): 829F6A49DC2E36CB2A148EA626F1C75E806473E000657CCB8681659CA36E1EEA
[TLS] Written transcript to proofs/MSG_TLS_EDB06F84.out, proofs/SIG_TLS_EDB06F84.out and proofs/PK_TLS_EDB06F84.der
Signature verification succeeds
[TLS] Server time: 1619552407
[TLS] client_random  (32): E4155DE25A06DFBFA3B39906ADEB9554865640548A9FF541FE7A7DFAD8312EAB
[TLS] sign_hash (32): DC9B69FF6083300AD79C96EC21B874AEC0AB6457775E26F3B64C588F91CA2F58
[TLS] Written transcript to proofs/MSG_TLS_E4155DE2.out, proofs/SIG_TLS_E4155DE2.out and proofs/PK_TLS_E4155DE2.der
Signature verification succeeds
[TLS] Server time: 1619552407
[TLS] client_random  (32): FC8EB4BD43C83EA7D3FC9D2A66851966158DAC3582C1AAC03B1695943E17CBF9
[TLS] sign_hash (32): 3A3B5E20EE1715B1CD583DB0F04EC3F06920B354E413AE1EEA641BB587F99866
[TLS] Written transcript to proofs/MSG_TLS_FC8EB4BD.out, proofs/SIG_TLS_FC8EB4BD.out and proofs/PK_TLS_FC8EB4BD.der
Signature verification succeeds
[TLS] Server time: 1619552407
[TLS] client_random  (32): A075B52191C6A2F3F8025965AA4BEDAFC9F8E8F30148261409232E9B8D955D8E
[TLS] sign_hash (32): B42E6DCE09F8B6B2ABCD2DF215E5C3CFCFB9A5B72D912E68000E67FC121AB12D
[TLS] Written transcript to proofs/MSG_TLS_A075B521.out, proofs/SIG_TLS_A075B521.out and proofs/PK_TLS_A075B521.der
Signature verification succeeds
[TLS] Server time: 1619552407
[TLS] client_random  (32): AAF7284A5819A281E6D17E5C95656B8EF1C292237E0AB11FD776A839553BE8F8
[TLS] sign_hash (32): 1F5A2EC93B62A368E03D280D8A1278DEEAAFE2D9D52D520E42EE72A6EA8D0E96
[TLS] Written transcript to proofs/MSG_TLS_AAF7284A.out, proofs/SIG_TLS_AAF7284A.out and proofs/PK_TLS_AAF7284A.der
Signature verification succeeds
[TLS] Server time: 1619552407
[TLS] client_random  (32): 3B45C631AA316E9A3EEA313F11EF7EAA457EB919C05220A5FA04C78CCD43ACED
[TLS] sign_hash (32): C4387A197D17A5368F101FA0203AB0CEE3C4D9C60D0117470FFC99F77D789421
[TLS] Written transcript to proofs/MSG_TLS_3B45C631.out, proofs/SIG_TLS_3B45C631.out and proofs/PK_TLS_3B45C631.der
Signature verification succeeds
[TLS] Server time: 1619552407
[TLS] client_random  (32): 04530971F604BAA86C1790CA305D1011405830E126B60EDD04512F620366A843
[TLS] sign_hash (32): 733B40A514C937A464D5041C9FE5FD02762808E7747A9DE3E5B449A88247AA7B
[TLS] Written transcript to proofs/MSG_TLS_04530971.out, proofs/SIG_TLS_04530971.out and proofs/PK_TLS_04530971.der
Signature verification succeeds
[TLS] Server time: 1619552407
[TLS] client_random  (32): 46D9C22F248FAE5B83BC9CCB385365F3E5F6FE88767D8FCF980DD0984D8195EA
[TLS] sign_hash (32): 5B5D7EEB1F86A99553A04D4C8E9A2D99ACAE390A86D686AAF51EA87EBBB99091
[TLS] Written transcript to proofs/MSG_TLS_46D9C22F.out, proofs/SIG_TLS_46D9C22F.out and proofs/PK_TLS_46D9C22F.der
Signature verification succeeds
[TLS] Server time: 1619552407
[TLS] client_random  (32): 0925659119279B53B3D077B7D08E9849ED8555FDDD9C81021DF647CB0EA912F9
[TLS] sign_hash (32): 43A379C59AECCB5338561E0FD36122B3B67A5994AE491E583B883D7B71DFCB4A
[TLS] Written transcript to proofs/MSG_TLS_09256591.out, proofs/SIG_TLS_09256591.out and proofs/PK_TLS_09256591.der
Signature verification succeeds
[TLS] Server time: 1619552407
[TLS] client_random  (32): 91E40CA505938849D66313C21D2076033BDDC9986BA67B590DF628EAA58E4060
[TLS] sign_hash (32): B8917EA3834EC009CB14048CA83975A8E8A087C2F496021605A5C1532ABDA5B9
[TLS] Written transcript to proofs/MSG_TLS_91E40CA5.out, proofs/SIG_TLS_91E40CA5.out and proofs/PK_TLS_91E40CA5.der
Signature verification succeeds
[TLS] Server time: 1619552407
[TLS] client_random  (32): BD73AA8380C6C2C089A1188FF743BC33715707DE3D596DA4B24C82F8A5D9FE77
[TLS] sign_hash (32): BD6A5E31DC74F7CBDDDA2962FC0D975F67203873C0E6E0191F61B32CAAD09B71
[TLS] Written transcript to proofs/MSG_TLS_BD73AA83.out, proofs/SIG_TLS_BD73AA83.out and proofs/PK_TLS_BD73AA83.der
Signature verification succeeds
[TLS] Server time: 1619552407
[TLS] client_random  (32): F70C28B6642D3F4132A4918B6AB751AB30A762A42533A3A32E6E68CAD9097BBA
[TLS] sign_hash (32): 46FB4E7E7D4F90AF953B7475899AEEDC3A7E5EAE931966C84DE09069A27F6EAC
[TLS] Written transcript to proofs/MSG_TLS_F70C28B6.out, proofs/SIG_TLS_F70C28B6.out and proofs/PK_TLS_F70C28B6.der
Signature verification succeeds
[TLS] Server time: 1619552407
[TLS] client_random  (32): 01ED00F5036DEBA27D2CF8056D2ED4D54F19A88096F96A87F08434F5ED2990DA
[TLS] sign_hash (32): 8615633CD4A83839BBA76E178C814BE938A1283953E7B2C991E157D3FB11DE12
[TLS] Written transcript to proofs/MSG_TLS_01ED00F5.out, proofs/SIG_TLS_01ED00F5.out and proofs/PK_TLS_01ED00F5.der
Signature verification succeeds
[TLS] Server time: 1619552407
[TLS] client_random  (32): 81906C0C870CA69DA600538B46574C57898028F455C91B7559E477BC9192123B
[TLS] sign_hash (32): 91867415C5409990742D6511B702DC4F98CD68DEB0F0F74566D3EC12F36E595A
[TLS] Written transcript to proofs/MSG_TLS_81906C0C.out, proofs/SIG_TLS_81906C0C.out and proofs/PK_TLS_81906C0C.der
Signature verification succeeds
[TLS] Server time: 1619552407
[TLS] client_random  (32): 1B2B9AFF976D107B17862188A7F462431F991736579D7947217FDE776FB59647
[TLS] sign_hash (32): 8837062EE27CDD3FE68E3A1A7770548CEEA52C2B7C912791C16AABCB045A6CB8
[TLS] Written transcript to proofs/MSG_TLS_1B2B9AFF.out, proofs/SIG_TLS_1B2B9AFF.out and proofs/PK_TLS_1B2B9AFF.der
Signature verification succeeds
[TLS] Server time: 1619552407
[TLS] client_random  (32): D0A1E6D591099FB4BB32545F61970336EF7D0C83BEC472C7AA0B602A39A81B36
[TLS] sign_hash (32): 992526C19EECE688522D8CCC40BA726890C8698864045A6850DD5BE7F5207D7C
[TLS] Written transcript to proofs/MSG_TLS_D0A1E6D5.out, proofs/SIG_TLS_D0A1E6D5.out and proofs/PK_TLS_D0A1E6D5.der
Signature verification succeeds
[TLS] Server time: 1619552407
[TLS] client_random  (32): FB9044C74D2A646F85A658DBEAC422FEEDEBA9A5FADC659A43B49618B570FB4F
[TLS] sign_hash (32): 42408A8197360BD281C529BC4F12FB8AA14D133525CD8A8CFF327297EFB07746
[TLS] Written transcript to proofs/MSG_TLS_FB9044C7.out, proofs/SIG_TLS_FB9044C7.out and proofs/PK_TLS_FB9044C7.der
Signature verification succeeds
[TLS] Server time: 1619552408
[TLS] client_random  (32): 0A537C51D18A8B0E2266F96A9EBCADBB1AD944E561A079565A6B607792346465
[TLS] sign_hash (32): C7AB2A8339F396EE149F922D110ABF3F91B0358C9E056DF53FF0DE3A4F6F3BB1
[TLS] Written transcript to proofs/MSG_TLS_0A537C51.out, proofs/SIG_TLS_0A537C51.out and proofs/PK_TLS_0A537C51.der
Signature verification succeeds
[TLS] Server time: 1619552408
[TLS] client_random  (32): BB79BAF346FE5B7AAEBF77107C9B3350A957AC9707EC2E7C13AED8D00AD8219E
[TLS] sign_hash (32): 931A7690678C7D829392856B4F0039D4B5CB3D68284EEAD8EC1F03BF77EB2DF1
[TLS] Written transcript to proofs/MSG_TLS_BB79BAF3.out, proofs/SIG_TLS_BB79BAF3.out and proofs/PK_TLS_BB79BAF3.der
Signature verification succeeds
[TLS] Server time: 1619552408
[TLS] client_random  (32): 5A3963C9E3482C415BBEE470828AD5A87D22939F4E081EB3EBDF45234D7962DA
[TLS] sign_hash (32): C637906B4C9B0C076406B21231DFC6E819C4BDC617376A79F7529C45C49BE0D1
[TLS] Written transcript to proofs/MSG_TLS_5A3963C9.out, proofs/SIG_TLS_5A3963C9.out and proofs/PK_TLS_5A3963C9.der
Signature verification succeeds
[TLS] Server time: 1619552408
[TLS] client_random  (32): E07B3893F70CF04BE74C6E47A390724AFD2B781E809D05CABD62C6837EECB5FD
[TLS] sign_hash (32): 900B5DC5092A636BA4D3A7282002CACDDA4E1A637E09F906F0A4A5E767C6C9E2
[TLS] Written transcript to proofs/MSG_TLS_E07B3893.out, proofs/SIG_TLS_E07B3893.out and proofs/PK_TLS_E07B3893.der
Signature verification succeeds
[TLS] Server time: 1619552408
[TLS] client_random  (32): DB42800644E296B83742FE1614A5BBDD02730EEA31A9694F424DDB13B837A79A
[TLS] sign_hash (32): 8E49C158FF6A32084B7D33E1455AEA5F72D07F8083F3994DB70E9415304C1D21
[TLS] Written transcript to proofs/MSG_TLS_DB428006.out, proofs/SIG_TLS_DB428006.out and proofs/PK_TLS_DB428006.der
Signature verification succeeds
[TLS] Server time: 1619552408
[TLS] client_random  (32): C590C73776CCC8051D32772D1A4FD0D7614C506D733A07A380FEC9ED0D7FA1AA
[TLS] sign_hash (32): 58A4E6AD81DA55008E458927613A3A66B3943AF0209F9F17792E9E7D3704AF2C
[TLS] Written transcript to proofs/MSG_TLS_C590C737.out, proofs/SIG_TLS_C590C737.out and proofs/PK_TLS_C590C737.der
Signature verification succeeds
[TLS] Server time: 1619552408
[TLS] client_random  (32): 82BD475649C1E9835E778179000B6818DB5EE76FD7E5EA0B702B8BEA81C79C2A
[TLS] sign_hash (32): 145EE1118087DE87526C2D1386FBE552983B9C01155523D08706C4D569172B2C
[TLS] Written transcript to proofs/MSG_TLS_82BD4756.out, proofs/SIG_TLS_82BD4756.out and proofs/PK_TLS_82BD4756.der
Signature verification succeeds
[TLS] Server time: 1619552408
[TLS] client_random  (32): 8B5D142D708BBE93BD762983FF4E3C329662A697EE5A34D461EE03A8C1DEFA31
[TLS] sign_hash (32): 6349E2473B453FC4CE558EDEA03FD0C4A6144535D037AAEA62216EA9EF6FF4EC
[TLS] Written transcript to proofs/MSG_TLS_8B5D142D.out, proofs/SIG_TLS_8B5D142D.out and proofs/PK_TLS_8B5D142D.der
Signature verification succeeds
[TLS] Server time: 1619552408
[TLS] client_random  (32): 1135C4B54932657960348F15046EBDF635265145C794B69867AD2B0B28C69F6F
[TLS] sign_hash (32): 189CF6619782A9A6594454FE5AEF5287DD0F7363E6F192242FD1495A4FF134DF
[TLS] Written transcript to proofs/MSG_TLS_1135C4B5.out, proofs/SIG_TLS_1135C4B5.out and proofs/PK_TLS_1135C4B5.der
Signature verification succeeds
[TLS] Server time: 1619552408
[TLS] client_random  (32): 819B8BC94C182D2D6AE9CA296032E6712B14E376BC9142D6693BCA297BAA9F26
[TLS] sign_hash (32): 75D2BD425C404B2301C9BE33203F26E83186A7955B10B1A3C250D55AAAAC95C5
[TLS] Written transcript to proofs/MSG_TLS_819B8BC9.out, proofs/SIG_TLS_819B8BC9.out and proofs/PK_TLS_819B8BC9.der
Signature verification succeeds
[TLS] Server time: 1619552408
[TLS] client_random  (32): 42BBB9113173E950FC0849BE39DF9A30709D3D96521FCA7E0A20A1E87F425AD7
[TLS] sign_hash (32): 16ABEC8670DD56E84450AF3DE6D8C1093CA7C388D3037A294BC4A0C1B72AA65B
[TLS] Written transcript to proofs/MSG_TLS_42BBB911.out, proofs/SIG_TLS_42BBB911.out and proofs/PK_TLS_42BBB911.der
Signature verification succeeds
[TLS] Server time: 1619552408
[TLS] client_random  (32): 433C98006137C2C26A42C397C5A24C1390EBCD8CA73D5018CB2AE9F6393059E6
[TLS] sign_hash (32): C684038BA92A59F98F84BFA6D6988F3D660A605013E08DE6E426248EE943E800
[TLS] Written transcript to proofs/MSG_TLS_433C9800.out, proofs/SIG_TLS_433C9800.out and proofs/PK_TLS_433C9800.der
Signature verification succeeds
[TLS] Server time: 1619552408
[TLS] client_random  (32): 77E8F47EB1420BB3EE70C7EA0D58265A374E66B45460BA48CDF9E3276D7011B4
[TLS] sign_hash (32): 097F6376AB5EFF7E2A8B863BCD94D31D32F7727BB9FD9807132A0491A4F81D13
[TLS] Written transcript to proofs/MSG_TLS_77E8F47E.out, proofs/SIG_TLS_77E8F47E.out and proofs/PK_TLS_77E8F47E.der
Signature verification succeeds
[TLS] Server time: 1619552408
[TLS] client_random  (32): EA1058B398D88DC5B4EDE8BD8BEBFA0E907D1BA477BFC3AFF0FBC68003574BCE
[TLS] sign_hash (32): 6A33CFF03D700DE37204B196424663AE7DBCAA51E53BDBD419C242DC98238309
[TLS] Written transcript to proofs/MSG_TLS_EA1058B3.out, proofs/SIG_TLS_EA1058B3.out and proofs/PK_TLS_EA1058B3.der
Signature verification succeeds
[TLS] Server time: 1619552408
[TLS] client_random  (32): B95A0B4D901400992674702CD964C2674F2DC5D8CDBA47117A981775F8E10769
[TLS] sign_hash (32): 2CA48C9E4A86D3C016D92A3208AF001619D7AC670287555A1E1D45CE54EA48B3
[TLS] Written transcript to proofs/MSG_TLS_B95A0B4D.out, proofs/SIG_TLS_B95A0B4D.out and proofs/PK_TLS_B95A0B4D.der
Signature verification succeeds
[TLS] Server time: 1619552409
[TLS] client_random  (32): 764E96A0D0E019CD8FD85C407D2C51638F0B60669976B3515C909621B8FA52A4
[TLS] sign_hash (32): A9CDED6687F7C61DD7D5173EE6E05CB2195953732CDA8A1F44959B777DC5E582
[TLS] Written transcript to proofs/MSG_TLS_764E96A0.out, proofs/SIG_TLS_764E96A0.out and proofs/PK_TLS_764E96A0.der
Signature verification succeeds
[TLS] Server time: 1619552409
[TLS] client_random  (32): 79D87974AF3CFB27C49110663B254400CB7886813F31EFF74FACEE8C90891C93
[TLS] sign_hash (32): 13BA0EC5E1763251E76AB325626BE1B857ECD5D5C31A28CD16CCB4927C4059F1
[TLS] Written transcript to proofs/MSG_TLS_79D87974.out, proofs/SIG_TLS_79D87974.out and proofs/PK_TLS_79D87974.der
Signature verification succeeds
[TLS] Server time: 1619552409
[TLS] client_random  (32): 71D53C496E452D3B55C22B553C0FE764145E4155FA2367759D9DAC7899669EB6
[TLS] sign_hash (32): B6A454A30B34DB5CFE214B5229943A33421B6B1230A86E99D21194BF8455C38C
[TLS] Written transcript to proofs/MSG_TLS_71D53C49.out, proofs/SIG_TLS_71D53C49.out and proofs/PK_TLS_71D53C49.der
Signature verification succeeds
[TLS] Server time: 1619552409
[TLS] client_random  (32): CADA90BFE171ABA67D5E82DBC4F7BF072C455F8D0B4B09181D657B5A5D587739
[TLS] sign_hash (32): FBFE7ED36F838D8754CD46210D893F0A8997F8368B09B6AE7579ACAA0F03C940
[TLS] Written transcript to proofs/MSG_TLS_CADA90BF.out, proofs/SIG_TLS_CADA90BF.out and proofs/PK_TLS_CADA90BF.der
Signature verification succeeds
[TLS] Server time: 1619552409
[TLS] client_random  (32): C44207699D57DC38D75E3CAFD4E4EB3A29F475E8A0BED9FB2FAF19F1CAF1B0D8
[TLS] sign_hash (32): 78D5BCF4E08C7AE700974C27F4E0F0E09F9AB365058FEC0EAF6CD6A4E6245EDD
[TLS] Written transcript to proofs/MSG_TLS_C4420769.out, proofs/SIG_TLS_C4420769.out and proofs/PK_TLS_C4420769.der
Signature verification succeeds
[TLS] Server time: 1619552409
[TLS] client_random  (32): DEF4FA7A11AD542BA242773361681B43105FBC83DE5CC3B827C045EB562B53D1
[TLS] sign_hash (32): B6637F81FFD9DE9F0762054CF320404918F2CC9660024DBFC7E9CCFBCE3AB2B0
[TLS] Written transcript to proofs/MSG_TLS_DEF4FA7A.out, proofs/SIG_TLS_DEF4FA7A.out and proofs/PK_TLS_DEF4FA7A.der
Signature verification succeeds
[TLS] Server time: 1619552409
[TLS] client_random  (32): AB34B08A32A70DE26AF5B7441EBCD1AAB6C641E97A31D365C56715885F72C589
[TLS] sign_hash (32): 774AEC1B1898B065A4D5EB4E819A7ABDFF8F7B8503B48B7FFB7B030019167120
[TLS] Written transcript to proofs/MSG_TLS_AB34B08A.out, proofs/SIG_TLS_AB34B08A.out and proofs/PK_TLS_AB34B08A.der
Signature verification succeeds
[TLS] Server time: 1619552409
[TLS] client_random  (32): 96067E540F934FD9C8085704547A0CE5EE7E16F582FDF509F527DBAEE7BBD576
[TLS] sign_hash (32): AB696AE154A54299D7635600CA1CA56980C4977E228C52BE2104245036D04111
[TLS] Written transcript to proofs/MSG_TLS_96067E54.out, proofs/SIG_TLS_96067E54.out and proofs/PK_TLS_96067E54.der
Signature verification succeeds
[TLS] Server time: 1619552409
[TLS] client_random  (32): B4DFC429571342E38853069D96643D7BDCF05C8E11EF45BAE62C8A4A91CF0334
[TLS] sign_hash (32): 2737CF108FE95538A410D13380F86DB152FC07CAC681FB26B5DEF57499264EC2
[TLS] Written transcript to proofs/MSG_TLS_B4DFC429.out, proofs/SIG_TLS_B4DFC429.out and proofs/PK_TLS_B4DFC429.der
Signature verification succeeds
[TLS] Server time: 1619552409
[TLS] client_random  (32): D16E6BA833ACFCF4BA815B35818B468E2AF3A6C6B0C8A4BCFB9E485C380ECB6A
[TLS] sign_hash (32): 71CEBE14849AB52B7172919150FD2B6D072AC8702ADD009F7F6A14CAF5A65784
[TLS] Written transcript to proofs/MSG_TLS_D16E6BA8.out, proofs/SIG_TLS_D16E6BA8.out and proofs/PK_TLS_D16E6BA8.der
Signature verification succeeds
[TLS] Server time: 1619552409
[TLS] client_random  (32): 166BC98FEABC957FB75CF10B07282BFA7BDD56E9F4FD70630CE393861780D282
[TLS] sign_hash (32): D2410C3A4D722D5BB7A0B6348F73881DD4C5AA11E5DFD9669467481D7B66A640
[TLS] Written transcript to proofs/MSG_TLS_166BC98F.out, proofs/SIG_TLS_166BC98F.out and proofs/PK_TLS_166BC98F.der
Signature verification succeeds
[TLS] Server time: 1619552409
[TLS] client_random  (32): B7F8C77724DE53761940B06E387C24F7273E8848262D0D4E9272729542FBB7D4
[TLS] sign_hash (32): 8E0B793C4659CE826F28E248A2B4ED7ECA8936B41362D3E572DDCC742520F567
[TLS] Written transcript to proofs/MSG_TLS_B7F8C777.out, proofs/SIG_TLS_B7F8C777.out and proofs/PK_TLS_B7F8C777.der
Signature verification succeeds
[TLS] Server time: 1619552409
[TLS] client_random  (32): 2CE616312D546364DE7A9A65EB7AC4BD06DFB78BFC75E38A0C70FC6F0DE84DB9
[TLS] sign_hash (32): 457994E142EC54E0E075EDFC984D6F0BB4F9A6637CF66609B8351D455AEE00C9
[TLS] Written transcript to proofs/MSG_TLS_2CE61631.out, proofs/SIG_TLS_2CE61631.out and proofs/PK_TLS_2CE61631.der
Signature verification succeeds
[TLS] Server time: 1619552409
[TLS] client_random  (32): 68BB94CB8F88A2D5715513E4B8D25E21041E67D0A73EC873DF378D14CAF3DE3E
[TLS] sign_hash (32): F97268DC4F09267595C09962DDCF2FD798CE930ECFA42CA6855EF78C8582499D
[TLS] Written transcript to proofs/MSG_TLS_68BB94CB.out, proofs/SIG_TLS_68BB94CB.out and proofs/PK_TLS_68BB94CB.der
Signature verification succeeds
[TLS] Server time: 1619552409
[TLS] client_random  (32): 48288CC79313F393A3ECFF5DB405C8C89CD548A68067017E76058904C8634DA4
[TLS] sign_hash (32): 42A038A1525A7C74E300A3C4E8AF30C3ECE5ECF00D6DDE33C44E543495A909CC
[TLS] Written transcript to proofs/MSG_TLS_48288CC7.out, proofs/SIG_TLS_48288CC7.out and proofs/PK_TLS_48288CC7.der
Signature verification succeeds
[TLS] Server time: 1619552409
[TLS] client_random  (32): 5CFA8859A103D25D3498D7DA31D0743635E2A48EA96E148BA96DDE4E2ED54D15
[TLS] sign_hash (32): E8209C7FBEE930401FD4C32AC2E9558EECA75C8C8FC6A6FCAA4371054350BB70
[TLS] Written transcript to proofs/MSG_TLS_5CFA8859.out, proofs/SIG_TLS_5CFA8859.out and proofs/PK_TLS_5CFA8859.der
Signature verification succeeds
[TLS] Server time: 1619552409
[TLS] client_random  (32): E80B352340D8B96372D7C77065D3CF2EBD2E7CF7ADC6C10F4609E97D2F653DF8
[TLS] sign_hash (32): D9897B422A1289378AFDAD8D853A566EBA8232490B1C47068449DA4EC5D2DD8B
[TLS] Written transcript to proofs/MSG_TLS_E80B3523.out, proofs/SIG_TLS_E80B3523.out and proofs/PK_TLS_E80B3523.der
Signature verification succeeds
[TLS] Server time: 1619552409
[TLS] client_random  (32): 992887C2032C1E5254C1613D470011D7ECA98977AF7C682BDB09A0BDB4252E90
[TLS] sign_hash (32): 6D12C300DEB77AC4DBB19A5186E2001539C84AE6A0F58A34F9086A424540D442
[TLS] Written transcript to proofs/MSG_TLS_992887C2.out, proofs/SIG_TLS_992887C2.out and proofs/PK_TLS_992887C2.der
Signature verification succeeds
[TLS] Server time: 1619552409
[TLS] client_random  (32): E71ECA7DBC06F724E10D25A266F419DE43876055A4C6A1772026DA19F6F85AD2
[TLS] sign_hash (32): 0B6FCA1697F0BBA05215737DBACD516F9DFD13A053995A8BAFC03AE7AD1F7C57
[TLS] Written transcript to proofs/MSG_TLS_E71ECA7D.out, proofs/SIG_TLS_E71ECA7D.out and proofs/PK_TLS_E71ECA7D.der
Signature verification succeeds
[TLS] Server time: 1619552409
[TLS] client_random  (32): DC4547EFC0B1F35B64F511584582F809B8624CC8F269BE233E9FCA9755EBC452
[TLS] sign_hash (32): 28EF0FAE0134C2941F67944DDA4BFD6AAA157A614446DF877B44395B5A4766AF
[TLS] Written transcript to proofs/MSG_TLS_DC4547EF.out, proofs/SIG_TLS_DC4547EF.out and proofs/PK_TLS_DC4547EF.der
Signature verification succeeds
[TLS] Server time: 1619552409
[TLS] client_random  (32): 83B97A9D87906C1C52FEF61F19AA4E39B0B89C8AC66CD6DC463576F26AB1CCE7
[TLS] sign_hash (32): 41AA956C7AB8F1A6EC0F56FFB95CE0445D8525533BF310C7E617C2639C9CA97E
[TLS] Written transcript to proofs/MSG_TLS_83B97A9D.out, proofs/SIG_TLS_83B97A9D.out and proofs/PK_TLS_83B97A9D.der
Signature verification succeeds
[TLS] Server time: 1619552409
[TLS] client_random  (32): 5B49442FC50F5441DBB323D33847DC8AE081694426EF0F6DA1D143E49B7C2D62
[TLS] sign_hash (32): 0605DDB8E83722FDC8EA31BAA3840FD0CB4A94020F8480CED8DEEA16D6BAE75C
[TLS] Written transcript to proofs/MSG_TLS_5B49442F.out, proofs/SIG_TLS_5B49442F.out and proofs/PK_TLS_5B49442F.der
Signature verification succeeds
[TLS] Server time: 1619552409
[TLS] client_random  (32): 1477EB4F88819B086C9E59D4280CE292C43C9B3B63D1B26351C12A199478CFC6
[TLS] sign_hash (32): 7B96966FBD28D135569BF9A929BF856C57135CFD13F9FBB2A9FD853938AF0813
[TLS] Written transcript to proofs/MSG_TLS_1477EB4F.out, proofs/SIG_TLS_1477EB4F.out and proofs/PK_TLS_1477EB4F.der
Signature verification succeeds
[TLS] Server time: 1619552409
[TLS] client_random  (32): E3680A8B7C6D0C34D68BFE92A2788F87E60567739FD7FDDC3E4EEB8CA0DE4A2D
[TLS] sign_hash (32): E0FAB4099DE961612022DC4954FE283CA89DB5A29119C8EF390CBC081AA2C02F
[TLS] Written transcript to proofs/MSG_TLS_E3680A8B.out, proofs/SIG_TLS_E3680A8B.out and proofs/PK_TLS_E3680A8B.der
Signature verification succeeds
[TLS] Server time: 1619552409
[TLS] client_random  (32): 242C5F0E6DA9CC9E15A7D766A10F017DC4EEA859EE1F43F6676F209FFDAA555A
[TLS] sign_hash (32): 1DCE10A92BFC4ECE16DAE4CA5EA65DF8C8F4FAD0CFC55C6EA026CBE5EB2B3AC4
[TLS] Written transcript to proofs/MSG_TLS_242C5F0E.out, proofs/SIG_TLS_242C5F0E.out and proofs/PK_TLS_242C5F0E.der
Signature verification succeeds
Time breakdown (averages): anchor_ping:69.714296 file_read:0.147494 hashing:0.470880
Total time for 113 rounds is 8017.315006ms
Standard deviations: anchor_ping:165.215304 file_read:0.013657 hashing:0.005295
[Client-side ops] mean:0.618374 sd:0.014776
in & out anchor rand written to proofs/phase1.out
     11 [TLS] Server time: 1619552401
     10 [TLS] Server time: 1619552402
      1 [TLS] Server time: 1619552403
      2 [TLS] Server time: 1619552404
      8 [TLS] Server time: 1619552405
     17 [TLS] Server time: 1619552406
     25 [TLS] Server time: 1619552407
     15 [TLS] Server time: 1619552408
     25 [TLS] Server time: 1619552409
Count is 11
Count is 10
Count is 1
Count is 2
Count is 8
Count is 17
Count is 25
Count is 15
Count is 25
success: 0
Sleeping before retrying
CONF: anchor:gold.ac.uk fs:1024MB n_rounds:113 seed:5c9f4bf9bbc15bb855f82faedc5a52fc3ab2dfa8ec3ba3ce1b270f31fa0cced2 filename:FILE bs:1024 nops:100 benchmarking:0 anchor_ping:1 queue_depth:32 direct:0
[TLS] Connecting to gold.ac.uk
[TLS] Server time: 1619552411
[TLS] client_random  (32): 5C9F4BF9BBC15BB855F82FAEDC5A52FC3AB2DFA8EC3BA3CE1B270F31FA0CCED2
[TLS] sign_hash (32): 3382EAA8FDA73CEB524750E69982725244C2AF8C0DC16BA2F0B0D87B29E3B3A6
[TLS] Written transcript to proofs/MSG_TLS_5C9F4BF9.out, proofs/SIG_TLS_5C9F4BF9.out and proofs/PK_TLS_5C9F4BF9.der
Signature verification succeeds
[TLS] Server time: 1619552411
[TLS] client_random  (32): 4CF661903B90F63A6955D433C6A3303342C253DF33F1AAC12ED67BC27550E8F1
[TLS] sign_hash (32): 0EBF6CFE8B699C28FB890EDCC549D054ABA8CCEBAD6C43A8D13C8202A21582FA
[TLS] Written transcript to proofs/MSG_TLS_4CF66190.out, proofs/SIG_TLS_4CF66190.out and proofs/PK_TLS_4CF66190.der
Signature verification succeeds
[TLS] Server time: 1619552411
[TLS] client_random  (32): 5F4FB5B78D3B676CBB3212961D9A5BF48B32BFACB0F1D596629269E549ADB104
[TLS] sign_hash (32): CB0ED1E6DC9AEA7287CF75AC8FA9440C66C816DF5C3CA2BE0B380662869A85ED
[TLS] Written transcript to proofs/MSG_TLS_5F4FB5B7.out, proofs/SIG_TLS_5F4FB5B7.out and proofs/PK_TLS_5F4FB5B7.der
Signature verification succeeds
[TLS] Server time: 1619552411
[TLS] client_random  (32): 8F4AA8D8B5368E8B4E6D28A420145A8141CBD58E9A91E1FB7FF88B3487907AFB
[TLS] sign_hash (32): 1559171E947B6AF2F7A682030F688E6D5783E9950832EAE4CCEAA0DB7B419EDA
[TLS] Written transcript to proofs/MSG_TLS_8F4AA8D8.out, proofs/SIG_TLS_8F4AA8D8.out and proofs/PK_TLS_8F4AA8D8.der
Signature verification succeeds
[TLS] Server time: 1619552411
[TLS] client_random  (32): 9D8BB96925251CC9963E447153228B0AE32D29F1D7D8C680F3211F5F5C424895
[TLS] sign_hash (32): 35762A6AA1965439CE4F182C9D3B00AE422B5E6EA167FDF6D8D02717D434D776
[TLS] Written transcript to proofs/MSG_TLS_9D8BB969.out, proofs/SIG_TLS_9D8BB969.out and proofs/PK_TLS_9D8BB969.der
Signature verification succeeds
[TLS] Server time: 1619552411
[TLS] client_random  (32): 906D4AF02A05DE4D972B004253000EF77E388DD2E62657DB7B20530DFBE86AB7
[TLS] sign_hash (32): 803BC2ADECF5B66A4F8DE2DB9CDFC5CF560B504486A6E40C56F98015A2CC2EA2
[TLS] Written transcript to proofs/MSG_TLS_906D4AF0.out, proofs/SIG_TLS_906D4AF0.out and proofs/PK_TLS_906D4AF0.der
Signature verification succeeds
[TLS] Server time: 1619552411
[TLS] client_random  (32): 377A92D29FA282510EA251A1044681336B06D2ADC9768188F5B59F0DF947AB4D
[TLS] sign_hash (32): 8E907B634D04BACA86E1BE71AF7AA3B2E4B561C48A7AA63C83BBCAB69C45B731
[TLS] Written transcript to proofs/MSG_TLS_377A92D2.out, proofs/SIG_TLS_377A92D2.out and proofs/PK_TLS_377A92D2.der
Signature verification succeeds
[TLS] Server time: 1619552411
[TLS] client_random  (32): E2BFE36ADB4D986F12D0D65954A2AE624297F355F8A2FDB3619674E6EFD10AD5
[TLS] sign_hash (32): A4CE16D32052C825DF72692CFDD12FDF171F0E1775633E430F30AC10ECF243D9
[TLS] Written transcript to proofs/MSG_TLS_E2BFE36A.out, proofs/SIG_TLS_E2BFE36A.out and proofs/PK_TLS_E2BFE36A.der
Signature verification succeeds
[TLS] Server time: 1619552411
[TLS] client_random  (32): EDC92E42CDCFA7DE89D30041C9F754AC62AD7763B52CC2EE6A470514E37B2C16
[TLS] sign_hash (32): 7C9E17040A11A39F38760AA799A0E57E85E8D2063E47884CD92AF7F8FAF5882D
[TLS] Written transcript to proofs/MSG_TLS_EDC92E42.out, proofs/SIG_TLS_EDC92E42.out and proofs/PK_TLS_EDC92E42.der
Signature verification succeeds
[TLS] Server time: 1619552411
[TLS] client_random  (32): D3D0CEE736244A8F2FCF5B0B65BA8D47EF5CA28B97DF40831D836193E3B279D2
[TLS] sign_hash (32): 6C37E4AF45F8476680FC9A714C059E19BA90AC978B091CEA0C5657661CB45227
[TLS] Written transcript to proofs/MSG_TLS_D3D0CEE7.out, proofs/SIG_TLS_D3D0CEE7.out and proofs/PK_TLS_D3D0CEE7.der
Signature verification succeeds
[TLS] Server time: 1619552411
[TLS] client_random  (32): CD1CA13328085BFE1CC8F36B55F5ABA8137A23ECF1DD3EDE1FFEBB59D74D70ED
[TLS] sign_hash (32): BA77386881D60B0393699B1133D8E91D638B21412F3026471BAB2AB21DA11637
[TLS] Written transcript to proofs/MSG_TLS_CD1CA133.out, proofs/SIG_TLS_CD1CA133.out and proofs/PK_TLS_CD1CA133.der
Signature verification succeeds
[TLS] Server time: 1619552412
[TLS] client_random  (32): BCF2543B4DAF4AC575DBEA1BE1FD3B05FFC700069012049D3704B7CD297842C1
[TLS] sign_hash (32): BCED332FCBAA78A4025B0D7F7B8FFC7C8BDEE97FE8DB9F3FE2E7AF3FF0209DD1
[TLS] Written transcript to proofs/MSG_TLS_BCF2543B.out, proofs/SIG_TLS_BCF2543B.out and proofs/PK_TLS_BCF2543B.der
Signature verification succeeds
[TLS] Server time: 1619552412
[TLS] client_random  (32): 65615900CE67C1C73A268C1BBCE527CE16AF16437EE7042C61BC1C98279BC06B
[TLS] sign_hash (32): 5B0EC683FCDB6E22CF56F4A09F1AE5E42C0AC0406F9E6E95981243C811B0BB0A
[TLS] Written transcript to proofs/MSG_TLS_65615900.out, proofs/SIG_TLS_65615900.out and proofs/PK_TLS_65615900.der
Signature verification succeeds
[TLS] Server time: 1619552412
[TLS] client_random  (32): 993CF5B2C173E1E3CDD00FAC430ACCEECCFADAC43186F1CAC93AD1C3BF560B03
[TLS] sign_hash (32): 23CCD8F0FA9CE146DA40AB1732EB5FA6FA438107BCE5AE911A311B53E24BA23E
[TLS] Written transcript to proofs/MSG_TLS_993CF5B2.out, proofs/SIG_TLS_993CF5B2.out and proofs/PK_TLS_993CF5B2.der
Signature verification succeeds
[TLS] Server time: 1619552412
[TLS] client_random  (32): D85A3634F918AFD1A21D64A6E0FEDF674DA5032D9F619FE1CFC37758866EBFF5
[TLS] sign_hash (32): A87A0B85E8FA678FED1BCEA5B7FFBB654A33AE9C8C57EE9BBA8EC3F80110717A
[TLS] Written transcript to proofs/MSG_TLS_D85A3634.out, proofs/SIG_TLS_D85A3634.out and proofs/PK_TLS_D85A3634.der
Signature verification succeeds
[TLS] Server time: 1619552412
[TLS] client_random  (32): 4F89056708C1EF718A04AC7499FBAE0A3364D2F9CE376D8FEAD78A70ACC41946
[TLS] sign_hash (32): 6E00987B7CF4594EF239FF276DF34DE354CBE710427F0417EE8BC91280F4AEDE
[TLS] Written transcript to proofs/MSG_TLS_4F890567.out, proofs/SIG_TLS_4F890567.out and proofs/PK_TLS_4F890567.der
Signature verification succeeds
[TLS] Server time: 1619552412
[TLS] client_random  (32): 0157D315752D83106128CBBFA02734B90D3BED97795978846279C1A584EC3140
[TLS] sign_hash (32): 8ABC6F3FAC0186E45F55D858FC514FDD12F7BF485D6A102DF1A271F9D7253064
[TLS] Written transcript to proofs/MSG_TLS_0157D315.out, proofs/SIG_TLS_0157D315.out and proofs/PK_TLS_0157D315.der
Signature verification succeeds
[TLS] Server time: 1619552412
[TLS] client_random  (32): D6B4F9922B1FF8D49A94E7DA7D8295BCA8DAB3BB6E0B86DFDC47884C74AF0093
[TLS] sign_hash (32): 726CB5C1206700920CA28E7E3479092E45E2C3065BF6C0578DF9A320E08BA4F9
[TLS] Written transcript to proofs/MSG_TLS_D6B4F992.out, proofs/SIG_TLS_D6B4F992.out and proofs/PK_TLS_D6B4F992.der
Signature verification succeeds
[TLS] Server time: 1619552412
[TLS] client_random  (32): 6643AB4C7BD9A5385D9F2DAA25B0533CB027EC589770D1D18D96BA2BCF083F21
[TLS] sign_hash (32): 93EDC7A174C429643820D7C422EFEC3D04E11C2AAA676E73FF695CDEFDB3885E
[TLS] Written transcript to proofs/MSG_TLS_6643AB4C.out, proofs/SIG_TLS_6643AB4C.out and proofs/PK_TLS_6643AB4C.der
Signature verification succeeds
[TLS] Server time: 1619552412
[TLS] client_random  (32): 2E62B3DEA3F7CFA48BC696CB5DA4BB3068AB2F5B20A041DAA3FFC574CA8D1AEE
[TLS] sign_hash (32): B5A6EDA4DF4A2205684536AD6697A3CAEB21F6D4715914F61941945E55D25DBD
[TLS] Written transcript to proofs/MSG_TLS_2E62B3DE.out, proofs/SIG_TLS_2E62B3DE.out and proofs/PK_TLS_2E62B3DE.der
Signature verification succeeds
[TLS] Server time: 1619552412
[TLS] client_random  (32): A9EA44E659C92FA38E1A4489726EE5B4828CC55E65FBFCFC3AE2FB29E5F51499
[TLS] sign_hash (32): B09D189FA80378C197E0748D0C4CCA00ECD33496145670D6C164E3EAF47516B0
[TLS] Written transcript to proofs/MSG_TLS_A9EA44E6.out, proofs/SIG_TLS_A9EA44E6.out and proofs/PK_TLS_A9EA44E6.der
Signature verification succeeds
[TLS] Server time: 1619552412
[TLS] client_random  (32): 99171B3060A6711AA9E75BCC0A22B4038862D0B10FFC4C2BF06BEE7C2D591325
[TLS] sign_hash (32): 85A8B411D58205DA2427C9FE26209BE041F0D421FB42D694D461E7EFE850CE63
[TLS] Written transcript to proofs/MSG_TLS_99171B30.out, proofs/SIG_TLS_99171B30.out and proofs/PK_TLS_99171B30.der
Signature verification succeeds
[TLS] Server time: 1619552412
[TLS] client_random  (32): 3FC9DAEDAD5E9AED9BACA46A83636AE63C686AF3277AE34CCFB3A15BD6AE6C4D
[TLS] sign_hash (32): C69B193FA6EEE5DC5881489494556F4C13A3F5706324C8F2544D7F7D24A0C7E9
[TLS] Written transcript to proofs/MSG_TLS_3FC9DAED.out, proofs/SIG_TLS_3FC9DAED.out and proofs/PK_TLS_3FC9DAED.der
Signature verification succeeds
[TLS] Server time: 1619552412
[TLS] client_random  (32): C0A3FB31C0D5930B604FD902875E24C2B384F64F6C7B319A9993193169024584
[TLS] sign_hash (32): ADEE793E429CB0EF2F1BD34FF257DDF7A4D0C26EE9D428543D87DF8A5D9F1D93
[TLS] Written transcript to proofs/MSG_TLS_C0A3FB31.out, proofs/SIG_TLS_C0A3FB31.out and proofs/PK_TLS_C0A3FB31.der
Signature verification succeeds
[TLS] Server time: 1619552412
[TLS] client_random  (32): 961CA781F3B861B3AD1CC32BD367635E763C054A6F663B27EF9F453E35F3F3B1
[TLS] sign_hash (32): 3218893D885DDA6C3DE68868AE908B849A4AD03809B6AFD497E09C75D74C8520
[TLS] Written transcript to proofs/MSG_TLS_961CA781.out, proofs/SIG_TLS_961CA781.out and proofs/PK_TLS_961CA781.der
Signature verification succeeds
[TLS] Server time: 1619552412
[TLS] client_random  (32): CEF7D96F871F2CD8B98E867B4679F4BB22AC4CB361303F434ACBD719CC95A09E
[TLS] sign_hash (32): 2518B115F9BE9EA4A645320507933359C453CA8159027D31528CE6EB5DA4B5D6
[TLS] Written transcript to proofs/MSG_TLS_CEF7D96F.out, proofs/SIG_TLS_CEF7D96F.out and proofs/PK_TLS_CEF7D96F.der
Signature verification succeeds
[TLS] Server time: 1619552412
[TLS] client_random  (32): CE642DE7AD09A4B8DF5996A30C200E7822911DDB4421DC63812B59D344B53275
[TLS] sign_hash (32): 75D591896A20EF4D2133826BD1DC11231DB03A71890A982BF4BF21D084D3B510
[TLS] Written transcript to proofs/MSG_TLS_CE642DE7.out, proofs/SIG_TLS_CE642DE7.out and proofs/PK_TLS_CE642DE7.der
Signature verification succeeds
[TLS] Server time: 1619552412
[TLS] client_random  (32): 2E1FD7E67E47F156E3CC1EF68490492694F1AB07B8A048846B86669B7C3A9F66
[TLS] sign_hash (32): C538713D03704CD8CC20E63F5AE39526E54CA51843EA099A17F65F39785A089F
[TLS] Written transcript to proofs/MSG_TLS_2E1FD7E6.out, proofs/SIG_TLS_2E1FD7E6.out and proofs/PK_TLS_2E1FD7E6.der
Signature verification succeeds
[TLS] Server time: 1619552412
[TLS] client_random  (32): D5CDC62E70C4DDCA2A58F4C892196BAE1B4AFEBB07CDE363027CC2C8461D4B05
[TLS] sign_hash (32): 9095C7E9CFEA2D3A7CB9941883DDBBE6BA16AF6BA37CDD3B52FBA45081157FA2
[TLS] Written transcript to proofs/MSG_TLS_D5CDC62E.out, proofs/SIG_TLS_D5CDC62E.out and proofs/PK_TLS_D5CDC62E.der
Signature verification succeeds
[TLS] Server time: 1619552412
[TLS] client_random  (32): 2E2CA7AC51868D1FCE50159D487609D26D1C6EB54B688779E8B55E66FE12DDEB
[TLS] sign_hash (32): 79641749D950905E4FB33D3A252263C589B591496ACF238C7EA54B13A4DAE53E
[TLS] Written transcript to proofs/MSG_TLS_2E2CA7AC.out, proofs/SIG_TLS_2E2CA7AC.out and proofs/PK_TLS_2E2CA7AC.der
Signature verification succeeds
[TLS] Server time: 1619552412
[TLS] client_random  (32): A79613C1869B5B4B3A41C29B7F44E347E19357AE23C8BDAB20828967BFE5858C
[TLS] sign_hash (32): C388DB1922B5BB831AC58F210EA9ED49B7BACF11E84FA0F9A385208670AAD760
[TLS] Written transcript to proofs/MSG_TLS_A79613C1.out, proofs/SIG_TLS_A79613C1.out and proofs/PK_TLS_A79613C1.der
Signature verification succeeds
[TLS] Server time: 1619552412
[TLS] client_random  (32): 7F7AED23BDEF8389395686514222C73132E350C1650C0A69A1CE18EDDBD415B7
[TLS] sign_hash (32): EE0BD5F8A0F03AF129A742C1C659A83FADEED091443B18929CBE8635B6094334
[TLS] Written transcript to proofs/MSG_TLS_7F7AED23.out, proofs/SIG_TLS_7F7AED23.out and proofs/PK_TLS_7F7AED23.der
Signature verification succeeds
[TLS] Server time: 1619552412
[TLS] client_random  (32): 76E604AC7081892048E7A587C6E1240C974056D1515D1DDEAB27C67DF4EEA51E
[TLS] sign_hash (32): C7004CEC7497959850006B8259425A234C0F2C204647CB686BD8DEAE57282093
[TLS] Written transcript to proofs/MSG_TLS_76E604AC.out, proofs/SIG_TLS_76E604AC.out and proofs/PK_TLS_76E604AC.der
Signature verification succeeds
[TLS] Server time: 1619552412
[TLS] client_random  (32): F206DFF4F8028B8FE0788967C7995E5D4E2F2F9FDDC8A3F3431EB1B06CF1DA99
[TLS] sign_hash (32): DBC15EE3949662B61AFA5D6C912D471E44527163AAD514924AB1EC3B0B2F06F9
[TLS] Written transcript to proofs/MSG_TLS_F206DFF4.out, proofs/SIG_TLS_F206DFF4.out and proofs/PK_TLS_F206DFF4.der
Signature verification succeeds
[TLS] Server time: 1619552412
[TLS] client_random  (32): F709C1C5CCE1FA4FCE13E9B85B1F2668F7447B3961F7B65F95BFBE417AE9234B
[TLS] sign_hash (32): DA7073AD2B532753AEBCBF91DC6FB38BFD8938D2F219E2CF27B77C833D0232D7
[TLS] Written transcript to proofs/MSG_TLS_F709C1C5.out, proofs/SIG_TLS_F709C1C5.out and proofs/PK_TLS_F709C1C5.der
Signature verification succeeds
[TLS] Server time: 1619552412
[TLS] client_random  (32): 90FC77392FB185176C5931F6FD1C90F9908FE6E16526AEBD4FC846ECC870C5D9
[TLS] sign_hash (32): A374584E0087A8D047F655F1A6BB19F3A23427F09C3A3DEF719916AE00C33C66
[TLS] Written transcript to proofs/MSG_TLS_90FC7739.out, proofs/SIG_TLS_90FC7739.out and proofs/PK_TLS_90FC7739.der
Signature verification succeeds
[TLS] Server time: 1619552412
[TLS] client_random  (32): 3C1E8F5404069976502570CADCECAA06FFFFB1A66610DE63613075E75D2E16E1
[TLS] sign_hash (32): 0DB46A35FE845B85F196A3F7E18EB2FC520E8C1C5A5B7B04E0D188DE0E84A74A
[TLS] Written transcript to proofs/MSG_TLS_3C1E8F54.out, proofs/SIG_TLS_3C1E8F54.out and proofs/PK_TLS_3C1E8F54.der
Signature verification succeeds
[TLS] Server time: 1619552412
[TLS] client_random  (32): AF482B250A2E1563A5623C236D35A830B9AFF81335F4BFA97D8EE95CCC2EF29A
[TLS] sign_hash (32): 8BD51389C6E06BE64BE25603DDD9D63E58C2BF10CBE1FDCB7C6F54101126DBF1
[TLS] Written transcript to proofs/MSG_TLS_AF482B25.out, proofs/SIG_TLS_AF482B25.out and proofs/PK_TLS_AF482B25.der
Signature verification succeeds
[TLS] Server time: 1619552412
[TLS] client_random  (32): 9CA186F62FDF2745335063213A36F8331C24E4F524E82CAC3138C38FA27774E8
[TLS] sign_hash (32): 82A268B96D5AF3F0E817DF8B559E2431286098F4FCC353BEBBF2BA9FB93BEA8E
[TLS] Written transcript to proofs/MSG_TLS_9CA186F6.out, proofs/SIG_TLS_9CA186F6.out and proofs/PK_TLS_9CA186F6.der
Signature verification succeeds
[TLS] Server time: 1619552412
[TLS] client_random  (32): B3FCDC3D037795F7D2D273EF2FA18C0CFB92B6E77F4381CAC6DF07D34E8321D0
[TLS] sign_hash (32): 7416CB234C6C4A8B8C9FE360813BC165694262F57B3CCA3ABE503E88D76A4BD9
[TLS] Written transcript to proofs/MSG_TLS_B3FCDC3D.out, proofs/SIG_TLS_B3FCDC3D.out and proofs/PK_TLS_B3FCDC3D.der
Signature verification succeeds
[TLS] Server time: 1619552412
[TLS] client_random  (32): B272110B2AF9077254C468698201A6E754A4AAC4F931F5C6CA81B14E79EBEAEF
[TLS] sign_hash (32): 4F4410E0D11F9117203A969A0081FF533A2C4E56914B0068867AAA7C1969A7B6
[TLS] Written transcript to proofs/MSG_TLS_B272110B.out, proofs/SIG_TLS_B272110B.out and proofs/PK_TLS_B272110B.der
Signature verification succeeds
[TLS] Server time: 1619552412
[TLS] client_random  (32): 1DEF6FFD8A79E1844100EDFEDB18D69FFEFF9A9A860C7DD9DBEACDC682FA5D09
[TLS] sign_hash (32): 536BDF5F81DBB5866B1ED2B19D1E34F72E811F318D25907FC23E25AFF8349545
[TLS] Written transcript to proofs/MSG_TLS_1DEF6FFD.out, proofs/SIG_TLS_1DEF6FFD.out and proofs/PK_TLS_1DEF6FFD.der
Signature verification succeeds
[TLS] Server time: 1619552412
[TLS] client_random  (32): 0CBBEE8D31BD1CD1CF6F9C8DB8B9B2E9D48731800CC2D7D876C07AC5B553686C
[TLS] sign_hash (32): 276CA2195A0934BE5E6D6586F4DDFB1711DB7CCC4C8E3BFFCBEC8E33F6CAF216
[TLS] Written transcript to proofs/MSG_TLS_0CBBEE8D.out, proofs/SIG_TLS_0CBBEE8D.out and proofs/PK_TLS_0CBBEE8D.der
Signature verification succeeds
[TLS] Server time: 1619552412
[TLS] client_random  (32): 50C8D72C63DB21CD93AF2647DD2CD9433664B158A1567FBCB848F00AD96C2B5F
[TLS] sign_hash (32): B0DD546D9ABC7323E73ABE6BF0C012861024C5087175A25C4637E98F686CFAC1
[TLS] Written transcript to proofs/MSG_TLS_50C8D72C.out, proofs/SIG_TLS_50C8D72C.out and proofs/PK_TLS_50C8D72C.der
Signature verification succeeds
[TLS] Server time: 1619552412
[TLS] client_random  (32): B3BAFE2BE3F334ED0D18D3D11FF8741A0778DEA0E3C702DFE5900847C2CBDE19
[TLS] sign_hash (32): 2814840D27C6C5E48EFCE1A46384BC743181FCB46C73E03CB5EE6E08E377AE78
[TLS] Written transcript to proofs/MSG_TLS_B3BAFE2B.out, proofs/SIG_TLS_B3BAFE2B.out and proofs/PK_TLS_B3BAFE2B.der
Signature verification succeeds
[TLS] Server time: 1619552412
[TLS] client_random  (32): 32323D5774842B70EDC9335639BCB18D489ED499F97FA533B33319730B9519FF
[TLS] sign_hash (32): FC2A9795A6DD95155A599413631E55D91273CB33C2710BCBC50845330F37460D
[TLS] Written transcript to proofs/MSG_TLS_32323D57.out, proofs/SIG_TLS_32323D57.out and proofs/PK_TLS_32323D57.der
Signature verification succeeds
[TLS] Server time: 1619552412
[TLS] client_random  (32): 090BBD15F61EA85690E79ED1F8B66B8C9CB5D775509C4DF9465FAC44C669BD67
[TLS] sign_hash (32): 08C02AF61B2A359C6C8DE324B668A9CE8033CB8EA3BEFAF08B9BE63989B24DFE
[TLS] Written transcript to proofs/MSG_TLS_090BBD15.out, proofs/SIG_TLS_090BBD15.out and proofs/PK_TLS_090BBD15.der
Signature verification succeeds
[TLS] Server time: 1619552412
[TLS] client_random  (32): 89F0B75B7A3E349499F3AA88ED96BD22891801F384C7845EB59A95C90D93FDF9
[TLS] sign_hash (32): A9550AB34B2D4947826C3268FCC9B3CC1B26F7C3A7159FDB8448488D62E70612
[TLS] Written transcript to proofs/MSG_TLS_89F0B75B.out, proofs/SIG_TLS_89F0B75B.out and proofs/PK_TLS_89F0B75B.der
Signature verification succeeds
[TLS] Server time: 1619552412
[TLS] client_random  (32): 9A58D835B27BB497BBA382FD6ED65CC494B819F0110F82812BC9E4A05E072757
[TLS] sign_hash (32): 9E55000DB67C76902289DDEFCC4773596F16AC4A02A4EDFAA40172E4F5CF40CD
[TLS] Written transcript to proofs/MSG_TLS_9A58D835.out, proofs/SIG_TLS_9A58D835.out and proofs/PK_TLS_9A58D835.der
Signature verification succeeds
[TLS] Server time: 1619552413
[TLS] client_random  (32): 8A2DBD5BC3FE196B8D2E3397BCAAEC4AD8833CA09DA950272BE61DA33BA446FD
[TLS] sign_hash (32): 9DC232A07222099F42A1559E1E7F650080F8DA8E799742D3CDC522ECE5A30AE7
[TLS] Written transcript to proofs/MSG_TLS_8A2DBD5B.out, proofs/SIG_TLS_8A2DBD5B.out and proofs/PK_TLS_8A2DBD5B.der
Signature verification succeeds
[TLS] Server time: 1619552413
[TLS] client_random  (32): 1FFE45ECA80B8FA703305BCDECF707752E7117997895589AD5E717E7EC2990DC
[TLS] sign_hash (32): BCE72B6F87FE3BB2C6D606AF0C430A871B0012782A2E681AE9381975048E57F4
[TLS] Written transcript to proofs/MSG_TLS_1FFE45EC.out, proofs/SIG_TLS_1FFE45EC.out and proofs/PK_TLS_1FFE45EC.der
Signature verification succeeds
[TLS] Server time: 1619552413
[TLS] client_random  (32): EE41A2974DDCED768E027087F487A735A523AB1C646E9F9B632CFA48119D5870
[TLS] sign_hash (32): 70699AC69AA538EE93DEAB811DB6447EBCCAEFA1DBA3BFE82D5DC06CA3A422CC
[TLS] Written transcript to proofs/MSG_TLS_EE41A297.out, proofs/SIG_TLS_EE41A297.out and proofs/PK_TLS_EE41A297.der
Signature verification succeeds
[TLS] Server time: 1619552413
[TLS] client_random  (32): FAB3989BDF5CCB062A986992B1EF8A201E7A1523A201F9D9C14A8A01E4DC5854
[TLS] sign_hash (32): DA41879C2E393434F71D1331A7D8FEFEE07D3189077B0BF9382BF18AE4753CB4
[TLS] Written transcript to proofs/MSG_TLS_FAB3989B.out, proofs/SIG_TLS_FAB3989B.out and proofs/PK_TLS_FAB3989B.der
Signature verification succeeds
[TLS] Server time: 1619552413
[TLS] client_random  (32): 81475090994B1CF7DF58FEC1EEFF4059F762FB38A15AFF53CB772CC9F6489375
[TLS] sign_hash (32): 767DD619EECA8CAA56538AC552FCFCF0A9ED08B128290872F0D7C062599DB9FE
[TLS] Written transcript to proofs/MSG_TLS_81475090.out, proofs/SIG_TLS_81475090.out and proofs/PK_TLS_81475090.der
Signature verification succeeds
[TLS] Server time: 1619552413
[TLS] client_random  (32): 15699EEA7C6175A68F07143337131C281DAF4802E8D9A7500C85A43F6C8257E9
[TLS] sign_hash (32): C50932595A370225A6AA82E7373601BDCD05D37715486C4FF7D2E1678998781F
[TLS] Written transcript to proofs/MSG_TLS_15699EEA.out, proofs/SIG_TLS_15699EEA.out and proofs/PK_TLS_15699EEA.der
Signature verification succeeds
[TLS] Server time: 1619552413
[TLS] client_random  (32): E458B5FCFCC7FEAD46977870766E653693C56731A6EDD3273C72D648B277442C
[TLS] sign_hash (32): AE6CAA984C617ACE698CEC03224B7C7C7C022B3760534F9C2E54614E4E57644D
[TLS] Written transcript to proofs/MSG_TLS_E458B5FC.out, proofs/SIG_TLS_E458B5FC.out and proofs/PK_TLS_E458B5FC.der
Signature verification succeeds
[TLS] Server time: 1619552413
[TLS] client_random  (32): 0DC58CEEABD1EC94CFC58AF93713E40BC358CC0DA1B8F1B8C353A3D894EE8237
[TLS] sign_hash (32): D9640A44D966891DDBF63B626881F1AC5AA168494BECEF306C69CF0889ABDC55
[TLS] Written transcript to proofs/MSG_TLS_0DC58CEE.out, proofs/SIG_TLS_0DC58CEE.out and proofs/PK_TLS_0DC58CEE.der
Signature verification succeeds
[TLS] Server time: 1619552413
[TLS] client_random  (32): F21CD582DBBF38C282D28E76A394756DDFF0B4CAF7B60A083A2BEAD8702F221F
[TLS] sign_hash (32): 3F624CB5AB05F0D6B70E251916D7D2821B0F78B088C613E37907EC58A008B6CE
[TLS] Written transcript to proofs/MSG_TLS_F21CD582.out, proofs/SIG_TLS_F21CD582.out and proofs/PK_TLS_F21CD582.der
Signature verification succeeds
[TLS] Server time: 1619552413
[TLS] client_random  (32): E0399963482EBDED3DC9B94F354AC8FD120D3C2B32B0BCD6EEFB3449F5AACDA5
[TLS] sign_hash (32): A2204C888557DAE03F91CA38C97851753719822E109127496874711F1F9035C0
[TLS] Written transcript to proofs/MSG_TLS_E0399963.out, proofs/SIG_TLS_E0399963.out and proofs/PK_TLS_E0399963.der
Signature verification succeeds
[TLS] Server time: 1619552413
[TLS] client_random  (32): A4E518EDC1AF3760DAEF55E068A92545AA349B343A56F7AFDE74391B004854CF
[TLS] sign_hash (32): EDD2C960E22181C49EF741490922D82BC277B577EFCEA4B890EB81C47FA0FDE7
[TLS] Written transcript to proofs/MSG_TLS_A4E518ED.out, proofs/SIG_TLS_A4E518ED.out and proofs/PK_TLS_A4E518ED.der
Signature verification succeeds
[TLS] Server time: 1619552413
[TLS] client_random  (32): 95EA13CED99730CA047B242A9B79D6E74759F618EB979E1A700AC0E391DA2E9D
[TLS] sign_hash (32): 1992E52586E292F1F51D991DFF9439095726E08DF33C9EA837E65AF320C78B31
[TLS] Written transcript to proofs/MSG_TLS_95EA13CE.out, proofs/SIG_TLS_95EA13CE.out and proofs/PK_TLS_95EA13CE.der
Signature verification succeeds
[TLS] Server time: 1619552413
[TLS] client_random  (32): 5CD5E1779E84D0422A30A3134D6F1525EC6EEFF243644A4E4DC5D444C010B3A3
[TLS] sign_hash (32): D7E93D32B99C5DA6AAEC84A83ACD5ED0BCD08BC557162B4B5C764A3263404E0F
[TLS] Written transcript to proofs/MSG_TLS_5CD5E177.out, proofs/SIG_TLS_5CD5E177.out and proofs/PK_TLS_5CD5E177.der
Signature verification succeeds
[TLS] Server time: 1619552413
[TLS] client_random  (32): 231F92FF105FFE79E463A42CFAE4B5C0B63E03E7D343C3837FFBD140B7C83FD0
[TLS] sign_hash (32): 8E3085CB814EAF431FE940E67441AC1C6EFB20826557CA1056501C6EF5832901
[TLS] Written transcript to proofs/MSG_TLS_231F92FF.out, proofs/SIG_TLS_231F92FF.out and proofs/PK_TLS_231F92FF.der
Signature verification succeeds
[TLS] Server time: 1619552413
[TLS] client_random  (32): 882652E3B3F62D7E3FC527C89B03655D9BF1A925A101BB3E36E2780C9DFC672C
[TLS] sign_hash (32): 0580C23C5692EA8C34E3E64740A657D53959A2F37345BAAB33004A9930927650
[TLS] Written transcript to proofs/MSG_TLS_882652E3.out, proofs/SIG_TLS_882652E3.out and proofs/PK_TLS_882652E3.der
Signature verification succeeds
[TLS] Server time: 1619552413
[TLS] client_random  (32): C0FDB1D46EC2F7F83253C3CC019BD80FB75C8B642A0109EFA27828216CBFA22A
[TLS] sign_hash (32): B231261CBD3400DFA2C6283EE2FB02A9693AD7E4749BE52B6A7B95F00678FDF4
[TLS] Written transcript to proofs/MSG_TLS_C0FDB1D4.out, proofs/SIG_TLS_C0FDB1D4.out and proofs/PK_TLS_C0FDB1D4.der
Signature verification succeeds
[TLS] Server time: 1619552413
[TLS] client_random  (32): 505B1826E227A557BA33C91B9B9018A6057F528A7A0F07FCA314D15851951B69
[TLS] sign_hash (32): 73683933B79BA90B1B12C6E4C81600003D2CAC48F8E897082BC9B83F891D6055
[TLS] Written transcript to proofs/MSG_TLS_505B1826.out, proofs/SIG_TLS_505B1826.out and proofs/PK_TLS_505B1826.der
Signature verification succeeds
[TLS] Server time: 1619552413
[TLS] client_random  (32): A09816F096D492D1CA1568ACB1A404B2ECDD6599C6D5EC6E9E0BCF4155DE7454
[TLS] sign_hash (32): 9624E7F6767A0352B4959810B64A274349AB1809701770EEAF402D115B2CE6CD
[TLS] Written transcript to proofs/MSG_TLS_A09816F0.out, proofs/SIG_TLS_A09816F0.out and proofs/PK_TLS_A09816F0.der
Signature verification succeeds
[TLS] Server time: 1619552413
[TLS] client_random  (32): F8342438C0E9583C1842EC0227782FFAFC6D3702560A1B2550E22E6A9D8B27E4
[TLS] sign_hash (32): 147A864F557C70F65190C5E9C23C706BC81199E0445142FBFEA3915714717FEE
[TLS] Written transcript to proofs/MSG_TLS_F8342438.out, proofs/SIG_TLS_F8342438.out and proofs/PK_TLS_F8342438.der
Signature verification succeeds
[TLS] Server time: 1619552413
[TLS] client_random  (32): F3AE0E13888D4D253691375E495EF5AADFA2CFDFC2E5EF6414CA0FCBC044D3E8
[TLS] sign_hash (32): 46187368720E890527D8CE4C557F6AA4796E490D908B15E089868062CB4F7936
[TLS] Written transcript to proofs/MSG_TLS_F3AE0E13.out, proofs/SIG_TLS_F3AE0E13.out and proofs/PK_TLS_F3AE0E13.der
Signature verification succeeds
[TLS] Server time: 1619552413
[TLS] client_random  (32): 348CA91E3D12AD94D8537B753C0C3689E5D19E87C5E4A2E050272DFF978BBA0E
[TLS] sign_hash (32): BD744EE756D3C37EDD26B712ADF6B47AF0FCE3BAA1B3444EA8647193393BD945
[TLS] Written transcript to proofs/MSG_TLS_348CA91E.out, proofs/SIG_TLS_348CA91E.out and proofs/PK_TLS_348CA91E.der
Signature verification succeeds
[TLS] Server time: 1619552413
[TLS] client_random  (32): CAFBF8700F9E6FD885E95D3C2B2634FCF31ADA1340B1991DE0F8CA531DF746D7
[TLS] sign_hash (32): 515F18C2170F4931AC4706FFD6A3A7F76EAE362B32051E8F6C073EA62B9E78AB
[TLS] Written transcript to proofs/MSG_TLS_CAFBF870.out, proofs/SIG_TLS_CAFBF870.out and proofs/PK_TLS_CAFBF870.der
Signature verification succeeds
[TLS] Server time: 1619552413
[TLS] client_random  (32): CAE0E6854CC693E4B40162200F7DA51E6D9C76E1AFF911909FA2AD6FEAFFCD5C
[TLS] sign_hash (32): 87E7EAC1619BBA0D576CC33D94A5F7AF071C12C6BBF8247A675D699E5A16A529
[TLS] Written transcript to proofs/MSG_TLS_CAE0E685.out, proofs/SIG_TLS_CAE0E685.out and proofs/PK_TLS_CAE0E685.der
Signature verification succeeds
[TLS] Server time: 1619552413
[TLS] client_random  (32): D89E908A7823D3A12FB470B2BB8A202EC4B4889F2168CB981B2E4BC0DE11EA82
[TLS] sign_hash (32): 93914D62611314C9EDD606199E4D65CBCA0A035B96638439607E776BF18FDE1D
[TLS] Written transcript to proofs/MSG_TLS_D89E908A.out, proofs/SIG_TLS_D89E908A.out and proofs/PK_TLS_D89E908A.der
Signature verification succeeds
[TLS] Server time: 1619552413
[TLS] client_random  (32): 47662DC77F5A99A8A94339A5B4148C4B879B14047565C2E165190182FA5A790F
[TLS] sign_hash (32): D0FEE5B80817F3EB92AB38ED0587DF539C86CE2CEA318E1729DDB3BB70811E05
[TLS] Written transcript to proofs/MSG_TLS_47662DC7.out, proofs/SIG_TLS_47662DC7.out and proofs/PK_TLS_47662DC7.der
Signature verification succeeds
[TLS] Server time: 1619552413
[TLS] client_random  (32): 915BAB352507E70E374FBB2BB0098F85B15AEFFCAEAFCC2FF8F956299EB0E77B
[TLS] sign_hash (32): 81937DABD508250081733F52CB02C3A084BD44F7B990C772177435CC6B1A5364
[TLS] Written transcript to proofs/MSG_TLS_915BAB35.out, proofs/SIG_TLS_915BAB35.out and proofs/PK_TLS_915BAB35.der
Signature verification succeeds
[TLS] Server time: 1619552413
[TLS] client_random  (32): 665D7C380DF0173A8730D0B984F2BD890BDEB9F3D7CEE4263E2494877301D09D
[TLS] sign_hash (32): FEE0DDF66E705D198DE277D883B21CAA2320E87D695F3146F141D5DBBEA717AB
[TLS] Written transcript to proofs/MSG_TLS_665D7C38.out, proofs/SIG_TLS_665D7C38.out and proofs/PK_TLS_665D7C38.der
Signature verification succeeds
[TLS] Server time: 1619552413
[TLS] client_random  (32): E5D3AEE458B3523F41131E48C90C9840515F5B4321673861E9E31C5CDC2ADE5C
[TLS] sign_hash (32): 5EF6F3CEADA9F567970F7C17A1242D8126A97AB554D5AE094F8AF90A45425223
[TLS] Written transcript to proofs/MSG_TLS_E5D3AEE4.out, proofs/SIG_TLS_E5D3AEE4.out and proofs/PK_TLS_E5D3AEE4.der
Signature verification succeeds
[TLS] Server time: 1619552413
[TLS] client_random  (32): 6D96C7E56D1CD096B8BE2738B88B78E369CE28303EC03F37EA98B01249EBB79A
[TLS] sign_hash (32): F865DCC0958A78B3126CF0C317DED8DDC9CE6EEAC400051A0F7EB45549B0CA1E
[TLS] Written transcript to proofs/MSG_TLS_6D96C7E5.out, proofs/SIG_TLS_6D96C7E5.out and proofs/PK_TLS_6D96C7E5.der
Signature verification succeeds
[TLS] Server time: 1619552413
[TLS] client_random  (32): B6B2EAF34F42957705FBB7794014A30292A98FF23A2EC4A2E42AF4DCC8DFDFDA
[TLS] sign_hash (32): EFA6015FE164B3D7A8808F42DEC4CD553F1AF4A9163E6D7DB30537C6EFF55B55
[TLS] Written transcript to proofs/MSG_TLS_B6B2EAF3.out, proofs/SIG_TLS_B6B2EAF3.out and proofs/PK_TLS_B6B2EAF3.der
Signature verification succeeds
[TLS] Server time: 1619552413
[TLS] client_random  (32): C729E4E2D06E2669637136708585E0C7F29F1915A9171D847CC802DE823DB9DF
[TLS] sign_hash (32): DDC789D17D3D01E44D8D3EA8E9D15DD8315041C01CE32FB7E6333978DF77FFDA
[TLS] Written transcript to proofs/MSG_TLS_C729E4E2.out, proofs/SIG_TLS_C729E4E2.out and proofs/PK_TLS_C729E4E2.der
Signature verification succeeds
[TLS] Server time: 1619552413
[TLS] client_random  (32): 81A51FEB8717D1ABB52E2DD14EB06E9654C9C038838B3F0B83647005B0A23357
[TLS] sign_hash (32): 45D46AF8BBD7DE04C3A02A2FDD6ECD42B09714F7F7C306AD4E8D3F93EE80DEB1
[TLS] Written transcript to proofs/MSG_TLS_81A51FEB.out, proofs/SIG_TLS_81A51FEB.out and proofs/PK_TLS_81A51FEB.der
Signature verification succeeds
[TLS] Server time: 1619552413
[TLS] client_random  (32): CF1E1A2953BCC51225B2BEFEABCE5F88720B447D06DF80EACEF3B1D5E0DD495C
[TLS] sign_hash (32): AAFBD3CF1FBA68BBB13C2DD0162E7B83C8F39F1187E32A392C15FFE96ACB6259
[TLS] Written transcript to proofs/MSG_TLS_CF1E1A29.out, proofs/SIG_TLS_CF1E1A29.out and proofs/PK_TLS_CF1E1A29.der
Signature verification succeeds
[TLS] Server time: 1619552413
[TLS] client_random  (32): 61505851FAD9F5CE30D087D14B71F6EAE70DA420605BCEEFD26299EDEF3646E6
[TLS] sign_hash (32): 1D7F45FE9CC0A6B0160C5675CF1AED6792BBC8F0123C21F96BEEFFBF1BE554EA
[TLS] Written transcript to proofs/MSG_TLS_61505851.out, proofs/SIG_TLS_61505851.out and proofs/PK_TLS_61505851.der
Signature verification succeeds
[TLS] Server time: 1619552413
[TLS] client_random  (32): 92ADE73BE24AC6EEF8CF9D21147F6B2250CBF2D0044EFADB8D5D4F03E89F45BD
[TLS] sign_hash (32): AC45D1361D34DD75D19901E033BA9360EE810BCD2324CA400902E2CD5CB11CC9
[TLS] Written transcript to proofs/MSG_TLS_92ADE73B.out, proofs/SIG_TLS_92ADE73B.out and proofs/PK_TLS_92ADE73B.der
Signature verification succeeds
[TLS] Server time: 1619552413
[TLS] client_random  (32): 99B53A0542664C0E92472D6CA2C75817DAF2EC837BD2DED6DA90D3C0906E9D2B
[TLS] sign_hash (32): D75EBB4E438854C508BCB8574B0DBC0AD87A7A8D8EE76E5B43303753370A661D
[TLS] Written transcript to proofs/MSG_TLS_99B53A05.out, proofs/SIG_TLS_99B53A05.out and proofs/PK_TLS_99B53A05.der
Signature verification succeeds
[TLS] Server time: 1619552413
[TLS] client_random  (32): 369BE5042AC7B8D5B38EBB308784C08F72B5DB3899A6273334F447C5E4D50CBC
[TLS] sign_hash (32): 23DB5374DB5AFB7093B4BF8F97851414CE148DC11516C3C8E32FEA86CC62333D
[TLS] Written transcript to proofs/MSG_TLS_369BE504.out, proofs/SIG_TLS_369BE504.out and proofs/PK_TLS_369BE504.der
Signature verification succeeds
[TLS] Server time: 1619552413
[TLS] client_random  (32): 6DDBAF1FB1EC294302AC1AE1B891996D2C9533846A02C35EBD079B3244388122
[TLS] sign_hash (32): A509E92CF3E76F6F0753D05F4A67677DD6BF9FFD458DC19523DBB6AB85A154FD
[TLS] Written transcript to proofs/MSG_TLS_6DDBAF1F.out, proofs/SIG_TLS_6DDBAF1F.out and proofs/PK_TLS_6DDBAF1F.der
Signature verification succeeds
[TLS] Server time: 1619552413
[TLS] client_random  (32): E4ECD98483E6A046C38FD4860E033075F581BF533585440ADA9EE3988AFF1784
[TLS] sign_hash (32): B83F6B24E47DF56C6DE4EE359B73270F7853797369CED9E299366A0AA5323E7D
[TLS] Written transcript to proofs/MSG_TLS_E4ECD984.out, proofs/SIG_TLS_E4ECD984.out and proofs/PK_TLS_E4ECD984.der
Signature verification succeeds
[TLS] Server time: 1619552413
[TLS] client_random  (32): 49B2465FECFFCFFD9D5EB4BF8DFFF2B6407DB8CEDFB2CDE1BF80E9E0446BC93D
[TLS] sign_hash (32): 366121106BD9E953A5A5D79510C6361D64F3A8DFC0F42356493CB01D572076C7
[TLS] Written transcript to proofs/MSG_TLS_49B2465F.out, proofs/SIG_TLS_49B2465F.out and proofs/PK_TLS_49B2465F.der
Signature verification succeeds
[TLS] Server time: 1619552413
[TLS] client_random  (32): 3261EBE97784918108FD11741980018085F3AB5E39A0895728B851B10E75E753
[TLS] sign_hash (32): 8A80DF2DDC7F7E36C167BD836FD36F8C3FFAEAC10E009EA8642C50A330BB7BF1
[TLS] Written transcript to proofs/MSG_TLS_3261EBE9.out, proofs/SIG_TLS_3261EBE9.out and proofs/PK_TLS_3261EBE9.der
Signature verification succeeds
[TLS] Server time: 1619552413
[TLS] client_random  (32): 2812C42E62DB6AD04D72683C1B3C949B7470FBA858C5D71E2DBED6F0A9EBDCE4
[TLS] sign_hash (32): 4FBBF367155AF75F012AE1BCC964BF08C437405E4347BC3418F59EB4CD72254A
[TLS] Written transcript to proofs/MSG_TLS_2812C42E.out, proofs/SIG_TLS_2812C42E.out and proofs/PK_TLS_2812C42E.der
Signature verification succeeds
[TLS] Server time: 1619552413
[TLS] client_random  (32): C0E5331B254F366CF95F1C824129179BD29E9E2B4C1BD07124C5B116A0315618
[TLS] sign_hash (32): D6B6D2EE32BB5A4D51E181D2C984546B9237C1F0CF4844F7BE6EB8FFF7E0D04D
[TLS] Written transcript to proofs/MSG_TLS_C0E5331B.out, proofs/SIG_TLS_C0E5331B.out and proofs/PK_TLS_C0E5331B.der
Signature verification succeeds
[TLS] Server time: 1619552413
[TLS] client_random  (32): 59683B43CA8A0A907F56DB0CBF8E19ECCEF253DB93B0853935D5D4C195DD39BB
[TLS] sign_hash (32): B2CBA14249EE1DCB23FD4D4772504097C20A68BE5A51F6EFBE138E47109F3BF5
[TLS] Written transcript to proofs/MSG_TLS_59683B43.out, proofs/SIG_TLS_59683B43.out and proofs/PK_TLS_59683B43.der
Signature verification succeeds
[TLS] Server time: 1619552413
[TLS] client_random  (32): A2376E546CD33260CA179065D3D151595B3FD25F9095685FF5D8ADC669E9172F
[TLS] sign_hash (32): BA2DD8D9B0BDE36AD0A37AF915B84FF6735839ED5B193F5751B75BE4D027EFAB
[TLS] Written transcript to proofs/MSG_TLS_A2376E54.out, proofs/SIG_TLS_A2376E54.out and proofs/PK_TLS_A2376E54.der
Signature verification succeeds
[TLS] Server time: 1619552413
[TLS] client_random  (32): 3862850E6D3857D353444B74438C288986C4ACBC15A49A8AAF46C207DF0B4F17
[TLS] sign_hash (32): 6B28F4E97AD009B45B3492B4F82DA5127E156CED4CBE6D511C622643529152DF
[TLS] Written transcript to proofs/MSG_TLS_3862850E.out, proofs/SIG_TLS_3862850E.out and proofs/PK_TLS_3862850E.der
Signature verification succeeds
[TLS] Server time: 1619552413
[TLS] client_random  (32): 942CCD56A16ABA605DCF7E1F4FF475DFB260E0F1A8F5E1220F9AB0C1DD465695
[TLS] sign_hash (32): 9329FFD78477AE03F7554455E55B100864CBDC43E99A819E4534066A8C0E4B38
[TLS] Written transcript to proofs/MSG_TLS_942CCD56.out, proofs/SIG_TLS_942CCD56.out and proofs/PK_TLS_942CCD56.der
Signature verification succeeds
[TLS] Server time: 1619552413
[TLS] client_random  (32): 7B71D06170C30EEC5A9C4F9B58D1B5EF27B6BDD853F735A243A26882520B87BF
[TLS] sign_hash (32): D36E2C62C2B633373A9124D06AC5381A7569AC652AA5AEFAE14C150D1269D83B
[TLS] Written transcript to proofs/MSG_TLS_7B71D061.out, proofs/SIG_TLS_7B71D061.out and proofs/PK_TLS_7B71D061.der
Signature verification succeeds
[TLS] Server time: 1619552413
[TLS] client_random  (32): 47338A86105D6CA1F49267996D193DDF4EB4B2C246900985C761500745AA7AA8
[TLS] sign_hash (32): 0C65DB2EADDCA0AF1AB12597A1B3C5BCFE359C859792E3D3AFEB796E06D6CA45
[TLS] Written transcript to proofs/MSG_TLS_47338A86.out, proofs/SIG_TLS_47338A86.out and proofs/PK_TLS_47338A86.der
Signature verification succeeds
[TLS] Server time: 1619552413
[TLS] client_random  (32): D872AFAA8F14206CE4859A50E974D37BBDB2D22FBA1651658AB5279BF8E6419B
[TLS] sign_hash (32): 7BA83F1A732524DD79F03F26DB44A36B17F88B888300D40652307FFA407AA219
[TLS] Written transcript to proofs/MSG_TLS_D872AFAA.out, proofs/SIG_TLS_D872AFAA.out and proofs/PK_TLS_D872AFAA.der
Signature verification succeeds
[TLS] Server time: 1619552413
[TLS] client_random  (32): 3D95BD84734D23273067825A7CEB9749F6B3604323A221681AC9002CA5D007B3
[TLS] sign_hash (32): 3AAD7A9BF67C3907C1AC70754D51AF0C8CD59C90EFBC53F4922AE403BC5853A3
[TLS] Written transcript to proofs/MSG_TLS_3D95BD84.out, proofs/SIG_TLS_3D95BD84.out and proofs/PK_TLS_3D95BD84.der
Signature verification succeeds
[TLS] Server time: 1619552413
[TLS] client_random  (32): 175AE02C5ACB522EC09D815F7205F46E892C3468A8FE2499EB9C233621183B39
[TLS] sign_hash (32): AB603F59D7A2DB84847AF6468012528393D83947BF9EF623DEA9C910E7D194E1
[TLS] Written transcript to proofs/MSG_TLS_175AE02C.out, proofs/SIG_TLS_175AE02C.out and proofs/PK_TLS_175AE02C.der
Signature verification succeeds
[TLS] Server time: 1619552413
[TLS] client_random  (32): EEA430AD83D741976411D85684A4BCCFC0C48960F656EF4C31273AED5CD6D3EF
[TLS] sign_hash (32): 85A85727D6773EEC42DFF18E699B259B0475419B13B3CB1D0235B98C44ACE04D
[TLS] Written transcript to proofs/MSG_TLS_EEA430AD.out, proofs/SIG_TLS_EEA430AD.out and proofs/PK_TLS_EEA430AD.der
Signature verification succeeds
[TLS] Server time: 1619552413
[TLS] client_random  (32): 4AB42CCFE27049D2B03D802EB6B1FF99A811EDD5786FD1E2D6A48B200DE6388F
[TLS] sign_hash (32): FAE57247BE84375312C688F4E72C12DD4B7D5153F2E0851E8F1C8E087B740E9A
[TLS] Written transcript to proofs/MSG_TLS_4AB42CCF.out, proofs/SIG_TLS_4AB42CCF.out and proofs/PK_TLS_4AB42CCF.der
Signature verification succeeds
[TLS] Server time: 1619552413
[TLS] client_random  (32): FA57B72C5EC70FEACD7C05A9A6BBF99F84506963ECCD17A4A0C7A169508F0FC4
[TLS] sign_hash (32): 254FBEFE003B54EAEDB1893C01611B031ECEFC94D76A92D8050672141E871A8B
[TLS] Written transcript to proofs/MSG_TLS_FA57B72C.out, proofs/SIG_TLS_FA57B72C.out and proofs/PK_TLS_FA57B72C.der
Signature verification succeeds
[TLS] Server time: 1619552413
[TLS] client_random  (32): 51E51AC4599C96CD925238FBD6C2B97493AD7D52F559D5A0452C02D77BEB34EB
[TLS] sign_hash (32): B5966DA5EF30E381AC0FD417FC5E5C8435918B2CF14CFA21BB4E393E7A3D139C
[TLS] Written transcript to proofs/MSG_TLS_51E51AC4.out, proofs/SIG_TLS_51E51AC4.out and proofs/PK_TLS_51E51AC4.der
Signature verification succeeds
[TLS] Server time: 1619552413
[TLS] client_random  (32): B51E30C9A60F4237A3ADC686776F67E58CF4E39611894EDCC979476BD225949E
[TLS] sign_hash (32): 22904837840D66B3A2914D1E7AB9C949D72700616AB087FF0464B1D4398E6256
[TLS] Written transcript to proofs/MSG_TLS_B51E30C9.out, proofs/SIG_TLS_B51E30C9.out and proofs/PK_TLS_B51E30C9.der
Signature verification succeeds
[TLS] Server time: 1619552413
[TLS] client_random  (32): 1B6133A214CCFDDAB7947B0E7D5073B64B88841D2265E6B211DF0F42BA455F58
[TLS] sign_hash (32): 1D2D85E22EE7F22D442A0F46759D1BFA82585BB2FE835B0605BC20C5E2F66428
[TLS] Written transcript to proofs/MSG_TLS_1B6133A2.out, proofs/SIG_TLS_1B6133A2.out and proofs/PK_TLS_1B6133A2.der
Signature verification succeeds
[TLS] Server time: 1619552413
[TLS] client_random  (32): DC380EBD0C9D51D5C2B9931B8AA35FC53A68B3754CF3E9227666E5526D651876
[TLS] sign_hash (32): 72E802B2DB54612A49B3C8CC8A88A01FBD862763E17EB71FB0D6A5B195E08FB2
[TLS] Written transcript to proofs/MSG_TLS_DC380EBD.out, proofs/SIG_TLS_DC380EBD.out and proofs/PK_TLS_DC380EBD.der
Signature verification succeeds
[TLS] Server time: 1619552413
[TLS] client_random  (32): 17F9A0DA0F28CA546D6D7EE25256218FD17EE8502C6CAAB220E285E5AF5363F7
[TLS] sign_hash (32): C777E8A61A2DE91C9A44B57093440500C14799E29F355AA0D2BC3276E73B985F
[TLS] Written transcript to proofs/MSG_TLS_17F9A0DA.out, proofs/SIG_TLS_17F9A0DA.out and proofs/PK_TLS_17F9A0DA.der
Signature verification succeeds
[TLS] Server time: 1619552413
[TLS] client_random  (32): 50F5AB6659FA211350C9B9CDA1F2F634B167DB4C18F3719FB4516FC2C183CD9D
[TLS] sign_hash (32): E50D2BF3483D7D1C8F0FBB5D988E0DB2EB3A3B5A46463E63D4987B61D2E99BF5
[TLS] Written transcript to proofs/MSG_TLS_50F5AB66.out, proofs/SIG_TLS_50F5AB66.out and proofs/PK_TLS_50F5AB66.der
Signature verification succeeds
[TLS] Server time: 1619552413
[TLS] client_random  (32): ACE47054722BF0E768C2EB0CB58E55AB820431DEB6D7B169ECAA2F31D26DA0BC
[TLS] sign_hash (32): 0D7719368E48D9660A88A0D4CBC92B51110B851360CD957F6AC92758E19B0DEB
[TLS] Written transcript to proofs/MSG_TLS_ACE47054.out, proofs/SIG_TLS_ACE47054.out and proofs/PK_TLS_ACE47054.der
Signature verification succeeds
[TLS] Server time: 1619552413
[TLS] client_random  (32): 31C821EE2F96E0A96A75DDB6CFE7B06E43B3B7A87208291A61685EA6DDE6BB59
[TLS] sign_hash (32): 1382C6D96812C358161A6F86523DE953FCD4B5FF4D82DE5B8C35F1B7E0C37513
[TLS] Written transcript to proofs/MSG_TLS_31C821EE.out, proofs/SIG_TLS_31C821EE.out and proofs/PK_TLS_31C821EE.der
Signature verification succeeds
[TLS] Server time: 1619552413
[TLS] client_random  (32): E34B7A67E6DCF1C04E4047B57F1C44181FC10C64908EE7650AF0EBB82F95C9A2
[TLS] sign_hash (32): F8CCE7F7A71E34DEA6DA004C105F01E3DE3D86E48B7FBD599DBE003A00EE8C1E
[TLS] Written transcript to proofs/MSG_TLS_E34B7A67.out, proofs/SIG_TLS_E34B7A67.out and proofs/PK_TLS_E34B7A67.der
Signature verification succeeds
[TLS] Server time: 1619552413
[TLS] client_random  (32): A9D6AD24DDA122BF02B388ECADD935C0BFDAFCD20D6060EFD53859217DA875B5
[TLS] sign_hash (32): 60211CDC0B2DE4590094E47089EDD1129CD3F44228E4FD8538EA4A237EF24632
[TLS] Written transcript to proofs/MSG_TLS_A9D6AD24.out, proofs/SIG_TLS_A9D6AD24.out and proofs/PK_TLS_A9D6AD24.der
Signature verification succeeds
Time breakdown (averages): anchor_ping:21.026841 file_read:0.142920 hashing:0.470073
Total time for 113 rounds is 2466.335475ms
Standard deviations: anchor_ping:60.539898 file_read:0.015016 hashing:0.004369
[Client-side ops] mean:0.612993 sd:0.015753
in & out anchor rand written to proofs/phase1.out
     11 [TLS] Server time: 1619552411
     38 [TLS] Server time: 1619552412
     65 [TLS] Server time: 1619552413
Count is 11
Count is 38
Count is 65
success: 1
RESULT: 1 in 2 tries
