TLS anchor: gold.ac.uk
Actual: 55, Set: 113
Beginning execution at Mon May 3 05:40:01 UTC 2021
CONF: anchor:gold.ac.uk fs:1024MB n_rounds:113 seed:5c9f4bf9bbc15bb855f82faedc5a52fc3ab2dfa8ec3ba3ce1b270f31fa0cced2 filename:FILE bs:1024 nops:100 benchmarking:0 anchor_ping:1 queue_depth:32 direct:0
[TLS] Connecting to gold.ac.uk
[TLS] Server time: 1620020401
[TLS] client_random  (32): 5C9F4BF9BBC15BB855F82FAEDC5A52FC3AB2DFA8EC3BA3CE1B270F31FA0CCED2
[TLS] sign_hash (32): 84DD257C1B8DCEF226A0BEC0A6021AA046FE95DF8A32BFFD7D5A5381F9940F29
[TLS] Written transcript to proofs/MSG_TLS_5C9F4BF9.out, proofs/SIG_TLS_5C9F4BF9.out and proofs/PK_TLS_5C9F4BF9.der
Signature verification succeeds
[TLS] Server time: 1620020401
[TLS] client_random  (32): 235F5BDAFBBA8FB51E3D5B62476078CFCE584CDD05F1E56A8069B3BB145112C8
[TLS] sign_hash (32): FDB864999D3D8945269438820B3236F6928497F7585B04B863A07718DDEF84E7
[TLS] Written transcript to proofs/MSG_TLS_235F5BDA.out, proofs/SIG_TLS_235F5BDA.out and proofs/PK_TLS_235F5BDA.der
Signature verification succeeds
[TLS] Server time: 1620020401
[TLS] client_random  (32): 0B91C75535D62BB418DF210F563E22EB1A2720959C650C8236FD1ECBA215152E
[TLS] sign_hash (32): BDD5DFBF2EF45B62A27D9FFA89265253363F7D669642F52897499C80051A3703
[TLS] Written transcript to proofs/MSG_TLS_0B91C755.out, proofs/SIG_TLS_0B91C755.out and proofs/PK_TLS_0B91C755.der
Signature verification succeeds
[TLS] Server time: 1620020401
[TLS] client_random  (32): B424F5AEA35560483B453FF0D5922DF65F7F357F4F939568221408F75D6FD906
[TLS] sign_hash (32): A7C9F587054D6E7DA5723B3B4FD02C8506AB856519E36AD1BE6A083172AF2C80
[TLS] Written transcript to proofs/MSG_TLS_B424F5AE.out, proofs/SIG_TLS_B424F5AE.out and proofs/PK_TLS_B424F5AE.der
Signature verification succeeds
[TLS] Server time: 1620020401
[TLS] client_random  (32): 3626A3C16AF1D65B0E8B2C8610ADD17B621EC7EB7BF68C927A99B999AB9C853A
[TLS] sign_hash (32): 302D8B7F3830D44C9F407EB027764E8C8F92D64B71D25DF475C058E32E968B34
[TLS] Written transcript to proofs/MSG_TLS_3626A3C1.out, proofs/SIG_TLS_3626A3C1.out and proofs/PK_TLS_3626A3C1.der
Signature verification succeeds
[TLS] Server time: 1620020401
[TLS] client_random  (32): F32DD071D1C8C20A52EC7466F42AF6ECAF5144CD6FCCF95020371605021E103A
[TLS] sign_hash (32): C8C250DB579BB8EE5A06F196473AA12D9C4F6DF2A42279F1415C5F0B8ABF3D68
[TLS] Written transcript to proofs/MSG_TLS_F32DD071.out, proofs/SIG_TLS_F32DD071.out and proofs/PK_TLS_F32DD071.der
Signature verification succeeds
[TLS] Server time: 1620020401
[TLS] client_random  (32): 48679FA4E15DCAEA1917995E6DCBC0E29F8AB23B16AFD96716D14978DA22BA7C
[TLS] sign_hash (32): 2E0344B7CAB284A19A8F820BE2430B2065FF7A01DF0B1BC282D275EA7923DC81
[TLS] Written transcript to proofs/MSG_TLS_48679FA4.out, proofs/SIG_TLS_48679FA4.out and proofs/PK_TLS_48679FA4.der
Signature verification succeeds
[TLS] Server time: 1620020401
[TLS] client_random  (32): BB0EB9C371E07974DC707EA10AB14EA049BEBFEDA85575F071F151F96DA7F9A4
[TLS] sign_hash (32): 55BFEC40C5EF2C43D6097C9AEF223B279B52B797D5A9A379D4DC14B478C4DCA7
[TLS] Written transcript to proofs/MSG_TLS_BB0EB9C3.out, proofs/SIG_TLS_BB0EB9C3.out and proofs/PK_TLS_BB0EB9C3.der
Signature verification succeeds
[TLS] Server time: 1620020401
[TLS] client_random  (32): 175F5CD822CE6B6E6557F6D07755C07051118940BECB5CBCB4329FC8D13AC11D
[TLS] sign_hash (32): B2FCEBF6373B722B391DACAF470815586CB2447BFD2AEBF0BE5B6991A4C1E16A
[TLS] Written transcript to proofs/MSG_TLS_175F5CD8.out, proofs/SIG_TLS_175F5CD8.out and proofs/PK_TLS_175F5CD8.der
Signature verification succeeds
[TLS] Server time: 1620020402
[TLS] client_random  (32): D2636C6CE114AA88DD38689B0105C895EF1AD5EBEC8C4EC0DFB1ACA555A08596
[TLS] sign_hash (32): C9AB4716E26F3C359041F0A672A2125E54130D42DC2263D389D8123DDC846D4E
[TLS] Written transcript to proofs/MSG_TLS_D2636C6C.out, proofs/SIG_TLS_D2636C6C.out and proofs/PK_TLS_D2636C6C.der
Signature verification succeeds
[TLS] Server time: 1620020402
[TLS] client_random  (32): 517D790D20351ACA97B6222CE2BC88B9C457E22332C39A717ADC1FCD4362022E
[TLS] sign_hash (32): 4CCE448DA332C160B381303C665EF5EA111E0FBA80CE70ECDDEB32E538CB2DC4
[TLS] Written transcript to proofs/MSG_TLS_517D790D.out, proofs/SIG_TLS_517D790D.out and proofs/PK_TLS_517D790D.der
Signature verification succeeds
[TLS] Server time: 1620020403
[TLS] client_random  (32): 7A5CD610DA563BB31DB40375DA56124669BFCFACF61F6B1826511ECAEAA033AE
[TLS] sign_hash (32): AB3562298CDF95B0345AABF08E47E2AE3444E3473F2CAADBC772EBC71C73C2A8
[TLS] Written transcript to proofs/MSG_TLS_7A5CD610.out, proofs/SIG_TLS_7A5CD610.out and proofs/PK_TLS_7A5CD610.der
Signature verification succeeds
[TLS] Server time: 1620020403
[TLS] client_random  (32): 2354A1509B776801C414AC37614AE479AA708B40102527950F00D31D94819C9D
[TLS] sign_hash (32): 3A3A2105CFB24249405AF2C65799BE78883FD0564465B38888DE9E1CA1A8A789
[TLS] Written transcript to proofs/MSG_TLS_2354A150.out, proofs/SIG_TLS_2354A150.out and proofs/PK_TLS_2354A150.der
Signature verification succeeds
[TLS] Server time: 1620020403
[TLS] client_random  (32): 5A5E60D9050816C7ED52367095E1CA71C36BE07864856876F6C8DBD6B5F4B0BC
[TLS] sign_hash (32): 14821503406282838B714E365E6F05C720FBBA5F0359C98E45D8E4DC2E25098B
[TLS] Written transcript to proofs/MSG_TLS_5A5E60D9.out, proofs/SIG_TLS_5A5E60D9.out and proofs/PK_TLS_5A5E60D9.der
Signature verification succeeds
[TLS] Server time: 1620020403
[TLS] client_random  (32): FBFC0B3DFCC66E2C7A8B2C5DBC0D6AB6DB2E9755F1C1C542AEC002300ADA4549
[TLS] sign_hash (32): B23D7056354F78B98B6B443FFCB8266783167BBDD580AF6E9670FEBF1775ED73
[TLS] Written transcript to proofs/MSG_TLS_FBFC0B3D.out, proofs/SIG_TLS_FBFC0B3D.out and proofs/PK_TLS_FBFC0B3D.der
Signature verification succeeds
[TLS] Server time: 1620020404
[TLS] client_random  (32): 872084FCE7F1653445BB9C1B3652FDEF1D952DF8A5E94047A939727D03757146
[TLS] sign_hash (32): A71C380CF5AD748E7EA87CFC571971118526AC2954F16444379CF6E57FDFDAF5
[TLS] Written transcript to proofs/MSG_TLS_872084FC.out, proofs/SIG_TLS_872084FC.out and proofs/PK_TLS_872084FC.der
Signature verification succeeds
[TLS] Server time: 1620020404
[TLS] client_random  (32): 523F7856263A9909614FB28CA88EE8DC463F9600E2EABA5298F9C65EA5EFD7D0
[TLS] sign_hash (32): D695ACCEE6947198D40CFF64CCBC7EFC20F55964C9D02CDE4BAFD7CEFC407035
[TLS] Written transcript to proofs/MSG_TLS_523F7856.out, proofs/SIG_TLS_523F7856.out and proofs/PK_TLS_523F7856.der
Signature verification succeeds
[TLS] Server time: 1620020404
[TLS] client_random  (32): 9874216600C571D375FBD59A9FF5D2639CC26F31555B5D0B53381740DB53E18D
[TLS] sign_hash (32): 23A6CAFC27E8F9A1FA111F145A4A22AB154DC4678238A0F2CAEB9E04BB5B1945
[TLS] Written transcript to proofs/MSG_TLS_98742166.out, proofs/SIG_TLS_98742166.out and proofs/PK_TLS_98742166.der
Signature verification succeeds
[TLS] Server time: 1620020404
[TLS] client_random  (32): ED84122C225E970F6B9202463835EF8AD66E81EA4828F1FBD9A52C1452C4BF36
[TLS] sign_hash (32): 34AE0ACD31A44867FBD8E00E21A10F779A6DA38F8825E7DED976E3AB7DDDE4FF
[TLS] Written transcript to proofs/MSG_TLS_ED84122C.out, proofs/SIG_TLS_ED84122C.out and proofs/PK_TLS_ED84122C.der
Signature verification succeeds
[TLS] Server time: 1620020404
[TLS] client_random  (32): 21180693C0A5B82470F728E962EE8E32D2C749BB3B9D7CE8DE0262082A0C2281
[TLS] sign_hash (32): 2DCDD83521D37D97874BD2260EA73E67068F4613F67CDCCAE87A34B6EF91472F
[TLS] Written transcript to proofs/MSG_TLS_21180693.out, proofs/SIG_TLS_21180693.out and proofs/PK_TLS_21180693.der
Signature verification succeeds
[TLS] Server time: 1620020404
[TLS] client_random  (32): 847A364BD44787A3DE322B55FD9F19FEE509942255806061932DD0CAA1E0C7FA
[TLS] sign_hash (32): 136CB82582715598F82D3DEFE5760BF0497E263FBF9D397B14E8228D8D21D93F
[TLS] Written transcript to proofs/MSG_TLS_847A364B.out, proofs/SIG_TLS_847A364B.out and proofs/PK_TLS_847A364B.der
Signature verification succeeds
[TLS] Server time: 1620020404
[TLS] client_random  (32): 36E57E8E53C43586008247E795BA7019F3BB381808870C95F37A4A6E43883FF8
[TLS] sign_hash (32): C1BCC8E7116F23A43E82CB5F6D8884BF9A2641F7E1A0128A1BBCB642EAD8FBC3
[TLS] Written transcript to proofs/MSG_TLS_36E57E8E.out, proofs/SIG_TLS_36E57E8E.out and proofs/PK_TLS_36E57E8E.der
Signature verification succeeds
[TLS] Server time: 1620020404
[TLS] client_random  (32): 9C17FB6C0E2821660F62A372F8F7EC65F835C2FB7AEF6840DA1F52259BF22A25
[TLS] sign_hash (32): B196930A01C9AB3ADD3AA4FD4C17D5654551B31D3794A59EAFA7F0F489F12DCE
[TLS] Written transcript to proofs/MSG_TLS_9C17FB6C.out, proofs/SIG_TLS_9C17FB6C.out and proofs/PK_TLS_9C17FB6C.der
Signature verification succeeds
[TLS] Server time: 1620020405
[TLS] client_random  (32): F52691E5FD90A4DDB57F6B8F852F45086A16F7DEE96D315D2D1BC1373A324AAD
[TLS] sign_hash (32): F8B15ABEF40194ADDFE47769A689FFAD4ACF1049CB993C54812D24AE4B870C44
[TLS] Written transcript to proofs/MSG_TLS_F52691E5.out, proofs/SIG_TLS_F52691E5.out and proofs/PK_TLS_F52691E5.der
Signature verification succeeds
[TLS] Server time: 1620020405
[TLS] client_random  (32): 22B24C582912C3779556E34FE2D700DB50AF3A8D9DFF95577A09632F5B7A553B
[TLS] sign_hash (32): 8CED3867781933111C7D9DF00D2BA4A5C041BC78051EC184AB1051783A788E54
[TLS] Written transcript to proofs/MSG_TLS_22B24C58.out, proofs/SIG_TLS_22B24C58.out and proofs/PK_TLS_22B24C58.der
Signature verification succeeds
[TLS] Server time: 1620020405
[TLS] client_random  (32): 10F07CB5CBA53D45FDBF94281F7D9F74111F90D112FE7F0F2534AD4A5BD8A168
[TLS] sign_hash (32): 459AE13CF48EAA09251678A20A306665BE4D945A5F3CA7344F2E701C777A1EC6
[TLS] Written transcript to proofs/MSG_TLS_10F07CB5.out, proofs/SIG_TLS_10F07CB5.out and proofs/PK_TLS_10F07CB5.der
Signature verification succeeds
[TLS] Server time: 1620020405
[TLS] client_random  (32): F364B24E922018E35AB1E00E01258FC0F897E130F24E24CE566FDAC492BC5FF4
[TLS] sign_hash (32): DE5D670CC91AB226E0BEF87859F5B0C8B54DAA959BE4436B9B4BD15BC68CA1AE
[TLS] Written transcript to proofs/MSG_TLS_F364B24E.out, proofs/SIG_TLS_F364B24E.out and proofs/PK_TLS_F364B24E.der
Signature verification succeeds
[TLS] Server time: 1620020405
[TLS] client_random  (32): 6D095C11BEF24682EDA0EB416FFF07E41C15D6EDABC93C3428B8109BA9AAF147
[TLS] sign_hash (32): 9940075722E7A500B8087D1C122852878055FD8E8931B97FB3B3111C03AF2830
[TLS] Written transcript to proofs/MSG_TLS_6D095C11.out, proofs/SIG_TLS_6D095C11.out and proofs/PK_TLS_6D095C11.der
Signature verification succeeds
[TLS] Server time: 1620020405
[TLS] client_random  (32): 7241774F53FE3F31A2AB8E5E1B802D04A8217970C1273630148F19570550D230
[TLS] sign_hash (32): 1C64455937B2C9C0E579FF772D88019F71FC41105CF7E49C205A3F39AF1EE95B
[TLS] Written transcript to proofs/MSG_TLS_7241774F.out, proofs/SIG_TLS_7241774F.out and proofs/PK_TLS_7241774F.der
Signature verification succeeds
[TLS] Server time: 1620020405
[TLS] client_random  (32): 9F506E738DF0D986B7ADDEAE5FE2235CA577F18942F007578982B4AE95303F34
[TLS] sign_hash (32): 0A5791587A442C4F3D69E5C847F9A9F50D347FB6EB3CDDC005413BDCFBF79C15
[TLS] Written transcript to proofs/MSG_TLS_9F506E73.out, proofs/SIG_TLS_9F506E73.out and proofs/PK_TLS_9F506E73.der
Signature verification succeeds
[TLS] Server time: 1620020405
[TLS] client_random  (32): 7D7A7CE07132BBC4187BA2284E4B000954557BD77419F9CD67BF3B09ECD03F28
[TLS] sign_hash (32): F73EA2880CCC39054C6E556C54BE93EDA5246E9AAA8552E3BD168443864696CB
[TLS] Written transcript to proofs/MSG_TLS_7D7A7CE0.out, proofs/SIG_TLS_7D7A7CE0.out and proofs/PK_TLS_7D7A7CE0.der
Signature verification succeeds
[TLS] Server time: 1620020405
[TLS] client_random  (32): 32EB7A3517B3E79D15B627DCEDBBB6F49CF6E6A79731FC98A2D2C0F2BCA91C25
[TLS] sign_hash (32): 165718DBAFE7E5E1897199DAF1C7B264AD3B604709F17E042C1C77F60D2D79D2
[TLS] Written transcript to proofs/MSG_TLS_32EB7A35.out, proofs/SIG_TLS_32EB7A35.out and proofs/PK_TLS_32EB7A35.der
Signature verification succeeds
[TLS] Server time: 1620020405
[TLS] client_random  (32): 0C3D65A1110EFDF61E533E32777137A78F8F6574FAA4FB025AAC1B4BBF6971E7
[TLS] sign_hash (32): 5FA7CA4DFBEC751C23AFB3CE9D24A906B70CFA90D177FE2F7587D36290B9726A
[TLS] Written transcript to proofs/MSG_TLS_0C3D65A1.out, proofs/SIG_TLS_0C3D65A1.out and proofs/PK_TLS_0C3D65A1.der
Signature verification succeeds
[TLS] Server time: 1620020405
[TLS] client_random  (32): 668C292BFC75962BD82D58FF978E2C86941B29695B25DEAFA1AC213D94B99462
[TLS] sign_hash (32): DDE1F279AAA62A0F5332BF426DAF3365F87EB6E7883ED3EE8284C365E0F66576
[TLS] Written transcript to proofs/MSG_TLS_668C292B.out, proofs/SIG_TLS_668C292B.out and proofs/PK_TLS_668C292B.der
Signature verification succeeds
[TLS] Server time: 1620020405
[TLS] client_random  (32): 63E563BD4B671C68155D0BAC1EC9F925D907CF94C5EA9B692C8B11C1EFC65DE4
[TLS] sign_hash (32): 98E3893317E4CE155D4899E8FBBA1AE11678BE9EC547AE48324E471742DF73DD
[TLS] Written transcript to proofs/MSG_TLS_63E563BD.out, proofs/SIG_TLS_63E563BD.out and proofs/PK_TLS_63E563BD.der
Signature verification succeeds
[TLS] Server time: 1620020405
[TLS] client_random  (32): 60D66461A0AEBF82C0FBE7CB1E029C835E85D34DC7D1CCD104D4EEEAB0C97701
[TLS] sign_hash (32): 3C129C8E6DF7F8E90D69EC87529D195A63E83522AAA3CF7302AC8926EA16832A
[TLS] Written transcript to proofs/MSG_TLS_60D66461.out, proofs/SIG_TLS_60D66461.out and proofs/PK_TLS_60D66461.der
Signature verification succeeds
[TLS] Server time: 1620020406
[TLS] client_random  (32): D0FADAC62AAB1B17AD09C0E14888FCEC6F3DB23F9A13DA8C3590B490897B63D2
[TLS] sign_hash (32): F2EA7DD5729141A5C8826A2973E23E010AF48CAD0A7D4CF0630509835ACE186C
[TLS] Written transcript to proofs/MSG_TLS_D0FADAC6.out, proofs/SIG_TLS_D0FADAC6.out and proofs/PK_TLS_D0FADAC6.der
Signature verification succeeds
[TLS] Server time: 1620020406
[TLS] client_random  (32): B1568E8A73F6ADD4C67ADBB5A5B370364EF9C82DB677AED35695EE4794787D3A
[TLS] sign_hash (32): 49DFC8EE6C616E677135E97B41627C5F1F4BF747029CB40FA601D7D45E7676A3
[TLS] Written transcript to proofs/MSG_TLS_B1568E8A.out, proofs/SIG_TLS_B1568E8A.out and proofs/PK_TLS_B1568E8A.der
Signature verification succeeds
[TLS] Server time: 1620020406
[TLS] client_random  (32): 604664874495F0B5F4D7B582101F91BF6C93AE84E9BC40A0A50851F4EDF02D8C
[TLS] sign_hash (32): 0AA897449CCDA6D51CA05A3A3AFF3FCC383FD5CB54080E24A6868EE676AB95C6
[TLS] Written transcript to proofs/MSG_TLS_60466487.out, proofs/SIG_TLS_60466487.out and proofs/PK_TLS_60466487.der
Signature verification succeeds
[TLS] Server time: 1620020406
[TLS] client_random  (32): 0352FA3C99A0DE747BA5C786F456CF9B0BB3CB58804C26CA69B9F7B51D8A5C46
[TLS] sign_hash (32): C704324CCCA22DC6A03A3B00FFB1A4BF0BEA2E7533AA54B0F2DC58C18200D476
[TLS] Written transcript to proofs/MSG_TLS_0352FA3C.out, proofs/SIG_TLS_0352FA3C.out and proofs/PK_TLS_0352FA3C.der
Signature verification succeeds
[TLS] Server time: 1620020406
[TLS] client_random  (32): F664323F11078A1C7042DA7FF5C1F6DA02D91F9381A86247A170FD384C4D8646
[TLS] sign_hash (32): 46E2CCC10AA8DDCC3D269C735DC8D0D1CCD35CB3A30853937104549A9A0B436F
[TLS] Written transcript to proofs/MSG_TLS_F664323F.out, proofs/SIG_TLS_F664323F.out and proofs/PK_TLS_F664323F.der
Signature verification succeeds
[TLS] Server time: 1620020406
[TLS] client_random  (32): 86134FC65E5A9E212F913A7CFD1005773C4D617C88393F838323101221924BA4
[TLS] sign_hash (32): 71805337E4D1FE91E49C8F990C6AAB66BD97BB9FF3C29C1075B6B2A53F65D221
[TLS] Written transcript to proofs/MSG_TLS_86134FC6.out, proofs/SIG_TLS_86134FC6.out and proofs/PK_TLS_86134FC6.der
Signature verification succeeds
[TLS] Server time: 1620020406
[TLS] client_random  (32): 2443C394AC7086BAFFF983C66606EEA380C27B32EAD5FE9A1D5AD65BD85DA670
[TLS] sign_hash (32): 326E7E41F8A983DD4098C0ED02F0A6BD7A60B1E32992749839187D79C2C8D849
[TLS] Written transcript to proofs/MSG_TLS_2443C394.out, proofs/SIG_TLS_2443C394.out and proofs/PK_TLS_2443C394.der
Signature verification succeeds
[TLS] Server time: 1620020406
[TLS] client_random  (32): C4903F20B4D1474BDB8D81D0C4E97BF423C46E34A9EE5D62EB635487A261B155
[TLS] sign_hash (32): 0EC4589A1D437FFDCCB430E7FCADC60FC2EA932B6BC53DD467256CE99A8DC314
[TLS] Written transcript to proofs/MSG_TLS_C4903F20.out, proofs/SIG_TLS_C4903F20.out and proofs/PK_TLS_C4903F20.der
Signature verification succeeds
[TLS] Server time: 1620020406
[TLS] client_random  (32): 079A4122F8844EA86392D9C51017CA44FC43F0990345608075AAF1CBF7F39DB8
[TLS] sign_hash (32): 8C02E297A31A28BCABB6CF4DA57084C0C6CB7931DEA258F803069A55E667FA5D
[TLS] Written transcript to proofs/MSG_TLS_079A4122.out, proofs/SIG_TLS_079A4122.out and proofs/PK_TLS_079A4122.der
Signature verification succeeds
[TLS] Server time: 1620020406
[TLS] client_random  (32): 1057A1319533FB7887A7D63ED0D322AD26A1158DD9DD7DE3A975EF493B69ECCB
[TLS] sign_hash (32): 46A09EEEC6A192C7F818FFFB740415CDE039C2D875720FD508509F07C4BA9369
[TLS] Written transcript to proofs/MSG_TLS_1057A131.out, proofs/SIG_TLS_1057A131.out and proofs/PK_TLS_1057A131.der
Signature verification succeeds
[TLS] Server time: 1620020406
[TLS] client_random  (32): 4B0D5F41AB7E3E988EF61287BB541827E1A3C3683394A5DE8A67EBF7DE2FE354
[TLS] sign_hash (32): B378D73732CC5AB970072575EC5362200CDC649A55F5378C1EE323A328CEE1E4
[TLS] Written transcript to proofs/MSG_TLS_4B0D5F41.out, proofs/SIG_TLS_4B0D5F41.out and proofs/PK_TLS_4B0D5F41.der
Signature verification succeeds
[TLS] Server time: 1620020407
[TLS] client_random  (32): CD11368496E3878CE9256EBA3BCFAB1E759A991C834548EBB4346D45C2573950
[TLS] sign_hash (32): CD7CC9C74A5D509E77A281D565412FBB32CC4FDEC39209AAADE801F23C4A52F7
[TLS] Written transcript to proofs/MSG_TLS_CD113684.out, proofs/SIG_TLS_CD113684.out and proofs/PK_TLS_CD113684.der
Signature verification succeeds
[TLS] Server time: 1620020407
[TLS] client_random  (32): DE99FDE4FEAE6DDDCF179F8468AC64CEBCA663B939FCDA594040C9FF14AE5597
[TLS] sign_hash (32): A8FF8970230F0CC98927D581AB4167DC942EB54DE64CFD844440E15CC6CFA191
[TLS] Written transcript to proofs/MSG_TLS_DE99FDE4.out, proofs/SIG_TLS_DE99FDE4.out and proofs/PK_TLS_DE99FDE4.der
Signature verification succeeds
[TLS] Server time: 1620020407
[TLS] client_random  (32): BE7F4C6A70EFA2E98DB852904641BD09B5938E6FF9EC52FBFA7450D37814A716
[TLS] sign_hash (32): 42AF5722588E6D2CDE01E890F505650236A65D0B983A65D4C352AF51DFE61976
[TLS] Written transcript to proofs/MSG_TLS_BE7F4C6A.out, proofs/SIG_TLS_BE7F4C6A.out and proofs/PK_TLS_BE7F4C6A.der
Signature verification succeeds
[TLS] Server time: 1620020407
[TLS] client_random  (32): D2B70F155E93F3A3FAFE50A95CF696404778B333D9A6139E58D3ACC81D616DC5
[TLS] sign_hash (32): DA1FB9E19408C4C2BD606CBBB089B9B94308EB20307C7330C58FEA6EDF3CFC1A
[TLS] Written transcript to proofs/MSG_TLS_D2B70F15.out, proofs/SIG_TLS_D2B70F15.out and proofs/PK_TLS_D2B70F15.der
Signature verification succeeds
[TLS] Server time: 1620020407
[TLS] client_random  (32): 355C9A4884AD29452722703998BDEB8B00EAA523C683251AD78B1EB1770B2AF0
[TLS] sign_hash (32): EC03313C358961BB2FCDE8AB4A2B65C324168CF0A1284AF458235DC2934D10E6
[TLS] Written transcript to proofs/MSG_TLS_355C9A48.out, proofs/SIG_TLS_355C9A48.out and proofs/PK_TLS_355C9A48.der
Signature verification succeeds
[TLS] Server time: 1620020407
[TLS] client_random  (32): 1C144859D9E9E91727F36D80D992BCC83819BF7D3BA034708317E5BF5061E7CC
[TLS] sign_hash (32): 85D80EBA26DF0E32BBBAF099DC8E6394FF7BE5B751AF2A4FAB968943CD7D33B9
[TLS] Written transcript to proofs/MSG_TLS_1C144859.out, proofs/SIG_TLS_1C144859.out and proofs/PK_TLS_1C144859.der
Signature verification succeeds
[TLS] Server time: 1620020407
[TLS] client_random  (32): 8D4490B686A6F3216751C030AA13199287ABD2CA59B5A3DB4DEB710C4FA915A2
[TLS] sign_hash (32): 32539B085DCC98225DA258EF3CCF16F1814AD0139EB5A8CF45CD3F7367989F02
[TLS] Written transcript to proofs/MSG_TLS_8D4490B6.out, proofs/SIG_TLS_8D4490B6.out and proofs/PK_TLS_8D4490B6.der
Signature verification succeeds
[TLS] Server time: 1620020407
[TLS] client_random  (32): 548C469EDE143254A31017B414A29C0FB81EA213CBBB531AABBED7FC46BA6372
[TLS] sign_hash (32): 5D4F979AD766108240C4A730F6480A16D149FDA301BED1E973F665986663055B
[TLS] Written transcript to proofs/MSG_TLS_548C469E.out, proofs/SIG_TLS_548C469E.out and proofs/PK_TLS_548C469E.der
Signature verification succeeds
[TLS] Server time: 1620020407
[TLS] client_random  (32): D19E35AF2458D2DA4FFE803FCC368FAA508DCCADE1FB5BE9337F404ED5CC245C
[TLS] sign_hash (32): BDE4E9600364CFE6FF5889E07A9F495CCA6F15892BA3698F5C3E6C1E0483DCD7
[TLS] Written transcript to proofs/MSG_TLS_D19E35AF.out, proofs/SIG_TLS_D19E35AF.out and proofs/PK_TLS_D19E35AF.der
Signature verification succeeds
[TLS] Server time: 1620020407
[TLS] client_random  (32): E41AD5E1AF4869DFB8B67EB9B23DEECC4A97F8566720F9088C6E252875B0D958
[TLS] sign_hash (32): EA8DC65BB7489D1F569651AE22A1B4227900F38F7B56AFA5C403741D3BCE9CF2
[TLS] Written transcript to proofs/MSG_TLS_E41AD5E1.out, proofs/SIG_TLS_E41AD5E1.out and proofs/PK_TLS_E41AD5E1.der
Signature verification succeeds
[TLS] Server time: 1620020407
[TLS] client_random  (32): D62066D4F38040C1D9D9C7DAE62CD5A22F10C95708D43297B2ADF02E2EADD038
[TLS] sign_hash (32): 9921413721C64C6DBAAA5E5B80C49986648AEC6B5ACFAB585E084221C9607784
[TLS] Written transcript to proofs/MSG_TLS_D62066D4.out, proofs/SIG_TLS_D62066D4.out and proofs/PK_TLS_D62066D4.der
Signature verification succeeds
[TLS] Server time: 1620020407
[TLS] client_random  (32): 2ABAD89051D8AD40649D077AC8A840807786D5D7D36B1E0D65E8EB12BDE7963C
[TLS] sign_hash (32): 27231DBB2C60FCC7DD3E86F8E291CD974EADBEDCE6B5FA3B728D69F889584EC7
[TLS] Written transcript to proofs/MSG_TLS_2ABAD890.out, proofs/SIG_TLS_2ABAD890.out and proofs/PK_TLS_2ABAD890.der
Signature verification succeeds
[TLS] Server time: 1620020407
[TLS] client_random  (32): 13BACA1254FAD32C834B284FCC6BAB55AB2D981C4B33CE9839DE50FA3F828783
[TLS] sign_hash (32): B9D22B7219D6F6188DE21F435626479E54E8F5AEF541FAFA4991D601C17F24C4
[TLS] Written transcript to proofs/MSG_TLS_13BACA12.out, proofs/SIG_TLS_13BACA12.out and proofs/PK_TLS_13BACA12.der
Signature verification succeeds
[TLS] Server time: 1620020407
[TLS] client_random  (32): 89DBCDF6E241E2060A65FA711943F6FB7904144868F9A92789E13639ADBED1A9
[TLS] sign_hash (32): DEBEC583A4836DCD3369C3BFFCBAB25BF70043964ED59FC0779E66DE59D0B1A6
[TLS] Written transcript to proofs/MSG_TLS_89DBCDF6.out, proofs/SIG_TLS_89DBCDF6.out and proofs/PK_TLS_89DBCDF6.der
Signature verification succeeds
[TLS] Server time: 1620020407
[TLS] client_random  (32): 4B0F31DFD8630AA5C9A67583FEE09CFB21A7E3181E1E38D2B0510892F9F38E5B
[TLS] sign_hash (32): 4984B43E39EA6A3C4D35BD6BC4CFA9B4781E9A96EB14EF0745ECC56B3A12B6C1
[TLS] Written transcript to proofs/MSG_TLS_4B0F31DF.out, proofs/SIG_TLS_4B0F31DF.out and proofs/PK_TLS_4B0F31DF.der
Signature verification succeeds
[TLS] Server time: 1620020407
[TLS] client_random  (32): BD6566B90845F394F8BD735F9B59B6F0B4AA1D1E4FFAE579C753DCC1B789A8A6
[TLS] sign_hash (32): CE90CE35E6E7232A285A9FEECFA9C3ABE6E6FAA70796BE3EEB5E4E191152E687
[TLS] Written transcript to proofs/MSG_TLS_BD6566B9.out, proofs/SIG_TLS_BD6566B9.out and proofs/PK_TLS_BD6566B9.der
Signature verification succeeds
[TLS] Server time: 1620020407
[TLS] client_random  (32): 239A84F6470F1BF1C6187261F7818407A778DBBD0D9539B2B28107B21C1C4317
[TLS] sign_hash (32): 40C7DEAEE4C8DA32EFF140F3A314A9B32CFB34FB9BC81DC8561C8FCE856684F0
[TLS] Written transcript to proofs/MSG_TLS_239A84F6.out, proofs/SIG_TLS_239A84F6.out and proofs/PK_TLS_239A84F6.der
Signature verification succeeds
[TLS] Server time: 1620020407
[TLS] client_random  (32): 0576CD2D39C665A83A5A4446564FD0314D6818D32509440856CDC3EBB223BC77
[TLS] sign_hash (32): A8372696B192A7F84D988048A842C0DB0BDF5057D36C0CA4ED0576C40BF10AE3
[TLS] Written transcript to proofs/MSG_TLS_0576CD2D.out, proofs/SIG_TLS_0576CD2D.out and proofs/PK_TLS_0576CD2D.der
Signature verification succeeds
[TLS] Server time: 1620020407
[TLS] client_random  (32): C81712DFF683440B92637BB20BD0BAD095768B3EA5E927694D79E181021EC7CE
[TLS] sign_hash (32): 10B00F89E7ADB72626380920C71F9D7E58A833836A755AE269F3389B0452DAF8
[TLS] Written transcript to proofs/MSG_TLS_C81712DF.out, proofs/SIG_TLS_C81712DF.out and proofs/PK_TLS_C81712DF.der
Signature verification succeeds
[TLS] Server time: 1620020407
[TLS] client_random  (32): E32AEB8F6851E1BA2B65E096FF95766AF3238478AF5A1994E6687932BD3854DD
[TLS] sign_hash (32): A28F68A80FB093741051F30EEF279FF32D4E6FEA0A9611F6B539F2066A831974
[TLS] Written transcript to proofs/MSG_TLS_E32AEB8F.out, proofs/SIG_TLS_E32AEB8F.out and proofs/PK_TLS_E32AEB8F.der
Signature verification succeeds
[TLS] Server time: 1620020407
[TLS] client_random  (32): ECE7B2DEFB5FC566F70DA6B3B07E8A18E1F72B5C505D1EC57DEE52CF0BFF2E4B
[TLS] sign_hash (32): 5D554BFF41F290376BE164C5729816537ADB1C071744BF5737C71900E239DA9A
[TLS] Written transcript to proofs/MSG_TLS_ECE7B2DE.out, proofs/SIG_TLS_ECE7B2DE.out and proofs/PK_TLS_ECE7B2DE.der
Signature verification succeeds
[TLS] Server time: 1620020407
[TLS] client_random  (32): 00B3D12F43FC53460E1C07615FB71A53CE383B08D204C2EED920A1C535EA91F6
[TLS] sign_hash (32): 12248E8AC1FB930E47EA528072A0B60B5663E6F25E750840DA7FBE7422EA6BFD
[TLS] Written transcript to proofs/MSG_TLS_00B3D12F.out, proofs/SIG_TLS_00B3D12F.out and proofs/PK_TLS_00B3D12F.der
Signature verification succeeds
[TLS] Server time: 1620020407
[TLS] client_random  (32): AA631CECD8E7D9225563B711D4B86462C0761416674FC5608C6FC5A5D1B7AB3E
[TLS] sign_hash (32): 45F4439AC8D5193E3775E85CE2AB57AEE820D1DE973BFF12EC9A06B1D87F4182
[TLS] Written transcript to proofs/MSG_TLS_AA631CEC.out, proofs/SIG_TLS_AA631CEC.out and proofs/PK_TLS_AA631CEC.der
Signature verification succeeds
[TLS] Server time: 1620020407
[TLS] client_random  (32): 90BC60FA73E38C9052D228FB3D13897167DDADB1C740D6A135D265FA98CCD3E7
[TLS] sign_hash (32): 436F942019B86D2E6C56BCEF03A97C835E3F122ABFB92B2134DF41ADD18BFBAC
[TLS] Written transcript to proofs/MSG_TLS_90BC60FA.out, proofs/SIG_TLS_90BC60FA.out and proofs/PK_TLS_90BC60FA.der
Signature verification succeeds
[TLS] Server time: 1620020407
[TLS] client_random  (32): 8FE919AD48023029F50E48567BFA443B86C770CB00B00E6D37C903D934ADAC2F
[TLS] sign_hash (32): D7B25E66939912194F50C87BFBF124B374E1765551363FE6B9D4D603686E4EBB
[TLS] Written transcript to proofs/MSG_TLS_8FE919AD.out, proofs/SIG_TLS_8FE919AD.out and proofs/PK_TLS_8FE919AD.der
Signature verification succeeds
[TLS] Server time: 1620020407
[TLS] client_random  (32): 5A1586EFB5FE3A53E7562A1F07D74C00CAA18E12BA4DF565D86CB5E6C228E0B7
[TLS] sign_hash (32): 35C4510823BAD56A83E036BB0D09FD088B63EC09269B930C4BC2B9F4F27C292D
[TLS] Written transcript to proofs/MSG_TLS_5A1586EF.out, proofs/SIG_TLS_5A1586EF.out and proofs/PK_TLS_5A1586EF.der
Signature verification succeeds
[TLS] Server time: 1620020407
[TLS] client_random  (32): B74A24929929520D11288853E1A5D7DC57CF0CA63C50B420F9E12BF5411D1F7F
[TLS] sign_hash (32): 0FD1E6E18D10EE9648333EEB80ADEA76B7FAA2C046D87BDF3CC51672B7A5E65D
[TLS] Written transcript to proofs/MSG_TLS_B74A2492.out, proofs/SIG_TLS_B74A2492.out and proofs/PK_TLS_B74A2492.der
Signature verification succeeds
[TLS] Server time: 1620020407
[TLS] client_random  (32): D43C58B1E1EFFF3A53CDF8CC67AB7DAAD84911821AC39857604E48F46F9F4F2A
[TLS] sign_hash (32): 3DED0C023A2A0F99F2149022D837D4D8FB1C7A172D40D050F4EF6310FE6C9193
[TLS] Written transcript to proofs/MSG_TLS_D43C58B1.out, proofs/SIG_TLS_D43C58B1.out and proofs/PK_TLS_D43C58B1.der
Signature verification succeeds
[TLS] Server time: 1620020407
[TLS] client_random  (32): 44FB40D0982430B30492132F569D15F3297127A53010C448E875520AF1F435F1
[TLS] sign_hash (32): A3BAD127D804158F81CAFFCD4937C87A0EBF9F211B350C72A60EABA1671EBCD3
[TLS] Written transcript to proofs/MSG_TLS_44FB40D0.out, proofs/SIG_TLS_44FB40D0.out and proofs/PK_TLS_44FB40D0.der
Signature verification succeeds
[TLS] Server time: 1620020407
[TLS] client_random  (32): AE2C1E19BDAD43A80307344C1FA62F24681D41749B9D5C0DBBEC86150F28B6B8
[TLS] sign_hash (32): 95109F05D08BD3548DD0970C8CC2D5D744ADC80BD41CC088114322B9712F796F
[TLS] Written transcript to proofs/MSG_TLS_AE2C1E19.out, proofs/SIG_TLS_AE2C1E19.out and proofs/PK_TLS_AE2C1E19.der
Signature verification succeeds
[TLS] Server time: 1620020408
[TLS] client_random  (32): D26529519453BDE82DC8353A4639FD8721074B4D8DBD7C13DADDE033B40B28BB
[TLS] sign_hash (32): 1587AD6AFA0F78D94330D5459B9F467ADD51C97E4AEE366AAF718A896890EEF7
[TLS] Written transcript to proofs/MSG_TLS_D2652951.out, proofs/SIG_TLS_D2652951.out and proofs/PK_TLS_D2652951.der
Signature verification succeeds
[TLS] Server time: 1620020408
[TLS] client_random  (32): EB7A1A54F344EE37BFE2FDE7750A5010F32DFC872F25D5374EC21CA6FB69C198
[TLS] sign_hash (32): F722912F632CAD0507A2101AE56558DA277143DD5BD715FABFB8DEF66B3FBA31
[TLS] Written transcript to proofs/MSG_TLS_EB7A1A54.out, proofs/SIG_TLS_EB7A1A54.out and proofs/PK_TLS_EB7A1A54.der
Signature verification succeeds
[TLS] Server time: 1620020408
[TLS] client_random  (32): 33202B4A7D494291E1031BBF9057B1FE1BE9DF9F7E4D8FFCB2370C8243EE6EB0
[TLS] sign_hash (32): CBA9F542CF2FA1BFEE8022817BFACEC30C49ADA02B5BBC81AA96D11CB6FBBFBB
[TLS] Written transcript to proofs/MSG_TLS_33202B4A.out, proofs/SIG_TLS_33202B4A.out and proofs/PK_TLS_33202B4A.der
Signature verification succeeds
[TLS] Server time: 1620020408
[TLS] client_random  (32): E6606B62E8E4BA10E1A11D4F855DAF1A7DFB289D64E52C3533D8FE07981345F0
[TLS] sign_hash (32): 5960B0A506D6FBEB96B8496D4883304FA4FF9CEF3747F7B29DAB4B22DCC10636
[TLS] Written transcript to proofs/MSG_TLS_E6606B62.out, proofs/SIG_TLS_E6606B62.out and proofs/PK_TLS_E6606B62.der
Signature verification succeeds
[TLS] Server time: 1620020408
[TLS] client_random  (32): 5490056BC9D9721D352B1579631ED11B97DEB00D11F920FAE28B20AF250974A9
[TLS] sign_hash (32): CB8253F29BC05951FF913E9FD37EECA95C40C20AA8A858E44227F8C879AE3F2F
[TLS] Written transcript to proofs/MSG_TLS_5490056B.out, proofs/SIG_TLS_5490056B.out and proofs/PK_TLS_5490056B.der
Signature verification succeeds
[TLS] Server time: 1620020408
[TLS] client_random  (32): A228754A6DDD96F2F51893205785D7F0E51CED9C3D8C27DEFAB7EB9320E8C612
[TLS] sign_hash (32): 4B54457D9FBD4DAC0EDC0755C6EFCF6A6EC6CB68D1A245D2FE3F89AAD503FBA4
[TLS] Written transcript to proofs/MSG_TLS_A228754A.out, proofs/SIG_TLS_A228754A.out and proofs/PK_TLS_A228754A.der
Signature verification succeeds
[TLS] Server time: 1620020408
[TLS] client_random  (32): 38D4FE6971DB41123705BD7BD626A37143423CF43E64FD325D8FAAAAF8DE5041
[TLS] sign_hash (32): 09BBEB89240EACAC24D55F633BE6EB6C20457F5F2041566A076583E36A706FE4
[TLS] Written transcript to proofs/MSG_TLS_38D4FE69.out, proofs/SIG_TLS_38D4FE69.out and proofs/PK_TLS_38D4FE69.der
Signature verification succeeds
[TLS] Server time: 1620020408
[TLS] client_random  (32): 79F25676CEDD573D57C67C7F61C17E7E09EBA6E5F0AC552EDDC74273DD31D119
[TLS] sign_hash (32): 42EE6619C47F25F37848B8A80E3B4A534B1EA483837255C7E074BE59645F3DCE
[TLS] Written transcript to proofs/MSG_TLS_79F25676.out, proofs/SIG_TLS_79F25676.out and proofs/PK_TLS_79F25676.der
Signature verification succeeds
[TLS] Server time: 1620020408
[TLS] client_random  (32): 1168205B1D22B3ACB67BDC096AADF9A1B1A22408B9B07C7EDCDCF09A9DB3865F
[TLS] sign_hash (32): 93ED3565C0310AE8B4180B574A7DC81880D76D7675C8C3EA66CB6613205FFFF8
[TLS] Written transcript to proofs/MSG_TLS_1168205B.out, proofs/SIG_TLS_1168205B.out and proofs/PK_TLS_1168205B.der
Signature verification succeeds
[TLS] Server time: 1620020408
[TLS] client_random  (32): 4ABBF7BA1AEAE14B60619F55C7A461D767129C8FBD97D7C1B8A4E9B9804F98C2
[TLS] sign_hash (32): 36C58FD2FF27BACA941A377EE87ED18E328D73F44F65467877F2C9B10B59329F
[TLS] Written transcript to proofs/MSG_TLS_4ABBF7BA.out, proofs/SIG_TLS_4ABBF7BA.out and proofs/PK_TLS_4ABBF7BA.der
Signature verification succeeds
[TLS] Server time: 1620020408
[TLS] client_random  (32): 6F52EB4CED3F990DAFD129D56506C5FDBB51FDAFC3B44858AA67B1F39C8394F9
[TLS] sign_hash (32): 403160CB444E8181B5DE80FAB700832DE7D13C83081097C6B32C6AFD61BA68B5
[TLS] Written transcript to proofs/MSG_TLS_6F52EB4C.out, proofs/SIG_TLS_6F52EB4C.out and proofs/PK_TLS_6F52EB4C.der
Signature verification succeeds
[TLS] Server time: 1620020408
[TLS] client_random  (32): BC0606873BEACFA0A0743B9C4CA90FAAA2C6F3843E9239C2D927D69D3EED17C8
[TLS] sign_hash (32): DB018F5775C0C127B44A555DBEB3034CA55F3058BA7F3A5456D1BE6EA81E97D4
[TLS] Written transcript to proofs/MSG_TLS_BC060687.out, proofs/SIG_TLS_BC060687.out and proofs/PK_TLS_BC060687.der
Signature verification succeeds
[TLS] Server time: 1620020408
[TLS] client_random  (32): D3BBE146211AB0B405067F6EB0C622098CAF7EE588C02EF8CBF86B2B133EDB7D
[TLS] sign_hash (32): 22C2B40D5F683496E8ADBB3CA879F29F3686668B6BC8D73EAE50DDF73CCAB4CD
[TLS] Written transcript to proofs/MSG_TLS_D3BBE146.out, proofs/SIG_TLS_D3BBE146.out and proofs/PK_TLS_D3BBE146.der
Signature verification succeeds
[TLS] Server time: 1620020408
[TLS] client_random  (32): AC3702C710E2A6A81F17981B32C447070234EF849D8ED6B62A33AEFE72E580E7
[TLS] sign_hash (32): F062D880E97A98378E19E595271C89BA83E2762CC73882AEB3D70637CD90A4EB
[TLS] Written transcript to proofs/MSG_TLS_AC3702C7.out, proofs/SIG_TLS_AC3702C7.out and proofs/PK_TLS_AC3702C7.der
Signature verification succeeds
[TLS] Server time: 1620020408
[TLS] client_random  (32): 244B8185EA3FF132DE0AA5769233DBB21E9DCBB9EDCEF1B3D7364551927C1063
[TLS] sign_hash (32): 6489AB2420CF24C9FD6ACE87F39E2FD0F95748C11CF7B0FD30AE680C2D980225
[TLS] Written transcript to proofs/MSG_TLS_244B8185.out, proofs/SIG_TLS_244B8185.out and proofs/PK_TLS_244B8185.der
Signature verification succeeds
[TLS] Server time: 1620020408
[TLS] client_random  (32): DEDF724BA87C053F8C15E86194E08E4B6667D9550701A37351A69D171F7C64D0
[TLS] sign_hash (32): E2D6590D99B6F2979FB76EACF94082B3D91F10E50724748539FDC35139C125FC
[TLS] Written transcript to proofs/MSG_TLS_DEDF724B.out, proofs/SIG_TLS_DEDF724B.out and proofs/PK_TLS_DEDF724B.der
Signature verification succeeds
[TLS] Server time: 1620020408
[TLS] client_random  (32): 96E86ECE889CEA138026E5A05278E70CB6F665208FDEFE2FDDA38CC7CCE9A9A8
[TLS] sign_hash (32): 5032B06CCF67B5AB2955E01D0F6C316157308CF598AAC7BA04E9894B39F33FBC
[TLS] Written transcript to proofs/MSG_TLS_96E86ECE.out, proofs/SIG_TLS_96E86ECE.out and proofs/PK_TLS_96E86ECE.der
Signature verification succeeds
[TLS] Server time: 1620020408
[TLS] client_random  (32): 30D745A8C4856C47094834E957F918D20507B3CC2FCDFC1F5A4C05DAEC52A3A5
[TLS] sign_hash (32): E7D6EC00B159EE42835DE377A2864C6833FD96442DC7B82D6E55205C6D0677DB
[TLS] Written transcript to proofs/MSG_TLS_30D745A8.out, proofs/SIG_TLS_30D745A8.out and proofs/PK_TLS_30D745A8.der
Signature verification succeeds
[TLS] Server time: 1620020408
[TLS] client_random  (32): 8926346E441804D460366FEE30C6676BFDDB2A2B1D1DEAD9A3EA3C665BDFCF15
[TLS] sign_hash (32): DCF83FDC17BB21F6ADCAAD42F4DA5FD465AEE331D7A60BA3074FD7994EBE193F
[TLS] Written transcript to proofs/MSG_TLS_8926346E.out, proofs/SIG_TLS_8926346E.out and proofs/PK_TLS_8926346E.der
Signature verification succeeds
[TLS] Server time: 1620020408
[TLS] client_random  (32): B2C64FF76A7BAD3F6E00DEB5258D4FD93F973E4986998808AF59767F3B4ACBF3
[TLS] sign_hash (32): 770C5B4D46B71287F626F409A19FD8C1D2C5658DAE2DFA23C48AC0B6B41EB71D
[TLS] Written transcript to proofs/MSG_TLS_B2C64FF7.out, proofs/SIG_TLS_B2C64FF7.out and proofs/PK_TLS_B2C64FF7.der
Signature verification succeeds
[TLS] Server time: 1620020408
[TLS] client_random  (32): 2A8EACB8DD22C940E9217D7BCAA247BDB6F322B6559649B4B2B8EE1DF59E2C0C
[TLS] sign_hash (32): 7ECEF9767C481F0BB377738F6CE346BC882A3AEDD1A990C45002C364BF245D80
[TLS] Written transcript to proofs/MSG_TLS_2A8EACB8.out, proofs/SIG_TLS_2A8EACB8.out and proofs/PK_TLS_2A8EACB8.der
Signature verification succeeds
[TLS] Server time: 1620020408
[TLS] client_random  (32): E76BBA0DFD5596E312955C355EE9BEA798586967C558F5575A0828BC39A9F954
[TLS] sign_hash (32): 30135C1DC36A7F9D16B0F02BB34C2AB91DB56F11F70419CB4DD2B46D3BB9BF34
[TLS] Written transcript to proofs/MSG_TLS_E76BBA0D.out, proofs/SIG_TLS_E76BBA0D.out and proofs/PK_TLS_E76BBA0D.der
Signature verification succeeds
[TLS] Server time: 1620020408
[TLS] client_random  (32): 939ABD2638E7C622A155097D3D708DE841826E567FBAD21BAC895D2C1BD74261
[TLS] sign_hash (32): FC98D8806E2A81E486E13854A1CB3DA8651D01D02842F1C6C1ADE86841D6BCB7
[TLS] Written transcript to proofs/MSG_TLS_939ABD26.out, proofs/SIG_TLS_939ABD26.out and proofs/PK_TLS_939ABD26.der
Signature verification succeeds
[TLS] Server time: 1620020408
[TLS] client_random  (32): 8CA6E567DD8595C57E017DE5921F341918F45A442ED2AA3EECB7696E85C5D7E2
[TLS] sign_hash (32): 7EC68509B4ED2F36314B89B70A43F95EF328C7207A10083D741F961D5113001A
[TLS] Written transcript to proofs/MSG_TLS_8CA6E567.out, proofs/SIG_TLS_8CA6E567.out and proofs/PK_TLS_8CA6E567.der
Signature verification succeeds
[TLS] Server time: 1620020408
[TLS] client_random  (32): 24282F6058085BD1EAB721EA089C23C7DDD3D24F95150FF9EB34FF74B8C3F17E
[TLS] sign_hash (32): 02FF751E35307498E006586A295FD9023FACDF6676B3061C38B6A1912DAF9A4B
[TLS] Written transcript to proofs/MSG_TLS_24282F60.out, proofs/SIG_TLS_24282F60.out and proofs/PK_TLS_24282F60.der
Signature verification succeeds
[TLS] Server time: 1620020408
[TLS] client_random  (32): F2BEFE66A51EBB899DC24F205357038B8D89E3DFB08E7BBAA1246FF8BB20C400
[TLS] sign_hash (32): BD630BEF8D7DFC398695847F7E2FA353D086CB97881DEC752056D3B3821EEC80
[TLS] Written transcript to proofs/MSG_TLS_F2BEFE66.out, proofs/SIG_TLS_F2BEFE66.out and proofs/PK_TLS_F2BEFE66.der
Signature verification succeeds
[TLS] Server time: 1620020408
[TLS] client_random  (32): BA5198897EF095C9166386B08F0881E4421796184ED01EC999D0BE5AE3E54A43
[TLS] sign_hash (32): 119FEF2EBEC65BE3A42B29708E2079D0924E230017A70A5F1259A0240F23D95B
[TLS] Written transcript to proofs/MSG_TLS_BA519889.out, proofs/SIG_TLS_BA519889.out and proofs/PK_TLS_BA519889.der
Signature verification succeeds
[TLS] Server time: 1620020408
[TLS] client_random  (32): 09B29BA6EBDAEC7E53FA48C0CB0FCA250C71CF7C5E95FE5D73225BC22C5699C2
[TLS] sign_hash (32): 5E2C7C831AA16FB1B28AF6D6446F2A9475D3077D9E3437447803B0E24E4587E5
[TLS] Written transcript to proofs/MSG_TLS_09B29BA6.out, proofs/SIG_TLS_09B29BA6.out and proofs/PK_TLS_09B29BA6.der
Signature verification succeeds
[TLS] Server time: 1620020408
[TLS] client_random  (32): 5F7749376D0B9EB2B62F5C7528BA3EBC2B1C9BD4CF472DB61BEB9CBF72C426F9
[TLS] sign_hash (32): 794C1B02BDA4868AA1A4BE187E553625F5DEC1AA1447C3BFA0191F75C3E825DF
[TLS] Written transcript to proofs/MSG_TLS_5F774937.out, proofs/SIG_TLS_5F774937.out and proofs/PK_TLS_5F774937.der
Signature verification succeeds
[TLS] Server time: 1620020409
[TLS] client_random  (32): 0507611C5C2CD005A8AF735DCBE10F4AB8FCCBDD222D5565C365A07F57B7F3F3
[TLS] sign_hash (32): 42EF8FDAE26625EB291EAAAB965B19416C4D6024B4C680520A22E1F88FFEAE68
[TLS] Written transcript to proofs/MSG_TLS_0507611C.out, proofs/SIG_TLS_0507611C.out and proofs/PK_TLS_0507611C.der
Signature verification succeeds
[TLS] Server time: 1620020409
[TLS] client_random  (32): 6C7CCD9B8903E841CC0B70B0E64C9486C03FFAB874DDBB64DD7632EE97537AE7
[TLS] sign_hash (32): CEA35DFA817161FA7DB64C19DD59ABE52F5392950CF49DF392454AA7B89D9342
[TLS] Written transcript to proofs/MSG_TLS_6C7CCD9B.out, proofs/SIG_TLS_6C7CCD9B.out and proofs/PK_TLS_6C7CCD9B.der
Signature verification succeeds
[TLS] Server time: 1620020409
[TLS] client_random  (32): 0284086DBCF861E7C0B8D56ADF10E7855373FAAA9D8A2BDD7569F43AA03FB333
[TLS] sign_hash (32): AF413C1FF3F994CB77205325B67563B554DDCA0416F40CCD060C26273EB047F2
[TLS] Written transcript to proofs/MSG_TLS_0284086D.out, proofs/SIG_TLS_0284086D.out and proofs/PK_TLS_0284086D.der
Signature verification succeeds
[TLS] Server time: 1620020409
[TLS] client_random  (32): 97B255A49B9CAF7D32B79A5CBCB6FCAA868B44FDC3A118079314800517861A8E
[TLS] sign_hash (32): CBE46E898D2001C1C9D7D95D7504F888AF8D7841AA6D845A31983B73BDA5EAEE
[TLS] Written transcript to proofs/MSG_TLS_97B255A4.out, proofs/SIG_TLS_97B255A4.out and proofs/PK_TLS_97B255A4.der
Signature verification succeeds
[TLS] Server time: 1620020409
[TLS] client_random  (32): 3F03BBAF1667FCA9BD5E5B2AFBC8228D9C7FD7F8E8057926655D36490C1DC7E5
[TLS] sign_hash (32): 89F02D03B2B8CB238AB354B7DEA886F556B0F9CCC80E94C284CB1CB65D3F04BB
[TLS] Written transcript to proofs/MSG_TLS_3F03BBAF.out, proofs/SIG_TLS_3F03BBAF.out and proofs/PK_TLS_3F03BBAF.der
Signature verification succeeds
[TLS] Server time: 1620020409
[TLS] client_random  (32): 5D44875B4036C2AC6E6FC298018DA17DF87C8EBE15BDAF8F508028E62D29696E
[TLS] sign_hash (32): 1B0F5EFFB2866E5B5E56B24A3EE3D14C23B35F5EE1BEDE294751E24D639D9CBE
[TLS] Written transcript to proofs/MSG_TLS_5D44875B.out, proofs/SIG_TLS_5D44875B.out and proofs/PK_TLS_5D44875B.der
Signature verification succeeds
[TLS] Server time: 1620020409
[TLS] client_random  (32): F18C1BAC633A95E32410F89C21FAFB6A906184D9909B43FDB6594AF4BE923DEE
[TLS] sign_hash (32): 3C1F1492BDCBEDB1B98CD6F571ECF1A516E79E2DE636518D27F4078FB8CC52ED
[TLS] Written transcript to proofs/MSG_TLS_F18C1BAC.out, proofs/SIG_TLS_F18C1BAC.out and proofs/PK_TLS_F18C1BAC.der
Signature verification succeeds
[TLS] Server time: 1620020409
[TLS] client_random  (32): F622774B6602498A942BC65EF08E2152E4F726506E92F9CD4E41843D8BAF1950
[TLS] sign_hash (32): B4F6098ABB241D0E49131D71628A8D2DFBA109849EA94CB4A5EBA2E697030ABA
[TLS] Written transcript to proofs/MSG_TLS_F622774B.out, proofs/SIG_TLS_F622774B.out and proofs/PK_TLS_F622774B.der
Signature verification succeeds
Time breakdown (averages): anchor_ping:65.155035 file_read:0.150411 hashing:0.472541
Total time for 113 rounds is 7498.074838ms
Standard deviations: anchor_ping:165.738542 file_read:0.019829 hashing:0.006470
[Client-side ops] mean:0.622952 sd:0.021171
in & out anchor rand written to proofs/phase1.out
      9 [TLS] Server time: 1620020401
      2 [TLS] Server time: 1620020402
      4 [TLS] Server time: 1620020403
      8 [TLS] Server time: 1620020404
     13 [TLS] Server time: 1620020405
     11 [TLS] Server time: 1620020406
     30 [TLS] Server time: 1620020407
     29 [TLS] Server time: 1620020408
      8 [TLS] Server time: 1620020409
Count is 9
Count is 2
Count is 4
Count is 8
Count is 13
Count is 11
Count is 30
Count is 29
Count is 8
success: 0
Sleeping before retrying
CONF: anchor:gold.ac.uk fs:1024MB n_rounds:113 seed:5c9f4bf9bbc15bb855f82faedc5a52fc3ab2dfa8ec3ba3ce1b270f31fa0cced2 filename:FILE bs:1024 nops:100 benchmarking:0 anchor_ping:1 queue_depth:32 direct:0
[TLS] Connecting to gold.ac.uk
[TLS] Server time: 1620020410
[TLS] client_random  (32): 5C9F4BF9BBC15BB855F82FAEDC5A52FC3AB2DFA8EC3BA3CE1B270F31FA0CCED2
[TLS] sign_hash (32): A3EA79A4109086D154D65F966F6B7A243B9D285EA3DA71684C98F9B8BDBAE83F
[TLS] Written transcript to proofs/MSG_TLS_5C9F4BF9.out, proofs/SIG_TLS_5C9F4BF9.out and proofs/PK_TLS_5C9F4BF9.der
Signature verification succeeds
[TLS] Server time: 1620020410
[TLS] client_random  (32): 2F0D0075BEB5C9A9998BBE5F4B18EE1AC06002B80445C9DB9E5BE56727A287DA
[TLS] sign_hash (32): E42104CC3D5239B7F95E959D92B7B6811DDA10339C17D3D299C321E755AC3CC0
[TLS] Written transcript to proofs/MSG_TLS_2F0D0075.out, proofs/SIG_TLS_2F0D0075.out and proofs/PK_TLS_2F0D0075.der
Signature verification succeeds
[TLS] Server time: 1620020410
[TLS] client_random  (32): D71975918FF9D2DF3ED16C8F41A439FE0089EA4973514BCFC0825E739C575DC5
[TLS] sign_hash (32): E6A2B57ABAA708FE3E24C6CAD8B6714AFB1053C58A8C5B0FEB21BA97933822EF
[TLS] Written transcript to proofs/MSG_TLS_D7197591.out, proofs/SIG_TLS_D7197591.out and proofs/PK_TLS_D7197591.der
Signature verification succeeds
[TLS] Server time: 1620020410
[TLS] client_random  (32): A63B875E1FBC1CAC2359417535B9A957B54B561B0D9890216E504E2D007AC13C
[TLS] sign_hash (32): 0BBFFFCC89EEA38AA8A572862C6D6F2143E69EE7F7D1873B6A784220F553BFFC
[TLS] Written transcript to proofs/MSG_TLS_A63B875E.out, proofs/SIG_TLS_A63B875E.out and proofs/PK_TLS_A63B875E.der
Signature verification succeeds
[TLS] Server time: 1620020410
[TLS] client_random  (32): 4618118777644E7EE524AD023D298AF2B3B658667A88504B5BD006C087A70F44
[TLS] sign_hash (32): 36F91705137142270923D2E853B8F1BE70423DF101054B4A83FB452BE8796BD3
[TLS] Written transcript to proofs/MSG_TLS_46181187.out, proofs/SIG_TLS_46181187.out and proofs/PK_TLS_46181187.der
Signature verification succeeds
[TLS] Server time: 1620020410
[TLS] client_random  (32): 9CD285E6B10DC21CBD4D6EB03305E62479541575D64C273EDEDBB95E4EFE9DE2
[TLS] sign_hash (32): 60C08D340C68791364FD6BD08A9E4AF11F6C5A319B56083A81AC3670FF3E48B3
[TLS] Written transcript to proofs/MSG_TLS_9CD285E6.out, proofs/SIG_TLS_9CD285E6.out and proofs/PK_TLS_9CD285E6.der
Signature verification succeeds
[TLS] Server time: 1620020410
[TLS] client_random  (32): EFA6E87E9F43593865AFA3EFD5C4ED738395F87D97851A92B2754BE73C7212B2
[TLS] sign_hash (32): 7A65D29D77596730E4ADA6B66CFD40F5590F748B65B933A118AE4C6C98E253E1
[TLS] Written transcript to proofs/MSG_TLS_EFA6E87E.out, proofs/SIG_TLS_EFA6E87E.out and proofs/PK_TLS_EFA6E87E.der
Signature verification succeeds
[TLS] Server time: 1620020410
[TLS] client_random  (32): 45298D486E7C77FAEEAF7A48111E532046B9045FE57C72801140F46B5A1755F4
[TLS] sign_hash (32): 7BB4F94E920D4E10A0FD555323E7F028D6FA989B5C5C784C611D3A59A270A369
[TLS] Written transcript to proofs/MSG_TLS_45298D48.out, proofs/SIG_TLS_45298D48.out and proofs/PK_TLS_45298D48.der
Signature verification succeeds
[TLS] Server time: 1620020410
[TLS] client_random  (32): EF5DCA07D23CE5E2513ADE17B8D3BD318B73C20C3E140F6A0DF1B257D5515F4B
[TLS] sign_hash (32): D9109CB8F640600755BBDEF27B3A36BDD2B940F6399039542D587CBA24C5A3D4
[TLS] Written transcript to proofs/MSG_TLS_EF5DCA07.out, proofs/SIG_TLS_EF5DCA07.out and proofs/PK_TLS_EF5DCA07.der
Signature verification succeeds
[TLS] Server time: 1620020410
[TLS] client_random  (32): 2F0C11A1FE254D467AD3348774D693F26CF6E7BCFEBB03983288BED4E134F5D6
[TLS] sign_hash (32): C5CFAA04867064A8DB065B56B275F2376FBDBCAEC0F3C6CC7AFAA5087C12D5DA
[TLS] Written transcript to proofs/MSG_TLS_2F0C11A1.out, proofs/SIG_TLS_2F0C11A1.out and proofs/PK_TLS_2F0C11A1.der
Signature verification succeeds
[TLS] Server time: 1620020410
[TLS] client_random  (32): 278BAC183183C1AFE2E5ABE1BDA0FC11303054625D1E8D016EAE563C6CFD9BEA
[TLS] sign_hash (32): 49A1FD6E7787C6818F5D3842F6E50C898E439A787957399468E1BF8B33D1F5E0
[TLS] Written transcript to proofs/MSG_TLS_278BAC18.out, proofs/SIG_TLS_278BAC18.out and proofs/PK_TLS_278BAC18.der
Signature verification succeeds
[TLS] Server time: 1620020410
[TLS] client_random  (32): E5DF9AF533545E54FB44C5BA40759FA3705ABDCCDDE478DEE1B682739006CBAE
[TLS] sign_hash (32): D2D0BD1028E587F8CD6A71CA54A58B29698CF66BB6D3EF0EDB820E4338D732F5
[TLS] Written transcript to proofs/MSG_TLS_E5DF9AF5.out, proofs/SIG_TLS_E5DF9AF5.out and proofs/PK_TLS_E5DF9AF5.der
Signature verification succeeds
[TLS] Server time: 1620020410
[TLS] client_random  (32): 1F363650F389FBF32DE9C8373DBE2C6DD969651FF6362AC9FA7840090586AD44
[TLS] sign_hash (32): 6033EEDCB8D55B5A4A910FDBBCA0B3ED42842B2925F1962BC2AD430CCED8D7F3
[TLS] Written transcript to proofs/MSG_TLS_1F363650.out, proofs/SIG_TLS_1F363650.out and proofs/PK_TLS_1F363650.der
Signature verification succeeds
[TLS] Server time: 1620020410
[TLS] client_random  (32): 7A06AB8E8950D907334937481427C589F1B4038C0C17B5CADBE7F4DECC8EA18B
[TLS] sign_hash (32): DF3DCC45CF115ADAB255321D0BA7C60AB76DA74EAA4B5EFD924CE22D4FF41FA5
[TLS] Written transcript to proofs/MSG_TLS_7A06AB8E.out, proofs/SIG_TLS_7A06AB8E.out and proofs/PK_TLS_7A06AB8E.der
Signature verification succeeds
[TLS] Server time: 1620020410
[TLS] client_random  (32): 33D8D907C3C452BCA4A41F23925D6D985813EE442B8FB6AC26CB6485D9D3AC9C
[TLS] sign_hash (32): 7AED25D37ACDE39638F7CAFF61C1316B81C2579944A9F72B306D13D4D56E827B
[TLS] Written transcript to proofs/MSG_TLS_33D8D907.out, proofs/SIG_TLS_33D8D907.out and proofs/PK_TLS_33D8D907.der
Signature verification succeeds
[TLS] Server time: 1620020410
[TLS] client_random  (32): E3DF611F8664EA75C56C91105C542FACE64BF8DE7B898FDC7672E77B864A604E
[TLS] sign_hash (32): 98A012BFF88CF698EC1981B1DAE3EA4440AFD27600F78012E7101F273E47C6FB
[TLS] Written transcript to proofs/MSG_TLS_E3DF611F.out, proofs/SIG_TLS_E3DF611F.out and proofs/PK_TLS_E3DF611F.der
Signature verification succeeds
[TLS] Server time: 1620020410
[TLS] client_random  (32): 228FA3FEFBB00BF0202BB43296133A96D82B5D510204463C84F421F54A49B7E4
[TLS] sign_hash (32): CD6F6517F640EF72CBCB0B182183012B2AD0067106416E584F8EE5A3BAE6B76E
[TLS] Written transcript to proofs/MSG_TLS_228FA3FE.out, proofs/SIG_TLS_228FA3FE.out and proofs/PK_TLS_228FA3FE.der
Signature verification succeeds
[TLS] Server time: 1620020411
[TLS] client_random  (32): EBCA2270660833B5B028DB8E65A0F1B10F9BB60E5D9D44033026F4A1E04AE81D
[TLS] sign_hash (32): EBA0C814C4896FEC372BC2D5EB576048869013B20D09447859FAF9F16FDACC8A
[TLS] Written transcript to proofs/MSG_TLS_EBCA2270.out, proofs/SIG_TLS_EBCA2270.out and proofs/PK_TLS_EBCA2270.der
Signature verification succeeds
[TLS] Server time: 1620020411
[TLS] client_random  (32): D49098B6E60418195CD9F40975C32F0FD04AB555271D8303E52A30058EAFFCA3
[TLS] sign_hash (32): C6D74849911284681D9A8142F6F6A329937A9EA9878E4FDADB67423AAA03BF5E
[TLS] Written transcript to proofs/MSG_TLS_D49098B6.out, proofs/SIG_TLS_D49098B6.out and proofs/PK_TLS_D49098B6.der
Signature verification succeeds
[TLS] Server time: 1620020411
[TLS] client_random  (32): 969BF6F0CAC38CC370C6DECE04D91D78994EE25394E7C8E9A7BF596C94661127
[TLS] sign_hash (32): AFF5413307852F8A9F353A60E235E9787E435D22EF0943934D5554537B26B4D8
[TLS] Written transcript to proofs/MSG_TLS_969BF6F0.out, proofs/SIG_TLS_969BF6F0.out and proofs/PK_TLS_969BF6F0.der
Signature verification succeeds
[TLS] Server time: 1620020411
[TLS] client_random  (32): FF1682A244C539193DC034FAF33B2D1D7F29F7522797C7690A59EAEE21CDC27F
[TLS] sign_hash (32): F428B32B6D50D354AB1202D4A7E942659A5D0E0EC21AE007632D599AA30C87E3
[TLS] Written transcript to proofs/MSG_TLS_FF1682A2.out, proofs/SIG_TLS_FF1682A2.out and proofs/PK_TLS_FF1682A2.der
Signature verification succeeds
[TLS] Server time: 1620020411
[TLS] client_random  (32): 7CD4DFE8C9FE14F222351ADA58B4F75F1815F6B1751B61B8D5D8DE85FC4E9450
[TLS] sign_hash (32): E29B8B642731DA9AB6DBF15D67EA6C02A1D0CB63BAFA4600604FA8A7CCA9D594
[TLS] Written transcript to proofs/MSG_TLS_7CD4DFE8.out, proofs/SIG_TLS_7CD4DFE8.out and proofs/PK_TLS_7CD4DFE8.der
Signature verification succeeds
[TLS] Server time: 1620020411
[TLS] client_random  (32): AC7B45B44C752A926BC2D3D1F59783EC8F227A192450EA3C28F9AF4E3B2F6940
[TLS] sign_hash (32): 90CCC0DD50ACA653A2CA6DC6CC99516DB9719567368EFAB495207FD0C77AB65A
[TLS] Written transcript to proofs/MSG_TLS_AC7B45B4.out, proofs/SIG_TLS_AC7B45B4.out and proofs/PK_TLS_AC7B45B4.der
Signature verification succeeds
[TLS] Server time: 1620020411
[TLS] client_random  (32): C5373DEF774B77227320533D93FFD2178BA551E12F9820296CC4EE0A3833718B
[TLS] sign_hash (32): 4B232E932C1F912C9D25A05E634E890027B1D4C3C8278EF5BE7B30C6AC56A9D4
[TLS] Written transcript to proofs/MSG_TLS_C5373DEF.out, proofs/SIG_TLS_C5373DEF.out and proofs/PK_TLS_C5373DEF.der
Signature verification succeeds
[TLS] Server time: 1620020411
[TLS] client_random  (32): 02C00A69762BC8170E33AB19B87F65072E235333D77ABC7148577E08674FBAFA
[TLS] sign_hash (32): 60508C449C8134C838C7D84252A171933F26F9811C5F23DE9DDC0965E6909103
[TLS] Written transcript to proofs/MSG_TLS_02C00A69.out, proofs/SIG_TLS_02C00A69.out and proofs/PK_TLS_02C00A69.der
Signature verification succeeds
[TLS] Server time: 1620020411
[TLS] client_random  (32): E43CCB5322A840DAD350D6FD977F17550CB8610393901AD4FBE16FCB082D3B52
[TLS] sign_hash (32): E84997562033040E64B88D25F2A971E835B31162808146CB9D92827EE16EE802
[TLS] Written transcript to proofs/MSG_TLS_E43CCB53.out, proofs/SIG_TLS_E43CCB53.out and proofs/PK_TLS_E43CCB53.der
Signature verification succeeds
[TLS] Server time: 1620020411
[TLS] client_random  (32): 2BD2A978E628246F24E8E8B88CDF2FAB93D421D65A15C0AE02DF81ECDA1F443E
[TLS] sign_hash (32): FEA4513DE66DFD94CFDA0772E4B0290BB3FC9C13A807AEA5A52966BE982AAEA1
[TLS] Written transcript to proofs/MSG_TLS_2BD2A978.out, proofs/SIG_TLS_2BD2A978.out and proofs/PK_TLS_2BD2A978.der
Signature verification succeeds
[TLS] Server time: 1620020411
[TLS] client_random  (32): F40F767024C56D7574C6D87AC5CD3F17D41A489E2701CB24CFFE882162EA84E9
[TLS] sign_hash (32): 75C5BFB583313342A072F1DE1D08EEB07BF69C7BA10DB8000F1150BB92A90DA4
[TLS] Written transcript to proofs/MSG_TLS_F40F7670.out, proofs/SIG_TLS_F40F7670.out and proofs/PK_TLS_F40F7670.der
Signature verification succeeds
[TLS] Server time: 1620020411
[TLS] client_random  (32): 7405BFCA68F175E4B2EB93CC76D1E971F1C0D1539435522A61AB25D0F6CB51BF
[TLS] sign_hash (32): 50680266029E8FFCC1974F87535C335697B71A62A5B5E6E482843D20AFA845C0
[TLS] Written transcript to proofs/MSG_TLS_7405BFCA.out, proofs/SIG_TLS_7405BFCA.out and proofs/PK_TLS_7405BFCA.der
Signature verification succeeds
[TLS] Server time: 1620020411
[TLS] client_random  (32): E3CACBDC4BD265D84BBB23A6998A2E9D4565941E5F9EB73C6FC59B35890A6FA5
[TLS] sign_hash (32): 19D483268833959C6DE977DC0802152A77F753127AB3FF77B0BA2482B77B1918
[TLS] Written transcript to proofs/MSG_TLS_E3CACBDC.out, proofs/SIG_TLS_E3CACBDC.out and proofs/PK_TLS_E3CACBDC.der
Signature verification succeeds
[TLS] Server time: 1620020411
[TLS] client_random  (32): 4B28C3BF5682FDC640C7EF735A0EC39CC8223FF51F1D54480AAB9CB57BD5F32D
[TLS] sign_hash (32): 7E7E33190A6D6C32DCAECD19E85E238E831379B29A8CD138E9E8D015A6011D54
[TLS] Written transcript to proofs/MSG_TLS_4B28C3BF.out, proofs/SIG_TLS_4B28C3BF.out and proofs/PK_TLS_4B28C3BF.der
Signature verification succeeds
[TLS] Server time: 1620020411
[TLS] client_random  (32): 3E2A928E08E5EE22CB5097757EFB3598D15A73831E60ACFEAF30F4D5D813B897
[TLS] sign_hash (32): 4AF033713885C679C665BC193969F36F9B411BD3B1EBCF9859ACBA12CC359BDB
[TLS] Written transcript to proofs/MSG_TLS_3E2A928E.out, proofs/SIG_TLS_3E2A928E.out and proofs/PK_TLS_3E2A928E.der
Signature verification succeeds
[TLS] Server time: 1620020411
[TLS] client_random  (32): 21BAECD4F153D8AC74280F0B7ECDC26E25FCFDB65BB3E07A6962C6A41854D8A3
[TLS] sign_hash (32): 839B0CF92C1933BEE89204BCBEFE8E462480CB4727EC2C30266F513515B1D943
[TLS] Written transcript to proofs/MSG_TLS_21BAECD4.out, proofs/SIG_TLS_21BAECD4.out and proofs/PK_TLS_21BAECD4.der
Signature verification succeeds
[TLS] Server time: 1620020411
[TLS] client_random  (32): 8F1C4E975D7395F4A4B8270884FC321EA79309B83ADCB728A24B98451321542A
[TLS] sign_hash (32): 5593F5BB6EC666926FE42F3F0BF92BAC67586D6C64973BD7E7170D382A58E684
[TLS] Written transcript to proofs/MSG_TLS_8F1C4E97.out, proofs/SIG_TLS_8F1C4E97.out and proofs/PK_TLS_8F1C4E97.der
Signature verification succeeds
[TLS] Server time: 1620020411
[TLS] client_random  (32): C19E8E8FB2CEA47B81B62D6341112964BC17773F59BF55776C83708266566876
[TLS] sign_hash (32): 59CBFA8ADC4867F9B8115F952E61A9FF4F6EA758B45D8630C48D4C8CCB4B3D49
[TLS] Written transcript to proofs/MSG_TLS_C19E8E8F.out, proofs/SIG_TLS_C19E8E8F.out and proofs/PK_TLS_C19E8E8F.der
Signature verification succeeds
[TLS] Server time: 1620020411
[TLS] client_random  (32): 44C83C28D766E9DA8DF4B201C2D82AD0614F2A39B9BBD5C26AFD742EEE129DEA
[TLS] sign_hash (32): 88C594E0FA3D515DD7553128AD21E6B263345609DA6760235FAECCAED874D4F1
[TLS] Written transcript to proofs/MSG_TLS_44C83C28.out, proofs/SIG_TLS_44C83C28.out and proofs/PK_TLS_44C83C28.der
Signature verification succeeds
[TLS] Server time: 1620020411
[TLS] client_random  (32): 4F87C1BEB3D854492F1FED5B597C3B001E6F42A26F034768DCE998CF450FE866
[TLS] sign_hash (32): 435F8802EC2621CEEA1B945C8F05665D4D1372D2D34888E5775324C179ED4D04
[TLS] Written transcript to proofs/MSG_TLS_4F87C1BE.out, proofs/SIG_TLS_4F87C1BE.out and proofs/PK_TLS_4F87C1BE.der
Signature verification succeeds
[TLS] Server time: 1620020411
[TLS] client_random  (32): 235C974BBC9A5BBB90D5E06CB1DAF403A1962BBFEFD06E3FD92CBBBBC8D7EC77
[TLS] sign_hash (32): 6D800149006588E976EDF9D5939EEDBDE3757C58852B54BCF6546E96F2B537C3
[TLS] Written transcript to proofs/MSG_TLS_235C974B.out, proofs/SIG_TLS_235C974B.out and proofs/PK_TLS_235C974B.der
Signature verification succeeds
[TLS] Server time: 1620020411
[TLS] client_random  (32): ABE8DBA6081FB69B9B502B8AAF7F0CF3765B90D7DE19027FFECF6BC91F5FCA6D
[TLS] sign_hash (32): 0144E6AA038F59866628FAD1ED68F788FDD238E6790BCE13891634769DFC6AD5
[TLS] Written transcript to proofs/MSG_TLS_ABE8DBA6.out, proofs/SIG_TLS_ABE8DBA6.out and proofs/PK_TLS_ABE8DBA6.der
Signature verification succeeds
[TLS] Server time: 1620020411
[TLS] client_random  (32): 6C764B607352AD397ADF6E9D8D5C9447F87EAB26946BE094B11DEA8F1D61648D
[TLS] sign_hash (32): 53611E6CC98965B9712CB1848BBEFCA56D06843841591BB10F61AB8AF3C9E4D0
[TLS] Written transcript to proofs/MSG_TLS_6C764B60.out, proofs/SIG_TLS_6C764B60.out and proofs/PK_TLS_6C764B60.der
Signature verification succeeds
[TLS] Server time: 1620020411
[TLS] client_random  (32): 7222CC9B7D10A82918BCB20216B4BF65A1008564300E9CC23AC403688998F697
[TLS] sign_hash (32): AC1FFCDF8074B3C99367350ECAA83D7450C9D47CDF58A2845B4433E61C806321
[TLS] Written transcript to proofs/MSG_TLS_7222CC9B.out, proofs/SIG_TLS_7222CC9B.out and proofs/PK_TLS_7222CC9B.der
Signature verification succeeds
[TLS] Server time: 1620020411
[TLS] client_random  (32): 64C59ECD683394DF1882F459697062C6418844F540D4935D5A83AFD3AD0B0A9D
[TLS] sign_hash (32): F6FDA6A8766DD3C07084184AF3D290E35F1AEF5A322393FDE330B51BAAA7A9E3
[TLS] Written transcript to proofs/MSG_TLS_64C59ECD.out, proofs/SIG_TLS_64C59ECD.out and proofs/PK_TLS_64C59ECD.der
Signature verification succeeds
[TLS] Server time: 1620020411
[TLS] client_random  (32): A0A7D686D2198EBF769576CF48113633BED3E7BF57A6334421DC7E972D8A2B78
[TLS] sign_hash (32): 96515DA903D70F6F4705B2B14A7CE264C5E6149BC7E912650DCE09F238410C40
[TLS] Written transcript to proofs/MSG_TLS_A0A7D686.out, proofs/SIG_TLS_A0A7D686.out and proofs/PK_TLS_A0A7D686.der
Signature verification succeeds
[TLS] Server time: 1620020411
[TLS] client_random  (32): 9B04F3EFB19C6CCA83E0D5FA41B107FEF04A60E08D7E7B0D1CF16F13BA4E30A8
[TLS] sign_hash (32): 4AB59096A7458694BB3A669C9C3F412810D6B368DD790B57C69CB5462F6FA9F7
[TLS] Written transcript to proofs/MSG_TLS_9B04F3EF.out, proofs/SIG_TLS_9B04F3EF.out and proofs/PK_TLS_9B04F3EF.der
Signature verification succeeds
[TLS] Server time: 1620020411
[TLS] client_random  (32): 22FDD3B9E7C7DC3E69C24B14649C60B1C90D327B4BDD8328CA543EAB9F9C50E9
[TLS] sign_hash (32): CBCC1725A2CF8BD3E25ACB2DCB7D4515F0941436F02AD0C408A3795C9869B0B0
[TLS] Written transcript to proofs/MSG_TLS_22FDD3B9.out, proofs/SIG_TLS_22FDD3B9.out and proofs/PK_TLS_22FDD3B9.der
Signature verification succeeds
[TLS] Server time: 1620020411
[TLS] client_random  (32): 0CC15B5891617D3894D81E3BB2055018628772B6EFC49ED75BD1F974639C3609
[TLS] sign_hash (32): 01239318088F903AF2E756BCA64081273CA531F7E8318E5C9EEDA945479116FF
[TLS] Written transcript to proofs/MSG_TLS_0CC15B58.out, proofs/SIG_TLS_0CC15B58.out and proofs/PK_TLS_0CC15B58.der
Signature verification succeeds
[TLS] Server time: 1620020411
[TLS] client_random  (32): 8FD3E9E5CE5F3AAF9E71FA8F8A33949D330B889D37FA635E4BA18776CF5D0852
[TLS] sign_hash (32): 8E358DEE3B1FF5A74C7BFED884625229D92B72DDC297CD8228976860428D567D
[TLS] Written transcript to proofs/MSG_TLS_8FD3E9E5.out, proofs/SIG_TLS_8FD3E9E5.out and proofs/PK_TLS_8FD3E9E5.der
Signature verification succeeds
[TLS] Server time: 1620020411
[TLS] client_random  (32): 6A3244886FE20E8BF93FEFDEC1029EE4E02D5B9CD887D5446256619D9DCE41EA
[TLS] sign_hash (32): 15AAA4586CAB911AC38B3735866BF2065CA2146AA6109BCABABF356C7D767140
[TLS] Written transcript to proofs/MSG_TLS_6A324488.out, proofs/SIG_TLS_6A324488.out and proofs/PK_TLS_6A324488.der
Signature verification succeeds
[TLS] Server time: 1620020411
[TLS] client_random  (32): 8A5DFC3611523C8877710934227830F45C5175B0B5B007F2FBC6DDD2B0F608AB
[TLS] sign_hash (32): 78AE7C42230F8E8025AE7F54C0914D2292315D8494EA082E5D0934D681E8DB4E
[TLS] Written transcript to proofs/MSG_TLS_8A5DFC36.out, proofs/SIG_TLS_8A5DFC36.out and proofs/PK_TLS_8A5DFC36.der
Signature verification succeeds
[TLS] Server time: 1620020411
[TLS] client_random  (32): AD28259257545BAF729809B2D2B209241183603B5D5113B039FAA0285549BF26
[TLS] sign_hash (32): 54FD1D9B9F222363CF76588AFF331B1E50334641D2914A6B45C42D46EB495429
[TLS] Written transcript to proofs/MSG_TLS_AD282592.out, proofs/SIG_TLS_AD282592.out and proofs/PK_TLS_AD282592.der
Signature verification succeeds
[TLS] Server time: 1620020411
[TLS] client_random  (32): 893AFFB0154A6B99802F34F4821F3A2D48DD4BBD8997A932E14316CB6D411972
[TLS] sign_hash (32): C8894A6FF3EB5BDC0427A27E52F7E74B270CE6C16EBE3258A80F675825620E2B
[TLS] Written transcript to proofs/MSG_TLS_893AFFB0.out, proofs/SIG_TLS_893AFFB0.out and proofs/PK_TLS_893AFFB0.der
Signature verification succeeds
[TLS] Server time: 1620020411
[TLS] client_random  (32): A1D9965DD044407C0078A8BDE76BCB3BBE4C211954F8A98021C6E45222DACFAE
[TLS] sign_hash (32): 5C8FE228146AF5B4D74007C32D6F316CE2A9DE68F42EB1A9C4976CF169A17A93
[TLS] Written transcript to proofs/MSG_TLS_A1D9965D.out, proofs/SIG_TLS_A1D9965D.out and proofs/PK_TLS_A1D9965D.der
Signature verification succeeds
[TLS] Server time: 1620020411
[TLS] client_random  (32): 6FF8993B6D9855379054FAD0F6401E2B60B676CEC37DC70995D7202FAC580E17
[TLS] sign_hash (32): 563E47F56038C153A765330B7FFDFD47D13EBC38CCBACAFCABA528E8E19D013C
[TLS] Written transcript to proofs/MSG_TLS_6FF8993B.out, proofs/SIG_TLS_6FF8993B.out and proofs/PK_TLS_6FF8993B.der
Signature verification succeeds
[TLS] Server time: 1620020411
[TLS] client_random  (32): 3D1D670D2CB585E09E4C1031FD45F9676EA288D5BEB29C23E7CDCFB144C23201
[TLS] sign_hash (32): ADD10F6D9F558FAD937D63FCAB05583D529A72C610E1FB1371C9DC1AA02E0136
[TLS] Written transcript to proofs/MSG_TLS_3D1D670D.out, proofs/SIG_TLS_3D1D670D.out and proofs/PK_TLS_3D1D670D.der
Signature verification succeeds
[TLS] Server time: 1620020411
[TLS] client_random  (32): 059753F1751E2E659AF547664CAF88A14BE9E5657A6251FF9E320A82F466F27F
[TLS] sign_hash (32): D0942A04BC1865C6F269B078C0ABA4D6FA50E57CCF1D7E4FC4DCB7259C7CD3F6
[TLS] Written transcript to proofs/MSG_TLS_059753F1.out, proofs/SIG_TLS_059753F1.out and proofs/PK_TLS_059753F1.der
Signature verification succeeds
[TLS] Server time: 1620020411
[TLS] client_random  (32): E5C969AC7DAE043788B7FEAA5FDC786BDE255DD7F4F1E223672CB900B35A6A14
[TLS] sign_hash (32): 0E7ADE560C603370070ACED0A89CF384726C2D095E4DDFA84FFF62E04961BDF8
[TLS] Written transcript to proofs/MSG_TLS_E5C969AC.out, proofs/SIG_TLS_E5C969AC.out and proofs/PK_TLS_E5C969AC.der
Signature verification succeeds
[TLS] Server time: 1620020411
[TLS] client_random  (32): C81AE9E8B670CE7EAAC17F7019A63F2388855FC67B8061C2BB4D0591FDCBB29C
[TLS] sign_hash (32): 2180F88C7DFC38137DB0C0A2F0A747EAC726F7C3037685FE1A1AAD8A7398D311
[TLS] Written transcript to proofs/MSG_TLS_C81AE9E8.out, proofs/SIG_TLS_C81AE9E8.out and proofs/PK_TLS_C81AE9E8.der
Signature verification succeeds
[TLS] Server time: 1620020411
[TLS] client_random  (32): 6E303F168142F501EE0A42DCDFDF83F7100DDF6C6C9D76EDE982A0B5CB9E950A
[TLS] sign_hash (32): 4DF9ACCD2113DD7DFE4F3601B6E740A838F1CD1D20BD3F8B7BB4BD2375DEC07F
[TLS] Written transcript to proofs/MSG_TLS_6E303F16.out, proofs/SIG_TLS_6E303F16.out and proofs/PK_TLS_6E303F16.der
Signature verification succeeds
[TLS] Server time: 1620020411
[TLS] client_random  (32): 520695E872A3A92C3D63200AB36897997D1F1627BA38868A0F13113B6023F26B
[TLS] sign_hash (32): 2B20A4FC9B34796ABE10A2BD633C907894ECCB4C4689B53D71591F5166F484D6
[TLS] Written transcript to proofs/MSG_TLS_520695E8.out, proofs/SIG_TLS_520695E8.out and proofs/PK_TLS_520695E8.der
Signature verification succeeds
[TLS] Server time: 1620020411
[TLS] client_random  (32): 2094A482186FC0341CC067026E4A468A60324EA15DBAAE772A68C9C60A47836E
[TLS] sign_hash (32): 97DEF1BA37A689E830AB4C1091D12B35E4566537FE9AE9EF86ADD3C9A4D93B24
[TLS] Written transcript to proofs/MSG_TLS_2094A482.out, proofs/SIG_TLS_2094A482.out and proofs/PK_TLS_2094A482.der
Signature verification succeeds
[TLS] Server time: 1620020411
[TLS] client_random  (32): FA02B3817E17D5D4EFB4B2FE2C1CE6D9B5EAFA9792B33DC8B0A8BCC7486B1B02
[TLS] sign_hash (32): CC824B012509196736B8C2E365F60F98962244CD32A3EC0DDDD667A9AEA4859C
[TLS] Written transcript to proofs/MSG_TLS_FA02B381.out, proofs/SIG_TLS_FA02B381.out and proofs/PK_TLS_FA02B381.der
Signature verification succeeds
[TLS] Server time: 1620020411
[TLS] client_random  (32): 638C32B2E2324FDD041037D3B0D1CFC2E5D98DFEDE81971C7CD5ABDFFC2E0575
[TLS] sign_hash (32): F23ACBAD6C476D4BF5A9123714EFC3627DA78C5E0FA8E6B1E59B36E0B48AA59F
[TLS] Written transcript to proofs/MSG_TLS_638C32B2.out, proofs/SIG_TLS_638C32B2.out and proofs/PK_TLS_638C32B2.der
Signature verification succeeds
[TLS] Server time: 1620020411
[TLS] client_random  (32): 3313C38D151520047E687884A6FBA55EBDA147B737FAA500E33B56C7FAE3406D
[TLS] sign_hash (32): D862A178752A82A631E345396930256F6E1CF7AED1626AC5216D8A97C40D5BD3
[TLS] Written transcript to proofs/MSG_TLS_3313C38D.out, proofs/SIG_TLS_3313C38D.out and proofs/PK_TLS_3313C38D.der
Signature verification succeeds
[TLS] Server time: 1620020411
[TLS] client_random  (32): AA159E04B0612F6B33A7351FB95E8266323E80E3EC0E50425DD37C339D2276CC
[TLS] sign_hash (32): C817ACD6A65CFA072E571B33EFB6ACDC693C2D5461D7872D304DBD6C1E09F99E
[TLS] Written transcript to proofs/MSG_TLS_AA159E04.out, proofs/SIG_TLS_AA159E04.out and proofs/PK_TLS_AA159E04.der
Signature verification succeeds
[TLS] Server time: 1620020411
[TLS] client_random  (32): 975D429DBBB12DC2385F6DBCB4CABBB438EB334EA9BEE9037E97B5FD12DF097D
[TLS] sign_hash (32): 1753603CA921A5F2AE61D5985C9FCD08C7EC651F688A7D557C80A3613F5FF345
[TLS] Written transcript to proofs/MSG_TLS_975D429D.out, proofs/SIG_TLS_975D429D.out and proofs/PK_TLS_975D429D.der
Signature verification succeeds
[TLS] Server time: 1620020411
[TLS] client_random  (32): 2C2AB7FAA30FB27C7027BD2D654594FE7451BFFE0F631C3EBEAB1B1DC727DE7E
[TLS] sign_hash (32): 7958A46161A525F0503402B272CA775EB9B8C560191E3B671B7DBB12AFCBA151
[TLS] Written transcript to proofs/MSG_TLS_2C2AB7FA.out, proofs/SIG_TLS_2C2AB7FA.out and proofs/PK_TLS_2C2AB7FA.der
Signature verification succeeds
[TLS] Server time: 1620020411
[TLS] client_random  (32): FC2FF6C2EDEB39EEB25ECFD7507D09CFF0DEDA082DCF52935F4BA685669CEDF4
[TLS] sign_hash (32): 3E940D2EE47360ABC04ED23F3D4A80D9E5D712B11EC649519D2D0E5F896D5E46
[TLS] Written transcript to proofs/MSG_TLS_FC2FF6C2.out, proofs/SIG_TLS_FC2FF6C2.out and proofs/PK_TLS_FC2FF6C2.der
Signature verification succeeds
[TLS] Server time: 1620020411
[TLS] client_random  (32): 1705CF29931A92B06B3703C9039EB9A4DAF1021BC8BB33CAFA987DCF8FD39427
[TLS] sign_hash (32): 3810D80CFA78E1EFFC52B23BFA5D22933F709F0305EAD8088FE981B354C6F8CD
[TLS] Written transcript to proofs/MSG_TLS_1705CF29.out, proofs/SIG_TLS_1705CF29.out and proofs/PK_TLS_1705CF29.der
Signature verification succeeds
[TLS] Server time: 1620020411
[TLS] client_random  (32): E89F1433613913FBD132DC58369142BE87AD7AD9792C6684CCF24EA565EFE02D
[TLS] sign_hash (32): 5E6AEA8D69B7B1BF1325050B05BC84FF59E7FA2E5E44A83DA3DC7507A0C1D74D
[TLS] Written transcript to proofs/MSG_TLS_E89F1433.out, proofs/SIG_TLS_E89F1433.out and proofs/PK_TLS_E89F1433.der
Signature verification succeeds
[TLS] Server time: 1620020411
[TLS] client_random  (32): FE5B34B69467E7428E329EF906ACC881F53CE7D5049B9FDB025A91135E48E2F0
[TLS] sign_hash (32): 17C67128544170AF91A8DC25CA157BE5578B9DE71E8CC359030A04698FEABA54
[TLS] Written transcript to proofs/MSG_TLS_FE5B34B6.out, proofs/SIG_TLS_FE5B34B6.out and proofs/PK_TLS_FE5B34B6.der
Signature verification succeeds
[TLS] Server time: 1620020411
[TLS] client_random  (32): 65EA7C63FC10B94B88A5BAA56C6610FFFDB778ADEED53128266EB6BF06023D8B
[TLS] sign_hash (32): 4B9CD2CF465598333CD3B130805D9510C1DD37B0CAB2A32B58EA9A2D78A69BA5
[TLS] Written transcript to proofs/MSG_TLS_65EA7C63.out, proofs/SIG_TLS_65EA7C63.out and proofs/PK_TLS_65EA7C63.der
Signature verification succeeds
[TLS] Server time: 1620020411
[TLS] client_random  (32): D1150F093E2C54BED56414E457399B0822477A87A75496BF5A6DB6EFF45E62F2
[TLS] sign_hash (32): CD62E2516CE22BE9ECEC1464780B10BE81F962F01BBCF8468657189C4727E1C9
[TLS] Written transcript to proofs/MSG_TLS_D1150F09.out, proofs/SIG_TLS_D1150F09.out and proofs/PK_TLS_D1150F09.der
Signature verification succeeds
[TLS] Server time: 1620020411
[TLS] client_random  (32): F112570E3C9ECF82A9715C7782298A7ACB5375ACCC9C5C22CAA9072752409656
[TLS] sign_hash (32): 9934B132CD25D2E1E360FF321C002BE9A6132FC7B26A1EE94CF9622AE384AEF2
[TLS] Written transcript to proofs/MSG_TLS_F112570E.out, proofs/SIG_TLS_F112570E.out and proofs/PK_TLS_F112570E.der
Signature verification succeeds
[TLS] Server time: 1620020411
[TLS] client_random  (32): 1F5603F05B5E584E32061DB1EDE9E1241607670DD64BC4021306F1C0C53D581C
[TLS] sign_hash (32): 1F8134743198520B4EE654DA43E7627AB3EF702B0AC078D8E5FD12F4413CB4A9
[TLS] Written transcript to proofs/MSG_TLS_1F5603F0.out, proofs/SIG_TLS_1F5603F0.out and proofs/PK_TLS_1F5603F0.der
Signature verification succeeds
[TLS] Server time: 1620020411
[TLS] client_random  (32): 56CFAE9E92A9EBB6D4DB09295E1CF0C2E39B07F0AD670113773C59772646D58F
[TLS] sign_hash (32): C8023E6641AA376B80EA92C4DE02DCE0B8EDFD5A5E958B5689624A4BA2AD051E
[TLS] Written transcript to proofs/MSG_TLS_56CFAE9E.out, proofs/SIG_TLS_56CFAE9E.out and proofs/PK_TLS_56CFAE9E.der
Signature verification succeeds
[TLS] Server time: 1620020411
[TLS] client_random  (32): B0EBBA57E5E0101658953A92F3710291D94FD2496672E20797686319DC8039BC
[TLS] sign_hash (32): 21BF73A2A53A18181FD37A7A8EA2ED3234102A39BF5C80547990AE3AE95D7573
[TLS] Written transcript to proofs/MSG_TLS_B0EBBA57.out, proofs/SIG_TLS_B0EBBA57.out and proofs/PK_TLS_B0EBBA57.der
Signature verification succeeds
[TLS] Server time: 1620020411
[TLS] client_random  (32): 4A330A9F3D38106682BEAC6207A3795DA4C8571E906BB1888268719E2E95C25D
[TLS] sign_hash (32): CCF58C7D01D348EAED3CA24894692A73472802B923296EAE7ECE533B148F012E
[TLS] Written transcript to proofs/MSG_TLS_4A330A9F.out, proofs/SIG_TLS_4A330A9F.out and proofs/PK_TLS_4A330A9F.der
Signature verification succeeds
[TLS] Server time: 1620020411
[TLS] client_random  (32): C27882B58CCABC222599A04083B8A996428AB3EF14D8A1292813EED97D419510
[TLS] sign_hash (32): 4A0979376C1604F5B40C37F5A4AA5BFF0E8B666D202D720C81CD276F298AF51D
[TLS] Written transcript to proofs/MSG_TLS_C27882B5.out, proofs/SIG_TLS_C27882B5.out and proofs/PK_TLS_C27882B5.der
Signature verification succeeds
[TLS] Server time: 1620020411
[TLS] client_random  (32): 78EA5F18F493632E3A0CB3D782399D4F8F5C5F3F4ACEB6B1E287B656479815F4
[TLS] sign_hash (32): C91967352CB2D475B6E8A3C4C7FDDB65A7ADF731CA3138F0BC3ACB6D90D7CC39
[TLS] Written transcript to proofs/MSG_TLS_78EA5F18.out, proofs/SIG_TLS_78EA5F18.out and proofs/PK_TLS_78EA5F18.der
Signature verification succeeds
[TLS] Server time: 1620020411
[TLS] client_random  (32): DF4FB12350BE9F60D30A70CED01D91BD890741045F56BF1D4DC3CB28C6749366
[TLS] sign_hash (32): FC24F767ED8A37B4BC8A9E888384EA58E89E646B6671015621B9668EFE65E5AC
[TLS] Written transcript to proofs/MSG_TLS_DF4FB123.out, proofs/SIG_TLS_DF4FB123.out and proofs/PK_TLS_DF4FB123.der
Signature verification succeeds
[TLS] Server time: 1620020411
[TLS] client_random  (32): 119ACC1BF88EFA88C76A2FD6C4EC578EF6A04B2720CBD813526F392DD7303B23
[TLS] sign_hash (32): 0555D1C418AEBF7BD90DBDAED0DB6E9F1A29E47E0A3E4271094C2D67475AE3EA
[TLS] Written transcript to proofs/MSG_TLS_119ACC1B.out, proofs/SIG_TLS_119ACC1B.out and proofs/PK_TLS_119ACC1B.der
Signature verification succeeds
[TLS] Server time: 1620020411
[TLS] client_random  (32): 6105AA88CF7BB6B8D4BFE267C353A3598F31CD2DD39EDFF426E0941C213F8AD9
[TLS] sign_hash (32): 55BD36A7BB07CEE969B02F70F9FF2E5188163CA723DCA376B53FE3BAF1644322
[TLS] Written transcript to proofs/MSG_TLS_6105AA88.out, proofs/SIG_TLS_6105AA88.out and proofs/PK_TLS_6105AA88.der
Signature verification succeeds
[TLS] Server time: 1620020411
[TLS] client_random  (32): E564A278DD3B569313081B9B0DDA8302C1605F4A5E070EF19808072371105DC4
[TLS] sign_hash (32): 0E76C4D0AE83EE82807E5538D38DBA8809F296DA0134A54921D155ED1981AD29
[TLS] Written transcript to proofs/MSG_TLS_E564A278.out, proofs/SIG_TLS_E564A278.out and proofs/PK_TLS_E564A278.der
Signature verification succeeds
[TLS] Server time: 1620020411
[TLS] client_random  (32): 47362F94675ECDCEE4D017D753911ED4BD66D9CB6F548195C4BE2BCAC48E1D2E
[TLS] sign_hash (32): 4400401A6AAE81CE71346106A688DC29E83B9EDEDCFE392DEE40F90386945319
[TLS] Written transcript to proofs/MSG_TLS_47362F94.out, proofs/SIG_TLS_47362F94.out and proofs/PK_TLS_47362F94.der
Signature verification succeeds
[TLS] Server time: 1620020411
[TLS] client_random  (32): 391578A59957A3388BBC6B0B6BF3D6FE8A0775836D6309924EECCAD263FB2759
[TLS] sign_hash (32): 2CD82180A3EBE140C18C09CC6C071F82343FF8CE9E093EC415CE2BF0DD576529
[TLS] Written transcript to proofs/MSG_TLS_391578A5.out, proofs/SIG_TLS_391578A5.out and proofs/PK_TLS_391578A5.der
Signature verification succeeds
[TLS] Server time: 1620020411
[TLS] client_random  (32): 0944D8B0F69E00C6BE81C309E64951ACB4AE4DA7AAE845C3DE0839D12BB15418
[TLS] sign_hash (32): 0C85A82AA9B7392AB22966C2DCBA9852CE19B926DA9B4855A5149091DA410D4F
[TLS] Written transcript to proofs/MSG_TLS_0944D8B0.out, proofs/SIG_TLS_0944D8B0.out and proofs/PK_TLS_0944D8B0.der
Signature verification succeeds
[TLS] Server time: 1620020411
[TLS] client_random  (32): 4AEAA718177215D472379130E0A850EF8D48CE54D461E460602C9C687C0BABE3
[TLS] sign_hash (32): 6D2983E102AC5AA4410B039A64DAD38796A01DF4EA53E4B1F031BCF76A477632
[TLS] Written transcript to proofs/MSG_TLS_4AEAA718.out, proofs/SIG_TLS_4AEAA718.out and proofs/PK_TLS_4AEAA718.der
Signature verification succeeds
[TLS] Server time: 1620020411
[TLS] client_random  (32): 7E936D3734F9A43E3820A36A66E2CD7814F6BB05B2855AD392CFC61BE97FA763
[TLS] sign_hash (32): D6C403E2FAFFC5E1CB4AD619DACDB91137849317EFF7976697EF9B9569189898
[TLS] Written transcript to proofs/MSG_TLS_7E936D37.out, proofs/SIG_TLS_7E936D37.out and proofs/PK_TLS_7E936D37.der
Signature verification succeeds
[TLS] Server time: 1620020411
[TLS] client_random  (32): FD56FD119A761A75C0F00830E01720C880B9E438B2D54393698B8E54FC53A080
[TLS] sign_hash (32): B27EC4330DCEBB1D8DAFB1C8BC0A21DA866977C39E050A640FDEBFCE8674CDC6
[TLS] Written transcript to proofs/MSG_TLS_FD56FD11.out, proofs/SIG_TLS_FD56FD11.out and proofs/PK_TLS_FD56FD11.der
Signature verification succeeds
[TLS] Server time: 1620020411
[TLS] client_random  (32): B0EF898AC334CB2A94E9CFE29FCDA1FE0F37E2C24ACD331480C1078E97A78105
[TLS] sign_hash (32): 480C98C0CC00B38B6383E24C6BCC8D106224B3287719F861FBCBA9777829BAA1
[TLS] Written transcript to proofs/MSG_TLS_B0EF898A.out, proofs/SIG_TLS_B0EF898A.out and proofs/PK_TLS_B0EF898A.der
Signature verification succeeds
[TLS] Server time: 1620020411
[TLS] client_random  (32): 747AA374C3B9F1D572F9344545D19032AEB0C46602AA6DD9607D2116C1078CB2
[TLS] sign_hash (32): E58FED11B3EA05CFC9F4BA7B6E67D621158670E7A16F06D90F48ADF3FA35C1B1
[TLS] Written transcript to proofs/MSG_TLS_747AA374.out, proofs/SIG_TLS_747AA374.out and proofs/PK_TLS_747AA374.der
Signature verification succeeds
[TLS] Server time: 1620020411
[TLS] client_random  (32): E852182B2B49542B2FA028564968425CCF0D0EC6F586504874D9DC0E15FD54C5
[TLS] sign_hash (32): 89C5C897789C2DDB2C3CBE452D03B3B9127C10B06F044BA0B95C8293C4B90259
[TLS] Written transcript to proofs/MSG_TLS_E852182B.out, proofs/SIG_TLS_E852182B.out and proofs/PK_TLS_E852182B.der
Signature verification succeeds
[TLS] Server time: 1620020411
[TLS] client_random  (32): 6B4A4222A7A7FC93CEA1319DB613FF2C18915DC215D8ABDEC94804A1BF530587
[TLS] sign_hash (32): 0BE56D7F98E66BD0B4B129A2F1FBA3652748E555BBA5FC54DAED8ACA0305C68F
[TLS] Written transcript to proofs/MSG_TLS_6B4A4222.out, proofs/SIG_TLS_6B4A4222.out and proofs/PK_TLS_6B4A4222.der
Signature verification succeeds
[TLS] Server time: 1620020411
[TLS] client_random  (32): 58903F913BD888B30F1B869B47BFE5CA29BD37E6BB47CFFE3A13B0BF45247C2D
[TLS] sign_hash (32): 5B37DA5FEA37014A31C6653F06A412661ED5B1DC5ACF79D8C8BFE6C3C933A0A6
[TLS] Written transcript to proofs/MSG_TLS_58903F91.out, proofs/SIG_TLS_58903F91.out and proofs/PK_TLS_58903F91.der
Signature verification succeeds
[TLS] Server time: 1620020411
[TLS] client_random  (32): D48CD158D818DA19AF5CBF10BA4E16AB3F5FB8FFEDFFAE851A57D8AE64612574
[TLS] sign_hash (32): 26E8A5874ABDC9B04A8E961B57A4F6FB5F2A9ABFC597BC8B0EA7E964A624C9FC
[TLS] Written transcript to proofs/MSG_TLS_D48CD158.out, proofs/SIG_TLS_D48CD158.out and proofs/PK_TLS_D48CD158.der
Signature verification succeeds
[TLS] Server time: 1620020411
[TLS] client_random  (32): E5190723DB28AFC23B94439996D31B5EC093440D1355088F459C7A1C9CC84E97
[TLS] sign_hash (32): 676BEACD0F3555A1C17DE73D17988993EA647F2CCF711AFDF5C1422C3980AC70
[TLS] Written transcript to proofs/MSG_TLS_E5190723.out, proofs/SIG_TLS_E5190723.out and proofs/PK_TLS_E5190723.der
Signature verification succeeds
[TLS] Server time: 1620020411
[TLS] client_random  (32): B6898002F7A24E9946CD00CF5BD9EC9266D7E294BBDB7D5E9FD0143A5A7179F5
[TLS] sign_hash (32): DBD3E7B7419DEA02CC9D72F11249C9E49EE88831A49B91B21C1E414A3E873063
[TLS] Written transcript to proofs/MSG_TLS_B6898002.out, proofs/SIG_TLS_B6898002.out and proofs/PK_TLS_B6898002.der
Signature verification succeeds
[TLS] Server time: 1620020411
[TLS] client_random  (32): 51024A588A698900EE0BFE3EDEE403FDC908D7AF7C909A640E409D0D32C7D67B
[TLS] sign_hash (32): 211840B41DA14F4C3E011C636C41B26CD4D80F30D1410CF8CAB53564AD3626F8
[TLS] Written transcript to proofs/MSG_TLS_51024A58.out, proofs/SIG_TLS_51024A58.out and proofs/PK_TLS_51024A58.der
Signature verification succeeds
[TLS] Server time: 1620020411
[TLS] client_random  (32): 594109E174BF7FDCA0604D90C26A49A979EECEE6BB6B161B46396374B4137E82
[TLS] sign_hash (32): E56499DE67561F96ADDD04C3024B7406534BF36A4C33226F4FF60F09CC38E29E
[TLS] Written transcript to proofs/MSG_TLS_594109E1.out, proofs/SIG_TLS_594109E1.out and proofs/PK_TLS_594109E1.der
Signature verification succeeds
[TLS] Server time: 1620020411
[TLS] client_random  (32): DC06ED52CF17493A403F023328F8B83825DD98155CFEFBB6DB11B2521C7E8D59
[TLS] sign_hash (32): 69DE2D2EE71057EDACE1B04430F748E6ADDFC4E4F5DF682466677256F7FF95E4
[TLS] Written transcript to proofs/MSG_TLS_DC06ED52.out, proofs/SIG_TLS_DC06ED52.out and proofs/PK_TLS_DC06ED52.der
Signature verification succeeds
[TLS] Server time: 1620020411
[TLS] client_random  (32): 0193BA0D62702996AE2302DF8240C3B8F79347A51F5EC9B62198A5738B359504
[TLS] sign_hash (32): 811DB1B98DFA8E23DD44277E920B0C02C4B2A408DEE740630BD478CAC98C0112
[TLS] Written transcript to proofs/MSG_TLS_0193BA0D.out, proofs/SIG_TLS_0193BA0D.out and proofs/PK_TLS_0193BA0D.der
Signature verification succeeds
[TLS] Server time: 1620020411
[TLS] client_random  (32): 8FABD10B8305A7E07840D7D6F764B1883584E8916FDD751922B1039AD3859B03
[TLS] sign_hash (32): 82B46FE766D2E7833157C7F731FDBAD983E82D096DCC386C8EB5F38EABB0AE5B
[TLS] Written transcript to proofs/MSG_TLS_8FABD10B.out, proofs/SIG_TLS_8FABD10B.out and proofs/PK_TLS_8FABD10B.der
Signature verification succeeds
[TLS] Server time: 1620020411
[TLS] client_random  (32): 4D9F4CC1036B2923E65D7FC9F32403C07CBBBC27B1D001E42EE36B0179995A59
[TLS] sign_hash (32): 29C9844504FB355F660701D05CDDF53D41010B5B36114CF6120FE602B6231BB3
[TLS] Written transcript to proofs/MSG_TLS_4D9F4CC1.out, proofs/SIG_TLS_4D9F4CC1.out and proofs/PK_TLS_4D9F4CC1.der
Signature verification succeeds
[TLS] Server time: 1620020411
[TLS] client_random  (32): 120622CCCF22A58F4CFFA4C2FB0E0FE226C83A839F38EF01BD2FFF579D9E5C35
[TLS] sign_hash (32): 8BC0BE526DDAB9D4083EB71F51047C28F3E599C50364ABF2775C7D92E9A9ACE7
[TLS] Written transcript to proofs/MSG_TLS_120622CC.out, proofs/SIG_TLS_120622CC.out and proofs/PK_TLS_120622CC.der
Signature verification succeeds
[TLS] Server time: 1620020411
[TLS] client_random  (32): 5F80D1F09A736EDA2D7BE4ABC9A4C541488789850D3BB1522DC30916F0B58FDD
[TLS] sign_hash (32): 9C14D81F90C2821C44D8202DD7DF2AA9A4615F2654C983457627187D9BB63EA3
[TLS] Written transcript to proofs/MSG_TLS_5F80D1F0.out, proofs/SIG_TLS_5F80D1F0.out and proofs/PK_TLS_5F80D1F0.der
Signature verification succeeds
[TLS] Server time: 1620020411
[TLS] client_random  (32): 2D3963466D747E9C603B5ED281DCDC290F531A4800452624D6EAB20D43D3AA72
[TLS] sign_hash (32): FC634E91ACAF62CCDBDE88633B7EB5DE63F203E7A436E067A2C1F623E3475B6B
[TLS] Written transcript to proofs/MSG_TLS_2D396346.out, proofs/SIG_TLS_2D396346.out and proofs/PK_TLS_2D396346.der
Signature verification succeeds
[TLS] Server time: 1620020411
[TLS] client_random  (32): BF32692AC2D8FA8D8D7C77AB385F052F9A35C01972AB899E1292467CCF52B5FB
[TLS] sign_hash (32): 7612A60EAE7DE40E3D02C745B788F0D5BE666D25CAA4DC4728733972ADD237AA
[TLS] Written transcript to proofs/MSG_TLS_BF32692A.out, proofs/SIG_TLS_BF32692A.out and proofs/PK_TLS_BF32692A.der
Signature verification succeeds
[TLS] Server time: 1620020411
[TLS] client_random  (32): E812753E5F025AA83A92BE005EDB929164A9E26C5ECB9A2421AE1B4E21991017
[TLS] sign_hash (32): E011E95CC70074D74F9E53AA5131D66F774303DA7C0B68D7B1D30AF481AD18F4
[TLS] Written transcript to proofs/MSG_TLS_E812753E.out, proofs/SIG_TLS_E812753E.out and proofs/PK_TLS_E812753E.der
Signature verification succeeds
[TLS] Server time: 1620020411
[TLS] client_random  (32): 6AC12625D1C2E1AE173C4674AD0F35B02AF3199545C3BCB89DD03328D395C0DB
[TLS] sign_hash (32): 2AEDBBB8E205C1A3858093CE3053DEFE9A23D9D9278E12C9D6EDD353C6A820E7
[TLS] Written transcript to proofs/MSG_TLS_6AC12625.out, proofs/SIG_TLS_6AC12625.out and proofs/PK_TLS_6AC12625.der
Signature verification succeeds
[TLS] Server time: 1620020411
[TLS] client_random  (32): DBA3B76BD2A942D0469DA556B4ECC05DFB61CDDF3324BB0239B0AE1225220165
[TLS] sign_hash (32): A955461748BF53934163FABE7A895B5FA8C91EF25DDC1B9506E7F62BD03E7003
[TLS] Written transcript to proofs/MSG_TLS_DBA3B76B.out, proofs/SIG_TLS_DBA3B76B.out and proofs/PK_TLS_DBA3B76B.der
Signature verification succeeds
[TLS] Server time: 1620020411
[TLS] client_random  (32): 6519C2D66A443C601AB1E14111114A8C2DBAA9369878D4CE6A2AE0B1FD732D8F
[TLS] sign_hash (32): 32677405BDBB6449B3EDEEC73C656772AE0F8B191CAB5F5B641C055DC90BCFBC
[TLS] Written transcript to proofs/MSG_TLS_6519C2D6.out, proofs/SIG_TLS_6519C2D6.out and proofs/PK_TLS_6519C2D6.der
Signature verification succeeds
[TLS] Server time: 1620020411
[TLS] client_random  (32): A6AC9B02DF81F9072206CE5B3CAEB8D3D3A1A1D1300B931B714BCA6065EAD955
[TLS] sign_hash (32): 7CB5DC7A0E9C0184FCC2D48FD724273A8C211B4AA4C3C283F8B0CC2104CCF2F2
[TLS] Written transcript to proofs/MSG_TLS_A6AC9B02.out, proofs/SIG_TLS_A6AC9B02.out and proofs/PK_TLS_A6AC9B02.der
Signature verification succeeds
[TLS] Server time: 1620020411
[TLS] client_random  (32): 308D8A17AA0CDF9F3F5FE26FB53FA66127FD53AA79F065FA059A2DA3429B3203
[TLS] sign_hash (32): F757B23B5EBBB02FB29045AA3E8EA71CB3E2DE24EA1EAB3091EA9A6195F10A68
[TLS] Written transcript to proofs/MSG_TLS_308D8A17.out, proofs/SIG_TLS_308D8A17.out and proofs/PK_TLS_308D8A17.der
Signature verification succeeds
[TLS] Server time: 1620020412
[TLS] client_random  (32): BA6FE0164F8779E78C74884AFC5BAC7E2A90B3312C525143B31325C5CE0963D1
[TLS] sign_hash (32): BDFDCFCF46EF7C0336836280FAAAEE9658EB9328B1A349E12AAFF4359F8D6CA0
[TLS] Written transcript to proofs/MSG_TLS_BA6FE016.out, proofs/SIG_TLS_BA6FE016.out and proofs/PK_TLS_BA6FE016.der
Signature verification succeeds
Time breakdown (averages): anchor_ping:10.088274 file_read:0.137481 hashing:0.470866
Total time for 113 rounds is 1218.815605ms
Standard deviations: anchor_ping:0.988761 file_read:0.013760 hashing:0.004837
[Client-side ops] mean:0.608346 sd:0.014540
in & out anchor rand written to proofs/phase1.out
     17 [TLS] Server time: 1620020410
     96 [TLS] Server time: 1620020411
      1 [TLS] Server time: 1620020412
Count is 17
Count is 96
Count is 1
success: 1
RESULT: 1 in 2 tries
