TLS anchor: gold.ac.uk
Actual: 55, Set: 113
Beginning execution at Sun May 2 19:40:02 UTC 2021
CONF: anchor:gold.ac.uk fs:1024MB n_rounds:113 seed:5c9f4bf9bbc15bb855f82faedc5a52fc3ab2dfa8ec3ba3ce1b270f31fa0cced2 filename:FILE bs:1024 nops:100 benchmarking:0 anchor_ping:1 queue_depth:32 direct:0
[TLS] Connecting to gold.ac.uk
[TLS] Server time: 1619984402
[TLS] client_random  (32): 5C9F4BF9BBC15BB855F82FAEDC5A52FC3AB2DFA8EC3BA3CE1B270F31FA0CCED2
[TLS] sign_hash (32): 06DD08C853302F84096065C927595168EB2B1F1DABC76B600EDA82DB08121B63
[TLS] Written transcript to proofs/MSG_TLS_5C9F4BF9.out, proofs/SIG_TLS_5C9F4BF9.out and proofs/PK_TLS_5C9F4BF9.der
Signature verification succeeds
[TLS] Server time: 1619984402
[TLS] client_random  (32): A1294E64B554423C61774D74FF064A88F0990B2422641C948B8CB0F2BE31C28B
[TLS] sign_hash (32): BB3F081E4154114E37F0D6A978214A11AB5D8E941EF9562BC63470AD37C0EE37
[TLS] Written transcript to proofs/MSG_TLS_A1294E64.out, proofs/SIG_TLS_A1294E64.out and proofs/PK_TLS_A1294E64.der
Signature verification succeeds
[TLS] Server time: 1619984402
[TLS] client_random  (32): CCB13BF85467B25DD964EDE4A2169105E333B12D153BB4F6ADF2D328DC122263
[TLS] sign_hash (32): 86359949DAB7371F2D477B46FD9A2CE40610B327C3E4AFE6B6310602A4564699
[TLS] Written transcript to proofs/MSG_TLS_CCB13BF8.out, proofs/SIG_TLS_CCB13BF8.out and proofs/PK_TLS_CCB13BF8.der
Signature verification succeeds
[TLS] Server time: 1619984402
[TLS] client_random  (32): BF348114151DE55ED9C0FF90297F75F959C0802ED435D67BB69D6E1E06781825
[TLS] sign_hash (32): 826D2DF943DD90F7B3094B2F1B62C999F8A87453D47041AEA818CF093D1F7861
[TLS] Written transcript to proofs/MSG_TLS_BF348114.out, proofs/SIG_TLS_BF348114.out and proofs/PK_TLS_BF348114.der
Signature verification succeeds
[TLS] Server time: 1619984402
[TLS] client_random  (32): 0760FEE2309C997B56B722C6DCB910D2CC0473474C9ACB8CB5FB80892BA3C710
[TLS] sign_hash (32): 6EA23F37468A2EC08BEBF0B05311031ABED727CE9F82F8ACEDEB0FC0E8998DB3
[TLS] Written transcript to proofs/MSG_TLS_0760FEE2.out, proofs/SIG_TLS_0760FEE2.out and proofs/PK_TLS_0760FEE2.der
Signature verification succeeds
[TLS] Server time: 1619984402
[TLS] client_random  (32): 26FBCA53E47C5857368E9933F937E3E3AB2A8D2CCF0FA79E775F58C0DEECAB2E
[TLS] sign_hash (32): 76D0F17C809BA596875DE678DF7036ACFAABD54B77FD6EAAF72F411150EE73AC
[TLS] Written transcript to proofs/MSG_TLS_26FBCA53.out, proofs/SIG_TLS_26FBCA53.out and proofs/PK_TLS_26FBCA53.der
Signature verification succeeds
[TLS] Server time: 1619984402
[TLS] client_random  (32): 2E5118BA3E7931B2CC5E29E93119AE7EAF5C49CE3BAD81C5992AA4E6A5FD5BC2
[TLS] sign_hash (32): 13C06307590BD8166C38F1E3AAA9A871D194767E8C14226E06B36EA12C4D94D9
[TLS] Written transcript to proofs/MSG_TLS_2E5118BA.out, proofs/SIG_TLS_2E5118BA.out and proofs/PK_TLS_2E5118BA.der
Signature verification succeeds
[TLS] Server time: 1619984402
[TLS] client_random  (32): 353FFD914217BBA8D69E0B7220A38B20B0559AB989167AC1C5BD259F6B143A28
[TLS] sign_hash (32): C3556FC0902426697EF9EAEEE618F4E2C28E15CBD9FC227BA730F5B1319F8E12
[TLS] Written transcript to proofs/MSG_TLS_353FFD91.out, proofs/SIG_TLS_353FFD91.out and proofs/PK_TLS_353FFD91.der
Signature verification succeeds
[TLS] Server time: 1619984402
[TLS] client_random  (32): EFB1ECA5F94093443871E11476024C848308A3F22BC61311D059A890593BF035
[TLS] sign_hash (32): 178DF580CE0FFE40FAAAA33D0A2D2255D8EA1BDA519377A22F5A8E00B1FBB0AB
[TLS] Written transcript to proofs/MSG_TLS_EFB1ECA5.out, proofs/SIG_TLS_EFB1ECA5.out and proofs/PK_TLS_EFB1ECA5.der
Signature verification succeeds
[TLS] Server time: 1619984402
[TLS] client_random  (32): 44FB1E534DB2AB737507B4584F10F19F4F87578110C37406716F57794DE4A252
[TLS] sign_hash (32): C8A7DC887012CC22B2B3FE334FABDF52A1376B6B985522A4E9EAB1DB779D1795
[TLS] Written transcript to proofs/MSG_TLS_44FB1E53.out, proofs/SIG_TLS_44FB1E53.out and proofs/PK_TLS_44FB1E53.der
Signature verification succeeds
[TLS] Server time: 1619984402
[TLS] client_random  (32): 678EC265C8DF388F46167C38F0391A8508BB19A5BCB2600561D94A2389B9C4AF
[TLS] sign_hash (32): 329E15143BE6243DF8AB40E517BEFA32ED7068980648B2FA67401F88A5EEA165
[TLS] Written transcript to proofs/MSG_TLS_678EC265.out, proofs/SIG_TLS_678EC265.out and proofs/PK_TLS_678EC265.der
Signature verification succeeds
[TLS] Server time: 1619984402
[TLS] client_random  (32): EA6C207AEDA854D4FF6B6B4BDC31AB4936A52875EB05B77502495231EAE5C7AF
[TLS] sign_hash (32): 27B4764BCC8E6F316F2D94F37546E7A4A597CB6B8A627E9E00569E3B6CE56752
[TLS] Written transcript to proofs/MSG_TLS_EA6C207A.out, proofs/SIG_TLS_EA6C207A.out and proofs/PK_TLS_EA6C207A.der
Signature verification succeeds
[TLS] Server time: 1619984402
[TLS] client_random  (32): 90C127BECFCAC4E02A2EA54ADB081EB835164025795C7102D2F457F5126D66DD
[TLS] sign_hash (32): AEC207AB93E7BDCD381143FB7A2A16FCE5F3E2EFEC6B52692DDD6F27A16C9959
[TLS] Written transcript to proofs/MSG_TLS_90C127BE.out, proofs/SIG_TLS_90C127BE.out and proofs/PK_TLS_90C127BE.der
Signature verification succeeds
[TLS] Server time: 1619984402
[TLS] client_random  (32): B5E6A223CDBBAE4E6986B45E9588DFC5A9EC71CC05B1176D4EF3671FE7F822E9
[TLS] sign_hash (32): 4FD7C99CB32256F557431094704C3CF8083986EACF8DD0BBC0FA152CBC8C5649
[TLS] Written transcript to proofs/MSG_TLS_B5E6A223.out, proofs/SIG_TLS_B5E6A223.out and proofs/PK_TLS_B5E6A223.der
Signature verification succeeds
[TLS] Server time: 1619984402
[TLS] client_random  (32): 88E6E2945D6A864DE31DF39CC83771DAE94B0BB7130BD3CB4F57EC2704BE0749
[TLS] sign_hash (32): 7CF404DD735807A7E2267542EBAD114AF5812299E186667AE5C853AFFACF5253
[TLS] Written transcript to proofs/MSG_TLS_88E6E294.out, proofs/SIG_TLS_88E6E294.out and proofs/PK_TLS_88E6E294.der
Signature verification succeeds
[TLS] Server time: 1619984402
[TLS] client_random  (32): 1D17ACF30C2A08AEBEFEFD4AD000A1DEC5A6E0612F863591834935AB2D611E55
[TLS] sign_hash (32): 1981BDD5306D2B4F8C554209ECFE3CD51F132D32B3E9188E1576DE7D2612823D
[TLS] Written transcript to proofs/MSG_TLS_1D17ACF3.out, proofs/SIG_TLS_1D17ACF3.out and proofs/PK_TLS_1D17ACF3.der
Signature verification succeeds
[TLS] Server time: 1619984402
[TLS] client_random  (32): 2BFCA741A54ADA2299F2EE2FE4B38E48B2E7EB0DCFD4F2B2EC937F10D9BE8DCC
[TLS] sign_hash (32): 37FC14D7052EE46732F9D28D3941FE1F2C12B922C8B1AE6C68AD253970AA40E0
[TLS] Written transcript to proofs/MSG_TLS_2BFCA741.out, proofs/SIG_TLS_2BFCA741.out and proofs/PK_TLS_2BFCA741.der
Signature verification succeeds
[TLS] Server time: 1619984402
[TLS] client_random  (32): F96A1C1B88575EA02F5036BF2CB122F1A5CDFB819A020305D19A2699B96EBE66
[TLS] sign_hash (32): E8670F4B6C6B3D2BCFCF0A825C9CD873DF02C8013E1D444F9AE3E4450A08702A
[TLS] Written transcript to proofs/MSG_TLS_F96A1C1B.out, proofs/SIG_TLS_F96A1C1B.out and proofs/PK_TLS_F96A1C1B.der
Signature verification succeeds
[TLS] Server time: 1619984402
[TLS] client_random  (32): 5B32C996ADC6208B770F64E04C066EEF64A5CE6B4F4F81E0628C0F25372ACABA
[TLS] sign_hash (32): 6FFD1D97C856720515ED015B33123942485FCB044A2AAD5096519AB6ABECF756
[TLS] Written transcript to proofs/MSG_TLS_5B32C996.out, proofs/SIG_TLS_5B32C996.out and proofs/PK_TLS_5B32C996.der
Signature verification succeeds
[TLS] Server time: 1619984402
[TLS] client_random  (32): BF03061765582A8A8BBE8BFB886292BA5F031C6458B4554D32FA4682EAC92185
[TLS] sign_hash (32): 81AAA8DA7AEFDDA66AF9249EAC5ADC83C4B9F5466D6AFC22367A004F017CD914
[TLS] Written transcript to proofs/MSG_TLS_BF030617.out, proofs/SIG_TLS_BF030617.out and proofs/PK_TLS_BF030617.der
Signature verification succeeds
[TLS] Server time: 1619984402
[TLS] client_random  (32): 2F4B9CBA84466AE17935D9E1A640FE4581F6482B6E92A3A931BA19C385031A6B
[TLS] sign_hash (32): D9D28ABBA3FF39CB20C3C7B6F9025CFF8902EE69F5B0D77F3A3FFE0D570F9734
[TLS] Written transcript to proofs/MSG_TLS_2F4B9CBA.out, proofs/SIG_TLS_2F4B9CBA.out and proofs/PK_TLS_2F4B9CBA.der
Signature verification succeeds
[TLS] Server time: 1619984402
[TLS] client_random  (32): B33AA9BA6C69093CDFDCBFBF0F125C55EF0283112B67247DDC3E8DE8673F1488
[TLS] sign_hash (32): 12176D0E1FDD66C86151FBDE900E80487204F1171EF9462CBC06F1B96871F217
[TLS] Written transcript to proofs/MSG_TLS_B33AA9BA.out, proofs/SIG_TLS_B33AA9BA.out and proofs/PK_TLS_B33AA9BA.der
Signature verification succeeds
[TLS] Server time: 1619984402
[TLS] client_random  (32): 434A9C7A936C6DC228E187AEB4201BE23040624E8F5891F66358B5C8E13ED2D4
[TLS] sign_hash (32): 7F831C9249A096F1B3003DC01348CE4FA90E3FAA3456E9F636EBC1CB723D7557
[TLS] Written transcript to proofs/MSG_TLS_434A9C7A.out, proofs/SIG_TLS_434A9C7A.out and proofs/PK_TLS_434A9C7A.der
Signature verification succeeds
[TLS] Server time: 1619984402
[TLS] client_random  (32): C445D469999DAA16A697A92787622C1C45E2A14A0DDFD01825F21DDA43E0FE8E
[TLS] sign_hash (32): AD82B256435BF7E070A03B3F7E2C97B211CC5B89CA601F9350380150A0D02208
[TLS] Written transcript to proofs/MSG_TLS_C445D469.out, proofs/SIG_TLS_C445D469.out and proofs/PK_TLS_C445D469.der
Signature verification succeeds
[TLS] Server time: 1619984402
[TLS] client_random  (32): 10FC3BFF9EA55788894A72E5DD4DE92236672A6E288AC79A917D079A423390EE
[TLS] sign_hash (32): D2E48086837A047932765791AA455057080065465478190EF7E8BC17B89AEADB
[TLS] Written transcript to proofs/MSG_TLS_10FC3BFF.out, proofs/SIG_TLS_10FC3BFF.out and proofs/PK_TLS_10FC3BFF.der
Signature verification succeeds
[TLS] Server time: 1619984402
[TLS] client_random  (32): 1C9CEC8B25472338137DD5FB3CCD5D6DB3EB3CAE4DD8F04DD2214CC5FDA8DF41
[TLS] sign_hash (32): 090D161521EB033B56ADD03823239311A0C2E189A901BBFD95E8587424F5388A
[TLS] Written transcript to proofs/MSG_TLS_1C9CEC8B.out, proofs/SIG_TLS_1C9CEC8B.out and proofs/PK_TLS_1C9CEC8B.der
Signature verification succeeds
[TLS] Server time: 1619984403
[TLS] client_random  (32): 7BC407A94F0F5BDF2CDA4E68EA58D2C59105C909DA0C19871D71979E2E43D34C
[TLS] sign_hash (32): B88CF5EFFD6AF88AF77655BF4B647AF888C849F9F9D9E2F8D3B46B635DDF670F
[TLS] Written transcript to proofs/MSG_TLS_7BC407A9.out, proofs/SIG_TLS_7BC407A9.out and proofs/PK_TLS_7BC407A9.der
Signature verification succeeds
[TLS] Server time: 1619984405
[TLS] client_random  (32): A376917811A6F38C647A6B75105C7221E936DBA94EFAACDD7A6BA0E626C35345
[TLS] sign_hash (32): F7BBFA84477CC361E1FA143C5EB9C825CA2625CC7DF72096F611DB38D3831F26
[TLS] Written transcript to proofs/MSG_TLS_A3769178.out, proofs/SIG_TLS_A3769178.out and proofs/PK_TLS_A3769178.der
Signature verification succeeds
[TLS] Server time: 1619984406
[TLS] client_random  (32): CF6A3693AA1EF01E707413349697E3A4C8AF1923E26B1E0B904466FE7B95ADDB
[TLS] sign_hash (32): 609CCDAFE14C2206E637AC3FD683E7F9BBD57A7C5751153E3213BB1978BA0980
[TLS] Written transcript to proofs/MSG_TLS_CF6A3693.out, proofs/SIG_TLS_CF6A3693.out and proofs/PK_TLS_CF6A3693.der
Signature verification succeeds
[TLS] Server time: 1619984406
[TLS] client_random  (32): 82656FB6F19D2DFC2978E5573E6297D5FFA87FBA8CA26B7722C18B4E5197E49A
[TLS] sign_hash (32): 75253B0B4399C0EBF87C2BD385F96154646C5F9DB86D26A714A6AB1A08A450F4
[TLS] Written transcript to proofs/MSG_TLS_82656FB6.out, proofs/SIG_TLS_82656FB6.out and proofs/PK_TLS_82656FB6.der
Signature verification succeeds
[TLS] Server time: 1619984407
[TLS] client_random  (32): A98F79CDA45A4381D6FA974C91DF7281C8034A6E0BD9A4B4649017F09E65EC0A
[TLS] sign_hash (32): 47C30E70E7B4EE66D542F9D08051E3121C31E967923ACE762F6EBAFD37D27F81
[TLS] Written transcript to proofs/MSG_TLS_A98F79CD.out, proofs/SIG_TLS_A98F79CD.out and proofs/PK_TLS_A98F79CD.der
Signature verification succeeds
[TLS] Server time: 1619984407
[TLS] client_random  (32): 8841AD94D50FD4480B00AEE42BC552043A301B331CD930F0EDC7C0D91F543638
[TLS] sign_hash (32): CD4B195A99F734C2D5122F74B693E3613E5A69D9E4A0E1FF95403FB914C53658
[TLS] Written transcript to proofs/MSG_TLS_8841AD94.out, proofs/SIG_TLS_8841AD94.out and proofs/PK_TLS_8841AD94.der
Signature verification succeeds
[TLS] Server time: 1619984407
[TLS] client_random  (32): AC27110939E7D3653A0C6EC68B84A967C486F8417FC776B47A3B76845693D91B
[TLS] sign_hash (32): A38AA10B3E76CBCAA07ED0F2FAAE49403CE87A0C24A6E1B9CC37626BD5D58B0B
[TLS] Written transcript to proofs/MSG_TLS_AC271109.out, proofs/SIG_TLS_AC271109.out and proofs/PK_TLS_AC271109.der
Signature verification succeeds
[TLS] Server time: 1619984407
[TLS] client_random  (32): 51F0DD6930726DD5B16A864136F1D60F16FB94265E505B8BBA9C61D64976DEE9
[TLS] sign_hash (32): B8573BE07EF9E8FE5395DFB4914DFC29BEE0DEB2A4927F6C8BEE806A493E828C
[TLS] Written transcript to proofs/MSG_TLS_51F0DD69.out, proofs/SIG_TLS_51F0DD69.out and proofs/PK_TLS_51F0DD69.der
Signature verification succeeds
[TLS] Server time: 1619984407
[TLS] client_random  (32): 1BBA088D98A036AE7D051D27B2875094A294B79C74261BD6F8B054DA980AEEE7
[TLS] sign_hash (32): 45FC1617D56166510F6DFC2F30C747EF3C21B1622BB9688AB54F4D6D7E1B4B55
[TLS] Written transcript to proofs/MSG_TLS_1BBA088D.out, proofs/SIG_TLS_1BBA088D.out and proofs/PK_TLS_1BBA088D.der
Signature verification succeeds
[TLS] Server time: 1619984407
[TLS] client_random  (32): DAB8CFAA80A76BD4CC82BE4D1BD5AA59B84E68B17390BE3785D8D6AC471DB9C4
[TLS] sign_hash (32): 0C030D6821212D246E576F4E29C507BAD2800CCF40EF610425C40617AA66D4F0
[TLS] Written transcript to proofs/MSG_TLS_DAB8CFAA.out, proofs/SIG_TLS_DAB8CFAA.out and proofs/PK_TLS_DAB8CFAA.der
Signature verification succeeds
[TLS] Server time: 1619984407
[TLS] client_random  (32): 9CB39A39D098D52B0F6338606E75C892BEB0872ED746EA46E3C82365B86CEC38
[TLS] sign_hash (32): B2CE7B79BD2F66D7AF0C01E565CD7EA8E7D70BD3B4A2BDF177878FE4548A7EB2
[TLS] Written transcript to proofs/MSG_TLS_9CB39A39.out, proofs/SIG_TLS_9CB39A39.out and proofs/PK_TLS_9CB39A39.der
Signature verification succeeds
[TLS] Server time: 1619984407
[TLS] client_random  (32): DF12B1CAA090F226A5DB214E32D7A171F566139C93AF1EEB08246B7E49542775
[TLS] sign_hash (32): DEB49F5B0AF92C04A3A4D8A7A4AA2C2D6287428CE12B8E8A280D568D98B53AAB
[TLS] Written transcript to proofs/MSG_TLS_DF12B1CA.out, proofs/SIG_TLS_DF12B1CA.out and proofs/PK_TLS_DF12B1CA.der
Signature verification succeeds
[TLS] Server time: 1619984407
[TLS] client_random  (32): 9FA48C3736BEE45D3D39269A913D6000E140A25458582133D2960741261D576A
[TLS] sign_hash (32): 820FA84FF261E1F8F1B91E5331EBDD5AB54A43DC48A24FF9514715407CFA960D
[TLS] Written transcript to proofs/MSG_TLS_9FA48C37.out, proofs/SIG_TLS_9FA48C37.out and proofs/PK_TLS_9FA48C37.der
Signature verification succeeds
[TLS] Server time: 1619984407
[TLS] client_random  (32): 8C405C489802517403FCBE6CFC6295EAE5D60FD4205FAD81D65C7B21B9651781
[TLS] sign_hash (32): 185D7A55C08A868E6A7716E033098F88B5B0D9524E4D8CB8B566A947A6214598
[TLS] Written transcript to proofs/MSG_TLS_8C405C48.out, proofs/SIG_TLS_8C405C48.out and proofs/PK_TLS_8C405C48.der
Signature verification succeeds
[TLS] Server time: 1619984407
[TLS] client_random  (32): 82C05A40D4E01052E0B033757EDB483830DE3F2437D959DE534208FDADBE1F5E
[TLS] sign_hash (32): 418917298EFDC08531144351EB0362BB03FD1F14617C832D4CAC537B02C23974
[TLS] Written transcript to proofs/MSG_TLS_82C05A40.out, proofs/SIG_TLS_82C05A40.out and proofs/PK_TLS_82C05A40.der
Signature verification succeeds
[TLS] Server time: 1619984407
[TLS] client_random  (32): 62B895C4D660DA97656E0745AD20E27A9BB1514BC2FA6679C43349FE9C18B9AB
[TLS] sign_hash (32): ADD7FB6CB05E65AD393F8167AAFDDCC7277472149C9316DC5D79F1E3C1CF31A5
[TLS] Written transcript to proofs/MSG_TLS_62B895C4.out, proofs/SIG_TLS_62B895C4.out and proofs/PK_TLS_62B895C4.der
Signature verification succeeds
[TLS] Server time: 1619984407
[TLS] client_random  (32): FBF2D7E13A89F6DECCFAC44AE0CC6B71F9B5BB3CDEB2570AA4FE34061D74087A
[TLS] sign_hash (32): 9D7B1E1A9C3EC4C42CA45FF3DDDFD1400BC0113FE6C2E66281FCFE72CBD29EFA
[TLS] Written transcript to proofs/MSG_TLS_FBF2D7E1.out, proofs/SIG_TLS_FBF2D7E1.out and proofs/PK_TLS_FBF2D7E1.der
Signature verification succeeds
[TLS] Server time: 1619984407
[TLS] client_random  (32): 1299937238CF2BDEB332A16F9FDE0FFC98309C6C375605B8C95C3C2CC09A4F3D
[TLS] sign_hash (32): D77CAEEDABC0108A3BEF4DF5A478F83C0A5A4B9C99F2D4719EA1CE88AE5E72FB
[TLS] Written transcript to proofs/MSG_TLS_12999372.out, proofs/SIG_TLS_12999372.out and proofs/PK_TLS_12999372.der
Signature verification succeeds
[TLS] Server time: 1619984407
[TLS] client_random  (32): C3C320841EE779F357BA0DE1A508F51EBA1BA003250A6D9AF3AFB38E5495ADB8
[TLS] sign_hash (32): 32FA916145F4802C79A3B795D4627B97449E18A4872E6DE3587237326844258A
[TLS] Written transcript to proofs/MSG_TLS_C3C32084.out, proofs/SIG_TLS_C3C32084.out and proofs/PK_TLS_C3C32084.der
Signature verification succeeds
[TLS] Server time: 1619984407
[TLS] client_random  (32): 441C062A78B6B7C5B2F8E8CD9F9C66B746C780F1E809BD53EBF0D3C3BC40E4F9
[TLS] sign_hash (32): B6BD43A0BAFD355A38A5F9F1D0647C16A7230C2A58AD1F567301902AB4DEBDA3
[TLS] Written transcript to proofs/MSG_TLS_441C062A.out, proofs/SIG_TLS_441C062A.out and proofs/PK_TLS_441C062A.der
Signature verification succeeds
[TLS] Server time: 1619984408
[TLS] client_random  (32): A8BF54058B66CD787B2F9B97EA32D39AF8897E6D004B2354CC7285C681F4FE1E
[TLS] sign_hash (32): 5E570E9595DA1815E6112CF4805DE911A86CB68C7444D5A27F8D2D9206240FDE
[TLS] Written transcript to proofs/MSG_TLS_A8BF5405.out, proofs/SIG_TLS_A8BF5405.out and proofs/PK_TLS_A8BF5405.der
Signature verification succeeds
[TLS] Server time: 1619984408
[TLS] client_random  (32): 512F1656084EBCF0F110C4C070AA7B3779C186D83771E1D80DE29E87FD2D3D9D
[TLS] sign_hash (32): 3C76C3C897944F3AB0937825D942F710D8B57B8F6C4836A899424BCEDA946CC5
[TLS] Written transcript to proofs/MSG_TLS_512F1656.out, proofs/SIG_TLS_512F1656.out and proofs/PK_TLS_512F1656.der
Signature verification succeeds
[TLS] Server time: 1619984408
[TLS] client_random  (32): B2FFCBB160ABF8638DC1283A62F582DE9ADD109EF9881FA15C98EA1C2B60310B
[TLS] sign_hash (32): B9997B736E63001588260277B207AAE8108A626D2B141E8C5DC560EA1844F390
[TLS] Written transcript to proofs/MSG_TLS_B2FFCBB1.out, proofs/SIG_TLS_B2FFCBB1.out and proofs/PK_TLS_B2FFCBB1.der
Signature verification succeeds
[TLS] Server time: 1619984408
[TLS] client_random  (32): 9D9092685BC08690FDC53EBA073D01B38AEFD7725A8B7283A74AF0984B6B68EF
[TLS] sign_hash (32): 2B9B2F1EA0F089E143C8D55DDF9093E35ACD0B063539E45110CB093DED3E1945
[TLS] Written transcript to proofs/MSG_TLS_9D909268.out, proofs/SIG_TLS_9D909268.out and proofs/PK_TLS_9D909268.der
Signature verification succeeds
[TLS] Server time: 1619984408
[TLS] client_random  (32): 81BDDD4DFBBD244800AF1BAA83674CFAA171B74927C3BDFDD1A15A017838A55E
[TLS] sign_hash (32): 595EBCBEF794058C2FE4AD0A070F241DF4A2F02C571E3F4604F7F5AB874F18DB
[TLS] Written transcript to proofs/MSG_TLS_81BDDD4D.out, proofs/SIG_TLS_81BDDD4D.out and proofs/PK_TLS_81BDDD4D.der
Signature verification succeeds
[TLS] Server time: 1619984408
[TLS] client_random  (32): 1B3470FE9EF74A3CBE4F190222D0F1F48078A0A0DCCFEBE3DB61B331E8F16B9A
[TLS] sign_hash (32): ED0ABFF9950E0870B819B3FA047106971A86145964E490414D912E6F66C5463C
[TLS] Written transcript to proofs/MSG_TLS_1B3470FE.out, proofs/SIG_TLS_1B3470FE.out and proofs/PK_TLS_1B3470FE.der
Signature verification succeeds
[TLS] Server time: 1619984408
[TLS] client_random  (32): 1C691C4473E539FC7A0B6FA2B6F259411B00C73633689DF1D1A68D6782569541
[TLS] sign_hash (32): 43D3A80A29753EB503BF777315868DBAB17604E0139BEB2184F0A6568A43D175
[TLS] Written transcript to proofs/MSG_TLS_1C691C44.out, proofs/SIG_TLS_1C691C44.out and proofs/PK_TLS_1C691C44.der
Signature verification succeeds
[TLS] Server time: 1619984408
[TLS] client_random  (32): D99BC7BC51832DBC58A37104E0987B7BF0E20CAE083BF795A71927E974FBC157
[TLS] sign_hash (32): FBF4B76AC3111C65FC30B8532CB0E023941F3F80F0E9740B1FF7995E08486719
[TLS] Written transcript to proofs/MSG_TLS_D99BC7BC.out, proofs/SIG_TLS_D99BC7BC.out and proofs/PK_TLS_D99BC7BC.der
Signature verification succeeds
[TLS] Server time: 1619984408
[TLS] client_random  (32): E86F5385A769E25E2092ED275B0B884E2D4839AFCE56EBB3E21FFA317F95CFD0
[TLS] sign_hash (32): 5E43FD7B65F8380AFC598FE784E365839D73157C47CB01CD260ECFFA4A059E57
[TLS] Written transcript to proofs/MSG_TLS_E86F5385.out, proofs/SIG_TLS_E86F5385.out and proofs/PK_TLS_E86F5385.der
Signature verification succeeds
[TLS] Server time: 1619984408
[TLS] client_random  (32): 1801F8CB7B9CEA3191D11AAF605C6636A8E0E8C6E542746427DAA5680E9AB23A
[TLS] sign_hash (32): B6F697A63E8FA6347EE54DAB23FBC35E066006F86D5B7922EDDCBF982BFCEFF5
[TLS] Written transcript to proofs/MSG_TLS_1801F8CB.out, proofs/SIG_TLS_1801F8CB.out and proofs/PK_TLS_1801F8CB.der
Signature verification succeeds
[TLS] Server time: 1619984408
[TLS] client_random  (32): 039CE7E46C91EAB2EBE72590504B3A2C378531EAB9736D7F131025881EBFAF29
[TLS] sign_hash (32): 4C15C510626FCEC166B591F5DEBC8147D3EE21F9B440C419FD1E2D52081CC321
[TLS] Written transcript to proofs/MSG_TLS_039CE7E4.out, proofs/SIG_TLS_039CE7E4.out and proofs/PK_TLS_039CE7E4.der
Signature verification succeeds
[TLS] Server time: 1619984408
[TLS] client_random  (32): 26F6E40D772043098E1A759D10A0C00EE46AABB983E259AB7F9C7112BB0542FC
[TLS] sign_hash (32): 9E4D09B6AA9BB60A26DF2F33F43959E14FE5236EB1DE0C1CB5E349366CBADCEA
[TLS] Written transcript to proofs/MSG_TLS_26F6E40D.out, proofs/SIG_TLS_26F6E40D.out and proofs/PK_TLS_26F6E40D.der
Signature verification succeeds
[TLS] Server time: 1619984408
[TLS] client_random  (32): 94580A1D591514AABC6FDAA30EBFE63A413F335EB4B7EA3D25AF5E2A87B5B5EE
[TLS] sign_hash (32): C0E5A4D4E527FC246AA87DAA9120C74580E487BE531ED3E98B45DEFD71654521
[TLS] Written transcript to proofs/MSG_TLS_94580A1D.out, proofs/SIG_TLS_94580A1D.out and proofs/PK_TLS_94580A1D.der
Signature verification succeeds
[TLS] Server time: 1619984408
[TLS] client_random  (32): 80CE861DA4A65FC39DD29FCFEBED035B5D05F084FC0D83F8D64E2E1D4853B3AE
[TLS] sign_hash (32): 1108880E78CF8A12D152BE3710773C6D21DE6F55BD56FB8075661EC0294C89A2
[TLS] Written transcript to proofs/MSG_TLS_80CE861D.out, proofs/SIG_TLS_80CE861D.out and proofs/PK_TLS_80CE861D.der
Signature verification succeeds
[TLS] Server time: 1619984408
[TLS] client_random  (32): 90B2DB0D73738A27CE6E48E2E33A95CC4474F45C5FD6FCC7ADF6B0C29A6D86EB
[TLS] sign_hash (32): 27F56701947E81338ED66AF4481274B1C9EC9A4E2BDE021ECCC9543B03325C7A
[TLS] Written transcript to proofs/MSG_TLS_90B2DB0D.out, proofs/SIG_TLS_90B2DB0D.out and proofs/PK_TLS_90B2DB0D.der
Signature verification succeeds
[TLS] Server time: 1619984408
[TLS] client_random  (32): 9DF2869808F1CAA9BDDAD7B3236602A20CD094DF2236EF6BFED05D2DB97A5A56
[TLS] sign_hash (32): E214DB93D0A980FC8CE8CCEBDE2921EE3C3BF3C685041A4AD2F1DDB0285BF557
[TLS] Written transcript to proofs/MSG_TLS_9DF28698.out, proofs/SIG_TLS_9DF28698.out and proofs/PK_TLS_9DF28698.der
Signature verification succeeds
[TLS] Server time: 1619984408
[TLS] client_random  (32): 3B68989077F28FCEF75FD1FDC3CE05B0CB93633A5F3D6ABCFE41C458CAB1E128
[TLS] sign_hash (32): 3F65830E5CC71A31456CD79BEA3431E7F90B84989DA3231B6300646A3A8E8C93
[TLS] Written transcript to proofs/MSG_TLS_3B689890.out, proofs/SIG_TLS_3B689890.out and proofs/PK_TLS_3B689890.der
Signature verification succeeds
[TLS] Server time: 1619984408
[TLS] client_random  (32): 85F889F0A9AAE5987BE4D81F22915F308AB568B9701F0985489063C7A9F14947
[TLS] sign_hash (32): B53E404F9454A4F3B0609FDB040B3BCFEF9478AD6CBB7BCF59634693F72BAC7B
[TLS] Written transcript to proofs/MSG_TLS_85F889F0.out, proofs/SIG_TLS_85F889F0.out and proofs/PK_TLS_85F889F0.der
Signature verification succeeds
[TLS] Server time: 1619984408
[TLS] client_random  (32): EB06C5E4FEE22F63B74BA36DF87563CAD22AD48A66551195FE79D6A579090E05
[TLS] sign_hash (32): C76B418B96AC0E07B36688914B03938F18CAA1B17CA38C9CE4EB91BCAE2A20D4
[TLS] Written transcript to proofs/MSG_TLS_EB06C5E4.out, proofs/SIG_TLS_EB06C5E4.out and proofs/PK_TLS_EB06C5E4.der
Signature verification succeeds
[TLS] Server time: 1619984408
[TLS] client_random  (32): 2A5CA964CC3F2CB2A573874B0F3DAD0D7CA01C57E49D36D83A0B8E73E9D92FEB
[TLS] sign_hash (32): F8F60B91EF249205F0977A13C48245E4A067F3A1BFD09C949036C4312BAAB653
[TLS] Written transcript to proofs/MSG_TLS_2A5CA964.out, proofs/SIG_TLS_2A5CA964.out and proofs/PK_TLS_2A5CA964.der
Signature verification succeeds
[TLS] Server time: 1619984408
[TLS] client_random  (32): A9138C347BC6CF56D483DE2A100DBBD898FD4FCA42E05D79457348391C7C85CA
[TLS] sign_hash (32): D683CB8EEBA2DAC7BCD7D99E67955A4B9F774FBAC3D9EE9EF867B74FCBD3168F
[TLS] Written transcript to proofs/MSG_TLS_A9138C34.out, proofs/SIG_TLS_A9138C34.out and proofs/PK_TLS_A9138C34.der
Signature verification succeeds
[TLS] Server time: 1619984408
[TLS] client_random  (32): 54EE37EB4CD4B4DC8F4CD3C3FB76CC16933874A5D9FE6FA3CD7C1BA177F55C8C
[TLS] sign_hash (32): 73127397FA8A161ACBAEFF5E81B328EE9C2B24B505B79491AF386BEFA7AF1153
[TLS] Written transcript to proofs/MSG_TLS_54EE37EB.out, proofs/SIG_TLS_54EE37EB.out and proofs/PK_TLS_54EE37EB.der
Signature verification succeeds
[TLS] Server time: 1619984408
[TLS] client_random  (32): 992473EF20B9FC6C9B3423D967EB74DE428C9BB173FDA42034EF351C20CCE2DB
[TLS] sign_hash (32): 6B6DA6B6874B666C2C214E9FAE113E40D11FD90119226D9CF0FDF4E910A69DAA
[TLS] Written transcript to proofs/MSG_TLS_992473EF.out, proofs/SIG_TLS_992473EF.out and proofs/PK_TLS_992473EF.der
Signature verification succeeds
[TLS] Server time: 1619984408
[TLS] client_random  (32): 8EC8A7E4F2E0564D4C2AA33816C076E2FA5B826463204B2C1DF4A590991A4FB2
[TLS] sign_hash (32): 6A5F6E2BB0D02A4D340444FA2CA29BEE92813E11BB12EB56665FA47D3382AD52
[TLS] Written transcript to proofs/MSG_TLS_8EC8A7E4.out, proofs/SIG_TLS_8EC8A7E4.out and proofs/PK_TLS_8EC8A7E4.der
Signature verification succeeds
[TLS] Server time: 1619984408
[TLS] client_random  (32): 6FE0E7E2EFFDB16B90348614B6FBC1C2C384DA57806E7FBA8D05F8C23C1E1AAD
[TLS] sign_hash (32): B3575FA2FBB159E7B5CDA4EBD4300F0336EFE4B67BF8E4BC107E1752FFB99E8E
[TLS] Written transcript to proofs/MSG_TLS_6FE0E7E2.out, proofs/SIG_TLS_6FE0E7E2.out and proofs/PK_TLS_6FE0E7E2.der
Signature verification succeeds
[TLS] Server time: 1619984408
[TLS] client_random  (32): E162C004EE1A748F061810D1100CF6CF5A5E79390BA297D2C44E96F9CD5D49E4
[TLS] sign_hash (32): 5DE9023182D8B4D1F6EFB5CAF16B74BC8D3168BA77A00C0B92477A3836C9E65F
[TLS] Written transcript to proofs/MSG_TLS_E162C004.out, proofs/SIG_TLS_E162C004.out and proofs/PK_TLS_E162C004.der
Signature verification succeeds
[TLS] Server time: 1619984408
[TLS] client_random  (32): ECB7AEEF23E17700795919214BC44C5A2FD8F70E04CDB9EB2699933BFBCFB8F3
[TLS] sign_hash (32): F0FEE420608D1C090079976C82AF5C30BE12B210B0711E44B60E3A72E8EA56E7
[TLS] Written transcript to proofs/MSG_TLS_ECB7AEEF.out, proofs/SIG_TLS_ECB7AEEF.out and proofs/PK_TLS_ECB7AEEF.der
Signature verification succeeds
[TLS] Server time: 1619984408
[TLS] client_random  (32): E3151F17AC87D62B44623604D8FEF4A65A48B4F652948130234372CC9BB5664B
[TLS] sign_hash (32): 27A70EB1947C136CB68B8FCEBB3EAB568580EE55BBC28AB3BC27D1A3FBF19591
[TLS] Written transcript to proofs/MSG_TLS_E3151F17.out, proofs/SIG_TLS_E3151F17.out and proofs/PK_TLS_E3151F17.der
Signature verification succeeds
[TLS] Server time: 1619984408
[TLS] client_random  (32): B732951666F501FD2AE473D1C463653AD767D0D399821F029A431026AB42BB0D
[TLS] sign_hash (32): 09F3511DEA0AB71DCC4D01DAEE9E0DDF60A770EC397B120FBE0C0200FD631703
[TLS] Written transcript to proofs/MSG_TLS_B7329516.out, proofs/SIG_TLS_B7329516.out and proofs/PK_TLS_B7329516.der
Signature verification succeeds
[TLS] Server time: 1619984408
[TLS] client_random  (32): 1C216E199717F0B5F598711633906C3D38AA239292D722FBD8A05BF819E255EC
[TLS] sign_hash (32): 20DE8A63CD08BD102317F00CF4A17226BB0E6C79B8F5C2A4617E2617FB8D26D0
[TLS] Written transcript to proofs/MSG_TLS_1C216E19.out, proofs/SIG_TLS_1C216E19.out and proofs/PK_TLS_1C216E19.der
Signature verification succeeds
[TLS] Server time: 1619984409
[TLS] client_random  (32): 3EC172DFCCF909C9CEB8533DB1C0ACF54514FD39D0880E330E4BA29EE189FEF5
[TLS] sign_hash (32): 009EC6806FDC90B07F40874926500F171054CDB806ED9ADF6D3B195F2F04139A
[TLS] Written transcript to proofs/MSG_TLS_3EC172DF.out, proofs/SIG_TLS_3EC172DF.out and proofs/PK_TLS_3EC172DF.der
Signature verification succeeds
[TLS] Server time: 1619984409
[TLS] client_random  (32): E08427264BD599504910373C503E1EBAF2FC3B4CDD749DDC6AC388A67279CDD4
[TLS] sign_hash (32): 60409B6AEA0AD1BC94D36E70EA8C0A94BC8A9571FBDDBBE97B6A2CE8F13E9480
[TLS] Written transcript to proofs/MSG_TLS_E0842726.out, proofs/SIG_TLS_E0842726.out and proofs/PK_TLS_E0842726.der
Signature verification succeeds
[TLS] Server time: 1619984409
[TLS] client_random  (32): 29E9905FAC9862940414BEE17DE26D62EC182D290D0DCB65E552A7B16E604D89
[TLS] sign_hash (32): 0EE1A53663F4FFD09FE69304F9BED861150796BD92AD8984BAB660C7F58B2A79
[TLS] Written transcript to proofs/MSG_TLS_29E9905F.out, proofs/SIG_TLS_29E9905F.out and proofs/PK_TLS_29E9905F.der
Signature verification succeeds
[TLS] Server time: 1619984409
[TLS] client_random  (32): 1C5926085B599B05EE3541FED54D22ECF36150BCADA70A7A1E27BF640E427AF4
[TLS] sign_hash (32): 1092C88FD74BBBB4951F2D9A1BF81F2A88FC3069B3E7E860FFEB4375F92AA2D1
[TLS] Written transcript to proofs/MSG_TLS_1C592608.out, proofs/SIG_TLS_1C592608.out and proofs/PK_TLS_1C592608.der
Signature verification succeeds
[TLS] Server time: 1619984409
[TLS] client_random  (32): 177AD8509D0C65DFEF3EE2DB8952021729EB595E43311C2E0D0925EE704E81CB
[TLS] sign_hash (32): 255851ECA5AAB66E1E56CB7CFD0F3E0BF83A373559BE9EC97381EEC6F554F3FE
[TLS] Written transcript to proofs/MSG_TLS_177AD850.out, proofs/SIG_TLS_177AD850.out and proofs/PK_TLS_177AD850.der
Signature verification succeeds
[TLS] Server time: 1619984409
[TLS] client_random  (32): 5B0F63696BA7C0ED022141677318ACFD1F9D81F7687FA62060EA367A58E03DAA
[TLS] sign_hash (32): E1B34948797C30597796E62FC9F0C784C9DBA29433A2861F66B0D055A97AC9D1
[TLS] Written transcript to proofs/MSG_TLS_5B0F6369.out, proofs/SIG_TLS_5B0F6369.out and proofs/PK_TLS_5B0F6369.der
Signature verification succeeds
[TLS] Server time: 1619984409
[TLS] client_random  (32): AB438A3A21F18D6EC0B85386AA8B5FACBB8F19A840834F4730A3BD21A65A6531
[TLS] sign_hash (32): 4720BB4FB7A058A4C9ACF8748CEBF28D4BF6CFB0B334EF7881CEF3770401AD78
[TLS] Written transcript to proofs/MSG_TLS_AB438A3A.out, proofs/SIG_TLS_AB438A3A.out and proofs/PK_TLS_AB438A3A.der
Signature verification succeeds
[TLS] Server time: 1619984409
[TLS] client_random  (32): 9E4951009F0C5EA9665C181F0A96BE2F6310084FF1E889534ECFE405C91D8B34
[TLS] sign_hash (32): F9CD746870EAD03F770BF8EE54694A7A67E4AA530DD52636AA43642608826B33
[TLS] Written transcript to proofs/MSG_TLS_9E495100.out, proofs/SIG_TLS_9E495100.out and proofs/PK_TLS_9E495100.der
Signature verification succeeds
[TLS] Server time: 1619984409
[TLS] client_random  (32): BE6B9F2D6D78387A001441D3CEAD468E49145D067EA7F62AD3AE8952FBD5BD13
[TLS] sign_hash (32): 96A6DF720581F3258DD2771E3BEDA5ECAC702681625A1270BB0A4022688220CD
[TLS] Written transcript to proofs/MSG_TLS_BE6B9F2D.out, proofs/SIG_TLS_BE6B9F2D.out and proofs/PK_TLS_BE6B9F2D.der
Signature verification succeeds
[TLS] Server time: 1619984409
[TLS] client_random  (32): F1171D8EEB780BF161F7812E2CCA28491D570811CA191A538999831F9B82C64A
[TLS] sign_hash (32): F5775DAFE23B02818809CC9702034CE30D114BB877365DA7A79580A3D726BB0A
[TLS] Written transcript to proofs/MSG_TLS_F1171D8E.out, proofs/SIG_TLS_F1171D8E.out and proofs/PK_TLS_F1171D8E.der
Signature verification succeeds
[TLS] Server time: 1619984409
[TLS] client_random  (32): 093A125F24DD34997CF5AB829626EDAA5AF14EEDF531CEEE15936B40736A0DF8
[TLS] sign_hash (32): 765E76D0B8D9DD67527076B45550DBF370155956BCD6358C7C02BA1483E35BFE
[TLS] Written transcript to proofs/MSG_TLS_093A125F.out, proofs/SIG_TLS_093A125F.out and proofs/PK_TLS_093A125F.der
Signature verification succeeds
[TLS] Server time: 1619984409
[TLS] client_random  (32): 72CC298BB13DEA909B9BC722AE1F9561DA3B328E4B037029F4DFA0CDCEE01FAF
[TLS] sign_hash (32): AD6E029FCF91FA9CA1EE6E12DC28DFBC366EBD670E65DAF604CDB3B47DB3C6D2
[TLS] Written transcript to proofs/MSG_TLS_72CC298B.out, proofs/SIG_TLS_72CC298B.out and proofs/PK_TLS_72CC298B.der
Signature verification succeeds
[TLS] Server time: 1619984409
[TLS] client_random  (32): EF62534EF3550E4F32779FC49D2B1688B48942E7D9966B6B5AFC19CEA825ED4A
[TLS] sign_hash (32): 2B56656A9730D4DE952BD4132A78A6A9CEC4D01FF818E64B46BF1D2E3B6F7198
[TLS] Written transcript to proofs/MSG_TLS_EF62534E.out, proofs/SIG_TLS_EF62534E.out and proofs/PK_TLS_EF62534E.der
Signature verification succeeds
[TLS] Server time: 1619984409
[TLS] client_random  (32): 9AE7F447E99D1C24EA72813CC2CD19A24C64E497B7E2D6993404B771D3EC1948
[TLS] sign_hash (32): D2A70D68A76094F605824CD43E818C440061354C693800E8FF9CD3D072F5DAC5
[TLS] Written transcript to proofs/MSG_TLS_9AE7F447.out, proofs/SIG_TLS_9AE7F447.out and proofs/PK_TLS_9AE7F447.der
Signature verification succeeds
[TLS] Server time: 1619984409
[TLS] client_random  (32): 343FC3A4D80339D3F35495681E818A5851FF7490E6B1A23BF6F41554E77FC82E
[TLS] sign_hash (32): F5F72FF7C2D9A6015930AE84D7383F65DA8AE626A729CDE7D2A945EA41BBEF2E
[TLS] Written transcript to proofs/MSG_TLS_343FC3A4.out, proofs/SIG_TLS_343FC3A4.out and proofs/PK_TLS_343FC3A4.der
Signature verification succeeds
[TLS] Server time: 1619984409
[TLS] client_random  (32): DC29B7DA4F6B8BCC0BA1545083784A9ADAC03F1B5A4C3166027666744D4F0468
[TLS] sign_hash (32): 51A6497BCB4E54B1F14CA6FDBD2D90F640FA84AB375BF6B3A78B29B025DB9924
[TLS] Written transcript to proofs/MSG_TLS_DC29B7DA.out, proofs/SIG_TLS_DC29B7DA.out and proofs/PK_TLS_DC29B7DA.der
Signature verification succeeds
[TLS] Server time: 1619984409
[TLS] client_random  (32): 543D20F2C84520AA0486D88E4EBBE14DC9B6B74393248333EDC299307898D016
[TLS] sign_hash (32): 6B779B61E575452FD24EF0F20B39BD39A7E3BB51D38310E4190312B89AC79DE5
[TLS] Written transcript to proofs/MSG_TLS_543D20F2.out, proofs/SIG_TLS_543D20F2.out and proofs/PK_TLS_543D20F2.der
Signature verification succeeds
[TLS] Server time: 1619984409
[TLS] client_random  (32): 8C12F30372AC82E206A4421CE13FCC10C88F44A4354C1A5D96FCA2910D30984C
[TLS] sign_hash (32): BCA991E36FB60C32D4D25D3D215465FFAFAF38D635AFAD08BFCBC835240F8A66
[TLS] Written transcript to proofs/MSG_TLS_8C12F303.out, proofs/SIG_TLS_8C12F303.out and proofs/PK_TLS_8C12F303.der
Signature verification succeeds
[TLS] Server time: 1619984409
[TLS] client_random  (32): BE871A0C82D3602ECA47EA554848DEEC6D7182978474CEDCF709D154338EC5AF
[TLS] sign_hash (32): 94A730FE5AB107BE29915CAC643F53CE5D98BA34D371716AB402B260B4C3F617
[TLS] Written transcript to proofs/MSG_TLS_BE871A0C.out, proofs/SIG_TLS_BE871A0C.out and proofs/PK_TLS_BE871A0C.der
Signature verification succeeds
[TLS] Server time: 1619984409
[TLS] client_random  (32): 3DC39E33F5CB29C74CFBCB1D611AABECA2804E10B17603695D51FE361A091152
[TLS] sign_hash (32): BF754F52F8F664352A404B06EE56626783FF13A7F4E9E826D094AFE75B50C92D
[TLS] Written transcript to proofs/MSG_TLS_3DC39E33.out, proofs/SIG_TLS_3DC39E33.out and proofs/PK_TLS_3DC39E33.der
Signature verification succeeds
[TLS] Server time: 1619984409
[TLS] client_random  (32): 9175A809E7723A543C5FC087A9992C921199001A10522B3578760293CDAD888D
[TLS] sign_hash (32): 773A9815A4D7C3579D99FA8E76F3FED126280A640625CA09D086F35014FAC918
[TLS] Written transcript to proofs/MSG_TLS_9175A809.out, proofs/SIG_TLS_9175A809.out and proofs/PK_TLS_9175A809.der
Signature verification succeeds
[TLS] Server time: 1619984409
[TLS] client_random  (32): B237B35A38761EB2FEDD3104B4A06AE3705D26675ACB764148007EDC779CB04F
[TLS] sign_hash (32): C24EF22F9B787EE54511AF2F38CF59660DBC88AF2FAB34EAB230AE9DD740EFD6
[TLS] Written transcript to proofs/MSG_TLS_B237B35A.out, proofs/SIG_TLS_B237B35A.out and proofs/PK_TLS_B237B35A.der
Signature verification succeeds
[TLS] Server time: 1619984409
[TLS] client_random  (32): 09A2D14E18F65EF5AF42B5941163D180E80059B453F0140AF3C6060A4DC3FF8E
[TLS] sign_hash (32): 14125DCEBECF4A8763EEA885EDFAA5C78742D74DEA04DED37E1EC7B4E02D0AF2
[TLS] Written transcript to proofs/MSG_TLS_09A2D14E.out, proofs/SIG_TLS_09A2D14E.out and proofs/PK_TLS_09A2D14E.der
Signature verification succeeds
[TLS] Server time: 1619984409
[TLS] client_random  (32): ADE56F1101780C5C7789534683F1DA36E82DAD545ECAE149928C72AF2B4FD8D0
[TLS] sign_hash (32): 72B5BDAB46776529310467B6F810F10D72669287611BA8C8AF9A631921B4B912
[TLS] Written transcript to proofs/MSG_TLS_ADE56F11.out, proofs/SIG_TLS_ADE56F11.out and proofs/PK_TLS_ADE56F11.der
Signature verification succeeds
[TLS] Server time: 1619984409
[TLS] client_random  (32): A308671B8C4954CDC16B8CA7B33431C6082AB1269F8E2E26587270227E7A1B91
[TLS] sign_hash (32): AA6641541EAE912A88F7C9D1EDA575C7085555D49085845174B73BE55AD03E93
[TLS] Written transcript to proofs/MSG_TLS_A308671B.out, proofs/SIG_TLS_A308671B.out and proofs/PK_TLS_A308671B.der
Signature verification succeeds
[TLS] Server time: 1619984409
[TLS] client_random  (32): DA71015C6AF6549107E6280A2E21784B286A6FDB2AB28130315BAF7835929723
[TLS] sign_hash (32): 2E2D3A97F60977B4993385313D95B1AEC681387B071EADFEA77AA5F68F2EF146
[TLS] Written transcript to proofs/MSG_TLS_DA71015C.out, proofs/SIG_TLS_DA71015C.out and proofs/PK_TLS_DA71015C.der
Signature verification succeeds
[TLS] Server time: 1619984409
[TLS] client_random  (32): F975EDB80E73A2F9D60450EEDA8DFA93C205F847B2838EC4EAF4D0BF173E68EF
[TLS] sign_hash (32): 01798FF2188274CB3B03E133550FDB07E9FA0FCC9470CAAE57AB93B92FC23A67
[TLS] Written transcript to proofs/MSG_TLS_F975EDB8.out, proofs/SIG_TLS_F975EDB8.out and proofs/PK_TLS_F975EDB8.der
Signature verification succeeds
[TLS] Server time: 1619984409
[TLS] client_random  (32): ECE4A0FF567E861F371E6A170EAED59F5F08980A1CFE7774DB011B9C4E97C869
[TLS] sign_hash (32): 1FB42DF11A7B0F1C3F16B08342CC757DBE06A14F6C0E1C7E081F77EAEC08A927
[TLS] Written transcript to proofs/MSG_TLS_ECE4A0FF.out, proofs/SIG_TLS_ECE4A0FF.out and proofs/PK_TLS_ECE4A0FF.der
Signature verification succeeds
[TLS] Server time: 1619984410
[TLS] client_random  (32): 630D8907F33923CBCD09F9CFF01B50AE30B41F25712A342A534C94310F2710D9
[TLS] sign_hash (32): 65FBBB1BFA1FBBCD918C4B46A282E7C267F194FBAEE25F9A5CA64C9194C5552E
[TLS] Written transcript to proofs/MSG_TLS_630D8907.out, proofs/SIG_TLS_630D8907.out and proofs/PK_TLS_630D8907.der
Signature verification succeeds
[TLS] Server time: 1619984410
[TLS] client_random  (32): 501947A33DA52BDC3E2C8959713E36B43C68F45C42BE45AED3F75C9BF38EB03F
[TLS] sign_hash (32): E7E92E8471226BE8FF0E4FA6308A52F1EC183CA8590061E291BA84DD335E600E
[TLS] Written transcript to proofs/MSG_TLS_501947A3.out, proofs/SIG_TLS_501947A3.out and proofs/PK_TLS_501947A3.der
Signature verification succeeds
[TLS] Server time: 1619984410
[TLS] client_random  (32): FDBA0BE427911F62F0E39B7CBA9D988E944F86FA254489D22673A5787B258BB8
[TLS] sign_hash (32): E259CD534D567BA3AB368ECD03F2CAD01172AFC2D6C76CDEC5C2903608D3DAE8
[TLS] Written transcript to proofs/MSG_TLS_FDBA0BE4.out, proofs/SIG_TLS_FDBA0BE4.out and proofs/PK_TLS_FDBA0BE4.der
Signature verification succeeds
[TLS] Server time: 1619984410
[TLS] client_random  (32): 8F7803991783F42F620037BF8E663E40A7F1BC29580268053296686402BF1E4B
[TLS] sign_hash (32): CE399213DF468AA0DBF4462CC3C9D6F37916113F459047A6B66A48D5E0AC9FC7
[TLS] Written transcript to proofs/MSG_TLS_8F780399.out, proofs/SIG_TLS_8F780399.out and proofs/PK_TLS_8F780399.der
Signature verification succeeds
[TLS] Server time: 1619984410
[TLS] client_random  (32): 625985157C629401B7E15FC54889B052C9614448EA1E64625786C7DE904571B5
[TLS] sign_hash (32): ED9124FC23BB6A84FCAFEF1430B24D001D8878D2BEC1AC0B35A91E88F08897F4
[TLS] Written transcript to proofs/MSG_TLS_62598515.out, proofs/SIG_TLS_62598515.out and proofs/PK_TLS_62598515.der
Signature verification succeeds
[TLS] Server time: 1619984410
[TLS] client_random  (32): DA07D9AE09B6933B000CFFC85628DC7467D397A504803C401EF1B48DAC7F3F29
[TLS] sign_hash (32): 672FD967666ED9C1965CC5D83E4204E7AD4A8F1D2FD002F9B98820F14DB2A366
[TLS] Written transcript to proofs/MSG_TLS_DA07D9AE.out, proofs/SIG_TLS_DA07D9AE.out and proofs/PK_TLS_DA07D9AE.der
Signature verification succeeds
[TLS] Server time: 1619984410
[TLS] client_random  (32): B344231E7B1589D48F1304AF978EDBBC7B65841DE8C2784FFECFF637AB7DD178
[TLS] sign_hash (32): 78D3632F3EA3041627961D776B9914F74A5C69C99629EBC78828C1F6D21F8277
[TLS] Written transcript to proofs/MSG_TLS_B344231E.out, proofs/SIG_TLS_B344231E.out and proofs/PK_TLS_B344231E.der
Signature verification succeeds
[TLS] Server time: 1619984410
[TLS] client_random  (32): 93AF08455F9DAE9A2B0293956206641B12CB5CA5D7D4D6F133A65BC43BF0CB41
[TLS] sign_hash (32): 531E1E3ED5E226FB69032DE91F5E78B3E6B2FBD336C4FCCBDA1F041272F78C98
[TLS] Written transcript to proofs/MSG_TLS_93AF0845.out, proofs/SIG_TLS_93AF0845.out and proofs/PK_TLS_93AF0845.der
Signature verification succeeds
[TLS] Server time: 1619984410
[TLS] client_random  (32): E2D0129EF1BB3D41F9D0783EB6364B42660FE799FA1C062B0C029C7A35FC6376
[TLS] sign_hash (32): 6B79D10911A12B0344596339F0C1EA5F1DE3266A3FDD7C7305031CD6C7640EF1
[TLS] Written transcript to proofs/MSG_TLS_E2D0129E.out, proofs/SIG_TLS_E2D0129E.out and proofs/PK_TLS_E2D0129E.der
Signature verification succeeds
[TLS] Server time: 1619984410
[TLS] client_random  (32): 39491591BF594E65B3B0C0F9648BDA14D255E91B277A4C9DDEBA5CB80BF3C047
[TLS] sign_hash (32): 32C5BBA358868EC2B79D214005FAC5249D2AD447943793DC4D8E475D0D59BDEA
[TLS] Written transcript to proofs/MSG_TLS_39491591.out, proofs/SIG_TLS_39491591.out and proofs/PK_TLS_39491591.der
Signature verification succeeds
Time breakdown (averages): anchor_ping:69.917454 file_read:0.153393 hashing:0.471022
Total time for 113 rounds is 8041.158353ms
Standard deviations: anchor_ping:240.602999 file_read:0.015505 hashing:0.005488
[Client-side ops] mean:0.624415 sd:0.017527
in & out anchor rand written to proofs/phase1.out
     26 [TLS] Server time: 1619984402
      1 [TLS] Server time: 1619984403
      1 [TLS] Server time: 1619984405
      2 [TLS] Server time: 1619984406
     16 [TLS] Server time: 1619984407
     30 [TLS] Server time: 1619984408
     28 [TLS] Server time: 1619984409
     10 [TLS] Server time: 1619984410
Count is 26
Count is 1
Count is 1
Count is 2
Count is 16
Count is 30
Count is 28
Count is 10
success: 0
Sleeping before retrying
CONF: anchor:gold.ac.uk fs:1024MB n_rounds:113 seed:5c9f4bf9bbc15bb855f82faedc5a52fc3ab2dfa8ec3ba3ce1b270f31fa0cced2 filename:FILE bs:1024 nops:100 benchmarking:0 anchor_ping:1 queue_depth:32 direct:0
[TLS] Connecting to gold.ac.uk
[TLS] Server time: 1619984413
[TLS] client_random  (32): 5C9F4BF9BBC15BB855F82FAEDC5A52FC3AB2DFA8EC3BA3CE1B270F31FA0CCED2
[TLS] sign_hash (32): 996DE101F09E172AFFF2FB1DF41C60BF91E4D9434624D1EF25B61F73F8AF4DF4
[TLS] Written transcript to proofs/MSG_TLS_5C9F4BF9.out, proofs/SIG_TLS_5C9F4BF9.out and proofs/PK_TLS_5C9F4BF9.der
Signature verification succeeds
[TLS] Server time: 1619984413
[TLS] client_random  (32): 988012E5B1C8EF21DF1418839656E4CB5D02E3C5662DBE00A0B851766B22DF82
[TLS] sign_hash (32): 2AFBF6E41D666844EB6D83874E62E40A182030B87C04FF210A9A60D0ABC60F0A
[TLS] Written transcript to proofs/MSG_TLS_988012E5.out, proofs/SIG_TLS_988012E5.out and proofs/PK_TLS_988012E5.der
Signature verification succeeds
[TLS] Server time: 1619984413
[TLS] client_random  (32): E2F0E243686027B0150FDFAE6DDA82DBD0F42652B8455483A8F35589C0C4055E
[TLS] sign_hash (32): 98C4BC398D8F8321A08C9D1BF84B020FE98233B05CAF930681F717B5E2778DE4
[TLS] Written transcript to proofs/MSG_TLS_E2F0E243.out, proofs/SIG_TLS_E2F0E243.out and proofs/PK_TLS_E2F0E243.der
Signature verification succeeds
[TLS] Server time: 1619984413
[TLS] client_random  (32): D0E55BD0F760C4B178F557A2B646D42BA72B8B1B82F8691BF91B01D2768C3FC9
[TLS] sign_hash (32): 22839E8DD4E40B56C13AEEEC31FC2E7D5E783C82F67B1D92E5B8EAF06662FFED
[TLS] Written transcript to proofs/MSG_TLS_D0E55BD0.out, proofs/SIG_TLS_D0E55BD0.out and proofs/PK_TLS_D0E55BD0.der
Signature verification succeeds
[TLS] Server time: 1619984413
[TLS] client_random  (32): 738FFE0D194A4598FB4ACF480B698D2E929B42D930DFCD9D7EF88138959EB7F8
[TLS] sign_hash (32): 4D7BF32D50D4CDFE8312CB03725A20EEB165EF6B4791A36863AE4F3A5931AEE8
[TLS] Written transcript to proofs/MSG_TLS_738FFE0D.out, proofs/SIG_TLS_738FFE0D.out and proofs/PK_TLS_738FFE0D.der
Signature verification succeeds
[TLS] Server time: 1619984413
[TLS] client_random  (32): 6C643473D988F371673D4E096C597E7EE79A62F94F72719F4ACAC6734385E133
[TLS] sign_hash (32): 861642A899AC9456E6DADF065325D6B39ACBEC913E66C91AB0EE4B367143E977
[TLS] Written transcript to proofs/MSG_TLS_6C643473.out, proofs/SIG_TLS_6C643473.out and proofs/PK_TLS_6C643473.der
Signature verification succeeds
[TLS] Server time: 1619984413
[TLS] client_random  (32): AAC5ABB24C52D2DC0A0F81D23396EDD98F39D78FB2D7154A7B4D1223F9D001E0
[TLS] sign_hash (32): 8B5320EAF44027A4FF65D624E6946F55FF192B82A2509C53E96FA8EDF64035D0
[TLS] Written transcript to proofs/MSG_TLS_AAC5ABB2.out, proofs/SIG_TLS_AAC5ABB2.out and proofs/PK_TLS_AAC5ABB2.der
Signature verification succeeds
[TLS] Server time: 1619984413
[TLS] client_random  (32): 8D3EAEC4F257451EED2FBC62BB34D83BF91C27C450AB1AEB882BC1A5DA93D876
[TLS] sign_hash (32): F94D80FB35B1F8D8837BD97AE45A9153E409C3757044163E63C5DA8FB83D5E34
[TLS] Written transcript to proofs/MSG_TLS_8D3EAEC4.out, proofs/SIG_TLS_8D3EAEC4.out and proofs/PK_TLS_8D3EAEC4.der
Signature verification succeeds
[TLS] Server time: 1619984413
[TLS] client_random  (32): 4B94B0871D8F1BC7B1EA8148052BC6DB0BFAAB13CDD91FCC44D27D7DFEB1D5A9
[TLS] sign_hash (32): 9A7E74013612C9C075BDE8E81CEB9CE79FFAE569976B410BCE3D4537850B25ED
[TLS] Written transcript to proofs/MSG_TLS_4B94B087.out, proofs/SIG_TLS_4B94B087.out and proofs/PK_TLS_4B94B087.der
Signature verification succeeds
[TLS] Server time: 1619984413
[TLS] client_random  (32): 4326A338F30E85E26AF75EF4754966C0D6E0CECA7177EF5096AED0403DAC83E6
[TLS] sign_hash (32): 836AF4CB01628E278BF6CCBC896255D895536F123D6E2FA6A1FF3F4AFCBB71C9
[TLS] Written transcript to proofs/MSG_TLS_4326A338.out, proofs/SIG_TLS_4326A338.out and proofs/PK_TLS_4326A338.der
Signature verification succeeds
[TLS] Server time: 1619984413
[TLS] client_random  (32): A49A81B1BF7EBD9732427710FE297C6AF4420217F7A21CBF355FF2DB5AD13817
[TLS] sign_hash (32): 511AC7C78B072F3A54D10A226BD83AD3A7E610FFD1B4C2E6D5EED63BFFC9877D
[TLS] Written transcript to proofs/MSG_TLS_A49A81B1.out, proofs/SIG_TLS_A49A81B1.out and proofs/PK_TLS_A49A81B1.der
Signature verification succeeds
[TLS] Server time: 1619984413
[TLS] client_random  (32): 68C99853B3843C72AE8644805FC96B22A29DB76A9575CFBAF641BFF27C82EF2D
[TLS] sign_hash (32): E4999A90201D9FF0360D9C8304693468D0C5D03E9327D8D9EE3200C0916E8635
[TLS] Written transcript to proofs/MSG_TLS_68C99853.out, proofs/SIG_TLS_68C99853.out and proofs/PK_TLS_68C99853.der
Signature verification succeeds
[TLS] Server time: 1619984413
[TLS] client_random  (32): BB4EE134B326053D8C0980DD9406D2B229A26FE9015C1C43B76F937A7F70AE83
[TLS] sign_hash (32): 54D14BBF999F220E873213BF5D23538F679E3FF42B3A875AEB1C4BE1A0DEB47D
[TLS] Written transcript to proofs/MSG_TLS_BB4EE134.out, proofs/SIG_TLS_BB4EE134.out and proofs/PK_TLS_BB4EE134.der
Signature verification succeeds
[TLS] Server time: 1619984413
[TLS] client_random  (32): 30CD15FFC443DB1A8019552C25D93BDB630A7D78753EF5A3E4CE219CEF26AAC1
[TLS] sign_hash (32): F5BCA3C3E9A88E45B65C961FD2785CB0011F21C5D46A31ED5AE0A811A37E4CB8
[TLS] Written transcript to proofs/MSG_TLS_30CD15FF.out, proofs/SIG_TLS_30CD15FF.out and proofs/PK_TLS_30CD15FF.der
Signature verification succeeds
[TLS] Server time: 1619984413
[TLS] client_random  (32): B75C20C67758BF0C73CB7312D35D3809CB15912D0ABB5A67A395D09850D01BF6
[TLS] sign_hash (32): A93E8803D456F604E748B1FF751BC5BB6DC1A9E6613E5D432CF2118801686CF5
[TLS] Written transcript to proofs/MSG_TLS_B75C20C6.out, proofs/SIG_TLS_B75C20C6.out and proofs/PK_TLS_B75C20C6.der
Signature verification succeeds
[TLS] Server time: 1619984413
[TLS] client_random  (32): A84586BE942A68F8E106EF4980DFBABAB43803D8C3C310358B0081BAA11B4573
[TLS] sign_hash (32): 08B560ACF58199436017FE563B43605D154A33BF8E0FAA5408495F596774E966
[TLS] Written transcript to proofs/MSG_TLS_A84586BE.out, proofs/SIG_TLS_A84586BE.out and proofs/PK_TLS_A84586BE.der
Signature verification succeeds
[TLS] Server time: 1619984413
[TLS] client_random  (32): 0BB2CE35774F50272A8AF2247D6A945A420AB07B35917CB3D6AC195E9C8310E7
[TLS] sign_hash (32): 7CDF58840D4A335C842509A1CF1B898CB9787974492F0DC20C50F0AA807E9562
[TLS] Written transcript to proofs/MSG_TLS_0BB2CE35.out, proofs/SIG_TLS_0BB2CE35.out and proofs/PK_TLS_0BB2CE35.der
Signature verification succeeds
[TLS] Server time: 1619984413
[TLS] client_random  (32): 2993BD5546D3AD0DDE8D28B0B3C3CF2D5E1A887A9EE96CC9C838B54B3960A59F
[TLS] sign_hash (32): 6215E5B716DE28D79830AE355F3323B09656B7CC198B523FE767DD3179AE3196
[TLS] Written transcript to proofs/MSG_TLS_2993BD55.out, proofs/SIG_TLS_2993BD55.out and proofs/PK_TLS_2993BD55.der
Signature verification succeeds
[TLS] Server time: 1619984413
[TLS] client_random  (32): 13754ED5859F1C195BDEE75568C7A4567123433220167C70AF6A137B79D20890
[TLS] sign_hash (32): C304DFD3E557B0F21CC5BB6136CB11492937F56A95687949B9EE9B09CC293577
[TLS] Written transcript to proofs/MSG_TLS_13754ED5.out, proofs/SIG_TLS_13754ED5.out and proofs/PK_TLS_13754ED5.der
Signature verification succeeds
[TLS] Server time: 1619984413
[TLS] client_random  (32): F1B50FECBE86CED0DECF642F16E85B9C39643094390BA81506E35708EC22340C
[TLS] sign_hash (32): 5F643877DE0173EF9E2A07258E1161CD9513CA4E231E9FDA8AB4957B333ADFE7
[TLS] Written transcript to proofs/MSG_TLS_F1B50FEC.out, proofs/SIG_TLS_F1B50FEC.out and proofs/PK_TLS_F1B50FEC.der
Signature verification succeeds
[TLS] Server time: 1619984413
[TLS] client_random  (32): 87240E7F8B0B7F18DEDB76A1E552FD48EAAA9E3C8EDF5C351F447ADB880F3151
[TLS] sign_hash (32): E2A85377A55A05E2BC1FB6AC6D1D7F8A5E0348680FD9D84FE204DBEFC7FB39FB
[TLS] Written transcript to proofs/MSG_TLS_87240E7F.out, proofs/SIG_TLS_87240E7F.out and proofs/PK_TLS_87240E7F.der
Signature verification succeeds
[TLS] Server time: 1619984413
[TLS] client_random  (32): 0B541452B71317B8153C496385162E7418C6254123B8278E83BAE99231E4A79F
[TLS] sign_hash (32): 71F8D16E1E1D532B399D1F27D279D300DAE52F7B26718C67E84D625A785B0851
[TLS] Written transcript to proofs/MSG_TLS_0B541452.out, proofs/SIG_TLS_0B541452.out and proofs/PK_TLS_0B541452.der
Signature verification succeeds
[TLS] Server time: 1619984413
[TLS] client_random  (32): 11F66A36859367E8C2B7D946C45B00B1F43536DB6FEE4B96A086C533713C19ED
[TLS] sign_hash (32): 028138EC9260DCA0FCBF399D738775099F465705EA18358091CEA8BA77B94003
[TLS] Written transcript to proofs/MSG_TLS_11F66A36.out, proofs/SIG_TLS_11F66A36.out and proofs/PK_TLS_11F66A36.der
Signature verification succeeds
[TLS] Server time: 1619984413
[TLS] client_random  (32): D33EDDABB46299D5E298E479FD8F177EB7D18AA22765DE2244FDAC6C3482BA04
[TLS] sign_hash (32): 62CF512DFCE8D6DE86581680085572D1215CE56C09EFDFB67846FDCE916A5B9F
[TLS] Written transcript to proofs/MSG_TLS_D33EDDAB.out, proofs/SIG_TLS_D33EDDAB.out and proofs/PK_TLS_D33EDDAB.der
Signature verification succeeds
[TLS] Server time: 1619984413
[TLS] client_random  (32): EDA98877F27183DAA2DD21C37729BDCE21E63B6A27EBAF62F21C3F0CDDD4915B
[TLS] sign_hash (32): 32897D7D7221B8A98CA3047D16517D71EB8A7D00ED705F2F55827BE9052CD09A
[TLS] Written transcript to proofs/MSG_TLS_EDA98877.out, proofs/SIG_TLS_EDA98877.out and proofs/PK_TLS_EDA98877.der
Signature verification succeeds
[TLS] Server time: 1619984413
[TLS] client_random  (32): 8074FDAC008A128C812800F380B12EB5C072D7FF7970113C87E286D2CBB372D5
[TLS] sign_hash (32): 9858C2BCC3A9B54AB74D63C949C41763674EBFC5C868459D112790CE02856AB9
[TLS] Written transcript to proofs/MSG_TLS_8074FDAC.out, proofs/SIG_TLS_8074FDAC.out and proofs/PK_TLS_8074FDAC.der
Signature verification succeeds
[TLS] Server time: 1619984413
[TLS] client_random  (32): B21FCC17ED49D44E3D26012A1064FAFD0E618BD532E1CA5EB5600FC74E933CA3
[TLS] sign_hash (32): 3C2F2987B1EFD10A1CD12F730817C5AE90EF0BD7906DE0F6000B1732C19CC292
[TLS] Written transcript to proofs/MSG_TLS_B21FCC17.out, proofs/SIG_TLS_B21FCC17.out and proofs/PK_TLS_B21FCC17.der
Signature verification succeeds
[TLS] Server time: 1619984413
[TLS] client_random  (32): 6B220EADC31965D3C04551158607E3B021727FBE9904D455566D315FA3588685
[TLS] sign_hash (32): 840582EE89BFD4379A6F961AB44FDF81BBF18DE96C0209C8700CAE1C79F08B36
[TLS] Written transcript to proofs/MSG_TLS_6B220EAD.out, proofs/SIG_TLS_6B220EAD.out and proofs/PK_TLS_6B220EAD.der
Signature verification succeeds
[TLS] Server time: 1619984413
[TLS] client_random  (32): BAF345AA6117F63FA1903B3D2AE048C76A0000CB12DDD708B472A51579E047B5
[TLS] sign_hash (32): 90E78F0A53E04529BC9256624BA3B6D4F627BCE5DAB81E9D60D0C7EB5F52CDCD
[TLS] Written transcript to proofs/MSG_TLS_BAF345AA.out, proofs/SIG_TLS_BAF345AA.out and proofs/PK_TLS_BAF345AA.der
Signature verification succeeds
[TLS] Server time: 1619984413
[TLS] client_random  (32): E637F4A39588BEFB66576A145C55574729311E2402F11BB372CB7EE95221CD59
[TLS] sign_hash (32): 7C2975D9C1B6DE4113B803CE7C2CF934D9F7D706550E7277AC72F8A56140B926
[TLS] Written transcript to proofs/MSG_TLS_E637F4A3.out, proofs/SIG_TLS_E637F4A3.out and proofs/PK_TLS_E637F4A3.der
Signature verification succeeds
[TLS] Server time: 1619984413
[TLS] client_random  (32): 60B9DBE35BEE411FD918A1577685FF6B22F7233DFC89B2A7E087DF98A3423E5C
[TLS] sign_hash (32): 28601E2CACE104B87256D72516B13C6217FB178C4A33C1C7606B45624823EDCE
[TLS] Written transcript to proofs/MSG_TLS_60B9DBE3.out, proofs/SIG_TLS_60B9DBE3.out and proofs/PK_TLS_60B9DBE3.der
Signature verification succeeds
[TLS] Server time: 1619984413
[TLS] client_random  (32): 8A75C428951DD1DEF493488A50FD39B1CE69A842B9035A93F4F2C1F423837E71
[TLS] sign_hash (32): AA9A5B99B2B32F6916076883674899ADC3F4FDE2E8C79D981F6CAB3AF97A9DC3
[TLS] Written transcript to proofs/MSG_TLS_8A75C428.out, proofs/SIG_TLS_8A75C428.out and proofs/PK_TLS_8A75C428.der
Signature verification succeeds
[TLS] Server time: 1619984413
[TLS] client_random  (32): 97D3A0C9E3B3F141B828792058F8805881B98AA394D8D9FC8D533F066A99C37D
[TLS] sign_hash (32): F759B950CF0C1A7A94BF5CB3E1C8822ED5DDA855957534B499BABDA5CFF910C6
[TLS] Written transcript to proofs/MSG_TLS_97D3A0C9.out, proofs/SIG_TLS_97D3A0C9.out and proofs/PK_TLS_97D3A0C9.der
Signature verification succeeds
[TLS] Server time: 1619984413
[TLS] client_random  (32): BC5E50151B09C371563AE983042FEEA54D8EB6F8F35BB9A8FE1D6E48386054FA
[TLS] sign_hash (32): 0C12268B5D6E34AD36B4A03CE78EBD2602FFEE145B6DA2EA7FA7D4A3438708D8
[TLS] Written transcript to proofs/MSG_TLS_BC5E5015.out, proofs/SIG_TLS_BC5E5015.out and proofs/PK_TLS_BC5E5015.der
Signature verification succeeds
[TLS] Server time: 1619984413
[TLS] client_random  (32): 220A3795B22C72000A3FBADC10169BA59FA046FDDB93EE6B1CF5BDF78E6D6C6E
[TLS] sign_hash (32): 8617493E3B4997505A9139813B4F1ED845C10D3848221455DBEBC3FCA52024F5
[TLS] Written transcript to proofs/MSG_TLS_220A3795.out, proofs/SIG_TLS_220A3795.out and proofs/PK_TLS_220A3795.der
Signature verification succeeds
[TLS] Server time: 1619984413
[TLS] client_random  (32): CC062DB00CF1375A42C366D75EDF31FBB4F9C60FB00107B11B97BD1CA3DB966D
[TLS] sign_hash (32): 65BADBB1E3B025B101F844B3A2C9F63C2F87DCB20A68EEA6DE15717B6A183941
[TLS] Written transcript to proofs/MSG_TLS_CC062DB0.out, proofs/SIG_TLS_CC062DB0.out and proofs/PK_TLS_CC062DB0.der
Signature verification succeeds
[TLS] Server time: 1619984413
[TLS] client_random  (32): 0DA220B769BF90EF2177CCD13AF9CF512EBC6A68C0C82E6AFE9A325B2DECA3EE
[TLS] sign_hash (32): C7ACB9DA07BE3E711C8A6D8EA277BE85C4CE5F0B79383928CAC12F8B5A87C176
[TLS] Written transcript to proofs/MSG_TLS_0DA220B7.out, proofs/SIG_TLS_0DA220B7.out and proofs/PK_TLS_0DA220B7.der
Signature verification succeeds
[TLS] Server time: 1619984413
[TLS] client_random  (32): 08EA0860144CB2366E75286483D96BE5BE6BDD78013AD91AB765E95142445807
[TLS] sign_hash (32): 8E769DEDD6FC3C15723869ECFDAF072ED5F0D02B645A4A9B536A25AE6807C01B
[TLS] Written transcript to proofs/MSG_TLS_08EA0860.out, proofs/SIG_TLS_08EA0860.out and proofs/PK_TLS_08EA0860.der
Signature verification succeeds
[TLS] Server time: 1619984413
[TLS] client_random  (32): 5EE400D3FE82BEAF912A1BFF44BA59C247F42D1C50D778EC56C624021B36A724
[TLS] sign_hash (32): AD933432ECFCDB3376A4F0ADE8CE79FA800D55F3E7353F1C10E54397F9CA4B80
[TLS] Written transcript to proofs/MSG_TLS_5EE400D3.out, proofs/SIG_TLS_5EE400D3.out and proofs/PK_TLS_5EE400D3.der
Signature verification succeeds
[TLS] Server time: 1619984413
[TLS] client_random  (32): DB16CC0E7F769712DF4E53426AECD1533BA87D0BE3B4171EA84BEE99D148CC56
[TLS] sign_hash (32): 0A29CBE3FCC6C2790FE49993F51CF585B3E86778B5DBC769D9822A5077AABC61
[TLS] Written transcript to proofs/MSG_TLS_DB16CC0E.out, proofs/SIG_TLS_DB16CC0E.out and proofs/PK_TLS_DB16CC0E.der
Signature verification succeeds
[TLS] Server time: 1619984414
[TLS] client_random  (32): A51A0EBF0503A18BDEE79401A47F64D89C34E13238A1BE4B933A0954C8346431
[TLS] sign_hash (32): DF6AF43A05FBD4EA7076A7C0836C8E1C05CE0710841F3504412A41EEC534D3C4
[TLS] Written transcript to proofs/MSG_TLS_A51A0EBF.out, proofs/SIG_TLS_A51A0EBF.out and proofs/PK_TLS_A51A0EBF.der
Signature verification succeeds
[TLS] Server time: 1619984414
[TLS] client_random  (32): 29EC967850ED465B35433234F419339FD2CC08D4F31EEB3D9506D392127EBBC3
[TLS] sign_hash (32): 1BE7075D9D39163EB4DB501031DB879D0C862537AC7D335D496CF00770E4070C
[TLS] Written transcript to proofs/MSG_TLS_29EC9678.out, proofs/SIG_TLS_29EC9678.out and proofs/PK_TLS_29EC9678.der
Signature verification succeeds
[TLS] Server time: 1619984414
[TLS] client_random  (32): AAA18063A4F11E8CE89DCBBCB96519777E0635C662825EA0773A385CB3B017A0
[TLS] sign_hash (32): 466A41E2D0431E2DC8F2C7D891148D9BD761F45B5A78F3BEE69772DA3F79E9F5
[TLS] Written transcript to proofs/MSG_TLS_AAA18063.out, proofs/SIG_TLS_AAA18063.out and proofs/PK_TLS_AAA18063.der
Signature verification succeeds
[TLS] Server time: 1619984414
[TLS] client_random  (32): 5E5FDBF30E7B9C7A4D668B25C4B6C661AB9F8AC7ABE61E2C30D984050C3020DA
[TLS] sign_hash (32): 88ADAF2B8C5E19F9349EF91B514E8AF4662711BD8E1DDA4BA592A3E4791ECE2A
[TLS] Written transcript to proofs/MSG_TLS_5E5FDBF3.out, proofs/SIG_TLS_5E5FDBF3.out and proofs/PK_TLS_5E5FDBF3.der
Signature verification succeeds
[TLS] Server time: 1619984414
[TLS] client_random  (32): 3FFF1D874676B737A63961F87D14F392A41CFBCD6072222E49A57952BFD81A31
[TLS] sign_hash (32): 50D651F007F0435BAC6D3DB8014062133D8DF04AEAB6577AB8479F381782AE21
[TLS] Written transcript to proofs/MSG_TLS_3FFF1D87.out, proofs/SIG_TLS_3FFF1D87.out and proofs/PK_TLS_3FFF1D87.der
Signature verification succeeds
[TLS] Server time: 1619984414
[TLS] client_random  (32): 50A436989EE72F87F137EAF3B75C738FBC9576C220A70EBAC6292128E67A464D
[TLS] sign_hash (32): 96CDA2445934EB93E1C2AE9C504EC7A3446BDAA3A6E16F90688FA8C675C64843
[TLS] Written transcript to proofs/MSG_TLS_50A43698.out, proofs/SIG_TLS_50A43698.out and proofs/PK_TLS_50A43698.der
Signature verification succeeds
[TLS] Server time: 1619984414
[TLS] client_random  (32): 28F5CA19E8B0475E2EF4A4FC3E7CED36B5D57B6EE836F4C20992A51219FFCBD6
[TLS] sign_hash (32): DCE2D556B30DC08A3E77A9C1AB810ABAD1ADFF69AD089CD739B252D47FCF9C72
[TLS] Written transcript to proofs/MSG_TLS_28F5CA19.out, proofs/SIG_TLS_28F5CA19.out and proofs/PK_TLS_28F5CA19.der
Signature verification succeeds
[TLS] Server time: 1619984414
[TLS] client_random  (32): 0316642A70536950E775045B80E28225C82984B280509F2DAED3D961EEBDFC3F
[TLS] sign_hash (32): 6A9A24B2CD5AAA17D97E505EEE43B34928F11FF0C8C76422DD3EC951D2CD4836
[TLS] Written transcript to proofs/MSG_TLS_0316642A.out, proofs/SIG_TLS_0316642A.out and proofs/PK_TLS_0316642A.der
Signature verification succeeds
[TLS] Server time: 1619984414
[TLS] client_random  (32): 82412604A9979EBFFF817FA0E3CD2C45FD3905ED5A0A039CB6A3711424B195D1
[TLS] sign_hash (32): D54CB6EE8F209142C48062CEAF27E3913B71F941E6F0D402746A8A7ADA0664D7
[TLS] Written transcript to proofs/MSG_TLS_82412604.out, proofs/SIG_TLS_82412604.out and proofs/PK_TLS_82412604.der
Signature verification succeeds
[TLS] Server time: 1619984414
[TLS] client_random  (32): F9B10E12DA95E5FE4D32D8BABAA6583E9B12A8438B8FDF203C0A0442E72DF119
[TLS] sign_hash (32): A8FE449775C3BBBFE51149605943E18775567A1C9892DAC44A83A970A61DAF1B
[TLS] Written transcript to proofs/MSG_TLS_F9B10E12.out, proofs/SIG_TLS_F9B10E12.out and proofs/PK_TLS_F9B10E12.der
Signature verification succeeds
[TLS] Server time: 1619984414
[TLS] client_random  (32): 87246BF970B4E34D8BE51C2AFCC9FB2D8247CB57C9B03DF8D4937FB69941AC97
[TLS] sign_hash (32): 32AE3EE86CAD83F0DA0B86F4DDEA53C29F5FD88245D787079DD4B35E73BD652E
[TLS] Written transcript to proofs/MSG_TLS_87246BF9.out, proofs/SIG_TLS_87246BF9.out and proofs/PK_TLS_87246BF9.der
Signature verification succeeds
[TLS] Server time: 1619984414
[TLS] client_random  (32): 6F68E6A7E5A563D0E03600001ECB380E4C911B963F7CB3A6C57B0B71F0CAA131
[TLS] sign_hash (32): 4B0F38AB4EAE59901A6214B989D6A67FDBBD59B402EFB98BDCE2662165750E76
[TLS] Written transcript to proofs/MSG_TLS_6F68E6A7.out, proofs/SIG_TLS_6F68E6A7.out and proofs/PK_TLS_6F68E6A7.der
Signature verification succeeds
[TLS] Server time: 1619984414
[TLS] client_random  (32): 9669CBB31D0017A7C71EB3AC7DF42D03E38A0D3C7F31DAB3EBC19FA1958300DA
[TLS] sign_hash (32): FCA09AD352D6AB6EAEE6E5053F0F92DC19182681BC25234E3231E68CFCC11B12
[TLS] Written transcript to proofs/MSG_TLS_9669CBB3.out, proofs/SIG_TLS_9669CBB3.out and proofs/PK_TLS_9669CBB3.der
Signature verification succeeds
[TLS] Server time: 1619984414
[TLS] client_random  (32): DB698FFA4C945DABCBF096FA9CAC8BAA0A3FFF27EFC352CE638428DB2E73E850
[TLS] sign_hash (32): 30F64DDCC74E828718F7AB605DAD8D1B848345FEA3E61DA4982086921127A808
[TLS] Written transcript to proofs/MSG_TLS_DB698FFA.out, proofs/SIG_TLS_DB698FFA.out and proofs/PK_TLS_DB698FFA.der
Signature verification succeeds
[TLS] Server time: 1619984414
[TLS] client_random  (32): 06967A6C8C61C1C6C5ADE2AEA935B0CC13D003886871DE1F64302CC20C17A359
[TLS] sign_hash (32): BBDFD0D29E65E83C9B7C3D3DAEE3D4B1F94DED34A740B765CD21B56F667FA04A
[TLS] Written transcript to proofs/MSG_TLS_06967A6C.out, proofs/SIG_TLS_06967A6C.out and proofs/PK_TLS_06967A6C.der
Signature verification succeeds
[TLS] Server time: 1619984414
[TLS] client_random  (32): E4E26357423EBEAA65C5D25D87CD431437727B247175CCCE69FC044A7FBC7ACE
[TLS] sign_hash (32): 016D884B355C9B631FCB3DC1EA0A39AEC4136D2BE44AD9B27D7F0AC3A3E3A896
[TLS] Written transcript to proofs/MSG_TLS_E4E26357.out, proofs/SIG_TLS_E4E26357.out and proofs/PK_TLS_E4E26357.der
Signature verification succeeds
[TLS] Server time: 1619984414
[TLS] client_random  (32): 9855E7704B05F2BB7C065E73619F2D54C474F53FE2AB32F2D6A96C8469183E86
[TLS] sign_hash (32): 8244DD9D909A7AAB1841F70D00FE8CE048169F51BCC359B5D4A332DDB26BD6E9
[TLS] Written transcript to proofs/MSG_TLS_9855E770.out, proofs/SIG_TLS_9855E770.out and proofs/PK_TLS_9855E770.der
Signature verification succeeds
[TLS] Server time: 1619984414
[TLS] client_random  (32): A48165F93D9F0D4B9C7E933C085BCD313860E0E462178AA4D4030452197D8D22
[TLS] sign_hash (32): E41FC84120E96A1E51273881922DB0F36B20CA8AD3EB6B058DBE88E0700B96C6
[TLS] Written transcript to proofs/MSG_TLS_A48165F9.out, proofs/SIG_TLS_A48165F9.out and proofs/PK_TLS_A48165F9.der
Signature verification succeeds
[TLS] Server time: 1619984414
[TLS] client_random  (32): 94D42F85B12015772B71B4DCFBAF5D4BE34AFE488020DCEAA2F652DF3F51921A
[TLS] sign_hash (32): 54F0CA435FAB1ABF98FC554F9A6F418268AE811A240C9D3314F4CA627888B07D
[TLS] Written transcript to proofs/MSG_TLS_94D42F85.out, proofs/SIG_TLS_94D42F85.out and proofs/PK_TLS_94D42F85.der
Signature verification succeeds
[TLS] Server time: 1619984414
[TLS] client_random  (32): 7B816B0B63A5DB78DEA940A7CAD37BE9484F47F3B3D127D816DCE859C8B5C4BD
[TLS] sign_hash (32): 2E69DEE4DD2D73A479E70BD6E6320F9466A6E50EFE1D0F76F2AD9F14220062CF
[TLS] Written transcript to proofs/MSG_TLS_7B816B0B.out, proofs/SIG_TLS_7B816B0B.out and proofs/PK_TLS_7B816B0B.der
Signature verification succeeds
[TLS] Server time: 1619984414
[TLS] client_random  (32): A06122B7F0994F8BE327260D36240FF7DBA6FAE0B9E6C8234344E2E671D90C8D
[TLS] sign_hash (32): 548F85C8F992298BD9A8BAFBC3DCC893C69B8757663728757ED8F2B532FFB0E4
[TLS] Written transcript to proofs/MSG_TLS_A06122B7.out, proofs/SIG_TLS_A06122B7.out and proofs/PK_TLS_A06122B7.der
Signature verification succeeds
[TLS] Server time: 1619984414
[TLS] client_random  (32): 757057A1E7046FEC7F5A4128C3EA31398F4E1D6142A40422B0049C25F6195C87
[TLS] sign_hash (32): 8D4AC97DF106C1F0BCAD93351DF84EB7684379D9A06CE2AC6075AC57BA9399DE
[TLS] Written transcript to proofs/MSG_TLS_757057A1.out, proofs/SIG_TLS_757057A1.out and proofs/PK_TLS_757057A1.der
Signature verification succeeds
[TLS] Server time: 1619984414
[TLS] client_random  (32): D487A26FD6AB8A52971FF4FC1FBB8126CD022F01A9F381A5BFD694F267130084
[TLS] sign_hash (32): 1FE71541B398B1DB1C631EE74201677007B9158478CD27FEAC7255130B611709
[TLS] Written transcript to proofs/MSG_TLS_D487A26F.out, proofs/SIG_TLS_D487A26F.out and proofs/PK_TLS_D487A26F.der
Signature verification succeeds
[TLS] Server time: 1619984414
[TLS] client_random  (32): 78254A503060EFB04EAD092ADBB0230E319BF2E9C0ECE592AA4096C1B33BD947
[TLS] sign_hash (32): ED7E2CC761809E9C4BEB580E2E3A684770683275926275E8B4EC300D7303A8DA
[TLS] Written transcript to proofs/MSG_TLS_78254A50.out, proofs/SIG_TLS_78254A50.out and proofs/PK_TLS_78254A50.der
Signature verification succeeds
[TLS] Server time: 1619984414
[TLS] client_random  (32): B509945609C5205BE3A571B8258455165A3D6B802F5C3C162BC8700D06E590DB
[TLS] sign_hash (32): 984610E64AC900E3AD616AB7850889DADD469A5372FF1278F764712AB10DCEBC
[TLS] Written transcript to proofs/MSG_TLS_B5099456.out, proofs/SIG_TLS_B5099456.out and proofs/PK_TLS_B5099456.der
Signature verification succeeds
[TLS] Server time: 1619984414
[TLS] client_random  (32): CBA3A3C95EE9BBAC383B9D2E8E453F01365E2600632F4D06412166CB0E948425
[TLS] sign_hash (32): D935FD8A66839CDCCD850B7E765B4FF59A42EBD15F8F5886197F53A63CB6DA27
[TLS] Written transcript to proofs/MSG_TLS_CBA3A3C9.out, proofs/SIG_TLS_CBA3A3C9.out and proofs/PK_TLS_CBA3A3C9.der
Signature verification succeeds
[TLS] Server time: 1619984414
[TLS] client_random  (32): 6EE8EF5B20F36AABAA22AE8284F89A3D71541E7C69B86AE1C084CF7DBAF17C58
[TLS] sign_hash (32): DBA60C026180C665AA93B7254BFAE322D040BAF76255242066E07C8CC514A7F5
[TLS] Written transcript to proofs/MSG_TLS_6EE8EF5B.out, proofs/SIG_TLS_6EE8EF5B.out and proofs/PK_TLS_6EE8EF5B.der
Signature verification succeeds
[TLS] Server time: 1619984414
[TLS] client_random  (32): 7AFCD553B1879838F294E8BF58183003190A63EEBD7721F54EB4FF8F27806576
[TLS] sign_hash (32): 1CDBFA542A59FB1910F7ACE4A0035A1A19D07EB97DC2DB9E5453A0FF231FC9C3
[TLS] Written transcript to proofs/MSG_TLS_7AFCD553.out, proofs/SIG_TLS_7AFCD553.out and proofs/PK_TLS_7AFCD553.der
Signature verification succeeds
[TLS] Server time: 1619984414
[TLS] client_random  (32): 417E952C77106F0480EE90611E0E63C9338C63BA810FD06B15CF6175156A33C5
[TLS] sign_hash (32): 18588C35669E001F323FBB812D5B8F392C51062A315EBA17D29A974C636F8DFA
[TLS] Written transcript to proofs/MSG_TLS_417E952C.out, proofs/SIG_TLS_417E952C.out and proofs/PK_TLS_417E952C.der
Signature verification succeeds
[TLS] Server time: 1619984414
[TLS] client_random  (32): CAF73E9519B942E09F2BFD94AF5CEE776E4DDE72FA2E9DB2F8E3AB0A3AEEBB81
[TLS] sign_hash (32): 574A7B19F1A76F4D460417BA6970BE6E4FB06D9669244A91378B3241A047DB95
[TLS] Written transcript to proofs/MSG_TLS_CAF73E95.out, proofs/SIG_TLS_CAF73E95.out and proofs/PK_TLS_CAF73E95.der
Signature verification succeeds
[TLS] Server time: 1619984414
[TLS] client_random  (32): 9CD5DB8B99652AEB5363704D6499EF77E0BB25D16B6EAEDCCC370449A0762276
[TLS] sign_hash (32): 8B61855A54AB236D3228F7458134D68CC60B341C2E3A80D371973E7DF37E12EF
[TLS] Written transcript to proofs/MSG_TLS_9CD5DB8B.out, proofs/SIG_TLS_9CD5DB8B.out and proofs/PK_TLS_9CD5DB8B.der
Signature verification succeeds
[TLS] Server time: 1619984414
[TLS] client_random  (32): A10CFCC9AAB4E41664BDD96390F6E89EFB695D0FD4E627E0EF4810E8BF0A6C9C
[TLS] sign_hash (32): 02CA71CCB9FA7606A68A6544BD4828C9B2DD2A67355D1C75420C76387BB87ADC
[TLS] Written transcript to proofs/MSG_TLS_A10CFCC9.out, proofs/SIG_TLS_A10CFCC9.out and proofs/PK_TLS_A10CFCC9.der
Signature verification succeeds
[TLS] Server time: 1619984414
[TLS] client_random  (32): 3A5D01B522332C0781C2A434A2980977966FAABA785E21C56BDDADD9977AC07F
[TLS] sign_hash (32): 49C808405229BC5C55178EF8ADB1F41BB21D0EF93945EE878E39A7AF885B19C2
[TLS] Written transcript to proofs/MSG_TLS_3A5D01B5.out, proofs/SIG_TLS_3A5D01B5.out and proofs/PK_TLS_3A5D01B5.der
Signature verification succeeds
[TLS] Server time: 1619984414
[TLS] client_random  (32): DA4562DCE9A655BD3A5AA930ED29591ACA32B451A453F804880128C1E893FA1B
[TLS] sign_hash (32): 6421FF5446A3570D48A838FC1E297DBBF0FD90E7535C0E1C937179FB58C9469E
[TLS] Written transcript to proofs/MSG_TLS_DA4562DC.out, proofs/SIG_TLS_DA4562DC.out and proofs/PK_TLS_DA4562DC.der
Signature verification succeeds
[TLS] Server time: 1619984414
[TLS] client_random  (32): AC4AE7AB9813F61676A1291A6877EAD684F2F36ED281CFFA2B695F1004024625
[TLS] sign_hash (32): E8D0B5C81168007A32DCEBF929FE7CCDB96CC30CE2790EBDED9AF0B3664F5060
[TLS] Written transcript to proofs/MSG_TLS_AC4AE7AB.out, proofs/SIG_TLS_AC4AE7AB.out and proofs/PK_TLS_AC4AE7AB.der
Signature verification succeeds
[TLS] Server time: 1619984414
[TLS] client_random  (32): 4FBB43CF99246F4295CB412FB274522177D0959314EE6A9D21028A2797A48866
[TLS] sign_hash (32): E1BC547A8DE45A28F65EA7FF60B0B5421916D7BACD8178F91F9FF901C470AACE
[TLS] Written transcript to proofs/MSG_TLS_4FBB43CF.out, proofs/SIG_TLS_4FBB43CF.out and proofs/PK_TLS_4FBB43CF.der
Signature verification succeeds
[TLS] Server time: 1619984414
[TLS] client_random  (32): 61BD60B03DC43449F7D72E57ED21ACDB8D19D5948FF23AFD9E5D7EF3C5841B9B
[TLS] sign_hash (32): 6AFCE6066ADD58D99165769DDDED2F62260C77761B7D85BAD0B483FCE40246AD
[TLS] Written transcript to proofs/MSG_TLS_61BD60B0.out, proofs/SIG_TLS_61BD60B0.out and proofs/PK_TLS_61BD60B0.der
Signature verification succeeds
[TLS] Server time: 1619984414
[TLS] client_random  (32): 8BB8B2E516437441E8731257A0C54A7F086B2803C95022F984F4D3E39BB3D9FA
[TLS] sign_hash (32): 130B3F5C6E8D63E4D5E7B0933731E36D7A3E62CC1A7F9BA3A1A09458830ABF8C
[TLS] Written transcript to proofs/MSG_TLS_8BB8B2E5.out, proofs/SIG_TLS_8BB8B2E5.out and proofs/PK_TLS_8BB8B2E5.der
Signature verification succeeds
[TLS] Server time: 1619984414
[TLS] client_random  (32): 65AE7475EBC1E8189A98F054C6745EDA90B4FB78D08B53C5C15A58B95BA16E2E
[TLS] sign_hash (32): F047A9A8617A2DC610CFD2811016B985E31D394D27DDC5522E1463AA361B8514
[TLS] Written transcript to proofs/MSG_TLS_65AE7475.out, proofs/SIG_TLS_65AE7475.out and proofs/PK_TLS_65AE7475.der
Signature verification succeeds
[TLS] Server time: 1619984414
[TLS] client_random  (32): D182745E52AD4DD2BEF2CAE04542DC620AFBD74ED5C703A05F6357B37711A78F
[TLS] sign_hash (32): 59668E12CC8B55C79AA2D3815F3E26AEACDBC466CE2C0A530597C54B435556B8
[TLS] Written transcript to proofs/MSG_TLS_D182745E.out, proofs/SIG_TLS_D182745E.out and proofs/PK_TLS_D182745E.der
Signature verification succeeds
[TLS] Server time: 1619984414
[TLS] client_random  (32): A9CFB78CC1263E116C28406AC083A964389D4B3BBAD496AA42D15FDEE5AFD2CA
[TLS] sign_hash (32): BD31EDECACAA7C0BCF06AE1ED90F07E5749097454142A42ADA72ECDFE4FF37DF
[TLS] Written transcript to proofs/MSG_TLS_A9CFB78C.out, proofs/SIG_TLS_A9CFB78C.out and proofs/PK_TLS_A9CFB78C.der
Signature verification succeeds
[TLS] Server time: 1619984414
[TLS] client_random  (32): B97F65EEAC1C352BA80727B101289FFAD2CA580C9C45E8186E613EA0BE4331BD
[TLS] sign_hash (32): A540845005F40FDB7347B4FF0D717ACB3EB2BAFA0455AAA3D79C8D86DC289FC3
[TLS] Written transcript to proofs/MSG_TLS_B97F65EE.out, proofs/SIG_TLS_B97F65EE.out and proofs/PK_TLS_B97F65EE.der
Signature verification succeeds
[TLS] Server time: 1619984414
[TLS] client_random  (32): 4557DD74B40E1FA30B44651B6651E6E6D74BE7647CD2E6E28E61D189B6A33143
[TLS] sign_hash (32): EC8ED1732F05176674FAA5CF118CA527BBCCEC0948326BF9B12E4D4A44103194
[TLS] Written transcript to proofs/MSG_TLS_4557DD74.out, proofs/SIG_TLS_4557DD74.out and proofs/PK_TLS_4557DD74.der
Signature verification succeeds
[TLS] Server time: 1619984414
[TLS] client_random  (32): FC0997DBF48B3D38DA3D888F1E58032B394DE7088B39BD0903996E09F0BD387F
[TLS] sign_hash (32): 26D0A0057F83483CBF3A37E2BC8E86960DA80058F8B96AD91FD1A1543CA7447C
[TLS] Written transcript to proofs/MSG_TLS_FC0997DB.out, proofs/SIG_TLS_FC0997DB.out and proofs/PK_TLS_FC0997DB.der
Signature verification succeeds
[TLS] Server time: 1619984414
[TLS] client_random  (32): 96E944EDF22E771112A66CEEE12940A5BD460CFB8E28CFAFFDBF59C02901587B
[TLS] sign_hash (32): 12FD9AFC6A50DF4FC1AB39CB502E06BE3A1778F03E9BA351B4A048DA65EC18FD
[TLS] Written transcript to proofs/MSG_TLS_96E944ED.out, proofs/SIG_TLS_96E944ED.out and proofs/PK_TLS_96E944ED.der
Signature verification succeeds
[TLS] Server time: 1619984414
[TLS] client_random  (32): 6DF7C7E01FB71B3D872A5F89112F8BBE120C189B7285B268F7CC2DB74EA11314
[TLS] sign_hash (32): 6D0B9A6881F2DC7D5DF0F283FDAB89ED99C17FB39603484EAA9A70779EEE8F12
[TLS] Written transcript to proofs/MSG_TLS_6DF7C7E0.out, proofs/SIG_TLS_6DF7C7E0.out and proofs/PK_TLS_6DF7C7E0.der
Signature verification succeeds
[TLS] Server time: 1619984414
[TLS] client_random  (32): 54BD0203BE9FAF48CFB325BFC3D68E440B70D0A6B8B335778202D562E578E799
[TLS] sign_hash (32): 613D5522ACD2DA54A53CA133942C6199BAD7D00754FDE4AA0CEBF278B151A6AA
[TLS] Written transcript to proofs/MSG_TLS_54BD0203.out, proofs/SIG_TLS_54BD0203.out and proofs/PK_TLS_54BD0203.der
Signature verification succeeds
[TLS] Server time: 1619984414
[TLS] client_random  (32): 450BCED0360A47DEBE8C0232BFED4B9D65AB07263D560C9FE0CFF349114C3257
[TLS] sign_hash (32): 94071ED1346D9F66E03DAA52E59734D885DA2774A99468DE4983674A1232CB6A
[TLS] Written transcript to proofs/MSG_TLS_450BCED0.out, proofs/SIG_TLS_450BCED0.out and proofs/PK_TLS_450BCED0.der
Signature verification succeeds
[TLS] Server time: 1619984414
[TLS] client_random  (32): 0C1530B092732A63F2D0EA2E2CFADE9F91095288A80A1C223C915B4D9EC906BA
[TLS] sign_hash (32): DA00AD6AC13BABBC1D64DFE0A772969AB278FD4C31F76E61D80119C46133B2ED
[TLS] Written transcript to proofs/MSG_TLS_0C1530B0.out, proofs/SIG_TLS_0C1530B0.out and proofs/PK_TLS_0C1530B0.der
Signature verification succeeds
[TLS] Server time: 1619984414
[TLS] client_random  (32): 7FC368FB3C460DD8C1E6C4967BDC8A5BA84F0FCD9D78E233A536F1019F8722FF
[TLS] sign_hash (32): 98B3AFDE51D5554245414D7CDC5ACA309D69944C4AFAB5667E8AE8158A0677F5
[TLS] Written transcript to proofs/MSG_TLS_7FC368FB.out, proofs/SIG_TLS_7FC368FB.out and proofs/PK_TLS_7FC368FB.der
Signature verification succeeds
[TLS] Server time: 1619984414
[TLS] client_random  (32): A37282B05634CEAAE635CE6296E113A80A2CDBBB2841E69D7D601B85FC649D9E
[TLS] sign_hash (32): 990186FEC84624DEA746D7D08FFBC73543AE5FA3323A1A1C182D89916E01876B
[TLS] Written transcript to proofs/MSG_TLS_A37282B0.out, proofs/SIG_TLS_A37282B0.out and proofs/PK_TLS_A37282B0.der
Signature verification succeeds
[TLS] Server time: 1619984414
[TLS] client_random  (32): 31102723F5F6788BA55568616BE829BBB5D434C8EA6EE36734D00D80F9B23213
[TLS] sign_hash (32): 5B75902785010EA6BA50A1D4C24991E5C765A0CB7669D20E35C3B3C0F9B10A55
[TLS] Written transcript to proofs/MSG_TLS_31102723.out, proofs/SIG_TLS_31102723.out and proofs/PK_TLS_31102723.der
Signature verification succeeds
[TLS] Server time: 1619984414
[TLS] client_random  (32): F1573C14C7B2B8F2104D65D68BED220AE26682E864D5D0449979D7B33BB824BD
[TLS] sign_hash (32): E1DC45B4C8053C560DC33357302E1E57B90993AB5E12D576160E061B4D479D65
[TLS] Written transcript to proofs/MSG_TLS_F1573C14.out, proofs/SIG_TLS_F1573C14.out and proofs/PK_TLS_F1573C14.der
Signature verification succeeds
[TLS] Server time: 1619984414
[TLS] client_random  (32): 533929918E0C9C3816009195624593E9CE43E2A3C82F6BF723A212CDAC76ABE0
[TLS] sign_hash (32): ED8D834B157394A2DB6CE88B54DC6429988ACAEAAFE2C3D44DEDD190205603FE
[TLS] Written transcript to proofs/MSG_TLS_53392991.out, proofs/SIG_TLS_53392991.out and proofs/PK_TLS_53392991.der
Signature verification succeeds
[TLS] Server time: 1619984414
[TLS] client_random  (32): 6CBD9C5683F63CFBA333FE51A28178E75ACBEEEC85D546DE65F43D88419067EA
[TLS] sign_hash (32): 220451284BDD58EE0A4B658C3974184CA4920C6DC702858F3F482CCCFE111901
[TLS] Written transcript to proofs/MSG_TLS_6CBD9C56.out, proofs/SIG_TLS_6CBD9C56.out and proofs/PK_TLS_6CBD9C56.der
Signature verification succeeds
[TLS] Server time: 1619984414
[TLS] client_random  (32): 949C5F937A63F843D40D04C0473FE397AB5B75540A5278297C46797AA01D5251
[TLS] sign_hash (32): 7B3893B5AD6DCF05E34F5490B9C75FFFDDA2611E1F8949D6A7C0F8C44F239B4E
[TLS] Written transcript to proofs/MSG_TLS_949C5F93.out, proofs/SIG_TLS_949C5F93.out and proofs/PK_TLS_949C5F93.der
Signature verification succeeds
[TLS] Server time: 1619984414
[TLS] client_random  (32): 50CAE698CCD552C2C0D146B79C52FD8E54B402E0553304711A3B1959C5894D13
[TLS] sign_hash (32): 3688F6CD8C0B594D36F5C459F4B92C161A11FA3CBA9467EC9D9083081CF3A720
[TLS] Written transcript to proofs/MSG_TLS_50CAE698.out, proofs/SIG_TLS_50CAE698.out and proofs/PK_TLS_50CAE698.der
Signature verification succeeds
[TLS] Server time: 1619984414
[TLS] client_random  (32): 8B1138862A9258CAE05DF9E9CA37D53E816C5D15F1D5F5805743D22BC68EF0E1
[TLS] sign_hash (32): D26E105B96C2A9F3685181DC5979BB0E678D1C9D701C352EFB747E5313BD3C63
[TLS] Written transcript to proofs/MSG_TLS_8B113886.out, proofs/SIG_TLS_8B113886.out and proofs/PK_TLS_8B113886.der
Signature verification succeeds
[TLS] Server time: 1619984414
[TLS] client_random  (32): D8943FEEBE47B98B86603B644E23C1E17BB6A640BD8476E85D6B07E8903ADD30
[TLS] sign_hash (32): FA3DB8EE12FFB391DAAB1D4D7B51D4B3393B80F9CC720C8478000743718D12F3
[TLS] Written transcript to proofs/MSG_TLS_D8943FEE.out, proofs/SIG_TLS_D8943FEE.out and proofs/PK_TLS_D8943FEE.der
Signature verification succeeds
[TLS] Server time: 1619984414
[TLS] client_random  (32): B3A7C8EF466E21F79AC3E23C63716D25C66872D5312862F1667C612043DF6B1E
[TLS] sign_hash (32): 67ADDF7479BAE28ED44923080DEE5996EA9E5BCCAD9C7FD6628D8D3FC276C43F
[TLS] Written transcript to proofs/MSG_TLS_B3A7C8EF.out, proofs/SIG_TLS_B3A7C8EF.out and proofs/PK_TLS_B3A7C8EF.der
Signature verification succeeds
[TLS] Server time: 1619984414
[TLS] client_random  (32): 29105E90BB6316531EF48E2FAF286FBB1E988C3D66FB76C21D819D6DFC590D1F
[TLS] sign_hash (32): 13A983FF457329ED2CF45D95DDF0C9D26CEADE42962FE7F73B99C6DFA8A61CDF
[TLS] Written transcript to proofs/MSG_TLS_29105E90.out, proofs/SIG_TLS_29105E90.out and proofs/PK_TLS_29105E90.der
Signature verification succeeds
[TLS] Server time: 1619984414
[TLS] client_random  (32): 6DA405C536010A26D06E8CEA297362849A67D63D8D954E50B059DED6DA537B24
[TLS] sign_hash (32): 05256F31ACF2F14F858F5800AED352F08B0E53C04FFEEB3A90CC8CB324651364
[TLS] Written transcript to proofs/MSG_TLS_6DA405C5.out, proofs/SIG_TLS_6DA405C5.out and proofs/PK_TLS_6DA405C5.der
Signature verification succeeds
[TLS] Server time: 1619984414
[TLS] client_random  (32): 6FEF45E15E7C2A29DCBE6CC42321D506F684AFF5C9145812439FAD11CC9C2F6B
[TLS] sign_hash (32): 1C046BF6C9C392BF24A0C62D731F5EDEED113C445F006F4AB7AF792F800549E3
[TLS] Written transcript to proofs/MSG_TLS_6FEF45E1.out, proofs/SIG_TLS_6FEF45E1.out and proofs/PK_TLS_6FEF45E1.der
Signature verification succeeds
[TLS] Server time: 1619984414
[TLS] client_random  (32): 95E72382E0545A93087DC3DE39590B4F30FDE563BDAAC183863E73D565B3141E
[TLS] sign_hash (32): 68C52C5260BFAB5FD43168A45A349671A4ABF7807875B016EC585C07134CAE76
[TLS] Written transcript to proofs/MSG_TLS_95E72382.out, proofs/SIG_TLS_95E72382.out and proofs/PK_TLS_95E72382.der
Signature verification succeeds
[TLS] Server time: 1619984414
[TLS] client_random  (32): 2C1EA74604D310705931AE5878EAD3797CC26F1FC2B4E5C02F3B6EFC4419010A
[TLS] sign_hash (32): A94B39D6CFCB61C06E8F44A5C782CFB5E50D6098D09CC90F5E6476157287D593
[TLS] Written transcript to proofs/MSG_TLS_2C1EA746.out, proofs/SIG_TLS_2C1EA746.out and proofs/PK_TLS_2C1EA746.der
Signature verification succeeds
[TLS] Server time: 1619984414
[TLS] client_random  (32): 582AF6A21EA7310017FED010DA74557F9F10D85D2C70E96A2E1FB4CA49C1EABA
[TLS] sign_hash (32): 2431711594C56DF8B139E2176B98DE54F5F999E35078901E8FE7ED0FF77122CB
[TLS] Written transcript to proofs/MSG_TLS_582AF6A2.out, proofs/SIG_TLS_582AF6A2.out and proofs/PK_TLS_582AF6A2.der
Signature verification succeeds
[TLS] Server time: 1619984414
[TLS] client_random  (32): 7F1C02C2AF8C35FAB1A40A7077D573ED83F753A813D951FDF307889CD86AC767
[TLS] sign_hash (32): 2F2F6F8D241B2A2BA67F959F4F88DB5497485C841246BCD4CF71C5604E54F637
[TLS] Written transcript to proofs/MSG_TLS_7F1C02C2.out, proofs/SIG_TLS_7F1C02C2.out and proofs/PK_TLS_7F1C02C2.der
Signature verification succeeds
[TLS] Server time: 1619984414
[TLS] client_random  (32): E1B75D0A7CCD1854AA9138A6CB9E7693F78EF7B781F1E02DA821ADF9D2E002AE
[TLS] sign_hash (32): 4A4447C411F39F5068FB8B2BEEE73EED614EA995BBEB05537E360F75EC0A07CB
[TLS] Written transcript to proofs/MSG_TLS_E1B75D0A.out, proofs/SIG_TLS_E1B75D0A.out and proofs/PK_TLS_E1B75D0A.der
Signature verification succeeds
[TLS] Server time: 1619984414
[TLS] client_random  (32): 4D1F52C7343478E4F0D7350A5445F5BEC99C264ED2CBEB37B2B9770D19FF65A1
[TLS] sign_hash (32): CF87AC081CBF1D751E5828C736D9EB92AF3DF4CA608B453766F35AB3D79A2F66
[TLS] Written transcript to proofs/MSG_TLS_4D1F52C7.out, proofs/SIG_TLS_4D1F52C7.out and proofs/PK_TLS_4D1F52C7.der
Signature verification succeeds
[TLS] Server time: 1619984414
[TLS] client_random  (32): 8B67BD2BC2CF7E6F76EC5CC2290BD36E50777E5EA807D033AD204FD520CC32FE
[TLS] sign_hash (32): B3A49B5847D98F7C7BF010BDC169E6F9CB06A1B3555361F270E0B2C696A075CC
[TLS] Written transcript to proofs/MSG_TLS_8B67BD2B.out, proofs/SIG_TLS_8B67BD2B.out and proofs/PK_TLS_8B67BD2B.der
Signature verification succeeds
[TLS] Server time: 1619984414
[TLS] client_random  (32): A6A4A95985D50B6C2C8A7CAC1EA1DEBD4D2D340CF610CD15A9BCB77B0B977499
[TLS] sign_hash (32): E111CAD7213E73B77DE5C8D4C5AD5D7DCBB433976C4E778DB5C9764B3842C6BD
[TLS] Written transcript to proofs/MSG_TLS_A6A4A959.out, proofs/SIG_TLS_A6A4A959.out and proofs/PK_TLS_A6A4A959.der
Signature verification succeeds
[TLS] Server time: 1619984414
[TLS] client_random  (32): 6275946B28BA7DA91EE223E3D54EA957AF952840F753336C1295B7C5A1837AE7
[TLS] sign_hash (32): 5EF7E7CB7552C791D064711746E9D0B0A29B50B62DB7EE041604A560F87F14C6
[TLS] Written transcript to proofs/MSG_TLS_6275946B.out, proofs/SIG_TLS_6275946B.out and proofs/PK_TLS_6275946B.der
Signature verification succeeds
[TLS] Server time: 1619984414
[TLS] client_random  (32): 20DB0B21B8AA8CBEB48AB739B6F0EEB7BC3F53D114B518B7692B0392E2AF3FF8
[TLS] sign_hash (32): E483F105443378DB4A1FB014597FB6A822CEC61D08B5189C18EC00380F75B76C
[TLS] Written transcript to proofs/MSG_TLS_20DB0B21.out, proofs/SIG_TLS_20DB0B21.out and proofs/PK_TLS_20DB0B21.der
Signature verification succeeds
[TLS] Server time: 1619984414
[TLS] client_random  (32): 196EC65C252F18C9422484F39030CA5023709640BEFA864607D2571CD356F403
[TLS] sign_hash (32): 3736A5AD2735065299315F59F86A4398AF0284BE6B49171A123C4CB9B9A8E7D7
[TLS] Written transcript to proofs/MSG_TLS_196EC65C.out, proofs/SIG_TLS_196EC65C.out and proofs/PK_TLS_196EC65C.der
Signature verification succeeds
Time breakdown (averages): anchor_ping:14.132628 file_read:0.145126 hashing:0.471508
Total time for 113 rounds is 1680.809127ms
Standard deviations: anchor_ping:4.144388 file_read:0.014958 hashing:0.005244
[Client-side ops] mean:0.616634 sd:0.015843
in & out anchor rand written to proofs/phase1.out
     40 [TLS] Server time: 1619984413
     74 [TLS] Server time: 1619984414
Count is 40
Count is 74
success: 1
RESULT: 1 in 2 tries
