TLS anchor: gold.ac.uk
Actual: 55, Set: 113
Beginning execution at Tue May 4 07:40:01 UTC 2021
CONF: anchor:gold.ac.uk fs:1024MB n_rounds:113 seed:5c9f4bf9bbc15bb855f82faedc5a52fc3ab2dfa8ec3ba3ce1b270f31fa0cced2 filename:FILE bs:1024 nops:100 benchmarking:0 anchor_ping:1 queue_depth:32 direct:0
[TLS] Connecting to gold.ac.uk
[TLS] Server time: 1620114001
[TLS] client_random  (32): 5C9F4BF9BBC15BB855F82FAEDC5A52FC3AB2DFA8EC3BA3CE1B270F31FA0CCED2
[TLS] sign_hash (32): 9B186A13341CA914D4DADABA328254D5A01EF54163F393CC29250D0A98925011
[TLS] Written transcript to proofs/MSG_TLS_5C9F4BF9.out, proofs/SIG_TLS_5C9F4BF9.out and proofs/PK_TLS_5C9F4BF9.der
Signature verification succeeds
[TLS] Server time: 1620114001
[TLS] client_random  (32): FAB44F23B9504E4653DBE5FFCF942DDF46A09A69552DF475D9577E72E6991215
[TLS] sign_hash (32): EBBD3361A806073AD3059F38307FB1CEFC0ACBC4544BAABFDE9BCEAD4CC241EC
[TLS] Written transcript to proofs/MSG_TLS_FAB44F23.out, proofs/SIG_TLS_FAB44F23.out and proofs/PK_TLS_FAB44F23.der
Signature verification succeeds
[TLS] Server time: 1620114001
[TLS] client_random  (32): 25A7F6197F833EE0D46D8E45E7E030EA58D22DE81B494E87CE2B42CEFCEF5262
[TLS] sign_hash (32): CDB4B1788123BAAAC4F2F553301B778E361510AF6881FD87FB1118BAC0E44D4E
[TLS] Written transcript to proofs/MSG_TLS_25A7F619.out, proofs/SIG_TLS_25A7F619.out and proofs/PK_TLS_25A7F619.der
Signature verification succeeds
[TLS] Server time: 1620114001
[TLS] client_random  (32): 8F0E82AFC7A3C5E107C4FB2C82A6E79F26C38A8E17E70D91A7FD690BDB20A325
[TLS] sign_hash (32): 55841851D9B43D51FF29FD28E8C5074A26F8BCA81003CD1C292292E9A6DC4824
[TLS] Written transcript to proofs/MSG_TLS_8F0E82AF.out, proofs/SIG_TLS_8F0E82AF.out and proofs/PK_TLS_8F0E82AF.der
Signature verification succeeds
[TLS] Server time: 1620114001
[TLS] client_random  (32): 1F57E9E8C78B8440DB69768EADB3C77DEF0AD70220F6000DE215E0B2C8A11EAB
[TLS] sign_hash (32): 861CFEBD9389FC2DF02BB6288C4340420FE6CBB3A91AD3666D390DD20A17F9AA
[TLS] Written transcript to proofs/MSG_TLS_1F57E9E8.out, proofs/SIG_TLS_1F57E9E8.out and proofs/PK_TLS_1F57E9E8.der
Signature verification succeeds
[TLS] Server time: 1620114001
[TLS] client_random  (32): 4C0D461D859FD6D411DA76584012418516102D05871BF476C89BC599AB33AFC1
[TLS] sign_hash (32): C84F57D384401E3D3C46996D83167EBC599181C9DAC609EB5E182921CF8FE80F
[TLS] Written transcript to proofs/MSG_TLS_4C0D461D.out, proofs/SIG_TLS_4C0D461D.out and proofs/PK_TLS_4C0D461D.der
Signature verification succeeds
[TLS] Server time: 1620114001
[TLS] client_random  (32): 2B124918D4208849190BC53F115195F848ED7959885A3BEC7A6725E3AA0CC592
[TLS] sign_hash (32): E5616FAD979FB7C6E988CB47F976D631C59C8962FE0F67C85B4018EE0C43194B
[TLS] Written transcript to proofs/MSG_TLS_2B124918.out, proofs/SIG_TLS_2B124918.out and proofs/PK_TLS_2B124918.der
Signature verification succeeds
[TLS] Server time: 1620114001
[TLS] client_random  (32): CF6BF92D153281BE2DE506665E485683202CA129C61B92B2B1863AE2AB5E0890
[TLS] sign_hash (32): 6247394BFF7EB5261838EB0593F347E13CC9693B1B3776E4788F613AA33113D0
[TLS] Written transcript to proofs/MSG_TLS_CF6BF92D.out, proofs/SIG_TLS_CF6BF92D.out and proofs/PK_TLS_CF6BF92D.der
Signature verification succeeds
[TLS] Server time: 1620114001
[TLS] client_random  (32): 0073FFF1D190E1429F674655ACF35FE6B3C3C574AF051F3E524DA44615C4FCC2
[TLS] sign_hash (32): 4FC0B33C08DB9603F5217AE1D3FEF672817689E3F8A04642FD4DDE57E768C26E
[TLS] Written transcript to proofs/MSG_TLS_0073FFF1.out, proofs/SIG_TLS_0073FFF1.out and proofs/PK_TLS_0073FFF1.der
Signature verification succeeds
[TLS] Server time: 1620114001
[TLS] client_random  (32): 335EA9B2FCA0D58DDFE27D48091E39E77F379DF90AFDE3F728399BE4716C2B08
[TLS] sign_hash (32): BBA1A510C25F90AEFC8576FE8A8724AB6BF1AAB26B4686D4F30BD796F8617535
[TLS] Written transcript to proofs/MSG_TLS_335EA9B2.out, proofs/SIG_TLS_335EA9B2.out and proofs/PK_TLS_335EA9B2.der
Signature verification succeeds
[TLS] Server time: 1620114001
[TLS] client_random  (32): F272200DE501F990745DA700AD27FADF24FCDBE17A3229B6109739C5C2FE8E2C
[TLS] sign_hash (32): 90D8C3DC13A81C9D055AB6471FC25618D976AAB2D54F1C32CF2AB7E474B3A976
[TLS] Written transcript to proofs/MSG_TLS_F272200D.out, proofs/SIG_TLS_F272200D.out and proofs/PK_TLS_F272200D.der
Signature verification succeeds
[TLS] Server time: 1620114001
[TLS] client_random  (32): 4F900BAB89D0DBDBB49984944E2B8926EB7F005B7880790F6B4A7F293CE3C3C7
[TLS] sign_hash (32): 0ABD5DE9791DA25337E4583C8F387B0B267BBCBBD536B5BD6E1818F5E3FD724D
[TLS] Written transcript to proofs/MSG_TLS_4F900BAB.out, proofs/SIG_TLS_4F900BAB.out and proofs/PK_TLS_4F900BAB.der
Signature verification succeeds
[TLS] Server time: 1620114001
[TLS] client_random  (32): 1F652DC1F467D8C110930F0C6F3CE91EED37FD7BDEF971B0D31CB016BA901CC4
[TLS] sign_hash (32): 11E1EC212647452B215933DC3DC14AFF9D5FC84BE8B9FB2C6320824E1789D375
[TLS] Written transcript to proofs/MSG_TLS_1F652DC1.out, proofs/SIG_TLS_1F652DC1.out and proofs/PK_TLS_1F652DC1.der
Signature verification succeeds
[TLS] Server time: 1620114001
[TLS] client_random  (32): 054693E0C8E361BD3BF6326F592B446939B9EFEF41B84847B52B2A36CE898D9D
[TLS] sign_hash (32): 0E92F929140A345549F91E73E6F21B849F3D3D6B858DFEB1603B12EB49F988A6
[TLS] Written transcript to proofs/MSG_TLS_054693E0.out, proofs/SIG_TLS_054693E0.out and proofs/PK_TLS_054693E0.der
Signature verification succeeds
[TLS] Server time: 1620114001
[TLS] client_random  (32): BAEE74E9769469E1FC43BE397897887ABC6136B48171132F80A314BB3705DC70
[TLS] sign_hash (32): 5A709A654954DBD2EB01BC71CC19C697A2E96D8DBB69A18D01BB567D1D4144CD
[TLS] Written transcript to proofs/MSG_TLS_BAEE74E9.out, proofs/SIG_TLS_BAEE74E9.out and proofs/PK_TLS_BAEE74E9.der
Signature verification succeeds
[TLS] Server time: 1620114001
[TLS] client_random  (32): 13C3C452BB487E50B5750433DB0F348275135CDA8F2B321F247D5E82F4EA214E
[TLS] sign_hash (32): 6C32D5BF453133A4D77CAB1706281A6B78C1B2E7A13076083B966B924A60A7A4
[TLS] Written transcript to proofs/MSG_TLS_13C3C452.out, proofs/SIG_TLS_13C3C452.out and proofs/PK_TLS_13C3C452.der
Signature verification succeeds
[TLS] Server time: 1620114001
[TLS] client_random  (32): 3F98F7CB6C432EF492DEB714515D1035CFAF34B9EEE9D7031E838894811B7D33
[TLS] sign_hash (32): 1D82E6DE5FA7C5B660CC709A77A353450B5D9F74E42FE2DF5E0D6E8F74223A49
[TLS] Written transcript to proofs/MSG_TLS_3F98F7CB.out, proofs/SIG_TLS_3F98F7CB.out and proofs/PK_TLS_3F98F7CB.der
Signature verification succeeds
[TLS] Server time: 1620114001
[TLS] client_random  (32): F1C230752897E422A9D8EE8A2948E0FF9BDD796D6E2D9BFD43E9B5C6287139CB
[TLS] sign_hash (32): A0505833252D789CFF7C019534F11AE565297EAF555263556E9C901438A3E189
[TLS] Written transcript to proofs/MSG_TLS_F1C23075.out, proofs/SIG_TLS_F1C23075.out and proofs/PK_TLS_F1C23075.der
Signature verification succeeds
[TLS] Server time: 1620114001
[TLS] client_random  (32): 3F678D02C1757CE91232E54E419D69CD1AC54534E9B147474248C1C67FEF1F4A
[TLS] sign_hash (32): F06371075F6D503777CF03694B95BE45347C7A2567B1A28ADFAE99984BA31893
[TLS] Written transcript to proofs/MSG_TLS_3F678D02.out, proofs/SIG_TLS_3F678D02.out and proofs/PK_TLS_3F678D02.der
Signature verification succeeds
[TLS] Server time: 1620114001
[TLS] client_random  (32): 5D5A59C571F6D491EED997F630E4113341A03E16C23D32185A2E05F88EB2542F
[TLS] sign_hash (32): 31C274ECED7E4EA751D45A56E444731105E0DB82C98193A23E7BC3AB008CA7EA
[TLS] Written transcript to proofs/MSG_TLS_5D5A59C5.out, proofs/SIG_TLS_5D5A59C5.out and proofs/PK_TLS_5D5A59C5.der
Signature verification succeeds
[TLS] Server time: 1620114001
[TLS] client_random  (32): E6CFA50F312DD13E1F47BC7707D5D056DF16AD740A13BFB14235C98686C14037
[TLS] sign_hash (32): 001579E4959A9415493D167287309B87869F1B65B218716FD39434CD0E38DFA3
[TLS] Written transcript to proofs/MSG_TLS_E6CFA50F.out, proofs/SIG_TLS_E6CFA50F.out and proofs/PK_TLS_E6CFA50F.der
Signature verification succeeds
[TLS] Server time: 1620114001
[TLS] client_random  (32): 9B1A0CEDB4929C827B6E3BDAEC2C0D253FC6CC9EB67734D229F1DE478A2E7340
[TLS] sign_hash (32): C6FF91494E9782E122F7F8276E0C2028ED42A9957822A7CBFBD6DC91B89AE6A6
[TLS] Written transcript to proofs/MSG_TLS_9B1A0CED.out, proofs/SIG_TLS_9B1A0CED.out and proofs/PK_TLS_9B1A0CED.der
Signature verification succeeds
[TLS] Server time: 1620114001
[TLS] client_random  (32): F96169531B1753018B7839B5E27C74F7D5F651FC5B68C2E261019CF6CC58D268
[TLS] sign_hash (32): FE291D535D837BD38E8F8FEBED3FB0C2CFC19AF388FBE782306B1EC9D7B2E434
[TLS] Written transcript to proofs/MSG_TLS_F9616953.out, proofs/SIG_TLS_F9616953.out and proofs/PK_TLS_F9616953.der
Signature verification succeeds
[TLS] Server time: 1620114001
[TLS] client_random  (32): 6DCCC6AE3E52FE70261550A188F2D2746192C22C12E962ACD54DFDB105079795
[TLS] sign_hash (32): 1B81321554FB9C27858E56FB5D6EC23248C503BA14EC268CB53A1EA162C2A6CC
[TLS] Written transcript to proofs/MSG_TLS_6DCCC6AE.out, proofs/SIG_TLS_6DCCC6AE.out and proofs/PK_TLS_6DCCC6AE.der
Signature verification succeeds
[TLS] Server time: 1620114001
[TLS] client_random  (32): D703115B26A6419A1954A6E1DC5640ABAFFE8EE0779FD15570430A59B641307E
[TLS] sign_hash (32): EFE09C6183D61A04DA9F933DEC533560EE45F8C9028EDC83E472723D25E20379
[TLS] Written transcript to proofs/MSG_TLS_D703115B.out, proofs/SIG_TLS_D703115B.out and proofs/PK_TLS_D703115B.der
Signature verification succeeds
[TLS] Server time: 1620114001
[TLS] client_random  (32): 99A3CE8F9C1F8AF40BE08D54711860F7F9087FA3EEABC488BC6E61342A5EB255
[TLS] sign_hash (32): 0A20E09AD807A157A9C1648FDEBDFD1F20EF4E87C6493F5C0A958BF0034E923D
[TLS] Written transcript to proofs/MSG_TLS_99A3CE8F.out, proofs/SIG_TLS_99A3CE8F.out and proofs/PK_TLS_99A3CE8F.der
Signature verification succeeds
[TLS] Server time: 1620114001
[TLS] client_random  (32): B22A89CFE5EE3DAEE2C6FF13B0B477637A7F14FE2179FE520B615EE37ADA304E
[TLS] sign_hash (32): D6CB769A3611B6B84DFF760140922F46D479CB5706FACBBC187479BCBE134DCF
[TLS] Written transcript to proofs/MSG_TLS_B22A89CF.out, proofs/SIG_TLS_B22A89CF.out and proofs/PK_TLS_B22A89CF.der
Signature verification succeeds
[TLS] Server time: 1620114001
[TLS] client_random  (32): C6D2A9336CA443FA1867F4AA4FE94F1BBA9A01598981ED7F6E304FD6E3375500
[TLS] sign_hash (32): 497B8D9A31500247D5FBD1CE76193C63FD013685E1F48C63BB49D60388537A0A
[TLS] Written transcript to proofs/MSG_TLS_C6D2A933.out, proofs/SIG_TLS_C6D2A933.out and proofs/PK_TLS_C6D2A933.der
Signature verification succeeds
[TLS] Server time: 1620114001
[TLS] client_random  (32): EFC9799368406BAE5AF9C302AB6A6571ECE69C8191E81B3786BE8A012B37ADF4
[TLS] sign_hash (32): 8BC46AE7306033E49CC1C063BC83759A4266873A29BCBB09C7E7582D1DB93084
[TLS] Written transcript to proofs/MSG_TLS_EFC97993.out, proofs/SIG_TLS_EFC97993.out and proofs/PK_TLS_EFC97993.der
Signature verification succeeds
[TLS] Server time: 1620114001
[TLS] client_random  (32): E9032EDA2231263749168B4048F75066FDC48CAFFDE4433CD0094DB993DAF291
[TLS] sign_hash (32): 3C375A4F1743AEB8634ECC0344A26E7007696D7AAB5387A31AF1CDA8D807878D
[TLS] Written transcript to proofs/MSG_TLS_E9032EDA.out, proofs/SIG_TLS_E9032EDA.out and proofs/PK_TLS_E9032EDA.der
Signature verification succeeds
[TLS] Server time: 1620114002
[TLS] client_random  (32): 1A1AC6BCE022F18E4B6046FFFCCEC25389F4EB0975D53C9917E641CCC334093C
[TLS] sign_hash (32): 014094580954B1D848F9F29F6EF91E86C0C7F90B9C42389579C2D3877A78D2C0
[TLS] Written transcript to proofs/MSG_TLS_1A1AC6BC.out, proofs/SIG_TLS_1A1AC6BC.out and proofs/PK_TLS_1A1AC6BC.der
Signature verification succeeds
[TLS] Server time: 1620114002
[TLS] client_random  (32): 5608A6C023AA3409145A9712A42E1D1160C236596F5847B2424077A37823FA42
[TLS] sign_hash (32): FB35029E69BCE2756D26E638B4F6C11BFEDC9044C90E9403E957DBF8B02B4AF1
[TLS] Written transcript to proofs/MSG_TLS_5608A6C0.out, proofs/SIG_TLS_5608A6C0.out and proofs/PK_TLS_5608A6C0.der
Signature verification succeeds
[TLS] Server time: 1620114002
[TLS] client_random  (32): 8EFEAE888C209A118C1E6E87F12198101ECDAA1377AEB6C516AA57E90918523F
[TLS] sign_hash (32): 7AF0E5082B69739E8EDA740AB5F89D31F02471827537F9F18B8578F538EB7718
[TLS] Written transcript to proofs/MSG_TLS_8EFEAE88.out, proofs/SIG_TLS_8EFEAE88.out and proofs/PK_TLS_8EFEAE88.der
Signature verification succeeds
[TLS] Server time: 1620114004
[TLS] client_random  (32): 2193739B67C47321D272CD17696596309700E17567C13690165EE503C651C994
[TLS] sign_hash (32): FF6095A52046640CC654CCC69C0FADD99FE27BAD949E2A5D45A1780FDCED89A4
[TLS] Written transcript to proofs/MSG_TLS_2193739B.out, proofs/SIG_TLS_2193739B.out and proofs/PK_TLS_2193739B.der
Signature verification succeeds
[TLS] Server time: 1620114004
[TLS] client_random  (32): 97370AAB8E188B5AE4BC39A76FABEDB70707D2B4896BB0F7188CC72E81A6CAED
[TLS] sign_hash (32): CACA888CBADEDA9A215E3CC33249CCB8FA68FB5CAFE1351838AED65D1E5EB784
[TLS] Written transcript to proofs/MSG_TLS_97370AAB.out, proofs/SIG_TLS_97370AAB.out and proofs/PK_TLS_97370AAB.der
Signature verification succeeds
[TLS] Server time: 1620114004
[TLS] client_random  (32): B1F749B84B994F08C0CF276061268E8706A6C336BB65CD0C6409AA945A0160B2
[TLS] sign_hash (32): 6B7EB5DC6301AB99FD21A7D296AAA12CEC06A55BF1C69B69BA030189D393694F
[TLS] Written transcript to proofs/MSG_TLS_B1F749B8.out, proofs/SIG_TLS_B1F749B8.out and proofs/PK_TLS_B1F749B8.der
Signature verification succeeds
[TLS] Server time: 1620114004
[TLS] client_random  (32): 8EE2859173C81A4DE5B1E22EC89CAAA213C5F09675CC3793CC8A2F7A8AEE4492
[TLS] sign_hash (32): BB74514568F715CB73EF84770B01CC3581DF4BA372903DAB47877C1527FF8CC2
[TLS] Written transcript to proofs/MSG_TLS_8EE28591.out, proofs/SIG_TLS_8EE28591.out and proofs/PK_TLS_8EE28591.der
Signature verification succeeds
[TLS] Server time: 1620114005
[TLS] client_random  (32): 9D460D489483EB60B2121AE42A788A8F67CD06C4B646965A4170637FD7074A43
[TLS] sign_hash (32): 97DC4CA18DC0ADF0A2A52742F445854D49D42C1C00483364529294C4E1501295
[TLS] Written transcript to proofs/MSG_TLS_9D460D48.out, proofs/SIG_TLS_9D460D48.out and proofs/PK_TLS_9D460D48.der
Signature verification succeeds
[TLS] Server time: 1620114005
[TLS] client_random  (32): FF002CCBD03549BC92575009F07550277EA2185039114EBB8A4B56D1339DEDDA
[TLS] sign_hash (32): 9210E2C7377AA11D2ECE61D4F6BF3F93597FC48C7FF8530083F9A5BED27CC6F1
[TLS] Written transcript to proofs/MSG_TLS_FF002CCB.out, proofs/SIG_TLS_FF002CCB.out and proofs/PK_TLS_FF002CCB.der
Signature verification succeeds
[TLS] Server time: 1620114005
[TLS] client_random  (32): 5B7EF498F9775A2394291BD866D687428412A3133E7E73EDD4FF8CC22F99419E
[TLS] sign_hash (32): 7EE73DD8D4999C48EFD14E60C414874EDDE2EC2FA1CE4F0425C84A8A3C0FDED8
[TLS] Written transcript to proofs/MSG_TLS_5B7EF498.out, proofs/SIG_TLS_5B7EF498.out and proofs/PK_TLS_5B7EF498.der
Signature verification succeeds
[TLS] Server time: 1620114005
[TLS] client_random  (32): F707AF19206786BD8F30D2328A5C16994D6496DA3787CA91727B1434EB0EE2D5
[TLS] sign_hash (32): A420C3032BF7D671826BF9AF9F80462A316F9330C3803AABF3CB3C97AD4CB06B
[TLS] Written transcript to proofs/MSG_TLS_F707AF19.out, proofs/SIG_TLS_F707AF19.out and proofs/PK_TLS_F707AF19.der
Signature verification succeeds
[TLS] Server time: 1620114006
[TLS] client_random  (32): A96B33D19296E10A03F1440C609396A37F1281F2BB139039BA35ED5228A33E5E
[TLS] sign_hash (32): 22A8F8BEC1EC017226DA2043B5DE7249DACE99FD11342DAAA110597A9C5381C3
[TLS] Written transcript to proofs/MSG_TLS_A96B33D1.out, proofs/SIG_TLS_A96B33D1.out and proofs/PK_TLS_A96B33D1.der
Signature verification succeeds
[TLS] Server time: 1620114006
[TLS] client_random  (32): 5DBDCD0FEECF9A62FC149C257EC50E1020AF6314E9CF041A014B649EC934E679
[TLS] sign_hash (32): 8D3D095C3395641D86CFAFBF1D2FD7929C65261FEAC33B4679C9A05A5087290D
[TLS] Written transcript to proofs/MSG_TLS_5DBDCD0F.out, proofs/SIG_TLS_5DBDCD0F.out and proofs/PK_TLS_5DBDCD0F.der
Signature verification succeeds
[TLS] Server time: 1620114006
[TLS] client_random  (32): D4B685418FB75CD9CBEF98158BEB0BBBDC42BE0C42F97BA6035ADD9BD9AD42B3
[TLS] sign_hash (32): 34095DC1B00E867401CA1ADEFF48C596C415922BFF1B1CD0C30FEAD1CA1C8761
[TLS] Written transcript to proofs/MSG_TLS_D4B68541.out, proofs/SIG_TLS_D4B68541.out and proofs/PK_TLS_D4B68541.der
Signature verification succeeds
[TLS] Server time: 1620114006
[TLS] client_random  (32): B1E5E7B90093DED717278D0C2F66E96054217654350E2F5531D893D7918B5D13
[TLS] sign_hash (32): 1437EA07F12FB3B99C0307E941DDECCD32749D0CC43AFDD77FC1EE35CA9CBF8F
[TLS] Written transcript to proofs/MSG_TLS_B1E5E7B9.out, proofs/SIG_TLS_B1E5E7B9.out and proofs/PK_TLS_B1E5E7B9.der
Signature verification succeeds
[TLS] Server time: 1620114006
[TLS] client_random  (32): BE4455F986F27301F8BD36E7AEA5C9F5BF3B40F5205E467E92DF1170EFEDA705
[TLS] sign_hash (32): D4DB1C8E82559E9A1E6C9616612D1E2E298454E615B5BC5009EB406FE10342D4
[TLS] Written transcript to proofs/MSG_TLS_BE4455F9.out, proofs/SIG_TLS_BE4455F9.out and proofs/PK_TLS_BE4455F9.der
Signature verification succeeds
[TLS] Server time: 1620114006
[TLS] client_random  (32): 96DC6A432DF7B8C3BC9A0D8BB180E2711A562F01D51698A8C824D40C445BB18F
[TLS] sign_hash (32): 29B770DB26FAB5A1B956B0B6D44651DC6F9A66AF4A8D2F053B69B214E4DB7C3B
[TLS] Written transcript to proofs/MSG_TLS_96DC6A43.out, proofs/SIG_TLS_96DC6A43.out and proofs/PK_TLS_96DC6A43.der
Signature verification succeeds
[TLS] Server time: 1620114007
[TLS] client_random  (32): E2ED3E97D1B39D6A6888F69EE2A25CA42EF6BC685F21AB1EC99113057D9A6E65
[TLS] sign_hash (32): FDE9A03D47B84918AC2948106D5EEE19E719A5C0C01049FD9A26DFE51A477FBC
[TLS] Written transcript to proofs/MSG_TLS_E2ED3E97.out, proofs/SIG_TLS_E2ED3E97.out and proofs/PK_TLS_E2ED3E97.der
Signature verification succeeds
[TLS] Server time: 1620114007
[TLS] client_random  (32): 14D89C0E0314C07434EC1A7E9F687E36C0A919F252499038282C42E902A3CC0A
[TLS] sign_hash (32): 91703DC01C0EB0B4FED2878F0F6F9D19379D90FF3C4A5C93D6A51092FCEC9C90
[TLS] Written transcript to proofs/MSG_TLS_14D89C0E.out, proofs/SIG_TLS_14D89C0E.out and proofs/PK_TLS_14D89C0E.der
Signature verification succeeds
[TLS] Server time: 1620114007
[TLS] client_random  (32): B52E1C13D7D906D33B4F05A6783B3B4899AE9CE3780A32175FA4DDDC3A29B02B
[TLS] sign_hash (32): 5D303AAC197AE99E9A42E9AD4AE7222FB7FCC2176226B0C9174F9EDF06BA4A26
[TLS] Written transcript to proofs/MSG_TLS_B52E1C13.out, proofs/SIG_TLS_B52E1C13.out and proofs/PK_TLS_B52E1C13.der
Signature verification succeeds
[TLS] Server time: 1620114007
[TLS] client_random  (32): DC8B5357D4859F5824B9C58253C2DB986B6AE6B98A7AD887FE2BD2FC196C2862
[TLS] sign_hash (32): 6411334615DCA5BF714850AF1951FF35A0C0C59863A45DD196AD35293ABCE3D9
[TLS] Written transcript to proofs/MSG_TLS_DC8B5357.out, proofs/SIG_TLS_DC8B5357.out and proofs/PK_TLS_DC8B5357.der
Signature verification succeeds
[TLS] Server time: 1620114007
[TLS] client_random  (32): 4EF3B96BC99E096767C3CB44B0B6AE8E9E9F8BBA96F4BE786E885F9AA8C60841
[TLS] sign_hash (32): DA3F011341B5ABC76A686CAAB2D898DA49C69C99CF7C64F0D489E17B71840A9D
[TLS] Written transcript to proofs/MSG_TLS_4EF3B96B.out, proofs/SIG_TLS_4EF3B96B.out and proofs/PK_TLS_4EF3B96B.der
Signature verification succeeds
[TLS] Server time: 1620114007
[TLS] client_random  (32): 7ECC3F3EDE71254C40D451C7A3257E5ED0277260B15DB9F86719F495EABDC8A4
[TLS] sign_hash (32): 80FAB0C8B550CD405E62F0B5CF4040908272402A5D5B6FA910521487B085DD1D
[TLS] Written transcript to proofs/MSG_TLS_7ECC3F3E.out, proofs/SIG_TLS_7ECC3F3E.out and proofs/PK_TLS_7ECC3F3E.der
Signature verification succeeds
[TLS] Server time: 1620114007
[TLS] client_random  (32): D8DCE78A9950F3BF428744961D9F9618792394978D5A6EEEF8E690F48CCAF394
[TLS] sign_hash (32): E2D883D11AD29E9207A662921AA4E4FC660C3D4D0EEA04A0BDDBDD92F14A5704
[TLS] Written transcript to proofs/MSG_TLS_D8DCE78A.out, proofs/SIG_TLS_D8DCE78A.out and proofs/PK_TLS_D8DCE78A.der
Signature verification succeeds
[TLS] Server time: 1620114007
[TLS] client_random  (32): DCDD3997B75E4F802FBAF903721BB3E81C24512CCD6BBC629907ED66C1C0C535
[TLS] sign_hash (32): 7DA523593044213FDEBBD239CE9E3822FA1B2C3702E8793FD88A1FEBA73A050C
[TLS] Written transcript to proofs/MSG_TLS_DCDD3997.out, proofs/SIG_TLS_DCDD3997.out and proofs/PK_TLS_DCDD3997.der
Signature verification succeeds
[TLS] Server time: 1620114007
[TLS] client_random  (32): 0E007EFB86B07156D87F2228ECD3D1CCB04E9AFD739345D7911887E363FE292A
[TLS] sign_hash (32): FD14BBAFE4E311638F19E069B3454D37790E7A277C7BF50C5BDBC4464DBDCA97
[TLS] Written transcript to proofs/MSG_TLS_0E007EFB.out, proofs/SIG_TLS_0E007EFB.out and proofs/PK_TLS_0E007EFB.der
Signature verification succeeds
[TLS] Server time: 1620114007
[TLS] client_random  (32): 3BD47D7CBAC123A240EEFBCEC36F665DEA5557A69C2BBB4CE44A4D5FAF78FB30
[TLS] sign_hash (32): 60560686C45211A512E3FCF05C38D2FC752AB19C12F869062722B36662D6525C
[TLS] Written transcript to proofs/MSG_TLS_3BD47D7C.out, proofs/SIG_TLS_3BD47D7C.out and proofs/PK_TLS_3BD47D7C.der
Signature verification succeeds
[TLS] Server time: 1620114007
[TLS] client_random  (32): 2DCFEB6CA875D287D5E6EF5BDF3AEFF3281F7E9905994191AAE4ECC7088F8D93
[TLS] sign_hash (32): 10057441CDE3AD398F4016988D6C9D41F73AF804D9F28F9FB90A4A74F8F364D2
[TLS] Written transcript to proofs/MSG_TLS_2DCFEB6C.out, proofs/SIG_TLS_2DCFEB6C.out and proofs/PK_TLS_2DCFEB6C.der
Signature verification succeeds
[TLS] Server time: 1620114007
[TLS] client_random  (32): 851FEA492000CCCA35444523DDCCE58A2919B1F2B68FCD605FD6B8A2D960C6E4
[TLS] sign_hash (32): D0312AF6E31E76B53EF79C1AF8216D73FB5F6E9E7C25A90A21C1BB12554AD23F
[TLS] Written transcript to proofs/MSG_TLS_851FEA49.out, proofs/SIG_TLS_851FEA49.out and proofs/PK_TLS_851FEA49.der
Signature verification succeeds
[TLS] Server time: 1620114007
[TLS] client_random  (32): 7B5750306E9D537EF01D04A0DC248BA8362AC57E2E59D800FABC0FD080BE024E
[TLS] sign_hash (32): 07075E67AA22CB1893F506B98DED8A3042E0F8D89B68B55A5CB1D85C1734E777
[TLS] Written transcript to proofs/MSG_TLS_7B575030.out, proofs/SIG_TLS_7B575030.out and proofs/PK_TLS_7B575030.der
Signature verification succeeds
[TLS] Server time: 1620114007
[TLS] client_random  (32): AA0EB232B43F3CDBD6B8CCAAFF48DE224F30AD2893247B7CF02D520E5D707F1A
[TLS] sign_hash (32): 92EB0118811DF6FB00C1727A32630F54CA1C67BE53BE52FE725761BD4DB0C8D0
[TLS] Written transcript to proofs/MSG_TLS_AA0EB232.out, proofs/SIG_TLS_AA0EB232.out and proofs/PK_TLS_AA0EB232.der
Signature verification succeeds
[TLS] Server time: 1620114007
[TLS] client_random  (32): DC2F07F012DAC6ADFA8E45E2A88922DE9D95DE832E9C7CBDB9D4871F678E9356
[TLS] sign_hash (32): DD3FC966DF3C255D7D2CFDB652832D06CBF7FB17F8D8B66C1A7433314D988050
[TLS] Written transcript to proofs/MSG_TLS_DC2F07F0.out, proofs/SIG_TLS_DC2F07F0.out and proofs/PK_TLS_DC2F07F0.der
Signature verification succeeds
[TLS] Server time: 1620114007
[TLS] client_random  (32): 2C01D3E2048DC360471A59B56B500D8D077FCCFAD0E30CDB002C78EF778D7D8D
[TLS] sign_hash (32): E181F4B1F688B8B0638ED864570B6BEB01A6ACB505DF043BEBAFF23E0A3326E3
[TLS] Written transcript to proofs/MSG_TLS_2C01D3E2.out, proofs/SIG_TLS_2C01D3E2.out and proofs/PK_TLS_2C01D3E2.der
Signature verification succeeds
[TLS] Server time: 1620114007
[TLS] client_random  (32): A37E6A9EB5E27E16B701104FE507D3029FFA4755DB9D72726EFDD95708AFB92E
[TLS] sign_hash (32): 34BED548883901DB9AF70FB6297305F95BC41E1B6B610BB7E146050E033604EB
[TLS] Written transcript to proofs/MSG_TLS_A37E6A9E.out, proofs/SIG_TLS_A37E6A9E.out and proofs/PK_TLS_A37E6A9E.der
Signature verification succeeds
[TLS] Server time: 1620114007
[TLS] client_random  (32): 938C28050692239188D4CC369948014CC9E1B90CB4A940E24D04346DAB71456A
[TLS] sign_hash (32): C3B2F9D688FF3DFC8BA539C54BBA18F6717E8F877499E3A88AD0C4E88D5F6129
[TLS] Written transcript to proofs/MSG_TLS_938C2805.out, proofs/SIG_TLS_938C2805.out and proofs/PK_TLS_938C2805.der
Signature verification succeeds
[TLS] Server time: 1620114007
[TLS] client_random  (32): 0C61B681318B7F809CB7866FACA3DC83955EAF28402C22CC845CA8EE80C99D84
[TLS] sign_hash (32): D39DA7F565B41F9EBB453D4937A1BBDD4A08CC2EABCBC20428B983E8C23D3BD3
[TLS] Written transcript to proofs/MSG_TLS_0C61B681.out, proofs/SIG_TLS_0C61B681.out and proofs/PK_TLS_0C61B681.der
Signature verification succeeds
[TLS] Server time: 1620114007
[TLS] client_random  (32): 64C069769591E690601573B3B796009FEF5FF97E6BCA44885BDAE01604D82561
[TLS] sign_hash (32): D398554F648BA6C9163370BB2D1CBCE4221F2C528BA59B99266AC7AC7D614A6B
[TLS] Written transcript to proofs/MSG_TLS_64C06976.out, proofs/SIG_TLS_64C06976.out and proofs/PK_TLS_64C06976.der
Signature verification succeeds
[TLS] Server time: 1620114007
[TLS] client_random  (32): A7CA78E930A6B0EE404DF994F41AB6E10ABCFC2591553B460B8FFFEE34D2F3CE
[TLS] sign_hash (32): 32FED050CD6B2B05C08CC53E4A44F9830801D7986C50B21D6E457CFE5D79FF12
[TLS] Written transcript to proofs/MSG_TLS_A7CA78E9.out, proofs/SIG_TLS_A7CA78E9.out and proofs/PK_TLS_A7CA78E9.der
Signature verification succeeds
[TLS] Server time: 1620114007
[TLS] client_random  (32): 47E70970E3DEB6BC2D45ECF17EA1615B1E77E29FDE323D4A541E21E23869E5E6
[TLS] sign_hash (32): AB368570842ED5CA287E7A7C5E776F3D04511DC6F0060F0F4CD1FDA17736130B
[TLS] Written transcript to proofs/MSG_TLS_47E70970.out, proofs/SIG_TLS_47E70970.out and proofs/PK_TLS_47E70970.der
Signature verification succeeds
[TLS] Server time: 1620114007
[TLS] client_random  (32): B13B0B48E5423425D60B0B359DF496B86F83517F995681647994BFE984785830
[TLS] sign_hash (32): AB8D11775AA4F5488CE1712E3A50B67DC460F9577A4C61BD1A7666C4C2F07E5A
[TLS] Written transcript to proofs/MSG_TLS_B13B0B48.out, proofs/SIG_TLS_B13B0B48.out and proofs/PK_TLS_B13B0B48.der
Signature verification succeeds
[TLS] Server time: 1620114007
[TLS] client_random  (32): CCAB3DF312161C83EC72243DEDE06ACD5386A807F6D1F388F0EB2D301C466FBA
[TLS] sign_hash (32): 11AC8C7FE999472BA6ECE38DD9735AB7497223B8843A48D5143DD10B340ECD9B
[TLS] Written transcript to proofs/MSG_TLS_CCAB3DF3.out, proofs/SIG_TLS_CCAB3DF3.out and proofs/PK_TLS_CCAB3DF3.der
Signature verification succeeds
[TLS] Server time: 1620114007
[TLS] client_random  (32): 97DE55669803D96E4783FD041009F820219318710C05E8D25483978B6306E87B
[TLS] sign_hash (32): BD0DF323C911593EC0885838FE1895794AF5C78C0A48891CADABE7058C295244
[TLS] Written transcript to proofs/MSG_TLS_97DE5566.out, proofs/SIG_TLS_97DE5566.out and proofs/PK_TLS_97DE5566.der
Signature verification succeeds
[TLS] Server time: 1620114007
[TLS] client_random  (32): 570B3677C23FAB1304C5F3EE2BC3864287B1F08454B5B1DDB320760F425ABB35
[TLS] sign_hash (32): CD9458C5004970E1C3D271F9D9B46427E0EBFA22B548832BB2753F8C9A6E4772
[TLS] Written transcript to proofs/MSG_TLS_570B3677.out, proofs/SIG_TLS_570B3677.out and proofs/PK_TLS_570B3677.der
Signature verification succeeds
[TLS] Server time: 1620114007
[TLS] client_random  (32): 6C1379026EC28CF49A9EA4BD51F173598C48FF8853F18BCA88DEE864B0265D0C
[TLS] sign_hash (32): EB738A333409B3E00D6C58DC16C5187C68EE4BBF5DEA2257ED9FCA8A052F4F10
[TLS] Written transcript to proofs/MSG_TLS_6C137902.out, proofs/SIG_TLS_6C137902.out and proofs/PK_TLS_6C137902.der
Signature verification succeeds
[TLS] Server time: 1620114007
[TLS] client_random  (32): D651F3F4C2FF71780212F4F05DDE0DAB8C9D441BB617E693A25C2A1D8F20FFE1
[TLS] sign_hash (32): AD92AB884454E9F458421CA5D7649861B0C9BFE214B64F0BEA6598F72D29FD63
[TLS] Written transcript to proofs/MSG_TLS_D651F3F4.out, proofs/SIG_TLS_D651F3F4.out and proofs/PK_TLS_D651F3F4.der
Signature verification succeeds
[TLS] Server time: 1620114007
[TLS] client_random  (32): 9CDEAFEA61F90368D25800A72E946E83A214F33FD7EE9084AE8C395306D0D83B
[TLS] sign_hash (32): 40F394D6CB8A2493845A895A03E8D289E77538639F36526E6C7F9857F71797DC
[TLS] Written transcript to proofs/MSG_TLS_9CDEAFEA.out, proofs/SIG_TLS_9CDEAFEA.out and proofs/PK_TLS_9CDEAFEA.der
Signature verification succeeds
[TLS] Server time: 1620114007
[TLS] client_random  (32): 9DD3FD684614EC3136D7FD0B64F8AD1807A6E9BB349C95C6D3B4DE08AA8C08B7
[TLS] sign_hash (32): 1068768A3222063BDCD82288B5D27DA40791E889E758ED4B66C5DB7DA7665768
[TLS] Written transcript to proofs/MSG_TLS_9DD3FD68.out, proofs/SIG_TLS_9DD3FD68.out and proofs/PK_TLS_9DD3FD68.der
Signature verification succeeds
[TLS] Server time: 1620114008
[TLS] client_random  (32): 17F6CF8BB723325D3628D6E692532C4088C9D99989CAEC62061024ADED145D6C
[TLS] sign_hash (32): F42AE1F6CE3A76FEDB4A79F4815400B3BD694D0AB564EB9456E348BA0B7C3CF5
[TLS] Written transcript to proofs/MSG_TLS_17F6CF8B.out, proofs/SIG_TLS_17F6CF8B.out and proofs/PK_TLS_17F6CF8B.der
Signature verification succeeds
[TLS] Server time: 1620114008
[TLS] client_random  (32): 291A6DFFAEF77163F703593CCD2CFDBC48A56B1A4EA06FA0C207226AC0867ACB
[TLS] sign_hash (32): E18F817C0DB7E01E8E2A0916D9BED370BD28A73C15E342F79489EE7ECCEEB375
[TLS] Written transcript to proofs/MSG_TLS_291A6DFF.out, proofs/SIG_TLS_291A6DFF.out and proofs/PK_TLS_291A6DFF.der
Signature verification succeeds
[TLS] Server time: 1620114008
[TLS] client_random  (32): 4D51FA37AB6ADB35DEB8422410C8462DD631D6933A9FB3C87AE6F6A814A40448
[TLS] sign_hash (32): 97D34D7C84B5538BAEA3EC847440E04AA85460BA22116ED34E10242E7E956694
[TLS] Written transcript to proofs/MSG_TLS_4D51FA37.out, proofs/SIG_TLS_4D51FA37.out and proofs/PK_TLS_4D51FA37.der
Signature verification succeeds
[TLS] Server time: 1620114008
[TLS] client_random  (32): E6AE1257141A74EC49E8FABA0B56DD7BE4A77B6F8FAF7D5D2AF51F2242A94602
[TLS] sign_hash (32): 630B2BA16EA60ABD8BBE093BD961A6AFCACEC6E63336117CF3FC6C9A51834211
[TLS] Written transcript to proofs/MSG_TLS_E6AE1257.out, proofs/SIG_TLS_E6AE1257.out and proofs/PK_TLS_E6AE1257.der
Signature verification succeeds
[TLS] Server time: 1620114008
[TLS] client_random  (32): B8C38A38A39F179B3DB871E52C923E06C42DD87D99A94C0B43DE728B319FBEC1
[TLS] sign_hash (32): 24B8FDE9B7B723F1966A0B036E8380F8E0F76387B88915ACE9876C352B8D03AB
[TLS] Written transcript to proofs/MSG_TLS_B8C38A38.out, proofs/SIG_TLS_B8C38A38.out and proofs/PK_TLS_B8C38A38.der
Signature verification succeeds
[TLS] Server time: 1620114008
[TLS] client_random  (32): B0FBEAEE88A4581DD06D7186480D850486242C037EAE536F045923A1AF9DB26C
[TLS] sign_hash (32): F52F8AF9E3E081C53CBA057306E89193EC8CCF74BC60AD7E3BB419CFF7084914
[TLS] Written transcript to proofs/MSG_TLS_B0FBEAEE.out, proofs/SIG_TLS_B0FBEAEE.out and proofs/PK_TLS_B0FBEAEE.der
Signature verification succeeds
[TLS] Server time: 1620114008
[TLS] client_random  (32): 4B8B1455781FBBFC60FC5C91DF52D7DF580355E18BE1707B4B7179348C91DAA2
[TLS] sign_hash (32): BADE20808F5091A1B1AA6FD2333FBB8865C0255263B8503CF43E1850B82D1345
[TLS] Written transcript to proofs/MSG_TLS_4B8B1455.out, proofs/SIG_TLS_4B8B1455.out and proofs/PK_TLS_4B8B1455.der
Signature verification succeeds
[TLS] Server time: 1620114008
[TLS] client_random  (32): 079367433EBAF0F1CD89906F1F2E3A7E8503B889D9EB3F25A36054BF0FEE80CB
[TLS] sign_hash (32): 05F36A301348EAE43487BD328025169E304576102C38559AC3D74A6C5FA1B338
[TLS] Written transcript to proofs/MSG_TLS_07936743.out, proofs/SIG_TLS_07936743.out and proofs/PK_TLS_07936743.der
Signature verification succeeds
[TLS] Server time: 1620114008
[TLS] client_random  (32): 21EF99BD87B4E97A2BDCEF0C5A6A872E89D87CA39751F8FF80631F4B7598A11B
[TLS] sign_hash (32): 9C45EB75A75CD691E8B6FA594F9C90465D66FA5DDF47FF760C6C282A7A728B47
[TLS] Written transcript to proofs/MSG_TLS_21EF99BD.out, proofs/SIG_TLS_21EF99BD.out and proofs/PK_TLS_21EF99BD.der
Signature verification succeeds
[TLS] Server time: 1620114008
[TLS] client_random  (32): 9E09F72ED1441894B4561AA07DE120BC077F588BB2C12B16FDCF4C36EFCD4886
[TLS] sign_hash (32): CFCB8E2F8057D718E34EC0C9044C4D065F0A55895E159C0ED8E5239CE408AE3C
[TLS] Written transcript to proofs/MSG_TLS_9E09F72E.out, proofs/SIG_TLS_9E09F72E.out and proofs/PK_TLS_9E09F72E.der
Signature verification succeeds
[TLS] Server time: 1620114008
[TLS] client_random  (32): 755D55C3DFEACCA4B21EFB85353A1A8C471420CC8D1C669EF58288935BEC52E7
[TLS] sign_hash (32): B0BB5C595E1430CC4B889489F2A61C0BB34FF79248615E5449DBF5B60B565C69
[TLS] Written transcript to proofs/MSG_TLS_755D55C3.out, proofs/SIG_TLS_755D55C3.out and proofs/PK_TLS_755D55C3.der
Signature verification succeeds
[TLS] Server time: 1620114008
[TLS] client_random  (32): 874AB394E6D158B289D0C8E2F0CA13631CE68801EE4A93A31942A5DD4BC29D85
[TLS] sign_hash (32): 35FA7A8127FFEFAEF5AE97A68785CCF5123F84413D963172318EBBDFFCEFCF4B
[TLS] Written transcript to proofs/MSG_TLS_874AB394.out, proofs/SIG_TLS_874AB394.out and proofs/PK_TLS_874AB394.der
Signature verification succeeds
[TLS] Server time: 1620114008
[TLS] client_random  (32): 5413C3BD40E02ED4A414F0A36DF71E049F1736C725BAD4F88A1C61E4D6C14FB7
[TLS] sign_hash (32): BE50A80896DDA01308139F369D5A3ACE9580FD0A94C78AB6E5CDC8F9EA62AA2F
[TLS] Written transcript to proofs/MSG_TLS_5413C3BD.out, proofs/SIG_TLS_5413C3BD.out and proofs/PK_TLS_5413C3BD.der
Signature verification succeeds
[TLS] Server time: 1620114008
[TLS] client_random  (32): BE7D9491D86E071D1ED56EE1FC4BC8A3200C8D3B3CDDAA424BA363AB660A7215
[TLS] sign_hash (32): F7AF77091AE4724F726008BFAB4C64606455A9EC10C82CDCFA0FF35F2C1CEC1A
[TLS] Written transcript to proofs/MSG_TLS_BE7D9491.out, proofs/SIG_TLS_BE7D9491.out and proofs/PK_TLS_BE7D9491.der
Signature verification succeeds
[TLS] Server time: 1620114008
[TLS] client_random  (32): A3DABA63B84E026423215A995B9AF551F59C1DA1711E25367B84981D04A6615C
[TLS] sign_hash (32): 8431441DB2A58F9FB7D7302338816F0B6112537B2B465A94C03028C63B0F33C8
[TLS] Written transcript to proofs/MSG_TLS_A3DABA63.out, proofs/SIG_TLS_A3DABA63.out and proofs/PK_TLS_A3DABA63.der
Signature verification succeeds
[TLS] Server time: 1620114008
[TLS] client_random  (32): D219A4890FE8C9A34C6AE8698A29A73048792BD88ADD8757C45776F153BC4176
[TLS] sign_hash (32): C681FBC89341C0C82C37757FF1339A5B6BD7E292E1F95B7111D1516DC9446428
[TLS] Written transcript to proofs/MSG_TLS_D219A489.out, proofs/SIG_TLS_D219A489.out and proofs/PK_TLS_D219A489.der
Signature verification succeeds
[TLS] Server time: 1620114008
[TLS] client_random  (32): 495FD4C796094CE6C931176521355C6FC2778E1715391BA0467ACDF751C67EBC
[TLS] sign_hash (32): 0C72DF13CCC1A211439DFAD156A4C79C5E546CF6D87E7D0C8D6331871E50AFE1
[TLS] Written transcript to proofs/MSG_TLS_495FD4C7.out, proofs/SIG_TLS_495FD4C7.out and proofs/PK_TLS_495FD4C7.der
Signature verification succeeds
[TLS] Server time: 1620114008
[TLS] client_random  (32): A11BEE2D577BF8006E14CC96819CB74A1DDABB9D2A62F6BC32C6F62A06249605
[TLS] sign_hash (32): 6237A74BEC55F49FE7FEBD370AC44EBBF4BCD18BEBDB0D21EC278B4AE382FBFC
[TLS] Written transcript to proofs/MSG_TLS_A11BEE2D.out, proofs/SIG_TLS_A11BEE2D.out and proofs/PK_TLS_A11BEE2D.der
Signature verification succeeds
[TLS] Server time: 1620114008
[TLS] client_random  (32): 174FAEDDA3C8A96179006CB565076D52350132B1C89EA9A88191CC08EC17EF15
[TLS] sign_hash (32): 5FEF809C2F7D59FE9FBFEFD72C1447275CEB9976B40DD4389A42796324518967
[TLS] Written transcript to proofs/MSG_TLS_174FAEDD.out, proofs/SIG_TLS_174FAEDD.out and proofs/PK_TLS_174FAEDD.der
Signature verification succeeds
[TLS] Server time: 1620114008
[TLS] client_random  (32): 73844EC2567A4E47CAEA7D88CAAEA59F10307B02D8433D704BE16B830ED44DC8
[TLS] sign_hash (32): BB93ABC4E5A488CBBCE30A75B6F18016ECD4B413B2F916AE280BA71AA2048EEA
[TLS] Written transcript to proofs/MSG_TLS_73844EC2.out, proofs/SIG_TLS_73844EC2.out and proofs/PK_TLS_73844EC2.der
Signature verification succeeds
[TLS] Server time: 1620114008
[TLS] client_random  (32): 85B6D8B380F05AAAEE2E5AD1816F5202C5D08204A00A6EFCCB28897CFE70A498
[TLS] sign_hash (32): 8F7C03AB5CB6D75E8BCF64D1C294E521AEBDBAD51323580B1922EDC7686EA460
[TLS] Written transcript to proofs/MSG_TLS_85B6D8B3.out, proofs/SIG_TLS_85B6D8B3.out and proofs/PK_TLS_85B6D8B3.der
Signature verification succeeds
[TLS] Server time: 1620114008
[TLS] client_random  (32): AB95C08E0A4CA08002631C2768A294953CB65DE4EC0D5B3FEBEBA549B4370437
[TLS] sign_hash (32): AF4C9AD7B9AED4809EFA6C48EB6277D946F91958DC87DE5DCDBCC095C76666DD
[TLS] Written transcript to proofs/MSG_TLS_AB95C08E.out, proofs/SIG_TLS_AB95C08E.out and proofs/PK_TLS_AB95C08E.der
Signature verification succeeds
[TLS] Server time: 1620114008
[TLS] client_random  (32): FBA96DAF28B077F219645FB6D7140B48E2185AB135F93AD6AAC4BC15ADA64E7C
[TLS] sign_hash (32): A23E0A1AD8D3C36C1E1D1E6349E572BC1AF9C018951E09228814B2E070019A4E
[TLS] Written transcript to proofs/MSG_TLS_FBA96DAF.out, proofs/SIG_TLS_FBA96DAF.out and proofs/PK_TLS_FBA96DAF.der
Signature verification succeeds
[TLS] Server time: 1620114009
[TLS] client_random  (32): 87FA4F7D5E841A645332766B2047BD5915B460E9E8B34A6DBB81561BDED3E468
[TLS] sign_hash (32): 4EA98F7E2D9B5E93CF0DA4C782781CBBAE0CBEC9BCEB1447C7D1A4904305FA5B
[TLS] Written transcript to proofs/MSG_TLS_87FA4F7D.out, proofs/SIG_TLS_87FA4F7D.out and proofs/PK_TLS_87FA4F7D.der
Signature verification succeeds
[TLS] Server time: 1620114009
[TLS] client_random  (32): 478E1DCD410D217112C41DCB87767EBCD554B9EA603CC8D7E20A411D1D2DCC7E
[TLS] sign_hash (32): 7CE5AD9C246DF2522D57799F2B21A11DA2A1CAA4A41B8F4D78C907D5EC2FC07A
[TLS] Written transcript to proofs/MSG_TLS_478E1DCD.out, proofs/SIG_TLS_478E1DCD.out and proofs/PK_TLS_478E1DCD.der
Signature verification succeeds
[TLS] Server time: 1620114009
[TLS] client_random  (32): B7561CFE3FD1C85257BD93FCFC3A981AE0D3F8E68E91C022ECEEBEF6B9EC1C70
[TLS] sign_hash (32): 0B86D46599B0E1C780A2BD71002EF79CD7EE7894FB555FF75913523A9D45E572
[TLS] Written transcript to proofs/MSG_TLS_B7561CFE.out, proofs/SIG_TLS_B7561CFE.out and proofs/PK_TLS_B7561CFE.der
Signature verification succeeds
[TLS] Server time: 1620114009
[TLS] client_random  (32): C23A272D1D3C56BA300AB92B0A0F73E867F2F341554ABB0A390DA502969025BE
[TLS] sign_hash (32): E84DB1323B591B682F112490C06EBDE2CCC5FA87DCDFBAE84CFBB12E65BD826E
[TLS] Written transcript to proofs/MSG_TLS_C23A272D.out, proofs/SIG_TLS_C23A272D.out and proofs/PK_TLS_C23A272D.der
Signature verification succeeds
[TLS] Server time: 1620114009
[TLS] client_random  (32): 6F6BD460B54F22E39D081DDCE3E2F6E8BAAAADE05239C4344F09611E66636C77
[TLS] sign_hash (32): 35B74BE708850D11AB1AC4A890FD1ECAD26501D4F3495FC62F56A2C4ECBFC501
[TLS] Written transcript to proofs/MSG_TLS_6F6BD460.out, proofs/SIG_TLS_6F6BD460.out and proofs/PK_TLS_6F6BD460.der
Signature verification succeeds
[TLS] Server time: 1620114009
[TLS] client_random  (32): C2720EA053B2E6DC63D0061F65EFBA93F5625485F4A09BBC5CAC6C7ED170C6A7
[TLS] sign_hash (32): 4924F1D279973A26D4EE4697806C0DFDA8449CC19D9D4ECE32749846248C4BE1
[TLS] Written transcript to proofs/MSG_TLS_C2720EA0.out, proofs/SIG_TLS_C2720EA0.out and proofs/PK_TLS_C2720EA0.der
Signature verification succeeds
[TLS] Server time: 1620114009
[TLS] client_random  (32): E6DE62DB2D7491AC6F3F76A769E16405CDD5E7244E080A78A8B1FD4CC42024F7
[TLS] sign_hash (32): 59E8FD4FBDD797378F18B4C67DC736AD394AC47B01EFA903A3FF4F1A1B499FF8
[TLS] Written transcript to proofs/MSG_TLS_E6DE62DB.out, proofs/SIG_TLS_E6DE62DB.out and proofs/PK_TLS_E6DE62DB.der
Signature verification succeeds
[TLS] Server time: 1620114009
[TLS] client_random  (32): 713D10BA761B41E7F0DD366C1D5135BA9F77C7A080B1420479BD9156BA7168BE
[TLS] sign_hash (32): 48CB4430BFAA96354793E8AE22C7C07F6261D6AC64CBEFA3EFE57D5FBEE1841A
[TLS] Written transcript to proofs/MSG_TLS_713D10BA.out, proofs/SIG_TLS_713D10BA.out and proofs/PK_TLS_713D10BA.der
Signature verification succeeds
[TLS] Server time: 1620114009
[TLS] client_random  (32): EDA7C98D0DB2883EBB9765B8F6B35332F27CC0F4B803F289AD8BF539ED106CC0
[TLS] sign_hash (32): 4E36C37771FF74BFC1DBA6602558B4FA312960BC842EE5188710DB29EA9703CA
[TLS] Written transcript to proofs/MSG_TLS_EDA7C98D.out, proofs/SIG_TLS_EDA7C98D.out and proofs/PK_TLS_EDA7C98D.der
Signature verification succeeds
[TLS] Server time: 1620114009
[TLS] client_random  (32): 2F19891C1124299BCD3395EE7C60D53661FBFBD4A0D13F93EAAC4ABF2DABC15D
[TLS] sign_hash (32): E72D21303CA8362008CBF18B1EAB1BE9B6D9079D7E7C7309B06FCA3BCD378D34
[TLS] Written transcript to proofs/MSG_TLS_2F19891C.out, proofs/SIG_TLS_2F19891C.out and proofs/PK_TLS_2F19891C.der
Signature verification succeeds
[TLS] Server time: 1620114009
[TLS] client_random  (32): BBEAD22B2FD335503F721E0630CE6CA3C66E0FC2B5B176ED3D55AED6BA7FB862
[TLS] sign_hash (32): 26489487D0597CD03441DF7FC33F9BE76E39A664C7F12CDB68F8462B2F09AF14
[TLS] Written transcript to proofs/MSG_TLS_BBEAD22B.out, proofs/SIG_TLS_BBEAD22B.out and proofs/PK_TLS_BBEAD22B.der
Signature verification succeeds
[TLS] Server time: 1620114009
[TLS] client_random  (32): 64875102CC24063D3DBA6CACA839D3E12CF5AC37010538EAC6461F362ACE1470
[TLS] sign_hash (32): B5F46B57DDE191D5071702C108082FD2BCEA32779777611BA4D8B4C3866A85FE
[TLS] Written transcript to proofs/MSG_TLS_64875102.out, proofs/SIG_TLS_64875102.out and proofs/PK_TLS_64875102.der
Signature verification succeeds
[TLS] Server time: 1620114009
[TLS] client_random  (32): 29CD36ED81C6BBA4DC70515F379D6993EEF2A1CE93CC0725479A2A4F8B2E62B1
[TLS] sign_hash (32): 1BE0A761EFF8BF98109E2E2C0F90D81BD01252D8DD008A760784E7895800733D
[TLS] Written transcript to proofs/MSG_TLS_29CD36ED.out, proofs/SIG_TLS_29CD36ED.out and proofs/PK_TLS_29CD36ED.der
Signature verification succeeds
[TLS] Server time: 1620114009
[TLS] client_random  (32): F0B80C95B3DF781D4DE5571C05928A51F51032792E66C4C26E2D341EF7697613
[TLS] sign_hash (32): 3AF5FB571D980F5D32F27171DF7672EE9E77085D2F7F7E681D113BFEA3668096
[TLS] Written transcript to proofs/MSG_TLS_F0B80C95.out, proofs/SIG_TLS_F0B80C95.out and proofs/PK_TLS_F0B80C95.der
Signature verification succeeds
Time breakdown (averages): anchor_ping:68.631068 file_read:0.149683 hashing:0.470276
Total time for 113 rounds is 7894.005807ms
Standard deviations: anchor_ping:191.317145 file_read:0.015809 hashing:0.004613
[Client-side ops] mean:0.619959 sd:0.016982
in & out anchor rand written to proofs/phase1.out
     30 [TLS] Server time: 1620114001
      3 [TLS] Server time: 1620114002
      4 [TLS] Server time: 1620114004
      4 [TLS] Server time: 1620114005
      6 [TLS] Server time: 1620114006
     30 [TLS] Server time: 1620114007
     23 [TLS] Server time: 1620114008
     14 [TLS] Server time: 1620114009
Count is 30
Count is 3
Count is 4
Count is 4
Count is 6
Count is 30
Count is 23
Count is 14
success: 0
Sleeping before retrying
CONF: anchor:gold.ac.uk fs:1024MB n_rounds:113 seed:5c9f4bf9bbc15bb855f82faedc5a52fc3ab2dfa8ec3ba3ce1b270f31fa0cced2 filename:FILE bs:1024 nops:100 benchmarking:0 anchor_ping:1 queue_depth:32 direct:0
[TLS] Connecting to gold.ac.uk
[TLS] Server time: 1620114011
[TLS] client_random  (32): 5C9F4BF9BBC15BB855F82FAEDC5A52FC3AB2DFA8EC3BA3CE1B270F31FA0CCED2
[TLS] sign_hash (32): 040987305445B907112067F21D291AAAFCBD8E89E1383D9923060B65002AAB4B
[TLS] Written transcript to proofs/MSG_TLS_5C9F4BF9.out, proofs/SIG_TLS_5C9F4BF9.out and proofs/PK_TLS_5C9F4BF9.der
Signature verification succeeds
[TLS] Server time: 1620114011
[TLS] client_random  (32): 92B7EB6E6CABCA6C97B6C933BDC40BF71CCA21EBD5593CAD25B7B181850772C7
[TLS] sign_hash (32): 6C3F0FF61702561B6EE1385733954F548F53D661D2A4094B2DDC8C399E0122C7
[TLS] Written transcript to proofs/MSG_TLS_92B7EB6E.out, proofs/SIG_TLS_92B7EB6E.out and proofs/PK_TLS_92B7EB6E.der
Signature verification succeeds
[TLS] Server time: 1620114011
[TLS] client_random  (32): 47B6B01269CB1B2C2DB7AF97A2DDCDAEF2FE19F38A8EE73EC5E1F63D65192173
[TLS] sign_hash (32): A731A8C0CEDBD3D693D3BA90061940004AC921429B60D6526B7BCD12ABC52EF4
[TLS] Written transcript to proofs/MSG_TLS_47B6B012.out, proofs/SIG_TLS_47B6B012.out and proofs/PK_TLS_47B6B012.der
Signature verification succeeds
[TLS] Server time: 1620114011
[TLS] client_random  (32): AC6284D5885D99917AACEC37ABAF566FFD5B539F841E082773F087D3C4FB1571
[TLS] sign_hash (32): FD6D6BB063EE2C10041E549373D7862EFB45BC90740142CFA49FEC5B35479C4F
[TLS] Written transcript to proofs/MSG_TLS_AC6284D5.out, proofs/SIG_TLS_AC6284D5.out and proofs/PK_TLS_AC6284D5.der
Signature verification succeeds
[TLS] Server time: 1620114011
[TLS] client_random  (32): 2BEC99FD0484FDE67CE5FD156858439980B623AB35AEE091ECE725FA1D8973C5
[TLS] sign_hash (32): 61EC71C164EAAEF2635A6DC250926AF1B703807BBD249C9B770FC6A18A18DE98
[TLS] Written transcript to proofs/MSG_TLS_2BEC99FD.out, proofs/SIG_TLS_2BEC99FD.out and proofs/PK_TLS_2BEC99FD.der
Signature verification succeeds
[TLS] Server time: 1620114011
[TLS] client_random  (32): 65E7DF6BEC77B07CFB52F4C4A7A048EF241FC8A7D4ED7CD27376C22923423190
[TLS] sign_hash (32): D1A0442842AE8BAFA3E26A345FDC6C45CDCEBC213DC4809943A9BC3D6117F808
[TLS] Written transcript to proofs/MSG_TLS_65E7DF6B.out, proofs/SIG_TLS_65E7DF6B.out and proofs/PK_TLS_65E7DF6B.der
Signature verification succeeds
[TLS] Server time: 1620114011
[TLS] client_random  (32): 42CE24965717DDC84ED480A41EFA361499A4A74D053730072BEFF912BEB3B51D
[TLS] sign_hash (32): D17FBB54BECB277412E579FDA96D503330874F186A906B5D29883FABC7A57DF0
[TLS] Written transcript to proofs/MSG_TLS_42CE2496.out, proofs/SIG_TLS_42CE2496.out and proofs/PK_TLS_42CE2496.der
Signature verification succeeds
[TLS] Server time: 1620114011
[TLS] client_random  (32): 7F9A77926AD7AAB43E342415B5AEA6A2277338CC2165ACC2DC0AF50EAFE8E144
[TLS] sign_hash (32): 3EC82DF4B3407B03BA7B413B01FC3EFE0E5BA9AD1FAD290D368BCF46EB9DEF87
[TLS] Written transcript to proofs/MSG_TLS_7F9A7792.out, proofs/SIG_TLS_7F9A7792.out and proofs/PK_TLS_7F9A7792.der
Signature verification succeeds
[TLS] Server time: 1620114011
[TLS] client_random  (32): D7050F18965065385AD030023F8132D8315E2BC153C151E70B63E6133E896360
[TLS] sign_hash (32): 45CC3F0B90EF0802FF2FD62D0F1C84387166066E2FBB44F968CF718250EBB6AA
[TLS] Written transcript to proofs/MSG_TLS_D7050F18.out, proofs/SIG_TLS_D7050F18.out and proofs/PK_TLS_D7050F18.der
Signature verification succeeds
[TLS] Server time: 1620114011
[TLS] client_random  (32): C29898B2CA80DED877D51CF2C34607CA6121296F948F1F94DA2BBCB40CD97876
[TLS] sign_hash (32): 8D3D521D6CD98F227A0D0D7C6C8225403680574D507DDCAB8A1A34BCE53FAA69
[TLS] Written transcript to proofs/MSG_TLS_C29898B2.out, proofs/SIG_TLS_C29898B2.out and proofs/PK_TLS_C29898B2.der
Signature verification succeeds
[TLS] Server time: 1620114011
[TLS] client_random  (32): A6123089CA1B13C701059E9AD0676CFE6BF2C3D6C1B0A2F8A973BC2A702EEBBB
[TLS] sign_hash (32): F2B04E860E78AE708EFADF6B092DA8E7C50E89250CFBB55C7DE548E856B1C1F8
[TLS] Written transcript to proofs/MSG_TLS_A6123089.out, proofs/SIG_TLS_A6123089.out and proofs/PK_TLS_A6123089.der
Signature verification succeeds
[TLS] Server time: 1620114011
[TLS] client_random  (32): 072574F46647CEABC9691D085F99C9CAEDB62126D3A1926EAFF64D6172927887
[TLS] sign_hash (32): C68DD1CFB089D6C2767DFF84B76D04B175EDE57E092C2D86B652C88FC11B8DBA
[TLS] Written transcript to proofs/MSG_TLS_072574F4.out, proofs/SIG_TLS_072574F4.out and proofs/PK_TLS_072574F4.der
Signature verification succeeds
[TLS] Server time: 1620114011
[TLS] client_random  (32): D28A359F8F686E08B0C1D199818374BF87CAB7D76BD34BB0EBF520344E7D5958
[TLS] sign_hash (32): 46C60E912D37585DFB1E1967913D7E3269836238508BC142DC3E80F92A9C9F89
[TLS] Written transcript to proofs/MSG_TLS_D28A359F.out, proofs/SIG_TLS_D28A359F.out and proofs/PK_TLS_D28A359F.der
Signature verification succeeds
[TLS] Server time: 1620114011
[TLS] client_random  (32): 4CACDF6F7B8A9378551F842A07E6436EE6CDEEA7F8F7B51A092E31CAE09BCA9D
[TLS] sign_hash (32): 50D6C6E91561F5CD88ED3B727B238C5A19CA0A1BA8CCFC55C3E7DA2F1B70EED6
[TLS] Written transcript to proofs/MSG_TLS_4CACDF6F.out, proofs/SIG_TLS_4CACDF6F.out and proofs/PK_TLS_4CACDF6F.der
Signature verification succeeds
[TLS] Server time: 1620114011
[TLS] client_random  (32): 384EA8E1A93A168890FE305649A971720D1F37B7CB0A75C03B205A033117A1FC
[TLS] sign_hash (32): EA717A8E073BA95256F0C0B50E3FF29E8668897C0CAD9B43AA9ED4CD2CA2B089
[TLS] Written transcript to proofs/MSG_TLS_384EA8E1.out, proofs/SIG_TLS_384EA8E1.out and proofs/PK_TLS_384EA8E1.der
Signature verification succeeds
[TLS] Server time: 1620114011
[TLS] client_random  (32): CB3ECF1FEA35DED9F7467B82D4A0CF241A68F0123890F28D805417F84724CAE7
[TLS] sign_hash (32): 4470AFE747E97577E998AF6E383F1A595477B34F895FDD15DAF12AAD449BA70F
[TLS] Written transcript to proofs/MSG_TLS_CB3ECF1F.out, proofs/SIG_TLS_CB3ECF1F.out and proofs/PK_TLS_CB3ECF1F.der
Signature verification succeeds
[TLS] Server time: 1620114011
[TLS] client_random  (32): 07DE327DA8A7C34370C60132433139F8A357794784F163401E5656FEAD139113
[TLS] sign_hash (32): C1DD39EBBCA0B277D0A2BA3B06083AD9033E2A66581475489071E679B4255A96
[TLS] Written transcript to proofs/MSG_TLS_07DE327D.out, proofs/SIG_TLS_07DE327D.out and proofs/PK_TLS_07DE327D.der
Signature verification succeeds
[TLS] Server time: 1620114011
[TLS] client_random  (32): 20705D7EDFF190D3373B55F1D497CC4A702A4B1A121F0BDE44856C391FE7BCA6
[TLS] sign_hash (32): 3AD385C5A8D8B29266E6D7D5DC8F6A1F253913B848336BB47ABEAEA93ACD9C2D
[TLS] Written transcript to proofs/MSG_TLS_20705D7E.out, proofs/SIG_TLS_20705D7E.out and proofs/PK_TLS_20705D7E.der
Signature verification succeeds
[TLS] Server time: 1620114011
[TLS] client_random  (32): E2BDDE9649F196E22D5EF694194D23B2ACA2E0B7357BFDBA87A58372DBB0CA9C
[TLS] sign_hash (32): 609E21360BF8D9A9CFAEFE65FAD24946548138BF6B4BF62F7F51DCDA0227D577
[TLS] Written transcript to proofs/MSG_TLS_E2BDDE96.out, proofs/SIG_TLS_E2BDDE96.out and proofs/PK_TLS_E2BDDE96.der
Signature verification succeeds
[TLS] Server time: 1620114011
[TLS] client_random  (32): 5CF0E8A9C0D028144982DDA4868388EE7AC51F3ECA856A466E3CA0D9900E6CF2
[TLS] sign_hash (32): E17057801773DDD8E2A8CA16171C5C6001D35CF9E607C2DABD1C12F5A1A58B07
[TLS] Written transcript to proofs/MSG_TLS_5CF0E8A9.out, proofs/SIG_TLS_5CF0E8A9.out and proofs/PK_TLS_5CF0E8A9.der
Signature verification succeeds
[TLS] Server time: 1620114011
[TLS] client_random  (32): 4061085BA357358CFCA20F087C1215A2C4C800E8CB96DC850D59BBCD5D9BD022
[TLS] sign_hash (32): 39BE1D99EC58ABE5EB10CBAF681E1282F6B81650081CB07FA0C73463F4DA193A
[TLS] Written transcript to proofs/MSG_TLS_4061085B.out, proofs/SIG_TLS_4061085B.out and proofs/PK_TLS_4061085B.der
Signature verification succeeds
[TLS] Server time: 1620114011
[TLS] client_random  (32): D86BF695CF04F4F01F18B9C4825F38ABBCCA741A52A3A9BB09D62DAB80C9F18F
[TLS] sign_hash (32): DDD9D1253BF46E265F474F7AFC14CC0DFD964A51E7034EFBCD96DBC33FD4C51B
[TLS] Written transcript to proofs/MSG_TLS_D86BF695.out, proofs/SIG_TLS_D86BF695.out and proofs/PK_TLS_D86BF695.der
Signature verification succeeds
[TLS] Server time: 1620114011
[TLS] client_random  (32): B6CC51A337622C5CF9E2D68F357D8D3851C4E905AF3DA54781D873E88D099EB5
[TLS] sign_hash (32): D471F6462E0F313A5B82EBDE7D2D3F1004111D4CE6735D1A78BC532B41CFB2CE
[TLS] Written transcript to proofs/MSG_TLS_B6CC51A3.out, proofs/SIG_TLS_B6CC51A3.out and proofs/PK_TLS_B6CC51A3.der
Signature verification succeeds
[TLS] Server time: 1620114011
[TLS] client_random  (32): 675F8701F19523EC77A17E5F5345764BD5C51E8031C8B207C7922C51B8C172AD
[TLS] sign_hash (32): D1D4D2A691DDED9EF9AA5429808697E3C6D85F50C1958C50A31254565A82EC09
[TLS] Written transcript to proofs/MSG_TLS_675F8701.out, proofs/SIG_TLS_675F8701.out and proofs/PK_TLS_675F8701.der
Signature verification succeeds
[TLS] Server time: 1620114011
[TLS] client_random  (32): 2C649A146EA3BF7EA5A4037E608D3BA51202D5B89118AAD2A01383CCF237604F
[TLS] sign_hash (32): B003BA26DC6AA8B8C70939A6FAB8A088788219D49F242FD9DFAEF8625F7125DC
[TLS] Written transcript to proofs/MSG_TLS_2C649A14.out, proofs/SIG_TLS_2C649A14.out and proofs/PK_TLS_2C649A14.der
Signature verification succeeds
[TLS] Server time: 1620114011
[TLS] client_random  (32): 13556FCAF1F7EBF350CF1263B97ACB958FD2B8E85F4C1EA10E1BB454EA45932A
[TLS] sign_hash (32): B9B9FCA83EAF02CEEC454CEBF95AB6E167CBD31D8DB0E060E2A3A81CE339C7DB
[TLS] Written transcript to proofs/MSG_TLS_13556FCA.out, proofs/SIG_TLS_13556FCA.out and proofs/PK_TLS_13556FCA.der
Signature verification succeeds
[TLS] Server time: 1620114011
[TLS] client_random  (32): 80C20118602B70E8E6C2F90FD4AD83F2C5C327338D70295049EB80934EEDD8A6
[TLS] sign_hash (32): 7A45CFBACA14A12583C248940E60A5F625946419204452B2B1933C44FA317299
[TLS] Written transcript to proofs/MSG_TLS_80C20118.out, proofs/SIG_TLS_80C20118.out and proofs/PK_TLS_80C20118.der
Signature verification succeeds
[TLS] Server time: 1620114011
[TLS] client_random  (32): E1577D96E43795B576D05746AFD1D11B9C0BD9F81D1CF1FD3B10A26D9E28FC37
[TLS] sign_hash (32): 6276724485FBF16C70FB746C73153961CD1D46FE64AC5757E1F087554BE614CE
[TLS] Written transcript to proofs/MSG_TLS_E1577D96.out, proofs/SIG_TLS_E1577D96.out and proofs/PK_TLS_E1577D96.der
Signature verification succeeds
[TLS] Server time: 1620114011
[TLS] client_random  (32): B6A0E973C4A197277846CE2B1C6838135648CE8805646E23671AC8B189F57C63
[TLS] sign_hash (32): 51CD3022480BB0F1357954E89DC9F861B3E87EE35EBCB206D520A16A21628146
[TLS] Written transcript to proofs/MSG_TLS_B6A0E973.out, proofs/SIG_TLS_B6A0E973.out and proofs/PK_TLS_B6A0E973.der
Signature verification succeeds
[TLS] Server time: 1620114011
[TLS] client_random  (32): 4D5C1783EE9210B67A7DC60B37216C2097BFA85AA6AAC301C2704691ACCF0571
[TLS] sign_hash (32): F129F058438015ECDA1D684548D6D94E30EC4C7F4FA7264FF332B7A1E5D80BCB
[TLS] Written transcript to proofs/MSG_TLS_4D5C1783.out, proofs/SIG_TLS_4D5C1783.out and proofs/PK_TLS_4D5C1783.der
Signature verification succeeds
[TLS] Server time: 1620114011
[TLS] client_random  (32): 6820B6A088B35ED7168DE17A9EB916586AE6447957988493F05A0142C1CDF2A1
[TLS] sign_hash (32): 79E6EAF06EB8B366C0298073C693E7EEF92C1B67141E817DBE8F94D5E9E751FC
[TLS] Written transcript to proofs/MSG_TLS_6820B6A0.out, proofs/SIG_TLS_6820B6A0.out and proofs/PK_TLS_6820B6A0.der
Signature verification succeeds
[TLS] Server time: 1620114011
[TLS] client_random  (32): 06265D79880BA617CA90F0C1D3E41DB13C85F8D72900EA51C233D9CC7C240E7A
[TLS] sign_hash (32): BBEA3EF0FA453566F702708FB993B4B150C6BD2656564FA6D99A086FA8811C23
[TLS] Written transcript to proofs/MSG_TLS_06265D79.out, proofs/SIG_TLS_06265D79.out and proofs/PK_TLS_06265D79.der
Signature verification succeeds
[TLS] Server time: 1620114011
[TLS] client_random  (32): 2F17443CA8A335909BE1C9144B740A6088AE0EE75ED59DC74C53209251744C3B
[TLS] sign_hash (32): C5706B8CF595425D336322588CD2C0E05140EE6CD77168EB411A035C13614B9F
[TLS] Written transcript to proofs/MSG_TLS_2F17443C.out, proofs/SIG_TLS_2F17443C.out and proofs/PK_TLS_2F17443C.der
Signature verification succeeds
[TLS] Server time: 1620114011
[TLS] client_random  (32): AF1B81CEAC62446208ECFCA8759140212C79AC2CDCD0850BD73474A1FD786E8F
[TLS] sign_hash (32): 675BF821C59F19503F6F0A5D6C8690F4E30EE4379B61D0813887FF9491240DC8
[TLS] Written transcript to proofs/MSG_TLS_AF1B81CE.out, proofs/SIG_TLS_AF1B81CE.out and proofs/PK_TLS_AF1B81CE.der
Signature verification succeeds
[TLS] Server time: 1620114011
[TLS] client_random  (32): A40CA832ABF89AB0334A6068C61E0FDF13DFA7C44DB853E0677A2EA4D7C398E0
[TLS] sign_hash (32): E2F9641ECBB9D3D190F62A556345CFDD30DC12B9BBBC0EA29625988B39F46764
[TLS] Written transcript to proofs/MSG_TLS_A40CA832.out, proofs/SIG_TLS_A40CA832.out and proofs/PK_TLS_A40CA832.der
Signature verification succeeds
[TLS] Server time: 1620114011
[TLS] client_random  (32): 22FBD8F1D49C8F27B188503F0C9A21C31B3AAF77157A83A0D6592FDF20E53132
[TLS] sign_hash (32): 5FCFB0F731BEBB1663D2CE30B5EC0C5E56A5229333478D4E2772503C10F30FEC
[TLS] Written transcript to proofs/MSG_TLS_22FBD8F1.out, proofs/SIG_TLS_22FBD8F1.out and proofs/PK_TLS_22FBD8F1.der
Signature verification succeeds
[TLS] Server time: 1620114011
[TLS] client_random  (32): B7DD7948E256F553B7C7E34D0C7C29D85B052FC388BBDBEF9D2F9C1D5EED3E7F
[TLS] sign_hash (32): 1CBEEB6D5B6E6349947020AD33CA7830851BCBBAA14D2A230C84FB1539C6680F
[TLS] Written transcript to proofs/MSG_TLS_B7DD7948.out, proofs/SIG_TLS_B7DD7948.out and proofs/PK_TLS_B7DD7948.der
Signature verification succeeds
[TLS] Server time: 1620114011
[TLS] client_random  (32): C3DFD7121563F053F3251F178DFA98B508460AB5B283B464FE51D5D64F80D76A
[TLS] sign_hash (32): 791C855B743A773797C2F39B5045346E88BD94AB2D7624E33D246A097722742A
[TLS] Written transcript to proofs/MSG_TLS_C3DFD712.out, proofs/SIG_TLS_C3DFD712.out and proofs/PK_TLS_C3DFD712.der
Signature verification succeeds
[TLS] Server time: 1620114011
[TLS] client_random  (32): CB63A6E361EE24E58B4CB0F9521765F65458EAE5F3BD474B83D0BCA0E11BE7E1
[TLS] sign_hash (32): 493B8C3DA8A911FA2622FC1EEBB1E18172039D42F051A645E7195339FB4CE0DC
[TLS] Written transcript to proofs/MSG_TLS_CB63A6E3.out, proofs/SIG_TLS_CB63A6E3.out and proofs/PK_TLS_CB63A6E3.der
Signature verification succeeds
[TLS] Server time: 1620114011
[TLS] client_random  (32): 43F0D00A1D239B197EE935172F09654947D9824544D5CF9C49161C19C4BA7187
[TLS] sign_hash (32): 1B5897EDF1E0E4BB06589E1685A4F8EEB34908567A358F6A08DAC518FC694354
[TLS] Written transcript to proofs/MSG_TLS_43F0D00A.out, proofs/SIG_TLS_43F0D00A.out and proofs/PK_TLS_43F0D00A.der
Signature verification succeeds
[TLS] Server time: 1620114011
[TLS] client_random  (32): B6A01794872A5FAF92DCA062FBACF05B7EB7D0618BEA8F4134EC721A745D842D
[TLS] sign_hash (32): B289E7F1AEF15454A5C756762DEF95E6F8607DF981E9ADD68BCFE42AE1C53C85
[TLS] Written transcript to proofs/MSG_TLS_B6A01794.out, proofs/SIG_TLS_B6A01794.out and proofs/PK_TLS_B6A01794.der
Signature verification succeeds
[TLS] Server time: 1620114011
[TLS] client_random  (32): E9582F7E12DBE670984AB36C3FD73BFDA663EF057F0486CF8830125A60B3DBCB
[TLS] sign_hash (32): BE4BA2148E55481D4B626B3BD5F07EC040373B156F44360BBB1FCAD35E1D88AF
[TLS] Written transcript to proofs/MSG_TLS_E9582F7E.out, proofs/SIG_TLS_E9582F7E.out and proofs/PK_TLS_E9582F7E.der
Signature verification succeeds
[TLS] Server time: 1620114011
[TLS] client_random  (32): 4B06783D02060CE31A8199DAA4A3FCD60C9298DB318F1C98B9E9E0B74FB3BBD9
[TLS] sign_hash (32): CC998E93E8C40D8AAF7AEA3EF6A3545B0E3AF0AD602831DDD065952F595F0C36
[TLS] Written transcript to proofs/MSG_TLS_4B06783D.out, proofs/SIG_TLS_4B06783D.out and proofs/PK_TLS_4B06783D.der
Signature verification succeeds
[TLS] Server time: 1620114011
[TLS] client_random  (32): EA7AAB18F37B64E6637AC71C798D5E6E2CD26162A044BEDB4A483DF7C5617D5E
[TLS] sign_hash (32): D4E3C31DA499F43433FDE48601C7762979D7CB11C1F40425BC03EA5787D9C643
[TLS] Written transcript to proofs/MSG_TLS_EA7AAB18.out, proofs/SIG_TLS_EA7AAB18.out and proofs/PK_TLS_EA7AAB18.der
Signature verification succeeds
[TLS] Server time: 1620114011
[TLS] client_random  (32): FCC8AACB328AAC91CE16746B33BE37BECCA4A6A3DA5FC59FFED7CCBA60AF02A1
[TLS] sign_hash (32): C1CB89D02F3E5095CF84C1CE576DED649E69B46CBBDA12E710CC01322A0D8C93
[TLS] Written transcript to proofs/MSG_TLS_FCC8AACB.out, proofs/SIG_TLS_FCC8AACB.out and proofs/PK_TLS_FCC8AACB.der
Signature verification succeeds
[TLS] Server time: 1620114011
[TLS] client_random  (32): 25DADBE99216CE3D4899A7D2ACE799153A69F2E08B1654290ED0E7B32332135E
[TLS] sign_hash (32): 3A142E56AF6AA479A3A5A260B54E4A01362EE203D0B4516BB3540FA552D9C50C
[TLS] Written transcript to proofs/MSG_TLS_25DADBE9.out, proofs/SIG_TLS_25DADBE9.out and proofs/PK_TLS_25DADBE9.der
Signature verification succeeds
[TLS] Server time: 1620114011
[TLS] client_random  (32): 66F4B4FD5860E3A7D6899A49C3089B18F63B9EA218FD93D68A0480BFC8AD6452
[TLS] sign_hash (32): A17B61DB161D97B7E446A8D9C39F9D26296799E6A9D7E62CEB193B565FF52DCA
[TLS] Written transcript to proofs/MSG_TLS_66F4B4FD.out, proofs/SIG_TLS_66F4B4FD.out and proofs/PK_TLS_66F4B4FD.der
Signature verification succeeds
[TLS] Server time: 1620114011
[TLS] client_random  (32): A0FBFEAC8A245D85FAA3D7E529DA0AA9DC7B65580BCA265CB34E68654223EDAD
[TLS] sign_hash (32): 943007BED6559CF5FFDD3AD97190CA1A6B37AEFB47DBC6A31FC849E3E8896517
[TLS] Written transcript to proofs/MSG_TLS_A0FBFEAC.out, proofs/SIG_TLS_A0FBFEAC.out and proofs/PK_TLS_A0FBFEAC.der
Signature verification succeeds
[TLS] Server time: 1620114011
[TLS] client_random  (32): 2440D787DAD930483F0CCA31EBF6D5735475FEFE7DFEC2B497292BDF46DEEE4E
[TLS] sign_hash (32): B4324E744815D788D09DB4A552DBB8FD3E3E9C796AF9F641B9B7CFC65A789E8F
[TLS] Written transcript to proofs/MSG_TLS_2440D787.out, proofs/SIG_TLS_2440D787.out and proofs/PK_TLS_2440D787.der
Signature verification succeeds
[TLS] Server time: 1620114012
[TLS] client_random  (32): ED01F4FE68EC7FC908F865DC1D23366AA5FF399799B66976C283D7C9ACD99906
[TLS] sign_hash (32): E8471BC70A35688A86A7C8EF19C7C05553D625E4947D06D7C9DD57E22678D548
[TLS] Written transcript to proofs/MSG_TLS_ED01F4FE.out, proofs/SIG_TLS_ED01F4FE.out and proofs/PK_TLS_ED01F4FE.der
Signature verification succeeds
[TLS] Server time: 1620114012
[TLS] client_random  (32): 5969216DE8B9338CE1FEE9069627ACA803644B6C791A6BCEE02B402E11174B89
[TLS] sign_hash (32): 9F60EFE51DDD2BB02FBAB0F9E27B757C981DB9A8D3B3D1CDC360996565C4EC95
[TLS] Written transcript to proofs/MSG_TLS_5969216D.out, proofs/SIG_TLS_5969216D.out and proofs/PK_TLS_5969216D.der
Signature verification succeeds
[TLS] Server time: 1620114012
[TLS] client_random  (32): FD58BEA6333191070248F0EED824FAA3E127E0C99A17323C277039F8FFCC9AAF
[TLS] sign_hash (32): 3FD6593872CF94F24949CBB12DB2CF121E8E6E1687B9E917AEF4DBB4E0AC020D
[TLS] Written transcript to proofs/MSG_TLS_FD58BEA6.out, proofs/SIG_TLS_FD58BEA6.out and proofs/PK_TLS_FD58BEA6.der
Signature verification succeeds
[TLS] Server time: 1620114012
[TLS] client_random  (32): 66059291612E45B8383CB37632C4E497E205002D5F553566331F5EFD480E5AA5
[TLS] sign_hash (32): 191D79D925F486639777C6FA2D5165D98705C1AD5F395FD65E7C78F49960D5C1
[TLS] Written transcript to proofs/MSG_TLS_66059291.out, proofs/SIG_TLS_66059291.out and proofs/PK_TLS_66059291.der
Signature verification succeeds
[TLS] Server time: 1620114012
[TLS] client_random  (32): 0497CCC57029EFF53E5D158EC901765D8A72432460FA3FB79E81069001FC7CFA
[TLS] sign_hash (32): B88878364CF60EFAF0480700EF3FA2A61D1CCB027557B2ADB42DA3ED1AABF174
[TLS] Written transcript to proofs/MSG_TLS_0497CCC5.out, proofs/SIG_TLS_0497CCC5.out and proofs/PK_TLS_0497CCC5.der
Signature verification succeeds
[TLS] Server time: 1620114012
[TLS] client_random  (32): 482282BBCAA2FA798637209ADA8A9578CCE33A11B7A675104D815E0FF0F7C8A6
[TLS] sign_hash (32): 399784EF7CB7E4917C9906987C5AFC42648196AA2BDC46002566A6E8540771F7
[TLS] Written transcript to proofs/MSG_TLS_482282BB.out, proofs/SIG_TLS_482282BB.out and proofs/PK_TLS_482282BB.der
Signature verification succeeds
[TLS] Server time: 1620114012
[TLS] client_random  (32): EDEDECC02C805ECF93602CAB11F60BA4836597564D1A993E450D58BF852443B5
[TLS] sign_hash (32): C7EBE5D0A16EB5257D88BA19AEFE107A93B1C2E3370CA807A3BADF094E72A9C8
[TLS] Written transcript to proofs/MSG_TLS_EDEDECC0.out, proofs/SIG_TLS_EDEDECC0.out and proofs/PK_TLS_EDEDECC0.der
Signature verification succeeds
[TLS] Server time: 1620114012
[TLS] client_random  (32): C364A8A65546E1B801295F297A22DB2D9BC2C589E1DBBF06E6B8FF5B8433637A
[TLS] sign_hash (32): 670BD214DB955E52D94632921893694AA868D164B687023B2556FC2B44FEB788
[TLS] Written transcript to proofs/MSG_TLS_C364A8A6.out, proofs/SIG_TLS_C364A8A6.out and proofs/PK_TLS_C364A8A6.der
Signature verification succeeds
[TLS] Server time: 1620114012
[TLS] client_random  (32): B3A74DA05F6E099A86D22858B1A5820455A4A29283186BE3ECB0FE2245D36C5A
[TLS] sign_hash (32): 04DA2551FFBB787743BA0EA623B7A6C5790B3BDA93E7693E3AA4730F60C6648F
[TLS] Written transcript to proofs/MSG_TLS_B3A74DA0.out, proofs/SIG_TLS_B3A74DA0.out and proofs/PK_TLS_B3A74DA0.der
Signature verification succeeds
[TLS] Server time: 1620114012
[TLS] client_random  (32): E6BE2973BA3004CD97854715662676A7EAD62508B307C87098EE902C04A277AB
[TLS] sign_hash (32): 8242E6636ADDCC2643DAF5A646565E2C415B8FC50EA35D429D1A7EDB114D904B
[TLS] Written transcript to proofs/MSG_TLS_E6BE2973.out, proofs/SIG_TLS_E6BE2973.out and proofs/PK_TLS_E6BE2973.der
Signature verification succeeds
[TLS] Server time: 1620114012
[TLS] client_random  (32): 355088E04E7847AE463350ED086745DBAF2720D1B3DF1D8D0550E6B1A53C4A1A
[TLS] sign_hash (32): B87128EC0EF04EE899E2B4E1C65288DA4656BF0338669418289AB9E6304DE1DE
[TLS] Written transcript to proofs/MSG_TLS_355088E0.out, proofs/SIG_TLS_355088E0.out and proofs/PK_TLS_355088E0.der
Signature verification succeeds
[TLS] Server time: 1620114012
[TLS] client_random  (32): 15086F74E4EDF92E269542BCF913A39FEABC4CF602FE18078DF1C94FEEF813D6
[TLS] sign_hash (32): 980041815D625F8B2F9B0582FF84C64B9BCCAD28587DFB5BC1818124A028DA68
[TLS] Written transcript to proofs/MSG_TLS_15086F74.out, proofs/SIG_TLS_15086F74.out and proofs/PK_TLS_15086F74.der
Signature verification succeeds
[TLS] Server time: 1620114012
[TLS] client_random  (32): 637A2EDCB64691B2632F5362825CA4F6A9DDB6869173E1AFEE692A5D5F251F2C
[TLS] sign_hash (32): 3EA1CD35F65E6E8D5AC87439501BCD1CEB60E0ECB3C223F921621A1192239941
[TLS] Written transcript to proofs/MSG_TLS_637A2EDC.out, proofs/SIG_TLS_637A2EDC.out and proofs/PK_TLS_637A2EDC.der
Signature verification succeeds
[TLS] Server time: 1620114012
[TLS] client_random  (32): AB5E0A67C188B59DDCFD9E16106882424A421955D5273ED92C6DC81BFE90C2FF
[TLS] sign_hash (32): 3C7EDB3BAA9678B089E39F4688C80F4A13C8A1434E82C00D10E0F4A94B8DDA5C
[TLS] Written transcript to proofs/MSG_TLS_AB5E0A67.out, proofs/SIG_TLS_AB5E0A67.out and proofs/PK_TLS_AB5E0A67.der
Signature verification succeeds
[TLS] Server time: 1620114012
[TLS] client_random  (32): 7177519829507CBE0FAA14CD3A3CB940DC69DC3F9473E3644FDC4ABD659E7F21
[TLS] sign_hash (32): 33C92D9A1209CCFDF158C85973CA5465D0038890A99718D8C5DD3D12EEB1D1BF
[TLS] Written transcript to proofs/MSG_TLS_71775198.out, proofs/SIG_TLS_71775198.out and proofs/PK_TLS_71775198.der
Signature verification succeeds
[TLS] Server time: 1620114012
[TLS] client_random  (32): 45496FC711429CE420D3BCAAC7730C43399B0508BDDBD190939AC4C5795A050E
[TLS] sign_hash (32): 880D96B1747C9F5C735A8AB6956FB515741630A62202BB2F4BD2819949F65E76
[TLS] Written transcript to proofs/MSG_TLS_45496FC7.out, proofs/SIG_TLS_45496FC7.out and proofs/PK_TLS_45496FC7.der
Signature verification succeeds
[TLS] Server time: 1620114012
[TLS] client_random  (32): 03C78E68870337816C355F953CF4ED626DA1E8B4EB99974994C0ABD95EDD5B59
[TLS] sign_hash (32): 6ACE54A49F6321935689D09D14C59C931BFAC2182E0686226B675CEDB6C99E45
[TLS] Written transcript to proofs/MSG_TLS_03C78E68.out, proofs/SIG_TLS_03C78E68.out and proofs/PK_TLS_03C78E68.der
Signature verification succeeds
[TLS] Server time: 1620114012
[TLS] client_random  (32): 45AC038D3886398E0498DBE753CA68F7674EB36C9AC7451FF88840383087E89C
[TLS] sign_hash (32): D815A31D090D60F2918410573E9873F835632031AB34E6FC9B75000571A5695B
[TLS] Written transcript to proofs/MSG_TLS_45AC038D.out, proofs/SIG_TLS_45AC038D.out and proofs/PK_TLS_45AC038D.der
Signature verification succeeds
[TLS] Server time: 1620114012
[TLS] client_random  (32): 6264C0215A8098DA9DE95DCEDA172FABEE8C2215E9B98CA19AF91978817E7BFE
[TLS] sign_hash (32): 5729FC8810DA2C06930269A0539D250DEE18509FD3FA3ED7A972FCC122079B20
[TLS] Written transcript to proofs/MSG_TLS_6264C021.out, proofs/SIG_TLS_6264C021.out and proofs/PK_TLS_6264C021.der
Signature verification succeeds
[TLS] Server time: 1620114012
[TLS] client_random  (32): 76067B15B159F1248D4A365D586639593E2105FBC3C7542EE910C77181E3F81F
[TLS] sign_hash (32): E6EDDDD465699F2944A7D7E11BA617D502A35E2A5B02D359E4FE8AB1C88F63D4
[TLS] Written transcript to proofs/MSG_TLS_76067B15.out, proofs/SIG_TLS_76067B15.out and proofs/PK_TLS_76067B15.der
Signature verification succeeds
[TLS] Server time: 1620114012
[TLS] client_random  (32): C3B34ECF961F86BBE69C71544ED6A968ED42E9D29F21E71A01AF536B2D46137F
[TLS] sign_hash (32): F0A714E5D238CA078F0B59BB38FC06F62869D72B0DA022A9EEB33E5831394AC6
[TLS] Written transcript to proofs/MSG_TLS_C3B34ECF.out, proofs/SIG_TLS_C3B34ECF.out and proofs/PK_TLS_C3B34ECF.der
Signature verification succeeds
[TLS] Server time: 1620114012
[TLS] client_random  (32): 9A8C239BE1155031C1CBE18ED15DF570FD7BEC443041A09D00B339813F36A48B
[TLS] sign_hash (32): 53557AD3C3F9B5A3F5AB9FD51407870C18F14639042EEB6DE79D361BCC38F518
[TLS] Written transcript to proofs/MSG_TLS_9A8C239B.out, proofs/SIG_TLS_9A8C239B.out and proofs/PK_TLS_9A8C239B.der
Signature verification succeeds
[TLS] Server time: 1620114012
[TLS] client_random  (32): 7A349A472E94B26662DB1BAFED208A9F39D70A6DC5ECFB7C1FA0EE4B85B956CA
[TLS] sign_hash (32): 801A208DF59FD17F1A283AB203D295BF330FC46AD575F22358BF2DE25AE0120F
[TLS] Written transcript to proofs/MSG_TLS_7A349A47.out, proofs/SIG_TLS_7A349A47.out and proofs/PK_TLS_7A349A47.der
Signature verification succeeds
[TLS] Server time: 1620114012
[TLS] client_random  (32): 0F80CB9BA56D68A8ACEA609F017EAF95ACE0ED293174C7C643668B8195322475
[TLS] sign_hash (32): 44F8FD39686B72F404B49399C9342C88EB01146BA5B67806D6F16A8D0B36AB13
[TLS] Written transcript to proofs/MSG_TLS_0F80CB9B.out, proofs/SIG_TLS_0F80CB9B.out and proofs/PK_TLS_0F80CB9B.der
Signature verification succeeds
[TLS] Server time: 1620114012
[TLS] client_random  (32): C262F20D48C2D99AB1BFB982FC57015ED798308CD201F0BC9A5B846298BC0B04
[TLS] sign_hash (32): D83753C934D00090CDCEBEEC040B7587F7B6299AB9ABB595B9D5DD3F20C8889A
[TLS] Written transcript to proofs/MSG_TLS_C262F20D.out, proofs/SIG_TLS_C262F20D.out and proofs/PK_TLS_C262F20D.der
Signature verification succeeds
[TLS] Server time: 1620114012
[TLS] client_random  (32): C3C23AEB3968A4F568133930D417157AC7A28DE67CDA2BA9FD705A59820D259D
[TLS] sign_hash (32): CB3F6CE82DF507320C0FCE03F676B89CBA97E9A986539ABCEF1DCDD83C904F91
[TLS] Written transcript to proofs/MSG_TLS_C3C23AEB.out, proofs/SIG_TLS_C3C23AEB.out and proofs/PK_TLS_C3C23AEB.der
Signature verification succeeds
[TLS] Server time: 1620114012
[TLS] client_random  (32): 96EA15569F603D5ABAB7C8A043FCA78232EC9359B6D65E6B68F39E9612156F55
[TLS] sign_hash (32): E23FA2AE078406F6AB73D2D1FA2BE3DBDE6EB86B5ABD036D39B86D7BE1FA7874
[TLS] Written transcript to proofs/MSG_TLS_96EA1556.out, proofs/SIG_TLS_96EA1556.out and proofs/PK_TLS_96EA1556.der
Signature verification succeeds
[TLS] Server time: 1620114012
[TLS] client_random  (32): 76E75386C9C2FD66E0CC31FF892CA4278BBC056EFAD8798239B25229147B8D57
[TLS] sign_hash (32): 0B8D15C28A95A280EA43F783A18A1CA46602355571936DD18BEB9635A87B59ED
[TLS] Written transcript to proofs/MSG_TLS_76E75386.out, proofs/SIG_TLS_76E75386.out and proofs/PK_TLS_76E75386.der
Signature verification succeeds
[TLS] Server time: 1620114012
[TLS] client_random  (32): E0B739DC3D6CE4932D1B858721CA646A429F6993E444FE6A7E2F6DE2BEA1A1E5
[TLS] sign_hash (32): 6BF489AA737BA35330809493E8134FD7C7D9626AF597DAD3118473959CC071B6
[TLS] Written transcript to proofs/MSG_TLS_E0B739DC.out, proofs/SIG_TLS_E0B739DC.out and proofs/PK_TLS_E0B739DC.der
Signature verification succeeds
[TLS] Server time: 1620114012
[TLS] client_random  (32): 6C86A578E06932A9BC6213327D70CA233298DE7FC8090471FC2191C041083F59
[TLS] sign_hash (32): 449BDF7E9D9599B79E9B30E9F07E4CBFB2D3C64093B1867062CD6EA55FC72FAF
[TLS] Written transcript to proofs/MSG_TLS_6C86A578.out, proofs/SIG_TLS_6C86A578.out and proofs/PK_TLS_6C86A578.der
Signature verification succeeds
[TLS] Server time: 1620114012
[TLS] client_random  (32): AEEA29545A24309891441552805A054B77598B1406CB039BC124664E8D3F59CE
[TLS] sign_hash (32): C47A82CAB3AF0E3B9014F471E133B154BA512DD5E3BAB43B91AAD33B36604940
[TLS] Written transcript to proofs/MSG_TLS_AEEA2954.out, proofs/SIG_TLS_AEEA2954.out and proofs/PK_TLS_AEEA2954.der
Signature verification succeeds
[TLS] Server time: 1620114012
[TLS] client_random  (32): 988DA870998D678C092CA27092B1549919798EA5301E51805CD99DF00EC79364
[TLS] sign_hash (32): E2CC83AC752B61786378FE26A5FC99B0FA2F1A85AC91A71B19CFBCE458BEC22B
[TLS] Written transcript to proofs/MSG_TLS_988DA870.out, proofs/SIG_TLS_988DA870.out and proofs/PK_TLS_988DA870.der
Signature verification succeeds
[TLS] Server time: 1620114012
[TLS] client_random  (32): BD6B0F56F0BF94A10C4956E1BEDA9872EA72572B2F0A288454EF1F691D8AB429
[TLS] sign_hash (32): 162B2BA6DC155DB25B64C44E984B6E8C0E2518E8EA1195E25EA1E6AD2BC67D23
[TLS] Written transcript to proofs/MSG_TLS_BD6B0F56.out, proofs/SIG_TLS_BD6B0F56.out and proofs/PK_TLS_BD6B0F56.der
Signature verification succeeds
[TLS] Server time: 1620114012
[TLS] client_random  (32): 7A959EF3B66B49CDCCD9C1EAA34745AC1E57549AE81FC0D04425F333F318DF11
[TLS] sign_hash (32): 38BFC6E578955C35D3DCB1DB792958D3CFC539CD0166B704AB93577072F51C34
[TLS] Written transcript to proofs/MSG_TLS_7A959EF3.out, proofs/SIG_TLS_7A959EF3.out and proofs/PK_TLS_7A959EF3.der
Signature verification succeeds
[TLS] Server time: 1620114012
[TLS] client_random  (32): 941F1B334E5070E8DFDED8C57592CDDEF760B3D4E1693C0F48504FBED9F5A9DB
[TLS] sign_hash (32): 6DC9A477465F1D7394C2C01EE32391B9CF6BA98CFFB35612B41F63C7ECF14C3E
[TLS] Written transcript to proofs/MSG_TLS_941F1B33.out, proofs/SIG_TLS_941F1B33.out and proofs/PK_TLS_941F1B33.der
Signature verification succeeds
[TLS] Server time: 1620114012
[TLS] client_random  (32): CFF746F516747B3C9D94C3D71115A1487B27447F2A951D43C561EE26D8151047
[TLS] sign_hash (32): 334C62B3F9CE315D9C2447664C3E7FE780E0D37A68D8D99EB5FF9FC95F09A7FB
[TLS] Written transcript to proofs/MSG_TLS_CFF746F5.out, proofs/SIG_TLS_CFF746F5.out and proofs/PK_TLS_CFF746F5.der
Signature verification succeeds
[TLS] Server time: 1620114012
[TLS] client_random  (32): C6E8021E4B909B5DF81886199981F04ACCD7EF9FA1E43C0D055CDF47EAF2835C
[TLS] sign_hash (32): CF81ED334AB087CB67AE9E37D757C3E2B7310A108D3E2C8F72F08F846FB6FEED
[TLS] Written transcript to proofs/MSG_TLS_C6E8021E.out, proofs/SIG_TLS_C6E8021E.out and proofs/PK_TLS_C6E8021E.der
Signature verification succeeds
[TLS] Server time: 1620114012
[TLS] client_random  (32): 18D03952E963E1A18141704CAF818717BFC304DAAC2435A0406D0F21965BB6F3
[TLS] sign_hash (32): C8C59B55AA9D001A1879D45CB6F06DD2DD9EB2630D019E570411ECBA6F6D923B
[TLS] Written transcript to proofs/MSG_TLS_18D03952.out, proofs/SIG_TLS_18D03952.out and proofs/PK_TLS_18D03952.der
Signature verification succeeds
[TLS] Server time: 1620114012
[TLS] client_random  (32): A9C33FA828F3029261EA7E102AEC4D43B90B66610E516813189A7C02555B70E7
[TLS] sign_hash (32): E03E3BDF62A67C48ABD8F20373AE2A21BEC58AB79FC96DC04F207267199B4E83
[TLS] Written transcript to proofs/MSG_TLS_A9C33FA8.out, proofs/SIG_TLS_A9C33FA8.out and proofs/PK_TLS_A9C33FA8.der
Signature verification succeeds
[TLS] Server time: 1620114012
[TLS] client_random  (32): 1E9D6EFAACC2C9D7B5E598C3D38E31509F430E80F6464AB7736D55BF0BCD8496
[TLS] sign_hash (32): F4B73B0C2EE00062DB7B33B6D05BDA988DD4E86DABF493B002B4713F25DF3D43
[TLS] Written transcript to proofs/MSG_TLS_1E9D6EFA.out, proofs/SIG_TLS_1E9D6EFA.out and proofs/PK_TLS_1E9D6EFA.der
Signature verification succeeds
[TLS] Server time: 1620114012
[TLS] client_random  (32): A4608C28BE435538DA6E44BDDF8E4C98185A1D2CC2F3BB1DFAE46BF09DA3A3C9
[TLS] sign_hash (32): A6C7C4AE2247BB9527BAF22D2ED8CCDC00AECADB6C44D7E58C32F94BF933D855
[TLS] Written transcript to proofs/MSG_TLS_A4608C28.out, proofs/SIG_TLS_A4608C28.out and proofs/PK_TLS_A4608C28.der
Signature verification succeeds
[TLS] Server time: 1620114012
[TLS] client_random  (32): 6529424090391A46EDAAA1DD6C927967BC1FB652C96FB1BFE4795ABE551B84C8
[TLS] sign_hash (32): 90A52789D547D1A35D9EA43B6FA67CEA77FDCD7E9D4AC47E11F31AF4A0250E18
[TLS] Written transcript to proofs/MSG_TLS_65294240.out, proofs/SIG_TLS_65294240.out and proofs/PK_TLS_65294240.der
Signature verification succeeds
[TLS] Server time: 1620114012
[TLS] client_random  (32): 8CAB812E0DE4E737BEB07823C16998B0FC0016C68EDD41FA9B6E48C23969324F
[TLS] sign_hash (32): 3D33C4DCDF5D65FCE5A5468A66E48730D38C127C4814A555E0D5723BBBE5D7E8
[TLS] Written transcript to proofs/MSG_TLS_8CAB812E.out, proofs/SIG_TLS_8CAB812E.out and proofs/PK_TLS_8CAB812E.der
Signature verification succeeds
[TLS] Server time: 1620114012
[TLS] client_random  (32): CF7662E7B24E4A105A9D8DF9E9F76DE3F71A1270187F5450F1F20DE1D1634E77
[TLS] sign_hash (32): 47FA5F29D9CC0FD20BB1B6C46E5603658151B616C55A99793A3F967D51DDB09B
[TLS] Written transcript to proofs/MSG_TLS_CF7662E7.out, proofs/SIG_TLS_CF7662E7.out and proofs/PK_TLS_CF7662E7.der
Signature verification succeeds
[TLS] Server time: 1620114012
[TLS] client_random  (32): C80C11A3B672B48B230205E4F3BF8CAEEBA795E85704AF1C4824CD37FC32C718
[TLS] sign_hash (32): D23AAC91E7B5F8D7DF9F76C825FBA480BBD0DFF2C9E718A27E9F93BC2C341FAF
[TLS] Written transcript to proofs/MSG_TLS_C80C11A3.out, proofs/SIG_TLS_C80C11A3.out and proofs/PK_TLS_C80C11A3.der
Signature verification succeeds
[TLS] Server time: 1620114012
[TLS] client_random  (32): 9496F5E6767DFDE9387AECFF327EE1FD3FAB09D328B97DBE5241A842B3BF4884
[TLS] sign_hash (32): 337D723D0CBC240BA8253D48E7B8CFF327F832B0808141824C1C94C8DEA853C0
[TLS] Written transcript to proofs/MSG_TLS_9496F5E6.out, proofs/SIG_TLS_9496F5E6.out and proofs/PK_TLS_9496F5E6.der
Signature verification succeeds
[TLS] Server time: 1620114012
[TLS] client_random  (32): 8D6EAA1DD5C2A1508CB92372873B58A857460C4295464EC02BF8B562B1B64736
[TLS] sign_hash (32): 6038A079D315F88B46B739BD2504B922A051027EF59B634A948A40ECBA7FA5BE
[TLS] Written transcript to proofs/MSG_TLS_8D6EAA1D.out, proofs/SIG_TLS_8D6EAA1D.out and proofs/PK_TLS_8D6EAA1D.der
Signature verification succeeds
[TLS] Server time: 1620114012
[TLS] client_random  (32): EAF8FA00290DFD20FBCA24F49B608C14F02DBC86CEE5D2661E8AF488149AC081
[TLS] sign_hash (32): D3D7542E88C567BD389A90CBF53EE7121AA84C8E77681C38B9BEE6415861B694
[TLS] Written transcript to proofs/MSG_TLS_EAF8FA00.out, proofs/SIG_TLS_EAF8FA00.out and proofs/PK_TLS_EAF8FA00.der
Signature verification succeeds
[TLS] Server time: 1620114012
[TLS] client_random  (32): 3387E2F1502343DE886F8698A195C2567CA14337D265BDC35A2EB170AC5E76B6
[TLS] sign_hash (32): BDB698FFA78B6437949BDBDC1564D4ADB16894A63E0446697B9BE34E20546A93
[TLS] Written transcript to proofs/MSG_TLS_3387E2F1.out, proofs/SIG_TLS_3387E2F1.out and proofs/PK_TLS_3387E2F1.der
Signature verification succeeds
[TLS] Server time: 1620114012
[TLS] client_random  (32): 00FEDA419F1EFC0A587592184ADBF0B0B81F01AEAAAE73CF918F804215AA2C77
[TLS] sign_hash (32): CFEE8AA047AF6265471DF7F4171DA199D11035FE2EF0115767AA4358DCD72E4F
[TLS] Written transcript to proofs/MSG_TLS_00FEDA41.out, proofs/SIG_TLS_00FEDA41.out and proofs/PK_TLS_00FEDA41.der
Signature verification succeeds
[TLS] Server time: 1620114012
[TLS] client_random  (32): FEDF6999523C5BBB73A4F803643B40163C66FF5CC76CA67181B4BAC08844070D
[TLS] sign_hash (32): B8AF532D2FF6BE5A723F048BBF7429F97B32914D715202EA94B3F7C266A34872
[TLS] Written transcript to proofs/MSG_TLS_FEDF6999.out, proofs/SIG_TLS_FEDF6999.out and proofs/PK_TLS_FEDF6999.der
Signature verification succeeds
[TLS] Server time: 1620114012
[TLS] client_random  (32): 24BD09A20DADC7BC18EAB3B7A036834FFE78D378F14249D4B0F7A9D8E4FFE2BE
[TLS] sign_hash (32): 6906D3B085CFE20EDDB6C8C9290171939A1ABD036B0667032F6264C8EE11E5D7
[TLS] Written transcript to proofs/MSG_TLS_24BD09A2.out, proofs/SIG_TLS_24BD09A2.out and proofs/PK_TLS_24BD09A2.der
Signature verification succeeds
[TLS] Server time: 1620114012
[TLS] client_random  (32): 65A99793DE68047A923B0A0A835BF5C8741331272AF4A25894CD09BE292D4593
[TLS] sign_hash (32): BD9CE5BD3091C16F6D92591841B42403C2CE005682FDFCAB4DAC54B47CC97F4E
[TLS] Written transcript to proofs/MSG_TLS_65A99793.out, proofs/SIG_TLS_65A99793.out and proofs/PK_TLS_65A99793.der
Signature verification succeeds
[TLS] Server time: 1620114012
[TLS] client_random  (32): E31D1B5C170B55BE4344BC4FFEA6860A1584C09553D0A5915998948310B99514
[TLS] sign_hash (32): E37CE68D3AE993DE80384E4A1108E0E62AFBAE5CCB19A5D119BA689A8076BB8E
[TLS] Written transcript to proofs/MSG_TLS_E31D1B5C.out, proofs/SIG_TLS_E31D1B5C.out and proofs/PK_TLS_E31D1B5C.der
Signature verification succeeds
[TLS] Server time: 1620114012
[TLS] client_random  (32): 6C624297671FCC587A155E10D738C37D8F729DCAD3C02510AFBD6D1D5A6E2A45
[TLS] sign_hash (32): 1D5CFD04B6CCA9FD3DFA56FE857BC07B3829A690876A6652B3FBCE2DE8CE008A
[TLS] Written transcript to proofs/MSG_TLS_6C624297.out, proofs/SIG_TLS_6C624297.out and proofs/PK_TLS_6C624297.der
Signature verification succeeds
[TLS] Server time: 1620114012
[TLS] client_random  (32): 4B117442C684F2B725D4CDBEA65F4DC28486116DAC148208C6E759A39A8B0194
[TLS] sign_hash (32): 8E6D0470F10BBA02EC12455595940B5EA244FB5C550F1BC4477248A66BD4870C
[TLS] Written transcript to proofs/MSG_TLS_4B117442.out, proofs/SIG_TLS_4B117442.out and proofs/PK_TLS_4B117442.der
Signature verification succeeds
[TLS] Server time: 1620114012
[TLS] client_random  (32): 5286D253C23590C6C32D6669D853418CF6F6FE576FBE25A488165D07C92669DE
[TLS] sign_hash (32): B01E11782FDA0E8D09BADC8FECC5D60E8EA84234AA31347FA8E4409A99306B46
[TLS] Written transcript to proofs/MSG_TLS_5286D253.out, proofs/SIG_TLS_5286D253.out and proofs/PK_TLS_5286D253.der
Signature verification succeeds
[TLS] Server time: 1620114012
[TLS] client_random  (32): E05B86757C4890B79CA5BAC40C030605B17DD3E894D3F0C719F3BE353889E21E
[TLS] sign_hash (32): 171ABCA63C662C8C6DBD7D4A762687CB7BA959FCE00A4D05A6C2C15B541330CB
[TLS] Written transcript to proofs/MSG_TLS_E05B8675.out, proofs/SIG_TLS_E05B8675.out and proofs/PK_TLS_E05B8675.der
Signature verification succeeds
[TLS] Server time: 1620114012
[TLS] client_random  (32): E24398CB0488A18524CA86EB155ED5A7E517A61473BB50208D20158B912F9501
[TLS] sign_hash (32): 61AA72D9A528ADE6E3ED3A3A162492ECD65C333B8DC9B97705DFA9C19769A995
[TLS] Written transcript to proofs/MSG_TLS_E24398CB.out, proofs/SIG_TLS_E24398CB.out and proofs/PK_TLS_E24398CB.der
Signature verification succeeds
[TLS] Server time: 1620114012
[TLS] client_random  (32): A61177ACB2A16688DA283A9EEBB27B298C740277ABFA6493D67C47FDF85EE35B
[TLS] sign_hash (32): 33E8F6968AB77A61B7C4EDC6D79E10F75D016B03834D8AABD1390F8D05BF6C76
[TLS] Written transcript to proofs/MSG_TLS_A61177AC.out, proofs/SIG_TLS_A61177AC.out and proofs/PK_TLS_A61177AC.der
Signature verification succeeds
[TLS] Server time: 1620114012
[TLS] client_random  (32): 89A868D843EBF058F077129983CE000C5DF27400116BD23B750F816272C9B6A9
[TLS] sign_hash (32): 100974260E4FD76F580E0F71A1CB89C1966682C0A03D172D4A3EE019DD74E6C2
[TLS] Written transcript to proofs/MSG_TLS_89A868D8.out, proofs/SIG_TLS_89A868D8.out and proofs/PK_TLS_89A868D8.der
Signature verification succeeds
[TLS] Server time: 1620114012
[TLS] client_random  (32): 2BDAC97B33D374B772280DBB75CC5F1681860632CEC9888B2958DC414F2EB169
[TLS] sign_hash (32): 13A966CC3A83FB84886536921CF234ECCC38BD5536CFCE98E4018B6E4CE22DE1
[TLS] Written transcript to proofs/MSG_TLS_2BDAC97B.out, proofs/SIG_TLS_2BDAC97B.out and proofs/PK_TLS_2BDAC97B.der
Signature verification succeeds
[TLS] Server time: 1620114012
[TLS] client_random  (32): A64EA400ECE8CC9E1EDB417A9F9775502C27F2C0CAD3D50501318935A60146B3
[TLS] sign_hash (32): BDC2A5D786B3292F891FC7AFB51C5DBBB0276023C493E90B80BE80AFF7CB4C0A
[TLS] Written transcript to proofs/MSG_TLS_A64EA400.out, proofs/SIG_TLS_A64EA400.out and proofs/PK_TLS_A64EA400.der
Signature verification succeeds
[TLS] Server time: 1620114012
[TLS] client_random  (32): C83D19E12424DA928B4BB06EF6732C5E76E4212157754C84EDE0309D7129F9D6
[TLS] sign_hash (32): AA19EA0B92D005F36181309A75F3D3909545E35F2C95683478404B876A1C4941
[TLS] Written transcript to proofs/MSG_TLS_C83D19E1.out, proofs/SIG_TLS_C83D19E1.out and proofs/PK_TLS_C83D19E1.der
Signature verification succeeds
[TLS] Server time: 1620114012
[TLS] client_random  (32): F5E247F15335AFEA7FDB9878F4AF8FAB5FFB7AB46712B4907D37DF571790B3E1
[TLS] sign_hash (32): DD0B43939B7EFF66C98185314BFEFE010439A6401B4317B4432F12F2A56A1695
[TLS] Written transcript to proofs/MSG_TLS_F5E247F1.out, proofs/SIG_TLS_F5E247F1.out and proofs/PK_TLS_F5E247F1.der
Signature verification succeeds
Time breakdown (averages): anchor_ping:13.033387 file_read:0.142035 hashing:0.470749
Total time for 113 rounds is 1555.058979ms
Standard deviations: anchor_ping:3.537992 file_read:0.013687 hashing:0.005014
[Client-side ops] mean:0.612784 sd:0.014500
in & out anchor rand written to proofs/phase1.out
     49 [TLS] Server time: 1620114011
     65 [TLS] Server time: 1620114012
Count is 49
Count is 65
success: 1
RESULT: 1 in 2 tries
