TLS anchor: gold.ac.uk
Actual: 55, Set: 113
Beginning execution at Sat May 1 11:10:01 UTC 2021
CONF: anchor:gold.ac.uk fs:1024MB n_rounds:113 seed:5c9f4bf9bbc15bb855f82faedc5a52fc3ab2dfa8ec3ba3ce1b270f31fa0cced2 filename:FILE bs:1024 nops:100 benchmarking:0 anchor_ping:1 queue_depth:32 direct:0
[TLS] Connecting to gold.ac.uk
[TLS] Server time: 1619867401
[TLS] client_random  (32): 5C9F4BF9BBC15BB855F82FAEDC5A52FC3AB2DFA8EC3BA3CE1B270F31FA0CCED2
[TLS] sign_hash (32): 1EAA776DEA696CF66472D8618DAD603DAC66572425591C8A625995355E6373F9
[TLS] Written transcript to proofs/MSG_TLS_5C9F4BF9.out, proofs/SIG_TLS_5C9F4BF9.out and proofs/PK_TLS_5C9F4BF9.der
Signature verification succeeds
[TLS] Server time: 1619867402
[TLS] client_random  (32): C67759E3A1206DC8AC8EC6FE4850004C79890604F5BEDF6849BDF4598827ABC4
[TLS] sign_hash (32): E26DAA4CD5F5DD6FB56A3ABEC3F381ABAAB7077B3EDC94D652C5B576BA3ACEA9
[TLS] Written transcript to proofs/MSG_TLS_C67759E3.out, proofs/SIG_TLS_C67759E3.out and proofs/PK_TLS_C67759E3.der
Signature verification succeeds
[TLS] Server time: 1619867402
[TLS] client_random  (32): 9D972FAC67CE64B777ABAD33D9DA9043167BEBC3EB89E0E9D9E4B270A47957D0
[TLS] sign_hash (32): C03067BD2C45FAC9983416BA1212DA280F9FC62DBF500D1FB188824DF6D7B014
[TLS] Written transcript to proofs/MSG_TLS_9D972FAC.out, proofs/SIG_TLS_9D972FAC.out and proofs/PK_TLS_9D972FAC.der
Signature verification succeeds
[TLS] Server time: 1619867402
[TLS] client_random  (32): 41734D21B34B9C3FCD02F56F76E490119E6E41F4E532FAE8A66F606A0837532D
[TLS] sign_hash (32): 411286D2D3BCAF98A9E33CC5E34EB514DB45BB066FDC815202AA00FB8EF85E85
[TLS] Written transcript to proofs/MSG_TLS_41734D21.out, proofs/SIG_TLS_41734D21.out and proofs/PK_TLS_41734D21.der
Signature verification succeeds
[TLS] Server time: 1619867402
[TLS] client_random  (32): C57582231CB06EC1C95B02531E1832F3EF46499645BC4000CF75E1A6B569708E
[TLS] sign_hash (32): 2D3607113BA16EB4851AB7C2B605601DDFE5B8519C6F905218C1659F5F295032
[TLS] Written transcript to proofs/MSG_TLS_C5758223.out, proofs/SIG_TLS_C5758223.out and proofs/PK_TLS_C5758223.der
Signature verification succeeds
[TLS] Server time: 1619867402
[TLS] client_random  (32): 58530FE2433EE994D5A662A5560FBAB6CDB08CE709552E83B2346E41CAA98415
[TLS] sign_hash (32): 4AAE668EAFF1AF5F4CE703C63D359441EA968681DABA8D22DC3814ADA554EEB0
[TLS] Written transcript to proofs/MSG_TLS_58530FE2.out, proofs/SIG_TLS_58530FE2.out and proofs/PK_TLS_58530FE2.der
Signature verification succeeds
[TLS] Server time: 1619867403
[TLS] client_random  (32): 01165D1EA96EFF5EA3BF13B6E20340BAEE15BEC2774CC09687F91C14EDE5330F
[TLS] sign_hash (32): 8B9D863A460B93386A4BDA1BBF0119E147321F62DB13AC30B0AC3502D3B7FA68
[TLS] Written transcript to proofs/MSG_TLS_01165D1E.out, proofs/SIG_TLS_01165D1E.out and proofs/PK_TLS_01165D1E.der
Signature verification succeeds
[TLS] Server time: 1619867403
[TLS] client_random  (32): B5862F4482E2A4877E62A405EAA63B3C1187CA54D756BB723AE694B886FAEB6F
[TLS] sign_hash (32): 50536B51CB410D936710BD1C2CB34E5439F0F6B36C515D69A0372F17368CCC57
[TLS] Written transcript to proofs/MSG_TLS_B5862F44.out, proofs/SIG_TLS_B5862F44.out and proofs/PK_TLS_B5862F44.der
Signature verification succeeds
[TLS] Server time: 1619867404
[TLS] client_random  (32): CFE923AA845FA415D3DDDF5A556FE5A7463BD7BE256D0955979C6D0CD6463310
[TLS] sign_hash (32): 22F34EF288628E870DF2FD9E5F1ED13C96DE8D607D41E0B9AD53C1E714A55ABB
[TLS] Written transcript to proofs/MSG_TLS_CFE923AA.out, proofs/SIG_TLS_CFE923AA.out and proofs/PK_TLS_CFE923AA.der
Signature verification succeeds
[TLS] Server time: 1619867404
[TLS] client_random  (32): 80B453F68A7223EF4A30C840A41FDB123C0B6BD6FEDF5B698391F718742C00DA
[TLS] sign_hash (32): B056DC7AC5EF04A4FF8A81BE8CA2BF4EA5EAA2FE91AAF192D2F27A66FEF334BD
[TLS] Written transcript to proofs/MSG_TLS_80B453F6.out, proofs/SIG_TLS_80B453F6.out and proofs/PK_TLS_80B453F6.der
Signature verification succeeds
[TLS] Server time: 1619867405
[TLS] client_random  (32): 80E7D5737369239D2C08B0316DC998FD429BC9E05B3C02760FE57285EA160FF0
[TLS] sign_hash (32): 37EE5A544504639149F2ACB35B7EF0381F678DC2EB6337729C1B0E480384A199
[TLS] Written transcript to proofs/MSG_TLS_80E7D573.out, proofs/SIG_TLS_80E7D573.out and proofs/PK_TLS_80E7D573.der
Signature verification succeeds
[TLS] Server time: 1619867405
[TLS] client_random  (32): 3F8080D64D9C2AFD83FF24001BDAD50100A1D9A7B62F0928B1C66F481B964EF3
[TLS] sign_hash (32): 91760983AA0DCD1E9D2BD1A3A2FDAFC779DE7B85999C6EEF06C84AD7E1DEEDFB
[TLS] Written transcript to proofs/MSG_TLS_3F8080D6.out, proofs/SIG_TLS_3F8080D6.out and proofs/PK_TLS_3F8080D6.der
Signature verification succeeds
[TLS] Server time: 1619867405
[TLS] client_random  (32): 2E084E39F0ABB824D4CBFEE624A5517AB01118931C9AC833505DA3C7C5BB4AAA
[TLS] sign_hash (32): F39691DAAE71FBD91D7B2790BBBB0BB04947C4F1F551A20B289DBC985BE73985
[TLS] Written transcript to proofs/MSG_TLS_2E084E39.out, proofs/SIG_TLS_2E084E39.out and proofs/PK_TLS_2E084E39.der
Signature verification succeeds
[TLS] Server time: 1619867405
[TLS] client_random  (32): D73597A78B2974747806B2AD81D8F48D8F20F401CD8C2DAAF756094873002FE3
[TLS] sign_hash (32): C549F31EEDAB48DDDACF3D29724F524A08313528553B8B3C5D8056B4E2338D64
[TLS] Written transcript to proofs/MSG_TLS_D73597A7.out, proofs/SIG_TLS_D73597A7.out and proofs/PK_TLS_D73597A7.der
Signature verification succeeds
[TLS] Server time: 1619867406
[TLS] client_random  (32): 6F1F0C4070D26C5BF91851276EBA2E236E11B95AA85B1682713B23650D9697A7
[TLS] sign_hash (32): 716F8A4B63AC7D060405A0D05C9CE5A2D1B8B0A9DE08640D292339E1257129FA
[TLS] Written transcript to proofs/MSG_TLS_6F1F0C40.out, proofs/SIG_TLS_6F1F0C40.out and proofs/PK_TLS_6F1F0C40.der
Signature verification succeeds
[TLS] Server time: 1619867406
[TLS] client_random  (32): 90FBF5A67F7B50C065DC2B8844E4FCC1E3FD2F4340677F670579467B0511512A
[TLS] sign_hash (32): E4D301D9F892EEEF4F35063EF70A03C9A3FD0E4F09BD25819CF65C75184F7B03
[TLS] Written transcript to proofs/MSG_TLS_90FBF5A6.out, proofs/SIG_TLS_90FBF5A6.out and proofs/PK_TLS_90FBF5A6.der
Signature verification succeeds
[TLS] Server time: 1619867406
[TLS] client_random  (32): F38CFD0E6E90B66ABDFBA9285F7329C891B21393A508A69FE0619C717ACC4A61
[TLS] sign_hash (32): 50A8A2D8FCE6622E88D8FA1C17DBD18F5D18BD794FD18D7E35242E8AF5FC452F
[TLS] Written transcript to proofs/MSG_TLS_F38CFD0E.out, proofs/SIG_TLS_F38CFD0E.out and proofs/PK_TLS_F38CFD0E.der
Signature verification succeeds
[TLS] Server time: 1619867406
[TLS] client_random  (32): 2DDED49D0D2EB010C9AA7BB9C24F42593CB69BE30951C2829D2342AE475E04D0
[TLS] sign_hash (32): 779FDFDBCC0F842BAD460F8B45504994E5A7C71B0BB47C7EFA2D3CBDA411B8B0
[TLS] Written transcript to proofs/MSG_TLS_2DDED49D.out, proofs/SIG_TLS_2DDED49D.out and proofs/PK_TLS_2DDED49D.der
Signature verification succeeds
[TLS] Server time: 1619867406
[TLS] client_random  (32): B2A59A3BDBBEFAE9629F22AFB3EC040890D8B080532550B9919CBB47BCE7253A
[TLS] sign_hash (32): CB945E8018F3DCBEB74A968DAF7A9B12481E9C4A330F4ED4B3CF0A604CEEA70B
[TLS] Written transcript to proofs/MSG_TLS_B2A59A3B.out, proofs/SIG_TLS_B2A59A3B.out and proofs/PK_TLS_B2A59A3B.der
Signature verification succeeds
[TLS] Server time: 1619867406
[TLS] client_random  (32): 4B2914C23E005CE73D6286BBCFEB9AD8C4E58D40D3B332818AB1C9FCCF16E63D
[TLS] sign_hash (32): CA33EBDB32A8D1DA869F6E36CC4A8D9C8A6EB9F5B60F666AAFF1E84FBED00E8F
[TLS] Written transcript to proofs/MSG_TLS_4B2914C2.out, proofs/SIG_TLS_4B2914C2.out and proofs/PK_TLS_4B2914C2.der
Signature verification succeeds
[TLS] Server time: 1619867406
[TLS] client_random  (32): C0623366598EF7B2057867BE8A7CB68A3BA433F3BCAB3B47AE3C33EB58754BFC
[TLS] sign_hash (32): B8846EBAE3942B40D26F62BAF1E92F33BB1B1CFEF6093940D90612AF37717CF7
[TLS] Written transcript to proofs/MSG_TLS_C0623366.out, proofs/SIG_TLS_C0623366.out and proofs/PK_TLS_C0623366.der
Signature verification succeeds
[TLS] Server time: 1619867406
[TLS] client_random  (32): 13306CD1E9D7E9637E7A0A3136183B6F41AB923F94FF003080D4217AD9B1AC29
[TLS] sign_hash (32): BF11E16BF82C3CD4AEF83694D8A165903F8A943A331CFAA363CE919E8ABA266C
[TLS] Written transcript to proofs/MSG_TLS_13306CD1.out, proofs/SIG_TLS_13306CD1.out and proofs/PK_TLS_13306CD1.der
Signature verification succeeds
[TLS] Server time: 1619867406
[TLS] client_random  (32): 4FF76CB5E3CFF64297B9F0365A8764F25223344058FDEBEE385BBF0D28A33FD5
[TLS] sign_hash (32): 4693D67AAE8F4D0943C4E9858F102D9A638D3081152498DD555EE9740D8D86EE
[TLS] Written transcript to proofs/MSG_TLS_4FF76CB5.out, proofs/SIG_TLS_4FF76CB5.out and proofs/PK_TLS_4FF76CB5.der
Signature verification succeeds
[TLS] Server time: 1619867406
[TLS] client_random  (32): C67B4A8AC17DFE7F8FDA98EF528445171558A19EB0AAF1A578E8858A74C7E700
[TLS] sign_hash (32): 064EE7B6C4B7F7B6B3FAE4CB946E2F6FD7A9464FCEEAD1A39455B704AC177689
[TLS] Written transcript to proofs/MSG_TLS_C67B4A8A.out, proofs/SIG_TLS_C67B4A8A.out and proofs/PK_TLS_C67B4A8A.der
Signature verification succeeds
[TLS] Server time: 1619867406
[TLS] client_random  (32): D82B9524982A36858CCB479BE041432AAFD1E6406DE4C652897F160A675EC796
[TLS] sign_hash (32): 72AABC7869728DDCD41246698EF9EA53B06D9CF15E2EB9D181F871C4514AEE2F
[TLS] Written transcript to proofs/MSG_TLS_D82B9524.out, proofs/SIG_TLS_D82B9524.out and proofs/PK_TLS_D82B9524.der
Signature verification succeeds
[TLS] Server time: 1619867406
[TLS] client_random  (32): F458168666145F9FC04D009C2CA574BBC109FC6E9D434A36F1D4A19EEBBEE70F
[TLS] sign_hash (32): 83F7092478A7560E4162EE1EBBCDE722C9BAEC5F41F61036E0F97D7CED8D6514
[TLS] Written transcript to proofs/MSG_TLS_F4581686.out, proofs/SIG_TLS_F4581686.out and proofs/PK_TLS_F4581686.der
Signature verification succeeds
[TLS] Server time: 1619867406
[TLS] client_random  (32): 2EB8987964D6EE0BE425390A88F74C76E8DE3991D1B0041450A0111F61A0672C
[TLS] sign_hash (32): 742BD4D2FB4483395A2AF1C5B97EAF3C723F023C8E33F4590FEEF40BD2AF2339
[TLS] Written transcript to proofs/MSG_TLS_2EB89879.out, proofs/SIG_TLS_2EB89879.out and proofs/PK_TLS_2EB89879.der
Signature verification succeeds
[TLS] Server time: 1619867406
[TLS] client_random  (32): 58E92133E91D553499A0F6511152037EE7A03EC8E9F68A0BBDDE9512A7E6B821
[TLS] sign_hash (32): 75048467611C9DF40D181E70403C300E7BA36FB68D41C81CC60E4508FDB142AD
[TLS] Written transcript to proofs/MSG_TLS_58E92133.out, proofs/SIG_TLS_58E92133.out and proofs/PK_TLS_58E92133.der
Signature verification succeeds
[TLS] Server time: 1619867406
[TLS] client_random  (32): B8FA565CBE1261B52DB9E5598EA3D91B919272A4E6D7A4234115ABFF26CCA370
[TLS] sign_hash (32): B9615C0F5A69A91A0CD81C4E5157106DC08DF3CD4ED63BF50A4E30621EAF2C7B
[TLS] Written transcript to proofs/MSG_TLS_B8FA565C.out, proofs/SIG_TLS_B8FA565C.out and proofs/PK_TLS_B8FA565C.der
Signature verification succeeds
[TLS] Server time: 1619867407
[TLS] client_random  (32): 1B1BFC8B94FD3B0E3C8DF5C31531296A6140E5CB26CA2FF1E7C4B3BB3D37A5EC
[TLS] sign_hash (32): E6E62100CA9F5FE84461515F346B87F6B6CD5BEB753B30A8E33295E04A2491FC
[TLS] Written transcript to proofs/MSG_TLS_1B1BFC8B.out, proofs/SIG_TLS_1B1BFC8B.out and proofs/PK_TLS_1B1BFC8B.der
Signature verification succeeds
[TLS] Server time: 1619867407
[TLS] client_random  (32): 27FB887833C54C925E6F89DF7A4559C621D904966A7DD54AD97F15110E954A57
[TLS] sign_hash (32): 9D3C319E8D8A6A4F6754547E04C6C076CD383662EFD144D34C2136BE9B225E4C
[TLS] Written transcript to proofs/MSG_TLS_27FB8878.out, proofs/SIG_TLS_27FB8878.out and proofs/PK_TLS_27FB8878.der
Signature verification succeeds
[TLS] Server time: 1619867407
[TLS] client_random  (32): 736419C297B4C1DB46EBA61FDA803C745636BA41BA05A9F95049198CB750E1E5
[TLS] sign_hash (32): E487B1D9D73F11ED8F722DF1FAD63D7F9EF5F12B2721E745A4E3AE43C8D63228
[TLS] Written transcript to proofs/MSG_TLS_736419C2.out, proofs/SIG_TLS_736419C2.out and proofs/PK_TLS_736419C2.der
Signature verification succeeds
[TLS] Server time: 1619867407
[TLS] client_random  (32): EAA106C00EA9549D090E95BB57AC523CB3583F3DD4A1BFDAE74164354EFF4446
[TLS] sign_hash (32): 5667B30C3C325E02A5BE437E4959EA944B04E108D8CCCC96ED367FE4973E7B48
[TLS] Written transcript to proofs/MSG_TLS_EAA106C0.out, proofs/SIG_TLS_EAA106C0.out and proofs/PK_TLS_EAA106C0.der
Signature verification succeeds
[TLS] Server time: 1619867407
[TLS] client_random  (32): 634E3E558FDEFBBBDE3BD45103B39843D2FF39008B10DDBB37170023B87AB121
[TLS] sign_hash (32): 208F7DD8EDB8A1198071E18136F45990A0070B951862C2320E729429074A8665
[TLS] Written transcript to proofs/MSG_TLS_634E3E55.out, proofs/SIG_TLS_634E3E55.out and proofs/PK_TLS_634E3E55.der
Signature verification succeeds
[TLS] Server time: 1619867407
[TLS] client_random  (32): 2191B6DF2633C71BCCF9EDFDDDA31DB71F793E2F74715F5D0F8B3138D3181438
[TLS] sign_hash (32): 9B6B6E6A6B352D3B8F940F7E4162964A71BEF11DFA9D82778F8277DB80EC621C
[TLS] Written transcript to proofs/MSG_TLS_2191B6DF.out, proofs/SIG_TLS_2191B6DF.out and proofs/PK_TLS_2191B6DF.der
Signature verification succeeds
[TLS] Server time: 1619867407
[TLS] client_random  (32): A7114A6F1DE2BCE81ED17BE5736B2A1A706C5BE2DE99BA7A15A7FC8F21BDA31C
[TLS] sign_hash (32): 17B3BDFE17B1056C6307BAE9F96E86D9A29265A00E0A398C40F6B642199320F4
[TLS] Written transcript to proofs/MSG_TLS_A7114A6F.out, proofs/SIG_TLS_A7114A6F.out and proofs/PK_TLS_A7114A6F.der
Signature verification succeeds
[TLS] Server time: 1619867407
[TLS] client_random  (32): 7750AB1FC97773D4ABA5AD7692D905EAEEB30908D16AD9C36A1C0724DAAD9805
[TLS] sign_hash (32): 384B315B87CA8A553210F52E7583A6A8E7AC8B3C8E01E2FBA81FDE878E3B6F9F
[TLS] Written transcript to proofs/MSG_TLS_7750AB1F.out, proofs/SIG_TLS_7750AB1F.out and proofs/PK_TLS_7750AB1F.der
Signature verification succeeds
[TLS] Server time: 1619867407
[TLS] client_random  (32): 6B17D1A32112733FA48E054C74358C064954FAA090B35E60B3F1CB997BA12444
[TLS] sign_hash (32): DDBD2EEF04FD4AE9AEF9BA3F60597EBFECC5B70860D78B7B247E92E0F42A87A0
[TLS] Written transcript to proofs/MSG_TLS_6B17D1A3.out, proofs/SIG_TLS_6B17D1A3.out and proofs/PK_TLS_6B17D1A3.der
Signature verification succeeds
[TLS] Server time: 1619867407
[TLS] client_random  (32): 66E1CFEF3BC5399EA23CD639AEDC1C584ECEC49DE9D97ED0AC7FA855A132964B
[TLS] sign_hash (32): 5767F53514038CA22F314AADC87C1A17D8B0936A60A3C9843DD4E266A90549DB
[TLS] Written transcript to proofs/MSG_TLS_66E1CFEF.out, proofs/SIG_TLS_66E1CFEF.out and proofs/PK_TLS_66E1CFEF.der
Signature verification succeeds
[TLS] Server time: 1619867407
[TLS] client_random  (32): 7323CA0328E717B78900EF582EC167212AD605355BD7A9543F216699B4C90D4E
[TLS] sign_hash (32): 980BAA2C22B886637F4B93061FF7AC7F2F15E13E2509989F772E4ABF595F9E83
[TLS] Written transcript to proofs/MSG_TLS_7323CA03.out, proofs/SIG_TLS_7323CA03.out and proofs/PK_TLS_7323CA03.der
Signature verification succeeds
[TLS] Server time: 1619867407
[TLS] client_random  (32): 4CCA1C9EE64EDF11048DFE7BAAE1740427831073F11FAF43267F9A946BEBA489
[TLS] sign_hash (32): 5208D9DCE324B85C2274345EA7ABF5C6A91EBB50A13A0B3DC46F52F6A402F698
[TLS] Written transcript to proofs/MSG_TLS_4CCA1C9E.out, proofs/SIG_TLS_4CCA1C9E.out and proofs/PK_TLS_4CCA1C9E.der
Signature verification succeeds
[TLS] Server time: 1619867407
[TLS] client_random  (32): FA9CF11D2B39F79DA3C1B97EB8E987FAB638907C1FE4C9CBBE17DEF4A64A68E3
[TLS] sign_hash (32): DA12175E19A63781A8B0019E3FD87267C1F52D6E8A99C33748B3B683FE3F6E13
[TLS] Written transcript to proofs/MSG_TLS_FA9CF11D.out, proofs/SIG_TLS_FA9CF11D.out and proofs/PK_TLS_FA9CF11D.der
Signature verification succeeds
[TLS] Server time: 1619867407
[TLS] client_random  (32): CC91493C681BBD1133743B9F818C4D460CE514F2382BDC4A2F5BB089185679F0
[TLS] sign_hash (32): BE800B6440626A9715F9C0B49D6442D3C8EA361B7B14949CCE4F3A21FD00CB01
[TLS] Written transcript to proofs/MSG_TLS_CC91493C.out, proofs/SIG_TLS_CC91493C.out and proofs/PK_TLS_CC91493C.der
Signature verification succeeds
[TLS] Server time: 1619867407
[TLS] client_random  (32): 49DA1DEBBEB8E08DED878A1B7AF67D05C7D11379EDED0F081C632D23F31634F0
[TLS] sign_hash (32): FCD81E5C6724431213D960831EDB30E64EF7E4166567E2B85AD9D8C2D7E7A43C
[TLS] Written transcript to proofs/MSG_TLS_49DA1DEB.out, proofs/SIG_TLS_49DA1DEB.out and proofs/PK_TLS_49DA1DEB.der
Signature verification succeeds
[TLS] Server time: 1619867407
[TLS] client_random  (32): 714C791DA64C2C89B13DF07568B3624819DE428CEEF2F4B7CDC8BAD531BB1AE4
[TLS] sign_hash (32): CEBB0DDA1DC8A7497D8BA9788D382319AB1B509FCDD5729DA393D627778FF641
[TLS] Written transcript to proofs/MSG_TLS_714C791D.out, proofs/SIG_TLS_714C791D.out and proofs/PK_TLS_714C791D.der
Signature verification succeeds
[TLS] Server time: 1619867407
[TLS] client_random  (32): 9A617ED1687796AE3DEF684313DC7E889F364ACDE7A534DAE5BD94FD5AB9EAB3
[TLS] sign_hash (32): 28318CB80460760A9EDCFF3705CC9645C7857FA1785FC19AB66DE0C479FA8070
[TLS] Written transcript to proofs/MSG_TLS_9A617ED1.out, proofs/SIG_TLS_9A617ED1.out and proofs/PK_TLS_9A617ED1.der
Signature verification succeeds
[TLS] Server time: 1619867407
[TLS] client_random  (32): 4BC933BE85B5C91CB70D89463EEFC84B79D2E9D7754257B5C721992563DEE66E
[TLS] sign_hash (32): 3422C4973B1AF2DA5AE698BC398489824A18E368C6647F0EDCF1F380F43B558F
[TLS] Written transcript to proofs/MSG_TLS_4BC933BE.out, proofs/SIG_TLS_4BC933BE.out and proofs/PK_TLS_4BC933BE.der
Signature verification succeeds
[TLS] Server time: 1619867407
[TLS] client_random  (32): 71A2882BE2BEDEF9AFB7E44EE5D0DDDB904CE7795FDC31C0A6D12B227A7385B9
[TLS] sign_hash (32): 0F09C5FCF653343559E2311050EF55F9AE776A4832D2868DF7D0F1CE9AC94580
[TLS] Written transcript to proofs/MSG_TLS_71A2882B.out, proofs/SIG_TLS_71A2882B.out and proofs/PK_TLS_71A2882B.der
Signature verification succeeds
[TLS] Server time: 1619867407
[TLS] client_random  (32): 79BC2E1EC140B6A2BB3188914B92B79784462C8B0D3EF01530A76F96A39D0075
[TLS] sign_hash (32): C188DF8990E5583741899E3C2A27DF6B3300E2788F6EBA2984F25E8B8D01D4DF
[TLS] Written transcript to proofs/MSG_TLS_79BC2E1E.out, proofs/SIG_TLS_79BC2E1E.out and proofs/PK_TLS_79BC2E1E.der
Signature verification succeeds
[TLS] Server time: 1619867407
[TLS] client_random  (32): D13C2C3BBAAC8D3B9CA2709ADDF9633ACDE1345ED27489163FFEE7B0FC1CD50C
[TLS] sign_hash (32): 597A601696B2987D040AD95F08696B8F1A22424FA5A21E180CE8E26AAD271447
[TLS] Written transcript to proofs/MSG_TLS_D13C2C3B.out, proofs/SIG_TLS_D13C2C3B.out and proofs/PK_TLS_D13C2C3B.der
Signature verification succeeds
[TLS] Server time: 1619867407
[TLS] client_random  (32): 2E759D7759BF00A98933D7362E99C57A459CFC3E862C30A2CE17EA17F4B906EE
[TLS] sign_hash (32): 35A47942697CEB5AB7DB53B57A0FC979D37487C67481853E75F43988B6C827F0
[TLS] Written transcript to proofs/MSG_TLS_2E759D77.out, proofs/SIG_TLS_2E759D77.out and proofs/PK_TLS_2E759D77.der
Signature verification succeeds
[TLS] Server time: 1619867407
[TLS] client_random  (32): 7002767E2C5C374F9C62C595C1D66A3A6C430C715A8C585156A9B6B96BB2B7FA
[TLS] sign_hash (32): 3CC6F325464DCDA558E5B677AACC8D5CA290D0D554B84F77B7C788DACA33C31C
[TLS] Written transcript to proofs/MSG_TLS_7002767E.out, proofs/SIG_TLS_7002767E.out and proofs/PK_TLS_7002767E.der
Signature verification succeeds
[TLS] Server time: 1619867407
[TLS] client_random  (32): 7BFE46845EB287038C69CCD8B641E3F3128D725BD023F87A9135DE20AD149F28
[TLS] sign_hash (32): 769B9FAE3388B71D1B607E14A3553019B1C761CCA9B35899D5D886D4B58F7CD4
[TLS] Written transcript to proofs/MSG_TLS_7BFE4684.out, proofs/SIG_TLS_7BFE4684.out and proofs/PK_TLS_7BFE4684.der
Signature verification succeeds
[TLS] Server time: 1619867407
[TLS] client_random  (32): 561AC2513F4E2C04E279FD833C41333EA0EC9B9E0E6684E3A1F06071A86EF557
[TLS] sign_hash (32): 6AF48EF0B1DB30AE1084191D7071D0ED6A7CD70BF999443F58EE88F851A03D9D
[TLS] Written transcript to proofs/MSG_TLS_561AC251.out, proofs/SIG_TLS_561AC251.out and proofs/PK_TLS_561AC251.der
Signature verification succeeds
[TLS] Server time: 1619867407
[TLS] client_random  (32): 2B6DF30A5B044B99B57691986ACAB2FEF643BD65D90DE38748B47FACB8C16A82
[TLS] sign_hash (32): BAD796B77D6CF7AFE53690B1474B8851D04BC192FE23FB3354996BD7D45AFDE7
[TLS] Written transcript to proofs/MSG_TLS_2B6DF30A.out, proofs/SIG_TLS_2B6DF30A.out and proofs/PK_TLS_2B6DF30A.der
Signature verification succeeds
[TLS] Server time: 1619867407
[TLS] client_random  (32): DF66131CF45C34F5C53ADE20450397E6A224BC34539AA8470A85FAE0461EC90C
[TLS] sign_hash (32): 71249F6D433483E29197AB548DA39BB5B1699350AD6E7BEB3BB55DE416447ED5
[TLS] Written transcript to proofs/MSG_TLS_DF66131C.out, proofs/SIG_TLS_DF66131C.out and proofs/PK_TLS_DF66131C.der
Signature verification succeeds
[TLS] Server time: 1619867408
[TLS] client_random  (32): D7E1314503E41A4F9A912833781B87FB023E31C264263CDD2194E52F83573974
[TLS] sign_hash (32): 09DCE84DA916B38F5E3D0DF86669D6C4F1445CE165334D8A6DAF3D3E616F7836
[TLS] Written transcript to proofs/MSG_TLS_D7E13145.out, proofs/SIG_TLS_D7E13145.out and proofs/PK_TLS_D7E13145.der
Signature verification succeeds
[TLS] Server time: 1619867408
[TLS] client_random  (32): 62AB92D425CB4A7EEBD2E48B63272B5D7A2BA3F2922C2F6E08FB642680DE9063
[TLS] sign_hash (32): 987E7907A677766FD95171293EBE753289E7BD389F317889E7253B22A505EB5F
[TLS] Written transcript to proofs/MSG_TLS_62AB92D4.out, proofs/SIG_TLS_62AB92D4.out and proofs/PK_TLS_62AB92D4.der
Signature verification succeeds
[TLS] Server time: 1619867408
[TLS] client_random  (32): 8CBD097F8509C78D0C3EFAEA1B0C7BA7C85D4B9A1F19330E327BF322B408690C
[TLS] sign_hash (32): 1556A5CBFB8A598C053263CB2FDCDBB374C9952765315FA8E192EEBF131E7569
[TLS] Written transcript to proofs/MSG_TLS_8CBD097F.out, proofs/SIG_TLS_8CBD097F.out and proofs/PK_TLS_8CBD097F.der
Signature verification succeeds
[TLS] Server time: 1619867408
[TLS] client_random  (32): D0FF44E71F9D843C58BE399709A3BFA147DD9C8BFEF1B338DD553F3F840CEF29
[TLS] sign_hash (32): D12BDA907D05757EB2E9963AB8FF5244840E702BB4384E275DCE3AD896F536A1
[TLS] Written transcript to proofs/MSG_TLS_D0FF44E7.out, proofs/SIG_TLS_D0FF44E7.out and proofs/PK_TLS_D0FF44E7.der
Signature verification succeeds
[TLS] Server time: 1619867408
[TLS] client_random  (32): 050C0BB803163102A6EEE65EDEFE62E43969BC9526FD5762316921814BB764BC
[TLS] sign_hash (32): 37C98D6AFA186B51F5329DE91A140A48C4F8BA9462325C8965D9D30CA7B54C1F
[TLS] Written transcript to proofs/MSG_TLS_050C0BB8.out, proofs/SIG_TLS_050C0BB8.out and proofs/PK_TLS_050C0BB8.der
Signature verification succeeds
[TLS] Server time: 1619867408
[TLS] client_random  (32): AA6614705804C77A36C86F6F2D37ABBFE750174379D74DF7AC9CDF75C812978F
[TLS] sign_hash (32): 26A9B3F11121AF06779B3B6DBA835DAE61DC149B4BB3887D77420D5AF76539E2
[TLS] Written transcript to proofs/MSG_TLS_AA661470.out, proofs/SIG_TLS_AA661470.out and proofs/PK_TLS_AA661470.der
Signature verification succeeds
[TLS] Server time: 1619867408
[TLS] client_random  (32): E9E7227AED4AC7677B98A2C85339D94C8F2007C36EE929CB53FF3CBFCF661E29
[TLS] sign_hash (32): 6EE911632DE2ED25CD498484551BDD41326AD79E2A2A0DDBDD7FBCB11C7DD995
[TLS] Written transcript to proofs/MSG_TLS_E9E7227A.out, proofs/SIG_TLS_E9E7227A.out and proofs/PK_TLS_E9E7227A.der
Signature verification succeeds
[TLS] Server time: 1619867408
[TLS] client_random  (32): D7F72EC0D547E50A65BB4868D43C804C9153596080DA59AA0BB2CF9540D3ADB8
[TLS] sign_hash (32): 083351FF0725C4326D21680F95D816E0A8641475931719BB131FB8AD4C44254F
[TLS] Written transcript to proofs/MSG_TLS_D7F72EC0.out, proofs/SIG_TLS_D7F72EC0.out and proofs/PK_TLS_D7F72EC0.der
Signature verification succeeds
[TLS] Server time: 1619867408
[TLS] client_random  (32): ED69BC459E73F4C21DA8AD72DCAAB9BC4C0454A254739F908C13E62DF5D8BC2A
[TLS] sign_hash (32): 0E7FE184B059244DD21D4DE173FD155CB016B41A618661F0079554F9EC5240AE
[TLS] Written transcript to proofs/MSG_TLS_ED69BC45.out, proofs/SIG_TLS_ED69BC45.out and proofs/PK_TLS_ED69BC45.der
Signature verification succeeds
[TLS] Server time: 1619867408
[TLS] client_random  (32): 433110B644AD7E854D6C792A03EC001DF2ABD3D9279E67CF2863A175E8C4CAF0
[TLS] sign_hash (32): EE2F3F1D373378ED91FAB7F32DD094A98C2A64E2E54780FB4923B89E03FC28AD
[TLS] Written transcript to proofs/MSG_TLS_433110B6.out, proofs/SIG_TLS_433110B6.out and proofs/PK_TLS_433110B6.der
Signature verification succeeds
[TLS] Server time: 1619867408
[TLS] client_random  (32): FC47E8A8211A331986F9E5ADC5B2582AACB88A9467CDC836FB134E0AFA34BD07
[TLS] sign_hash (32): 5EB5FDCFC8F8773CC035220B6F038F78C4BE6EAB5352D57FD5C32A85AF5314CF
[TLS] Written transcript to proofs/MSG_TLS_FC47E8A8.out, proofs/SIG_TLS_FC47E8A8.out and proofs/PK_TLS_FC47E8A8.der
Signature verification succeeds
[TLS] Server time: 1619867408
[TLS] client_random  (32): 87BA3FB2B92E8960F27D7315B43A17EA6D81C360BDCD41EDF1E8C19A93F2BF0F
[TLS] sign_hash (32): D36B936C4D1932A0EFF32A059646A17B3939D5FDEBA0E27AD880A7FB16F05F42
[TLS] Written transcript to proofs/MSG_TLS_87BA3FB2.out, proofs/SIG_TLS_87BA3FB2.out and proofs/PK_TLS_87BA3FB2.der
Signature verification succeeds
[TLS] Server time: 1619867408
[TLS] client_random  (32): 171C9FA9E9565502771D995FA3FFE0636537904254939EC695E1750F27BC1AD8
[TLS] sign_hash (32): 5BC4779CFB29E1F34013833C764CFF4DA7B39E6651209CF97635267C5EABE132
[TLS] Written transcript to proofs/MSG_TLS_171C9FA9.out, proofs/SIG_TLS_171C9FA9.out and proofs/PK_TLS_171C9FA9.der
Signature verification succeeds
[TLS] Server time: 1619867408
[TLS] client_random  (32): 9AA0678AE37702640F18777ECCA03F1F33C07A96093EF38DC808A59A36D8BF35
[TLS] sign_hash (32): 09A7133F2C73D6A0BC9C16D6E0D1EA3007EF56FBCA78C58E394197D6E42916A3
[TLS] Written transcript to proofs/MSG_TLS_9AA0678A.out, proofs/SIG_TLS_9AA0678A.out and proofs/PK_TLS_9AA0678A.der
Signature verification succeeds
[TLS] Server time: 1619867408
[TLS] client_random  (32): FADC4440069E28477264944DA40B7F501F2EF73F057F4059E294E1CC278A64E8
[TLS] sign_hash (32): F83E597C498C981003B085D11332A4CE5095B17B2E5037D4A4E9CA391C2ADD0B
[TLS] Written transcript to proofs/MSG_TLS_FADC4440.out, proofs/SIG_TLS_FADC4440.out and proofs/PK_TLS_FADC4440.der
Signature verification succeeds
[TLS] Server time: 1619867408
[TLS] client_random  (32): B68E73BCC36FCC1636B38D53DD7A673BC293E7840FCDB8DEA32627E7E650C194
[TLS] sign_hash (32): 1885EB32CADED48EE0BA09EA7D9E62744C3FAA230DFAC6A814C4F8B8892E437E
[TLS] Written transcript to proofs/MSG_TLS_B68E73BC.out, proofs/SIG_TLS_B68E73BC.out and proofs/PK_TLS_B68E73BC.der
Signature verification succeeds
[TLS] Server time: 1619867408
[TLS] client_random  (32): 08CE69C62C7F3D7ACC804408839B54A6DD2B31EB399924B500CBEBFC3E672B67
[TLS] sign_hash (32): 059790D660552883D4E66BAE11D4BEC3942B1297055F3127956BC72DC30C453C
[TLS] Written transcript to proofs/MSG_TLS_08CE69C6.out, proofs/SIG_TLS_08CE69C6.out and proofs/PK_TLS_08CE69C6.der
Signature verification succeeds
[TLS] Server time: 1619867408
[TLS] client_random  (32): D0CE8911ED1C2CB58A356025A923494301B743AA4FF779045A8202CCEB28DA28
[TLS] sign_hash (32): C53A8E932F14FEDC7689942DD0EDB9AF935F178C5EBD7D27C268AB36D200243B
[TLS] Written transcript to proofs/MSG_TLS_D0CE8911.out, proofs/SIG_TLS_D0CE8911.out and proofs/PK_TLS_D0CE8911.der
Signature verification succeeds
[TLS] Server time: 1619867408
[TLS] client_random  (32): C7543732306F3748E834C25F753AA6A03581667580917B416E2C763231FBCC58
[TLS] sign_hash (32): D07D87FA4120070A04474BD35F6576D0BB97B675C68956F07EDC1C595381D369
[TLS] Written transcript to proofs/MSG_TLS_C7543732.out, proofs/SIG_TLS_C7543732.out and proofs/PK_TLS_C7543732.der
Signature verification succeeds
[TLS] Server time: 1619867408
[TLS] client_random  (32): 32BA80AA479CFB4F68DA5B40919428AF3F40BD6F1E0C7126B4CF097393CDDFF1
[TLS] sign_hash (32): 7EAB9B5C9B136DB0A87430A241E684E27535A3ED6A3C9C8E9EE5A0E35A346463
[TLS] Written transcript to proofs/MSG_TLS_32BA80AA.out, proofs/SIG_TLS_32BA80AA.out and proofs/PK_TLS_32BA80AA.der
Signature verification succeeds
[TLS] Server time: 1619867408
[TLS] client_random  (32): 7B6E95134EED3BF6A32D4D114C7DA3E3A3434427353490128D9D881F0751F6F5
[TLS] sign_hash (32): 4257C561BC09E28BB397F17BFE6DB73190EDA7FFA5ADE8E4E48A74A490EF9BBB
[TLS] Written transcript to proofs/MSG_TLS_7B6E9513.out, proofs/SIG_TLS_7B6E9513.out and proofs/PK_TLS_7B6E9513.der
Signature verification succeeds
[TLS] Server time: 1619867409
[TLS] client_random  (32): 4521A3AF92AB7CA40FAA144A4166A7D8EA00216CB6FD56AB3BA8490D6BD7CEA1
[TLS] sign_hash (32): 0604FF9D3D2537E98624BD7D89FD4E6B126446BBCCCDBAE10522979226B0D05F
[TLS] Written transcript to proofs/MSG_TLS_4521A3AF.out, proofs/SIG_TLS_4521A3AF.out and proofs/PK_TLS_4521A3AF.der
Signature verification succeeds
[TLS] Server time: 1619867409
[TLS] client_random  (32): 674D5A9475850F1C7BA5FAFEE71CF5B3D6CE76E0C7604BB00E2211184D3E7E82
[TLS] sign_hash (32): DF859C698C1258D693079F506CB66A54FF2A22E6BF0566ADFE038BAA4EA3C22A
[TLS] Written transcript to proofs/MSG_TLS_674D5A94.out, proofs/SIG_TLS_674D5A94.out and proofs/PK_TLS_674D5A94.der
Signature verification succeeds
[TLS] Server time: 1619867409
[TLS] client_random  (32): 1FFA78A5A744E6AC969FB5B38B6442DE9E9A8F70D073A4BA4CA7BAFDCA51D5DA
[TLS] sign_hash (32): 53ADC9A58EB209203CDCEE2EE9454DF7B329FFF87B22570099090AEBD2C3E878
[TLS] Written transcript to proofs/MSG_TLS_1FFA78A5.out, proofs/SIG_TLS_1FFA78A5.out and proofs/PK_TLS_1FFA78A5.der
Signature verification succeeds
[TLS] Server time: 1619867409
[TLS] client_random  (32): B3AA6E31183F20B25DAF45B2C0BFAB72B9EEB37168F5AD8C45E4CC7F7B90C49D
[TLS] sign_hash (32): 24769CA6A9221D0F17016599A8C4254D1AD5A60929BF73385B201BF087A5B074
[TLS] Written transcript to proofs/MSG_TLS_B3AA6E31.out, proofs/SIG_TLS_B3AA6E31.out and proofs/PK_TLS_B3AA6E31.der
Signature verification succeeds
[TLS] Server time: 1619867409
[TLS] client_random  (32): 0B796E10C2A11B42D46F4D26BDC61D82213EDEEC780BD96EC68E9FBAECCA12B8
[TLS] sign_hash (32): BB57A566678B33C006DBE3A9BCA16B6DBD36A7D10FAF20C450D846CC6DACE012
[TLS] Written transcript to proofs/MSG_TLS_0B796E10.out, proofs/SIG_TLS_0B796E10.out and proofs/PK_TLS_0B796E10.der
Signature verification succeeds
[TLS] Server time: 1619867409
[TLS] client_random  (32): D2878DC0BBDD2F7A8F3D8C47F509B75D9E9D3572105C7EE5064CBEAEBE4C8BC0
[TLS] sign_hash (32): E032B8272AE53F7B9A36E968C277FCBD1E289E06405DF23FC50986A8CF6D5C3B
[TLS] Written transcript to proofs/MSG_TLS_D2878DC0.out, proofs/SIG_TLS_D2878DC0.out and proofs/PK_TLS_D2878DC0.der
Signature verification succeeds
[TLS] Server time: 1619867409
[TLS] client_random  (32): A3E117391B505D9075F1E40AB63419E482DE57D664457E135251C9C4FA210E5F
[TLS] sign_hash (32): 8EEAB26485BC120A1F321D43C3CD32EA6F2C62094961EE11C2A8D7FA92372627
[TLS] Written transcript to proofs/MSG_TLS_A3E11739.out, proofs/SIG_TLS_A3E11739.out and proofs/PK_TLS_A3E11739.der
Signature verification succeeds
[TLS] Server time: 1619867409
[TLS] client_random  (32): 603DB812A7D0B79887DEF2AEA87E7B99166E930D204CC73245D7978D70EB8CFC
[TLS] sign_hash (32): 43EEBA8147F920BE125A2D767E26E1ACDD89A3A98238362340EE163C476FF414
[TLS] Written transcript to proofs/MSG_TLS_603DB812.out, proofs/SIG_TLS_603DB812.out and proofs/PK_TLS_603DB812.der
Signature verification succeeds
[TLS] Server time: 1619867409
[TLS] client_random  (32): 54267C20CCF96ECCA8A8E11FDA34833F14D46A47CF1037207F167D20B3F5A4AE
[TLS] sign_hash (32): 4C84D3DA3360FD251540910CA964452296A32E4E8356A7B84E9D89F2C33428BC
[TLS] Written transcript to proofs/MSG_TLS_54267C20.out, proofs/SIG_TLS_54267C20.out and proofs/PK_TLS_54267C20.der
Signature verification succeeds
[TLS] Server time: 1619867409
[TLS] client_random  (32): 97DADF1FD691E43201EB202D3837285E830348B9F7859BFA3B28A3A2DACC2565
[TLS] sign_hash (32): 4E1795D0078675EAB518306BCD02060C4FA114609E57085208CCE6E04F9D35B5
[TLS] Written transcript to proofs/MSG_TLS_97DADF1F.out, proofs/SIG_TLS_97DADF1F.out and proofs/PK_TLS_97DADF1F.der
Signature verification succeeds
[TLS] Server time: 1619867409
[TLS] client_random  (32): 446C4A6706C23B3DAEA135F4DE292B0872B335D1F2A9A604A08028AC10C156F8
[TLS] sign_hash (32): 19BBD6BA827998367E84A86C422E57DFBB2B3C31880B80E9804EC1FBB2C52C1A
[TLS] Written transcript to proofs/MSG_TLS_446C4A67.out, proofs/SIG_TLS_446C4A67.out and proofs/PK_TLS_446C4A67.der
Signature verification succeeds
[TLS] Server time: 1619867409
[TLS] client_random  (32): B18142F0E6B9D968AC7824F9A9E87A3C0D525C9D5CD5DD056E2078C2F9FD2AC7
[TLS] sign_hash (32): CA31100D17D08544937252683F58FDD2C4DE81B48A709D46C81BB1C9829A500B
[TLS] Written transcript to proofs/MSG_TLS_B18142F0.out, proofs/SIG_TLS_B18142F0.out and proofs/PK_TLS_B18142F0.der
Signature verification succeeds
[TLS] Server time: 1619867409
[TLS] client_random  (32): 7A2C41AAD74EF5DE5B9EEA71A8BF4E944C84B5D77A5CB7003830BA5820B48B6E
[TLS] sign_hash (32): B0D20E8216FAF305B517079CDFDEA9BB5E86DE6D0D53A8606A7B1B591DC258E4
[TLS] Written transcript to proofs/MSG_TLS_7A2C41AA.out, proofs/SIG_TLS_7A2C41AA.out and proofs/PK_TLS_7A2C41AA.der
Signature verification succeeds
[TLS] Server time: 1619867409
[TLS] client_random  (32): ACAF162FDFDFDB4FEDE075CDCA1DF9B39DA8694C9612FA0EF3D47504FE2CB65B
[TLS] sign_hash (32): DA34C27C857F04C2391EB7F6BC419EAEBA1B1CF86C8979725103EF0A971EA0DC
[TLS] Written transcript to proofs/MSG_TLS_ACAF162F.out, proofs/SIG_TLS_ACAF162F.out and proofs/PK_TLS_ACAF162F.der
Signature verification succeeds
[TLS] Server time: 1619867409
[TLS] client_random  (32): E8286C556AB11104E784F31E161CC6D3DF8609756C5CEE55F13032C6CCF8048A
[TLS] sign_hash (32): 4909C84BA9DA292D69AF199B175D5FAB75B2B77352EAB7D2BC2605C65BDAFD85
[TLS] Written transcript to proofs/MSG_TLS_E8286C55.out, proofs/SIG_TLS_E8286C55.out and proofs/PK_TLS_E8286C55.der
Signature verification succeeds
[TLS] Server time: 1619867409
[TLS] client_random  (32): AC4311FFE4061EC669DA31BD12DCA0C2DD959EB32E97B5F1929C1D58C0252A34
[TLS] sign_hash (32): B6ECBC8C384390C005085010279FCFF8F1123142EAD6FD194C1A47C2DE79FEEF
[TLS] Written transcript to proofs/MSG_TLS_AC4311FF.out, proofs/SIG_TLS_AC4311FF.out and proofs/PK_TLS_AC4311FF.der
Signature verification succeeds
[TLS] Server time: 1619867409
[TLS] client_random  (32): F83CF0315F747BC73521B968F58B9A4FFB09DB4F9BB876CC600E11C0E7DCE6BE
[TLS] sign_hash (32): 9E2F161B045C465A8E23068447405F844C0506589AEE88F907B626F2058066E8
[TLS] Written transcript to proofs/MSG_TLS_F83CF031.out, proofs/SIG_TLS_F83CF031.out and proofs/PK_TLS_F83CF031.der
Signature verification succeeds
[TLS] Server time: 1619867409
[TLS] client_random  (32): 60C969CBC0CF0A82660EB84865CC118361B0B964F9F21928F3435F5633BDDB6D
[TLS] sign_hash (32): 5609BACD802FF3C3FD510D118FABAB2E944155D3723F89C8DCE49BF2E7A350BE
[TLS] Written transcript to proofs/MSG_TLS_60C969CB.out, proofs/SIG_TLS_60C969CB.out and proofs/PK_TLS_60C969CB.der
Signature verification succeeds
[TLS] Server time: 1619867409
[TLS] client_random  (32): 217E084565AC5F02D80BC0B1A85A07AA961C81F9EA97F159792977A824B2A1B0
[TLS] sign_hash (32): 1CE7D2E0145907C9C2E522BF2C78E67D8A33EE664003C0EC34891652A5830F94
[TLS] Written transcript to proofs/MSG_TLS_217E0845.out, proofs/SIG_TLS_217E0845.out and proofs/PK_TLS_217E0845.der
Signature verification succeeds
[TLS] Server time: 1619867409
[TLS] client_random  (32): FD6FA3A4B4F9580CD9A40508E94975C9558970263D369ABDC2BFD417BD11D912
[TLS] sign_hash (32): 3BBC5BC0635552BAC50F3339AD3C041308394601F26FA20AE8423A62EFCB8508
[TLS] Written transcript to proofs/MSG_TLS_FD6FA3A4.out, proofs/SIG_TLS_FD6FA3A4.out and proofs/PK_TLS_FD6FA3A4.der
Signature verification succeeds
[TLS] Server time: 1619867409
[TLS] client_random  (32): 42050A1CC228D91121AF75AEFED0D2484D8834E6A6A018F1B1EE7FDC5AF683EF
[TLS] sign_hash (32): 083AD72FC2F236CAD4E894312EDA8072832CFDBF4425D577F18EECAC8CDCBAFD
[TLS] Written transcript to proofs/MSG_TLS_42050A1C.out, proofs/SIG_TLS_42050A1C.out and proofs/PK_TLS_42050A1C.der
Signature verification succeeds
[TLS] Server time: 1619867409
[TLS] client_random  (32): C5A683541E53ED5F8A2286FCB3A77ECE0253C8E3799FEEDB124660676698A102
[TLS] sign_hash (32): C52F7B469D858A2C560A56442688505DBF35AFE718B6F7B302368A3E47D8F5D7
[TLS] Written transcript to proofs/MSG_TLS_C5A68354.out, proofs/SIG_TLS_C5A68354.out and proofs/PK_TLS_C5A68354.der
Signature verification succeeds
[TLS] Server time: 1619867409
[TLS] client_random  (32): B5B5F4011987BF8D951E71A95AE1097C5C38425775939CEA87FC3142CF33B404
[TLS] sign_hash (32): B4D731306BCD4286D27FACA174195E3384774423B0AC90071E259DA16E6A6BD0
[TLS] Written transcript to proofs/MSG_TLS_B5B5F401.out, proofs/SIG_TLS_B5B5F401.out and proofs/PK_TLS_B5B5F401.der
Signature verification succeeds
[TLS] Server time: 1619867409
[TLS] client_random  (32): B02BE2EF7033C8F6164F0B5111B87602BCD1257282EF56337DA1BE0E6A60B8A3
[TLS] sign_hash (32): 38DB80C2321A081BF19CE850BFCEB90A2B5BB371FDFBBFC048B374C03B8F338B
[TLS] Written transcript to proofs/MSG_TLS_B02BE2EF.out, proofs/SIG_TLS_B02BE2EF.out and proofs/PK_TLS_B02BE2EF.der
Signature verification succeeds
[TLS] Server time: 1619867409
[TLS] client_random  (32): 5589F70705525977E61EEC812A8C2A346ED3B36CF1B30F49B0FAC7A6C26F5028
[TLS] sign_hash (32): 97D667739E2379E288189FAC134E47C522644AB91CA17E42E00849C1787F8EBD
[TLS] Written transcript to proofs/MSG_TLS_5589F707.out, proofs/SIG_TLS_5589F707.out and proofs/PK_TLS_5589F707.der
Signature verification succeeds
[TLS] Server time: 1619867409
[TLS] client_random  (32): 80C761FA621EBA67F43024D9B244046924205D796545CA0F45B5B9F753F9962B
[TLS] sign_hash (32): D363D6A5853B30C0DA09337042F1020637052F7D8E7BB2451ADE3C135A5857F3
[TLS] Written transcript to proofs/MSG_TLS_80C761FA.out, proofs/SIG_TLS_80C761FA.out and proofs/PK_TLS_80C761FA.der
Signature verification succeeds
[TLS] Server time: 1619867409
[TLS] client_random  (32): 1FD018FDD132D18FF9B1A2B6651C9F9ADFAFB18DB0B57FF848E3C0050A9EADB9
[TLS] sign_hash (32): 3DE1916D71391041DD4E2184CF1322305A62E296BE61D94A0B911D983E8CEEDE
[TLS] Written transcript to proofs/MSG_TLS_1FD018FD.out, proofs/SIG_TLS_1FD018FD.out and proofs/PK_TLS_1FD018FD.der
Signature verification succeeds
[TLS] Server time: 1619867409
[TLS] client_random  (32): 3474528CC38F407F9C24A526D1F6F832DF7123394EAE9C1D5F6DAB1A5EACE191
[TLS] sign_hash (32): EC56BF63667B4469A99F4A78D81E939EFA4C954D200FC4617FF593955E8C9D06
[TLS] Written transcript to proofs/MSG_TLS_3474528C.out, proofs/SIG_TLS_3474528C.out and proofs/PK_TLS_3474528C.der
Signature verification succeeds
[TLS] Server time: 1619867409
[TLS] client_random  (32): 4327CC8DC844BD8936FAF85D73503059ACA666803A9B9BB86570D9FE1DA0C4CE
[TLS] sign_hash (32): D42853B44A062D61894A96F977A0ACBA303802F5842D47A9E48695BE634E4830
[TLS] Written transcript to proofs/MSG_TLS_4327CC8D.out, proofs/SIG_TLS_4327CC8D.out and proofs/PK_TLS_4327CC8D.der
Signature verification succeeds
[TLS] Server time: 1619867409
[TLS] client_random  (32): F148FAE98707C2E8FFD853627EC8F29FFDBF5C328287F7F1E09788EB90FCC828
[TLS] sign_hash (32): CB7DF9043472ED3D8EB3AD71C9E77AF8CA3C6A773219AF651D7E8E3E2FA179DB
[TLS] Written transcript to proofs/MSG_TLS_F148FAE9.out, proofs/SIG_TLS_F148FAE9.out and proofs/PK_TLS_F148FAE9.der
Signature verification succeeds
[TLS] Server time: 1619867409
[TLS] client_random  (32): 280CBE0E93A9306F3D20B8D4D7AF183B549DD60827A793F18DD2CD69AC8292C0
[TLS] sign_hash (32): 437E543FA010B34E39FDABF73D5B2BAC959B74B96D56EA08FC3E93A9BA43BA77
[TLS] Written transcript to proofs/MSG_TLS_280CBE0E.out, proofs/SIG_TLS_280CBE0E.out and proofs/PK_TLS_280CBE0E.der
Signature verification succeeds
[TLS] Server time: 1619867409
[TLS] client_random  (32): A5C02156CC4747F1DFA28D5A268268FFB3C0B018AAE26D990A960638C1837933
[TLS] sign_hash (32): 71A722421FFF11C2E620649420868E23845182E8C70C57627F9C9E32199D1BD3
[TLS] Written transcript to proofs/MSG_TLS_A5C02156.out, proofs/SIG_TLS_A5C02156.out and proofs/PK_TLS_A5C02156.der
Signature verification succeeds
[TLS] Server time: 1619867409
[TLS] client_random  (32): 45F02D1E63DEDBA3DE8481010EC6723D459130D79FDAB2E1F7801789F91EFDA6
[TLS] sign_hash (32): E99F2BFD1F142BB2B85DC2BCD86242CB280DDB761B7FDC6DFF7FB873D783826E
[TLS] Written transcript to proofs/MSG_TLS_45F02D1E.out, proofs/SIG_TLS_45F02D1E.out and proofs/PK_TLS_45F02D1E.der
Signature verification succeeds
[TLS] Server time: 1619867409
[TLS] client_random  (32): C68B3F4979D077EB9B04055A22F2FD5F4599BB8688BC3A8A4C57789C8929FB82
[TLS] sign_hash (32): D907C714B5B544B1D07EDFF5B6B39A38A463CDBE40C6176971455E215C4462C5
[TLS] Written transcript to proofs/MSG_TLS_C68B3F49.out, proofs/SIG_TLS_C68B3F49.out and proofs/PK_TLS_C68B3F49.der
Signature verification succeeds
[TLS] Server time: 1619867410
[TLS] client_random  (32): 169C70B362766EDD498FD41DA8EA66EFAA5616C4D0B7B7AA398AFDC687AAD0B8
[TLS] sign_hash (32): 38FC5380F97C557F9FFD3B581C2CBC677121558BC8575508C02914FCC7FE0193
[TLS] Written transcript to proofs/MSG_TLS_169C70B3.out, proofs/SIG_TLS_169C70B3.out and proofs/PK_TLS_169C70B3.der
Signature verification succeeds
[TLS] Server time: 1619867410
[TLS] client_random  (32): EB8A16B834FECDF8ACB3A5B99EE27AAAD315CB0C28E90F2599A3DB7B6B78B272
[TLS] sign_hash (32): 705DB4D6467CEE58EADE4325E487A0C1C7BF3FC849EC0C1A3420DB9F12D250CA
[TLS] Written transcript to proofs/MSG_TLS_EB8A16B8.out, proofs/SIG_TLS_EB8A16B8.out and proofs/PK_TLS_EB8A16B8.der
Signature verification succeeds
[TLS] Server time: 1619867410
[TLS] client_random  (32): DB6F5587DD7A5AEA925A740C1968BBA809D4EE4754B1C61C1B70212711D46DF1
[TLS] sign_hash (32): AA24664F285BC2603F3B7439549D93FC60737C4496E781AB4B4D74A02504CE3F
[TLS] Written transcript to proofs/MSG_TLS_DB6F5587.out, proofs/SIG_TLS_DB6F5587.out and proofs/PK_TLS_DB6F5587.der
Signature verification succeeds
Time breakdown (averages): anchor_ping:70.057330 file_read:0.145320 hashing:0.470377
Total time for 113 rounds is 8056.118019ms
Standard deviations: anchor_ping:188.665967 file_read:0.015284 hashing:0.004539
[Client-side ops] mean:0.615697 sd:0.016394
in & out anchor rand written to proofs/phase1.out
      1 [TLS] Server time: 1619867401
      5 [TLS] Server time: 1619867402
      2 [TLS] Server time: 1619867403
      2 [TLS] Server time: 1619867404
      4 [TLS] Server time: 1619867405
     15 [TLS] Server time: 1619867406
     27 [TLS] Server time: 1619867407
     21 [TLS] Server time: 1619867408
     34 [TLS] Server time: 1619867409
      3 [TLS] Server time: 1619867410
Count is 1
Count is 5
Count is 2
Count is 2
Count is 4
Count is 15
Count is 27
Count is 21
Count is 34
Count is 3
success: 0
Sleeping before retrying
CONF: anchor:gold.ac.uk fs:1024MB n_rounds:113 seed:5c9f4bf9bbc15bb855f82faedc5a52fc3ab2dfa8ec3ba3ce1b270f31fa0cced2 filename:FILE bs:1024 nops:100 benchmarking:0 anchor_ping:1 queue_depth:32 direct:0
[TLS] Connecting to gold.ac.uk
[TLS] Server time: 1619867411
[TLS] client_random  (32): 5C9F4BF9BBC15BB855F82FAEDC5A52FC3AB2DFA8EC3BA3CE1B270F31FA0CCED2
[TLS] sign_hash (32): D3A87B2B967BA7DA1F1BCFD02755BB6A0374AEDC8F767BD63BDA3BE7586A92B5
[TLS] Written transcript to proofs/MSG_TLS_5C9F4BF9.out, proofs/SIG_TLS_5C9F4BF9.out and proofs/PK_TLS_5C9F4BF9.der
Signature verification succeeds
[TLS] Server time: 1619867411
[TLS] client_random  (32): 03D2C333E5A433F0A7858A614421033328293B6B2256CA67E8D24D47EF1495A9
[TLS] sign_hash (32): 8E1EAF84EC106CAE176099034145A3DA47018F8B12296F2DD8FA5511CE2C4C77
[TLS] Written transcript to proofs/MSG_TLS_03D2C333.out, proofs/SIG_TLS_03D2C333.out and proofs/PK_TLS_03D2C333.der
Signature verification succeeds
[TLS] Server time: 1619867411
[TLS] client_random  (32): 3FD2445A15A1E96AE0D850350A7841C3FF8870D018273755C009CF44AFD26DB4
[TLS] sign_hash (32): 21676CB45B01B5CD292869900FC09A48C6D5EA83E5451705CAE4939E331525B3
[TLS] Written transcript to proofs/MSG_TLS_3FD2445A.out, proofs/SIG_TLS_3FD2445A.out and proofs/PK_TLS_3FD2445A.der
Signature verification succeeds
[TLS] Server time: 1619867411
[TLS] client_random  (32): 8787775D594F1756929941668F7917427C027205548D38F7B6E7C4472F2D58DF
[TLS] sign_hash (32): A1422E77AED56212665F3EDC2430C085A2602811603CB1A3FD8004590B4C39AF
[TLS] Written transcript to proofs/MSG_TLS_8787775D.out, proofs/SIG_TLS_8787775D.out and proofs/PK_TLS_8787775D.der
Signature verification succeeds
[TLS] Server time: 1619867411
[TLS] client_random  (32): 5C0C76589618E5AB83B8ABF482E5418E9B087AA3B894D76184DD039F7BF2B5F5
[TLS] sign_hash (32): 941A0A23C8F9BBACD9BEF09C36A525F6145A52CFA04B8D046AE34580E108E004
[TLS] Written transcript to proofs/MSG_TLS_5C0C7658.out, proofs/SIG_TLS_5C0C7658.out and proofs/PK_TLS_5C0C7658.der
Signature verification succeeds
[TLS] Server time: 1619867411
[TLS] client_random  (32): 2A0A8FF9EA3339898F12DE325E28E2695B8BD854DFE94C87EF2BECB6AD21C134
[TLS] sign_hash (32): 7130A51C2F2F8C768153A5742C835FEA8CACA86BE2B8D5D3EEAFCCEE49DE5F75
[TLS] Written transcript to proofs/MSG_TLS_2A0A8FF9.out, proofs/SIG_TLS_2A0A8FF9.out and proofs/PK_TLS_2A0A8FF9.der
Signature verification succeeds
[TLS] Server time: 1619867411
[TLS] client_random  (32): 17329C65745DD2C7A597B95DEC42DBC99D90068A2C28679EB4A558FF660F8795
[TLS] sign_hash (32): 798A9E6F15D687A03E5C8DC808EC86A1AA1B04F72563B0E6C1BDFB867E0A6ED1
[TLS] Written transcript to proofs/MSG_TLS_17329C65.out, proofs/SIG_TLS_17329C65.out and proofs/PK_TLS_17329C65.der
Signature verification succeeds
[TLS] Server time: 1619867411
[TLS] client_random  (32): 1B825023804700C9436D97C5FA07B0696BA620F7432F8BDFA3E82EC96DD0650F
[TLS] sign_hash (32): 18F731D0FE127B5D7496264C56B291CD9B0F6BC9A0F75F0CC89DC9610415906E
[TLS] Written transcript to proofs/MSG_TLS_1B825023.out, proofs/SIG_TLS_1B825023.out and proofs/PK_TLS_1B825023.der
Signature verification succeeds
[TLS] Server time: 1619867411
[TLS] client_random  (32): 28A5A3AC82D48ED2EC6FF2ECBEB98CDDEE3C8AEDCBFF07FCCAB68D118EDB6045
[TLS] sign_hash (32): 8E338428C9F37A23B81438E8A4DA2AEA6C091FA2638582A3E30C69E7C5CAA6E0
[TLS] Written transcript to proofs/MSG_TLS_28A5A3AC.out, proofs/SIG_TLS_28A5A3AC.out and proofs/PK_TLS_28A5A3AC.der
Signature verification succeeds
[TLS] Server time: 1619867411
[TLS] client_random  (32): E8E099C08117099369AF00B1DB488DB94EFCA3CF02E038FF7E7C5988E3D367F8
[TLS] sign_hash (32): 42ED99D3D4EDD335270469F300925A7527A6618BE576A79347630DC00E9129BB
[TLS] Written transcript to proofs/MSG_TLS_E8E099C0.out, proofs/SIG_TLS_E8E099C0.out and proofs/PK_TLS_E8E099C0.der
Signature verification succeeds
[TLS] Server time: 1619867411
[TLS] client_random  (32): 14882C445FB46BE81CC08D633E1952332435D6E9AF050793878E173B8779F7E8
[TLS] sign_hash (32): 8C4C1D34C656B9DCB64F85175C6EDBE8662D32840D6E543AA67CCAED0924BE84
[TLS] Written transcript to proofs/MSG_TLS_14882C44.out, proofs/SIG_TLS_14882C44.out and proofs/PK_TLS_14882C44.der
Signature verification succeeds
[TLS] Server time: 1619867411
[TLS] client_random  (32): 5A454F49CA5DF9E274A1DD1F36BDD9FAF7E6047F56C30F0981361D6AF27718FE
[TLS] sign_hash (32): E03801129E23B9A05CC1D6ED13368678A65C0CBFB63796E231891BE077BF96AE
[TLS] Written transcript to proofs/MSG_TLS_5A454F49.out, proofs/SIG_TLS_5A454F49.out and proofs/PK_TLS_5A454F49.der
Signature verification succeeds
[TLS] Server time: 1619867411
[TLS] client_random  (32): F9E94B97CCF8C39D238C793C0FC56CCB81648B249955951FFBB9152E83A3BA62
[TLS] sign_hash (32): 613662BABBA0A077ECD1FB4B3B209152E7A55F09D949681165BB6C1219EF030B
[TLS] Written transcript to proofs/MSG_TLS_F9E94B97.out, proofs/SIG_TLS_F9E94B97.out and proofs/PK_TLS_F9E94B97.der
Signature verification succeeds
[TLS] Server time: 1619867411
[TLS] client_random  (32): 2ED31C03B31BABB03E5CB26319FF1CFFA8C1E9189D6869A47FF86F0FA5BDB9AF
[TLS] sign_hash (32): D99388FC11BB5857AA8FB40C8F2397DF9E360CD794054FAEDD411C3DA59E7D6D
[TLS] Written transcript to proofs/MSG_TLS_2ED31C03.out, proofs/SIG_TLS_2ED31C03.out and proofs/PK_TLS_2ED31C03.der
Signature verification succeeds
[TLS] Server time: 1619867411
[TLS] client_random  (32): B8467E27CBAE146E73824039F036D5EDF5111E5BEE253B29AF72165760167EA1
[TLS] sign_hash (32): 07E46734D0A57A1B4698422B74642E593C45B09CC5540D1DCAEB5A666CDC5EF7
[TLS] Written transcript to proofs/MSG_TLS_B8467E27.out, proofs/SIG_TLS_B8467E27.out and proofs/PK_TLS_B8467E27.der
Signature verification succeeds
[TLS] Server time: 1619867411
[TLS] client_random  (32): 0013BF59DBFDCB464EDB203FBB98127E9013505EC399DD77717BE6A3828A0A37
[TLS] sign_hash (32): 8C0FC2B48C96ECB736AF830FB3C4971057D6DF1CA062BA7DBA46A1F1B48BEEF8
[TLS] Written transcript to proofs/MSG_TLS_0013BF59.out, proofs/SIG_TLS_0013BF59.out and proofs/PK_TLS_0013BF59.der
Signature verification succeeds
[TLS] Server time: 1619867411
[TLS] client_random  (32): 079D6EBA190BC16946F697D5968D05206C966AB0F9926C57793887551E05BBB5
[TLS] sign_hash (32): 7A6EB03C3525214BA9D8C765B53B8282B07308169ECF5CF6C169DCACFA2C1BD4
[TLS] Written transcript to proofs/MSG_TLS_079D6EBA.out, proofs/SIG_TLS_079D6EBA.out and proofs/PK_TLS_079D6EBA.der
Signature verification succeeds
[TLS] Server time: 1619867411
[TLS] client_random  (32): 26710615D31A7B2D1258CE2EAD2B6D24C55EA2D7693A8F163018D3792D42B3D6
[TLS] sign_hash (32): 0EE877276C151B0E13DFFBAD400A6F757F3EF1E20715AF58E34A3D4ADE04316E
[TLS] Written transcript to proofs/MSG_TLS_26710615.out, proofs/SIG_TLS_26710615.out and proofs/PK_TLS_26710615.der
Signature verification succeeds
[TLS] Server time: 1619867411
[TLS] client_random  (32): 9717F79019A0C1AA27947574F82FC940456B317A505929287B81797CB820FEFC
[TLS] sign_hash (32): EFB7AD52D6447C919615C2273DE6D0A98F394BFE79BDF5F2CF66239323BDF01B
[TLS] Written transcript to proofs/MSG_TLS_9717F790.out, proofs/SIG_TLS_9717F790.out and proofs/PK_TLS_9717F790.der
Signature verification succeeds
[TLS] Server time: 1619867411
[TLS] client_random  (32): D586A9BAD5C267AC1B82008CB9074E6FD9B4085EF5DCCF06CFAF12C3BAF5C764
[TLS] sign_hash (32): C7FEE7F9D3CDE7E685EB488005224CC431AE2440EC20BE34AB2D1125E77F4C5C
[TLS] Written transcript to proofs/MSG_TLS_D586A9BA.out, proofs/SIG_TLS_D586A9BA.out and proofs/PK_TLS_D586A9BA.der
Signature verification succeeds
[TLS] Server time: 1619867411
[TLS] client_random  (32): 958FEFBB8F3F4F2CC79CDAE83C2434D64F7BFD4C604FBEADB7C2E9E38CDA8F00
[TLS] sign_hash (32): ADF02565D63E775FFA782E5C1E122C22C628F0F3835D8757920467084DC5AB44
[TLS] Written transcript to proofs/MSG_TLS_958FEFBB.out, proofs/SIG_TLS_958FEFBB.out and proofs/PK_TLS_958FEFBB.der
Signature verification succeeds
[TLS] Server time: 1619867411
[TLS] client_random  (32): E0E18A62808BCB8607180CAD44D177D16462B7CF388C9B07DE91256A9F164E58
[TLS] sign_hash (32): 37DF551840915B697FBF64587690745CE345E7BD851234B6441869428952C702
[TLS] Written transcript to proofs/MSG_TLS_E0E18A62.out, proofs/SIG_TLS_E0E18A62.out and proofs/PK_TLS_E0E18A62.der
Signature verification succeeds
[TLS] Server time: 1619867411
[TLS] client_random  (32): 32294EF160FDB6B75945E5D63F2D1F8B6D0D4978198166CC5EBBF107E0C4597F
[TLS] sign_hash (32): 545835B45BFB83DFF35E1060B69FF8A31ECB071E771944D47B450E9CAD949020
[TLS] Written transcript to proofs/MSG_TLS_32294EF1.out, proofs/SIG_TLS_32294EF1.out and proofs/PK_TLS_32294EF1.der
Signature verification succeeds
[TLS] Server time: 1619867411
[TLS] client_random  (32): 5B47DBECE1EB723EA57810B3A03EDD6DE59463954AD8C785C3F8B11A2F30423F
[TLS] sign_hash (32): 4AC06CC088226386A58F8462D63CB23509470ADFE727452215E89FED47EBB992
[TLS] Written transcript to proofs/MSG_TLS_5B47DBEC.out, proofs/SIG_TLS_5B47DBEC.out and proofs/PK_TLS_5B47DBEC.der
Signature verification succeeds
[TLS] Server time: 1619867411
[TLS] client_random  (32): E23F1353BCE773B7E45CD6ECDCA92C8CD633FC69B87F5BA8ADE15BD355B4E4D3
[TLS] sign_hash (32): 672FF952A96ED602617AA17FE2034A670EA0AF120F811F608AAE47FD66F725E4
[TLS] Written transcript to proofs/MSG_TLS_E23F1353.out, proofs/SIG_TLS_E23F1353.out and proofs/PK_TLS_E23F1353.der
Signature verification succeeds
[TLS] Server time: 1619867411
[TLS] client_random  (32): FEF39BF40840871D32FC50279712931049E375326CBEBBEE1D85FC8474EB6277
[TLS] sign_hash (32): A0EB0AE2C6260DC2631D3C90CE8939BC9EFEC0F1F23B8E49257B1407863648CF
[TLS] Written transcript to proofs/MSG_TLS_FEF39BF4.out, proofs/SIG_TLS_FEF39BF4.out and proofs/PK_TLS_FEF39BF4.der
Signature verification succeeds
[TLS] Server time: 1619867411
[TLS] client_random  (32): 09C4AE5DDED57A77F3ED331F746F770ECA44BF77D2D8CDA415732D2169F6DE1C
[TLS] sign_hash (32): 7765FD885045AEB91178BA1D2F6DB3EE91D27F7943A25FE08A6CD867FC4B03B0
[TLS] Written transcript to proofs/MSG_TLS_09C4AE5D.out, proofs/SIG_TLS_09C4AE5D.out and proofs/PK_TLS_09C4AE5D.der
Signature verification succeeds
[TLS] Server time: 1619867411
[TLS] client_random  (32): 6929D8306A335A905EEF2DCE565A8D727241F3A97F3FB85F319D9D2F98782108
[TLS] sign_hash (32): 47540CDF6D1E9A5743560D71986E7741DCFDC496089FCC9153B663AB4E08EB8D
[TLS] Written transcript to proofs/MSG_TLS_6929D830.out, proofs/SIG_TLS_6929D830.out and proofs/PK_TLS_6929D830.der
Signature verification succeeds
[TLS] Server time: 1619867411
[TLS] client_random  (32): B3B73978E3D8FCF56E6F807529C4B9620AE79D26EC5CA0C1505E704FA4FBA03A
[TLS] sign_hash (32): 95E4B9F71EEFBF7C4C15BE92E474DD6B66348F6D7EA4099CE9D983BC0679E36A
[TLS] Written transcript to proofs/MSG_TLS_B3B73978.out, proofs/SIG_TLS_B3B73978.out and proofs/PK_TLS_B3B73978.der
Signature verification succeeds
[TLS] Server time: 1619867411
[TLS] client_random  (32): 267F93D12F67724AF134035BABB91B8AC2A4FFC927BAEAA3C50338021FE741FF
[TLS] sign_hash (32): 3464CF3BFBB52EBD844A185F5911FDC8D337190213EB2AC060D254C6DAC0237B
[TLS] Written transcript to proofs/MSG_TLS_267F93D1.out, proofs/SIG_TLS_267F93D1.out and proofs/PK_TLS_267F93D1.der
Signature verification succeeds
[TLS] Server time: 1619867412
[TLS] client_random  (32): C5C52898760AD75A52A03DD8CE31C285DE1C567F7773A4EF0AC04CFB06207F5B
[TLS] sign_hash (32): EFDC53570108651A4AADC227DC702CD85484B8A2C67C629DD65A7329D1EAC7C3
[TLS] Written transcript to proofs/MSG_TLS_C5C52898.out, proofs/SIG_TLS_C5C52898.out and proofs/PK_TLS_C5C52898.der
Signature verification succeeds
[TLS] Server time: 1619867412
[TLS] client_random  (32): 83A80F16F46ED72B9E38648B569604F0F0B3109245B755B74A5E05A56A0D4C58
[TLS] sign_hash (32): 3F2B73BED42DF8AD7ECEA5471B01BBAF0A330AFDED6172B0E08CC80E3F4AE141
[TLS] Written transcript to proofs/MSG_TLS_83A80F16.out, proofs/SIG_TLS_83A80F16.out and proofs/PK_TLS_83A80F16.der
Signature verification succeeds
[TLS] Server time: 1619867412
[TLS] client_random  (32): E3B3DCE91D248A0759C26FB10B0378A88CA38E4E92BE7F095D21AC2765057318
[TLS] sign_hash (32): 9AD5333F48DA165FFBEBE53BE3A05E578F10AFAF688B7D35068A034574C7810D
[TLS] Written transcript to proofs/MSG_TLS_E3B3DCE9.out, proofs/SIG_TLS_E3B3DCE9.out and proofs/PK_TLS_E3B3DCE9.der
Signature verification succeeds
[TLS] Server time: 1619867412
[TLS] client_random  (32): A04A6F50C4526FF5424A9F2307F7728D074E9ED3457747E6595041BD99A58C1A
[TLS] sign_hash (32): 7FBD3AB2B94C60B1CB86E59347E053DD456BE83756848B9E504F652A9B0C52F0
[TLS] Written transcript to proofs/MSG_TLS_A04A6F50.out, proofs/SIG_TLS_A04A6F50.out and proofs/PK_TLS_A04A6F50.der
Signature verification succeeds
[TLS] Server time: 1619867412
[TLS] client_random  (32): F721640A800ABC81675A5F632A7A19F7ECC8BFD24A20D1DA9846D3A5FF04920C
[TLS] sign_hash (32): D9B554269F82228937433FA66997FA411338A79605BA0237FC868C571D3F223A
[TLS] Written transcript to proofs/MSG_TLS_F721640A.out, proofs/SIG_TLS_F721640A.out and proofs/PK_TLS_F721640A.der
Signature verification succeeds
[TLS] Server time: 1619867412
[TLS] client_random  (32): 4758B84A9BE7F574FC1D9B2F5A76D385387373F51A8E9359FF12D0DB24738C82
[TLS] sign_hash (32): BEE5CF1E383FADF9E3723D992FFB6CF3A9F215123C4B0CBECE71E036D3D644B7
[TLS] Written transcript to proofs/MSG_TLS_4758B84A.out, proofs/SIG_TLS_4758B84A.out and proofs/PK_TLS_4758B84A.der
Signature verification succeeds
[TLS] Server time: 1619867412
[TLS] client_random  (32): 8BA941BC0FB3EEDB4A8B6BB5913DCD7326A56ECCA4DEFF8EA6BE68F1D05DF402
[TLS] sign_hash (32): 4872039940084AF88E17629E6A2D19025D6AC9223A1DA1EFA2EE107684E051AB
[TLS] Written transcript to proofs/MSG_TLS_8BA941BC.out, proofs/SIG_TLS_8BA941BC.out and proofs/PK_TLS_8BA941BC.der
Signature verification succeeds
[TLS] Server time: 1619867412
[TLS] client_random  (32): A144F33A983DDBE7BB5EE114D3065742D63C1A9A4C37EB53D63EF8C423018EC5
[TLS] sign_hash (32): C345BB0E5A83040705523576F9E5B0D4390060C2C8676020DFCD517CF8939D71
[TLS] Written transcript to proofs/MSG_TLS_A144F33A.out, proofs/SIG_TLS_A144F33A.out and proofs/PK_TLS_A144F33A.der
Signature verification succeeds
[TLS] Server time: 1619867412
[TLS] client_random  (32): 7448E4E70B1517B42B1A80F9A8DF20A0AD172DA92075E01200BB984412D62A53
[TLS] sign_hash (32): 2635AE9BE1C89E3958FFF837D48F1438694FF7E755D0AB1A84C3EFA2A326C5A9
[TLS] Written transcript to proofs/MSG_TLS_7448E4E7.out, proofs/SIG_TLS_7448E4E7.out and proofs/PK_TLS_7448E4E7.der
Signature verification succeeds
[TLS] Server time: 1619867412
[TLS] client_random  (32): A79F2FDDB0C685A5AA712A81CDCDC14B7FE46A0FC70DBD24D5BC9430D886CF6F
[TLS] sign_hash (32): DD04FA18352C52CF613123DE390B62CD9EB630E58263211C824ACF24DCB9C335
[TLS] Written transcript to proofs/MSG_TLS_A79F2FDD.out, proofs/SIG_TLS_A79F2FDD.out and proofs/PK_TLS_A79F2FDD.der
Signature verification succeeds
[TLS] Server time: 1619867412
[TLS] client_random  (32): 50E5F27579310C04052B2E5C465AF482D2A93C96970DB8CD6147471ACD9339FC
[TLS] sign_hash (32): 14965C9F565EC048FB170F6ADBF29079A2C490C433E60A5789E69E07F63E2DA6
[TLS] Written transcript to proofs/MSG_TLS_50E5F275.out, proofs/SIG_TLS_50E5F275.out and proofs/PK_TLS_50E5F275.der
Signature verification succeeds
[TLS] Server time: 1619867412
[TLS] client_random  (32): C1EE29A86B6E561252C8A6C36C817265B72C1DFE04F80A19CE1F15A4E2477B21
[TLS] sign_hash (32): CCDAFA8E3EAC9C6B3D368A70B96A66584601B5707DE3BB8875B40506A649EC53
[TLS] Written transcript to proofs/MSG_TLS_C1EE29A8.out, proofs/SIG_TLS_C1EE29A8.out and proofs/PK_TLS_C1EE29A8.der
Signature verification succeeds
[TLS] Server time: 1619867412
[TLS] client_random  (32): E815E165A37CA5863F097C508426E268A9D58AE76072BBA1014F868BD56F90AA
[TLS] sign_hash (32): 68D269E50FC8F03E51C0FA4CC7604FAF1C8F7894CCF99D4BC19D30C038C44A24
[TLS] Written transcript to proofs/MSG_TLS_E815E165.out, proofs/SIG_TLS_E815E165.out and proofs/PK_TLS_E815E165.der
Signature verification succeeds
[TLS] Server time: 1619867412
[TLS] client_random  (32): A0B5B0F782AFECFCB4DD08954827C70E816C9323E5B0B1C5B0BF49A0AC7A1719
[TLS] sign_hash (32): 7319445EA179BBA9A9D8FC20141695694BAE26D99813C2596CF8017701ABB498
[TLS] Written transcript to proofs/MSG_TLS_A0B5B0F7.out, proofs/SIG_TLS_A0B5B0F7.out and proofs/PK_TLS_A0B5B0F7.der
Signature verification succeeds
[TLS] Server time: 1619867412
[TLS] client_random  (32): F8CA8F557B3531ABB1614CAD6E797B08BC20C462ED2BE049E28AB2B372865202
[TLS] sign_hash (32): 235F1F9F9D7F8FFF2A011FF4AEDCD7F21649BECA243978F6B388E60102527DC3
[TLS] Written transcript to proofs/MSG_TLS_F8CA8F55.out, proofs/SIG_TLS_F8CA8F55.out and proofs/PK_TLS_F8CA8F55.der
Signature verification succeeds
[TLS] Server time: 1619867412
[TLS] client_random  (32): 85745FAD9A2075EEA71C3A89B3CEE4EC403E712F5A119B171260E844900A8445
[TLS] sign_hash (32): 786AA84305AE15289CED2F497B2E6FDC0BC53268D999903C6F4AA225092A4132
[TLS] Written transcript to proofs/MSG_TLS_85745FAD.out, proofs/SIG_TLS_85745FAD.out and proofs/PK_TLS_85745FAD.der
Signature verification succeeds
[TLS] Server time: 1619867412
[TLS] client_random  (32): F6B489BBADD46E3E719B08B60BF75CCC2B139F769F8C5ADE3E5AC94A088F0CFF
[TLS] sign_hash (32): EEF8727E320685ABCDDF3A3CB51F815FDC55A9D10FA8362BD8BC9C4E730F7409
[TLS] Written transcript to proofs/MSG_TLS_F6B489BB.out, proofs/SIG_TLS_F6B489BB.out and proofs/PK_TLS_F6B489BB.der
Signature verification succeeds
[TLS] Server time: 1619867412
[TLS] client_random  (32): A33F1ED00B1B0058B4697DF19A1937FE92E0A6310E3CEE0FA479BF8F6A3C0F38
[TLS] sign_hash (32): 8E98D63D9E3E547D564220CAF09C8488EBA214000E17C4AB15D8EB5E9CA2BEA2
[TLS] Written transcript to proofs/MSG_TLS_A33F1ED0.out, proofs/SIG_TLS_A33F1ED0.out and proofs/PK_TLS_A33F1ED0.der
Signature verification succeeds
[TLS] Server time: 1619867412
[TLS] client_random  (32): 3B0B6EEC4C4F2E9AFC7A9D7F838A5DABFB937C365C9D7A7318737D03A94D888C
[TLS] sign_hash (32): 73819A7014780279D1C1A65E587B1C2EC611526C32DC0109AAE289A4B9090D98
[TLS] Written transcript to proofs/MSG_TLS_3B0B6EEC.out, proofs/SIG_TLS_3B0B6EEC.out and proofs/PK_TLS_3B0B6EEC.der
Signature verification succeeds
[TLS] Server time: 1619867412
[TLS] client_random  (32): 30CD100A2005D2DF62D517EFDF009DFFABEC80B315B70CF201FAFC2567C0D2E3
[TLS] sign_hash (32): 79A0968FD93F5D215DDF92D670F35A7329A47033B5D66CDE3BB7C6C27A3A00AA
[TLS] Written transcript to proofs/MSG_TLS_30CD100A.out, proofs/SIG_TLS_30CD100A.out and proofs/PK_TLS_30CD100A.der
Signature verification succeeds
[TLS] Server time: 1619867412
[TLS] client_random  (32): B77A685A069740F4D7F2C3AD402D19550E8B0B99CC2BB3AB29AB7D2A97E36161
[TLS] sign_hash (32): ABA82C24036D28C811F89925FD7B7CBD6E5D0115B395AA809F5C2E55113EAE5B
[TLS] Written transcript to proofs/MSG_TLS_B77A685A.out, proofs/SIG_TLS_B77A685A.out and proofs/PK_TLS_B77A685A.der
Signature verification succeeds
[TLS] Server time: 1619867412
[TLS] client_random  (32): 05A9107905D10DBF1C9BC149853E769ECC031CC8CE58E0527FA0B10468BA9A8F
[TLS] sign_hash (32): 9A2F314A5505A7BD7BD48DDA41AF690D4334A51CB6638102782C79C81F193679
[TLS] Written transcript to proofs/MSG_TLS_05A91079.out, proofs/SIG_TLS_05A91079.out and proofs/PK_TLS_05A91079.der
Signature verification succeeds
[TLS] Server time: 1619867412
[TLS] client_random  (32): C845D4E57180EB2B66E59633FFFECC6D121BDDF10EFCAF1EA2FC129EF680E80B
[TLS] sign_hash (32): 3DE61D6A5B018EBA6F7DBE603774277047BB48C355D28EF8F62C32299277506A
[TLS] Written transcript to proofs/MSG_TLS_C845D4E5.out, proofs/SIG_TLS_C845D4E5.out and proofs/PK_TLS_C845D4E5.der
Signature verification succeeds
[TLS] Server time: 1619867412
[TLS] client_random  (32): 78B1F1019B8C6BF6ED0C54A3C3A0D09AE36E2445E161D3EF0C6D2B41371FCDE7
[TLS] sign_hash (32): FFFD7228F67379C1394C608638D127F9DDC9B374238253B52A7978691124B5C3
[TLS] Written transcript to proofs/MSG_TLS_78B1F101.out, proofs/SIG_TLS_78B1F101.out and proofs/PK_TLS_78B1F101.der
Signature verification succeeds
[TLS] Server time: 1619867412
[TLS] client_random  (32): AC04B57BDCF761A3D0E42E2AB2BAEE8F87BAA5922E58F20B1380E5554514988D
[TLS] sign_hash (32): 672EB5498D3F3BF445965C1E2027A1691467CAFCA199B6695E52DDBBE0054DAA
[TLS] Written transcript to proofs/MSG_TLS_AC04B57B.out, proofs/SIG_TLS_AC04B57B.out and proofs/PK_TLS_AC04B57B.der
Signature verification succeeds
[TLS] Server time: 1619867412
[TLS] client_random  (32): CB8B6561B0C0E0DD69B5B57A5FD10AA920848FF42BBEEF31F051E5FFC7B73ED6
[TLS] sign_hash (32): 86FB303448196FAB4D57D0CDDAEFEAAE1A40C62243D6E58D5F276798C22E56B6
[TLS] Written transcript to proofs/MSG_TLS_CB8B6561.out, proofs/SIG_TLS_CB8B6561.out and proofs/PK_TLS_CB8B6561.der
Signature verification succeeds
[TLS] Server time: 1619867412
[TLS] client_random  (32): CFC633116CD587CC012D961F261B92F165D10E5D63800D068D1D88246D45925B
[TLS] sign_hash (32): E000A4D72FE48483547AE446E0C43F14FF55D28E4D11B477F0860A365BF1CEB9
[TLS] Written transcript to proofs/MSG_TLS_CFC63311.out, proofs/SIG_TLS_CFC63311.out and proofs/PK_TLS_CFC63311.der
Signature verification succeeds
[TLS] Server time: 1619867412
[TLS] client_random  (32): 1B8D650A618853FEE88981DEAA51327343E01CE68CBD959E60E67783E908C46B
[TLS] sign_hash (32): 427E3D8C9AC060537E095F285F4B10933DC34CA507387175BD42A38FCC410E86
[TLS] Written transcript to proofs/MSG_TLS_1B8D650A.out, proofs/SIG_TLS_1B8D650A.out and proofs/PK_TLS_1B8D650A.der
Signature verification succeeds
[TLS] Server time: 1619867412
[TLS] client_random  (32): B93682688CDE03511DED68892ED65F3D1640E9D19CA69FB0E72A18A807D54455
[TLS] sign_hash (32): A362B59F3B875359CD0297B900AB815409C3BAB22696B9022B292213E4732129
[TLS] Written transcript to proofs/MSG_TLS_B9368268.out, proofs/SIG_TLS_B9368268.out and proofs/PK_TLS_B9368268.der
Signature verification succeeds
[TLS] Server time: 1619867412
[TLS] client_random  (32): ABB8361A66F906D2DACF0B6CF120F26AD34D8D9A59897CDCBB0924259B41BBE9
[TLS] sign_hash (32): 85637DE8FBEA8E665008EF582621A17A1EAD89648BB698F061F7C8AA513C6939
[TLS] Written transcript to proofs/MSG_TLS_ABB8361A.out, proofs/SIG_TLS_ABB8361A.out and proofs/PK_TLS_ABB8361A.der
Signature verification succeeds
[TLS] Server time: 1619867412
[TLS] client_random  (32): B4D7E6C9621F8268462FFB6187009CB0BB198406F793E6C06647E157580051D3
[TLS] sign_hash (32): 7FB47C04218D618CBF4424904083EAC7635F4FDF5D75F5626C6FCD3ECBB4F4B1
[TLS] Written transcript to proofs/MSG_TLS_B4D7E6C9.out, proofs/SIG_TLS_B4D7E6C9.out and proofs/PK_TLS_B4D7E6C9.der
Signature verification succeeds
[TLS] Server time: 1619867412
[TLS] client_random  (32): 1E3060A1EBF39904028A859B93A382EFFACA90C378F06E15D54164222B692DDE
[TLS] sign_hash (32): C7742214F2347F096CE6E2559A6486B09E7FB3F4282613D4498618E93C12886F
[TLS] Written transcript to proofs/MSG_TLS_1E3060A1.out, proofs/SIG_TLS_1E3060A1.out and proofs/PK_TLS_1E3060A1.der
Signature verification succeeds
[TLS] Server time: 1619867412
[TLS] client_random  (32): 570EDD9D2FABEF77F605D292539895057779BA28C2422CD3B2BC7589252BAE8E
[TLS] sign_hash (32): 16CA53D9AF45C864C2661C4EF20CA74F1FACA4CA76379C9038A974A5F81854A0
[TLS] Written transcript to proofs/MSG_TLS_570EDD9D.out, proofs/SIG_TLS_570EDD9D.out and proofs/PK_TLS_570EDD9D.der
Signature verification succeeds
[TLS] Server time: 1619867412
[TLS] client_random  (32): 6A157A081BEA65762A57A6C2B8242C27F0A6FEF494B6F62A860EE2BF1CB9D5C5
[TLS] sign_hash (32): C1C9D00DF42FDDC9FEF117D27238B261D2336301E5BD468DA1506DBAF9E4F563
[TLS] Written transcript to proofs/MSG_TLS_6A157A08.out, proofs/SIG_TLS_6A157A08.out and proofs/PK_TLS_6A157A08.der
Signature verification succeeds
[TLS] Server time: 1619867412
[TLS] client_random  (32): 925C8EC7BDB714320C1AEB0566305D95ECD26CC296C870F8A4756B2EBFE647AD
[TLS] sign_hash (32): 479AE740AD6E130CEB32357BB8CBAAA5D7B2380C7EF9A79244F9754CD3CC75B0
[TLS] Written transcript to proofs/MSG_TLS_925C8EC7.out, proofs/SIG_TLS_925C8EC7.out and proofs/PK_TLS_925C8EC7.der
Signature verification succeeds
[TLS] Server time: 1619867412
[TLS] client_random  (32): 53C993A31125AE0A9E789FBF187E53A68636FB0D26883A3D6D8F8628BCB30D70
[TLS] sign_hash (32): A5860B3DEC11FEA625F6693F895AEAB94B7D2B05FE1CD77A8CD48C8B4BF31DC5
[TLS] Written transcript to proofs/MSG_TLS_53C993A3.out, proofs/SIG_TLS_53C993A3.out and proofs/PK_TLS_53C993A3.der
Signature verification succeeds
[TLS] Server time: 1619867412
[TLS] client_random  (32): D5D00EEDC7C59F0686396EB520C4DFC330FFCE2E327B89CB5ED111CB4A4450E5
[TLS] sign_hash (32): A6C689BDFB62F467715FA9AFA7DD079B04B6E1F40B30338A1E103AF216DD30BC
[TLS] Written transcript to proofs/MSG_TLS_D5D00EED.out, proofs/SIG_TLS_D5D00EED.out and proofs/PK_TLS_D5D00EED.der
Signature verification succeeds
[TLS] Server time: 1619867412
[TLS] client_random  (32): 3B1358453C2EC4A322901548BB08120C9B46900225678D9B31B14959B9F5762D
[TLS] sign_hash (32): 14ED03EFA6362329141B3EDBD5E0B4B5EDD63C280047A0F9894BF3613E093BC8
[TLS] Written transcript to proofs/MSG_TLS_3B135845.out, proofs/SIG_TLS_3B135845.out and proofs/PK_TLS_3B135845.der
Signature verification succeeds
[TLS] Server time: 1619867412
[TLS] client_random  (32): 660BFA30DAA61149A4895231583E17246D4F47C53A503F84355CF125DC0F9B34
[TLS] sign_hash (32): 0AD11823B5EC63DC67A4FEAAFC3B82047AB0F38F43C94B9DA3E25B579149C31D
[TLS] Written transcript to proofs/MSG_TLS_660BFA30.out, proofs/SIG_TLS_660BFA30.out and proofs/PK_TLS_660BFA30.der
Signature verification succeeds
[TLS] Server time: 1619867412
[TLS] client_random  (32): 7295D17CF422ECC560D7409FB993B235AA22A36AFCB11C9F02CE9D64430CFDD4
[TLS] sign_hash (32): F7F1BCA4E283298F4B09C0055DE91F9EEB618981CDCD8F8DDC59E474EA549ECD
[TLS] Written transcript to proofs/MSG_TLS_7295D17C.out, proofs/SIG_TLS_7295D17C.out and proofs/PK_TLS_7295D17C.der
Signature verification succeeds
[TLS] Server time: 1619867412
[TLS] client_random  (32): 974C93B4CC1032AFEB54A994047680457B3D1102B938BDB7934DF1D0327CAD35
[TLS] sign_hash (32): CA67D6623F041DDD32DBADD56930FDE532556C893F14C81A5EFB63FB552508C3
[TLS] Written transcript to proofs/MSG_TLS_974C93B4.out, proofs/SIG_TLS_974C93B4.out and proofs/PK_TLS_974C93B4.der
Signature verification succeeds
[TLS] Server time: 1619867412
[TLS] client_random  (32): FBD5EDB0F7B25D7B8CEAD22BB92784E8719B8F01C2CBEA726960BDB5E231521A
[TLS] sign_hash (32): C929BF9F88D51695EA61BDB536BC0BD673E9FF73CDEFA940594BB5D5DEF4C416
[TLS] Written transcript to proofs/MSG_TLS_FBD5EDB0.out, proofs/SIG_TLS_FBD5EDB0.out and proofs/PK_TLS_FBD5EDB0.der
Signature verification succeeds
[TLS] Server time: 1619867412
[TLS] client_random  (32): A747506D765D1BC43C7B993BBC4E6F671BF46FD4051744EA0D5508E96DAB149C
[TLS] sign_hash (32): 5C86897A36F8D94230F5F2D17E1F8D0051543D7770A57AB5A796769FCFAD8B20
[TLS] Written transcript to proofs/MSG_TLS_A747506D.out, proofs/SIG_TLS_A747506D.out and proofs/PK_TLS_A747506D.der
Signature verification succeeds
[TLS] Server time: 1619867412
[TLS] client_random  (32): A7A24CF4347ABAD257ABA07C003C4EB758870D31ED852D4B6D844AE57BD52606
[TLS] sign_hash (32): 04DC9257AD4D2F796BEEA3121F7AD8B420E4D2D333D957E353B66F7918707E53
[TLS] Written transcript to proofs/MSG_TLS_A7A24CF4.out, proofs/SIG_TLS_A7A24CF4.out and proofs/PK_TLS_A7A24CF4.der
Signature verification succeeds
[TLS] Server time: 1619867412
[TLS] client_random  (32): 8F23012A87CA22359AC40A8B23F515A2C2F65013B70CB6C1344FCD6D2C39A615
[TLS] sign_hash (32): 2B582319ED6A46B3CA3DA073805850C1134FAA077380D6A2C2AA2ED8FF08DC8D
[TLS] Written transcript to proofs/MSG_TLS_8F23012A.out, proofs/SIG_TLS_8F23012A.out and proofs/PK_TLS_8F23012A.der
Signature verification succeeds
[TLS] Server time: 1619867412
[TLS] client_random  (32): 7C88A2B0B3AEF34B100D3BB033FA30DA932C87BDCB6C6422D9B410AF8FF84D89
[TLS] sign_hash (32): DA04151DA7B58522859DF269826D69505ECB5086539261C109A347DF7E8944B6
[TLS] Written transcript to proofs/MSG_TLS_7C88A2B0.out, proofs/SIG_TLS_7C88A2B0.out and proofs/PK_TLS_7C88A2B0.der
Signature verification succeeds
[TLS] Server time: 1619867412
[TLS] client_random  (32): F376EF049A53003A6B4A2B6349DAA5DEF4AFE2B0B1A94C7702BDB84D479E543D
[TLS] sign_hash (32): 767FF81913F0502F83553A076234E8E16AB4A4A1651591A83411800ADA167D74
[TLS] Written transcript to proofs/MSG_TLS_F376EF04.out, proofs/SIG_TLS_F376EF04.out and proofs/PK_TLS_F376EF04.der
Signature verification succeeds
[TLS] Server time: 1619867412
[TLS] client_random  (32): 8CFCCCE3D12327624600C2881D88C660853F65BBAD1A5F288C458DFE9DA8A0A4
[TLS] sign_hash (32): C267F056E6D5BFEC4A9D7B91D7D4E3A4E62DA3DDE2A0874BF1EFC6CFADBA9C7F
[TLS] Written transcript to proofs/MSG_TLS_8CFCCCE3.out, proofs/SIG_TLS_8CFCCCE3.out and proofs/PK_TLS_8CFCCCE3.der
Signature verification succeeds
[TLS] Server time: 1619867412
[TLS] client_random  (32): BF4FED550CC58211E7385DA9B8514EE5DA76403A12F3D014C0F9379C5901B34E
[TLS] sign_hash (32): 5419DEE4710073359AFCCC3A635E33FFC2D63B8B118DA3C9D7E7E3C80322FF54
[TLS] Written transcript to proofs/MSG_TLS_BF4FED55.out, proofs/SIG_TLS_BF4FED55.out and proofs/PK_TLS_BF4FED55.der
Signature verification succeeds
[TLS] Server time: 1619867412
[TLS] client_random  (32): 0407FF4EB2E126E733158314594B454ADF0264A9BE65263215B6E3FBA0921AAB
[TLS] sign_hash (32): 898E7AA6F97257874B4DC3BA79E0DC5AE2B6283C5398B876D78025DF987AA32A
[TLS] Written transcript to proofs/MSG_TLS_0407FF4E.out, proofs/SIG_TLS_0407FF4E.out and proofs/PK_TLS_0407FF4E.der
Signature verification succeeds
[TLS] Server time: 1619867412
[TLS] client_random  (32): 47A15E0EF9D5867A065C2846F59C882299BA33DD9FAC18B5463882D93CED64B8
[TLS] sign_hash (32): 34DE7FF2C3509E075AA0FAA8C0602482F8A0860B8C8C7173D3180A40BA15B738
[TLS] Written transcript to proofs/MSG_TLS_47A15E0E.out, proofs/SIG_TLS_47A15E0E.out and proofs/PK_TLS_47A15E0E.der
Signature verification succeeds
[TLS] Server time: 1619867412
[TLS] client_random  (32): 055B601B1120939CD7BE28E4E06E55BA03E2027DBE1C9031D9ABA136416965F5
[TLS] sign_hash (32): E4D11070BC8E882C4212A202458A0ACDFB73D9AD4709103E304D0A19297C1DB4
[TLS] Written transcript to proofs/MSG_TLS_055B601B.out, proofs/SIG_TLS_055B601B.out and proofs/PK_TLS_055B601B.der
Signature verification succeeds
[TLS] Server time: 1619867412
[TLS] client_random  (32): 99934C934836E8DA9BB20E537FBC0D43F8CE7E4962A0A08E3A2481457B86E530
[TLS] sign_hash (32): 340B9A5B53E902EBD72D90BFD597269BFB89ABE63BDB72ACE1F0DA18692EDA41
[TLS] Written transcript to proofs/MSG_TLS_99934C93.out, proofs/SIG_TLS_99934C93.out and proofs/PK_TLS_99934C93.der
Signature verification succeeds
[TLS] Server time: 1619867412
[TLS] client_random  (32): 5F1A28F5AD745E25A7DEB7624156543707E1C66B1A0265259F4D795E85B87CD5
[TLS] sign_hash (32): 5AE36138072ECD4AFEF06903B71ABF00A7113DB35A38E147BE8469CD645CA4EE
[TLS] Written transcript to proofs/MSG_TLS_5F1A28F5.out, proofs/SIG_TLS_5F1A28F5.out and proofs/PK_TLS_5F1A28F5.der
Signature verification succeeds
[TLS] Server time: 1619867412
[TLS] client_random  (32): 6336EF5576A597FD146F2CE5595EFC2FF5E587BA215245786DFF30B507F6AB75
[TLS] sign_hash (32): 68E1E6373852558AD8BE356DB099FC0CCE85CBFABCD2C714434A27B00E0BD288
[TLS] Written transcript to proofs/MSG_TLS_6336EF55.out, proofs/SIG_TLS_6336EF55.out and proofs/PK_TLS_6336EF55.der
Signature verification succeeds
[TLS] Server time: 1619867412
[TLS] client_random  (32): 9C1A6B92A91DDAE81761402912454E5F18609D56B8A17F78985C2889C89E9AAE
[TLS] sign_hash (32): 7734FCF333858F2C392C4F5388B97C467D7849BE2E4AB2E59AA4BACE00EE1779
[TLS] Written transcript to proofs/MSG_TLS_9C1A6B92.out, proofs/SIG_TLS_9C1A6B92.out and proofs/PK_TLS_9C1A6B92.der
Signature verification succeeds
[TLS] Server time: 1619867412
[TLS] client_random  (32): 7A4C7EB92A32E3C89F09345AF6BBA45DA56C87DBCE8C693D985CC1F8A342F11D
[TLS] sign_hash (32): 54C8BC1B5F70078F0CEE722818699266CB480C65403D7BEE878142AB603598DD
[TLS] Written transcript to proofs/MSG_TLS_7A4C7EB9.out, proofs/SIG_TLS_7A4C7EB9.out and proofs/PK_TLS_7A4C7EB9.der
Signature verification succeeds
[TLS] Server time: 1619867412
[TLS] client_random  (32): EB8F4ACD5B907927834684C7C588E90AC0B53A7DE6C88A809EA23A4C7954D8EF
[TLS] sign_hash (32): 5D9EEC9930CA8F06F6E88D00BAE506A2B4422CE21EB759C04106EB1D42DE335D
[TLS] Written transcript to proofs/MSG_TLS_EB8F4ACD.out, proofs/SIG_TLS_EB8F4ACD.out and proofs/PK_TLS_EB8F4ACD.der
Signature verification succeeds
[TLS] Server time: 1619867412
[TLS] client_random  (32): 905908B6D35D5912C70C435C594F9F628B37D7EDCE30F94B5D4D17991EB7520D
[TLS] sign_hash (32): 1885DAEDD8304BC5225FE947B4EFA3EEB4F2A21120BC686A37790BDC5B4E43B5
[TLS] Written transcript to proofs/MSG_TLS_905908B6.out, proofs/SIG_TLS_905908B6.out and proofs/PK_TLS_905908B6.der
Signature verification succeeds
[TLS] Server time: 1619867412
[TLS] client_random  (32): B011447269E6DFEA8E78BD87B29497DD9F365D95CDB80D2BE44F32EDDEFA9F52
[TLS] sign_hash (32): EF2F202D642B1FC5CBB11101776FB2719705F2560966C5C81F7F12BD32C6A6E3
[TLS] Written transcript to proofs/MSG_TLS_B0114472.out, proofs/SIG_TLS_B0114472.out and proofs/PK_TLS_B0114472.der
Signature verification succeeds
[TLS] Server time: 1619867412
[TLS] client_random  (32): B542A198D6AD0E41BC7755FA08C79C4B68496A57470FD5B57412C28443BE3816
[TLS] sign_hash (32): 3B23DFAD77A912C4299A8660403C92CAC7E61BDBD61062BC6A2C3221DC09B7A7
[TLS] Written transcript to proofs/MSG_TLS_B542A198.out, proofs/SIG_TLS_B542A198.out and proofs/PK_TLS_B542A198.der
Signature verification succeeds
[TLS] Server time: 1619867412
[TLS] client_random  (32): AE96C3CB583148F4ECCE26FD3EA17DAFC81B245A72641B231505E19599A10FFF
[TLS] sign_hash (32): 7F9637FE065C40B752641DFF1583F0B4910677C89D4FA2E9802079BBAF2069A5
[TLS] Written transcript to proofs/MSG_TLS_AE96C3CB.out, proofs/SIG_TLS_AE96C3CB.out and proofs/PK_TLS_AE96C3CB.der
Signature verification succeeds
[TLS] Server time: 1619867412
[TLS] client_random  (32): 09385C5BC8C4CFBD61AA8DBD5E4E47D1C92AE16115546B3E651B84EF9287A1D1
[TLS] sign_hash (32): E0F9CD14A5A5FAC7C767C4A09BB29EE4B2CDC4D1565178F9A59897480A9F2FE7
[TLS] Written transcript to proofs/MSG_TLS_09385C5B.out, proofs/SIG_TLS_09385C5B.out and proofs/PK_TLS_09385C5B.der
Signature verification succeeds
[TLS] Server time: 1619867412
[TLS] client_random  (32): A51E47FB7EBEAB35642306B63675A239C342B6C5EF511E0877145F632079FA6B
[TLS] sign_hash (32): 3765E58D8B1B77DBFA77E34E8ACA13B41314FC4096DAC8EFD33BD3D94E249A3D
[TLS] Written transcript to proofs/MSG_TLS_A51E47FB.out, proofs/SIG_TLS_A51E47FB.out and proofs/PK_TLS_A51E47FB.der
Signature verification succeeds
[TLS] Server time: 1619867412
[TLS] client_random  (32): FF51346E39A53A9D9235E70636B0A2F932009ABAC3819BE0A01E66C03EBA7B42
[TLS] sign_hash (32): ECF46889DD9F190B2C3668038A76B1CDA2C2E6278C0CFEF10ABE8876D0E7F60A
[TLS] Written transcript to proofs/MSG_TLS_FF51346E.out, proofs/SIG_TLS_FF51346E.out and proofs/PK_TLS_FF51346E.der
Signature verification succeeds
[TLS] Server time: 1619867412
[TLS] client_random  (32): 80C9C897FAD69C5700D58AA526A4B2494A43D0D72521A1905FD9CFA447EE7C0E
[TLS] sign_hash (32): 7B7C2F494A00D9A29D9D702B554C23E52C74528AC5EAA1C76C96F19B9226E2AD
[TLS] Written transcript to proofs/MSG_TLS_80C9C897.out, proofs/SIG_TLS_80C9C897.out and proofs/PK_TLS_80C9C897.der
Signature verification succeeds
[TLS] Server time: 1619867412
[TLS] client_random  (32): DB4462490BD61CB123494FAC3CB90E2BD2B2141819AEF73F1E2D947F8FEDCF71
[TLS] sign_hash (32): 1B48BFC9C6A4FD80AAC7DB72F5A9BDEADE4692F3427A0DB0D5685EC856672CDA
[TLS] Written transcript to proofs/MSG_TLS_DB446249.out, proofs/SIG_TLS_DB446249.out and proofs/PK_TLS_DB446249.der
Signature verification succeeds
[TLS] Server time: 1619867412
[TLS] client_random  (32): E5F29A39B5D9074FD5DFD1C4F6CB316D9E9FFAFD7CBC2B9E43F3AFAD2C7EBDEA
[TLS] sign_hash (32): C30CD69C0D15154FC921BBF9C86DD17CC2B6108A4AA33B0451243077A8BA5006
[TLS] Written transcript to proofs/MSG_TLS_E5F29A39.out, proofs/SIG_TLS_E5F29A39.out and proofs/PK_TLS_E5F29A39.der
Signature verification succeeds
[TLS] Server time: 1619867412
[TLS] client_random  (32): 35B68DE68F7C0EF1A2034ECE1C74B3C59CE1C97D4A7B66B2093E192BF1B8DD89
[TLS] sign_hash (32): 060203276CC88F9F6B88A9CD0269BA9676A77024D293297B97D8F7DF297533A7
[TLS] Written transcript to proofs/MSG_TLS_35B68DE6.out, proofs/SIG_TLS_35B68DE6.out and proofs/PK_TLS_35B68DE6.der
Signature verification succeeds
[TLS] Server time: 1619867412
[TLS] client_random  (32): 06ED37CC45153267914E8C5793C96EA5C3B06388CBE533EE0D0E6E43AFD97CF7
[TLS] sign_hash (32): 9E42C1273336153FA7A1DB3300AE49F2A7B284B3DFCB18738497164A2863993A
[TLS] Written transcript to proofs/MSG_TLS_06ED37CC.out, proofs/SIG_TLS_06ED37CC.out and proofs/PK_TLS_06ED37CC.der
Signature verification succeeds
[TLS] Server time: 1619867412
[TLS] client_random  (32): F48BD1D559D96A92225085A0F3AD1EF3653D0493884FE6ED48F01369626F2E38
[TLS] sign_hash (32): DC828C52B7C3A0E3B3DD7CFE574BC2DE232A8AC8F818B1FF66D6BD76DB75DF9C
[TLS] Written transcript to proofs/MSG_TLS_F48BD1D5.out, proofs/SIG_TLS_F48BD1D5.out and proofs/PK_TLS_F48BD1D5.der
Signature verification succeeds
[TLS] Server time: 1619867412
[TLS] client_random  (32): 4D17B29FDF0D49F30DF0119A80A6A61422FB6575EB1215E915F3EA6DEC5C6332
[TLS] sign_hash (32): 4567213C2F9976DA9820ECB349942FDF4422BB2EC7F24677630FF836393E1698
[TLS] Written transcript to proofs/MSG_TLS_4D17B29F.out, proofs/SIG_TLS_4D17B29F.out and proofs/PK_TLS_4D17B29F.der
Signature verification succeeds
[TLS] Server time: 1619867412
[TLS] client_random  (32): 7042757308F00F980BCB6C7E2A7EA4DF198BD5739743A85726415C1D9DE353DA
[TLS] sign_hash (32): 5317EB0E91964854403E89C96ECA0C1AED7963158D94791AF8980EF8E4F654C8
[TLS] Written transcript to proofs/MSG_TLS_70427573.out, proofs/SIG_TLS_70427573.out and proofs/PK_TLS_70427573.der
Signature verification succeeds
[TLS] Server time: 1619867412
[TLS] client_random  (32): B55D94D90EB15EE92AA879A47F006C06CF2E586B30FA9396D49F5A040D43A44D
[TLS] sign_hash (32): 434091DE953442BF3E010CE76F5A21BFB2B8BBEFE0F7E0070A5088E288570FEE
[TLS] Written transcript to proofs/MSG_TLS_B55D94D9.out, proofs/SIG_TLS_B55D94D9.out and proofs/PK_TLS_B55D94D9.der
Signature verification succeeds
[TLS] Server time: 1619867412
[TLS] client_random  (32): 64C21DB16A36DD360CB90B81177505C070F181055322202F5F16A8690B9815C1
[TLS] sign_hash (32): A37FFA0D660136CF992B4457F9CCE601A6D1AB0AE9F2874DE90A249D965D54A7
[TLS] Written transcript to proofs/MSG_TLS_64C21DB1.out, proofs/SIG_TLS_64C21DB1.out and proofs/PK_TLS_64C21DB1.der
Signature verification succeeds
[TLS] Server time: 1619867412
[TLS] client_random  (32): 0438DBB7EF937C51792291EA39649EDA7A6063092590C7401263427EE00ED133
[TLS] sign_hash (32): 39BF7E99580C6E58046F551842E5F28955EF7DD1DA1B8D06FD1A625DFECB793B
[TLS] Written transcript to proofs/MSG_TLS_0438DBB7.out, proofs/SIG_TLS_0438DBB7.out and proofs/PK_TLS_0438DBB7.der
Signature verification succeeds
[TLS] Server time: 1619867412
[TLS] client_random  (32): 74CDA428D28D851CABDA9979C68E43D9CA6D699E08110F53199E3F7E259142FE
[TLS] sign_hash (32): 9065CEB01D1D651AD3E0AB6BA49DC413E57B2376213E8AFF6469A0A9636BC1F8
[TLS] Written transcript to proofs/MSG_TLS_74CDA428.out, proofs/SIG_TLS_74CDA428.out and proofs/PK_TLS_74CDA428.der
Signature verification succeeds
[TLS] Server time: 1619867412
[TLS] client_random  (32): 219C4BE37659A36DC404B4B8639461FA2F9E874ECA4B65AB67A2F97825E17D37
[TLS] sign_hash (32): DA99F42933F69D9791AF65D6A5926C2B2B9540ED88A3E6871DECAA16DAA9509F
[TLS] Written transcript to proofs/MSG_TLS_219C4BE3.out, proofs/SIG_TLS_219C4BE3.out and proofs/PK_TLS_219C4BE3.der
Signature verification succeeds
[TLS] Server time: 1619867412
[TLS] client_random  (32): E843B3468A6B76EB331074F7D52EB0BE7DFD5B193D59F5C04AC04800AE40F3C5
[TLS] sign_hash (32): 94D6F48D7A188B6C54A28DCA61C2C61E9089B667A35004683426C2EDEBBC9399
[TLS] Written transcript to proofs/MSG_TLS_E843B346.out, proofs/SIG_TLS_E843B346.out and proofs/PK_TLS_E843B346.der
Signature verification succeeds
[TLS] Server time: 1619867412
[TLS] client_random  (32): 397943F3505163FFDA6F67771E9B5857DCB0FCC231451F2462FF8E1087F3C582
[TLS] sign_hash (32): A6148FDD93A4DDA7A07DB787DCCE172F5E9EFBAB652FFF27EA7CBA6E64695316
[TLS] Written transcript to proofs/MSG_TLS_397943F3.out, proofs/SIG_TLS_397943F3.out and proofs/PK_TLS_397943F3.der
Signature verification succeeds
[TLS] Server time: 1619867412
[TLS] client_random  (32): F7855D69ABA3E670B98EB0A28973A5AFCF8C48442246081FA7BDAA29FC039BEF
[TLS] sign_hash (32): 40FA58B8277E7816631BB6900F96E874E24F17DC5CEF7D9CAC260A9246AAE048
[TLS] Written transcript to proofs/MSG_TLS_F7855D69.out, proofs/SIG_TLS_F7855D69.out and proofs/PK_TLS_F7855D69.der
Signature verification succeeds
[TLS] Server time: 1619867412
[TLS] client_random  (32): 43B5F64BCA81A2A1EF09354083E7240951F03EED194AC94A2C08D3529AAB3FFA
[TLS] sign_hash (32): 16BD9B30E17B8D27EE0F99478D58B1F342F618E9336567128BA0EBF5E193C8D9
[TLS] Written transcript to proofs/MSG_TLS_43B5F64B.out, proofs/SIG_TLS_43B5F64B.out and proofs/PK_TLS_43B5F64B.der
Signature verification succeeds
[TLS] Server time: 1619867412
[TLS] client_random  (32): 3D9836DD4B02E4C181D12F328C44419E48CCC41AAB028BFA64B21FCC698D8464
[TLS] sign_hash (32): 9206233D1026E1D4740045704AEA9D38559FA9BCDEE6C637798908E960972A7A
[TLS] Written transcript to proofs/MSG_TLS_3D9836DD.out, proofs/SIG_TLS_3D9836DD.out and proofs/PK_TLS_3D9836DD.der
Signature verification succeeds
[TLS] Server time: 1619867412
[TLS] client_random  (32): CEB6F3B21078A1BFF315B9EFD51EC2BC171A7A82A39B263C9749D1EBEF57B541
[TLS] sign_hash (32): 43B4FC91CB41D60BC8ABD9B6A575539D734ED7C07B034E83A689FAEC7DF2C3E5
[TLS] Written transcript to proofs/MSG_TLS_CEB6F3B2.out, proofs/SIG_TLS_CEB6F3B2.out and proofs/PK_TLS_CEB6F3B2.der
Signature verification succeeds
Time breakdown (averages): anchor_ping:9.270487 file_read:0.139747 hashing:0.471418
Total time for 113 rounds is 1125.905487ms
Standard deviations: anchor_ping:0.500613 file_read:0.015536 hashing:0.005391
[Client-side ops] mean:0.611165 sd:0.016694
in & out anchor rand written to proofs/phase1.out
     30 [TLS] Server time: 1619867411
     84 [TLS] Server time: 1619867412
Count is 30
Count is 84
success: 1
RESULT: 1 in 2 tries
