TLS anchor: holycross.ac.uk
Actual: 61, Set: 125
Beginning execution at Thu Apr 29 07:00:01 UTC 2021
CONF: anchor:holycross.ac.uk fs:1024MB n_rounds:125 seed:5c9f4bf9bbc15bb855f82faedc5a52fc3ab2dfa8ec3ba3ce1b270f31fa0cced2 filename:FILE bs:1024 nops:100 benchmarking:0 anchor_ping:1 queue_depth:32 direct:0
[TLS] Connecting to holycross.ac.uk
[TLS] Server time: 1619679601
[TLS] client_random  (32): 5C9F4BF9BBC15BB855F82FAEDC5A52FC3AB2DFA8EC3BA3CE1B270F31FA0CCED2
[TLS] sign_hash (32): 9CE38A44D2892B1813BE816D1E735928BCCB957C6C5A63D5C41FBDCD2ED7E89E
[TLS] Written transcript to proofs/MSG_TLS_5C9F4BF9.out, proofs/SIG_TLS_5C9F4BF9.out and proofs/PK_TLS_5C9F4BF9.der
Signature verification succeeds
[TLS] Server time: 1619679601
[TLS] client_random  (32): 257A684472A8E27BD777FC5FD590464085A3E27E8388DD88F2A10EDE00E19234
[TLS] sign_hash (32): 3D1E8E602B7A82940E49119311A61E0371AF569E2E3C9034AED6F2C07389232E
[TLS] Written transcript to proofs/MSG_TLS_257A6844.out, proofs/SIG_TLS_257A6844.out and proofs/PK_TLS_257A6844.der
Signature verification succeeds
[TLS] Server time: 1619679601
[TLS] client_random  (32): BB5C543229E77A65246F34C851EF4C3F358E7C33585F4EA06A20C814ED1A8DB0
[TLS] sign_hash (32): 87CAD4899A87788ADF9050439E393B88617984D5F40E0AF224B0B3045735D214
[TLS] Written transcript to proofs/MSG_TLS_BB5C5432.out, proofs/SIG_TLS_BB5C5432.out and proofs/PK_TLS_BB5C5432.der
Signature verification succeeds
[TLS] Server time: 1619679602
[TLS] client_random  (32): 82E799D0321C1D2E2B8CAB50F1FC2640A925324ECAB2953E524FD41E6FE7F0E1
[TLS] sign_hash (32): 1C2E5058FCA5A175016376A1F56E34EFAEED9DB008D9EA764E0B8DA302F00B8F
[TLS] Written transcript to proofs/MSG_TLS_82E799D0.out, proofs/SIG_TLS_82E799D0.out and proofs/PK_TLS_82E799D0.der
Signature verification succeeds
[TLS] Server time: 1619679602
[TLS] client_random  (32): F73943727B680020F1C1B968F0B393899AB58D58297F805E80A7398723C98610
[TLS] sign_hash (32): 01EB83B59CE18F5EC11F47F41A1CCC155639D8EFA2FF7670EE4DBA5AE0142DE1
[TLS] Written transcript to proofs/MSG_TLS_F7394372.out, proofs/SIG_TLS_F7394372.out and proofs/PK_TLS_F7394372.der
Signature verification succeeds
[TLS] Server time: 1619679602
[TLS] client_random  (32): B226BBC55244326E88316B52519B93F09E0C171D84745B4F930103A33124141F
[TLS] sign_hash (32): BE774173C349DAB9C8D5AE5CDADBAC0F569A323ADBB31C2B08AB5A356FD958E2
[TLS] Written transcript to proofs/MSG_TLS_B226BBC5.out, proofs/SIG_TLS_B226BBC5.out and proofs/PK_TLS_B226BBC5.der
Signature verification succeeds
[TLS] Server time: 1619679602
[TLS] client_random  (32): ED197BC3C714AAA5F8D54E343B31585D3D5915C2B20CEAA3525B3C43A7E221D3
[TLS] sign_hash (32): 94BE225126165B9F3C464F2F0822E831588FCFA105FAE7D284F2F84A66D6ECF1
[TLS] Written transcript to proofs/MSG_TLS_ED197BC3.out, proofs/SIG_TLS_ED197BC3.out and proofs/PK_TLS_ED197BC3.der
Signature verification succeeds
[TLS] Server time: 1619679602
[TLS] client_random  (32): 8B085D6D98E6019D757A8C9B608C4A9D43EB866DED8A1B254A2FB95CDF43DD6E
[TLS] sign_hash (32): AF5466878AF3BDD1F684F6C3C330A45AFA85E8DBEFADF665047D6DD246B8FAAB
[TLS] Written transcript to proofs/MSG_TLS_8B085D6D.out, proofs/SIG_TLS_8B085D6D.out and proofs/PK_TLS_8B085D6D.der
Signature verification succeeds
[TLS] Server time: 1619679602
[TLS] client_random  (32): 8F5E5974A4687531CEF86604C6E2DF6A0C84BFF32B92090DFEAEB8B93ACED260
[TLS] sign_hash (32): 1A601D92FCF07FB8FD5AB3FC7B71283CB24E00AE3057BB83810B9812D2577506
[TLS] Written transcript to proofs/MSG_TLS_8F5E5974.out, proofs/SIG_TLS_8F5E5974.out and proofs/PK_TLS_8F5E5974.der
Signature verification succeeds
[TLS] Server time: 1619679602
[TLS] client_random  (32): 191620C81A9C04793AA9ACE89682B595CDFAB684A5B8EA10B1FFCFB6387E7168
[TLS] sign_hash (32): C9292D9BE0551D45A24F70EECFE3CD1E5D7F4D6D90F9BDFD6205BD2681972A7E
[TLS] Written transcript to proofs/MSG_TLS_191620C8.out, proofs/SIG_TLS_191620C8.out and proofs/PK_TLS_191620C8.der
Signature verification succeeds
[TLS] Server time: 1619679602
[TLS] client_random  (32): C9B19293480F627A7715076F61C37F7C92C1F0D71328F6545C077AAA7E332F63
[TLS] sign_hash (32): 4E2ED39BEA0706FDA0682332FB848B40A159A737AD5D17463A1230635C6BF6D4
[TLS] Written transcript to proofs/MSG_TLS_C9B19293.out, proofs/SIG_TLS_C9B19293.out and proofs/PK_TLS_C9B19293.der
Signature verification succeeds
[TLS] Server time: 1619679602
[TLS] client_random  (32): F49ACB6B7AAB91199B2FEB45D0A9C45C235E0871E9C44C842D25552AF2CBFA01
[TLS] sign_hash (32): B2E7A133CEBCD5DAF408195E4C8AD2AB5FE6EF7E8EDD0BB1F2992CDE03149C22
[TLS] Written transcript to proofs/MSG_TLS_F49ACB6B.out, proofs/SIG_TLS_F49ACB6B.out and proofs/PK_TLS_F49ACB6B.der
Signature verification succeeds
[TLS] Server time: 1619679602
[TLS] client_random  (32): 464F788B42A77C12AC57C2C436CA2343574123375684F55E34BF8BDA9AE766C8
[TLS] sign_hash (32): 09854D09C40A04647D8CA390A4F40F6488DF0210275D92931A07ED256A02E099
[TLS] Written transcript to proofs/MSG_TLS_464F788B.out, proofs/SIG_TLS_464F788B.out and proofs/PK_TLS_464F788B.der
Signature verification succeeds
[TLS] Server time: 1619679602
[TLS] client_random  (32): 6C95AEBFA63C1A33592E39DBFEDF666EBD9D0620F21E54545C00E8F71D74A60D
[TLS] sign_hash (32): 3EDC6B29C243EFE5D72EE95F101BB4BE48C0758041947933B2CAED5324350DF1
[TLS] Written transcript to proofs/MSG_TLS_6C95AEBF.out, proofs/SIG_TLS_6C95AEBF.out and proofs/PK_TLS_6C95AEBF.der
Signature verification succeeds
[TLS] Server time: 1619679602
[TLS] client_random  (32): B049F4AFB1D26E204EAFEA2CD1C572CA586BB94AA412DF14FD3D10D4C848CCA2
[TLS] sign_hash (32): 5BC6C36196594D6F76DCA3D19902EEEE1EC7A042A109AA05BFE6C180576BA2F5
[TLS] Written transcript to proofs/MSG_TLS_B049F4AF.out, proofs/SIG_TLS_B049F4AF.out and proofs/PK_TLS_B049F4AF.der
Signature verification succeeds
[TLS] Server time: 1619679602
[TLS] client_random  (32): 2339C1333CC32317E7B9D1C9526E1FAC4982FFE298F099A216865EEE71A1A795
[TLS] sign_hash (32): E34B2BBDCDE81C3C20CB67A48572EB08BDE2E05B8E7FDE0B4939F1CAE4B84929
[TLS] Written transcript to proofs/MSG_TLS_2339C133.out, proofs/SIG_TLS_2339C133.out and proofs/PK_TLS_2339C133.der
Signature verification succeeds
[TLS] Server time: 1619679602
[TLS] client_random  (32): F4F81648B3CB47DE13E30BD54A9311FCD85DEA48C41F303D4B28637CFBFFD674
[TLS] sign_hash (32): 9F3094C4FAB1A804333EE82070C912E962D01B7FD0705648806396AC3F88A411
[TLS] Written transcript to proofs/MSG_TLS_F4F81648.out, proofs/SIG_TLS_F4F81648.out and proofs/PK_TLS_F4F81648.der
Signature verification succeeds
[TLS] Server time: 1619679602
[TLS] client_random  (32): 4269237A1950CAD4D7E875261FE78DDEEA63C71D002A32A23602104A1BF0218C
[TLS] sign_hash (32): 9C052DA5927D0EB6C4E4637D509523885FC96598FD90DA1403E062564E264603
[TLS] Written transcript to proofs/MSG_TLS_4269237A.out, proofs/SIG_TLS_4269237A.out and proofs/PK_TLS_4269237A.der
Signature verification succeeds
[TLS] Server time: 1619679602
[TLS] client_random  (32): 2548A3D0340EB6321C16A9E20DB41CF5B2A7DFD2862EA38E02E0464AF2A21689
[TLS] sign_hash (32): 266D6864AC60E2E8FA6B36FD043D63AAAB777642DDB97813BCDC5A1222394990
[TLS] Written transcript to proofs/MSG_TLS_2548A3D0.out, proofs/SIG_TLS_2548A3D0.out and proofs/PK_TLS_2548A3D0.der
Signature verification succeeds
[TLS] Server time: 1619679602
[TLS] client_random  (32): A1661AB1FF6D265A900D51A46324AA1968E3E248F8739B38C2450CCE682008E7
[TLS] sign_hash (32): 7EE9A9A24528135E00445F3EEFC835FD043CE7886AC7755272B5E39DB5FFFC3C
[TLS] Written transcript to proofs/MSG_TLS_A1661AB1.out, proofs/SIG_TLS_A1661AB1.out and proofs/PK_TLS_A1661AB1.der
Signature verification succeeds
[TLS] Server time: 1619679602
[TLS] client_random  (32): 737B53EA91EC677CD845A1EC4CD35E2DAC78296FDA8BA440F3854C0D2A328DA7
[TLS] sign_hash (32): 4C9865FA3C1CE8BE042CA5E5D7C801A28426B135B73F028DAA9AA28CD7E00A3A
[TLS] Written transcript to proofs/MSG_TLS_737B53EA.out, proofs/SIG_TLS_737B53EA.out and proofs/PK_TLS_737B53EA.der
Signature verification succeeds
[TLS] Server time: 1619679602
[TLS] client_random  (32): 181605367991FC058D6241ADC5043D3383E01B5CBE1EFAEDC963DDCDB90B15B1
[TLS] sign_hash (32): 393F16B7AC8A90D2D45F294F2E743260A16EA5599A1CD89316151F65D1A46E45
[TLS] Written transcript to proofs/MSG_TLS_18160536.out, proofs/SIG_TLS_18160536.out and proofs/PK_TLS_18160536.der
Signature verification succeeds
[TLS] Server time: 1619679602
[TLS] client_random  (32): 56C01F9DF7FC402C5172C44E666CCDC3983D57DCDBDCBFA56163AD0AC3DD864F
[TLS] sign_hash (32): 93353ABC32A07553AB44DE0650719F40F22A1575398683ECA89B6321E4610D99
[TLS] Written transcript to proofs/MSG_TLS_56C01F9D.out, proofs/SIG_TLS_56C01F9D.out and proofs/PK_TLS_56C01F9D.der
Signature verification succeeds
[TLS] Server time: 1619679602
[TLS] client_random  (32): F6F65A0CD6F97DA965674094101F515BADF269B5743D4E4EF416F1B78E9C7D81
[TLS] sign_hash (32): F19AC152A06E006D3C3B184A33DE67ECA9C0F534CD6982DC8754C45E90775A11
[TLS] Written transcript to proofs/MSG_TLS_F6F65A0C.out, proofs/SIG_TLS_F6F65A0C.out and proofs/PK_TLS_F6F65A0C.der
Signature verification succeeds
[TLS] Server time: 1619679602
[TLS] client_random  (32): D438AEE5BA02AC9331D16082F9C4562284A53EAE05DD1A5528E98541567EF153
[TLS] sign_hash (32): 243387C9FF67AAB0E64CFD9968283D0DE4B6A252DC21D043744C0BA87DCCB13E
[TLS] Written transcript to proofs/MSG_TLS_D438AEE5.out, proofs/SIG_TLS_D438AEE5.out and proofs/PK_TLS_D438AEE5.der
Signature verification succeeds
[TLS] Server time: 1619679602
[TLS] client_random  (32): 2B1BDA64E2730AD9FDF387FE9B121973AB805BE907B4C1F5595234B2C246B5C9
[TLS] sign_hash (32): 610FD6D5358CA589CC71144C261A7DD5764ADB6B688970714AB7F5A29B86F458
[TLS] Written transcript to proofs/MSG_TLS_2B1BDA64.out, proofs/SIG_TLS_2B1BDA64.out and proofs/PK_TLS_2B1BDA64.der
Signature verification succeeds
[TLS] Server time: 1619679602
[TLS] client_random  (32): B24C742E445D99FA033A4B7D7D2B1C303882318DAD2F21CA22E30D01331AD163
[TLS] sign_hash (32): DD47F8C1F0AA60660C9BCD82C126B293EDE8C7DBD9481F352F46A848345F9641
[TLS] Written transcript to proofs/MSG_TLS_B24C742E.out, proofs/SIG_TLS_B24C742E.out and proofs/PK_TLS_B24C742E.der
Signature verification succeeds
[TLS] Server time: 1619679602
[TLS] client_random  (32): A64C6E815D0B263F82BEC0E8C04DCF2C25FFA5CE5A5D6D711DC7CE06EC0B1A55
[TLS] sign_hash (32): 5991A45C67D83505128CDC5DE2BBE8A9682780F4387DB909E2550409D618FBBA
[TLS] Written transcript to proofs/MSG_TLS_A64C6E81.out, proofs/SIG_TLS_A64C6E81.out and proofs/PK_TLS_A64C6E81.der
Signature verification succeeds
[TLS] Server time: 1619679602
[TLS] client_random  (32): 81FA58A0DDADFC5774587792788CB03EE23D1BEB7792D977E9B0AFF4A84B9CB4
[TLS] sign_hash (32): DB6CB1077212205BF08C380BBB024C897E8F6F1BDFDF5474291AF85A427A9EE7
[TLS] Written transcript to proofs/MSG_TLS_81FA58A0.out, proofs/SIG_TLS_81FA58A0.out and proofs/PK_TLS_81FA58A0.der
Signature verification succeeds
[TLS] Server time: 1619679602
[TLS] client_random  (32): C845B87842C0B3DED1C2FF953B8EEE69C63C630270F5C7DEEE5E9BEA49BE96D1
[TLS] sign_hash (32): 5876A9AD10BA3C1CF628BFB5B02AF201023F7000F97E6B60036A846D12B0FCDF
[TLS] Written transcript to proofs/MSG_TLS_C845B878.out, proofs/SIG_TLS_C845B878.out and proofs/PK_TLS_C845B878.der
Signature verification succeeds
[TLS] Server time: 1619679602
[TLS] client_random  (32): A82D6AC9B3FD3D6E8BC35237FAF84A37E4ACB46D6DD370401C89E93038253075
[TLS] sign_hash (32): 5D399BFEB113ABCFA847619019AF7AAAB65CF4C78DC3098B58E0FBAEE89ADBBF
[TLS] Written transcript to proofs/MSG_TLS_A82D6AC9.out, proofs/SIG_TLS_A82D6AC9.out and proofs/PK_TLS_A82D6AC9.der
Signature verification succeeds
[TLS] Server time: 1619679602
[TLS] client_random  (32): 9FA03782A312138420CC69D95015A39284C5063958B45638236D55245D3729CA
[TLS] sign_hash (32): 9F72D062BB01662BA9F9D0A855E3C4C8E68F4557C365A48FFD098A09BC0AB49E
[TLS] Written transcript to proofs/MSG_TLS_9FA03782.out, proofs/SIG_TLS_9FA03782.out and proofs/PK_TLS_9FA03782.der
Signature verification succeeds
[TLS] Server time: 1619679602
[TLS] client_random  (32): 785150DE43A805805014AA2D8FA569C3EFA0D1F8E5A71C595752E391ABF0C3A5
[TLS] sign_hash (32): 618FF8D6227686050202E4D99E74BB6C24A927BBC77880F5DBE4E146AF542CCB
[TLS] Written transcript to proofs/MSG_TLS_785150DE.out, proofs/SIG_TLS_785150DE.out and proofs/PK_TLS_785150DE.der
Signature verification succeeds
[TLS] Server time: 1619679602
[TLS] client_random  (32): E58780FB2257EBBE8A1E8C8D6F25192130DC7A3D281F2FBED1E68D639992A189
[TLS] sign_hash (32): 4C28400B9A5C68C50FFF173FEEBA2765F1C655DC62EFA8FBFB4DF3D7267CF45D
[TLS] Written transcript to proofs/MSG_TLS_E58780FB.out, proofs/SIG_TLS_E58780FB.out and proofs/PK_TLS_E58780FB.der
Signature verification succeeds
[TLS] Server time: 1619679602
[TLS] client_random  (32): 8A6DB8DAF5F6B85BA6EA6FB1F4EE66BF54A655AE48AA0197FA553D27560F0713
[TLS] sign_hash (32): 96677A5B1F9C0C9CE94D9F5837159FFDBB425A8C5A28FD9EA8EEB95382DDE9F9
[TLS] Written transcript to proofs/MSG_TLS_8A6DB8DA.out, proofs/SIG_TLS_8A6DB8DA.out and proofs/PK_TLS_8A6DB8DA.der
Signature verification succeeds
[TLS] Server time: 1619679602
[TLS] client_random  (32): 7ED127002BCB624AEB6F281A618B6B3CDDC7799A315177F74F530EB6C03D2321
[TLS] sign_hash (32): 34A9C8FD9BF9DD95250C5521BE2B98F889C1D0A5899AC063D8F94E3548EF5148
[TLS] Written transcript to proofs/MSG_TLS_7ED12700.out, proofs/SIG_TLS_7ED12700.out and proofs/PK_TLS_7ED12700.der
Signature verification succeeds
[TLS] Server time: 1619679602
[TLS] client_random  (32): 7ED51B8FB552E9C5ADBA19AC5534DC9A4EF277CED66B7982B2139D83FE72FCE5
[TLS] sign_hash (32): B8097153AD628570BD47DC70C6A1BEB16E3320721599498B37F0B47CF7D0E462
[TLS] Written transcript to proofs/MSG_TLS_7ED51B8F.out, proofs/SIG_TLS_7ED51B8F.out and proofs/PK_TLS_7ED51B8F.der
Signature verification succeeds
[TLS] Server time: 1619679602
[TLS] client_random  (32): BA45B225708A6A61381ED9CDBF13CC5226D3A135D7E274A67209AACBCBFA821D
[TLS] sign_hash (32): 8857F780AC167BE8FECF43B222A74764B06A6FFD392C45F6920BD7D2871966D2
[TLS] Written transcript to proofs/MSG_TLS_BA45B225.out, proofs/SIG_TLS_BA45B225.out and proofs/PK_TLS_BA45B225.der
Signature verification succeeds
[TLS] Server time: 1619679602
[TLS] client_random  (32): 40FCC876166AB69F0021C38A50F1384EC7A31FD9827E93B4DEAF5B4AC561157D
[TLS] sign_hash (32): B841D730C15BBDBDE83FE7856D498C68105FBD37847FAAE3064F064506236277
[TLS] Written transcript to proofs/MSG_TLS_40FCC876.out, proofs/SIG_TLS_40FCC876.out and proofs/PK_TLS_40FCC876.der
Signature verification succeeds
[TLS] Server time: 1619679602
[TLS] client_random  (32): C2D52F52FEDD6278F998F129077EC05EFEA2EAFA549485F226D59CAB58EE49D3
[TLS] sign_hash (32): 684E348516BD3294DFA6D3B0C591562B5816BE2D5B2ACB48765CEFB0DEB55C62
[TLS] Written transcript to proofs/MSG_TLS_C2D52F52.out, proofs/SIG_TLS_C2D52F52.out and proofs/PK_TLS_C2D52F52.der
Signature verification succeeds
[TLS] Server time: 1619679602
[TLS] client_random  (32): FFBD7B0CBFA51415F9C9275EE7B5420FC92455002F4D5A4632115A62DE9FF79A
[TLS] sign_hash (32): 055CAE82984AB068657F08B6C7AE61D81FC076FE146C7AD0D4CFAC861B2853FE
[TLS] Written transcript to proofs/MSG_TLS_FFBD7B0C.out, proofs/SIG_TLS_FFBD7B0C.out and proofs/PK_TLS_FFBD7B0C.der
Signature verification succeeds
[TLS] Server time: 1619679602
[TLS] client_random  (32): 18F122361C1CA66C3404DA18F5564357BAC38A4315F1D87426962E0C3349B008
[TLS] sign_hash (32): 2C259C616026D64213E7B935F97B3996D2C679AA7604CF6CC2817B1CFAA0F886
[TLS] Written transcript to proofs/MSG_TLS_18F12236.out, proofs/SIG_TLS_18F12236.out and proofs/PK_TLS_18F12236.der
Signature verification succeeds
[TLS] Server time: 1619679602
[TLS] client_random  (32): 00FAD30F069B1005D2ACD03E30774E14D73BD76AC8A91D57064E8419E0282B9F
[TLS] sign_hash (32): 107B533FF4A212FB914F484E49206E2CDB9053B60C78896E6C26F7F185A5BEF6
[TLS] Written transcript to proofs/MSG_TLS_00FAD30F.out, proofs/SIG_TLS_00FAD30F.out and proofs/PK_TLS_00FAD30F.der
Signature verification succeeds
[TLS] Server time: 1619679602
[TLS] client_random  (32): 83CC70647AF8F394360E1DAD954F2F04CC69BB623A17B1F3D55C33DF6C75C51D
[TLS] sign_hash (32): 2CA49D81BA34A0CAFFB9E1B8479D24B41C6284D163F8A2DA9BB5519239F20436
[TLS] Written transcript to proofs/MSG_TLS_83CC7064.out, proofs/SIG_TLS_83CC7064.out and proofs/PK_TLS_83CC7064.der
Signature verification succeeds
[TLS] Server time: 1619679602
[TLS] client_random  (32): 1E1BE4BA1EDBAD58538A2E89C14E295C5C0BB95A62D046119DA662CBE3CDFF1F
[TLS] sign_hash (32): 4FD2944C05F09E819957D3C35D4880CBE4E6EA557494BCB8137B62667F7A7560
[TLS] Written transcript to proofs/MSG_TLS_1E1BE4BA.out, proofs/SIG_TLS_1E1BE4BA.out and proofs/PK_TLS_1E1BE4BA.der
Signature verification succeeds
[TLS] Server time: 1619679602
[TLS] client_random  (32): F4F64583E4CC361B2C4D0DA78F7A612C585AE62FBABD3F860E2BC64E180B986F
[TLS] sign_hash (32): 615C535B81D2E57ACC09DB5B4A3CAF9B854FB1BF466C3FD70F5E9DC3D6181FA1
[TLS] Written transcript to proofs/MSG_TLS_F4F64583.out, proofs/SIG_TLS_F4F64583.out and proofs/PK_TLS_F4F64583.der
Signature verification succeeds
[TLS] Server time: 1619679602
[TLS] client_random  (32): 67C43D623F107244BFF0B15D257E2ECA6E011D9BD63DA9A6B481AFAA40853DC8
[TLS] sign_hash (32): 4526C53F2DA4F9F6F13DE5F2935CF315D6A9C7E14D372F31285249B4FA800374
[TLS] Written transcript to proofs/MSG_TLS_67C43D62.out, proofs/SIG_TLS_67C43D62.out and proofs/PK_TLS_67C43D62.der
Signature verification succeeds
[TLS] Server time: 1619679602
[TLS] client_random  (32): C99D44F03267A4125DC87291E0CFE37892DCBC67B99789AB0727D4A2C63F62DB
[TLS] sign_hash (32): 1097EC30E08D7AA791D53F16C35E6C387732F38829324E42BCE0DE2DC8E4F30A
[TLS] Written transcript to proofs/MSG_TLS_C99D44F0.out, proofs/SIG_TLS_C99D44F0.out and proofs/PK_TLS_C99D44F0.der
Signature verification succeeds
[TLS] Server time: 1619679602
[TLS] client_random  (32): 45F790F9C8192449B8664CDC7D2312718CAD9593557847F79D85BA3832385008
[TLS] sign_hash (32): 67877F61ACDEEBAC1A0681063754060B998D8992826B5D5D5C71ACA101806F5A
[TLS] Written transcript to proofs/MSG_TLS_45F790F9.out, proofs/SIG_TLS_45F790F9.out and proofs/PK_TLS_45F790F9.der
Signature verification succeeds
[TLS] Server time: 1619679602
[TLS] client_random  (32): 9A2F45D3089F02B9C5020AD7CB451009B56C01D9031BE31544F83595FB684A53
[TLS] sign_hash (32): 4647B6A4488E7572D0742C78DE4C054D36A2E4E7B28ADC4C9903A42054651F22
[TLS] Written transcript to proofs/MSG_TLS_9A2F45D3.out, proofs/SIG_TLS_9A2F45D3.out and proofs/PK_TLS_9A2F45D3.der
Signature verification succeeds
[TLS] Server time: 1619679602
[TLS] client_random  (32): DD86D2E93F129859D1EA75BDED229170B010AE6B0C9D68FD8D4391AE1365272B
[TLS] sign_hash (32): 4D3FF82BE5E26A25B8808655C12928ADF1FA0725F124C5D7AE3EB3DD70FE9F6C
[TLS] Written transcript to proofs/MSG_TLS_DD86D2E9.out, proofs/SIG_TLS_DD86D2E9.out and proofs/PK_TLS_DD86D2E9.der
Signature verification succeeds
[TLS] Server time: 1619679602
[TLS] client_random  (32): B84F9986A100390FDB23EFDB63FEC974D9E130B4079D142C13857C4B36D0678A
[TLS] sign_hash (32): 134684023BC701AAD0C9D2DD15233A2026A419C2C4AFA6D71152D9A507724869
[TLS] Written transcript to proofs/MSG_TLS_B84F9986.out, proofs/SIG_TLS_B84F9986.out and proofs/PK_TLS_B84F9986.der
Signature verification succeeds
[TLS] Server time: 1619679602
[TLS] client_random  (32): E0E43BB517E38076BA910A152CC540D40B9BA872EEA4429D2B99A285CE700B25
[TLS] sign_hash (32): B0E3E0AFFC89643EB5FE178753276D4EAD834D945A2EB1F64CD43A426B8E039D
[TLS] Written transcript to proofs/MSG_TLS_E0E43BB5.out, proofs/SIG_TLS_E0E43BB5.out and proofs/PK_TLS_E0E43BB5.der
Signature verification succeeds
[TLS] Server time: 1619679602
[TLS] client_random  (32): C0B10B610146E4CFA9F6448F54B376680A769729F514DBD84349AC5F9D26A243
[TLS] sign_hash (32): 19DC277B30AD9EE5745F02B16DB9A16CC78BF3B1FB06CF9E2FFD7B2B15BD8141
[TLS] Written transcript to proofs/MSG_TLS_C0B10B61.out, proofs/SIG_TLS_C0B10B61.out and proofs/PK_TLS_C0B10B61.der
Signature verification succeeds
[TLS] Server time: 1619679602
[TLS] client_random  (32): D083E43C7ADA07B2E71FCEC4F2D30B13C2034E8E101DE52F304B4D0B82903145
[TLS] sign_hash (32): 9AA61ABAFA2BBFFA9B7C2EB4F7D03354F6CC7C00A7495B67FF144EB61E5975A5
[TLS] Written transcript to proofs/MSG_TLS_D083E43C.out, proofs/SIG_TLS_D083E43C.out and proofs/PK_TLS_D083E43C.der
Signature verification succeeds
[TLS] Server time: 1619679602
[TLS] client_random  (32): 939B73854C41005260F4CCEB3CA5A9B622CCEC7798D3664304AAA8AA4061DE13
[TLS] sign_hash (32): F59EB01B9B23DE617B6C0881F8E694E0BBC08266D75E576DAD5094F7C81B5B01
[TLS] Written transcript to proofs/MSG_TLS_939B7385.out, proofs/SIG_TLS_939B7385.out and proofs/PK_TLS_939B7385.der
Signature verification succeeds
[TLS] Server time: 1619679602
[TLS] client_random  (32): D54DC7314D991885A3F914592D3492CDB4928ED393D43311E9D738CE12E6B333
[TLS] sign_hash (32): EBBDC203A9073723C77466127B418FFA90A4A6A9E425B319C33605AAC11A7227
[TLS] Written transcript to proofs/MSG_TLS_D54DC731.out, proofs/SIG_TLS_D54DC731.out and proofs/PK_TLS_D54DC731.der
Signature verification succeeds
[TLS] Server time: 1619679602
[TLS] client_random  (32): 2A48C61335AF2EA2005CE2BC4503185EE367DCA703DBC132624F48F18E51D8A5
[TLS] sign_hash (32): 79EC4B308CE0587D3C12D442720D193A29CFCE77B979F0215EA9D7A519FE0889
[TLS] Written transcript to proofs/MSG_TLS_2A48C613.out, proofs/SIG_TLS_2A48C613.out and proofs/PK_TLS_2A48C613.der
Signature verification succeeds
[TLS] Server time: 1619679602
[TLS] client_random  (32): A29AB0088632FB95BFCA454C5FC8C2ADFDFBCD9EA989A25417C13184CB7CE09C
[TLS] sign_hash (32): BAF2975A00945EF50049FD53B09DC3598B1CF1AEAA427A66F98DAC5F5B1B8DF3
[TLS] Written transcript to proofs/MSG_TLS_A29AB008.out, proofs/SIG_TLS_A29AB008.out and proofs/PK_TLS_A29AB008.der
Signature verification succeeds
[TLS] Server time: 1619679602
[TLS] client_random  (32): 668FA0554721DEA4D637D3B47C71EEBFE1EDF01F7D55C9BC7B1F77CAC08217F1
[TLS] sign_hash (32): 148AADF9D988B6EF233AEBBC73EA021DAD536C4C1AB9BEA76E0C9939871E913C
[TLS] Written transcript to proofs/MSG_TLS_668FA055.out, proofs/SIG_TLS_668FA055.out and proofs/PK_TLS_668FA055.der
Signature verification succeeds
[TLS] Server time: 1619679602
[TLS] client_random  (32): 791BFBCD756912F1DA812175024F9D023140B54A90A0F8CE887A9B321720937C
[TLS] sign_hash (32): 98DD33241F79CA14113EEE4733CB367ECFF381AAF8EBDE034F81109190AAE3B1
[TLS] Written transcript to proofs/MSG_TLS_791BFBCD.out, proofs/SIG_TLS_791BFBCD.out and proofs/PK_TLS_791BFBCD.der
Signature verification succeeds
[TLS] Server time: 1619679602
[TLS] client_random  (32): CB060FC6EAE8BADC451DB327AB27AFA80BB062E92D30A2E8F4B4288385D029B2
[TLS] sign_hash (32): 09C9094B9BC9B4F0026E045685870E2CD74747D846E59CFCAA5054A533C45A38
[TLS] Written transcript to proofs/MSG_TLS_CB060FC6.out, proofs/SIG_TLS_CB060FC6.out and proofs/PK_TLS_CB060FC6.der
Signature verification succeeds
[TLS] Server time: 1619679602
[TLS] client_random  (32): 58B0EA57CAA42DEC66C6CE05FC4DB8F7C930B2DC7064D02B2F35B0329756AA70
[TLS] sign_hash (32): FCA5C26A3A78FB39935BB9402197905DB3B6068545B3AF049725440FA6B60511
[TLS] Written transcript to proofs/MSG_TLS_58B0EA57.out, proofs/SIG_TLS_58B0EA57.out and proofs/PK_TLS_58B0EA57.der
Signature verification succeeds
[TLS] Server time: 1619679602
[TLS] client_random  (32): CC24AF6E4A6C0D22F8C7096E7B41B270FA45657B31E3BB428DCBB24ED2097C15
[TLS] sign_hash (32): 5AA8047D63A266958A0BBD27DDC61FF7D2D20BAF7994C045C4D8D75719312E41
[TLS] Written transcript to proofs/MSG_TLS_CC24AF6E.out, proofs/SIG_TLS_CC24AF6E.out and proofs/PK_TLS_CC24AF6E.der
Signature verification succeeds
[TLS] Server time: 1619679602
[TLS] client_random  (32): 12ADA90285EDF249FB2266A9680DD0DE242BCA0C80F08CCF2B96C620ECAA4DF2
[TLS] sign_hash (32): 1036D7DCB613C24C1FDA40286F8C84C33F75AAD8DB922D4C22DB23DF839C0AD7
[TLS] Written transcript to proofs/MSG_TLS_12ADA902.out, proofs/SIG_TLS_12ADA902.out and proofs/PK_TLS_12ADA902.der
Signature verification succeeds
[TLS] Server time: 1619679602
[TLS] client_random  (32): A0C61275E53C544119F0934049737DD7F5BB526E1EA509153677E5A245E27962
[TLS] sign_hash (32): E5ADEA2A61A196E393FF9A7387CF239EC36E46C73BA24AF370AC668116367BE1
[TLS] Written transcript to proofs/MSG_TLS_A0C61275.out, proofs/SIG_TLS_A0C61275.out and proofs/PK_TLS_A0C61275.der
Signature verification succeeds
[TLS] Server time: 1619679602
[TLS] client_random  (32): CAB8627CBBD03EB74A774B4118B2C065576291222E29B29A18620E4434F693E2
[TLS] sign_hash (32): 7901E0A9D2D40894A15C8640B8EE0028CC60231D46AD5ADF2994329C75784FCA
[TLS] Written transcript to proofs/MSG_TLS_CAB8627C.out, proofs/SIG_TLS_CAB8627C.out and proofs/PK_TLS_CAB8627C.der
Signature verification succeeds
[TLS] Server time: 1619679602
[TLS] client_random  (32): 8CB89CA757D3857B615DB20E1C23E5011E612FDBF6BA97131F18300F61257545
[TLS] sign_hash (32): E8F3DF9A9136214E9FDEE0FD9A83A8B357B758ECF0295B06A8502739BAB6DB36
[TLS] Written transcript to proofs/MSG_TLS_8CB89CA7.out, proofs/SIG_TLS_8CB89CA7.out and proofs/PK_TLS_8CB89CA7.der
Signature verification succeeds
[TLS] Server time: 1619679602
[TLS] client_random  (32): 534B80AA7A3E5C55CDB3B6D3C515B645299BC7F9D32EF64CCB62A8CCE3ECD519
[TLS] sign_hash (32): 65200E18A9900EF509093640670CA52ADD094A9D60F1B933EB5864E830473A4F
[TLS] Written transcript to proofs/MSG_TLS_534B80AA.out, proofs/SIG_TLS_534B80AA.out and proofs/PK_TLS_534B80AA.der
Signature verification succeeds
[TLS] Server time: 1619679602
[TLS] client_random  (32): 359AF044DB8BF9AA2B3982E47AD247B3DAFA1482F5A093690BC9FF9A17FCF437
[TLS] sign_hash (32): DDC08CCE8F42C8378E73BD35560B690A9BE9C40DD94A8F1533C10288CBE5E305
[TLS] Written transcript to proofs/MSG_TLS_359AF044.out, proofs/SIG_TLS_359AF044.out and proofs/PK_TLS_359AF044.der
Signature verification succeeds
[TLS] Server time: 1619679602
[TLS] client_random  (32): 91FAE4E21B9A5E75C5864CAA31AEC859D97AD5B905B7625EC49B79513DFB0797
[TLS] sign_hash (32): 244A6E4373AF6FE4AC4A4D5068B6F275A0A16FD8CD0BEAD6E9CBFA59DB0FAC89
[TLS] Written transcript to proofs/MSG_TLS_91FAE4E2.out, proofs/SIG_TLS_91FAE4E2.out and proofs/PK_TLS_91FAE4E2.der
Signature verification succeeds
[TLS] Server time: 1619679602
[TLS] client_random  (32): 238978ABBA1D6ED45A197C6DCC818FA934F5410D650EEBAAD6E8EC0A248D852F
[TLS] sign_hash (32): 542E6BC96FED29F6720F30C3275848AD2C6231384BD0515BFA4AB98CAC2A3006
[TLS] Written transcript to proofs/MSG_TLS_238978AB.out, proofs/SIG_TLS_238978AB.out and proofs/PK_TLS_238978AB.der
Signature verification succeeds
[TLS] Server time: 1619679602
[TLS] client_random  (32): CB35B08138E7725A1339DF88CCCE4B04C5AFDD66177861D594B7301E833244E2
[TLS] sign_hash (32): B5EB9211D4BB2CF892FBBBCBFCC375D2EFA95E5524C2489D9E88A5E032981FD1
[TLS] Written transcript to proofs/MSG_TLS_CB35B081.out, proofs/SIG_TLS_CB35B081.out and proofs/PK_TLS_CB35B081.der
Signature verification succeeds
[TLS] Server time: 1619679602
[TLS] client_random  (32): 6D68175EB973683477658F6774CD5F37F4480EB66DA2D9F9C6C392B39258DC8F
[TLS] sign_hash (32): 6CA40C55DC368FA4D3F21C58E3BCD6049F74393DC6C4FB37DE1F956BB6419DCA
[TLS] Written transcript to proofs/MSG_TLS_6D68175E.out, proofs/SIG_TLS_6D68175E.out and proofs/PK_TLS_6D68175E.der
Signature verification succeeds
[TLS] Server time: 1619679602
[TLS] client_random  (32): 3DCEEB48CFA5E74CA91BC163937E326297901E7B055325EADB11402D3E7783C1
[TLS] sign_hash (32): 3924E3D8827060EE93D5269790A5C4872988FBBCA47E90BE3D579B41B43CDC59
[TLS] Written transcript to proofs/MSG_TLS_3DCEEB48.out, proofs/SIG_TLS_3DCEEB48.out and proofs/PK_TLS_3DCEEB48.der
Signature verification succeeds
[TLS] Server time: 1619679602
[TLS] client_random  (32): AB23F3A27F1CC75BCE5B46C456C05A03BB3B104BB4FF146903D2B38A5A728809
[TLS] sign_hash (32): EAF28E21B8EE14851878B1F1B3C47F136C169D0C33804CB5297FCD18873ABA01
[TLS] Written transcript to proofs/MSG_TLS_AB23F3A2.out, proofs/SIG_TLS_AB23F3A2.out and proofs/PK_TLS_AB23F3A2.der
Signature verification succeeds
[TLS] Server time: 1619679602
[TLS] client_random  (32): 80CB5ED518BB7E3E8D551BFC80B14ED1AC530C76402F2236C1E461957243F13A
[TLS] sign_hash (32): 3D46637CCACDA3C1F0045938E745EEF84E5D1B7D0902C56A926C49ADD1716FA8
[TLS] Written transcript to proofs/MSG_TLS_80CB5ED5.out, proofs/SIG_TLS_80CB5ED5.out and proofs/PK_TLS_80CB5ED5.der
Signature verification succeeds
[TLS] Server time: 1619679602
[TLS] client_random  (32): 04726FD8241F34B8CAFBB1587360A4A5BEBD845DF263350BB7DD5E2C713705D5
[TLS] sign_hash (32): BEF99E07461EC2E3A744BDE68CDC30E75D81D221F6D2026D3234C8486677AD34
[TLS] Written transcript to proofs/MSG_TLS_04726FD8.out, proofs/SIG_TLS_04726FD8.out and proofs/PK_TLS_04726FD8.der
Signature verification succeeds
[TLS] Server time: 1619679602
[TLS] client_random  (32): C35B026E6179107F5B520E4811AD336710DF19E02A1DC718DEA829A3828457F5
[TLS] sign_hash (32): 4F56BD5EC1426B9550EEB129B2FBCEB992E2805460BD46C4C9D1AA279C862308
[TLS] Written transcript to proofs/MSG_TLS_C35B026E.out, proofs/SIG_TLS_C35B026E.out and proofs/PK_TLS_C35B026E.der
Signature verification succeeds
[TLS] Server time: 1619679602
[TLS] client_random  (32): 637F10AADD16CBE6D64D88D9E9FC0EE96A25BB0715C5438FA0C56493375ECBEC
[TLS] sign_hash (32): BA22A61B1A9AC253EECB489A135167E75882970C034EB7A6BB71664AAA5E184D
[TLS] Written transcript to proofs/MSG_TLS_637F10AA.out, proofs/SIG_TLS_637F10AA.out and proofs/PK_TLS_637F10AA.der
Signature verification succeeds
[TLS] Server time: 1619679602
[TLS] client_random  (32): B6AA4A8B164450F8B5362FBF89D95736F2D8696AD157496654B8024481163EEE
[TLS] sign_hash (32): 1F2B019EACF0CBCA2BFBA0A73BD2C1715AF3D666A6F4DE1FAFE7FC9AFA4E49CA
[TLS] Written transcript to proofs/MSG_TLS_B6AA4A8B.out, proofs/SIG_TLS_B6AA4A8B.out and proofs/PK_TLS_B6AA4A8B.der
Signature verification succeeds
[TLS] Server time: 1619679602
[TLS] client_random  (32): 9AEE9ABDA4EE4F6468EF836A6B1DA375DF4475ABFB596F2FB87AE281CAF26B92
[TLS] sign_hash (32): 7B6D3D1FDD0D00FE44945B56C0190581E808A0915FE5E37328204BCAA654539C
[TLS] Written transcript to proofs/MSG_TLS_9AEE9ABD.out, proofs/SIG_TLS_9AEE9ABD.out and proofs/PK_TLS_9AEE9ABD.der
Signature verification succeeds
[TLS] Server time: 1619679602
[TLS] client_random  (32): D005EFD92B0BCA1A23649A1EA8A87C7F4BBB0B5CE2282C1B167AF9ECE774928C
[TLS] sign_hash (32): CBB743E40B3CCC60B9D331634AB5055A74E7E8FB60308111663F16062B2CFFCD
[TLS] Written transcript to proofs/MSG_TLS_D005EFD9.out, proofs/SIG_TLS_D005EFD9.out and proofs/PK_TLS_D005EFD9.der
Signature verification succeeds
[TLS] Server time: 1619679602
[TLS] client_random  (32): 1E49834F67B5BE399C0A463530BB4A269C27A84469F8415772FD0EEB8F9F67CB
[TLS] sign_hash (32): C0F3C3134420720CA26204D41F5D6777BF3CB3CB7AA2F8029DED21900864BCC3
[TLS] Written transcript to proofs/MSG_TLS_1E49834F.out, proofs/SIG_TLS_1E49834F.out and proofs/PK_TLS_1E49834F.der
Signature verification succeeds
[TLS] Server time: 1619679602
[TLS] client_random  (32): 12093D2D85C06050F647FCEC175DBAAA66604081742EF7401D4F223B09266C5B
[TLS] sign_hash (32): 91EA5CB2302A339DB5B48B2D20928719C7676D95BC5A785CC7DBA57EA9C9F2C7
[TLS] Written transcript to proofs/MSG_TLS_12093D2D.out, proofs/SIG_TLS_12093D2D.out and proofs/PK_TLS_12093D2D.der
Signature verification succeeds
[TLS] Server time: 1619679602
[TLS] client_random  (32): D667CDCD14CBB5E4AE40E10EF4393B9D544EEADB48E188D4E22017780369753A
[TLS] sign_hash (32): 3022F4B1C51C171CF1D5F904A93CB1B9A7223BCB6EFB8E5C18AD3B4C10306C99
[TLS] Written transcript to proofs/MSG_TLS_D667CDCD.out, proofs/SIG_TLS_D667CDCD.out and proofs/PK_TLS_D667CDCD.der
Signature verification succeeds
[TLS] Server time: 1619679602
[TLS] client_random  (32): 99BADD0411422451EDE53A4A62D5530E66BE3142811357BC9E80022804185EDA
[TLS] sign_hash (32): 905F958AC6545630B864B0965DD935C9C76A8A6862D25834A4B3A285B89EB118
[TLS] Written transcript to proofs/MSG_TLS_99BADD04.out, proofs/SIG_TLS_99BADD04.out and proofs/PK_TLS_99BADD04.der
Signature verification succeeds
[TLS] Server time: 1619679602
[TLS] client_random  (32): 69D3BBAB8C3BFB87035BC5250660C7692ED2DCBC2324DAD1F98A3D4CEE0B01B0
[TLS] sign_hash (32): 5FE9DE2CA6298AC099DFB37C63DA5FD35889D6E16AD457AF085A83E95761658D
[TLS] Written transcript to proofs/MSG_TLS_69D3BBAB.out, proofs/SIG_TLS_69D3BBAB.out and proofs/PK_TLS_69D3BBAB.der
Signature verification succeeds
[TLS] Server time: 1619679602
[TLS] client_random  (32): 1FDF9EB01F6D9FFF6CC75A8B3F1A6B334BA65688C2D6D11857CA323C25EFE596
[TLS] sign_hash (32): EF142D1F626095E21986E76C1C2002CA8DDA65F39E84EA95B46214A3A4C2028A
[TLS] Written transcript to proofs/MSG_TLS_1FDF9EB0.out, proofs/SIG_TLS_1FDF9EB0.out and proofs/PK_TLS_1FDF9EB0.der
Signature verification succeeds
[TLS] Server time: 1619679602
[TLS] client_random  (32): 5F9A4AD56224C96F5C3410AE9473314B4D31463BF05E24B60A71376BAE2CA8A4
[TLS] sign_hash (32): EF20D842EBD24745F2042E05521197B3C5BED997AD2D372897673B2F15682DCD
[TLS] Written transcript to proofs/MSG_TLS_5F9A4AD5.out, proofs/SIG_TLS_5F9A4AD5.out and proofs/PK_TLS_5F9A4AD5.der
Signature verification succeeds
[TLS] Server time: 1619679602
[TLS] client_random  (32): 0FD279BA11E4F83CBA5EA0126B82234AC1EC652C6C979816320D1653E722B37C
[TLS] sign_hash (32): A9282C4311FDFC1287BBD9D48E4FE25161793E77DC73D5D07F01722EE601EE58
[TLS] Written transcript to proofs/MSG_TLS_0FD279BA.out, proofs/SIG_TLS_0FD279BA.out and proofs/PK_TLS_0FD279BA.der
Signature verification succeeds
[TLS] Server time: 1619679602
[TLS] client_random  (32): CCC46EE6A1684BEB990C430ECFD0BF129F69ED239959F944720A821360FFDFD8
[TLS] sign_hash (32): 934870F8F7823D40E75681410BD4009E77AC4F1450B31B29FB87F7675B3971FE
[TLS] Written transcript to proofs/MSG_TLS_CCC46EE6.out, proofs/SIG_TLS_CCC46EE6.out and proofs/PK_TLS_CCC46EE6.der
Signature verification succeeds
[TLS] Server time: 1619679602
[TLS] client_random  (32): 3B69249EA4ACD29C76D08C34078E8FDC83F43173CBD47362A8D37AF6DA3355EA
[TLS] sign_hash (32): 8B83561BE20CE6B99584F1B4A6FF25ED1679786E545164CEF95A7A32CC268697
[TLS] Written transcript to proofs/MSG_TLS_3B69249E.out, proofs/SIG_TLS_3B69249E.out and proofs/PK_TLS_3B69249E.der
Signature verification succeeds
[TLS] Server time: 1619679602
[TLS] client_random  (32): 7635D59563CEC6A06EB6524B2D8F464F0665C5ACDEE6B6C0419CBD75E1461C0E
[TLS] sign_hash (32): 7B83204A9B8657FAC06966416DF4B4F228B1ED111C4C314EABAEB355D42EC00B
[TLS] Written transcript to proofs/MSG_TLS_7635D595.out, proofs/SIG_TLS_7635D595.out and proofs/PK_TLS_7635D595.der
Signature verification succeeds
[TLS] Server time: 1619679602
[TLS] client_random  (32): 6700CD219D13B9323AE9CD444F6ED8BB70ED20CB844EEEA74221307D71EEFDE9
[TLS] sign_hash (32): 92361B7B3D936A4B6B8B9F03706E70DF47C8A56A7112DBE9E9F196A8BA8A31A9
[TLS] Written transcript to proofs/MSG_TLS_6700CD21.out, proofs/SIG_TLS_6700CD21.out and proofs/PK_TLS_6700CD21.der
Signature verification succeeds
[TLS] Server time: 1619679602
[TLS] client_random  (32): 3673B981A79A245B7257D34B48B575A2F29E7B2932A292F30AE4E0063E7D595D
[TLS] sign_hash (32): 4B93E49361E558B93A2550D55DA1D34764FB9F6E1C9DD8419EC0B6FB26406F5F
[TLS] Written transcript to proofs/MSG_TLS_3673B981.out, proofs/SIG_TLS_3673B981.out and proofs/PK_TLS_3673B981.der
Signature verification succeeds
[TLS] Server time: 1619679602
[TLS] client_random  (32): 439AC5821804ED7B896C690BFB7ACAD3763F9FFAA7273E974AAAA36D0A66D128
[TLS] sign_hash (32): CD55F855E397C206657D6DFB321B4FDF87D4B49B3A8E2F8761F45DEF5F039612
[TLS] Written transcript to proofs/MSG_TLS_439AC582.out, proofs/SIG_TLS_439AC582.out and proofs/PK_TLS_439AC582.der
Signature verification succeeds
[TLS] Server time: 1619679602
[TLS] client_random  (32): 1978144555994C774599A07BA1E318B99E9E0E67CDC2D42594793627D54F53FC
[TLS] sign_hash (32): E71EDF0A3848838329A11B11B91B5C055C9FA176FCF924B4779EB5AE168C47AB
[TLS] Written transcript to proofs/MSG_TLS_19781445.out, proofs/SIG_TLS_19781445.out and proofs/PK_TLS_19781445.der
Signature verification succeeds
[TLS] Server time: 1619679602
[TLS] client_random  (32): 98F17AD05DB427641A8645599339A09A271A3FD6C2676D13F0523467E45DDEBB
[TLS] sign_hash (32): 2E5AECACFCBD87079EECA86BC1A0CE2274A14E74B949B4E38E84DC0A1F963B0B
[TLS] Written transcript to proofs/MSG_TLS_98F17AD0.out, proofs/SIG_TLS_98F17AD0.out and proofs/PK_TLS_98F17AD0.der
Signature verification succeeds
[TLS] Server time: 1619679602
[TLS] client_random  (32): ECDCC873DBDD7CFB409E8C5AF69128A1C6556978867F30FAF3DCC7366BB898AF
[TLS] sign_hash (32): 257FAAC3AD4D57752044391752F5D9DAD571264EC70EFCDE7302FB5B3757E830
[TLS] Written transcript to proofs/MSG_TLS_ECDCC873.out, proofs/SIG_TLS_ECDCC873.out and proofs/PK_TLS_ECDCC873.der
Signature verification succeeds
[TLS] Server time: 1619679602
[TLS] client_random  (32): CC57CBFAC4ED16A9493E239DC0FCA4FD855BF313512808FC20FA108B7304CA84
[TLS] sign_hash (32): F7AC7D2764E14F5655873DE350686FDD2FCA58229D200251234C789E9383D81D
[TLS] Written transcript to proofs/MSG_TLS_CC57CBFA.out, proofs/SIG_TLS_CC57CBFA.out and proofs/PK_TLS_CC57CBFA.der
Signature verification succeeds
[TLS] Server time: 1619679602
[TLS] client_random  (32): 31BA95B81AD76FB5AF9D0876D10D389B5DFBCA89C6127D4E5624B3E606626B2F
[TLS] sign_hash (32): A57E1AAF5C5892963BFF8007A5EAC1902A77E97D84468498E939511CC8AAD357
[TLS] Written transcript to proofs/MSG_TLS_31BA95B8.out, proofs/SIG_TLS_31BA95B8.out and proofs/PK_TLS_31BA95B8.der
Signature verification succeeds
[TLS] Server time: 1619679602
[TLS] client_random  (32): A3EF440332F0756188EB67DC3C0FEF17B56913F7849A759268C56E14572FD1C4
[TLS] sign_hash (32): 458319D416BB55362E641F70365DFCE89A534E8B7F98FC1D6066730EBC27283D
[TLS] Written transcript to proofs/MSG_TLS_A3EF4403.out, proofs/SIG_TLS_A3EF4403.out and proofs/PK_TLS_A3EF4403.der
Signature verification succeeds
[TLS] Server time: 1619679602
[TLS] client_random  (32): 0EF967093986ED7E97D69389F69683CFF71DC5B693CF9409D3B2D80EE160B277
[TLS] sign_hash (32): 7FD671E1B33318DF6CA7FD950500261F991AAD8AF07814FA72455174552FB218
[TLS] Written transcript to proofs/MSG_TLS_0EF96709.out, proofs/SIG_TLS_0EF96709.out and proofs/PK_TLS_0EF96709.der
Signature verification succeeds
[TLS] Server time: 1619679602
[TLS] client_random  (32): 128F7AD6F03E93BDC4AE5FCD109208A22CA0B21A6F193F51B114CE904B57C82B
[TLS] sign_hash (32): B343FADD6FBB59A8A494A38A9103DFA77BF9283C9659F53202C11B5E27D1F9B7
[TLS] Written transcript to proofs/MSG_TLS_128F7AD6.out, proofs/SIG_TLS_128F7AD6.out and proofs/PK_TLS_128F7AD6.der
Signature verification succeeds
[TLS] Server time: 1619679602
[TLS] client_random  (32): FC2FA6C040D02011DEBC131F83EC0A70BB5E466BF0449BBB0A3EBE4F329EACB8
[TLS] sign_hash (32): D80D0B69E161A029177B7DD2421A03277AAC357CBD87A5304623591FE9F5A69E
[TLS] Written transcript to proofs/MSG_TLS_FC2FA6C0.out, proofs/SIG_TLS_FC2FA6C0.out and proofs/PK_TLS_FC2FA6C0.der
Signature verification succeeds
[TLS] Server time: 1619679602
[TLS] client_random  (32): 2C5B6DB2AAE784183A41D1E282FB4A10C3D1CD855B5EAE6B2EDABC9F06130C93
[TLS] sign_hash (32): C1B3F3A5BD15CEE6A771E082F621C6E901D343F7FF993D376D8477A434F22751
[TLS] Written transcript to proofs/MSG_TLS_2C5B6DB2.out, proofs/SIG_TLS_2C5B6DB2.out and proofs/PK_TLS_2C5B6DB2.der
Signature verification succeeds
[TLS] Server time: 1619679602
[TLS] client_random  (32): 46F6F8E55EBD40C9934001383ADD038E0C198A45EA68FF7DC20B76FE24BFBB11
[TLS] sign_hash (32): BB18F2BA060A3556AD4F239607ABCFF66F6891073AE291D601521876D0CFBF18
[TLS] Written transcript to proofs/MSG_TLS_46F6F8E5.out, proofs/SIG_TLS_46F6F8E5.out and proofs/PK_TLS_46F6F8E5.der
Signature verification succeeds
[TLS] Server time: 1619679602
[TLS] client_random  (32): 9A6EE31E479ECA8E543B7CD17E6EF1668F8ACCD26AEF5394F7FEBE7953F728E5
[TLS] sign_hash (32): F96E7A7B0A0223F67AD35C3CAD3A035AA92F7917809ACDA0C3D04EB8458D324E
[TLS] Written transcript to proofs/MSG_TLS_9A6EE31E.out, proofs/SIG_TLS_9A6EE31E.out and proofs/PK_TLS_9A6EE31E.der
Signature verification succeeds
[TLS] Server time: 1619679602
[TLS] client_random  (32): 323D612613334EFF264C835C5F4F844A7C3A302DB65736AF1F167C72C616A661
[TLS] sign_hash (32): B5F97D0C7F5A6C55ABF037D3B1ABAD5E3915C7D1B6198E3B55E4FF5A8615753D
[TLS] Written transcript to proofs/MSG_TLS_323D6126.out, proofs/SIG_TLS_323D6126.out and proofs/PK_TLS_323D6126.der
Signature verification succeeds
[TLS] Server time: 1619679602
[TLS] client_random  (32): 752BD6F4EACF662883A92F7483FDCDCC4EE463EBCCE64E885E3C3156BE71968E
[TLS] sign_hash (32): C86AF379E1BD830892410C25243AE45638FF28CA7781BA6665510AECBB8D126B
[TLS] Written transcript to proofs/MSG_TLS_752BD6F4.out, proofs/SIG_TLS_752BD6F4.out and proofs/PK_TLS_752BD6F4.der
Signature verification succeeds
[TLS] Server time: 1619679602
[TLS] client_random  (32): 366337F1440C88BDBE7E49E33C09393230930DBBF880E55C8E638C23A69AB0B7
[TLS] sign_hash (32): D9E790D5F64065DEF647E07B0B65EDBDB431EE8A8A1D8A33718AEEBDD3968067
[TLS] Written transcript to proofs/MSG_TLS_366337F1.out, proofs/SIG_TLS_366337F1.out and proofs/PK_TLS_366337F1.der
Signature verification succeeds
[TLS] Server time: 1619679602
[TLS] client_random  (32): DC0590A07C10628A9E88BCDBA598A75F4DC3C69489D0849B7139F32792F9A9DE
[TLS] sign_hash (32): 6CA2DB67967322D74B188EA6F33BDF5242B8A2FBCC8A1F04C7795875B675A1D9
[TLS] Written transcript to proofs/MSG_TLS_DC0590A0.out, proofs/SIG_TLS_DC0590A0.out and proofs/PK_TLS_DC0590A0.der
Signature verification succeeds
[TLS] Server time: 1619679602
[TLS] client_random  (32): 5A749ECCDAA85320FAAD4F1902B3223FD51E2E52F89F1E5822C1D231A7538079
[TLS] sign_hash (32): 1A93047CFE3CAA9B0576F90F6FDC9D79DEEB2B635F5B11B48CF04696A14D7C7B
[TLS] Written transcript to proofs/MSG_TLS_5A749ECC.out, proofs/SIG_TLS_5A749ECC.out and proofs/PK_TLS_5A749ECC.der
Signature verification succeeds
[TLS] Server time: 1619679602
[TLS] client_random  (32): 2B7A5DEF6EBBE5C54F43C786A13DD835493263DCB62E58922F1EE8BE867E3F00
[TLS] sign_hash (32): 5ED7E4BE6F3CB0646CE997B2E00C3E10AD3FB931D8F4D111691E2902A09292CE
[TLS] Written transcript to proofs/MSG_TLS_2B7A5DEF.out, proofs/SIG_TLS_2B7A5DEF.out and proofs/PK_TLS_2B7A5DEF.der
Signature verification succeeds
[TLS] Server time: 1619679602
[TLS] client_random  (32): 90F16C0B322AC1D77DE5E9EF39C2C6248DA9F061E6215865C1D92BCC9AE316FE
[TLS] sign_hash (32): A870E51452D703166E7437005056A1128BE0D31F4C26F5BB61A27CAC119F5FD9
[TLS] Written transcript to proofs/MSG_TLS_90F16C0B.out, proofs/SIG_TLS_90F16C0B.out and proofs/PK_TLS_90F16C0B.der
Signature verification succeeds
[TLS] Server time: 1619679602
[TLS] client_random  (32): 930D4AE60BDFCFDED9BE6F28BAC0335A79F4FA03DBC5A0423276E5EA19295D76
[TLS] sign_hash (32): F8CE52CB69862A8EE0798BB2E7D3F5C0F2EB2E63BE733A6DD5F5735E72FFCD28
[TLS] Written transcript to proofs/MSG_TLS_930D4AE6.out, proofs/SIG_TLS_930D4AE6.out and proofs/PK_TLS_930D4AE6.der
Signature verification succeeds
[TLS] Server time: 1619679602
[TLS] client_random  (32): BFB66AF83B15E234064069FA79A36B09539578C4AE1E138951BB581EDFDAB474
[TLS] sign_hash (32): A7BED4C76367C2CFE53947DD826FA58E0AE4E6730108A1DEF583EBD6A4734523
[TLS] Written transcript to proofs/MSG_TLS_BFB66AF8.out, proofs/SIG_TLS_BFB66AF8.out and proofs/PK_TLS_BFB66AF8.der
Signature verification succeeds
[TLS] Server time: 1619679602
[TLS] client_random  (32): A80E3EC47261C63425EFFB764DD000E03886711777327509A843F77439B8E6A8
[TLS] sign_hash (32): C62029341341EA03001A7828A5205C7DBF4539CA4C25EF6CF97AD6BBC0803591
[TLS] Written transcript to proofs/MSG_TLS_A80E3EC4.out, proofs/SIG_TLS_A80E3EC4.out and proofs/PK_TLS_A80E3EC4.der
Signature verification succeeds
[TLS] Server time: 1619679602
[TLS] client_random  (32): 75ACC2921CD9E7D6A97321262C85402FA5B6B1610F43896448DCDB2AFC16950A
[TLS] sign_hash (32): CCAEC4A633F2B5A40BDD012D1C31742C8A13C0E5986893FE81E9D74249AF5A14
[TLS] Written transcript to proofs/MSG_TLS_75ACC292.out, proofs/SIG_TLS_75ACC292.out and proofs/PK_TLS_75ACC292.der
Signature verification succeeds
[TLS] Server time: 1619679602
[TLS] client_random  (32): 143F0F8959CD203073359618354866373E65B3C9191E230C74229FDEF2CF3A24
[TLS] sign_hash (32): 46263321A526C2725FA3D1B4FC85A7810C7F9A24CAC5D526C53826BDD2D21F4A
[TLS] Written transcript to proofs/MSG_TLS_143F0F89.out, proofs/SIG_TLS_143F0F89.out and proofs/PK_TLS_143F0F89.der
Signature verification succeeds
[TLS] Server time: 1619679602
[TLS] client_random  (32): 5FE19542A455BCE0D7B18024F9DF59358EB4FBD2CFCFA1D5308DBE2F536F5E4B
[TLS] sign_hash (32): 3540FC2F183BAF90801A3029E00A16B1DA346AA743E639E73D69A65DD85C6C39
[TLS] Written transcript to proofs/MSG_TLS_5FE19542.out, proofs/SIG_TLS_5FE19542.out and proofs/PK_TLS_5FE19542.der
Signature verification succeeds
[TLS] Server time: 1619679602
[TLS] client_random  (32): 33AEE617B2C5FA584D13CAF363815418A6C7A9841874B6B6C12C06AAB27DC762
[TLS] sign_hash (32): 997EE89C0405744E6CBB375A0EA8D43CAF3E9CA6B5E1EB7BFB604B8D4A7A5644
[TLS] Written transcript to proofs/MSG_TLS_33AEE617.out, proofs/SIG_TLS_33AEE617.out and proofs/PK_TLS_33AEE617.der
Signature verification succeeds
[TLS] Server time: 1619679602
[TLS] client_random  (32): 69C309912D8327F52DE6F67109F20692745A9FBA5E168876C46CB19B3620EF98
[TLS] sign_hash (32): E633D8FE61EF5B580CD661B5CB1AF89D43B1BF21E5DA8EB04D25246094DD1305
[TLS] Written transcript to proofs/MSG_TLS_69C30991.out, proofs/SIG_TLS_69C30991.out and proofs/PK_TLS_69C30991.der
Signature verification succeeds
[TLS] Server time: 1619679602
[TLS] client_random  (32): C50A13CA223E81AABEDB6A70BD9046BF9F94E8DDE316E903183DE6B2A75C8E5C
[TLS] sign_hash (32): 83CE44CA07A246C29458E43DFDE12C90A78999B1638CE3C29151E3F15B42D48E
[TLS] Written transcript to proofs/MSG_TLS_C50A13CA.out, proofs/SIG_TLS_C50A13CA.out and proofs/PK_TLS_C50A13CA.der
Signature verification succeeds
[TLS] Server time: 1619679602
[TLS] client_random  (32): 8B6448C50D91121B2A43C9F920961BEECC0A46776119CE72F9453FB68E28394C
[TLS] sign_hash (32): 5B0426F903CE564A8B9816DA61F3EAA0D31DA8F7BEC11ECAFB56E36AB8D7BC12
[TLS] Written transcript to proofs/MSG_TLS_8B6448C5.out, proofs/SIG_TLS_8B6448C5.out and proofs/PK_TLS_8B6448C5.der
Signature verification succeeds
Time breakdown (averages): anchor_ping:6.008646 file_read:0.135325 hashing:0.471076
Total time for 125 rounds is 832.900450ms
Standard deviations: anchor_ping:0.670305 file_read:0.013790 hashing:0.005153
[Client-side ops] mean:0.606401 sd:0.014682
in & out anchor rand written to proofs/phase1.out
      3 [TLS] Server time: 1619679601
    123 [TLS] Server time: 1619679602
Count is 3
Count is 123
success: 1
RESULT: 1 in 1 tries
