TLS anchor: holycross.ac.uk
Actual: 61, Set: 125
Beginning execution at Tue May 4 11:30:01 UTC 2021
CONF: anchor:holycross.ac.uk fs:1024MB n_rounds:125 seed:5c9f4bf9bbc15bb855f82faedc5a52fc3ab2dfa8ec3ba3ce1b270f31fa0cced2 filename:FILE bs:1024 nops:100 benchmarking:0 anchor_ping:1 queue_depth:32 direct:0
[TLS] Connecting to holycross.ac.uk
[TLS] Server time: 1620127801
[TLS] client_random  (32): 5C9F4BF9BBC15BB855F82FAEDC5A52FC3AB2DFA8EC3BA3CE1B270F31FA0CCED2
[TLS] sign_hash (32): 9305283E6EA0DFDC57F6E94BD2926007C7834B36C45B1E73289475B7543A57FF
[TLS] Written transcript to proofs/MSG_TLS_5C9F4BF9.out, proofs/SIG_TLS_5C9F4BF9.out and proofs/PK_TLS_5C9F4BF9.der
Signature verification succeeds
[TLS] Server time: 1620127801
[TLS] client_random  (32): 611FBEBD79C5D82DC6B5908594CBB8EA01DC60A30B6ABC1C13DA0433801DFBC3
[TLS] sign_hash (32): 29DD612A6CB810A49B6BE80AC33D6C79C092FD1306AB17EBADF27B915C19E313
[TLS] Written transcript to proofs/MSG_TLS_611FBEBD.out, proofs/SIG_TLS_611FBEBD.out and proofs/PK_TLS_611FBEBD.der
Signature verification succeeds
[TLS] Server time: 1620127801
[TLS] client_random  (32): B6F62AE2405360670797A5FB38B30A34B6A574F581138424F59A1490582C9970
[TLS] sign_hash (32): E4E044EFB96A2E7912460EC498E4C341E78C21527015AB1DE4D59A57AF05886A
[TLS] Written transcript to proofs/MSG_TLS_B6F62AE2.out, proofs/SIG_TLS_B6F62AE2.out and proofs/PK_TLS_B6F62AE2.der
Signature verification succeeds
[TLS] Server time: 1620127801
[TLS] client_random  (32): 53FE2560AB43B10EEAA912073BC89F631C9E1B7F069FBA3A96223DEBB11D86F9
[TLS] sign_hash (32): 405F62D25E601CC79CB434EDB5A9AA949069E8D3F5046393346AEEEDF303693A
[TLS] Written transcript to proofs/MSG_TLS_53FE2560.out, proofs/SIG_TLS_53FE2560.out and proofs/PK_TLS_53FE2560.der
Signature verification succeeds
[TLS] Server time: 1620127801
[TLS] client_random  (32): 7B81D312820CBF7140C16ECBFB32EDD9E8DFE71691BC2C696E451FAB78B3A1A5
[TLS] sign_hash (32): BB3F00A70BE1AD92E6F8A369E89084A7D7A3CCFE9AFC88DD4CBB0FB2ECE3DEAD
[TLS] Written transcript to proofs/MSG_TLS_7B81D312.out, proofs/SIG_TLS_7B81D312.out and proofs/PK_TLS_7B81D312.der
Signature verification succeeds
[TLS] Server time: 1620127801
[TLS] client_random  (32): 51D35F09C8FC29F9B5E50D76868748D026112F9049FF3DFB9FADFBD37A32ED5B
[TLS] sign_hash (32): 7BD5591875F5313B65FD81D677CE780BCE4B4212C2D6C5AA2727061298EB686D
[TLS] Written transcript to proofs/MSG_TLS_51D35F09.out, proofs/SIG_TLS_51D35F09.out and proofs/PK_TLS_51D35F09.der
Signature verification succeeds
[TLS] Server time: 1620127801
[TLS] client_random  (32): BE91A42441E75F041829B8B33A92B99CF519F74521A97F6D1A425C0FE2594888
[TLS] sign_hash (32): 65E8A24FA1336F430312FCD923C8A9A3A0A7BA0751A5A10F1FEDCF343A1B02C9
[TLS] Written transcript to proofs/MSG_TLS_BE91A424.out, proofs/SIG_TLS_BE91A424.out and proofs/PK_TLS_BE91A424.der
Signature verification succeeds
[TLS] Server time: 1620127801
[TLS] client_random  (32): 872E83AC4E881C442AA0AF53152D342A710119819A753A88046882133899817C
[TLS] sign_hash (32): 6A7F6374A32A656EC8791BF17A7C2E6780FE4A1980CEEA4C03CD8EFBCE5F5BDC
[TLS] Written transcript to proofs/MSG_TLS_872E83AC.out, proofs/SIG_TLS_872E83AC.out and proofs/PK_TLS_872E83AC.der
Signature verification succeeds
[TLS] Server time: 1620127801
[TLS] client_random  (32): 2329857C4C5B7DDB822880009D32F639DEAE2E8BDEEB7FB86794FEF61E1239FC
[TLS] sign_hash (32): 6246D483597655BE7E6460CA75DD15E8C932E32F0F782B060D70DF716FDA55ED
[TLS] Written transcript to proofs/MSG_TLS_2329857C.out, proofs/SIG_TLS_2329857C.out and proofs/PK_TLS_2329857C.der
Signature verification succeeds
[TLS] Server time: 1620127801
[TLS] client_random  (32): 49FB36A2B5391F8E49F1A91C82CA0483F02ECEF4E15A9FECC9F93CB87D6895CA
[TLS] sign_hash (32): BCFA943EEC0385C8542DFAC712EE160C4BEEA26A3945A5672D0428D971E2FC2F
[TLS] Written transcript to proofs/MSG_TLS_49FB36A2.out, proofs/SIG_TLS_49FB36A2.out and proofs/PK_TLS_49FB36A2.der
Signature verification succeeds
[TLS] Server time: 1620127801
[TLS] client_random  (32): 22BAEAA694DAACDD98D9CE1884296738B9BC6AB6188CB8431A4A78A06FD61054
[TLS] sign_hash (32): 26A57E4A9AED92EAFF1B43E39CD68BAD8371ECF401B9712FAB91792DD556DA2F
[TLS] Written transcript to proofs/MSG_TLS_22BAEAA6.out, proofs/SIG_TLS_22BAEAA6.out and proofs/PK_TLS_22BAEAA6.der
Signature verification succeeds
[TLS] Server time: 1620127801
[TLS] client_random  (32): 3E3F7D59B80960C0DB2F87B6F7E6219FD8C6D5E0090FAAF6DB637A4A4CFB75B6
[TLS] sign_hash (32): 4C796922876BFA598FB86C8B2A7570FA0EE1F801297268F39E26559B9AFD98C3
[TLS] Written transcript to proofs/MSG_TLS_3E3F7D59.out, proofs/SIG_TLS_3E3F7D59.out and proofs/PK_TLS_3E3F7D59.der
Signature verification succeeds
[TLS] Server time: 1620127801
[TLS] client_random  (32): FE0C2324D5DF3DAA1E970846319FF59870A78BDDBD3C607040060C276003538C
[TLS] sign_hash (32): A71593CAEF7144FDE52C920439F31D12955CC576E9F96E31989950B6354994A7
[TLS] Written transcript to proofs/MSG_TLS_FE0C2324.out, proofs/SIG_TLS_FE0C2324.out and proofs/PK_TLS_FE0C2324.der
Signature verification succeeds
[TLS] Server time: 1620127801
[TLS] client_random  (32): 9C5B4F73ABEE3D81F060B9BD8DD049328EE5A38754AAB520DFB1EAF6F9FED6A7
[TLS] sign_hash (32): 508FE7BCB80178F735F9DD24FA49613E3DB7977AABA7EF04102B7E6FB8067A0B
[TLS] Written transcript to proofs/MSG_TLS_9C5B4F73.out, proofs/SIG_TLS_9C5B4F73.out and proofs/PK_TLS_9C5B4F73.der
Signature verification succeeds
[TLS] Server time: 1620127801
[TLS] client_random  (32): F948C1BDC6E1D809E4F156D4E9D6DFDFDEAF9C3A0D6AA406FC55319140ECBD4E
[TLS] sign_hash (32): 1FEFE6C076C6466619DEF80BD2CBF22D8E4AC50525DCBCF66091B0DB145454CE
[TLS] Written transcript to proofs/MSG_TLS_F948C1BD.out, proofs/SIG_TLS_F948C1BD.out and proofs/PK_TLS_F948C1BD.der
Signature verification succeeds
[TLS] Server time: 1620127801
[TLS] client_random  (32): E28CA6A903A6F27E7A4328068E4D89066C5A31889D73483CC190620E2EDDBF73
[TLS] sign_hash (32): E954E77B204A1E295D54A21355C7BC56B06BC8D729F2DB2B0B10BE74110D6151
[TLS] Written transcript to proofs/MSG_TLS_E28CA6A9.out, proofs/SIG_TLS_E28CA6A9.out and proofs/PK_TLS_E28CA6A9.der
Signature verification succeeds
[TLS] Server time: 1620127801
[TLS] client_random  (32): 9C90FB4D6B99B442BFCDFD4114847351529C38C4656F0F7FDAD2062AC84C528D
[TLS] sign_hash (32): D95DB8433105276396D2043DD14208ED690FB7980BA70C94456A2A3F80F143D5
[TLS] Written transcript to proofs/MSG_TLS_9C90FB4D.out, proofs/SIG_TLS_9C90FB4D.out and proofs/PK_TLS_9C90FB4D.der
Signature verification succeeds
[TLS] Server time: 1620127801
[TLS] client_random  (32): 1F02CDF8594F1047C6AA62421E61A4A37DD4ACF40E47F06BBFFB6D791897FF76
[TLS] sign_hash (32): 6D78B2727D7ACFDFE86F8F28CCDA574F074DEA742BEEB702895125A5EF8CD4D1
[TLS] Written transcript to proofs/MSG_TLS_1F02CDF8.out, proofs/SIG_TLS_1F02CDF8.out and proofs/PK_TLS_1F02CDF8.der
Signature verification succeeds
[TLS] Server time: 1620127801
[TLS] client_random  (32): 23C6D4C7D9CDA17282022DA8C8FA08FDC303CA6DEE33C42980013D0DDE753C47
[TLS] sign_hash (32): 6311951DDD90B69FF9E8739264F0D7C3284757E92B36062FB8BEABD7291E2D45
[TLS] Written transcript to proofs/MSG_TLS_23C6D4C7.out, proofs/SIG_TLS_23C6D4C7.out and proofs/PK_TLS_23C6D4C7.der
Signature verification succeeds
[TLS] Server time: 1620127801
[TLS] client_random  (32): E78CA631EC97D1F09FBA3AF44599B2447FE70BA1985150048C8E09BE338C6026
[TLS] sign_hash (32): 2C7EEAD7CB3D4EB7FFFE750CB046B2C863CA6512F84CACB9C1DF7E845AB8C8F8
[TLS] Written transcript to proofs/MSG_TLS_E78CA631.out, proofs/SIG_TLS_E78CA631.out and proofs/PK_TLS_E78CA631.der
Signature verification succeeds
[TLS] Server time: 1620127801
[TLS] client_random  (32): 43A391B3C167FC051610F7642CA147C802324EFF1607DE84A3727200AD6ED10C
[TLS] sign_hash (32): D42279D9D80B7CBEB32F371D7E70D0C4B4B14326EB27D27E0A51AB080ABD9846
[TLS] Written transcript to proofs/MSG_TLS_43A391B3.out, proofs/SIG_TLS_43A391B3.out and proofs/PK_TLS_43A391B3.der
Signature verification succeeds
[TLS] Server time: 1620127801
[TLS] client_random  (32): BB09A7FA8E4C670F7EFB5034A2BB03BFCA431E177248A55C875EFE0E72555ECD
[TLS] sign_hash (32): 3465DB086C62C20CA3EE8793219D6B6D881896EB8EAA2B46FF63F802E0382FDB
[TLS] Written transcript to proofs/MSG_TLS_BB09A7FA.out, proofs/SIG_TLS_BB09A7FA.out and proofs/PK_TLS_BB09A7FA.der
Signature verification succeeds
[TLS] Server time: 1620127801
[TLS] client_random  (32): 133EAF3D65EA488F509CFB2B2EFF74847461D7D41EB6C1620247D3CD63726D32
[TLS] sign_hash (32): 1381D7B754A1E2C3E04F57155FC0F6598AA8A9DF0AC2F592C494A93E31B64DF0
[TLS] Written transcript to proofs/MSG_TLS_133EAF3D.out, proofs/SIG_TLS_133EAF3D.out and proofs/PK_TLS_133EAF3D.der
Signature verification succeeds
[TLS] Server time: 1620127801
[TLS] client_random  (32): C42CFA6A170518A09188E25485576AA8FA5B30793953D8E939E02849F5C6C8CE
[TLS] sign_hash (32): E832FC1C06D6F91580734457DACA6F55CA3E14F69F22905FD831A31CC5B2200B
[TLS] Written transcript to proofs/MSG_TLS_C42CFA6A.out, proofs/SIG_TLS_C42CFA6A.out and proofs/PK_TLS_C42CFA6A.der
Signature verification succeeds
[TLS] Server time: 1620127801
[TLS] client_random  (32): D7AB7220D10B43A018BD3D9442DFEC1E9958DB320054929E5DDB9332D80E727C
[TLS] sign_hash (32): 5A29025361CF038A9A7479A8B396F6A48F2F547498FF8A435DECCD1459C94327
[TLS] Written transcript to proofs/MSG_TLS_D7AB7220.out, proofs/SIG_TLS_D7AB7220.out and proofs/PK_TLS_D7AB7220.der
Signature verification succeeds
[TLS] Server time: 1620127801
[TLS] client_random  (32): 7A13BCE022CEA149D6042620EFDED4514EF75C79CD42BCFFF8608D5002A14F36
[TLS] sign_hash (32): E96FBE456419A538F2410E1039DE591AC73A90D5D7596658B032888FDFEB0BAC
[TLS] Written transcript to proofs/MSG_TLS_7A13BCE0.out, proofs/SIG_TLS_7A13BCE0.out and proofs/PK_TLS_7A13BCE0.der
Signature verification succeeds
[TLS] Server time: 1620127801
[TLS] client_random  (32): A78014515E4F1D4CE2B0660DB805CD8E1A9747FCC6AF3E1FF71E7E67C8227D23
[TLS] sign_hash (32): E0ACA9EA9F0CDB6419588375EFAF9068822C42B344F100D96F3E60E6A9DCA510
[TLS] Written transcript to proofs/MSG_TLS_A7801451.out, proofs/SIG_TLS_A7801451.out and proofs/PK_TLS_A7801451.der
Signature verification succeeds
[TLS] Server time: 1620127801
[TLS] client_random  (32): 3103DB23942DBB60464622E97C843DAE414F409770CE56119EDCEB9A76D1F5CB
[TLS] sign_hash (32): FA63008DB0A64643F806BFD3FB9FE4036F2FCEA7D3C4E345A05272048800E1A2
[TLS] Written transcript to proofs/MSG_TLS_3103DB23.out, proofs/SIG_TLS_3103DB23.out and proofs/PK_TLS_3103DB23.der
Signature verification succeeds
[TLS] Server time: 1620127801
[TLS] client_random  (32): B6636C5C81516E9996AE469E863394D34C41BBF9AAA6A8130213815A113B3CA4
[TLS] sign_hash (32): 7E474009D1A9A1F72409612FEFB73A966BFDFA0986B0B887D9C23C3FD516B7D1
[TLS] Written transcript to proofs/MSG_TLS_B6636C5C.out, proofs/SIG_TLS_B6636C5C.out and proofs/PK_TLS_B6636C5C.der
Signature verification succeeds
[TLS] Server time: 1620127801
[TLS] client_random  (32): D0730C9875D6B936233F34B205AAB89636848BE8AA318016DDD154DD57785CF1
[TLS] sign_hash (32): C2E624290F739353D8D67BEA4DC9CAA873CF6AC99DE55A9AC1DD84FFF954068E
[TLS] Written transcript to proofs/MSG_TLS_D0730C98.out, proofs/SIG_TLS_D0730C98.out and proofs/PK_TLS_D0730C98.der
Signature verification succeeds
[TLS] Server time: 1620127801
[TLS] client_random  (32): 1AB26DB1BD8213C15F9023F22B9E3F0DFE4627281EC1E90F7A5C8A43DB1D180B
[TLS] sign_hash (32): 8B0163AA880874DF43B73BCBF1B2F222EAA81E08CBC857D13E3AF95DBA7ACE28
[TLS] Written transcript to proofs/MSG_TLS_1AB26DB1.out, proofs/SIG_TLS_1AB26DB1.out and proofs/PK_TLS_1AB26DB1.der
Signature verification succeeds
[TLS] Server time: 1620127801
[TLS] client_random  (32): E4D6048D97CCC2C33F38CE3D340A32C65F85BD64CE1551E1D6DF5D099D0D6BAC
[TLS] sign_hash (32): 1787715D26B0AA1FBE31C0A12AE27827DD2C3128E00F1BDBDE4A9E58E7C08669
[TLS] Written transcript to proofs/MSG_TLS_E4D6048D.out, proofs/SIG_TLS_E4D6048D.out and proofs/PK_TLS_E4D6048D.der
Signature verification succeeds
[TLS] Server time: 1620127802
[TLS] client_random  (32): 3540518FCBA344C7D56FF932A1AE5EAF4BC376B71F6EB2D1486E6D8E85006EAC
[TLS] sign_hash (32): A6BB5F4C3D96FD0B02741AFA80C3BE78C913E74DDB495E3562D33ED1FD737218
[TLS] Written transcript to proofs/MSG_TLS_3540518F.out, proofs/SIG_TLS_3540518F.out and proofs/PK_TLS_3540518F.der
Signature verification succeeds
[TLS] Server time: 1620127802
[TLS] client_random  (32): 436DC13E13C4A0391EEF3BD495436BC5A4DAA77CDEBE9DAA21F73B86D3C3DE86
[TLS] sign_hash (32): A29F813D1AADCA1E0E31511BB23CDB6F1DB641230EED42AB10F550915D9C3B80
[TLS] Written transcript to proofs/MSG_TLS_436DC13E.out, proofs/SIG_TLS_436DC13E.out and proofs/PK_TLS_436DC13E.der
Signature verification succeeds
[TLS] Server time: 1620127802
[TLS] client_random  (32): A41BC89D3CF06905E3ED2F18E457EC4FFDED24CAFBD2C8E8850EC5FEEF80F99E
[TLS] sign_hash (32): 116398E7C7A2250444F4C139F0C73F3C67F1051A6A522DD32DDB5C936D08A79D
[TLS] Written transcript to proofs/MSG_TLS_A41BC89D.out, proofs/SIG_TLS_A41BC89D.out and proofs/PK_TLS_A41BC89D.der
Signature verification succeeds
[TLS] Server time: 1620127802
[TLS] client_random  (32): 4B4F90732AA35B64E216E86DEA498B2A329D385B19BC71D66200AA94C0475875
[TLS] sign_hash (32): 7BD3D4BF261A8EB2F52D830B4B19497EBA2FDAAC5A809FB601DE4F6ED25F0E5F
[TLS] Written transcript to proofs/MSG_TLS_4B4F9073.out, proofs/SIG_TLS_4B4F9073.out and proofs/PK_TLS_4B4F9073.der
Signature verification succeeds
[TLS] Server time: 1620127802
[TLS] client_random  (32): 51E8D77064D5D23E6951F7BE46A94D8DF9AD951FA5FE9BC295071D575ACB800E
[TLS] sign_hash (32): 5966B6223DD3ACD6220CD5D1D9F5A0F10E3C15F9F37A3CCB81CA835F6A221D9D
[TLS] Written transcript to proofs/MSG_TLS_51E8D770.out, proofs/SIG_TLS_51E8D770.out and proofs/PK_TLS_51E8D770.der
Signature verification succeeds
[TLS] Server time: 1620127802
[TLS] client_random  (32): 3E88DB4D577DFD733CEDC10BC2222FE1A862CDC7DED8A7C2D61C1E120BF7036B
[TLS] sign_hash (32): 098A69966394C715F79EA521A2F1E7A89B3DE7D430ECBA097061B0FE4A82BF63
[TLS] Written transcript to proofs/MSG_TLS_3E88DB4D.out, proofs/SIG_TLS_3E88DB4D.out and proofs/PK_TLS_3E88DB4D.der
Signature verification succeeds
[TLS] Server time: 1620127802
[TLS] client_random  (32): 76C94E76381E05F37DEF13264F937D46983FAF547B2E59A5FB0E2595C35BEBCC
[TLS] sign_hash (32): A1A9B478F0901E4E8814B2D185A7A0D19F5EF94C762A1E5714C52822FBD0419E
[TLS] Written transcript to proofs/MSG_TLS_76C94E76.out, proofs/SIG_TLS_76C94E76.out and proofs/PK_TLS_76C94E76.der
Signature verification succeeds
[TLS] Server time: 1620127802
[TLS] client_random  (32): 7F7D9D25CE7D8119637F702F8FD2B1378A9ED59F55A152F6397D5CF25D894087
[TLS] sign_hash (32): 685F85AEE4AD51C1C1B3C6807B4A897692C29FFBF7F035874183131103420ED4
[TLS] Written transcript to proofs/MSG_TLS_7F7D9D25.out, proofs/SIG_TLS_7F7D9D25.out and proofs/PK_TLS_7F7D9D25.der
Signature verification succeeds
[TLS] Server time: 1620127802
[TLS] client_random  (32): B3C95B8494E02A02774BB0997AB73753F1240F3297D5ADBAC176EA1602DCB848
[TLS] sign_hash (32): 6253E1B3D01988A2EB74A2A260E498C8958D5BF4296669646F249D17F4319D72
[TLS] Written transcript to proofs/MSG_TLS_B3C95B84.out, proofs/SIG_TLS_B3C95B84.out and proofs/PK_TLS_B3C95B84.der
Signature verification succeeds
[TLS] Server time: 1620127802
[TLS] client_random  (32): 4C23DA426A71837319A901B509417BC0E8C84E976CE1056558F6068BF62F1875
[TLS] sign_hash (32): 659C1C004D1C67EA87BFFE1B5D04C84141E51FFE5E15FAAF47B67ED99BC6D3E9
[TLS] Written transcript to proofs/MSG_TLS_4C23DA42.out, proofs/SIG_TLS_4C23DA42.out and proofs/PK_TLS_4C23DA42.der
Signature verification succeeds
[TLS] Server time: 1620127802
[TLS] client_random  (32): 23E00117E29648F43B32602E8222F1B7796ED87E082D1938F39E66095E4DB1A3
[TLS] sign_hash (32): AB2D14A7304A3948343D1BEEB975B655527C4F15F9764DE0835E0221B8570E06
[TLS] Written transcript to proofs/MSG_TLS_23E00117.out, proofs/SIG_TLS_23E00117.out and proofs/PK_TLS_23E00117.der
Signature verification succeeds
[TLS] Server time: 1620127802
[TLS] client_random  (32): 35BCB99C5022AE89F2E5C1486B9C6CD68320F7A4E3E0ACCD650482EA51BE5C13
[TLS] sign_hash (32): 564BCD24D6A8FE02174711CE082D9C2F170785936177009880F2DDE3F659C1FB
[TLS] Written transcript to proofs/MSG_TLS_35BCB99C.out, proofs/SIG_TLS_35BCB99C.out and proofs/PK_TLS_35BCB99C.der
Signature verification succeeds
[TLS] Server time: 1620127802
[TLS] client_random  (32): 1BE45FC3A32BEAF737E557F86845688EB1FA873CDC20D7D095D08656AD8C4642
[TLS] sign_hash (32): F4D917461AC16BD33139CDD072D0F165D3136B4F1440BBF704B0AC8B2E44EB83
[TLS] Written transcript to proofs/MSG_TLS_1BE45FC3.out, proofs/SIG_TLS_1BE45FC3.out and proofs/PK_TLS_1BE45FC3.der
Signature verification succeeds
[TLS] Server time: 1620127802
[TLS] client_random  (32): 7CDD8CC0E63B84897C8B21D48BFF1009702F1EBD24AF169B5CA56DCBCADDDAA8
[TLS] sign_hash (32): BE1D8D79407155F7BBBA2078553519332494FEFAC0182C87F170224AF174AFAF
[TLS] Written transcript to proofs/MSG_TLS_7CDD8CC0.out, proofs/SIG_TLS_7CDD8CC0.out and proofs/PK_TLS_7CDD8CC0.der
Signature verification succeeds
[TLS] Server time: 1620127802
[TLS] client_random  (32): 9952D25A2A32D4E6F063E1FE91519A9AA937443D188FB03C0EA88D6914DC3227
[TLS] sign_hash (32): 4AE484CC8817A5A576E932AD0FF87D6423B8E2BE7637993DE30F352E488CCCE8
[TLS] Written transcript to proofs/MSG_TLS_9952D25A.out, proofs/SIG_TLS_9952D25A.out and proofs/PK_TLS_9952D25A.der
Signature verification succeeds
[TLS] Server time: 1620127802
[TLS] client_random  (32): 7C1E41FAC22DC45C40D5C6477F546E75D655429210C6E3679921D1AD248E448A
[TLS] sign_hash (32): E815B78AE3363F476417AE825DBA2871F74CC01C256CF9A3B15EAC912470EA9F
[TLS] Written transcript to proofs/MSG_TLS_7C1E41FA.out, proofs/SIG_TLS_7C1E41FA.out and proofs/PK_TLS_7C1E41FA.der
Signature verification succeeds
[TLS] Server time: 1620127802
[TLS] client_random  (32): FC93FBC89F0DDDAE0EEFA41DB785CC5BE0FB70649729306DAF106067690B70F1
[TLS] sign_hash (32): E869DB4EF50E66766812614BEEA2046F6CDE6569D619F9236BA6C1177C5AD8FF
[TLS] Written transcript to proofs/MSG_TLS_FC93FBC8.out, proofs/SIG_TLS_FC93FBC8.out and proofs/PK_TLS_FC93FBC8.der
Signature verification succeeds
[TLS] Server time: 1620127802
[TLS] client_random  (32): F44268456B33079A5A2D853AF40A3E11259536B32FC62C6CAB20DEE75B444175
[TLS] sign_hash (32): 8E4E4F74BB6898CC054B389DC21EE4142363CDECB4627A7D42B9F827A90B29EC
[TLS] Written transcript to proofs/MSG_TLS_F4426845.out, proofs/SIG_TLS_F4426845.out and proofs/PK_TLS_F4426845.der
Signature verification succeeds
[TLS] Server time: 1620127802
[TLS] client_random  (32): CF3E637627C750AB3D96A2C4028722411747E2C68A0B605E2DDC65F011BA73E6
[TLS] sign_hash (32): 1CBFEEF1252823D38B53ABF7782C2892ECF23A68C83240A787F4C8B3D63201E1
[TLS] Written transcript to proofs/MSG_TLS_CF3E6376.out, proofs/SIG_TLS_CF3E6376.out and proofs/PK_TLS_CF3E6376.der
Signature verification succeeds
[TLS] Server time: 1620127802
[TLS] client_random  (32): 5713E9BF8AF4B72C134A887911486BFE6954E165B56D792E347A6B40EF048538
[TLS] sign_hash (32): D3BD1C0E0BF146BB2342363D233652EBACE68385805EF31192410C338FF12765
[TLS] Written transcript to proofs/MSG_TLS_5713E9BF.out, proofs/SIG_TLS_5713E9BF.out and proofs/PK_TLS_5713E9BF.der
Signature verification succeeds
[TLS] Server time: 1620127802
[TLS] client_random  (32): D40075D3C9F288B55D30136402C8F7424F13CA10F6AE89EE96DF9DBE3B7F513C
[TLS] sign_hash (32): A57D119F990B074599AA88B7803351ABB641EAA0F294B9EB43E9A41E516AA84E
[TLS] Written transcript to proofs/MSG_TLS_D40075D3.out, proofs/SIG_TLS_D40075D3.out and proofs/PK_TLS_D40075D3.der
Signature verification succeeds
[TLS] Server time: 1620127802
[TLS] client_random  (32): B25E2C91E286DFE56E936EA78C4D0BBEEB02F029B0D28B0C2955C3281B6F8EE6
[TLS] sign_hash (32): 6980855A7271EAB09ACB3991915F77EB89860CBA2A901A5DB40658ADA3018F28
[TLS] Written transcript to proofs/MSG_TLS_B25E2C91.out, proofs/SIG_TLS_B25E2C91.out and proofs/PK_TLS_B25E2C91.der
Signature verification succeeds
[TLS] Server time: 1620127802
[TLS] client_random  (32): 7F8F732A1DC039631D3FBE47DF32B1A79C661C64DF1CC04C73E3060099D72BDC
[TLS] sign_hash (32): 287E80725A47804DA042566F0DFBC931FA665ACBB8FEEBC9D422A59A0527EEC3
[TLS] Written transcript to proofs/MSG_TLS_7F8F732A.out, proofs/SIG_TLS_7F8F732A.out and proofs/PK_TLS_7F8F732A.der
Signature verification succeeds
[TLS] Server time: 1620127802
[TLS] client_random  (32): 1B1288C53C1018509C5BD94D3B34B3D6AD004EE3B266C007B5323BC9F0F68AAE
[TLS] sign_hash (32): 3378BABA3B51F3431D2CA792CF99B5E100288EA6BA66A235B9EE745B489C7CF8
[TLS] Written transcript to proofs/MSG_TLS_1B1288C5.out, proofs/SIG_TLS_1B1288C5.out and proofs/PK_TLS_1B1288C5.der
Signature verification succeeds
[TLS] Server time: 1620127802
[TLS] client_random  (32): 7BFDA2CA7D079557E3B9AD98BDB4C27BE636E10290ED254C010F8A487B6BD9B8
[TLS] sign_hash (32): E7BADCEAE2D486C81E2E69F68ED14CE9A30722A56D8DE8A9487D0646D0A1B532
[TLS] Written transcript to proofs/MSG_TLS_7BFDA2CA.out, proofs/SIG_TLS_7BFDA2CA.out and proofs/PK_TLS_7BFDA2CA.der
Signature verification succeeds
[TLS] Server time: 1620127802
[TLS] client_random  (32): A2F5B144903E8AA949ACBB70334E2BEA8DEB8BF575F6A4DB869036E99BEA6243
[TLS] sign_hash (32): 943BF239FFB30998992FEFD1CA26E18116D3AB7E1F918ED951EC98C3E8F40BFF
[TLS] Written transcript to proofs/MSG_TLS_A2F5B144.out, proofs/SIG_TLS_A2F5B144.out and proofs/PK_TLS_A2F5B144.der
Signature verification succeeds
[TLS] Server time: 1620127802
[TLS] client_random  (32): 66DAAC85B70A9CB19C93CD71B5C8485ED1D3F4CB8458010A58C0F8B5D448C217
[TLS] sign_hash (32): C24B3144C460E806EF46765FC72C5FA916601DB85D8D409342F08DB2813330B6
[TLS] Written transcript to proofs/MSG_TLS_66DAAC85.out, proofs/SIG_TLS_66DAAC85.out and proofs/PK_TLS_66DAAC85.der
Signature verification succeeds
[TLS] Server time: 1620127802
[TLS] client_random  (32): A78B0376F33C2194EDFA87B55F087BDACAD56EC5064F516BE18E47C51B7BE117
[TLS] sign_hash (32): 3279B0F6343F423727B701D082044EADC88425681986F00E0AFD44B5AA1FF76D
[TLS] Written transcript to proofs/MSG_TLS_A78B0376.out, proofs/SIG_TLS_A78B0376.out and proofs/PK_TLS_A78B0376.der
Signature verification succeeds
[TLS] Server time: 1620127802
[TLS] client_random  (32): D360E608330ED1CC61FE6361697F5AB7E8BB4551C73D78C7FB47164A88A9E102
[TLS] sign_hash (32): DADB4707AC7E4FEEA48655F73B9C0CEBED72F7258E2C4E4D17623D69D16BF47B
[TLS] Written transcript to proofs/MSG_TLS_D360E608.out, proofs/SIG_TLS_D360E608.out and proofs/PK_TLS_D360E608.der
Signature verification succeeds
[TLS] Server time: 1620127802
[TLS] client_random  (32): 2535A4D7DA251E24DE2F1A0C71140322FDE248628908881EBD4041835CE57E67
[TLS] sign_hash (32): 50654A0E0287B494704E95A442BE654078782000C43474096AC6F797091936AF
[TLS] Written transcript to proofs/MSG_TLS_2535A4D7.out, proofs/SIG_TLS_2535A4D7.out and proofs/PK_TLS_2535A4D7.der
Signature verification succeeds
[TLS] Server time: 1620127802
[TLS] client_random  (32): 794386AB420CC67B595D9C1E5A513F7B783ACDEF7B5AE71413D47C63475D8C08
[TLS] sign_hash (32): F71722546E1D8DBD485363FCDC9456968DB93C9A635F80A4E4DF4EB39C506AD3
[TLS] Written transcript to proofs/MSG_TLS_794386AB.out, proofs/SIG_TLS_794386AB.out and proofs/PK_TLS_794386AB.der
Signature verification succeeds
[TLS] Server time: 1620127802
[TLS] client_random  (32): B782BC4B8FB14DDF88CC89C81FE21B4FE891FC46DCED045178901261C8E4A906
[TLS] sign_hash (32): 7EC9EE2479B614DE0E327CE34BF2987DE8BD5972DE3A0A6D47A8128473541753
[TLS] Written transcript to proofs/MSG_TLS_B782BC4B.out, proofs/SIG_TLS_B782BC4B.out and proofs/PK_TLS_B782BC4B.der
Signature verification succeeds
[TLS] Server time: 1620127802
[TLS] client_random  (32): 710D99DABEE255196CA98377E2AE50502AA23AB313BE7B2E87241BAAB8BA5A5E
[TLS] sign_hash (32): 7A95EE31C6A95DD7516E4D3D595546670553EB10887B89675568C87D7FDFD84E
[TLS] Written transcript to proofs/MSG_TLS_710D99DA.out, proofs/SIG_TLS_710D99DA.out and proofs/PK_TLS_710D99DA.der
Signature verification succeeds
[TLS] Server time: 1620127802
[TLS] client_random  (32): 1A18A9AC745CE20EBE62A2A6A7AE9D5A7C9712D361DA96309E48F366EF8F1DBA
[TLS] sign_hash (32): D8751DF83956EC41B04F606E04EB8C25715A0D0276A82B60F327D70164C1197B
[TLS] Written transcript to proofs/MSG_TLS_1A18A9AC.out, proofs/SIG_TLS_1A18A9AC.out and proofs/PK_TLS_1A18A9AC.der
Signature verification succeeds
[TLS] Server time: 1620127802
[TLS] client_random  (32): 9625D912DCD965462D30FDCAA5121FA12895F6153CFB4835C939A90B10914CC7
[TLS] sign_hash (32): E87F9A1107328819E601FD218D703AAE78D67A740D3126318CAA5F837D7E15D5
[TLS] Written transcript to proofs/MSG_TLS_9625D912.out, proofs/SIG_TLS_9625D912.out and proofs/PK_TLS_9625D912.der
Signature verification succeeds
[TLS] Server time: 1620127802
[TLS] client_random  (32): 87E2548413E4A33FFCB088A3F01FD3D948B2519708317969D824BB893A9F6CBC
[TLS] sign_hash (32): 05E85C672D50889E20C881E3A978C5FA45019D5C4EE709177DA35077D67C9F69
[TLS] Written transcript to proofs/MSG_TLS_87E25484.out, proofs/SIG_TLS_87E25484.out and proofs/PK_TLS_87E25484.der
Signature verification succeeds
[TLS] Server time: 1620127802
[TLS] client_random  (32): 32C6BF103DE594C7FD01A8CADB84EF8AD22CA948FEE8EE6C67B4EECF1F62EFFB
[TLS] sign_hash (32): 8BAA0E3939689A826E2E0933DC6122EDC6DA4AA065C8A2A413265ABEDD9F94BC
[TLS] Written transcript to proofs/MSG_TLS_32C6BF10.out, proofs/SIG_TLS_32C6BF10.out and proofs/PK_TLS_32C6BF10.der
Signature verification succeeds
[TLS] Server time: 1620127802
[TLS] client_random  (32): E77C17D54397063413123E07F6B75E87C512AFE88EF27B24483C39796A7EA922
[TLS] sign_hash (32): CFE4BD85C00BA5E83DCA6F67E155B6A9AA8D4BE81764ECED6E43BB0A819EA04D
[TLS] Written transcript to proofs/MSG_TLS_E77C17D5.out, proofs/SIG_TLS_E77C17D5.out and proofs/PK_TLS_E77C17D5.der
Signature verification succeeds
[TLS] Server time: 1620127802
[TLS] client_random  (32): 2794A732B8B360E69C95E0E1811F50E8C35BA2012C5D9D701569D0D6D858B942
[TLS] sign_hash (32): 92C126D491F1425B988726DD5774983CCF58CA40A62CC3B90336EAF84C11164E
[TLS] Written transcript to proofs/MSG_TLS_2794A732.out, proofs/SIG_TLS_2794A732.out and proofs/PK_TLS_2794A732.der
Signature verification succeeds
[TLS] Server time: 1620127802
[TLS] client_random  (32): F29962058B639CBDC1109483F1143928890FE4ABE1F10161097C5701E5EDEE93
[TLS] sign_hash (32): ADAAD93F6214E31836FA638CEEE5EF487CD626B638FA2C4061FC1E85228AF525
[TLS] Written transcript to proofs/MSG_TLS_F2996205.out, proofs/SIG_TLS_F2996205.out and proofs/PK_TLS_F2996205.der
Signature verification succeeds
[TLS] Server time: 1620127802
[TLS] client_random  (32): ECBD086508782485B5A9A5A8BFFB058913C9529B058C237882EC0AB1063D5E4C
[TLS] sign_hash (32): 90F85068483CA347DA279E0C80C15292200716C0C02D2759C9D2B3B7A6569ACC
[TLS] Written transcript to proofs/MSG_TLS_ECBD0865.out, proofs/SIG_TLS_ECBD0865.out and proofs/PK_TLS_ECBD0865.der
Signature verification succeeds
[TLS] Server time: 1620127802
[TLS] client_random  (32): 257952CE06F8552016A4CB8393336D36527FEB42260554AF87AE93EC70A77988
[TLS] sign_hash (32): 51C2E00A7AFFB00ADAE34642B3F20E066AE8F0A93D9D4ED9A4EA1849218ADB80
[TLS] Written transcript to proofs/MSG_TLS_257952CE.out, proofs/SIG_TLS_257952CE.out and proofs/PK_TLS_257952CE.der
Signature verification succeeds
[TLS] Server time: 1620127802
[TLS] client_random  (32): 87C2ECEFF0E1E410D2B1975B4914EAF53E936637D54ECA7021B8E2A38E2B2162
[TLS] sign_hash (32): AE503EA12AA24BDBF9302CA88CB8943D16A76C980AF418BF29DDE8A4063E265D
[TLS] Written transcript to proofs/MSG_TLS_87C2ECEF.out, proofs/SIG_TLS_87C2ECEF.out and proofs/PK_TLS_87C2ECEF.der
Signature verification succeeds
[TLS] Server time: 1620127802
[TLS] client_random  (32): 426E9F3E186ACBBF6BE85DB2F284AEEC08594713A66CAC6ADFBA15170F631BB1
[TLS] sign_hash (32): 1E651223F08E18F7127D55742DA168828622910EE0F750C30FA6F7B8DDF8E170
[TLS] Written transcript to proofs/MSG_TLS_426E9F3E.out, proofs/SIG_TLS_426E9F3E.out and proofs/PK_TLS_426E9F3E.der
Signature verification succeeds
[TLS] Server time: 1620127802
[TLS] client_random  (32): D9AAEC4F5D99EADA8BC363A02B857859AEBAE8783BD93D58ED612F3EEA78C4C1
[TLS] sign_hash (32): 5A0BC5493241A45606B5A2DA33ACBDD2B270388451269896C71061968FE5EBE9
[TLS] Written transcript to proofs/MSG_TLS_D9AAEC4F.out, proofs/SIG_TLS_D9AAEC4F.out and proofs/PK_TLS_D9AAEC4F.der
Signature verification succeeds
[TLS] Server time: 1620127802
[TLS] client_random  (32): 1C997230899092C99F1A27108FE82A1AA759351275D6FAA02DFAF37ED732F666
[TLS] sign_hash (32): 5B0C870E2161E54087D07155DCFDAF50341D0A500E4C1792B6F01F99A9232046
[TLS] Written transcript to proofs/MSG_TLS_1C997230.out, proofs/SIG_TLS_1C997230.out and proofs/PK_TLS_1C997230.der
Signature verification succeeds
[TLS] Server time: 1620127802
[TLS] client_random  (32): 3A72563F4A53C57AA3C02D8C65670CA822C941615EDB209DC8AB0C419AB25110
[TLS] sign_hash (32): 479B782CAC7E6E855449DE04D13C5B0C0D9230CC1FBE5E9E4062E63C2023AE70
[TLS] Written transcript to proofs/MSG_TLS_3A72563F.out, proofs/SIG_TLS_3A72563F.out and proofs/PK_TLS_3A72563F.der
Signature verification succeeds
[TLS] Server time: 1620127802
[TLS] client_random  (32): 5E4126214AB1B9453B6FA20A694301BBD4B8B837F0FA29CCEB8DD10AB2628BC1
[TLS] sign_hash (32): 14272C3D3FA976C1B9B833B112958BF04CBE8864196496D0B9595EFED81C2F1D
[TLS] Written transcript to proofs/MSG_TLS_5E412621.out, proofs/SIG_TLS_5E412621.out and proofs/PK_TLS_5E412621.der
Signature verification succeeds
[TLS] Server time: 1620127802
[TLS] client_random  (32): 658F7C44D72FF01ADFEEEAE8FFF514F438BD3105D467C3F79ED5C595523DCEFB
[TLS] sign_hash (32): D8AEEC788732DEA147B2A7899D34990A8904D3E275F89367E1EDF1B5D81509D1
[TLS] Written transcript to proofs/MSG_TLS_658F7C44.out, proofs/SIG_TLS_658F7C44.out and proofs/PK_TLS_658F7C44.der
Signature verification succeeds
[TLS] Server time: 1620127802
[TLS] client_random  (32): 1B797545D3248484BC3D85537B90FC78C157268479A5BA84579DD2E33FBEFB7F
[TLS] sign_hash (32): 22B62EB9C43A6CFE9FA735BCB37BC8AFD7D6DC694DE8D2C3C802C0AEF21BDCEF
[TLS] Written transcript to proofs/MSG_TLS_1B797545.out, proofs/SIG_TLS_1B797545.out and proofs/PK_TLS_1B797545.der
Signature verification succeeds
[TLS] Server time: 1620127802
[TLS] client_random  (32): F337B9207A6405AB490D8EB28E71FBB05C148F1766A2848561420CCD1153EADD
[TLS] sign_hash (32): BB8724E29D4AA28D8AA4DF766A777764E7DE6BE96C1C5948CAE0EE60B7984ABA
[TLS] Written transcript to proofs/MSG_TLS_F337B920.out, proofs/SIG_TLS_F337B920.out and proofs/PK_TLS_F337B920.der
Signature verification succeeds
[TLS] Server time: 1620127802
[TLS] client_random  (32): 6942F7781D3183F70AF67C385E8938D08D908C74C9417F698F12CB898F924A7C
[TLS] sign_hash (32): 859F4EC99BCCFC542631408D4DC265459372A753B6BB6287E2F9E7AEAD67E9AA
[TLS] Written transcript to proofs/MSG_TLS_6942F778.out, proofs/SIG_TLS_6942F778.out and proofs/PK_TLS_6942F778.der
Signature verification succeeds
[TLS] Server time: 1620127802
[TLS] client_random  (32): FBCE402A90FB944E35FFE6211C5E5973E5ADBDFD836C50CD3C078EB5DFEAB908
[TLS] sign_hash (32): B484C86B9CC25E8F5BC5EB2D0FAAB4B60CB88DC6AAAE646F1453855DB0F5091C
[TLS] Written transcript to proofs/MSG_TLS_FBCE402A.out, proofs/SIG_TLS_FBCE402A.out and proofs/PK_TLS_FBCE402A.der
Signature verification succeeds
[TLS] Server time: 1620127802
[TLS] client_random  (32): AF8CA4F1C87BB1A9DF7C2B98BD04DC4E6389C923F00B439DED681087E978C474
[TLS] sign_hash (32): 72D0A479C6582FF0ADEF2069F279D978C46C7A36FD7EAF5D7EA9CB4878564606
[TLS] Written transcript to proofs/MSG_TLS_AF8CA4F1.out, proofs/SIG_TLS_AF8CA4F1.out and proofs/PK_TLS_AF8CA4F1.der
Signature verification succeeds
[TLS] Server time: 1620127802
[TLS] client_random  (32): 3DAEE4542A6DC9DEBE8A14BE9CD94E451D0E72022064F57A9160F8381EA58E99
[TLS] sign_hash (32): 76104032E186F1B38E851C0779C2ABD158DDFF412A4A1A58134ACDACF737C86F
[TLS] Written transcript to proofs/MSG_TLS_3DAEE454.out, proofs/SIG_TLS_3DAEE454.out and proofs/PK_TLS_3DAEE454.der
Signature verification succeeds
[TLS] Server time: 1620127802
[TLS] client_random  (32): FC08D8AA650FF000EF06E523A9B51E8B6C9AE69B032C6554C40E02A21209C496
[TLS] sign_hash (32): 0FFD97DBCBE002F752901B490A4F28D150ED44B40BEAEF3B0DCBEF27BE2F6946
[TLS] Written transcript to proofs/MSG_TLS_FC08D8AA.out, proofs/SIG_TLS_FC08D8AA.out and proofs/PK_TLS_FC08D8AA.der
Signature verification succeeds
[TLS] Server time: 1620127802
[TLS] client_random  (32): CE685A54AD2E589E2797F3D7ECB0D10645747B701FDF8F471DCE97176650B95F
[TLS] sign_hash (32): 70A75721368FB7CB5E0AC0EA5FA8E946B0D50F6C954871310DF12C330F6C1D7C
[TLS] Written transcript to proofs/MSG_TLS_CE685A54.out, proofs/SIG_TLS_CE685A54.out and proofs/PK_TLS_CE685A54.der
Signature verification succeeds
[TLS] Server time: 1620127802
[TLS] client_random  (32): 3E2CD26FF65459D29E27649E64E0D1D1630E76DA1DD3DF9CBADAE9D13CCF8607
[TLS] sign_hash (32): C5AFBA38B1198129417097E6DD348C59BFF81D0D3EA078DE8A8E964F6BB9F062
[TLS] Written transcript to proofs/MSG_TLS_3E2CD26F.out, proofs/SIG_TLS_3E2CD26F.out and proofs/PK_TLS_3E2CD26F.der
Signature verification succeeds
[TLS] Server time: 1620127802
[TLS] client_random  (32): CDB8B704D771BB8D20BDC47F19950DF7BC21E97A1C7AD033F9282099DDB2A2CC
[TLS] sign_hash (32): 4C8F01AB1C2ADD06AC64BF7BE54060127B0C9884BD7F8ACB1D00E6FA79659B44
[TLS] Written transcript to proofs/MSG_TLS_CDB8B704.out, proofs/SIG_TLS_CDB8B704.out and proofs/PK_TLS_CDB8B704.der
Signature verification succeeds
[TLS] Server time: 1620127802
[TLS] client_random  (32): E34707DCE3A4F3F2B7D642A6E3176AD3EE449945017FFB708695C2389EE12056
[TLS] sign_hash (32): 0BAA30DB9EE01C39A5E683D1C0161D5C6995F300C7285E869F910B0ADC55CB5C
[TLS] Written transcript to proofs/MSG_TLS_E34707DC.out, proofs/SIG_TLS_E34707DC.out and proofs/PK_TLS_E34707DC.der
Signature verification succeeds
[TLS] Server time: 1620127802
[TLS] client_random  (32): D54E655564CFD2622B34E5E402F8BA57EDB502181F4AEF0A1D8CF02B5CBBA6BC
[TLS] sign_hash (32): 39A14D92E458846208CAA2ACA3DC4E9BA921AB5325E3D031DC279DDF64CF98DF
[TLS] Written transcript to proofs/MSG_TLS_D54E6555.out, proofs/SIG_TLS_D54E6555.out and proofs/PK_TLS_D54E6555.der
Signature verification succeeds
[TLS] Server time: 1620127802
[TLS] client_random  (32): F04A67A2C2EC42FA413A12C3E1B54E8A1F895343955AC255042763C7FA3F102F
[TLS] sign_hash (32): 14A2EF41C913DAA8345F377F105D5670BA388A2D737BAD0092960592EA871645
[TLS] Written transcript to proofs/MSG_TLS_F04A67A2.out, proofs/SIG_TLS_F04A67A2.out and proofs/PK_TLS_F04A67A2.der
Signature verification succeeds
[TLS] Server time: 1620127802
[TLS] client_random  (32): 1B8F7C6365CAA9BB3AC804D90BDAC3CAF90D84A61A19A8CDD60C3D9A8BB2C4C2
[TLS] sign_hash (32): 9A66265BD1C7645B169D4B9E12B167238118855C103E18DED17A96FAF1CB82E1
[TLS] Written transcript to proofs/MSG_TLS_1B8F7C63.out, proofs/SIG_TLS_1B8F7C63.out and proofs/PK_TLS_1B8F7C63.der
Signature verification succeeds
[TLS] Server time: 1620127802
[TLS] client_random  (32): A0A96669957468D1DC461374A20BB450B735D951954EC32EC06608BDF2BB8330
[TLS] sign_hash (32): 8F7353F27E30DCA46F925D2C2CD22D5579694FF20FA46F4051E3C8C434205ED6
[TLS] Written transcript to proofs/MSG_TLS_A0A96669.out, proofs/SIG_TLS_A0A96669.out and proofs/PK_TLS_A0A96669.der
Signature verification succeeds
[TLS] Server time: 1620127802
[TLS] client_random  (32): BA571692366197FF4106CC53B508EF85AEB258C9723A285D14C1AB4DB146664C
[TLS] sign_hash (32): E2B39E5488DCEB216A91E671D50E9DA1D8D4AF87D279FA064805A9E4C282A908
[TLS] Written transcript to proofs/MSG_TLS_BA571692.out, proofs/SIG_TLS_BA571692.out and proofs/PK_TLS_BA571692.der
Signature verification succeeds
[TLS] Server time: 1620127802
[TLS] client_random  (32): 259EF7FB68B7E6D26D80B276C089CFC38B62BAE81837B266CA4DE6DDF5D2345C
[TLS] sign_hash (32): B0F29096339B5CF1B8F37B822CBB58D266A5D6C40D403B940114D25853F36114
[TLS] Written transcript to proofs/MSG_TLS_259EF7FB.out, proofs/SIG_TLS_259EF7FB.out and proofs/PK_TLS_259EF7FB.der
Signature verification succeeds
[TLS] Server time: 1620127802
[TLS] client_random  (32): 23D2AE2AAB5883907F9868DF168840A9F084B001D9A81BC8DF5B2F99734F6EB9
[TLS] sign_hash (32): 90D3903B22D1CDAAD5680E76C9FEF4FAA1F58804BB9B02344534FC31F5017966
[TLS] Written transcript to proofs/MSG_TLS_23D2AE2A.out, proofs/SIG_TLS_23D2AE2A.out and proofs/PK_TLS_23D2AE2A.der
Signature verification succeeds
[TLS] Server time: 1620127802
[TLS] client_random  (32): 625B63D91A474942D75C54D2695F34AD913141DE84F8A30D80042A902CB78A53
[TLS] sign_hash (32): 0297D144C45F11FE5BBFFF9EB6DCD3580D62010507D1FDD4B99379695A70ACAA
[TLS] Written transcript to proofs/MSG_TLS_625B63D9.out, proofs/SIG_TLS_625B63D9.out and proofs/PK_TLS_625B63D9.der
Signature verification succeeds
[TLS] Server time: 1620127802
[TLS] client_random  (32): 3D0272BADB36098CF2B65D4E9275709736E6CE618B23A55D161EBFA2FCF4997B
[TLS] sign_hash (32): 0CFB4B63F70991663782B0280CEC5C5DF4D2145E1D80E5DBC01218EFBFE9DA0C
[TLS] Written transcript to proofs/MSG_TLS_3D0272BA.out, proofs/SIG_TLS_3D0272BA.out and proofs/PK_TLS_3D0272BA.der
Signature verification succeeds
[TLS] Server time: 1620127802
[TLS] client_random  (32): 3BB2009A3190550EB2C6280A742AD5F98859D1540FD0206E102EC5D2FEA27E6C
[TLS] sign_hash (32): 3B8EBCB2C75EC734256763F6512B30A4D675EFA4E83F928F60739B100CBE14C2
[TLS] Written transcript to proofs/MSG_TLS_3BB2009A.out, proofs/SIG_TLS_3BB2009A.out and proofs/PK_TLS_3BB2009A.der
Signature verification succeeds
[TLS] Server time: 1620127802
[TLS] client_random  (32): 56248C2BCB5A2785461378120B8408BD00BAE84E1F7964FD09C02146FA957405
[TLS] sign_hash (32): 859BA05DA8E79B97FC7199ACB515899DE27F233507A2C8C275C9CCAA2068FCAE
[TLS] Written transcript to proofs/MSG_TLS_56248C2B.out, proofs/SIG_TLS_56248C2B.out and proofs/PK_TLS_56248C2B.der
Signature verification succeeds
[TLS] Server time: 1620127802
[TLS] client_random  (32): 899F1AA6623C70BB3805740685EF5969CB078F3127EE743280878A6750CD468B
[TLS] sign_hash (32): 92BF0F6D895560CAF3E951975E6A302351DF0A86E94DF94B0AF9F272DFFE043E
[TLS] Written transcript to proofs/MSG_TLS_899F1AA6.out, proofs/SIG_TLS_899F1AA6.out and proofs/PK_TLS_899F1AA6.der
Signature verification succeeds
[TLS] Server time: 1620127802
[TLS] client_random  (32): 6C58703F549566B362E73C2CE824CDDCAF98B0CBBA0046AE6AD6343FFBC005F7
[TLS] sign_hash (32): C388294F9112DE7B9C519580D794EFA303BE1C5CE809E5A05B0D24821762FFE4
[TLS] Written transcript to proofs/MSG_TLS_6C58703F.out, proofs/SIG_TLS_6C58703F.out and proofs/PK_TLS_6C58703F.der
Signature verification succeeds
[TLS] Server time: 1620127802
[TLS] client_random  (32): E37042EC3147A46B5109A664DB3CF4758D578CA42A6ADE35ED4363291E6E402B
[TLS] sign_hash (32): 577B05F454EEDCBDE4AEB86EB6CB584C4500603CC133202F99618E74378DF34E
[TLS] Written transcript to proofs/MSG_TLS_E37042EC.out, proofs/SIG_TLS_E37042EC.out and proofs/PK_TLS_E37042EC.der
Signature verification succeeds
[TLS] Server time: 1620127802
[TLS] client_random  (32): 9440E61BCB008AA6E3EBDF75ED81A77C5608DD57968E33EDD753DEB7BE161CF7
[TLS] sign_hash (32): CFD197AE61C751B28246BA8ED0A429D887853F44422D8CE6675D9307584B29FF
[TLS] Written transcript to proofs/MSG_TLS_9440E61B.out, proofs/SIG_TLS_9440E61B.out and proofs/PK_TLS_9440E61B.der
Signature verification succeeds
[TLS] Server time: 1620127802
[TLS] client_random  (32): 1BDD1EA7495A7E6F235E1E7905851D37AA8F7BA43D7287763FAB0BB5E6008B2D
[TLS] sign_hash (32): 739D8020427C2ABE4A86E75829E1A19E1C35747CD536E4CBAF1285B2590019CF
[TLS] Written transcript to proofs/MSG_TLS_1BDD1EA7.out, proofs/SIG_TLS_1BDD1EA7.out and proofs/PK_TLS_1BDD1EA7.der
Signature verification succeeds
[TLS] Server time: 1620127802
[TLS] client_random  (32): D54ECA9EAE7F38330D4908D58C81B68453DFF169D4D641031F3B9ECF254AABFC
[TLS] sign_hash (32): 0BCDBCD3E6D436B22D3E91E4CECF6D8A9F5002B467D73138BE37ED2C046DB5E6
[TLS] Written transcript to proofs/MSG_TLS_D54ECA9E.out, proofs/SIG_TLS_D54ECA9E.out and proofs/PK_TLS_D54ECA9E.der
Signature verification succeeds
[TLS] Server time: 1620127802
[TLS] client_random  (32): E5769746E41970C974D13D3AB18124262E92AD64AEB6E195FDD3CC084F1F819F
[TLS] sign_hash (32): A61595CD1509C9AC164D20446278A636F1AC6823A2A1635167054FB51DA64CB9
[TLS] Written transcript to proofs/MSG_TLS_E5769746.out, proofs/SIG_TLS_E5769746.out and proofs/PK_TLS_E5769746.der
Signature verification succeeds
[TLS] Server time: 1620127802
[TLS] client_random  (32): 2429D7C7AE5668F48C76446B8EE7F184476E7DE510737350E10344FB879A7AAD
[TLS] sign_hash (32): 86500ABAECF8A3C91B95D064DADFB99CBB928A56169DC2976008723E0441BE3C
[TLS] Written transcript to proofs/MSG_TLS_2429D7C7.out, proofs/SIG_TLS_2429D7C7.out and proofs/PK_TLS_2429D7C7.der
Signature verification succeeds
[TLS] Server time: 1620127802
[TLS] client_random  (32): D687CD5C40057A537C3C9193EFE93B161321CFB1D99089DA93B17CC18DDAEC51
[TLS] sign_hash (32): 07697DF66C333CAB80A55415B7A9A48B78A3B05E54F8831CFF6D81BF3BAEDBF1
[TLS] Written transcript to proofs/MSG_TLS_D687CD5C.out, proofs/SIG_TLS_D687CD5C.out and proofs/PK_TLS_D687CD5C.der
Signature verification succeeds
[TLS] Server time: 1620127802
[TLS] client_random  (32): 1BEE34513925CFF17162343AC53CFCE6EE3120BDA4AA61E93348290933EC7189
[TLS] sign_hash (32): A26E7F4EE267D1E1FC818F948122B9A0A1E10539596F11B73AAC0A67826FC8EE
[TLS] Written transcript to proofs/MSG_TLS_1BEE3451.out, proofs/SIG_TLS_1BEE3451.out and proofs/PK_TLS_1BEE3451.der
Signature verification succeeds
[TLS] Server time: 1620127802
[TLS] client_random  (32): BC495904AEF5F72D29BA2132F975F6D3581A20EE905C3F0BF274D32B28A407E9
[TLS] sign_hash (32): 1AEF70D348881698B61F9841D78B7404276D0DD83690EABFD42E720146DEED96
[TLS] Written transcript to proofs/MSG_TLS_BC495904.out, proofs/SIG_TLS_BC495904.out and proofs/PK_TLS_BC495904.der
Signature verification succeeds
[TLS] Server time: 1620127802
[TLS] client_random  (32): 47EF901857D8A728C8CB1E215F2685D52C436A26C854AB4488E6A7DA82D93A17
[TLS] sign_hash (32): 895F42D70F42DB40848E1DEBD2C8CADB4AD39D9D843E825E88BE031AF6DDDF02
[TLS] Written transcript to proofs/MSG_TLS_47EF9018.out, proofs/SIG_TLS_47EF9018.out and proofs/PK_TLS_47EF9018.der
Signature verification succeeds
[TLS] Server time: 1620127802
[TLS] client_random  (32): 43B2A27475C51001C3DFE5587966BEC62CBAFBDBA8C7E251BB7713C102EED809
[TLS] sign_hash (32): B898CF1227A73FCBEC639EE4A6A583C4D6E87349C27A0D5B61A2F998DBBCB0D7
[TLS] Written transcript to proofs/MSG_TLS_43B2A274.out, proofs/SIG_TLS_43B2A274.out and proofs/PK_TLS_43B2A274.der
Signature verification succeeds
[TLS] Server time: 1620127802
[TLS] client_random  (32): E3A53E8A8AB22C662A60A51039761B90B815BE7E8A10CD239D46675158366ACA
[TLS] sign_hash (32): BFF703494C3C5D284DB78BD3C51E42E07BA8A172BA3D3F910EA591EA601FCC72
[TLS] Written transcript to proofs/MSG_TLS_E3A53E8A.out, proofs/SIG_TLS_E3A53E8A.out and proofs/PK_TLS_E3A53E8A.der
Signature verification succeeds
[TLS] Server time: 1620127802
[TLS] client_random  (32): 395DCEC77EE879C4AB2A5A78BE3E95D85906DB3737A4448264805183858A06B7
[TLS] sign_hash (32): 06188C4CA54AF62A1E7FE9FA212D5B5BADC823254804B691A451E24AF052042E
[TLS] Written transcript to proofs/MSG_TLS_395DCEC7.out, proofs/SIG_TLS_395DCEC7.out and proofs/PK_TLS_395DCEC7.der
Signature verification succeeds
[TLS] Server time: 1620127802
[TLS] client_random  (32): F207B3D36CD74A4AC75119597240E07C82A56C6FC88215FDFE906F429AD7A3CE
[TLS] sign_hash (32): 76BF04ABF8ED2F8C0728CE0A67FC794B3178381DBE3613145ED496324F4C3022
[TLS] Written transcript to proofs/MSG_TLS_F207B3D3.out, proofs/SIG_TLS_F207B3D3.out and proofs/PK_TLS_F207B3D3.der
Signature verification succeeds
[TLS] Server time: 1620127802
[TLS] client_random  (32): 1C2F06872DDEFAF85BFCBE8AFE45151092C277295D6DEAF6FCEBB0A5D12E2597
[TLS] sign_hash (32): 7F6E1DC9E2F6DEA8B32644FE4C670D7F18C2F8CA923DFB029A3596F571E5E495
[TLS] Written transcript to proofs/MSG_TLS_1C2F0687.out, proofs/SIG_TLS_1C2F0687.out and proofs/PK_TLS_1C2F0687.der
Signature verification succeeds
[TLS] Server time: 1620127802
[TLS] client_random  (32): 7C9CBFFC236FD6219F27C7B9E31AA0D4BDC6DD2D1D6C27D8E0C717619E067B5A
[TLS] sign_hash (32): 3060AD1DDC9DAA040541ED7DD8EF5B78E43442332119DB4A97D958BDC127ABF2
[TLS] Written transcript to proofs/MSG_TLS_7C9CBFFC.out, proofs/SIG_TLS_7C9CBFFC.out and proofs/PK_TLS_7C9CBFFC.der
Signature verification succeeds
[TLS] Server time: 1620127802
[TLS] client_random  (32): BDB561599AF87F7AC84396D6381C4CA89986EC5039235C21F0FF77A4F7440084
[TLS] sign_hash (32): FDEC338FB6D839E9A7BEA2729BB82EEDBF09E67961165A823F8BD3940FA950D6
[TLS] Written transcript to proofs/MSG_TLS_BDB56159.out, proofs/SIG_TLS_BDB56159.out and proofs/PK_TLS_BDB56159.der
Signature verification succeeds
[TLS] Server time: 1620127802
[TLS] client_random  (32): 2EEB7EEDDA6F4BB88D7F44F3337DEDF58C9F4D43973B15F1A94FDE8B2ED3AE6F
[TLS] sign_hash (32): C0958EC3F2E90DD55E5E791F339D6485C11329003186EDDBD49C9F83F40FD67B
[TLS] Written transcript to proofs/MSG_TLS_2EEB7EED.out, proofs/SIG_TLS_2EEB7EED.out and proofs/PK_TLS_2EEB7EED.der
Signature verification succeeds
[TLS] Server time: 1620127802
[TLS] client_random  (32): B7AA1E33605F259F20237C537C05AD8AE4DEFA8DA1438D0F194571D73BC71C36
[TLS] sign_hash (32): CE8468D1BF1F219C68069453C476614DC9A94364EF7B07FCE40AC240A457810E
[TLS] Written transcript to proofs/MSG_TLS_B7AA1E33.out, proofs/SIG_TLS_B7AA1E33.out and proofs/PK_TLS_B7AA1E33.der
Signature verification succeeds
[TLS] Server time: 1620127802
[TLS] client_random  (32): D06653CD92DFB03452364EF18EFB85EF7A19F95AEA8E86B1AFE9502FD41919C1
[TLS] sign_hash (32): 19F0D1BBDCDC76DF47F915DC98EA3DDD775A7B11055471B397F837A5D6BF0B18
[TLS] Written transcript to proofs/MSG_TLS_D06653CD.out, proofs/SIG_TLS_D06653CD.out and proofs/PK_TLS_D06653CD.der
Signature verification succeeds
[TLS] Server time: 1620127802
[TLS] client_random  (32): 94EA3B9DD880AAEE16496E70FF7ABDB97786256A93D3A18CFB1E28A4A4F59626
[TLS] sign_hash (32): FD81652AD3C945BFB3836736AC1E6394246FE7B5F092EA4B3377A8AB4F011C5D
[TLS] Written transcript to proofs/MSG_TLS_94EA3B9D.out, proofs/SIG_TLS_94EA3B9D.out and proofs/PK_TLS_94EA3B9D.der
Signature verification succeeds
Time breakdown (averages): anchor_ping:5.963127 file_read:0.138585 hashing:0.470759
Total time for 125 rounds is 827.533351ms
Standard deviations: anchor_ping:0.762705 file_read:0.012788 hashing:0.004660
[Client-side ops] mean:0.609344 sd:0.014127
in & out anchor rand written to proofs/phase1.out
     32 [TLS] Server time: 1620127801
     94 [TLS] Server time: 1620127802
Count is 32
Count is 94
success: 1
RESULT: 1 in 1 tries
