TLS anchor: holycross.ac.uk
Actual: 61, Set: 125
Beginning execution at Wed Apr 28 04:00:01 UTC 2021
CONF: anchor:holycross.ac.uk fs:1024MB n_rounds:125 seed:5c9f4bf9bbc15bb855f82faedc5a52fc3ab2dfa8ec3ba3ce1b270f31fa0cced2 filename:FILE bs:1024 nops:100 benchmarking:0 anchor_ping:1 queue_depth:32 direct:0
[TLS] Connecting to holycross.ac.uk
[TLS] Server time: 1619582402
[TLS] client_random  (32): 5C9F4BF9BBC15BB855F82FAEDC5A52FC3AB2DFA8EC3BA3CE1B270F31FA0CCED2
[TLS] sign_hash (32): 227A0ABC55AC4B8A366D4456F615734D7400F87CC4C8BC3D37F850A304F01304
[TLS] Written transcript to proofs/MSG_TLS_5C9F4BF9.out, proofs/SIG_TLS_5C9F4BF9.out and proofs/PK_TLS_5C9F4BF9.der
Signature verification succeeds
[TLS] Server time: 1619582402
[TLS] client_random  (32): 383987ED9AAD7F815199F2D5B0229A5670FC3288DBD2D3E34CD732440B3476B9
[TLS] sign_hash (32): C0A8282E07B8F48392FB7BF03A7784488373A64D25BDF86A38CCB8FF2D79989F
[TLS] Written transcript to proofs/MSG_TLS_383987ED.out, proofs/SIG_TLS_383987ED.out and proofs/PK_TLS_383987ED.der
Signature verification succeeds
[TLS] Server time: 1619582402
[TLS] client_random  (32): E2B0E9A4818F325831CED3CEEAA8FBB55A24D7FAAFD0EA19107F164B99FA8C71
[TLS] sign_hash (32): 9B7704F7F74543329C4EF767E4C3090BCA70EE84E6AC6FF2E87A32251FD6C891
[TLS] Written transcript to proofs/MSG_TLS_E2B0E9A4.out, proofs/SIG_TLS_E2B0E9A4.out and proofs/PK_TLS_E2B0E9A4.der
Signature verification succeeds
[TLS] Server time: 1619582402
[TLS] client_random  (32): 1038F5017D71C3F52AFBE2C5BAF3AB72A112FAD38170C0DF0EA756BA1FFEA960
[TLS] sign_hash (32): 1EB56F0919F5EF26F288FB9D20D90C1E01C9FE98F306040FBF7080B31F54E664
[TLS] Written transcript to proofs/MSG_TLS_1038F501.out, proofs/SIG_TLS_1038F501.out and proofs/PK_TLS_1038F501.der
Signature verification succeeds
[TLS] Server time: 1619582402
[TLS] client_random  (32): 050C4F88086A2E6763A6E9308712A19EEBC46AF6D5B3CC1AEA1635395DB96E33
[TLS] sign_hash (32): C5365D2557FA886A336E3891E9DEEB5874D02D2E1DF78D7451E83B4EBBE8920A
[TLS] Written transcript to proofs/MSG_TLS_050C4F88.out, proofs/SIG_TLS_050C4F88.out and proofs/PK_TLS_050C4F88.der
Signature verification succeeds
[TLS] Server time: 1619582402
[TLS] client_random  (32): D7D1F4F094419A61D0F145826D83B391CA280DD505CA20E7F1874D8C7181238A
[TLS] sign_hash (32): DD305EF1B5177D7E022BE2648163A1B5F245BDEC6EC631C9AE5BEB4DB13B9475
[TLS] Written transcript to proofs/MSG_TLS_D7D1F4F0.out, proofs/SIG_TLS_D7D1F4F0.out and proofs/PK_TLS_D7D1F4F0.der
Signature verification succeeds
[TLS] Server time: 1619582402
[TLS] client_random  (32): 1AE60C6738D840CAA09E253B1BA70A52633C029C069BDB0B846FD6EA1FBCA661
[TLS] sign_hash (32): 1EF9C4DA2DAEEEA710EBD79CF9E123E741112838D00BF2394B3F8C764C492083
[TLS] Written transcript to proofs/MSG_TLS_1AE60C67.out, proofs/SIG_TLS_1AE60C67.out and proofs/PK_TLS_1AE60C67.der
Signature verification succeeds
[TLS] Server time: 1619582402
[TLS] client_random  (32): E7759AD98F2E752716DC6D6E35C46127DAA6598E0BDD77762966E72031429BD7
[TLS] sign_hash (32): C50ED99256C3F53DBAC8CA40A2FA3AE3542D7E6C17CE9484621A5193E95962AD
[TLS] Written transcript to proofs/MSG_TLS_E7759AD9.out, proofs/SIG_TLS_E7759AD9.out and proofs/PK_TLS_E7759AD9.der
Signature verification succeeds
[TLS] Server time: 1619582402
[TLS] client_random  (32): A173874270E6717D86D11DF97A710F12F6FEFF23773E1A6B65102AFCD142EC85
[TLS] sign_hash (32): 77DFB485D183DC39A2A307C558C6A3549C63E67BAE5556AA384073B366F9A3CB
[TLS] Written transcript to proofs/MSG_TLS_A1738742.out, proofs/SIG_TLS_A1738742.out and proofs/PK_TLS_A1738742.der
Signature verification succeeds
[TLS] Server time: 1619582402
[TLS] client_random  (32): CE0A75E67E4F259FD559AEA405FBA34FA9423E57763F40D863896CECC71EF9C8
[TLS] sign_hash (32): D41E87286D043CCB5060D980C85C109AA7EF04C12FC360ECFFE38D8EC04C4594
[TLS] Written transcript to proofs/MSG_TLS_CE0A75E6.out, proofs/SIG_TLS_CE0A75E6.out and proofs/PK_TLS_CE0A75E6.der
Signature verification succeeds
[TLS] Server time: 1619582402
[TLS] client_random  (32): C1C360631879D1ACC048F0371698FE868BC0FB25B4FE3176AE51E8D11D1F7B3C
[TLS] sign_hash (32): B6EEC953F426E76ED26765517E23EBEBA3DE79F0FA600556C33AE3204B363DA6
[TLS] Written transcript to proofs/MSG_TLS_C1C36063.out, proofs/SIG_TLS_C1C36063.out and proofs/PK_TLS_C1C36063.der
Signature verification succeeds
[TLS] Server time: 1619582402
[TLS] client_random  (32): 9B73D70572ACA79A02F4EF24B8850F587F1F11DD97FE44DD05FC296B0EC531C7
[TLS] sign_hash (32): CACC3A5F60055EAE85D56FD37800049031AAF3C14F209768BE9B9BD256F8C455
[TLS] Written transcript to proofs/MSG_TLS_9B73D705.out, proofs/SIG_TLS_9B73D705.out and proofs/PK_TLS_9B73D705.der
Signature verification succeeds
[TLS] Server time: 1619582402
[TLS] client_random  (32): 894906867606D7CC3FBD59D4A623A681164F3D20D428337ADA3B048ADB67CF9B
[TLS] sign_hash (32): 479169BEE18C5FCB8F5B466B8AFD3905D235C2FCE600A20C7ECFEF844977E9AB
[TLS] Written transcript to proofs/MSG_TLS_89490686.out, proofs/SIG_TLS_89490686.out and proofs/PK_TLS_89490686.der
Signature verification succeeds
[TLS] Server time: 1619582402
[TLS] client_random  (32): 2CE2E7346EB9A6CB62AD85858D0C594218B8F63A4A30FC849797C05CC2D9B697
[TLS] sign_hash (32): 9C700C3F56BEFDFFF15DC858A14FBAE3E6C94CF6131AA10A2530D3C7778F63CB
[TLS] Written transcript to proofs/MSG_TLS_2CE2E734.out, proofs/SIG_TLS_2CE2E734.out and proofs/PK_TLS_2CE2E734.der
Signature verification succeeds
[TLS] Server time: 1619582402
[TLS] client_random  (32): 359D41AB6E543318E3222F2F885EE435548F715E7374B71F4BC23818A41111A9
[TLS] sign_hash (32): C4512E63EE819B0432EA9ED8F2B4CFB7537BB09868D9D5B9D1447F3CC6DABEC7
[TLS] Written transcript to proofs/MSG_TLS_359D41AB.out, proofs/SIG_TLS_359D41AB.out and proofs/PK_TLS_359D41AB.der
Signature verification succeeds
[TLS] Server time: 1619582402
[TLS] client_random  (32): 037BB299EAFB4B9DAE572775A420D1DE93CF00B38F014FE1FEA4AC187E096373
[TLS] sign_hash (32): F2C234D61074BFDACB7CFFC2C26974A2D97C4DB06186B8362CE7B4D4FABF544F
[TLS] Written transcript to proofs/MSG_TLS_037BB299.out, proofs/SIG_TLS_037BB299.out and proofs/PK_TLS_037BB299.der
Signature verification succeeds
[TLS] Server time: 1619582402
[TLS] client_random  (32): 7B0A17C04BC92F1A3227814D0D728A02B49CC1350F877A90FCCDCF3E5FAA422D
[TLS] sign_hash (32): 5558AA78E454BAA3105C0027A428987EE887DD976573E4B53416908913F8319F
[TLS] Written transcript to proofs/MSG_TLS_7B0A17C0.out, proofs/SIG_TLS_7B0A17C0.out and proofs/PK_TLS_7B0A17C0.der
Signature verification succeeds
[TLS] Server time: 1619582402
[TLS] client_random  (32): 03A19B44BFA4EA912E4B86601542E4B3E2DC45BB4566922B674EC2E3B25C1EDC
[TLS] sign_hash (32): D0E85482DB372C28C61656130CF2738C85EBD22D8C597ED56E3B7849B724BE19
[TLS] Written transcript to proofs/MSG_TLS_03A19B44.out, proofs/SIG_TLS_03A19B44.out and proofs/PK_TLS_03A19B44.der
Signature verification succeeds
[TLS] Server time: 1619582402
[TLS] client_random  (32): 06AE3DA9F513F96C882B2FD24BA690F2FF2B9179CAAB65F8143FF599108161CE
[TLS] sign_hash (32): A33FC48222C6B2CB0CBAE58E7FE1D8A3053AD75027A69D1EAF0DC715F548FE50
[TLS] Written transcript to proofs/MSG_TLS_06AE3DA9.out, proofs/SIG_TLS_06AE3DA9.out and proofs/PK_TLS_06AE3DA9.der
Signature verification succeeds
[TLS] Server time: 1619582402
[TLS] client_random  (32): 249AD574BA25E3191F5C3CEB55D2B93DE33712C9E18D3ED23402EFC6E5D49218
[TLS] sign_hash (32): A52CCCA8748459F9B142B1F29AA6B56B628A0D3AC746328CADEA84CDC6C75103
[TLS] Written transcript to proofs/MSG_TLS_249AD574.out, proofs/SIG_TLS_249AD574.out and proofs/PK_TLS_249AD574.der
Signature verification succeeds
[TLS] Server time: 1619582402
[TLS] client_random  (32): 89AD6F7A18EB9EBC8497344A0EAC642761AAE23C5586F0EB749F219FB73D0DCD
[TLS] sign_hash (32): EB3FF602669A2F5139F22A7D5C3BF34152C69F9AE34A9F3509001596A8498889
[TLS] Written transcript to proofs/MSG_TLS_89AD6F7A.out, proofs/SIG_TLS_89AD6F7A.out and proofs/PK_TLS_89AD6F7A.der
Signature verification succeeds
[TLS] Server time: 1619582402
[TLS] client_random  (32): E048EE27785004176A29585AEDE139EF756734E0629840371659C6D8F701F8A6
[TLS] sign_hash (32): ABADA21CFAFB94DE76040CFA6EBE809372AB5568133F7A320FF4EC4B1FE26D19
[TLS] Written transcript to proofs/MSG_TLS_E048EE27.out, proofs/SIG_TLS_E048EE27.out and proofs/PK_TLS_E048EE27.der
Signature verification succeeds
[TLS] Server time: 1619582402
[TLS] client_random  (32): C72ECC59E795E25CA4C91AB02E6D4137B1A32C2897405F0FE17BA4E137685DCB
[TLS] sign_hash (32): F6CC3221E389DA8FB958F42FE3521A7F2F9544915CA88C613DBDBB1D955BB015
[TLS] Written transcript to proofs/MSG_TLS_C72ECC59.out, proofs/SIG_TLS_C72ECC59.out and proofs/PK_TLS_C72ECC59.der
Signature verification succeeds
[TLS] Server time: 1619582402
[TLS] client_random  (32): A1CE7AB4C73373CA31AF0691E3A8E8A5552CE0CE8AFB3AD7746453BA84216948
[TLS] sign_hash (32): 2671549FB3DF44F887042619E320303BBE18A8C8E8EC5AF96FC94B0584883EE3
[TLS] Written transcript to proofs/MSG_TLS_A1CE7AB4.out, proofs/SIG_TLS_A1CE7AB4.out and proofs/PK_TLS_A1CE7AB4.der
Signature verification succeeds
[TLS] Server time: 1619582402
[TLS] client_random  (32): AFFE3473516DCA82D47ECC510F53035C282DEBE9CDCF7FA65CCA5788E0A926B8
[TLS] sign_hash (32): 20A4695CAC00DC8D3CCAE2AFE02D2BAC3E613D6529397366CFD54DF33FD54220
[TLS] Written transcript to proofs/MSG_TLS_AFFE3473.out, proofs/SIG_TLS_AFFE3473.out and proofs/PK_TLS_AFFE3473.der
Signature verification succeeds
[TLS] Server time: 1619582402
[TLS] client_random  (32): E9972CC43B589044AC0ED25F36DB67B21901D703B1784EEBF642F37C72E5B05D
[TLS] sign_hash (32): A95F8A702A51ABB6FAE015A6BE26DD2347112A7C9128AA8D94F2CD8C2B5A083A
[TLS] Written transcript to proofs/MSG_TLS_E9972CC4.out, proofs/SIG_TLS_E9972CC4.out and proofs/PK_TLS_E9972CC4.der
Signature verification succeeds
[TLS] Server time: 1619582402
[TLS] client_random  (32): 13AD9FCA10FF0578700A3DAA9E732243EC8F88930D9DA05FF391820CA24B3C4C
[TLS] sign_hash (32): 271F618060CD7FEBD4C1B50E439A3B70ED30BB037143EFC3BD59230E68A8B1A6
[TLS] Written transcript to proofs/MSG_TLS_13AD9FCA.out, proofs/SIG_TLS_13AD9FCA.out and proofs/PK_TLS_13AD9FCA.der
Signature verification succeeds
[TLS] Server time: 1619582402
[TLS] client_random  (32): 36670AA2E119B266E55ECC33D09144B09032FB605883EF3C8090860B13036480
[TLS] sign_hash (32): 68275DEC4392E4A01D6DCB4342699C8CA5ACDC03F0372913C686888B11438076
[TLS] Written transcript to proofs/MSG_TLS_36670AA2.out, proofs/SIG_TLS_36670AA2.out and proofs/PK_TLS_36670AA2.der
Signature verification succeeds
[TLS] Server time: 1619582402
[TLS] client_random  (32): F67F8C01F5401DCEE428ED9FBD0E19855BAE1EB0BD57EB1F63976399F0506A7B
[TLS] sign_hash (32): 4DD56AB71CFB8C0634E5C2B5BDECBAA84C4B7E31C09807B26CD8EB5CC998BA6F
[TLS] Written transcript to proofs/MSG_TLS_F67F8C01.out, proofs/SIG_TLS_F67F8C01.out and proofs/PK_TLS_F67F8C01.der
Signature verification succeeds
[TLS] Server time: 1619582402
[TLS] client_random  (32): E382BF6C43892472C9D809255756EBC1811C4DE3E4F8CB231AE2EB5BF031A92C
[TLS] sign_hash (32): 3B116FB50FE1EAC51609BB9A13E5CDA163900292B2F0E84B080AAF764FF178A4
[TLS] Written transcript to proofs/MSG_TLS_E382BF6C.out, proofs/SIG_TLS_E382BF6C.out and proofs/PK_TLS_E382BF6C.der
Signature verification succeeds
[TLS] Server time: 1619582402
[TLS] client_random  (32): 0D186840CA475495E7FF81CA7EE3E25110861ED4AEC0030173E46A6B18661044
[TLS] sign_hash (32): 0B71792D3E40CFD228FE5C5B4AA897572123784C69048D4E3DEB70C7F2648BFB
[TLS] Written transcript to proofs/MSG_TLS_0D186840.out, proofs/SIG_TLS_0D186840.out and proofs/PK_TLS_0D186840.der
Signature verification succeeds
[TLS] Server time: 1619582402
[TLS] client_random  (32): 1BE096B40527C0BB03DFC122425C86A42F0A0F743C4D67349041140AB300FE0B
[TLS] sign_hash (32): 65F0A87918A52A7066593778EB829200A6D8C03ABB5DE80D280416F1C38E052E
[TLS] Written transcript to proofs/MSG_TLS_1BE096B4.out, proofs/SIG_TLS_1BE096B4.out and proofs/PK_TLS_1BE096B4.der
Signature verification succeeds
[TLS] Server time: 1619582402
[TLS] client_random  (32): FF13F571519CB5CCBE17A965F70627309D48092CF9E2FBB4604658560B5A1976
[TLS] sign_hash (32): B57ED00709665AA81A3FC83A20CB245640CEC3D520DF27DF52ADDCAB97BD63CC
[TLS] Written transcript to proofs/MSG_TLS_FF13F571.out, proofs/SIG_TLS_FF13F571.out and proofs/PK_TLS_FF13F571.der
Signature verification succeeds
[TLS] Server time: 1619582402
[TLS] client_random  (32): 3BD08B7533E61D3F3592C66D9D02BEF7A215063D21377065B72F6CFCC255D234
[TLS] sign_hash (32): 49FDF9A6AEDDCEF6A265A551E710E34C6BCE05BDBCA5AF60C5F6CBF7951BAC76
[TLS] Written transcript to proofs/MSG_TLS_3BD08B75.out, proofs/SIG_TLS_3BD08B75.out and proofs/PK_TLS_3BD08B75.der
Signature verification succeeds
[TLS] Server time: 1619582402
[TLS] client_random  (32): EBBBD6A27D3B9ECE6FF82A1577B3459E3A2EC768DC9D282BDB0614E69B4225A9
[TLS] sign_hash (32): 43967783B6089062F765A2E281577B34E5BEE8FA6593D6D85CBEE05FAD9BA5E2
[TLS] Written transcript to proofs/MSG_TLS_EBBBD6A2.out, proofs/SIG_TLS_EBBBD6A2.out and proofs/PK_TLS_EBBBD6A2.der
Signature verification succeeds
[TLS] Server time: 1619582402
[TLS] client_random  (32): BA9570BA5C2121B6671CE49E98461CA1525628C5FEB19E356285EEBC04BB5C65
[TLS] sign_hash (32): 7F049405EB009D16F0D5724E8BD8B5E15CAC4FD844738F02658EEDA8B2F0878C
[TLS] Written transcript to proofs/MSG_TLS_BA9570BA.out, proofs/SIG_TLS_BA9570BA.out and proofs/PK_TLS_BA9570BA.der
Signature verification succeeds
[TLS] Server time: 1619582402
[TLS] client_random  (32): C05198AE215B0AACC189C5DE00B461B0CF20449FF26560ABB62EFC4DE1F049C3
[TLS] sign_hash (32): E023A65A8556A43943BACFE1854C229FE6B512F6E29103A2125F6E98E708D75E
[TLS] Written transcript to proofs/MSG_TLS_C05198AE.out, proofs/SIG_TLS_C05198AE.out and proofs/PK_TLS_C05198AE.der
Signature verification succeeds
[TLS] Server time: 1619582402
[TLS] client_random  (32): F6CEB45806C8AD9BB54C8DDB8386EDB069E2295C4B9928546F63B20A01429A1D
[TLS] sign_hash (32): 70AD63C78946CA29598136A4E8F17389380D20EB6E1CE45DDA55D3CDC7B904AC
[TLS] Written transcript to proofs/MSG_TLS_F6CEB458.out, proofs/SIG_TLS_F6CEB458.out and proofs/PK_TLS_F6CEB458.der
Signature verification succeeds
[TLS] Server time: 1619582402
[TLS] client_random  (32): 7224F5BAF06262CE6FD3D9F619F539EF52E825C686BDAF1877C6F0A9B1A65672
[TLS] sign_hash (32): D739E7EA57C2198A4C3DCA9F61477DAE6B0F6EAC34B5CD2386E126A36521B298
[TLS] Written transcript to proofs/MSG_TLS_7224F5BA.out, proofs/SIG_TLS_7224F5BA.out and proofs/PK_TLS_7224F5BA.der
Signature verification succeeds
[TLS] Server time: 1619582402
[TLS] client_random  (32): 394B6C46AA2F40B4F17E173B5F4257C9C319A7189A15AB01900CF1531DC272E6
[TLS] sign_hash (32): BC542134798F57CCDB27807372A9A01AA9BA266D82654C7932DF4EDB0C095858
[TLS] Written transcript to proofs/MSG_TLS_394B6C46.out, proofs/SIG_TLS_394B6C46.out and proofs/PK_TLS_394B6C46.der
Signature verification succeeds
[TLS] Server time: 1619582402
[TLS] client_random  (32): 315A7F58917DCE6427A20A67479B60DD8FAE330F5E7393A2342CF0E02EB0F282
[TLS] sign_hash (32): 9431B88A3F580F58D024ECC358381D82435E64A283A7B7E1B2B700FE41EEC879
[TLS] Written transcript to proofs/MSG_TLS_315A7F58.out, proofs/SIG_TLS_315A7F58.out and proofs/PK_TLS_315A7F58.der
Signature verification succeeds
[TLS] Server time: 1619582402
[TLS] client_random  (32): EBFB435C5B89358F02E2E9901C58A05EC5DC5F8D0A2A1544A974F36F39D848E8
[TLS] sign_hash (32): 393E86D7427E64556CCE2C98693BFEC8E32C40BB21D3533B31434798A6D6F637
[TLS] Written transcript to proofs/MSG_TLS_EBFB435C.out, proofs/SIG_TLS_EBFB435C.out and proofs/PK_TLS_EBFB435C.der
Signature verification succeeds
[TLS] Server time: 1619582402
[TLS] client_random  (32): BF087237CA503E510D72EA9D5D073CBB928FA597049BD3E600E056AD847A4A27
[TLS] sign_hash (32): 00ACCEF4A7D50510D8B49E76851F533B4E1F26FF35B3B0DD2AA6A26296EBAF59
[TLS] Written transcript to proofs/MSG_TLS_BF087237.out, proofs/SIG_TLS_BF087237.out and proofs/PK_TLS_BF087237.der
Signature verification succeeds
[TLS] Server time: 1619582402
[TLS] client_random  (32): C40FCF205FF3DE3191E559EEB43A3B08156E09D77D8A3362D04E9857E64F0F69
[TLS] sign_hash (32): B890AFD622EA341D63064471735823B8A2DFE7F8FA5EAA6B12F9D5367A7AB34E
[TLS] Written transcript to proofs/MSG_TLS_C40FCF20.out, proofs/SIG_TLS_C40FCF20.out and proofs/PK_TLS_C40FCF20.der
Signature verification succeeds
[TLS] Server time: 1619582402
[TLS] client_random  (32): 23E4CDD1203C0F517A8CBD5AA13134F44DCFE6BB6867AE9EEC64FA32C8D98BFD
[TLS] sign_hash (32): 3F23E45D243068DDB6CE7D2338DAE3AE79F57E67F0043044BDAC047E7B52527A
[TLS] Written transcript to proofs/MSG_TLS_23E4CDD1.out, proofs/SIG_TLS_23E4CDD1.out and proofs/PK_TLS_23E4CDD1.der
Signature verification succeeds
[TLS] Server time: 1619582402
[TLS] client_random  (32): 96750A8033FDE11FF7B09DD60AADB974D61269DEE0BF56E1C40ABD44DD5BB627
[TLS] sign_hash (32): 216BC6AF517E02EB6F3A4B5FDEE9996CF7F1BB9F4CA3D0322BCC464B4EAC2C63
[TLS] Written transcript to proofs/MSG_TLS_96750A80.out, proofs/SIG_TLS_96750A80.out and proofs/PK_TLS_96750A80.der
Signature verification succeeds
[TLS] Server time: 1619582402
[TLS] client_random  (32): EFFEB6342CB9E941FBBE855943187AB57A20FE5F4B3E67649CF353132B0361D0
[TLS] sign_hash (32): 1B5FC5142F7DA708D1FD825E37A194B83E1092683DF9BF5B3D3FD55710182585
[TLS] Written transcript to proofs/MSG_TLS_EFFEB634.out, proofs/SIG_TLS_EFFEB634.out and proofs/PK_TLS_EFFEB634.der
Signature verification succeeds
[TLS] Server time: 1619582402
[TLS] client_random  (32): B92A06B1577FC2857B3B2057595AC8D2D8631AC174B5A8C1B8CD47B7B7F31FFA
[TLS] sign_hash (32): BE56F5ABD6150EE9BC4980C0A51AC107590BB2CECA20265738F1A1C91BF74409
[TLS] Written transcript to proofs/MSG_TLS_B92A06B1.out, proofs/SIG_TLS_B92A06B1.out and proofs/PK_TLS_B92A06B1.der
Signature verification succeeds
[TLS] Server time: 1619582402
[TLS] client_random  (32): 1A8410A3FBC6635456E707898797FC572FDA04011C9E8B10D01805408404D51E
[TLS] sign_hash (32): 712E6AD636E120A075C60D11D9BE2CAFA9CAAE64B0D614E32E4C8FBCCCFF6CD6
[TLS] Written transcript to proofs/MSG_TLS_1A8410A3.out, proofs/SIG_TLS_1A8410A3.out and proofs/PK_TLS_1A8410A3.der
Signature verification succeeds
[TLS] Server time: 1619582402
[TLS] client_random  (32): 77E15122C098CC8E92C48E60F4EE16B0C3FFAB965D0A33E6F5C451BAA7F22ACA
[TLS] sign_hash (32): 0191B15BC3E5A47E8FAE76D9875C589F9D34984775A091F4C1F85F3113B2CF5A
[TLS] Written transcript to proofs/MSG_TLS_77E15122.out, proofs/SIG_TLS_77E15122.out and proofs/PK_TLS_77E15122.der
Signature verification succeeds
[TLS] Server time: 1619582402
[TLS] client_random  (32): FD8ABEB0050AB5F79330B0D795976067509DEA3A282FE7D63814AFEAFE5EFE08
[TLS] sign_hash (32): 4EFA701B71F16700A5DFA36D83BA4CF8DC82D74D32E99744155536B67B489D2E
[TLS] Written transcript to proofs/MSG_TLS_FD8ABEB0.out, proofs/SIG_TLS_FD8ABEB0.out and proofs/PK_TLS_FD8ABEB0.der
Signature verification succeeds
[TLS] Server time: 1619582402
[TLS] client_random  (32): E9D1045A02360CDF2498E2AC0DE92F0C8F71BF140415C666D949D5C2994E11A6
[TLS] sign_hash (32): 8C5DBEDCC33FF7AE9E161CAF8E28E3CAAAD1566B4FB46C577BAD6E929B320138
[TLS] Written transcript to proofs/MSG_TLS_E9D1045A.out, proofs/SIG_TLS_E9D1045A.out and proofs/PK_TLS_E9D1045A.der
Signature verification succeeds
[TLS] Server time: 1619582402
[TLS] client_random  (32): BC8AAB915297E15D703999D33B3AF98FAB5FBB2316F43072D923258576D37868
[TLS] sign_hash (32): C70BAACE249049068E04A91D1BE2EB3B246CFAC068117A75DE504566C5942F97
[TLS] Written transcript to proofs/MSG_TLS_BC8AAB91.out, proofs/SIG_TLS_BC8AAB91.out and proofs/PK_TLS_BC8AAB91.der
Signature verification succeeds
[TLS] Server time: 1619582402
[TLS] client_random  (32): 9CDCC10EE4D54BE9B00BEC877E50E548AA5368CE4E147AF4C9FD0C7EE7985C5D
[TLS] sign_hash (32): F6690086A3548EC5DC933124F7CEB2107E59AC497E30634B26DC0B4C6E768D97
[TLS] Written transcript to proofs/MSG_TLS_9CDCC10E.out, proofs/SIG_TLS_9CDCC10E.out and proofs/PK_TLS_9CDCC10E.der
Signature verification succeeds
[TLS] Server time: 1619582402
[TLS] client_random  (32): 47A57C7F0E8183B539E6D8C8834C680762FEA8CDCF62B3C3468C9443A64DAC54
[TLS] sign_hash (32): C34C6769A7A75E2F38C46803659D63FD90E79120BE4A458257F8E5419DFFDCF1
[TLS] Written transcript to proofs/MSG_TLS_47A57C7F.out, proofs/SIG_TLS_47A57C7F.out and proofs/PK_TLS_47A57C7F.der
Signature verification succeeds
[TLS] Server time: 1619582402
[TLS] client_random  (32): 1E8F115F0A3A1F0E431629303F18ACCA7FEC9CD2394F266595B16B83ACFD7B6C
[TLS] sign_hash (32): 90E51F4891C181C778AEC605C51E8B7BC4F1612B41D282722725F5CAB745F932
[TLS] Written transcript to proofs/MSG_TLS_1E8F115F.out, proofs/SIG_TLS_1E8F115F.out and proofs/PK_TLS_1E8F115F.der
Signature verification succeeds
[TLS] Server time: 1619582402
[TLS] client_random  (32): 160574A1B57781915E5C513EFB8AE08184124066DE321322B77944E61F0BEAF0
[TLS] sign_hash (32): 8EB548E142D7E26982C8E0AB16C21D92CB0F6F093561DA37333424A9F5ADAFFA
[TLS] Written transcript to proofs/MSG_TLS_160574A1.out, proofs/SIG_TLS_160574A1.out and proofs/PK_TLS_160574A1.der
Signature verification succeeds
[TLS] Server time: 1619582402
[TLS] client_random  (32): 392C1FF824CCB417A99286249B39648331B2D4169A1A539D1F8E76949098F9EB
[TLS] sign_hash (32): 3BFFF23CC427C8476F3F3313CE6280148238CBDE99696E6D45FF06A933CBCA7D
[TLS] Written transcript to proofs/MSG_TLS_392C1FF8.out, proofs/SIG_TLS_392C1FF8.out and proofs/PK_TLS_392C1FF8.der
Signature verification succeeds
[TLS] Server time: 1619582402
[TLS] client_random  (32): 0A8D9C00B13E4EC220D6B59A64509DB839A1BBD245A2671BFAF9EDAB5ED0D276
[TLS] sign_hash (32): FAF3E8D27E0AF2435DD871C3E8BA8BB00C24DB54657DBF42EDFA9FD6C585CF1D
[TLS] Written transcript to proofs/MSG_TLS_0A8D9C00.out, proofs/SIG_TLS_0A8D9C00.out and proofs/PK_TLS_0A8D9C00.der
Signature verification succeeds
[TLS] Server time: 1619582402
[TLS] client_random  (32): 075846BF811F78283EECDFFB705C8C4C807640B1570BF280913FD2F3C01ED1E2
[TLS] sign_hash (32): 3AC406EF7953BB89F2A5323E5916305F8A7774E28C95828182F3AB8C87021B01
[TLS] Written transcript to proofs/MSG_TLS_075846BF.out, proofs/SIG_TLS_075846BF.out and proofs/PK_TLS_075846BF.der
Signature verification succeeds
[TLS] Server time: 1619582402
[TLS] client_random  (32): FE50A12CAF9B1073A9443E49C09E1E17C95CD6DADE269A6F79DE15C422804ACC
[TLS] sign_hash (32): A51E160E83AF9D3A21144AD2906845898A90BF4CE4AE50AADF8C1D0E15990199
[TLS] Written transcript to proofs/MSG_TLS_FE50A12C.out, proofs/SIG_TLS_FE50A12C.out and proofs/PK_TLS_FE50A12C.der
Signature verification succeeds
[TLS] Server time: 1619582402
[TLS] client_random  (32): FB3852863467C45AC612F6F1DE404C9036D679F7E07668DAA2F07F81A14202F7
[TLS] sign_hash (32): 53ADFE912E22E71A9D782239BAF346F37623951CE3A067A68E718E5DD7A726EB
[TLS] Written transcript to proofs/MSG_TLS_FB385286.out, proofs/SIG_TLS_FB385286.out and proofs/PK_TLS_FB385286.der
Signature verification succeeds
[TLS] Server time: 1619582402
[TLS] client_random  (32): 67FB170289A7AF648CCEAE2B87366D640127CACCD7F3F90F25BC970564D34600
[TLS] sign_hash (32): D8AA9C3DCABEF7CCF479BA26278D12E1F8A42AC4EAEC614F0B11F3BDBE976E54
[TLS] Written transcript to proofs/MSG_TLS_67FB1702.out, proofs/SIG_TLS_67FB1702.out and proofs/PK_TLS_67FB1702.der
Signature verification succeeds
[TLS] Server time: 1619582402
[TLS] client_random  (32): D23C13F3E5CFA7B68F87967523B3F1B7D439F0A47C08DD2B8C4818C0623F045D
[TLS] sign_hash (32): FD7269F12A3C70A76E3B538A6583B9584C70F4BE628D4D4857CE78DA40441CFD
[TLS] Written transcript to proofs/MSG_TLS_D23C13F3.out, proofs/SIG_TLS_D23C13F3.out and proofs/PK_TLS_D23C13F3.der
Signature verification succeeds
[TLS] Server time: 1619582402
[TLS] client_random  (32): 31DE76B9F34591792B3D0D7306F0ABE7D7AFB222A551AC7E0737B53F56ABE8FD
[TLS] sign_hash (32): E1D25D9D832AAAD3CD44144F47D0F9A9EE572F4C2AC0719F0038034F99367D2E
[TLS] Written transcript to proofs/MSG_TLS_31DE76B9.out, proofs/SIG_TLS_31DE76B9.out and proofs/PK_TLS_31DE76B9.der
Signature verification succeeds
[TLS] Server time: 1619582402
[TLS] client_random  (32): 8273BA853E5146A56859D7AA1C5373FB7829D6B00CFBC823B5B595D557B7A96C
[TLS] sign_hash (32): 60F0FA48AF5E88EACA53176B52D967138549B7B60659455676A9FB4E22F972CB
[TLS] Written transcript to proofs/MSG_TLS_8273BA85.out, proofs/SIG_TLS_8273BA85.out and proofs/PK_TLS_8273BA85.der
Signature verification succeeds
[TLS] Server time: 1619582402
[TLS] client_random  (32): F75A7DE423785BF8B70BE43B9655659C714E9A591EA0DF18B4DA6A80A14AD22C
[TLS] sign_hash (32): D962134A4B0E9A8A72B894BBA3F3E6A79148315B022F3B34AA17DBCE1EC2303F
[TLS] Written transcript to proofs/MSG_TLS_F75A7DE4.out, proofs/SIG_TLS_F75A7DE4.out and proofs/PK_TLS_F75A7DE4.der
Signature verification succeeds
[TLS] Server time: 1619582402
[TLS] client_random  (32): 3B136401F15E4E92907C8D2368DE09EE967E8FE4C384BF639712E036DA891F2F
[TLS] sign_hash (32): 482E8FF01D842903594CC7DD32133BB4A70DA95A456C260B3864159EC8B754E2
[TLS] Written transcript to proofs/MSG_TLS_3B136401.out, proofs/SIG_TLS_3B136401.out and proofs/PK_TLS_3B136401.der
Signature verification succeeds
[TLS] Server time: 1619582402
[TLS] client_random  (32): D34A4AB3F351F560AA1A2A292958B6ECD08330DC3B08BAE12536A949B4980A83
[TLS] sign_hash (32): AE2C29D804376EC8FB7859FCD218882AAC2603319B5F6053023F49E7032F4368
[TLS] Written transcript to proofs/MSG_TLS_D34A4AB3.out, proofs/SIG_TLS_D34A4AB3.out and proofs/PK_TLS_D34A4AB3.der
Signature verification succeeds
[TLS] Server time: 1619582402
[TLS] client_random  (32): BF5BC25316B3A6FFFE77984A05899BD77D7AFC5C969F3A1BA6E773BC7E13E273
[TLS] sign_hash (32): 3D870FA3E7ABF93A273C92761744414109843F3A0F325E8977237471484BA32A
[TLS] Written transcript to proofs/MSG_TLS_BF5BC253.out, proofs/SIG_TLS_BF5BC253.out and proofs/PK_TLS_BF5BC253.der
Signature verification succeeds
[TLS] Server time: 1619582402
[TLS] client_random  (32): F64AFC0962D829FBDCB98E35A3025CED9E9F004517907865BFC049009EA52753
[TLS] sign_hash (32): A5877156257D517EF1E75C48301D1B8C941A1400EBE0D3928962F9F1A67EAC92
[TLS] Written transcript to proofs/MSG_TLS_F64AFC09.out, proofs/SIG_TLS_F64AFC09.out and proofs/PK_TLS_F64AFC09.der
Signature verification succeeds
[TLS] Server time: 1619582402
[TLS] client_random  (32): E1853A107905B48828A92BC2754389E4396EAC61C7348EA3CBB5DE41689C262D
[TLS] sign_hash (32): B2CAF77B680536882608B5FB817E1EAABCDE0200535E14D2B43C2D9E943033C6
[TLS] Written transcript to proofs/MSG_TLS_E1853A10.out, proofs/SIG_TLS_E1853A10.out and proofs/PK_TLS_E1853A10.der
Signature verification succeeds
[TLS] Server time: 1619582402
[TLS] client_random  (32): FECE7C3788D03190A04AE385F128511452639D099E9B672DE5DF742123EEAB71
[TLS] sign_hash (32): A4682A8FF3611F3C64C51670AE50480DADB5E6C055A5D9890E2C635839F032C0
[TLS] Written transcript to proofs/MSG_TLS_FECE7C37.out, proofs/SIG_TLS_FECE7C37.out and proofs/PK_TLS_FECE7C37.der
Signature verification succeeds
[TLS] Server time: 1619582402
[TLS] client_random  (32): 020008BAAC41F2E76C4A4D13526EA58A1416F61EB0289AC98303687601F504BB
[TLS] sign_hash (32): AB9BA31D6165A73D02A06095056DBCAE935E866D4D6A84B537D823DFF3E52DDE
[TLS] Written transcript to proofs/MSG_TLS_020008BA.out, proofs/SIG_TLS_020008BA.out and proofs/PK_TLS_020008BA.der
Signature verification succeeds
[TLS] Server time: 1619582402
[TLS] client_random  (32): 1CE0F96DDE734FDF0E4F4D52E9BDC255BA6E392CE3E3EA79381A070E1A2C6D63
[TLS] sign_hash (32): 16786894FEC29E6341584B4E5BE2008DF72C8EC0EA6937906B4E95F485001BC0
[TLS] Written transcript to proofs/MSG_TLS_1CE0F96D.out, proofs/SIG_TLS_1CE0F96D.out and proofs/PK_TLS_1CE0F96D.der
Signature verification succeeds
[TLS] Server time: 1619582402
[TLS] client_random  (32): B293C5F91BEB323E264654C1EF36C87F6FB0AECBEF4BD0871F9E4A7A2902CD64
[TLS] sign_hash (32): 5562B7E249AEDE1171DDC4263AE0ECB07D1AF8BBDF7B6B8A7343FFC72EFB6E65
[TLS] Written transcript to proofs/MSG_TLS_B293C5F9.out, proofs/SIG_TLS_B293C5F9.out and proofs/PK_TLS_B293C5F9.der
Signature verification succeeds
[TLS] Server time: 1619582402
[TLS] client_random  (32): F1BBF5C2EF97536973734ABF5691D5726FED3C8F4961450130C6306C943E5EDD
[TLS] sign_hash (32): 6B37F51035FC13132C083FFED96D5AF880AACD16025F62789DDB9946A34277CA
[TLS] Written transcript to proofs/MSG_TLS_F1BBF5C2.out, proofs/SIG_TLS_F1BBF5C2.out and proofs/PK_TLS_F1BBF5C2.der
Signature verification succeeds
[TLS] Server time: 1619582402
[TLS] client_random  (32): E1C8FDA56FE2139EFB44817F07842CD1A9BA68685E39BC07D0D604E3AAA26633
[TLS] sign_hash (32): 01789CA433F88767A9FEE55509D16D5C1BAA0645F49F00C62140BAF3166742C7
[TLS] Written transcript to proofs/MSG_TLS_E1C8FDA5.out, proofs/SIG_TLS_E1C8FDA5.out and proofs/PK_TLS_E1C8FDA5.der
Signature verification succeeds
[TLS] Server time: 1619582402
[TLS] client_random  (32): 0C1C670A9BFC2ECADF4699B0EB72204DF6E314F3E1FBC53502BAFC45EB2DB601
[TLS] sign_hash (32): 80DA8CBBB435FAC7AB4967A773850C7453CBE0C651083E91CBBED25A49F4B369
[TLS] Written transcript to proofs/MSG_TLS_0C1C670A.out, proofs/SIG_TLS_0C1C670A.out and proofs/PK_TLS_0C1C670A.der
Signature verification succeeds
[TLS] Server time: 1619582402
[TLS] client_random  (32): 21F2C1DDFAD38373679D73063AC3C3FDA2C205801ED02800217DC868572CFC24
[TLS] sign_hash (32): 2B4873769CED3FD11280925CE5160029ABE8D30E47F623C837244C64B63C3874
[TLS] Written transcript to proofs/MSG_TLS_21F2C1DD.out, proofs/SIG_TLS_21F2C1DD.out and proofs/PK_TLS_21F2C1DD.der
Signature verification succeeds
[TLS] Server time: 1619582402
[TLS] client_random  (32): 240DDE18C799D03670BA4997CF74CC88C524EB9C4442C227560C304F62D51186
[TLS] sign_hash (32): BAA8B82107A73826A562D6FF8399E34C1CA1473B43E00D86C94F4C7A518F3990
[TLS] Written transcript to proofs/MSG_TLS_240DDE18.out, proofs/SIG_TLS_240DDE18.out and proofs/PK_TLS_240DDE18.der
Signature verification succeeds
[TLS] Server time: 1619582402
[TLS] client_random  (32): E50A3D7776A22EBEB45120CCD6CDD382E285BD325F5514A4E8003F90446F0D9E
[TLS] sign_hash (32): 37EC842C9AB59AE3FB043452A5698700BF2B693F601170618C5FECDCBDD40A7E
[TLS] Written transcript to proofs/MSG_TLS_E50A3D77.out, proofs/SIG_TLS_E50A3D77.out and proofs/PK_TLS_E50A3D77.der
Signature verification succeeds
[TLS] Server time: 1619582402
[TLS] client_random  (32): BFDFA54EB6B1931CB9FFB9C27730BB200A40394C6EE22C5DB08358828F9C8307
[TLS] sign_hash (32): 172E40DDE39FA60B03C5481D9781BF2F1505E9C51631F4D8582B725929E42B9E
[TLS] Written transcript to proofs/MSG_TLS_BFDFA54E.out, proofs/SIG_TLS_BFDFA54E.out and proofs/PK_TLS_BFDFA54E.der
Signature verification succeeds
[TLS] Server time: 1619582402
[TLS] client_random  (32): 12C4A9994B076B1E56447ECB3B8C0B4C50712EAB16D1A473A88F0EB8A79EA563
[TLS] sign_hash (32): 8BE635FDB256CFD9DBFAC536D609852122FE77C23610EC01FF38DD9DA360E08A
[TLS] Written transcript to proofs/MSG_TLS_12C4A999.out, proofs/SIG_TLS_12C4A999.out and proofs/PK_TLS_12C4A999.der
Signature verification succeeds
[TLS] Server time: 1619582402
[TLS] client_random  (32): 1A1B291E051F4BCBACB602D791E571BAF92E23294148667953BDD832BA726C8B
[TLS] sign_hash (32): 8005C8B1406631B015A0DFB2746C19D2A846014C2F5EA19FDF30D782BB02311B
[TLS] Written transcript to proofs/MSG_TLS_1A1B291E.out, proofs/SIG_TLS_1A1B291E.out and proofs/PK_TLS_1A1B291E.der
Signature verification succeeds
[TLS] Server time: 1619582402
[TLS] client_random  (32): 2D128B1DDAEEF16337B31FA9F7CBFF25336592587678421C3BB8A21D30DEFD12
[TLS] sign_hash (32): 95E9139B14323503C666A1F7FFAB746F5E6F136CA38BDBEAEC701664173ED92B
[TLS] Written transcript to proofs/MSG_TLS_2D128B1D.out, proofs/SIG_TLS_2D128B1D.out and proofs/PK_TLS_2D128B1D.der
Signature verification succeeds
[TLS] Server time: 1619582402
[TLS] client_random  (32): A74B25498B115C8817CD925BE7A24487136CAD441197DE01B1579EBBC80BA171
[TLS] sign_hash (32): C4F4B2814A4CB161403951C6AAF7BE12417D5ADBC758D232C090DF79798585D8
[TLS] Written transcript to proofs/MSG_TLS_A74B2549.out, proofs/SIG_TLS_A74B2549.out and proofs/PK_TLS_A74B2549.der
Signature verification succeeds
[TLS] Server time: 1619582402
[TLS] client_random  (32): 184C4B1BC177035E8FA20634F1828FA9B0AAE0E66FCB840648F34EC8B16A838A
[TLS] sign_hash (32): 3923812873CC94E806493E346BE6EBB28161867C3C148FDE0E1E31F54C4F1D0B
[TLS] Written transcript to proofs/MSG_TLS_184C4B1B.out, proofs/SIG_TLS_184C4B1B.out and proofs/PK_TLS_184C4B1B.der
Signature verification succeeds
[TLS] Server time: 1619582402
[TLS] client_random  (32): 7EC058F186428874A295CB318A705CD381EF787ED0A08FF187B22DD8E82A4365
[TLS] sign_hash (32): 59BA5B5358F17FFF4CB010457468148518ADA03E4B1A7BA7BD1992E341A164A3
[TLS] Written transcript to proofs/MSG_TLS_7EC058F1.out, proofs/SIG_TLS_7EC058F1.out and proofs/PK_TLS_7EC058F1.der
Signature verification succeeds
[TLS] Server time: 1619582402
[TLS] client_random  (32): 92A6C29D7EF828CC69149C4BB03212651A00085FCC908E3F07DCBCA8080325B4
[TLS] sign_hash (32): 6989C8D54EFE794F346643FA56F0F996B5C8DCF02FC02DD83F11C245F2387FC3
[TLS] Written transcript to proofs/MSG_TLS_92A6C29D.out, proofs/SIG_TLS_92A6C29D.out and proofs/PK_TLS_92A6C29D.der
Signature verification succeeds
[TLS] Server time: 1619582402
[TLS] client_random  (32): 8D47B63065B807B8327D263FC329B06DAA890B17C4F8FAA9F090B0A36E0AD778
[TLS] sign_hash (32): 622409EE44A7D1F16050C03FA78E46E9BB7563024614049C0EE9705BACE8AFE7
[TLS] Written transcript to proofs/MSG_TLS_8D47B630.out, proofs/SIG_TLS_8D47B630.out and proofs/PK_TLS_8D47B630.der
Signature verification succeeds
[TLS] Server time: 1619582402
[TLS] client_random  (32): B7B587E05EAC3A6338D17976E343CEED3B365CED7BA2C362AF918AD0721361C9
[TLS] sign_hash (32): AD53B644145E4F5B87243C390277F6539A5628D3662E89C7E679EEA6A8C5B11B
[TLS] Written transcript to proofs/MSG_TLS_B7B587E0.out, proofs/SIG_TLS_B7B587E0.out and proofs/PK_TLS_B7B587E0.der
Signature verification succeeds
[TLS] Server time: 1619582402
[TLS] client_random  (32): A2BB9326B863E98A549E40ABF0A86E902FE873A6D6944D133572BE0B299E97F9
[TLS] sign_hash (32): 0EE33E2054A3C840A44A76B1513586D88B25F15B4A5B6AD08538E0F41D34D132
[TLS] Written transcript to proofs/MSG_TLS_A2BB9326.out, proofs/SIG_TLS_A2BB9326.out and proofs/PK_TLS_A2BB9326.der
Signature verification succeeds
[TLS] Server time: 1619582402
[TLS] client_random  (32): ACC3BD4CD5E53060C6FE3948A166C1A0EA223EF6E84B387D7583B601FF8D9E1A
[TLS] sign_hash (32): 35A63D1E22CBD090FEBDB5994D65ACCC75A407E63998DB6C2ECB8DD63FFD82B8
[TLS] Written transcript to proofs/MSG_TLS_ACC3BD4C.out, proofs/SIG_TLS_ACC3BD4C.out and proofs/PK_TLS_ACC3BD4C.der
Signature verification succeeds
[TLS] Server time: 1619582402
[TLS] client_random  (32): 4E0075F81B2D68330E2AFD9C28D2D7E2587A4A7360065B66D5318B18E5FC0F49
[TLS] sign_hash (32): DD7DB64F45D8F28A4E034D84B1458C78A562029AE9EDB7D7FF10F06ACA07F88B
[TLS] Written transcript to proofs/MSG_TLS_4E0075F8.out, proofs/SIG_TLS_4E0075F8.out and proofs/PK_TLS_4E0075F8.der
Signature verification succeeds
[TLS] Server time: 1619582402
[TLS] client_random  (32): 38B55F3125D17587796E22262FC54103F29DADF2572469432BE673041C5191EB
[TLS] sign_hash (32): B2CBEEBAAB6E41BF08AE2ADBDC77F329D371705DB21618F1DF7093B91DB97AA7
[TLS] Written transcript to proofs/MSG_TLS_38B55F31.out, proofs/SIG_TLS_38B55F31.out and proofs/PK_TLS_38B55F31.der
Signature verification succeeds
[TLS] Server time: 1619582402
[TLS] client_random  (32): E02666598A69208C92028B2CE02925CA4C7570CEA056963F7BB8BF13B2EE301B
[TLS] sign_hash (32): A361D6BA1C6823329D7681B4A1746D8AD76CE603B668102103E45226E128ED70
[TLS] Written transcript to proofs/MSG_TLS_E0266659.out, proofs/SIG_TLS_E0266659.out and proofs/PK_TLS_E0266659.der
Signature verification succeeds
[TLS] Server time: 1619582402
[TLS] client_random  (32): 06F60ED978EDD5B4158CEE82E9856003F20BA99EE34A57C0AFD8AC2B0F7FAF9D
[TLS] sign_hash (32): DE1FB553F9C6C0C4DDCAA92014C31EA9D16512390E009177E53FB12006248A9A
[TLS] Written transcript to proofs/MSG_TLS_06F60ED9.out, proofs/SIG_TLS_06F60ED9.out and proofs/PK_TLS_06F60ED9.der
Signature verification succeeds
[TLS] Server time: 1619582402
[TLS] client_random  (32): CAEF190A7EE22D5AC0227CDAA906C9C917E757C36993E425A540E14C13C40EB9
[TLS] sign_hash (32): 0A2E0CEF2A1A70FC9922D350A45DF8FA20E4D0AB73D445DFA44C2823DAB1EFD2
[TLS] Written transcript to proofs/MSG_TLS_CAEF190A.out, proofs/SIG_TLS_CAEF190A.out and proofs/PK_TLS_CAEF190A.der
Signature verification succeeds
[TLS] Server time: 1619582402
[TLS] client_random  (32): 3C1AB45E863D5A47499AA67720D2E2C261D30177102B5C13F4748AF9BC56D271
[TLS] sign_hash (32): 8EDE18F66014306A7B2D74B7C6F652AFC6A0474242BA45AAE90AC646CB694770
[TLS] Written transcript to proofs/MSG_TLS_3C1AB45E.out, proofs/SIG_TLS_3C1AB45E.out and proofs/PK_TLS_3C1AB45E.der
Signature verification succeeds
[TLS] Server time: 1619582402
[TLS] client_random  (32): 56A506B952F82EA2977469A56512988DBF3002AA75FFFF30327ED4AE8A97ABBD
[TLS] sign_hash (32): D7B051E31BA0D6E17463FB26E94EC9AB0C318D78708AB2677D9317CD4C22D797
[TLS] Written transcript to proofs/MSG_TLS_56A506B9.out, proofs/SIG_TLS_56A506B9.out and proofs/PK_TLS_56A506B9.der
Signature verification succeeds
[TLS] Server time: 1619582402
[TLS] client_random  (32): D110A54D171ED7001994326C122E62DD2DDF2A0CC6E768831F2729175C9A234C
[TLS] sign_hash (32): 2856A86D06983AAE31719EE9F0AE0DB041A867894352C4238F4D77221B576672
[TLS] Written transcript to proofs/MSG_TLS_D110A54D.out, proofs/SIG_TLS_D110A54D.out and proofs/PK_TLS_D110A54D.der
Signature verification succeeds
[TLS] Server time: 1619582402
[TLS] client_random  (32): 2BF63B3379A589CC3049E8A82D18F0A02BB491B0F927951DCCADD02768AD166B
[TLS] sign_hash (32): 803E700C2174C8B5B7B686F61DD0B13002FB3BC59372A03DF8CCADD2494641C0
[TLS] Written transcript to proofs/MSG_TLS_2BF63B33.out, proofs/SIG_TLS_2BF63B33.out and proofs/PK_TLS_2BF63B33.der
Signature verification succeeds
[TLS] Server time: 1619582402
[TLS] client_random  (32): 04D87B181F607F17F469087E462060DBFA6DB7AC1AEC2BF0C9650D6FF663EFA5
[TLS] sign_hash (32): 05D1A198788A6C32B073AFF375135551753EA52E874C879CBFCCC42708BF4DC2
[TLS] Written transcript to proofs/MSG_TLS_04D87B18.out, proofs/SIG_TLS_04D87B18.out and proofs/PK_TLS_04D87B18.der
Signature verification succeeds
[TLS] Server time: 1619582402
[TLS] client_random  (32): 59D19776E477BDDF3FD197DED1DD8F5A5E58372948B0E3F8F3914F67933522D3
[TLS] sign_hash (32): B2DDE5B08DA76266A6080653BC83A808EAEC3B0D82BCF68152BDD6C7C6145D41
[TLS] Written transcript to proofs/MSG_TLS_59D19776.out, proofs/SIG_TLS_59D19776.out and proofs/PK_TLS_59D19776.der
Signature verification succeeds
[TLS] Server time: 1619582402
[TLS] client_random  (32): 8131A6B3511B435150984FDAF74FA207A90277479463C8358E27FDFE00849440
[TLS] sign_hash (32): 1134574AE48583ECB00F86637DC0E1F0EEE78CAE99ED19CD3BBD5C3E7839A455
[TLS] Written transcript to proofs/MSG_TLS_8131A6B3.out, proofs/SIG_TLS_8131A6B3.out and proofs/PK_TLS_8131A6B3.der
Signature verification succeeds
[TLS] Server time: 1619582402
[TLS] client_random  (32): A23B700AF0418E17A32B098C6637F0088FA8CC7BC608D80E722BBF628D208E50
[TLS] sign_hash (32): 9B388EE687E2ABA6427F1DE40B8E327AEDD9A171885A756B04034EBBBCF16A28
[TLS] Written transcript to proofs/MSG_TLS_A23B700A.out, proofs/SIG_TLS_A23B700A.out and proofs/PK_TLS_A23B700A.der
Signature verification succeeds
[TLS] Server time: 1619582403
[TLS] client_random  (32): F2D2F06FD0F461EFE88C8A800F56E17D5B85AE5D857E66472D1F47335075B505
[TLS] sign_hash (32): 7F9C49D54B810BD9BEECC6B3C1F19A6B46A4FE48B8C4D299644009F29815CF45
[TLS] Written transcript to proofs/MSG_TLS_F2D2F06F.out, proofs/SIG_TLS_F2D2F06F.out and proofs/PK_TLS_F2D2F06F.der
Signature verification succeeds
[TLS] Server time: 1619582403
[TLS] client_random  (32): 334A4FD87AEF19B9603E037DAC3A4D69DA499E11DA57E2293856D15DF2ABD9D5
[TLS] sign_hash (32): 4A45996D929F3E8DBD3E0DD54A143B783EFBDF39AE0B74D9C2FCD33E9DBF3DC4
[TLS] Written transcript to proofs/MSG_TLS_334A4FD8.out, proofs/SIG_TLS_334A4FD8.out and proofs/PK_TLS_334A4FD8.der
Signature verification succeeds
[TLS] Server time: 1619582403
[TLS] client_random  (32): 4B82BBACB461E2DA3BF80257750157A8182E43CBC512A51E3FA6AECC561FCFC9
[TLS] sign_hash (32): 717E0E0808F17E7EE0B0F8DE05159D22396FAA9DA850734A959ADA936B27D8C1
[TLS] Written transcript to proofs/MSG_TLS_4B82BBAC.out, proofs/SIG_TLS_4B82BBAC.out and proofs/PK_TLS_4B82BBAC.der
Signature verification succeeds
[TLS] Server time: 1619582403
[TLS] client_random  (32): 76512FE713F5940B7B97933EE0615FFBAA4FED6D938163800E39053511621CF9
[TLS] sign_hash (32): EEB0978EDC05B07A4682DA72845DF836F83AB9C7FE478F2313C72D8A8C4C89C7
[TLS] Written transcript to proofs/MSG_TLS_76512FE7.out, proofs/SIG_TLS_76512FE7.out and proofs/PK_TLS_76512FE7.der
Signature verification succeeds
[TLS] Server time: 1619582403
[TLS] client_random  (32): 16D94A23C51949FC79909CBAC42298D5012DF5206CC71CB290BBF3717DE2ECE6
[TLS] sign_hash (32): 4AA19F9A0CB2EB160D4D5DD49A6C7A01EFE0743E9124D70AA19D5B4413F75F36
[TLS] Written transcript to proofs/MSG_TLS_16D94A23.out, proofs/SIG_TLS_16D94A23.out and proofs/PK_TLS_16D94A23.der
Signature verification succeeds
[TLS] Server time: 1619582403
[TLS] client_random  (32): D08CDAC4B53684011794A4E125D3E70FA723A5AEFD6EF87346926CF015C17C57
[TLS] sign_hash (32): 52F37B991A14410053F3E483E1A98A8DA9D18D25D4238F0E607100B09562C4BE
[TLS] Written transcript to proofs/MSG_TLS_D08CDAC4.out, proofs/SIG_TLS_D08CDAC4.out and proofs/PK_TLS_D08CDAC4.der
Signature verification succeeds
[TLS] Server time: 1619582403
[TLS] client_random  (32): 09A4F2CE472666533501EF12CFA092EECCEDDBE490F807E3D3E17CC8D33C126A
[TLS] sign_hash (32): B85E5C24E4DED93CD8582C771A7BE2581EA677CC0B701E3A12A9B9143CA37C71
[TLS] Written transcript to proofs/MSG_TLS_09A4F2CE.out, proofs/SIG_TLS_09A4F2CE.out and proofs/PK_TLS_09A4F2CE.der
Signature verification succeeds
[TLS] Server time: 1619582403
[TLS] client_random  (32): 8BB4CAECC56044865F6BEF4C87C8CB6DC998CE4BC2FB77A3FE81A948629DCEC6
[TLS] sign_hash (32): 759CB4F1F38A7A0771E35EEBF4C6842A2B52C17BDC2351C1779B1053CCD1E891
[TLS] Written transcript to proofs/MSG_TLS_8BB4CAEC.out, proofs/SIG_TLS_8BB4CAEC.out and proofs/PK_TLS_8BB4CAEC.der
Signature verification succeeds
[TLS] Server time: 1619582403
[TLS] client_random  (32): 42BC668361D493F76ABB64C72EAE2CACC202CB03DA93DE9EA81E149E23B451EC
[TLS] sign_hash (32): 65FDD090E16B3AFE8946983D99B37DA6BC053DD4FAB151FAA8E5BFA194C75CFA
[TLS] Written transcript to proofs/MSG_TLS_42BC6683.out, proofs/SIG_TLS_42BC6683.out and proofs/PK_TLS_42BC6683.der
Signature verification succeeds
[TLS] Server time: 1619582403
[TLS] client_random  (32): CE5E1EA3DB855E20B19B894157D1A3F3A289B8C57E13389871B09F0D3E9DA52B
[TLS] sign_hash (32): BEEBB4CD735D1BDE8089596B01481CA79ED9F34C0B2F43E0B5D9AEF4ECD59BF4
[TLS] Written transcript to proofs/MSG_TLS_CE5E1EA3.out, proofs/SIG_TLS_CE5E1EA3.out and proofs/PK_TLS_CE5E1EA3.der
Signature verification succeeds
[TLS] Server time: 1619582403
[TLS] client_random  (32): 8F5EE00E1C0CCF758DE456BF5B42056FE66A01F09EEB90F94D52DB22AFB9249F
[TLS] sign_hash (32): EF9901EDD83713087ADD297A571CBA34AB99B5C5DDD1BF3B6C80F288FE5906BB
[TLS] Written transcript to proofs/MSG_TLS_8F5EE00E.out, proofs/SIG_TLS_8F5EE00E.out and proofs/PK_TLS_8F5EE00E.der
Signature verification succeeds
[TLS] Server time: 1619582403
[TLS] client_random  (32): 3039C2BD7CEB3C492624F7FFA97B13D4015F99BAA49D8B1CE3075B814CE607B8
[TLS] sign_hash (32): 5D6C5732FBE40118CA2AADE92F28FBA83F656D5334BC771E12DDE0B699D4E20F
[TLS] Written transcript to proofs/MSG_TLS_3039C2BD.out, proofs/SIG_TLS_3039C2BD.out and proofs/PK_TLS_3039C2BD.der
Signature verification succeeds
[TLS] Server time: 1619582403
[TLS] client_random  (32): AA37C471CF094E4874F935CB925EF2AD6399C9F6AA9C4BA2DC2ED62EE1B56B12
[TLS] sign_hash (32): 270F7A54BFD4A89D4768F5888105AFBBF97EAEE62208BC9293E8AE0951D3083F
[TLS] Written transcript to proofs/MSG_TLS_AA37C471.out, proofs/SIG_TLS_AA37C471.out and proofs/PK_TLS_AA37C471.der
Signature verification succeeds
[TLS] Server time: 1619582403
[TLS] client_random  (32): 3AE840D52E2583AA7CE54AC2F314F5AD63DBE898C551C9587CCD6CB3E09A0A27
[TLS] sign_hash (32): F4FEF7A0562B2F90530ED32E0484750BFFDE1E24271123B924C874A0372DA214
[TLS] Written transcript to proofs/MSG_TLS_3AE840D5.out, proofs/SIG_TLS_3AE840D5.out and proofs/PK_TLS_3AE840D5.der
Signature verification succeeds
[TLS] Server time: 1619582403
[TLS] client_random  (32): 250C963589604EF8CC73A5A5F2054059362EA3FF34FCDFE70E1A87AE78AB1962
[TLS] sign_hash (32): 5D4A14EAD58EAF4E824E7744BA7A2719500FBCE0FD76E0B709B982014AC67AF6
[TLS] Written transcript to proofs/MSG_TLS_250C9635.out, proofs/SIG_TLS_250C9635.out and proofs/PK_TLS_250C9635.der
Signature verification succeeds
[TLS] Server time: 1619582403
[TLS] client_random  (32): AECE236A103DD2CFD209147C6E0806E92F81578CFD15BD5CCCE06DF6807ADC3E
[TLS] sign_hash (32): AE88BB50B5A3C929567E40B39423A09D0645C2AE51E65437AC8914F9467BF096
[TLS] Written transcript to proofs/MSG_TLS_AECE236A.out, proofs/SIG_TLS_AECE236A.out and proofs/PK_TLS_AECE236A.der
Signature verification succeeds
[TLS] Server time: 1619582403
[TLS] client_random  (32): FC55AFE4622EC71DC5E06114356204260C4FDA08B0D7C5C299A9292947AB42D7
[TLS] sign_hash (32): 19E609BC59F1AB07C919D3D8D082F0E5ACA6BA2BF256F7F6F8FBC1D08EE25F6D
[TLS] Written transcript to proofs/MSG_TLS_FC55AFE4.out, proofs/SIG_TLS_FC55AFE4.out and proofs/PK_TLS_FC55AFE4.der
Signature verification succeeds
[TLS] Server time: 1619582403
[TLS] client_random  (32): 7C5F266CC747D8E48C7AC9CF37B8B47E35D834CB7F18EDADAA0EA6286D8B9872
[TLS] sign_hash (32): B80868D81270AFF5F4ABDE909905C51D4B2E7E9C29BC1980C1DBC47B9E0E72D6
[TLS] Written transcript to proofs/MSG_TLS_7C5F266C.out, proofs/SIG_TLS_7C5F266C.out and proofs/PK_TLS_7C5F266C.der
Signature verification succeeds
[TLS] Server time: 1619582403
[TLS] client_random  (32): 8591BCD4079E20A6F7B23DEEC0B0CAC3A7590B66000DD4B9354B0F09CB5A4AFA
[TLS] sign_hash (32): 73BC3AC8C72F5A6DA05B1C1C7000811BECF3D3BBECEC52971A019247141D3A2A
[TLS] Written transcript to proofs/MSG_TLS_8591BCD4.out, proofs/SIG_TLS_8591BCD4.out and proofs/PK_TLS_8591BCD4.der
Signature verification succeeds
Time breakdown (averages): anchor_ping:6.022191 file_read:0.132504 hashing:0.470924
Total time for 125 rounds is 834.233341ms
Standard deviations: anchor_ping:0.646453 file_read:0.012765 hashing:0.005799
[Client-side ops] mean:0.603428 sd:0.014035
in & out anchor rand written to proofs/phase1.out
    107 [TLS] Server time: 1619582402
     19 [TLS] Server time: 1619582403
Count is 107
Count is 19
success: 1
RESULT: 1 in 1 tries
