TLS anchor: holycross.ac.uk
Actual: 61, Set: 125
Beginning execution at Tue May 4 14:30:01 UTC 2021
CONF: anchor:holycross.ac.uk fs:1024MB n_rounds:125 seed:5c9f4bf9bbc15bb855f82faedc5a52fc3ab2dfa8ec3ba3ce1b270f31fa0cced2 filename:FILE bs:1024 nops:100 benchmarking:0 anchor_ping:1 queue_depth:32 direct:0
[TLS] Connecting to holycross.ac.uk
[TLS] Server time: 1620138602
[TLS] client_random  (32): 5C9F4BF9BBC15BB855F82FAEDC5A52FC3AB2DFA8EC3BA3CE1B270F31FA0CCED2
[TLS] sign_hash (32): 3B869A0A0750D8857C7B40F6AD14E3E9F57E19C8FE34D8C2E3E9208DCC45B3DE
[TLS] Written transcript to proofs/MSG_TLS_5C9F4BF9.out, proofs/SIG_TLS_5C9F4BF9.out and proofs/PK_TLS_5C9F4BF9.der
Signature verification succeeds
[TLS] Server time: 1620138602
[TLS] client_random  (32): 1F6EE4630DD5BB599953AB7D4FF7C4D756457213E9B19684904E089DC6B90308
[TLS] sign_hash (32): AE3AA431819F5A448C2E8380F46750C590AF7B0BEE894077F630BE2024BEEFF0
[TLS] Written transcript to proofs/MSG_TLS_1F6EE463.out, proofs/SIG_TLS_1F6EE463.out and proofs/PK_TLS_1F6EE463.der
Signature verification succeeds
[TLS] Server time: 1620138602
[TLS] client_random  (32): F067E7402327019C14AD240809B778AC3A334AB3D08F8E6E0AFD04CB3B5A5B88
[TLS] sign_hash (32): 363E6A80E5914B29F46C6DDBFE2D0C57615A27242D95529E9B52C38063F4F821
[TLS] Written transcript to proofs/MSG_TLS_F067E740.out, proofs/SIG_TLS_F067E740.out and proofs/PK_TLS_F067E740.der
Signature verification succeeds
[TLS] Server time: 1620138602
[TLS] client_random  (32): 61E9AB9B5A3074787FF149AB748AFDCC9232FD098695FDF277E5D1310A5C2578
[TLS] sign_hash (32): 75E3198E672C60CC0C9CAF02E3A35C4334853FBA8BC7AFAE99C4C972E56D83AD
[TLS] Written transcript to proofs/MSG_TLS_61E9AB9B.out, proofs/SIG_TLS_61E9AB9B.out and proofs/PK_TLS_61E9AB9B.der
Signature verification succeeds
[TLS] Server time: 1620138602
[TLS] client_random  (32): 5FF70A2905C1E6CEA44BA23FF7F6904B0C5117A15A768BB38C95237F41F2F71A
[TLS] sign_hash (32): D6FE33740E56D9253E3667D354412F5A3467A69622733EDA42EDEFC7920E02FC
[TLS] Written transcript to proofs/MSG_TLS_5FF70A29.out, proofs/SIG_TLS_5FF70A29.out and proofs/PK_TLS_5FF70A29.der
Signature verification succeeds
[TLS] Server time: 1620138602
[TLS] client_random  (32): 6C3BE54CDB9E9C30EAA416A8AA6286A0C2598018653EF71C261202B7027C4910
[TLS] sign_hash (32): 9FB103A9D473BA9E3328F585ACFFD9BE024A009F3526726E7B2ECE07FF1A85FF
[TLS] Written transcript to proofs/MSG_TLS_6C3BE54C.out, proofs/SIG_TLS_6C3BE54C.out and proofs/PK_TLS_6C3BE54C.der
Signature verification succeeds
[TLS] Server time: 1620138602
[TLS] client_random  (32): D23208A988955D74B6421117C6650D14F5F9222AD88CBA46BE86F2CDC49AA90D
[TLS] sign_hash (32): CCE410C759D21555ECD0B61C9B705DCB52D811CEBE841ECE8DB2FF32B61AF388
[TLS] Written transcript to proofs/MSG_TLS_D23208A9.out, proofs/SIG_TLS_D23208A9.out and proofs/PK_TLS_D23208A9.der
Signature verification succeeds
[TLS] Server time: 1620138602
[TLS] client_random  (32): 471B639A77D34EE0013F1D40CC7235394F6E995E672F192612A5820CD8B11090
[TLS] sign_hash (32): 3E897E6E62DBC71969DBFE3A06C23F2EB00B8507507AAD0A6C33A251D0EEEFAD
[TLS] Written transcript to proofs/MSG_TLS_471B639A.out, proofs/SIG_TLS_471B639A.out and proofs/PK_TLS_471B639A.der
Signature verification succeeds
[TLS] Server time: 1620138602
[TLS] client_random  (32): 7DD3F72A8DC5B0D4B8E1D54C50D1D05C15D24F881AFAA980704A4D7BA2652F76
[TLS] sign_hash (32): 051A5FDC5453374CE916C258EF689132DA838694C7A50B404DC1C41446DB741F
[TLS] Written transcript to proofs/MSG_TLS_7DD3F72A.out, proofs/SIG_TLS_7DD3F72A.out and proofs/PK_TLS_7DD3F72A.der
Signature verification succeeds
[TLS] Server time: 1620138602
[TLS] client_random  (32): B6173AD36A771E2B28271AC127EF35F7AB4F40B483E9E64496AC5CA4956D0733
[TLS] sign_hash (32): 0A133576FBBF3D006CB8305DB112B7A436C32E031D031241DBD0520924F6E44B
[TLS] Written transcript to proofs/MSG_TLS_B6173AD3.out, proofs/SIG_TLS_B6173AD3.out and proofs/PK_TLS_B6173AD3.der
Signature verification succeeds
[TLS] Server time: 1620138602
[TLS] client_random  (32): 416ABBD82379ADCC3A00C483098D5F58B971917ABBFD1B92B6FED92839A8542B
[TLS] sign_hash (32): CD0A42D58A716B58A135E15DEE6073CE21EA641CA7A91B17E3FAE845E7D810EA
[TLS] Written transcript to proofs/MSG_TLS_416ABBD8.out, proofs/SIG_TLS_416ABBD8.out and proofs/PK_TLS_416ABBD8.der
Signature verification succeeds
[TLS] Server time: 1620138602
[TLS] client_random  (32): 198E6BDCAF3D20B19DDA9F585690DC9A12E19E97B199C76AA4A573AD3878D573
[TLS] sign_hash (32): 89D75752CA948408ABE4931B241A23CC5D19437BC94498308CC46575366D905E
[TLS] Written transcript to proofs/MSG_TLS_198E6BDC.out, proofs/SIG_TLS_198E6BDC.out and proofs/PK_TLS_198E6BDC.der
Signature verification succeeds
[TLS] Server time: 1620138602
[TLS] client_random  (32): 238FF810830EAB7D004F9DA433D207077E32444A606EF261525ECD279DE08E9A
[TLS] sign_hash (32): 5938BA2ED7A4CD8D0927757CFEF4D5F60F0BCB73CF896C7E31D9496EC6F57850
[TLS] Written transcript to proofs/MSG_TLS_238FF810.out, proofs/SIG_TLS_238FF810.out and proofs/PK_TLS_238FF810.der
Signature verification succeeds
[TLS] Server time: 1620138602
[TLS] client_random  (32): 334DA56B9A13C64267C81D0A3BFFB2118620686B60025238C4BA466387908C38
[TLS] sign_hash (32): 5B89609EBB454EAEBECC1E5E585AB52BF2CFF1692B05094D39C3F6F66BBDE9E8
[TLS] Written transcript to proofs/MSG_TLS_334DA56B.out, proofs/SIG_TLS_334DA56B.out and proofs/PK_TLS_334DA56B.der
Signature verification succeeds
[TLS] Server time: 1620138602
[TLS] client_random  (32): 3399A27540A35A42A48EC1BE2F345A58E02E078127871C54921C6F0999127ABC
[TLS] sign_hash (32): 16EBD97A2029511707FA1767063084542862E833915FA9062CD6A8BA5DE741B7
[TLS] Written transcript to proofs/MSG_TLS_3399A275.out, proofs/SIG_TLS_3399A275.out and proofs/PK_TLS_3399A275.der
Signature verification succeeds
[TLS] Server time: 1620138602
[TLS] client_random  (32): 5BD3E6B058C0121CCDC8B549DB192A44761CDCF981D450D62B2F2786E0DCBC8C
[TLS] sign_hash (32): FEED2974D0344AEC6106AB412BAA79F9EB467294C64209F6091EA43B1277941F
[TLS] Written transcript to proofs/MSG_TLS_5BD3E6B0.out, proofs/SIG_TLS_5BD3E6B0.out and proofs/PK_TLS_5BD3E6B0.der
Signature verification succeeds
[TLS] Server time: 1620138602
[TLS] client_random  (32): 3D70EA5336B219E1C1C14B9774917A4CE00737DE405BDA6E431808B9672B753D
[TLS] sign_hash (32): 01506743B94A7011F12D1FCDE5338C715B19F8AD0BC3EFA3236173E5E467EF97
[TLS] Written transcript to proofs/MSG_TLS_3D70EA53.out, proofs/SIG_TLS_3D70EA53.out and proofs/PK_TLS_3D70EA53.der
Signature verification succeeds
[TLS] Server time: 1620138602
[TLS] client_random  (32): 3D36F35E67450226CDB46D15CDBBBA9B29437CE46AF4E5741C3BBC33C7312FCF
[TLS] sign_hash (32): A447CDFE6639CEE59D98744A84D3E76E406FEFDC2B14B993E50D4280BBB55618
[TLS] Written transcript to proofs/MSG_TLS_3D36F35E.out, proofs/SIG_TLS_3D36F35E.out and proofs/PK_TLS_3D36F35E.der
Signature verification succeeds
[TLS] Server time: 1620138602
[TLS] client_random  (32): 7A170D8E45BD8936B81B8D026BD3989C1B840F5F20D2FF39FBFE4A6DA8820BA0
[TLS] sign_hash (32): 4B168836472985A90719BA146F640D75479B0C4C93B950B0D804E847257AE81E
[TLS] Written transcript to proofs/MSG_TLS_7A170D8E.out, proofs/SIG_TLS_7A170D8E.out and proofs/PK_TLS_7A170D8E.der
Signature verification succeeds
[TLS] Server time: 1620138602
[TLS] client_random  (32): 98B0DC2D705188BD479D9EB629275DAC2E6EC2D6A0BC6EE9F0533460D9C08797
[TLS] sign_hash (32): 5534FEB33CAA7AF33A2BB21AE01ED1B7A482AF2CB83335B8FDFB65E0FBFDE420
[TLS] Written transcript to proofs/MSG_TLS_98B0DC2D.out, proofs/SIG_TLS_98B0DC2D.out and proofs/PK_TLS_98B0DC2D.der
Signature verification succeeds
[TLS] Server time: 1620138602
[TLS] client_random  (32): E1827C97276C80FC8E0784BEB137063F5781B78AB254588C5C45EC9C76C7A7A3
[TLS] sign_hash (32): 9C2089F113302EF3AF8362C47DC4F91A403487BFBA33AB80871C9D69BD8C00DE
[TLS] Written transcript to proofs/MSG_TLS_E1827C97.out, proofs/SIG_TLS_E1827C97.out and proofs/PK_TLS_E1827C97.der
Signature verification succeeds
[TLS] Server time: 1620138602
[TLS] client_random  (32): 65E31DA7D04AD48DA63F7FB0490BD66E71414C184DADC70D134D7D50BE26DA22
[TLS] sign_hash (32): DE9EF2FF3690E3C2D64969A1DC30B21BC151D0A02E52C7539DF771AA40CF4E01
[TLS] Written transcript to proofs/MSG_TLS_65E31DA7.out, proofs/SIG_TLS_65E31DA7.out and proofs/PK_TLS_65E31DA7.der
Signature verification succeeds
[TLS] Server time: 1620138602
[TLS] client_random  (32): 946F54AC64B41B0A2C4ADF6290BA0143C777CD4BC2AAA192C002BDBA850CC7AF
[TLS] sign_hash (32): A998546BE478F8C80F59B3025929A6100C2FE0A00323011D151F863F464D29A8
[TLS] Written transcript to proofs/MSG_TLS_946F54AC.out, proofs/SIG_TLS_946F54AC.out and proofs/PK_TLS_946F54AC.der
Signature verification succeeds
[TLS] Server time: 1620138602
[TLS] client_random  (32): 72C1D8E3514E9FD99005CA1269B5B24F5A1C93F9017DEE27E2A429656CB13596
[TLS] sign_hash (32): 9BB3F91B7CB767615D9187594C25FC823690A3E271A1C21AB54ED3F0489D6025
[TLS] Written transcript to proofs/MSG_TLS_72C1D8E3.out, proofs/SIG_TLS_72C1D8E3.out and proofs/PK_TLS_72C1D8E3.der
Signature verification succeeds
[TLS] Server time: 1620138602
[TLS] client_random  (32): B6DB5CE665E874371876DA942F964AD8C41E259293C0494311E24365C08313BB
[TLS] sign_hash (32): 2FEA2ABA3249077B5273795662EDB734DE7B1C6001238AFF95E6D6705270C673
[TLS] Written transcript to proofs/MSG_TLS_B6DB5CE6.out, proofs/SIG_TLS_B6DB5CE6.out and proofs/PK_TLS_B6DB5CE6.der
Signature verification succeeds
[TLS] Server time: 1620138602
[TLS] client_random  (32): FDD9A53BCFFD28B9E651173C5B55E97601F61CE4E4A84C90715542F00271B285
[TLS] sign_hash (32): 40184B2FBA921D1CEDC2E337264968FC700DC859E3123D66392EFE76570FAFC7
[TLS] Written transcript to proofs/MSG_TLS_FDD9A53B.out, proofs/SIG_TLS_FDD9A53B.out and proofs/PK_TLS_FDD9A53B.der
Signature verification succeeds
[TLS] Server time: 1620138602
[TLS] client_random  (32): 3D49AE415A3D7FAF16F1C5A9936705B37E679606EF7807969EC1BFDADE812BD7
[TLS] sign_hash (32): F1DFFB65D9EEEB86045E7DB2430C3BBA26F0975C6A230180B4729B7B1234AD38
[TLS] Written transcript to proofs/MSG_TLS_3D49AE41.out, proofs/SIG_TLS_3D49AE41.out and proofs/PK_TLS_3D49AE41.der
Signature verification succeeds
[TLS] Server time: 1620138602
[TLS] client_random  (32): 217AFAC4CFE3C2D18EC8F96DCD75DDDDCAF737479C12DB059146AB3E52B24E6D
[TLS] sign_hash (32): 0ADC676B4096EFF03C340BD06A5223EF246E04B29E940A5BA7EE5DAEE631F5D9
[TLS] Written transcript to proofs/MSG_TLS_217AFAC4.out, proofs/SIG_TLS_217AFAC4.out and proofs/PK_TLS_217AFAC4.der
Signature verification succeeds
[TLS] Server time: 1620138602
[TLS] client_random  (32): 2B676AB28D86942320EC0F0CD7D311A0A4FC887B5EC9711204DAFC359B8EED46
[TLS] sign_hash (32): C60073E7DE83DFEFA6BBAA9CB0DCFC6A78BEC19E7FC04E27FCA1B80959C7751F
[TLS] Written transcript to proofs/MSG_TLS_2B676AB2.out, proofs/SIG_TLS_2B676AB2.out and proofs/PK_TLS_2B676AB2.der
Signature verification succeeds
[TLS] Server time: 1620138602
[TLS] client_random  (32): C0CFD42C87B5ACDA51D66B2881B55F0E5D97E8C43A10A412B8C85994EBBF06B5
[TLS] sign_hash (32): 582D62CBDB6EBC03A8DBEBF5F6C60FE318192C2BE0E1207DC9E11343B6310B13
[TLS] Written transcript to proofs/MSG_TLS_C0CFD42C.out, proofs/SIG_TLS_C0CFD42C.out and proofs/PK_TLS_C0CFD42C.der
Signature verification succeeds
[TLS] Server time: 1620138602
[TLS] client_random  (32): E899C5B7E8272C5245933D709F8BB013E06DB1CAE8146068044C44C6380E6E8C
[TLS] sign_hash (32): 2C5E7B821B5C4B6B02CE0AFD2BD5D93753C13032FFD247A6D09A5A1E6DFC9FA6
[TLS] Written transcript to proofs/MSG_TLS_E899C5B7.out, proofs/SIG_TLS_E899C5B7.out and proofs/PK_TLS_E899C5B7.der
Signature verification succeeds
[TLS] Server time: 1620138602
[TLS] client_random  (32): C37A9F710C30914AA017595C35B53A9D6C5F7298FE0C2BDC55A81EAF89525A30
[TLS] sign_hash (32): 52C63CCD86F9034710119393EA82557D1F3ED32E8AA69BF0575706B54CB722FB
[TLS] Written transcript to proofs/MSG_TLS_C37A9F71.out, proofs/SIG_TLS_C37A9F71.out and proofs/PK_TLS_C37A9F71.der
Signature verification succeeds
[TLS] Server time: 1620138602
[TLS] client_random  (32): 36144C56868033510891C50F78A52836A1F65909DFCDD99C36D89FBC94ACDC54
[TLS] sign_hash (32): E8312F59EE73ED79805699836DC9B628D7E02AD1473E1820A68DDAD38FE6D963
[TLS] Written transcript to proofs/MSG_TLS_36144C56.out, proofs/SIG_TLS_36144C56.out and proofs/PK_TLS_36144C56.der
Signature verification succeeds
[TLS] Server time: 1620138602
[TLS] client_random  (32): 4E113DAEC4B792D1061010988E5D16898830D9C3F8C9DBBD8E8A54B40DBD8E25
[TLS] sign_hash (32): 051AC362F9D2848B4453E7FCB230F3B2015406FB975F77F886A077ABDADB21B2
[TLS] Written transcript to proofs/MSG_TLS_4E113DAE.out, proofs/SIG_TLS_4E113DAE.out and proofs/PK_TLS_4E113DAE.der
Signature verification succeeds
[TLS] Server time: 1620138602
[TLS] client_random  (32): 210069CBE7EFF59FAAEE0164CC7F24D1C33502BF302D8BFC541842C33A27A830
[TLS] sign_hash (32): 01CEE0911949A639C5D4A5E36F2F06662B8524758EC958C182E49D22F869ED42
[TLS] Written transcript to proofs/MSG_TLS_210069CB.out, proofs/SIG_TLS_210069CB.out and proofs/PK_TLS_210069CB.der
Signature verification succeeds
[TLS] Server time: 1620138602
[TLS] client_random  (32): 7530B519BE25AEF5A391CDA312372B7A26E3554C97404F0CDCE57BD839D766AF
[TLS] sign_hash (32): A2D999003E91C528EE2F7D65D3F862B5347B8C647BBB8EA10DC7D4B51D2485BE
[TLS] Written transcript to proofs/MSG_TLS_7530B519.out, proofs/SIG_TLS_7530B519.out and proofs/PK_TLS_7530B519.der
Signature verification succeeds
[TLS] Server time: 1620138602
[TLS] client_random  (32): 9CA51389718B1978F8B1A2DD564016E34031DADA25367D407EB8953A4AF2BB71
[TLS] sign_hash (32): EE34A8AA7527F40D049685EAEBF25F6B423ADA0E485BE42223B4563DA5E8F57A
[TLS] Written transcript to proofs/MSG_TLS_9CA51389.out, proofs/SIG_TLS_9CA51389.out and proofs/PK_TLS_9CA51389.der
Signature verification succeeds
[TLS] Server time: 1620138602
[TLS] client_random  (32): B4F7509BD79D8B85136F6193137FE7140EABFF1592364A0E29C907ACBF6C2B8F
[TLS] sign_hash (32): 0DC1022AB93F9552DB574F20DEED90FD957F43AEED08717446C0052D4EB65725
[TLS] Written transcript to proofs/MSG_TLS_B4F7509B.out, proofs/SIG_TLS_B4F7509B.out and proofs/PK_TLS_B4F7509B.der
Signature verification succeeds
[TLS] Server time: 1620138602
[TLS] client_random  (32): AB63DF1416CCC6448DE89093F590783BDF881317981AD8C2DCEA5E90150406AC
[TLS] sign_hash (32): D22E902FBCE8C8C1F69093BEBE7BAD6EC904EF52BF08D4A0A3ED16F06FD9B972
[TLS] Written transcript to proofs/MSG_TLS_AB63DF14.out, proofs/SIG_TLS_AB63DF14.out and proofs/PK_TLS_AB63DF14.der
Signature verification succeeds
[TLS] Server time: 1620138602
[TLS] client_random  (32): DCE9A25083ACDC548672E9A842E1FDAF8C4FF8044464F478B569B1A6A2D46AB0
[TLS] sign_hash (32): CB0FF10144BC472012798C364BDDE90E7B6F9B159E39A2BAEA3A87063E9B67AF
[TLS] Written transcript to proofs/MSG_TLS_DCE9A250.out, proofs/SIG_TLS_DCE9A250.out and proofs/PK_TLS_DCE9A250.der
Signature verification succeeds
[TLS] Server time: 1620138602
[TLS] client_random  (32): E1C0C6B69F1B2180484A3A18D7F0337BC2113CDFC61C0973DA550673ABFA3351
[TLS] sign_hash (32): C92C553C6CD4A69B7FB883EA209E5627B3DAF4FE1FA2EB13DA7E34C09CD4D697
[TLS] Written transcript to proofs/MSG_TLS_E1C0C6B6.out, proofs/SIG_TLS_E1C0C6B6.out and proofs/PK_TLS_E1C0C6B6.der
Signature verification succeeds
[TLS] Server time: 1620138602
[TLS] client_random  (32): 9FD8B423EE3888C3C965BC59F8C53DE3D7E1090B51EE8C8C7A1D08A64CE8ACFA
[TLS] sign_hash (32): A4BFED320B2455066C7D457034DEF0AE86106B8A405D9B42EE9AA22E055E0D4E
[TLS] Written transcript to proofs/MSG_TLS_9FD8B423.out, proofs/SIG_TLS_9FD8B423.out and proofs/PK_TLS_9FD8B423.der
Signature verification succeeds
[TLS] Server time: 1620138602
[TLS] client_random  (32): 0E96E8EE84B207821721305A24CB336536D4EE5F412B2FB7D760F870DA1A988D
[TLS] sign_hash (32): CEBDF09AB423AB438149E5558ACF1C1F548B168A4B85292101B72C8384C210A7
[TLS] Written transcript to proofs/MSG_TLS_0E96E8EE.out, proofs/SIG_TLS_0E96E8EE.out and proofs/PK_TLS_0E96E8EE.der
Signature verification succeeds
[TLS] Server time: 1620138602
[TLS] client_random  (32): 16C647593F59E5DC57741929CBD2DBF9F6CB884D2272E2E557CDFCB72E508251
[TLS] sign_hash (32): DF3B83621183B3EB96708E775F57E28D22FEA0989E0209C4B363EB2159D90F7F
[TLS] Written transcript to proofs/MSG_TLS_16C64759.out, proofs/SIG_TLS_16C64759.out and proofs/PK_TLS_16C64759.der
Signature verification succeeds
[TLS] Server time: 1620138602
[TLS] client_random  (32): AD4F68A69C09A98468FCF0E5CE0D78EF7F91E0D6EEFC9AE059B7E8D998D0DB89
[TLS] sign_hash (32): D1A1080750BE48DE002666AA26042265FDB9AC43C014A4EB969E5554A84AB2BD
[TLS] Written transcript to proofs/MSG_TLS_AD4F68A6.out, proofs/SIG_TLS_AD4F68A6.out and proofs/PK_TLS_AD4F68A6.der
Signature verification succeeds
[TLS] Server time: 1620138602
[TLS] client_random  (32): 78527E9971DA07F768F190B103B04FD4AE21B210351107E0E957B3FED1D3DA4E
[TLS] sign_hash (32): B8040895E1CBF6F42AD5B119EE017EC00A1A81C62F0B3E2A4B2C9F62353CF24C
[TLS] Written transcript to proofs/MSG_TLS_78527E99.out, proofs/SIG_TLS_78527E99.out and proofs/PK_TLS_78527E99.der
Signature verification succeeds
[TLS] Server time: 1620138602
[TLS] client_random  (32): BE2C5AEA40934B53CF5C20D9E3F1BC131DFF97FA07E65529AD3512A61ECD54A9
[TLS] sign_hash (32): 8A72CBDAE4C73E484DFBB43B7CD38D0F540070288208EF585E95FF29AE6E4D9D
[TLS] Written transcript to proofs/MSG_TLS_BE2C5AEA.out, proofs/SIG_TLS_BE2C5AEA.out and proofs/PK_TLS_BE2C5AEA.der
Signature verification succeeds
[TLS] Server time: 1620138602
[TLS] client_random  (32): 27716798A05C7B482EA891A2709E8F3C3BF2A23F16C28623C1413E870AF0C0EA
[TLS] sign_hash (32): BB6E8D34EF28B086296762040EA231ECE2427AC7D783240305BA92E072232401
[TLS] Written transcript to proofs/MSG_TLS_27716798.out, proofs/SIG_TLS_27716798.out and proofs/PK_TLS_27716798.der
Signature verification succeeds
[TLS] Server time: 1620138602
[TLS] client_random  (32): B2F9F7ABDF0156FB9F98CBC9406631773EA9C3244DA0F2E5A5B2F0AC860DED84
[TLS] sign_hash (32): 311B185560566DBFCCDF569445C4196FAAC4E277A9867B116FFC52C8884E95A9
[TLS] Written transcript to proofs/MSG_TLS_B2F9F7AB.out, proofs/SIG_TLS_B2F9F7AB.out and proofs/PK_TLS_B2F9F7AB.der
Signature verification succeeds
[TLS] Server time: 1620138602
[TLS] client_random  (32): C16B7DCDC49DF9B16079018C8C821E10F14444D3C6A3936EA4D85C58AAE8B8E2
[TLS] sign_hash (32): 2F23EC839D6D180EA37FEAA2CDF84CC9792BAD47A8B3E90689CBBD1D0561D21F
[TLS] Written transcript to proofs/MSG_TLS_C16B7DCD.out, proofs/SIG_TLS_C16B7DCD.out and proofs/PK_TLS_C16B7DCD.der
Signature verification succeeds
[TLS] Server time: 1620138602
[TLS] client_random  (32): 8A00CFD80881C9FED29AF2D84D2201271E53451471F4CC18D1BD861E24F23AF8
[TLS] sign_hash (32): 54D3E257428A35CA548F6DC72C5A751D6E1D91C390CA2A9344BABC26246E93C1
[TLS] Written transcript to proofs/MSG_TLS_8A00CFD8.out, proofs/SIG_TLS_8A00CFD8.out and proofs/PK_TLS_8A00CFD8.der
Signature verification succeeds
[TLS] Server time: 1620138602
[TLS] client_random  (32): A8D41126FEA38263A0424FFC4C53D1DFFC2972234479B18B130228EAFAF7839A
[TLS] sign_hash (32): 0F6E83F4DDF338823139D8F9551B77166C641B6446BF8367796BC4240B9A400B
[TLS] Written transcript to proofs/MSG_TLS_A8D41126.out, proofs/SIG_TLS_A8D41126.out and proofs/PK_TLS_A8D41126.der
Signature verification succeeds
[TLS] Server time: 1620138602
[TLS] client_random  (32): 481D3BC17E70FBFA9AC3861DD598F6C5A89F8A6EDE2700142DEEEFC4025B0A7E
[TLS] sign_hash (32): 1E8A6064AC03180E4CB404A156BED52D7432BD2F1BAE98CED71B8A2A6B7ACC8D
[TLS] Written transcript to proofs/MSG_TLS_481D3BC1.out, proofs/SIG_TLS_481D3BC1.out and proofs/PK_TLS_481D3BC1.der
Signature verification succeeds
[TLS] Server time: 1620138602
[TLS] client_random  (32): 5EBCCF03C0F7FB50E524AAE65340E0638670AAF6308EFCBCDB14C40E8B3FF7AA
[TLS] sign_hash (32): 54BCA5F87DD13E2D0E8C186FCA31127CFBE77741BF2CCB82647E29B3D38807A5
[TLS] Written transcript to proofs/MSG_TLS_5EBCCF03.out, proofs/SIG_TLS_5EBCCF03.out and proofs/PK_TLS_5EBCCF03.der
Signature verification succeeds
[TLS] Server time: 1620138602
[TLS] client_random  (32): 89BD26DDB933A36D59603BE01097CF697F568CAEE47AEBE322B2F996223DE640
[TLS] sign_hash (32): 745ABF11B5CA472919E9D2A9FC4E921BB3A3768F25216DE512EC2F4BBEA48A25
[TLS] Written transcript to proofs/MSG_TLS_89BD26DD.out, proofs/SIG_TLS_89BD26DD.out and proofs/PK_TLS_89BD26DD.der
Signature verification succeeds
[TLS] Server time: 1620138602
[TLS] client_random  (32): B5B4909B4E3BD0EDFE312E2C5D478A8649F8A43ABEA0234E55690D7B0B21944B
[TLS] sign_hash (32): 93E81C1AFF5BD34EB5351731F4E83A7EADC026B35DAC8642FEDB41649863647A
[TLS] Written transcript to proofs/MSG_TLS_B5B4909B.out, proofs/SIG_TLS_B5B4909B.out and proofs/PK_TLS_B5B4909B.der
Signature verification succeeds
[TLS] Server time: 1620138602
[TLS] client_random  (32): 39B79CC1124FDE4B545E526124032191982E8052FF1DEA8AE99F14B9D2E8E94A
[TLS] sign_hash (32): 76481DF40992DF6783E05BE1EDE3361C4335089F83BEE5017DD898A9741376EA
[TLS] Written transcript to proofs/MSG_TLS_39B79CC1.out, proofs/SIG_TLS_39B79CC1.out and proofs/PK_TLS_39B79CC1.der
Signature verification succeeds
[TLS] Server time: 1620138602
[TLS] client_random  (32): DEBE0917510D7E4587FF837292E5E612EA5901E72914ADA488EE9A6BEEAC50E4
[TLS] sign_hash (32): B5E55A21057A2C800B601C30AE8D949C7575E6693D52C3BE1827FC3CC4918877
[TLS] Written transcript to proofs/MSG_TLS_DEBE0917.out, proofs/SIG_TLS_DEBE0917.out and proofs/PK_TLS_DEBE0917.der
Signature verification succeeds
[TLS] Server time: 1620138602
[TLS] client_random  (32): C06975A1C685C845A8027F7C8E8FF963BCD6D626BD4A09F736D3426EA6BC61EA
[TLS] sign_hash (32): E9205DAFE3381DA927BA26C447E62B0632078BE66AC785A9B2C95DFC4796E475
[TLS] Written transcript to proofs/MSG_TLS_C06975A1.out, proofs/SIG_TLS_C06975A1.out and proofs/PK_TLS_C06975A1.der
Signature verification succeeds
[TLS] Server time: 1620138602
[TLS] client_random  (32): FF58FCCB544A76DE7050F3C475ED701DD5A52AA80EE4BE7208AA1F1563CC3ED3
[TLS] sign_hash (32): 2A9210748DA8B4CAC24BF1F24F8CF354F778E080E4515A45552BFDD63A6D7BFB
[TLS] Written transcript to proofs/MSG_TLS_FF58FCCB.out, proofs/SIG_TLS_FF58FCCB.out and proofs/PK_TLS_FF58FCCB.der
Signature verification succeeds
[TLS] Server time: 1620138602
[TLS] client_random  (32): 2D7CA15138D5C6BA2F586384B86E015A3DCA7C725E32C3FC575CB2D8553D7AA3
[TLS] sign_hash (32): 4B35C5F8DE4D394BF89A7227FCA7FF221EBB7C0AA926B43644B8E5FA5280E2F3
[TLS] Written transcript to proofs/MSG_TLS_2D7CA151.out, proofs/SIG_TLS_2D7CA151.out and proofs/PK_TLS_2D7CA151.der
Signature verification succeeds
[TLS] Server time: 1620138602
[TLS] client_random  (32): A46F4EBBE6D5C3BC3349AB870023116A764DB0B36E1E1854D8899C1E5ADA2662
[TLS] sign_hash (32): 7D6957557D5386BC2F4EE96C9A1B191847994FC6C5E1FC7E9DE5883C7A338044
[TLS] Written transcript to proofs/MSG_TLS_A46F4EBB.out, proofs/SIG_TLS_A46F4EBB.out and proofs/PK_TLS_A46F4EBB.der
Signature verification succeeds
[TLS] Server time: 1620138602
[TLS] client_random  (32): B073992B823C0369679022728B341D0EA4B5112661D4C60629674A2E05D758DC
[TLS] sign_hash (32): F6612FF10EFF2311B2D77BDAEC4AD0885B0749B7491D24B495486A84146B6B27
[TLS] Written transcript to proofs/MSG_TLS_B073992B.out, proofs/SIG_TLS_B073992B.out and proofs/PK_TLS_B073992B.der
Signature verification succeeds
[TLS] Server time: 1620138602
[TLS] client_random  (32): A4027F92D65764E17F2C202EBEB2CC7905A89BC413E2FA9A753CD3512A05963D
[TLS] sign_hash (32): 89C797AE8AE7770A734AEE23FE056F5B2AF3C6585379D493EE67C2504D30CBE6
[TLS] Written transcript to proofs/MSG_TLS_A4027F92.out, proofs/SIG_TLS_A4027F92.out and proofs/PK_TLS_A4027F92.der
Signature verification succeeds
[TLS] Server time: 1620138602
[TLS] client_random  (32): 5F7D3E5A2F4D1BEA7264A4BB2EDB8AB79D244DF83F0AFE438CC39F7A58FBC5A6
[TLS] sign_hash (32): 99C8B4E1249C08BF8DAA3802197DB3180A8EB5760313FFA47003CB3B167B0312
[TLS] Written transcript to proofs/MSG_TLS_5F7D3E5A.out, proofs/SIG_TLS_5F7D3E5A.out and proofs/PK_TLS_5F7D3E5A.der
Signature verification succeeds
[TLS] Server time: 1620138602
[TLS] client_random  (32): 7217796F39020CA7C6A3EA9532C494B76114064DDF10F7DC4EE718F4AB0205ED
[TLS] sign_hash (32): 6B46F8C873A13241DD709D3EB82D0FFE820A93CD7DACCBEF8671CA0B21291AA1
[TLS] Written transcript to proofs/MSG_TLS_7217796F.out, proofs/SIG_TLS_7217796F.out and proofs/PK_TLS_7217796F.der
Signature verification succeeds
[TLS] Server time: 1620138602
[TLS] client_random  (32): A842D6F2EDFDDB9B1F1F1352B3DD4F5EEBCCDA4B250583082B71F60164558B6E
[TLS] sign_hash (32): 72D9DEDFA68231B064604EF39582BBB1FB3A514C5AD380690BA501CED90EE29C
[TLS] Written transcript to proofs/MSG_TLS_A842D6F2.out, proofs/SIG_TLS_A842D6F2.out and proofs/PK_TLS_A842D6F2.der
Signature verification succeeds
[TLS] Server time: 1620138602
[TLS] client_random  (32): 2C1AAAE4794E86B0181CF8C26B9A56DD5EF55E98C9F805137A536A163CCD7302
[TLS] sign_hash (32): 66BC2A30A2F7A32553EC1BB75ADBC44FCEED24301CB1DFC66DC60D4E0E9E0CA7
[TLS] Written transcript to proofs/MSG_TLS_2C1AAAE4.out, proofs/SIG_TLS_2C1AAAE4.out and proofs/PK_TLS_2C1AAAE4.der
Signature verification succeeds
[TLS] Server time: 1620138602
[TLS] client_random  (32): E14D4CCE0A9CE8753A4ABD6B90B7BF113F4DE6E26D3757C2234210EC845A6792
[TLS] sign_hash (32): 2E539CE2A35D5F2400B883F5559241770442279F8A71C2CFACDADEE15BCBE6AC
[TLS] Written transcript to proofs/MSG_TLS_E14D4CCE.out, proofs/SIG_TLS_E14D4CCE.out and proofs/PK_TLS_E14D4CCE.der
Signature verification succeeds
[TLS] Server time: 1620138602
[TLS] client_random  (32): 2F047DDE2CB6800A615768CC483B00E739C10331AF88B5C25FC6D4BEBE265927
[TLS] sign_hash (32): A41A894AF5F13D8BA642C6C53973F747F74C35E8AD14C7A7E86D30A64B70415F
[TLS] Written transcript to proofs/MSG_TLS_2F047DDE.out, proofs/SIG_TLS_2F047DDE.out and proofs/PK_TLS_2F047DDE.der
Signature verification succeeds
[TLS] Server time: 1620138602
[TLS] client_random  (32): E859F373A194C095862825024DCB9C47AE64700E523E845BD07DD3E58C720E3E
[TLS] sign_hash (32): 27809FAB065742543F31F0552497E5690AB63A59D66D487351F0CAA6954A5702
[TLS] Written transcript to proofs/MSG_TLS_E859F373.out, proofs/SIG_TLS_E859F373.out and proofs/PK_TLS_E859F373.der
Signature verification succeeds
[TLS] Server time: 1620138602
[TLS] client_random  (32): CB718B5D988F22825974B39C8210557E301BD4AFC68D77A16C56D57268F91346
[TLS] sign_hash (32): 9DCCF6BC8D0790AF71DDD2EFA53344EE1909FBBB9C95A75D046CD7E2518ED8CC
[TLS] Written transcript to proofs/MSG_TLS_CB718B5D.out, proofs/SIG_TLS_CB718B5D.out and proofs/PK_TLS_CB718B5D.der
Signature verification succeeds
[TLS] Server time: 1620138602
[TLS] client_random  (32): 96BA35821AE7C25C31EE72675F11865D9CF317E428B7ABD8160906D03B5B3976
[TLS] sign_hash (32): 79A25C49FA2615C8C524614D4EF14710EAD4589A990B13D015CA55B3B3131C17
[TLS] Written transcript to proofs/MSG_TLS_96BA3582.out, proofs/SIG_TLS_96BA3582.out and proofs/PK_TLS_96BA3582.der
Signature verification succeeds
[TLS] Server time: 1620138602
[TLS] client_random  (32): 9FFFAD28B19DC7D56145C5A36B7DCC12FBD2F16778C9796966383A45CF18DD56
[TLS] sign_hash (32): D11C108DCBDA0E81E1C1CDC4C379A01104AC661AE68F7A8C11234A3319642E86
[TLS] Written transcript to proofs/MSG_TLS_9FFFAD28.out, proofs/SIG_TLS_9FFFAD28.out and proofs/PK_TLS_9FFFAD28.der
Signature verification succeeds
[TLS] Server time: 1620138602
[TLS] client_random  (32): 0042D52DC15B8ED8635C5964384A907D25412C9EACB44EDC2DD008FFD2170F0B
[TLS] sign_hash (32): CAF817EFB434C64D0C45788EF80D630B5BFB713B5505F122AB31AC0B291EB461
[TLS] Written transcript to proofs/MSG_TLS_0042D52D.out, proofs/SIG_TLS_0042D52D.out and proofs/PK_TLS_0042D52D.der
Signature verification succeeds
[TLS] Server time: 1620138602
[TLS] client_random  (32): 770B84970FDDDE377D0AA007E64A67075E3AF66ADA096C82746B89A46E391933
[TLS] sign_hash (32): 5444DDD98E2923364B45AE9F09595B528D0CD34B68E1ADCD13616E83A98E652D
[TLS] Written transcript to proofs/MSG_TLS_770B8497.out, proofs/SIG_TLS_770B8497.out and proofs/PK_TLS_770B8497.der
Signature verification succeeds
[TLS] Server time: 1620138602
[TLS] client_random  (32): EF12380080F47533FBA4B5EA9AA2CDD337893176BBC38879090D01284AFA3B12
[TLS] sign_hash (32): 1878555051DCE05E5AA1671CEA59BC2F5B1E9E2930DD90C267D4E24E88341C30
[TLS] Written transcript to proofs/MSG_TLS_EF123800.out, proofs/SIG_TLS_EF123800.out and proofs/PK_TLS_EF123800.der
Signature verification succeeds
[TLS] Server time: 1620138602
[TLS] client_random  (32): 13ABE1B11904E7658A67C9E6D875BF03E524B945D619099B21392BAD7B785C87
[TLS] sign_hash (32): C3525672C9BAA355E876FD5FE686681FF3C5AC1BDA6A0D2926A0A847FFEBA09A
[TLS] Written transcript to proofs/MSG_TLS_13ABE1B1.out, proofs/SIG_TLS_13ABE1B1.out and proofs/PK_TLS_13ABE1B1.der
Signature verification succeeds
[TLS] Server time: 1620138602
[TLS] client_random  (32): EF631B8E2E04DE5B9F3744B37C1C6CC6D33DA6824EF0FEBC14A9F3C739A72254
[TLS] sign_hash (32): EDDD7AECBF1F3D40511EF386E5B26E2BB35827054164528EEC6E6D26B855C870
[TLS] Written transcript to proofs/MSG_TLS_EF631B8E.out, proofs/SIG_TLS_EF631B8E.out and proofs/PK_TLS_EF631B8E.der
Signature verification succeeds
[TLS] Server time: 1620138602
[TLS] client_random  (32): FD8A98C6FE01C2E357F0D6BCA7E46B6C5289427AD33F4DFB7B291FB156FC6EBB
[TLS] sign_hash (32): C205D460A2D31F74132D3B3A5430EB9A7B2A1498B365203345C5D2D77F8C27D7
[TLS] Written transcript to proofs/MSG_TLS_FD8A98C6.out, proofs/SIG_TLS_FD8A98C6.out and proofs/PK_TLS_FD8A98C6.der
Signature verification succeeds
[TLS] Server time: 1620138602
[TLS] client_random  (32): D5E3035ABF728393FCEB32CA3A73E532D71879C4C3574920CBB81A8EC89C0DF9
[TLS] sign_hash (32): 063938740258D829AB9B5EF66970C5655961C8B0C5A1C2BE9C1AB26F2A61D94E
[TLS] Written transcript to proofs/MSG_TLS_D5E3035A.out, proofs/SIG_TLS_D5E3035A.out and proofs/PK_TLS_D5E3035A.der
Signature verification succeeds
[TLS] Server time: 1620138602
[TLS] client_random  (32): 863AF30DE4457A93D69CC780D7DB6B212ADE82F985252DBF0F3B8CF1FB6EA6EB
[TLS] sign_hash (32): 3BB12B1A6CAAAB9C6FF8D34D5B867BB084A59141BBB301ADD2AE0E8670FB06A9
[TLS] Written transcript to proofs/MSG_TLS_863AF30D.out, proofs/SIG_TLS_863AF30D.out and proofs/PK_TLS_863AF30D.der
Signature verification succeeds
[TLS] Server time: 1620138602
[TLS] client_random  (32): BC28BEA70F9EAB9A7D056CBE1E15E078E33DF54F068AB3B17A8F65EB4B8CFF4D
[TLS] sign_hash (32): E01181D570A0460A3579AFFD8D3EBB7CF76E994166FF98336C036A58E4F33503
[TLS] Written transcript to proofs/MSG_TLS_BC28BEA7.out, proofs/SIG_TLS_BC28BEA7.out and proofs/PK_TLS_BC28BEA7.der
Signature verification succeeds
[TLS] Server time: 1620138602
[TLS] client_random  (32): 50CA7B5D0076A41ED329669D0A51B18C8B5A7B0D6EAE9A0AB5281C0E2CB80220
[TLS] sign_hash (32): C86DB728F740F5F9666F022CA86919779C2AEE880B83ED20B3F93C106A093488
[TLS] Written transcript to proofs/MSG_TLS_50CA7B5D.out, proofs/SIG_TLS_50CA7B5D.out and proofs/PK_TLS_50CA7B5D.der
Signature verification succeeds
[TLS] Server time: 1620138602
[TLS] client_random  (32): 7425F30DA13F29C731067877D50DDACB1546B9FB494D17E3CDC4295CB74169DE
[TLS] sign_hash (32): B7458F40E8C0C0D3BFA9520185CC0A322BF49169791899580E3EE8CE69265216
[TLS] Written transcript to proofs/MSG_TLS_7425F30D.out, proofs/SIG_TLS_7425F30D.out and proofs/PK_TLS_7425F30D.der
Signature verification succeeds
[TLS] Server time: 1620138602
[TLS] client_random  (32): 940AAF60B1AEDA37F3179880FCD8F89148B83129624C933F7E5077F83D919857
[TLS] sign_hash (32): 748468400E69EE3BD66A4DA090C6EB8E3BBEA9398B9E9E0299684D00C07FE3F8
[TLS] Written transcript to proofs/MSG_TLS_940AAF60.out, proofs/SIG_TLS_940AAF60.out and proofs/PK_TLS_940AAF60.der
Signature verification succeeds
[TLS] Server time: 1620138602
[TLS] client_random  (32): 7EDEE391C1B4421D6DD15A991FBA543937749AF0E70D583E8F0D77902306969A
[TLS] sign_hash (32): 250501934BEF11112D0B6280BFF587772BC50F1C3CBC77BCAB5F07F193F47173
[TLS] Written transcript to proofs/MSG_TLS_7EDEE391.out, proofs/SIG_TLS_7EDEE391.out and proofs/PK_TLS_7EDEE391.der
Signature verification succeeds
[TLS] Server time: 1620138602
[TLS] client_random  (32): 131D76ABBEA9EC3A3E31D22A5CD8E7121C62649073FF3D9F9E9B9A937D8D603E
[TLS] sign_hash (32): 1E76E99B43E06CD1B427F02B6CEA9CAA3800EEF9CB25C2D63F6E75DA74E4E875
[TLS] Written transcript to proofs/MSG_TLS_131D76AB.out, proofs/SIG_TLS_131D76AB.out and proofs/PK_TLS_131D76AB.der
Signature verification succeeds
[TLS] Server time: 1620138602
[TLS] client_random  (32): CE924543D81BA5C4E0BCA12158357CCF64E63D03400C943A73D25EFB01E734E5
[TLS] sign_hash (32): E192A89FE7F208A4AE5CAF8DC828F243587D8CE2496533CC4308D7EB4F17E244
[TLS] Written transcript to proofs/MSG_TLS_CE924543.out, proofs/SIG_TLS_CE924543.out and proofs/PK_TLS_CE924543.der
Signature verification succeeds
[TLS] Server time: 1620138602
[TLS] client_random  (32): 8A1D30379BDBB7E4402F3EBB7DD4AE2065E94E57925F3BDB9555CF1AD954D4AD
[TLS] sign_hash (32): C20DD320BE02CB9C6FC014C4E0B60390C59304BBD275816EF75B5A874D95CB16
[TLS] Written transcript to proofs/MSG_TLS_8A1D3037.out, proofs/SIG_TLS_8A1D3037.out and proofs/PK_TLS_8A1D3037.der
Signature verification succeeds
[TLS] Server time: 1620138602
[TLS] client_random  (32): 62378D8BB1A15E58F72909456A4B36FE4EEA33CCAA5337C50CEADF48714717CB
[TLS] sign_hash (32): BC88C2F4038E276F7BA4FB8C230E99FC6222A25AACAEBFEF1863885EA8503AA6
[TLS] Written transcript to proofs/MSG_TLS_62378D8B.out, proofs/SIG_TLS_62378D8B.out and proofs/PK_TLS_62378D8B.der
Signature verification succeeds
[TLS] Server time: 1620138602
[TLS] client_random  (32): D1D772F1CCFE5056ABB665BFE7C8CF99F7D81358E0A351C5DE70DD6254193AD2
[TLS] sign_hash (32): E990C1312D90E4D87C8ADA49554669B29F6C37DA47629A41084BECD5A7DC0A6F
[TLS] Written transcript to proofs/MSG_TLS_D1D772F1.out, proofs/SIG_TLS_D1D772F1.out and proofs/PK_TLS_D1D772F1.der
Signature verification succeeds
[TLS] Server time: 1620138602
[TLS] client_random  (32): DC51CB09A5F246F33BE8F033466C41AD16DEBF1CE6B9E018E6690B46AF4F1658
[TLS] sign_hash (32): 7A55B3E9A850C906B30EDF19262D7F2DBAD76FB3E8DCBB3DDE120B9294A3712F
[TLS] Written transcript to proofs/MSG_TLS_DC51CB09.out, proofs/SIG_TLS_DC51CB09.out and proofs/PK_TLS_DC51CB09.der
Signature verification succeeds
[TLS] Server time: 1620138602
[TLS] client_random  (32): D50FA9AC2A8B529A2243E687D86B96D9D869EDB6CBB0671A7E4437C1A4DA3887
[TLS] sign_hash (32): 58A07A742875FB496A64C7A9176E41BD330C2E24E1120BC8069F735603E74827
[TLS] Written transcript to proofs/MSG_TLS_D50FA9AC.out, proofs/SIG_TLS_D50FA9AC.out and proofs/PK_TLS_D50FA9AC.der
Signature verification succeeds
[TLS] Server time: 1620138602
[TLS] client_random  (32): E30575CB237195CF9DBDC023B4E42EC6215602ED78A0C57074D9EE448541CB28
[TLS] sign_hash (32): 23849DE0BAFC66E1FA87A1E67096A66DACE9218F008A025B3467642F269EEC58
[TLS] Written transcript to proofs/MSG_TLS_E30575CB.out, proofs/SIG_TLS_E30575CB.out and proofs/PK_TLS_E30575CB.der
Signature verification succeeds
[TLS] Server time: 1620138602
[TLS] client_random  (32): 8202B01A3626A93A8FFD7A19E2EF367D711C5C386F4D61A19E96705CB110B432
[TLS] sign_hash (32): BC83C00770BF7E0EA8B4875DC789433B11584E282BF37ADAA829BD51E331313B
[TLS] Written transcript to proofs/MSG_TLS_8202B01A.out, proofs/SIG_TLS_8202B01A.out and proofs/PK_TLS_8202B01A.der
Signature verification succeeds
[TLS] Server time: 1620138602
[TLS] client_random  (32): 2D4E159B182F2587721F9C3D8B708408A98F24D027338D75E392D3D815093160
[TLS] sign_hash (32): C60A6CBF850E68A275DDEB798B4EAD6132413DF913CD4829E374BEC2C122E1A4
[TLS] Written transcript to proofs/MSG_TLS_2D4E159B.out, proofs/SIG_TLS_2D4E159B.out and proofs/PK_TLS_2D4E159B.der
Signature verification succeeds
[TLS] Server time: 1620138602
[TLS] client_random  (32): 6997093F2392845CAB75CDFCED651DFD00EB2EDE5B4C691D6154175D764D816C
[TLS] sign_hash (32): E2B8878D98FAF0AED7ADE04BA8E721A42154439D3D772683861F4292CCFA1D41
[TLS] Written transcript to proofs/MSG_TLS_6997093F.out, proofs/SIG_TLS_6997093F.out and proofs/PK_TLS_6997093F.der
Signature verification succeeds
[TLS] Server time: 1620138602
[TLS] client_random  (32): C1427EAEAFDE63820B03F86B5AEFE70B0962E3C0A178363FA01EEA83D455F377
[TLS] sign_hash (32): 1515F9FF79A0091535AF32EDE779FE59015F99E8552FFC4DBA56F58C25AEF28A
[TLS] Written transcript to proofs/MSG_TLS_C1427EAE.out, proofs/SIG_TLS_C1427EAE.out and proofs/PK_TLS_C1427EAE.der
Signature verification succeeds
[TLS] Server time: 1620138602
[TLS] client_random  (32): FD53B2DD6AEE7AB3AC3EF2AC7B3005DD01D28F8C4A8A4F4C5A1837B49EB0995B
[TLS] sign_hash (32): D3C715221C64436BBA3DE0C0C0387BE7ADE21A6B9DF809A61258B3B86BBDFFB8
[TLS] Written transcript to proofs/MSG_TLS_FD53B2DD.out, proofs/SIG_TLS_FD53B2DD.out and proofs/PK_TLS_FD53B2DD.der
Signature verification succeeds
[TLS] Server time: 1620138602
[TLS] client_random  (32): 6E51996660794915A9BC3A2C775D5A69FBB9B9171BC2A9245C5BF30695953939
[TLS] sign_hash (32): 64E0A5E4E448AE86492D29C006B2EBB3CC50F50E59D91BE7A20EC1EE08D737A4
[TLS] Written transcript to proofs/MSG_TLS_6E519966.out, proofs/SIG_TLS_6E519966.out and proofs/PK_TLS_6E519966.der
Signature verification succeeds
[TLS] Server time: 1620138602
[TLS] client_random  (32): FE8A8CE4A9DA5C526957329C831A8B04A68133628AA23721F42A086E7A9DBB8F
[TLS] sign_hash (32): 666D604006A7C7BDDB344FF7D4E8FC17A29D612E580333604966B9E27EEF4C1E
[TLS] Written transcript to proofs/MSG_TLS_FE8A8CE4.out, proofs/SIG_TLS_FE8A8CE4.out and proofs/PK_TLS_FE8A8CE4.der
Signature verification succeeds
[TLS] Server time: 1620138602
[TLS] client_random  (32): F10E3FFA6895B34607D7EC17E68EAD4FD89E81D70A6A4C7F967233A4CBE84C51
[TLS] sign_hash (32): 66B44B2E3364EEE054DD0A1C003DD8D97593600725FE22C1FD72EC89A357F00C
[TLS] Written transcript to proofs/MSG_TLS_F10E3FFA.out, proofs/SIG_TLS_F10E3FFA.out and proofs/PK_TLS_F10E3FFA.der
Signature verification succeeds
[TLS] Server time: 1620138602
[TLS] client_random  (32): 82F918A60C9E895973195427FE55327ADA1DC7486547A813E9BC5CEDEDA0ADC9
[TLS] sign_hash (32): 1E1E4EF94D767F0FB90EEB16263F42FF408A5132C021E5D41BCE2454FCDB88EE
[TLS] Written transcript to proofs/MSG_TLS_82F918A6.out, proofs/SIG_TLS_82F918A6.out and proofs/PK_TLS_82F918A6.der
Signature verification succeeds
[TLS] Server time: 1620138602
[TLS] client_random  (32): B8C719AB5EC72EDCB034F9022D5A0F24582C67D76AEE9A666203B9134B19522E
[TLS] sign_hash (32): 69EED0BE3A5C6856EAB2FF6A7F7C4FCFE42916E9CFD86EFCF1CEDCEE953CBEAF
[TLS] Written transcript to proofs/MSG_TLS_B8C719AB.out, proofs/SIG_TLS_B8C719AB.out and proofs/PK_TLS_B8C719AB.der
Signature verification succeeds
[TLS] Server time: 1620138602
[TLS] client_random  (32): 186BE0A37F0E03AF3606F5CD19540F149209ACAFB88F6F73729BFCCDCB7F304F
[TLS] sign_hash (32): 524355931890DC8DF3B66AE11180E16B6B81F61076AB2761F03C5855BCCA5A4B
[TLS] Written transcript to proofs/MSG_TLS_186BE0A3.out, proofs/SIG_TLS_186BE0A3.out and proofs/PK_TLS_186BE0A3.der
Signature verification succeeds
[TLS] Server time: 1620138602
[TLS] client_random  (32): 1868AA52017D013AF679B3E0D7C49D25C63847A9E372AE40CD928F3F55694B22
[TLS] sign_hash (32): 294BEB08F0FCB37510F90A3B1962FCB6F7857D9EA2EE0986476571073527E6A0
[TLS] Written transcript to proofs/MSG_TLS_1868AA52.out, proofs/SIG_TLS_1868AA52.out and proofs/PK_TLS_1868AA52.der
Signature verification succeeds
[TLS] Server time: 1620138602
[TLS] client_random  (32): 0E4562F4E265685E5365299C1054D6FF2DF5E8E42D1C5AF618D93F4B63CEDE79
[TLS] sign_hash (32): 7EB5D48AE9C0FF492036DC93DB766E8EBCE9CCAFCA983C0E6367E03B66FEE5A1
[TLS] Written transcript to proofs/MSG_TLS_0E4562F4.out, proofs/SIG_TLS_0E4562F4.out and proofs/PK_TLS_0E4562F4.der
Signature verification succeeds
[TLS] Server time: 1620138602
[TLS] client_random  (32): 0E34B751AA49350C770C2578D77D8EF0B96D06DF8F2727B8C089689C8451C54E
[TLS] sign_hash (32): 5A3A3D746919C93356BE6180EFF9A819F0F1218703FB23EF95D536DB520076E8
[TLS] Written transcript to proofs/MSG_TLS_0E34B751.out, proofs/SIG_TLS_0E34B751.out and proofs/PK_TLS_0E34B751.der
Signature verification succeeds
[TLS] Server time: 1620138602
[TLS] client_random  (32): C63D270A6C515F692D860C5D9071BFC98CB10F967A4838B3BD60D2D0F8B4D043
[TLS] sign_hash (32): A7B83EFC00C00339562CBD58A2F7BEA03A2900657344F65AEAE295FD9AE279A6
[TLS] Written transcript to proofs/MSG_TLS_C63D270A.out, proofs/SIG_TLS_C63D270A.out and proofs/PK_TLS_C63D270A.der
Signature verification succeeds
[TLS] Server time: 1620138602
[TLS] client_random  (32): C2CBBAFD8D4AFF2B048EB71E3339D655C91A410070328211D70018567CFF109D
[TLS] sign_hash (32): 255E0D53C7534E1CBD6B6310E7081518CCA2A3BD2D720650C46B77D7DF96359D
[TLS] Written transcript to proofs/MSG_TLS_C2CBBAFD.out, proofs/SIG_TLS_C2CBBAFD.out and proofs/PK_TLS_C2CBBAFD.der
Signature verification succeeds
[TLS] Server time: 1620138602
[TLS] client_random  (32): 718018B5FADF1F6B9CF618B2C05E911C6CA209003C2F50F4A60EE958AB2EAFF3
[TLS] sign_hash (32): FCB4B141D78504357FD6B7BCA600EF8975A30710F2FEADF38098DF9C94D38E03
[TLS] Written transcript to proofs/MSG_TLS_718018B5.out, proofs/SIG_TLS_718018B5.out and proofs/PK_TLS_718018B5.der
Signature verification succeeds
[TLS] Server time: 1620138602
[TLS] client_random  (32): 84FF55DA618D049B9E14D801AD0255BBADE5124B468A220064E242CD7426512F
[TLS] sign_hash (32): 5F8B762AFEB4DCA77A6FA1339D5923C226E17EB99A9D317431C6A36F59CEFA31
[TLS] Written transcript to proofs/MSG_TLS_84FF55DA.out, proofs/SIG_TLS_84FF55DA.out and proofs/PK_TLS_84FF55DA.der
Signature verification succeeds
[TLS] Server time: 1620138602
[TLS] client_random  (32): B265162719D5B24310049E7F2C55510221A55240F178F2115DFB165B436DDCB8
[TLS] sign_hash (32): 806503D01EC6135ABE0D0FA22D9CCC5EFAC1FDE95874096E9555B813310F80CF
[TLS] Written transcript to proofs/MSG_TLS_B2651627.out, proofs/SIG_TLS_B2651627.out and proofs/PK_TLS_B2651627.der
Signature verification succeeds
[TLS] Server time: 1620138602
[TLS] client_random  (32): BC4BE5F9AADF060CA06261A37931C80E2196D8140821D4C15FA7E0D67125EC96
[TLS] sign_hash (32): 781BBE7083ACC9E391B68D572906C6EEE030CF69B5B15A231822739DB3271956
[TLS] Written transcript to proofs/MSG_TLS_BC4BE5F9.out, proofs/SIG_TLS_BC4BE5F9.out and proofs/PK_TLS_BC4BE5F9.der
Signature verification succeeds
[TLS] Server time: 1620138602
[TLS] client_random  (32): 8E74A4985668C952AC95C8EF18CC3A82C713EB22A874D08D14CB1A6C0A10C1DD
[TLS] sign_hash (32): B4FA438E25E9DF18E42B1CB93FA79233B2119B8DB435E701DBF323CC20D496E3
[TLS] Written transcript to proofs/MSG_TLS_8E74A498.out, proofs/SIG_TLS_8E74A498.out and proofs/PK_TLS_8E74A498.der
Signature verification succeeds
[TLS] Server time: 1620138602
[TLS] client_random  (32): 3A168E49C35D66DDD61EFB15F1F55B62385FD95EEF81F29D99B9212CE857010C
[TLS] sign_hash (32): 65C717FEEEC78EAE5407654C1746F1E309070E0F46BE913F5E5822C870648F55
[TLS] Written transcript to proofs/MSG_TLS_3A168E49.out, proofs/SIG_TLS_3A168E49.out and proofs/PK_TLS_3A168E49.der
Signature verification succeeds
[TLS] Server time: 1620138602
[TLS] client_random  (32): 0BE428A90C5819EA655C2B524B90405DF1A386C24C8114312D1E934D9B08EC30
[TLS] sign_hash (32): 23324CA503D3F85A69C0C12F98F19640C8E01141C96429EFD846D54F85C57344
[TLS] Written transcript to proofs/MSG_TLS_0BE428A9.out, proofs/SIG_TLS_0BE428A9.out and proofs/PK_TLS_0BE428A9.der
Signature verification succeeds
[TLS] Server time: 1620138602
[TLS] client_random  (32): 1CA1F7D85E0597BD7832CA756A98F5069591B6BB62991DB41067125C66BDC374
[TLS] sign_hash (32): 36D0238FF5909F5CC2CF78E7511531D7B5F97F4D3F0E99617BF847F1FC0A4E00
[TLS] Written transcript to proofs/MSG_TLS_1CA1F7D8.out, proofs/SIG_TLS_1CA1F7D8.out and proofs/PK_TLS_1CA1F7D8.der
Signature verification succeeds
[TLS] Server time: 1620138603
[TLS] client_random  (32): 5ED0FD21162D4E670183A8CC12EA955A17BE9794AAA5964A5CE27022191B0D41
[TLS] sign_hash (32): 13E2BB0B4943282F96B001B7D14BC86B63F0208A97467BD553C720E1B67B7D23
[TLS] Written transcript to proofs/MSG_TLS_5ED0FD21.out, proofs/SIG_TLS_5ED0FD21.out and proofs/PK_TLS_5ED0FD21.der
Signature verification succeeds
[TLS] Server time: 1620138603
[TLS] client_random  (32): 1C13369FF923612B5604FB02E6AF8416C1AEDA850FFF989A25D31327A2721BB8
[TLS] sign_hash (32): 0B3C2AE4B07ADD535F44A2904E580A1BC64BFC6D7D970B5E2681B9F0E92FE89F
[TLS] Written transcript to proofs/MSG_TLS_1C13369F.out, proofs/SIG_TLS_1C13369F.out and proofs/PK_TLS_1C13369F.der
Signature verification succeeds
[TLS] Server time: 1620138603
[TLS] client_random  (32): 7B15805D73EEC4FE8A5CDBBA763E75E6DF927B4F9CA9E24CEC55F71CF5D47A31
[TLS] sign_hash (32): DCB4AA44E975D129475196C1EE8066E739D6C0E1F3511D008597512F0DE3B469
[TLS] Written transcript to proofs/MSG_TLS_7B15805D.out, proofs/SIG_TLS_7B15805D.out and proofs/PK_TLS_7B15805D.der
Signature verification succeeds
[TLS] Server time: 1620138603
[TLS] client_random  (32): 9A30D4A482407E2E344D63322EFDE0489961BA71C0290F6CAF9895FC91F8B866
[TLS] sign_hash (32): DBFA904825E0C40501512BD62A45BB967D52903E31C76C63A4D1C82F88EA4468
[TLS] Written transcript to proofs/MSG_TLS_9A30D4A4.out, proofs/SIG_TLS_9A30D4A4.out and proofs/PK_TLS_9A30D4A4.der
Signature verification succeeds
[TLS] Server time: 1620138603
[TLS] client_random  (32): 33C507C1A7D76FBC549B7417EDA69D269AECC964A4D36C2B2261FD3485A15B88
[TLS] sign_hash (32): B1B9006D48EF793E016F7144F481144EFD7594CBEDA16484DFF3B80CA1E21539
[TLS] Written transcript to proofs/MSG_TLS_33C507C1.out, proofs/SIG_TLS_33C507C1.out and proofs/PK_TLS_33C507C1.der
Signature verification succeeds
[TLS] Server time: 1620138603
[TLS] client_random  (32): BECAAE5D311BB61EBF254F880ABA2E1FBF7486F7FE18EE9C868383F0C23792C3
[TLS] sign_hash (32): 0D3D702657F11B5D95ACDCE002FE6D3F5594899C9D07909A452C3839B59F7694
[TLS] Written transcript to proofs/MSG_TLS_BECAAE5D.out, proofs/SIG_TLS_BECAAE5D.out and proofs/PK_TLS_BECAAE5D.der
Signature verification succeeds
[TLS] Server time: 1620138603
[TLS] client_random  (32): 2E96B3DB8571EBD4E2AA7F2EC8921670F50DA592213D291A40AD46EF236D1EBD
[TLS] sign_hash (32): 449C257F938A7BAB175C7250016E068B096527BE312CE720BCC6D590CC110DC5
[TLS] Written transcript to proofs/MSG_TLS_2E96B3DB.out, proofs/SIG_TLS_2E96B3DB.out and proofs/PK_TLS_2E96B3DB.der
Signature verification succeeds
Time breakdown (averages): anchor_ping:5.802310 file_read:0.140113 hashing:0.470919
Total time for 125 rounds is 807.480658ms
Standard deviations: anchor_ping:0.898861 file_read:0.013675 hashing:0.005399
[Client-side ops] mean:0.611032 sd:0.014619
in & out anchor rand written to proofs/phase1.out
    119 [TLS] Server time: 1620138602
      7 [TLS] Server time: 1620138603
Count is 119
Count is 7
success: 1
RESULT: 1 in 1 tries
