TLS anchor: holycross.ac.uk
Actual: 61, Set: 125
Beginning execution at Sun May 2 01:00:01 UTC 2021
CONF: anchor:holycross.ac.uk fs:1024MB n_rounds:125 seed:5c9f4bf9bbc15bb855f82faedc5a52fc3ab2dfa8ec3ba3ce1b270f31fa0cced2 filename:FILE bs:1024 nops:100 benchmarking:0 anchor_ping:1 queue_depth:32 direct:0
[TLS] Connecting to holycross.ac.uk
[TLS] Server time: 1619917202
[TLS] client_random  (32): 5C9F4BF9BBC15BB855F82FAEDC5A52FC3AB2DFA8EC3BA3CE1B270F31FA0CCED2
[TLS] sign_hash (32): 2832CB81D0B37E7AF5DC5411CF5871D8989C7D2750304D5E4865009634B59B9F
[TLS] Written transcript to proofs/MSG_TLS_5C9F4BF9.out, proofs/SIG_TLS_5C9F4BF9.out and proofs/PK_TLS_5C9F4BF9.der
Signature verification succeeds
[TLS] Server time: 1619917202
[TLS] client_random  (32): 102233E0394FE95560DC770D6777E9F86BBCAE856C16F61C0375115FCA5FAE76
[TLS] sign_hash (32): 7378AEC0AA411DA9A31998AB0F37AF2D27F555280E55681EAFC91644C91864CE
[TLS] Written transcript to proofs/MSG_TLS_102233E0.out, proofs/SIG_TLS_102233E0.out and proofs/PK_TLS_102233E0.der
Signature verification succeeds
[TLS] Server time: 1619917202
[TLS] client_random  (32): EDE4945FC148F529FACEA74D08F6513D4A8DF617027BDA5F730772A104F25F0C
[TLS] sign_hash (32): 87E8FAEA1487C170DA7EA9B269D06987D77CFE123B7EE72D6217B4C709377ED9
[TLS] Written transcript to proofs/MSG_TLS_EDE4945F.out, proofs/SIG_TLS_EDE4945F.out and proofs/PK_TLS_EDE4945F.der
Signature verification succeeds
[TLS] Server time: 1619917202
[TLS] client_random  (32): CDBE95C4E8D05040255F69D7A77308EC13B58FD71EEFDC2122CBA7F95A186D7A
[TLS] sign_hash (32): 7D25783F83E50FDECD7D4974B3603A139CE8678F93E25720360BE0399B86F0CA
[TLS] Written transcript to proofs/MSG_TLS_CDBE95C4.out, proofs/SIG_TLS_CDBE95C4.out and proofs/PK_TLS_CDBE95C4.der
Signature verification succeeds
[TLS] Server time: 1619917202
[TLS] client_random  (32): FF455D7AA7B0127F3314761486E61ABBCDEAA54116CC822C6E89C47A1CC784A8
[TLS] sign_hash (32): CF0B6B030373864BC910E3ABA6F8A32103AED682C62D3DB2429457B79A795136
[TLS] Written transcript to proofs/MSG_TLS_FF455D7A.out, proofs/SIG_TLS_FF455D7A.out and proofs/PK_TLS_FF455D7A.der
Signature verification succeeds
[TLS] Server time: 1619917202
[TLS] client_random  (32): 2A9AF03CC16D4A8ACE57DD46E0CB92C71B4F4492868681997AA56C6746A0AE20
[TLS] sign_hash (32): 4320D4C40FA1F4A511DBBCCC438D02EBD6A474CAFF6716EC8C45A78ABD5F4FD1
[TLS] Written transcript to proofs/MSG_TLS_2A9AF03C.out, proofs/SIG_TLS_2A9AF03C.out and proofs/PK_TLS_2A9AF03C.der
Signature verification succeeds
[TLS] Server time: 1619917202
[TLS] client_random  (32): B657D732E332807452886C65DDCDF3A078A0F964713D65B06354B7E2CA23CC01
[TLS] sign_hash (32): C9B7FC4E3E2EC9B4021F1D56168F9A45E8B2DB86A98BA5AAEA8171746563BBA1
[TLS] Written transcript to proofs/MSG_TLS_B657D732.out, proofs/SIG_TLS_B657D732.out and proofs/PK_TLS_B657D732.der
Signature verification succeeds
[TLS] Server time: 1619917202
[TLS] client_random  (32): F14FCBC4F4CE323BD1B9DD8F63F562A378109AA7FF61FF10B6533C642258B162
[TLS] sign_hash (32): E8AACD43D1F7162C8B350D68562F9074E632976C934D2BD8074FE5BE638961DF
[TLS] Written transcript to proofs/MSG_TLS_F14FCBC4.out, proofs/SIG_TLS_F14FCBC4.out and proofs/PK_TLS_F14FCBC4.der
Signature verification succeeds
[TLS] Server time: 1619917202
[TLS] client_random  (32): AEDF63A14DC9F0B0E78C7A858DDB06DFA8B97CD17EB9FB1087537FB724AE7052
[TLS] sign_hash (32): 5357BE1DBF6B4C3A2A596D5896888397D9E6EEEFE97F5F29C5F1E81936CE2828
[TLS] Written transcript to proofs/MSG_TLS_AEDF63A1.out, proofs/SIG_TLS_AEDF63A1.out and proofs/PK_TLS_AEDF63A1.der
Signature verification succeeds
[TLS] Server time: 1619917202
[TLS] client_random  (32): 238245505FDDF6882CDC09132F8581B79762CF260B0966C5414E130F29132D97
[TLS] sign_hash (32): D569BDED12920E9FFD26ABD2D3FE8776F591FAE4AA3EAD6F428F3C8F736D9E59
[TLS] Written transcript to proofs/MSG_TLS_23824550.out, proofs/SIG_TLS_23824550.out and proofs/PK_TLS_23824550.der
Signature verification succeeds
[TLS] Server time: 1619917202
[TLS] client_random  (32): A84FF1A2EB319C0A250F55CE85CF239F33C1DD16017F607690FF4F5BE4164E5B
[TLS] sign_hash (32): 60C21E4FEE8F4EAF47545C3B2DA25C897295C1046B9C86BE87B57537239ADC7F
[TLS] Written transcript to proofs/MSG_TLS_A84FF1A2.out, proofs/SIG_TLS_A84FF1A2.out and proofs/PK_TLS_A84FF1A2.der
Signature verification succeeds
[TLS] Server time: 1619917202
[TLS] client_random  (32): 500DB74AE8A132A4A398FDF80A07313A07C4595E58C52C98B56763B577F6813B
[TLS] sign_hash (32): DEBADDEA85D1225B542E6A170DE638A201FE81E4E5B7F6829A29AFE4D33E516A
[TLS] Written transcript to proofs/MSG_TLS_500DB74A.out, proofs/SIG_TLS_500DB74A.out and proofs/PK_TLS_500DB74A.der
Signature verification succeeds
[TLS] Server time: 1619917202
[TLS] client_random  (32): B677411C0359D021E2DABB94B5F9A36F483DCD1987594EC13742FC9A1CCA7318
[TLS] sign_hash (32): F14E721F32376BD66817CE845FABCEAD61ADEC461005F3B3F842A386A88F13DC
[TLS] Written transcript to proofs/MSG_TLS_B677411C.out, proofs/SIG_TLS_B677411C.out and proofs/PK_TLS_B677411C.der
Signature verification succeeds
[TLS] Server time: 1619917202
[TLS] client_random  (32): C13C45DE841C35249816EDB676E1764DE3E8D59C333BF3A31FA7DA8B6DB44E0F
[TLS] sign_hash (32): 6119946661782548BC2C5613FCAD4E17784587B5D17A62CA615AF181617B542F
[TLS] Written transcript to proofs/MSG_TLS_C13C45DE.out, proofs/SIG_TLS_C13C45DE.out and proofs/PK_TLS_C13C45DE.der
Signature verification succeeds
[TLS] Server time: 1619917202
[TLS] client_random  (32): 8AC0A50FF80C07633136DCF43BB60E35ECD35F0C84C21C942AC674530F79679F
[TLS] sign_hash (32): 283FF1E0F8707CAFB03DFA7E4BB3278BC8D4CDE0459CEDA0001A3E04CD3B6F30
[TLS] Written transcript to proofs/MSG_TLS_8AC0A50F.out, proofs/SIG_TLS_8AC0A50F.out and proofs/PK_TLS_8AC0A50F.der
Signature verification succeeds
[TLS] Server time: 1619917202
[TLS] client_random  (32): D7D7925774A4B23AA021ABE650FBE65E8E63447447BE3C93CB2975212B8C8CBE
[TLS] sign_hash (32): 2F55CB30A80A570B4755F3F97151F41BF5A3485D22CD29003F130E40C4C00503
[TLS] Written transcript to proofs/MSG_TLS_D7D79257.out, proofs/SIG_TLS_D7D79257.out and proofs/PK_TLS_D7D79257.der
Signature verification succeeds
[TLS] Server time: 1619917202
[TLS] client_random  (32): 5A3099DCE73D3BCAA2F6F9ACEC3851DC2388F1016E1CA975A32111BFCB0B9FAE
[TLS] sign_hash (32): 1736A81D2B6995BDB0ECE8AE7B6CCAD545D224003676B87EB88DC8F866168472
[TLS] Written transcript to proofs/MSG_TLS_5A3099DC.out, proofs/SIG_TLS_5A3099DC.out and proofs/PK_TLS_5A3099DC.der
Signature verification succeeds
[TLS] Server time: 1619917202
[TLS] client_random  (32): 704422A40471D2AAA30F6E540ADF883EFA7EC74A085187A275A43F1870769BDB
[TLS] sign_hash (32): 27632A6DB52537EEB21FE4E84A0210C0DCF089DEE16FA5ACAF7FD4CED5478159
[TLS] Written transcript to proofs/MSG_TLS_704422A4.out, proofs/SIG_TLS_704422A4.out and proofs/PK_TLS_704422A4.der
Signature verification succeeds
[TLS] Server time: 1619917202
[TLS] client_random  (32): 9BB8DFED4A39E08E4746FE652A3E706D225A5CB746076E04A7BECAF1486E7EA3
[TLS] sign_hash (32): 47B828996580350C4925F0C10D71A7392FF7C0563074F581E316BAB45358A1F9
[TLS] Written transcript to proofs/MSG_TLS_9BB8DFED.out, proofs/SIG_TLS_9BB8DFED.out and proofs/PK_TLS_9BB8DFED.der
Signature verification succeeds
[TLS] Server time: 1619917202
[TLS] client_random  (32): B596D9AE6F2DF52F2FD94406A983C61E2FC9300CCE43BDBEFAF2FB3BEA6D9FD1
[TLS] sign_hash (32): 4AE523C7F61266D19B945DD6580F1E23C0A5D04E61B94BFBBF35C577B2F0A5C4
[TLS] Written transcript to proofs/MSG_TLS_B596D9AE.out, proofs/SIG_TLS_B596D9AE.out and proofs/PK_TLS_B596D9AE.der
Signature verification succeeds
[TLS] Server time: 1619917202
[TLS] client_random  (32): A99B42DEE5EA98FEFBEBBAE82693A7CAC05E7C6C48EFE98F03B99EC7AC5CEF68
[TLS] sign_hash (32): 96391ADAB10C1159452476884A042FF83081DAF9E1D493EEB00E2C3D33328EEB
[TLS] Written transcript to proofs/MSG_TLS_A99B42DE.out, proofs/SIG_TLS_A99B42DE.out and proofs/PK_TLS_A99B42DE.der
Signature verification succeeds
[TLS] Server time: 1619917202
[TLS] client_random  (32): BEE8E2D88BA7822EB48952449FD1F27762D0A170763F2ADEBD8F27BFFB0EB977
[TLS] sign_hash (32): E364B37DD2D294D0044F12FAEFD1287DDA9C8A7422145994DBCAC2C9F9CCD851
[TLS] Written transcript to proofs/MSG_TLS_BEE8E2D8.out, proofs/SIG_TLS_BEE8E2D8.out and proofs/PK_TLS_BEE8E2D8.der
Signature verification succeeds
[TLS] Server time: 1619917202
[TLS] client_random  (32): 2839EECAFE547957488D8E23A7B3B16B85DF1C5406F071B32B798C1D20AB6C4A
[TLS] sign_hash (32): 69E0D03CC11F45C2EB2DBAD2F5710A5FF3DA218BC39FB22DE359CCCE618ACF0C
[TLS] Written transcript to proofs/MSG_TLS_2839EECA.out, proofs/SIG_TLS_2839EECA.out and proofs/PK_TLS_2839EECA.der
Signature verification succeeds
[TLS] Server time: 1619917202
[TLS] client_random  (32): 6232DDAC051708FEED78A43A22F207AEC2BEB909BFA52326F931D2558A1E99D1
[TLS] sign_hash (32): D1572B3533A1AE7E8D1C820298675FA6691072A93C26271047268E06F5EA4FB5
[TLS] Written transcript to proofs/MSG_TLS_6232DDAC.out, proofs/SIG_TLS_6232DDAC.out and proofs/PK_TLS_6232DDAC.der
Signature verification succeeds
[TLS] Server time: 1619917202
[TLS] client_random  (32): D31A4FA547E41A224FAA10FB6F6AA72AE0590EB423C8DA6862173EC8CA8AC82E
[TLS] sign_hash (32): 8FDDBC0E5AB5C118438DA615CDDE736E9470DA9264707B3C7BE79F9A869425AE
[TLS] Written transcript to proofs/MSG_TLS_D31A4FA5.out, proofs/SIG_TLS_D31A4FA5.out and proofs/PK_TLS_D31A4FA5.der
Signature verification succeeds
[TLS] Server time: 1619917202
[TLS] client_random  (32): A9ADBA4A2FC4D76B3A54E95C78CE9C844D48A426CD0C6F2B3AE4F9BE1218C632
[TLS] sign_hash (32): F8B0F5228D6505E133FCEE7AF2E67CE086FE14BE180F053399DA6DA5DCE3376B
[TLS] Written transcript to proofs/MSG_TLS_A9ADBA4A.out, proofs/SIG_TLS_A9ADBA4A.out and proofs/PK_TLS_A9ADBA4A.der
Signature verification succeeds
[TLS] Server time: 1619917202
[TLS] client_random  (32): E640ACE6C2BF7B3946775E3ACF5284CDAAD86D3E5A2BFE6E94715A7F4A1CC907
[TLS] sign_hash (32): CD1EFCC7F80D3593A30D84BE3A66A81B87E4AC2B97068EFB8ADEB1C480D7AC69
[TLS] Written transcript to proofs/MSG_TLS_E640ACE6.out, proofs/SIG_TLS_E640ACE6.out and proofs/PK_TLS_E640ACE6.der
Signature verification succeeds
[TLS] Server time: 1619917202
[TLS] client_random  (32): 1E4DCB26EDD06E4EB9270B02C74378DC94AE950305E94243EDA91E6444AC17DF
[TLS] sign_hash (32): B9393F0D4C0CDA465339FFF3B609701E4DCD4853410048DB508B396AFD11A40E
[TLS] Written transcript to proofs/MSG_TLS_1E4DCB26.out, proofs/SIG_TLS_1E4DCB26.out and proofs/PK_TLS_1E4DCB26.der
Signature verification succeeds
[TLS] Server time: 1619917202
[TLS] client_random  (32): 306BC5A6730BCB6C23A887E42EF7B9D86AA53983E26E762E290ED4A53370E55A
[TLS] sign_hash (32): C4CFCC42A871651F0F934BF575EB33FD19C67D9CC73623192DED5BE58D0B0E11
[TLS] Written transcript to proofs/MSG_TLS_306BC5A6.out, proofs/SIG_TLS_306BC5A6.out and proofs/PK_TLS_306BC5A6.der
Signature verification succeeds
[TLS] Server time: 1619917202
[TLS] client_random  (32): 928C104DADBADEF15C9A8945C2F6393840F14A53052E82F79784A2130BCA8187
[TLS] sign_hash (32): 81DF04CF8F8A68E1D288A42DC5AFD2FB9CF1B2FC0CFCA2E09ACE9D03015E4562
[TLS] Written transcript to proofs/MSG_TLS_928C104D.out, proofs/SIG_TLS_928C104D.out and proofs/PK_TLS_928C104D.der
Signature verification succeeds
[TLS] Server time: 1619917202
[TLS] client_random  (32): 3744CB920DE178FBC05109D7C05E4B64FA9A03A5AA6C0D8CB856E27BD73017E9
[TLS] sign_hash (32): 53C9E9757E93DA40353A21206AD2526BCC65513DB647D6E59FD7465C8D859F05
[TLS] Written transcript to proofs/MSG_TLS_3744CB92.out, proofs/SIG_TLS_3744CB92.out and proofs/PK_TLS_3744CB92.der
Signature verification succeeds
[TLS] Server time: 1619917202
[TLS] client_random  (32): 5D52CECEAA1254247699120B258363778D194B2965532CD3E99710F314C18BFB
[TLS] sign_hash (32): F9C691B33351ABF2CD1611A400B536E8FB2CC426B86CC79818E66CE68ED08BA7
[TLS] Written transcript to proofs/MSG_TLS_5D52CECE.out, proofs/SIG_TLS_5D52CECE.out and proofs/PK_TLS_5D52CECE.der
Signature verification succeeds
[TLS] Server time: 1619917202
[TLS] client_random  (32): 11A10A2791A219F9D4F206C73855E63789325E0815EC66BAE4C5F6093F707BBC
[TLS] sign_hash (32): 08E79FA00749848DB2296072F965C53687B50A374C08B9E12101BB4466BB62D8
[TLS] Written transcript to proofs/MSG_TLS_11A10A27.out, proofs/SIG_TLS_11A10A27.out and proofs/PK_TLS_11A10A27.der
Signature verification succeeds
[TLS] Server time: 1619917202
[TLS] client_random  (32): B7CB9D2F2762A8DED3186000DE434B2BED0D23486936301314F92657453BD2B5
[TLS] sign_hash (32): 65752B5D1A060167ED4D216A6878D1BF3A1E7D3489FAB87DC4EEF43E80A8C7D9
[TLS] Written transcript to proofs/MSG_TLS_B7CB9D2F.out, proofs/SIG_TLS_B7CB9D2F.out and proofs/PK_TLS_B7CB9D2F.der
Signature verification succeeds
[TLS] Server time: 1619917202
[TLS] client_random  (32): 1BACB1345FEEF728A87A9A9CC9EB42E45264C503F856611B3994D0C56C2A889B
[TLS] sign_hash (32): 79DE0AF1FBADDCD6EBFF71B0FD0B412C8913BC7AF78FFB795CC4C2BBA31F5CA6
[TLS] Written transcript to proofs/MSG_TLS_1BACB134.out, proofs/SIG_TLS_1BACB134.out and proofs/PK_TLS_1BACB134.der
Signature verification succeeds
[TLS] Server time: 1619917202
[TLS] client_random  (32): 2BF1C5FBEDC20AB06D38EA7D21C742F595F408B228AF80236E0F5AB7AA60BAC9
[TLS] sign_hash (32): 811EEC32277C68E9CAD9876A96F891C6A49E3E6B5A8DC7F56113F1C39A90CB36
[TLS] Written transcript to proofs/MSG_TLS_2BF1C5FB.out, proofs/SIG_TLS_2BF1C5FB.out and proofs/PK_TLS_2BF1C5FB.der
Signature verification succeeds
[TLS] Server time: 1619917202
[TLS] client_random  (32): 15D5B6764E87038C414B423A3296A1D01C2D90CF443C66E5D59E57494791BCB1
[TLS] sign_hash (32): 1DF1F01E52AB524CE2EA09DA820658A38A3F5FD5ED5467631F17F8A917487B3E
[TLS] Written transcript to proofs/MSG_TLS_15D5B676.out, proofs/SIG_TLS_15D5B676.out and proofs/PK_TLS_15D5B676.der
Signature verification succeeds
[TLS] Server time: 1619917202
[TLS] client_random  (32): 0467ED1C9029612B83DFD6BC094A7C2AB5C91C17173CAA897B0473C6B1FDD93D
[TLS] sign_hash (32): F71A4031F209BF636010BF66056AEFFCEAD92B4FE0FC47DBF86931BF09329B04
[TLS] Written transcript to proofs/MSG_TLS_0467ED1C.out, proofs/SIG_TLS_0467ED1C.out and proofs/PK_TLS_0467ED1C.der
Signature verification succeeds
[TLS] Server time: 1619917202
[TLS] client_random  (32): 637E4681EB0E5FE9AEA906984CD8CA30A1EFEC0C3DFE8B1F676E4D9BC497AEAF
[TLS] sign_hash (32): 1FFA15FBC149457F35468CC3C3576EC02E8AC7E6DA3BE678E56CEDDA2EF8A098
[TLS] Written transcript to proofs/MSG_TLS_637E4681.out, proofs/SIG_TLS_637E4681.out and proofs/PK_TLS_637E4681.der
Signature verification succeeds
[TLS] Server time: 1619917202
[TLS] client_random  (32): 2C7E731A2300BE758622191A30EFF2E8A658A5E1D7E51C3DCBFD39D9B10809D5
[TLS] sign_hash (32): 6F235AE335E096C6D670B7B6B59DBF6AA2C24E8B92C52CB385876CA3913B97D0
[TLS] Written transcript to proofs/MSG_TLS_2C7E731A.out, proofs/SIG_TLS_2C7E731A.out and proofs/PK_TLS_2C7E731A.der
Signature verification succeeds
[TLS] Server time: 1619917202
[TLS] client_random  (32): C0172A585F54428ECAF0C0A16281D190F10FF1E969DB438EDB70AEB4875FB21E
[TLS] sign_hash (32): 4ADCC00D7F35056C2456F4D1EB20597D0772F3499463BEE6296C3C8A687B026D
[TLS] Written transcript to proofs/MSG_TLS_C0172A58.out, proofs/SIG_TLS_C0172A58.out and proofs/PK_TLS_C0172A58.der
Signature verification succeeds
[TLS] Server time: 1619917202
[TLS] client_random  (32): 66D34DE3B162E679ACDBAD94DAE474605DCF05D3F3EBA1B90454CFC456EF26C2
[TLS] sign_hash (32): A4DD96128B78E293068D4D2BF0DB882AB7EF6D77F73F95274BC96596235E4FAC
[TLS] Written transcript to proofs/MSG_TLS_66D34DE3.out, proofs/SIG_TLS_66D34DE3.out and proofs/PK_TLS_66D34DE3.der
Signature verification succeeds
[TLS] Server time: 1619917202
[TLS] client_random  (32): 9CF265AAD4FA73ABB347E1BCFB52BB4EA3F541249C6426D9B408B314B7BDB220
[TLS] sign_hash (32): 403DF17A5AE92E4802776C536E73A30D06127E5EA9EF5AD8ACD8D643ECEB0194
[TLS] Written transcript to proofs/MSG_TLS_9CF265AA.out, proofs/SIG_TLS_9CF265AA.out and proofs/PK_TLS_9CF265AA.der
Signature verification succeeds
[TLS] Server time: 1619917202
[TLS] client_random  (32): 7E138C4878F9315FDCB699F18D40E2821A0CAF214BA3F2AC7AB300428F07522D
[TLS] sign_hash (32): 311CBE650D5BC88DA51615A48FBCCB519AB4F34D01026F83DBE9A8E8AFE65A1C
[TLS] Written transcript to proofs/MSG_TLS_7E138C48.out, proofs/SIG_TLS_7E138C48.out and proofs/PK_TLS_7E138C48.der
Signature verification succeeds
[TLS] Server time: 1619917202
[TLS] client_random  (32): E60CC3945DF1D34F0667D83377692D90D6A0697D9193EF6A8AE9DDE4582225A9
[TLS] sign_hash (32): BDAB1224B96BF5FD191324D0C4430322E40A8A2835A9879BAA25C6A6AE21FFA2
[TLS] Written transcript to proofs/MSG_TLS_E60CC394.out, proofs/SIG_TLS_E60CC394.out and proofs/PK_TLS_E60CC394.der
Signature verification succeeds
[TLS] Server time: 1619917202
[TLS] client_random  (32): A975D0BD8D7F39EC612E0215CCA0D13C53F5083C996B121BF997650B741E0AE4
[TLS] sign_hash (32): E214E8AE95305428FA5D44160F340DD54D52D247E2F38BB6EB6270DB6A8133A2
[TLS] Written transcript to proofs/MSG_TLS_A975D0BD.out, proofs/SIG_TLS_A975D0BD.out and proofs/PK_TLS_A975D0BD.der
Signature verification succeeds
[TLS] Server time: 1619917202
[TLS] client_random  (32): 1E8D9C7B7023AA4D3092CF94055B2BA21BF4CA694FA692801EE9226564557645
[TLS] sign_hash (32): B4D74C812818D6F859D672F406CFBAAAF49CB5BB0F976A917E1B6B5FCC15DDB2
[TLS] Written transcript to proofs/MSG_TLS_1E8D9C7B.out, proofs/SIG_TLS_1E8D9C7B.out and proofs/PK_TLS_1E8D9C7B.der
Signature verification succeeds
[TLS] Server time: 1619917202
[TLS] client_random  (32): 48B006CC63782C4C62EEB9CE146EF6BBF95C542C3E325AA8F94EF0396F31BAC5
[TLS] sign_hash (32): DDE2C24220DFDC8A8E318781AF007CC5A103A37970237841BADF0EF56366E536
[TLS] Written transcript to proofs/MSG_TLS_48B006CC.out, proofs/SIG_TLS_48B006CC.out and proofs/PK_TLS_48B006CC.der
Signature verification succeeds
[TLS] Server time: 1619917202
[TLS] client_random  (32): 7A922A322051AF03F9C822015DBF4D4540C822472D6F11975C59D6B0F606BB70
[TLS] sign_hash (32): F343746534C88D3F65C6963DD355CFE3AA2628B1F2B3DEC1797B61D2E75B9BB2
[TLS] Written transcript to proofs/MSG_TLS_7A922A32.out, proofs/SIG_TLS_7A922A32.out and proofs/PK_TLS_7A922A32.der
Signature verification succeeds
[TLS] Server time: 1619917202
[TLS] client_random  (32): 9CF87310E2EF547F5C407B8C262225D418476453876ADFFE27B1CF8EC62FF340
[TLS] sign_hash (32): 81588AEF5ADAE96AACB412F2CBCA11980636311F45E090D4380F9E809E284F44
[TLS] Written transcript to proofs/MSG_TLS_9CF87310.out, proofs/SIG_TLS_9CF87310.out and proofs/PK_TLS_9CF87310.der
Signature verification succeeds
[TLS] Server time: 1619917202
[TLS] client_random  (32): B1CC0BD301D962692A445445ADE4EB20AE833CE4A8B228FB1246B43AEB7CADCC
[TLS] sign_hash (32): 7633760F1CFC1E619FEBBA0D1FE768A41667407909FA311BA360DA0A24181CD8
[TLS] Written transcript to proofs/MSG_TLS_B1CC0BD3.out, proofs/SIG_TLS_B1CC0BD3.out and proofs/PK_TLS_B1CC0BD3.der
Signature verification succeeds
[TLS] Server time: 1619917202
[TLS] client_random  (32): C2816E0881E59EA6925AA999CACD48E58069CDF27BC78A0D0C44AB969C922C54
[TLS] sign_hash (32): E85984D577541E5E123E5C37EF8E8B7B0FFC9D2D481DAE60D81034146579C0BE
[TLS] Written transcript to proofs/MSG_TLS_C2816E08.out, proofs/SIG_TLS_C2816E08.out and proofs/PK_TLS_C2816E08.der
Signature verification succeeds
[TLS] Server time: 1619917202
[TLS] client_random  (32): F497C319BD52735C22E689EB2659D24230341C69A42B5D2ED521068CA22DEC32
[TLS] sign_hash (32): 1593BE787F73CD126E04AFE2D776E01FF94A350E44D82AB60F71E75AA00673E1
[TLS] Written transcript to proofs/MSG_TLS_F497C319.out, proofs/SIG_TLS_F497C319.out and proofs/PK_TLS_F497C319.der
Signature verification succeeds
[TLS] Server time: 1619917202
[TLS] client_random  (32): AE4441593633BD6B9438B22BB9793D5F79D75AB304C0F9C7514929AED489024E
[TLS] sign_hash (32): C53A7D366778BB5B3299EEEF56779B007898AC02CC6F32A506DDD46BB30B44F8
[TLS] Written transcript to proofs/MSG_TLS_AE444159.out, proofs/SIG_TLS_AE444159.out and proofs/PK_TLS_AE444159.der
Signature verification succeeds
[TLS] Server time: 1619917202
[TLS] client_random  (32): 416CAB879C49DBF59E37605B10D680B37B8E2482C0F11C5E4013DAD5CA01D81F
[TLS] sign_hash (32): A95BD308529A0909999A1B4387726CD1272C0085FCA27410076715CCF29F474F
[TLS] Written transcript to proofs/MSG_TLS_416CAB87.out, proofs/SIG_TLS_416CAB87.out and proofs/PK_TLS_416CAB87.der
Signature verification succeeds
[TLS] Server time: 1619917202
[TLS] client_random  (32): DEEA0754596B98EF6BE829349C7E36474E2E5F13B96FA7B0C836666F0572D61A
[TLS] sign_hash (32): AC451A68ED161952493A71C933F3F19AD4A7D34A80856AF72085FE7BB85DE975
[TLS] Written transcript to proofs/MSG_TLS_DEEA0754.out, proofs/SIG_TLS_DEEA0754.out and proofs/PK_TLS_DEEA0754.der
Signature verification succeeds
[TLS] Server time: 1619917202
[TLS] client_random  (32): 3E3E5677A9AE33248C7AB4B2756298C36956DA8E52668E0476DA24FF92BEA7A9
[TLS] sign_hash (32): BE9AF9D8095518DB27EFBAB031EC4883AE8511EF071CA788705C8CDD9229F5A1
[TLS] Written transcript to proofs/MSG_TLS_3E3E5677.out, proofs/SIG_TLS_3E3E5677.out and proofs/PK_TLS_3E3E5677.der
Signature verification succeeds
[TLS] Server time: 1619917202
[TLS] client_random  (32): 318837A0D67F46010296185469037A1BE5C5710E7291B86D8BA884D87F6EA19E
[TLS] sign_hash (32): B202E91730562D233F047CBE4F9E594FB063E2A69B4C1CA526B14AE6C6E26154
[TLS] Written transcript to proofs/MSG_TLS_318837A0.out, proofs/SIG_TLS_318837A0.out and proofs/PK_TLS_318837A0.der
Signature verification succeeds
[TLS] Server time: 1619917202
[TLS] client_random  (32): 5F83E288CED734EC862B1E3DE85046464CD04E64F12CBDB9401A9BA1E3CFD8A9
[TLS] sign_hash (32): 5FBF6661EF7EA3B1D9E35ED3E4B1B5726C3AC843D56C939B9331969D512EBF5F
[TLS] Written transcript to proofs/MSG_TLS_5F83E288.out, proofs/SIG_TLS_5F83E288.out and proofs/PK_TLS_5F83E288.der
Signature verification succeeds
[TLS] Server time: 1619917202
[TLS] client_random  (32): 1AD29387A1280FBAD9439D43B97132272CF148D6E8BAA5A02DE6A67F8A192A46
[TLS] sign_hash (32): FFE78C97430C1CD8EB6F2835592EA42E5647E97D9FAD15D6FCA154587D8F62D1
[TLS] Written transcript to proofs/MSG_TLS_1AD29387.out, proofs/SIG_TLS_1AD29387.out and proofs/PK_TLS_1AD29387.der
Signature verification succeeds
[TLS] Server time: 1619917202
[TLS] client_random  (32): CE7205E1E27F587C70EDB14E743007FECE026F6CECB53044124C0B22FDFF68E0
[TLS] sign_hash (32): A1D2F55FE4288EE39AB874DD6507CA2424F87DCA903B244F68DDD9EC05DDB2FB
[TLS] Written transcript to proofs/MSG_TLS_CE7205E1.out, proofs/SIG_TLS_CE7205E1.out and proofs/PK_TLS_CE7205E1.der
Signature verification succeeds
[TLS] Server time: 1619917202
[TLS] client_random  (32): A9B46B0F9EDE1F5851633DC62E09FDD788FB54D700A5AD78A4113CAC169338D5
[TLS] sign_hash (32): 7CDBE0C7CFBE8537302044AF2270BDCC22EA17516C479D90AC436F19335C7358
[TLS] Written transcript to proofs/MSG_TLS_A9B46B0F.out, proofs/SIG_TLS_A9B46B0F.out and proofs/PK_TLS_A9B46B0F.der
Signature verification succeeds
[TLS] Server time: 1619917202
[TLS] client_random  (32): 48B54D16D6F57C3B9BE42B030AEF338EE61641A89E1729AC83844ADC7D03D409
[TLS] sign_hash (32): F78FED0F0C2AF62BAF5247A4D744063B09841956D30D4FE42428805980BBD237
[TLS] Written transcript to proofs/MSG_TLS_48B54D16.out, proofs/SIG_TLS_48B54D16.out and proofs/PK_TLS_48B54D16.der
Signature verification succeeds
[TLS] Server time: 1619917202
[TLS] client_random  (32): 8C69BA7BE5F80CC323A09A20B7A0B695BB559F62594BFAEA89F500CD270FA129
[TLS] sign_hash (32): 9A0E8E917ACA9D6009BCEDB83FDE03C72D1372E16B2A6D7F2E03E51820E22FF5
[TLS] Written transcript to proofs/MSG_TLS_8C69BA7B.out, proofs/SIG_TLS_8C69BA7B.out and proofs/PK_TLS_8C69BA7B.der
Signature verification succeeds
[TLS] Server time: 1619917202
[TLS] client_random  (32): 7631906767D6530AABAA88802047D7873A8E26BF58317DC4DDCB530A44BE8198
[TLS] sign_hash (32): 14223C7E0E057B6FA374D01C948AEBD65585701FFD06E67A5B297728FEBED87F
[TLS] Written transcript to proofs/MSG_TLS_76319067.out, proofs/SIG_TLS_76319067.out and proofs/PK_TLS_76319067.der
Signature verification succeeds
[TLS] Server time: 1619917202
[TLS] client_random  (32): F98CA4DCA7AB59F7773E2FA7C589CE3F64F7518A7D95E479BF8CE9FF19C7D39D
[TLS] sign_hash (32): 3FFD378E4C94D48995D5F381E56FB71F469A3DA5C27E0B485AAD75955E574E92
[TLS] Written transcript to proofs/MSG_TLS_F98CA4DC.out, proofs/SIG_TLS_F98CA4DC.out and proofs/PK_TLS_F98CA4DC.der
Signature verification succeeds
[TLS] Server time: 1619917202
[TLS] client_random  (32): 64FE4D888E49FA8B4C44200FB770DDBEC4EC697BD9D65C68694A591758011F88
[TLS] sign_hash (32): 5CC137B81447C0C914FF4B903EF8AD2C846DD74019665E802400F327255B1EB2
[TLS] Written transcript to proofs/MSG_TLS_64FE4D88.out, proofs/SIG_TLS_64FE4D88.out and proofs/PK_TLS_64FE4D88.der
Signature verification succeeds
[TLS] Server time: 1619917202
[TLS] client_random  (32): 1D2C445FE3F1F2A11793BB25DE09986CB5057E6E0DAF7D521BD7D6A9B25FAD19
[TLS] sign_hash (32): EC37E00AB4C05EFC5964CF2E12AC7E105A660C20802D1E890B6FAC4515A0BC30
[TLS] Written transcript to proofs/MSG_TLS_1D2C445F.out, proofs/SIG_TLS_1D2C445F.out and proofs/PK_TLS_1D2C445F.der
Signature verification succeeds
[TLS] Server time: 1619917202
[TLS] client_random  (32): 8536C40108E2B720F05FEBC76FFBFD65EA833FA5AA054E348E6034C8D3244855
[TLS] sign_hash (32): F50C1296DE44A753325128DD59A278058685B90A536299C18565A4AF9C1D1804
[TLS] Written transcript to proofs/MSG_TLS_8536C401.out, proofs/SIG_TLS_8536C401.out and proofs/PK_TLS_8536C401.der
Signature verification succeeds
[TLS] Server time: 1619917202
[TLS] client_random  (32): E662F852F41A58AACB9F3B6DB51DD24EA80C5CF7B4B7015768C165F29E006AAC
[TLS] sign_hash (32): 125C5F58B954F78383A5B1C77FD64024779689B8FCAE98868946417117497715
[TLS] Written transcript to proofs/MSG_TLS_E662F852.out, proofs/SIG_TLS_E662F852.out and proofs/PK_TLS_E662F852.der
Signature verification succeeds
[TLS] Server time: 1619917202
[TLS] client_random  (32): 1E6521219468557E0C2FF78F510C7693E88856C98113BDD6112AE2B5873E4E98
[TLS] sign_hash (32): 12C1AE4FEBD403C09DF273367A862D0EAC2C3905556CF15FB3A13C8673E1638C
[TLS] Written transcript to proofs/MSG_TLS_1E652121.out, proofs/SIG_TLS_1E652121.out and proofs/PK_TLS_1E652121.der
Signature verification succeeds
[TLS] Server time: 1619917202
[TLS] client_random  (32): 9A7E7555C0A83AA09A55F4A0556EE36A0A3585A3D50A3AC59E95116A4740B14D
[TLS] sign_hash (32): F20D8C6F260E6531C0A2BD7C989CEF70A90993C5E0315B5028FF863E966D763E
[TLS] Written transcript to proofs/MSG_TLS_9A7E7555.out, proofs/SIG_TLS_9A7E7555.out and proofs/PK_TLS_9A7E7555.der
Signature verification succeeds
[TLS] Server time: 1619917202
[TLS] client_random  (32): B8EFFE02655E38FA2FBF9DC1D3BC3F60DD47BF6B9D548D5132164B4B7DCDC724
[TLS] sign_hash (32): 8DB9FCB2E48746350745A47BE954DB98C786A30FAADB6701BC72B415131F7529
[TLS] Written transcript to proofs/MSG_TLS_B8EFFE02.out, proofs/SIG_TLS_B8EFFE02.out and proofs/PK_TLS_B8EFFE02.der
Signature verification succeeds
[TLS] Server time: 1619917202
[TLS] client_random  (32): 4BC3AD8B3332A008C73D5E2353B07EFC27CFEA97A8DAB5245D5E2332D9BC2FF2
[TLS] sign_hash (32): B2D3E6A7B81B33C7413C7DF2A8DC30613DCDDF18E7B6A0345ECC24D2FC9C43FE
[TLS] Written transcript to proofs/MSG_TLS_4BC3AD8B.out, proofs/SIG_TLS_4BC3AD8B.out and proofs/PK_TLS_4BC3AD8B.der
Signature verification succeeds
[TLS] Server time: 1619917202
[TLS] client_random  (32): 7C50F81E1B990498C69956D8CED9EE635D6AF4DC6F2AFF9FC057A44E1B264930
[TLS] sign_hash (32): B101CF179F8D4A6149674E6912D1069656E5FE5EBE664B6340228F22AD13F7A2
[TLS] Written transcript to proofs/MSG_TLS_7C50F81E.out, proofs/SIG_TLS_7C50F81E.out and proofs/PK_TLS_7C50F81E.der
Signature verification succeeds
[TLS] Server time: 1619917202
[TLS] client_random  (32): A6A222DCF9EBB2CEFA1E5F22378FD4F71757F12A64409703EB18AC0DA47E581F
[TLS] sign_hash (32): 585EDE4EDE0393CA334E354CDD27C76277E54E1395EFA7D0D382D5E937B6DF9B
[TLS] Written transcript to proofs/MSG_TLS_A6A222DC.out, proofs/SIG_TLS_A6A222DC.out and proofs/PK_TLS_A6A222DC.der
Signature verification succeeds
[TLS] Server time: 1619917202
[TLS] client_random  (32): 595071861C24A75A36EEE2868E44AC24A28BEB73692F1F7E1639522A0E0A6CA0
[TLS] sign_hash (32): 07BA16433451B6D4B1CF62C2002E27E562129DFEAEC80BD6073385709D8B21D0
[TLS] Written transcript to proofs/MSG_TLS_59507186.out, proofs/SIG_TLS_59507186.out and proofs/PK_TLS_59507186.der
Signature verification succeeds
[TLS] Server time: 1619917202
[TLS] client_random  (32): 1A0C9C55B7142DA46DCEC3A39D020E2413D4DAE4052E0542EBE06F37B0586126
[TLS] sign_hash (32): 44DC44C5EB3A415DCB07BBAEF904015BD969DF7770F4BAF41C5B465DCBBBD019
[TLS] Written transcript to proofs/MSG_TLS_1A0C9C55.out, proofs/SIG_TLS_1A0C9C55.out and proofs/PK_TLS_1A0C9C55.der
Signature verification succeeds
[TLS] Server time: 1619917202
[TLS] client_random  (32): 0DB78A0A037D67D5CFABF82A43312D2B5FB87E75592293AC7849040E74ECC031
[TLS] sign_hash (32): 73E47F3A428D0D45E6A986BF019824892D70CDA8AD12D74F70C4A9D6871B994E
[TLS] Written transcript to proofs/MSG_TLS_0DB78A0A.out, proofs/SIG_TLS_0DB78A0A.out and proofs/PK_TLS_0DB78A0A.der
Signature verification succeeds
[TLS] Server time: 1619917202
[TLS] client_random  (32): F8234FDFE1662DB05E28D49E0F6F7604CADF1A191D4474C3B7A8D179236EC2E6
[TLS] sign_hash (32): F9BB278FE160EBCEB62EA0C91B1F60522A6F102AD60CB2D1BEFAE16C3BDF30C9
[TLS] Written transcript to proofs/MSG_TLS_F8234FDF.out, proofs/SIG_TLS_F8234FDF.out and proofs/PK_TLS_F8234FDF.der
Signature verification succeeds
[TLS] Server time: 1619917202
[TLS] client_random  (32): C1B971FD826A43570D6F55BBB4B31D53C742F37CA92EC5A790932B62E8008FB2
[TLS] sign_hash (32): 7AD3D7DCB4FBCBC0CC3B5EC3B73731C5A519159B59C3472A1C0F69D03D646E86
[TLS] Written transcript to proofs/MSG_TLS_C1B971FD.out, proofs/SIG_TLS_C1B971FD.out and proofs/PK_TLS_C1B971FD.der
Signature verification succeeds
[TLS] Server time: 1619917202
[TLS] client_random  (32): 1EC5AE93C735CCB722EBB3AD6704F3D6A7A5F06A8BB9F2356FBF87F27560006D
[TLS] sign_hash (32): BD2CA5A161C52DF124303DAB4834A12D056E40B79BC8AF7063C2F45BDCF8B5CE
[TLS] Written transcript to proofs/MSG_TLS_1EC5AE93.out, proofs/SIG_TLS_1EC5AE93.out and proofs/PK_TLS_1EC5AE93.der
Signature verification succeeds
[TLS] Server time: 1619917202
[TLS] client_random  (32): D0D7CB9273AEBC36624A48483B838D6128B0274AEBB1FA707B5EA2FC85D326D7
[TLS] sign_hash (32): 9A44FC55653261776AD691BBE67428D29707AFA5ECA6642588A90A7D88693D15
[TLS] Written transcript to proofs/MSG_TLS_D0D7CB92.out, proofs/SIG_TLS_D0D7CB92.out and proofs/PK_TLS_D0D7CB92.der
Signature verification succeeds
[TLS] Server time: 1619917202
[TLS] client_random  (32): AF8DF628F3D4C619DC3A903A522BC28B366370BA76E10857906BB7302024D2A6
[TLS] sign_hash (32): 22055A100A25B6BCEB3F07BC774C3BE05D5AED99B8FE6864271339A86123B962
[TLS] Written transcript to proofs/MSG_TLS_AF8DF628.out, proofs/SIG_TLS_AF8DF628.out and proofs/PK_TLS_AF8DF628.der
Signature verification succeeds
[TLS] Server time: 1619917202
[TLS] client_random  (32): F4FEB9C5720AB2D1839D5CE1D0E7391E28353B88096CCA545B600C4441DFA003
[TLS] sign_hash (32): 1EDEE160E5F857CFFBB499DF96A79BC1E96D756A269977B03BE82F1D586D77FF
[TLS] Written transcript to proofs/MSG_TLS_F4FEB9C5.out, proofs/SIG_TLS_F4FEB9C5.out and proofs/PK_TLS_F4FEB9C5.der
Signature verification succeeds
[TLS] Server time: 1619917202
[TLS] client_random  (32): 8B3CD6078BF010FA034D53897A24855E2D31A1F825BC973D61198DE3C7AFD113
[TLS] sign_hash (32): FD394461CF39BFE6B6D462F62DA786286686B30FBC833A7010F04012270B7D63
[TLS] Written transcript to proofs/MSG_TLS_8B3CD607.out, proofs/SIG_TLS_8B3CD607.out and proofs/PK_TLS_8B3CD607.der
Signature verification succeeds
[TLS] Server time: 1619917202
[TLS] client_random  (32): F848215B4B953F5D4D43638E16A1E184A5A5565D1A45A4639D08F2205D9F2AE2
[TLS] sign_hash (32): 23F58CAD42AE0C62B27D7A12712FDA2E40457B29818653A3CCA331161E8ECBC8
[TLS] Written transcript to proofs/MSG_TLS_F848215B.out, proofs/SIG_TLS_F848215B.out and proofs/PK_TLS_F848215B.der
Signature verification succeeds
[TLS] Server time: 1619917202
[TLS] client_random  (32): 02EB66E19CBC3A3C89CECAAEE749744B7E8F06F5865994851B27283ECD14F649
[TLS] sign_hash (32): 42FC83CC17F978C6DC0FE4DE6C56EDD0D715B7F8085FFA42FE6150244F2400E3
[TLS] Written transcript to proofs/MSG_TLS_02EB66E1.out, proofs/SIG_TLS_02EB66E1.out and proofs/PK_TLS_02EB66E1.der
Signature verification succeeds
[TLS] Server time: 1619917202
[TLS] client_random  (32): 70469FD99A35F54BB9C8CA1C1D09532120CF6689010E08902E1EE05952600D48
[TLS] sign_hash (32): 6B96CB37A48EACF4087069FE2568D0835B0C79E7DBEDB709607DF63EC0A23282
[TLS] Written transcript to proofs/MSG_TLS_70469FD9.out, proofs/SIG_TLS_70469FD9.out and proofs/PK_TLS_70469FD9.der
Signature verification succeeds
[TLS] Server time: 1619917202
[TLS] client_random  (32): 5D15C4D8D39DDA37C7AC27F98553E0A65C6F086A3C9D68E830266BF84910CE83
[TLS] sign_hash (32): F432A408BAA4605679410079E0F625F3A2098C284B541CEC6C4166EC1043AA4E
[TLS] Written transcript to proofs/MSG_TLS_5D15C4D8.out, proofs/SIG_TLS_5D15C4D8.out and proofs/PK_TLS_5D15C4D8.der
Signature verification succeeds
[TLS] Server time: 1619917202
[TLS] client_random  (32): 728E806A7ADB6EFD4F9ECA114C23140CF8F1F4EAF7B6BF96AE2A58222D6AB4B7
[TLS] sign_hash (32): 4FE514B6F06C736F22A09247DBADBA963ACA603B711A4E9D561D397505D20672
[TLS] Written transcript to proofs/MSG_TLS_728E806A.out, proofs/SIG_TLS_728E806A.out and proofs/PK_TLS_728E806A.der
Signature verification succeeds
[TLS] Server time: 1619917202
[TLS] client_random  (32): 350693558468A28C05682FA425BC95D05529AE716EB2E910BA79B97FAE2472A0
[TLS] sign_hash (32): 5E55C2F9940B65D3ECBD75637C613C7EFA3B354839298E9B0407A614B88547A9
[TLS] Written transcript to proofs/MSG_TLS_35069355.out, proofs/SIG_TLS_35069355.out and proofs/PK_TLS_35069355.der
Signature verification succeeds
[TLS] Server time: 1619917202
[TLS] client_random  (32): 0117FF290303345C23E37E9D8FAA4A798FE2C7A972FDCC0DCF6962EE14BA4587
[TLS] sign_hash (32): CE104C9E69969DF30AB8FEA204F34E228698938929EF497BA25AB69170295180
[TLS] Written transcript to proofs/MSG_TLS_0117FF29.out, proofs/SIG_TLS_0117FF29.out and proofs/PK_TLS_0117FF29.der
Signature verification succeeds
[TLS] Server time: 1619917202
[TLS] client_random  (32): 83F99451790236BB46858EB0A6F99E40D23273B4EF6AC775B302D0EBF0D637C8
[TLS] sign_hash (32): 3D3BA2EC19D8F38EA680A29154779586F682C63A8D08BA085E6DCFCAFB7BF3C8
[TLS] Written transcript to proofs/MSG_TLS_83F99451.out, proofs/SIG_TLS_83F99451.out and proofs/PK_TLS_83F99451.der
Signature verification succeeds
[TLS] Server time: 1619917202
[TLS] client_random  (32): 002828AF2EBE3487B8722261D12FAB89B6232D2F2E8CF4DF4B2C947CA6DB344E
[TLS] sign_hash (32): 29C8BFF84B06CC3FBC650181FBA183523B9BD29789FC9F009FEF86D72D9CB44D
[TLS] Written transcript to proofs/MSG_TLS_002828AF.out, proofs/SIG_TLS_002828AF.out and proofs/PK_TLS_002828AF.der
Signature verification succeeds
[TLS] Server time: 1619917202
[TLS] client_random  (32): 65F1AA58C6BFFCC5EB392CA0979C340A067C1ECDDDA465A5342DE6A8928FC5DE
[TLS] sign_hash (32): 58573CA27EB30A0FF1063762542AE01F39AD0C77AC8512E342AA87EB7F0408F9
[TLS] Written transcript to proofs/MSG_TLS_65F1AA58.out, proofs/SIG_TLS_65F1AA58.out and proofs/PK_TLS_65F1AA58.der
Signature verification succeeds
[TLS] Server time: 1619917202
[TLS] client_random  (32): 6A813E9480659F79F5251471FDF8BDB6F241430F19558DEFB910130C5C6BA162
[TLS] sign_hash (32): D58BCBBA1ED7AE8785B9ECD6BD9CCD747721EB040D82C7EE970F774640C09908
[TLS] Written transcript to proofs/MSG_TLS_6A813E94.out, proofs/SIG_TLS_6A813E94.out and proofs/PK_TLS_6A813E94.der
Signature verification succeeds
[TLS] Server time: 1619917202
[TLS] client_random  (32): 342EF055998F10756157D559AD73DF7BF3BAED8E0E6D1898DA0BFBE758CE5164
[TLS] sign_hash (32): 8DBF04BFD32CFFA556AC8FF1DCB1AED0E8F5B3D3078FE53C1A3D43D74CDC451A
[TLS] Written transcript to proofs/MSG_TLS_342EF055.out, proofs/SIG_TLS_342EF055.out and proofs/PK_TLS_342EF055.der
Signature verification succeeds
[TLS] Server time: 1619917202
[TLS] client_random  (32): E34474E03CB899B85F17408F82552D589FAAAA88E169B82828F174AB9D955592
[TLS] sign_hash (32): E3D5180FC3123C4DFE030651B2C390FFA8E92B8F46B9F0F98A10032C84BC405D
[TLS] Written transcript to proofs/MSG_TLS_E34474E0.out, proofs/SIG_TLS_E34474E0.out and proofs/PK_TLS_E34474E0.der
Signature verification succeeds
[TLS] Server time: 1619917202
[TLS] client_random  (32): 06E92667AEAB43D7484F0B55422AE0D1274B2AB09E1F010DAEFE550C7D017C80
[TLS] sign_hash (32): 06748FCB51E0041279598ABAB73E91BAEFC513C7C47E1358D4B41621EBC6BB9E
[TLS] Written transcript to proofs/MSG_TLS_06E92667.out, proofs/SIG_TLS_06E92667.out and proofs/PK_TLS_06E92667.der
Signature verification succeeds
[TLS] Server time: 1619917202
[TLS] client_random  (32): DB5E3A605BAECC8DA0D42F7B4739BB71645F9797F34CA9A1394EDF2846F19F35
[TLS] sign_hash (32): 534EB034269D20F58F07FEEBCB7F6DA98D6FD44CC78848B0FED44FCAC2076D47
[TLS] Written transcript to proofs/MSG_TLS_DB5E3A60.out, proofs/SIG_TLS_DB5E3A60.out and proofs/PK_TLS_DB5E3A60.der
Signature verification succeeds
[TLS] Server time: 1619917202
[TLS] client_random  (32): AA1234B1CB5635B24A3C46C407CEDFA0203E0D7199AA2C4760C15058573D8E73
[TLS] sign_hash (32): E4DB1B58973EB5ABF5E8C18513BAD51CB93DF787C8E95ECE35A1149AE6CE2C0B
[TLS] Written transcript to proofs/MSG_TLS_AA1234B1.out, proofs/SIG_TLS_AA1234B1.out and proofs/PK_TLS_AA1234B1.der
Signature verification succeeds
[TLS] Server time: 1619917202
[TLS] client_random  (32): EB8A7D5DD26B8B600EBA08BACD785F936CAF0ECA0C1C629E2B43F61D9DBF3D86
[TLS] sign_hash (32): AE62D6F5953010DDC8C1A532205FF2AC7C0BAFC74D47A72D2D1E9F9CEE308F0B
[TLS] Written transcript to proofs/MSG_TLS_EB8A7D5D.out, proofs/SIG_TLS_EB8A7D5D.out and proofs/PK_TLS_EB8A7D5D.der
Signature verification succeeds
[TLS] Server time: 1619917202
[TLS] client_random  (32): 09FF86F7D8545E00E1B48984BBA1700F5C4CF41852F8227792AAC626597468E1
[TLS] sign_hash (32): EAC59D2B8C29543FA4F1917304D1546246E01D1C03E7399143889A0D08E52648
[TLS] Written transcript to proofs/MSG_TLS_09FF86F7.out, proofs/SIG_TLS_09FF86F7.out and proofs/PK_TLS_09FF86F7.der
Signature verification succeeds
[TLS] Server time: 1619917202
[TLS] client_random  (32): 5091D53FE43EFF36FC654F87907CBEBB8400AFCF851C19DEB4C36A93114199A7
[TLS] sign_hash (32): 46FA11191B35C4EE8E710800A01178D9C0447ACDD188F687BA4BD5F31C933E79
[TLS] Written transcript to proofs/MSG_TLS_5091D53F.out, proofs/SIG_TLS_5091D53F.out and proofs/PK_TLS_5091D53F.der
Signature verification succeeds
[TLS] Server time: 1619917202
[TLS] client_random  (32): 705C7973999DE0166C88423FA6A3D1314DFC2D2062C8F88C9376160D117A26FB
[TLS] sign_hash (32): 1E73E7753D5E5918DAFDE52B227E9CF052B985320754592689D6EC2ED5973B06
[TLS] Written transcript to proofs/MSG_TLS_705C7973.out, proofs/SIG_TLS_705C7973.out and proofs/PK_TLS_705C7973.der
Signature verification succeeds
[TLS] Server time: 1619917202
[TLS] client_random  (32): 71C55C8A85951DE0017BF51C91C48CA05F438834A4444E936B7F3CAE4C652878
[TLS] sign_hash (32): C39CB24432459D7DF14510980112300DE491FA7A568436F7179A735A45CFB0BA
[TLS] Written transcript to proofs/MSG_TLS_71C55C8A.out, proofs/SIG_TLS_71C55C8A.out and proofs/PK_TLS_71C55C8A.der
Signature verification succeeds
[TLS] Server time: 1619917202
[TLS] client_random  (32): 9AD8BF6EC3A20EBB554CEF2872D1798F88D5BCAD80CA70B6329C85479BCEF6D7
[TLS] sign_hash (32): 1B19A794170EFB5D93C682F964C3F8CFA0D1D77282F84A2B16614FDE8AD0D2E5
[TLS] Written transcript to proofs/MSG_TLS_9AD8BF6E.out, proofs/SIG_TLS_9AD8BF6E.out and proofs/PK_TLS_9AD8BF6E.der
Signature verification succeeds
[TLS] Server time: 1619917202
[TLS] client_random  (32): 9277CA0C4C4FD0A75BE22CC6F13DE7C093DED1AA5E6A91344FE4E83B6AA19814
[TLS] sign_hash (32): 7355AA11507F84B9F03150A40252BFECDC9ED2BD2D5BA71D21FF0E3D82A36E54
[TLS] Written transcript to proofs/MSG_TLS_9277CA0C.out, proofs/SIG_TLS_9277CA0C.out and proofs/PK_TLS_9277CA0C.der
Signature verification succeeds
[TLS] Server time: 1619917202
[TLS] client_random  (32): B7CE856903C3EF1E64CDEFA99FEA5B1B7DE374B585F0AE034848922B61397FA3
[TLS] sign_hash (32): 222E70E813AEB3C7CE6EC58D15D515EF4E6F192F612EE98EF252E771DB15E57E
[TLS] Written transcript to proofs/MSG_TLS_B7CE8569.out, proofs/SIG_TLS_B7CE8569.out and proofs/PK_TLS_B7CE8569.der
Signature verification succeeds
[TLS] Server time: 1619917202
[TLS] client_random  (32): 7FBBB2B9203B922E1CFF3379566FB1AC61EDD2363A54B91B8C0F9D33945E0205
[TLS] sign_hash (32): 947216353D3CEC5EE0F87F547CBBE0D6F257687E846F50909A918C578FC05BB5
[TLS] Written transcript to proofs/MSG_TLS_7FBBB2B9.out, proofs/SIG_TLS_7FBBB2B9.out and proofs/PK_TLS_7FBBB2B9.der
Signature verification succeeds
[TLS] Server time: 1619917202
[TLS] client_random  (32): 4F394D6FAD89CEC84AE763C20A74E1AB9CE43C0B5C3FF0481CF18BAF0544C371
[TLS] sign_hash (32): 994E02477CC4F54E089EBD8DF23E6A6D62C41F5C9D6421F6E28BE4855C709C03
[TLS] Written transcript to proofs/MSG_TLS_4F394D6F.out, proofs/SIG_TLS_4F394D6F.out and proofs/PK_TLS_4F394D6F.der
Signature verification succeeds
[TLS] Server time: 1619917202
[TLS] client_random  (32): F08D32D339E24590CA7AFBFEE5F4DF4F6DDD1DE920254B34EFE2B45FD42BA192
[TLS] sign_hash (32): 98163450CD0C27964F6B37B6C17254BDB294F6E79864EAA9CC1C78E91D06C113
[TLS] Written transcript to proofs/MSG_TLS_F08D32D3.out, proofs/SIG_TLS_F08D32D3.out and proofs/PK_TLS_F08D32D3.der
Signature verification succeeds
[TLS] Server time: 1619917202
[TLS] client_random  (32): 724D90EE8F4306331561B4FCF1B7E37A3E8B8ADB7C97B54EC4382CAA6DDB5887
[TLS] sign_hash (32): 565A9C69D8880D5F64E3C4C9DF26AA98827D15DD166A3B47042292832B018BB0
[TLS] Written transcript to proofs/MSG_TLS_724D90EE.out, proofs/SIG_TLS_724D90EE.out and proofs/PK_TLS_724D90EE.der
Signature verification succeeds
[TLS] Server time: 1619917202
[TLS] client_random  (32): 26DD482FF80A63C88B515B798E5C513AE46F03921EBD1F3DBB40BD04812807CA
[TLS] sign_hash (32): 640ECEB117E69FAEE13DAA15E0A512EC3F35D3B4C1129BBEA2C70B329AAC476A
[TLS] Written transcript to proofs/MSG_TLS_26DD482F.out, proofs/SIG_TLS_26DD482F.out and proofs/PK_TLS_26DD482F.der
Signature verification succeeds
[TLS] Server time: 1619917202
[TLS] client_random  (32): 92D72456D6BA382997803EA372F0985142C039BE877D0F726E942EA06A071EBA
[TLS] sign_hash (32): B9BEF67DB4F7A88387AE2A12763630E6BA31E5CBB2926076E08EBD1F716B26B7
[TLS] Written transcript to proofs/MSG_TLS_92D72456.out, proofs/SIG_TLS_92D72456.out and proofs/PK_TLS_92D72456.der
Signature verification succeeds
[TLS] Server time: 1619917202
[TLS] client_random  (32): BECA35A47F3DE03FB0DA443413F03AD2BFC02F3A6B0E01A8B7AEAAB9862323D0
[TLS] sign_hash (32): F79A60E6BCFBF9544F1A60512DB5C799C7622E5FBBE3B2DBFEDA345D084C2A08
[TLS] Written transcript to proofs/MSG_TLS_BECA35A4.out, proofs/SIG_TLS_BECA35A4.out and proofs/PK_TLS_BECA35A4.der
Signature verification succeeds
[TLS] Server time: 1619917203
[TLS] client_random  (32): 25CB416C5E39CFDA25DD81E8225AC2ACDF7723AD637E0FC52191412B48E6BAA5
[TLS] sign_hash (32): 316B326AFB51864AAA3057E57AF1D3034AB107BCA57C8E7791853612F16E2848
[TLS] Written transcript to proofs/MSG_TLS_25CB416C.out, proofs/SIG_TLS_25CB416C.out and proofs/PK_TLS_25CB416C.der
Signature verification succeeds
[TLS] Server time: 1619917203
[TLS] client_random  (32): A368B478CE45D03982235FBA3132E252A5AF7A5BC52DB9C1ABE5693282357BC0
[TLS] sign_hash (32): CA40D77A9DB963ECB42132B496BAB033D5FBEABFFEC45D78885B1ED34DBB95F9
[TLS] Written transcript to proofs/MSG_TLS_A368B478.out, proofs/SIG_TLS_A368B478.out and proofs/PK_TLS_A368B478.der
Signature verification succeeds
[TLS] Server time: 1619917203
[TLS] client_random  (32): 20FEF0BFAB1B150AADC213C8F7872745AA5E1E14B16A8B6CB3B904BE279FE6B3
[TLS] sign_hash (32): B7F62F52ABB5B260D51409B3D5686804A7994E0630423A44FB30B7C786A63844
[TLS] Written transcript to proofs/MSG_TLS_20FEF0BF.out, proofs/SIG_TLS_20FEF0BF.out and proofs/PK_TLS_20FEF0BF.der
Signature verification succeeds
[TLS] Server time: 1619917203
[TLS] client_random  (32): 2F263140B9CFDD097A3B87362A7132B45364D2AB35C836D858767063BF0FE1F6
[TLS] sign_hash (32): 455C4BFC69B935E6DEB2DC897732BD15CAB6AE0A3F70D6E2DB8CDC1056B79409
[TLS] Written transcript to proofs/MSG_TLS_2F263140.out, proofs/SIG_TLS_2F263140.out and proofs/PK_TLS_2F263140.der
Signature verification succeeds
[TLS] Server time: 1619917203
[TLS] client_random  (32): 1CA7EBB01B861DC1D6A372364F608B35D14911CEAD5DEC7442AB17E7451DAF32
[TLS] sign_hash (32): FF5FB5E4C4575E7D139F9E1BB86E81A29766FDB7F8B1271C47E7BAFCF19CF33A
[TLS] Written transcript to proofs/MSG_TLS_1CA7EBB0.out, proofs/SIG_TLS_1CA7EBB0.out and proofs/PK_TLS_1CA7EBB0.der
Signature verification succeeds
[TLS] Server time: 1619917203
[TLS] client_random  (32): 448957C8C0E4EF4BEC4952B218101043B86D4E8610BB6666D4A30963F6945543
[TLS] sign_hash (32): 46C21314C8EA42E4DD589BAE9D314F889CA32ED20C97C176FB6827641DF56D0F
[TLS] Written transcript to proofs/MSG_TLS_448957C8.out, proofs/SIG_TLS_448957C8.out and proofs/PK_TLS_448957C8.der
Signature verification succeeds
[TLS] Server time: 1619917203
[TLS] client_random  (32): 3990A8B21E67EECFE399D09C2534B01964BAF6832145E97C98BFC54D319237B6
[TLS] sign_hash (32): A2EEF573B371AF9536057B4B90FA3C6A04B91E0EC00733FA6546D7B7E5ED1D26
[TLS] Written transcript to proofs/MSG_TLS_3990A8B2.out, proofs/SIG_TLS_3990A8B2.out and proofs/PK_TLS_3990A8B2.der
Signature verification succeeds
[TLS] Server time: 1619917203
[TLS] client_random  (32): 49DEB889109D6FF7B6C44A1B2FC1D202EB95D36FAF1F3A14897F892722607376
[TLS] sign_hash (32): 6252602E4BCE2F90D7F4344C3049881DEF06B9DA6D545ECA42F0BD1F609F56EA
[TLS] Written transcript to proofs/MSG_TLS_49DEB889.out, proofs/SIG_TLS_49DEB889.out and proofs/PK_TLS_49DEB889.der
Signature verification succeeds
[TLS] Server time: 1619917203
[TLS] client_random  (32): 056A72A3CF8FB730F064A29045D70B33B0453AEC5B612F5087D9C36188C87615
[TLS] sign_hash (32): 5E4E0DE825F7D5D01ED43C68BFBA708B29E84407B3B83EF44CBFC7BD9E1C8E3F
[TLS] Written transcript to proofs/MSG_TLS_056A72A3.out, proofs/SIG_TLS_056A72A3.out and proofs/PK_TLS_056A72A3.der
Signature verification succeeds
Time breakdown (averages): anchor_ping:5.828466 file_read:0.135651 hashing:0.470225
Total time for 125 rounds is 810.128994ms
Standard deviations: anchor_ping:0.733126 file_read:0.013006 hashing:0.004409
[Client-side ops] mean:0.605875 sd:0.013828
in & out anchor rand written to proofs/phase1.out
    117 [TLS] Server time: 1619917202
      9 [TLS] Server time: 1619917203
Count is 117
Count is 9
success: 1
RESULT: 1 in 1 tries
