TLS anchor: holycross.ac.uk
Actual: 61, Set: 125
Beginning execution at Sun May 2 15:00:01 UTC 2021
CONF: anchor:holycross.ac.uk fs:1024MB n_rounds:125 seed:5c9f4bf9bbc15bb855f82faedc5a52fc3ab2dfa8ec3ba3ce1b270f31fa0cced2 filename:FILE bs:1024 nops:100 benchmarking:0 anchor_ping:1 queue_depth:32 direct:0
[TLS] Connecting to holycross.ac.uk
[TLS] Server time: 1619967601
[TLS] client_random  (32): 5C9F4BF9BBC15BB855F82FAEDC5A52FC3AB2DFA8EC3BA3CE1B270F31FA0CCED2
[TLS] sign_hash (32): D7438A0E8CA08A7508926F31DCDDB7717064B6C300367E5029113E699E77DFF2
[TLS] Written transcript to proofs/MSG_TLS_5C9F4BF9.out, proofs/SIG_TLS_5C9F4BF9.out and proofs/PK_TLS_5C9F4BF9.der
Signature verification succeeds
[TLS] Server time: 1619967601
[TLS] client_random  (32): 641DE5511EF74DC19AF2FD15C679161275A98489E637BB6069971278C7B827DE
[TLS] sign_hash (32): DD7544D25B5ED3AD9C0C2FA530A84959D61F3136482BE191EDE18F64ACAB7F68
[TLS] Written transcript to proofs/MSG_TLS_641DE551.out, proofs/SIG_TLS_641DE551.out and proofs/PK_TLS_641DE551.der
Signature verification succeeds
[TLS] Server time: 1619967601
[TLS] client_random  (32): 4CD995EE9B5025D8E13728539FA4F970456558CDAD618C1EB6B14BFE17E6CF1D
[TLS] sign_hash (32): 52A9CBE6EFC20CA38936CD5E07D020104E38E468776480CE739A56708D4A8FCB
[TLS] Written transcript to proofs/MSG_TLS_4CD995EE.out, proofs/SIG_TLS_4CD995EE.out and proofs/PK_TLS_4CD995EE.der
Signature verification succeeds
[TLS] Server time: 1619967601
[TLS] client_random  (32): 604C88713B17FA0FB4F93815A700C8FA2D512B4BF5F3530B336D79A019DC8851
[TLS] sign_hash (32): BBABC9114A31248713C7D7B411C7C2F3E286C6897D4B6A0EC72F3B91928538E7
[TLS] Written transcript to proofs/MSG_TLS_604C8871.out, proofs/SIG_TLS_604C8871.out and proofs/PK_TLS_604C8871.der
Signature verification succeeds
[TLS] Server time: 1619967601
[TLS] client_random  (32): 01089A5A11262A8C5D093105E04C05A5354D3063025A5F51D7C100A2845DBFDA
[TLS] sign_hash (32): C63BEFC962D08B10FC6AB3C133BFFCC4AE8D849D8E61D32EDF90A3BFB0A8898B
[TLS] Written transcript to proofs/MSG_TLS_01089A5A.out, proofs/SIG_TLS_01089A5A.out and proofs/PK_TLS_01089A5A.der
Signature verification succeeds
[TLS] Server time: 1619967601
[TLS] client_random  (32): 10A389D8332C55321B3A0B75B3AD6E9968D554170DBC747361D982E82688836B
[TLS] sign_hash (32): C14ECC4193F08BBD492C3F1D99EDCFB491F6F7A65A360385C1C0B9E54EF6641C
[TLS] Written transcript to proofs/MSG_TLS_10A389D8.out, proofs/SIG_TLS_10A389D8.out and proofs/PK_TLS_10A389D8.der
Signature verification succeeds
[TLS] Server time: 1619967601
[TLS] client_random  (32): B97F44298A11A3018FEB6D5958E42508BA9BF31A43AB17ED35FCA3E63B5B198F
[TLS] sign_hash (32): B2AD9BF85DA2777E108F4BCF8F958ECB0AC44499FC09D35EDCBE5B1F3163B9B8
[TLS] Written transcript to proofs/MSG_TLS_B97F4429.out, proofs/SIG_TLS_B97F4429.out and proofs/PK_TLS_B97F4429.der
Signature verification succeeds
[TLS] Server time: 1619967601
[TLS] client_random  (32): B544C0D85376D33E642F5F9BAC0AF89CDCC02035D374F457AE88A132B346D26A
[TLS] sign_hash (32): 7BC4DA1D8F45FD50B2214785E2A222CF428B150BC613FB00F69F26A75C5A608B
[TLS] Written transcript to proofs/MSG_TLS_B544C0D8.out, proofs/SIG_TLS_B544C0D8.out and proofs/PK_TLS_B544C0D8.der
Signature verification succeeds
[TLS] Server time: 1619967601
[TLS] client_random  (32): E6F9549D18983A788D64A908EAE5A4AD3400FDF7DECF0377C563D58940640F54
[TLS] sign_hash (32): A886B64A2DC405A7BEED7CF8C565100967C9E38BB93F78607C26BAAA89FD907A
[TLS] Written transcript to proofs/MSG_TLS_E6F9549D.out, proofs/SIG_TLS_E6F9549D.out and proofs/PK_TLS_E6F9549D.der
Signature verification succeeds
[TLS] Server time: 1619967601
[TLS] client_random  (32): BD8FC9448A22326BFDDB0F2439323B4A0FB899F6E05D686AE0EC31AE612A544C
[TLS] sign_hash (32): 211C8428071E8EFE8647934D69094119CC485F9250EDB93EC821C9889186A5F7
[TLS] Written transcript to proofs/MSG_TLS_BD8FC944.out, proofs/SIG_TLS_BD8FC944.out and proofs/PK_TLS_BD8FC944.der
Signature verification succeeds
[TLS] Server time: 1619967601
[TLS] client_random  (32): E979C9613B3010E58CC6D6214895583AE19D6A690CC9FC96029806A872AAEDEF
[TLS] sign_hash (32): E987E168272B8BC713139A881E66C1A58B3364F249DF93169A8CB17ADB6BF954
[TLS] Written transcript to proofs/MSG_TLS_E979C961.out, proofs/SIG_TLS_E979C961.out and proofs/PK_TLS_E979C961.der
Signature verification succeeds
[TLS] Server time: 1619967601
[TLS] client_random  (32): C3DF46D530FAB73F7F1773EB5210046B659A70E862BCE88626A256A28EAF0A48
[TLS] sign_hash (32): B6E2752CA0543AB8EB78B98A22CD3B0D37ED91A9ECCB80BEAE023D26EA7CC280
[TLS] Written transcript to proofs/MSG_TLS_C3DF46D5.out, proofs/SIG_TLS_C3DF46D5.out and proofs/PK_TLS_C3DF46D5.der
Signature verification succeeds
[TLS] Server time: 1619967601
[TLS] client_random  (32): 7A7C1CF63A3A661E7F841C35CB8EAF9F54C6E17298D0F98D43CC9115442459A3
[TLS] sign_hash (32): C28BF3D22298A9BF502AB58F4F94E72C62B18A36B359743642D65DF90064BD7B
[TLS] Written transcript to proofs/MSG_TLS_7A7C1CF6.out, proofs/SIG_TLS_7A7C1CF6.out and proofs/PK_TLS_7A7C1CF6.der
Signature verification succeeds
[TLS] Server time: 1619967601
[TLS] client_random  (32): E7065AAD8A0CE6B5E26C1034458E9E63CB54E87C343549490B1D9F06D8F8A3E8
[TLS] sign_hash (32): A1C40A3BDDBA8FD3382FB876BF06596E4D785DF513EF4FA27134CFFA7942ED8A
[TLS] Written transcript to proofs/MSG_TLS_E7065AAD.out, proofs/SIG_TLS_E7065AAD.out and proofs/PK_TLS_E7065AAD.der
Signature verification succeeds
[TLS] Server time: 1619967601
[TLS] client_random  (32): 03CFA3F494AABDD359C8AE770B9385432AD38543B0B6B67EE09528D1DBEA9637
[TLS] sign_hash (32): 6D54008599CC90EE5D0499FB58EF37B012C18D9BD1AB4DB66BA8A732F071E4A8
[TLS] Written transcript to proofs/MSG_TLS_03CFA3F4.out, proofs/SIG_TLS_03CFA3F4.out and proofs/PK_TLS_03CFA3F4.der
Signature verification succeeds
[TLS] Server time: 1619967601
[TLS] client_random  (32): 9E668B45FD3C8A9886D881F75597088C9245B11EB020717731A290B777D3AFB4
[TLS] sign_hash (32): EC0C0280380BA469EC833C36977DFEEB0BB861C06DCA071674735149ED5E1106
[TLS] Written transcript to proofs/MSG_TLS_9E668B45.out, proofs/SIG_TLS_9E668B45.out and proofs/PK_TLS_9E668B45.der
Signature verification succeeds
[TLS] Server time: 1619967601
[TLS] client_random  (32): 130A62D0237A8E2036DF10D87DE34945B598F17B41BE3A43728BF3D064F003CE
[TLS] sign_hash (32): 3C4E81E135FC0AA5F7C9E3159AC0F334540A904243564C9F2311AFBC6AED09E1
[TLS] Written transcript to proofs/MSG_TLS_130A62D0.out, proofs/SIG_TLS_130A62D0.out and proofs/PK_TLS_130A62D0.der
Signature verification succeeds
[TLS] Server time: 1619967601
[TLS] client_random  (32): BC1992C319722522A59CADE7F055B226A8D04065DD8F123DDF066A785FCD797F
[TLS] sign_hash (32): CC338A42DB2C3BCD666094E0CA1EBF6F0B48682A1CE7ECF78E8607C2575EC665
[TLS] Written transcript to proofs/MSG_TLS_BC1992C3.out, proofs/SIG_TLS_BC1992C3.out and proofs/PK_TLS_BC1992C3.der
Signature verification succeeds
[TLS] Server time: 1619967601
[TLS] client_random  (32): 3B1D3B122407CE47AF1EBB4170673B9E3D8D063F8C774D6B194042495C19DD8E
[TLS] sign_hash (32): 41B9BE2F52904520BE96B0F195753E81FE73AA2A623B235D05B31C6AD8F9C61A
[TLS] Written transcript to proofs/MSG_TLS_3B1D3B12.out, proofs/SIG_TLS_3B1D3B12.out and proofs/PK_TLS_3B1D3B12.der
Signature verification succeeds
[TLS] Server time: 1619967601
[TLS] client_random  (32): FCE270D5FA1AF9438D22925AF5A842A767C12E351C2C46D2232761107B1EDBD9
[TLS] sign_hash (32): B76347EDF7973C22BA09888F35B8A534E40A6FF845AB55364BEE460BD9D67719
[TLS] Written transcript to proofs/MSG_TLS_FCE270D5.out, proofs/SIG_TLS_FCE270D5.out and proofs/PK_TLS_FCE270D5.der
Signature verification succeeds
[TLS] Server time: 1619967601
[TLS] client_random  (32): 2C4B39632A91F358964F59EEC56A7F7380C636A0CE9E832E2103C887775E627D
[TLS] sign_hash (32): 37FAC5C785495C1A0CA4D2EE72BC8B7C6939BEB1C0BAA6262B8CC5561E0B3F57
[TLS] Written transcript to proofs/MSG_TLS_2C4B3963.out, proofs/SIG_TLS_2C4B3963.out and proofs/PK_TLS_2C4B3963.der
Signature verification succeeds
[TLS] Server time: 1619967601
[TLS] client_random  (32): 5634150EB5C8A9839866AF2DDDAB48A2A6BA713DA00789DB557EB667673EB533
[TLS] sign_hash (32): 7B242ED1C40EE9D4E7BEE79EB9923D5A4509F5EF51959A067302CBE6CAB8CC12
[TLS] Written transcript to proofs/MSG_TLS_5634150E.out, proofs/SIG_TLS_5634150E.out and proofs/PK_TLS_5634150E.der
Signature verification succeeds
[TLS] Server time: 1619967601
[TLS] client_random  (32): 2063A11C2BF3061493ADCBD92346DF2463C35E578B39B1333221CF090E1A48D9
[TLS] sign_hash (32): 63F355356FBE40B0C02A1B6FDD14775E8E4DC0AE61F7F21705F58ECE245C6C1E
[TLS] Written transcript to proofs/MSG_TLS_2063A11C.out, proofs/SIG_TLS_2063A11C.out and proofs/PK_TLS_2063A11C.der
Signature verification succeeds
[TLS] Server time: 1619967601
[TLS] client_random  (32): 72CE83A07A8C23CB98A2A091211D297B52D572FA3C805403C2FD0EB77F19946E
[TLS] sign_hash (32): D94D465F6EAFD89E06983CB16172E55E1753E8E4DECAB5EB372CBCAFFFB6ECE7
[TLS] Written transcript to proofs/MSG_TLS_72CE83A0.out, proofs/SIG_TLS_72CE83A0.out and proofs/PK_TLS_72CE83A0.der
Signature verification succeeds
[TLS] Server time: 1619967601
[TLS] client_random  (32): 5C0ED66CDD810F8133DE63421CDC6218A7158B25D7207F70988FA102BAA9B940
[TLS] sign_hash (32): C116703B82EC20EBD69F87213BADD666A9DBB4EE19EA41915A4C9CEA2A506A8D
[TLS] Written transcript to proofs/MSG_TLS_5C0ED66C.out, proofs/SIG_TLS_5C0ED66C.out and proofs/PK_TLS_5C0ED66C.der
Signature verification succeeds
[TLS] Server time: 1619967601
[TLS] client_random  (32): 917E9C0D252628678210D2F1E35EF07D41D5535AE5EC6A054A9348AF9DCB0C35
[TLS] sign_hash (32): 7F92B4595BED7EC4B2793D1D9D64FAD65590EDF6E2961D8C7621BD00A4B59265
[TLS] Written transcript to proofs/MSG_TLS_917E9C0D.out, proofs/SIG_TLS_917E9C0D.out and proofs/PK_TLS_917E9C0D.der
Signature verification succeeds
[TLS] Server time: 1619967601
[TLS] client_random  (32): 1ACEC52676FC07226ED219A6849CE1A1D67029645275AEE22B61793593F9070B
[TLS] sign_hash (32): EBA239168579819A45B48D25AFF9968E6C04630D5E06A002B4B7C6F1FA524876
[TLS] Written transcript to proofs/MSG_TLS_1ACEC526.out, proofs/SIG_TLS_1ACEC526.out and proofs/PK_TLS_1ACEC526.der
Signature verification succeeds
[TLS] Server time: 1619967601
[TLS] client_random  (32): AE8E7F3C5FA7EDA37E4247FBD55922A5BC1571C49609D6FD0151D663C9A78D00
[TLS] sign_hash (32): 63123E6A8F31DE079E862C6FE52D301699707FCBDEB95D2554D2FCCAC2B3D8CD
[TLS] Written transcript to proofs/MSG_TLS_AE8E7F3C.out, proofs/SIG_TLS_AE8E7F3C.out and proofs/PK_TLS_AE8E7F3C.der
Signature verification succeeds
[TLS] Server time: 1619967601
[TLS] client_random  (32): F95CA9C135328935C95245168C9130637A83C06990906C9DE338387315D68CE8
[TLS] sign_hash (32): 7C828A5700087594F3735B619E562925B2AC219DD7A3DFFA1FB05DEC2E58917C
[TLS] Written transcript to proofs/MSG_TLS_F95CA9C1.out, proofs/SIG_TLS_F95CA9C1.out and proofs/PK_TLS_F95CA9C1.der
Signature verification succeeds
[TLS] Server time: 1619967601
[TLS] client_random  (32): F55E69F385B2AD8FAA5E7340C2AB53676C7A72CB5C3DE2E12E28CAB1B842FE63
[TLS] sign_hash (32): AFF1198E7FCB8F101C8E8A2514770E0CCEDF086B60BD4137AD6842EB5F2789A8
[TLS] Written transcript to proofs/MSG_TLS_F55E69F3.out, proofs/SIG_TLS_F55E69F3.out and proofs/PK_TLS_F55E69F3.der
Signature verification succeeds
[TLS] Server time: 1619967601
[TLS] client_random  (32): F3C93AFCC7DCF7980E4BB778D2DC40E49637DE3EC68EC1FAAC2C16C64E908E2F
[TLS] sign_hash (32): 7EB046B36FA4884DD68E7A33729AB1143B19B033CF4F9BCD6EAC3C9C1ACAF914
[TLS] Written transcript to proofs/MSG_TLS_F3C93AFC.out, proofs/SIG_TLS_F3C93AFC.out and proofs/PK_TLS_F3C93AFC.der
Signature verification succeeds
[TLS] Server time: 1619967601
[TLS] client_random  (32): 9DB9A257B4C374E283DD5016837D393D242EDCE878304F1A156744D8527F5C8B
[TLS] sign_hash (32): B9893CA36848500EFE1A3E493F1AE5716323B06B66FC59986DB72C6EC722ADBA
[TLS] Written transcript to proofs/MSG_TLS_9DB9A257.out, proofs/SIG_TLS_9DB9A257.out and proofs/PK_TLS_9DB9A257.der
Signature verification succeeds
[TLS] Server time: 1619967601
[TLS] client_random  (32): B0BA9336007ADEC22434F0B8FB1E7D9BE91EFE08E4503EE40648D13F69A148F2
[TLS] sign_hash (32): 044D2840B351C1323C97D019F84D27C158A14C12A3B6C7FA58D157D8506E53A8
[TLS] Written transcript to proofs/MSG_TLS_B0BA9336.out, proofs/SIG_TLS_B0BA9336.out and proofs/PK_TLS_B0BA9336.der
Signature verification succeeds
[TLS] Server time: 1619967601
[TLS] client_random  (32): DDE44909A9ADE29EACE391D1F5472CECEC7F7A18E7D1C901E78C90913B814E00
[TLS] sign_hash (32): 776A5E9CA56CA1B1098EC6E613CE2376DAE9865712BE0BF058594E8319963FB2
[TLS] Written transcript to proofs/MSG_TLS_DDE44909.out, proofs/SIG_TLS_DDE44909.out and proofs/PK_TLS_DDE44909.der
Signature verification succeeds
[TLS] Server time: 1619967602
[TLS] client_random  (32): FCAF72744E912E04282A8AD4FDB2F5999B457B7851534AAEA9DE84C491579DC1
[TLS] sign_hash (32): BDC37A078E5FD3619DCF2A72039E4C68B2341B11F49885DA619307A52CC9F744
[TLS] Written transcript to proofs/MSG_TLS_FCAF7274.out, proofs/SIG_TLS_FCAF7274.out and proofs/PK_TLS_FCAF7274.der
Signature verification succeeds
[TLS] Server time: 1619967602
[TLS] client_random  (32): 10E04A56E35B5B10CF0DF350ED473C0D7C9CFB2DB14E920748C2C1C878428320
[TLS] sign_hash (32): A90095EDD152B3EA8E3FA37960E3EFEDB98ED7EEA16A7616073C7E211F6BD051
[TLS] Written transcript to proofs/MSG_TLS_10E04A56.out, proofs/SIG_TLS_10E04A56.out and proofs/PK_TLS_10E04A56.der
Signature verification succeeds
[TLS] Server time: 1619967602
[TLS] client_random  (32): 8F53F60E7185111489F9A90F1250893B02C3C28E3CB06C49EAC263E1526D42A9
[TLS] sign_hash (32): 8C162A26D51219FE11EB8FB0A8A94478C5D0B81EB580BD2DA503EA02F83BDF98
[TLS] Written transcript to proofs/MSG_TLS_8F53F60E.out, proofs/SIG_TLS_8F53F60E.out and proofs/PK_TLS_8F53F60E.der
Signature verification succeeds
[TLS] Server time: 1619967602
[TLS] client_random  (32): 223E3FB4400CCF3C28EB131E9DEE154D74A1DBFD2C22A86C6AD73986F568A6BC
[TLS] sign_hash (32): 2096409DE67C35CD959CBD06134AEF8277FEC35187A22D0498F928DE7B546F5D
[TLS] Written transcript to proofs/MSG_TLS_223E3FB4.out, proofs/SIG_TLS_223E3FB4.out and proofs/PK_TLS_223E3FB4.der
Signature verification succeeds
[TLS] Server time: 1619967602
[TLS] client_random  (32): 6BA0821BB1C173FED5FCE2E1094703E556951B90BF03EDCBD18B2E7F06F9FFFF
[TLS] sign_hash (32): CB8BC55C202884A6C90FFE4EC41B6DDB3AA04478E19D3E71E618EEC8CA2B2716
[TLS] Written transcript to proofs/MSG_TLS_6BA0821B.out, proofs/SIG_TLS_6BA0821B.out and proofs/PK_TLS_6BA0821B.der
Signature verification succeeds
[TLS] Server time: 1619967602
[TLS] client_random  (32): 11D08B4264A0DB1A02AB611B5B3258758016CFA44DE4841FCD72E58791CCFF89
[TLS] sign_hash (32): ADBC4073EEFF07677C03EB7FDDAA656748584026D6DD37EB8E357E33E2F9D23F
[TLS] Written transcript to proofs/MSG_TLS_11D08B42.out, proofs/SIG_TLS_11D08B42.out and proofs/PK_TLS_11D08B42.der
Signature verification succeeds
[TLS] Server time: 1619967602
[TLS] client_random  (32): 8FCA634C04A01BC213D45E00A4861E6094D7DEFEB1928D3A5BC2653CD0529473
[TLS] sign_hash (32): F3BEA187C40B06A09F7800935957DC4C0581E80CAE381DE0E624FAA56BE98BD6
[TLS] Written transcript to proofs/MSG_TLS_8FCA634C.out, proofs/SIG_TLS_8FCA634C.out and proofs/PK_TLS_8FCA634C.der
Signature verification succeeds
[TLS] Server time: 1619967602
[TLS] client_random  (32): 7A90D4AA1D76D4A71375CD755805212157B953D733F72698CD49091F4FBB6035
[TLS] sign_hash (32): 6B404AE0DEBF102515F5E65357621A487237870DB688ADADD01910D984831F56
[TLS] Written transcript to proofs/MSG_TLS_7A90D4AA.out, proofs/SIG_TLS_7A90D4AA.out and proofs/PK_TLS_7A90D4AA.der
Signature verification succeeds
[TLS] Server time: 1619967602
[TLS] client_random  (32): 88BC8721AB28A979BAF96AD7139E3DEDECF12F1F3C394851B4C6410202986116
[TLS] sign_hash (32): CCA39D7223F4C430566D28FD89EF0A54716CE0783D8D844750089D5BE3004419
[TLS] Written transcript to proofs/MSG_TLS_88BC8721.out, proofs/SIG_TLS_88BC8721.out and proofs/PK_TLS_88BC8721.der
Signature verification succeeds
[TLS] Server time: 1619967602
[TLS] client_random  (32): DC2CED66C3E7273DD00535F0DD98818058E8E88343F8CFA897965403BD0041E7
[TLS] sign_hash (32): 530F3431FCFDCC03C33D692EB31730DCABB1BB66F069B6A767612D63414A667B
[TLS] Written transcript to proofs/MSG_TLS_DC2CED66.out, proofs/SIG_TLS_DC2CED66.out and proofs/PK_TLS_DC2CED66.der
Signature verification succeeds
[TLS] Server time: 1619967602
[TLS] client_random  (32): B01B2ECD3EF5A7A81B7E0F657D3C1D613E633A752058288616747A0DFEEFAFE5
[TLS] sign_hash (32): A8B7E7E7E890E4F1DD55809844FDF97446FB0F827D44A5A45AF985ACA4AD9DAD
[TLS] Written transcript to proofs/MSG_TLS_B01B2ECD.out, proofs/SIG_TLS_B01B2ECD.out and proofs/PK_TLS_B01B2ECD.der
Signature verification succeeds
[TLS] Server time: 1619967602
[TLS] client_random  (32): 1BE81CA86ACD7E5976A485F90801BCEDFDF2041498E7BA111CE94114AFAD33AA
[TLS] sign_hash (32): B22AE6CC7B12BD83855BFCC1D6D7E7D1B5FB53A196E7E4A111C3C25DA0C4965B
[TLS] Written transcript to proofs/MSG_TLS_1BE81CA8.out, proofs/SIG_TLS_1BE81CA8.out and proofs/PK_TLS_1BE81CA8.der
Signature verification succeeds
[TLS] Server time: 1619967602
[TLS] client_random  (32): 9A39F0FFB9638B7EBA2E36313F80C6CD884D9F60AE1703BC0CA3D1209D4E627F
[TLS] sign_hash (32): 3F0FF41588F32650AD62A7DD80E1B8C3741208A46D3258FD985E3FF670AA8585
[TLS] Written transcript to proofs/MSG_TLS_9A39F0FF.out, proofs/SIG_TLS_9A39F0FF.out and proofs/PK_TLS_9A39F0FF.der
Signature verification succeeds
[TLS] Server time: 1619967602
[TLS] client_random  (32): EEFFBC8817D16016479A4EB7B6D48971316B68847654A0F1C6AE62E16A4066F7
[TLS] sign_hash (32): FC389F20C283FE6206AA64D49E4A2CD6C95E87C94D72F022719675DE8A44314B
[TLS] Written transcript to proofs/MSG_TLS_EEFFBC88.out, proofs/SIG_TLS_EEFFBC88.out and proofs/PK_TLS_EEFFBC88.der
Signature verification succeeds
[TLS] Server time: 1619967602
[TLS] client_random  (32): 3887654BBDC2A230065540A4F975A3E6BB7D3783F926C6072CFD00E5563E754E
[TLS] sign_hash (32): B5D1D6819A93583E3F5CF0270415D3539411E5D82E3BE8667966364EE001DFE8
[TLS] Written transcript to proofs/MSG_TLS_3887654B.out, proofs/SIG_TLS_3887654B.out and proofs/PK_TLS_3887654B.der
Signature verification succeeds
[TLS] Server time: 1619967602
[TLS] client_random  (32): 08D99CCC6A5959D09E50608A1512FB0217BD1A63EC61860FE35CF8D2726AC4B6
[TLS] sign_hash (32): 026F545927504EDDE04A2DA6CF831047F2A7B603337D0A88908EE1B316035F4D
[TLS] Written transcript to proofs/MSG_TLS_08D99CCC.out, proofs/SIG_TLS_08D99CCC.out and proofs/PK_TLS_08D99CCC.der
Signature verification succeeds
[TLS] Server time: 1619967602
[TLS] client_random  (32): 9BA21134567262EAAC55B3816AF70CBCA5727C4F07BB06F7F5A40D95EF5AF188
[TLS] sign_hash (32): 6A3FF5DB067DF9DE9230DC4B40C02ADD94BE24D0D00EFF806C1CC10D2C436353
[TLS] Written transcript to proofs/MSG_TLS_9BA21134.out, proofs/SIG_TLS_9BA21134.out and proofs/PK_TLS_9BA21134.der
Signature verification succeeds
[TLS] Server time: 1619967602
[TLS] client_random  (32): 35F3611F333A6DD7AB69353A613B4E2FFB489BA04D90305786E161DE59D729F7
[TLS] sign_hash (32): 2C2ABB8716D54903AB246E8AB7CEF0346A711D73736A7B954AFE7E82E3D4DB3F
[TLS] Written transcript to proofs/MSG_TLS_35F3611F.out, proofs/SIG_TLS_35F3611F.out and proofs/PK_TLS_35F3611F.der
Signature verification succeeds
[TLS] Server time: 1619967602
[TLS] client_random  (32): 3559AA7DE49107396ACFDEFB56651E74F7CCEBA9EF67B6E08782B2CED6DE28FB
[TLS] sign_hash (32): 94BB2A6F9609A4DA098B123F8641D341060B14D93CF09B941E0C3C929E2B150D
[TLS] Written transcript to proofs/MSG_TLS_3559AA7D.out, proofs/SIG_TLS_3559AA7D.out and proofs/PK_TLS_3559AA7D.der
Signature verification succeeds
[TLS] Server time: 1619967602
[TLS] client_random  (32): F8AF675DFF76CEECF60046005E14A0DA8AB8AAE5D103E4AF259C8962A38796C9
[TLS] sign_hash (32): CC6C6C521F5FDF3BDD50DA98D7E56DA03D169585CB9DC0020B09913D9A54B250
[TLS] Written transcript to proofs/MSG_TLS_F8AF675D.out, proofs/SIG_TLS_F8AF675D.out and proofs/PK_TLS_F8AF675D.der
Signature verification succeeds
[TLS] Server time: 1619967602
[TLS] client_random  (32): 6B95CF60692582E981E7C2EDEE4942B37529AB42669FD5071A1C4BBC5D505131
[TLS] sign_hash (32): 1A515210FC41786546C1D3781259ADFB4A11DFBD16DB87940E92EEB93743FB07
[TLS] Written transcript to proofs/MSG_TLS_6B95CF60.out, proofs/SIG_TLS_6B95CF60.out and proofs/PK_TLS_6B95CF60.der
Signature verification succeeds
[TLS] Server time: 1619967602
[TLS] client_random  (32): 4CC7983F9679BA81FBCB6B4FD8AB2422E6E77AFC89058651BAF0BC200831DB5D
[TLS] sign_hash (32): 84B4A3CB09DAFAA07459BF76F00FF949422D76124A7B04A2D419E073A77AB7A1
[TLS] Written transcript to proofs/MSG_TLS_4CC7983F.out, proofs/SIG_TLS_4CC7983F.out and proofs/PK_TLS_4CC7983F.der
Signature verification succeeds
[TLS] Server time: 1619967602
[TLS] client_random  (32): D90FA5C0FA65DE840648549A4B42CDC9D52BB85C354F2FFAC67E7399C8FB6FC4
[TLS] sign_hash (32): 5AB60AB9782EF26365D4A9FC16DF60B41C5C2DF2FFD888F77F17CC706671FF8A
[TLS] Written transcript to proofs/MSG_TLS_D90FA5C0.out, proofs/SIG_TLS_D90FA5C0.out and proofs/PK_TLS_D90FA5C0.der
Signature verification succeeds
[TLS] Server time: 1619967602
[TLS] client_random  (32): 345BF98975CCF4F4084D59C8CEA20C16917A2F8B8D6774EA2170CDF5D349F37B
[TLS] sign_hash (32): 5DCA28F420EFD33DFD0F47FE56A002BC1ACE4C137D4BB8A6DEDBC920A38AA731
[TLS] Written transcript to proofs/MSG_TLS_345BF989.out, proofs/SIG_TLS_345BF989.out and proofs/PK_TLS_345BF989.der
Signature verification succeeds
[TLS] Server time: 1619967602
[TLS] client_random  (32): 67B63680097CD645420E2E10CDC03FF6AA29C36AF4EAB2BCA57CAA8ABD285BA4
[TLS] sign_hash (32): 3F15BB730BEC6B171F2B54890641CB0763DA379F94967E9E7D8EE4672D02A742
[TLS] Written transcript to proofs/MSG_TLS_67B63680.out, proofs/SIG_TLS_67B63680.out and proofs/PK_TLS_67B63680.der
Signature verification succeeds
[TLS] Server time: 1619967602
[TLS] client_random  (32): 3936B26B00FDAAA72ACFD1EF849277E8F20CDB15CFE6C84E409A8701B15E32BE
[TLS] sign_hash (32): 479FDCC61328F107C0F64DC183F3763B3A613A4D0599208CB11BB27030A09FA0
[TLS] Written transcript to proofs/MSG_TLS_3936B26B.out, proofs/SIG_TLS_3936B26B.out and proofs/PK_TLS_3936B26B.der
Signature verification succeeds
[TLS] Server time: 1619967602
[TLS] client_random  (32): 2FC30EC64FF0E80CE233E0DFF855DA8685F2911104BBE93700ECDB515E39545F
[TLS] sign_hash (32): DF57B65F4613904B99468ECC751F708610F87FA72D58E334AAFD1C6FDFC114B6
[TLS] Written transcript to proofs/MSG_TLS_2FC30EC6.out, proofs/SIG_TLS_2FC30EC6.out and proofs/PK_TLS_2FC30EC6.der
Signature verification succeeds
[TLS] Server time: 1619967602
[TLS] client_random  (32): CB41AA2D00E54FC75F90C53BAD786CE2E3DC3F87216D74367738DBF001C72080
[TLS] sign_hash (32): A2A02BB8E045261D837C0E54B76819A0947CA1914FE888112F7D2F01B992F5D7
[TLS] Written transcript to proofs/MSG_TLS_CB41AA2D.out, proofs/SIG_TLS_CB41AA2D.out and proofs/PK_TLS_CB41AA2D.der
Signature verification succeeds
[TLS] Server time: 1619967602
[TLS] client_random  (32): 24DF245C14D2E4A12CBACDEDB67B06DA9D287AFC8A1CC668BE61FAB1FF2DED9D
[TLS] sign_hash (32): 2A7CCF346A0499BDEABDB07D8B0688BCBF8A62F3A05AF8135441980EF2CE4D39
[TLS] Written transcript to proofs/MSG_TLS_24DF245C.out, proofs/SIG_TLS_24DF245C.out and proofs/PK_TLS_24DF245C.der
Signature verification succeeds
[TLS] Server time: 1619967602
[TLS] client_random  (32): 84C7A466E68CD5AE0AA8D2393B2B41C2B435F3ED9C2B28C47ADE7220DAAFCF3C
[TLS] sign_hash (32): FB7C49174A5F5F8B5F2A47D1349D83443E69E3685D62E6FA64EA4A7B7A6B7CC5
[TLS] Written transcript to proofs/MSG_TLS_84C7A466.out, proofs/SIG_TLS_84C7A466.out and proofs/PK_TLS_84C7A466.der
Signature verification succeeds
[TLS] Server time: 1619967602
[TLS] client_random  (32): D762FCC64E6B9652F45F0179D484E93BD725184B856821CAF0DDC19F576D6E22
[TLS] sign_hash (32): BFE008A53E4F44EF7AC9270868FEA63870B857B7805E38CC5AAD29781B90C701
[TLS] Written transcript to proofs/MSG_TLS_D762FCC6.out, proofs/SIG_TLS_D762FCC6.out and proofs/PK_TLS_D762FCC6.der
Signature verification succeeds
[TLS] Server time: 1619967602
[TLS] client_random  (32): 2C8A69B26DBCD4C83FA56B3BE9E744E7391F0ADF41902E70AB71BB1C36CB81FB
[TLS] sign_hash (32): D98B504496720CB5C67E81470C181C513A5A150EB8FC5CE9C15280954F1A3ECE
[TLS] Written transcript to proofs/MSG_TLS_2C8A69B2.out, proofs/SIG_TLS_2C8A69B2.out and proofs/PK_TLS_2C8A69B2.der
Signature verification succeeds
[TLS] Server time: 1619967602
[TLS] client_random  (32): 052EFA520C7A6326413B0DAE77490DF8E9E617B437C1EE1911E2B6DB965F5EC6
[TLS] sign_hash (32): 2D0EC8CFD12B58E762D3DE9A7CFB52A3D85B1AC8494A59C5BAB9BECD81F596BF
[TLS] Written transcript to proofs/MSG_TLS_052EFA52.out, proofs/SIG_TLS_052EFA52.out and proofs/PK_TLS_052EFA52.der
Signature verification succeeds
[TLS] Server time: 1619967602
[TLS] client_random  (32): 596C3FD283F5408BAC9DB8A9FFF1CA2DDE28BD6AFC999E2775B3FE17DBDD5A56
[TLS] sign_hash (32): 57BDE19BD5068105E30607E34EDF1E34506AC870F213CAEF1ADE7A07CB80ECC4
[TLS] Written transcript to proofs/MSG_TLS_596C3FD2.out, proofs/SIG_TLS_596C3FD2.out and proofs/PK_TLS_596C3FD2.der
Signature verification succeeds
[TLS] Server time: 1619967602
[TLS] client_random  (32): FFC57D49BC13249C1768FC1431C8675FA33CDED54E2835DAF3B1D1DF1EC225C3
[TLS] sign_hash (32): ACDFBE829A2F434A27801DDB647BD1EBE4098D668CF6157D965406D4ED319B26
[TLS] Written transcript to proofs/MSG_TLS_FFC57D49.out, proofs/SIG_TLS_FFC57D49.out and proofs/PK_TLS_FFC57D49.der
Signature verification succeeds
[TLS] Server time: 1619967602
[TLS] client_random  (32): 9D7684A06E7AB7F78CEDFC4E3F95BCC0F0253837F514BBA521800DDBE9DFD308
[TLS] sign_hash (32): 64E3C7B0DB9A048B80B003D6ED88B4AC906E923539C23B214DE0D5D036E1F045
[TLS] Written transcript to proofs/MSG_TLS_9D7684A0.out, proofs/SIG_TLS_9D7684A0.out and proofs/PK_TLS_9D7684A0.der
Signature verification succeeds
[TLS] Server time: 1619967602
[TLS] client_random  (32): CF49A92CCFE634F70B9366E633C523908023945B5B589B8702E06BFCB0CA1A0E
[TLS] sign_hash (32): 8C3A51CE454E1D83125449B6D9C0BA8560E3D8E43FD5482B76E694886DD73F59
[TLS] Written transcript to proofs/MSG_TLS_CF49A92C.out, proofs/SIG_TLS_CF49A92C.out and proofs/PK_TLS_CF49A92C.der
Signature verification succeeds
[TLS] Server time: 1619967602
[TLS] client_random  (32): 0453BFDA622545D05B91F53F5EC22BAE8A8DAB024BEA94F8AE6BCFCB96153EB4
[TLS] sign_hash (32): 26CA9DD33AF87E3CFA205A38F7EF233D994110EABC3A86AA36FC04A12EBD61C3
[TLS] Written transcript to proofs/MSG_TLS_0453BFDA.out, proofs/SIG_TLS_0453BFDA.out and proofs/PK_TLS_0453BFDA.der
Signature verification succeeds
[TLS] Server time: 1619967602
[TLS] client_random  (32): B7AD15AE57CEB6EB624A4B24D1AFD424975E8AD5DCA55B8E58F725C7EB53669A
[TLS] sign_hash (32): D46333D7CED44D08F7B9578F7F3ABE4FAA4D1F42EC6F03808A4DD7825033A54D
[TLS] Written transcript to proofs/MSG_TLS_B7AD15AE.out, proofs/SIG_TLS_B7AD15AE.out and proofs/PK_TLS_B7AD15AE.der
Signature verification succeeds
[TLS] Server time: 1619967602
[TLS] client_random  (32): 8067880F08655D3100CFCF495D1EDE6685FA0B096B18E03AA85509DE9D7E6C8B
[TLS] sign_hash (32): D7F862F9648B2CC6B53DD551750B410DE5310E7A4EF985A4AC94FB6AC9807E1E
[TLS] Written transcript to proofs/MSG_TLS_8067880F.out, proofs/SIG_TLS_8067880F.out and proofs/PK_TLS_8067880F.der
Signature verification succeeds
[TLS] Server time: 1619967602
[TLS] client_random  (32): 70FFE0C96A35FF3AD0B38B2286F1A495DB7DE25884A293E6C4681A7B974A425F
[TLS] sign_hash (32): 7F2D843A0F65E9D66DB033E099CBEB95D72507ABB91226A7A1A68C33BB552B57
[TLS] Written transcript to proofs/MSG_TLS_70FFE0C9.out, proofs/SIG_TLS_70FFE0C9.out and proofs/PK_TLS_70FFE0C9.der
Signature verification succeeds
[TLS] Server time: 1619967602
[TLS] client_random  (32): EB91C1DE507ABB1B4CB0B43A886CD420A3A84CC0AFCB80484CE1D9CFE9446DD2
[TLS] sign_hash (32): 01412E3E24EF6C2DDF021DE6F4F5827D36F17AB5E85A57069D2B06B6963F81E4
[TLS] Written transcript to proofs/MSG_TLS_EB91C1DE.out, proofs/SIG_TLS_EB91C1DE.out and proofs/PK_TLS_EB91C1DE.der
Signature verification succeeds
[TLS] Server time: 1619967602
[TLS] client_random  (32): 49B30F2A9914A2824C107937A5072CF81A842C7DDF79259B4AAD3B87A3E0A24D
[TLS] sign_hash (32): 67F02DA29D8F4F61D7E563DE4458F6971B87104548A3A2ED57A497DD03C11E60
[TLS] Written transcript to proofs/MSG_TLS_49B30F2A.out, proofs/SIG_TLS_49B30F2A.out and proofs/PK_TLS_49B30F2A.der
Signature verification succeeds
[TLS] Server time: 1619967602
[TLS] client_random  (32): 4C9D9838F4C38102FBFF65AD679B1B09518F8F4AE4AA7A38E0C3396E40829E62
[TLS] sign_hash (32): 5CD4F9BC8BEC3CA63C55E05100C50C47486A4F298A66183DF01DABFA4ACE051E
[TLS] Written transcript to proofs/MSG_TLS_4C9D9838.out, proofs/SIG_TLS_4C9D9838.out and proofs/PK_TLS_4C9D9838.der
Signature verification succeeds
[TLS] Server time: 1619967602
[TLS] client_random  (32): 931236B2905993590F4BABD59B5191415BF0867ED959637B787E3A20B4022FA6
[TLS] sign_hash (32): DFCE2D116F8EA74454AB45B3E1838805C770D04F130DB1592757A25A1850BDE2
[TLS] Written transcript to proofs/MSG_TLS_931236B2.out, proofs/SIG_TLS_931236B2.out and proofs/PK_TLS_931236B2.der
Signature verification succeeds
[TLS] Server time: 1619967602
[TLS] client_random  (32): 98A2BFDA7FA50876D250D6648093C2CB4129163B7AEC15C06F88F1E2975226E0
[TLS] sign_hash (32): 587C17659A546560EAD015FEE5429BBF08CE967ED28EFF5CF6F9F9616AF0E4C9
[TLS] Written transcript to proofs/MSG_TLS_98A2BFDA.out, proofs/SIG_TLS_98A2BFDA.out and proofs/PK_TLS_98A2BFDA.der
Signature verification succeeds
[TLS] Server time: 1619967602
[TLS] client_random  (32): 0D69B6DF1CCA56D206FBD55808C1D55262B60A40BDC93628BDB1D53DE40F5C2B
[TLS] sign_hash (32): CFC7A69371FF0A892186394A3B91EF6FC46746294FE1FE126329F8C7D604FB4A
[TLS] Written transcript to proofs/MSG_TLS_0D69B6DF.out, proofs/SIG_TLS_0D69B6DF.out and proofs/PK_TLS_0D69B6DF.der
Signature verification succeeds
[TLS] Server time: 1619967602
[TLS] client_random  (32): 9514EFA4E57BA08DAE7F7AB8B86207687B1D79B7D68372DC1E1A2CA43B3022C7
[TLS] sign_hash (32): 012179D3922E16BF202A4671E1F556155E62D49FD88A2B482B19BE2D8CE4991C
[TLS] Written transcript to proofs/MSG_TLS_9514EFA4.out, proofs/SIG_TLS_9514EFA4.out and proofs/PK_TLS_9514EFA4.der
Signature verification succeeds
[TLS] Server time: 1619967602
[TLS] client_random  (32): C3438C67438BEB858B53DFD428482654C7825050A14656EC7D2AD8B7E8AD3715
[TLS] sign_hash (32): 2ACFBE219AF4DC3D16D799DDCEA2D2E88913400E531EF971B34B92D222131D3F
[TLS] Written transcript to proofs/MSG_TLS_C3438C67.out, proofs/SIG_TLS_C3438C67.out and proofs/PK_TLS_C3438C67.der
Signature verification succeeds
[TLS] Server time: 1619967602
[TLS] client_random  (32): 52DED5714B6EFF8B318E0FFC2E89CFFDC114375425BB5618D6C95A8A51D856B9
[TLS] sign_hash (32): 4FCA71D5E2F4249A1AE61493C1D0839F2154700CFA1EFD30D2C0116531D584D8
[TLS] Written transcript to proofs/MSG_TLS_52DED571.out, proofs/SIG_TLS_52DED571.out and proofs/PK_TLS_52DED571.der
Signature verification succeeds
[TLS] Server time: 1619967602
[TLS] client_random  (32): 59B7A29577AE01E24739288B8B4870E8F20FA586E94DEDE9AAD1BB4BCA52C6F4
[TLS] sign_hash (32): 97546435D397BBCB14F464EA077A4B4CD4C006296EE9337BFEDA2D60C6BEF90F
[TLS] Written transcript to proofs/MSG_TLS_59B7A295.out, proofs/SIG_TLS_59B7A295.out and proofs/PK_TLS_59B7A295.der
Signature verification succeeds
[TLS] Server time: 1619967602
[TLS] client_random  (32): 1B8C92DA4F6899C2C151B538FC9E805ACE111D793D299C42ABEEEEE60FD0C4BA
[TLS] sign_hash (32): EA1B21B3E5B0B6200C367D6E6A5AEFF508E0346097C75609618A00A345EACA4D
[TLS] Written transcript to proofs/MSG_TLS_1B8C92DA.out, proofs/SIG_TLS_1B8C92DA.out and proofs/PK_TLS_1B8C92DA.der
Signature verification succeeds
[TLS] Server time: 1619967602
[TLS] client_random  (32): 78D0277F64B60A4493A1572642A6E0E17DF57FE5F5077A72764049264B367C57
[TLS] sign_hash (32): DA9D5EB36103C504331A329D1379571F8299D5DC1D3378D81EA39721ACF71764
[TLS] Written transcript to proofs/MSG_TLS_78D0277F.out, proofs/SIG_TLS_78D0277F.out and proofs/PK_TLS_78D0277F.der
Signature verification succeeds
[TLS] Server time: 1619967602
[TLS] client_random  (32): B7B81E0E6190F34CCE78EF8E1548F52763A2AD1D6B8FE9D0C2CEC5A057F8698C
[TLS] sign_hash (32): CC3329C95098B5FFD16B194C1C96406A65060910E499254005ACB1128DC15FB9
[TLS] Written transcript to proofs/MSG_TLS_B7B81E0E.out, proofs/SIG_TLS_B7B81E0E.out and proofs/PK_TLS_B7B81E0E.der
Signature verification succeeds
[TLS] Server time: 1619967602
[TLS] client_random  (32): F751DE5930214EF8A1D030E4009A7A854912C4C6BB8991FC9F19EE458872178C
[TLS] sign_hash (32): 249B41A260E01802863E58A04A61731A19A0282E38E3C5E157F6EF3987663791
[TLS] Written transcript to proofs/MSG_TLS_F751DE59.out, proofs/SIG_TLS_F751DE59.out and proofs/PK_TLS_F751DE59.der
Signature verification succeeds
[TLS] Server time: 1619967602
[TLS] client_random  (32): E319B01D3D445A6DE7C80BEE54E882B2B90676BD3BFD9B5568A8DB5575C58359
[TLS] sign_hash (32): 8638800743E25A74DBB8734EDA18DA6ACC416CB789B9F1B41C9ABB802904CDFE
[TLS] Written transcript to proofs/MSG_TLS_E319B01D.out, proofs/SIG_TLS_E319B01D.out and proofs/PK_TLS_E319B01D.der
Signature verification succeeds
[TLS] Server time: 1619967602
[TLS] client_random  (32): 8A707CE995BF9B6075B88AFFB0E716EEF902AD608F464F866253356E19A8D8E7
[TLS] sign_hash (32): B8CEA5A20414F3C1B9762667EC04645A0FE81DF4EACF681FC1C4F8DF3B1EFD04
[TLS] Written transcript to proofs/MSG_TLS_8A707CE9.out, proofs/SIG_TLS_8A707CE9.out and proofs/PK_TLS_8A707CE9.der
Signature verification succeeds
[TLS] Server time: 1619967602
[TLS] client_random  (32): 3612B2BD16FD10C4785CD37048C59035BA6662C975F1B13C3B5772A614A42A33
[TLS] sign_hash (32): EAF8B9F53F5D198BFF3F311FC6B3D856C08D5379E65002C7F2AA78F432F913A0
[TLS] Written transcript to proofs/MSG_TLS_3612B2BD.out, proofs/SIG_TLS_3612B2BD.out and proofs/PK_TLS_3612B2BD.der
Signature verification succeeds
[TLS] Server time: 1619967602
[TLS] client_random  (32): 39B69B5415C7FDAFD2A5DFD52D3C433288408664EBE19B10BAF6C016770AF859
[TLS] sign_hash (32): 868F8CDCE45F8B12967937818560D9E4684D9844CB98673ABAB18D15858D4AB4
[TLS] Written transcript to proofs/MSG_TLS_39B69B54.out, proofs/SIG_TLS_39B69B54.out and proofs/PK_TLS_39B69B54.der
Signature verification succeeds
[TLS] Server time: 1619967602
[TLS] client_random  (32): 43B02E37AD776884A129FFB79CBC238F81BE8F612533BDAA8FADC5F33840001C
[TLS] sign_hash (32): 9024E4E61E6C71D2A2D92C9B1E174FFCA26F10816D0253338F53154B20E94702
[TLS] Written transcript to proofs/MSG_TLS_43B02E37.out, proofs/SIG_TLS_43B02E37.out and proofs/PK_TLS_43B02E37.der
Signature verification succeeds
[TLS] Server time: 1619967602
[TLS] client_random  (32): 99DB90E4FA9C15A0D0CDE885670E46ACCA257E7873E58B1EF1C12C33301B2CC1
[TLS] sign_hash (32): C976AA220F11AD0203C14A3C729BB062AA3F183EEB2E1F3BAF4FF7DE590C9A70
[TLS] Written transcript to proofs/MSG_TLS_99DB90E4.out, proofs/SIG_TLS_99DB90E4.out and proofs/PK_TLS_99DB90E4.der
Signature verification succeeds
[TLS] Server time: 1619967602
[TLS] client_random  (32): 3164EFDD8D927454190181B134C80A5DAF0DC2C88CEFA9CABF9C581EF84009AE
[TLS] sign_hash (32): 3403092D07456E384C910B0A08D066859BF6226A6DA4BFE828DB98270EC27D8F
[TLS] Written transcript to proofs/MSG_TLS_3164EFDD.out, proofs/SIG_TLS_3164EFDD.out and proofs/PK_TLS_3164EFDD.der
Signature verification succeeds
[TLS] Server time: 1619967602
[TLS] client_random  (32): D1E81D8F366DE56FEDEA9693D766FF70A7E9701BA07DF10D2C73041B5ADCCD99
[TLS] sign_hash (32): F4998279CB8520018A99AB84AB2375DBD7BB3784BF1E8A62FF7B70F23F7DB780
[TLS] Written transcript to proofs/MSG_TLS_D1E81D8F.out, proofs/SIG_TLS_D1E81D8F.out and proofs/PK_TLS_D1E81D8F.der
Signature verification succeeds
[TLS] Server time: 1619967602
[TLS] client_random  (32): F0A70836C4D5FAB255029E7F9042F8E10AE11048C8265C26EF12834021EB74B0
[TLS] sign_hash (32): EB9927C73CE1E8F29CCA4370609D91F5A3F69614D32C117FAC969CC3CB809DD4
[TLS] Written transcript to proofs/MSG_TLS_F0A70836.out, proofs/SIG_TLS_F0A70836.out and proofs/PK_TLS_F0A70836.der
Signature verification succeeds
[TLS] Server time: 1619967602
[TLS] client_random  (32): 3C37ADBB15631A2FD8F657823D02BF18964BA8E39934D72C702F2E12477DDB94
[TLS] sign_hash (32): 3FA656C28A88DA27B14DF740BE5DCE59BB58D3BA1EE243D7DB642807672B4AA4
[TLS] Written transcript to proofs/MSG_TLS_3C37ADBB.out, proofs/SIG_TLS_3C37ADBB.out and proofs/PK_TLS_3C37ADBB.der
Signature verification succeeds
[TLS] Server time: 1619967602
[TLS] client_random  (32): DE4E9C55FD5D691111878B9304C32F493184A11C9288AB16FD81B4A87EB1886D
[TLS] sign_hash (32): 37E2F77DC9D43005A9E8D6EAD42C4BFEE34F2DB3D5D9FDB46DC04144E304A59F
[TLS] Written transcript to proofs/MSG_TLS_DE4E9C55.out, proofs/SIG_TLS_DE4E9C55.out and proofs/PK_TLS_DE4E9C55.der
Signature verification succeeds
[TLS] Server time: 1619967602
[TLS] client_random  (32): C0CDCA1A3D5BD71914881378AB17FB8F2058BF133CD89E1E94B8C67C607D588C
[TLS] sign_hash (32): 088C413CC4CEC4A938406ACB61CA8C29CE7D28E2D6000C7D6729B9D589AA66F2
[TLS] Written transcript to proofs/MSG_TLS_C0CDCA1A.out, proofs/SIG_TLS_C0CDCA1A.out and proofs/PK_TLS_C0CDCA1A.der
Signature verification succeeds
[TLS] Server time: 1619967602
[TLS] client_random  (32): BD7EC18D45CABC39079446C49865EE22C4462EB1F2145F89DCCD1BBCEF123C3E
[TLS] sign_hash (32): BFCB1AFFF815447D443B1CFFC72249994C8003FC7CEB27B87B11D29D94E03E8C
[TLS] Written transcript to proofs/MSG_TLS_BD7EC18D.out, proofs/SIG_TLS_BD7EC18D.out and proofs/PK_TLS_BD7EC18D.der
Signature verification succeeds
[TLS] Server time: 1619967602
[TLS] client_random  (32): 8ED29AAF0B4F060FCB9A4061CEBFCD895F8A1F2DAC28AF3A2D97A7CBC8FDE886
[TLS] sign_hash (32): D304E85DB8A3F4EDF0AD4BEB935569D35B52A60D60546F9B9A224B59DC00FEA2
[TLS] Written transcript to proofs/MSG_TLS_8ED29AAF.out, proofs/SIG_TLS_8ED29AAF.out and proofs/PK_TLS_8ED29AAF.der
Signature verification succeeds
[TLS] Server time: 1619967602
[TLS] client_random  (32): 8067D2BFA98A482C424F9F3EEDC08683827DFA8E09F97FD31D927A342870EFC5
[TLS] sign_hash (32): 89F2768D894A57DE9D6BFAED9597B15BD6B78AD83208775F1CA6DB2F7D3B23CC
[TLS] Written transcript to proofs/MSG_TLS_8067D2BF.out, proofs/SIG_TLS_8067D2BF.out and proofs/PK_TLS_8067D2BF.der
Signature verification succeeds
[TLS] Server time: 1619967602
[TLS] client_random  (32): 8C0E261D6C1F11167854489D780CACA25B2D292F30FA772C80906DEB985DB97C
[TLS] sign_hash (32): 8FCC09F0CB4A86CD60B63489FA92B48DCAAD78CE57FE90EAAFDE64CD4E32A90E
[TLS] Written transcript to proofs/MSG_TLS_8C0E261D.out, proofs/SIG_TLS_8C0E261D.out and proofs/PK_TLS_8C0E261D.der
Signature verification succeeds
[TLS] Server time: 1619967602
[TLS] client_random  (32): 92C41B6C97EF9E2AAFF0A9B9C7090FE41C9D968D32D92A4164C69BCC8636FA85
[TLS] sign_hash (32): 9243240B4A16CAB84877D53B502ADC43715C59A5066C3E157AA6AC6220E52821
[TLS] Written transcript to proofs/MSG_TLS_92C41B6C.out, proofs/SIG_TLS_92C41B6C.out and proofs/PK_TLS_92C41B6C.der
Signature verification succeeds
[TLS] Server time: 1619967602
[TLS] client_random  (32): 6343D8074500EE202BE2E6F693905FA3C608BCFCF927C22CCD22EB468A8FE4A2
[TLS] sign_hash (32): C35B66D39FB5A074A0A44515CB07EE4B0FFFF7D4A4611E4D9ABF188E4B5F1388
[TLS] Written transcript to proofs/MSG_TLS_6343D807.out, proofs/SIG_TLS_6343D807.out and proofs/PK_TLS_6343D807.der
Signature verification succeeds
[TLS] Server time: 1619967602
[TLS] client_random  (32): D4626AE6B0071C9C31CD218971B7A22D2EB8AA26E6D5BFC76453D19E7C498E12
[TLS] sign_hash (32): 4809060A4D0A19DDFAA695E00815D3B8ECF99868381F355B17EBF19EA3D67524
[TLS] Written transcript to proofs/MSG_TLS_D4626AE6.out, proofs/SIG_TLS_D4626AE6.out and proofs/PK_TLS_D4626AE6.der
Signature verification succeeds
[TLS] Server time: 1619967602
[TLS] client_random  (32): 4B4FDC8E2C9FA7EB49487318EE8AD142280DED712522E935ABC30C18CEC8D06B
[TLS] sign_hash (32): 67611DB5CF448153B5CB72AC38BB35AA7400F443B22ACBE4576358E6868267B6
[TLS] Written transcript to proofs/MSG_TLS_4B4FDC8E.out, proofs/SIG_TLS_4B4FDC8E.out and proofs/PK_TLS_4B4FDC8E.der
Signature verification succeeds
[TLS] Server time: 1619967602
[TLS] client_random  (32): 0417E783428C1A2C9CA771EFC0FC0A311C063A75D00612C72957DB96D4E28FD6
[TLS] sign_hash (32): 3992E58DF2B79D64E8355342EBDF38FAF785FAA0CCA52434D061E36CEDC8C428
[TLS] Written transcript to proofs/MSG_TLS_0417E783.out, proofs/SIG_TLS_0417E783.out and proofs/PK_TLS_0417E783.der
Signature verification succeeds
[TLS] Server time: 1619967602
[TLS] client_random  (32): AE0631B32C236C65C02D6E3285F612B8E441471FD7E0486C46E82B661D9D3E45
[TLS] sign_hash (32): 408F24DEF34C003B3EEA8CC0DDC21ED83F12C0BDCA6ADBE6D48D748AEAF8306A
[TLS] Written transcript to proofs/MSG_TLS_AE0631B3.out, proofs/SIG_TLS_AE0631B3.out and proofs/PK_TLS_AE0631B3.der
Signature verification succeeds
[TLS] Server time: 1619967602
[TLS] client_random  (32): E80A8CC0DDFFEE0367B3E62E1FC69010A221DC5BB942BE2A4375893ED64CCF9A
[TLS] sign_hash (32): AFE41994B75A39CF43AAB261D8DFD0727A65E43E611A981F67AE13D2ADC3F552
[TLS] Written transcript to proofs/MSG_TLS_E80A8CC0.out, proofs/SIG_TLS_E80A8CC0.out and proofs/PK_TLS_E80A8CC0.der
Signature verification succeeds
[TLS] Server time: 1619967602
[TLS] client_random  (32): B3C31E0A80187B433D2D60A5F2F17FADFC88E5B738FCCE3B9D0FD2DC54BA6D9C
[TLS] sign_hash (32): 7D837D3A939F98927D99BBB8C676CEBA85B93DA7833EF3C500ACB39350C44102
[TLS] Written transcript to proofs/MSG_TLS_B3C31E0A.out, proofs/SIG_TLS_B3C31E0A.out and proofs/PK_TLS_B3C31E0A.der
Signature verification succeeds
[TLS] Server time: 1619967602
[TLS] client_random  (32): 85D31BD1F9F607E4DC3FEB21992ACD9C21403230AA1935DC629A66556DFF66AA
[TLS] sign_hash (32): 5B67ADF3FC445764A0D103A79D7FCE3FB6651D924AF043A5FA8395680E2A7B56
[TLS] Written transcript to proofs/MSG_TLS_85D31BD1.out, proofs/SIG_TLS_85D31BD1.out and proofs/PK_TLS_85D31BD1.der
Signature verification succeeds
[TLS] Server time: 1619967602
[TLS] client_random  (32): 6C66B31244A181BABE05304E3EEED558B80495C1A9ACB702AA70547300792BA5
[TLS] sign_hash (32): E0163D7FBFF1D7D425B358CF5FDC3949CB44C4B55DA43C7C3457C380DDA10B8C
[TLS] Written transcript to proofs/MSG_TLS_6C66B312.out, proofs/SIG_TLS_6C66B312.out and proofs/PK_TLS_6C66B312.der
Signature verification succeeds
[TLS] Server time: 1619967602
[TLS] client_random  (32): F10915582FA4226A4196C976F83F25A552BF61B1B8A9AE9660F77AE814E95EFD
[TLS] sign_hash (32): E32B10758C1F41EEFE184DACF0F5CEDB34F26767348A7BA56B8C7EAA6DE66DDC
[TLS] Written transcript to proofs/MSG_TLS_F1091558.out, proofs/SIG_TLS_F1091558.out and proofs/PK_TLS_F1091558.der
Signature verification succeeds
[TLS] Server time: 1619967602
[TLS] client_random  (32): ACE91D6045FEDC0D13FCC6932C553AC0A155CEF19FF1070CB457F3F998D0CE04
[TLS] sign_hash (32): F8DF2172514940A80C51689CCC6F3E7D2683278891731E8113343B575721E389
[TLS] Written transcript to proofs/MSG_TLS_ACE91D60.out, proofs/SIG_TLS_ACE91D60.out and proofs/PK_TLS_ACE91D60.der
Signature verification succeeds
[TLS] Server time: 1619967602
[TLS] client_random  (32): AE19E6C21809C8749914680F6A611F4F3A1F028656ACB9EBD24287426076E81E
[TLS] sign_hash (32): CEAB7D1B7E521D2C18E035E2F87FD494CAD45C8051889DF344C4979D93086C6E
[TLS] Written transcript to proofs/MSG_TLS_AE19E6C2.out, proofs/SIG_TLS_AE19E6C2.out and proofs/PK_TLS_AE19E6C2.der
Signature verification succeeds
[TLS] Server time: 1619967602
[TLS] client_random  (32): 32002CA718BBE51BD2E70C7428AA528C0EFDC1813758B7E8ED8BC3B3E350EA09
[TLS] sign_hash (32): C9252FF6850FED2F1E0495F4987B96ECFD5C8A1BC131189878A6DB633CC9B74A
[TLS] Written transcript to proofs/MSG_TLS_32002CA7.out, proofs/SIG_TLS_32002CA7.out and proofs/PK_TLS_32002CA7.der
Signature verification succeeds
[TLS] Server time: 1619967602
[TLS] client_random  (32): F9DAB3C47F902E5D43DE90FE59FDE92A96DD5F79DDCB2396D0E34D20AFF2CDF9
[TLS] sign_hash (32): C4E4EF2261245BB1099C9C2AD72D11DF39B281D296E4ED803099B516D7D2FF9E
[TLS] Written transcript to proofs/MSG_TLS_F9DAB3C4.out, proofs/SIG_TLS_F9DAB3C4.out and proofs/PK_TLS_F9DAB3C4.der
Signature verification succeeds
[TLS] Server time: 1619967602
[TLS] client_random  (32): DD81A3D770A4E25731727C9D538F68C440BB86DD58943F08DDF60693AC67A97B
[TLS] sign_hash (32): 5D112B95D1A16B6EA340DB0DC3A7CB4A98E66EE0386A38E15BDBA23EF395ED23
[TLS] Written transcript to proofs/MSG_TLS_DD81A3D7.out, proofs/SIG_TLS_DD81A3D7.out and proofs/PK_TLS_DD81A3D7.der
Signature verification succeeds
[TLS] Server time: 1619967602
[TLS] client_random  (32): D0CC0C3F16070E18427AF09AC1EEDB02698CA579C3A09BCE7F3A8B2516064644
[TLS] sign_hash (32): 7D27E568B337CCE39C928FF4983DA311E6C63E42982AA8233C9D4F6F53E1F8C9
[TLS] Written transcript to proofs/MSG_TLS_D0CC0C3F.out, proofs/SIG_TLS_D0CC0C3F.out and proofs/PK_TLS_D0CC0C3F.der
Signature verification succeeds
[TLS] Server time: 1619967602
[TLS] client_random  (32): 988355BD3DF03A1973F1747E2A363A9D18E2E4A2483989DA445FC8F448024DF0
[TLS] sign_hash (32): 6D2E2023D923A3A8637FB5E2225183E2388195398925A67FF33A113A88DC9CB8
[TLS] Written transcript to proofs/MSG_TLS_988355BD.out, proofs/SIG_TLS_988355BD.out and proofs/PK_TLS_988355BD.der
Signature verification succeeds
[TLS] Server time: 1619967602
[TLS] client_random  (32): A32B152EDA4025B6F786791BE8FD7C6C3EE6A4B706E90AA1CE43BA5A17788385
[TLS] sign_hash (32): DB33EFA0FA2B48BA8093E20E337767885352180960CB90610E0AEF57ADF84029
[TLS] Written transcript to proofs/MSG_TLS_A32B152E.out, proofs/SIG_TLS_A32B152E.out and proofs/PK_TLS_A32B152E.der
Signature verification succeeds
[TLS] Server time: 1619967602
[TLS] client_random  (32): A36D974E7C204843A164EF8A9EE678A7D47E9C30C34E59F93603899576F3E92F
[TLS] sign_hash (32): 43DFC30029FA92DED2509BACBFA1121CEB0079C1042FCE61410ECBFAA7AE3BB8
[TLS] Written transcript to proofs/MSG_TLS_A36D974E.out, proofs/SIG_TLS_A36D974E.out and proofs/PK_TLS_A36D974E.der
Signature verification succeeds
[TLS] Server time: 1619967602
[TLS] client_random  (32): 0635C918F12189232F8B50EB8542B72959F4CF29CA1B21D60637405DE628FB05
[TLS] sign_hash (32): 6DBA66762A3D3CEAD5C7BA04366DBC4B2E32D75CD1213028B4B4F14AFAEF1F64
[TLS] Written transcript to proofs/MSG_TLS_0635C918.out, proofs/SIG_TLS_0635C918.out and proofs/PK_TLS_0635C918.der
Signature verification succeeds
Time breakdown (averages): anchor_ping:6.181736 file_read:0.140790 hashing:0.470837
Total time for 125 rounds is 855.361330ms
Standard deviations: anchor_ping:0.625555 file_read:0.012859 hashing:0.004725
[Client-side ops] mean:0.611628 sd:0.013523
in & out anchor rand written to proofs/phase1.out
     34 [TLS] Server time: 1619967601
     92 [TLS] Server time: 1619967602
Count is 34
Count is 92
success: 1
RESULT: 1 in 1 tries
