TLS anchor: holycross.ac.uk
Actual: 61, Set: 125
Beginning execution at Tue May 4 20:30:01 UTC 2021
CONF: anchor:holycross.ac.uk fs:1024MB n_rounds:125 seed:5c9f4bf9bbc15bb855f82faedc5a52fc3ab2dfa8ec3ba3ce1b270f31fa0cced2 filename:FILE bs:1024 nops:100 benchmarking:0 anchor_ping:1 queue_depth:32 direct:0
[TLS] Connecting to holycross.ac.uk
[TLS] Server time: 1620160201
[TLS] client_random  (32): 5C9F4BF9BBC15BB855F82FAEDC5A52FC3AB2DFA8EC3BA3CE1B270F31FA0CCED2
[TLS] sign_hash (32): 168D1EB2F46C3128BBAFB1B21F9EA8129BE409657CF945DFED37C7D4768983BB
[TLS] Written transcript to proofs/MSG_TLS_5C9F4BF9.out, proofs/SIG_TLS_5C9F4BF9.out and proofs/PK_TLS_5C9F4BF9.der
Signature verification succeeds
[TLS] Server time: 1620160201
[TLS] client_random  (32): 733E6D481B2313C4619E19C637FBDC5A1EC02561CAA86480F962FA5CDF2B80F2
[TLS] sign_hash (32): 84F6DBB9376780B7C88BBDC1F19FABBC45426E17D205216B893A5F8026C29B12
[TLS] Written transcript to proofs/MSG_TLS_733E6D48.out, proofs/SIG_TLS_733E6D48.out and proofs/PK_TLS_733E6D48.der
Signature verification succeeds
[TLS] Server time: 1620160201
[TLS] client_random  (32): C86C837B4B85B21207800223B84DBE87BE75435E6D5DF8A3C52D71712761F1C0
[TLS] sign_hash (32): B51D120CBA5E1ACB784D484EFFB3E1AB19C76DF8ACAD6D6D10A2854ED22F1F8F
[TLS] Written transcript to proofs/MSG_TLS_C86C837B.out, proofs/SIG_TLS_C86C837B.out and proofs/PK_TLS_C86C837B.der
Signature verification succeeds
[TLS] Server time: 1620160201
[TLS] client_random  (32): 2B67AAEA7ADD1546005ECD2E4D47FA50485572D75865C477921443A5D4A5A6EF
[TLS] sign_hash (32): 9016D72B8EDD6C465CE84F235C42E6D466C66359EB1BC5859F71BB3EC62AB90F
[TLS] Written transcript to proofs/MSG_TLS_2B67AAEA.out, proofs/SIG_TLS_2B67AAEA.out and proofs/PK_TLS_2B67AAEA.der
Signature verification succeeds
[TLS] Server time: 1620160201
[TLS] client_random  (32): 5511C09355CB3852E15427F290739C6C5A860891B5AACDF95435D7D769E86C6D
[TLS] sign_hash (32): 00A5119CFD4CED594D6070561ADCCC15C6BB71C0E645915A5E98A89C65D26C7F
[TLS] Written transcript to proofs/MSG_TLS_5511C093.out, proofs/SIG_TLS_5511C093.out and proofs/PK_TLS_5511C093.der
Signature verification succeeds
[TLS] Server time: 1620160201
[TLS] client_random  (32): F8C1184F8CCC5BDBF179E14FFF0C3EBDB316909EAD6B034BA819120CCE387E94
[TLS] sign_hash (32): B0340D0CDF0EAD6248EDFEA366DCC549FB5A5B72C312B9C5B47DEC5994E843C8
[TLS] Written transcript to proofs/MSG_TLS_F8C1184F.out, proofs/SIG_TLS_F8C1184F.out and proofs/PK_TLS_F8C1184F.der
Signature verification succeeds
[TLS] Server time: 1620160201
[TLS] client_random  (32): 601E33B65F03F9F93D3B74241E131081DF3BD9972B147D85568313A49E9E90FC
[TLS] sign_hash (32): F9BDC8B9C4DDF8AF76305A4AD61651DA3BE0B10A2EAB62AF3AABE8867E6FB45B
[TLS] Written transcript to proofs/MSG_TLS_601E33B6.out, proofs/SIG_TLS_601E33B6.out and proofs/PK_TLS_601E33B6.der
Signature verification succeeds
[TLS] Server time: 1620160201
[TLS] client_random  (32): AB286B524B9971C23FAB748A66759880F3274D88C4A052488E996FC5CA347E5B
[TLS] sign_hash (32): D1AD9652D415DD8AB2E3ED674234B2DDB05F2B66813979F60319734FBC952D2D
[TLS] Written transcript to proofs/MSG_TLS_AB286B52.out, proofs/SIG_TLS_AB286B52.out and proofs/PK_TLS_AB286B52.der
Signature verification succeeds
[TLS] Server time: 1620160201
[TLS] client_random  (32): 4BE4E150EE522C7948EAABB74110599301D2D9AFD5CC18CB3622389D073BDE93
[TLS] sign_hash (32): B0389AC074D69198BD0207235AEAEB05C8EC6D0D55ED699692063FFF649642BB
[TLS] Written transcript to proofs/MSG_TLS_4BE4E150.out, proofs/SIG_TLS_4BE4E150.out and proofs/PK_TLS_4BE4E150.der
Signature verification succeeds
[TLS] Server time: 1620160201
[TLS] client_random  (32): 67B06513731780D8BF4704BF7F63002D27DA762BB6AAC5EE3C8DD248E1FAFE84
[TLS] sign_hash (32): 28F8D3599F740F92D9C864805CD98AC37CC850C671B604FEFF01E021ACD3874D
[TLS] Written transcript to proofs/MSG_TLS_67B06513.out, proofs/SIG_TLS_67B06513.out and proofs/PK_TLS_67B06513.der
Signature verification succeeds
[TLS] Server time: 1620160201
[TLS] client_random  (32): 88461434325435EE07B3750A354F370255B8189A8258BEA85BE04171D2DC9409
[TLS] sign_hash (32): 60B32AA8A3206A25EF62AC6EA6B66E24181D3E0C4D1AA100E5D635844D0DC424
[TLS] Written transcript to proofs/MSG_TLS_88461434.out, proofs/SIG_TLS_88461434.out and proofs/PK_TLS_88461434.der
Signature verification succeeds
[TLS] Server time: 1620160201
[TLS] client_random  (32): F3AD8A76623C3BA98EC3BAFEE99CF830E97E453BC83E72687E2955C84AF8FF88
[TLS] sign_hash (32): 5CC46B815C85B2D833D9B7FC4C01806FFCD33293F29B75CC6793711524EA54F7
[TLS] Written transcript to proofs/MSG_TLS_F3AD8A76.out, proofs/SIG_TLS_F3AD8A76.out and proofs/PK_TLS_F3AD8A76.der
Signature verification succeeds
[TLS] Server time: 1620160201
[TLS] client_random  (32): 9D0C77CE354BE86CA9DBF94244EFCCFE0F1384137FB1D226E88CBCBA540C7147
[TLS] sign_hash (32): D35414FC0883B80EBB55E7785CCAABD8E3423C1BA274EEAC2D4A2920AE3A3D03
[TLS] Written transcript to proofs/MSG_TLS_9D0C77CE.out, proofs/SIG_TLS_9D0C77CE.out and proofs/PK_TLS_9D0C77CE.der
Signature verification succeeds
[TLS] Server time: 1620160201
[TLS] client_random  (32): 1DD3877A9A4662E41C307B9F538D0337E13F26A46D80ED06B3451253FC2A8CF6
[TLS] sign_hash (32): FB95FB13DA54DB0DD861EC56EF3409B9900ADD64D80B321B28387F96A8AF7CA2
[TLS] Written transcript to proofs/MSG_TLS_1DD3877A.out, proofs/SIG_TLS_1DD3877A.out and proofs/PK_TLS_1DD3877A.der
Signature verification succeeds
[TLS] Server time: 1620160201
[TLS] client_random  (32): 641171A7CE98FEB9A942908FD5BB3E57B9B90EEA7B4EA13C07D1039FFC847C5F
[TLS] sign_hash (32): F8034858AB8BA31DDEA77A98759D8D63A2D0E82284DF1C6D0EF54A5577D92092
[TLS] Written transcript to proofs/MSG_TLS_641171A7.out, proofs/SIG_TLS_641171A7.out and proofs/PK_TLS_641171A7.der
Signature verification succeeds
[TLS] Server time: 1620160201
[TLS] client_random  (32): 0E442B361012DBA0BEED4882D882AADC4788592D942A04A5C747811A85DB9F6C
[TLS] sign_hash (32): 4E76D593F586036B0117F05E591AC316FD4399AF473886CF06D531CBEF79623C
[TLS] Written transcript to proofs/MSG_TLS_0E442B36.out, proofs/SIG_TLS_0E442B36.out and proofs/PK_TLS_0E442B36.der
Signature verification succeeds
[TLS] Server time: 1620160201
[TLS] client_random  (32): 7EDF8BB64E003991D2D32F0DC6CEE20CB3900169FCEF3228302D9736F95000A5
[TLS] sign_hash (32): FC02355290AC3D09FCA5E362C8F6D96501566BFF52D749BF69371C97DCA029EB
[TLS] Written transcript to proofs/MSG_TLS_7EDF8BB6.out, proofs/SIG_TLS_7EDF8BB6.out and proofs/PK_TLS_7EDF8BB6.der
Signature verification succeeds
[TLS] Server time: 1620160201
[TLS] client_random  (32): 5F39027CD98FEEA674BA89C4888A1AA08B2D25A792985669171C19EF485ADFF6
[TLS] sign_hash (32): 3F6113EB8544136B7ED47C8B4DD60465444E9B7DA0EA6E52D9545707CE6E4C97
[TLS] Written transcript to proofs/MSG_TLS_5F39027C.out, proofs/SIG_TLS_5F39027C.out and proofs/PK_TLS_5F39027C.der
Signature verification succeeds
[TLS] Server time: 1620160201
[TLS] client_random  (32): 805EAC6030A8D47EC420A7F1611F8253D38BBC9533E537A7A9E2D5AA4164C1E3
[TLS] sign_hash (32): 290D4A464BC590810879E71904755955842BAC029E6F62E4F6AE8830670317B3
[TLS] Written transcript to proofs/MSG_TLS_805EAC60.out, proofs/SIG_TLS_805EAC60.out and proofs/PK_TLS_805EAC60.der
Signature verification succeeds
[TLS] Server time: 1620160201
[TLS] client_random  (32): E38E90E8329B8650C8653C8F072318DBEA4208B646D9CF4C23EDECCA09C10551
[TLS] sign_hash (32): 72E6220F169A419E1AA2C9A2BF52B80E8C0DCADAED81766C0DF88D1A646104F6
[TLS] Written transcript to proofs/MSG_TLS_E38E90E8.out, proofs/SIG_TLS_E38E90E8.out and proofs/PK_TLS_E38E90E8.der
Signature verification succeeds
[TLS] Server time: 1620160201
[TLS] client_random  (32): 808A339C219A35EB7A7BC26BFFBF346A8DEA8346C5D7F3E978530486C64385A9
[TLS] sign_hash (32): 9B5A1A7B58C021D90E0C0BB256D90F1A046057F450EACDF8F67A1A921014C002
[TLS] Written transcript to proofs/MSG_TLS_808A339C.out, proofs/SIG_TLS_808A339C.out and proofs/PK_TLS_808A339C.der
Signature verification succeeds
[TLS] Server time: 1620160201
[TLS] client_random  (32): B2C45572DB5F344CB476DFF127FD2BCC8A18094665D6DDBB0788057B20E7BA5B
[TLS] sign_hash (32): 525D7366AEFE7F86EECFDF2C4111F210865C6878062A83F4CAFE8113F91B0364
[TLS] Written transcript to proofs/MSG_TLS_B2C45572.out, proofs/SIG_TLS_B2C45572.out and proofs/PK_TLS_B2C45572.der
Signature verification succeeds
[TLS] Server time: 1620160202
[TLS] client_random  (32): 5F66F4F3D922F1CB1CAC80848688CD323C3F0B62302D989EE432D05C0F44014B
[TLS] sign_hash (32): 910B8F6C7B2F58E0DE0E52258864429292C48F0A050D2CCFE1A6E9FDE7B652E0
[TLS] Written transcript to proofs/MSG_TLS_5F66F4F3.out, proofs/SIG_TLS_5F66F4F3.out and proofs/PK_TLS_5F66F4F3.der
Signature verification succeeds
[TLS] Server time: 1620160202
[TLS] client_random  (32): 2F5AB31F9DEFC0033E806A83DEF06ED54D1A6D9052BBFAD62E4A12C479C43BF1
[TLS] sign_hash (32): A0EAB37FCA96EA38B174E861682A73FDCB3E1A47EB1537DBD3A88D1A60E52FDC
[TLS] Written transcript to proofs/MSG_TLS_2F5AB31F.out, proofs/SIG_TLS_2F5AB31F.out and proofs/PK_TLS_2F5AB31F.der
Signature verification succeeds
[TLS] Server time: 1620160202
[TLS] client_random  (32): 997156053CCB1E1FBAE67E963175F88740B55CFB1A4EA84AD1CBED7E649C04E8
[TLS] sign_hash (32): 0434C48C7C1C8CB2EADEB6CDB80552D7B2B795366EA16BAE3001B136791A47AF
[TLS] Written transcript to proofs/MSG_TLS_99715605.out, proofs/SIG_TLS_99715605.out and proofs/PK_TLS_99715605.der
Signature verification succeeds
[TLS] Server time: 1620160202
[TLS] client_random  (32): 1BBFFA446BEB03DFD10B0F60950596BF545D652D308CFBD27ADA68B297C0DCEA
[TLS] sign_hash (32): 5A94D334BBA3B0665504016EE06F892C51FE6E48F148616245C21B2637FFBB07
[TLS] Written transcript to proofs/MSG_TLS_1BBFFA44.out, proofs/SIG_TLS_1BBFFA44.out and proofs/PK_TLS_1BBFFA44.der
Signature verification succeeds
[TLS] Server time: 1620160202
[TLS] client_random  (32): A45BEEF3B3F84F78DB2C65FA8886E105EEF99C6A35FA87B7A3DDB8B549CB701D
[TLS] sign_hash (32): F00A260FCD7607BEF23B87D25CBE11CAA00CFCE5B6ABCAE24AFDB4D2E89B15F9
[TLS] Written transcript to proofs/MSG_TLS_A45BEEF3.out, proofs/SIG_TLS_A45BEEF3.out and proofs/PK_TLS_A45BEEF3.der
Signature verification succeeds
[TLS] Server time: 1620160202
[TLS] client_random  (32): 2D4C88D86702553E551C73B5688AE5B71EDA563E5A1B55A4A370DC186DB54795
[TLS] sign_hash (32): DFD853F7FCC8C9A9C982A245254BDCF53A16489E2CB4AE426F13BD15658475B8
[TLS] Written transcript to proofs/MSG_TLS_2D4C88D8.out, proofs/SIG_TLS_2D4C88D8.out and proofs/PK_TLS_2D4C88D8.der
Signature verification succeeds
[TLS] Server time: 1620160202
[TLS] client_random  (32): AC4BB4D7FE063F111B6AB02D57CEAE8FBBDB02521D3FD9C0A6244A1E51DAD339
[TLS] sign_hash (32): 307617B52D0B3D06C38CF9EB658538EBF613B4C42E520DE9C4B61D99CF5D69F3
[TLS] Written transcript to proofs/MSG_TLS_AC4BB4D7.out, proofs/SIG_TLS_AC4BB4D7.out and proofs/PK_TLS_AC4BB4D7.der
Signature verification succeeds
[TLS] Server time: 1620160202
[TLS] client_random  (32): D6BE6076BF05131944E948FF03365F37D94661F81DBB4F537A4D2E32D12D6210
[TLS] sign_hash (32): C7FC34E65E44FEC41277FABFBA7CCC47C9073D31ED9EAAAC0984DC54D6319810
[TLS] Written transcript to proofs/MSG_TLS_D6BE6076.out, proofs/SIG_TLS_D6BE6076.out and proofs/PK_TLS_D6BE6076.der
Signature verification succeeds
[TLS] Server time: 1620160202
[TLS] client_random  (32): A334BB417B8D6154F82352FDC9CDF1DED399F35472EA70BF9C612D22F0ED1A47
[TLS] sign_hash (32): A3FA48E19ECA9BB8F92C2195871DA0CA0A99F89FCC1D7E8C1BFB960BDA7F6765
[TLS] Written transcript to proofs/MSG_TLS_A334BB41.out, proofs/SIG_TLS_A334BB41.out and proofs/PK_TLS_A334BB41.der
Signature verification succeeds
[TLS] Server time: 1620160202
[TLS] client_random  (32): 5293E5ECCBD7086867200F715DFF5257E2BD3C4082ED65253C2FBAF43E9B7FFF
[TLS] sign_hash (32): 33B452D2DFC3FBB23AB05E01627D3E3AB9E84D65516F2EA8F5EDBBBAB8F7E960
[TLS] Written transcript to proofs/MSG_TLS_5293E5EC.out, proofs/SIG_TLS_5293E5EC.out and proofs/PK_TLS_5293E5EC.der
Signature verification succeeds
[TLS] Server time: 1620160202
[TLS] client_random  (32): 70B491C3B1830950F9923B001560A0FED20348D15408A162D6A39772E05E2FE6
[TLS] sign_hash (32): BEEC9E3EF05F8156BAA41E5224DC2020A86C93067DD8CB11B54D2AA0A93DE972
[TLS] Written transcript to proofs/MSG_TLS_70B491C3.out, proofs/SIG_TLS_70B491C3.out and proofs/PK_TLS_70B491C3.der
Signature verification succeeds
[TLS] Server time: 1620160202
[TLS] client_random  (32): A6AFB831983A4DA5AF107C62F2FF6AEE0C842C9D8FE4F30CD136D34F2B5314C2
[TLS] sign_hash (32): 03048BDE49647A0D466AA76185744DD7A91326AA87FCB976D4719C5DF212788A
[TLS] Written transcript to proofs/MSG_TLS_A6AFB831.out, proofs/SIG_TLS_A6AFB831.out and proofs/PK_TLS_A6AFB831.der
Signature verification succeeds
[TLS] Server time: 1620160202
[TLS] client_random  (32): 439BBE340E0CBBCFB4625D628A267A91D8BFA20448F3D1EC68C7107D29348562
[TLS] sign_hash (32): D52A1602F02D9C98DF021280FF1A48EA11151DFA2B2E7B1D7F3FEB9C502DA3C9
[TLS] Written transcript to proofs/MSG_TLS_439BBE34.out, proofs/SIG_TLS_439BBE34.out and proofs/PK_TLS_439BBE34.der
Signature verification succeeds
[TLS] Server time: 1620160202
[TLS] client_random  (32): 0FEA459DA67C50919B8147F6ADCC4BF3FB4B9688A86DA8C2AC6BFCD4AAF3FCA9
[TLS] sign_hash (32): FB399072C3B29F12F26BCCE5B26028C130C7371063BAA96AAA5207D41279A019
[TLS] Written transcript to proofs/MSG_TLS_0FEA459D.out, proofs/SIG_TLS_0FEA459D.out and proofs/PK_TLS_0FEA459D.der
Signature verification succeeds
[TLS] Server time: 1620160202
[TLS] client_random  (32): 0A222E42A53CD31A15D296B0A3F76AF0B357C738954AC15BA29FC8BED2B7FDFF
[TLS] sign_hash (32): 0EBB93F8E222E481A82D4BEB84564196F41335A78E996CA4FB84DCDB7013CF4A
[TLS] Written transcript to proofs/MSG_TLS_0A222E42.out, proofs/SIG_TLS_0A222E42.out and proofs/PK_TLS_0A222E42.der
Signature verification succeeds
[TLS] Server time: 1620160202
[TLS] client_random  (32): 7BC970E56351C171464E9775CDB0318B93B369A25D183C6ED84811390532DE06
[TLS] sign_hash (32): C23AF1F537CB4A962B7D2B501B6BA0B3BFB7FA0EACB2C0347849F52F20D4172B
[TLS] Written transcript to proofs/MSG_TLS_7BC970E5.out, proofs/SIG_TLS_7BC970E5.out and proofs/PK_TLS_7BC970E5.der
Signature verification succeeds
[TLS] Server time: 1620160202
[TLS] client_random  (32): 1179E085E100DAD9E7A9CA285E0B08ADEDB06E8979CCF990F78D2BF98D0F4750
[TLS] sign_hash (32): 50D84334C05A9910A3CA085C946B2ED48A15B5C83E68A43E253248AA127C6A0E
[TLS] Written transcript to proofs/MSG_TLS_1179E085.out, proofs/SIG_TLS_1179E085.out and proofs/PK_TLS_1179E085.der
Signature verification succeeds
[TLS] Server time: 1620160202
[TLS] client_random  (32): 2D6B549BE3D6D66E73382E99F56701B34843B6837A36E1B691B6F038385870E8
[TLS] sign_hash (32): 86CDC5786A130E36546BDAA8176382349A24D0FC6C9E6DCF6FCC74B1F7D77CDB
[TLS] Written transcript to proofs/MSG_TLS_2D6B549B.out, proofs/SIG_TLS_2D6B549B.out and proofs/PK_TLS_2D6B549B.der
Signature verification succeeds
[TLS] Server time: 1620160202
[TLS] client_random  (32): 1982CAAE7AD15D95E0C9DB9342BDEB1E9D052CA662DE1FCD73A30DA02C2C77CC
[TLS] sign_hash (32): D53F4243AE3FBF5A0F63F911FCFDD3F5ED0F33A1698F872E1606B53A4DFA7133
[TLS] Written transcript to proofs/MSG_TLS_1982CAAE.out, proofs/SIG_TLS_1982CAAE.out and proofs/PK_TLS_1982CAAE.der
Signature verification succeeds
[TLS] Server time: 1620160202
[TLS] client_random  (32): 6198D42766182EEB95998E7A8240D18743F63E778D024D02EEB84D2ABD63C911
[TLS] sign_hash (32): 737D2CD57A2BF282F01F0EDDA7D485BE99E0EB1380A7827ED69CB65DE4FBB966
[TLS] Written transcript to proofs/MSG_TLS_6198D427.out, proofs/SIG_TLS_6198D427.out and proofs/PK_TLS_6198D427.der
Signature verification succeeds
[TLS] Server time: 1620160202
[TLS] client_random  (32): 15EDB33CF18B685D7BC59156AEA3F95B9D777A0DB47D35F24E7822F23FBA263B
[TLS] sign_hash (32): 797DF3F243804C831F929C531D2A9A001EF34CB4BD3FC7CFA69ED0887922ED9F
[TLS] Written transcript to proofs/MSG_TLS_15EDB33C.out, proofs/SIG_TLS_15EDB33C.out and proofs/PK_TLS_15EDB33C.der
Signature verification succeeds
[TLS] Server time: 1620160202
[TLS] client_random  (32): 796BFFDEA52C66E8A03EED86E11AA8EC8C7C7A069D757A0BBE44A4EDC86B7113
[TLS] sign_hash (32): E38E124697C2054F917EAB6AAC87A782334269D770FFC0EE400C1D3AE0137EE6
[TLS] Written transcript to proofs/MSG_TLS_796BFFDE.out, proofs/SIG_TLS_796BFFDE.out and proofs/PK_TLS_796BFFDE.der
Signature verification succeeds
[TLS] Server time: 1620160202
[TLS] client_random  (32): A87503F38A1581D84C02754B1F317302006633D2450C5BA34E5B2873E5AC30CF
[TLS] sign_hash (32): 9A6891338CD05FBBBC9141F6FA0D6C04785FB34654BC5EE783843CB64F9385D4
[TLS] Written transcript to proofs/MSG_TLS_A87503F3.out, proofs/SIG_TLS_A87503F3.out and proofs/PK_TLS_A87503F3.der
Signature verification succeeds
[TLS] Server time: 1620160202
[TLS] client_random  (32): 662FCA79F93F089A4E9E77C94CB9B990BF0DA191EC11B135C61F0604B8BCCDBE
[TLS] sign_hash (32): E9F75CE6F0108C894BA9A0A6542EA4C3D51A521C18A8B26F41BAA4C2980FEC4C
[TLS] Written transcript to proofs/MSG_TLS_662FCA79.out, proofs/SIG_TLS_662FCA79.out and proofs/PK_TLS_662FCA79.der
Signature verification succeeds
[TLS] Server time: 1620160202
[TLS] client_random  (32): C3D0B58E2BF631798D8582D551B0739BB01B88D1D9CDABA8437495C72E312C2C
[TLS] sign_hash (32): E88F06911DD62640E634C16C49B996585A481F7EC72549550F92D30E4CD31A84
[TLS] Written transcript to proofs/MSG_TLS_C3D0B58E.out, proofs/SIG_TLS_C3D0B58E.out and proofs/PK_TLS_C3D0B58E.der
Signature verification succeeds
[TLS] Server time: 1620160202
[TLS] client_random  (32): 7BD03D5312C851A57D36982083A3E309D2FC2DAB59327A2869B26F714E9AF525
[TLS] sign_hash (32): E28375CCA4B7067201C72E623EF201002BB3F35D4E8BC095E9C7500B2DADCEA9
[TLS] Written transcript to proofs/MSG_TLS_7BD03D53.out, proofs/SIG_TLS_7BD03D53.out and proofs/PK_TLS_7BD03D53.der
Signature verification succeeds
[TLS] Server time: 1620160202
[TLS] client_random  (32): 9AAB7ED3E8D6E43920DADB8F27F9EE5A625E98A9E3B09B9A150378514EE32892
[TLS] sign_hash (32): B61A3213F12B0F5A80F6F4A2462C4A6179AB50FDA3D4426B67B1A4AC156BD815
[TLS] Written transcript to proofs/MSG_TLS_9AAB7ED3.out, proofs/SIG_TLS_9AAB7ED3.out and proofs/PK_TLS_9AAB7ED3.der
Signature verification succeeds
[TLS] Server time: 1620160202
[TLS] client_random  (32): 7731C8A63E4B6D119BDCD3E0FCB95A00D2C1C281BB6C08EC5905968EC737951F
[TLS] sign_hash (32): E35876E9D388EAA2EC1F9B5FDAF2AA35B7107945C280960BF9CECF90ED5FD638
[TLS] Written transcript to proofs/MSG_TLS_7731C8A6.out, proofs/SIG_TLS_7731C8A6.out and proofs/PK_TLS_7731C8A6.der
Signature verification succeeds
[TLS] Server time: 1620160202
[TLS] client_random  (32): 67AA233696D27B6C10893CD323E470B01069C9E9B98A618402B7B491D6264ADC
[TLS] sign_hash (32): E3B21B959362EDF5EBF7D6666985B2B70F36ADBCE978C7803C065F3061FDFFBF
[TLS] Written transcript to proofs/MSG_TLS_67AA2336.out, proofs/SIG_TLS_67AA2336.out and proofs/PK_TLS_67AA2336.der
Signature verification succeeds
[TLS] Server time: 1620160202
[TLS] client_random  (32): 47CC52B2E284A876D94F5AB73C0CE699F1294A4254C031BDF4062D0BE6C54545
[TLS] sign_hash (32): FF2DA969891BCC009B31CFF68CAD4526EE99CD93F22AF1EC7F628C34D840F741
[TLS] Written transcript to proofs/MSG_TLS_47CC52B2.out, proofs/SIG_TLS_47CC52B2.out and proofs/PK_TLS_47CC52B2.der
Signature verification succeeds
[TLS] Server time: 1620160202
[TLS] client_random  (32): DA69F8EBBB774A3A315AFD5B2DAABAAC03B2DD11DD380B84D97455D0B7154252
[TLS] sign_hash (32): 76E590A675B28363F0AFE39D4629E1BAEC94D499BAC478B517C71573AD4F5D4A
[TLS] Written transcript to proofs/MSG_TLS_DA69F8EB.out, proofs/SIG_TLS_DA69F8EB.out and proofs/PK_TLS_DA69F8EB.der
Signature verification succeeds
[TLS] Server time: 1620160202
[TLS] client_random  (32): 51A48CFC685302D2F461A8DF27FCA294CA31E8481668FF7567FD46C0E4B9E01B
[TLS] sign_hash (32): 1ED9E43770FDB0EAFEA1E5B69CBAEC120B7F6F0FAF211CF06DC38CBA75A40ECB
[TLS] Written transcript to proofs/MSG_TLS_51A48CFC.out, proofs/SIG_TLS_51A48CFC.out and proofs/PK_TLS_51A48CFC.der
Signature verification succeeds
[TLS] Server time: 1620160202
[TLS] client_random  (32): 6547DE635F78CE1A87630E51F8EB94F64D8094603A842E35879AC455F34E7C29
[TLS] sign_hash (32): E8E96F4628F9557783DF9AA4509115440122B2896A11438D4D10BAA371C3F082
[TLS] Written transcript to proofs/MSG_TLS_6547DE63.out, proofs/SIG_TLS_6547DE63.out and proofs/PK_TLS_6547DE63.der
Signature verification succeeds
[TLS] Server time: 1620160202
[TLS] client_random  (32): DDCB5D58B521E698CE762E6A57BD307F2A285FD70A57C4400E0766AD4C2B111E
[TLS] sign_hash (32): E4F4F563180CC6344447B1CBC7F9F0E354D357681BDDE56CDCB88B955E1F0DE2
[TLS] Written transcript to proofs/MSG_TLS_DDCB5D58.out, proofs/SIG_TLS_DDCB5D58.out and proofs/PK_TLS_DDCB5D58.der
Signature verification succeeds
[TLS] Server time: 1620160202
[TLS] client_random  (32): 6B4A6A7682A9540CDEF624E87EB6819931C8BA2D394DD39C96F6FC915A211565
[TLS] sign_hash (32): 93A60C4AFA35B16130A9CAE59E9E1B37220C8DC7A5DA3B4713D1DBEE4ABB4B97
[TLS] Written transcript to proofs/MSG_TLS_6B4A6A76.out, proofs/SIG_TLS_6B4A6A76.out and proofs/PK_TLS_6B4A6A76.der
Signature verification succeeds
[TLS] Server time: 1620160202
[TLS] client_random  (32): EE5F5B0EBF7C78F0078A2006678EB6B76227A6F3D2A0C8799CEEBFA71A105028
[TLS] sign_hash (32): 182466C5E8D27A596D870BC628246CE77478EB95D3986185BDE256C3CC43B05F
[TLS] Written transcript to proofs/MSG_TLS_EE5F5B0E.out, proofs/SIG_TLS_EE5F5B0E.out and proofs/PK_TLS_EE5F5B0E.der
Signature verification succeeds
[TLS] Server time: 1620160202
[TLS] client_random  (32): FE5686FD1DB20FD93EAA16EE367619C5D87671CD045B9B24AA7ABE4074C7AA63
[TLS] sign_hash (32): D44A490CB3C3B08DB8C8CF2A5F23FC92C533BA3F1BBDF767A8C50B075947C77A
[TLS] Written transcript to proofs/MSG_TLS_FE5686FD.out, proofs/SIG_TLS_FE5686FD.out and proofs/PK_TLS_FE5686FD.der
Signature verification succeeds
[TLS] Server time: 1620160202
[TLS] client_random  (32): B59ED1D232D5F0AFC77076FAE38829E08A92215765BBFA4813A3188363D5CE01
[TLS] sign_hash (32): C0CC329D4DDCB089F4C7C35223A94DDD60699642AFF1F853DA4712130B55E79A
[TLS] Written transcript to proofs/MSG_TLS_B59ED1D2.out, proofs/SIG_TLS_B59ED1D2.out and proofs/PK_TLS_B59ED1D2.der
Signature verification succeeds
[TLS] Server time: 1620160202
[TLS] client_random  (32): FBBB0C4F60F481C740EB0317BD7FBA3C05FCE008D8BD20C2F57D542AB404713E
[TLS] sign_hash (32): B463FB7749F0F526E02C04EF518DD3D41A32A6E029DA9B7D909DD967F52EB2BB
[TLS] Written transcript to proofs/MSG_TLS_FBBB0C4F.out, proofs/SIG_TLS_FBBB0C4F.out and proofs/PK_TLS_FBBB0C4F.der
Signature verification succeeds
[TLS] Server time: 1620160202
[TLS] client_random  (32): FAC294E21ABBE1563B6E1323059CFFAAF5C54B5EB649C4CA5C876EBD1A08A035
[TLS] sign_hash (32): 58C42FFFDA94580E6A670F14064E38ACCF990AD42618460B6169D26F8F2A7936
[TLS] Written transcript to proofs/MSG_TLS_FAC294E2.out, proofs/SIG_TLS_FAC294E2.out and proofs/PK_TLS_FAC294E2.der
Signature verification succeeds
[TLS] Server time: 1620160202
[TLS] client_random  (32): C1ED0887CC74F7676358D9EB9CCFB4E92898516EFD674848C2230CEE91274336
[TLS] sign_hash (32): BD0F192A34613564DC623D5E5F6244384E971396F2198377BDB938994C4077F8
[TLS] Written transcript to proofs/MSG_TLS_C1ED0887.out, proofs/SIG_TLS_C1ED0887.out and proofs/PK_TLS_C1ED0887.der
Signature verification succeeds
[TLS] Server time: 1620160202
[TLS] client_random  (32): 9D8D110E71C59A7F845DE9732F6D9FFFA8A67DFA4B0F3C6AB89A6AF0269A711C
[TLS] sign_hash (32): 85D84DCB522877FFF9C47AB336629C18DE6C1271FF3F5D74BBCAE3B8D2437990
[TLS] Written transcript to proofs/MSG_TLS_9D8D110E.out, proofs/SIG_TLS_9D8D110E.out and proofs/PK_TLS_9D8D110E.der
Signature verification succeeds
[TLS] Server time: 1620160202
[TLS] client_random  (32): C57E738683B5E6E5E0DEC31396DF10CB014624066C6B42631B945EC180F10BD5
[TLS] sign_hash (32): F9625753704750FF18CBF58B14ABEC622AE36A0150F4A10918BEC8FF878D92B5
[TLS] Written transcript to proofs/MSG_TLS_C57E7386.out, proofs/SIG_TLS_C57E7386.out and proofs/PK_TLS_C57E7386.der
Signature verification succeeds
[TLS] Server time: 1620160202
[TLS] client_random  (32): E30F6C3BFE39D8C393FAC1DC6A667F4BAB4146E5D1594B9F476DC8F1DB92D996
[TLS] sign_hash (32): 97CC9959895C48FB456AC81550E98EAA75B25A1FD1976F59B7D7AF14B63B7C07
[TLS] Written transcript to proofs/MSG_TLS_E30F6C3B.out, proofs/SIG_TLS_E30F6C3B.out and proofs/PK_TLS_E30F6C3B.der
Signature verification succeeds
[TLS] Server time: 1620160202
[TLS] client_random  (32): 71441F161B4C24634EA8E90CE21E471E7E7FB587C57F49B2F437B563738857DB
[TLS] sign_hash (32): D7F9A26EB5EC3C72EC29B3F27E81ECF5F8725C7D5FFC772C7B1D14E0A0E76AD4
[TLS] Written transcript to proofs/MSG_TLS_71441F16.out, proofs/SIG_TLS_71441F16.out and proofs/PK_TLS_71441F16.der
Signature verification succeeds
[TLS] Server time: 1620160202
[TLS] client_random  (32): ECFF9C0F7FEE3886392AE07D33CE755EF6D0888BDA7D26616AD72D090923C74F
[TLS] sign_hash (32): 536DACD2EC5C10DFE14974CA9CF42492DB7D4BE340BAA987914928BC680C7EB0
[TLS] Written transcript to proofs/MSG_TLS_ECFF9C0F.out, proofs/SIG_TLS_ECFF9C0F.out and proofs/PK_TLS_ECFF9C0F.der
Signature verification succeeds
[TLS] Server time: 1620160202
[TLS] client_random  (32): 66052BED87BF325FB887443FA6C42E5BDB043ACFF4150C32BF8FA997F1B22271
[TLS] sign_hash (32): 9EE27EACF32BA792A05EC7A9CAED227C590A04C40F6DF364F4F59AC035C30228
[TLS] Written transcript to proofs/MSG_TLS_66052BED.out, proofs/SIG_TLS_66052BED.out and proofs/PK_TLS_66052BED.der
Signature verification succeeds
[TLS] Server time: 1620160202
[TLS] client_random  (32): 64A2C6BFE4763ED69922400F70DCCA1BCFADA7A028E48DAB73D07B301D5C9996
[TLS] sign_hash (32): 8B71E8B0996457E79CACEC103F91F47C598783C911C65E6A060BA849784CB736
[TLS] Written transcript to proofs/MSG_TLS_64A2C6BF.out, proofs/SIG_TLS_64A2C6BF.out and proofs/PK_TLS_64A2C6BF.der
Signature verification succeeds
[TLS] Server time: 1620160202
[TLS] client_random  (32): B7A4219061E7135A4ECE33D3D00E03C8219465538970064FA3ED6616A1DEFA8A
[TLS] sign_hash (32): CFEF36FFDDA8B377BE24E69A1328881A6AC76B5F77F7ED76B99288F627EDA002
[TLS] Written transcript to proofs/MSG_TLS_B7A42190.out, proofs/SIG_TLS_B7A42190.out and proofs/PK_TLS_B7A42190.der
Signature verification succeeds
[TLS] Server time: 1620160202
[TLS] client_random  (32): 7F0B8E51AD068082E359DAF8D3C596B0E546D15DDE9EB7B13FFDBF05B75691A5
[TLS] sign_hash (32): 21CC7A39782827651A3DF52C84D1F2FDA83F43D37D409B33ACE510017C9232E5
[TLS] Written transcript to proofs/MSG_TLS_7F0B8E51.out, proofs/SIG_TLS_7F0B8E51.out and proofs/PK_TLS_7F0B8E51.der
Signature verification succeeds
[TLS] Server time: 1620160202
[TLS] client_random  (32): CF0BAD69D1ED1EC84E52CC75806DB312292B1C4489BF2F6AFC1DD77593B0FDEA
[TLS] sign_hash (32): DC8B37D47956BA3122595D790F8CDAA5A51AF15AD0EF9C80276D035C8ED2B0F7
[TLS] Written transcript to proofs/MSG_TLS_CF0BAD69.out, proofs/SIG_TLS_CF0BAD69.out and proofs/PK_TLS_CF0BAD69.der
Signature verification succeeds
[TLS] Server time: 1620160202
[TLS] client_random  (32): 2D4FB62EC846A820678EAA518E91593E4CEBE9CB5E92AF20C06A7953045B1F89
[TLS] sign_hash (32): 3AE01A44870252AFFEB7DB8B702F1942018518A63A02BC1CD584F590FB3547CC
[TLS] Written transcript to proofs/MSG_TLS_2D4FB62E.out, proofs/SIG_TLS_2D4FB62E.out and proofs/PK_TLS_2D4FB62E.der
Signature verification succeeds
[TLS] Server time: 1620160202
[TLS] client_random  (32): DF565F589704BA23DA914F4DD70C8126C4EBDF752DF81F9E33B31CFA732320A4
[TLS] sign_hash (32): 3CB05EE792B5FC72EFBBB94406A08A821625C7FEF40A00D57EBD37A1A2E1CB76
[TLS] Written transcript to proofs/MSG_TLS_DF565F58.out, proofs/SIG_TLS_DF565F58.out and proofs/PK_TLS_DF565F58.der
Signature verification succeeds
[TLS] Server time: 1620160202
[TLS] client_random  (32): 33E6131FECB62DED39E81A06DFE109B029A35237CFE96603BD79C3A2DC8052F5
[TLS] sign_hash (32): A8E290E1716FBADC598D7880CDC0541AB1748DE47B8E69D823A8FE753EB8BBC3
[TLS] Written transcript to proofs/MSG_TLS_33E6131F.out, proofs/SIG_TLS_33E6131F.out and proofs/PK_TLS_33E6131F.der
Signature verification succeeds
[TLS] Server time: 1620160202
[TLS] client_random  (32): 006EEA6CD43834ADB5C689F2AB0049DCE50831B88F6E8BA77C0CFDBC46DEDBE3
[TLS] sign_hash (32): F62D4D80A9DCD5B7D3572BDA4666ABF311CF8D7B9332644172DB904699AC7CE8
[TLS] Written transcript to proofs/MSG_TLS_006EEA6C.out, proofs/SIG_TLS_006EEA6C.out and proofs/PK_TLS_006EEA6C.der
Signature verification succeeds
[TLS] Server time: 1620160202
[TLS] client_random  (32): D879DC287F53CC60DAC804EC13778879240A23B4DC9334C051EEB5A0D31C6926
[TLS] sign_hash (32): 319A394369A69A3C869304105F23186F765B4C4F0DDB927B670ABDB995628706
[TLS] Written transcript to proofs/MSG_TLS_D879DC28.out, proofs/SIG_TLS_D879DC28.out and proofs/PK_TLS_D879DC28.der
Signature verification succeeds
[TLS] Server time: 1620160202
[TLS] client_random  (32): 21205560C2D00D3537C3AB81CDE2F3EB44F0BCCF12F2005F8503610221ED862E
[TLS] sign_hash (32): 19FBD0D9181DA29FE599B816FC7461418625B2ECD7828780FCFB7FD2B4B6EE51
[TLS] Written transcript to proofs/MSG_TLS_21205560.out, proofs/SIG_TLS_21205560.out and proofs/PK_TLS_21205560.der
Signature verification succeeds
[TLS] Server time: 1620160202
[TLS] client_random  (32): 91D5D3088C633EE49A5D3954DB3B8EAF96085B85DDC730F2FF525C6FAC904E73
[TLS] sign_hash (32): 4EFD93F46BE8EAAA1F146789ADE8C85C60A92A830D1D93177BA83C85D7147702
[TLS] Written transcript to proofs/MSG_TLS_91D5D308.out, proofs/SIG_TLS_91D5D308.out and proofs/PK_TLS_91D5D308.der
Signature verification succeeds
[TLS] Server time: 1620160202
[TLS] client_random  (32): 8A1E3211698C3CBCC8879591E6C8340CBB95D61A682A4B41F37913591BD5BED9
[TLS] sign_hash (32): 4DCD159702C89B42AC489C945989285FA5B89681B7A251CDFF63853D26168785
[TLS] Written transcript to proofs/MSG_TLS_8A1E3211.out, proofs/SIG_TLS_8A1E3211.out and proofs/PK_TLS_8A1E3211.der
Signature verification succeeds
[TLS] Server time: 1620160202
[TLS] client_random  (32): A144CF63B57DC39E7D4DB090B2D7E0767DCA9E3F24A5DBE8653C0529117FBB04
[TLS] sign_hash (32): 90D9C6A537A96A8AEFDBAA26E2FE999F7507DC65A085EE83EB231D464E499F9B
[TLS] Written transcript to proofs/MSG_TLS_A144CF63.out, proofs/SIG_TLS_A144CF63.out and proofs/PK_TLS_A144CF63.der
Signature verification succeeds
[TLS] Server time: 1620160202
[TLS] client_random  (32): 5E222685061EF1628B73D6B12833D60A4DFC5C2A058224E6FE7A5AD657A27AA0
[TLS] sign_hash (32): 139830AAE15BDFBB00A16DCED49E8EAE5D7EA81A70A4FA6275766A93D40E8596
[TLS] Written transcript to proofs/MSG_TLS_5E222685.out, proofs/SIG_TLS_5E222685.out and proofs/PK_TLS_5E222685.der
Signature verification succeeds
[TLS] Server time: 1620160202
[TLS] client_random  (32): A8472EA48ABC9FD6FF9E079D2900CFDA8CF77C849546D14F4DF28BA452C1096F
[TLS] sign_hash (32): E7BC017EFAE5E52481011DD9B645A64CCB8BF9A6818C3E405F47978E404B662D
[TLS] Written transcript to proofs/MSG_TLS_A8472EA4.out, proofs/SIG_TLS_A8472EA4.out and proofs/PK_TLS_A8472EA4.der
Signature verification succeeds
[TLS] Server time: 1620160202
[TLS] client_random  (32): C5461983240D738FADF521C1A8472C8361BA7C17E41B080131ABFC69E19D7AE3
[TLS] sign_hash (32): 77EDA5BF6555ADF483D5C03DD080F4790E45C711AF84D79B3ECA8C2EE6D4D61A
[TLS] Written transcript to proofs/MSG_TLS_C5461983.out, proofs/SIG_TLS_C5461983.out and proofs/PK_TLS_C5461983.der
Signature verification succeeds
[TLS] Server time: 1620160202
[TLS] client_random  (32): BB0625AC3EE66C17B2A729B8E5076059F7276F50C3FFD5BA6141C0A45A6C87F3
[TLS] sign_hash (32): DAEF99697230DAD5FFFA652727DB32D4B7799E816306CED46FE9792B51CE5EB7
[TLS] Written transcript to proofs/MSG_TLS_BB0625AC.out, proofs/SIG_TLS_BB0625AC.out and proofs/PK_TLS_BB0625AC.der
Signature verification succeeds
[TLS] Server time: 1620160202
[TLS] client_random  (32): 2BFCF34EAEA1F4869643CC876159912254EE7C82DF250549EF90817A5207F318
[TLS] sign_hash (32): 34A156A8D4F80139703D561ACF23B1A7E28C2CE80889AAEB8D4EF44FF9D21875
[TLS] Written transcript to proofs/MSG_TLS_2BFCF34E.out, proofs/SIG_TLS_2BFCF34E.out and proofs/PK_TLS_2BFCF34E.der
Signature verification succeeds
[TLS] Server time: 1620160202
[TLS] client_random  (32): D31BC29969A8E963144E1745832DEEC94640E9B204FC01C103E82D4E02FBE37C
[TLS] sign_hash (32): CFFB3E9CC9E70F602704AD3C8A9308706823F167C7C06893CE52202AB1A59311
[TLS] Written transcript to proofs/MSG_TLS_D31BC299.out, proofs/SIG_TLS_D31BC299.out and proofs/PK_TLS_D31BC299.der
Signature verification succeeds
[TLS] Server time: 1620160202
[TLS] client_random  (32): 14A600240F4AF530ECB9329BE929B40D012A4CDEE9E18968315C78DEA382E929
[TLS] sign_hash (32): F31007BA3811E24CCFFBEA00F5AA59377D3264335450EA279BC49305B920A90C
[TLS] Written transcript to proofs/MSG_TLS_14A60024.out, proofs/SIG_TLS_14A60024.out and proofs/PK_TLS_14A60024.der
Signature verification succeeds
[TLS] Server time: 1620160202
[TLS] client_random  (32): 76096B1F795AFAA09B03D66CB2A39A8790A620FF4C3874800E665236881E89AA
[TLS] sign_hash (32): 4470C350BBB85388C94F76A02640B0EEDF8325CBBEB22A03BA1E2F3649BF79CA
[TLS] Written transcript to proofs/MSG_TLS_76096B1F.out, proofs/SIG_TLS_76096B1F.out and proofs/PK_TLS_76096B1F.der
Signature verification succeeds
[TLS] Server time: 1620160202
[TLS] client_random  (32): B4710AE0F38E72555F0E435AD14707BDF9AC5AC4A459C3620F8AB1A6061B1C21
[TLS] sign_hash (32): FDB5D594D56D2F2B084EF11D0EEE3F2EBCE60FB3267008BD02130451F052AF43
[TLS] Written transcript to proofs/MSG_TLS_B4710AE0.out, proofs/SIG_TLS_B4710AE0.out and proofs/PK_TLS_B4710AE0.der
Signature verification succeeds
[TLS] Server time: 1620160202
[TLS] client_random  (32): AF941FC0AC62A49F384FE2990BFB1077B64F22F23B4E58755D87B2CA556D2096
[TLS] sign_hash (32): A0F5467A113F88BDC15865871872D2FBB2AA68CD2DA25A62265D36BE601FB798
[TLS] Written transcript to proofs/MSG_TLS_AF941FC0.out, proofs/SIG_TLS_AF941FC0.out and proofs/PK_TLS_AF941FC0.der
Signature verification succeeds
[TLS] Server time: 1620160202
[TLS] client_random  (32): EC28A63287C158044FB4AB35750CB05F6833256A49BEE8ABD04A13177FAE6E29
[TLS] sign_hash (32): 373CC25B4ED34CECB70FEE9410122383778060B45F526E45C139CF6E63328388
[TLS] Written transcript to proofs/MSG_TLS_EC28A632.out, proofs/SIG_TLS_EC28A632.out and proofs/PK_TLS_EC28A632.der
Signature verification succeeds
[TLS] Server time: 1620160202
[TLS] client_random  (32): 0342A2737456D48572C10C87711322632C43D0BA6A1DFE488DBF6A5FC8BAFAED
[TLS] sign_hash (32): 1CB73E8CD0DD269FA0BA7A64A76BE59AA2F297A55A149C17680BB74DB93EC8C1
[TLS] Written transcript to proofs/MSG_TLS_0342A273.out, proofs/SIG_TLS_0342A273.out and proofs/PK_TLS_0342A273.der
Signature verification succeeds
[TLS] Server time: 1620160202
[TLS] client_random  (32): 56571BDE1383BB1983D5244274C0F2F46D04AABE9069C375EE01E031DA24F5A0
[TLS] sign_hash (32): 8658DC18C7AA9B1F3754477BFFAA9BE0FE6AA8D709467C7394725E4A25C38B6F
[TLS] Written transcript to proofs/MSG_TLS_56571BDE.out, proofs/SIG_TLS_56571BDE.out and proofs/PK_TLS_56571BDE.der
Signature verification succeeds
[TLS] Server time: 1620160202
[TLS] client_random  (32): BF8F1B7C61B9CA8CB767BB4BE4342B37EE3A326BF39BD0944F02E29A6ACD430E
[TLS] sign_hash (32): 67EBCE94FC6122A50408F38C82D1C131F919AAD4B7A78561BFB1E026933379BF
[TLS] Written transcript to proofs/MSG_TLS_BF8F1B7C.out, proofs/SIG_TLS_BF8F1B7C.out and proofs/PK_TLS_BF8F1B7C.der
Signature verification succeeds
[TLS] Server time: 1620160202
[TLS] client_random  (32): 3F01E076C66057BC3F1D0BA5B3D7884E1CD38CD3415FA7B861822AC9F32C65EC
[TLS] sign_hash (32): 6BBBAC7EEC88C3292004B80FBB7AA66CE546585E9380B00FB11EEE9485529AEE
[TLS] Written transcript to proofs/MSG_TLS_3F01E076.out, proofs/SIG_TLS_3F01E076.out and proofs/PK_TLS_3F01E076.der
Signature verification succeeds
[TLS] Server time: 1620160202
[TLS] client_random  (32): A5E5CA69C72510A0B9F2C2017831E0BBFF94F518ACFA23E149FCB2EE2FDE2C79
[TLS] sign_hash (32): DD8D3D6849C8B8C494FF3DA0FD9744752B0E48D1491647243CB8D189ACED073C
[TLS] Written transcript to proofs/MSG_TLS_A5E5CA69.out, proofs/SIG_TLS_A5E5CA69.out and proofs/PK_TLS_A5E5CA69.der
Signature verification succeeds
[TLS] Server time: 1620160202
[TLS] client_random  (32): 9C55C5574D53838D6C8B6AD7FF1F8389D690377480C6527B4009272E48B3DEEE
[TLS] sign_hash (32): B99421597B298C45C09E5323F8160C14A59BED0729EC92F390F446BEF5B30679
[TLS] Written transcript to proofs/MSG_TLS_9C55C557.out, proofs/SIG_TLS_9C55C557.out and proofs/PK_TLS_9C55C557.der
Signature verification succeeds
[TLS] Server time: 1620160202
[TLS] client_random  (32): 2696EA99E0F32F20380E66A5692EE04E29ABEC22759ADBA4C532BF55CC212D81
[TLS] sign_hash (32): F3E9A2CA8A4BE2925533E6419895DD68CAD129185A6E026A7388F55B5B4B1697
[TLS] Written transcript to proofs/MSG_TLS_2696EA99.out, proofs/SIG_TLS_2696EA99.out and proofs/PK_TLS_2696EA99.der
Signature verification succeeds
[TLS] Server time: 1620160202
[TLS] client_random  (32): BDB71408E6DF95BF064461B26E3B84AD700F1EA342C7C72823E3246404520E59
[TLS] sign_hash (32): FE59EBF77406654DAF06312C562D46DBF3F4207A9B4367C3FEBB714BE1DAA2B5
[TLS] Written transcript to proofs/MSG_TLS_BDB71408.out, proofs/SIG_TLS_BDB71408.out and proofs/PK_TLS_BDB71408.der
Signature verification succeeds
[TLS] Server time: 1620160202
[TLS] client_random  (32): 646A176D6675545999CFDE48129EE5BE45B79CAC0ABDA6C02B4C99FB27A03A59
[TLS] sign_hash (32): 8BB89A0A835DD88183C6178E4297FC40FD7431229252C1CAADDD28029EAB19BC
[TLS] Written transcript to proofs/MSG_TLS_646A176D.out, proofs/SIG_TLS_646A176D.out and proofs/PK_TLS_646A176D.der
Signature verification succeeds
[TLS] Server time: 1620160202
[TLS] client_random  (32): 859AAB4453D5BE12CC1807764700E92BA65D598F9A1E0745EAFE5CA1AF0BFBF7
[TLS] sign_hash (32): 85391C2ACF6EAB86305E6640B6AAE910421A9FA4E63D9EF45C68652B40AEFAC2
[TLS] Written transcript to proofs/MSG_TLS_859AAB44.out, proofs/SIG_TLS_859AAB44.out and proofs/PK_TLS_859AAB44.der
Signature verification succeeds
[TLS] Server time: 1620160202
[TLS] client_random  (32): 349FEC0F602F18C3661149FB20E18AEAF433F10A923DD36A2C4ED47D0DE81289
[TLS] sign_hash (32): D04000CD6EE99E4038C633922263D11B9DB59F693A4C147193970F4DEFF24715
[TLS] Written transcript to proofs/MSG_TLS_349FEC0F.out, proofs/SIG_TLS_349FEC0F.out and proofs/PK_TLS_349FEC0F.der
Signature verification succeeds
[TLS] Server time: 1620160202
[TLS] client_random  (32): A48AC6A9E91E73F29D8D02A7C23D0C9CD9F1EE3DD2230284C44621728EBABFCE
[TLS] sign_hash (32): A366FB10A26E0D36E13886931B558A7B05B16DBC4B1BF9E6C10522B9FBCF12B5
[TLS] Written transcript to proofs/MSG_TLS_A48AC6A9.out, proofs/SIG_TLS_A48AC6A9.out and proofs/PK_TLS_A48AC6A9.der
Signature verification succeeds
[TLS] Server time: 1620160202
[TLS] client_random  (32): 64559A2781122FD256D960EE5D42D12BFC609C8708A480F4B8D56D6FDE53953E
[TLS] sign_hash (32): 6696790EAB9B9B08A1B79A2C1C5D9516A0BC7D71B5817E6745B7FDB2621824EF
[TLS] Written transcript to proofs/MSG_TLS_64559A27.out, proofs/SIG_TLS_64559A27.out and proofs/PK_TLS_64559A27.der
Signature verification succeeds
[TLS] Server time: 1620160202
[TLS] client_random  (32): BBDF580350A0A313FB059C5485C0F9AEAEDCBFBE4E5F3BE56E707A7BB5682A86
[TLS] sign_hash (32): 7CE9E7EFCE16C6A3E6DF27A3A50378C03F50CE121DBF3B082E4CB74477D3BA7C
[TLS] Written transcript to proofs/MSG_TLS_BBDF5803.out, proofs/SIG_TLS_BBDF5803.out and proofs/PK_TLS_BBDF5803.der
Signature verification succeeds
[TLS] Server time: 1620160202
[TLS] client_random  (32): 610F0286D18335AC866923343BE06F0BE547D53AAE06E52FA95B9C3176ED6CDA
[TLS] sign_hash (32): 2D7698139C6C924C75D85D958BEAC17460B66D770C2CA879F9FC749053490672
[TLS] Written transcript to proofs/MSG_TLS_610F0286.out, proofs/SIG_TLS_610F0286.out and proofs/PK_TLS_610F0286.der
Signature verification succeeds
[TLS] Server time: 1620160202
[TLS] client_random  (32): 7C68BD74956C0BB24B81748DF326FCB8939C8EED439075A4130AF3922E4DF737
[TLS] sign_hash (32): 15B2156025F073E43EFE82F98ABB67F24336D8C6217C3AA88F0917413D4811C6
[TLS] Written transcript to proofs/MSG_TLS_7C68BD74.out, proofs/SIG_TLS_7C68BD74.out and proofs/PK_TLS_7C68BD74.der
Signature verification succeeds
[TLS] Server time: 1620160202
[TLS] client_random  (32): 622DA442CD49EAAC1AD5CD440DEBD98754A413E649C10F29157B32150ED353F6
[TLS] sign_hash (32): 32B6FB1B46D3196339B748D368513ADBEF78D63E9D48B5BDBE5234C849EC77E3
[TLS] Written transcript to proofs/MSG_TLS_622DA442.out, proofs/SIG_TLS_622DA442.out and proofs/PK_TLS_622DA442.der
Signature verification succeeds
[TLS] Server time: 1620160202
[TLS] client_random  (32): 3EFC21B73AB41BE99C61D2A77DBA3C8250DEF88F74536DFCAB1C187BCD631EF5
[TLS] sign_hash (32): D80D128CDCEED6C8E97D405F14086FF298FFEA556FFEF07E31138BEC3CA5D742
[TLS] Written transcript to proofs/MSG_TLS_3EFC21B7.out, proofs/SIG_TLS_3EFC21B7.out and proofs/PK_TLS_3EFC21B7.der
Signature verification succeeds
[TLS] Server time: 1620160202
[TLS] client_random  (32): 28F537C44A1D714CAFDF3E5423AEC0F14DD742AB7D330BEB7995F7D7B972AEF1
[TLS] sign_hash (32): F8A385B19A3D76F300705B2643BB5AB96351AEF5575918EED1DB070585FEC913
[TLS] Written transcript to proofs/MSG_TLS_28F537C4.out, proofs/SIG_TLS_28F537C4.out and proofs/PK_TLS_28F537C4.der
Signature verification succeeds
[TLS] Server time: 1620160202
[TLS] client_random  (32): 74E4A9D77FDFEEDA25876534BCE4E940F44384680881DAE270D6662C048B4F25
[TLS] sign_hash (32): 102EC0DC8685AAACF5961D8DD6C67EC894FDACCEEDD03AE596D2CCDC684CA412
[TLS] Written transcript to proofs/MSG_TLS_74E4A9D7.out, proofs/SIG_TLS_74E4A9D7.out and proofs/PK_TLS_74E4A9D7.der
Signature verification succeeds
[TLS] Server time: 1620160202
[TLS] client_random  (32): A28D3DB2463F0570ECEC7FD8DEF833332CCECDDA399B009E65FFD55C5B9F27B0
[TLS] sign_hash (32): 2C17B592A2A0BECCD8E4C1675808E5D855B439B95A080B2777625C156A9BC9F3
[TLS] Written transcript to proofs/MSG_TLS_A28D3DB2.out, proofs/SIG_TLS_A28D3DB2.out and proofs/PK_TLS_A28D3DB2.der
Signature verification succeeds
[TLS] Server time: 1620160202
[TLS] client_random  (32): 903C4531792F36E6DF7DE79D4ED487BFC046C97A7ECC545158CA0F2277B6943C
[TLS] sign_hash (32): D119266846B5D448667AF1D4C95D78A1F017AF47996EE85DB1516FFC07698664
[TLS] Written transcript to proofs/MSG_TLS_903C4531.out, proofs/SIG_TLS_903C4531.out and proofs/PK_TLS_903C4531.der
Signature verification succeeds
[TLS] Server time: 1620160202
[TLS] client_random  (32): E872D1E4BBEBA30DA21B099D2B987639A31F1E9A507D2103B9045AD4702A322C
[TLS] sign_hash (32): 8A5DD482C0B7A18708531A9D1CB1F8E223DD9499B3EEEDFA2C3D6A52880A5CE6
[TLS] Written transcript to proofs/MSG_TLS_E872D1E4.out, proofs/SIG_TLS_E872D1E4.out and proofs/PK_TLS_E872D1E4.der
Signature verification succeeds
[TLS] Server time: 1620160202
[TLS] client_random  (32): 9DD80B71526D9ECB79CC93E56252B276F875A0A890E355709566311D3B6B144C
[TLS] sign_hash (32): 35D3397CEF7131E8547799A398973D5F06DD44996BC7F5DCCFD0A03EB2CC3C57
[TLS] Written transcript to proofs/MSG_TLS_9DD80B71.out, proofs/SIG_TLS_9DD80B71.out and proofs/PK_TLS_9DD80B71.der
Signature verification succeeds
[TLS] Server time: 1620160202
[TLS] client_random  (32): 3E23E0D09F85985D5B490842610BF0C5D22D9FAAB30105B0D7EA8957D06B33C0
[TLS] sign_hash (32): 19DF93C0D2393BAD87021C2B9E9BA7372D14937A14DEF29D4BE699F225EDA1D8
[TLS] Written transcript to proofs/MSG_TLS_3E23E0D0.out, proofs/SIG_TLS_3E23E0D0.out and proofs/PK_TLS_3E23E0D0.der
Signature verification succeeds
[TLS] Server time: 1620160202
[TLS] client_random  (32): 38DD4C40918152D3B848EF1C07DFCB854690C60855188DD05350F3330EA98B55
[TLS] sign_hash (32): 3633CB87A072A154A50AFB625E99B31CC6F0AA1F40737E462E05AE18810EBEF6
[TLS] Written transcript to proofs/MSG_TLS_38DD4C40.out, proofs/SIG_TLS_38DD4C40.out and proofs/PK_TLS_38DD4C40.der
Signature verification succeeds
[TLS] Server time: 1620160202
[TLS] client_random  (32): 653F55C165B6CF58357A83C910C241066BE96041AD33C7610FA38C459ECCC27D
[TLS] sign_hash (32): 5A2E2EA058BBC8A3FD82527B7C7B6D759A79989DC1289AA3F5DF7AE60040446F
[TLS] Written transcript to proofs/MSG_TLS_653F55C1.out, proofs/SIG_TLS_653F55C1.out and proofs/PK_TLS_653F55C1.der
Signature verification succeeds
[TLS] Server time: 1620160202
[TLS] client_random  (32): 82333C7E787B1D186E90A971008BDC80989C118F630EBAC2DE0FD3A6D960AB22
[TLS] sign_hash (32): 340601B2F954112236FF710C13B0032C7B8F639CED4124A9AA61B7597416030C
[TLS] Written transcript to proofs/MSG_TLS_82333C7E.out, proofs/SIG_TLS_82333C7E.out and proofs/PK_TLS_82333C7E.der
Signature verification succeeds
[TLS] Server time: 1620160202
[TLS] client_random  (32): FCA3B61AAA2D92742E02485E890E04047253B2736D48530A0FA3832CCD3A1D83
[TLS] sign_hash (32): C1A44E5064DD77EF6789C55E555B0C69A822255A0752E4FC02FE9272EF730053
[TLS] Written transcript to proofs/MSG_TLS_FCA3B61A.out, proofs/SIG_TLS_FCA3B61A.out and proofs/PK_TLS_FCA3B61A.der
Signature verification succeeds
[TLS] Server time: 1620160202
[TLS] client_random  (32): 1C2F4E66523E3EE3C7FB2E59127DEF1685725B110B6025CCBD5161831E0539D3
[TLS] sign_hash (32): 33205E975FF39E1176301167C14B206A00B53274608862FF5FA3BC668030F0BD
[TLS] Written transcript to proofs/MSG_TLS_1C2F4E66.out, proofs/SIG_TLS_1C2F4E66.out and proofs/PK_TLS_1C2F4E66.der
Signature verification succeeds
[TLS] Server time: 1620160202
[TLS] client_random  (32): 88300503AA2E8E9B15B5BCAC16332C184BA7B935D1EC4B434C21700FD51F8F00
[TLS] sign_hash (32): 563E326EBD83F8ADF6338BB8021B390C60BF4B2DE0E5C43B33613886A3F129B3
[TLS] Written transcript to proofs/MSG_TLS_88300503.out, proofs/SIG_TLS_88300503.out and proofs/PK_TLS_88300503.der
Signature verification succeeds
[TLS] Server time: 1620160202
[TLS] client_random  (32): A2A6EA287520284D2F9FA65C7B5523551D0D19B21678253C219F16C5A52FB752
[TLS] sign_hash (32): 0685A20B614CB220FAE49B42F8B5037206931C4ED078BCA2CFE79A5AE936EAE0
[TLS] Written transcript to proofs/MSG_TLS_A2A6EA28.out, proofs/SIG_TLS_A2A6EA28.out and proofs/PK_TLS_A2A6EA28.der
Signature verification succeeds
[TLS] Server time: 1620160202
[TLS] client_random  (32): 085252092E8BA7EEB9B9F26FCF65E6B4EC0CBA29766049AB7172F0EB3B6F3746
[TLS] sign_hash (32): 469FE8AF00C63599C76DC7F78063F4B0627D50D2B31D2FAD333A7032F1551E97
[TLS] Written transcript to proofs/MSG_TLS_08525209.out, proofs/SIG_TLS_08525209.out and proofs/PK_TLS_08525209.der
Signature verification succeeds
Time breakdown (averages): anchor_ping:5.709633 file_read:0.138745 hashing:0.470841
Total time for 125 rounds is 795.620241ms
Standard deviations: anchor_ping:0.558560 file_read:0.012643 hashing:0.005045
[Client-side ops] mean:0.609585 sd:0.015535
in & out anchor rand written to proofs/phase1.out
     22 [TLS] Server time: 1620160201
    104 [TLS] Server time: 1620160202
Count is 22
Count is 104
success: 1
RESULT: 1 in 1 tries
