TLS anchor: holycross.ac.uk
Actual: 61, Set: 125
Beginning execution at Mon May 3 08:30:01 UTC 2021
CONF: anchor:holycross.ac.uk fs:1024MB n_rounds:125 seed:5c9f4bf9bbc15bb855f82faedc5a52fc3ab2dfa8ec3ba3ce1b270f31fa0cced2 filename:FILE bs:1024 nops:100 benchmarking:0 anchor_ping:1 queue_depth:32 direct:0
[TLS] Connecting to holycross.ac.uk
[TLS] Server time: 1620030601
[TLS] client_random  (32): 5C9F4BF9BBC15BB855F82FAEDC5A52FC3AB2DFA8EC3BA3CE1B270F31FA0CCED2
[TLS] sign_hash (32): C122F6AEF8A81D03AD2A595F27279E426FE857560C0406CA7222055EDE5EDE4A
[TLS] Written transcript to proofs/MSG_TLS_5C9F4BF9.out, proofs/SIG_TLS_5C9F4BF9.out and proofs/PK_TLS_5C9F4BF9.der
Signature verification succeeds
[TLS] Server time: 1620030601
[TLS] client_random  (32): ACCB45A8182EE797AA572BE4574A686E343A13CDAAEB3E2560C172DE8C0665BD
[TLS] sign_hash (32): 9A15D85A6F49175BA887CEE0B8C68BE697FD34E57BDB61C68A1D569D40D17E44
[TLS] Written transcript to proofs/MSG_TLS_ACCB45A8.out, proofs/SIG_TLS_ACCB45A8.out and proofs/PK_TLS_ACCB45A8.der
Signature verification succeeds
[TLS] Server time: 1620030601
[TLS] client_random  (32): ECF5EF47E2B1E5F5D2E77B64077F2E16E0CE3F63341382C2085E154329A9675C
[TLS] sign_hash (32): 41CE1159B7940C8177EC7C160F80ECE8FA9D5B966EA13EAAC34E4D9E47A6A2C3
[TLS] Written transcript to proofs/MSG_TLS_ECF5EF47.out, proofs/SIG_TLS_ECF5EF47.out and proofs/PK_TLS_ECF5EF47.der
Signature verification succeeds
[TLS] Server time: 1620030601
[TLS] client_random  (32): 7A57630272B1F29ED9C07976E46F6D1F27BBEF4344CA39BBB1137FDD3AD6741D
[TLS] sign_hash (32): 1A083A741E8BC146C73F3F11D0781FD5AFBE6F99E961825862907AF3227BF259
[TLS] Written transcript to proofs/MSG_TLS_7A576302.out, proofs/SIG_TLS_7A576302.out and proofs/PK_TLS_7A576302.der
Signature verification succeeds
[TLS] Server time: 1620030601
[TLS] client_random  (32): 8CA57C859F02B5EE92916E8615F5DA5D8878E210E039A2A49E202AA465A890ED
[TLS] sign_hash (32): C3BBD133320E9E7D239E8B6C54FB0F561B889BB3541FD862D354D3B34B74D84A
[TLS] Written transcript to proofs/MSG_TLS_8CA57C85.out, proofs/SIG_TLS_8CA57C85.out and proofs/PK_TLS_8CA57C85.der
Signature verification succeeds
[TLS] Server time: 1620030601
[TLS] client_random  (32): 8FF86B17BD6A8714E2FD450F34D299147753C8E89231BFD0CE4CEC0F68F5CDCF
[TLS] sign_hash (32): 20AA87D3CEF4FEF3A85A895853DBDBF76C10AD28AB90E416AEA43598B773D4E1
[TLS] Written transcript to proofs/MSG_TLS_8FF86B17.out, proofs/SIG_TLS_8FF86B17.out and proofs/PK_TLS_8FF86B17.der
Signature verification succeeds
[TLS] Server time: 1620030601
[TLS] client_random  (32): D1C6760038CEE4E1CD4DD36C0DBB8F2A0EB9A9CC2B5818D962BBC5B43053AA55
[TLS] sign_hash (32): 1E2FFF3AD08F06AA40A21C3CB0F14FB0DBC77ADC92083F6653315427D3BCD7D4
[TLS] Written transcript to proofs/MSG_TLS_D1C67600.out, proofs/SIG_TLS_D1C67600.out and proofs/PK_TLS_D1C67600.der
Signature verification succeeds
[TLS] Server time: 1620030601
[TLS] client_random  (32): AB14B10335947030BB4FE01BB2B1B1EC2BC4BC7785BD5D5F55C3735EEC03CF81
[TLS] sign_hash (32): 1713DC1536947A5A69F8141A33C420B52D2509B948E30F8EFAA1ABE7ACC95DEE
[TLS] Written transcript to proofs/MSG_TLS_AB14B103.out, proofs/SIG_TLS_AB14B103.out and proofs/PK_TLS_AB14B103.der
Signature verification succeeds
[TLS] Server time: 1620030601
[TLS] client_random  (32): 94C3E547A65304E23B41F810ABAC9F81A6DE7EA9387D017813115AE5AF2E1880
[TLS] sign_hash (32): 6CE88374579FBCF0E4D0949240700CDFC2848F821F426CD6C8E477A5EE964AA8
[TLS] Written transcript to proofs/MSG_TLS_94C3E547.out, proofs/SIG_TLS_94C3E547.out and proofs/PK_TLS_94C3E547.der
Signature verification succeeds
[TLS] Server time: 1620030601
[TLS] client_random  (32): 25129C7DFAA0DED51AC8244CF234FDB9C8A5130D99372978B5DED2A415BCF05F
[TLS] sign_hash (32): 5F62767230C699AED03F2E2A8340BA36C772553E9B82BB0C2536F0D32EC22339
[TLS] Written transcript to proofs/MSG_TLS_25129C7D.out, proofs/SIG_TLS_25129C7D.out and proofs/PK_TLS_25129C7D.der
Signature verification succeeds
[TLS] Server time: 1620030601
[TLS] client_random  (32): 9D1459166ED58F04B1A83F5A936ADF8C6FB70F22A996307C2404395F774502CE
[TLS] sign_hash (32): 2FD6DEC27D2ED38D4CFB0441C1BB0945906F323EC6CAF3C0065F79E9842E0E04
[TLS] Written transcript to proofs/MSG_TLS_9D145916.out, proofs/SIG_TLS_9D145916.out and proofs/PK_TLS_9D145916.der
Signature verification succeeds
[TLS] Server time: 1620030601
[TLS] client_random  (32): 5A3456C59AA520DFF111CB4AB095EBC72BD3A59AFFAA33A667B343DF6E5125AD
[TLS] sign_hash (32): F7FD3ED1ECE96CB461FCA6E6A7FD0A2B74ECABC931B51B5A52E3CCA3B068332D
[TLS] Written transcript to proofs/MSG_TLS_5A3456C5.out, proofs/SIG_TLS_5A3456C5.out and proofs/PK_TLS_5A3456C5.der
Signature verification succeeds
[TLS] Server time: 1620030601
[TLS] client_random  (32): 195C378EAE96A43E5438F78295C1DDD82FD2224EA3A03630D93F262AC961F785
[TLS] sign_hash (32): DB5556230071032AE37571F53F8A641E5D72E1C1BAC687944E012DA8F2590A9A
[TLS] Written transcript to proofs/MSG_TLS_195C378E.out, proofs/SIG_TLS_195C378E.out and proofs/PK_TLS_195C378E.der
Signature verification succeeds
[TLS] Server time: 1620030601
[TLS] client_random  (32): 60FF908F9EA4A6A8851659AE71425F0FF0739960E02C92583D3C097ADE6C7AB7
[TLS] sign_hash (32): DA0DA6090B2AC270C273CA52D7947BA19A3A19D5157DC463515092CF6C78F5CC
[TLS] Written transcript to proofs/MSG_TLS_60FF908F.out, proofs/SIG_TLS_60FF908F.out and proofs/PK_TLS_60FF908F.der
Signature verification succeeds
[TLS] Server time: 1620030601
[TLS] client_random  (32): AA98A140C1C425EA79DC5334EBC950EEB1B401B6B268CCADF43BBAE4F363F1B2
[TLS] sign_hash (32): B040C6E25F06415C61175517A4A2A42A16795358A8763C366C8055CEB52A9220
[TLS] Written transcript to proofs/MSG_TLS_AA98A140.out, proofs/SIG_TLS_AA98A140.out and proofs/PK_TLS_AA98A140.der
Signature verification succeeds
[TLS] Server time: 1620030601
[TLS] client_random  (32): C4FC70664430080DDAF53B4E8CBDEDCA8A0FBBF2092341DE15A957736BEE667D
[TLS] sign_hash (32): C77EC756B44CDB992881C581982071E8D333FB501FC7C736B0DAE4579A6AE6DD
[TLS] Written transcript to proofs/MSG_TLS_C4FC7066.out, proofs/SIG_TLS_C4FC7066.out and proofs/PK_TLS_C4FC7066.der
Signature verification succeeds
[TLS] Server time: 1620030601
[TLS] client_random  (32): E9CD630825C91ACC644A529AA54FA418D2CD153596E318B8B3628F08FA3AFB50
[TLS] sign_hash (32): F711E39C8B9B2AD67C989816C5947F04BE0B3333AA5EC933D5F47EFB7A10AEAF
[TLS] Written transcript to proofs/MSG_TLS_E9CD6308.out, proofs/SIG_TLS_E9CD6308.out and proofs/PK_TLS_E9CD6308.der
Signature verification succeeds
[TLS] Server time: 1620030601
[TLS] client_random  (32): 3B1D3D9B3F3A6F083B81EBABA858B43BF3AA0B6E2F076BCBEDA3DA4F2F1703D0
[TLS] sign_hash (32): 0F8D9AD6951C5400CA0F42C38BA4C6A58B868236C831D5C667725E1491FE5479
[TLS] Written transcript to proofs/MSG_TLS_3B1D3D9B.out, proofs/SIG_TLS_3B1D3D9B.out and proofs/PK_TLS_3B1D3D9B.der
Signature verification succeeds
[TLS] Server time: 1620030601
[TLS] client_random  (32): F3D85DC4DD8F2E2FAF6282393CDE8B85481E05F061913A0D7C2FF711E21BF214
[TLS] sign_hash (32): D0A53B01D2696D5E86F3D270FA93558F7C0F53D19170B19CE8FAF5968CC252D8
[TLS] Written transcript to proofs/MSG_TLS_F3D85DC4.out, proofs/SIG_TLS_F3D85DC4.out and proofs/PK_TLS_F3D85DC4.der
Signature verification succeeds
[TLS] Server time: 1620030601
[TLS] client_random  (32): 8F33363D00816C5C150EE2870C34522EBDC1569D3D1153C8C2562CB84007D87D
[TLS] sign_hash (32): 89C3987A6B0F9552A6314C623E1D51F9690223B0991CFE9C28D7594B60EA16B3
[TLS] Written transcript to proofs/MSG_TLS_8F33363D.out, proofs/SIG_TLS_8F33363D.out and proofs/PK_TLS_8F33363D.der
Signature verification succeeds
[TLS] Server time: 1620030601
[TLS] client_random  (32): F5FD4D416E272061C729C8C82FE48FBE9E39AEC4FD608C728A9291C2BEFCF3F7
[TLS] sign_hash (32): B8BC878D4425AE1DD6B306CE352AF3973233153E8DFAECD5FA51B61E674D163C
[TLS] Written transcript to proofs/MSG_TLS_F5FD4D41.out, proofs/SIG_TLS_F5FD4D41.out and proofs/PK_TLS_F5FD4D41.der
Signature verification succeeds
[TLS] Server time: 1620030601
[TLS] client_random  (32): E8584EEF875443963508662F33E5C115667B0F781B10DFEBA36BA2CE9264A78E
[TLS] sign_hash (32): 30BC4A05A9E630D9D54B148FEC5E501687C3821A604AC48E6C19698BEEE402D2
[TLS] Written transcript to proofs/MSG_TLS_E8584EEF.out, proofs/SIG_TLS_E8584EEF.out and proofs/PK_TLS_E8584EEF.der
Signature verification succeeds
[TLS] Server time: 1620030601
[TLS] client_random  (32): C55ACBB201B78568CE79E4A328A7F19CA3A2960E59EB3B3968BCBD1F67AA83BA
[TLS] sign_hash (32): BF34C082739DA0A301D7DD6D2DC9CA1AEA52DF8FB4D23A39A1B672B072019099
[TLS] Written transcript to proofs/MSG_TLS_C55ACBB2.out, proofs/SIG_TLS_C55ACBB2.out and proofs/PK_TLS_C55ACBB2.der
Signature verification succeeds
[TLS] Server time: 1620030601
[TLS] client_random  (32): C63D777DD429EF0816B65EDCDEF34283C16B4DB805ACF59A42B64ADC7F61EA0C
[TLS] sign_hash (32): 93CF40ED6D7640C63594D632275CA24E677DC9AE8831EB1069BC51491D2CC3ED
[TLS] Written transcript to proofs/MSG_TLS_C63D777D.out, proofs/SIG_TLS_C63D777D.out and proofs/PK_TLS_C63D777D.der
Signature verification succeeds
[TLS] Server time: 1620030601
[TLS] client_random  (32): 116D78CDBA045F249A027E719E5333B300FB9B3359B6BDAE5449E89979C19870
[TLS] sign_hash (32): 9D5D1B57355004452C6DE255276A42D94DB0594AC6282391F6BC42AAC0C248EF
[TLS] Written transcript to proofs/MSG_TLS_116D78CD.out, proofs/SIG_TLS_116D78CD.out and proofs/PK_TLS_116D78CD.der
Signature verification succeeds
[TLS] Server time: 1620030601
[TLS] client_random  (32): 8C9CA04605D34A63217BCB222366FC74F5EC45620BE1344729D2634893264EC8
[TLS] sign_hash (32): A43D5AAD3274D0EA9E2409797FE6CF30C6F80A2C281BD45D6178D6C52BADEE05
[TLS] Written transcript to proofs/MSG_TLS_8C9CA046.out, proofs/SIG_TLS_8C9CA046.out and proofs/PK_TLS_8C9CA046.der
Signature verification succeeds
[TLS] Server time: 1620030601
[TLS] client_random  (32): B6A94FC38A915E60390293F2246D4DDD40B732119726DD942BD5CD1EC94C0CAB
[TLS] sign_hash (32): 62D1475C59AE83F0E8839B7EF90F1E81140F5B33953BF04D1D4C656D15467753
[TLS] Written transcript to proofs/MSG_TLS_B6A94FC3.out, proofs/SIG_TLS_B6A94FC3.out and proofs/PK_TLS_B6A94FC3.der
Signature verification succeeds
[TLS] Server time: 1620030601
[TLS] client_random  (32): AF10CBA172EFD29CCFE823A2FEB2C7CB26A7BFFBBECF499294435759E691FB2A
[TLS] sign_hash (32): 647125A0B3A4C7CC679CE0CAC6FB659A1FD69E41551390B5B285A6C7D1442E9A
[TLS] Written transcript to proofs/MSG_TLS_AF10CBA1.out, proofs/SIG_TLS_AF10CBA1.out and proofs/PK_TLS_AF10CBA1.der
Signature verification succeeds
[TLS] Server time: 1620030601
[TLS] client_random  (32): 036C04A43CBE3BE6FF029461C324D56E602DC667F40F45CF01054E6461512E34
[TLS] sign_hash (32): 7715550AC8F4DC6D12A9D9962D580AC75D2417CE43B1DD22E05139B2406E4531
[TLS] Written transcript to proofs/MSG_TLS_036C04A4.out, proofs/SIG_TLS_036C04A4.out and proofs/PK_TLS_036C04A4.der
Signature verification succeeds
[TLS] Server time: 1620030601
[TLS] client_random  (32): 89757550DB7C455648F5506FBD90EFC5D172111A12A7AA0428B36CA430766DEB
[TLS] sign_hash (32): F10E5A5CEC368DC342093023099FC3EF5869AB14C0B3188E7125175760184176
[TLS] Written transcript to proofs/MSG_TLS_89757550.out, proofs/SIG_TLS_89757550.out and proofs/PK_TLS_89757550.der
Signature verification succeeds
[TLS] Server time: 1620030601
[TLS] client_random  (32): 96279CEF7A614A51749EFBFBA3FEBCD533022435CADEFA0C2E5DDD5CBAB8A853
[TLS] sign_hash (32): 647D803B8D3F49706D967E744C6CD265B801DA99752242296C590769471B90C6
[TLS] Written transcript to proofs/MSG_TLS_96279CEF.out, proofs/SIG_TLS_96279CEF.out and proofs/PK_TLS_96279CEF.der
Signature verification succeeds
[TLS] Server time: 1620030601
[TLS] client_random  (32): D74134FFCC7EA4B5E7723B6B12C9E891716A5C0F8F090E4660C2081F3343E602
[TLS] sign_hash (32): B2CBF369BC9ACA562F041ED90268F55C53FFF11D1DDAA321B63F1C868DAE00ED
[TLS] Written transcript to proofs/MSG_TLS_D74134FF.out, proofs/SIG_TLS_D74134FF.out and proofs/PK_TLS_D74134FF.der
Signature verification succeeds
[TLS] Server time: 1620030601
[TLS] client_random  (32): 209EA76BD16DE1D457427621814C632AD144D1C6450B479A0CA3C2B3C6972D63
[TLS] sign_hash (32): 83CC9DCDE716AE22E0840C0A0C4DB5AFBF02441D1846D113DE0CF1DFC91AE613
[TLS] Written transcript to proofs/MSG_TLS_209EA76B.out, proofs/SIG_TLS_209EA76B.out and proofs/PK_TLS_209EA76B.der
Signature verification succeeds
[TLS] Server time: 1620030601
[TLS] client_random  (32): 2C1521444A3C613E7AD7889BB25A60CC22932BC948370F0D4AA7D37705EA20E4
[TLS] sign_hash (32): CE82C5A1F2440913CDB4C0FDCA705529C5192B7798E402424E6A97B822D97D17
[TLS] Written transcript to proofs/MSG_TLS_2C152144.out, proofs/SIG_TLS_2C152144.out and proofs/PK_TLS_2C152144.der
Signature verification succeeds
[TLS] Server time: 1620030601
[TLS] client_random  (32): D647ADAEA8E4495974E6E525FDF0CEBC27DA0905111192983711CF181EC4841B
[TLS] sign_hash (32): 15E3DE332DD1DAAA932487319D9C534E84B728C4F3040B2B14F17987A1868ACA
[TLS] Written transcript to proofs/MSG_TLS_D647ADAE.out, proofs/SIG_TLS_D647ADAE.out and proofs/PK_TLS_D647ADAE.der
Signature verification succeeds
[TLS] Server time: 1620030601
[TLS] client_random  (32): EB039006750DA99D8EAAA91E5070D6CF4F205F08DF473F85624FF68BC6348035
[TLS] sign_hash (32): 4D678DA9F8B76F9A2B2F2F69C9DDD97EC7D97056CEA8C81D7B8D888331245C98
[TLS] Written transcript to proofs/MSG_TLS_EB039006.out, proofs/SIG_TLS_EB039006.out and proofs/PK_TLS_EB039006.der
Signature verification succeeds
[TLS] Server time: 1620030601
[TLS] client_random  (32): E92C8596F5587A0DDA24D49A49533935BA920CF865B0FDE39C99F63461E4DEC9
[TLS] sign_hash (32): 4C610239A64630A6F9BA9EB54194B8546B3740C28CFF8A1D6E9C6A510C07E881
[TLS] Written transcript to proofs/MSG_TLS_E92C8596.out, proofs/SIG_TLS_E92C8596.out and proofs/PK_TLS_E92C8596.der
Signature verification succeeds
[TLS] Server time: 1620030601
[TLS] client_random  (32): FE044A29947586B2FC35EBB5603718F993DC5C2B633DDB59639969B919B1F90B
[TLS] sign_hash (32): F96E4F899A8E01D03655260E5A91099EF277386CA545962E1CC347ACFA2C59B7
[TLS] Written transcript to proofs/MSG_TLS_FE044A29.out, proofs/SIG_TLS_FE044A29.out and proofs/PK_TLS_FE044A29.der
Signature verification succeeds
[TLS] Server time: 1620030601
[TLS] client_random  (32): E89AC7E559D0B08FF3D57D96B7604AA14BBCB2DE0F543F4E50C8095581467CF1
[TLS] sign_hash (32): 243677EBBB006F2420C982061AC2CE880F1DE212F20E60A3A15B2205558C82BD
[TLS] Written transcript to proofs/MSG_TLS_E89AC7E5.out, proofs/SIG_TLS_E89AC7E5.out and proofs/PK_TLS_E89AC7E5.der
Signature verification succeeds
[TLS] Server time: 1620030601
[TLS] client_random  (32): EDA3AA41B304A2D32055B0083A2A4EF7A9EC78F11217979BB23C72E029B7D723
[TLS] sign_hash (32): 69EB3B52E9EA24CD66E1E2C31D22F29292EAAFFB86962AC45093C8395013CE40
[TLS] Written transcript to proofs/MSG_TLS_EDA3AA41.out, proofs/SIG_TLS_EDA3AA41.out and proofs/PK_TLS_EDA3AA41.der
Signature verification succeeds
[TLS] Server time: 1620030601
[TLS] client_random  (32): AEABB3BE5E44CDC8C2C99AF057DE4204CBD2EAA1967AE3220E96340F532A69B2
[TLS] sign_hash (32): B55728A954C831483BF1E84083D949EA08CDFA5C6E2173E9C5BB252003150B7D
[TLS] Written transcript to proofs/MSG_TLS_AEABB3BE.out, proofs/SIG_TLS_AEABB3BE.out and proofs/PK_TLS_AEABB3BE.der
Signature verification succeeds
[TLS] Server time: 1620030601
[TLS] client_random  (32): A8E9DF0E785545411101CE6AE131EAEA90E8251E45E6AD7526770ACB3AEC78FC
[TLS] sign_hash (32): 3343D3F1D03F3202F8DA9405216ECB34FAB461CE851F001CA2AFEA183FEE4AF4
[TLS] Written transcript to proofs/MSG_TLS_A8E9DF0E.out, proofs/SIG_TLS_A8E9DF0E.out and proofs/PK_TLS_A8E9DF0E.der
Signature verification succeeds
[TLS] Server time: 1620030601
[TLS] client_random  (32): 29561AFC29D4B02E6758F2CBDBDD4874BCD2106DC8BA8561BFF438D5AD8F59BB
[TLS] sign_hash (32): 3D022E7D7BA1564D7CFB0C10F2D2BED5B73F3701B912B91EF8407FACF4516A40
[TLS] Written transcript to proofs/MSG_TLS_29561AFC.out, proofs/SIG_TLS_29561AFC.out and proofs/PK_TLS_29561AFC.der
Signature verification succeeds
[TLS] Server time: 1620030601
[TLS] client_random  (32): 7B8BF5BD4D61539AFE1EA5C2F6A25A012D33C927F2B7C799368CF0F0BE3EDEC4
[TLS] sign_hash (32): 1C21994CC22A05791027A3E84F62EB0200E59CED47AE5C9B04C4A0C45CA1F947
[TLS] Written transcript to proofs/MSG_TLS_7B8BF5BD.out, proofs/SIG_TLS_7B8BF5BD.out and proofs/PK_TLS_7B8BF5BD.der
Signature verification succeeds
[TLS] Server time: 1620030601
[TLS] client_random  (32): 595B96574FF3CBE7431D13CF3AFE5C1D15713FAE289371002F7608FCF0D7FBD9
[TLS] sign_hash (32): FDB14F13A3BC626301B8C3A0EABD946D0FDAAE0BD4706D30335ED737D7E5CF82
[TLS] Written transcript to proofs/MSG_TLS_595B9657.out, proofs/SIG_TLS_595B9657.out and proofs/PK_TLS_595B9657.der
Signature verification succeeds
[TLS] Server time: 1620030601
[TLS] client_random  (32): 20FC2D22B32E70C911F44D7C40D2A4488F953091EDADEC1C68E29F2CC2C1E398
[TLS] sign_hash (32): BE566AE42D7087EC7D74AA94FBD88773ED5C66D0B40C59FCB7B9CF309B9860D6
[TLS] Written transcript to proofs/MSG_TLS_20FC2D22.out, proofs/SIG_TLS_20FC2D22.out and proofs/PK_TLS_20FC2D22.der
Signature verification succeeds
[TLS] Server time: 1620030601
[TLS] client_random  (32): A1E846E6E0FFEBDFCB42A1AE7652F6AEE8531BCDD09FDB3E82D7F8596A11DD39
[TLS] sign_hash (32): 6411CB0E5A5396B10BFDDB77D6569A030B6C465742CBDAFCE0FB5F724D3BDD07
[TLS] Written transcript to proofs/MSG_TLS_A1E846E6.out, proofs/SIG_TLS_A1E846E6.out and proofs/PK_TLS_A1E846E6.der
Signature verification succeeds
[TLS] Server time: 1620030601
[TLS] client_random  (32): 2357CE3062CCC1BED8E85C80CEE436D207B6B5FE3D456E8088B876FEF2CC7E05
[TLS] sign_hash (32): 0E46BD8ADD96D1D2C333559E8E75B57F1804BF3A8DF08CCE607FA04543921192
[TLS] Written transcript to proofs/MSG_TLS_2357CE30.out, proofs/SIG_TLS_2357CE30.out and proofs/PK_TLS_2357CE30.der
Signature verification succeeds
[TLS] Server time: 1620030601
[TLS] client_random  (32): 7E617B5C0F7EE1B992D447F40C89109759705A11333129FAD695B12D0C023CBB
[TLS] sign_hash (32): B38A49796A9174A586897B057058429700526813AC33FBE8F48A07C2132C60D6
[TLS] Written transcript to proofs/MSG_TLS_7E617B5C.out, proofs/SIG_TLS_7E617B5C.out and proofs/PK_TLS_7E617B5C.der
Signature verification succeeds
[TLS] Server time: 1620030601
[TLS] client_random  (32): B2A71CEE07F1E6E8047BE9C7556BB89E4CB1F463E7B788D11DCE099428A71220
[TLS] sign_hash (32): 31A86BB5B29C472E71C8C1ED4D980BD863C261C0440ED075DB7E74700195FD53
[TLS] Written transcript to proofs/MSG_TLS_B2A71CEE.out, proofs/SIG_TLS_B2A71CEE.out and proofs/PK_TLS_B2A71CEE.der
Signature verification succeeds
[TLS] Server time: 1620030601
[TLS] client_random  (32): 855D53517994E21F42DC5FEBE16D70B86B3498C2430C804F52085F4149FC4753
[TLS] sign_hash (32): A2494BFA61C1BCC88C9FA6C150795D56354B300ADFC6AD8CD0B43FD562425657
[TLS] Written transcript to proofs/MSG_TLS_855D5351.out, proofs/SIG_TLS_855D5351.out and proofs/PK_TLS_855D5351.der
Signature verification succeeds
[TLS] Server time: 1620030601
[TLS] client_random  (32): 6F2F1A0ED6190EA02E8B67A9481BD82A13EB9FF1E050677DA971E2263125B18D
[TLS] sign_hash (32): EBC0349ECCD0C8ADBDB1A056109B7894057824C53FAC3D59E1D490B25143BD40
[TLS] Written transcript to proofs/MSG_TLS_6F2F1A0E.out, proofs/SIG_TLS_6F2F1A0E.out and proofs/PK_TLS_6F2F1A0E.der
Signature verification succeeds
[TLS] Server time: 1620030601
[TLS] client_random  (32): EDA4AD815BCFD074B9A1097EE758E23D96C70B1C02EF9A00F8681EFE46661288
[TLS] sign_hash (32): F111E95F96B7C72417D09EDCB52343AB56355AABD1CA15131C8C768C91CBB4C0
[TLS] Written transcript to proofs/MSG_TLS_EDA4AD81.out, proofs/SIG_TLS_EDA4AD81.out and proofs/PK_TLS_EDA4AD81.der
Signature verification succeeds
[TLS] Server time: 1620030601
[TLS] client_random  (32): A469A6190D85F2438A1F3D188147298CB781E215098B28314C0ED270B2B51823
[TLS] sign_hash (32): CA65537BC23C1290FE309554C7DDB83825E241861A7057EAAA20CF56A01B64A6
[TLS] Written transcript to proofs/MSG_TLS_A469A619.out, proofs/SIG_TLS_A469A619.out and proofs/PK_TLS_A469A619.der
Signature verification succeeds
[TLS] Server time: 1620030601
[TLS] client_random  (32): 66AD047E020C2F3CA26B50B1094A5992512516C19958600071E4DB4D136B8A7A
[TLS] sign_hash (32): 9CB02A2D59F1432180F1B86F83770B50E68C8658FED8899222935F51059C6DBA
[TLS] Written transcript to proofs/MSG_TLS_66AD047E.out, proofs/SIG_TLS_66AD047E.out and proofs/PK_TLS_66AD047E.der
Signature verification succeeds
[TLS] Server time: 1620030601
[TLS] client_random  (32): F08279CA1AA7D2949BD76CCDC68A18A1C40D48CCB7101B17BFA940382A3615D5
[TLS] sign_hash (32): AE9BA4B6B5CFB4B3D192A59CA67239C1E95A76C7817E7393CF51A7929A0ED5F5
[TLS] Written transcript to proofs/MSG_TLS_F08279CA.out, proofs/SIG_TLS_F08279CA.out and proofs/PK_TLS_F08279CA.der
Signature verification succeeds
[TLS] Server time: 1620030601
[TLS] client_random  (32): 71A35D6EA5A21C7002036C5681AB7C7B9F8857340BF5FA71CF95F455DD8AE922
[TLS] sign_hash (32): 530EE3E79E1132385215337A20EFD73042DA29541E33C72178E317BADB96ABAD
[TLS] Written transcript to proofs/MSG_TLS_71A35D6E.out, proofs/SIG_TLS_71A35D6E.out and proofs/PK_TLS_71A35D6E.der
Signature verification succeeds
[TLS] Server time: 1620030601
[TLS] client_random  (32): 539618446D51FC4814F5F192D2397E9B93C455C1AD60CE7535CC5552AED69687
[TLS] sign_hash (32): B9BAE2405C9B76F0D31821B2CBC1BE7BC61D189744723C312F76259E2886E3B2
[TLS] Written transcript to proofs/MSG_TLS_53961844.out, proofs/SIG_TLS_53961844.out and proofs/PK_TLS_53961844.der
Signature verification succeeds
[TLS] Server time: 1620030601
[TLS] client_random  (32): 18C504FD11CC43B5F89A6099C2CC2DDB219BFEBD188741ECB81914777FF1EC5F
[TLS] sign_hash (32): B2D883D79D62A6D4C681913C4AD49D9973CC88A23AB11D99F29BADB6A93D6E58
[TLS] Written transcript to proofs/MSG_TLS_18C504FD.out, proofs/SIG_TLS_18C504FD.out and proofs/PK_TLS_18C504FD.der
Signature verification succeeds
[TLS] Server time: 1620030601
[TLS] client_random  (32): B714F6B7C5CFAA1B4DC9F0D6EB5D5482BEDFEDD28C94FD64DFEFC702E06EA831
[TLS] sign_hash (32): AD71AD3BD6AD78FCAE6F295E5E7A668314646B963B4646C3A347C0CB69220C48
[TLS] Written transcript to proofs/MSG_TLS_B714F6B7.out, proofs/SIG_TLS_B714F6B7.out and proofs/PK_TLS_B714F6B7.der
Signature verification succeeds
[TLS] Server time: 1620030601
[TLS] client_random  (32): CBDD1ED568E6D2A15E3ACCC9010EE57523F7DECBAF722CDDA4FED091C3EA1369
[TLS] sign_hash (32): DBE5FC85E82CC3D60E4426E16BFEB511BDD6B762B191AD65A1637100F2DA8552
[TLS] Written transcript to proofs/MSG_TLS_CBDD1ED5.out, proofs/SIG_TLS_CBDD1ED5.out and proofs/PK_TLS_CBDD1ED5.der
Signature verification succeeds
[TLS] Server time: 1620030601
[TLS] client_random  (32): B48CC27E3763524465B98B350C3C4FEBB37130375F0CADAA02C549883D64ABD7
[TLS] sign_hash (32): 117154E9CB566CEC78B7C690E5AD49C0D5587CD6762CAF8BE476D8ABC1047843
[TLS] Written transcript to proofs/MSG_TLS_B48CC27E.out, proofs/SIG_TLS_B48CC27E.out and proofs/PK_TLS_B48CC27E.der
Signature verification succeeds
[TLS] Server time: 1620030601
[TLS] client_random  (32): 4032CD048F13E137BB03414FBE2AF9755BBEB9E1B139AE6490C7AD7978EE491D
[TLS] sign_hash (32): 01BD58038F4695660D6DC790FE4441E59C50D94BD251BDD7194AE96A72B4F254
[TLS] Written transcript to proofs/MSG_TLS_4032CD04.out, proofs/SIG_TLS_4032CD04.out and proofs/PK_TLS_4032CD04.der
Signature verification succeeds
[TLS] Server time: 1620030601
[TLS] client_random  (32): 68629004B257459C7595C6B7182A3D176E3D92B2F58FF88C52C7CB180C8D1F62
[TLS] sign_hash (32): A0518D77A44AE1799D6997683DAC6B3233F2EEB5C0B41D0A63228D627B4E3B4C
[TLS] Written transcript to proofs/MSG_TLS_68629004.out, proofs/SIG_TLS_68629004.out and proofs/PK_TLS_68629004.der
Signature verification succeeds
[TLS] Server time: 1620030601
[TLS] client_random  (32): 803F47B4060AA7BDEADB399F35F0BD2170CEB785DDE9CA88A9D1C685D2663EB4
[TLS] sign_hash (32): 2AA27E1D944C74A4044E23B82BF07B3BAFB96272320DA72D57A8C7542361EFF3
[TLS] Written transcript to proofs/MSG_TLS_803F47B4.out, proofs/SIG_TLS_803F47B4.out and proofs/PK_TLS_803F47B4.der
Signature verification succeeds
[TLS] Server time: 1620030601
[TLS] client_random  (32): D00477CEEF3B3E89CE5BE4D0DFD5ABA423C6181E4845499F94301F7120806D21
[TLS] sign_hash (32): 996887427256236A36F249A05420DA6EF5D0E7271A239F6BDD2DF50E42179082
[TLS] Written transcript to proofs/MSG_TLS_D00477CE.out, proofs/SIG_TLS_D00477CE.out and proofs/PK_TLS_D00477CE.der
Signature verification succeeds
[TLS] Server time: 1620030601
[TLS] client_random  (32): 8335868E7F09285218D46A1C6EF1D905A8FB53416FBAE968258F2B3483DD82F8
[TLS] sign_hash (32): E6930265CD9778E94534E2AB8E282B0E14032389516F8EF3A2495B8AA2900030
[TLS] Written transcript to proofs/MSG_TLS_8335868E.out, proofs/SIG_TLS_8335868E.out and proofs/PK_TLS_8335868E.der
Signature verification succeeds
[TLS] Server time: 1620030601
[TLS] client_random  (32): 34A2F5923F60E5400BF2320ECAAFA4579F9C40C70834CE660DD8B232CD618B50
[TLS] sign_hash (32): 5ACA3D89979CD6F29E0DFD23565A78EB2FEC5D2E9D1727FCA59037CE331D1636
[TLS] Written transcript to proofs/MSG_TLS_34A2F592.out, proofs/SIG_TLS_34A2F592.out and proofs/PK_TLS_34A2F592.der
Signature verification succeeds
[TLS] Server time: 1620030601
[TLS] client_random  (32): 9BA2BE707509CDFF25B836008516AC16DAA8DE6109A82D4C70145F935190495F
[TLS] sign_hash (32): BB9C83325655F197EE90CB86DC12A8389ECA9DAA7997FCA3E1362CBE2993C732
[TLS] Written transcript to proofs/MSG_TLS_9BA2BE70.out, proofs/SIG_TLS_9BA2BE70.out and proofs/PK_TLS_9BA2BE70.der
Signature verification succeeds
[TLS] Server time: 1620030601
[TLS] client_random  (32): 2FB379E2AE3FAEF052A6961116A7D2D9BF73F98A7ADB329E55104060DDC7951A
[TLS] sign_hash (32): E4DE61C09576775F59445F1B31523DA45B378D01C3959CD6CC92E2BB877A134A
[TLS] Written transcript to proofs/MSG_TLS_2FB379E2.out, proofs/SIG_TLS_2FB379E2.out and proofs/PK_TLS_2FB379E2.der
Signature verification succeeds
[TLS] Server time: 1620030601
[TLS] client_random  (32): 78B85E93A284DEBBADE0623FB4067C66C7DCAFC80F09C6C0172E6FDD2CA6E5ED
[TLS] sign_hash (32): AA2FDD8D8FA5CA943B75E7D946D9422B9CCF4D955D5A210414E805C9DAB0AE02
[TLS] Written transcript to proofs/MSG_TLS_78B85E93.out, proofs/SIG_TLS_78B85E93.out and proofs/PK_TLS_78B85E93.der
Signature verification succeeds
[TLS] Server time: 1620030601
[TLS] client_random  (32): A1E5BA64BED1419E273FE7BA3990E6704CF0658CF40708E9151D697E0EF785E7
[TLS] sign_hash (32): 6F1E96DC81C11F70B11B36692D5ED0454B3CB7DB8C10B767F43BE36A1C681D1F
[TLS] Written transcript to proofs/MSG_TLS_A1E5BA64.out, proofs/SIG_TLS_A1E5BA64.out and proofs/PK_TLS_A1E5BA64.der
Signature verification succeeds
[TLS] Server time: 1620030601
[TLS] client_random  (32): 19A9B2138A065644BFC2A46D00BAF79CF8B4FCA43C981CE2896A8EA987DCF5A2
[TLS] sign_hash (32): 64F488C16D61EBD28B804A1F41AB596459957D87AB0B7CD9D05DDB987B48BA7D
[TLS] Written transcript to proofs/MSG_TLS_19A9B213.out, proofs/SIG_TLS_19A9B213.out and proofs/PK_TLS_19A9B213.der
Signature verification succeeds
[TLS] Server time: 1620030601
[TLS] client_random  (32): F7A919ABC06B705550C02049147E6BE552BB2701E33492CE4F590F132326259E
[TLS] sign_hash (32): 15E9E4EF22CF34C09D762D7EEF3735B8E154FC77A42DD8812D4B834232233994
[TLS] Written transcript to proofs/MSG_TLS_F7A919AB.out, proofs/SIG_TLS_F7A919AB.out and proofs/PK_TLS_F7A919AB.der
Signature verification succeeds
[TLS] Server time: 1620030601
[TLS] client_random  (32): A57BB07C12E93955FD3BE5C00C330A6109186220F85CC99A01822F7073C55D52
[TLS] sign_hash (32): 31507914D627E329760E067900E8016890895B1295709E33A5057157A0E49E74
[TLS] Written transcript to proofs/MSG_TLS_A57BB07C.out, proofs/SIG_TLS_A57BB07C.out and proofs/PK_TLS_A57BB07C.der
Signature verification succeeds
[TLS] Server time: 1620030601
[TLS] client_random  (32): 967699FB45E701C75EBF05B8BC4E095B02051424EB1227C5B37D93200F9B197E
[TLS] sign_hash (32): DE7DF41ABB758A960572525DAC537503BBE5439215AED0ED16AD7D9636F13A82
[TLS] Written transcript to proofs/MSG_TLS_967699FB.out, proofs/SIG_TLS_967699FB.out and proofs/PK_TLS_967699FB.der
Signature verification succeeds
[TLS] Server time: 1620030601
[TLS] client_random  (32): 1D36966285017E7D965DCDD9766674FFC357C0DC7885780EE027EBFE0D13EBA7
[TLS] sign_hash (32): D35540016D117E27F17813EE4773B18125165C2D27A223E98BECE5C84BD0B134
[TLS] Written transcript to proofs/MSG_TLS_1D369662.out, proofs/SIG_TLS_1D369662.out and proofs/PK_TLS_1D369662.der
Signature verification succeeds
[TLS] Server time: 1620030601
[TLS] client_random  (32): 964C15F6929D5FDDE8AAEC4BE0C380A3FFB8A9E9E8E8AB484AEE47F8C0CDDB5E
[TLS] sign_hash (32): F0A2CBD64D97E1033F9E692A7EF400E66C511D55C6C4656EB8B3B913F3341CA1
[TLS] Written transcript to proofs/MSG_TLS_964C15F6.out, proofs/SIG_TLS_964C15F6.out and proofs/PK_TLS_964C15F6.der
Signature verification succeeds
[TLS] Server time: 1620030601
[TLS] client_random  (32): 2FD5504A192A5861BBC560B78B19075778268F966241034656363718EADFFBB3
[TLS] sign_hash (32): 4159556C595CD81C6CA2D7FFE6BBC0092F2CD6E3BC29AA4D3F3A0F9692416B49
[TLS] Written transcript to proofs/MSG_TLS_2FD5504A.out, proofs/SIG_TLS_2FD5504A.out and proofs/PK_TLS_2FD5504A.der
Signature verification succeeds
[TLS] Server time: 1620030601
[TLS] client_random  (32): BCC110A0D1365C293944397AC6D74796B0E11B123989723CE66F50E9B09F6378
[TLS] sign_hash (32): 572EE05497B4C9590DBDFEAD484B320A9AE56FDFAC465223A1D54FCC1825D5BC
[TLS] Written transcript to proofs/MSG_TLS_BCC110A0.out, proofs/SIG_TLS_BCC110A0.out and proofs/PK_TLS_BCC110A0.der
Signature verification succeeds
[TLS] Server time: 1620030601
[TLS] client_random  (32): F1D0B94FF4988A171A0F4979F1291DE807ED3E369EB48E8379B454C59F0802EF
[TLS] sign_hash (32): 5615F6F4A10CFDBA1AD06C761B3334B8F5DDE84C99FD8A595FFB1E5B9DD77735
[TLS] Written transcript to proofs/MSG_TLS_F1D0B94F.out, proofs/SIG_TLS_F1D0B94F.out and proofs/PK_TLS_F1D0B94F.der
Signature verification succeeds
[TLS] Server time: 1620030601
[TLS] client_random  (32): 6172168B0CA0BB24DE5C610BB887B6DB22E8F7AED390246B2A58E37D37C9CE60
[TLS] sign_hash (32): 49739F347BFD08EB0F3BE8F2F2531E9E5214A5C8C9445AD0331A315401460635
[TLS] Written transcript to proofs/MSG_TLS_6172168B.out, proofs/SIG_TLS_6172168B.out and proofs/PK_TLS_6172168B.der
Signature verification succeeds
[TLS] Server time: 1620030601
[TLS] client_random  (32): B3A6E5A072C5A5642D63A4E2B23F866CF0422336F1B1124013BABF9366680F65
[TLS] sign_hash (32): 8B58DE69C7B4977C92926514B73900BEFB9FE44C3212472EB9D6389506A6EFFC
[TLS] Written transcript to proofs/MSG_TLS_B3A6E5A0.out, proofs/SIG_TLS_B3A6E5A0.out and proofs/PK_TLS_B3A6E5A0.der
Signature verification succeeds
[TLS] Server time: 1620030601
[TLS] client_random  (32): 5F69941A7D46ED268DCD90C2577A037482EECEFC1D7765BFCB81C54F1D44A4F4
[TLS] sign_hash (32): 62B986ADF6304BB1BF2F3D6E172A4DAB5604671D9066623378A4D0AAAA276F04
[TLS] Written transcript to proofs/MSG_TLS_5F69941A.out, proofs/SIG_TLS_5F69941A.out and proofs/PK_TLS_5F69941A.der
Signature verification succeeds
[TLS] Server time: 1620030601
[TLS] client_random  (32): FA49D27CD78E540DFA67C0C8E3C9CF5C0014129119E4FE48A57E19320C13DEB6
[TLS] sign_hash (32): 3A362F9C865D342F42C4F17B4FB1AABF01219C101B64C2D320747F74E9B82DCB
[TLS] Written transcript to proofs/MSG_TLS_FA49D27C.out, proofs/SIG_TLS_FA49D27C.out and proofs/PK_TLS_FA49D27C.der
Signature verification succeeds
[TLS] Server time: 1620030601
[TLS] client_random  (32): B5828BEBB5E625EC8061CA32C3F891D791FA868F44852DE54269B0AB65ABC711
[TLS] sign_hash (32): 306825592D98D20A44BCD5DB1B6A346E74ADF9E702B80901A405A7AB0606B9D1
[TLS] Written transcript to proofs/MSG_TLS_B5828BEB.out, proofs/SIG_TLS_B5828BEB.out and proofs/PK_TLS_B5828BEB.der
Signature verification succeeds
[TLS] Server time: 1620030602
[TLS] client_random  (32): F240BE7A6EE4086E44436BA9C1713480EDC7CA7F2683B5C64BC49CBD892CC037
[TLS] sign_hash (32): AF73C320ED9A5AE4D0D3B2C4D71007AB83E5537B33D1A598C6E81A504CFB640A
[TLS] Written transcript to proofs/MSG_TLS_F240BE7A.out, proofs/SIG_TLS_F240BE7A.out and proofs/PK_TLS_F240BE7A.der
Signature verification succeeds
[TLS] Server time: 1620030602
[TLS] client_random  (32): 814CAE842D6A48B3FA126DDFEF89E6D918872DCB5F277FA1E02A725652369BC1
[TLS] sign_hash (32): 2F0C9878717EFAB205F837E7540143943C00BAE443B4416CAF8F8EAF6537CFD7
[TLS] Written transcript to proofs/MSG_TLS_814CAE84.out, proofs/SIG_TLS_814CAE84.out and proofs/PK_TLS_814CAE84.der
Signature verification succeeds
[TLS] Server time: 1620030602
[TLS] client_random  (32): D0B5A0925F59E884AC954669FD08126C72063A86020D10A124CABA08BD12EFC6
[TLS] sign_hash (32): 1E82C6734DF8023ECF0269D02304D08EF5C4FD4B9A8CBE0DBB061502B9B80560
[TLS] Written transcript to proofs/MSG_TLS_D0B5A092.out, proofs/SIG_TLS_D0B5A092.out and proofs/PK_TLS_D0B5A092.der
Signature verification succeeds
[TLS] Server time: 1620030602
[TLS] client_random  (32): DBEA460D24E2AF8D49FB128728689CBC43CA6E0C6E655CD9AECDED9D9C4632C3
[TLS] sign_hash (32): A79D251EA68DB9FF6E955064390917D705A076E20A519E84D48FB86DA02930C9
[TLS] Written transcript to proofs/MSG_TLS_DBEA460D.out, proofs/SIG_TLS_DBEA460D.out and proofs/PK_TLS_DBEA460D.der
Signature verification succeeds
[TLS] Server time: 1620030602
[TLS] client_random  (32): 498FCCC9A1C27FF9871CA9CA000DC5ABF4B6B4C1E5F56E618971107EA440E780
[TLS] sign_hash (32): 94565BA84C8298C44B044A059C798A42DD25D830BE32DC6AAABD9FFDF89DD529
[TLS] Written transcript to proofs/MSG_TLS_498FCCC9.out, proofs/SIG_TLS_498FCCC9.out and proofs/PK_TLS_498FCCC9.der
Signature verification succeeds
[TLS] Server time: 1620030602
[TLS] client_random  (32): 92C3A20A8E04BC7B91002B933396710D9AEA3A24581DFC65D11A751C3BC00A00
[TLS] sign_hash (32): 9EED040197894A53B7BF37CD71D5D3345FE837BAB3DE7B76384E51273E33C805
[TLS] Written transcript to proofs/MSG_TLS_92C3A20A.out, proofs/SIG_TLS_92C3A20A.out and proofs/PK_TLS_92C3A20A.der
Signature verification succeeds
[TLS] Server time: 1620030602
[TLS] client_random  (32): 021B4BC042DD3150E5B0524A6B4C84DD1B14E28467CA448985286F4F3E0131E7
[TLS] sign_hash (32): 685B52BA73328769246421B2E4A8DEE6647DE30B74451F2C3D322ABC032D0B02
[TLS] Written transcript to proofs/MSG_TLS_021B4BC0.out, proofs/SIG_TLS_021B4BC0.out and proofs/PK_TLS_021B4BC0.der
Signature verification succeeds
[TLS] Server time: 1620030602
[TLS] client_random  (32): 4255B2400B9864D72E7A21687CE3BE02A38474E583FC24A72ADA2363322C73C8
[TLS] sign_hash (32): EA2C4F46000F20D972A1282D5FAE8313C92620510217FFD44DCBAEF58FF3D544
[TLS] Written transcript to proofs/MSG_TLS_4255B240.out, proofs/SIG_TLS_4255B240.out and proofs/PK_TLS_4255B240.der
Signature verification succeeds
[TLS] Server time: 1620030602
[TLS] client_random  (32): F11A9ACC833FD6C3A7E8A7EDED71A94A0DC10B5D14A04A93DE88823857A99F72
[TLS] sign_hash (32): BEFCD56B9AF0EF93A9BBFE86AC6BC51AE0BD7C554D83F2322BEA61ACD38152BF
[TLS] Written transcript to proofs/MSG_TLS_F11A9ACC.out, proofs/SIG_TLS_F11A9ACC.out and proofs/PK_TLS_F11A9ACC.der
Signature verification succeeds
[TLS] Server time: 1620030602
[TLS] client_random  (32): D189ED040A554426B7D9B7ED0B2C026581C0CE1EF70B73F3F5DB9718D4E46184
[TLS] sign_hash (32): 1D31D4952398202C55221E0922F2663CAC3EBEFDA0B55AAEAE85A5F7C1EB0754
[TLS] Written transcript to proofs/MSG_TLS_D189ED04.out, proofs/SIG_TLS_D189ED04.out and proofs/PK_TLS_D189ED04.der
Signature verification succeeds
[TLS] Server time: 1620030602
[TLS] client_random  (32): 699281A79F081432C5702B7626354403953F8CC4ACA98AB51A2EF95C8573BABF
[TLS] sign_hash (32): FFD858FBF2182EF1ECC5C671E87827998D8B845B4636A8934511168B685D02AE
[TLS] Written transcript to proofs/MSG_TLS_699281A7.out, proofs/SIG_TLS_699281A7.out and proofs/PK_TLS_699281A7.der
Signature verification succeeds
[TLS] Server time: 1620030602
[TLS] client_random  (32): EC5EBA6066D8C18E4A833D980423F1E5E331C979E2B21EA1D68C94C66C2131D0
[TLS] sign_hash (32): B0B0661A4BF1B44B9322ED2DD86C4E23CE758542705D88B5076451016BD731B3
[TLS] Written transcript to proofs/MSG_TLS_EC5EBA60.out, proofs/SIG_TLS_EC5EBA60.out and proofs/PK_TLS_EC5EBA60.der
Signature verification succeeds
[TLS] Server time: 1620030602
[TLS] client_random  (32): 79D344A4E8C60E6626F002DE3E876E5920DAC68E8C29DD989B99D46DBDD416A3
[TLS] sign_hash (32): 3F9F1F982211285006CBEFA6B2F10E55B71A830B77D1900F03402C40DBBAB609
[TLS] Written transcript to proofs/MSG_TLS_79D344A4.out, proofs/SIG_TLS_79D344A4.out and proofs/PK_TLS_79D344A4.der
Signature verification succeeds
[TLS] Server time: 1620030602
[TLS] client_random  (32): C6361927A855A616D49590F4570A688094E9C75312858B01E524FA0FA858AFC4
[TLS] sign_hash (32): 29E6E60783E2C516C179ACDA0171299D1D790A0CCF79832ECD7B3AF5351A3B95
[TLS] Written transcript to proofs/MSG_TLS_C6361927.out, proofs/SIG_TLS_C6361927.out and proofs/PK_TLS_C6361927.der
Signature verification succeeds
[TLS] Server time: 1620030602
[TLS] client_random  (32): 20DC969723C788CEA0179BE11C2A17EB122CCA0E0851505F221D24AAB341D63B
[TLS] sign_hash (32): C7A3A4F12F87A3AB0C88930894BC0E61DF97D176EEFDE7C5DA2FA95286F11B18
[TLS] Written transcript to proofs/MSG_TLS_20DC9697.out, proofs/SIG_TLS_20DC9697.out and proofs/PK_TLS_20DC9697.der
Signature verification succeeds
[TLS] Server time: 1620030602
[TLS] client_random  (32): 151A4749177F63990FB41FA0595B66F060C190041CAE92BC812D5415B1C0ACB6
[TLS] sign_hash (32): 89A2D908DD04D16F2D9C975AA35DE95EB24319C467A25B4C04D3723547413183
[TLS] Written transcript to proofs/MSG_TLS_151A4749.out, proofs/SIG_TLS_151A4749.out and proofs/PK_TLS_151A4749.der
Signature verification succeeds
[TLS] Server time: 1620030602
[TLS] client_random  (32): 7F722DF1C8FAD4B339E859DB4D0B9E96451A56D81B60EA00D0A346942E470D4B
[TLS] sign_hash (32): 9E686F1184FDD56658A5C057927E83B4DFCFC328F30D973C8F4F52461972E918
[TLS] Written transcript to proofs/MSG_TLS_7F722DF1.out, proofs/SIG_TLS_7F722DF1.out and proofs/PK_TLS_7F722DF1.der
Signature verification succeeds
[TLS] Server time: 1620030602
[TLS] client_random  (32): C3CA04663F2DAE1D33B27F1DBB9C35B471EA604E296BCC3FABC51FE8EC667668
[TLS] sign_hash (32): 98D523A33D45781184315F1AFABE6401A03AFC9B3D007A5EC3EE4A58AC831A40
[TLS] Written transcript to proofs/MSG_TLS_C3CA0466.out, proofs/SIG_TLS_C3CA0466.out and proofs/PK_TLS_C3CA0466.der
Signature verification succeeds
[TLS] Server time: 1620030602
[TLS] client_random  (32): BA86E40223B7FEEFF55AA58E5C275BC4FC6A42FFA043360FC8C66781E56FEB83
[TLS] sign_hash (32): 0E44DDF82DBE8520828BEA041975CDD1FCD6CB758B309EF68EB7E66C06B384C7
[TLS] Written transcript to proofs/MSG_TLS_BA86E402.out, proofs/SIG_TLS_BA86E402.out and proofs/PK_TLS_BA86E402.der
Signature verification succeeds
[TLS] Server time: 1620030602
[TLS] client_random  (32): 6275F27CAF3862BC5991643BBE4DC178C6AEFE7E44C89AF467CCF0B03AEB9D5F
[TLS] sign_hash (32): 178EBB7E7A6D54247EC002925A8C47156E20B3790CAB9CCBD98802EEAA3166E1
[TLS] Written transcript to proofs/MSG_TLS_6275F27C.out, proofs/SIG_TLS_6275F27C.out and proofs/PK_TLS_6275F27C.der
Signature verification succeeds
[TLS] Server time: 1620030602
[TLS] client_random  (32): 225E47DB802FB771E5DAAE7CC50E4686F0AC5C225DF8FDA2C816E5FA32542AE5
[TLS] sign_hash (32): 826EC5292582B9746E056E4F6EA219336DEA34A5C581696B7A9FBC170933A13E
[TLS] Written transcript to proofs/MSG_TLS_225E47DB.out, proofs/SIG_TLS_225E47DB.out and proofs/PK_TLS_225E47DB.der
Signature verification succeeds
[TLS] Server time: 1620030602
[TLS] client_random  (32): 8B18505FFCCCCAC802530A435EF546F423336E368500ADA95461F245EC87D547
[TLS] sign_hash (32): 1767CB181B9B193E93D6CA10F93F2A1D1B0A75F014F23253D75DEFBF0ED93C47
[TLS] Written transcript to proofs/MSG_TLS_8B18505F.out, proofs/SIG_TLS_8B18505F.out and proofs/PK_TLS_8B18505F.der
Signature verification succeeds
[TLS] Server time: 1620030602
[TLS] client_random  (32): B9F109BF53DC35AD898DDF4757EB9FF00FB668177F82041A61906CECDC90BB77
[TLS] sign_hash (32): A36BF76EC58699DCD9B764D48FE9E3A70D2214D76401204A2C5226101B18E331
[TLS] Written transcript to proofs/MSG_TLS_B9F109BF.out, proofs/SIG_TLS_B9F109BF.out and proofs/PK_TLS_B9F109BF.der
Signature verification succeeds
[TLS] Server time: 1620030602
[TLS] client_random  (32): 86758B842C0F8524917E92CBF32B24DE6B7F237EA1F20E66526E7DA7790B39A5
[TLS] sign_hash (32): 4B3C04733ACD2AF72A4A49C7AFCE431BB92C22C57BA8F99FCD693FDADF2AADCA
[TLS] Written transcript to proofs/MSG_TLS_86758B84.out, proofs/SIG_TLS_86758B84.out and proofs/PK_TLS_86758B84.der
Signature verification succeeds
[TLS] Server time: 1620030602
[TLS] client_random  (32): 5A5C8CBB0967AD26196D8DEBAB906058C3974D6AB2994ADF6CB630BE50BAF6A1
[TLS] sign_hash (32): 08421949817298F55C02A6264935BCBA7715B54E16EB660C688582900A99FA91
[TLS] Written transcript to proofs/MSG_TLS_5A5C8CBB.out, proofs/SIG_TLS_5A5C8CBB.out and proofs/PK_TLS_5A5C8CBB.der
Signature verification succeeds
[TLS] Server time: 1620030602
[TLS] client_random  (32): FEF7AD1E0614232E7C724A7831C50FCB740023952547575FD7F870BF9F855784
[TLS] sign_hash (32): 4DAD9CA713477345B4F259AEB3F56DCD2E61BD8325FF27BDFB8316BA2AEE8519
[TLS] Written transcript to proofs/MSG_TLS_FEF7AD1E.out, proofs/SIG_TLS_FEF7AD1E.out and proofs/PK_TLS_FEF7AD1E.der
Signature verification succeeds
[TLS] Server time: 1620030602
[TLS] client_random  (32): 9311066ED9CEF6BEB63953A522F267226E400579755161524B15687B4CABB7EC
[TLS] sign_hash (32): F77FE839D5F4682DFB1DF973B830CDD4E6E7EE664AC68229C92D86E33EAA48C3
[TLS] Written transcript to proofs/MSG_TLS_9311066E.out, proofs/SIG_TLS_9311066E.out and proofs/PK_TLS_9311066E.der
Signature verification succeeds
[TLS] Server time: 1620030602
[TLS] client_random  (32): 0D590E13BB00251A9E7330454D1559E449CE93CA818315F6349D6A546F0AFD74
[TLS] sign_hash (32): 80F1283E1B0E93B78A990F0333F60B3E1A5F31CA957D166806A80A60DE066C01
[TLS] Written transcript to proofs/MSG_TLS_0D590E13.out, proofs/SIG_TLS_0D590E13.out and proofs/PK_TLS_0D590E13.der
Signature verification succeeds
[TLS] Server time: 1620030602
[TLS] client_random  (32): 41AF58B463763B01B30F208FB5D77D814CF2FC178425037F70C9B80F081C9C30
[TLS] sign_hash (32): F6C4430B24A1652A60ABF460831E2A1FC7143CB9979A02B234FB7856FC2F9F4D
[TLS] Written transcript to proofs/MSG_TLS_41AF58B4.out, proofs/SIG_TLS_41AF58B4.out and proofs/PK_TLS_41AF58B4.der
Signature verification succeeds
[TLS] Server time: 1620030602
[TLS] client_random  (32): 03D40EA3EAA2EF6E5A7B81F497C50CA7A0C60B16C47F23A33F5460A8D4DAB57F
[TLS] sign_hash (32): 33CA55E434AE9DF8975824F154497695F9DF0959701A5F8110E3C53CF5B8AB84
[TLS] Written transcript to proofs/MSG_TLS_03D40EA3.out, proofs/SIG_TLS_03D40EA3.out and proofs/PK_TLS_03D40EA3.der
Signature verification succeeds
[TLS] Server time: 1620030602
[TLS] client_random  (32): 9A34BAD83704A563E18142D1002B3F600E9931843ECAC03275A7CF89D18D46DE
[TLS] sign_hash (32): 6155425C7E10DEDC53FE3AE6DF9810E014B09D008061C16497FD6FE5FF2283C6
[TLS] Written transcript to proofs/MSG_TLS_9A34BAD8.out, proofs/SIG_TLS_9A34BAD8.out and proofs/PK_TLS_9A34BAD8.der
Signature verification succeeds
[TLS] Server time: 1620030602
[TLS] client_random  (32): EC43DED832B24667056277E1E487F7D3280E3C353A0BDEBA03022418747AD49F
[TLS] sign_hash (32): 167A060E0FADE11C38A522981E6C353D214640D59359F2BA1C98ACDE1C584ADC
[TLS] Written transcript to proofs/MSG_TLS_EC43DED8.out, proofs/SIG_TLS_EC43DED8.out and proofs/PK_TLS_EC43DED8.der
Signature verification succeeds
[TLS] Server time: 1620030602
[TLS] client_random  (32): 03290E507185F0C7229E2380CDA9D249686693204D66B019523CB0417FBA5B58
[TLS] sign_hash (32): 61D3AC9A4A5206B67BCF1C71E3267A58ADC154049F60D5ED9C316EC3A1968C69
[TLS] Written transcript to proofs/MSG_TLS_03290E50.out, proofs/SIG_TLS_03290E50.out and proofs/PK_TLS_03290E50.der
Signature verification succeeds
[TLS] Server time: 1620030602
[TLS] client_random  (32): 96F3BB2F3CFB9EC494F2E80F73A346E9C29D743F1140921FBEBE01761D43D44D
[TLS] sign_hash (32): FED7C060DDDF2D3BF01A089A32A86B2F888914EE9BF39FC0571B3024AAA2BAFB
[TLS] Written transcript to proofs/MSG_TLS_96F3BB2F.out, proofs/SIG_TLS_96F3BB2F.out and proofs/PK_TLS_96F3BB2F.der
Signature verification succeeds
[TLS] Server time: 1620030602
[TLS] client_random  (32): C268B6C8291D773CD1A2F04375E22F18FA7EF6C5F8FBD6867E6D9A8CE7FA7131
[TLS] sign_hash (32): 9FCCFFBA8848B29DF7190CEC88F2DB47C2D295DFB518A70626A3A48DA1964358
[TLS] Written transcript to proofs/MSG_TLS_C268B6C8.out, proofs/SIG_TLS_C268B6C8.out and proofs/PK_TLS_C268B6C8.der
Signature verification succeeds
[TLS] Server time: 1620030602
[TLS] client_random  (32): 2C8EFF1416695E9EC5CF90967E48F6A2F7A05298BDE529F5B259D171BA866BFD
[TLS] sign_hash (32): B238070E92BFA45F5E27E743CCD2606BA2C1581146B52A85E35AA690F913DE9E
[TLS] Written transcript to proofs/MSG_TLS_2C8EFF14.out, proofs/SIG_TLS_2C8EFF14.out and proofs/PK_TLS_2C8EFF14.der
Signature verification succeeds
[TLS] Server time: 1620030602
[TLS] client_random  (32): F2D513DD69D4C8038CEFEEC95E7ECD1D4408FBB7B8F299C2A433F077F228D289
[TLS] sign_hash (32): AC39433EB1F518850EF28605CFBE224B4E77B642022041E7E05A84D6BE8C0206
[TLS] Written transcript to proofs/MSG_TLS_F2D513DD.out, proofs/SIG_TLS_F2D513DD.out and proofs/PK_TLS_F2D513DD.der
Signature verification succeeds
[TLS] Server time: 1620030602
[TLS] client_random  (32): 36CCC7AC80EAF96DA60E3C5C03D2C8C51C536B0065F642863380BE4E617AA1A0
[TLS] sign_hash (32): 7F47F1DF44ED520BCE8CAA4B2ECEEF08288974CE86AA664381909D6C1443F0EF
[TLS] Written transcript to proofs/MSG_TLS_36CCC7AC.out, proofs/SIG_TLS_36CCC7AC.out and proofs/PK_TLS_36CCC7AC.der
Signature verification succeeds
[TLS] Server time: 1620030602
[TLS] client_random  (32): BCE51A1F125722293609B7CA30CE3A875E8DC62A6592A46D1D7FAFE307BD673D
[TLS] sign_hash (32): 194EB7E249852F9665BF7712A1480909D4FBBD4DB987917AAA65834B1DB33AC3
[TLS] Written transcript to proofs/MSG_TLS_BCE51A1F.out, proofs/SIG_TLS_BCE51A1F.out and proofs/PK_TLS_BCE51A1F.der
Signature verification succeeds
[TLS] Server time: 1620030602
[TLS] client_random  (32): 815122F5FA80E72790BEE0BB0ECD79C9FC40107B1C58B53B0D6802EAB2EC52DD
[TLS] sign_hash (32): 81BEF7918F5E157BBFF8274966D756AC0055E6B770AD59B26C1ECF5C37CA2E91
[TLS] Written transcript to proofs/MSG_TLS_815122F5.out, proofs/SIG_TLS_815122F5.out and proofs/PK_TLS_815122F5.der
Signature verification succeeds
Time breakdown (averages): anchor_ping:6.162622 file_read:0.148478 hashing:0.470896
Total time for 125 rounds is 853.923763ms
Standard deviations: anchor_ping:0.936163 file_read:0.013423 hashing:0.004851
[Client-side ops] mean:0.619374 sd:0.013736
in & out anchor rand written to proofs/phase1.out
     86 [TLS] Server time: 1620030601
     40 [TLS] Server time: 1620030602
Count is 86
Count is 40
success: 1
RESULT: 1 in 1 tries
