TLS anchor: holycross.ac.uk
Actual: 61, Set: 125
Beginning execution at Wed Apr 28 10:30:01 UTC 2021
CONF: anchor:holycross.ac.uk fs:1024MB n_rounds:125 seed:5c9f4bf9bbc15bb855f82faedc5a52fc3ab2dfa8ec3ba3ce1b270f31fa0cced2 filename:FILE bs:1024 nops:100 benchmarking:0 anchor_ping:1 queue_depth:32 direct:0
[TLS] Connecting to holycross.ac.uk
[TLS] Server time: 1619605802
[TLS] client_random  (32): 5C9F4BF9BBC15BB855F82FAEDC5A52FC3AB2DFA8EC3BA3CE1B270F31FA0CCED2
[TLS] sign_hash (32): 8C8192008C8723831C276D92E1451E7DEADBAA168961AE12EDCE4B51A81C81D5
[TLS] Written transcript to proofs/MSG_TLS_5C9F4BF9.out, proofs/SIG_TLS_5C9F4BF9.out and proofs/PK_TLS_5C9F4BF9.der
Signature verification succeeds
[TLS] Server time: 1619605802
[TLS] client_random  (32): B78C22552CD39233C13F9E1E5E1A8E346A80329C85D13DED8CF3738849A5A329
[TLS] sign_hash (32): 4EA343A5E47FCFC6F8BECE489F06A053D15CA92C0BE23DE545E8BA2DB6F5DA0A
[TLS] Written transcript to proofs/MSG_TLS_B78C2255.out, proofs/SIG_TLS_B78C2255.out and proofs/PK_TLS_B78C2255.der
Signature verification succeeds
[TLS] Server time: 1619605802
[TLS] client_random  (32): 3D06231D59628BC4664587C3C4A2273D009857E672289195491CA8780327DFF8
[TLS] sign_hash (32): BAA5B256265E7A128B69A4EE47AFEBBA58E7BC2F56291843C496D57AF0D202A3
[TLS] Written transcript to proofs/MSG_TLS_3D06231D.out, proofs/SIG_TLS_3D06231D.out and proofs/PK_TLS_3D06231D.der
Signature verification succeeds
[TLS] Server time: 1619605802
[TLS] client_random  (32): 21541AF73331CEB8F991A44FDFC33FD57455D317365E73C15D65B5C0C11455E4
[TLS] sign_hash (32): BF114814D376E1B32490E3096D156DF089554DDCD96B6A76F7FC2F5BEABD9018
[TLS] Written transcript to proofs/MSG_TLS_21541AF7.out, proofs/SIG_TLS_21541AF7.out and proofs/PK_TLS_21541AF7.der
Signature verification succeeds
[TLS] Server time: 1619605802
[TLS] client_random  (32): 052AB04D1EFF5CEA2B425FDF946993A588A61A218623C5717CB6C773CC644773
[TLS] sign_hash (32): 654E30B4749990A040CCDFE78B70BB8782183C4BB15E69CBF09A05BD6C6E96BE
[TLS] Written transcript to proofs/MSG_TLS_052AB04D.out, proofs/SIG_TLS_052AB04D.out and proofs/PK_TLS_052AB04D.der
Signature verification succeeds
[TLS] Server time: 1619605802
[TLS] client_random  (32): 15CCFEFECF9AAB61E16386AC5512CC144090272F230B744FD94F64CF25677F4E
[TLS] sign_hash (32): 016EB7E4EEECD9D0A21AA4F8BD4536062DAB5D243AFA440D9FB328BD038D1605
[TLS] Written transcript to proofs/MSG_TLS_15CCFEFE.out, proofs/SIG_TLS_15CCFEFE.out and proofs/PK_TLS_15CCFEFE.der
Signature verification succeeds
[TLS] Server time: 1619605802
[TLS] client_random  (32): 68AE20DC1DEB2D7CC8A01CCCE9E56F58B7AF1651E477B06C34AEC304585DEAA0
[TLS] sign_hash (32): E1C27269A987230AD2A177376D9C68EB78295944AFDB232E7AB8D74B6028EE1C
[TLS] Written transcript to proofs/MSG_TLS_68AE20DC.out, proofs/SIG_TLS_68AE20DC.out and proofs/PK_TLS_68AE20DC.der
Signature verification succeeds
[TLS] Server time: 1619605802
[TLS] client_random  (32): BC8239F16052561FF88953B5EAE5C4174399F778AF81715456490E817EB1069B
[TLS] sign_hash (32): 33A2249C4BAA4937066E1298E962918F44880108270388D3E1EE5F0F6063E6EE
[TLS] Written transcript to proofs/MSG_TLS_BC8239F1.out, proofs/SIG_TLS_BC8239F1.out and proofs/PK_TLS_BC8239F1.der
Signature verification succeeds
[TLS] Server time: 1619605802
[TLS] client_random  (32): 0774F1A14E1E49C10CA8173383FCC15CC83C4AC5DF0470F816C2646BBA616877
[TLS] sign_hash (32): FAACF172BFBE71BE241BE14CC621D5B2F28AAD97D6BB940965E72AB82FE804B3
[TLS] Written transcript to proofs/MSG_TLS_0774F1A1.out, proofs/SIG_TLS_0774F1A1.out and proofs/PK_TLS_0774F1A1.der
Signature verification succeeds
[TLS] Server time: 1619605802
[TLS] client_random  (32): 7F0C0357C088C87343FF32F0EF4CF21F213A65A3FF49A68203136C52EF544536
[TLS] sign_hash (32): C1DA5889174B62B1C1E5177152FEA1B4D1383D0A71221F62EC6084EE433261DA
[TLS] Written transcript to proofs/MSG_TLS_7F0C0357.out, proofs/SIG_TLS_7F0C0357.out and proofs/PK_TLS_7F0C0357.der
Signature verification succeeds
[TLS] Server time: 1619605802
[TLS] client_random  (32): 5E09D065F97F05764C7C9F8EFFFA9C63C7CC4D7DEB7375F3F2F3C94F3D2736D8
[TLS] sign_hash (32): B33DFEA3951534AF1A38E0EB6FC3BB371356384B8A72C1C3BC56B55CF2237138
[TLS] Written transcript to proofs/MSG_TLS_5E09D065.out, proofs/SIG_TLS_5E09D065.out and proofs/PK_TLS_5E09D065.der
Signature verification succeeds
[TLS] Server time: 1619605802
[TLS] client_random  (32): 0608BAFD41B545D35E1181208FAB1DF91AB5813C537BB7C1EC14B4431070DDB5
[TLS] sign_hash (32): 40661BEA3BF3BC546723BC34769C4E90FC4C915310BCA90A4E53E9163972BF8D
[TLS] Written transcript to proofs/MSG_TLS_0608BAFD.out, proofs/SIG_TLS_0608BAFD.out and proofs/PK_TLS_0608BAFD.der
Signature verification succeeds
[TLS] Server time: 1619605802
[TLS] client_random  (32): BFA711155FA2BB3A164A0C79C4B07C810F836CA73A7D6F414556D5A8BB145638
[TLS] sign_hash (32): C18CE9929A8A810CC6C276245783D22D5162E6ABB813B6DC2C9D9326D5219733
[TLS] Written transcript to proofs/MSG_TLS_BFA71115.out, proofs/SIG_TLS_BFA71115.out and proofs/PK_TLS_BFA71115.der
Signature verification succeeds
[TLS] Server time: 1619605802
[TLS] client_random  (32): E6D57DB03E0E30173992740FD1ACBC55B00F00FD26CEA5D9631CF1C3676AAFE0
[TLS] sign_hash (32): FB41CDE38F5C72CE3E38B827B133507553A5A3EF8DE78602A87127F51174ABA4
[TLS] Written transcript to proofs/MSG_TLS_E6D57DB0.out, proofs/SIG_TLS_E6D57DB0.out and proofs/PK_TLS_E6D57DB0.der
Signature verification succeeds
[TLS] Server time: 1619605802
[TLS] client_random  (32): 9D3D6ADB0BFE9E6515C3AF7D9192AA0B0F192756F5ABD825B033FE8BE83B0703
[TLS] sign_hash (32): E9E599A8A4DEAA82FC63D14386A5260CFF621CA17E4FBEEB08527F246373AC2B
[TLS] Written transcript to proofs/MSG_TLS_9D3D6ADB.out, proofs/SIG_TLS_9D3D6ADB.out and proofs/PK_TLS_9D3D6ADB.der
Signature verification succeeds
[TLS] Server time: 1619605802
[TLS] client_random  (32): 45DCE3D37F4C7636803FD417D18D523759A5F3BDEF4D399BB07F772B23EA82CC
[TLS] sign_hash (32): C9F1723D0DCA9F78C1959B6143030B026FF7C9748A76012DECDAA418AF9C0921
[TLS] Written transcript to proofs/MSG_TLS_45DCE3D3.out, proofs/SIG_TLS_45DCE3D3.out and proofs/PK_TLS_45DCE3D3.der
Signature verification succeeds
[TLS] Server time: 1619605802
[TLS] client_random  (32): 1DA40C056BF31A35D1089AA66A89167D076DF945CE7590CCE2467406814E8CB1
[TLS] sign_hash (32): 72544E19D498118618C56EB996FCC61E0A089794447BF5CC4170DADF808D9C57
[TLS] Written transcript to proofs/MSG_TLS_1DA40C05.out, proofs/SIG_TLS_1DA40C05.out and proofs/PK_TLS_1DA40C05.der
Signature verification succeeds
[TLS] Server time: 1619605802
[TLS] client_random  (32): 26E34297CBBB1D1030F0B3C748CB09FB6A766139AD11B11650FB11E15B09468F
[TLS] sign_hash (32): C55D66248C4B71BFCDC21D0891FE30BC529B7E681940E7FC75D13C4901193BAE
[TLS] Written transcript to proofs/MSG_TLS_26E34297.out, proofs/SIG_TLS_26E34297.out and proofs/PK_TLS_26E34297.der
Signature verification succeeds
[TLS] Server time: 1619605802
[TLS] client_random  (32): D9E01607B5A73D07BAF19FE1BDAB33DB083110C30CC0B7B7E285FC5FBF3C079F
[TLS] sign_hash (32): 1B5C07AEA7BC6968EEE18D7B9CE7ED8976CA4B4F4227DD02F46ADCC8E09C2C42
[TLS] Written transcript to proofs/MSG_TLS_D9E01607.out, proofs/SIG_TLS_D9E01607.out and proofs/PK_TLS_D9E01607.der
Signature verification succeeds
[TLS] Server time: 1619605802
[TLS] client_random  (32): 952FDDA2E3E86B3CCE735BE5E0011D52666447E53F886451E4943D5063C79F3D
[TLS] sign_hash (32): 8D9948EB27A70E8A32F6E765D99B11D107A9E6EDDCAE552A0781A4097B1E58B8
[TLS] Written transcript to proofs/MSG_TLS_952FDDA2.out, proofs/SIG_TLS_952FDDA2.out and proofs/PK_TLS_952FDDA2.der
Signature verification succeeds
[TLS] Server time: 1619605802
[TLS] client_random  (32): 31D24D273924685C8FC0E430F89D8DAC16A2A59298E6AF85C77AD9A1204D1E83
[TLS] sign_hash (32): 451E8FE766A539D8AFF90A2BC4288D5BA5D449C75AF1C0F05CB2A82783A60C42
[TLS] Written transcript to proofs/MSG_TLS_31D24D27.out, proofs/SIG_TLS_31D24D27.out and proofs/PK_TLS_31D24D27.der
Signature verification succeeds
[TLS] Server time: 1619605802
[TLS] client_random  (32): BB6F75F73DCC980C7BA8A3819C230AB03E0898879539B0DF55361C1A4041E04C
[TLS] sign_hash (32): A62F3EA35E8ABA7FB4096EC6BCFEEA7D574D2B819D0D1D06EC047DF649F9F137
[TLS] Written transcript to proofs/MSG_TLS_BB6F75F7.out, proofs/SIG_TLS_BB6F75F7.out and proofs/PK_TLS_BB6F75F7.der
Signature verification succeeds
[TLS] Server time: 1619605802
[TLS] client_random  (32): F6D3DF8815C20788ADE49C26D730EE714ED7E73E705A275AB8E3DF283D5F721D
[TLS] sign_hash (32): 09D9E5DB62FCA343CB2220FEC30FE97F85217DAEB48FDC845D560A5E75087FA4
[TLS] Written transcript to proofs/MSG_TLS_F6D3DF88.out, proofs/SIG_TLS_F6D3DF88.out and proofs/PK_TLS_F6D3DF88.der
Signature verification succeeds
[TLS] Server time: 1619605802
[TLS] client_random  (32): 3782E7CD1C2C48C91BC77DA882145332B996BBC769DA14EE487EE8FEFD86DDDF
[TLS] sign_hash (32): DF97B4C34331F91BE7E61FB47A1ACBFBB68D74F17B65337FD114BB8EB4C2E82F
[TLS] Written transcript to proofs/MSG_TLS_3782E7CD.out, proofs/SIG_TLS_3782E7CD.out and proofs/PK_TLS_3782E7CD.der
Signature verification succeeds
[TLS] Server time: 1619605802
[TLS] client_random  (32): D2524655A8C607629EF495C8D6BB168D69879A3094B7F426E02C70EBF8DC45B0
[TLS] sign_hash (32): 628C3F8A992984DE49F6798F0CF6CFD248A5F38877D250E3B84BFC7BF163CAF2
[TLS] Written transcript to proofs/MSG_TLS_D2524655.out, proofs/SIG_TLS_D2524655.out and proofs/PK_TLS_D2524655.der
Signature verification succeeds
[TLS] Server time: 1619605802
[TLS] client_random  (32): 45A8FF0776DED7C523B8BDA6A48400D85287AFB832A8851F4C7EADEFAE7D076A
[TLS] sign_hash (32): 6A2F5AADBFAB955E2A7440281EB381852BDE22C50B8C3F61402F755379301D85
[TLS] Written transcript to proofs/MSG_TLS_45A8FF07.out, proofs/SIG_TLS_45A8FF07.out and proofs/PK_TLS_45A8FF07.der
Signature verification succeeds
[TLS] Server time: 1619605802
[TLS] client_random  (32): ADDE1CD0FCBC6D40E750117CC229760E0A8C4FC4D9C03672289AABD68CF07A70
[TLS] sign_hash (32): FABDA9012DFC48F572A1269CF647E20B2D32B410FA5659B41A7984A95335369D
[TLS] Written transcript to proofs/MSG_TLS_ADDE1CD0.out, proofs/SIG_TLS_ADDE1CD0.out and proofs/PK_TLS_ADDE1CD0.der
Signature verification succeeds
[TLS] Server time: 1619605802
[TLS] client_random  (32): 6B2E9D120DFD5C9CA2FBC411AF5F63A78C30A9516E3F7600B800DC00F993AE54
[TLS] sign_hash (32): CAAB57C5D9DD68E1FAD87D54EAD2119F1A146E3B9E1864480A3BAC77A2FA74C6
[TLS] Written transcript to proofs/MSG_TLS_6B2E9D12.out, proofs/SIG_TLS_6B2E9D12.out and proofs/PK_TLS_6B2E9D12.der
Signature verification succeeds
[TLS] Server time: 1619605802
[TLS] client_random  (32): 4598D2775D83EAE7F473D8E529EBEB0D1902C353E8EF70896099FEA4C82B7E78
[TLS] sign_hash (32): 2E52E0D882477D37D6DCB714E03C32C1A3677C8796C8078A153F9B52A1791A31
[TLS] Written transcript to proofs/MSG_TLS_4598D277.out, proofs/SIG_TLS_4598D277.out and proofs/PK_TLS_4598D277.der
Signature verification succeeds
[TLS] Server time: 1619605802
[TLS] client_random  (32): E8330465D4A358D3F33EC1AD632950FD93763B36A6ACC062D30167D319B0C347
[TLS] sign_hash (32): A86D165877B2BCA02147D4F80BA965FF7380646873CAF9DD2CFA666BD3B0B687
[TLS] Written transcript to proofs/MSG_TLS_E8330465.out, proofs/SIG_TLS_E8330465.out and proofs/PK_TLS_E8330465.der
Signature verification succeeds
[TLS] Server time: 1619605802
[TLS] client_random  (32): BBEFD6FA1C491C6C19D744826C4EC2BB9D5C0D47132A6E00F97F7080F2B3CB16
[TLS] sign_hash (32): 130A9BD87B8F0F6996C5BA5F47DCB1B9C57C2A19F4107B331A8FBC205E85670E
[TLS] Written transcript to proofs/MSG_TLS_BBEFD6FA.out, proofs/SIG_TLS_BBEFD6FA.out and proofs/PK_TLS_BBEFD6FA.der
Signature verification succeeds
[TLS] Server time: 1619605802
[TLS] client_random  (32): EDC713B8419DA3947C3F4638F5C497775D259AFD3FF6D162D8FCC188B7809279
[TLS] sign_hash (32): F0DAC995D81A1CB654D3B4FAEEBA30AA4FC2519C91CC93B7BE6B7B9AC62F585B
[TLS] Written transcript to proofs/MSG_TLS_EDC713B8.out, proofs/SIG_TLS_EDC713B8.out and proofs/PK_TLS_EDC713B8.der
Signature verification succeeds
[TLS] Server time: 1619605802
[TLS] client_random  (32): 50160D73A40D61969C31F9A31052E84023D5C8FA1D609E478A7A65863A8C57FD
[TLS] sign_hash (32): A9804002030CA22902BF6C1C909C6F9F5AC8060770FE6BF0210A0EB358AB8248
[TLS] Written transcript to proofs/MSG_TLS_50160D73.out, proofs/SIG_TLS_50160D73.out and proofs/PK_TLS_50160D73.der
Signature verification succeeds
[TLS] Server time: 1619605802
[TLS] client_random  (32): 4BD1605FE133F74447DB652047D312190A2601193713F188A0297CB65943A5FB
[TLS] sign_hash (32): 3531707D18B8A5CD87DD2DD86A9AA4F02810E36D67BCC445B2DC2BEBC2C5D627
[TLS] Written transcript to proofs/MSG_TLS_4BD1605F.out, proofs/SIG_TLS_4BD1605F.out and proofs/PK_TLS_4BD1605F.der
Signature verification succeeds
[TLS] Server time: 1619605802
[TLS] client_random  (32): 714491EBC13DDE2790A008290033BDA5836AA022C9941E44CA8BC354156992CB
[TLS] sign_hash (32): F3529A0B63BD0AFC6A510F3BC0F2357A8CB03AC60BF7DA7B60FCCA500CB8B8D6
[TLS] Written transcript to proofs/MSG_TLS_714491EB.out, proofs/SIG_TLS_714491EB.out and proofs/PK_TLS_714491EB.der
Signature verification succeeds
[TLS] Server time: 1619605802
[TLS] client_random  (32): 698A9E8064D0321FF13F941317661155EA2041F69F12B867F6E2FB2FE6151D8A
[TLS] sign_hash (32): B0678BC8CA163533CC55C38604BBB510BBCBC3637AF7B3F337C51E9AD37C5501
[TLS] Written transcript to proofs/MSG_TLS_698A9E80.out, proofs/SIG_TLS_698A9E80.out and proofs/PK_TLS_698A9E80.der
Signature verification succeeds
[TLS] Server time: 1619605802
[TLS] client_random  (32): EA4036C69801B815B306AC4A4D1EDB9438E68BA80D3748B880CA268DA30E7638
[TLS] sign_hash (32): 5F06E82101E120F93FF3AD4714F656060B6ACE87236885B8FD7DBBFBD954D8F2
[TLS] Written transcript to proofs/MSG_TLS_EA4036C6.out, proofs/SIG_TLS_EA4036C6.out and proofs/PK_TLS_EA4036C6.der
Signature verification succeeds
[TLS] Server time: 1619605802
[TLS] client_random  (32): B1A1AAA969672C8FFDD4A91780B4164B6A71E1C43DE01544EF793288AA7D58EE
[TLS] sign_hash (32): 333F20D865AA2E767A732E59DFAEC5A0B1C1094AF822B3C0D89520C63F06A258
[TLS] Written transcript to proofs/MSG_TLS_B1A1AAA9.out, proofs/SIG_TLS_B1A1AAA9.out and proofs/PK_TLS_B1A1AAA9.der
Signature verification succeeds
[TLS] Server time: 1619605802
[TLS] client_random  (32): 278D6EFB8007C61A274A9CE9D7608737EAEC0875A94ECB4EE674ECAC004693D6
[TLS] sign_hash (32): 823DBA5A63CA1CA741FEAC128590E1436222DB366DC51AF4E0B814B79C732C3B
[TLS] Written transcript to proofs/MSG_TLS_278D6EFB.out, proofs/SIG_TLS_278D6EFB.out and proofs/PK_TLS_278D6EFB.der
Signature verification succeeds
[TLS] Server time: 1619605802
[TLS] client_random  (32): 780493A4E553AF55A2015293A1125D2A3554565D98FE09E5A8C96846D35498D8
[TLS] sign_hash (32): F74E621B588F42C74920FC500A56716D71B230247024CEDD220EE2F8FE6F0910
[TLS] Written transcript to proofs/MSG_TLS_780493A4.out, proofs/SIG_TLS_780493A4.out and proofs/PK_TLS_780493A4.der
Signature verification succeeds
[TLS] Server time: 1619605802
[TLS] client_random  (32): 9F6B84006C89D1BA1DDF500FC50C8BD8B2640C0E3FC61BF7E37D04D1B4B20699
[TLS] sign_hash (32): 21D134929B19CFF8C895D152B62634F1C73D9FF783E5D00261360743A64F9833
[TLS] Written transcript to proofs/MSG_TLS_9F6B8400.out, proofs/SIG_TLS_9F6B8400.out and proofs/PK_TLS_9F6B8400.der
Signature verification succeeds
[TLS] Server time: 1619605802
[TLS] client_random  (32): 796302D96AA0252EA806598EEEFCB438CAF18AE11060B13DF54BDE4BB2356DDA
[TLS] sign_hash (32): 6F9526CA6D6D6680AE08B07CF378842AD31A7DBACFA7DC049FD1B66C78D11820
[TLS] Written transcript to proofs/MSG_TLS_796302D9.out, proofs/SIG_TLS_796302D9.out and proofs/PK_TLS_796302D9.der
Signature verification succeeds
[TLS] Server time: 1619605802
[TLS] client_random  (32): 4FECDCB3807081818B8A292C52B951842A91BF7F88AEE9EC529EEC4F5D80F340
[TLS] sign_hash (32): DB2F6AEAA2E42A024ADAA613E197348FF91C3A6754F42197EE1C17EB380A407B
[TLS] Written transcript to proofs/MSG_TLS_4FECDCB3.out, proofs/SIG_TLS_4FECDCB3.out and proofs/PK_TLS_4FECDCB3.der
Signature verification succeeds
[TLS] Server time: 1619605802
[TLS] client_random  (32): EAC3E984197754E32DDFCB08CD4809B334AD102F5543725A1CFC989EF855C536
[TLS] sign_hash (32): A80F4A75428100DF859473C862396C77610D405E103518744ECB4FA4D7A65BE1
[TLS] Written transcript to proofs/MSG_TLS_EAC3E984.out, proofs/SIG_TLS_EAC3E984.out and proofs/PK_TLS_EAC3E984.der
Signature verification succeeds
[TLS] Server time: 1619605802
[TLS] client_random  (32): 2FF63EE7FAD2C7CD6C94AE3964F9AB71EA73DBDD9B8A216C4F5ACED4E3F492B1
[TLS] sign_hash (32): 55C4AD884240BA89CD282DFD93A43ADD5EFBCF50452E8CCE0EE4DBF13FB0F1CC
[TLS] Written transcript to proofs/MSG_TLS_2FF63EE7.out, proofs/SIG_TLS_2FF63EE7.out and proofs/PK_TLS_2FF63EE7.der
Signature verification succeeds
[TLS] Server time: 1619605802
[TLS] client_random  (32): BF961BE09F00086F03FE1718E06826F607995334D13C3E2342B0F32B644FC37B
[TLS] sign_hash (32): 1026CBA77A05AADF13684335212D8718EA1F1054E8BBDA905AD58FDE5AB5DFC4
[TLS] Written transcript to proofs/MSG_TLS_BF961BE0.out, proofs/SIG_TLS_BF961BE0.out and proofs/PK_TLS_BF961BE0.der
Signature verification succeeds
[TLS] Server time: 1619605802
[TLS] client_random  (32): BC60E4617F679AB1E76E62DF2F2B267BF7721FFB5262458393A833AC0401E0B2
[TLS] sign_hash (32): F2AEAAB8352C81D3F8780167810D56551D8BA5705F105226BD75EA84982CE2DE
[TLS] Written transcript to proofs/MSG_TLS_BC60E461.out, proofs/SIG_TLS_BC60E461.out and proofs/PK_TLS_BC60E461.der
Signature verification succeeds
[TLS] Server time: 1619605802
[TLS] client_random  (32): 2BE9FD37D1F04251214A638A5B88CF001ABD6ACCD39887F696CE16748D8DC402
[TLS] sign_hash (32): A3F687FEC9BEBE17C49FA37F83BAEFD5AB15F07B628E784F054A78D4B5096CAB
[TLS] Written transcript to proofs/MSG_TLS_2BE9FD37.out, proofs/SIG_TLS_2BE9FD37.out and proofs/PK_TLS_2BE9FD37.der
Signature verification succeeds
[TLS] Server time: 1619605802
[TLS] client_random  (32): A2B205A8018ECED4DDFD74BA670B7A4F2D205714598D51C58047C5F22CA53364
[TLS] sign_hash (32): C1AF4DF60DD1D5D6863EA254D208A4AAAC0202707123442967F3D509E62D5D6B
[TLS] Written transcript to proofs/MSG_TLS_A2B205A8.out, proofs/SIG_TLS_A2B205A8.out and proofs/PK_TLS_A2B205A8.der
Signature verification succeeds
[TLS] Server time: 1619605802
[TLS] client_random  (32): B4234CD0C83E48066A09FD2EFD98D45140B4E9CD2886AEEBFDB4A0AEED158564
[TLS] sign_hash (32): E618FD33FB766E4AA152FF059A02FFD872383D9141AF389EA2509102C80B7D73
[TLS] Written transcript to proofs/MSG_TLS_B4234CD0.out, proofs/SIG_TLS_B4234CD0.out and proofs/PK_TLS_B4234CD0.der
Signature verification succeeds
[TLS] Server time: 1619605802
[TLS] client_random  (32): 8AD65458151723301C7FF5EAD228E5A48787DF4F077AA87CB704F45C07E011C6
[TLS] sign_hash (32): 2C337CFAF079D0A8379C083C02122095DE7D064A17D5ACB37587AAECD97C470E
[TLS] Written transcript to proofs/MSG_TLS_8AD65458.out, proofs/SIG_TLS_8AD65458.out and proofs/PK_TLS_8AD65458.der
Signature verification succeeds
[TLS] Server time: 1619605802
[TLS] client_random  (32): 20BA445FB3FF1E368FD0875A01C54513AD1639D69E8019C722B65F1F4EF678D0
[TLS] sign_hash (32): DFD7A1536412DE77209CD8F2CF5D832E07D51ABB3A80BA2EB61ABF8E5D53C9C1
[TLS] Written transcript to proofs/MSG_TLS_20BA445F.out, proofs/SIG_TLS_20BA445F.out and proofs/PK_TLS_20BA445F.der
Signature verification succeeds
[TLS] Server time: 1619605802
[TLS] client_random  (32): 4E0E4BA135588143C7919F34214E7323FB879D4E235CE8D1FD23D21A1F90086F
[TLS] sign_hash (32): 637366EA1B1E6CB9DCB6373A62C3B55CAE6F4F0E9D29CCCF0566088E86F312E3
[TLS] Written transcript to proofs/MSG_TLS_4E0E4BA1.out, proofs/SIG_TLS_4E0E4BA1.out and proofs/PK_TLS_4E0E4BA1.der
Signature verification succeeds
[TLS] Server time: 1619605802
[TLS] client_random  (32): 2FEA85F04399E28F9DC547696CFFC6C7EC0CA5FAAF1FB05A5F55FD19F93D2529
[TLS] sign_hash (32): 44F4D03197C00A9E4719B85B20DCBC1ACCDAB7487A32B5ED5DA2E3D7EEC242CF
[TLS] Written transcript to proofs/MSG_TLS_2FEA85F0.out, proofs/SIG_TLS_2FEA85F0.out and proofs/PK_TLS_2FEA85F0.der
Signature verification succeeds
[TLS] Server time: 1619605802
[TLS] client_random  (32): 33F6C1AE317B313D823ABFD030CCD937CC3578C941EEF23D6783C917D3184227
[TLS] sign_hash (32): 306D800C140B6F9F73AC073AF9932B08E242A7AE40A7BD11745EE63CB662BF17
[TLS] Written transcript to proofs/MSG_TLS_33F6C1AE.out, proofs/SIG_TLS_33F6C1AE.out and proofs/PK_TLS_33F6C1AE.der
Signature verification succeeds
[TLS] Server time: 1619605802
[TLS] client_random  (32): 1DD73F294C6A9D36AE8F50E9D09FED42278A5D125A91E6F4F5550394596AA4D7
[TLS] sign_hash (32): F19438A2EBD07FD26F1CD29536D972F9348AB4C3829EF3AE43627EFA1CB3469C
[TLS] Written transcript to proofs/MSG_TLS_1DD73F29.out, proofs/SIG_TLS_1DD73F29.out and proofs/PK_TLS_1DD73F29.der
Signature verification succeeds
[TLS] Server time: 1619605802
[TLS] client_random  (32): C053323872442189315ED21A52B5DFFCA002E2FF28DCFA6330AD940A526FB84F
[TLS] sign_hash (32): 62649E42CFF0DFD24EC0DCAD5B431C37CEC8D98206E44FA2FCD11583D8105985
[TLS] Written transcript to proofs/MSG_TLS_C0533238.out, proofs/SIG_TLS_C0533238.out and proofs/PK_TLS_C0533238.der
Signature verification succeeds
[TLS] Server time: 1619605802
[TLS] client_random  (32): BB8235CA444289F87D982B60962FC600118B0C0176D23521697542F893FF7058
[TLS] sign_hash (32): B3CEF36D48715C8EEAC736DF35B3AB0091168C0A4DBEFEE4D5709982C3B20AEA
[TLS] Written transcript to proofs/MSG_TLS_BB8235CA.out, proofs/SIG_TLS_BB8235CA.out and proofs/PK_TLS_BB8235CA.der
Signature verification succeeds
[TLS] Server time: 1619605802
[TLS] client_random  (32): B4D2255498F8F3B7FDE1DF398DF48A427B64BB9BA4DF28DADBB74FBC7B2BFB95
[TLS] sign_hash (32): AA0DAFCAC52F9F4E15EA9FDC2D40D9E5990F7BE3F79EEB8F71E52CF30A2B4F7A
[TLS] Written transcript to proofs/MSG_TLS_B4D22554.out, proofs/SIG_TLS_B4D22554.out and proofs/PK_TLS_B4D22554.der
Signature verification succeeds
[TLS] Server time: 1619605802
[TLS] client_random  (32): 38E3143C18CFAE9187498C3110BB079D1196DE97627B5595EA806B1A1958162D
[TLS] sign_hash (32): EC056AE6E6EEA5CAE8995D6532369F03C498854F37F45BB5E876E058E5FC99B8
[TLS] Written transcript to proofs/MSG_TLS_38E3143C.out, proofs/SIG_TLS_38E3143C.out and proofs/PK_TLS_38E3143C.der
Signature verification succeeds
[TLS] Server time: 1619605802
[TLS] client_random  (32): 65DD33FF103ABB989BCF62DDA03F4CA676EC4F9C5130407E93BC15942217F008
[TLS] sign_hash (32): BE396BF5B6B9A5108BC02C9D845AC65D7C379B62F510EB4C69B1CF5EA606B91B
[TLS] Written transcript to proofs/MSG_TLS_65DD33FF.out, proofs/SIG_TLS_65DD33FF.out and proofs/PK_TLS_65DD33FF.der
Signature verification succeeds
[TLS] Server time: 1619605802
[TLS] client_random  (32): AA9E3D903F63CE765AAE9F097F5B413A71B7EE358F8A31966418AF94E5E040BC
[TLS] sign_hash (32): 69A00C0ED4E5ABB8325C5340EC88C910FC056A58A7C2C9F7CD106F27CE76BD55
[TLS] Written transcript to proofs/MSG_TLS_AA9E3D90.out, proofs/SIG_TLS_AA9E3D90.out and proofs/PK_TLS_AA9E3D90.der
Signature verification succeeds
[TLS] Server time: 1619605802
[TLS] client_random  (32): 81688E0FB284DD033F5F2AAD9A4C68CE8F8B7A6A5B98D1EF15EDCC1B53F4ED14
[TLS] sign_hash (32): 26A7EB6FF67BC22779AC99A6253670E6A6F350FF9D9F8A7E8B621CDB62DF5718
[TLS] Written transcript to proofs/MSG_TLS_81688E0F.out, proofs/SIG_TLS_81688E0F.out and proofs/PK_TLS_81688E0F.der
Signature verification succeeds
[TLS] Server time: 1619605802
[TLS] client_random  (32): 3FB7B320C7DD8F9C3DC2E6F8CA8334E017F9CD1CB4C290F415BA052FE55B9B14
[TLS] sign_hash (32): 6BE3148410DAE3D0CD820F5A6DCA8042B23CD8BBCECD68DB51A0F27979F92772
[TLS] Written transcript to proofs/MSG_TLS_3FB7B320.out, proofs/SIG_TLS_3FB7B320.out and proofs/PK_TLS_3FB7B320.der
Signature verification succeeds
[TLS] Server time: 1619605802
[TLS] client_random  (32): CE944A90E6232AFB9524268CE77485A0CA8911988770C61C7F99B76CCFBE1332
[TLS] sign_hash (32): 87E74CF5B3930218E7539E6B18BF2B2A0EA164A9BF32A7425AD27C2DCC8B8B93
[TLS] Written transcript to proofs/MSG_TLS_CE944A90.out, proofs/SIG_TLS_CE944A90.out and proofs/PK_TLS_CE944A90.der
Signature verification succeeds
[TLS] Server time: 1619605802
[TLS] client_random  (32): EABFECD5F643C173CEC335D8B7E0CA64F884EFAAB393634CF10DE7C3018D38C0
[TLS] sign_hash (32): BDCA4DD26AE9CE5F072B1B1883A30CCAD44ED3033C211CF92DCE90F02FCA6B0F
[TLS] Written transcript to proofs/MSG_TLS_EABFECD5.out, proofs/SIG_TLS_EABFECD5.out and proofs/PK_TLS_EABFECD5.der
Signature verification succeeds
[TLS] Server time: 1619605802
[TLS] client_random  (32): FF571DE191A46CABB992047929F112389DEED90AC4D907E96356600611A87F0D
[TLS] sign_hash (32): 79ACDFBE0341409057B8561735620C9AD0CF84B3DE5FE7E47CE07E846A566C55
[TLS] Written transcript to proofs/MSG_TLS_FF571DE1.out, proofs/SIG_TLS_FF571DE1.out and proofs/PK_TLS_FF571DE1.der
Signature verification succeeds
[TLS] Server time: 1619605802
[TLS] client_random  (32): BD6B5E4D60F0C078B4952B792E45A390CAB5B2A58FC0179FE9085F62FB59A2FA
[TLS] sign_hash (32): 3AE282BC1C135579C135A4A3FD171ED636466A9F14198E503BC061E0D0637AF7
[TLS] Written transcript to proofs/MSG_TLS_BD6B5E4D.out, proofs/SIG_TLS_BD6B5E4D.out and proofs/PK_TLS_BD6B5E4D.der
Signature verification succeeds
[TLS] Server time: 1619605802
[TLS] client_random  (32): 50E0C16CD580A37D3B6B81E455ABBAA8F8F60221DC8D3718E1E74486298A61F4
[TLS] sign_hash (32): 9EBB98A1E13BDE3D4719BED2D225646D2215A156CA8D7D83BC7A9DBCDE31760B
[TLS] Written transcript to proofs/MSG_TLS_50E0C16C.out, proofs/SIG_TLS_50E0C16C.out and proofs/PK_TLS_50E0C16C.der
Signature verification succeeds
[TLS] Server time: 1619605802
[TLS] client_random  (32): 49BC9581B8FDFF844581701EECA0EABF9D75B68E4E71666530338FCFB35BE1A4
[TLS] sign_hash (32): B5B62B7EBF13F51703BB7FF0B222BEAE6FE842BA7D8FF7BFFEB6CFD4F9B6E050
[TLS] Written transcript to proofs/MSG_TLS_49BC9581.out, proofs/SIG_TLS_49BC9581.out and proofs/PK_TLS_49BC9581.der
Signature verification succeeds
[TLS] Server time: 1619605802
[TLS] client_random  (32): FD5AE609324B3380DD0D91D0E34077A01D017553E96EFADA973C7BCDFC02C29F
[TLS] sign_hash (32): A1CF531F09799D255ED0F43E279A99A6292873178E00A3C589B8236A3F03582B
[TLS] Written transcript to proofs/MSG_TLS_FD5AE609.out, proofs/SIG_TLS_FD5AE609.out and proofs/PK_TLS_FD5AE609.der
Signature verification succeeds
[TLS] Server time: 1619605802
[TLS] client_random  (32): A1604F1BF14007897D4FEF2400DD5C483DA32738735A217B865FB567F013B364
[TLS] sign_hash (32): B31CE3C6A396B3B1DAD09D9E3871938742D4BF56B32A2F01B2A53B609DB5ADF9
[TLS] Written transcript to proofs/MSG_TLS_A1604F1B.out, proofs/SIG_TLS_A1604F1B.out and proofs/PK_TLS_A1604F1B.der
Signature verification succeeds
[TLS] Server time: 1619605802
[TLS] client_random  (32): 40FB0A48C0E272162EFFD0290251B5E0CA3D0D406F4B2651CEA1D5E22A62F277
[TLS] sign_hash (32): E0FE8C0DC31484C2360252C2CF065BB94C2F970949C3A799C0ACF1CDA6F7C939
[TLS] Written transcript to proofs/MSG_TLS_40FB0A48.out, proofs/SIG_TLS_40FB0A48.out and proofs/PK_TLS_40FB0A48.der
Signature verification succeeds
[TLS] Server time: 1619605802
[TLS] client_random  (32): 70E7A552E9C8F93FB4F1064318DC21220769F10CD8DA5CF6C55061833E116CB1
[TLS] sign_hash (32): 4DB6229E9738CCC79550EAAE377081CCDE76CDEEDB785177F31F72A11A1A6375
[TLS] Written transcript to proofs/MSG_TLS_70E7A552.out, proofs/SIG_TLS_70E7A552.out and proofs/PK_TLS_70E7A552.der
Signature verification succeeds
[TLS] Server time: 1619605802
[TLS] client_random  (32): 6948409A044B4F2B60B4306EBE2E99B93A1AABABECC069E23553840F7946977F
[TLS] sign_hash (32): C5B5C6D90268A560660BF775D43242CC997EC66E29E129B2EEDBD65C674C141C
[TLS] Written transcript to proofs/MSG_TLS_6948409A.out, proofs/SIG_TLS_6948409A.out and proofs/PK_TLS_6948409A.der
Signature verification succeeds
[TLS] Server time: 1619605802
[TLS] client_random  (32): 6660D8A2189667581A9FA656857B2AA294C8F3B1FBA18336B7113E3750CBB1D6
[TLS] sign_hash (32): 3AB00E1D8E1B943BAA66A2D9D8A5A36526B2B066B6010CFC3022885023F02F4B
[TLS] Written transcript to proofs/MSG_TLS_6660D8A2.out, proofs/SIG_TLS_6660D8A2.out and proofs/PK_TLS_6660D8A2.der
Signature verification succeeds
[TLS] Server time: 1619605802
[TLS] client_random  (32): 0BC8C81CCE0634BAEA192C2F243A269A74A0A00D1DF6AAAF4950BBE4C68703FF
[TLS] sign_hash (32): 3EE67042FDE1431DB880291CE6E74C8D2538CDCCAB586A14AF6324CA18490C8F
[TLS] Written transcript to proofs/MSG_TLS_0BC8C81C.out, proofs/SIG_TLS_0BC8C81C.out and proofs/PK_TLS_0BC8C81C.der
Signature verification succeeds
[TLS] Server time: 1619605802
[TLS] client_random  (32): 4223917D0A249F4BC2990DBC196162EDAB9BA217816849493AF821EDB800235B
[TLS] sign_hash (32): AFCE5A231EB890C23BF399B3FC5EEC073677A07EF6AAAD1BC1F371FB2CB46592
[TLS] Written transcript to proofs/MSG_TLS_4223917D.out, proofs/SIG_TLS_4223917D.out and proofs/PK_TLS_4223917D.der
Signature verification succeeds
[TLS] Server time: 1619605802
[TLS] client_random  (32): 469C5ACACC7ED696C9093231C0F5753200C7F90928A2A2985E2727CA2824DA02
[TLS] sign_hash (32): CCF6925B9608AB4CBD0968875BC2911230FB66FB168B9B77FE8AF58D5175A210
[TLS] Written transcript to proofs/MSG_TLS_469C5ACA.out, proofs/SIG_TLS_469C5ACA.out and proofs/PK_TLS_469C5ACA.der
Signature verification succeeds
[TLS] Server time: 1619605802
[TLS] client_random  (32): 5BD920C77F0878245DDC863942866BED461D782CA823254F8E680C5DCD5E61D1
[TLS] sign_hash (32): 436E5B622CC60ED7B2A6F021313ADABB050CD4E0EFE60622C5705B6FF76F39BA
[TLS] Written transcript to proofs/MSG_TLS_5BD920C7.out, proofs/SIG_TLS_5BD920C7.out and proofs/PK_TLS_5BD920C7.der
Signature verification succeeds
[TLS] Server time: 1619605802
[TLS] client_random  (32): 59EE8C93C28A47E22E2C8C442A6745C96B30573C0664974C66C129FCBF3220BB
[TLS] sign_hash (32): CB10AE8BEF147EACA52EA13C260486A78FB28CDF53D18F81C53217EF9CBAC8DC
[TLS] Written transcript to proofs/MSG_TLS_59EE8C93.out, proofs/SIG_TLS_59EE8C93.out and proofs/PK_TLS_59EE8C93.der
Signature verification succeeds
[TLS] Server time: 1619605802
[TLS] client_random  (32): 889B99A9DFD4A60AB4DE509317FC1E7E7B170CF3BDE4DB97CC0ED38077EF2C18
[TLS] sign_hash (32): 1C5B3396685B8D38583DD1E7621C5106E1C3BA74AC40C8667B282426C070F8D7
[TLS] Written transcript to proofs/MSG_TLS_889B99A9.out, proofs/SIG_TLS_889B99A9.out and proofs/PK_TLS_889B99A9.der
Signature verification succeeds
[TLS] Server time: 1619605802
[TLS] client_random  (32): 5C6B13164282A9A26AB443D8977979D14321AD0064B0EACC63446D066CCFDBD7
[TLS] sign_hash (32): 2AB6304919134A68A6ADEA6EB2D0D4D1E3104F92384FD6183A6DA1542AFB2ED9
[TLS] Written transcript to proofs/MSG_TLS_5C6B1316.out, proofs/SIG_TLS_5C6B1316.out and proofs/PK_TLS_5C6B1316.der
Signature verification succeeds
[TLS] Server time: 1619605802
[TLS] client_random  (32): 6C301FB9A141957A1B8A9B6C85E0ED85DAEEB5CE5A9F10B0CF6796D5791C9092
[TLS] sign_hash (32): 6C1B1F80D2A9ADEFB98212761321155B25A0DC66DA112065A70D7165C5E72CED
[TLS] Written transcript to proofs/MSG_TLS_6C301FB9.out, proofs/SIG_TLS_6C301FB9.out and proofs/PK_TLS_6C301FB9.der
Signature verification succeeds
[TLS] Server time: 1619605802
[TLS] client_random  (32): AD5B987C2FE17AD4C2370A8F31F064FB798189647B2AABC717B6E81E1F2E3666
[TLS] sign_hash (32): 38E6372F26E339DA4C9270DE0CBBE7C76CDD7C1AEB86930B91D7BFA706EFF5DB
[TLS] Written transcript to proofs/MSG_TLS_AD5B987C.out, proofs/SIG_TLS_AD5B987C.out and proofs/PK_TLS_AD5B987C.der
Signature verification succeeds
[TLS] Server time: 1619605802
[TLS] client_random  (32): 6B60AC27EDC6789B8027FD9288C1CF8C4AD4D8B31B16B7339D000C620FD18D49
[TLS] sign_hash (32): 005D7C35FFB1BE66A5077B1AA69A31EC11A2ACCD639F25C73EFF6569E6E48CA0
[TLS] Written transcript to proofs/MSG_TLS_6B60AC27.out, proofs/SIG_TLS_6B60AC27.out and proofs/PK_TLS_6B60AC27.der
Signature verification succeeds
[TLS] Server time: 1619605802
[TLS] client_random  (32): B724200776DDF4736095F749E21EF40C9A918F1FE67F79D3087B30A5B7E4813D
[TLS] sign_hash (32): CA37329B87E04BC0118D0CA348B583C375E7C32C3EFDF76DE243392C4A9073C1
[TLS] Written transcript to proofs/MSG_TLS_B7242007.out, proofs/SIG_TLS_B7242007.out and proofs/PK_TLS_B7242007.der
Signature verification succeeds
[TLS] Server time: 1619605802
[TLS] client_random  (32): 7F2B456CDAC41B2B6834675AFFB07548CB01727AC5A08B48CEFDA09E76DCEDA1
[TLS] sign_hash (32): 44F2922A3E5F6E3317C51E5E6EBE243F26663953EE163022E6CAFD1DE544A5A7
[TLS] Written transcript to proofs/MSG_TLS_7F2B456C.out, proofs/SIG_TLS_7F2B456C.out and proofs/PK_TLS_7F2B456C.der
Signature verification succeeds
[TLS] Server time: 1619605802
[TLS] client_random  (32): 2DC4B13732665F8EBC3435727270B7CCDFD13F53BE4EE68EC47727FD0226E2EA
[TLS] sign_hash (32): D78BF12DA72C3BD824E9ED08A92A9CE13884AB8D20A63760A05599FE7CCB8643
[TLS] Written transcript to proofs/MSG_TLS_2DC4B137.out, proofs/SIG_TLS_2DC4B137.out and proofs/PK_TLS_2DC4B137.der
Signature verification succeeds
[TLS] Server time: 1619605802
[TLS] client_random  (32): 62E12D0AF37CFB11A95054BB032BAC169FD341819879159FFB527305B960E956
[TLS] sign_hash (32): 79DB7D6F7AF4608DF4A8EDAB13222AF2483F2F182B201A5618652A9430C594F9
[TLS] Written transcript to proofs/MSG_TLS_62E12D0A.out, proofs/SIG_TLS_62E12D0A.out and proofs/PK_TLS_62E12D0A.der
Signature verification succeeds
[TLS] Server time: 1619605802
[TLS] client_random  (32): 2C5BCADB5A7AB561822F9E41FBC1098E62EC9404FD84BB26C38E4ED12008927C
[TLS] sign_hash (32): FE067FD99253E6BEBF8AE629A5305624E76ED432256635638F4BF235931EE74A
[TLS] Written transcript to proofs/MSG_TLS_2C5BCADB.out, proofs/SIG_TLS_2C5BCADB.out and proofs/PK_TLS_2C5BCADB.der
Signature verification succeeds
[TLS] Server time: 1619605802
[TLS] client_random  (32): 906F180E4313F998F9DF83EC78A5F6ED92F8BA5DB3AE4F0E7269868A2E8248DF
[TLS] sign_hash (32): 5A0B5A79669FBFE73924C96E8EC54973269C7536952161657FAB658CAB795FB3
[TLS] Written transcript to proofs/MSG_TLS_906F180E.out, proofs/SIG_TLS_906F180E.out and proofs/PK_TLS_906F180E.der
Signature verification succeeds
[TLS] Server time: 1619605802
[TLS] client_random  (32): 471C961851B7B54D02797128E8266EF4F92BC821F76521F0F8B86F131204E8C1
[TLS] sign_hash (32): 61807C3ED011D4D2D23DCBB8CCC18C4B99750BB67EEAAEED2073C3A7C8E09BAF
[TLS] Written transcript to proofs/MSG_TLS_471C9618.out, proofs/SIG_TLS_471C9618.out and proofs/PK_TLS_471C9618.der
Signature verification succeeds
[TLS] Server time: 1619605802
[TLS] client_random  (32): 50A2FAF353D64F64690CBA530EFE8498849471A1723471719C208CED372B4CC8
[TLS] sign_hash (32): C32B41A7F1BED5E695528B09165F8B4866A4AF8AC20D4163D9C5A75C7A014BED
[TLS] Written transcript to proofs/MSG_TLS_50A2FAF3.out, proofs/SIG_TLS_50A2FAF3.out and proofs/PK_TLS_50A2FAF3.der
Signature verification succeeds
[TLS] Server time: 1619605802
[TLS] client_random  (32): 901B630FF0947B1B5F790BE370386956A4320701F3981669CA9F7F5A02C04345
[TLS] sign_hash (32): CFD4ACF4A8B053009D966F9ADB2403CDA5B973D01F8F55A8C3F6FC1C8ACB246C
[TLS] Written transcript to proofs/MSG_TLS_901B630F.out, proofs/SIG_TLS_901B630F.out and proofs/PK_TLS_901B630F.der
Signature verification succeeds
[TLS] Server time: 1619605802
[TLS] client_random  (32): C41A9EB4CD0A243B8B4EA8545B3553555C1CDF551A4B3874C657C57E70EDA9B7
[TLS] sign_hash (32): C9184655D4BDC0D1D9571BB7302BBA6DB043C0BE68629B11459F4E57F66683B5
[TLS] Written transcript to proofs/MSG_TLS_C41A9EB4.out, proofs/SIG_TLS_C41A9EB4.out and proofs/PK_TLS_C41A9EB4.der
Signature verification succeeds
[TLS] Server time: 1619605802
[TLS] client_random  (32): 830C3B85DDA432D58A15CC0C1287B0AE784F8D958CC59CEADB43E846E2E73ACB
[TLS] sign_hash (32): A04497736F3FB0D13BB59EBFE1A80C5E71AA57F9ED950B34C0137AC32EB5E148
[TLS] Written transcript to proofs/MSG_TLS_830C3B85.out, proofs/SIG_TLS_830C3B85.out and proofs/PK_TLS_830C3B85.der
Signature verification succeeds
[TLS] Server time: 1619605802
[TLS] client_random  (32): DC74028899D52A67F136B5F96BB49E28F56E2AA34E04ADD0CA3A132F6EE01508
[TLS] sign_hash (32): 671696EA03DE2EA4FC550FAEB74C457DD91A97E0A0BD7D87DDFD4A467A6F871A
[TLS] Written transcript to proofs/MSG_TLS_DC740288.out, proofs/SIG_TLS_DC740288.out and proofs/PK_TLS_DC740288.der
Signature verification succeeds
[TLS] Server time: 1619605802
[TLS] client_random  (32): 75231CD7D19E90303A758C486C45207CD0202012BC852B4D06E091DB2837FE71
[TLS] sign_hash (32): BF3B7DE241BC8CEDDC08CACCD38AE42237112D333E7BE91D6BF91B6F1592D12D
[TLS] Written transcript to proofs/MSG_TLS_75231CD7.out, proofs/SIG_TLS_75231CD7.out and proofs/PK_TLS_75231CD7.der
Signature verification succeeds
[TLS] Server time: 1619605802
[TLS] client_random  (32): D761EA72A54E44AB42A97A87EEA4DA1612B351ECBADD13C5D853ECAAB313B902
[TLS] sign_hash (32): 269B94736DEBDC43A6B0ED7A1DE83FC30CF75A200C233CA61562113B3D04C599
[TLS] Written transcript to proofs/MSG_TLS_D761EA72.out, proofs/SIG_TLS_D761EA72.out and proofs/PK_TLS_D761EA72.der
Signature verification succeeds
[TLS] Server time: 1619605802
[TLS] client_random  (32): 9513B480B51B42365F4E8131A9CCECF573A4E59DD79B3DD81EA3B0E72A2590FA
[TLS] sign_hash (32): 65F100BE8F3835E5EC25820857083A636F8BD0C70C4CDEEEA7DA01609E5828A1
[TLS] Written transcript to proofs/MSG_TLS_9513B480.out, proofs/SIG_TLS_9513B480.out and proofs/PK_TLS_9513B480.der
Signature verification succeeds
[TLS] Server time: 1619605802
[TLS] client_random  (32): DF4910E9DCFDB639FC11B65346CB5FB23057F09F2327C95BD164469AB6539A39
[TLS] sign_hash (32): F3D6173B7C3E0DFC89C89436065654EEF99B50E6B839FBD8ACD9BAD4CCE7B05D
[TLS] Written transcript to proofs/MSG_TLS_DF4910E9.out, proofs/SIG_TLS_DF4910E9.out and proofs/PK_TLS_DF4910E9.der
Signature verification succeeds
[TLS] Server time: 1619605802
[TLS] client_random  (32): 8AFEB3F75A6C5D1E83E2BD7430F01E436C08F4DA1BBB70439416BFDE8C40B8A1
[TLS] sign_hash (32): 398A559685EC79212BDCBC98949DE50EC70B48752E37FE2E47A166147ECE6B8F
[TLS] Written transcript to proofs/MSG_TLS_8AFEB3F7.out, proofs/SIG_TLS_8AFEB3F7.out and proofs/PK_TLS_8AFEB3F7.der
Signature verification succeeds
[TLS] Server time: 1619605803
[TLS] client_random  (32): 154F17BCA5817A4B28D1565B346BB96A5BF78D965B6B7AE3ACE2AB419241EF87
[TLS] sign_hash (32): 36E850817A0FCD3865EC98751E1163AC6FB2A94EF1B5B89C01DA6A76FAA2916E
[TLS] Written transcript to proofs/MSG_TLS_154F17BC.out, proofs/SIG_TLS_154F17BC.out and proofs/PK_TLS_154F17BC.der
Signature verification succeeds
[TLS] Server time: 1619605803
[TLS] client_random  (32): 813B2D492CD64D2B07F2C3C2FE026B24A9CC5900DF7F1A87FFF5C912FAB02EB0
[TLS] sign_hash (32): 7AE5E586D2CFDFE72632DED709A7DB413EF5D2D300D71A64E525DD2D2D30EDD9
[TLS] Written transcript to proofs/MSG_TLS_813B2D49.out, proofs/SIG_TLS_813B2D49.out and proofs/PK_TLS_813B2D49.der
Signature verification succeeds
[TLS] Server time: 1619605803
[TLS] client_random  (32): 9C1C101E583FAFEF6F54D28885DAEFCE18A32354D0000E32575382957621B0CC
[TLS] sign_hash (32): FFC3E248A816B38E06FDDD607FE426586B5AE00CAA022913642C9598B74F692A
[TLS] Written transcript to proofs/MSG_TLS_9C1C101E.out, proofs/SIG_TLS_9C1C101E.out and proofs/PK_TLS_9C1C101E.der
Signature verification succeeds
[TLS] Server time: 1619605803
[TLS] client_random  (32): 4BE59F28C94CC403F39AA7FBBAA0A2CDF9E7C955A0878154F0BE43391A75C659
[TLS] sign_hash (32): A603E012001CFAA0558E7361B89F9C6FB59934C8FC344B91DB9C489F1659FED2
[TLS] Written transcript to proofs/MSG_TLS_4BE59F28.out, proofs/SIG_TLS_4BE59F28.out and proofs/PK_TLS_4BE59F28.der
Signature verification succeeds
[TLS] Server time: 1619605803
[TLS] client_random  (32): D48B1B677707CA965F4BA5B55E274C8584A817A65AE75BE5A884C4FE01499897
[TLS] sign_hash (32): CB3C6C62E47A80206EF10F1BB9113212F509D02D7473E3CCEC221D1D88A093C8
[TLS] Written transcript to proofs/MSG_TLS_D48B1B67.out, proofs/SIG_TLS_D48B1B67.out and proofs/PK_TLS_D48B1B67.der
Signature verification succeeds
[TLS] Server time: 1619605803
[TLS] client_random  (32): 687F414770086A61E44D7E509F9E89564F31437DF9E557642310CDBCEE6386AA
[TLS] sign_hash (32): 7BD4F4888E70A326C52C485A6F7D1DB3312BE294AA17890546DA31E9EDE3C62B
[TLS] Written transcript to proofs/MSG_TLS_687F4147.out, proofs/SIG_TLS_687F4147.out and proofs/PK_TLS_687F4147.der
Signature verification succeeds
[TLS] Server time: 1619605803
[TLS] client_random  (32): 8D2AAA28CEB10B4894ADD55E3ACD3CF401F0DB577C2C99ADCCE6C7CD14F1D118
[TLS] sign_hash (32): 2A010CABCADFB81CB9B813B2F6A026D17852656BC6464BF7AE19CCF2C471BFE1
[TLS] Written transcript to proofs/MSG_TLS_8D2AAA28.out, proofs/SIG_TLS_8D2AAA28.out and proofs/PK_TLS_8D2AAA28.der
Signature verification succeeds
[TLS] Server time: 1619605803
[TLS] client_random  (32): 1BEC0CE33B86199A8CA8BF4609A81A7615576540028440B589270D22C8CB6745
[TLS] sign_hash (32): C579CC2B22332B88501FF8863CE0834751162D661978FCF6A59E78AC3090BB76
[TLS] Written transcript to proofs/MSG_TLS_1BEC0CE3.out, proofs/SIG_TLS_1BEC0CE3.out and proofs/PK_TLS_1BEC0CE3.der
Signature verification succeeds
[TLS] Server time: 1619605803
[TLS] client_random  (32): 212FBBFA894484C1AD648C4B603DC70E12EC8DA9D6A66A1C333C3D35BAF1A541
[TLS] sign_hash (32): 3C1468DD1F2E878A81F7B867B0DB753707ACEB461A74AF960669777C17BF7123
[TLS] Written transcript to proofs/MSG_TLS_212FBBFA.out, proofs/SIG_TLS_212FBBFA.out and proofs/PK_TLS_212FBBFA.der
Signature verification succeeds
[TLS] Server time: 1619605803
[TLS] client_random  (32): FF837AA4CE695FCFB7DBA11DAC71A62D19E594CDE97DF4C30492DC6EB631765A
[TLS] sign_hash (32): CF0A02A832518EC24AFE62516BEA572BE4E9A4FE6AE6118B483BA18838FC02DC
[TLS] Written transcript to proofs/MSG_TLS_FF837AA4.out, proofs/SIG_TLS_FF837AA4.out and proofs/PK_TLS_FF837AA4.der
Signature verification succeeds
[TLS] Server time: 1619605803
[TLS] client_random  (32): C9C9FEE76073574B192ABD25A2F6C6EB7A22A1FBB1815E93A8605BD659F9298F
[TLS] sign_hash (32): CEEEFCDF7373F2F68E7C1C62A89FE027ABD7B7BFB11EDA07E2D7B2A47C4C7A5B
[TLS] Written transcript to proofs/MSG_TLS_C9C9FEE7.out, proofs/SIG_TLS_C9C9FEE7.out and proofs/PK_TLS_C9C9FEE7.der
Signature verification succeeds
[TLS] Server time: 1619605803
[TLS] client_random  (32): A96EDCF2032A78877FB5DB58B82784800382E240AD9DBC7A966C7A392C8FAC28
[TLS] sign_hash (32): D2574355EE320ECAA9CC931E8ADF0C70263AA438316A2479A97EE73C75ED3402
[TLS] Written transcript to proofs/MSG_TLS_A96EDCF2.out, proofs/SIG_TLS_A96EDCF2.out and proofs/PK_TLS_A96EDCF2.der
Signature verification succeeds
[TLS] Server time: 1619605803
[TLS] client_random  (32): 2D4625CAE19DE94DF2B546D7B9585E2FC5F811C9C08288AA16E1BB9F5D7764E0
[TLS] sign_hash (32): C33A06131C1E1FD074108208AA2CB5781BA516769E428B3B5D44C1779AAFC9A8
[TLS] Written transcript to proofs/MSG_TLS_2D4625CA.out, proofs/SIG_TLS_2D4625CA.out and proofs/PK_TLS_2D4625CA.der
Signature verification succeeds
[TLS] Server time: 1619605803
[TLS] client_random  (32): 7D234C9CDF5E7D88AF63BC17B65E037EFE092E9F9D20CCB4CA698FCD0362DA07
[TLS] sign_hash (32): 8FA9B62AC018E8B95ECD0D8F78467581105F7DB5B1EE5A4FF58E71D09DB0A9DA
[TLS] Written transcript to proofs/MSG_TLS_7D234C9C.out, proofs/SIG_TLS_7D234C9C.out and proofs/PK_TLS_7D234C9C.der
Signature verification succeeds
[TLS] Server time: 1619605803
[TLS] client_random  (32): 9EC504536F3EBCF7B22032DF0D2D457DE731B322413D8E3F3E9C95B5D17386DB
[TLS] sign_hash (32): 7F2F5BE1A883BD963162E45C656D89D593368ECE21ADA2305757C5B33CF82F71
[TLS] Written transcript to proofs/MSG_TLS_9EC50453.out, proofs/SIG_TLS_9EC50453.out and proofs/PK_TLS_9EC50453.der
Signature verification succeeds
[TLS] Server time: 1619605803
[TLS] client_random  (32): 3983512EA324B61285BECA3354F2E16E6272698C2DC8B8E51815DD839D7B910C
[TLS] sign_hash (32): A1AAF20D9AF0288DAFB90073D4D71B34309D60C0AB9C8C8C620E1391D063C889
[TLS] Written transcript to proofs/MSG_TLS_3983512E.out, proofs/SIG_TLS_3983512E.out and proofs/PK_TLS_3983512E.der
Signature verification succeeds
[TLS] Server time: 1619605803
[TLS] client_random  (32): 3C1B4063158A22602D3D8B045A588C2CFF647AE7FDFB6923AEA19138FE752B19
[TLS] sign_hash (32): 2C133E5274C3E6371F2B45F773422556F1BE45D7E3B74097BEFED33442465BBA
[TLS] Written transcript to proofs/MSG_TLS_3C1B4063.out, proofs/SIG_TLS_3C1B4063.out and proofs/PK_TLS_3C1B4063.der
Signature verification succeeds
[TLS] Server time: 1619605803
[TLS] client_random  (32): E29163D70F81D46FFF68B19B1F582A71FFD784C01C7E02A4E90A3913BBFA021F
[TLS] sign_hash (32): 9176987CBA28D9BD989AEBCD0F46C872F66758AE55B03804DA48558A7DF56580
[TLS] Written transcript to proofs/MSG_TLS_E29163D7.out, proofs/SIG_TLS_E29163D7.out and proofs/PK_TLS_E29163D7.der
Signature verification succeeds
[TLS] Server time: 1619605803
[TLS] client_random  (32): 80C47AAE397CC94D22EE084CA7ABB870775621C2CB11281CEE20F682F08210B4
[TLS] sign_hash (32): 3F858557FF879C007A99398D1FFE4885ADDAA1A28C80282D6330734010F533E4
[TLS] Written transcript to proofs/MSG_TLS_80C47AAE.out, proofs/SIG_TLS_80C47AAE.out and proofs/PK_TLS_80C47AAE.der
Signature verification succeeds
[TLS] Server time: 1619605803
[TLS] client_random  (32): DEBC165F1E8CBE8C4E83678EDCCB522E870D02ADB641BD59484A97FB3E6BA859
[TLS] sign_hash (32): 56979FDD35072E7C8890368338889A090263FD195CE1153DB4263B0BEE0060DC
[TLS] Written transcript to proofs/MSG_TLS_DEBC165F.out, proofs/SIG_TLS_DEBC165F.out and proofs/PK_TLS_DEBC165F.der
Signature verification succeeds
[TLS] Server time: 1619605803
[TLS] client_random  (32): D376580FB0FF47D0A8B42EC2C20139DB40FA3F66DEF19520CCDB2241850862B9
[TLS] sign_hash (32): E1070B58B30717FC35A70DCBD9F968CA3E8AE273B9AE24E1F8C2FB70B1C5C40A
[TLS] Written transcript to proofs/MSG_TLS_D376580F.out, proofs/SIG_TLS_D376580F.out and proofs/PK_TLS_D376580F.der
Signature verification succeeds
[TLS] Server time: 1619605803
[TLS] client_random  (32): 183B1BE8B75727B3EE3D20CB5FE33E75CE2C4791C84031E7A117F1723C7C8DC0
[TLS] sign_hash (32): CEEF072E2C97C40F61F411699B4D597C06FDB11D59E20399478DC9E2F548E517
[TLS] Written transcript to proofs/MSG_TLS_183B1BE8.out, proofs/SIG_TLS_183B1BE8.out and proofs/PK_TLS_183B1BE8.der
Signature verification succeeds
[TLS] Server time: 1619605803
[TLS] client_random  (32): FE5D9F257BD4C4601ED9DC865E1564CC82C1E575AB2DC20175E9E036E9ECFE28
[TLS] sign_hash (32): BCC08578C14E44BA3FC435A2BCAB3E41E949B590D71CF7A87F59A3D8F15224A5
[TLS] Written transcript to proofs/MSG_TLS_FE5D9F25.out, proofs/SIG_TLS_FE5D9F25.out and proofs/PK_TLS_FE5D9F25.der
Signature verification succeeds
Time breakdown (averages): anchor_ping:5.464789 file_read:0.135545 hashing:0.471091
Total time for 125 rounds is 764.403234ms
Standard deviations: anchor_ping:0.387638 file_read:0.014335 hashing:0.005140
[Client-side ops] mean:0.606636 sd:0.014921
in & out anchor rand written to proofs/phase1.out
    103 [TLS] Server time: 1619605802
     23 [TLS] Server time: 1619605803
Count is 103
Count is 23
success: 1
RESULT: 1 in 1 tries
