TLS anchor: holycross.ac.uk
Actual: 61, Set: 125
Beginning execution at Sat May 1 13:00:01 UTC 2021
CONF: anchor:holycross.ac.uk fs:1024MB n_rounds:125 seed:5c9f4bf9bbc15bb855f82faedc5a52fc3ab2dfa8ec3ba3ce1b270f31fa0cced2 filename:FILE bs:1024 nops:100 benchmarking:0 anchor_ping:1 queue_depth:32 direct:0
[TLS] Connecting to holycross.ac.uk
[TLS] Server time: 1619874002
[TLS] client_random  (32): 5C9F4BF9BBC15BB855F82FAEDC5A52FC3AB2DFA8EC3BA3CE1B270F31FA0CCED2
[TLS] sign_hash (32): FF24F341AD85707BC5167732BF4010CB3C4014FC9593415F54B38DB0F55E1FB7
[TLS] Written transcript to proofs/MSG_TLS_5C9F4BF9.out, proofs/SIG_TLS_5C9F4BF9.out and proofs/PK_TLS_5C9F4BF9.der
Signature verification succeeds
[TLS] Server time: 1619874002
[TLS] client_random  (32): 4C39CC3EAA9952B8E2F2CD59D5C0797ED0BC610968110CE7AB24EFA5398FD814
[TLS] sign_hash (32): 67151FD0DA14EB24C6B21871832C1BBC77B43F7CAEED573187BDF3AA6809367B
[TLS] Written transcript to proofs/MSG_TLS_4C39CC3E.out, proofs/SIG_TLS_4C39CC3E.out and proofs/PK_TLS_4C39CC3E.der
Signature verification succeeds
[TLS] Server time: 1619874002
[TLS] client_random  (32): CB4A3F682D2130B9218DDE085DDDDE3FB1E6ED1C6FD900DD0BD2A85E32D3C8CF
[TLS] sign_hash (32): DBBAD0EFDF88CD92B88A449F51088EE69BC917C1D639C38466D1BD0684D2ED0C
[TLS] Written transcript to proofs/MSG_TLS_CB4A3F68.out, proofs/SIG_TLS_CB4A3F68.out and proofs/PK_TLS_CB4A3F68.der
Signature verification succeeds
[TLS] Server time: 1619874002
[TLS] client_random  (32): 1EF7B924AA272687BB0BA4125ADA0DF9793177535E568013E5A2E3CC56837849
[TLS] sign_hash (32): E98EC01DAC6B9A5EA064E348898EC065DEC08456CF1307C346F695E855C0516F
[TLS] Written transcript to proofs/MSG_TLS_1EF7B924.out, proofs/SIG_TLS_1EF7B924.out and proofs/PK_TLS_1EF7B924.der
Signature verification succeeds
[TLS] Server time: 1619874002
[TLS] client_random  (32): 04A1680BDBC7020FC809934DB8E280F0BA887FE63D2C068645A6A123AC2B9D92
[TLS] sign_hash (32): F14123DABABAC2924458C0E4BC22C343E8128F8993CF7ADF6E38CFC360A62C6D
[TLS] Written transcript to proofs/MSG_TLS_04A1680B.out, proofs/SIG_TLS_04A1680B.out and proofs/PK_TLS_04A1680B.der
Signature verification succeeds
[TLS] Server time: 1619874002
[TLS] client_random  (32): 0A1CBDD7693CBECAA78FA0138A53A5E9799C210871AA656D8EEB94FF4226023F
[TLS] sign_hash (32): 99393D076FCCCE6052AA17B6EC384F16994033903A023A71739D68A2C3CB5D10
[TLS] Written transcript to proofs/MSG_TLS_0A1CBDD7.out, proofs/SIG_TLS_0A1CBDD7.out and proofs/PK_TLS_0A1CBDD7.der
Signature verification succeeds
[TLS] Server time: 1619874002
[TLS] client_random  (32): E82F653E3EB3E2D02B57E7A1F417766B002C85489F50F9DB3DB4280E85EE9B89
[TLS] sign_hash (32): 056733266C3EC4146A535AC83BEB93A5817CA74F9353DB8BC7A46ED7139AC971
[TLS] Written transcript to proofs/MSG_TLS_E82F653E.out, proofs/SIG_TLS_E82F653E.out and proofs/PK_TLS_E82F653E.der
Signature verification succeeds
[TLS] Server time: 1619874002
[TLS] client_random  (32): 53E5AA7F08043C94E0910DB2ED5B0697EE268D4A93A7CB0FD55882CE1D174852
[TLS] sign_hash (32): CB7F427081D8C7C82D46CE837F9F872EE95B10D2625B31BF2585DF4BA7D6D954
[TLS] Written transcript to proofs/MSG_TLS_53E5AA7F.out, proofs/SIG_TLS_53E5AA7F.out and proofs/PK_TLS_53E5AA7F.der
Signature verification succeeds
[TLS] Server time: 1619874002
[TLS] client_random  (32): 30F7D758E98A29640761E4B4839750A5EA6EF1EF394F51B1BCDB676B6F495D97
[TLS] sign_hash (32): 2981DF62481017BAAC8F5957E5F8BEAE3F05380F22A2AF84E35395B7B897229A
[TLS] Written transcript to proofs/MSG_TLS_30F7D758.out, proofs/SIG_TLS_30F7D758.out and proofs/PK_TLS_30F7D758.der
Signature verification succeeds
[TLS] Server time: 1619874002
[TLS] client_random  (32): 84E30BD40822985B523207E07FC6AC7507E52332D58FE0EF2FBBE0A2AE8ACAEB
[TLS] sign_hash (32): 408B25384D2BB822B356E769A66B5E32437DFBCB846320106F01E5B640C3D77A
[TLS] Written transcript to proofs/MSG_TLS_84E30BD4.out, proofs/SIG_TLS_84E30BD4.out and proofs/PK_TLS_84E30BD4.der
Signature verification succeeds
[TLS] Server time: 1619874002
[TLS] client_random  (32): 0DCB091454A08BA6EDD44600CA5697FF292C1BFEA534C04FF7ABAA5D2FB51463
[TLS] sign_hash (32): 63461A83D9B2C7288B9B97019DA8C2D57DE673EE9A33C3A0ABB4041BB2493BC4
[TLS] Written transcript to proofs/MSG_TLS_0DCB0914.out, proofs/SIG_TLS_0DCB0914.out and proofs/PK_TLS_0DCB0914.der
Signature verification succeeds
[TLS] Server time: 1619874002
[TLS] client_random  (32): D9776C88DFC1E137125D0749F339F6F6354004255EADED4A5AF93826339674AB
[TLS] sign_hash (32): 30E9BF65234E9C2AAE1DB07C742547B4AEF65DF2C5140F7777F6684A157506A3
[TLS] Written transcript to proofs/MSG_TLS_D9776C88.out, proofs/SIG_TLS_D9776C88.out and proofs/PK_TLS_D9776C88.der
Signature verification succeeds
[TLS] Server time: 1619874002
[TLS] client_random  (32): B2D46770969D6D3106E77C6BA4EE278542A505F37517028A770D43A0E832568D
[TLS] sign_hash (32): 9A427837104EA4F1BE3A9F8DEBE1CC248B02C65277AF65AC425C0436FDB49757
[TLS] Written transcript to proofs/MSG_TLS_B2D46770.out, proofs/SIG_TLS_B2D46770.out and proofs/PK_TLS_B2D46770.der
Signature verification succeeds
[TLS] Server time: 1619874002
[TLS] client_random  (32): EDD327B00E883E4CECB04BD561FA9A287311A9ACE7CC9CE88FEEEBC612037BE7
[TLS] sign_hash (32): DA6E70B7FF656D2668B5962C5DB9084FD31DCACB4331A6E628E4B232B747F405
[TLS] Written transcript to proofs/MSG_TLS_EDD327B0.out, proofs/SIG_TLS_EDD327B0.out and proofs/PK_TLS_EDD327B0.der
Signature verification succeeds
[TLS] Server time: 1619874002
[TLS] client_random  (32): 2F01EBD6FFD62091219EC8595C91CDADF28A9A1FEC08B9C8BEB415F568D005AF
[TLS] sign_hash (32): 718A9F43F2BED917557B8B7EF56FE677A433F245C6213213FC64C579BE71D73C
[TLS] Written transcript to proofs/MSG_TLS_2F01EBD6.out, proofs/SIG_TLS_2F01EBD6.out and proofs/PK_TLS_2F01EBD6.der
Signature verification succeeds
[TLS] Server time: 1619874002
[TLS] client_random  (32): 1BC90C70A544020D62AE569376F316C8A7952EF5CB9D63C2FA095837085A7F69
[TLS] sign_hash (32): B97EA4FE01DC0ACCB4A3669807CEBB4947991169E0D7152C11A05C4DA37E5678
[TLS] Written transcript to proofs/MSG_TLS_1BC90C70.out, proofs/SIG_TLS_1BC90C70.out and proofs/PK_TLS_1BC90C70.der
Signature verification succeeds
[TLS] Server time: 1619874002
[TLS] client_random  (32): 6048005F0F473B8E04D3D7F27254A4DD50FCE7ACEFE6F2327163E0AEFE729B5A
[TLS] sign_hash (32): F9ACB817C324F35C79F2A3E27C6B73191F20B57746B357197B664F1D8B7E612E
[TLS] Written transcript to proofs/MSG_TLS_6048005F.out, proofs/SIG_TLS_6048005F.out and proofs/PK_TLS_6048005F.der
Signature verification succeeds
[TLS] Server time: 1619874002
[TLS] client_random  (32): FFEC2A6B2DFE59A7E64B9B393861B4F9FA763329E6122A3A5EFBB5DB3C2F6677
[TLS] sign_hash (32): D75E74CD738A65FB50EBD397CC22C7A1A349E26D8C5ABA2FB5341FDD9BF527D6
[TLS] Written transcript to proofs/MSG_TLS_FFEC2A6B.out, proofs/SIG_TLS_FFEC2A6B.out and proofs/PK_TLS_FFEC2A6B.der
Signature verification succeeds
[TLS] Server time: 1619874002
[TLS] client_random  (32): D402AEF7204A30776970764EA7B214898915992C8CABB09BA304E08CDDED0EFF
[TLS] sign_hash (32): 07FF4CFBE3E24A2CC2C9A8B65B75ADB4F0A8499C9C1058FB424E6877385FB1C4
[TLS] Written transcript to proofs/MSG_TLS_D402AEF7.out, proofs/SIG_TLS_D402AEF7.out and proofs/PK_TLS_D402AEF7.der
Signature verification succeeds
[TLS] Server time: 1619874002
[TLS] client_random  (32): B64E718A537199B308E715B88D488FB26155C45B080BCE7000ACA634E25A0BE0
[TLS] sign_hash (32): 54034906D5FF5204E42ACE75CB825D12C17A39E2CC9F970B52FCCAC26D0333A2
[TLS] Written transcript to proofs/MSG_TLS_B64E718A.out, proofs/SIG_TLS_B64E718A.out and proofs/PK_TLS_B64E718A.der
Signature verification succeeds
[TLS] Server time: 1619874002
[TLS] client_random  (32): 4E5366D16E0BF43AF919BE770DBF22AC06ECE603C49D58A5C54FBEFB879CF118
[TLS] sign_hash (32): 57814E615E475200979FFF572BC80B9DCB7C2862B00DFCFB3F198F0C2CE39294
[TLS] Written transcript to proofs/MSG_TLS_4E5366D1.out, proofs/SIG_TLS_4E5366D1.out and proofs/PK_TLS_4E5366D1.der
Signature verification succeeds
[TLS] Server time: 1619874002
[TLS] client_random  (32): A7356CDA6ABB18A7FCF291100BF9B76AED18AB6F54305794B29631EDA2F42B6C
[TLS] sign_hash (32): 09630A809F9710BEE3F63167B191BB627F7A5940D3F77963C4D45AAD684BF77F
[TLS] Written transcript to proofs/MSG_TLS_A7356CDA.out, proofs/SIG_TLS_A7356CDA.out and proofs/PK_TLS_A7356CDA.der
Signature verification succeeds
[TLS] Server time: 1619874002
[TLS] client_random  (32): EDC435AC8D2535A9D5B58512AA671638CDB0017ACFE1C3C30B2B1DCE0B019595
[TLS] sign_hash (32): 92B2C88A130A5217961F132848B0AFD5081AF6E010563E2585E5BF3505ADC015
[TLS] Written transcript to proofs/MSG_TLS_EDC435AC.out, proofs/SIG_TLS_EDC435AC.out and proofs/PK_TLS_EDC435AC.der
Signature verification succeeds
[TLS] Server time: 1619874002
[TLS] client_random  (32): 8AC52218B955B64F4C30485D912118AAC08A1A9111659138416F1B2950A4F8A4
[TLS] sign_hash (32): 519F802E1BB114A50F93783B0372F618D9785BD8042AE3AEE7127A8D4D3CBFE1
[TLS] Written transcript to proofs/MSG_TLS_8AC52218.out, proofs/SIG_TLS_8AC52218.out and proofs/PK_TLS_8AC52218.der
Signature verification succeeds
[TLS] Server time: 1619874002
[TLS] client_random  (32): 7CDF0656E8D21C6434197504D5A65BAEBF6805E37B47AF57A75A9C1BC14245FC
[TLS] sign_hash (32): 5C737FBAC044E833BC4C5F895AD90D7D2AD2F9B1AF7153D8EA759BD51F098054
[TLS] Written transcript to proofs/MSG_TLS_7CDF0656.out, proofs/SIG_TLS_7CDF0656.out and proofs/PK_TLS_7CDF0656.der
Signature verification succeeds
[TLS] Server time: 1619874002
[TLS] client_random  (32): F148C5CA95AA92F8680DD6D25C37F4462E3EDB48ACFF9B53972E22023E6ABE86
[TLS] sign_hash (32): 2D39491C4A0F3FDA88109FAB4A534DAD8EFA0708D40814DC6ABFA725A0C2616F
[TLS] Written transcript to proofs/MSG_TLS_F148C5CA.out, proofs/SIG_TLS_F148C5CA.out and proofs/PK_TLS_F148C5CA.der
Signature verification succeeds
[TLS] Server time: 1619874002
[TLS] client_random  (32): AA1B4401FA51C56F1FFAF90F80DDB538B5D8E1AE921FD882504A3A2CB287B3C2
[TLS] sign_hash (32): C53B954C3F54F957C44D2C33B153438C5B04A5227D4EDD6A48757C2C1CDF659D
[TLS] Written transcript to proofs/MSG_TLS_AA1B4401.out, proofs/SIG_TLS_AA1B4401.out and proofs/PK_TLS_AA1B4401.der
Signature verification succeeds
[TLS] Server time: 1619874002
[TLS] client_random  (32): 074156012B0100B020E70A6984730001EE846152F717AA9642A9BCD9C1CABB2D
[TLS] sign_hash (32): D831AA7FCACCA5A2AC3385DBEB158D0F3A117DB92E13491D9F5F980B107ADC21
[TLS] Written transcript to proofs/MSG_TLS_07415601.out, proofs/SIG_TLS_07415601.out and proofs/PK_TLS_07415601.der
Signature verification succeeds
[TLS] Server time: 1619874002
[TLS] client_random  (32): 521F3853B9557F382A2478CD1FA577CA970C54B81ECF68C1209341E33B4C72C6
[TLS] sign_hash (32): 55A36D8ABDF951252BBE08843FA7767DCB67FF8AC97C681352F761362231377E
[TLS] Written transcript to proofs/MSG_TLS_521F3853.out, proofs/SIG_TLS_521F3853.out and proofs/PK_TLS_521F3853.der
Signature verification succeeds
[TLS] Server time: 1619874002
[TLS] client_random  (32): 3CD0306227B1811D0E311240652BA46F3711B8024BF9D550AC2EE37C3CD41442
[TLS] sign_hash (32): 38EF23FE9FA78358D46FC6B918AD4FBA4E0456DA183444A0B936E76BA26DC745
[TLS] Written transcript to proofs/MSG_TLS_3CD03062.out, proofs/SIG_TLS_3CD03062.out and proofs/PK_TLS_3CD03062.der
Signature verification succeeds
[TLS] Server time: 1619874002
[TLS] client_random  (32): C8D0E889E48C879CC79A0F2F39F6264F2977F4DF1839FBE1CEE42AD85C50423A
[TLS] sign_hash (32): 71D312ADF691787FD248C50E1038EF8B855D97939BDB7195854F8618B1B243CC
[TLS] Written transcript to proofs/MSG_TLS_C8D0E889.out, proofs/SIG_TLS_C8D0E889.out and proofs/PK_TLS_C8D0E889.der
Signature verification succeeds
[TLS] Server time: 1619874002
[TLS] client_random  (32): BF62D879CAC6784209CBEB82F48652114F3D022791E25FAD3D74FA27B44F6219
[TLS] sign_hash (32): 8E1E9C75AC13E207E10664FE4AABB7B9498573254D83E430B0F9523F729D2586
[TLS] Written transcript to proofs/MSG_TLS_BF62D879.out, proofs/SIG_TLS_BF62D879.out and proofs/PK_TLS_BF62D879.der
Signature verification succeeds
[TLS] Server time: 1619874002
[TLS] client_random  (32): D840F4DD5556EAAB703A046CE340C33E1BBE08747AE6612E36A30D339DCA6855
[TLS] sign_hash (32): 530CB776F57FE9EB724510001A89DCE1231DE760743C108209CC73920FFEF9A4
[TLS] Written transcript to proofs/MSG_TLS_D840F4DD.out, proofs/SIG_TLS_D840F4DD.out and proofs/PK_TLS_D840F4DD.der
Signature verification succeeds
[TLS] Server time: 1619874002
[TLS] client_random  (32): 251C7567904026CE0FEBA1171851BF30500DDCAE4BCADDF5EF459A02E8C079A8
[TLS] sign_hash (32): 15EF20BA4BA26D6339A9891C1359019E6309FE63E3DBFA5F50B86432FAF023E3
[TLS] Written transcript to proofs/MSG_TLS_251C7567.out, proofs/SIG_TLS_251C7567.out and proofs/PK_TLS_251C7567.der
Signature verification succeeds
[TLS] Server time: 1619874002
[TLS] client_random  (32): 652169128BEF5758F9BBE0BB1E059635F4F72AE1AD38ED0FF73405ACF4F625F9
[TLS] sign_hash (32): 8240E0CC07BE6CC78297CDAF9074F6DD1A72D69CB8545D0F8D3C7E34CAE4ABA9
[TLS] Written transcript to proofs/MSG_TLS_65216912.out, proofs/SIG_TLS_65216912.out and proofs/PK_TLS_65216912.der
Signature verification succeeds
[TLS] Server time: 1619874002
[TLS] client_random  (32): 8929922B400F806C9A6F104C04C2EEA2A38C45804F81E1D74904D77B4CFCFC64
[TLS] sign_hash (32): 45498B51FBF2A7253CFAC0F528D3D767C926777AF39E715DB265FCA1D3BEAC36
[TLS] Written transcript to proofs/MSG_TLS_8929922B.out, proofs/SIG_TLS_8929922B.out and proofs/PK_TLS_8929922B.der
Signature verification succeeds
[TLS] Server time: 1619874002
[TLS] client_random  (32): 43F14289F199771E57377F3EB93A8B521FF2E05C8BDA01669D353D0A01C08109
[TLS] sign_hash (32): 5516D6F1C587D4B83DA147C056796BD96C859ED519D756C924630BEEDEAB327C
[TLS] Written transcript to proofs/MSG_TLS_43F14289.out, proofs/SIG_TLS_43F14289.out and proofs/PK_TLS_43F14289.der
Signature verification succeeds
[TLS] Server time: 1619874002
[TLS] client_random  (32): E28EF7EFCD5618EE796C8C710D1EBFBD0B747859544B5EAFC1432846E9F3A96F
[TLS] sign_hash (32): 89B93E854F09E2DD43A587C81FFAF7CEBC0395D8831C1FA7220FADB44EBB692D
[TLS] Written transcript to proofs/MSG_TLS_E28EF7EF.out, proofs/SIG_TLS_E28EF7EF.out and proofs/PK_TLS_E28EF7EF.der
Signature verification succeeds
[TLS] Server time: 1619874002
[TLS] client_random  (32): F472F8FDCA6FF1E307FC2CB13E1F27EA2D8A7348B712CAE962CB567126DB5530
[TLS] sign_hash (32): CE22CD6FA03B85C9DE8905A2A2BB9710D4A3C5CCF565A90D37CCD40753E7191D
[TLS] Written transcript to proofs/MSG_TLS_F472F8FD.out, proofs/SIG_TLS_F472F8FD.out and proofs/PK_TLS_F472F8FD.der
Signature verification succeeds
[TLS] Server time: 1619874002
[TLS] client_random  (32): D8010BA54AB0125B80DCC024301783BD4C9C0E9090FCCD761C17F492EF2ABBF5
[TLS] sign_hash (32): 52B5C431B21F1CC31E29A0EB8CE1809749D727DA1F4E8A14EB47809FC68E7E8F
[TLS] Written transcript to proofs/MSG_TLS_D8010BA5.out, proofs/SIG_TLS_D8010BA5.out and proofs/PK_TLS_D8010BA5.der
Signature verification succeeds
[TLS] Server time: 1619874002
[TLS] client_random  (32): CF59C6EA580944ADC27726C336FB513E4C85DF7443A38460304B112E273466E5
[TLS] sign_hash (32): D5469260DA24FD9D7BCA723C5C704D7210DE2FFFE9D6D85407EE2A4B62749852
[TLS] Written transcript to proofs/MSG_TLS_CF59C6EA.out, proofs/SIG_TLS_CF59C6EA.out and proofs/PK_TLS_CF59C6EA.der
Signature verification succeeds
[TLS] Server time: 1619874002
[TLS] client_random  (32): 5EAA0B42F62AFFA7BBBB58FAC2335AC135B7B4F39F1D2976018AF802FF835D53
[TLS] sign_hash (32): 87264AD3C6801F8A87944A5D993CBE45B1B3DB8200580A39A87D4EEA9EA04C88
[TLS] Written transcript to proofs/MSG_TLS_5EAA0B42.out, proofs/SIG_TLS_5EAA0B42.out and proofs/PK_TLS_5EAA0B42.der
Signature verification succeeds
[TLS] Server time: 1619874002
[TLS] client_random  (32): E13BD5BA89A31CC799D2AE810AADB2B90BA7A48BE2AD32DC255391D87EA93D29
[TLS] sign_hash (32): 69A0AB43EB04F1AE4B1CD1A5F1284D03247F3E60AE7C75D753D5DB41084B0346
[TLS] Written transcript to proofs/MSG_TLS_E13BD5BA.out, proofs/SIG_TLS_E13BD5BA.out and proofs/PK_TLS_E13BD5BA.der
Signature verification succeeds
[TLS] Server time: 1619874002
[TLS] client_random  (32): 131BC8A307160A0CAE6B8B3885F01571E23D329C00F6EED0534D3F25EB855AFE
[TLS] sign_hash (32): 39D673316718787B9BBB3C8C377743DC8A949C64FBAC9BF7B0F385EEA3F04626
[TLS] Written transcript to proofs/MSG_TLS_131BC8A3.out, proofs/SIG_TLS_131BC8A3.out and proofs/PK_TLS_131BC8A3.der
Signature verification succeeds
[TLS] Server time: 1619874002
[TLS] client_random  (32): 68FFB28C904F30D2AF017DEEA67CA47E3B9E9119F6DAE6A867172F25263262A0
[TLS] sign_hash (32): 3107AC120A03181F4D1813BE7B1A360ED9F6C6D4D4D79156BE8022BCA350B9BD
[TLS] Written transcript to proofs/MSG_TLS_68FFB28C.out, proofs/SIG_TLS_68FFB28C.out and proofs/PK_TLS_68FFB28C.der
Signature verification succeeds
[TLS] Server time: 1619874002
[TLS] client_random  (32): E41060D2F89B8E3332BCF7FA939C2BB5336425096B20966DB4CB9F132444A9D8
[TLS] sign_hash (32): 093FB6604D7B8DEFB15FF6A2F2AD437C6BCF630921A9A6EF69E7AF0D93FE5885
[TLS] Written transcript to proofs/MSG_TLS_E41060D2.out, proofs/SIG_TLS_E41060D2.out and proofs/PK_TLS_E41060D2.der
Signature verification succeeds
[TLS] Server time: 1619874002
[TLS] client_random  (32): A588484178F48D1265805D06AF5CEDA428AC135B3550227F8427BFCD323609B6
[TLS] sign_hash (32): D978C302EF636235249A96BA76AD1682358066E6E46554B2DBEA5ECC21EE5B1B
[TLS] Written transcript to proofs/MSG_TLS_A5884841.out, proofs/SIG_TLS_A5884841.out and proofs/PK_TLS_A5884841.der
Signature verification succeeds
[TLS] Server time: 1619874002
[TLS] client_random  (32): F712201227A72DA949BB499F902AF7F22A8CC006D74C0CFDF34FB0A34AF0F865
[TLS] sign_hash (32): E8D971818CCF7610DDC8C1D177F6F19ED1FCB4D8F5F922B50AA5B7886A18429F
[TLS] Written transcript to proofs/MSG_TLS_F7122012.out, proofs/SIG_TLS_F7122012.out and proofs/PK_TLS_F7122012.der
Signature verification succeeds
[TLS] Server time: 1619874002
[TLS] client_random  (32): 17FA102F84F321BA73D5C6BC1384309C47B6899FB7A8E6201367991E03E7D065
[TLS] sign_hash (32): C4C1A8CCC07387F8B5E556F9A758CF12DF17CF6C33B188A8326AD05416F3C9F3
[TLS] Written transcript to proofs/MSG_TLS_17FA102F.out, proofs/SIG_TLS_17FA102F.out and proofs/PK_TLS_17FA102F.der
Signature verification succeeds
[TLS] Server time: 1619874002
[TLS] client_random  (32): DC6A74C0C262990521892F164711781BC8D20C0860FE0FD600D02EE1BAACE455
[TLS] sign_hash (32): 502EE61BFB06182AE4B847C3DED3970A5933484A266E583EC843A4E59553AA83
[TLS] Written transcript to proofs/MSG_TLS_DC6A74C0.out, proofs/SIG_TLS_DC6A74C0.out and proofs/PK_TLS_DC6A74C0.der
Signature verification succeeds
[TLS] Server time: 1619874002
[TLS] client_random  (32): 19A080072AF97386812E6D9DC96242F011C177F7561FB85E71704FE0426B8B38
[TLS] sign_hash (32): 6959F5AC73E7D5B822077623383A84F4D46F68AF56CE1F2E1F94B01666998A1B
[TLS] Written transcript to proofs/MSG_TLS_19A08007.out, proofs/SIG_TLS_19A08007.out and proofs/PK_TLS_19A08007.der
Signature verification succeeds
[TLS] Server time: 1619874002
[TLS] client_random  (32): 901D161DCF23BFC771B05297911EE17616B95E00B2C2015E3F375A7BC3A49D5B
[TLS] sign_hash (32): 4D6BDCE71E14AABED2E84B0349BA55317A95F452DD758AB13721DC54CF44FB06
[TLS] Written transcript to proofs/MSG_TLS_901D161D.out, proofs/SIG_TLS_901D161D.out and proofs/PK_TLS_901D161D.der
Signature verification succeeds
[TLS] Server time: 1619874002
[TLS] client_random  (32): CC636B27DA2D1530529E5BB09FBF3ED838913932261E7FA288C054DB20CDE5E5
[TLS] sign_hash (32): 36693CA6BF5B0D982AC2DB6A8578CFDF4CA55CFB20D7DB6E2C8808676D26904B
[TLS] Written transcript to proofs/MSG_TLS_CC636B27.out, proofs/SIG_TLS_CC636B27.out and proofs/PK_TLS_CC636B27.der
Signature verification succeeds
[TLS] Server time: 1619874002
[TLS] client_random  (32): 0B30CF1B6DA02214C757B635AE221D73149C1558447C28B5A1696E57A55C5586
[TLS] sign_hash (32): 2C544B022DF09B2B2D23E9074D4D049801D2CD9D9D0D131C91F1F78B89918564
[TLS] Written transcript to proofs/MSG_TLS_0B30CF1B.out, proofs/SIG_TLS_0B30CF1B.out and proofs/PK_TLS_0B30CF1B.der
Signature verification succeeds
[TLS] Server time: 1619874002
[TLS] client_random  (32): 6DF4E94A70C1C10C9D6D6BAC5DCAE16C0E9C8977DC2882E1BFAF2D5E777BF8D8
[TLS] sign_hash (32): ABB1ED9D6C93043440348B7700DA025D89E66211EA7826A330C39E7B284AED8A
[TLS] Written transcript to proofs/MSG_TLS_6DF4E94A.out, proofs/SIG_TLS_6DF4E94A.out and proofs/PK_TLS_6DF4E94A.der
Signature verification succeeds
[TLS] Server time: 1619874002
[TLS] client_random  (32): 681E15B8C6BE1FD76B4DA366366E6E01879FE01EAA913D64002B6BE5307F2352
[TLS] sign_hash (32): 71F88F10093A03CFC5C255C08B06251A5EF881FF43668A773E224CD4C16131F7
[TLS] Written transcript to proofs/MSG_TLS_681E15B8.out, proofs/SIG_TLS_681E15B8.out and proofs/PK_TLS_681E15B8.der
Signature verification succeeds
[TLS] Server time: 1619874002
[TLS] client_random  (32): D69C82646E2E4EB7A65232DD32A509179F01639719679634752E9EFE3EC952F0
[TLS] sign_hash (32): 88B00435717B9AFE172D88C05399BC5E6104BBEB943AC78DB35103F15352C213
[TLS] Written transcript to proofs/MSG_TLS_D69C8264.out, proofs/SIG_TLS_D69C8264.out and proofs/PK_TLS_D69C8264.der
Signature verification succeeds
[TLS] Server time: 1619874002
[TLS] client_random  (32): CB41A0517FCD78332BF69D563462BDF0C1B348F2843445DA9BFA25E736D3E4AF
[TLS] sign_hash (32): 53B83EE756C40A8439EB2B508E7D2338DFED412954DF3E9E14335A73C34EBC0C
[TLS] Written transcript to proofs/MSG_TLS_CB41A051.out, proofs/SIG_TLS_CB41A051.out and proofs/PK_TLS_CB41A051.der
Signature verification succeeds
[TLS] Server time: 1619874002
[TLS] client_random  (32): B0CBB8D4D771CE6BA5A75597B442551DDE10024B42476ECB06CFB89E3426FF33
[TLS] sign_hash (32): B639C7F08E84E7877294EB38A0659BE4D09A25C5B72A7E2E285A5DD0D4AF2CF0
[TLS] Written transcript to proofs/MSG_TLS_B0CBB8D4.out, proofs/SIG_TLS_B0CBB8D4.out and proofs/PK_TLS_B0CBB8D4.der
Signature verification succeeds
[TLS] Server time: 1619874002
[TLS] client_random  (32): 24289BD8A62CE6EB0FB717B7BD29C651044B97ED21006C433F35096D75DD7795
[TLS] sign_hash (32): 2AB9876567CC79B5C47B17C85A2F3367223D44994CBEC0E1D2C02674D83FF317
[TLS] Written transcript to proofs/MSG_TLS_24289BD8.out, proofs/SIG_TLS_24289BD8.out and proofs/PK_TLS_24289BD8.der
Signature verification succeeds
[TLS] Server time: 1619874002
[TLS] client_random  (32): 27E1A01289FDF75C97A6C10CBF298941083E8A537A92406C3F1C4A16B1010045
[TLS] sign_hash (32): 828A0CA9FF0EA73E872B4CEB5511106777108815B81CE6ABD20EC7D8BB300127
[TLS] Written transcript to proofs/MSG_TLS_27E1A012.out, proofs/SIG_TLS_27E1A012.out and proofs/PK_TLS_27E1A012.der
Signature verification succeeds
[TLS] Server time: 1619874002
[TLS] client_random  (32): A2E4F850944F543C85431A944D16D45A4EDC48A63A1B67CA498FDB308F4DA67A
[TLS] sign_hash (32): 5812EAF87FB853ABF76B8A68909573605009E3786CC171AA42854B2256610365
[TLS] Written transcript to proofs/MSG_TLS_A2E4F850.out, proofs/SIG_TLS_A2E4F850.out and proofs/PK_TLS_A2E4F850.der
Signature verification succeeds
[TLS] Server time: 1619874002
[TLS] client_random  (32): 2BFEA8815AC7AB6B1284C72D34D732CC1641F5513680D222C48E18638037473A
[TLS] sign_hash (32): D7A21FB347A06DE28180D931246A1761B7117822255A49036389B989C9C2B185
[TLS] Written transcript to proofs/MSG_TLS_2BFEA881.out, proofs/SIG_TLS_2BFEA881.out and proofs/PK_TLS_2BFEA881.der
Signature verification succeeds
[TLS] Server time: 1619874002
[TLS] client_random  (32): 7FA22968638113D9F18051DB0448196914579595B27B5C3DCA119672ECCDF440
[TLS] sign_hash (32): 1C8921967E7415FCC5ADFBA6469C63E64295330EF401140425E14C33AB416469
[TLS] Written transcript to proofs/MSG_TLS_7FA22968.out, proofs/SIG_TLS_7FA22968.out and proofs/PK_TLS_7FA22968.der
Signature verification succeeds
[TLS] Server time: 1619874002
[TLS] client_random  (32): 163BCC0D00D3D52696D5D40B638CBEB69DD03DB45A95D2F697C9A11B062C80B0
[TLS] sign_hash (32): ABEDED48D79EBED810A15357FCA54E3CE297D7EB8C9B50D296A6E1F2E6200C98
[TLS] Written transcript to proofs/MSG_TLS_163BCC0D.out, proofs/SIG_TLS_163BCC0D.out and proofs/PK_TLS_163BCC0D.der
Signature verification succeeds
[TLS] Server time: 1619874002
[TLS] client_random  (32): 17BDE1B9F282EB38850A96660F9F91BB1379034A134F32BC1B8830853145A142
[TLS] sign_hash (32): 3AEF3C1FCD4021A7D3116C02A432973F92253A7D3113C06553614E5AC858D1F9
[TLS] Written transcript to proofs/MSG_TLS_17BDE1B9.out, proofs/SIG_TLS_17BDE1B9.out and proofs/PK_TLS_17BDE1B9.der
Signature verification succeeds
[TLS] Server time: 1619874002
[TLS] client_random  (32): 1D147C60F7665CAEF25A262FC5A3E85CD8045E2951831E26681EA8599FFA00FF
[TLS] sign_hash (32): D43E1B7BF8C29AF548F0C9F0C00723179D8CCC239A91AAF0E00FB1AF82FCE8F6
[TLS] Written transcript to proofs/MSG_TLS_1D147C60.out, proofs/SIG_TLS_1D147C60.out and proofs/PK_TLS_1D147C60.der
Signature verification succeeds
[TLS] Server time: 1619874002
[TLS] client_random  (32): EF51F7196004E47FE839BB3D060CB23E7679489EBF248E3EEC9760D59ECDBBAB
[TLS] sign_hash (32): 7B72CC844A3D155EF03ADF2DE7038B458510FFB0508B08C673FAFAFC8868BE47
[TLS] Written transcript to proofs/MSG_TLS_EF51F719.out, proofs/SIG_TLS_EF51F719.out and proofs/PK_TLS_EF51F719.der
Signature verification succeeds
[TLS] Server time: 1619874002
[TLS] client_random  (32): BCDDD054A92BE910BA32AD929E90C5A965B14C964CFEAA6308996BC3C31FE9CE
[TLS] sign_hash (32): 381C86BD87991D7391444F9B6A994A63F16C3CA2EE3765E2DCA61EA7873107A9
[TLS] Written transcript to proofs/MSG_TLS_BCDDD054.out, proofs/SIG_TLS_BCDDD054.out and proofs/PK_TLS_BCDDD054.der
Signature verification succeeds
[TLS] Server time: 1619874002
[TLS] client_random  (32): 152244EB1ED5C3A178067A62A97E7770E8677D00E3E89E5945D50DA8B1F4B6E7
[TLS] sign_hash (32): 1C591DD288BC00535B1C11F103C51EC730FCB400B2F49C7E0ADA4B44904877DD
[TLS] Written transcript to proofs/MSG_TLS_152244EB.out, proofs/SIG_TLS_152244EB.out and proofs/PK_TLS_152244EB.der
Signature verification succeeds
[TLS] Server time: 1619874002
[TLS] client_random  (32): 7045C50E975F4122AA6739926F2EFB7FE2C28EAE151B884111252B9C1D51EA8F
[TLS] sign_hash (32): 430D6219707214C16B2F8A02E3E0A7C1C70E235F553BAA7FE886F280FF2F2823
[TLS] Written transcript to proofs/MSG_TLS_7045C50E.out, proofs/SIG_TLS_7045C50E.out and proofs/PK_TLS_7045C50E.der
Signature verification succeeds
[TLS] Server time: 1619874002
[TLS] client_random  (32): B4AC6B4E595AAF0E665521D1565479600A4D05B28560F6E3E63FAFF68232BD3B
[TLS] sign_hash (32): 14D1BE8A3631B298764A6721B33A8BAB0F6281E3E6E9C57DEA46D6FC574C3366
[TLS] Written transcript to proofs/MSG_TLS_B4AC6B4E.out, proofs/SIG_TLS_B4AC6B4E.out and proofs/PK_TLS_B4AC6B4E.der
Signature verification succeeds
[TLS] Server time: 1619874002
[TLS] client_random  (32): AA438CC189A87479818993D0B6CC3B8FA81A78969305E9B6EC16E7ECBE797FFE
[TLS] sign_hash (32): 512582AA3EC08D7F5782206114CFB0F58D774DFD5BE1F280B907BFFFA5BD2B47
[TLS] Written transcript to proofs/MSG_TLS_AA438CC1.out, proofs/SIG_TLS_AA438CC1.out and proofs/PK_TLS_AA438CC1.der
Signature verification succeeds
[TLS] Server time: 1619874002
[TLS] client_random  (32): 93DCAF73FBBEDDE9E7941A198F109C9EA62643A0319BBA4A8DBE91D802180FE9
[TLS] sign_hash (32): 31DC99549073006C64A4F7BE4E96CBE54146EF638B7A82A860D78259FAC5DD48
[TLS] Written transcript to proofs/MSG_TLS_93DCAF73.out, proofs/SIG_TLS_93DCAF73.out and proofs/PK_TLS_93DCAF73.der
Signature verification succeeds
[TLS] Server time: 1619874002
[TLS] client_random  (32): 08749EF88D173D4C30BE369D1BA4471763032D263E067EE23518FCB5786FEC85
[TLS] sign_hash (32): 40308C5443D83D0344D9A703019A0F2F5DF99E3E8C4C422524294A19BE72696A
[TLS] Written transcript to proofs/MSG_TLS_08749EF8.out, proofs/SIG_TLS_08749EF8.out and proofs/PK_TLS_08749EF8.der
Signature verification succeeds
[TLS] Server time: 1619874002
[TLS] client_random  (32): 04B0EAC6191EBB617EC38CE240A3290476FF33628977D38A74FD53D495ED7B80
[TLS] sign_hash (32): 09A850B6B3EFCD47E6F3DCFE0D5DA56018AFEC29D139E52718437CE04A3F8A99
[TLS] Written transcript to proofs/MSG_TLS_04B0EAC6.out, proofs/SIG_TLS_04B0EAC6.out and proofs/PK_TLS_04B0EAC6.der
Signature verification succeeds
[TLS] Server time: 1619874002
[TLS] client_random  (32): E15C623CC95BDAB1F2548610979D0263DF501EC30B00EFC3C207D5B6B53AADAB
[TLS] sign_hash (32): E6DE8BA3A120726177638B3DDBC578D752457AA868FD06B83A96C65308920056
[TLS] Written transcript to proofs/MSG_TLS_E15C623C.out, proofs/SIG_TLS_E15C623C.out and proofs/PK_TLS_E15C623C.der
Signature verification succeeds
[TLS] Server time: 1619874002
[TLS] client_random  (32): B3EA54C21017028331E20428492FF90832DE9E0D728FED71F2702783C15AEF54
[TLS] sign_hash (32): 8FEC2500C0D2EB1FC52D6D3E207A9F05585BB5927C067E458F3E678B6346B727
[TLS] Written transcript to proofs/MSG_TLS_B3EA54C2.out, proofs/SIG_TLS_B3EA54C2.out and proofs/PK_TLS_B3EA54C2.der
Signature verification succeeds
[TLS] Server time: 1619874002
[TLS] client_random  (32): 53F1601C6FBD22B986963955D4B0B95B2FADC310D58EEBBAE2732E3D2C2A1824
[TLS] sign_hash (32): 037C4198C44F66D186CA5A169A13236AB4EBCF224FD72348C8A060CD6BDA9354
[TLS] Written transcript to proofs/MSG_TLS_53F1601C.out, proofs/SIG_TLS_53F1601C.out and proofs/PK_TLS_53F1601C.der
Signature verification succeeds
[TLS] Server time: 1619874002
[TLS] client_random  (32): 702EA73BD15A4905A893E01F4F0192AC4AF8BB07170BA6BB8B22BDBCCFD4D1BA
[TLS] sign_hash (32): 9E9AA2EAD1AD57C44172366460F79716E8B07B522E400CAECA64A6AB4522267F
[TLS] Written transcript to proofs/MSG_TLS_702EA73B.out, proofs/SIG_TLS_702EA73B.out and proofs/PK_TLS_702EA73B.der
Signature verification succeeds
[TLS] Server time: 1619874002
[TLS] client_random  (32): 41F216CAF1D5E54BCF944B549EC7E04DF2D4D9D1889ED007976CE4DA99FC41E9
[TLS] sign_hash (32): 9720A6B882113D6D36891CABFF8A8CAF0DD0AC4541A543A479B6D0F433D500FE
[TLS] Written transcript to proofs/MSG_TLS_41F216CA.out, proofs/SIG_TLS_41F216CA.out and proofs/PK_TLS_41F216CA.der
Signature verification succeeds
[TLS] Server time: 1619874002
[TLS] client_random  (32): B039626A35177DA8FC8DD9AA412C80A52DECCA8A69A40C684FF51B2461071362
[TLS] sign_hash (32): E94E917E3374F7151DEDB2C925F021939CCB5E6BD42FA4C49D0BF8744AE28949
[TLS] Written transcript to proofs/MSG_TLS_B039626A.out, proofs/SIG_TLS_B039626A.out and proofs/PK_TLS_B039626A.der
Signature verification succeeds
[TLS] Server time: 1619874002
[TLS] client_random  (32): 4E68AF82FA28586548CDC400FCD704B6DED3DA400DD38CFDE801D865172C9F2B
[TLS] sign_hash (32): 1B2369F2F6C54CF4B4C0F156C52F5123A3C4A2231C4505480123565F245229FF
[TLS] Written transcript to proofs/MSG_TLS_4E68AF82.out, proofs/SIG_TLS_4E68AF82.out and proofs/PK_TLS_4E68AF82.der
Signature verification succeeds
[TLS] Server time: 1619874002
[TLS] client_random  (32): 7AA20B55EFA48F7792048C57D2F75E93A29EF2D215631F626F5F126E6E84845D
[TLS] sign_hash (32): 8B28EF4505432AD7BAAF7772776EB4FB3DE95CF3F43F3BACE00753B8C94D259E
[TLS] Written transcript to proofs/MSG_TLS_7AA20B55.out, proofs/SIG_TLS_7AA20B55.out and proofs/PK_TLS_7AA20B55.der
Signature verification succeeds
[TLS] Server time: 1619874002
[TLS] client_random  (32): 6DD5E7208F02810D289EB7D6C1D9B15EF9B1295879754C3B158E68CE973AF107
[TLS] sign_hash (32): C29CA20E8206164E137F35DE9E763ADAA8742185C7345B32813159756703970C
[TLS] Written transcript to proofs/MSG_TLS_6DD5E720.out, proofs/SIG_TLS_6DD5E720.out and proofs/PK_TLS_6DD5E720.der
Signature verification succeeds
[TLS] Server time: 1619874002
[TLS] client_random  (32): 65E8040EB2826C7F07FE25937EEFC975E55BE534BAA1B95D37A6967CF50731EA
[TLS] sign_hash (32): 712B6EFD2DE3273AE0E8291E291F1E565BA6B162FA26AE486699E741E5B164BA
[TLS] Written transcript to proofs/MSG_TLS_65E8040E.out, proofs/SIG_TLS_65E8040E.out and proofs/PK_TLS_65E8040E.der
Signature verification succeeds
[TLS] Server time: 1619874002
[TLS] client_random  (32): 7424FDE703C5E30E23948B43E78E3CE254BC4A28700CA2392EB8BDAA01D2B99A
[TLS] sign_hash (32): 0535BDE46F99202B74ECBD438FA32F6DCE75C43F8C6B277F3240BC4E3B48C7A8
[TLS] Written transcript to proofs/MSG_TLS_7424FDE7.out, proofs/SIG_TLS_7424FDE7.out and proofs/PK_TLS_7424FDE7.der
Signature verification succeeds
[TLS] Server time: 1619874002
[TLS] client_random  (32): EEBAC674B9A399085873660E7BE73C9B1EEC5A7A3D169825E1EB4F01152625FF
[TLS] sign_hash (32): 1CCDF1E36145E619CE2F6E6AC24EE2421E83FC8990DFF8C0F095496E770D7509
[TLS] Written transcript to proofs/MSG_TLS_EEBAC674.out, proofs/SIG_TLS_EEBAC674.out and proofs/PK_TLS_EEBAC674.der
Signature verification succeeds
[TLS] Server time: 1619874002
[TLS] client_random  (32): D7DDEB5860D69938EC27B214826F17792CA2B3032BE1BFF69C7E2B55DE1CFAA9
[TLS] sign_hash (32): D256E70277E64EF3CAE3093889C251153B6B525DF3CC43C87431E018DEE42FDA
[TLS] Written transcript to proofs/MSG_TLS_D7DDEB58.out, proofs/SIG_TLS_D7DDEB58.out and proofs/PK_TLS_D7DDEB58.der
Signature verification succeeds
[TLS] Server time: 1619874002
[TLS] client_random  (32): 06816B58FC66852C7244A538EB72C3420E8DCF972D208223CCEF0AB4001DB6B1
[TLS] sign_hash (32): 380E4DFBE3DBF5E1449D2525AA8592F46CE9C28AE06A0841AB5A93B6C498005E
[TLS] Written transcript to proofs/MSG_TLS_06816B58.out, proofs/SIG_TLS_06816B58.out and proofs/PK_TLS_06816B58.der
Signature verification succeeds
[TLS] Server time: 1619874002
[TLS] client_random  (32): 7217F869D0E3EF5FEA3FBA0B60B8F154E1325DD25511000725FC9EC2351B5E73
[TLS] sign_hash (32): 7AC5E8AB850E24243673949FDC364A1C9C4A78CEAB8E200C8BD9D2B1E861072B
[TLS] Written transcript to proofs/MSG_TLS_7217F869.out, proofs/SIG_TLS_7217F869.out and proofs/PK_TLS_7217F869.der
Signature verification succeeds
[TLS] Server time: 1619874002
[TLS] client_random  (32): F4E161067EE404C55B974474E2D4B27F20E4841D88AE1AE1EB5ADEDA4BF0966C
[TLS] sign_hash (32): 4931B08F8076DFEFEC2B49C07878ACA1B8907BE95557A27098E9D896F797B9E5
[TLS] Written transcript to proofs/MSG_TLS_F4E16106.out, proofs/SIG_TLS_F4E16106.out and proofs/PK_TLS_F4E16106.der
Signature verification succeeds
[TLS] Server time: 1619874002
[TLS] client_random  (32): FB5C15EB30594C5791B0771E65EFB68DDAD9C21E026CE7783E80DC795FD731D9
[TLS] sign_hash (32): D1D4223C25354BBE7E889C21762B49AB935858B66B9683A8D634ECC771308F81
[TLS] Written transcript to proofs/MSG_TLS_FB5C15EB.out, proofs/SIG_TLS_FB5C15EB.out and proofs/PK_TLS_FB5C15EB.der
Signature verification succeeds
[TLS] Server time: 1619874002
[TLS] client_random  (32): CFF1E7FA6B708D116798911729BE1BB460DB8A90D45648640179955CF7F310CC
[TLS] sign_hash (32): A01045309ADC1719B74918EF292E0B4D4BC5DE60CCD5392E5E37AC10ED2C0784
[TLS] Written transcript to proofs/MSG_TLS_CFF1E7FA.out, proofs/SIG_TLS_CFF1E7FA.out and proofs/PK_TLS_CFF1E7FA.der
Signature verification succeeds
[TLS] Server time: 1619874002
[TLS] client_random  (32): 0D82C995425B8F6550C6645C3E393AC952BDD464159A24A2DEEAC223D207A6B4
[TLS] sign_hash (32): 66B59BD2AB8BE7ACE5F3B8B1844538548BC4BAFBD9B05072F6AF6F96D0453839
[TLS] Written transcript to proofs/MSG_TLS_0D82C995.out, proofs/SIG_TLS_0D82C995.out and proofs/PK_TLS_0D82C995.der
Signature verification succeeds
[TLS] Server time: 1619874002
[TLS] client_random  (32): 0F97BB0EDD5F6D649C512878C6075B01FFBB29676348C2E9886F63EF9DFA6A8A
[TLS] sign_hash (32): 3A0E4A3305676EB3868F4B2D3F9DFECF82B228A6D9D45D3D947C22A6D2430114
[TLS] Written transcript to proofs/MSG_TLS_0F97BB0E.out, proofs/SIG_TLS_0F97BB0E.out and proofs/PK_TLS_0F97BB0E.der
Signature verification succeeds
[TLS] Server time: 1619874002
[TLS] client_random  (32): 36A6DCA6A7EA60CE10537D86A0FA54A35C97AB8C768AB9E873FF32726A18B472
[TLS] sign_hash (32): B5E2FC40EC8F4B49C79C7FF1FCB22504618164917D2332DDE55DA5DE607C61A7
[TLS] Written transcript to proofs/MSG_TLS_36A6DCA6.out, proofs/SIG_TLS_36A6DCA6.out and proofs/PK_TLS_36A6DCA6.der
Signature verification succeeds
[TLS] Server time: 1619874002
[TLS] client_random  (32): C4D1FF70DE917D09058327C97A86FF7C2CCB0A9903E219C7AF004FA29AD146B4
[TLS] sign_hash (32): A25C22F19D258D2C6A84F153024D1A6AB5B8724F55D9301C546734B50EC8C106
[TLS] Written transcript to proofs/MSG_TLS_C4D1FF70.out, proofs/SIG_TLS_C4D1FF70.out and proofs/PK_TLS_C4D1FF70.der
Signature verification succeeds
[TLS] Server time: 1619874002
[TLS] client_random  (32): DE8A095DB47CEF14921E24BC676A765B15C1F24BB4221AAA572BB687AD4A6B2B
[TLS] sign_hash (32): FDD54627F2549B82A61CBA08D3127FC705654D57693FF22C4BEB0A124CAAEE2A
[TLS] Written transcript to proofs/MSG_TLS_DE8A095D.out, proofs/SIG_TLS_DE8A095D.out and proofs/PK_TLS_DE8A095D.der
Signature verification succeeds
[TLS] Server time: 1619874002
[TLS] client_random  (32): 73F14739C2C95834DBD8B1DB037EAAE616567C8E138A92A4DC7AD3AE1585A6F7
[TLS] sign_hash (32): 37931A6B8027F8A7C566D13804EFF22557A8F3219F87B3C1DAF6C0CC8E743066
[TLS] Written transcript to proofs/MSG_TLS_73F14739.out, proofs/SIG_TLS_73F14739.out and proofs/PK_TLS_73F14739.der
Signature verification succeeds
[TLS] Server time: 1619874002
[TLS] client_random  (32): AD136BE584108BBE217A2781F4EC297DAD858E5E802EEF5EB03557F385C9EE4D
[TLS] sign_hash (32): 678113DBA41CA59B58ACBF21367E2728586D89F00643A4C0F29F86ADE1C80052
[TLS] Written transcript to proofs/MSG_TLS_AD136BE5.out, proofs/SIG_TLS_AD136BE5.out and proofs/PK_TLS_AD136BE5.der
Signature verification succeeds
[TLS] Server time: 1619874002
[TLS] client_random  (32): 44F17CFA556E31EF9CC9973FF0A1DC49480AB868ABEBB1E376E394C3F0A4FCD2
[TLS] sign_hash (32): DC5D21470ACC77C20D8DB7B34DBF0E17F477AEFA9D5CB97EC0CCF235E2FE688E
[TLS] Written transcript to proofs/MSG_TLS_44F17CFA.out, proofs/SIG_TLS_44F17CFA.out and proofs/PK_TLS_44F17CFA.der
Signature verification succeeds
[TLS] Server time: 1619874002
[TLS] client_random  (32): 4C22AE73D366AE52E6D1D5B91629B267F471D3AE01FE0A738C8DF0D175CB3E23
[TLS] sign_hash (32): 62A6FC7E9E6D732FD21DC33E939137DBC16C21687650DB024C71461621B8D686
[TLS] Written transcript to proofs/MSG_TLS_4C22AE73.out, proofs/SIG_TLS_4C22AE73.out and proofs/PK_TLS_4C22AE73.der
Signature verification succeeds
[TLS] Server time: 1619874002
[TLS] client_random  (32): B8FCFC576A7F2D24753B3A152E0A369FF129CB9A0A1347F558050CBADD45DC2C
[TLS] sign_hash (32): 7987C26A40BA0276A2950C248F0F8923C09BFF12C8494E9B687F1FA8264A66D2
[TLS] Written transcript to proofs/MSG_TLS_B8FCFC57.out, proofs/SIG_TLS_B8FCFC57.out and proofs/PK_TLS_B8FCFC57.der
Signature verification succeeds
[TLS] Server time: 1619874002
[TLS] client_random  (32): 11B9E69AE5F97D73B5C974E99AD604A3AA7592C5957A5F578BAF05DC3DE031C2
[TLS] sign_hash (32): 70627F132624F5B4A39DF076E382AB8CF31D1D7BABDF628B27FA139070D46420
[TLS] Written transcript to proofs/MSG_TLS_11B9E69A.out, proofs/SIG_TLS_11B9E69A.out and proofs/PK_TLS_11B9E69A.der
Signature verification succeeds
[TLS] Server time: 1619874002
[TLS] client_random  (32): CFB66D6DDDF2F6D5337D530C2D9AD866261924C8A87545B9B300F92177812B55
[TLS] sign_hash (32): 00AC4FAAAEA5567FEB5381EFE61650B3B268478317DC409BD4D97AD5A4FD129E
[TLS] Written transcript to proofs/MSG_TLS_CFB66D6D.out, proofs/SIG_TLS_CFB66D6D.out and proofs/PK_TLS_CFB66D6D.der
Signature verification succeeds
[TLS] Server time: 1619874002
[TLS] client_random  (32): C0247B5C4DC913A3F05AE14D6BB12606BCFED59FBC92F114A10CFF13634B9047
[TLS] sign_hash (32): 2F8534F006D1920CDE5839DDC826463B5513ECAAA7B03CF0C5C7A39C2B460F16
[TLS] Written transcript to proofs/MSG_TLS_C0247B5C.out, proofs/SIG_TLS_C0247B5C.out and proofs/PK_TLS_C0247B5C.der
Signature verification succeeds
[TLS] Server time: 1619874002
[TLS] client_random  (32): AB5CA87B7C157966DEBE2FF10C63788CB019FA56C15044C1C49922D215D791BE
[TLS] sign_hash (32): CB043A79D6E586988196F4DFEBDC00EF38258C208BE8E16A8FF7FB1C9C7493FD
[TLS] Written transcript to proofs/MSG_TLS_AB5CA87B.out, proofs/SIG_TLS_AB5CA87B.out and proofs/PK_TLS_AB5CA87B.der
Signature verification succeeds
[TLS] Server time: 1619874002
[TLS] client_random  (32): 540AA5E6B13B7443C096D7C3CD87C704E3AA43F88515CD8CE01BAC90F7F8859D
[TLS] sign_hash (32): 0B09EAE9497B7C2D6ADFFD19D9F522DF0BC7E08602931BD9D21935A03F4191C8
[TLS] Written transcript to proofs/MSG_TLS_540AA5E6.out, proofs/SIG_TLS_540AA5E6.out and proofs/PK_TLS_540AA5E6.der
Signature verification succeeds
[TLS] Server time: 1619874002
[TLS] client_random  (32): AE53B0A261D060FB8B08F6748ADE7C2E02754B4B0FF4E9DC09B19E0F0AD9E8C5
[TLS] sign_hash (32): D86A02E2E227E705B974FE70D59D51311CC57532F44E3CCA7E2D5D5BA4921E39
[TLS] Written transcript to proofs/MSG_TLS_AE53B0A2.out, proofs/SIG_TLS_AE53B0A2.out and proofs/PK_TLS_AE53B0A2.der
Signature verification succeeds
[TLS] Server time: 1619874002
[TLS] client_random  (32): 43A5B6C4E0DDD43B417D63EE986C1DD55BFE5AAFDB5C3FF3C80E9483F364DB8F
[TLS] sign_hash (32): 37A3272AC6E07BDD4A5AE78C6355870EC856FC69B77D156C5A85C4E6C555FCDF
[TLS] Written transcript to proofs/MSG_TLS_43A5B6C4.out, proofs/SIG_TLS_43A5B6C4.out and proofs/PK_TLS_43A5B6C4.der
Signature verification succeeds
[TLS] Server time: 1619874002
[TLS] client_random  (32): 9046915CB388EEAC2D160112A09AA04D769A7D7367ADE7BEE6CA7766448EB261
[TLS] sign_hash (32): B18362F934CC683BC3FB63282BBF8E9CDF62B38D530F7D68B3F75696152C14AA
[TLS] Written transcript to proofs/MSG_TLS_9046915C.out, proofs/SIG_TLS_9046915C.out and proofs/PK_TLS_9046915C.der
Signature verification succeeds
[TLS] Server time: 1619874002
[TLS] client_random  (32): 729C5B9745E3358AD9D899E49855BA5B68C938B7D887B6B814B5A989BCB4FFE1
[TLS] sign_hash (32): 5CAED8473CFDBBEA997E2CCF54AE485442425C82997864EF66A51975439F4A30
[TLS] Written transcript to proofs/MSG_TLS_729C5B97.out, proofs/SIG_TLS_729C5B97.out and proofs/PK_TLS_729C5B97.der
Signature verification succeeds
[TLS] Server time: 1619874002
[TLS] client_random  (32): 6783A64A06BE87F3E1A1F3C5257BD8CA6911B0C1763B5AB86089AC1C862A3663
[TLS] sign_hash (32): 185F670845D6D13AA23D7B826CE2B25A0204DA9F0A987968624797E235DB1D47
[TLS] Written transcript to proofs/MSG_TLS_6783A64A.out, proofs/SIG_TLS_6783A64A.out and proofs/PK_TLS_6783A64A.der
Signature verification succeeds
[TLS] Server time: 1619874002
[TLS] client_random  (32): 525F38D08C1DB753428B46392FF7634E375A79505817CEF7C7D8E52F14360D80
[TLS] sign_hash (32): 86ED406BACB1DD507B0929F512A208CAB99D5BC6F1774BDC365AD4E9A0F3B7FA
[TLS] Written transcript to proofs/MSG_TLS_525F38D0.out, proofs/SIG_TLS_525F38D0.out and proofs/PK_TLS_525F38D0.der
Signature verification succeeds
[TLS] Server time: 1619874002
[TLS] client_random  (32): C2000B50DA207823FF18F3C29630DACF6DD40D23B03E26D5CB59A06BE753CC50
[TLS] sign_hash (32): F390C6B21ED71F46A34C1610349163EE6D8392C4ED08D90C23074C2FE0B850A7
[TLS] Written transcript to proofs/MSG_TLS_C2000B50.out, proofs/SIG_TLS_C2000B50.out and proofs/PK_TLS_C2000B50.der
Signature verification succeeds
[TLS] Server time: 1619874002
[TLS] client_random  (32): A54BDB294754BE30F04E6CD627D58A02CDF55E13ADC94A306F703A5AAB9F3F47
[TLS] sign_hash (32): 7938C457EF31D37E55B3A724F83405FAFB4DD83292858199F23D436F565B3B17
[TLS] Written transcript to proofs/MSG_TLS_A54BDB29.out, proofs/SIG_TLS_A54BDB29.out and proofs/PK_TLS_A54BDB29.der
Signature verification succeeds
[TLS] Server time: 1619874002
[TLS] client_random  (32): 69C0F081CC87FC401578C35B586FCD41F06FBC31027ABFB9BE2E5B871538D97F
[TLS] sign_hash (32): 03AA0834F95D26E2D9E5F924A8D2880F2AA28FCA740D7619ED84D139755F7044
[TLS] Written transcript to proofs/MSG_TLS_69C0F081.out, proofs/SIG_TLS_69C0F081.out and proofs/PK_TLS_69C0F081.der
Signature verification succeeds
[TLS] Server time: 1619874002
[TLS] client_random  (32): FE91AB57760435D944454292B01C6608802DA9D3F3F6B6BA97FEB94E234DC20E
[TLS] sign_hash (32): 46E50DBE55752E23DC26983FEB61F22F250E6702A9B76ED87CA3CB34151A899A
[TLS] Written transcript to proofs/MSG_TLS_FE91AB57.out, proofs/SIG_TLS_FE91AB57.out and proofs/PK_TLS_FE91AB57.der
Signature verification succeeds
[TLS] Server time: 1619874002
[TLS] client_random  (32): 465BF2324FA14DF17AA5328C4A01A34313460F6E4189D357AD049CC856EE3E35
[TLS] sign_hash (32): C7BABC10E649E4FBAB0CF5D90CBEE94AE61327E59E720D94C1CB8ABC3E60D7E9
[TLS] Written transcript to proofs/MSG_TLS_465BF232.out, proofs/SIG_TLS_465BF232.out and proofs/PK_TLS_465BF232.der
Signature verification succeeds
[TLS] Server time: 1619874002
[TLS] client_random  (32): B1D64F2338FC8697508E98C89A7FAEA32BFB8AAA9CD90012141885B5D891983F
[TLS] sign_hash (32): C1AA22BA58CFB76F4471D1F86E1431E7CE4FB29EFF8CBB55FEE00CB2B92872EB
[TLS] Written transcript to proofs/MSG_TLS_B1D64F23.out, proofs/SIG_TLS_B1D64F23.out and proofs/PK_TLS_B1D64F23.der
Signature verification succeeds
[TLS] Server time: 1619874002
[TLS] client_random  (32): 533F28AB75FDAF41C71F16DBE42D1C902AB8CD19547E8CD8643CE0F1EE486E71
[TLS] sign_hash (32): 9F42BDFEA21CBF2AD87BC50064AD54590BDB370926A6D8F62F02517E61EE88AB
[TLS] Written transcript to proofs/MSG_TLS_533F28AB.out, proofs/SIG_TLS_533F28AB.out and proofs/PK_TLS_533F28AB.der
Signature verification succeeds
[TLS] Server time: 1619874002
[TLS] client_random  (32): F4C5528B1730EFB4AADCE06CF50E20DD4E93D287E665DD5FDEB2787F8D9BCD72
[TLS] sign_hash (32): D665B899259E2AED61FD9A4BCB5A49DCE5736C8EB8679C66A8FBBB2A3A8C5046
[TLS] Written transcript to proofs/MSG_TLS_F4C5528B.out, proofs/SIG_TLS_F4C5528B.out and proofs/PK_TLS_F4C5528B.der
Signature verification succeeds
[TLS] Server time: 1619874002
[TLS] client_random  (32): ECE1E81B14F6A1EE859D1FFB0CC037F7E1E2AFA7C32A2585292C4DC7FAF92603
[TLS] sign_hash (32): 70B2410E34875F350CB35F5FF021994C7703E4A78F40E1DB9D5955F4DAFC18C5
[TLS] Written transcript to proofs/MSG_TLS_ECE1E81B.out, proofs/SIG_TLS_ECE1E81B.out and proofs/PK_TLS_ECE1E81B.der
Signature verification succeeds
[TLS] Server time: 1619874002
[TLS] client_random  (32): A46990A5C38D5C92B689FBF39CA7ECCCA37F5FCB23C12575EA329A2B3B0A7CA2
[TLS] sign_hash (32): 0FA55A19B17A248ECB21FB5BCF4E94129DB7A4DFE96799ECBC786C1C12C6E92A
[TLS] Written transcript to proofs/MSG_TLS_A46990A5.out, proofs/SIG_TLS_A46990A5.out and proofs/PK_TLS_A46990A5.der
Signature verification succeeds
[TLS] Server time: 1619874002
[TLS] client_random  (32): A26CF943F952E729D26DA0EF6B50E36B8201CACC95AC35A30487FD522ADBFE9A
[TLS] sign_hash (32): 4189D7DBDC640B963D6FC36A997B0613E973876B9698835574E8B770BE4675FD
[TLS] Written transcript to proofs/MSG_TLS_A26CF943.out, proofs/SIG_TLS_A26CF943.out and proofs/PK_TLS_A26CF943.der
Signature verification succeeds
Time breakdown (averages): anchor_ping:5.641598 file_read:0.135253 hashing:0.470606
Total time for 125 rounds is 786.583987ms
Standard deviations: anchor_ping:0.487513 file_read:0.012747 hashing:0.005455
[Client-side ops] mean:0.605859 sd:0.013825
in & out anchor rand written to proofs/phase1.out
    126 [TLS] Server time: 1619874002
Count is 126
success: 1
RESULT: 1 in 1 tries
