TLS anchor: holycross.ac.uk
Actual: 61, Set: 125
Beginning execution at Wed Apr 28 14:00:01 UTC 2021
CONF: anchor:holycross.ac.uk fs:1024MB n_rounds:125 seed:5c9f4bf9bbc15bb855f82faedc5a52fc3ab2dfa8ec3ba3ce1b270f31fa0cced2 filename:FILE bs:1024 nops:100 benchmarking:0 anchor_ping:1 queue_depth:32 direct:0
[TLS] Connecting to holycross.ac.uk
[TLS] Server time: 1619618401
[TLS] client_random  (32): 5C9F4BF9BBC15BB855F82FAEDC5A52FC3AB2DFA8EC3BA3CE1B270F31FA0CCED2
[TLS] sign_hash (32): 8666DC3D8277DA48D67B8748D53119784F9A159B3DB4C5CE1A3A43B6BF1D325B
[TLS] Written transcript to proofs/MSG_TLS_5C9F4BF9.out, proofs/SIG_TLS_5C9F4BF9.out and proofs/PK_TLS_5C9F4BF9.der
Signature verification succeeds
[TLS] Server time: 1619618401
[TLS] client_random  (32): 02CE5EB538CA988CE3FEF85D9B2ED4443DE2854179F65129FD90E41D42FB6A37
[TLS] sign_hash (32): A9A15BB1AA1C2B235518EFDD22AC5C1E3D46C2684530D50C45CD7E938DB743BE
[TLS] Written transcript to proofs/MSG_TLS_02CE5EB5.out, proofs/SIG_TLS_02CE5EB5.out and proofs/PK_TLS_02CE5EB5.der
Signature verification succeeds
[TLS] Server time: 1619618401
[TLS] client_random  (32): DD417B0054B555E6817E9D53D6B83D18F8ABDA498EDCA9D36F255DD8F75F8F1B
[TLS] sign_hash (32): 8995F90F916B9D98E56CFECB2918341EF9E3CB9BA496C7A633880385D5C2D393
[TLS] Written transcript to proofs/MSG_TLS_DD417B00.out, proofs/SIG_TLS_DD417B00.out and proofs/PK_TLS_DD417B00.der
Signature verification succeeds
[TLS] Server time: 1619618401
[TLS] client_random  (32): 42F13F1A6540A984D05397B335A7F98C584A5724D8ED729BA5AAF3C75501E210
[TLS] sign_hash (32): 96F270CDB7E3B212A2B36FEBF07070E9F9E987E6431CA49192413687DA555B67
[TLS] Written transcript to proofs/MSG_TLS_42F13F1A.out, proofs/SIG_TLS_42F13F1A.out and proofs/PK_TLS_42F13F1A.der
Signature verification succeeds
[TLS] Server time: 1619618401
[TLS] client_random  (32): 35DA1E89BCA392507F2B62099448172745A00EE4450CAE6DD633BE86FC956029
[TLS] sign_hash (32): 4763524588C7C31A7B924A8AA60E112DF59616C50E9CC3F8D1942B76CB19B8F8
[TLS] Written transcript to proofs/MSG_TLS_35DA1E89.out, proofs/SIG_TLS_35DA1E89.out and proofs/PK_TLS_35DA1E89.der
Signature verification succeeds
[TLS] Server time: 1619618401
[TLS] client_random  (32): D171A7C37F021316732D67C1AF391143159AE7A11F9FCAF2B321EA1E4BF18DB1
[TLS] sign_hash (32): DE3A7BA34DE623924DECD3E83FCEBB78935FF338AB8EAA58FBCC5788D713461F
[TLS] Written transcript to proofs/MSG_TLS_D171A7C3.out, proofs/SIG_TLS_D171A7C3.out and proofs/PK_TLS_D171A7C3.der
Signature verification succeeds
[TLS] Server time: 1619618401
[TLS] client_random  (32): 546707337A17035D14E8F11AE5F509305AC051986A4B18453E1165890E8850D3
[TLS] sign_hash (32): 7218B62350F6E32909B987E0D59D2923E124FEDFDB42D10E95580958F377427E
[TLS] Written transcript to proofs/MSG_TLS_54670733.out, proofs/SIG_TLS_54670733.out and proofs/PK_TLS_54670733.der
Signature verification succeeds
[TLS] Server time: 1619618401
[TLS] client_random  (32): 8C6FC77B12140BB85901D8598D68C4A0D96328459901F5BB863985AE1CAF3B0A
[TLS] sign_hash (32): 972AF2E5567127DEC6BA88787FFBA0C7E221BB9ABA6B5BEB4A1BABDB935F709B
[TLS] Written transcript to proofs/MSG_TLS_8C6FC77B.out, proofs/SIG_TLS_8C6FC77B.out and proofs/PK_TLS_8C6FC77B.der
Signature verification succeeds
[TLS] Server time: 1619618401
[TLS] client_random  (32): 93727B4EE5C0A580E5884AD4AB08DBBFDF91ADAF9B3A4C91A6E5F3BC16675C82
[TLS] sign_hash (32): CF1222573700D9A89A67A7DFB6FE3C74FE90F42DCD6850E6A599DF9A09E03FF8
[TLS] Written transcript to proofs/MSG_TLS_93727B4E.out, proofs/SIG_TLS_93727B4E.out and proofs/PK_TLS_93727B4E.der
Signature verification succeeds
[TLS] Server time: 1619618401
[TLS] client_random  (32): F6426586A3D58FE8C4D1689558E68B251CCA96B95E55304CAED3F6191F21ACA5
[TLS] sign_hash (32): FAD8EE8C2FB466BBD76F186591CDBAFE71674B7066767BDF6A2AA257A7BEC229
[TLS] Written transcript to proofs/MSG_TLS_F6426586.out, proofs/SIG_TLS_F6426586.out and proofs/PK_TLS_F6426586.der
Signature verification succeeds
[TLS] Server time: 1619618401
[TLS] client_random  (32): 7C2E468A50FD37B06EC1836BCEDBD464D2A1D395291862D51444DE18C8150668
[TLS] sign_hash (32): 98F287C3A7961FBEE01D6495B313DB124669966E7B50F02B873432846C48AF42
[TLS] Written transcript to proofs/MSG_TLS_7C2E468A.out, proofs/SIG_TLS_7C2E468A.out and proofs/PK_TLS_7C2E468A.der
Signature verification succeeds
[TLS] Server time: 1619618401
[TLS] client_random  (32): 88AF221A539AD22404C6034F57DAA411483D72CCF6DD4751C7395718C1529B8F
[TLS] sign_hash (32): EEA0CD40FCFE7324ABE20CF60E03B57E300B38126E75F49E75F3E3E43FF48E0B
[TLS] Written transcript to proofs/MSG_TLS_88AF221A.out, proofs/SIG_TLS_88AF221A.out and proofs/PK_TLS_88AF221A.der
Signature verification succeeds
[TLS] Server time: 1619618401
[TLS] client_random  (32): DAFDE81F1BFB39FEC83066F735FB0222B6BAF2D61F62E7A35721785D2754DB42
[TLS] sign_hash (32): 5DD3A4721A15D0A381411F9DB18FF1DD830CE4F0EAFEDED3E9D03A2280542416
[TLS] Written transcript to proofs/MSG_TLS_DAFDE81F.out, proofs/SIG_TLS_DAFDE81F.out and proofs/PK_TLS_DAFDE81F.der
Signature verification succeeds
[TLS] Server time: 1619618401
[TLS] client_random  (32): 3F7EAEDF2074FA3696EE14BE714824C347C514D7424DD6E11451457E5B68656A
[TLS] sign_hash (32): 4D6E071914E880E065216FF75C5E84DE2075470A306A860F3C47E6E9802F8836
[TLS] Written transcript to proofs/MSG_TLS_3F7EAEDF.out, proofs/SIG_TLS_3F7EAEDF.out and proofs/PK_TLS_3F7EAEDF.der
Signature verification succeeds
[TLS] Server time: 1619618401
[TLS] client_random  (32): 4C0A0045E3AF2B35925B2850400CFEF252BE9816BD80DFCA36468E2FF61C9C01
[TLS] sign_hash (32): 6E989497F2298A92B56266D5149B3E99D973D837120E5E87063FE39B36929D85
[TLS] Written transcript to proofs/MSG_TLS_4C0A0045.out, proofs/SIG_TLS_4C0A0045.out and proofs/PK_TLS_4C0A0045.der
Signature verification succeeds
[TLS] Server time: 1619618401
[TLS] client_random  (32): A18538A26D8A442DE8C80F7696D6857F6CD1B6AD266D2E34F77456F47A2E1651
[TLS] sign_hash (32): 219E356523E748F10063F5EEA9C7173C64A8716F6E738E7C7F11D83FACA84C69
[TLS] Written transcript to proofs/MSG_TLS_A18538A2.out, proofs/SIG_TLS_A18538A2.out and proofs/PK_TLS_A18538A2.der
Signature verification succeeds
[TLS] Server time: 1619618401
[TLS] client_random  (32): 5338B3767F54F6237204CC8483B8442693DC182206AC20D2BAE55CF144FCBE1F
[TLS] sign_hash (32): 52C10BE28D7690F71F3AB3D86FCE30600DC11149DCF42D2483ED3F25078A80CB
[TLS] Written transcript to proofs/MSG_TLS_5338B376.out, proofs/SIG_TLS_5338B376.out and proofs/PK_TLS_5338B376.der
Signature verification succeeds
[TLS] Server time: 1619618401
[TLS] client_random  (32): 9227363CB5AC567865D3D2DA87B93E5CA816D6D5DDECEE40552B44BDC6A142B7
[TLS] sign_hash (32): 90F3149CD3C017B5CF4234429161343EEC9F34641E8D1280A6C4C27FB0762561
[TLS] Written transcript to proofs/MSG_TLS_9227363C.out, proofs/SIG_TLS_9227363C.out and proofs/PK_TLS_9227363C.der
Signature verification succeeds
[TLS] Server time: 1619618401
[TLS] client_random  (32): EC6E432549FA9E2A60DE1587E591FD6B29E70F660BEA8983CF3F93EDF21E1F16
[TLS] sign_hash (32): 22C181FCB6D4B8B29FF9000B87275E00C5DCA79613CE554735210B25E5842A5D
[TLS] Written transcript to proofs/MSG_TLS_EC6E4325.out, proofs/SIG_TLS_EC6E4325.out and proofs/PK_TLS_EC6E4325.der
Signature verification succeeds
[TLS] Server time: 1619618401
[TLS] client_random  (32): EAB16F89C813FB201CD50DC7AA18F43F92AFA70E005C611558E77C5D0E09E491
[TLS] sign_hash (32): 49A6D497D1AB280EAF88BDB30A925D78D8A2144A4D2B662412CC92E67B773FC5
[TLS] Written transcript to proofs/MSG_TLS_EAB16F89.out, proofs/SIG_TLS_EAB16F89.out and proofs/PK_TLS_EAB16F89.der
Signature verification succeeds
[TLS] Server time: 1619618401
[TLS] client_random  (32): 690F986D9800877B8B629ADA94B752AAC18F0E095DCC87CD1F905CE1243C76D7
[TLS] sign_hash (32): 8EDDA7BFC431240FFEAC3892F149182CFB733FBDB644639AEF420C52D7E6AB78
[TLS] Written transcript to proofs/MSG_TLS_690F986D.out, proofs/SIG_TLS_690F986D.out and proofs/PK_TLS_690F986D.der
Signature verification succeeds
[TLS] Server time: 1619618401
[TLS] client_random  (32): 7F6F384C65A267FD1D22FFDCF08618471FF062B84CD8E1A970B6CECB78D14ECE
[TLS] sign_hash (32): 391B28B8604D11A2BD5805A19EEF73EE12051960DC34918EDB7959424031C2B0
[TLS] Written transcript to proofs/MSG_TLS_7F6F384C.out, proofs/SIG_TLS_7F6F384C.out and proofs/PK_TLS_7F6F384C.der
Signature verification succeeds
[TLS] Server time: 1619618401
[TLS] client_random  (32): 2D02ACD3C73E201F127F8D6DDA06E7802E29CE07E40FBFE76FEB70DA13525BEF
[TLS] sign_hash (32): C2FE78449A22603D38A331A314167A011E823CD824F501EC58D50D0FED7D1478
[TLS] Written transcript to proofs/MSG_TLS_2D02ACD3.out, proofs/SIG_TLS_2D02ACD3.out and proofs/PK_TLS_2D02ACD3.der
Signature verification succeeds
[TLS] Server time: 1619618401
[TLS] client_random  (32): 037FF0B60C320264212CE2CD6C3BAB69814CE29FCBDE0506E7094B5800104436
[TLS] sign_hash (32): 90C4D83BDE7764722B7564AB33F5D5F42C5800F2915C88E234E92CECEF16412D
[TLS] Written transcript to proofs/MSG_TLS_037FF0B6.out, proofs/SIG_TLS_037FF0B6.out and proofs/PK_TLS_037FF0B6.der
Signature verification succeeds
[TLS] Server time: 1619618401
[TLS] client_random  (32): 36FCF093370EC63534E0549B8FC5BE236A1C29D7B4B289ED2E260379BA83A63C
[TLS] sign_hash (32): F9BB70F672F31907D3F283C4C736618A8C7706D96AEFC327AA9A51A8571591F0
[TLS] Written transcript to proofs/MSG_TLS_36FCF093.out, proofs/SIG_TLS_36FCF093.out and proofs/PK_TLS_36FCF093.der
Signature verification succeeds
[TLS] Server time: 1619618401
[TLS] client_random  (32): 76F6FBC782B067FA632B2E55DB737EA383AF114BC1FC99439DF4289E22746DEF
[TLS] sign_hash (32): 1FAA85A0191CC8437FE1EA02FDCDCD5A74310CB2875EBE099D1207A59146BFD8
[TLS] Written transcript to proofs/MSG_TLS_76F6FBC7.out, proofs/SIG_TLS_76F6FBC7.out and proofs/PK_TLS_76F6FBC7.der
Signature verification succeeds
[TLS] Server time: 1619618401
[TLS] client_random  (32): 6B15E3A2892D73B6950CB470361F65702CC28B4D967D44A26F5012AD8378D7CE
[TLS] sign_hash (32): EDAE731DCD38A77C26E7933AE77805F8F5E7F817926A7B02E1BC9966A75216FE
[TLS] Written transcript to proofs/MSG_TLS_6B15E3A2.out, proofs/SIG_TLS_6B15E3A2.out and proofs/PK_TLS_6B15E3A2.der
Signature verification succeeds
[TLS] Server time: 1619618401
[TLS] client_random  (32): 999C7E39F846487F4AFC731F300CF66612AD290FD26E6BD8359DB359BAD7B83D
[TLS] sign_hash (32): 50A0617D5CD6A694F24AFD41F3E00A4BF3E76C11DF0EBDB7F7C1C266265C0151
[TLS] Written transcript to proofs/MSG_TLS_999C7E39.out, proofs/SIG_TLS_999C7E39.out and proofs/PK_TLS_999C7E39.der
Signature verification succeeds
[TLS] Server time: 1619618401
[TLS] client_random  (32): 6FB95240374C596768101340FD9ED357FB6067B4D0F4484FCC584622AC3A7345
[TLS] sign_hash (32): 35ADA2D56B9640B2987512DDAF0BF9B7487896DF3A8B29F7A12398E686C9DBF5
[TLS] Written transcript to proofs/MSG_TLS_6FB95240.out, proofs/SIG_TLS_6FB95240.out and proofs/PK_TLS_6FB95240.der
Signature verification succeeds
[TLS] Server time: 1619618401
[TLS] client_random  (32): 27015D45F54D817BAC06EF039D803FD98375B24EBB48C39DAC9325F22F6892C0
[TLS] sign_hash (32): 1ADBA66E15AE0F00874B0A36423560A143FB9355D877AB508991C65DC7BB9A5E
[TLS] Written transcript to proofs/MSG_TLS_27015D45.out, proofs/SIG_TLS_27015D45.out and proofs/PK_TLS_27015D45.der
Signature verification succeeds
[TLS] Server time: 1619618401
[TLS] client_random  (32): A3618EB1623E836EECB8F6BD7ECE76775ADCA425F5227EF67CB85E270DC33206
[TLS] sign_hash (32): 67C8AFE9D9D4D8AA9C933657A85201D39C25173981B9E60B89D7CBAFCF6064BB
[TLS] Written transcript to proofs/MSG_TLS_A3618EB1.out, proofs/SIG_TLS_A3618EB1.out and proofs/PK_TLS_A3618EB1.der
Signature verification succeeds
[TLS] Server time: 1619618401
[TLS] client_random  (32): 05933982AA486D19A6A19C6B5A7EE675CBE7B3394F51EDFDDB82AF025FCA6781
[TLS] sign_hash (32): 3EA4988879492B1B11704A7F1D620FF7322D93831814A0919C414593129AC8E4
[TLS] Written transcript to proofs/MSG_TLS_05933982.out, proofs/SIG_TLS_05933982.out and proofs/PK_TLS_05933982.der
Signature verification succeeds
[TLS] Server time: 1619618401
[TLS] client_random  (32): E8F2423EFD2727E34ED277D9AC6F72AF1A4CE1F27089E70158520DF50AC21BF1
[TLS] sign_hash (32): C77F7C3F68CC06190E6165CDFF383E1FD97C5A5BF869BB4D4729F1F257B9ACFD
[TLS] Written transcript to proofs/MSG_TLS_E8F2423E.out, proofs/SIG_TLS_E8F2423E.out and proofs/PK_TLS_E8F2423E.der
Signature verification succeeds
[TLS] Server time: 1619618401
[TLS] client_random  (32): D97B26255DFEC19D3F55EBC1E0F702D58EB6D20263CF7D1C76A76A628EE631FD
[TLS] sign_hash (32): 346F2338488D17A5A930FCC92E0D09922669E79EC62696D5A63BFEA31C206C00
[TLS] Written transcript to proofs/MSG_TLS_D97B2625.out, proofs/SIG_TLS_D97B2625.out and proofs/PK_TLS_D97B2625.der
Signature verification succeeds
[TLS] Server time: 1619618401
[TLS] client_random  (32): 8352E7674946C32890D0324048DE0FB5CA35912F85FCE1734A7A60CB87FA0DF5
[TLS] sign_hash (32): 294A9EE778AA97E300A439CD4FFF0FF5396217D26DEC0A0FA04555E9764B6D39
[TLS] Written transcript to proofs/MSG_TLS_8352E767.out, proofs/SIG_TLS_8352E767.out and proofs/PK_TLS_8352E767.der
Signature verification succeeds
[TLS] Server time: 1619618401
[TLS] client_random  (32): 1815479F343440F69716D2753464A37502AE706FD41D468BAD42618E0E266A37
[TLS] sign_hash (32): 3E1E5729299345F286E7002EE8143C512134C01B35B1FE39AAF1F9D2C4967915
[TLS] Written transcript to proofs/MSG_TLS_1815479F.out, proofs/SIG_TLS_1815479F.out and proofs/PK_TLS_1815479F.der
Signature verification succeeds
[TLS] Server time: 1619618401
[TLS] client_random  (32): 37D445B3823C822F139C77E6C262E7DD5A2B9F1A9087478305A156AF017983DB
[TLS] sign_hash (32): 35E14D97F277BF29FA8F5BF770F0A4BCD76757E7413A10098060BFF4C1D7BA2F
[TLS] Written transcript to proofs/MSG_TLS_37D445B3.out, proofs/SIG_TLS_37D445B3.out and proofs/PK_TLS_37D445B3.der
Signature verification succeeds
[TLS] Server time: 1619618401
[TLS] client_random  (32): 1709A69DD150E2A9DCCABDED8B805105AFA3A0012830CC97D34E4FE716FC3C1F
[TLS] sign_hash (32): 64EE041585DCC9C08F43DE29F68D7B006F5C2C09B7B2EAE23539463C4BC2E699
[TLS] Written transcript to proofs/MSG_TLS_1709A69D.out, proofs/SIG_TLS_1709A69D.out and proofs/PK_TLS_1709A69D.der
Signature verification succeeds
[TLS] Server time: 1619618401
[TLS] client_random  (32): 402041D84426ABBFA213BBA06E7098AED980C19283241FB22842E6C286681C0E
[TLS] sign_hash (32): 81F43655ACA662F041886CC9A09310F2E9C3D8F79BB4788118703A9E503E0E3E
[TLS] Written transcript to proofs/MSG_TLS_402041D8.out, proofs/SIG_TLS_402041D8.out and proofs/PK_TLS_402041D8.der
Signature verification succeeds
[TLS] Server time: 1619618401
[TLS] client_random  (32): EF9D4504BA7BD22971DDB2B2DEE0F5C6A9954883DF8A88D14AC6635A2CAD177B
[TLS] sign_hash (32): C308AEF2175BD4DFD22D3F316EECA39036595B6F9AE9D45570ACFD3BB7218AF3
[TLS] Written transcript to proofs/MSG_TLS_EF9D4504.out, proofs/SIG_TLS_EF9D4504.out and proofs/PK_TLS_EF9D4504.der
Signature verification succeeds
[TLS] Server time: 1619618401
[TLS] client_random  (32): 43CCCC3C74D55EBF0A483658B9FF50C4329CFDCCA6254E896C55B6CB14F70705
[TLS] sign_hash (32): 887803B84DE1C093167C612CDB5BE4C1355C277D895B6AAD861A6EFE2A7B527C
[TLS] Written transcript to proofs/MSG_TLS_43CCCC3C.out, proofs/SIG_TLS_43CCCC3C.out and proofs/PK_TLS_43CCCC3C.der
Signature verification succeeds
[TLS] Server time: 1619618401
[TLS] client_random  (32): BBA3031985273FE1B9AE63EEE472300B175CC8C7A889FF140D52389A88735444
[TLS] sign_hash (32): BE7BB4E664B19A9BB7A9AB64856EA50625D7189717B0E59B3CFCEFD3396C6C73
[TLS] Written transcript to proofs/MSG_TLS_BBA30319.out, proofs/SIG_TLS_BBA30319.out and proofs/PK_TLS_BBA30319.der
Signature verification succeeds
[TLS] Server time: 1619618401
[TLS] client_random  (32): 0221B1B7B550809F9479BD891FB598A335324C35BA646A27CE330730133A9BE8
[TLS] sign_hash (32): 8B9C515FAA9A11906E01DF51D52C71001365BBC8AF7CCAF50305751E265FE22B
[TLS] Written transcript to proofs/MSG_TLS_0221B1B7.out, proofs/SIG_TLS_0221B1B7.out and proofs/PK_TLS_0221B1B7.der
Signature verification succeeds
[TLS] Server time: 1619618401
[TLS] client_random  (32): 7D54FF6FA5E7AF3FA1BB191C8A40E8991E4A50AB4A383EA80872893FF77F27F7
[TLS] sign_hash (32): 98DA82FCC7DE8A46B156C50DD547FF7209F68F9DE1C17C900ED0F6219C12A3FC
[TLS] Written transcript to proofs/MSG_TLS_7D54FF6F.out, proofs/SIG_TLS_7D54FF6F.out and proofs/PK_TLS_7D54FF6F.der
Signature verification succeeds
[TLS] Server time: 1619618401
[TLS] client_random  (32): C1610A8EE9D31F6D00BE89F73D7B37DF34EB53BD498E7FB289CDFAA4CE69F181
[TLS] sign_hash (32): F40A556561640EE9B4A278969B669082384211400CA7B1620841BDD1B38AFCE9
[TLS] Written transcript to proofs/MSG_TLS_C1610A8E.out, proofs/SIG_TLS_C1610A8E.out and proofs/PK_TLS_C1610A8E.der
Signature verification succeeds
[TLS] Server time: 1619618401
[TLS] client_random  (32): 70529AEDBA3AD93CC936E1169116C7FCD97231C4A3340D516783C3DB3D03697F
[TLS] sign_hash (32): C894DCA56EBE211E6299447313BC873FA0D1354F1FEB6928BBE14A5EF0171783
[TLS] Written transcript to proofs/MSG_TLS_70529AED.out, proofs/SIG_TLS_70529AED.out and proofs/PK_TLS_70529AED.der
Signature verification succeeds
[TLS] Server time: 1619618401
[TLS] client_random  (32): 9A3EDCF00CF53E2FE6FB19AB84415CB7530A874D8107251A4908407E6DD271C9
[TLS] sign_hash (32): 05649EA217649D219DBC5ECE087A1E1436B0CC3C783312E93E646DC03FE5FA76
[TLS] Written transcript to proofs/MSG_TLS_9A3EDCF0.out, proofs/SIG_TLS_9A3EDCF0.out and proofs/PK_TLS_9A3EDCF0.der
Signature verification succeeds
[TLS] Server time: 1619618401
[TLS] client_random  (32): 7BA196BD9E50EA46CF2FE856895CA7DE698AF1AB69E5A77C868722A59F381B91
[TLS] sign_hash (32): CE3D5CE5B825BF87E7C7879F83233CEFCDD5CB22FAE6CE2DCAC184AA08062D95
[TLS] Written transcript to proofs/MSG_TLS_7BA196BD.out, proofs/SIG_TLS_7BA196BD.out and proofs/PK_TLS_7BA196BD.der
Signature verification succeeds
[TLS] Server time: 1619618401
[TLS] client_random  (32): 40AEA76A28C7E783CEC65D66D85D3BC556AF99AA17D4D069FA448225738C6A90
[TLS] sign_hash (32): BFF790CF4EB62C0AD55A8E104F1F06C22CC9C208960175975756BEAA663CC80E
[TLS] Written transcript to proofs/MSG_TLS_40AEA76A.out, proofs/SIG_TLS_40AEA76A.out and proofs/PK_TLS_40AEA76A.der
Signature verification succeeds
[TLS] Server time: 1619618401
[TLS] client_random  (32): A218839714C0BEFC36B040D9D1C686F56EEF3C1B6C54F73CBEA5B0E43A0193F9
[TLS] sign_hash (32): A6468EE624CAEB164192EB70C4865785375402C28DBEF6376866E4B5EEFA5ED2
[TLS] Written transcript to proofs/MSG_TLS_A2188397.out, proofs/SIG_TLS_A2188397.out and proofs/PK_TLS_A2188397.der
Signature verification succeeds
[TLS] Server time: 1619618401
[TLS] client_random  (32): 280235820C856584A50A8DCF13E09890A1FCE1B908CA9825677A299F37C4A4E4
[TLS] sign_hash (32): 8C5E9135E4711321DC049192526F9FF7461CCB4A7A21E1C5AC9AABA96D09DAC1
[TLS] Written transcript to proofs/MSG_TLS_28023582.out, proofs/SIG_TLS_28023582.out and proofs/PK_TLS_28023582.der
Signature verification succeeds
[TLS] Server time: 1619618401
[TLS] client_random  (32): 97F81EE5690E3D6AB3190A4118EB9EC49738221FA215AE9AD82546E137A6DFAC
[TLS] sign_hash (32): 54422D9BAA255444E048AC89E8D2B2A3437A7B9B409FEBE27625CA6168F00075
[TLS] Written transcript to proofs/MSG_TLS_97F81EE5.out, proofs/SIG_TLS_97F81EE5.out and proofs/PK_TLS_97F81EE5.der
Signature verification succeeds
[TLS] Server time: 1619618401
[TLS] client_random  (32): 5F70D5C5C43F3D73EBF62FEF08E84BBFF11CA7E527EFF0126C0AA2FC0A33271C
[TLS] sign_hash (32): DFA08DE649BCC4533137B8F1761FFE8FAAECB7079241627F6827BA8F2882F8B1
[TLS] Written transcript to proofs/MSG_TLS_5F70D5C5.out, proofs/SIG_TLS_5F70D5C5.out and proofs/PK_TLS_5F70D5C5.der
Signature verification succeeds
[TLS] Server time: 1619618401
[TLS] client_random  (32): BA859D8FF39FA8B82FC5979CC3AE7DDA7CEBBB9E6CBFBB8518A058D20869D099
[TLS] sign_hash (32): 836E8CA2ECB70F26A81F56107D62ED7B64599F1E1DBD211B87FD9C599D64E7E8
[TLS] Written transcript to proofs/MSG_TLS_BA859D8F.out, proofs/SIG_TLS_BA859D8F.out and proofs/PK_TLS_BA859D8F.der
Signature verification succeeds
[TLS] Server time: 1619618401
[TLS] client_random  (32): C56C668CFB846863560CCB72E661572A653F5E12DB40F0A0CF00597FCFC76EDA
[TLS] sign_hash (32): 5A1B5F6971E3150BFE4C1FBDB8F7EF7A74C52873FA9F6795BCC62B87D9A73F9E
[TLS] Written transcript to proofs/MSG_TLS_C56C668C.out, proofs/SIG_TLS_C56C668C.out and proofs/PK_TLS_C56C668C.der
Signature verification succeeds
[TLS] Server time: 1619618401
[TLS] client_random  (32): 15CC18980A4F57E79CCA5A6062D7B168E9F50007C97C63B01D24A2C309E8BCDD
[TLS] sign_hash (32): 8C792D0502B26D6B1CCB6BA1E1E6C1BCFE8A1CDF2B476EA650B0E0E8E15C232A
[TLS] Written transcript to proofs/MSG_TLS_15CC1898.out, proofs/SIG_TLS_15CC1898.out and proofs/PK_TLS_15CC1898.der
Signature verification succeeds
[TLS] Server time: 1619618401
[TLS] client_random  (32): DC50819901219678E8B06A91BB4FD502D5BB6466E4492213382323A00A28A1F0
[TLS] sign_hash (32): E72EAA2F3B368FA653B167C8031F6E5D9E34C0412B62EF91F22C8536A1E16A2C
[TLS] Written transcript to proofs/MSG_TLS_DC508199.out, proofs/SIG_TLS_DC508199.out and proofs/PK_TLS_DC508199.der
Signature verification succeeds
[TLS] Server time: 1619618401
[TLS] client_random  (32): 6CA7574CA3B91BE12B5B943C08FAB54561D8A4B02F15C1C7FD7419ECD1644FD8
[TLS] sign_hash (32): F266025743A973EF4AD4567F9AD848993D040E48DDC76B081A70A9CA4544FB50
[TLS] Written transcript to proofs/MSG_TLS_6CA7574C.out, proofs/SIG_TLS_6CA7574C.out and proofs/PK_TLS_6CA7574C.der
Signature verification succeeds
[TLS] Server time: 1619618401
[TLS] client_random  (32): B58ACD9C5CCA423E7DFF49861E23005ABBC0DD94A526B523B2CF47FF05FFB66F
[TLS] sign_hash (32): B19F16D0061F8219C569548705B6127EEB69D88708A0874B20FA25183E993E64
[TLS] Written transcript to proofs/MSG_TLS_B58ACD9C.out, proofs/SIG_TLS_B58ACD9C.out and proofs/PK_TLS_B58ACD9C.der
Signature verification succeeds
[TLS] Server time: 1619618401
[TLS] client_random  (32): 2F666D1BCE1A922B29F9C0D47605866706BA7FE955CF4E66D55EEEEC1DD6EE0B
[TLS] sign_hash (32): 48CE31CB43A13B5624732E7245C14E47ED7888AAE19A817AEFC4D24F7F9F7189
[TLS] Written transcript to proofs/MSG_TLS_2F666D1B.out, proofs/SIG_TLS_2F666D1B.out and proofs/PK_TLS_2F666D1B.der
Signature verification succeeds
[TLS] Server time: 1619618401
[TLS] client_random  (32): 78BAC2D16628898C9C2A12BEC59116D41A0E55C6A8EF24D072E58C26DB9400EA
[TLS] sign_hash (32): 66CC51321F4F7D86B3992CBB4EFCA16845C60A2D0AC047512E32784F9355C3DB
[TLS] Written transcript to proofs/MSG_TLS_78BAC2D1.out, proofs/SIG_TLS_78BAC2D1.out and proofs/PK_TLS_78BAC2D1.der
Signature verification succeeds
[TLS] Server time: 1619618401
[TLS] client_random  (32): 375A35609AF8B3DC685B2D2529791CD647BE64583DA3041D35CD7A7A5B496F4F
[TLS] sign_hash (32): BFC7830EDCC2121E9E94489408A0F82B606C2C67F302A95D91E076DA555A2E67
[TLS] Written transcript to proofs/MSG_TLS_375A3560.out, proofs/SIG_TLS_375A3560.out and proofs/PK_TLS_375A3560.der
Signature verification succeeds
[TLS] Server time: 1619618401
[TLS] client_random  (32): 478A52B1FC8F6AA96C01835A37375A2A894903FBF1A4B4DDECCC13B4EA97C03B
[TLS] sign_hash (32): 4DC79D36C4F60F7E590F78C66726016B4ACBF83D9500B1D97CAD8720758DE9FF
[TLS] Written transcript to proofs/MSG_TLS_478A52B1.out, proofs/SIG_TLS_478A52B1.out and proofs/PK_TLS_478A52B1.der
Signature verification succeeds
[TLS] Server time: 1619618401
[TLS] client_random  (32): BADCD98A56AF6CF0D762EA1224E659EBC2814265125BABC36A2B33EFEC5BA22A
[TLS] sign_hash (32): DFFD4DE2F7DB0D2B2712ED9CA622BB4DEACAC1ADAD0CD96A0409C566F3EC88A8
[TLS] Written transcript to proofs/MSG_TLS_BADCD98A.out, proofs/SIG_TLS_BADCD98A.out and proofs/PK_TLS_BADCD98A.der
Signature verification succeeds
[TLS] Server time: 1619618401
[TLS] client_random  (32): EF6D692C4A05E98377309F62C1657114EF91126C865FB7890EEE0ABDDB134E16
[TLS] sign_hash (32): FE2173BB7A348E34A151F4AF7CD1C7AB8CE69F98ACF1BA9E195CF232D19A3C1F
[TLS] Written transcript to proofs/MSG_TLS_EF6D692C.out, proofs/SIG_TLS_EF6D692C.out and proofs/PK_TLS_EF6D692C.der
Signature verification succeeds
[TLS] Server time: 1619618401
[TLS] client_random  (32): 90208346CD80FCC1349936E111788CC6ED583D19EE5EE2EAC5EC5B9E1CA26B19
[TLS] sign_hash (32): 713CB2D1511E72E190E211D4EF6D8C92496A32A72EEC04459C2C863A4E2A9B77
[TLS] Written transcript to proofs/MSG_TLS_90208346.out, proofs/SIG_TLS_90208346.out and proofs/PK_TLS_90208346.der
Signature verification succeeds
[TLS] Server time: 1619618401
[TLS] client_random  (32): 433B7A8E5DA2697006FB5803B07EFDB98EEF93FBD474DE970227C8C2AEE57B36
[TLS] sign_hash (32): 6269B63CB04B48E27F31C7D6C6B85030B9F75C1D1107091A5E9D3CDD6BCD965D
[TLS] Written transcript to proofs/MSG_TLS_433B7A8E.out, proofs/SIG_TLS_433B7A8E.out and proofs/PK_TLS_433B7A8E.der
Signature verification succeeds
[TLS] Server time: 1619618401
[TLS] client_random  (32): 080709B4C70B1AA16F408876BAEC02CD7050A4403B0FB657D109599CB62FBBF8
[TLS] sign_hash (32): 68932A0F18A3E18B3BA5DD62824C2405E7CEDD5150DF85EB5772CB3A8FFC530F
[TLS] Written transcript to proofs/MSG_TLS_080709B4.out, proofs/SIG_TLS_080709B4.out and proofs/PK_TLS_080709B4.der
Signature verification succeeds
[TLS] Server time: 1619618401
[TLS] client_random  (32): E43322FF48B80434DA695C22DBA02591F0E04F3A84D52FDCF2E5EE026758483B
[TLS] sign_hash (32): C78BE1833C0DF90D4B357D83CCF67362F39DD11EF8F3762227531A67382039AB
[TLS] Written transcript to proofs/MSG_TLS_E43322FF.out, proofs/SIG_TLS_E43322FF.out and proofs/PK_TLS_E43322FF.der
Signature verification succeeds
[TLS] Server time: 1619618401
[TLS] client_random  (32): 09979D71DF8EF688DFC673A475B91905A7AACB0D09E34B0A070DB44A25C75145
[TLS] sign_hash (32): CB006520364DBFB82574F74585232E613BC238C7989E6B1E7B19300C8A3AB4B8
[TLS] Written transcript to proofs/MSG_TLS_09979D71.out, proofs/SIG_TLS_09979D71.out and proofs/PK_TLS_09979D71.der
Signature verification succeeds
[TLS] Server time: 1619618401
[TLS] client_random  (32): 9F156ED23450AA89955B67F0A3095B420DEF99CB03407EF0AB0BCEE1A6FB144C
[TLS] sign_hash (32): FEFD05BCF14A441EF75151EA612A165ACDDCE0BB815AADD60434DA5B2B867E4D
[TLS] Written transcript to proofs/MSG_TLS_9F156ED2.out, proofs/SIG_TLS_9F156ED2.out and proofs/PK_TLS_9F156ED2.der
Signature verification succeeds
[TLS] Server time: 1619618401
[TLS] client_random  (32): BE8E5EAEA70B520E20D7985075289C217BED4235803DEC90C3A346D1EB702402
[TLS] sign_hash (32): 73557FF4FBB5702B7A73DE53521A2647FF98CD25714AE9F4A9E1C3169B0E0E33
[TLS] Written transcript to proofs/MSG_TLS_BE8E5EAE.out, proofs/SIG_TLS_BE8E5EAE.out and proofs/PK_TLS_BE8E5EAE.der
Signature verification succeeds
[TLS] Server time: 1619618401
[TLS] client_random  (32): 2EBA292D8DDCEE27F050BC0F11B4FE74891D8F1087FBBF7E8B166472C5866141
[TLS] sign_hash (32): 09B7B28263B87760E41479BE0135F045D2A530BCCA5CEEAADA4A472AD4A8802E
[TLS] Written transcript to proofs/MSG_TLS_2EBA292D.out, proofs/SIG_TLS_2EBA292D.out and proofs/PK_TLS_2EBA292D.der
Signature verification succeeds
[TLS] Server time: 1619618401
[TLS] client_random  (32): 298FCFBEFFF568CB06A4360D46607043A311A4D7F0A240F744340BB4B0891FD6
[TLS] sign_hash (32): 3DB229B44A13E39CD0E5CD6245E35409B878AF8540970CC9D5ED776A44A5ECD9
[TLS] Written transcript to proofs/MSG_TLS_298FCFBE.out, proofs/SIG_TLS_298FCFBE.out and proofs/PK_TLS_298FCFBE.der
Signature verification succeeds
[TLS] Server time: 1619618401
[TLS] client_random  (32): 1E911B14057D09A6B5E9E1363A90A1CF3DB54F9E89322D1684B3ECBDDE55C819
[TLS] sign_hash (32): 04051F7D7216E4505C36C543540C3371DB529EC18E3CB3DAE3EC6CD60EAE9DFC
[TLS] Written transcript to proofs/MSG_TLS_1E911B14.out, proofs/SIG_TLS_1E911B14.out and proofs/PK_TLS_1E911B14.der
Signature verification succeeds
[TLS] Server time: 1619618401
[TLS] client_random  (32): D7858E3FB660A5673E124F0C2D8B52193E598207AA453C2C9206E769D9BB226B
[TLS] sign_hash (32): 0CA29F085E5354AD86020E45C10EE44C75AFBEC8A67A27E6B2124FF6351319DE
[TLS] Written transcript to proofs/MSG_TLS_D7858E3F.out, proofs/SIG_TLS_D7858E3F.out and proofs/PK_TLS_D7858E3F.der
Signature verification succeeds
[TLS] Server time: 1619618401
[TLS] client_random  (32): 59D29556CD3BFDB78727E8E1C10D840AAA21ECDA93CDEAAB23E758D5FF01C470
[TLS] sign_hash (32): 702E425FE0D1475CF9D25EDD30FA629AA3BF2E20C010C249CFA414CF610C7DA2
[TLS] Written transcript to proofs/MSG_TLS_59D29556.out, proofs/SIG_TLS_59D29556.out and proofs/PK_TLS_59D29556.der
Signature verification succeeds
[TLS] Server time: 1619618401
[TLS] client_random  (32): 4486D36648334AA928918611E8CA158336A9C53FE7B48C6AD7E3C7430BAF61E0
[TLS] sign_hash (32): D833B38842AC1F3713C14CDE41B78403BB86E2350247D0F8DDC818402755B6E7
[TLS] Written transcript to proofs/MSG_TLS_4486D366.out, proofs/SIG_TLS_4486D366.out and proofs/PK_TLS_4486D366.der
Signature verification succeeds
[TLS] Server time: 1619618401
[TLS] client_random  (32): 48CC590E0867BA5C6782AB6E0F075D37934B49731867F9EEB15C1949F47A41E2
[TLS] sign_hash (32): 2B3349B7D38CCC3C07F2F658ADDB99CE4F32D297C77FA483D5EAFB3B986E1A50
[TLS] Written transcript to proofs/MSG_TLS_48CC590E.out, proofs/SIG_TLS_48CC590E.out and proofs/PK_TLS_48CC590E.der
Signature verification succeeds
[TLS] Server time: 1619618401
[TLS] client_random  (32): 3E367854EA2D2BD4177A14106C2F9D3C6C3E1856999EBD37E6B76328EA9638B2
[TLS] sign_hash (32): 4265ABBF652DC2B22422234C637A351E3571DDDCB8AF20E02822E7C81C1C1403
[TLS] Written transcript to proofs/MSG_TLS_3E367854.out, proofs/SIG_TLS_3E367854.out and proofs/PK_TLS_3E367854.der
Signature verification succeeds
[TLS] Server time: 1619618401
[TLS] client_random  (32): 5DC2F4225F372E5E00F648F69BCBCE40D0A22D3397B722A456214E0689B3C6FE
[TLS] sign_hash (32): C9F900B246846415DCE21C63F320F8015DC623720669159FEEFA050243CA4A6D
[TLS] Written transcript to proofs/MSG_TLS_5DC2F422.out, proofs/SIG_TLS_5DC2F422.out and proofs/PK_TLS_5DC2F422.der
Signature verification succeeds
[TLS] Server time: 1619618401
[TLS] client_random  (32): 14D75F072F44093DF19ECBD8257F92E5379EDE3306C09FE77EB6F6CB630F8A4A
[TLS] sign_hash (32): 1B04A17C6C40EBC533384DB96F57BA40DF945D964C53D937A17971F7C4649DEA
[TLS] Written transcript to proofs/MSG_TLS_14D75F07.out, proofs/SIG_TLS_14D75F07.out and proofs/PK_TLS_14D75F07.der
Signature verification succeeds
[TLS] Server time: 1619618401
[TLS] client_random  (32): EE134CDD60AFAFD79933BCCB1E24C54938589CCD70AF4CE5FCB629F217B380BE
[TLS] sign_hash (32): 9242DE41112DDA97D481CAC64B07767EEFF0E14A01154CAFE730D0D1CEE02121
[TLS] Written transcript to proofs/MSG_TLS_EE134CDD.out, proofs/SIG_TLS_EE134CDD.out and proofs/PK_TLS_EE134CDD.der
Signature verification succeeds
[TLS] Server time: 1619618401
[TLS] client_random  (32): 9CEE3663CBC96EF122ED86277229CF2A69506FA8EC7D3CFB98AB110A9D68969B
[TLS] sign_hash (32): 5F389F95D702263E768A39245C50BC7DD94BD46B3122D19282110DC5F7C8CF77
[TLS] Written transcript to proofs/MSG_TLS_9CEE3663.out, proofs/SIG_TLS_9CEE3663.out and proofs/PK_TLS_9CEE3663.der
Signature verification succeeds
[TLS] Server time: 1619618401
[TLS] client_random  (32): 55395F05A5BF76662397839E20DB22D224C38719070EC062B8B8C6FE00C054B0
[TLS] sign_hash (32): 03582C07CF1A972042603B333AC01A8C080650773EE95C3660501E9BBB884AC0
[TLS] Written transcript to proofs/MSG_TLS_55395F05.out, proofs/SIG_TLS_55395F05.out and proofs/PK_TLS_55395F05.der
Signature verification succeeds
[TLS] Server time: 1619618402
[TLS] client_random  (32): EA829014899D96F706898E85DFE47FA954D716DFAEE515C09FF8EC340D344331
[TLS] sign_hash (32): ECA8E2872AB93E08567F262445F09352E6A4C196F524A0444FAC758EF3D3F3EE
[TLS] Written transcript to proofs/MSG_TLS_EA829014.out, proofs/SIG_TLS_EA829014.out and proofs/PK_TLS_EA829014.der
Signature verification succeeds
[TLS] Server time: 1619618402
[TLS] client_random  (32): DB6E276A4598AA51577106DFDA9D2D8AE7A209C785B13B21BCE16C24A3019748
[TLS] sign_hash (32): 8DBEA8A9A4F5F6BEB0B8FE6902E4E3586C51474DB9B82E5676BC873F6D6B5B28
[TLS] Written transcript to proofs/MSG_TLS_DB6E276A.out, proofs/SIG_TLS_DB6E276A.out and proofs/PK_TLS_DB6E276A.der
Signature verification succeeds
[TLS] Server time: 1619618402
[TLS] client_random  (32): 695A68A390F640DAF91CE0D7BBE53BE6D1E1D0F61271E379285794F8F022B58B
[TLS] sign_hash (32): 865A9C06130F67D13BC7DCB5214FA19D96A04022B3708B833541BFEA8A0B6CE6
[TLS] Written transcript to proofs/MSG_TLS_695A68A3.out, proofs/SIG_TLS_695A68A3.out and proofs/PK_TLS_695A68A3.der
Signature verification succeeds
[TLS] Server time: 1619618402
[TLS] client_random  (32): 716213D63E8FBB5784908D7F0903DCC0AE7AEBB608E42F955CF6F6D57200BF06
[TLS] sign_hash (32): 79C9A27CED6A428B89A32207E805B365421799A9D367CE8565CD1FFE2BA2E377
[TLS] Written transcript to proofs/MSG_TLS_716213D6.out, proofs/SIG_TLS_716213D6.out and proofs/PK_TLS_716213D6.der
Signature verification succeeds
[TLS] Server time: 1619618402
[TLS] client_random  (32): 625458591DD6302D3263E6F6EFC030C8FFB8BBAEFE7DD6292C6DD4B85628606D
[TLS] sign_hash (32): 35CE3E07E3A3D392071BFC4D5FDF6F8A59EDDF3271CBC2D3EABFEB475DFE2581
[TLS] Written transcript to proofs/MSG_TLS_62545859.out, proofs/SIG_TLS_62545859.out and proofs/PK_TLS_62545859.der
Signature verification succeeds
[TLS] Server time: 1619618402
[TLS] client_random  (32): 46113B29FECA509FE67F1C7D8F6E8F7D87A6D26B9289DB66C0455C1C376946B5
[TLS] sign_hash (32): 8CAB8E87BBEF1E14C82F0D47C073B06EC12B096A821E35F883F73B6EB0C6C877
[TLS] Written transcript to proofs/MSG_TLS_46113B29.out, proofs/SIG_TLS_46113B29.out and proofs/PK_TLS_46113B29.der
Signature verification succeeds
[TLS] Server time: 1619618402
[TLS] client_random  (32): 26453F75765679C93B9E0F825A157DC45D9BC3767CA0AA716F91B429B4F8D618
[TLS] sign_hash (32): BD6FA12CDA7C866ADD8047269E2F2208D2788EF99594DC9D5A522F2475AE3602
[TLS] Written transcript to proofs/MSG_TLS_26453F75.out, proofs/SIG_TLS_26453F75.out and proofs/PK_TLS_26453F75.der
Signature verification succeeds
[TLS] Server time: 1619618402
[TLS] client_random  (32): 46A366CB77BD1F0A9611FB4055C4E30D32807C3254DC739A937744D4EDF77548
[TLS] sign_hash (32): 998846A9AB128782F38741D762139D39BB8722F3A2A1AE5BEC06A56AC955B159
[TLS] Written transcript to proofs/MSG_TLS_46A366CB.out, proofs/SIG_TLS_46A366CB.out and proofs/PK_TLS_46A366CB.der
Signature verification succeeds
[TLS] Server time: 1619618402
[TLS] client_random  (32): 7A82177A03B92E1D9F88E1D3397B8D61CA2E10A9F02B64FA541149FB7F486F4D
[TLS] sign_hash (32): 02B4EEEAD770781F0CEA00FDAC930EBDC48B7345564E3302BE2749944E7F9500
[TLS] Written transcript to proofs/MSG_TLS_7A82177A.out, proofs/SIG_TLS_7A82177A.out and proofs/PK_TLS_7A82177A.der
Signature verification succeeds
[TLS] Server time: 1619618402
[TLS] client_random  (32): 85BE8EC47D44A29934AFDD580C18E4170CBEEB7FA960EFDAFA4898C11E0696EB
[TLS] sign_hash (32): 42070EFFAA8F1164EC1F7447080229B222D41FBA5E501EBF596C2ABE10C56EA3
[TLS] Written transcript to proofs/MSG_TLS_85BE8EC4.out, proofs/SIG_TLS_85BE8EC4.out and proofs/PK_TLS_85BE8EC4.der
Signature verification succeeds
[TLS] Server time: 1619618402
[TLS] client_random  (32): 0F5AD27D399200B8FED951D164033EA3E2E45F2CA2FEA53B49B9B8C4528E0FFA
[TLS] sign_hash (32): FA122E69DD932A99D87ADE737CDFF89D5A9970AE86BDCD34B8E6E04477E344A4
[TLS] Written transcript to proofs/MSG_TLS_0F5AD27D.out, proofs/SIG_TLS_0F5AD27D.out and proofs/PK_TLS_0F5AD27D.der
Signature verification succeeds
[TLS] Server time: 1619618402
[TLS] client_random  (32): 26D77FDD98AE581DE238059DA33F858387DF964633E20BBFBAF7E751A169785C
[TLS] sign_hash (32): BE4E8DB33C40DD4E444C3EF42D1301622DB741B15681638B1784887C45E77035
[TLS] Written transcript to proofs/MSG_TLS_26D77FDD.out, proofs/SIG_TLS_26D77FDD.out and proofs/PK_TLS_26D77FDD.der
Signature verification succeeds
[TLS] Server time: 1619618402
[TLS] client_random  (32): CFDB1A4E8125EE0D9EB379E71FD6EA533A0281C7F9324A9A3CFE1109041C68C3
[TLS] sign_hash (32): A79EDD2B80B36E222542B0AE0AA5A94265D149DC1D773386226269E88272AD01
[TLS] Written transcript to proofs/MSG_TLS_CFDB1A4E.out, proofs/SIG_TLS_CFDB1A4E.out and proofs/PK_TLS_CFDB1A4E.der
Signature verification succeeds
[TLS] Server time: 1619618402
[TLS] client_random  (32): C2A9FE04D1850C2795BC49B8C14F42050276B93ECBE128EFD546BB0B5D5C85D5
[TLS] sign_hash (32): 1FE38B31F0A044A029D9A1B7844443B429AFFC54E10F3951410110D1D5C8C0D4
[TLS] Written transcript to proofs/MSG_TLS_C2A9FE04.out, proofs/SIG_TLS_C2A9FE04.out and proofs/PK_TLS_C2A9FE04.der
Signature verification succeeds
[TLS] Server time: 1619618402
[TLS] client_random  (32): BE1A846AF054BF901F88E75B5CFAADAD0F56FEC8BBD0ECFAFBF3CEB794032782
[TLS] sign_hash (32): FA49BA7753CB3DBB66E85C7F4287C341104088EC295D00BB48F746E3EA4AFC89
[TLS] Written transcript to proofs/MSG_TLS_BE1A846A.out, proofs/SIG_TLS_BE1A846A.out and proofs/PK_TLS_BE1A846A.der
Signature verification succeeds
[TLS] Server time: 1619618402
[TLS] client_random  (32): FF2E06A58DA53B92D3D57641B742BCD20DDCDDB88AB7EB1550EBE06FDE5AFAF5
[TLS] sign_hash (32): C52466E676B8836C8AC2F983807A5D5C777E469C20F9A1ABE276FE497590E242
[TLS] Written transcript to proofs/MSG_TLS_FF2E06A5.out, proofs/SIG_TLS_FF2E06A5.out and proofs/PK_TLS_FF2E06A5.der
Signature verification succeeds
[TLS] Server time: 1619618402
[TLS] client_random  (32): 5A94086BC613DC2E83EE7E9F3347A8F51AE41EB1E8915A0FBF29AB273B1875BD
[TLS] sign_hash (32): 6D66F0F99844A709330A0445D3E94C7237E0A086F32A55F6B0F83FE366653F26
[TLS] Written transcript to proofs/MSG_TLS_5A94086B.out, proofs/SIG_TLS_5A94086B.out and proofs/PK_TLS_5A94086B.der
Signature verification succeeds
[TLS] Server time: 1619618402
[TLS] client_random  (32): F63274FD5DE31B6DD27341DE94173319C921C09E2349C7E318CFD362B038408F
[TLS] sign_hash (32): 3968F5C49CA70890910F7397DBE4EAA64B9026B8FAE19CB43CF936DDA47E0ADD
[TLS] Written transcript to proofs/MSG_TLS_F63274FD.out, proofs/SIG_TLS_F63274FD.out and proofs/PK_TLS_F63274FD.der
Signature verification succeeds
[TLS] Server time: 1619618402
[TLS] client_random  (32): 58C1731F30A536BB8AA55A73513755FBEC1BA02D56DC567EBFB9CD33C22598E4
[TLS] sign_hash (32): 9BE99385B61EF25E0BD43BD532DF64799AC2C3FFCB8DBCFEDE5E5D852410AC78
[TLS] Written transcript to proofs/MSG_TLS_58C1731F.out, proofs/SIG_TLS_58C1731F.out and proofs/PK_TLS_58C1731F.der
Signature verification succeeds
[TLS] Server time: 1619618402
[TLS] client_random  (32): 9E78E2138974A178418E069F4DD37FE5A1BE800D214FAAB90A091F589BB5583A
[TLS] sign_hash (32): BF5A490517B1C81A2D8EB2BF1A76F77856B9407D7E869B0C64285080D1A5DDA0
[TLS] Written transcript to proofs/MSG_TLS_9E78E213.out, proofs/SIG_TLS_9E78E213.out and proofs/PK_TLS_9E78E213.der
Signature verification succeeds
[TLS] Server time: 1619618402
[TLS] client_random  (32): 1B4E1641B4D31E745A9F35B315639CA9000F98926614C047994CDB551FD0654A
[TLS] sign_hash (32): 3156B1F5C9733D4007FA352EDC69F475BA7980A554C7E242CF1F5E8C02A5292D
[TLS] Written transcript to proofs/MSG_TLS_1B4E1641.out, proofs/SIG_TLS_1B4E1641.out and proofs/PK_TLS_1B4E1641.der
Signature verification succeeds
[TLS] Server time: 1619618402
[TLS] client_random  (32): FDA5B6C99C84BFDA8198FFFD99F5E4ED887B6DD769E97797E4609A16D0BD59CA
[TLS] sign_hash (32): 518F0E56DFEAB7ACA9B0DAB45F4FC25C9C215735183983E25B1235546592493C
[TLS] Written transcript to proofs/MSG_TLS_FDA5B6C9.out, proofs/SIG_TLS_FDA5B6C9.out and proofs/PK_TLS_FDA5B6C9.der
Signature verification succeeds
[TLS] Server time: 1619618402
[TLS] client_random  (32): 244ECD7873BEEF5ABDA6CB76486F3938E37E21083E305B2E0CF0809D9619591E
[TLS] sign_hash (32): 764F53D30134D015D2C0B24762C8D38821D9F0A44550EFFBE4C94E27B5410A3E
[TLS] Written transcript to proofs/MSG_TLS_244ECD78.out, proofs/SIG_TLS_244ECD78.out and proofs/PK_TLS_244ECD78.der
Signature verification succeeds
[TLS] Server time: 1619618402
[TLS] client_random  (32): 87EC039C03BCF289819501ED6F12B668E9135EBC93A6BADA317385D18D09126F
[TLS] sign_hash (32): 073077BF33CC9A05C653402584EF3F6D205938DA6E8E6529AD3D50040B62E2C7
[TLS] Written transcript to proofs/MSG_TLS_87EC039C.out, proofs/SIG_TLS_87EC039C.out and proofs/PK_TLS_87EC039C.der
Signature verification succeeds
[TLS] Server time: 1619618402
[TLS] client_random  (32): F89A3C12D949B7E2A6121EE905B8C084462C1D83AAFB26650B3A156F489996CA
[TLS] sign_hash (32): A04C0FCD76F878234DC40DE7F6488E195380CF72215585C59D36B2A9007CB132
[TLS] Written transcript to proofs/MSG_TLS_F89A3C12.out, proofs/SIG_TLS_F89A3C12.out and proofs/PK_TLS_F89A3C12.der
Signature verification succeeds
[TLS] Server time: 1619618402
[TLS] client_random  (32): B660996985262AC1F55BC6E3AFFA610EEDDA0F2837F844C959AC2A06CF184D98
[TLS] sign_hash (32): DBAA26EBD63FA1A794CF758F29A15FF4DF3D69D7BABB37B85488DC769893B823
[TLS] Written transcript to proofs/MSG_TLS_B6609969.out, proofs/SIG_TLS_B6609969.out and proofs/PK_TLS_B6609969.der
Signature verification succeeds
[TLS] Server time: 1619618402
[TLS] client_random  (32): 2953920F1B1367C9839E1F06120069A2C9C096FE73AF73116BABDDF044E6EC92
[TLS] sign_hash (32): 8066A50286E596CBB809E5EE1DA11337D4BFE005D2550EB8D84E9647BD8428E3
[TLS] Written transcript to proofs/MSG_TLS_2953920F.out, proofs/SIG_TLS_2953920F.out and proofs/PK_TLS_2953920F.der
Signature verification succeeds
[TLS] Server time: 1619618402
[TLS] client_random  (32): E6247591A30744D3A7421BB5B3B9737956BDB1A77533169E27E29894882F068D
[TLS] sign_hash (32): C0C3483DDF5C65FE15460A3C3484CFAEA17BA54C452826BB3EED7E7AD52A0838
[TLS] Written transcript to proofs/MSG_TLS_E6247591.out, proofs/SIG_TLS_E6247591.out and proofs/PK_TLS_E6247591.der
Signature verification succeeds
[TLS] Server time: 1619618402
[TLS] client_random  (32): C44C6A1E06050245DE63163F1106DEA049D5E6EC6325396F6D2AECE110884042
[TLS] sign_hash (32): D2FEA93C44231DC19BE5FE2132B9714AD7C5E34D4E558229AEEC2FD5538A24B0
[TLS] Written transcript to proofs/MSG_TLS_C44C6A1E.out, proofs/SIG_TLS_C44C6A1E.out and proofs/PK_TLS_C44C6A1E.der
Signature verification succeeds
[TLS] Server time: 1619618402
[TLS] client_random  (32): 5B02EA773FE5EDC25535C041731966D1BC6028DD9209958CD5B8E96BE06C01C4
[TLS] sign_hash (32): 04980BE40FADC380A533BD9E46BB3520BD2E712BE4765AB6DC3F5C65B7A4FEC7
[TLS] Written transcript to proofs/MSG_TLS_5B02EA77.out, proofs/SIG_TLS_5B02EA77.out and proofs/PK_TLS_5B02EA77.der
Signature verification succeeds
[TLS] Server time: 1619618402
[TLS] client_random  (32): BF984E1CFDB0FDF7F20EBA37D67AEB693C626E4AEB6DAEC63CEA90BB62168A99
[TLS] sign_hash (32): A8F72AD9D7A27F36ABC2DD4B7CC6DB68E40266E3199F35E2CF1B97C8837898B4
[TLS] Written transcript to proofs/MSG_TLS_BF984E1C.out, proofs/SIG_TLS_BF984E1C.out and proofs/PK_TLS_BF984E1C.der
Signature verification succeeds
[TLS] Server time: 1619618402
[TLS] client_random  (32): 562621F2440572471DD6DCD06B5869E0B2A575C73ECF872EE2BB67517333EC22
[TLS] sign_hash (32): 2BAB832F991ACADA3B70233964A62C5ECC0B315C88396181000488109658AE20
[TLS] Written transcript to proofs/MSG_TLS_562621F2.out, proofs/SIG_TLS_562621F2.out and proofs/PK_TLS_562621F2.der
Signature verification succeeds
[TLS] Server time: 1619618402
[TLS] client_random  (32): 30920F4C4AC5108F204A458FF851B62C69668A7DF040586470A147976C371085
[TLS] sign_hash (32): BCA9CFB89E6122178BCEBF4483FBACA754CD3812BB418F3153688DE0271B9384
[TLS] Written transcript to proofs/MSG_TLS_30920F4C.out, proofs/SIG_TLS_30920F4C.out and proofs/PK_TLS_30920F4C.der
Signature verification succeeds
[TLS] Server time: 1619618402
[TLS] client_random  (32): BD2150BC8E20CBDAF102E723476702008A8B8BF830B1FB00B5E2CC2896523903
[TLS] sign_hash (32): ECCECB058CF0F267F5E98DFAD7D2E6B2C37D9FEBAD685E0C95974F97CB0F5D76
[TLS] Written transcript to proofs/MSG_TLS_BD2150BC.out, proofs/SIG_TLS_BD2150BC.out and proofs/PK_TLS_BD2150BC.der
Signature verification succeeds
[TLS] Server time: 1619618402
[TLS] client_random  (32): DFF1B8C360ED9CBB2BCF35D9DB40D3FEC0E4C27EF48F7398772FC0A2734BD6EB
[TLS] sign_hash (32): FEF78A00171C6BB36E054DC452CA3A970164270EA30CD8E08FEDB800A0D32C7F
[TLS] Written transcript to proofs/MSG_TLS_DFF1B8C3.out, proofs/SIG_TLS_DFF1B8C3.out and proofs/PK_TLS_DFF1B8C3.der
Signature verification succeeds
[TLS] Server time: 1619618402
[TLS] client_random  (32): 6F82F6C2A4CDF4CE43627ABAF378A9CF4707BD6883EBA11E75CDD138E830DB15
[TLS] sign_hash (32): 425C103236D48FC6E92302AED7D8173A01B8F3EAEEA961852B65A2986885EA88
[TLS] Written transcript to proofs/MSG_TLS_6F82F6C2.out, proofs/SIG_TLS_6F82F6C2.out and proofs/PK_TLS_6F82F6C2.der
Signature verification succeeds
[TLS] Server time: 1619618402
[TLS] client_random  (32): FA155780586107CE008FDDFAD25F27275DABC81F6AFE2C998926E8C690E851CA
[TLS] sign_hash (32): 4420515F70C51D080CC8F3306A12EB181B5F888E7A8310384ED2DADE5F1F30EE
[TLS] Written transcript to proofs/MSG_TLS_FA155780.out, proofs/SIG_TLS_FA155780.out and proofs/PK_TLS_FA155780.der
Signature verification succeeds
[TLS] Server time: 1619618402
[TLS] client_random  (32): 9F04F62EEE71DF6C80E687CDF9D9358BA6E1A4467151B9353A1F619E3023078C
[TLS] sign_hash (32): 8C976950BAB3AF89F0C7621F0BC8806A69887B401897D904493C155A20B05669
[TLS] Written transcript to proofs/MSG_TLS_9F04F62E.out, proofs/SIG_TLS_9F04F62E.out and proofs/PK_TLS_9F04F62E.der
Signature verification succeeds
[TLS] Server time: 1619618402
[TLS] client_random  (32): F381F9112BE3D20473B5808D8EBECFDEFE8E9E74CC66A9DABA736044A78E4366
[TLS] sign_hash (32): 719B87C99BCD1B3C770070609FB51DB9E4E253FBDC7C01321A61D1CF60D53B0A
[TLS] Written transcript to proofs/MSG_TLS_F381F911.out, proofs/SIG_TLS_F381F911.out and proofs/PK_TLS_F381F911.der
Signature verification succeeds
[TLS] Server time: 1619618402
[TLS] client_random  (32): F7B21DD2A9E083D4C49DE32A97DD8301C26322D33DB52BB2955FD23FF1E2F0BF
[TLS] sign_hash (32): C710C6DD4D6150DF2AC35C6032C2410DF8C243AB72B4B96B4775FAC976385FA2
[TLS] Written transcript to proofs/MSG_TLS_F7B21DD2.out, proofs/SIG_TLS_F7B21DD2.out and proofs/PK_TLS_F7B21DD2.der
Signature verification succeeds
[TLS] Server time: 1619618402
[TLS] client_random  (32): 9D4A0B1B604A32A1FA0D9783FE25D0A8939B79A40A9651D62CCED1A61413FA5D
[TLS] sign_hash (32): 704D49AA98660EB4B51ECB0E1FC7B7E3846CD4FD009A7E0AE204DA6AA17C7FE3
[TLS] Written transcript to proofs/MSG_TLS_9D4A0B1B.out, proofs/SIG_TLS_9D4A0B1B.out and proofs/PK_TLS_9D4A0B1B.der
Signature verification succeeds
Time breakdown (averages): anchor_ping:6.112201 file_read:0.137016 hashing:0.470363
Total time for 125 rounds is 846.070661ms
Standard deviations: anchor_ping:0.672077 file_read:0.013626 hashing:0.004669
[Client-side ops] mean:0.607379 sd:0.014259
in & out anchor rand written to proofs/phase1.out
     85 [TLS] Server time: 1619618401
     41 [TLS] Server time: 1619618402
Count is 85
Count is 41
success: 1
RESULT: 1 in 1 tries
