id domain
106206 www.westminster.edu 1.305377 5.089271 0.816566
run_id: 0 #1: 0.224764 Server time: 1615212002 #2: 0.816566 (rt #1)1.305377, (rt #2)5.089271, (client)0.816566 ===============Final=============== (startup)51.291502, (online)6.394648 = (tcp rtt)1.305377 + (tls rtt)5.089271 Avg. client processing time: 0.816566 0.816566 1.305377 5.089271
155445 www.lincoln.edu 1.641922 8.751541 0.694380
run_id: 0 #1: 0.208759 Server time: 1615212002 #2: 0.694380 (rt #1)1.641922, (rt #2)8.751541, (client)0.694380 ===============Final=============== (startup)50.455562, (online)10.393463 = (tcp rtt)1.641922 + (tls rtt)8.751541 Avg. client processing time: 0.694380 0.694380 1.641922 8.751541
14394 www.american.edu 3.014829 7.570142 0.842469
run_id: 0 #1: 0.218802 Server time: 1615212002 #2: 0.842469 (rt #1)3.014829, (rt #2)7.570142, (client)0.842469 ===============Final=============== (startup)15.881896, (online)10.584971 = (tcp rtt)3.014829 + (tls rtt)7.570142 Avg. client processing time: 0.842469 0.842469 3.014829 7.570142
217283 www.com.edu 1.710424 9.805766 0.687652
run_id: 0 #1: 0.218965 Server time: 1615212002 #2: 0.687652 (rt #1)1.710424, (rt #2)9.805766, (client)0.687652 ===============Final=============== (startup)73.931544, (online)11.516190 = (tcp rtt)1.710424 + (tls rtt)9.805766 Avg. client processing time: 0.687652 0.687652 1.710424 9.805766
93736 gallaudet.edu 3.367565 8.666022 0.838035
run_id: 0 #1: 0.221716 #2: 0.223456 #3: 0.231745 Server time: 1615212002 #2: 0.838035 (rt #1)3.367565, (rt #2)8.666022, (client)0.838035 ===============Final=============== (startup)19.830287, (online)12.033587 = (tcp rtt)3.367565 + (tls rtt)8.666022 Avg. client processing time: 0.838035 0.838035 3.367565 8.666022
228226 www.usuhs.edu 3.586094 9.819361 1.049541
run_id: 0 #1: 0.225372 Server time: 2943998500 #2: 1.049541 (rt #1)3.586094, (rt #2)9.819361, (client)1.049541 ===============Final=============== (startup)55.182082, (online)13.405455 = (tcp rtt)3.586094 + (tls rtt)9.819361 Avg. client processing time: 1.049541 1.049541 3.586094 9.819361
35175 www.ucmerced.edu 1.454954 4.793146 0.967410
run_id: 0 #1: 0.222161 Server time: 1615212002 #2: 0.967410 (rt #1)1.454954, (rt #2)4.793146, (client)0.967410 ===============Final=============== (startup)104.391100, (online)6.248100 = (tcp rtt)1.454954 + (tls rtt)4.793146 Avg. client processing time: 0.967410 0.967410 1.454954 4.793146
113936 www.pointpark.edu 6.703312 9.338079 0.911763
run_id: 0 #1: 0.241583 #2: 0.244964 #3: 0.245732 #2: 0.247074 #3: 0.247163 Server time: 1615212002 #2: 0.911763 (rt #1)6.703312, (rt #2)9.338079, (client)0.911763 ===============Final=============== (startup)41.243034, (online)16.041391 = (tcp rtt)6.703312 + (tls rtt)9.338079 Avg. client processing time: 0.911763 0.911763 6.703312 9.338079
83893 www.kutztown.edu 9.189378 12.122669 0.989025
run_id: 0 #1: 0.227340 #2: 0.460287 #3: 0.460686 Server time: 1615212002 #2: 0.989025 (rt #1)9.189378, (rt #2)12.122669, (client)0.989025 ===============Final=============== (startup)66.812630, (online)21.312047 = (tcp rtt)9.189378 + (tls rtt)12.122669 Avg. client processing time: 0.989025 0.989025 9.189378 12.122669
62242 www.mc3.edu 8.572710 19.405723 1.395935
run_id: 0 #1: 0.249271 #2: 0.952678 #3: 0.953299 Server time: 1615212002 #2: 1.395935 (rt #1)8.572710, (rt #2)19.405723, (client)1.395935 ===============Final=============== (startup)18.916660, (online)27.978433 = (tcp rtt)8.572710 + (tls rtt)19.405723 Avg. client processing time: 1.395935 1.395935 8.572710 19.405723
170060 www.passhe.edu 30.181429 38.355677 0.935579
run_id: 0 #1: 0.234558 #2: 0.502786 #3: 0.503236 Server time: 1615212002 #2: 0.935579 (rt #1)30.181429, (rt #2)38.355677, (client)0.935579 ===============Final=============== (startup)45.496838, (online)68.537106 = (tcp rtt)30.181429 + (tls rtt)38.355677 Avg. client processing time: 0.935579 0.935579 30.181429 38.355677
207595 www.lasu.edu.ng 7.930341 10.883863 0.915737
run_id: 0 #1: 0.230461 Server time: 1615212002 #2: 0.915737 (rt #1)7.930341, (rt #2)10.883863, (client)0.915737 ===============Final=============== (startup)26.623763, (online)18.814204 = (tcp rtt)7.930341 + (tls rtt)10.883863 Avg. client processing time: 0.915737 0.915737 7.930341 10.883863
125492 www.skidmore.edu 10.810697 15.367644 0.992844
run_id: 0 #1: 0.246201 Server time: 1615212002 #2: 0.992844 (rt #1)10.810697, (rt #2)15.367644, (client)0.992844 ===============Final=============== (startup)65.179999, (online)26.178341 = (tcp rtt)10.810697 + (tls rtt)15.367644 Avg. client processing time: 0.992844 0.992844 10.810697 15.367644
157787 www.nichols.edu 13.628857 17.692426 0.846881
run_id: 0 #1: 0.240149 Server time: 1615212003 #2: 0.846881 (rt #1)13.628857, (rt #2)17.692426, (client)0.846881 ===============Final=============== (startup)26.743326, (online)31.321283 = (tcp rtt)13.628857 + (tls rtt)17.692426 Avg. client processing time: 0.846881 0.846881 13.628857 17.692426
16065 www.uvm.edu 14.722061 17.824946 0.851455
run_id: 0 #1: 0.244159 Server time: 1615212003 #2: 0.851455 (rt #1)14.722061, (rt #2)17.824946, (client)0.851455 ===============Final=============== (startup)17.394633, (online)32.547007 = (tcp rtt)14.722061 + (tls rtt)17.824946 Avg. client processing time: 0.851455 0.851455 14.722061 17.824946
68825 uncg.edu 10.908586 20.404952 0.928644
run_id: 0 #1: 0.240960 #2: 0.499537 #3: 0.500122 Server time: 1615212003 #2: 0.928644 (rt #1)10.908586, (rt #2)20.404952, (client)0.928644 ===============Final=============== (startup)48.322335, (online)31.313538 = (tcp rtt)10.908586 + (tls rtt)20.404952 Avg. client processing time: 0.928644 0.928644 10.908586 20.404952
120558 simmons.edu 12.586603 16.584945 0.846446
run_id: 0 #1: 0.247820 #2: 0.266606 #3: 0.267346 Server time: 1615212003 #2: 0.846446 (rt #1)12.586603, (rt #2)16.584945, (client)0.846446 ===============Final=============== (startup)110.037676, (online)29.171548 = (tcp rtt)12.586603 + (tls rtt)16.584945 Avg. client processing time: 0.846446 0.846446 12.586603 16.584945
116499 qu.edu 14.135829 18.717991 0.928085
run_id: 0 #1: 0.231574 Server time: 1615212003 #2: 0.928085 (rt #1)14.135829, (rt #2)18.717991, (client)0.928085 ===============Final=============== (startup)50.526172, (online)32.853820 = (tcp rtt)14.135829 + (tls rtt)18.717991 Avg. client processing time: 0.928085 0.928085 14.135829 18.717991
156616 www.iup.edu 13.831000 17.349526 0.942412
run_id: 0 #1: 0.247477 Server time: 1615212003 #2: 0.942412 (rt #1)13.831000, (rt #2)17.349526, (client)0.942412 ===============Final=============== (startup)67.184015, (online)31.180526 = (tcp rtt)13.831000 + (tls rtt)17.349526 Avg. client processing time: 0.942412 0.942412 13.831000 17.349526
222063 lmunet.edu 16.125421 19.754822 0.885783
run_id: 0 #1: 0.246300 #2: 0.250332 #3: 0.250971 #2: 0.251983 #3: 0.252124 Server time: 1615212003 #2: 0.885783 (rt #1)16.125421, (rt #2)19.754822, (client)0.885783 ===============Final=============== (startup)7.822288, (online)35.880243 = (tcp rtt)16.125421 + (tls rtt)19.754822 Avg. client processing time: 0.885783 0.885783 16.125421 19.754822
65601 www.quinnipiac.edu 14.754916 18.739489 0.924767
run_id: 0 #1: 0.233422 Server time: 1615212003 #2: 0.924767 (rt #1)14.754916, (rt #2)18.739489, (client)0.924767 ===============Final=============== (startup)35.658508, (online)33.494405 = (tcp rtt)14.754916 + (tls rtt)18.739489 Avg. client processing time: 0.924767 0.924767 14.754916 18.739489
144548 www.gordon.edu 15.138053 22.284101 0.834811
run_id: 0 #1: 0.234227 #2: 0.237663 #3: 0.238336 Server time: 1615212003 #2: 0.834811 (rt #1)15.138053, (rt #2)22.284101, (client)0.834811 ===============Final=============== (startup)39.355724, (online)37.422154 = (tcp rtt)15.138053 + (tls rtt)22.284101 Avg. client processing time: 0.834811 0.834811 15.138053 22.284101
9505 www.uconn.edu 15.093482 21.150866 0.968701
run_id: 0 #1: 0.236818 Server time: 1615212003 #2: 0.968701 (rt #1)15.093482, (rt #2)21.150866, (client)0.968701 ===============Final=============== (startup)77.731363, (online)36.244348 = (tcp rtt)15.093482 + (tls rtt)21.150866 Avg. client processing time: 0.968701 0.968701 15.093482 21.150866
29540 www.mass.edu 15.169366 22.690434 0.880871
run_id: 0 #1: 0.255856 #2: 0.276767 #3: 0.277408 #2: 0.444285 #3: 0.444369 Server time: 1615212003 #2: 0.880871 (rt #1)15.169366, (rt #2)22.690434, (client)0.880871 ===============Final=============== (startup)59.769145, (online)37.859800 = (tcp rtt)15.169366 + (tls rtt)22.690434 Avg. client processing time: 0.880871 0.880871 15.169366 22.690434
152353 www.camdencc.edu 15.808014 20.403450 1.596059
run_id: 0 #1: 0.244560 #2: 0.407466 #3: 0.407852 Server time: 1615212004 #2: 1.596059 (rt #1)15.808014, (rt #2)20.403450, (client)1.596059 ===============Final=============== (startup)37.390527, (online)36.211464 = (tcp rtt)15.808014 + (tls rtt)20.403450 Avg. client processing time: 1.596059 1.596059 15.808014 20.403450
78170 www.fairfield.edu 14.889628 26.110309 1.108510
run_id: 0 #1: 0.292373 #2: 0.306224 #3: 0.306590 #2: 0.309548 #3: 0.309809 Server time: 1615212004 #2: 1.108510 (rt #1)14.889628, (rt #2)26.110309, (client)1.108510 ===============Final=============== (startup)1.350295, (online)40.999937 = (tcp rtt)14.889628 + (tls rtt)26.110309 Avg. client processing time: 1.108510 1.108510 14.889628 26.110309
94097 www.lemoyne.edu 13.045260 16.018292 0.856033
run_id: 0 #1: 0.248775 Server time: 1615212000 #2: 0.856033 (rt #1)13.045260, (rt #2)16.018292, (client)0.856033 ===============Final=============== (startup)27.400155, (online)29.063552 = (tcp rtt)13.045260 + (tls rtt)16.018292 Avg. client processing time: 0.856033 0.856033 13.045260 16.018292
103521 www.ulvr.edu.ec 14.071400 16.651511 0.737087
run_id: 0 #1: 0.241873 Server time: 1615212004 #2: 0.737087 (rt #1)14.071400, (rt #2)16.651511, (client)0.737087 ===============Final=============== (startup)236.111075, (online)30.722911 = (tcp rtt)14.071400 + (tls rtt)16.651511 Avg. client processing time: 0.737087 0.737087 14.071400 16.651511
148652 www.berry.edu 18.075457 23.366251 0.840905
run_id: 0 #1: 0.243857 #2: 0.248181 #3: 0.248685 #2: 0.249821 #3: 0.249929 Server time: 1615212004 #2: 0.840905 (rt #1)18.075457, (rt #2)23.366251, (client)0.840905 ===============Final=============== (startup)13.368853, (online)41.441708 = (tcp rtt)18.075457 + (tls rtt)23.366251 Avg. client processing time: 0.840905 0.840905 18.075457 23.366251
49734 www.chaffey.edu 17.598495 20.744370 1.148921
run_id: 0 #1: 0.373669 #2: 0.377403 #3: 0.377874 Server time: 1615212004 #2: 1.148921 (rt #1)17.598495, (rt #2)20.744370, (client)1.148921 ===============Final=============== (startup)1.663907, (online)38.342865 = (tcp rtt)17.598495 + (tls rtt)20.744370 Avg. client processing time: 1.148921 1.148921 17.598495 20.744370
105213 www.ung.edu 19.184096 24.584592 0.868281
run_id: 0 #1: 0.235444 Server time: 1615211999 #2: 0.868281 (rt #1)19.184096, (rt #2)24.584592, (client)0.868281 ===============Final=============== (startup)61.118127, (online)43.768688 = (tcp rtt)19.184096 + (tls rtt)24.584592 Avg. client processing time: 0.868281 0.868281 19.184096 24.584592
135730 www.delmar.edu 17.596527 19.971882 0.874523
run_id: 0 #1: 0.240116 Server time: 1615212004 #2: 0.874523 (rt #1)17.596527, (rt #2)19.971882, (client)0.874523 ===============Final=============== (startup)65.662137, (online)37.568409 = (tcp rtt)17.596527 + (tls rtt)19.971882 Avg. client processing time: 0.874523 0.874523 17.596527 19.971882
161165 www.academiaexitus.edu.pe 15.391473 31.429677 0.918495
run_id: 0 #1: 0.237522 Server time: 1615212004 #2: 0.918495 (rt #1)15.391473, (rt #2)31.429677, (client)0.918495 ===============Final=============== (startup)1.909269, (online)46.821150 = (tcp rtt)15.391473 + (tls rtt)31.429677 Avg. client processing time: 0.918495 0.918495 15.391473 31.429677
9305 www.sc.edu 18.855554 23.256759 1.150230
run_id: 0 #1: 0.242760 Server time: 1615212004 #2: 1.150230 (rt #1)18.855554, (rt #2)23.256759, (client)1.150230 ===============Final=============== (startup)3.652465, (online)42.112313 = (tcp rtt)18.855554 + (tls rtt)23.256759 Avg. client processing time: 1.150230 1.150230 18.855554 23.256759
125406 www.reynolds.edu 19.921140 24.952569 0.842335
run_id: 0 #1: 0.237293 Server time: 1615212002 #2: 0.842335 (rt #1)19.921140, (rt #2)24.952569, (client)0.842335 ===============Final=============== (startup)11.722120, (online)44.873709 = (tcp rtt)19.921140 + (tls rtt)24.952569 Avg. client processing time: 0.842335 0.842335 19.921140 24.952569
195903 www.lycoming.edu 18.610589 23.224716 1.243088
run_id: 0 #1: 0.245157 Server time: 1615212003 #2: 1.243088 (rt #1)18.610589, (rt #2)23.224716, (client)1.243088 ===============Final=============== (startup)74.078206, (online)41.835305 = (tcp rtt)18.610589 + (tls rtt)23.224716 Avg. client processing time: 1.243088 1.243088 18.610589 23.224716
109947 www.plymouth.edu 18.777126 23.312839 0.859314
run_id: 0 #1: 0.229976 Server time: 1615212005 #2: 0.859314 (rt #1)18.777126, (rt #2)23.312839, (client)0.859314 ===============Final=============== (startup)57.012863, (online)42.089965 = (tcp rtt)18.777126 + (tls rtt)23.312839 Avg. client processing time: 0.859314 0.859314 18.777126 23.312839
20396 artic.edu 19.305075 24.244043 0.854996
run_id: 0 #1: 0.241303 #2: 0.254066 #3: 0.254495 Server time: 1615212005 #2: 0.854996 (rt #1)19.305075, (rt #2)24.244043, (client)0.854996 ===============Final=============== (startup)23.808815, (online)43.549118 = (tcp rtt)19.305075 + (tls rtt)24.244043 Avg. client processing time: 0.854996 0.854996 19.305075 24.244043
69123 www.musc.edu 19.738869 26.824463 0.970272
run_id: 0 #1: 0.237596 Server time: 1615212005 #2: 0.970272 (rt #1)19.738869, (rt #2)26.824463, (client)0.970272 ===============Final=============== (startup)47.799951, (online)46.563332 = (tcp rtt)19.738869 + (tls rtt)26.824463 Avg. client processing time: 0.970272 0.970272 19.738869 26.824463
173618 www.colegioebenezer.edu.co 22.099238 24.906128 0.950077
run_id: 0 #1: 0.274149 Server time: 1615212005 #2: 0.950077 (rt #1)22.099238, (rt #2)24.906128, (client)0.950077 ===============Final=============== (startup)0.691249, (online)47.005366 = (tcp rtt)22.099238 + (tls rtt)24.906128 Avg. client processing time: 0.950077 0.950077 22.099238 24.906128
9556 www.uic.edu 19.839063 23.810566 0.978882
run_id: 0 #1: 0.244963 Server time: 1615212005 #2: 0.978882 (rt #1)19.839063, (rt #2)23.810566, (client)0.978882 ===============Final=============== (startup)76.595829, (online)43.649629 = (tcp rtt)19.839063 + (tls rtt)23.810566 Avg. client processing time: 0.978882 0.978882 19.839063 23.810566
54970 www.indwes.edu 17.688172 22.256999 0.942779
run_id: 0 #1: 0.313151 Server time: 1615212005 #2: 0.942779 (rt #1)17.688172, (rt #2)22.256999, (client)0.942779 ===============Final=============== (startup)92.176703, (online)39.945171 = (tcp rtt)17.688172 + (tls rtt)22.256999 Avg. client processing time: 0.942779 0.942779 17.688172 22.256999
115892 www.atlm.edu 15.547890 40.642862 0.962442
run_id: 0 #1: 0.265348 #2: 0.281986 #3: 0.282364 Server time: 1615212005 #2: 0.962442 (rt #1)15.547890, (rt #2)40.642862, (client)0.962442 ===============Final=============== (startup)64.441019, (online)56.190752 = (tcp rtt)15.547890 + (tls rtt)40.642862 Avg. client processing time: 0.962442 0.962442 15.547890 40.642862
171352 bju.edu 19.233980 36.635614 0.849934
run_id: 0 #1: 0.250168 Server time: 1615212005 #2: 0.849934 (rt #1)19.233980, (rt #2)36.635614, (client)0.849934 ===============Final=============== (startup)18.445934, (online)55.869594 = (tcp rtt)19.233980 + (tls rtt)36.635614 Avg. client processing time: 0.849934 0.849934 19.233980 36.635614
132200 www.koi.edu.au 21.227188 25.002705 0.983938
run_id: 0 #1: 0.251179 Server time: 1615212005 #2: 0.983938 (rt #1)21.227188, (rt #2)25.002705, (client)0.983938 ===============Final=============== (startup)66.438660, (online)46.229893 = (tcp rtt)21.227188 + (tls rtt)25.002705 Avg. client processing time: 0.983938 0.983938 21.227188 25.002705
180144 www.morton.edu 23.711451 27.389470 0.870834
run_id: 0 #1: 0.245302 Server time: 1615212006 #2: 0.870834 (rt #1)23.711451, (rt #2)27.389470, (client)0.870834 ===============Final=============== (startup)38.042319, (online)51.100921 = (tcp rtt)23.711451 + (tls rtt)27.389470 Avg. client processing time: 0.870834 0.870834 23.711451 27.389470
8579 www.ohio-state.edu 22.955179 29.644615 0.867053
run_id: 0 #1: 0.235785 #2: 0.428534 #3: 0.428979 Server time: 1615212006 #2: 0.867053 (rt #1)22.955179, (rt #2)29.644615, (client)0.867053 ===============Final=============== (startup)29.285134, (online)52.599794 = (tcp rtt)22.955179 + (tls rtt)29.644615 Avg. client processing time: 0.867053 0.867053 22.955179 29.644615
69255 www.etsu.edu 22.063477 35.753081 0.888849
run_id: 0 #1: 0.235246 #2: 0.241609 #3: 0.242105 #2: 0.243365 #3: 0.243412 #2: 0.442345 #3: 0.442441 Server time: 1615212006 #2: 0.888849 (rt #1)22.063477, (rt #2)35.753081, (client)0.888849 ===============Final=============== (startup)28.479011, (online)57.816558 = (tcp rtt)22.063477 + (tls rtt)35.753081 Avg. client processing time: 0.888849 0.888849 22.063477 35.753081
200988 www.depauw.edu 24.121890 27.044785 0.502769
run_id: 0 #1: 0.236914 Server time: 1615212006 #2: 0.502769 (rt #1)24.121890, (rt #2)27.044785, (client)0.502769 ===============Final=============== (startup)38.514309, (online)51.166675 = (tcp rtt)24.121890 + (tls rtt)27.044785 Avg. client processing time: 0.502769 0.502769 24.121890 27.044785
116546 www.sbu.edu 27.291945 33.521446 0.843187
run_id: 0 #1: 0.245479 Server time: 1615212006 #2: 0.843187 (rt #1)27.291945, (rt #2)33.521446, (client)0.843187 ===============Final=============== (startup)2.765925, (online)60.813391 = (tcp rtt)27.291945 + (tls rtt)33.521446 Avg. client processing time: 0.843187 0.843187 27.291945 33.521446
97934 www.collegeforcreativestudies.edu 23.164628 26.696495 0.871119
run_id: 0 #1: 0.255006 Server time: 1615212006 #2: 0.871119 (rt #1)23.164628, (rt #2)26.696495, (client)0.871119 ===============Final=============== (startup)62.186218, (online)49.861123 = (tcp rtt)23.164628 + (tls rtt)26.696495 Avg. client processing time: 0.871119 0.871119 23.164628 26.696495
84614 www.sunysuffolk.edu 9.304365 15.719738 0.843445
run_id: 0 #1: 0.230269 #2: 0.249016 #3: 0.249791 Server time: 1615212004 #2: 0.843445 (rt #1)9.304365, (rt #2)15.719738, (client)0.843445 ===============Final=============== (startup)27.973985, (online)25.024103 = (tcp rtt)9.304365 + (tls rtt)15.719738 Avg. client processing time: 0.843445 0.843445 9.304365 15.719738
2627 www.illinois.edu 22.398342 26.243756 0.958490
run_id: 0 #1: 0.252185 Server time: 1615212006 #2: 0.958490 (rt #1)22.398342, (rt #2)26.243756, (client)0.958490 ===============Final=============== (startup)37.639028, (online)48.642098 = (tcp rtt)22.398342 + (tls rtt)26.243756 Avg. client processing time: 0.958490 0.958490 22.398342 26.243756
184230 www.cetcolsubsidio.edu.co 21.742034 23.600111 0.838112
run_id: 0 #1: 0.226282 #2: 0.392982 #3: 0.393408 Server time: 1615212005 #2: 0.838112 (rt #1)21.742034, (rt #2)23.600111, (client)0.838112 ===============Final=============== (startup)0.695789, (online)45.342145 = (tcp rtt)21.742034 + (tls rtt)23.600111 Avg. client processing time: 0.838112 0.838112 21.742034 23.600111
105615 www.uiuc.edu 23.667418 27.671120 0.929812
run_id: 0 #1: 0.244675 Server time: 1615212006 #2: 0.929812 (rt #1)23.667418, (rt #2)27.671120, (client)0.929812 ===============Final=============== (startup)71.194656, (online)51.338538 = (tcp rtt)23.667418 + (tls rtt)27.671120 Avg. client processing time: 0.929812 0.929812 23.667418 27.671120
61111 www.uis.edu 24.911521 27.040043 1.014631
run_id: 0 #1: 0.311457 #2: 0.315888 #3: 0.316483 #2: 0.563809 #3: 0.563986 Server time: 1615212007 #2: 1.014631 (rt #1)24.911521, (rt #2)27.040043, (client)1.014631 ===============Final=============== (startup)61.356391, (online)51.951564 = (tcp rtt)24.911521 + (tls rtt)27.040043 Avg. client processing time: 1.014631 1.014631 24.911521 27.040043
114733 www.mainemaritime.edu 25.309519 28.351809 0.917450
run_id: 0 #1: 0.236739 Server time: 1615212007 #2: 0.917450 (rt #1)25.309519, (rt #2)28.351809, (client)0.917450 ===============Final=============== (startup)30.664347, (online)53.661328 = (tcp rtt)25.309519 + (tls rtt)28.351809 Avg. client processing time: 0.917450 0.917450 25.309519 28.351809
121074 www.queens.edu 24.079056 32.579419 0.764259
run_id: 0 #1: 0.232135 Server time: 1615212007 #2: 0.764259 (rt #1)24.079056, (rt #2)32.579419, (client)0.764259 ===============Final=============== (startup)47.242291, (online)56.658475 = (tcp rtt)24.079056 + (tls rtt)32.579419 Avg. client processing time: 0.764259 0.764259 24.079056 32.579419
177115 www.clcillinois.edu 24.872871 28.924406 0.865232
run_id: 0 #1: 0.253765 Server time: 1615212007 #2: 0.865232 (rt #1)24.872871, (rt #2)28.924406, (client)0.865232 ===============Final=============== (startup)2.091832, (online)53.797277 = (tcp rtt)24.872871 + (tls rtt)28.924406 Avg. client processing time: 0.865232 0.865232 24.872871 28.924406
157490 www.hgtc.edu 23.910820 34.987463 0.875820
run_id: 0 #1: 0.231750 Server time: 1615212007 #2: 0.875820 (rt #1)23.910820, (rt #2)34.987463, (client)0.875820 ===============Final=============== (startup)2.556251, (online)58.898283 = (tcp rtt)23.910820 + (tls rtt)34.987463 Avg. client processing time: 0.875820 0.875820 23.910820 34.987463
12609 www.uga.edu 23.796341 49.845874 1.283512
run_id: 0 #1: 0.311649 #2: 0.323032 #3: 0.323609 Server time: 1615212007 #2: 1.283512 (rt #1)23.796341, (rt #2)49.845874, (client)1.283512 ===============Final=============== (startup)1.580458, (online)73.642215 = (tcp rtt)23.796341 + (tls rtt)49.845874 Avg. client processing time: 1.283512 1.283512 23.796341 49.845874
33231 www.cod.edu 25.683569 31.730998 0.847883
run_id: 0 #1: 0.243179 Server time: 1615212007 #2: 0.847883 (rt #1)25.683569, (rt #2)31.730998, (client)0.847883 ===============Final=============== (startup)63.195528, (online)57.414567 = (tcp rtt)25.683569 + (tls rtt)31.730998 Avg. client processing time: 0.847883 0.847883 25.683569 31.730998
145662 www.einstein.edu 22.866662 31.297908 1.095253
run_id: 0 #1: 0.251707 #2: 0.255907 #3: 0.256576 #2: 0.258513 #3: 0.258745 #2: 0.620664 #3: 0.620762 Server time: 1615212007 #2: 1.095253 (rt #1)22.866662, (rt #2)31.297908, (client)1.095253 ===============Final=============== (startup)58.208023, (online)54.164570 = (tcp rtt)22.866662 + (tls rtt)31.297908 Avg. client processing time: 1.095253 1.095253 22.866662 31.297908
223997 www.osumc.edu 22.853055 31.498055 0.939158
run_id: 0 #1: 0.237834 #2: 0.503227 #3: 0.503799 Server time: 1615212007 #2: 0.939158 (rt #1)22.853055, (rt #2)31.498055, (client)0.939158 ===============Final=============== (startup)64.680087, (online)54.351110 = (tcp rtt)22.853055 + (tls rtt)31.498055 Avg. client processing time: 0.939158 0.939158 22.853055 31.498055
194102 esu.edu ERROR1 on trying host, skipping
26620 www.niu.edu 30.151239 39.834792 2.076655
run_id: 0 #1: 0.242488 #2: 0.284212 #3: 0.284871 #2: 0.802445 #3: 0.802542 Server time: 1615212032 #2: 2.076655 (rt #1)30.151239, (rt #2)39.834792, (client)2.076655 ===============Final=============== (startup)48.657512, (online)69.986031 = (tcp rtt)30.151239 + (tls rtt)39.834792 Avg. client processing time: 2.076655 2.076655 30.151239 39.834792
85407 www.midwestern.edu 24.736022 31.910834 0.893296
run_id: 0 #1: 0.277949 Server time: 1615212033 #2: 0.893296 (rt #1)24.736022, (rt #2)31.910834, (client)0.893296 ===============Final=============== (startup)19.313323, (online)56.646856 = (tcp rtt)24.736022 + (tls rtt)31.910834 Avg. client processing time: 0.893296 0.893296 24.736022 31.910834
121771 www.pic.edu.pk 21.524311 27.114669 1.106257
run_id: 0 #1: 0.236155 Server time: 1615212033 #2: 1.106257 (rt #1)21.524311, (rt #2)27.114669, (client)1.106257 ===============Final=============== (startup)233.028841, (online)48.638980 = (tcp rtt)21.524311 + (tls rtt)27.114669 Avg. client processing time: 1.106257 1.106257 21.524311 27.114669
115387 www.eksu.edu.ng 22.557073 31.386227 1.597993
run_id: 0 #1: 0.235785 #2: 0.253464 #3: 0.254150 Server time: 1615212033 #2: 1.597993 (rt #1)22.557073, (rt #2)31.386227, (client)1.597993 ===============Final=============== (startup)85.194157, (online)53.943300 = (tcp rtt)22.557073 + (tls rtt)31.386227 Avg. client processing time: 1.597993 1.597993 22.557073 31.386227
186068 www.colegiocreando.edu.do 21.949566 25.713765 0.910713
run_id: 0 #1: 0.238533 Server time: 1615212032 #2: 0.910713 (rt #1)21.949566, (rt #2)25.713765, (client)0.910713 ===============Final=============== (startup)99.191560, (online)47.663331 = (tcp rtt)21.949566 + (tls rtt)25.713765 Avg. client processing time: 0.910713 0.910713 21.949566 25.713765
53917 www.usi.edu 28.583420 31.693848 0.831775
run_id: 0 #1: 0.233560 #2: 0.237833 #3: 0.238303 Server time: 1615212033 #2: 0.831775 (rt #1)28.583420, (rt #2)31.693848, (client)0.831775 ===============Final=============== (startup)1.446781, (online)60.277268 = (tcp rtt)28.583420 + (tls rtt)31.693848 Avg. client processing time: 0.831775 0.831775 28.583420 31.693848
163980 www.southern.edu 26.088082 36.930266 1.630836
run_id: 0 #1: 0.246549 #2: 0.263228 #3: 0.263794 #2: 0.442296 #3: 0.442373 Server time: 1615212033 #2: 1.630836 (rt #1)26.088082, (rt #2)36.930266, (client)1.630836 ===============Final=============== (startup)58.949115, (online)63.018348 = (tcp rtt)26.088082 + (tls rtt)36.930266 Avg. client processing time: 1.630836 1.630836 26.088082 36.930266
179013 www.fvtc.edu 28.795211 31.134584 0.847937
run_id: 0 #1: 0.239247 #2: 0.255958 #3: 0.256403 #2: 0.410903 #3: 0.411063 Server time: 1615212034 #2: 0.847937 (rt #1)28.795211, (rt #2)31.134584, (client)0.847937 ===============Final=============== (startup)66.251181, (online)59.929795 = (tcp rtt)28.795211 + (tls rtt)31.134584 Avg. client processing time: 0.847937 0.847937 28.795211 31.134584
72678 lynn.edu 28.504248 35.145110 0.741828
run_id: 0 #1: 0.235687 Server time: 1615212034 #2: 0.741828 (rt #1)28.504248, (rt #2)35.145110, (client)0.741828 ===============Final=============== (startup)67.113686, (online)63.649358 = (tcp rtt)28.504248 + (tls rtt)35.145110 Avg. client processing time: 0.741828 0.741828 28.504248 35.145110
15451 fordham.edu 7.343114 20.958084 1.082238
run_id: 0 #1: 0.300701 #2: 0.304282 #3: 0.304873 #2: 0.604534 #3: 0.604687 Server time: 1615212034 #2: 1.082238 (rt #1)7.343114, (rt #2)20.958084, (client)1.082238 ===============Final=============== (startup)17.112328, (online)28.301198 = (tcp rtt)7.343114 + (tls rtt)20.958084 Avg. client processing time: 1.082238 1.082238 7.343114 20.958084
104950 www.imsa.edu 27.472071 35.544553 0.966278
run_id: 0 #1: 0.254009 #2: 0.276594 #3: 0.277379 #2: 0.278264 #3: 0.278317 Server time: 1615212034 #2: 0.966278 (rt #1)27.472071, (rt #2)35.544553, (client)0.966278 ===============Final=============== (startup)2.915456, (online)63.016624 = (tcp rtt)27.472071 + (tls rtt)35.544553 Avg. client processing time: 0.966278 0.966278 27.472071 35.544553
104718 www.uwf.edu 25.393249 38.995509 0.970326
run_id: 0 #1: 0.279533 #2: 0.536281 #3: 0.536760 Server time: 1615212034 #2: 0.970326 (rt #1)25.393249, (rt #2)38.995509, (client)0.970326 ===============Final=============== (startup)4.841938, (online)64.388758 = (tcp rtt)25.393249 + (tls rtt)38.995509 Avg. client processing time: 0.970326 0.970326 25.393249 38.995509
10642 www.wayne.edu 43.970049 49.293744 0.849398
run_id: 0 #1: 0.245585 Server time: 1615212034 #2: 0.849398 (rt #1)43.970049, (rt #2)49.293744, (client)0.849398 ===============Final=============== (startup)87.685039, (online)93.263793 = (tcp rtt)43.970049 + (tls rtt)49.293744 Avg. client processing time: 0.849398 0.849398 43.970049 49.293744
36748 www.nova.edu 28.954313 35.203779 1.626469
run_id: 0 #1: 0.238837 #2: 0.438245 #3: 0.438817 Server time: 1615212034 #2: 1.626469 (rt #1)28.954313, (rt #2)35.203779, (client)1.626469 ===============Final=============== (startup)70.268321, (online)64.158092 = (tcp rtt)28.954313 + (tls rtt)35.203779 Avg. client processing time: 1.626469 1.626469 28.954313 35.203779
133667 www.naropa.edu 33.234897 35.632184 0.855298
run_id: 0 #1: 0.242153 Server time: 1615212034 #2: 0.855298 (rt #1)33.234897, (rt #2)35.632184, (client)0.855298 ===============Final=============== (startup)43.344669, (online)68.867081 = (tcp rtt)33.234897 + (tls rtt)35.632184 Avg. client processing time: 0.855298 0.855298 33.234897 35.632184
232412 www.siumed.edu 28.358255 36.531742 0.859743
run_id: 0 #1: 0.236230 #2: 0.409663 #3: 0.410031 Server time: 1615212034 #2: 0.859743 (rt #1)28.358255, (rt #2)36.531742, (client)0.859743 ===============Final=============== (startup)65.321344, (online)64.889997 = (tcp rtt)28.358255 + (tls rtt)36.531742 Avg. client processing time: 0.859743 0.859743 28.358255 36.531742
143903 umflint.edu 50.327162 58.153777 0.956744
run_id: 0 #1: 0.245224 Server time: 1615212035 #2: 0.956744 (rt #1)50.327162, (rt #2)58.153777, (client)0.956744 ===============Final=============== (startup)435.838793, (online)108.480939 = (tcp rtt)50.327162 + (tls rtt)58.153777 Avg. client processing time: 0.956744 0.956744 50.327162 58.153777
79742 www.daytonastate.edu 30.452923 42.177751 0.892968
run_id: 0 #1: 0.236451 Server time: 1615212035 #2: 0.892968 (rt #1)30.452923, (rt #2)42.177751, (client)0.892968 ===============Final=============== (startup)43.557652, (online)72.630674 = (tcp rtt)30.452923 + (tls rtt)42.177751 Avg. client processing time: 0.892968 0.892968 30.452923 42.177751
120784 www.tjc.edu 34.100714 40.217021 0.870220
run_id: 0 #1: 0.246985 #2: 0.271952 #3: 0.272857 #2: 0.273890 #3: 0.274002 Server time: 1615212035 #2: 0.870220 (rt #1)34.100714, (rt #2)40.217021, (client)0.870220 ===============Final=============== (startup)8.824418, (online)74.317735 = (tcp rtt)34.100714 + (tls rtt)40.217021 Avg. client processing time: 0.870220 0.870220 34.100714 40.217021
13638 rice.edu 36.073267 44.139740 0.875767
run_id: 0 #1: 0.242208 #2: 0.424352 #3: 0.424739 Server time: 1615212035 #2: 0.875767 (rt #1)36.073267, (rt #2)44.139740, (client)0.875767 ===============Final=============== (startup)62.887319, (online)80.213007 = (tcp rtt)36.073267 + (tls rtt)44.139740 Avg. client processing time: 0.875767 0.875767 36.073267 44.139740
60530 www.augusta.edu 33.274146 37.212197 0.907568
run_id: 0 #1: 0.321797 Server time: 1615212035 #2: 0.907568 (rt #1)33.274146, (rt #2)37.212197, (client)0.907568 ===============Final=============== (startup)26.124312, (online)70.486343 = (tcp rtt)33.274146 + (tls rtt)37.212197 Avg. client processing time: 0.907568 0.907568 33.274146 37.212197
202345 www.asds.edu.co 35.034955 38.794884 0.814224
run_id: 0 #1: 0.311075 Server time: 2343872803 #2: 0.814224 (rt #1)35.034955, (rt #2)38.794884, (client)0.814224 ===============Final=============== (startup)74.060752, (online)73.829839 = (tcp rtt)35.034955 + (tls rtt)38.794884 Avg. client processing time: 0.814224 0.814224 35.034955 38.794884
85700 www.iris.edu 33.928715 38.303343 0.833362
run_id: 0 #1: 0.238951 Server time: 1615212036 #2: 0.833362 (rt #1)33.928715, (rt #2)38.303343, (client)0.833362 ===============Final=============== (startup)70.820679, (online)72.232058 = (tcp rtt)33.928715 + (tls rtt)38.303343 Avg. client processing time: 0.833362 0.833362 33.928715 38.303343
200593 www.istpargentina.edu.pe 32.538928 39.329084 0.855136
run_id: 0 #1: 0.239029 Server time: 1615212036 #2: 0.855136 (rt #1)32.538928, (rt #2)39.329084, (client)0.855136 ===============Final=============== (startup)71.397954, (online)71.868012 = (tcp rtt)32.538928 + (tls rtt)39.329084 Avg. client processing time: 0.855136 0.855136 32.538928 39.329084
203489 www.ws.edu 36.980670 40.660733 0.845893
run_id: 0 #1: 0.241809 #2: 0.244927 #3: 0.245397 #2: 0.246569 #3: 0.246628 Server time: 1615212036 #2: 0.845893 (rt #1)36.980670, (rt #2)40.660733, (client)0.845893 ===============Final=============== (startup)11.696613, (online)77.641403 = (tcp rtt)36.980670 + (tls rtt)40.660733 Avg. client processing time: 0.845893 0.845893 36.980670 40.660733
29620 www.macomb.edu 17.328831 23.219429 0.961230
run_id: 0 #1: 0.234011 Server time: 1615212032 #2: 0.961230 (rt #1)17.328831, (rt #2)23.219429, (client)0.961230 ===============Final=============== (startup)811.641285, (online)40.548260 = (tcp rtt)17.328831 + (tls rtt)23.219429 Avg. client processing time: 0.961230 0.961230 17.328831 23.219429
49453 www.uthsc.edu 35.788714 40.617767 0.848603
run_id: 0 #1: 0.235402 Server time: 1615212037 #2: 0.848603 (rt #1)35.788714, (rt #2)40.617767, (client)0.848603 ===============Final=============== (startup)77.782031, (online)76.406481 = (tcp rtt)35.788714 + (tls rtt)40.617767 Avg. client processing time: 0.848603 0.848603 35.788714 40.617767
9808 elearning.edu.sa 32.692830 36.600789 0.855324
run_id: 0 #1: 0.236967 Server time: 1615212038 #2: 0.855324 (rt #1)32.692830, (rt #2)36.600789, (client)0.855324 ===============Final=============== (startup)383.984515, (online)69.293619 = (tcp rtt)32.692830 + (tls rtt)36.600789 Avg. client processing time: 0.855324 0.855324 32.692830 36.600789
33066 www.umsl.edu 38.620527 48.223694 1.082304
run_id: 0 #1: 0.226673 Server time: 1615212038 #2: 1.082304 (rt #1)38.620527, (rt #2)48.223694, (client)1.082304 ===============Final=============== (startup)44.309913, (online)86.844221 = (tcp rtt)38.620527 + (tls rtt)48.223694 Avg. client processing time: 1.082304 1.082304 38.620527 48.223694
20503 www.smu.edu 45.750567 47.209926 1.006279
run_id: 0 #1: 0.254918 Server time: 1615212038 #2: 1.006279 (rt #1)45.750567, (rt #2)47.209926, (client)1.006279 ===============Final=============== (startup)82.699876, (online)92.960493 = (tcp rtt)45.750567 + (tls rtt)47.209926 Avg. client processing time: 1.006279 1.006279 45.750567 47.209926
54165 centralmethodist.edu 38.656779 44.123472 0.906780
run_id: 0 #1: 0.243509 Server time: 1615212038 #2: 0.906780 (rt #1)38.656779, (rt #2)44.123472, (client)0.906780 ===============Final=============== (startup)73.569480, (online)82.780251 = (tcp rtt)38.656779 + (tls rtt)44.123472 Avg. client processing time: 0.906780 0.906780 38.656779 44.123472
153834 www.iccms.edu 43.245377 46.438874 0.886932
run_id: 0 #1: 0.242174 Server time: 1615212038 #2: 0.886932 (rt #1)43.245377, (rt #2)46.438874, (client)0.886932 ===============Final=============== (startup)49.107595, (online)89.684251 = (tcp rtt)43.245377 + (tls rtt)46.438874 Avg. client processing time: 0.886932 0.886932 43.245377 46.438874
94909 www.fsw.edu 33.754475 40.122814 0.918647
run_id: 0 #1: 0.240742 Server time: 1615212038 #2: 0.918647 (rt #1)33.754475, (rt #2)40.122814, (client)0.918647 ===============Final=============== (startup)1.806722, (online)73.877289 = (tcp rtt)33.754475 + (tls rtt)40.122814 Avg. client processing time: 0.918647 0.918647 33.754475 40.122814
170326 www.roanestate.edu 326.111499 267.698740 1.118437
run_id: 0 #1: 0.425795 #2: 0.431829 #3: 0.432401 #2: 0.434261 #3: 0.434477 #2: 0.436065 #3: 0.436188 Server time: 1615212039 #2: 1.118437 (rt #1)326.111499, (rt #2)267.698740, (client)1.118437 ===============Final=============== (startup)339.165972, (online)593.810239 = (tcp rtt)326.111499 + (tls rtt)267.698740 Avg. client processing time: 1.118437 1.118437 326.111499 267.698740
219939 www.grayson.edu 37.971022 42.334943 0.863213
run_id: 0 #1: 0.258983 Server time: 1615212039 #2: 0.863213 (rt #1)37.971022, (rt #2)42.334943, (client)0.863213 ===============Final=============== (startup)112.395919, (online)80.305965 = (tcp rtt)37.971022 + (tls rtt)42.334943 Avg. client processing time: 0.863213 0.863213 37.971022 42.334943
101973 www.truman.edu 39.854500 44.052179 0.908879
run_id: 0 #1: 0.234080 Server time: 1615212040 #2: 0.908879 (rt #1)39.854500, (rt #2)44.052179, (client)0.908879 ===============Final=============== (startup)76.332092, (online)83.906679 = (tcp rtt)39.854500 + (tls rtt)44.052179 Avg. client processing time: 0.908879 0.908879 39.854500 44.052179
17709 www.stcloudstate.edu 42.682611 46.421337 0.883380
run_id: 0 #1: 0.232507 #2: 0.247143 #3: 0.247794 #2: 0.413032 #3: 0.413245 Server time: 1615212040 #2: 0.883380 (rt #1)42.682611, (rt #2)46.421337, (client)0.883380 ===============Final=============== (startup)43.491446, (online)89.103948 = (tcp rtt)42.682611 + (tls rtt)46.421337 Avg. client processing time: 0.883380 0.883380 42.682611 46.421337
36940 trustees.ufl.edu 28.479524 32.263572 0.925078
run_id: 0 #1: 0.239443 Server time: 1615212040 #2: 0.925078 (rt #1)28.479524, (rt #2)32.263572, (client)0.925078 ===============Final=============== (startup)72.814239, (online)60.743096 = (tcp rtt)28.479524 + (tls rtt)32.263572 Avg. client processing time: 0.925078 0.925078 28.479524 32.263572
100285 www.uaex.edu 41.050247 43.640751 0.873290
run_id: 0 #1: 0.238737 Server time: 1615212040 #2: 0.873290 (rt #1)41.050247, (rt #2)43.640751, (client)0.873290 ===============Final=============== (startup)68.320409, (online)84.690998 = (tcp rtt)41.050247 + (tls rtt)43.640751 Avg. client processing time: 0.873290 0.873290 41.050247 43.640751
94066 www.georgiasouthern.edu 33.365615 36.836331 0.846829
run_id: 0 #1: 0.222363 Server time: 1615212040 #2: 0.846829 (rt #1)33.365615, (rt #2)36.836331, (client)0.846829 ===============Final=============== (startup)59.396769, (online)70.201946 = (tcp rtt)33.365615 + (tls rtt)36.836331 Avg. client processing time: 0.846829 0.846829 33.365615 36.836331
40013 www.uark.edu 42.332185 48.202832 0.926590
run_id: 0 #1: 0.242109 Server time: 1615212040 #2: 0.926590 (rt #1)42.332185, (rt #2)48.202832, (client)0.926590 ===============Final=============== (startup)96.569687, (online)90.535017 = (tcp rtt)42.332185 + (tls rtt)48.202832 Avg. client processing time: 0.926590 0.926590 42.332185 48.202832
86106 www.actx.edu 41.585100 45.539637 0.898368
run_id: 0 #1: 0.296854 Server time: 1615212041 #2: 0.898368 (rt #1)41.585100, (rt #2)45.539637, (client)0.898368 ===============Final=============== (startup)72.508156, (online)87.124737 = (tcp rtt)41.585100 + (tls rtt)45.539637 Avg. client processing time: 0.898368 0.898368 41.585100 45.539637
151199 www.landivarinspira.edu.gt 37.460092 39.659323 1.003416
run_id: 0 #1: 0.237306 Server time: 1615212041 #2: 1.003416 (rt #1)37.460092, (rt #2)39.659323, (client)1.003416 ===============Final=============== (startup)1.996915, (online)77.119415 = (tcp rtt)37.460092 + (tls rtt)39.659323 Avg. client processing time: 1.003416 1.003416 37.460092 39.659323
168463 www.briarcliff.edu 47.909186 52.797982 0.946706
run_id: 0 #1: 0.262095 Server time: 1615212041 #2: 0.946706 (rt #1)47.909186, (rt #2)52.797982, (client)0.946706 ===============Final=============== (startup)3.290095, (online)100.707168 = (tcp rtt)47.909186 + (tls rtt)52.797982 Avg. client processing time: 0.946706 0.946706 47.909186 52.797982
8840 usf.edu 28.571567 32.326227 1.053198
run_id: 0 #1: 0.258925 Server time: 1615212041 #2: 1.053198 (rt #1)28.571567, (rt #2)32.326227, (client)1.053198 ===============Final=============== (startup)55.675771, (online)60.897794 = (tcp rtt)28.571567 + (tls rtt)32.326227 Avg. client processing time: 1.053198 1.053198 28.571567 32.326227
152777 www.itep.edu.pe 37.732532 39.184991 0.929396
run_id: 0 #1: 0.245402 Server time: 1615212041 #2: 0.929396 (rt #1)37.732532, (rt #2)39.184991, (client)0.929396 ===============Final=============== (startup)378.040978, (online)76.917523 = (tcp rtt)37.732532 + (tls rtt)39.184991 Avg. client processing time: 0.929396 0.929396 37.732532 39.184991
30554 www.uwi.edu 82.015646 68.867641 0.873001
run_id: 0 #1: 0.255677 Server time: 1615212042 #2: 0.873001 (rt #1)82.015646, (rt #2)68.867641, (client)0.873001 ===============Final=============== (startup)103.694236, (online)150.883287 = (tcp rtt)82.015646 + (tls rtt)68.867641 Avg. client processing time: 0.873001 0.873001 82.015646 68.867641
2404 wisc.edu 24.212231 32.767332 0.954326
run_id: 0 #1: 0.237052 #2: 0.503625 #3: 0.504057 Server time: 1615212042 #2: 0.954326 (rt #1)24.212231, (rt #2)32.767332, (client)0.954326 ===============Final=============== (startup)28.494414, (online)56.979563 = (tcp rtt)24.212231 + (tls rtt)32.767332 Avg. client processing time: 0.954326 0.954326 24.212231 32.767332
202623 www.usergioarboleda.edu.co 1.917096 16.262103 1.643257
run_id: 0 #1: 0.206015 Server time: 1615212028 #2: 1.643257 (rt #1)1.917096, (rt #2)16.262103, (client)1.643257 ===============Final=============== (startup)1.691327, (online)18.179199 = (tcp rtt)1.917096 + (tls rtt)16.262103 Avg. client processing time: 1.643257 1.643257 1.917096 16.262103
173126 www.wiregrass.edu 25.842537 30.285901 0.954844
run_id: 0 #1: 0.289866 Server time: 1615212042 #2: 0.954844 (rt #1)25.842537, (rt #2)30.285901, (client)0.954844 ===============Final=============== (startup)12.148405, (online)56.128438 = (tcp rtt)25.842537 + (tls rtt)30.285901 Avg. client processing time: 0.954844 0.954844 25.842537 30.285901
76645 www.washburn.edu 45.627464 61.444966 1.624982
run_id: 0 #1: 0.231005 Server time: 1615212042 #2: 1.624982 (rt #1)45.627464, (rt #2)61.444966, (client)1.624982 ===============Final=============== (startup)56.356233, (online)107.072430 = (tcp rtt)45.627464 + (tls rtt)61.444966 Avg. client processing time: 1.624982 1.624982 45.627464 61.444966
