id domain
106206 www.westminster.edu 1.093992 6.187989 0.803448
run_id: 0 #1: 0.207298 #2: 0.209453 #3: 0.209739 Server time: 1615467601 #2: 0.803448 (rt #1)1.093992, (rt #2)6.187989, (client)0.803448 ===============Final=============== (startup)50.461873, (online)7.281981 = (tcp rtt)1.093992 + (tls rtt)6.187989 Avg. client processing time: 0.803448 0.803448 1.093992 6.187989
155445 www.lincoln.edu 1.777680 8.655334 0.776479
run_id: 0 #1: 0.214538 Server time: 1615467601 #2: 0.776479 (rt #1)1.777680, (rt #2)8.655334, (client)0.776479 ===============Final=============== (startup)1.158923, (online)10.433014 = (tcp rtt)1.777680 + (tls rtt)8.655334 Avg. client processing time: 0.776479 0.776479 1.777680 8.655334
14394 www.american.edu 3.163746 7.700236 1.067233
run_id: 0 #1: 0.302057 Server time: 1615467601 #2: 1.067233 (rt #1)3.163746, (rt #2)7.700236, (client)1.067233 ===============Final=============== (startup)19.708033, (online)10.863982 = (tcp rtt)3.163746 + (tls rtt)7.700236 Avg. client processing time: 1.067233 1.067233 3.163746 7.700236
217283 www.com.edu 1.808946 10.965170 0.691140
run_id: 0 #1: 0.229045 Server time: 1615467601 #2: 0.691140 (rt #1)1.808946, (rt #2)10.965170, (client)0.691140 ===============Final=============== (startup)71.656103, (online)12.774116 = (tcp rtt)1.808946 + (tls rtt)10.965170 Avg. client processing time: 0.691140 0.691140 1.808946 10.965170
93736 gallaudet.edu 3.551554 8.256826 0.861708
run_id: 0 #1: 0.246435 Server time: 1615467601 #2: 0.861708 (rt #1)3.551554, (rt #2)8.256826, (client)0.861708 ===============Final=============== (startup)3.998606, (online)11.808380 = (tcp rtt)3.551554 + (tls rtt)8.256826 Avg. client processing time: 0.861708 0.861708 3.551554 8.256826
228226 www.usuhs.edu 4.182287 10.528640 1.083437
run_id: 0 #1: 0.217470 Server time: 1652245766 #2: 1.083437 (rt #1)4.182287, (rt #2)10.528640, (client)1.083437 ===============Final=============== (startup)0.754063, (online)14.710927 = (tcp rtt)4.182287 + (tls rtt)10.528640 Avg. client processing time: 1.083437 1.083437 4.182287 10.528640
35175 www.ucmerced.edu 1.850860 6.487893 0.874590
run_id: 0 #1: 0.209933 Server time: 1615467601 #2: 0.874590 (rt #1)1.850860, (rt #2)6.487893, (client)0.874590 ===============Final=============== (startup)141.782719, (online)8.338753 = (tcp rtt)1.850860 + (tls rtt)6.487893 Avg. client processing time: 0.874590 0.874590 1.850860 6.487893
113936 www.pointpark.edu 6.817277 10.368175 0.907597
run_id: 0 #1: 0.239204 #2: 0.243074 #3: 0.243453 #2: 0.245417 #3: 0.245465 Server time: 1615467601 #2: 0.907597 (rt #1)6.817277, (rt #2)10.368175, (client)0.907597 ===============Final=============== (startup)20.003171, (online)17.185452 = (tcp rtt)6.817277 + (tls rtt)10.368175 Avg. client processing time: 0.907597 0.907597 6.817277 10.368175
83893 www.kutztown.edu 8.922540 10.744113 0.919287
run_id: 0 #1: 0.223908 #2: 0.489075 #3: 0.489763 Server time: 1615467602 #2: 0.919287 (rt #1)8.922540, (rt #2)10.744113, (client)0.919287 ===============Final=============== (startup)11.683932, (online)19.666653 = (tcp rtt)8.922540 + (tls rtt)10.744113 Avg. client processing time: 0.919287 0.919287 8.922540 10.744113
62242 www.mc3.edu 8.182597 18.772619 0.939720
run_id: 0 #1: 0.237983 #2: 0.502740 #3: 0.503128 Server time: 1615467602 #2: 0.939720 (rt #1)8.182597, (rt #2)18.772619, (client)0.939720 ===============Final=============== (startup)0.717610, (online)26.955216 = (tcp rtt)8.182597 + (tls rtt)18.772619 Avg. client processing time: 0.939720 0.939720 8.182597 18.772619
170060 www.passhe.edu 29.771940 38.100963 1.027945
run_id: 0 #1: 0.314315 #2: 0.573617 #3: 0.574169 Server time: 1615467602 #2: 1.027945 (rt #1)29.771940, (rt #2)38.100963, (client)1.027945 ===============Final=============== (startup)37.314914, (online)67.872903 = (tcp rtt)29.771940 + (tls rtt)38.100963 Avg. client processing time: 1.027945 1.027945 29.771940 38.100963
207595 www.lasu.edu.ng 8.170661 11.156673 0.952611
run_id: 0 #1: 0.233985 Server time: 1615467602 #2: 0.952611 (rt #1)8.170661, (rt #2)11.156673, (client)0.952611 ===============Final=============== (startup)0.684758, (online)19.327334 = (tcp rtt)8.170661 + (tls rtt)11.156673 Avg. client processing time: 0.952611 0.952611 8.170661 11.156673
125492 www.skidmore.edu 10.990528 15.723676 1.221343
run_id: 0 #1: 0.244821 Server time: 1615467602 #2: 1.221343 (rt #1)10.990528, (rt #2)15.723676, (client)1.221343 ===============Final=============== (startup)17.083871, (online)26.714204 = (tcp rtt)10.990528 + (tls rtt)15.723676 Avg. client processing time: 1.221343 1.221343 10.990528 15.723676
157787 www.nichols.edu 13.251719 17.381259 0.838707
run_id: 0 #1: 0.227429 Server time: 1615467602 #2: 0.838707 (rt #1)13.251719, (rt #2)17.381259, (client)0.838707 ===============Final=============== (startup)0.665426, (online)30.632978 = (tcp rtt)13.251719 + (tls rtt)17.381259 Avg. client processing time: 0.838707 0.838707 13.251719 17.381259
16065 www.uvm.edu 14.157743 17.079997 1.018873
run_id: 0 #1: 0.331068 Server time: 1615467602 #2: 1.018873 (rt #1)14.157743, (rt #2)17.079997, (client)1.018873 ===============Final=============== (startup)17.231205, (online)31.237740 = (tcp rtt)14.157743 + (tls rtt)17.079997 Avg. client processing time: 1.018873 1.018873 14.157743 17.079997
68825 uncg.edu 10.900626 19.953635 0.984275
run_id: 0 #1: 0.239300 #2: 0.548025 #3: 0.548448 Server time: 1615467602 #2: 0.984275 (rt #1)10.900626, (rt #2)19.953635, (client)0.984275 ===============Final=============== (startup)14.803026, (online)30.854261 = (tcp rtt)10.900626 + (tls rtt)19.953635 Avg. client processing time: 0.984275 0.984275 10.900626 19.953635
120558 simmons.edu 12.211467 18.813587 0.841864
run_id: 0 #1: 0.234384 #2: 0.246946 #3: 0.247336 #2: 0.411448 #3: 0.411608 Server time: 1615467602 #2: 0.841864 (rt #1)12.211467, (rt #2)18.813587, (client)0.841864 ===============Final=============== (startup)19.283384, (online)31.025054 = (tcp rtt)12.211467 + (tls rtt)18.813587 Avg. client processing time: 0.841864 0.841864 12.211467 18.813587
116499 qu.edu 14.120865 23.184950 1.015836
run_id: 0 #1: 0.379493 Server time: 1615467602 #2: 1.015836 (rt #1)14.120865, (rt #2)23.184950, (client)1.015836 ===============Final=============== (startup)17.664074, (online)37.305815 = (tcp rtt)14.120865 + (tls rtt)23.184950 Avg. client processing time: 1.015836 1.015836 14.120865 23.184950
156616 www.iup.edu 13.827306 17.327703 0.914887
run_id: 0 #1: 0.229700 Server time: 1615467602 #2: 0.914887 (rt #1)13.827306, (rt #2)17.327703, (client)0.914887 ===============Final=============== (startup)66.154258, (online)31.155009 = (tcp rtt)13.827306 + (tls rtt)17.327703 Avg. client processing time: 0.914887 0.914887 13.827306 17.327703
222063 lmunet.edu 13.866220 19.873981 0.888213
run_id: 0 #1: 0.250324 #2: 0.253734 #3: 0.254352 #2: 0.255650 #3: 0.255808 Server time: 1615467602 #2: 0.888213 (rt #1)13.866220, (rt #2)19.873981, (client)0.888213 ===============Final=============== (startup)11.184007, (online)33.740201 = (tcp rtt)13.866220 + (tls rtt)19.873981 Avg. client processing time: 0.888213 0.888213 13.866220 19.873981
65601 www.quinnipiac.edu 14.624170 21.069812 0.890314
run_id: 0 #1: 0.275800 Server time: 1615467602 #2: 0.890314 (rt #1)14.624170, (rt #2)21.069812, (client)0.890314 ===============Final=============== (startup)61.010502, (online)35.693982 = (tcp rtt)14.624170 + (tls rtt)21.069812 Avg. client processing time: 0.890314 0.890314 14.624170 21.069812
144548 www.gordon.edu 14.717088 28.194335 0.845240
run_id: 0 #1: 0.237944 #2: 0.242148 #3: 0.242760 Server time: 1615467602 #2: 0.845240 (rt #1)14.717088, (rt #2)28.194335, (client)0.845240 ===============Final=============== (startup)5.389947, (online)42.911423 = (tcp rtt)14.717088 + (tls rtt)28.194335 Avg. client processing time: 0.845240 0.845240 14.717088 28.194335
9505 www.uconn.edu 14.838134 19.455473 1.003292
run_id: 0 #1: 0.233989 Server time: 1615467602 #2: 1.003292 (rt #1)14.838134, (rt #2)19.455473, (client)1.003292 ===============Final=============== (startup)16.749682, (online)34.293607 = (tcp rtt)14.838134 + (tls rtt)19.455473 Avg. client processing time: 1.003292 1.003292 14.838134 19.455473
29540 www.mass.edu 14.273859 22.235914 0.871038
run_id: 0 #1: 0.249134 #2: 0.252406 #3: 0.252903 #2: 0.420372 #3: 0.420511 Server time: 1615467603 #2: 0.871038 (rt #1)14.273859, (rt #2)22.235914, (client)0.871038 ===============Final=============== (startup)125.953383, (online)36.509773 = (tcp rtt)14.273859 + (tls rtt)22.235914 Avg. client processing time: 0.871038 0.871038 14.273859 22.235914
152353 www.camdencc.edu 15.287897 20.345188 1.598419
run_id: 0 #1: 0.243827 Server time: 1615467603 #2: 1.598419 (rt #1)15.287897, (rt #2)20.345188, (client)1.598419 ===============Final=============== (startup)18.206124, (online)35.633085 = (tcp rtt)15.287897 + (tls rtt)20.345188 Avg. client processing time: 1.598419 1.598419 15.287897 20.345188
78170 www.fairfield.edu 34.417225 19.590564 1.266030
run_id: 0 #1: 0.244418 #2: 0.258100 #3: 0.258483 Server time: 1615467603 #2: 1.266030 (rt #1)34.417225, (rt #2)19.590564, (client)1.266030 ===============Final=============== (startup)0.785119, (online)54.007789 = (tcp rtt)34.417225 + (tls rtt)19.590564 Avg. client processing time: 1.266030 1.266030 34.417225 19.590564
94097 www.lemoyne.edu 12.305289 15.450519 0.894223
run_id: 0 #1: 0.287796 Server time: 1615467599 #2: 0.894223 (rt #1)12.305289, (rt #2)15.450519, (client)0.894223 ===============Final=============== (startup)7.033173, (online)27.755808 = (tcp rtt)12.305289 + (tls rtt)15.450519 Avg. client processing time: 0.894223 0.894223 12.305289 15.450519
103521 www.ulvr.edu.ec 14.384252 17.804169 0.747313
run_id: 0 #1: 0.255786 Server time: 1615467603 #2: 0.747313 (rt #1)14.384252, (rt #2)17.804169, (client)0.747313 ===============Final=============== (startup)163.989279, (online)32.188421 = (tcp rtt)14.384252 + (tls rtt)17.804169 Avg. client processing time: 0.747313 0.747313 14.384252 17.804169
148652 www.berry.edu 18.051886 23.494224 1.045205
run_id: 0 #1: 0.230393 #2: 0.234938 #3: 0.235515 #2: 0.236708 #3: 0.236769 Server time: 1615467603 #2: 1.045205 (rt #1)18.051886, (rt #2)23.494224, (client)1.045205 ===============Final=============== (startup)4.698177, (online)41.546110 = (tcp rtt)18.051886 + (tls rtt)23.494224 Avg. client processing time: 1.045205 1.045205 18.051886 23.494224
49734 www.chaffey.edu 17.666018 22.525534 0.856502
run_id: 0 #1: 0.236182 #2: 0.254663 #3: 0.255067 Server time: 1615467603 #2: 0.856502 (rt #1)17.666018, (rt #2)22.525534, (client)0.856502 ===============Final=============== (startup)0.670211, (online)40.191552 = (tcp rtt)17.666018 + (tls rtt)22.525534 Avg. client processing time: 0.856502 0.856502 17.666018 22.525534
105213 www.ung.edu 19.190395 23.126744 0.868615
run_id: 0 #1: 0.241807 Server time: 1615467596 #2: 0.868615 (rt #1)19.190395, (rt #2)23.126744, (client)0.868615 ===============Final=============== (startup)50.369940, (online)42.317139 = (tcp rtt)19.190395 + (tls rtt)23.126744 Avg. client processing time: 0.868615 0.868615 19.190395 23.126744
135730 www.delmar.edu 17.643442 21.012616 0.850887
run_id: 0 #1: 0.253499 Server time: 1615467603 #2: 0.850887 (rt #1)17.643442, (rt #2)21.012616, (client)0.850887 ===============Final=============== (startup)49.609900, (online)38.656058 = (tcp rtt)17.643442 + (tls rtt)21.012616 Avg. client processing time: 0.850887 0.850887 17.643442 21.012616
161165 www.academiaexitus.edu.pe 25.762778 32.724663 0.928292
run_id: 0 #1: 0.229961 Server time: 1615467603 #2: 0.928292 (rt #1)25.762778, (rt #2)32.724663, (client)0.928292 ===============Final=============== (startup)0.955496, (online)58.487441 = (tcp rtt)25.762778 + (tls rtt)32.724663 Avg. client processing time: 0.928292 0.928292 25.762778 32.724663
9305 www.sc.edu 18.797702 23.216129 0.920708
run_id: 0 #1: 0.240732 Server time: 1615467603 #2: 0.920708 (rt #1)18.797702, (rt #2)23.216129, (client)0.920708 ===============Final=============== (startup)3.582989, (online)42.013831 = (tcp rtt)18.797702 + (tls rtt)23.216129 Avg. client processing time: 0.920708 0.920708 18.797702 23.216129
125406 www.reynolds.edu 21.464970 26.388844 0.870481
run_id: 0 #1: 0.244541 Server time: 1615467596 #2: 0.870481 (rt #1)21.464970, (rt #2)26.388844, (client)0.870481 ===============Final=============== (startup)41.406985, (online)47.853814 = (tcp rtt)21.464970 + (tls rtt)26.388844 Avg. client processing time: 0.870481 0.870481 21.464970 26.388844
195903 www.lycoming.edu 18.629577 23.110966 1.182492
run_id: 0 #1: 0.255620 Server time: 1615467602 #2: 1.182492 (rt #1)18.629577, (rt #2)23.110966, (client)1.182492 ===============Final=============== (startup)44.225977, (online)41.740543 = (tcp rtt)18.629577 + (tls rtt)23.110966 Avg. client processing time: 1.182492 1.182492 18.629577 23.110966
109947 www.plymouth.edu 30.980160 35.440684 0.892094
run_id: 0 #1: 0.245921 Server time: 1615467604 #2: 0.892094 (rt #1)30.980160, (rt #2)35.440684, (client)0.892094 ===============Final=============== (startup)43.340712, (online)66.420844 = (tcp rtt)30.980160 + (tls rtt)35.440684 Avg. client processing time: 0.892094 0.892094 30.980160 35.440684
20396 artic.edu 19.338673 1454.467850 0.940678
run_id: 0 #1: 0.318697 #2: 0.333060 #3: 0.333503 Server time: 1615467605 #2: 0.940678 (rt #1)19.338673, (rt #2)1454.467850, (client)0.940678 ===============Final=============== (startup)23.889433, (online)1473.806523 = (tcp rtt)19.338673 + (tls rtt)1454.467850 Avg. client processing time: 0.940678 0.940678 19.338673 1454.467850
69123 www.musc.edu 19.577837 27.353562 0.970578
run_id: 0 #1: 0.237419 Server time: 1615467605 #2: 0.970578 (rt #1)19.577837, (rt #2)27.353562, (client)0.970578 ===============Final=============== (startup)50.586331, (online)46.931399 = (tcp rtt)19.577837 + (tls rtt)27.353562 Avg. client processing time: 0.970578 0.970578 19.577837 27.353562
173618 www.colegioebenezer.edu.co 29.730166 27.425354 0.955710
run_id: 0 #1: 0.239871 Server time: 1615467605 #2: 0.955710 (rt #1)29.730166, (rt #2)27.425354, (client)0.955710 ===============Final=============== (startup)2.060553, (online)57.155520 = (tcp rtt)29.730166 + (tls rtt)27.425354 Avg. client processing time: 0.955710 0.955710 29.730166 27.425354
9556 www.uic.edu 19.803441 23.760129 0.974271
run_id: 0 #1: 0.230415 Server time: 1615467605 #2: 0.974271 (rt #1)19.803441, (rt #2)23.760129, (client)0.974271 ===============Final=============== (startup)77.622915, (online)43.563570 = (tcp rtt)19.803441 + (tls rtt)23.760129 Avg. client processing time: 0.974271 0.974271 19.803441 23.760129
54970 www.indwes.edu 17.727373 21.217701 0.887890
run_id: 0 #1: 0.254116 Server time: 1615467606 #2: 0.887890 (rt #1)17.727373, (rt #2)21.217701, (client)0.887890 ===============Final=============== (startup)72.841568, (online)38.945074 = (tcp rtt)17.727373 + (tls rtt)21.217701 Avg. client processing time: 0.887890 0.887890 17.727373 21.217701
115892 www.atlm.edu 15.381122 40.469981 0.930757
run_id: 0 #1: 0.239655 #2: 0.257108 #3: 0.257451 Server time: 1615467606 #2: 0.930757 (rt #1)15.381122, (rt #2)40.469981, (client)0.930757 ===============Final=============== (startup)65.355337, (online)55.851103 = (tcp rtt)15.381122 + (tls rtt)40.469981 Avg. client processing time: 0.930757 0.930757 15.381122 40.469981
171352 bju.edu 18.901287 33.284881 0.892409
run_id: 0 #1: 0.240643 Server time: 1615467606 #2: 0.892409 (rt #1)18.901287, (rt #2)33.284881, (client)0.892409 ===============Final=============== (startup)4.769719, (online)52.186168 = (tcp rtt)18.901287 + (tls rtt)33.284881 Avg. client processing time: 0.892409 0.892409 18.901287 33.284881
132200 www.koi.edu.au 20.893294 24.957013 0.910610
run_id: 0 #1: 0.244050 Server time: 1615467606 #2: 0.910610 (rt #1)20.893294, (rt #2)24.957013, (client)0.910610 ===============Final=============== (startup)70.861885, (online)45.850307 = (tcp rtt)20.893294 + (tls rtt)24.957013 Avg. client processing time: 0.910610 0.910610 20.893294 24.957013
180144 www.morton.edu 23.397368 26.453524 0.858510
run_id: 0 #1: 0.238036 #2: 0.245680 #3: 0.246553 Server time: 1615467606 #2: 0.858510 (rt #1)23.397368, (rt #2)26.453524, (client)0.858510 ===============Final=============== (startup)32.274449, (online)49.850892 = (tcp rtt)23.397368 + (tls rtt)26.453524 Avg. client processing time: 0.858510 0.858510 23.397368 26.453524
8579 www.ohio-state.edu 23.704334 28.612283 0.880308
run_id: 0 #1: 0.232830 #2: 0.438225 #3: 0.438730 Server time: 1615467606 #2: 0.880308 (rt #1)23.704334, (rt #2)28.612283, (client)0.880308 ===============Final=============== (startup)27.814713, (online)52.316617 = (tcp rtt)23.704334 + (tls rtt)28.612283 Avg. client processing time: 0.880308 0.880308 23.704334 28.612283
69255 www.etsu.edu 22.015771 35.735310 0.868261
run_id: 0 #1: 0.229928 #2: 0.234123 #3: 0.234636 #2: 0.425136 #3: 0.425284 Server time: 1615467606 #2: 0.868261 (rt #1)22.015771, (rt #2)35.735310, (client)0.868261 ===============Final=============== (startup)76.982874, (online)57.751081 = (tcp rtt)22.015771 + (tls rtt)35.735310 Avg. client processing time: 0.868261 0.868261 22.015771 35.735310
200988 www.depauw.edu 24.628521 28.192897 0.627128
run_id: 0 #1: 0.268183 Server time: 1615467606 #2: 0.627128 (rt #1)24.628521, (rt #2)28.192897, (client)0.627128 ===============Final=============== (startup)37.556045, (online)52.821418 = (tcp rtt)24.628521 + (tls rtt)28.192897 Avg. client processing time: 0.627128 0.627128 24.628521 28.192897
116546 www.sbu.edu 27.079771 33.357965 0.835162
run_id: 0 #1: 0.233169 Server time: 1615467606 #2: 0.835162 (rt #1)27.079771, (rt #2)33.357965, (client)0.835162 ===============Final=============== (startup)0.640883, (online)60.437736 = (tcp rtt)27.079771 + (tls rtt)33.357965 Avg. client processing time: 0.835162 0.835162 27.079771 33.357965
97934 www.collegeforcreativestudies.edu 22.932373 32.602889 0.997350
run_id: 0 #1: 0.222885 Server time: 1615467607 #2: 0.997350 (rt #1)22.932373, (rt #2)32.602889, (client)0.997350 ===============Final=============== (startup)39.701944, (online)55.535262 = (tcp rtt)22.932373 + (tls rtt)32.602889 Avg. client processing time: 0.997350 0.997350 22.932373 32.602889
84614 www.sunysuffolk.edu 14.451541 24.140185 0.905201
run_id: 0 #1: 0.277331 #2: 0.292293 #3: 0.292768 Server time: 1615467606 #2: 0.905201 (rt #1)14.451541, (rt #2)24.140185, (client)0.905201 ===============Final=============== (startup)5.043743, (online)38.591726 = (tcp rtt)14.451541 + (tls rtt)24.140185 Avg. client processing time: 0.905201 0.905201 14.451541 24.140185
2627 www.illinois.edu 22.506781 25.921067 0.929854
run_id: 0 #1: 0.251996 Server time: 1615467607 #2: 0.929854 (rt #1)22.506781, (rt #2)25.921067, (client)0.929854 ===============Final=============== (startup)38.345666, (online)48.427848 = (tcp rtt)22.506781 + (tls rtt)25.921067 Avg. client processing time: 0.929854 0.929854 22.506781 25.921067
184230 www.cetcolsubsidio.edu.co 21.749625 25.774921 0.831562
run_id: 0 #1: 0.232633 #2: 0.246390 #3: 0.246754 #2: 0.399714 #3: 0.399770 Server time: 1615467606 #2: 0.831562 (rt #1)21.749625, (rt #2)25.774921, (client)0.831562 ===============Final=============== (startup)0.626394, (online)47.524546 = (tcp rtt)21.749625 + (tls rtt)25.774921 Avg. client processing time: 0.831562 0.831562 21.749625 25.774921
105615 www.uiuc.edu 23.900139 27.212602 0.929309
run_id: 0 #1: 0.248099 Server time: 1615467607 #2: 0.929309 (rt #1)23.900139, (rt #2)27.212602, (client)0.929309 ===============Final=============== (startup)55.163345, (online)51.112741 = (tcp rtt)23.900139 + (tls rtt)27.212602 Avg. client processing time: 0.929309 0.929309 23.900139 27.212602
61111 www.uis.edu 25.014657 26.884051 0.867804
run_id: 0 #1: 0.247648 #2: 0.252052 #3: 0.252595 #2: 0.434627 #3: 0.434871 Server time: 1615467607 #2: 0.867804 (rt #1)25.014657, (rt #2)26.884051, (client)0.867804 ===============Final=============== (startup)60.955069, (online)51.898708 = (tcp rtt)25.014657 + (tls rtt)26.884051 Avg. client processing time: 0.867804 0.867804 25.014657 26.884051
114733 www.mainemaritime.edu 36.319473 39.622328 0.987036
run_id: 0 #1: 0.235904 Server time: 1615467607 #2: 0.987036 (rt #1)36.319473, (rt #2)39.622328, (client)0.987036 ===============Final=============== (startup)49.943344, (online)75.941801 = (tcp rtt)36.319473 + (tls rtt)39.622328 Avg. client processing time: 0.987036 0.987036 36.319473 39.622328
121074 www.queens.edu 24.025952 32.529538 0.743271
run_id: 0 #1: 0.248145 Server time: 1615467607 #2: 0.743271 (rt #1)24.025952, (rt #2)32.529538, (client)0.743271 ===============Final=============== (startup)46.782723, (online)56.555490 = (tcp rtt)24.025952 + (tls rtt)32.529538 Avg. client processing time: 0.743271 0.743271 24.025952 32.529538
177115 www.clcillinois.edu 24.912312 33.224072 0.871517
run_id: 0 #1: 0.246757 Server time: 1615467607 #2: 0.871517 (rt #1)24.912312, (rt #2)33.224072, (client)0.871517 ===============Final=============== (startup)26.917408, (online)58.136384 = (tcp rtt)24.912312 + (tls rtt)33.224072 Avg. client processing time: 0.871517 0.871517 24.912312 33.224072
157490 www.hgtc.edu 23.779747 33.553715 0.885594
run_id: 0 #1: 0.234857 Server time: 1615467607 #2: 0.885594 (rt #1)23.779747, (rt #2)33.553715, (client)0.885594 ===============Final=============== (startup)43.042310, (online)57.333462 = (tcp rtt)23.779747 + (tls rtt)33.553715 Avg. client processing time: 0.885594 0.885594 23.779747 33.553715
12609 www.uga.edu 23.796643 45.823482 0.995569
run_id: 0 #1: 0.236489 #2: 0.248787 #3: 0.249173 Server time: 1615467608 #2: 0.995569 (rt #1)23.796643, (rt #2)45.823482, (client)0.995569 ===============Final=============== (startup)47.188721, (online)69.620125 = (tcp rtt)23.796643 + (tls rtt)45.823482 Avg. client processing time: 0.995569 0.995569 23.796643 45.823482
33231 www.cod.edu 24.856615 30.473979 0.851574
run_id: 0 #1: 0.241501 Server time: 1615467608 #2: 0.851574 (rt #1)24.856615, (rt #2)30.473979, (client)0.851574 ===============Final=============== (startup)29.640336, (online)55.330594 = (tcp rtt)24.856615 + (tls rtt)30.473979 Avg. client processing time: 0.851574 0.851574 24.856615 30.473979
145662 www.einstein.edu 22.873005 31.584660 1.050973
run_id: 0 #1: 0.239560 #2: 0.242992 #3: 0.243457 #2: 0.253987 #3: 0.254106 #2: 0.609544 #3: 0.609602 Server time: 1615467608 #2: 1.050973 (rt #1)22.873005, (rt #2)31.584660, (client)1.050973 ===============Final=============== (startup)74.554696, (online)54.457665 = (tcp rtt)22.873005 + (tls rtt)31.584660 Avg. client processing time: 1.050973 1.050973 22.873005 31.584660
223997 www.osumc.edu 22.351295 31.415656 1.013736
run_id: 0 #1: 0.241592 #2: 0.500853 #3: 0.501217 Server time: 1615467608 #2: 1.013736 (rt #1)22.351295, (rt #2)31.415656, (client)1.013736 ===============Final=============== (startup)63.225216, (online)53.766951 = (tcp rtt)22.351295 + (tls rtt)31.415656 Avg. client processing time: 1.013736 1.013736 22.351295 31.415656
194102 esu.edu ERROR1 on trying host, skipping
26620 www.niu.edu 26.836402 38.477077 1.992059
run_id: 0 #1: 0.245032 #2: 0.280305 #3: 0.280748 #2: 0.803195 #3: 0.803282 Server time: 1615467632 #2: 1.992059 (rt #1)26.836402, (rt #2)38.477077, (client)1.992059 ===============Final=============== (startup)1.728370, (online)65.313479 = (tcp rtt)26.836402 + (tls rtt)38.477077 Avg. client processing time: 1.992059 1.992059 26.836402 38.477077
85407 www.midwestern.edu 24.814715 31.807611 0.881998
run_id: 0 #1: 0.266106 Server time: 1615467633 #2: 0.881998 (rt #1)24.814715, (rt #2)31.807611, (client)0.881998 ===============Final=============== (startup)98.370845, (online)56.622326 = (tcp rtt)24.814715 + (tls rtt)31.807611 Avg. client processing time: 0.881998 0.881998 24.814715 31.807611
121771 www.pic.edu.pk 21.096592 23.796197 0.901684
run_id: 0 #1: 0.241622 Server time: 1615467634 #2: 0.901684 (rt #1)21.096592, (rt #2)23.796197, (client)0.901684 ===============Final=============== (startup)919.703189, (online)44.892789 = (tcp rtt)21.096592 + (tls rtt)23.796197 Avg. client processing time: 0.901684 0.901684 21.096592 23.796197
115387 www.eksu.edu.ng 20.712978 29.855033 1.602499
run_id: 0 #1: 0.246617 #2: 0.260270 #3: 0.260642 Server time: 1615467634 #2: 1.602499 (rt #1)20.712978, (rt #2)29.855033, (client)1.602499 ===============Final=============== (startup)126.737848, (online)50.568011 = (tcp rtt)20.712978 + (tls rtt)29.855033 Avg. client processing time: 1.602499 1.602499 20.712978 29.855033
186068 www.colegiocreando.edu.do 21.823649 25.307517 0.920635
run_id: 0 #1: 0.237895 Server time: 1615467633 #2: 0.920635 (rt #1)21.823649, (rt #2)25.307517, (client)0.920635 ===============Final=============== (startup)112.957059, (online)47.131166 = (tcp rtt)21.823649 + (tls rtt)25.307517 Avg. client processing time: 0.920635 0.920635 21.823649 25.307517
53917 www.usi.edu 28.599685 31.042642 0.843648
run_id: 0 #1: 0.235126 #2: 0.239816 #3: 0.240244 Server time: 1615467635 #2: 0.843648 (rt #1)28.599685, (rt #2)31.042642, (client)0.843648 ===============Final=============== (startup)31.085728, (online)59.642327 = (tcp rtt)28.599685 + (tls rtt)31.042642 Avg. client processing time: 0.843648 0.843648 28.599685 31.042642
163980 www.southern.edu 30.026913 37.684430 1.641760
run_id: 0 #1: 0.254226 #2: 0.442453 #3: 0.443406 Server time: 1615467635 #2: 1.641760 (rt #1)30.026913, (rt #2)37.684430, (client)1.641760 ===============Final=============== (startup)52.234276, (online)67.711343 = (tcp rtt)30.026913 + (tls rtt)37.684430 Avg. client processing time: 1.641760 1.641760 30.026913 37.684430
179013 www.fvtc.edu 29.068047 31.205238 0.905130
run_id: 0 #1: 0.239249 #2: 0.253970 #3: 0.254395 #2: 0.255052 #3: 0.255103 #2: 0.402898 #3: 0.403002 Server time: 1615467635 #2: 0.905130 (rt #1)29.068047, (rt #2)31.205238, (client)0.905130 ===============Final=============== (startup)31.014656, (online)60.273285 = (tcp rtt)29.068047 + (tls rtt)31.205238 Avg. client processing time: 0.905130 0.905130 29.068047 31.205238
72678 lynn.edu 28.281087 33.969012 0.743568
run_id: 0 #1: 0.245844 Server time: 1615467635 #2: 0.743568 (rt #1)28.281087, (rt #2)33.969012, (client)0.743568 ===============Final=============== (startup)36.181119, (online)62.250099 = (tcp rtt)28.281087 + (tls rtt)33.969012 Avg. client processing time: 0.743568 0.743568 28.281087 33.969012
15451 fordham.edu 8.040647 21.954499 0.991935
run_id: 0 #1: 0.238049 #2: 0.242717 #3: 0.243282 #2: 0.244418 #3: 0.244582 #2: 0.246376 #3: 0.246461 #2: 0.546313 #3: 0.546491 Server time: 1615467635 #2: 0.991935 (rt #1)8.040647, (rt #2)21.954499, (client)0.991935 ===============Final=============== (startup)13.342100, (online)29.995146 = (tcp rtt)8.040647 + (tls rtt)21.954499 Avg. client processing time: 0.991935 0.991935 8.040647 21.954499
104950 www.imsa.edu 27.570458 34.555826 0.970538
run_id: 0 #1: 0.262861 #2: 0.274323 #3: 0.274712 #2: 0.275770 #3: 0.275848 Server time: 1615467635 #2: 0.970538 (rt #1)27.570458, (rt #2)34.555826, (client)0.970538 ===============Final=============== (startup)5.218205, (online)62.126284 = (tcp rtt)27.570458 + (tls rtt)34.555826 Avg. client processing time: 0.970538 0.970538 27.570458 34.555826
104718 www.uwf.edu 25.426209 39.372888 1.084372
run_id: 0 #1: 0.311884 #2: 0.569165 #3: 0.569623 Server time: 1615467635 #2: 1.084372 (rt #1)25.426209, (rt #2)39.372888, (client)1.084372 ===============Final=============== (startup)1.767602, (online)64.799097 = (tcp rtt)25.426209 + (tls rtt)39.372888 Avg. client processing time: 1.084372 1.084372 25.426209 39.372888
10642 www.wayne.edu 31.183417 36.507216 0.840606
run_id: 0 #1: 0.237726 Server time: 1615467635 #2: 0.840606 (rt #1)31.183417, (rt #2)36.507216, (client)0.840606 ===============Final=============== (startup)64.175386, (online)67.690633 = (tcp rtt)31.183417 + (tls rtt)36.507216 Avg. client processing time: 0.840606 0.840606 31.183417 36.507216
36748 www.nova.edu 28.961205 35.476029 1.725382
run_id: 0 #1: 0.268739 #2: 0.473688 #3: 0.474041 Server time: 1615467635 #2: 1.725382 (rt #1)28.961205, (rt #2)35.476029, (client)1.725382 ===============Final=============== (startup)36.274609, (online)64.437234 = (tcp rtt)28.961205 + (tls rtt)35.476029 Avg. client processing time: 1.725382 1.725382 28.961205 35.476029
133667 www.naropa.edu 31.477405 34.218424 0.840370
run_id: 0 #1: 0.225916 Server time: 1615467635 #2: 0.840370 (rt #1)31.477405, (rt #2)34.218424, (client)0.840370 ===============Final=============== (startup)35.880419, (online)65.695829 = (tcp rtt)31.477405 + (tls rtt)34.218424 Avg. client processing time: 0.840370 0.840370 31.477405 34.218424
232412 www.siumed.edu 28.642545 39.617994 0.922770
run_id: 0 #1: 0.232501 #2: 0.402798 #3: 0.403377 Server time: 1615467636 #2: 0.922770 (rt #1)28.642545, (rt #2)39.617994, (client)0.922770 ===============Final=============== (startup)39.214756, (online)68.260539 = (tcp rtt)28.642545 + (tls rtt)39.617994 Avg. client processing time: 0.922770 0.922770 28.642545 39.617994
143903 umflint.edu 33.198095 40.384119 0.916990
run_id: 0 #1: 0.233888 Server time: 1615467636 #2: 0.916990 (rt #1)33.198095, (rt #2)40.384119, (client)0.916990 ===============Final=============== (startup)101.535454, (online)73.582214 = (tcp rtt)33.198095 + (tls rtt)40.384119 Avg. client processing time: 0.916990 0.916990 33.198095 40.384119
79742 www.daytonastate.edu 30.622753 36.311387 0.843348
run_id: 0 #1: 0.247643 Server time: 1615467636 #2: 0.843348 (rt #1)30.622753, (rt #2)36.311387, (client)0.843348 ===============Final=============== (startup)10.171715, (online)66.934140 = (tcp rtt)30.622753 + (tls rtt)36.311387 Avg. client processing time: 0.843348 0.843348 30.622753 36.311387
120784 www.tjc.edu 34.214013 38.736433 0.880275
run_id: 0 #1: 0.249140 #2: 0.267468 #3: 0.267937 #2: 0.269111 #3: 0.269187 Server time: 1615467636 #2: 0.880275 (rt #1)34.214013, (rt #2)38.736433, (client)0.880275 ===============Final=============== (startup)40.946960, (online)72.950446 = (tcp rtt)34.214013 + (tls rtt)38.736433 Avg. client processing time: 0.880275 0.880275 34.214013 38.736433
13638 rice.edu 31.776429 39.821229 0.894151
run_id: 0 #1: 0.260483 #2: 0.453966 #3: 0.454400 Server time: 1615467636 #2: 0.894151 (rt #1)31.776429, (rt #2)39.821229, (client)0.894151 ===============Final=============== (startup)61.831952, (online)71.597658 = (tcp rtt)31.776429 + (tls rtt)39.821229 Avg. client processing time: 0.894151 0.894151 31.776429 39.821229
60530 www.augusta.edu 33.589851 40.908017 0.822444
run_id: 0 #1: 0.251498 Server time: 1615467636 #2: 0.822444 (rt #1)33.589851, (rt #2)40.908017, (client)0.822444 ===============Final=============== (startup)32.155853, (online)74.497868 = (tcp rtt)33.589851 + (tls rtt)40.908017 Avg. client processing time: 0.822444 0.822444 33.589851 40.908017
202345 www.asds.edu.co 35.230964 38.628493 0.745450
run_id: 0 #1: 0.236305 Server time: 871869854 #2: 0.745450 (rt #1)35.230964, (rt #2)38.628493, (client)0.745450 ===============Final=============== (startup)49.075397, (online)73.859457 = (tcp rtt)35.230964 + (tls rtt)38.628493 Avg. client processing time: 0.745450 0.745450 35.230964 38.628493
85700 www.iris.edu 33.466726 38.006187 0.902041
run_id: 0 #1: 0.292123 Server time: 1615467637 #2: 0.902041 (rt #1)33.466726, (rt #2)38.006187, (client)0.902041 ===============Final=============== (startup)72.771028, (online)71.472913 = (tcp rtt)33.466726 + (tls rtt)38.006187 Avg. client processing time: 0.902041 0.902041 33.466726 38.006187
200593 www.istpargentina.edu.pe 32.850488 36.761661 0.854726
run_id: 0 #1: 0.229111 Server time: 1615467637 #2: 0.854726 (rt #1)32.850488, (rt #2)36.761661, (client)0.854726 ===============Final=============== (startup)69.557349, (online)69.612149 = (tcp rtt)32.850488 + (tls rtt)36.761661 Avg. client processing time: 0.854726 0.854726 32.850488 36.761661
203489 www.ws.edu 37.140752 40.869099 0.860536
run_id: 0 #1: 0.234062 #2: 0.241790 #3: 0.242290 #2: 0.243566 #3: 0.243724 Server time: 1615467637 #2: 0.860536 (rt #1)37.140752, (rt #2)40.869099, (client)0.860536 ===============Final=============== (startup)15.025606, (online)78.009851 = (tcp rtt)37.140752 + (tls rtt)40.869099 Avg. client processing time: 0.860536 0.860536 37.140752 40.869099
29620 www.macomb.edu 17.534962 21.022320 1.012147
run_id: 0 #1: 0.238711 #2: 0.256810 #3: 0.257560 Server time: 1615467633 #2: 1.012147 (rt #1)17.534962, (rt #2)21.022320, (client)1.012147 ===============Final=============== (startup)1661.146352, (online)38.557282 = (tcp rtt)17.534962 + (tls rtt)21.022320 Avg. client processing time: 1.012147 1.012147 17.534962 21.022320
49453 www.uthsc.edu 35.826263 40.469499 0.834057
run_id: 0 #1: 0.238839 Server time: 1615467639 #2: 0.834057 (rt #1)35.826263, (rt #2)40.469499, (client)0.834057 ===============Final=============== (startup)64.775766, (online)76.295762 = (tcp rtt)35.826263 + (tls rtt)40.469499 Avg. client processing time: 0.834057 0.834057 35.826263 40.469499
9808 elearning.edu.sa 32.535004 38.852434 0.938806
run_id: 0 #1: 0.249798 Server time: 1615467639 #2: 0.938806 (rt #1)32.535004, (rt #2)38.852434, (client)0.938806 ===============Final=============== (startup)196.662795, (online)71.387438 = (tcp rtt)32.535004 + (tls rtt)38.852434 Avg. client processing time: 0.938806 0.938806 32.535004 38.852434
33066 www.umsl.edu 38.604749 48.522997 1.158998
run_id: 0 #1: 0.243650 Server time: 1615467639 #2: 1.158998 (rt #1)38.604749, (rt #2)48.522997, (client)1.158998 ===============Final=============== (startup)66.357668, (online)87.127746 = (tcp rtt)38.604749 + (tls rtt)48.522997 Avg. client processing time: 1.158998 1.158998 38.604749 48.522997
20503 www.smu.edu 53.441783 59.260371 0.953204
run_id: 0 #1: 0.237417 Server time: 1615467639 #2: 0.953204 (rt #1)53.441783, (rt #2)59.260371, (client)0.953204 ===============Final=============== (startup)78.673431, (online)112.702154 = (tcp rtt)53.441783 + (tls rtt)59.260371 Avg. client processing time: 0.953204 0.953204 53.441783 59.260371
54165 centralmethodist.edu 38.647386 43.802260 0.902005
run_id: 0 #1: 0.232978 Server time: 1615467639 #2: 0.902005 (rt #1)38.647386, (rt #2)43.802260, (client)0.902005 ===============Final=============== (startup)65.421740, (online)82.449646 = (tcp rtt)38.647386 + (tls rtt)43.802260 Avg. client processing time: 0.902005 0.902005 38.647386 43.802260
153834 www.iccms.edu 46.713035 50.052610 0.886737
run_id: 0 #1: 0.262552 Server time: 1615467640 #2: 0.886737 (rt #1)46.713035, (rt #2)50.052610, (client)0.886737 ===============Final=============== (startup)59.924286, (online)96.765645 = (tcp rtt)46.713035 + (tls rtt)50.052610 Avg. client processing time: 0.886737 0.886737 46.713035 50.052610
94909 www.fsw.edu 33.798159 39.453662 0.904904
run_id: 0 #1: 0.231476 Server time: 1615467640 #2: 0.904904 (rt #1)33.798159, (rt #2)39.453662, (client)0.904904 ===============Final=============== (startup)104.969853, (online)73.251821 = (tcp rtt)33.798159 + (tls rtt)39.453662 Avg. client processing time: 0.904904 0.904904 33.798159 39.453662
170326 www.roanestate.edu 40.300811 43.663405 0.942947
run_id: 0 #1: 0.253111 #2: 0.258244 #3: 0.258945 #2: 0.259976 #3: 0.260085 #2: 0.261181 #3: 0.261257 Server time: 1615467640 #2: 0.942947 (rt #1)40.300811, (rt #2)43.663405, (client)0.942947 ===============Final=============== (startup)42.020699, (online)83.964216 = (tcp rtt)40.300811 + (tls rtt)43.663405 Avg. client processing time: 0.942947 0.942947 40.300811 43.663405
219939 www.grayson.edu 37.995686 42.197495 0.828455
run_id: 0 #1: 0.237043 Server time: 1615467640 #2: 0.828455 (rt #1)37.995686, (rt #2)42.197495, (client)0.828455 ===============Final=============== (startup)80.722496, (online)80.193181 = (tcp rtt)37.995686 + (tls rtt)42.197495 Avg. client processing time: 0.828455 0.828455 37.995686 42.197495
101973 www.truman.edu 39.709399 44.080652 0.901885
run_id: 0 #1: 0.243201 Server time: 1615467640 #2: 0.901885 (rt #1)39.709399, (rt #2)44.080652, (client)0.901885 ===============Final=============== (startup)44.373104, (online)83.790051 = (tcp rtt)39.709399 + (tls rtt)44.080652 Avg. client processing time: 0.901885 0.901885 39.709399 44.080652
17709 www.stcloudstate.edu 39.199438 41.797877 0.856069
run_id: 0 #1: 0.231543 #2: 0.248477 #3: 0.249214 #2: 0.421100 #3: 0.421291 Server time: 1615467640 #2: 0.856069 (rt #1)39.199438, (rt #2)41.797877, (client)0.856069 ===============Final=============== (startup)37.200634, (online)80.997315 = (tcp rtt)39.199438 + (tls rtt)41.797877 Avg. client processing time: 0.856069 0.856069 39.199438 41.797877
36940 trustees.ufl.edu 28.604604 31.810525 0.933869
run_id: 0 #1: 0.236380 Server time: 1615467640 #2: 0.933869 (rt #1)28.604604, (rt #2)31.810525, (client)0.933869 ===============Final=============== (startup)59.901328, (online)60.415129 = (tcp rtt)28.604604 + (tls rtt)31.810525 Avg. client processing time: 0.933869 0.933869 28.604604 31.810525
100285 www.uaex.edu 40.947626 44.088581 0.851245
run_id: 0 #1: 0.229957 Server time: 1615467641 #2: 0.851245 (rt #1)40.947626, (rt #2)44.088581, (client)0.851245 ===============Final=============== (startup)46.452360, (online)85.036207 = (tcp rtt)40.947626 + (tls rtt)44.088581 Avg. client processing time: 0.851245 0.851245 40.947626 44.088581
94066 www.georgiasouthern.edu 33.823522 37.421617 0.889790
run_id: 0 #1: 0.244329 Server time: 1615467641 #2: 0.889790 (rt #1)33.823522, (rt #2)37.421617, (client)0.889790 ===============Final=============== (startup)29.375022, (online)71.245139 = (tcp rtt)33.823522 + (tls rtt)37.421617 Avg. client processing time: 0.889790 0.889790 33.823522 37.421617
40013 www.uark.edu 42.262267 47.079213 0.929456
run_id: 0 #1: 0.250069 Server time: 1615467641 #2: 0.929456 (rt #1)42.262267, (rt #2)47.079213, (client)0.929456 ===============Final=============== (startup)1.790978, (online)89.341480 = (tcp rtt)42.262267 + (tls rtt)47.079213 Avg. client processing time: 0.929456 0.929456 42.262267 47.079213
86106 www.actx.edu 41.562560 45.706718 0.880658
run_id: 0 #1: 0.265329 Server time: 1615467641 #2: 0.880658 (rt #1)41.562560, (rt #2)45.706718, (client)0.880658 ===============Final=============== (startup)53.037788, (online)87.269278 = (tcp rtt)41.562560 + (tls rtt)45.706718 Avg. client processing time: 0.880658 0.880658 41.562560 45.706718
151199 www.landivarinspira.edu.gt 30.653361 33.289866 0.917445
run_id: 0 #1: 0.241148 Server time: 1615467641 #2: 0.917445 (rt #1)30.653361, (rt #2)33.289866, (client)0.917445 ===============Final=============== (startup)188.894504, (online)63.943227 = (tcp rtt)30.653361 + (tls rtt)33.289866 Avg. client processing time: 0.917445 0.917445 30.653361 33.289866
168463 www.briarcliff.edu 44.460179 48.674167 0.834108
run_id: 0 #1: 0.230792 Server time: 1615467641 #2: 0.834108 (rt #1)44.460179, (rt #2)48.674167, (client)0.834108 ===============Final=============== (startup)5.399555, (online)93.134346 = (tcp rtt)44.460179 + (tls rtt)48.674167 Avg. client processing time: 0.834108 0.834108 44.460179 48.674167
8840 usf.edu 28.573377 37.674705 0.969789
run_id: 0 #1: 0.237712 Server time: 1615467641 #2: 0.969789 (rt #1)28.573377, (rt #2)37.674705, (client)0.969789 ===============Final=============== (startup)33.458223, (online)66.248082 = (tcp rtt)28.573377 + (tls rtt)37.674705 Avg. client processing time: 0.969789 0.969789 28.573377 37.674705
152777 www.itep.edu.pe 30.674876 32.480333 1.101279
run_id: 0 #1: 0.427205 Server time: 1615467642 #2: 1.101279 (rt #1)30.674876, (rt #2)32.480333, (client)1.101279 ===============Final=============== (startup)0.712030, (online)63.155209 = (tcp rtt)30.674876 + (tls rtt)32.480333 Avg. client processing time: 1.101279 1.101279 30.674876 32.480333
30554 www.uwi.edu 43.742570 46.820524 0.876384
run_id: 0 #1: 0.244715 Server time: 1615467642 #2: 0.876384 (rt #1)43.742570, (rt #2)46.820524, (client)0.876384 ===============Final=============== (startup)47.136362, (online)90.563094 = (tcp rtt)43.742570 + (tls rtt)46.820524 Avg. client processing time: 0.876384 0.876384 43.742570 46.820524
2404 wisc.edu 24.335916 32.812462 0.944535
run_id: 0 #1: 0.227156 #2: 0.509552 #3: 0.509979 Server time: 1615467642 #2: 0.944535 (rt #1)24.335916, (rt #2)32.812462, (client)0.944535 ===============Final=============== (startup)0.680719, (online)57.148378 = (tcp rtt)24.335916 + (tls rtt)32.812462 Avg. client processing time: 0.944535 0.944535 24.335916 32.812462
202623 www.usergioarboleda.edu.co 1.981221 16.247019 1.586821
run_id: 0 #1: 0.229303 Server time: 1615467628 #2: 1.586821 (rt #1)1.981221, (rt #2)16.247019, (client)1.586821 ===============Final=============== (startup)0.639115, (online)18.228240 = (tcp rtt)1.981221 + (tls rtt)16.247019 Avg. client processing time: 1.586821 1.586821 1.981221 16.247019
173126 www.wiregrass.edu 25.876153 30.280367 0.928010
run_id: 0 #1: 0.233300 Server time: 1615467642 #2: 0.928010 (rt #1)25.876153, (rt #2)30.280367, (client)0.928010 ===============Final=============== (startup)43.141191, (online)56.156520 = (tcp rtt)25.876153 + (tls rtt)30.280367 Avg. client processing time: 0.928010 0.928010 25.876153 30.280367
76645 www.washburn.edu 45.576478 61.296788 1.626323
run_id: 0 #1: 0.249444 Server time: 1615467642 #2: 1.626323 (rt #1)45.576478, (rt #2)61.296788, (client)1.626323 ===============Final=============== (startup)67.348880, (online)106.873266 = (tcp rtt)45.576478 + (tls rtt)61.296788 Avg. client processing time: 1.626323 1.626323 45.576478 61.296788
