id domain
106206 www.westminster.edu 1.472706 4.193449 0.845778
run_id: 0 #1: 0.232885 #2: 0.236344 #3: 0.236780 Server time: 1614657601 #2: 0.845778 (rt #1)1.472706, (rt #2)4.193449, (client)0.845778 ===============Final=============== (startup)50.290037, (online)5.666155 = (tcp rtt)1.472706 + (tls rtt)4.193449 Avg. client processing time: 0.845778 0.845778 1.472706 4.193449
155445 www.lincoln.edu 1.786928 9.802706 0.688388
run_id: 0 #1: 0.225947 Server time: 1614657601 #2: 0.688388 (rt #1)1.786928, (rt #2)9.802706, (client)0.688388 ===============Final=============== (startup)20.497036, (online)11.589634 = (tcp rtt)1.786928 + (tls rtt)9.802706 Avg. client processing time: 0.688388 0.688388 1.786928 9.802706
14394 www.american.edu 3.391713 8.701095 0.839102
run_id: 0 #1: 0.234324 #2: 0.237486 #3: 0.238257 Server time: 1614657599 #2: 0.839102 (rt #1)3.391713, (rt #2)8.701095, (client)0.839102 ===============Final=============== (startup)14.058086, (online)12.092808 = (tcp rtt)3.391713 + (tls rtt)8.701095 Avg. client processing time: 0.839102 0.839102 3.391713 8.701095
217283 www.com.edu 1.684559 9.838094 0.684740
run_id: 0 #1: 0.233433 Server time: 1614657601 #2: 0.684740 (rt #1)1.684559, (rt #2)9.838094, (client)0.684740 ===============Final=============== (startup)71.115055, (online)11.522653 = (tcp rtt)1.684559 + (tls rtt)9.838094 Avg. client processing time: 0.684740 0.684740 1.684559 9.838094
93736 gallaudet.edu 4.129074 11.016505 1.189720
run_id: 0 #1: 0.488578 Server time: 1614657601 #2: 1.189720 (rt #1)4.129074, (rt #2)11.016505, (client)1.189720 ===============Final=============== (startup)1.670447, (online)15.145579 = (tcp rtt)4.129074 + (tls rtt)11.016505 Avg. client processing time: 1.189720 1.189720 4.129074 11.016505
228226 www.usuhs.edu 4.080804 10.555542 0.946448
run_id: 0 #1: 0.207998 Server time: 1190377147 #2: 0.946448 (rt #1)4.080804, (rt #2)10.555542, (client)0.946448 ===============Final=============== (startup)0.642573, (online)14.636346 = (tcp rtt)4.080804 + (tls rtt)10.555542 Avg. client processing time: 0.946448 0.946448 4.080804 10.555542
35175 www.ucmerced.edu 1.886574 4.905748 0.890636
run_id: 0 #1: 0.221224 Server time: 1614657601 #2: 0.890636 (rt #1)1.886574, (rt #2)4.905748, (client)0.890636 ===============Final=============== (startup)32.804802, (online)6.792322 = (tcp rtt)1.886574 + (tls rtt)4.905748 Avg. client processing time: 0.890636 0.890636 1.886574 4.905748
113936 www.pointpark.edu 7.215434 9.416401 0.889455
run_id: 0 #1: 0.230347 #2: 0.234594 #3: 0.235078 #2: 0.236609 #3: 0.236759 Server time: 1614657601 #2: 0.889455 (rt #1)7.215434, (rt #2)9.416401, (client)0.889455 ===============Final=============== (startup)23.424401, (online)16.631835 = (tcp rtt)7.215434 + (tls rtt)9.416401 Avg. client processing time: 0.889455 0.889455 7.215434 9.416401
83893 www.kutztown.edu 9.225102 10.871671 0.919825
run_id: 0 #1: 0.269198 #2: 0.497993 #3: 0.498345 Server time: 1614657601 #2: 0.919825 (rt #1)9.225102, (rt #2)10.871671, (client)0.919825 ===============Final=============== (startup)28.954483, (online)20.096773 = (tcp rtt)9.225102 + (tls rtt)10.871671 Avg. client processing time: 0.919825 0.919825 9.225102 10.871671
62242 www.mc3.edu 8.620276 19.356058 0.951215
run_id: 0 #1: 0.246839 #2: 0.509886 #3: 0.510433 Server time: 1614657601 #2: 0.951215 (rt #1)8.620276, (rt #2)19.356058, (client)0.951215 ===============Final=============== (startup)0.629210, (online)27.976334 = (tcp rtt)8.620276 + (tls rtt)19.356058 Avg. client processing time: 0.951215 0.951215 8.620276 19.356058
170060 www.passhe.edu 11.175733 19.239612 0.931556
run_id: 0 #1: 0.244230 #2: 0.248589 #3: 0.249163 #2: 0.508259 #3: 0.508344 Server time: 1614657602 #2: 0.931556 (rt #1)11.175733, (rt #2)19.239612, (client)0.931556 ===============Final=============== (startup)39.322753, (online)30.415345 = (tcp rtt)11.175733 + (tls rtt)19.239612 Avg. client processing time: 0.931556 0.931556 11.175733 19.239612
207595 www.lasu.edu.ng 7.983782 10.959238 0.936258
run_id: 0 #1: 0.238242 #2: 0.252609 #3: 0.253110 Server time: 1614657602 #2: 0.936258 (rt #1)7.983782, (rt #2)10.959238, (client)0.936258 ===============Final=============== (startup)0.691067, (online)18.943020 = (tcp rtt)7.983782 + (tls rtt)10.959238 Avg. client processing time: 0.936258 0.936258 7.983782 10.959238
125492 www.skidmore.edu 10.853038 15.532459 1.081850
run_id: 0 #1: 0.246408 Server time: 1614657601 #2: 1.081850 (rt #1)10.853038, (rt #2)15.532459, (client)1.081850 ===============Final=============== (startup)26.164392, (online)26.385497 = (tcp rtt)10.853038 + (tls rtt)15.532459 Avg. client processing time: 1.081850 1.081850 10.853038 15.532459
157787 www.nichols.edu 13.589609 18.239897 1.377971
run_id: 0 #1: 0.773400 Server time: 1614657602 #2: 1.377971 (rt #1)13.589609, (rt #2)18.239897, (client)1.377971 ===============Final=============== (startup)0.773593, (online)31.829506 = (tcp rtt)13.589609 + (tls rtt)18.239897 Avg. client processing time: 1.377971 1.377971 13.589609 18.239897
16065 www.uvm.edu 14.734075 17.730168 1.066122
run_id: 0 #1: 0.251327 Server time: 1614657602 #2: 1.066122 (rt #1)14.734075, (rt #2)17.730168, (client)1.066122 ===============Final=============== (startup)40.848208, (online)32.464243 = (tcp rtt)14.734075 + (tls rtt)17.730168 Avg. client processing time: 1.066122 1.066122 14.734075 17.730168
68825 uncg.edu 10.843857 20.283494 0.961935
run_id: 0 #1: 0.249605 #2: 0.514076 #3: 0.514656 Server time: 1614657602 #2: 0.961935 (rt #1)10.843857, (rt #2)20.283494, (client)0.961935 ===============Final=============== (startup)47.957995, (online)31.127351 = (tcp rtt)10.843857 + (tls rtt)20.283494 Avg. client processing time: 0.961935 0.961935 10.843857 20.283494
120558 simmons.edu 11.828874 15.932038 0.839690
run_id: 0 #1: 0.243591 #2: 0.264785 #3: 0.265220 #2: 0.429954 #3: 0.430109 Server time: 1614657602 #2: 0.839690 (rt #1)11.828874, (rt #2)15.932038, (client)0.839690 ===============Final=============== (startup)82.238528, (online)27.760912 = (tcp rtt)11.828874 + (tls rtt)15.932038 Avg. client processing time: 0.839690 0.839690 11.828874 15.932038
116499 qu.edu 13.521038 21.858879 0.865870
run_id: 0 #1: 0.251420 Server time: 1614657602 #2: 0.865870 (rt #1)13.521038, (rt #2)21.858879, (client)0.865870 ===============Final=============== (startup)52.876196, (online)35.379917 = (tcp rtt)13.521038 + (tls rtt)21.858879 Avg. client processing time: 0.865870 0.865870 13.521038 21.858879
156616 www.iup.edu 14.265286 17.951998 1.047834
run_id: 0 #1: 0.239521 Server time: 1614657602 #2: 1.047834 (rt #1)14.265286, (rt #2)17.951998, (client)1.047834 ===============Final=============== (startup)32.171594, (online)32.217284 = (tcp rtt)14.265286 + (tls rtt)17.951998 Avg. client processing time: 1.047834 1.047834 14.265286 17.951998
222063 lmunet.edu 16.171308 20.451840 0.856209
run_id: 0 #1: 0.243645 #2: 0.251219 #3: 0.251761 #2: 0.253339 #3: 0.253649 Server time: 1614657602 #2: 0.856209 (rt #1)16.171308, (rt #2)20.451840, (client)0.856209 ===============Final=============== (startup)43.735821, (online)36.623148 = (tcp rtt)16.171308 + (tls rtt)20.451840 Avg. client processing time: 0.856209 0.856209 16.171308 20.451840
65601 www.quinnipiac.edu 13.198690 19.093157 0.870240
run_id: 0 #1: 0.241406 Server time: 1614657602 #2: 0.870240 (rt #1)13.198690, (rt #2)19.093157, (client)0.870240 ===============Final=============== (startup)42.725761, (online)32.291847 = (tcp rtt)13.198690 + (tls rtt)19.093157 Avg. client processing time: 0.870240 0.870240 13.198690 19.093157
144548 www.gordon.edu 14.669537 67.538383 0.843111
run_id: 0 #1: 0.234026 #2: 0.238315 #3: 0.238872 Server time: 1614657602 #2: 0.843111 (rt #1)14.669537, (rt #2)67.538383, (client)0.843111 ===============Final=============== (startup)6.129281, (online)82.207920 = (tcp rtt)14.669537 + (tls rtt)67.538383 Avg. client processing time: 0.843111 0.843111 14.669537 67.538383
9505 www.uconn.edu 13.872000 18.554813 1.018841
run_id: 0 #1: 0.293526 Server time: 1614657602 #2: 1.018841 (rt #1)13.872000, (rt #2)18.554813, (client)1.018841 ===============Final=============== (startup)20.043824, (online)32.426813 = (tcp rtt)13.872000 + (tls rtt)18.554813 Avg. client processing time: 1.018841 1.018841 13.872000 18.554813
29540 www.mass.edu 14.332052 22.030203 0.905523
run_id: 0 #1: 0.223758 #2: 0.227365 #3: 0.227972 #2: 0.387129 #3: 0.387301 Server time: 1614657603 #2: 0.905523 (rt #1)14.332052, (rt #2)22.030203, (client)0.905523 ===============Final=============== (startup)41.202364, (online)36.362255 = (tcp rtt)14.332052 + (tls rtt)22.030203 Avg. client processing time: 0.905523 0.905523 14.332052 22.030203
152353 www.camdencc.edu 15.335133 20.749825 1.863091
run_id: 0 #1: 0.234179 #2: 0.404516 #3: 0.405263 Server time: 1614657603 #2: 1.863091 (rt #1)15.335133, (rt #2)20.749825, (client)1.863091 ===============Final=============== (startup)13.668465, (online)36.084958 = (tcp rtt)15.335133 + (tls rtt)20.749825 Avg. client processing time: 1.863091 1.863091 15.335133 20.749825
78170 www.fairfield.edu 15.639968 27.243245 1.044727
run_id: 0 #1: 0.237350 #2: 0.252520 #3: 0.252916 Server time: 1614657603 #2: 1.044727 (rt #1)15.639968, (rt #2)27.243245, (client)1.044727 ===============Final=============== (startup)0.625477, (online)42.883213 = (tcp rtt)15.639968 + (tls rtt)27.243245 Avg. client processing time: 1.044727 1.044727 15.639968 27.243245
94097 www.lemoyne.edu 44.292805 43.815083 0.827932
run_id: 0 #1: 0.231466 Server time: 1614657602 #2: 0.827932 (rt #1)44.292805, (rt #2)43.815083, (client)0.827932 ===============Final=============== (startup)62.294992, (online)88.107888 = (tcp rtt)44.292805 + (tls rtt)43.815083 Avg. client processing time: 0.827932 0.827932 44.292805 43.815083
103521 www.ulvr.edu.ec 14.209979 16.789247 0.753001
run_id: 0 #1: 0.249209 Server time: 1614657603 #2: 0.753001 (rt #1)14.209979, (rt #2)16.789247, (client)0.753001 ===============Final=============== (startup)255.782430, (online)30.999226 = (tcp rtt)14.209979 + (tls rtt)16.789247 Avg. client processing time: 0.753001 0.753001 14.209979 16.789247
148652 www.berry.edu 17.421638 22.606605 0.847583
run_id: 0 #1: 0.241461 #2: 0.247828 #3: 0.248508 #2: 0.250519 #3: 0.250745 Server time: 1614657603 #2: 0.847583 (rt #1)17.421638, (rt #2)22.606605, (client)0.847583 ===============Final=============== (startup)27.487780, (online)40.028243 = (tcp rtt)17.421638 + (tls rtt)22.606605 Avg. client processing time: 0.847583 0.847583 17.421638 22.606605
49734 www.chaffey.edu 17.919105 23.784632 1.095135
run_id: 0 #1: 0.335684 Server time: 1614657603 #2: 1.095135 (rt #1)17.919105, (rt #2)23.784632, (client)1.095135 ===============Final=============== (startup)0.677677, (online)41.703737 = (tcp rtt)17.919105 + (tls rtt)23.784632 Avg. client processing time: 1.095135 1.095135 17.919105 23.784632
105213 www.ung.edu 18.024557 20.365832 0.872827
run_id: 0 #1: 0.239571 Server time: 1614657603 #2: 0.872827 (rt #1)18.024557, (rt #2)20.365832, (client)0.872827 ===============Final=============== (startup)52.970454, (online)38.390389 = (tcp rtt)18.024557 + (tls rtt)20.365832 Avg. client processing time: 0.872827 0.872827 18.024557 20.365832
135730 www.delmar.edu 17.383820 21.853818 0.834015
run_id: 0 #1: 0.226856 Server time: 1614657603 #2: 0.834015 (rt #1)17.383820, (rt #2)21.853818, (client)0.834015 ===============Final=============== (startup)70.496682, (online)39.237638 = (tcp rtt)17.383820 + (tls rtt)21.853818 Avg. client processing time: 0.834015 0.834015 17.383820 21.853818
161165 www.academiaexitus.edu.pe 15.552005 18.781069 1.032129
run_id: 0 #1: 0.259233 Server time: 1614657604 #2: 1.032129 (rt #1)15.552005, (rt #2)18.781069, (client)1.032129 ===============Final=============== (startup)0.638717, (online)34.333074 = (tcp rtt)15.552005 + (tls rtt)18.781069 Avg. client processing time: 1.032129 1.032129 15.552005 18.781069
9305 www.sc.edu 18.984660 22.829130 0.912749
run_id: 0 #1: 0.223177 Server time: 1614657604 #2: 0.912749 (rt #1)18.984660, (rt #2)22.829130, (client)0.912749 ===============Final=============== (startup)6.425230, (online)41.813790 = (tcp rtt)18.984660 + (tls rtt)22.829130 Avg. client processing time: 0.912749 0.912749 18.984660 22.829130
125406 www.reynolds.edu 21.368400 26.890362 0.897077
run_id: 0 #1: 0.278951 Server time: 1614657600 #2: 0.897077 (rt #1)21.368400, (rt #2)26.890362, (client)0.897077 ===============Final=============== (startup)16.589739, (online)48.258762 = (tcp rtt)21.368400 + (tls rtt)26.890362 Avg. client processing time: 0.897077 0.897077 21.368400 26.890362
195903 www.lycoming.edu 18.778999 23.435343 1.405458
run_id: 0 #1: 0.315528 Server time: 1614657604 #2: 1.405458 (rt #1)18.778999, (rt #2)23.435343, (client)1.405458 ===============Final=============== (startup)38.173707, (online)42.214342 = (tcp rtt)18.778999 + (tls rtt)23.435343 Avg. client processing time: 1.405458 1.405458 18.778999 23.435343
109947 www.plymouth.edu 18.825263 23.331507 0.890192
run_id: 0 #1: 0.256141 Server time: 1614657604 #2: 0.890192 (rt #1)18.825263, (rt #2)23.331507, (client)0.890192 ===============Final=============== (startup)80.177042, (online)42.156770 = (tcp rtt)18.825263 + (tls rtt)23.331507 Avg. client processing time: 0.890192 0.890192 18.825263 23.331507
20396 artic.edu 19.232692 25.994967 0.870524
run_id: 0 #1: 0.258468 #2: 0.271738 #3: 0.272292 #2: 0.273078 #3: 0.273128 Server time: 1614657604 #2: 0.870524 (rt #1)19.232692, (rt #2)25.994967, (client)0.870524 ===============Final=============== (startup)55.064400, (online)45.227659 = (tcp rtt)19.232692 + (tls rtt)25.994967 Avg. client processing time: 0.870524 0.870524 19.232692 25.994967
69123 www.musc.edu 19.579401 26.505239 0.958997
run_id: 0 #1: 0.229405 Server time: 1614657604 #2: 0.958997 (rt #1)19.579401, (rt #2)26.505239, (client)0.958997 ===============Final=============== (startup)25.638480, (online)46.084640 = (tcp rtt)19.579401 + (tls rtt)26.505239 Avg. client processing time: 0.958997 0.958997 19.579401 26.505239
173618 www.colegioebenezer.edu.co 21.652420 36.513167 0.911409
run_id: 0 #1: 0.234171 Server time: 1614657604 #2: 0.911409 (rt #1)21.652420, (rt #2)36.513167, (client)0.911409 ===============Final=============== (startup)0.663065, (online)58.165587 = (tcp rtt)21.652420 + (tls rtt)36.513167 Avg. client processing time: 0.911409 0.911409 21.652420 36.513167
9556 www.uic.edu 19.769087 23.980075 1.081793
run_id: 0 #1: 0.352857 Server time: 1614657604 #2: 1.081793 (rt #1)19.769087, (rt #2)23.980075, (client)1.081793 ===============Final=============== (startup)45.124997, (online)43.749162 = (tcp rtt)19.769087 + (tls rtt)23.980075 Avg. client processing time: 1.081793 1.081793 19.769087 23.980075
54970 www.indwes.edu 18.141702 20.912295 0.817156
run_id: 0 #1: 0.225336 Server time: 1614657604 #2: 0.817156 (rt #1)18.141702, (rt #2)20.912295, (client)0.817156 ===============Final=============== (startup)102.684104, (online)39.053997 = (tcp rtt)18.141702 + (tls rtt)20.912295 Avg. client processing time: 0.817156 0.817156 18.141702 20.912295
115892 www.atlm.edu 15.325428 34.533264 0.948194
run_id: 0 #1: 0.256177 #2: 0.271887 #3: 0.272318 #2: 0.273513 #3: 0.273561 Server time: 1614657605 #2: 0.948194 (rt #1)15.325428, (rt #2)34.533264, (client)0.948194 ===============Final=============== (startup)109.144620, (online)49.858692 = (tcp rtt)15.325428 + (tls rtt)34.533264 Avg. client processing time: 0.948194 0.948194 15.325428 34.533264
171352 bju.edu 18.868757 37.053283 0.987775
run_id: 0 #1: 0.240648 Server time: 1614657605 #2: 0.987775 (rt #1)18.868757, (rt #2)37.053283, (client)0.987775 ===============Final=============== (startup)27.477681, (online)55.922040 = (tcp rtt)18.868757 + (tls rtt)37.053283 Avg. client processing time: 0.987775 0.987775 18.868757 37.053283
132200 www.koi.edu.au 21.159027 24.775250 0.867515
run_id: 0 #1: 0.223876 Server time: 1614657605 #2: 0.867515 (rt #1)21.159027, (rt #2)24.775250, (client)0.867515 ===============Final=============== (startup)49.206702, (online)45.934277 = (tcp rtt)21.159027 + (tls rtt)24.775250 Avg. client processing time: 0.867515 0.867515 21.159027 24.775250
180144 www.morton.edu 24.456715 27.400728 0.851120
run_id: 0 #1: 0.234053 #2: 0.250742 #3: 0.251226 Server time: 1614657605 #2: 0.851120 (rt #1)24.456715, (rt #2)27.400728, (client)0.851120 ===============Final=============== (startup)37.432788, (online)51.857443 = (tcp rtt)24.456715 + (tls rtt)27.400728 Avg. client processing time: 0.851120 0.851120 24.456715 27.400728
8579 www.ohio-state.edu 22.560828 28.165940 0.856656
run_id: 0 #1: 0.237939 #2: 0.424008 #3: 0.424400 Server time: 1614657605 #2: 0.856656 (rt #1)22.560828, (rt #2)28.165940, (client)0.856656 ===============Final=============== (startup)29.349728, (online)50.726768 = (tcp rtt)22.560828 + (tls rtt)28.165940 Avg. client processing time: 0.856656 0.856656 22.560828 28.165940
69255 www.etsu.edu 22.071325 36.125616 0.961038
run_id: 0 #1: 0.220152 #2: 0.223672 #3: 0.224149 #2: 0.407586 #3: 0.407678 Server time: 1614657605 #2: 0.961038 (rt #1)22.071325, (rt #2)36.125616, (client)0.961038 ===============Final=============== (startup)48.680379, (online)58.196941 = (tcp rtt)22.071325 + (tls rtt)36.125616 Avg. client processing time: 0.961038 0.961038 22.071325 36.125616
200988 www.depauw.edu 24.201264 27.265035 0.511883
run_id: 0 #1: 0.243343 Server time: 1614657605 #2: 0.511883 (rt #1)24.201264, (rt #2)27.265035, (client)0.511883 ===============Final=============== (startup)38.291240, (online)51.466299 = (tcp rtt)24.201264 + (tls rtt)27.265035 Avg. client processing time: 0.511883 0.511883 24.201264 27.265035
116546 www.sbu.edu 26.999467 33.161565 0.822549
run_id: 0 #1: 0.220357 Server time: 1614657605 #2: 0.822549 (rt #1)26.999467, (rt #2)33.161565, (client)0.822549 ===============Final=============== (startup)0.583635, (online)60.161032 = (tcp rtt)26.999467 + (tls rtt)33.161565 Avg. client processing time: 0.822549 0.822549 26.999467 33.161565
97934 www.collegeforcreativestudies.edu 23.284464 26.477151 0.920117
run_id: 0 #1: 0.233669 Server time: 1614657605 #2: 0.920117 (rt #1)23.284464, (rt #2)26.477151, (client)0.920117 ===============Final=============== (startup)30.626000, (online)49.761615 = (tcp rtt)23.284464 + (tls rtt)26.477151 Avg. client processing time: 0.920117 0.920117 23.284464 26.477151
84614 www.sunysuffolk.edu 8.594371 496.975766 0.859624
run_id: 0 #1: 0.241028 #2: 0.255237 #3: 0.255886 Server time: 1614657605 #2: 0.859624 (rt #1)8.594371, (rt #2)496.975766, (client)0.859624 ===============Final=============== (startup)20.773331, (online)505.570137 = (tcp rtt)8.594371 + (tls rtt)496.975766 Avg. client processing time: 0.859624 0.859624 8.594371 496.975766
2627 www.illinois.edu 23.840202 27.170997 0.952420
run_id: 0 #1: 0.231369 Server time: 1614657606 #2: 0.952420 (rt #1)23.840202, (rt #2)27.170997, (client)0.952420 ===============Final=============== (startup)42.567940, (online)51.011199 = (tcp rtt)23.840202 + (tls rtt)27.170997 Avg. client processing time: 0.952420 0.952420 23.840202 27.170997
184230 www.cetcolsubsidio.edu.co 21.936527 26.277085 2.703452
run_id: 0 #1: 0.226541 Server time: 1614657605 #2: 2.703452 (rt #1)21.936527, (rt #2)26.277085, (client)2.703452 ===============Final=============== (startup)47.373337, (online)48.213612 = (tcp rtt)21.936527 + (tls rtt)26.277085 Avg. client processing time: 2.703452 2.703452 21.936527 26.277085
105615 www.uiuc.edu 23.830487 29.369563 0.939086
run_id: 0 #1: 0.245132 Server time: 1614657606 #2: 0.939086 (rt #1)23.830487, (rt #2)29.369563, (client)0.939086 ===============Final=============== (startup)106.839009, (online)53.200050 = (tcp rtt)23.830487 + (tls rtt)29.369563 Avg. client processing time: 0.939086 0.939086 23.830487 29.369563
61111 www.uis.edu 24.942091 26.932883 1.028978
run_id: 0 #1: 0.233967 #2: 0.238526 #3: 0.239003 #2: 0.455998 #3: 0.456138 Server time: 1614657606 #2: 1.028978 (rt #1)24.942091, (rt #2)26.932883, (client)1.028978 ===============Final=============== (startup)61.232087, (online)51.874974 = (tcp rtt)24.942091 + (tls rtt)26.932883 Avg. client processing time: 1.028978 1.028978 24.942091 26.932883
114733 www.mainemaritime.edu 25.129292 29.994230 0.963335
run_id: 0 #1: 0.234830 Server time: 1614657606 #2: 0.963335 (rt #1)25.129292, (rt #2)29.994230, (client)0.963335 ===============Final=============== (startup)53.070675, (online)55.123522 = (tcp rtt)25.129292 + (tls rtt)29.994230 Avg. client processing time: 0.963335 0.963335 25.129292 29.994230
121074 www.queens.edu 23.880614 32.469880 0.743916
run_id: 0 #1: 0.241621 Server time: 1614657606 #2: 0.743916 (rt #1)23.880614, (rt #2)32.469880, (client)0.743916 ===============Final=============== (startup)0.735045, (online)56.350494 = (tcp rtt)23.880614 + (tls rtt)32.469880 Avg. client processing time: 0.743916 0.743916 23.880614 32.469880
177115 www.clcillinois.edu 25.242827 29.274210 0.887435
run_id: 0 #1: 0.260241 Server time: 1614657607 #2: 0.887435 (rt #1)25.242827, (rt #2)29.274210, (client)0.887435 ===============Final=============== (startup)52.693620, (online)54.517037 = (tcp rtt)25.242827 + (tls rtt)29.274210 Avg. client processing time: 0.887435 0.887435 25.242827 29.274210
157490 www.hgtc.edu 23.891874 33.756453 0.860420
run_id: 0 #1: 0.223555 Server time: 1614657607 #2: 0.860420 (rt #1)23.891874, (rt #2)33.756453, (client)0.860420 ===============Final=============== (startup)51.461283, (online)57.648327 = (tcp rtt)23.891874 + (tls rtt)33.756453 Avg. client processing time: 0.860420 0.860420 23.891874 33.756453
12609 www.uga.edu 23.876548 64.054213 0.981243
run_id: 0 #1: 0.224215 #2: 0.235914 #3: 0.236590 Server time: 1614657607 #2: 0.981243 (rt #1)23.876548, (rt #2)64.054213, (client)0.981243 ===============Final=============== (startup)0.630195, (online)87.930761 = (tcp rtt)23.876548 + (tls rtt)64.054213 Avg. client processing time: 0.981243 0.981243 23.876548 64.054213
33231 www.cod.edu 26.451313 31.599604 0.933152
run_id: 0 #1: 0.237269 Server time: 1614657607 #2: 0.933152 (rt #1)26.451313, (rt #2)31.599604, (client)0.933152 ===============Final=============== (startup)0.634069, (online)58.050917 = (tcp rtt)26.451313 + (tls rtt)31.599604 Avg. client processing time: 0.933152 0.933152 26.451313 31.599604
145662 www.einstein.edu 22.705831 30.841370 1.063145
run_id: 0 #1: 0.259082 #2: 0.264856 #3: 0.274347 #2: 0.275318 #3: 0.275369 #2: 0.277064 #3: 0.277457 #2: 0.628085 #3: 0.628219 Server time: 1614657607 #2: 1.063145 (rt #1)22.705831, (rt #2)30.841370, (client)1.063145 ===============Final=============== (startup)23.473883, (online)53.547201 = (tcp rtt)22.705831 + (tls rtt)30.841370 Avg. client processing time: 1.063145 1.063145 22.705831 30.841370
223997 www.osumc.edu 23.145376 31.422397 0.957152
run_id: 0 #1: 0.256802 #2: 0.513587 #3: 0.514034 Server time: 1614657607 #2: 0.957152 (rt #1)23.145376, (rt #2)31.422397, (client)0.957152 ===============Final=============== (startup)30.621793, (online)54.567773 = (tcp rtt)23.145376 + (tls rtt)31.422397 Avg. client processing time: 0.957152 0.957152 23.145376 31.422397
194102 esu.edu 10.402507 12.730594 0.908947
run_id: 0 #1: 0.268562 Server time: 1614657607 #2: 0.908947 (rt #1)10.402507, (rt #2)12.730594, (client)0.908947 ===============Final=============== (startup)35.803426, (online)23.133101 = (tcp rtt)10.402507 + (tls rtt)12.730594 Avg. client processing time: 0.908947 0.908947 10.402507 12.730594
26620 www.niu.edu 26.864931 37.626691 2.005811
run_id: 0 #1: 0.231548 #2: 0.255924 #3: 0.256565 #2: 0.257430 #3: 0.257490 #2: 0.265543 #3: 0.265603 #2: 0.276868 #3: 0.276916 #2: 0.277239 #3: 0.277330 #2: 0.814588 #3: 0.814667 Server time: 1614657606 #2: 2.005811 (rt #1)26.864931, (rt #2)37.626691, (client)2.005811 ===============Final=============== (startup)0.613703, (online)64.491622 = (tcp rtt)26.864931 + (tls rtt)37.626691 Avg. client processing time: 2.005811 2.005811 26.864931 37.626691
85407 www.midwestern.edu 24.658083 30.141712 0.835684
run_id: 0 #1: 0.229959 Server time: 1614657607 #2: 0.835684 (rt #1)24.658083, (rt #2)30.141712, (client)0.835684 ===============Final=============== (startup)11.739166, (online)54.799795 = (tcp rtt)24.658083 + (tls rtt)30.141712 Avg. client processing time: 0.835684 0.835684 24.658083 30.141712
121771 www.pic.edu.pk 21.886258 28.307572 0.896541
run_id: 0 #1: 0.226862 Server time: 1614657607 #2: 0.896541 (rt #1)21.886258, (rt #2)28.307572, (client)0.896541 ===============Final=============== (startup)0.625652, (online)50.193830 = (tcp rtt)21.886258 + (tls rtt)28.307572 Avg. client processing time: 0.896541 0.896541 21.886258 28.307572
115387 www.eksu.edu.ng 20.878593 36.056783 2.042539
run_id: 0 #1: 0.227763 Server time: 1614657607 #2: 2.042539 (rt #1)20.878593, (rt #2)36.056783, (client)2.042539 ===============Final=============== (startup)0.664716, (online)56.935376 = (tcp rtt)20.878593 + (tls rtt)36.056783 Avg. client processing time: 2.042539 2.042539 20.878593 36.056783
186068 www.colegiocreando.edu.do 22.591369 25.661276 0.906625
run_id: 0 #1: 0.223017 Server time: 1614657605 #2: 0.906625 (rt #1)22.591369, (rt #2)25.661276, (client)0.906625 ===============Final=============== (startup)0.613238, (online)48.252645 = (tcp rtt)22.591369 + (tls rtt)25.661276 Avg. client processing time: 0.906625 0.906625 22.591369 25.661276
53917 www.usi.edu 28.498219 30.997965 0.810102
run_id: 0 #1: 0.228315 #2: 0.233182 #3: 0.233646 Server time: 1614657608 #2: 0.810102 (rt #1)28.498219, (rt #2)30.997965, (client)0.810102 ===============Final=============== (startup)0.708916, (online)59.496184 = (tcp rtt)28.498219 + (tls rtt)30.997965 Avg. client processing time: 0.810102 0.810102 28.498219 30.997965
163980 www.southern.edu 21.319928 42.935610 1.713580
run_id: 0 #1: 0.234761 #2: 0.429771 #3: 0.430225 Server time: 1614657608 #2: 1.713580 (rt #1)21.319928, (rt #2)42.935610, (client)1.713580 ===============Final=============== (startup)57.937099, (online)64.255538 = (tcp rtt)21.319928 + (tls rtt)42.935610 Avg. client processing time: 1.713580 1.713580 21.319928 42.935610
179013 www.fvtc.edu 29.770623 31.793780 0.843567
run_id: 0 #1: 0.235322 #2: 0.252077 #3: 0.252417 #2: 0.409358 #3: 0.409532 Server time: 1614657608 #2: 0.843567 (rt #1)29.770623, (rt #2)31.793780, (client)0.843567 ===============Final=============== (startup)33.354369, (online)61.564403 = (tcp rtt)29.770623 + (tls rtt)31.793780 Avg. client processing time: 0.843567 0.843567 29.770623 31.793780
72678 lynn.edu 28.969816 35.216365 0.756334
run_id: 0 #1: 0.232559 Server time: 1614657608 #2: 0.756334 (rt #1)28.969816, (rt #2)35.216365, (client)0.756334 ===============Final=============== (startup)43.570305, (online)64.186181 = (tcp rtt)28.969816 + (tls rtt)35.216365 Avg. client processing time: 0.756334 0.756334 28.969816 35.216365
15451 fordham.edu 7.509816 21.463132 0.987033
run_id: 0 #1: 0.218462 #2: 0.221087 #3: 0.221439 #2: 0.529796 #3: 0.529959 Server time: 1614657608 #2: 0.987033 (rt #1)7.509816, (rt #2)21.463132, (client)0.987033 ===============Final=============== (startup)18.506914, (online)28.972948 = (tcp rtt)7.509816 + (tls rtt)21.463132 Avg. client processing time: 0.987033 0.987033 7.509816 21.463132
104950 www.imsa.edu 27.651056 34.977071 1.067055
run_id: 0 #1: 0.352597 #2: 0.365829 #3: 0.366403 #2: 0.367325 #3: 0.367465 #2: 0.368226 #3: 0.368375 Server time: 1614657608 #2: 1.067055 (rt #1)27.651056, (rt #2)34.977071, (client)1.067055 ===============Final=============== (startup)0.671198, (online)62.628127 = (tcp rtt)27.651056 + (tls rtt)34.977071 Avg. client processing time: 1.067055 1.067055 27.651056 34.977071
104718 www.uwf.edu 25.466654 47.256131 0.984426
run_id: 0 #1: 0.249700 #2: 0.511026 #3: 0.511409 Server time: 1614657608 #2: 0.984426 (rt #1)25.466654, (rt #2)47.256131, (client)0.984426 ===============Final=============== (startup)33.563158, (online)72.722785 = (tcp rtt)25.466654 + (tls rtt)47.256131 Avg. client processing time: 0.984426 0.984426 25.466654 47.256131
10642 www.wayne.edu 30.320491 35.578216 0.949209
run_id: 0 #1: 0.310594 Server time: 1614657608 #2: 0.949209 (rt #1)30.320491, (rt #2)35.578216, (client)0.949209 ===============Final=============== (startup)100.338196, (online)65.898707 = (tcp rtt)30.320491 + (tls rtt)35.578216 Avg. client processing time: 0.949209 0.949209 30.320491 35.578216
36748 www.nova.edu 29.090055 35.356648 1.642613
run_id: 0 #1: 0.235857 #2: 0.441954 #3: 0.442334 Server time: 1614657608 #2: 1.642613 (rt #1)29.090055, (rt #2)35.356648, (client)1.642613 ===============Final=============== (startup)33.714148, (online)64.446703 = (tcp rtt)29.090055 + (tls rtt)35.356648 Avg. client processing time: 1.642613 1.642613 29.090055 35.356648
133667 www.naropa.edu 33.226281 35.790732 0.843452
run_id: 0 #1: 0.235135 Server time: 1614657609 #2: 0.843452 (rt #1)33.226281, (rt #2)35.790732, (client)0.843452 ===============Final=============== (startup)43.610559, (online)69.017013 = (tcp rtt)33.226281 + (tls rtt)35.790732 Avg. client processing time: 0.843452 0.843452 33.226281 35.790732
232412 www.siumed.edu 28.317430 37.715353 0.849609
run_id: 0 #1: 0.241213 #2: 0.411587 #3: 0.412156 Server time: 1614657609 #2: 0.849609 (rt #1)28.317430, (rt #2)37.715353, (client)0.849609 ===============Final=============== (startup)66.509306, (online)66.032783 = (tcp rtt)28.317430 + (tls rtt)37.715353 Avg. client processing time: 0.849609 0.849609 28.317430 37.715353
143903 umflint.edu 32.126328 38.357169 0.922608
run_id: 0 #1: 0.231993 Server time: 1614657609 #2: 0.922608 (rt #1)32.126328, (rt #2)38.357169, (client)0.922608 ===============Final=============== (startup)68.606563, (online)70.483497 = (tcp rtt)32.126328 + (tls rtt)38.357169 Avg. client processing time: 0.922608 0.922608 32.126328 38.357169
79742 www.daytonastate.edu 30.985827 35.119564 0.864777
run_id: 0 #1: 0.263784 Server time: 1614657609 #2: 0.864777 (rt #1)30.985827, (rt #2)35.119564, (client)0.864777 ===============Final=============== (startup)17.375784, (online)66.105391 = (tcp rtt)30.985827 + (tls rtt)35.119564 Avg. client processing time: 0.864777 0.864777 30.985827 35.119564
120784 www.tjc.edu 34.287021 38.789760 0.851552
run_id: 0 #1: 0.236041 #2: 0.247429 #3: 0.247773 #2: 0.248721 #3: 0.248787 Server time: 1614657609 #2: 0.851552 (rt #1)34.287021, (rt #2)38.789760, (client)0.851552 ===============Final=============== (startup)43.897304, (online)73.076781 = (tcp rtt)34.287021 + (tls rtt)38.789760 Avg. client processing time: 0.851552 0.851552 34.287021 38.789760
13638 rice.edu 31.752621 42.546430 0.879558
run_id: 0 #1: 0.257671 #2: 0.432534 #3: 0.433097 Server time: 1614657609 #2: 0.879558 (rt #1)31.752621, (rt #2)42.546430, (client)0.879558 ===============Final=============== (startup)40.888247, (online)74.299051 = (tcp rtt)31.752621 + (tls rtt)42.546430 Avg. client processing time: 0.879558 0.879558 31.752621 42.546430
60530 www.augusta.edu 33.619575 38.220356 0.838737
run_id: 0 #1: 0.248278 Server time: 1614657609 #2: 0.838737 (rt #1)33.619575, (rt #2)38.220356, (client)0.838737 ===============Final=============== (startup)22.744655, (online)71.839931 = (tcp rtt)33.619575 + (tls rtt)38.220356 Avg. client processing time: 0.838737 0.838737 33.619575 38.220356
202345 www.asds.edu.co 35.229692 38.300364 0.737283
run_id: 0 #1: 0.226770 Server time: 3412136553 #2: 0.737283 (rt #1)35.229692, (rt #2)38.300364, (client)0.737283 ===============Final=============== (startup)47.878442, (online)73.530056 = (tcp rtt)35.229692 + (tls rtt)38.300364 Avg. client processing time: 0.737283 0.737283 35.229692 38.300364
85700 www.iris.edu 33.830759 38.406812 0.918961
run_id: 0 #1: 0.328397 Server time: 1614657610 #2: 0.918961 (rt #1)33.830759, (rt #2)38.406812, (client)0.918961 ===============Final=============== (startup)108.541359, (online)72.237571 = (tcp rtt)33.830759 + (tls rtt)38.406812 Avg. client processing time: 0.918961 0.918961 33.830759 38.406812
200593 www.istpargentina.edu.pe 32.682562 36.472828 0.884665
run_id: 0 #1: 0.232392 Server time: 1614657610 #2: 0.884665 (rt #1)32.682562, (rt #2)36.472828, (client)0.884665 ===============Final=============== (startup)0.849237, (online)69.155390 = (tcp rtt)32.682562 + (tls rtt)36.472828 Avg. client processing time: 0.884665 0.884665 32.682562 36.472828
203489 www.ws.edu 36.901764 40.083190 0.857782
run_id: 0 #1: 0.235568 #2: 0.238493 #3: 0.239353 #2: 0.240230 #3: 0.240338 Server time: 1614657610 #2: 0.857782 (rt #1)36.901764, (rt #2)40.083190, (client)0.857782 ===============Final=============== (startup)8.406724, (online)76.984954 = (tcp rtt)36.901764 + (tls rtt)40.083190 Avg. client processing time: 0.857782 0.857782 36.901764 40.083190
29620 www.macomb.edu 17.877299 26.234487 1.023122
run_id: 0 #1: 0.229677 #2: 0.249434 #3: 0.249853 Server time: 1614657606 #2: 1.023122 (rt #1)17.877299, (rt #2)26.234487, (client)1.023122 ===============Final=============== (startup)34.339821, (online)44.111786 = (tcp rtt)17.877299 + (tls rtt)26.234487 Avg. client processing time: 1.023122 1.023122 17.877299 26.234487
49453 www.uthsc.edu 61.981142 74.269384 0.822506
run_id: 0 #1: 0.230457 Server time: 1614657610 #2: 0.822506 (rt #1)61.981142, (rt #2)74.269384, (client)0.822506 ===============Final=============== (startup)0.618028, (online)136.250526 = (tcp rtt)61.981142 + (tls rtt)74.269384 Avg. client processing time: 0.822506 0.822506 61.981142 74.269384
9808 elearning.edu.sa 32.761953 36.418383 0.850594
run_id: 0 #1: 0.232785 Server time: 1614657610 #2: 0.850594 (rt #1)32.761953, (rt #2)36.418383, (client)0.850594 ===============Final=============== (startup)18.418552, (online)69.180336 = (tcp rtt)32.761953 + (tls rtt)36.418383 Avg. client processing time: 0.850594 0.850594 32.761953 36.418383
33066 www.umsl.edu 35.486588 48.057813 1.104000
run_id: 0 #1: 0.217439 Server time: 1614657610 #2: 1.104000 (rt #1)35.486588, (rt #2)48.057813, (client)1.104000 ===============Final=============== (startup)74.974801, (online)83.544401 = (tcp rtt)35.486588 + (tls rtt)48.057813 Avg. client processing time: 1.104000 1.104000 35.486588 48.057813
20503 www.smu.edu 39.027512 43.126344 0.948550
run_id: 0 #1: 0.226103 Server time: 1614657610 #2: 0.948550 (rt #1)39.027512, (rt #2)43.126344, (client)0.948550 ===============Final=============== (startup)116.957940, (online)82.153856 = (tcp rtt)39.027512 + (tls rtt)43.126344 Avg. client processing time: 0.948550 0.948550 39.027512 43.126344
54165 centralmethodist.edu 38.515943 41.771598 0.887867
run_id: 0 #1: 0.245155 Server time: 1614657610 #2: 0.887867 (rt #1)38.515943, (rt #2)41.771598, (client)0.887867 ===============Final=============== (startup)0.722811, (online)80.287541 = (tcp rtt)38.515943 + (tls rtt)41.771598 Avg. client processing time: 0.887867 0.887867 38.515943 41.771598
153834 www.iccms.edu 46.623366 49.734465 0.882401
run_id: 0 #1: 0.238351 Server time: 1614657611 #2: 0.882401 (rt #1)46.623366, (rt #2)49.734465, (client)0.882401 ===============Final=============== (startup)49.517186, (online)96.357831 = (tcp rtt)46.623366 + (tls rtt)49.734465 Avg. client processing time: 0.882401 0.882401 46.623366 49.734465
94909 www.fsw.edu 33.796695 39.680304 0.909224
run_id: 0 #1: 0.243496 Server time: 1614657611 #2: 0.909224 (rt #1)33.796695, (rt #2)39.680304, (client)0.909224 ===============Final=============== (startup)0.695106, (online)73.476999 = (tcp rtt)33.796695 + (tls rtt)39.680304 Avg. client processing time: 0.909224 0.909224 33.796695 39.680304
170326 www.roanestate.edu 71.746376 103.572101 0.918777
run_id: 0 #1: 0.241741 #2: 0.247137 #3: 0.247682 #2: 0.249208 #3: 0.249429 #2: 0.250826 #3: 0.250932 Server time: 1614657611 #2: 0.918777 (rt #1)71.746376, (rt #2)103.572101, (client)0.918777 ===============Final=============== (startup)77.339495, (online)175.318477 = (tcp rtt)71.746376 + (tls rtt)103.572101 Avg. client processing time: 0.918777 0.918777 71.746376 103.572101
219939 www.grayson.edu 39.793653 43.803145 0.842318
run_id: 0 #1: 0.234469 Server time: 1614657611 #2: 0.842318 (rt #1)39.793653, (rt #2)43.803145, (client)0.842318 ===============Final=============== (startup)76.050560, (online)83.596798 = (tcp rtt)39.793653 + (tls rtt)43.803145 Avg. client processing time: 0.842318 0.842318 39.793653 43.803145
101973 www.truman.edu 39.658814 44.070346 0.987683
run_id: 0 #1: 0.305468 Server time: 1614657611 #2: 0.987683 (rt #1)39.658814, (rt #2)44.070346, (client)0.987683 ===============Final=============== (startup)66.540760, (online)83.729160 = (tcp rtt)39.658814 + (tls rtt)44.070346 Avg. client processing time: 0.987683 0.987683 39.658814 44.070346
17709 www.stcloudstate.edu 42.476878 45.989602 0.859548
run_id: 0 #1: 0.237256 #2: 0.424750 #3: 0.425329 Server time: 1614657612 #2: 0.859548 (rt #1)42.476878, (rt #2)45.989602, (client)0.859548 ===============Final=============== (startup)43.659289, (online)88.466480 = (tcp rtt)42.476878 + (tls rtt)45.989602 Avg. client processing time: 0.859548 0.859548 42.476878 45.989602
36940 www.uf.edu 28.516317 32.044186 0.934249
run_id: 0 #1: 0.240826 Server time: 1614657612 #2: 0.934249 (rt #1)28.516317, (rt #2)32.044186, (client)0.934249 ===============Final=============== (startup)89.694209, (online)60.560503 = (tcp rtt)28.516317 + (tls rtt)32.044186 Avg. client processing time: 0.934249 0.934249 28.516317 32.044186
100285 www.uaex.edu 41.136481 44.227278 0.955827
run_id: 0 #1: 0.279391 Server time: 1614657612 #2: 0.955827 (rt #1)41.136481, (rt #2)44.227278, (client)0.955827 ===============Final=============== (startup)53.318110, (online)85.363759 = (tcp rtt)41.136481 + (tls rtt)44.227278 Avg. client processing time: 0.955827 0.955827 41.136481 44.227278
2969 www.ufl.edu 28.151960 31.856719 1.014607
run_id: 0 #1: 0.281225 Server time: 1614657612 #2: 1.014607 (rt #1)28.151960, (rt #2)31.856719, (client)1.014607 ===============Final=============== (startup)0.820990, (online)60.008679 = (tcp rtt)28.151960 + (tls rtt)31.856719 Avg. client processing time: 1.014607 1.014607 28.151960 31.856719
94066 www.georgiasouthern.edu 33.388115 37.316580 0.924791
run_id: 0 #1: 0.301921 Server time: 1614657612 #2: 0.924791 (rt #1)33.388115, (rt #2)37.316580, (client)0.924791 ===============Final=============== (startup)60.380322, (online)70.704695 = (tcp rtt)33.388115 + (tls rtt)37.316580 Avg. client processing time: 0.924791 0.924791 33.388115 37.316580
40013 www.uark.edu 42.373835 46.911116 0.933523
run_id: 0 #1: 0.222184 Server time: 1614657612 #2: 0.933523 (rt #1)42.373835, (rt #2)46.911116, (client)0.933523 ===============Final=============== (startup)0.715535, (online)89.284951 = (tcp rtt)42.373835 + (tls rtt)46.911116 Avg. client processing time: 0.933523 0.933523 42.373835 46.911116
86106 www.actx.edu 41.658150 45.797377 0.823073
run_id: 0 #1: 0.236492 Server time: 1614657612 #2: 0.823073 (rt #1)41.658150, (rt #2)45.797377, (client)0.823073 ===============Final=============== (startup)45.199278, (online)87.455527 = (tcp rtt)41.658150 + (tls rtt)45.797377 Avg. client processing time: 0.823073 0.823073 41.658150 45.797377
151199 www.landivarinspira.edu.gt 37.581877 39.711345 0.925167
run_id: 0 #1: 0.231187 Server time: 1614657612 #2: 0.925167 (rt #1)37.581877, (rt #2)39.711345, (client)0.925167 ===============Final=============== (startup)0.866735, (online)77.293222 = (tcp rtt)37.581877 + (tls rtt)39.711345 Avg. client processing time: 0.925167 0.925167 37.581877 39.711345
168463 www.briarcliff.edu 47.803235 52.414376 0.854177
run_id: 0 #1: 0.237672 Server time: 1614657612 #2: 0.854177 (rt #1)47.803235, (rt #2)52.414376, (client)0.854177 ===============Final=============== (startup)2.513845, (online)100.217611 = (tcp rtt)47.803235 + (tls rtt)52.414376 Avg. client processing time: 0.854177 0.854177 47.803235 52.414376
8840 usf.edu 28.699451 37.447032 0.963037
run_id: 0 #1: 0.236400 Server time: 1614657613 #2: 0.963037 (rt #1)28.699451, (rt #2)37.447032, (client)0.963037 ===============Final=============== (startup)0.606793, (online)66.146483 = (tcp rtt)28.699451 + (tls rtt)37.447032 Avg. client processing time: 0.963037 0.963037 28.699451 37.447032
152777 www.itep.edu.pe 38.254852 40.426639 0.916406
run_id: 0 #1: 0.242196 Server time: 1614657613 #2: 0.916406 (rt #1)38.254852, (rt #2)40.426639, (client)0.916406 ===============Final=============== (startup)0.722952, (online)78.681491 = (tcp rtt)38.254852 + (tls rtt)40.426639 Avg. client processing time: 0.916406 0.916406 38.254852 40.426639
30554 www.uwi.edu 43.434906 46.380827 0.873761
run_id: 0 #1: 0.247527 Server time: 1614657613 #2: 0.873761 (rt #1)43.434906, (rt #2)46.380827, (client)0.873761 ===============Final=============== (startup)110.334999, (online)89.815733 = (tcp rtt)43.434906 + (tls rtt)46.380827 Avg. client processing time: 0.873761 0.873761 43.434906 46.380827
2404 wisc.edu 24.125037 32.718394 0.973507
run_id: 0 #1: 0.233339 #2: 0.521246 #3: 0.521644 Server time: 1614657613 #2: 0.973507 (rt #1)24.125037, (rt #2)32.718394, (client)0.973507 ===============Final=============== (startup)0.998425, (online)56.843431 = (tcp rtt)24.125037 + (tls rtt)32.718394 Avg. client processing time: 0.973507 0.973507 24.125037 32.718394
202623 www.usergioarboleda.edu.co 2.060614 22.326449 4.865820
run_id: 0 #1: 3.557381 Server time: 1614657601 #2: 4.865820 (rt #1)2.060614, (rt #2)22.326449, (client)4.865820 ===============Final=============== (startup)0.723713, (online)24.387063 = (tcp rtt)2.060614 + (tls rtt)22.326449 Avg. client processing time: 4.865820 4.865820 2.060614 22.326449
173126 www.wiregrass.edu 25.924039 30.445099 0.831340
run_id: 0 #1: 0.228893 Server time: 1614657613 #2: 0.831340 (rt #1)25.924039, (rt #2)30.445099, (client)0.831340 ===============Final=============== (startup)33.614238, (online)56.369138 = (tcp rtt)25.924039 + (tls rtt)30.445099 Avg. client processing time: 0.831340 0.831340 25.924039 30.445099
76645 www.washburn.edu 31.752082 47.781831 1.615316
run_id: 0 #1: 0.230167 Server time: 1614657613 #2: 1.615316 (rt #1)31.752082, (rt #2)47.781831, (client)1.615316 ===============Final=============== (startup)34.287215, (online)79.533913 = (tcp rtt)31.752082 + (tls rtt)47.781831 Avg. client processing time: 1.615316 1.615316 31.752082 47.781831
