id domain
106206 www.westminster.edu 1.221463 5.375578 0.862905
run_id: 0 #1: 0.293484 Server time: 1614870001 #2: 0.862905 (rt #1)1.221463, (rt #2)5.375578, (client)0.862905 ===============Final=============== (startup)44.461088, (online)6.597041 = (tcp rtt)1.221463 + (tls rtt)5.375578 Avg. client processing time: 0.862905 0.862905 1.221463 5.375578
155445 www.lincoln.edu 1.660407 6.294692 0.747306
run_id: 0 #1: 0.263480 Server time: 1614870001 #2: 0.747306 (rt #1)1.660407, (rt #2)6.294692, (client)0.747306 ===============Final=============== (startup)0.762790, (online)7.955099 = (tcp rtt)1.660407 + (tls rtt)6.294692 Avg. client processing time: 0.747306 0.747306 1.660407 6.294692
14394 www.american.edu 2.910182 7.570278 1.113566
run_id: 0 #1: 0.226746 Server time: 1614869996 #2: 1.113566 (rt #1)2.910182, (rt #2)7.570278, (client)1.113566 ===============Final=============== (startup)46.283129, (online)10.480460 = (tcp rtt)2.910182 + (tls rtt)7.570278 Avg. client processing time: 1.113566 1.113566 2.910182 7.570278
217283 www.com.edu 13.440370 12.562412 0.814108
run_id: 0 #1: 0.273237 Server time: 1614870001 #2: 0.814108 (rt #1)13.440370, (rt #2)12.562412, (client)0.814108 ===============Final=============== (startup)37.247027, (online)26.002782 = (tcp rtt)13.440370 + (tls rtt)12.562412 Avg. client processing time: 0.814108 0.814108 13.440370 12.562412
93736 gallaudet.edu 3.380019 7.754514 0.841989
run_id: 0 #1: 0.219608 Server time: 1614870001 #2: 0.841989 (rt #1)3.380019, (rt #2)7.754514, (client)0.841989 ===============Final=============== (startup)0.628202, (online)11.134533 = (tcp rtt)3.380019 + (tls rtt)7.754514 Avg. client processing time: 0.841989 0.841989 3.380019 7.754514
228226 www.usuhs.edu 4.572399 10.982503 0.966742
run_id: 0 #1: 0.205657 Server time: 3423003456 #2: 0.966742 (rt #1)4.572399, (rt #2)10.982503, (client)0.966742 ===============Final=============== (startup)0.596911, (online)15.554902 = (tcp rtt)4.572399 + (tls rtt)10.982503 Avg. client processing time: 0.966742 0.966742 4.572399 10.982503
35175 www.ucmerced.edu 1.586490 4.918252 1.002612
run_id: 0 #1: 0.210754 Server time: 1614870001 #2: 1.002612 (rt #1)1.586490, (rt #2)4.918252, (client)1.002612 ===============Final=============== (startup)111.364336, (online)6.504742 = (tcp rtt)1.586490 + (tls rtt)4.918252 Avg. client processing time: 1.002612 1.002612 1.586490 4.918252
113936 www.pointpark.edu 7.471015 10.459877 0.969057
run_id: 0 #1: 0.241416 #2: 0.259916 #3: 0.260386 #2: 0.261905 #3: 0.261958 Server time: 1614870001 #2: 0.969057 (rt #1)7.471015, (rt #2)10.459877, (client)0.969057 ===============Final=============== (startup)46.074888, (online)17.930892 = (tcp rtt)7.471015 + (tls rtt)10.459877 Avg. client processing time: 0.969057 0.969057 7.471015 10.459877
83893 www.kutztown.edu 9.349828 11.027496 0.892870
run_id: 0 #1: 0.233201 #2: 0.470430 #3: 0.470829 Server time: 1614870001 #2: 0.892870 (rt #1)9.349828, (rt #2)11.027496, (client)0.892870 ===============Final=============== (startup)7.865928, (online)20.377324 = (tcp rtt)9.349828 + (tls rtt)11.027496 Avg. client processing time: 0.892870 0.892870 9.349828 11.027496
62242 www.mc3.edu 8.054210 18.466016 1.021071
run_id: 0 #1: 0.323153 #2: 0.328207 #3: 0.328833 #2: 0.582753 #3: 0.582879 Server time: 1614870001 #2: 1.021071 (rt #1)8.054210, (rt #2)18.466016, (client)1.021071 ===============Final=============== (startup)44.781243, (online)26.520226 = (tcp rtt)8.054210 + (tls rtt)18.466016 Avg. client processing time: 1.021071 1.021071 8.054210 18.466016
170060 www.passhe.edu 11.122980 19.326863 0.938143
run_id: 0 #1: 0.241947 #2: 0.247108 #3: 0.247552 #2: 0.504662 #3: 0.504729 Server time: 1614870001 #2: 0.938143 (rt #1)11.122980, (rt #2)19.326863, (client)0.938143 ===============Final=============== (startup)47.744123, (online)30.449843 = (tcp rtt)11.122980 + (tls rtt)19.326863 Avg. client processing time: 0.938143 0.938143 11.122980 19.326863
207595 www.lasu.edu.ng 8.288738 12.335602 0.903404
run_id: 0 #1: 0.230693 Server time: 1614870001 #2: 0.903404 (rt #1)8.288738, (rt #2)12.335602, (client)0.903404 ===============Final=============== (startup)0.705200, (online)20.624340 = (tcp rtt)8.288738 + (tls rtt)12.335602 Avg. client processing time: 0.903404 0.903404 8.288738 12.335602
125492 www.skidmore.edu 11.123513 16.943023 1.077224
run_id: 0 #1: 0.332355 Server time: 1614870001 #2: 1.077224 (rt #1)11.123513, (rt #2)16.943023, (client)1.077224 ===============Final=============== (startup)25.488137, (online)28.066536 = (tcp rtt)11.123513 + (tls rtt)16.943023 Avg. client processing time: 1.077224 1.077224 11.123513 16.943023
157787 www.nichols.edu 13.582952 17.530200 0.856772
run_id: 0 #1: 0.248534 Server time: 1614870002 #2: 0.856772 (rt #1)13.582952, (rt #2)17.530200, (client)0.856772 ===============Final=============== (startup)1.037188, (online)31.113152 = (tcp rtt)13.582952 + (tls rtt)17.530200 Avg. client processing time: 0.856772 0.856772 13.582952 17.530200
16065 www.uvm.edu 14.625262 22.548757 0.857558
run_id: 0 #1: 0.242860 Server time: 1614870002 #2: 0.857558 (rt #1)14.625262, (rt #2)22.548757, (client)0.857558 ===============Final=============== (startup)64.927055, (online)37.174019 = (tcp rtt)14.625262 + (tls rtt)22.548757 Avg. client processing time: 0.857558 0.857558 14.625262 22.548757
68825 uncg.edu 10.912815 20.606219 1.030151
run_id: 0 #1: 0.303246 #2: 0.606548 #3: 0.606894 Server time: 1614870002 #2: 1.030151 (rt #1)10.912815, (rt #2)20.606219, (client)1.030151 ===============Final=============== (startup)14.233573, (online)31.519034 = (tcp rtt)10.912815 + (tls rtt)20.606219 Avg. client processing time: 1.030151 1.030151 10.912815 20.606219
120558 simmons.edu 12.442375 16.710829 0.896241
run_id: 0 #1: 0.244306 #2: 0.308378 #3: 0.309091 #2: 0.470384 #3: 0.470486 Server time: 1614870002 #2: 0.896241 (rt #1)12.442375, (rt #2)16.710829, (client)0.896241 ===============Final=============== (startup)24.464893, (online)29.153204 = (tcp rtt)12.442375 + (tls rtt)16.710829 Avg. client processing time: 0.896241 0.896241 12.442375 16.710829
116499 qu.edu 47.386731 54.358983 0.860103
run_id: 0 #1: 0.248001 Server time: 1614870002 #2: 0.860103 (rt #1)47.386731, (rt #2)54.358983, (client)0.860103 ===============Final=============== (startup)39.167104, (online)101.745714 = (tcp rtt)47.386731 + (tls rtt)54.358983 Avg. client processing time: 0.860103 0.860103 47.386731 54.358983
156616 www.iup.edu 14.317312 17.831358 0.956521
run_id: 0 #1: 0.264504 Server time: 1614870002 #2: 0.956521 (rt #1)14.317312, (rt #2)17.831358, (client)0.956521 ===============Final=============== (startup)31.079135, (online)32.148670 = (tcp rtt)14.317312 + (tls rtt)17.831358 Avg. client processing time: 0.956521 0.956521 14.317312 17.831358
222063 lmunet.edu 13.790569 19.776311 0.893130
run_id: 0 #1: 0.275148 #2: 0.281537 #3: 0.282288 #2: 0.287841 #3: 0.288047 Server time: 1614870002 #2: 0.893130 (rt #1)13.790569, (rt #2)19.776311, (client)0.893130 ===============Final=============== (startup)69.610841, (online)33.566880 = (tcp rtt)13.790569 + (tls rtt)19.776311 Avg. client processing time: 0.893130 0.893130 13.790569 19.776311
65601 www.quinnipiac.edu 47.459443 56.420939 1.014717
run_id: 0 #1: 0.396230 Server time: 1614870002 #2: 1.014717 (rt #1)47.459443, (rt #2)56.420939, (client)1.014717 ===============Final=============== (startup)46.423051, (online)103.880382 = (tcp rtt)47.459443 + (tls rtt)56.420939 Avg. client processing time: 1.014717 1.014717 47.459443 56.420939
144548 www.gordon.edu 14.955000 41.678269 0.904487
run_id: 0 #1: 0.226032 #2: 0.231823 #3: 0.232353 Server time: 1614870002 #2: 0.904487 (rt #1)14.955000, (rt #2)41.678269, (client)0.904487 ===============Final=============== (startup)3.903312, (online)56.633269 = (tcp rtt)14.955000 + (tls rtt)41.678269 Avg. client processing time: 0.904487 0.904487 14.955000 41.678269
9505 www.uconn.edu 14.222319 19.162584 1.021213
run_id: 0 #1: 0.255353 Server time: 1614870002 #2: 1.021213 (rt #1)14.222319, (rt #2)19.162584, (client)1.021213 ===============Final=============== (startup)55.936036, (online)33.384903 = (tcp rtt)14.222319 + (tls rtt)19.162584 Avg. client processing time: 1.021213 1.021213 14.222319 19.162584
29540 www.mass.edu 18.153529 23.360001 0.854773
run_id: 0 #1: 0.243069 #2: 0.247834 #3: 0.248250 #2: 0.427238 #3: 0.427304 Server time: 1614870003 #2: 0.854773 (rt #1)18.153529, (rt #2)23.360001, (client)0.854773 ===============Final=============== (startup)66.595618, (online)41.513530 = (tcp rtt)18.153529 + (tls rtt)23.360001 Avg. client processing time: 0.854773 0.854773 18.153529 23.360001
152353 www.camdencc.edu 15.500430 20.240864 1.611061
run_id: 0 #1: 0.242355 #2: 0.420699 #3: 0.421077 Server time: 1614870003 #2: 1.611061 (rt #1)15.500430, (rt #2)20.240864, (client)1.611061 ===============Final=============== (startup)23.858061, (online)35.741294 = (tcp rtt)15.500430 + (tls rtt)20.240864 Avg. client processing time: 1.611061 1.611061 15.500430 20.240864
78170 www.fairfield.edu 15.107372 19.194069 1.137648
run_id: 0 #1: 0.230506 #2: 0.243740 #3: 0.244163 #2: 0.247240 #3: 0.247644 Server time: 1614870003 #2: 1.137648 (rt #1)15.107372, (rt #2)19.194069, (client)1.137648 ===============Final=============== (startup)0.634944, (online)34.301441 = (tcp rtt)15.107372 + (tls rtt)19.194069 Avg. client processing time: 1.137648 1.137648 15.107372 19.194069
94097 www.lemoyne.edu 12.944542 16.185523 0.864952
run_id: 0 #1: 0.256501 Server time: 1614869998 #2: 0.864952 (rt #1)12.944542, (rt #2)16.185523, (client)0.864952 ===============Final=============== (startup)51.954726, (online)29.130065 = (tcp rtt)12.944542 + (tls rtt)16.185523 Avg. client processing time: 0.864952 0.864952 12.944542 16.185523
103521 www.ulvr.edu.ec 14.261290 17.843487 0.755425
run_id: 0 #1: 0.242786 Server time: 1614870003 #2: 0.755425 (rt #1)14.261290, (rt #2)17.843487, (client)0.755425 ===============Final=============== (startup)243.425729, (online)32.104777 = (tcp rtt)14.261290 + (tls rtt)17.843487 Avg. client processing time: 0.755425 0.755425 14.261290 17.843487
148652 www.berry.edu 21.369236 22.156023 1.009908
run_id: 0 #1: 0.426889 #2: 0.430176 #3: 0.430934 #2: 0.432556 #3: 0.432834 Server time: 1614870003 #2: 1.009908 (rt #1)21.369236, (rt #2)22.156023, (client)1.009908 ===============Final=============== (startup)5.915029, (online)43.525259 = (tcp rtt)21.369236 + (tls rtt)22.156023 Avg. client processing time: 1.009908 1.009908 21.369236 22.156023
49734 www.chaffey.edu 17.629947 22.048840 1.073778
run_id: 0 #1: 0.223529 Server time: 1614870003 #2: 1.073778 (rt #1)17.629947, (rt #2)22.048840, (client)1.073778 ===============Final=============== (startup)0.880826, (online)39.678787 = (tcp rtt)17.629947 + (tls rtt)22.048840 Avg. client processing time: 1.073778 1.073778 17.629947 22.048840
105213 www.ung.edu 19.185285 22.991681 0.934063
run_id: 0 #1: 0.237093 #2: 0.240509 #3: 0.241012 Server time: 1614870000 #2: 0.934063 (rt #1)19.185285, (rt #2)22.991681, (client)0.934063 ===============Final=============== (startup)33.520720, (online)42.176966 = (tcp rtt)19.185285 + (tls rtt)22.991681 Avg. client processing time: 0.934063 0.934063 19.185285 22.991681
135730 www.delmar.edu 18.049875 24.549601 0.834571
run_id: 0 #1: 0.233833 Server time: 1614870003 #2: 0.834571 (rt #1)18.049875, (rt #2)24.549601, (client)0.834571 ===============Final=============== (startup)66.912142, (online)42.599476 = (tcp rtt)18.049875 + (tls rtt)24.549601 Avg. client processing time: 0.834571 0.834571 18.049875 24.549601
161165 www.academiaexitus.edu.pe 15.859438 30.863348 0.985660
run_id: 0 #1: 0.312220 Server time: 1614870003 #2: 0.985660 (rt #1)15.859438, (rt #2)30.863348, (client)0.985660 ===============Final=============== (startup)0.717152, (online)46.722786 = (tcp rtt)15.859438 + (tls rtt)30.863348 Avg. client processing time: 0.985660 0.985660 15.859438 30.863348
9305 www.sc.edu 18.917124 22.930457 0.925132
run_id: 0 #1: 0.235827 Server time: 1614870004 #2: 0.925132 (rt #1)18.917124, (rt #2)22.930457, (client)0.925132 ===============Final=============== (startup)27.875211, (online)41.847581 = (tcp rtt)18.917124 + (tls rtt)22.930457 Avg. client processing time: 0.925132 0.925132 18.917124 22.930457
125406 www.reynolds.edu 19.500826 25.232755 0.843089
run_id: 0 #1: 0.231908 Server time: 1614869996 #2: 0.843089 (rt #1)19.500826, (rt #2)25.232755, (client)0.843089 ===============Final=============== (startup)11.716381, (online)44.733581 = (tcp rtt)19.500826 + (tls rtt)25.232755 Avg. client processing time: 0.843089 0.843089 19.500826 25.232755
195903 www.lycoming.edu 18.957839 23.113172 1.162524
run_id: 0 #1: 0.229560 Server time: 1614870003 #2: 1.162524 (rt #1)18.957839, (rt #2)23.113172, (client)1.162524 ===============Final=============== (startup)51.851254, (online)42.071011 = (tcp rtt)18.957839 + (tls rtt)23.113172 Avg. client processing time: 1.162524 1.162524 18.957839 23.113172
109947 www.plymouth.edu 18.818629 23.289317 0.849497
run_id: 0 #1: 0.231262 Server time: 1614870004 #2: 0.849497 (rt #1)18.818629, (rt #2)23.289317, (client)0.849497 ===============Final=============== (startup)31.416830, (online)42.107946 = (tcp rtt)18.818629 + (tls rtt)23.289317 Avg. client processing time: 0.849497 0.849497 18.818629 23.289317
20396 artic.edu 19.190074 1058.139191 0.864062
run_id: 0 #1: 0.236557 #2: 0.248644 #3: 0.249033 Server time: 1614870005 #2: 0.864062 (rt #1)19.190074, (rt #2)1058.139191, (client)0.864062 ===============Final=============== (startup)46.421679, (online)1077.329265 = (tcp rtt)19.190074 + (tls rtt)1058.139191 Avg. client processing time: 0.864062 0.864062 19.190074 1058.139191
69123 www.musc.edu 19.597406 26.676017 0.978404
run_id: 0 #1: 0.255505 Server time: 1614870005 #2: 0.978404 (rt #1)19.597406, (rt #2)26.676017, (client)0.978404 ===============Final=============== (startup)58.349891, (online)46.273423 = (tcp rtt)19.597406 + (tls rtt)26.676017 Avg. client processing time: 0.978404 0.978404 19.597406 26.676017
173618 www.colegioebenezer.edu.co 22.081816 24.269388 0.974882
run_id: 0 #1: 0.264636 Server time: 1614870005 #2: 0.974882 (rt #1)22.081816, (rt #2)24.269388, (client)0.974882 ===============Final=============== (startup)21.877682, (online)46.351204 = (tcp rtt)22.081816 + (tls rtt)24.269388 Avg. client processing time: 0.974882 0.974882 22.081816 24.269388
9556 www.uic.edu 19.845999 24.525036 0.998799
run_id: 0 #1: 0.240611 Server time: 1614870005 #2: 0.998799 (rt #1)19.845999, (rt #2)24.525036, (client)0.998799 ===============Final=============== (startup)72.168947, (online)44.371035 = (tcp rtt)19.845999 + (tls rtt)24.525036 Avg. client processing time: 0.998799 0.998799 19.845999 24.525036
54970 www.indwes.edu 18.027621 21.556719 0.872482
run_id: 0 #1: 0.233331 Server time: 1614870005 #2: 0.872482 (rt #1)18.027621, (rt #2)21.556719, (client)0.872482 ===============Final=============== (startup)68.132556, (online)39.584340 = (tcp rtt)18.027621 + (tls rtt)21.556719 Avg. client processing time: 0.872482 0.872482 18.027621 21.556719
115892 www.atlm.edu 15.340792 39.985111 1.008152
run_id: 0 #1: 0.312496 #2: 0.330052 #3: 0.330432 Server time: 1614870005 #2: 1.008152 (rt #1)15.340792, (rt #2)39.985111, (client)1.008152 ===============Final=============== (startup)61.888915, (online)55.325903 = (tcp rtt)15.340792 + (tls rtt)39.985111 Avg. client processing time: 1.008152 1.008152 15.340792 39.985111
171352 bju.edu 19.199527 35.826081 0.866236
run_id: 0 #1: 0.263154 Server time: 1614870006 #2: 0.866236 (rt #1)19.199527, (rt #2)35.826081, (client)0.866236 ===============Final=============== (startup)4.673971, (online)55.025608 = (tcp rtt)19.199527 + (tls rtt)35.826081 Avg. client processing time: 0.866236 0.866236 19.199527 35.826081
132200 www.koi.edu.au 21.144290 23.948277 1.030999
run_id: 0 #1: 0.369871 Server time: 1614870006 #2: 1.030999 (rt #1)21.144290, (rt #2)23.948277, (client)1.030999 ===============Final=============== (startup)336.752626, (online)45.092567 = (tcp rtt)21.144290 + (tls rtt)23.948277 Avg. client processing time: 1.030999 1.030999 21.144290 23.948277
180144 www.morton.edu 24.094051 28.400235 0.853776
run_id: 0 #1: 0.247383 #2: 0.252188 #3: 0.252886 Server time: 1614870006 #2: 0.853776 (rt #1)24.094051, (rt #2)28.400235, (client)0.853776 ===============Final=============== (startup)0.644553, (online)52.494286 = (tcp rtt)24.094051 + (tls rtt)28.400235 Avg. client processing time: 0.853776 0.853776 24.094051 28.400235
8579 www.ohio-state.edu 22.553003 28.177518 0.933003
run_id: 0 #1: 0.237589 #2: 0.240776 #3: 0.241274 #2: 0.426458 #3: 0.426526 Server time: 1614870006 #2: 0.933003 (rt #1)22.553003, (rt #2)28.177518, (client)0.933003 ===============Final=============== (startup)0.750221, (online)50.730521 = (tcp rtt)22.553003 + (tls rtt)28.177518 Avg. client processing time: 0.933003 0.933003 22.553003 28.177518
69255 www.etsu.edu 21.932704 36.014376 0.886885
run_id: 0 #1: 0.238676 #2: 0.243428 #3: 0.244070 #2: 0.245433 #3: 0.245541 #2: 0.436789 #3: 0.436895 Server time: 1614870006 #2: 0.886885 (rt #1)21.932704, (rt #2)36.014376, (client)0.886885 ===============Final=============== (startup)0.741435, (online)57.947080 = (tcp rtt)21.932704 + (tls rtt)36.014376 Avg. client processing time: 0.886885 0.886885 21.932704 36.014376
200988 www.depauw.edu 24.200206 28.690297 0.516186
run_id: 0 #1: 0.255843 Server time: 1614870006 #2: 0.516186 (rt #1)24.200206, (rt #2)28.690297, (client)0.516186 ===============Final=============== (startup)40.665397, (online)52.890503 = (tcp rtt)24.200206 + (tls rtt)28.690297 Avg. client processing time: 0.516186 0.516186 24.200206 28.690297
116546 www.sbu.edu 31.686576 38.291559 0.844488
run_id: 0 #1: 0.241172 Server time: 1614870006 #2: 0.844488 (rt #1)31.686576, (rt #2)38.291559, (client)0.844488 ===============Final=============== (startup)0.614932, (online)69.978135 = (tcp rtt)31.686576 + (tls rtt)38.291559 Avg. client processing time: 0.844488 0.844488 31.686576 38.291559
97934 www.collegeforcreativestudies.edu 23.263868 27.060052 0.886264
run_id: 0 #1: 0.238394 Server time: 1614870006 #2: 0.886264 (rt #1)23.263868, (rt #2)27.060052, (client)0.886264 ===============Final=============== (startup)31.979787, (online)50.323920 = (tcp rtt)23.263868 + (tls rtt)27.060052 Avg. client processing time: 0.886264 0.886264 23.263868 27.060052
84614 www.sunysuffolk.edu 10.100883 14.124497 0.845354
run_id: 0 #1: 0.243956 #2: 0.255867 #3: 0.256254 Server time: 1614870006 #2: 0.845354 (rt #1)10.100883, (rt #2)14.124497, (client)0.845354 ===============Final=============== (startup)6.169913, (online)24.225380 = (tcp rtt)10.100883 + (tls rtt)14.124497 Avg. client processing time: 0.845354 0.845354 10.100883 14.124497
2627 www.illinois.edu 23.578581 27.445103 1.006390
run_id: 0 #1: 0.247233 #2: 0.265926 #3: 0.266487 Server time: 1614870006 #2: 1.006390 (rt #1)23.578581, (rt #2)27.445103, (client)1.006390 ===============Final=============== (startup)13.993556, (online)51.023684 = (tcp rtt)23.578581 + (tls rtt)27.445103 Avg. client processing time: 1.006390 1.006390 23.578581 27.445103
184230 www.cetcolsubsidio.edu.co 21.796399 24.498074 0.826295
run_id: 0 #1: 0.229940 Server time: 1614870006 #2: 0.826295 (rt #1)21.796399, (rt #2)24.498074, (client)0.826295 ===============Final=============== (startup)0.670041, (online)46.294473 = (tcp rtt)21.796399 + (tls rtt)24.498074 Avg. client processing time: 0.826295 0.826295 21.796399 24.498074
105615 www.uiuc.edu 22.124452 25.983004 0.926736
run_id: 0 #1: 0.233788 Server time: 1614870007 #2: 0.926736 (rt #1)22.124452, (rt #2)25.983004, (client)0.926736 ===============Final=============== (startup)0.661915, (online)48.107456 = (tcp rtt)22.124452 + (tls rtt)25.983004 Avg. client processing time: 0.926736 0.926736 22.124452 25.983004
61111 www.uis.edu 23.476651 25.365149 0.873451
run_id: 0 #1: 0.268272 #2: 0.271995 #3: 0.272834 #2: 0.455525 #3: 0.455719 Server time: 1614870007 #2: 0.873451 (rt #1)23.476651, (rt #2)25.365149, (client)0.873451 ===============Final=============== (startup)0.644980, (online)48.841800 = (tcp rtt)23.476651 + (tls rtt)25.365149 Avg. client processing time: 0.873451 0.873451 23.476651 25.365149
114733 www.mainemaritime.edu 25.101457 29.813740 0.931335
run_id: 0 #1: 0.246751 Server time: 1614870007 #2: 0.931335 (rt #1)25.101457, (rt #2)29.813740, (client)0.931335 ===============Final=============== (startup)0.888518, (online)54.915197 = (tcp rtt)25.101457 + (tls rtt)29.813740 Avg. client processing time: 0.931335 0.931335 25.101457 29.813740
121074 www.queens.edu 24.027498 32.575601 0.755911
run_id: 0 #1: 0.256228 Server time: 1614870007 #2: 0.755911 (rt #1)24.027498, (rt #2)32.575601, (client)0.755911 ===============Final=============== (startup)1.431449, (online)56.603099 = (tcp rtt)24.027498 + (tls rtt)32.575601 Avg. client processing time: 0.755911 0.755911 24.027498 32.575601
177115 www.clcillinois.edu 28.945261 32.594117 0.946087
run_id: 0 #1: 0.229851 Server time: 1614870007 #2: 0.946087 (rt #1)28.945261, (rt #2)32.594117, (client)0.946087 ===============Final=============== (startup)0.832349, (online)61.539378 = (tcp rtt)28.945261 + (tls rtt)32.594117 Avg. client processing time: 0.946087 0.946087 28.945261 32.594117
157490 www.hgtc.edu 24.340223 34.091376 0.868109
run_id: 0 #1: 0.231831 Server time: 1614870007 #2: 0.868109 (rt #1)24.340223, (rt #2)34.091376, (client)0.868109 ===============Final=============== (startup)0.624770, (online)58.431599 = (tcp rtt)24.340223 + (tls rtt)34.091376 Avg. client processing time: 0.868109 0.868109 24.340223 34.091376
12609 www.uga.edu 23.778431 64.142291 0.971929
run_id: 0 #1: 0.231541 #2: 0.242939 #3: 0.243345 Server time: 1614870007 #2: 0.971929 (rt #1)23.778431, (rt #2)64.142291, (client)0.971929 ===============Final=============== (startup)0.659703, (online)87.920722 = (tcp rtt)23.778431 + (tls rtt)64.142291 Avg. client processing time: 0.971929 0.971929 23.778431 64.142291
33231 www.cod.edu 28.657288 34.839961 0.840894
run_id: 0 #1: 0.222272 Server time: 1614870007 #2: 0.840894 (rt #1)28.657288, (rt #2)34.839961, (client)0.840894 ===============Final=============== (startup)0.620080, (online)63.497249 = (tcp rtt)28.657288 + (tls rtt)34.839961 Avg. client processing time: 0.840894 0.840894 28.657288 34.839961
145662 www.einstein.edu 23.018605 31.189443 2.382433
run_id: 0 #1: 0.240778 #2: 0.247103 #3: 0.247723 #2: 0.249578 #3: 0.249652 #2: 1.853217 #3: 1.853543 Server time: 1614870007 #2: 2.382433 (rt #1)23.018605, (rt #2)31.189443, (client)2.382433 ===============Final=============== (startup)0.699448, (online)54.208048 = (tcp rtt)23.018605 + (tls rtt)31.189443 Avg. client processing time: 2.382433 2.382433 23.018605 31.189443
223997 www.osumc.edu 22.641832 32.234226 0.910731
run_id: 0 #1: 0.225021 #2: 0.479634 #3: 0.480078 Server time: 1614870007 #2: 0.910731 (rt #1)22.641832, (rt #2)32.234226, (client)0.910731 ===============Final=============== (startup)0.672312, (online)54.876058 = (tcp rtt)22.641832 + (tls rtt)32.234226 Avg. client processing time: 0.910731 0.910731 22.641832 32.234226
194102 esu.edu 10.187516 10.713025 0.230583
run_id: 0 #1: 0.230583 (rt #1)10.187516, (rt #2)10.713025, (client)0.230583 ===============Final=============== (startup)36.531378, (online)20.900541 = (tcp rtt)10.187516 + (tls rtt)10.713025 Avg. client processing time: 0.230583 0.230583 10.187516 10.713025
26620 www.niu.edu 27.018453 37.712687 2.052847
run_id: 0 #1: 0.286637 #2: 0.302545 #3: 0.302919 #2: 0.303406 #3: 0.303470 #2: 0.305009 #3: 0.305114 #2: 0.316639 #3: 0.316740 #2: 0.847392 #3: 0.847552 Server time: 1614870007 #2: 2.052847 (rt #1)27.018453, (rt #2)37.712687, (client)2.052847 ===============Final=============== (startup)0.864676, (online)64.731140 = (tcp rtt)27.018453 + (tls rtt)37.712687 Avg. client processing time: 2.052847 2.052847 27.018453 37.712687
85407 www.midwestern.edu 25.127103 30.682444 0.866882
run_id: 0 #1: 0.246620 Server time: 1614870007 #2: 0.866882 (rt #1)25.127103, (rt #2)30.682444, (client)0.866882 ===============Final=============== (startup)34.215194, (online)55.809547 = (tcp rtt)25.127103 + (tls rtt)30.682444 Avg. client processing time: 0.866882 0.866882 25.127103 30.682444
121771 www.pic.edu.pk 21.450241 30.340866 0.917444
run_id: 0 #1: 0.248601 Server time: 1614870008 #2: 0.917444 (rt #1)21.450241, (rt #2)30.340866, (client)0.917444 ===============Final=============== (startup)0.734894, (online)51.791107 = (tcp rtt)21.450241 + (tls rtt)30.340866 Avg. client processing time: 0.917444 0.917444 21.450241 30.340866
115387 www.eksu.edu.ng 17.448562 26.878743 1.706479
run_id: 0 #1: 0.231710 Server time: 1614870008 #2: 1.706479 (rt #1)17.448562, (rt #2)26.878743, (client)1.706479 ===============Final=============== (startup)1.277665, (online)44.327305 = (tcp rtt)17.448562 + (tls rtt)26.878743 Avg. client processing time: 1.706479 1.706479 17.448562 26.878743
186068 www.colegiocreando.edu.do 21.972091 24.484235 0.920148
run_id: 0 #1: 0.239691 Server time: 1614870007 #2: 0.920148 (rt #1)21.972091, (rt #2)24.484235, (client)0.920148 ===============Final=============== (startup)0.686732, (online)46.456326 = (tcp rtt)21.972091 + (tls rtt)24.484235 Avg. client processing time: 0.920148 0.920148 21.972091 24.484235
53917 www.usi.edu 28.512151 31.272316 0.827436
run_id: 0 #1: 0.245298 #2: 0.249634 #3: 0.250379 Server time: 1614870008 #2: 0.827436 (rt #1)28.512151, (rt #2)31.272316, (client)0.827436 ===============Final=============== (startup)0.593923, (online)59.784467 = (tcp rtt)28.512151 + (tls rtt)31.272316 Avg. client processing time: 0.827436 0.827436 28.512151 31.272316
163980 www.southern.edu 21.812133 36.959738 1.613431
run_id: 0 #1: 0.229126 #2: 0.246227 #3: 0.246875 #2: 0.422292 #3: 0.422376 Server time: 1614870008 #2: 1.613431 (rt #1)21.812133, (rt #2)36.959738, (client)1.613431 ===============Final=============== (startup)0.596582, (online)58.771871 = (tcp rtt)21.812133 + (tls rtt)36.959738 Avg. client processing time: 1.613431 1.613431 21.812133 36.959738
179013 www.fvtc.edu 29.103511 31.271344 0.888450
run_id: 0 #1: 0.245130 #2: 0.289151 #3: 0.289737 #2: 0.442781 #3: 0.442872 Server time: 1614870008 #2: 0.888450 (rt #1)29.103511, (rt #2)31.271344, (client)0.888450 ===============Final=============== (startup)62.247096, (online)60.374855 = (tcp rtt)29.103511 + (tls rtt)31.271344 Avg. client processing time: 0.888450 0.888450 29.103511 31.271344
72678 lynn.edu 28.359940 34.830167 0.748759
run_id: 0 #1: 0.231364 Server time: 1614870008 #2: 0.748759 (rt #1)28.359940, (rt #2)34.830167, (client)0.748759 ===============Final=============== (startup)1.077883, (online)63.190107 = (tcp rtt)28.359940 + (tls rtt)34.830167 Avg. client processing time: 0.748759 0.748759 28.359940 34.830167
15451 fordham.edu 7.522555 21.166326 1.211570
run_id: 0 #1: 0.468155 #2: 0.760021 #3: 0.760453 Server time: 1614870008 #2: 1.211570 (rt #1)7.522555, (rt #2)21.166326, (client)1.211570 ===============Final=============== (startup)42.792017, (online)28.688881 = (tcp rtt)7.522555 + (tls rtt)21.166326 Avg. client processing time: 1.211570 1.211570 7.522555 21.166326
104950 www.imsa.edu 27.674594 36.402694 0.939735
run_id: 0 #1: 0.238772 Server time: 1614870008 #2: 0.939735 (rt #1)27.674594, (rt #2)36.402694, (client)0.939735 ===============Final=============== (startup)0.698544, (online)64.077288 = (tcp rtt)27.674594 + (tls rtt)36.402694 Avg. client processing time: 0.939735 0.939735 27.674594 36.402694
104718 www.uwf.edu 25.740871 39.308783 1.157756
run_id: 0 #1: 0.247767 #2: 0.513183 #3: 0.513571 Server time: 1614870008 #2: 1.157756 (rt #1)25.740871, (rt #2)39.308783, (client)1.157756 ===============Final=============== (startup)0.608780, (online)65.049654 = (tcp rtt)25.740871 + (tls rtt)39.308783 Avg. client processing time: 1.157756 1.157756 25.740871 39.308783
10642 www.wayne.edu 31.222957 36.443479 0.875509
run_id: 0 #1: 0.253809 Server time: 1614870008 #2: 0.875509 (rt #1)31.222957, (rt #2)36.443479, (client)0.875509 ===============Final=============== (startup)89.406136, (online)67.666436 = (tcp rtt)31.222957 + (tls rtt)36.443479 Avg. client processing time: 0.875509 0.875509 31.222957 36.443479
36748 www.nova.edu 28.794971 35.400864 1.697027
run_id: 0 #1: 0.241272 #2: 0.493013 #3: 0.493423 Server time: 1614870009 #2: 1.697027 (rt #1)28.794971, (rt #2)35.400864, (client)1.697027 ===============Final=============== (startup)31.488177, (online)64.195835 = (tcp rtt)28.794971 + (tls rtt)35.400864 Avg. client processing time: 1.697027 1.697027 28.794971 35.400864
133667 www.naropa.edu 31.587651 34.943653 0.936223
run_id: 0 #1: 0.335748 Server time: 1614870009 #2: 0.936223 (rt #1)31.587651, (rt #2)34.943653, (client)0.936223 ===============Final=============== (startup)0.740571, (online)66.531304 = (tcp rtt)31.587651 + (tls rtt)34.943653 Avg. client processing time: 0.936223 0.936223 31.587651 34.943653
232412 www.siumed.edu 28.785820 36.848409 0.860058
run_id: 0 #1: 0.239516 #2: 0.410764 #3: 0.411168 Server time: 1614870009 #2: 0.860058 (rt #1)28.785820, (rt #2)36.848409, (client)0.860058 ===============Final=============== (startup)30.334432, (online)65.634229 = (tcp rtt)28.785820 + (tls rtt)36.848409 Avg. client processing time: 0.860058 0.860058 28.785820 36.848409
143903 umflint.edu 32.176273 40.973583 0.978078
run_id: 0 #1: 0.242583 Server time: 1614870009 #2: 0.978078 (rt #1)32.176273, (rt #2)40.973583, (client)0.978078 ===============Final=============== (startup)70.697235, (online)73.149856 = (tcp rtt)32.176273 + (tls rtt)40.973583 Avg. client processing time: 0.978078 0.978078 32.176273 40.973583
79742 www.daytonastate.edu 31.079529 35.777281 0.843212
run_id: 0 #1: 0.241109 Server time: 1614870009 #2: 0.843212 (rt #1)31.079529, (rt #2)35.777281, (client)0.843212 ===============Final=============== (startup)18.284656, (online)66.856810 = (tcp rtt)31.079529 + (tls rtt)35.777281 Avg. client processing time: 0.843212 0.843212 31.079529 35.777281
120784 www.tjc.edu 33.948635 38.628937 0.845030
run_id: 0 #1: 0.230124 #2: 0.243079 #3: 0.243987 #2: 0.244794 #3: 0.244846 Server time: 1614870009 #2: 0.845030 (rt #1)33.948635, (rt #2)38.628937, (client)0.845030 ===============Final=============== (startup)0.646873, (online)72.577572 = (tcp rtt)33.948635 + (tls rtt)38.628937 Avg. client processing time: 0.845030 0.845030 33.948635 38.628937
13638 rice.edu 35.958320 43.983237 0.864750
run_id: 0 #1: 0.237912 #2: 0.419922 #3: 0.420247 Server time: 1614870009 #2: 0.864750 (rt #1)35.958320, (rt #2)43.983237, (client)0.864750 ===============Final=============== (startup)0.603622, (online)79.941557 = (tcp rtt)35.958320 + (tls rtt)43.983237 Avg. client processing time: 0.864750 0.864750 35.958320 43.983237
60530 www.augusta.edu 33.268148 48.664957 0.810335
run_id: 0 #1: 0.230949 Server time: 1614870009 #2: 0.810335 (rt #1)33.268148, (rt #2)48.664957, (client)0.810335 ===============Final=============== (startup)22.569137, (online)81.933105 = (tcp rtt)33.268148 + (tls rtt)48.664957 Avg. client processing time: 0.810335 0.810335 33.268148 48.664957
202345 www.asds.edu.co 35.150719 38.199289 0.781678
run_id: 0 #1: 0.243908 Server time: 3838213052 #2: 0.781678 (rt #1)35.150719, (rt #2)38.199289, (client)0.781678 ===============Final=============== (startup)33.218314, (online)73.350008 = (tcp rtt)35.150719 + (tls rtt)38.199289 Avg. client processing time: 0.781678 0.781678 35.150719 38.199289
85700 www.iris.edu 33.774606 38.200063 0.867430
run_id: 0 #1: 0.263149 Server time: 1614870009 #2: 0.867430 (rt #1)33.774606, (rt #2)38.200063, (client)0.867430 ===============Final=============== (startup)90.482407, (online)71.974669 = (tcp rtt)33.774606 + (tls rtt)38.200063 Avg. client processing time: 0.867430 0.867430 33.774606 38.200063
200593 www.istpargentina.edu.pe 32.658163 36.491754 0.847151
run_id: 0 #1: 0.230437 Server time: 1614870010 #2: 0.847151 (rt #1)32.658163, (rt #2)36.491754, (client)0.847151 ===============Final=============== (startup)0.843638, (online)69.149917 = (tcp rtt)32.658163 + (tls rtt)36.491754 Avg. client processing time: 0.847151 0.847151 32.658163 36.491754
203489 www.ws.edu 39.077218 42.352066 0.877477
run_id: 0 #1: 0.237965 #2: 0.241589 #3: 0.242000 #2: 0.243552 #3: 0.243679 Server time: 1614870010 #2: 0.877477 (rt #1)39.077218, (rt #2)42.352066, (client)0.877477 ===============Final=============== (startup)0.746011, (online)81.429284 = (tcp rtt)39.077218 + (tls rtt)42.352066 Avg. client processing time: 0.877477 0.877477 39.077218 42.352066
29620 www.macomb.edu 17.532313 23.552299 0.947185
run_id: 0 #1: 0.230338 Server time: 1614870004 #2: 0.947185 (rt #1)17.532313, (rt #2)23.552299, (client)0.947185 ===============Final=============== (startup)67.783035, (online)41.084612 = (tcp rtt)17.532313 + (tls rtt)23.552299 Avg. client processing time: 0.947185 0.947185 17.532313 23.552299
49453 www.uthsc.edu 35.846031 40.981417 0.817372
run_id: 0 #1: 0.238522 Server time: 1614870010 #2: 0.817372 (rt #1)35.846031, (rt #2)40.981417, (client)0.817372 ===============Final=============== (startup)0.618951, (online)76.827448 = (tcp rtt)35.846031 + (tls rtt)40.981417 Avg. client processing time: 0.817372 0.817372 35.846031 40.981417
9808 elearning.edu.sa 32.759851 36.463017 0.874463
run_id: 0 #1: 0.241548 Server time: 1614870010 #2: 0.874463 (rt #1)32.759851, (rt #2)36.463017, (client)0.874463 ===============Final=============== (startup)204.736779, (online)69.222868 = (tcp rtt)32.759851 + (tls rtt)36.463017 Avg. client processing time: 0.874463 0.874463 32.759851 36.463017
33066 www.umsl.edu 38.543727 48.770737 1.103341
run_id: 0 #1: 0.257549 Server time: 1614870010 #2: 1.103341 (rt #1)38.543727, (rt #2)48.770737, (client)1.103341 ===============Final=============== (startup)64.082517, (online)87.314464 = (tcp rtt)38.543727 + (tls rtt)48.770737 Avg. client processing time: 1.103341 1.103341 38.543727 48.770737
20503 www.smu.edu 38.940434 43.197922 0.959216
run_id: 0 #1: 0.225310 Server time: 1614870010 #2: 0.959216 (rt #1)38.940434, (rt #2)43.197922, (client)0.959216 ===============Final=============== (startup)84.254930, (online)82.138356 = (tcp rtt)38.940434 + (tls rtt)43.197922 Avg. client processing time: 0.959216 0.959216 38.940434 43.197922
54165 centralmethodist.edu 40.359168 43.935853 0.963161
run_id: 0 #1: 0.252053 Server time: 1614870010 #2: 0.963161 (rt #1)40.359168, (rt #2)43.935853, (client)0.963161 ===============Final=============== (startup)0.677813, (online)84.295021 = (tcp rtt)40.359168 + (tls rtt)43.935853 Avg. client processing time: 0.963161 0.963161 40.359168 43.935853
153834 www.iccms.edu 43.248730 46.127366 0.859684
run_id: 0 #1: 0.230314 Server time: 1614870011 #2: 0.859684 (rt #1)43.248730, (rt #2)46.127366, (client)0.859684 ===============Final=============== (startup)12.090609, (online)89.376096 = (tcp rtt)43.248730 + (tls rtt)46.127366 Avg. client processing time: 0.859684 0.859684 43.248730 46.127366
94909 www.fsw.edu 36.253982 39.771887 0.867972
run_id: 0 #1: 0.231735 Server time: 1614870011 #2: 0.867972 (rt #1)36.253982, (rt #2)39.771887, (client)0.867972 ===============Final=============== (startup)0.670583, (online)76.025869 = (tcp rtt)36.253982 + (tls rtt)39.771887 Avg. client processing time: 0.867972 0.867972 36.253982 39.771887
170326 www.roanestate.edu 40.856759 43.693353 0.937766
run_id: 0 #1: 0.226629 #2: 0.230733 #3: 0.231608 #2: 0.232825 #3: 0.232988 #2: 0.234375 #3: 0.234551 Server time: 1614870011 #2: 0.937766 (rt #1)40.856759, (rt #2)43.693353, (client)0.937766 ===============Final=============== (startup)42.082751, (online)84.550112 = (tcp rtt)40.856759 + (tls rtt)43.693353 Avg. client processing time: 0.937766 0.937766 40.856759 43.693353
219939 www.grayson.edu 39.948800 43.853310 0.946521
run_id: 0 #1: 0.238619 Server time: 1614870011 #2: 0.946521 (rt #1)39.948800, (rt #2)43.853310, (client)0.946521 ===============Final=============== (startup)81.729311, (online)83.802110 = (tcp rtt)39.948800 + (tls rtt)43.853310 Avg. client processing time: 0.946521 0.946521 39.948800 43.853310
101973 www.truman.edu 39.732184 44.037567 0.889169
run_id: 0 #1: 0.233242 Server time: 1614870011 #2: 0.889169 (rt #1)39.732184, (rt #2)44.037567, (client)0.889169 ===============Final=============== (startup)44.543914, (online)83.769751 = (tcp rtt)39.732184 + (tls rtt)44.037567 Avg. client processing time: 0.889169 0.889169 39.732184 44.037567
17709 www.stcloudstate.edu 36.670339 41.231140 0.870546
run_id: 0 #1: 0.251857 #2: 0.433026 #3: 0.433495 Server time: 1614870011 #2: 0.870546 (rt #1)36.670339, (rt #2)41.231140, (client)0.870546 ===============Final=============== (startup)20.037692, (online)77.901479 = (tcp rtt)36.670339 + (tls rtt)41.231140 Avg. client processing time: 0.870546 0.870546 36.670339 41.231140
36940 trustees.ufl.edu 28.459653 32.380605 0.915360
run_id: 0 #1: 0.231077 Server time: 1614870011 #2: 0.915360 (rt #1)28.459653, (rt #2)32.380605, (client)0.915360 ===============Final=============== (startup)93.555418, (online)60.840258 = (tcp rtt)28.459653 + (tls rtt)32.380605 Avg. client processing time: 0.915360 0.915360 28.459653 32.380605
100285 www.uaex.edu 40.713243 43.331619 0.870842
run_id: 0 #1: 0.247726 Server time: 1614870012 #2: 0.870842 (rt #1)40.713243, (rt #2)43.331619, (client)0.870842 ===============Final=============== (startup)45.152236, (online)84.044862 = (tcp rtt)40.713243 + (tls rtt)43.331619 Avg. client processing time: 0.870842 0.870842 40.713243 43.331619
94066 www.georgiasouthern.edu 33.425967 37.117169 0.967034
run_id: 0 #1: 0.243870 Server time: 1614870012 #2: 0.967034 (rt #1)33.425967, (rt #2)37.117169, (client)0.967034 ===============Final=============== (startup)42.768326, (online)70.543136 = (tcp rtt)33.425967 + (tls rtt)37.117169 Avg. client processing time: 0.967034 0.967034 33.425967 37.117169
40013 www.uark.edu 42.273506 47.029738 0.954033
run_id: 0 #1: 0.233347 Server time: 1614870012 #2: 0.954033 (rt #1)42.273506, (rt #2)47.029738, (client)0.954033 ===============Final=============== (startup)0.652520, (online)89.303244 = (tcp rtt)42.273506 + (tls rtt)47.029738 Avg. client processing time: 0.954033 0.954033 42.273506 47.029738
86106 www.actx.edu 46.526322 50.684114 0.850872
run_id: 0 #1: 0.240668 Server time: 1614870012 #2: 0.850872 (rt #1)46.526322, (rt #2)50.684114, (client)0.850872 ===============Final=============== (startup)77.310744, (online)97.210436 = (tcp rtt)46.526322 + (tls rtt)50.684114 Avg. client processing time: 0.850872 0.850872 46.526322 50.684114
151199 www.landivarinspira.edu.gt 37.569005 39.694727 0.911745
run_id: 0 #1: 0.253599 Server time: 1614870012 #2: 0.911745 (rt #1)37.569005, (rt #2)39.694727, (client)0.911745 ===============Final=============== (startup)0.683495, (online)77.263732 = (tcp rtt)37.569005 + (tls rtt)39.694727 Avg. client processing time: 0.911745 0.911745 37.569005 39.694727
168463 www.briarcliff.edu 47.852299 52.151585 0.845197
run_id: 0 #1: 0.234016 Server time: 1614870012 #2: 0.845197 (rt #1)47.852299, (rt #2)52.151585, (client)0.845197 ===============Final=============== (startup)2.765878, (online)100.003884 = (tcp rtt)47.852299 + (tls rtt)52.151585 Avg. client processing time: 0.845197 0.845197 47.852299 52.151585
8840 usf.edu 28.443858 32.468826 0.950675
run_id: 0 #1: 0.235629 Server time: 1614870012 #2: 0.950675 (rt #1)28.443858, (rt #2)32.468826, (client)0.950675 ===============Final=============== (startup)0.775031, (online)60.912684 = (tcp rtt)28.443858 + (tls rtt)32.468826 Avg. client processing time: 0.950675 0.950675 28.443858 32.468826
152777 www.itep.edu.pe 38.438166 40.154739 0.926609
run_id: 0 #1: 0.239866 Server time: 1614870013 #2: 0.926609 (rt #1)38.438166, (rt #2)40.154739, (client)0.926609 ===============Final=============== (startup)0.648509, (online)78.592905 = (tcp rtt)38.438166 + (tls rtt)40.154739 Avg. client processing time: 0.926609 0.926609 38.438166 40.154739
30554 www.uwi.edu 43.415251 46.683062 0.871588
run_id: 0 #1: 0.235225 Server time: 1614870012 #2: 0.871588 (rt #1)43.415251, (rt #2)46.683062, (client)0.871588 ===============Final=============== (startup)0.624756, (online)90.098313 = (tcp rtt)43.415251 + (tls rtt)46.683062 Avg. client processing time: 0.871588 0.871588 43.415251 46.683062
2404 wisc.edu 24.136660 32.783739 0.945598
run_id: 0 #1: 0.232010 #2: 0.500674 #3: 0.501190 Server time: 1614870013 #2: 0.945598 (rt #1)24.136660, (rt #2)32.783739, (client)0.945598 ===============Final=============== (startup)3.207079, (online)56.920399 = (tcp rtt)24.136660 + (tls rtt)32.783739 Avg. client processing time: 0.945598 0.945598 24.136660 32.783739
202623 www.usergioarboleda.edu.co 2.035582 17.278308 1.769153
run_id: 0 #1: 0.203226 Server time: 1614870000 #2: 1.769153 (rt #1)2.035582, (rt #2)17.278308, (client)1.769153 ===============Final=============== (startup)0.598479, (online)19.313890 = (tcp rtt)2.035582 + (tls rtt)17.278308 Avg. client processing time: 1.769153 1.769153 2.035582 17.278308
173126 www.wiregrass.edu 25.755690 30.139796 0.893477
run_id: 0 #1: 0.256016 Server time: 1614870013 #2: 0.893477 (rt #1)25.755690, (rt #2)30.139796, (client)0.893477 ===============Final=============== (startup)0.641411, (online)55.895486 = (tcp rtt)25.755690 + (tls rtt)30.139796 Avg. client processing time: 0.893477 0.893477 25.755690 30.139796
76645 www.washburn.edu 45.145721 63.178964 1.875600
run_id: 0 #1: 0.295130 Server time: 1614870013 #2: 1.875600 (rt #1)45.145721, (rt #2)63.178964, (client)1.875600 ===============Final=============== (startup)83.384057, (online)108.324685 = (tcp rtt)45.145721 + (tls rtt)63.178964 Avg. client processing time: 1.875600 1.875600 45.145721 63.178964
