id domain
106206 www.westminster.edu 2.105484 4.376485 0.924748
run_id: 0 #1: 0.225102 Server time: 1614848401 #2: 0.924748 (rt #1)2.105484, (rt #2)4.376485, (client)0.924748 ===============Final=============== (startup)69.192102, (online)6.481969 = (tcp rtt)2.105484 + (tls rtt)4.376485 Avg. client processing time: 0.924748 0.924748 2.105484 4.376485
155445 www.lincoln.edu 1.847014 10.196084 0.902226
run_id: 0 #1: 0.274164 Server time: 1614848401 #2: 0.902226 (rt #1)1.847014, (rt #2)10.196084, (client)0.902226 ===============Final=============== (startup)0.647142, (online)12.043098 = (tcp rtt)1.847014 + (tls rtt)10.196084 Avg. client processing time: 0.902226 0.902226 1.847014 10.196084
14394 www.american.edu 2.984018 10.667298 3.718478
run_id: 0 #1: 2.984055 Server time: 1614848401 #2: 3.718478 (rt #1)2.984018, (rt #2)10.667298, (client)3.718478 ===============Final=============== (startup)10.688213, (online)13.651316 = (tcp rtt)2.984018 + (tls rtt)10.667298 Avg. client processing time: 3.718478 3.718478 2.984018 10.667298
217283 www.com.edu 1.800013 9.831553 0.708355
run_id: 0 #1: 0.221461 Server time: 1614848401 #2: 0.708355 (rt #1)1.800013, (rt #2)9.831553, (client)0.708355 ===============Final=============== (startup)77.859837, (online)11.631566 = (tcp rtt)1.800013 + (tls rtt)9.831553 Avg. client processing time: 0.708355 0.708355 1.800013 9.831553
93736 gallaudet.edu 3.396785 9.274164 0.818140
run_id: 0 #1: 0.217719 Server time: 1614848401 #2: 0.818140 (rt #1)3.396785, (rt #2)9.274164, (client)0.818140 ===============Final=============== (startup)3.084776, (online)12.670949 = (tcp rtt)3.396785 + (tls rtt)9.274164 Avg. client processing time: 0.818140 0.818140 3.396785 9.274164
228226 www.usuhs.edu 3.919739 14.478586 0.991936
run_id: 0 #1: 0.211481 Server time: 2427694130 #2: 0.991936 (rt #1)3.919739, (rt #2)14.478586, (client)0.991936 ===============Final=============== (startup)0.603960, (online)18.398325 = (tcp rtt)3.919739 + (tls rtt)14.478586 Avg. client processing time: 0.991936 0.991936 3.919739 14.478586
35175 www.ucmerced.edu 1.403262 4.660394 0.894847
run_id: 0 #1: 0.213358 #2: 0.229748 #3: 0.230074 Server time: 1614848402 #2: 0.894847 (rt #1)1.403262, (rt #2)4.660394, (client)0.894847 ===============Final=============== (startup)125.432501, (online)6.063656 = (tcp rtt)1.403262 + (tls rtt)4.660394 Avg. client processing time: 0.894847 0.894847 1.403262 4.660394
113936 www.pointpark.edu 7.993211 10.699390 0.913909
run_id: 0 #1: 0.226776 #2: 0.230162 #3: 0.230937 #2: 0.232251 #3: 0.232381 #2: 0.233417 #3: 0.233502 Server time: 1614848402 #2: 0.913909 (rt #1)7.993211, (rt #2)10.699390, (client)0.913909 ===============Final=============== (startup)52.803311, (online)18.692601 = (tcp rtt)7.993211 + (tls rtt)10.699390 Avg. client processing time: 0.913909 0.913909 7.993211 10.699390
83893 www.kutztown.edu 8.916705 10.691082 0.991771
run_id: 0 #1: 0.269072 #2: 0.537073 #3: 0.537465 Server time: 1614848402 #2: 0.991771 (rt #1)8.916705, (rt #2)10.691082, (client)0.991771 ===============Final=============== (startup)0.646840, (online)19.607787 = (tcp rtt)8.916705 + (tls rtt)10.691082 Avg. client processing time: 0.991771 0.991771 8.916705 10.691082
62242 www.mc3.edu 8.074365 18.475363 0.917958
run_id: 0 #1: 0.229604 #2: 0.492065 #3: 0.492502 Server time: 1614848402 #2: 0.917958 (rt #1)8.074365, (rt #2)18.475363, (client)0.917958 ===============Final=============== (startup)44.623205, (online)26.549728 = (tcp rtt)8.074365 + (tls rtt)18.475363 Avg. client processing time: 0.917958 0.917958 8.074365 18.475363
170060 www.passhe.edu 11.522490 19.860167 0.930450
run_id: 0 #1: 0.231259 #2: 0.492004 #3: 0.492427 Server time: 1614848402 #2: 0.930450 (rt #1)11.522490, (rt #2)19.860167, (client)0.930450 ===============Final=============== (startup)37.978822, (online)31.382657 = (tcp rtt)11.522490 + (tls rtt)19.860167 Avg. client processing time: 0.930450 0.930450 11.522490 19.860167
207595 www.lasu.edu.ng 8.754582 11.870378 1.032824
run_id: 0 #1: 0.224851 #2: 0.238330 #3: 0.238826 Server time: 1614848402 #2: 1.032824 (rt #1)8.754582, (rt #2)11.870378, (client)1.032824 ===============Final=============== (startup)0.773506, (online)20.624960 = (tcp rtt)8.754582 + (tls rtt)11.870378 Avg. client processing time: 1.032824 1.032824 8.754582 11.870378
125492 www.skidmore.edu 11.626410 16.043879 0.958622
run_id: 0 #1: 0.234645 Server time: 1614848401 #2: 0.958622 (rt #1)11.626410, (rt #2)16.043879, (client)0.958622 ===============Final=============== (startup)23.235767, (online)27.670289 = (tcp rtt)11.626410 + (tls rtt)16.043879 Avg. client processing time: 0.958622 0.958622 11.626410 16.043879
157787 www.nichols.edu 13.257083 17.319717 0.850176
run_id: 0 #1: 0.244552 Server time: 1614848402 #2: 0.850176 (rt #1)13.257083, (rt #2)17.319717, (client)0.850176 ===============Final=============== (startup)0.638037, (online)30.576800 = (tcp rtt)13.257083 + (tls rtt)17.319717 Avg. client processing time: 0.850176 0.850176 13.257083 17.319717
16065 www.uvm.edu 14.650725 17.230376 0.829638
run_id: 0 #1: 0.234055 Server time: 1614848402 #2: 0.829638 (rt #1)14.650725, (rt #2)17.230376, (client)0.829638 ===============Final=============== (startup)17.642293, (online)31.881101 = (tcp rtt)14.650725 + (tls rtt)17.230376 Avg. client processing time: 0.829638 0.829638 14.650725 17.230376
68825 uncg.edu 10.853733 20.175413 0.926506
run_id: 0 #1: 0.244386 #2: 0.504832 #3: 0.505248 Server time: 1614848402 #2: 0.926506 (rt #1)10.853733, (rt #2)20.175413, (client)0.926506 ===============Final=============== (startup)38.053676, (online)31.029146 = (tcp rtt)10.853733 + (tls rtt)20.175413 Avg. client processing time: 0.926506 0.926506 10.853733 20.175413
120558 simmons.edu 12.023944 18.900863 0.805283
run_id: 0 #1: 0.213973 Server time: 1614848402 #2: 0.805283 (rt #1)12.023944, (rt #2)18.900863, (client)0.805283 ===============Final=============== (startup)8.895157, (online)30.924807 = (tcp rtt)12.023944 + (tls rtt)18.900863 Avg. client processing time: 0.805283 0.805283 12.023944 18.900863
116499 qu.edu 14.762600 22.442260 0.833550
run_id: 0 #1: 0.241389 Server time: 1614848402 #2: 0.833550 (rt #1)14.762600, (rt #2)22.442260, (client)0.833550 ===============Final=============== (startup)18.840871, (online)37.204860 = (tcp rtt)14.762600 + (tls rtt)22.442260 Avg. client processing time: 0.833550 0.833550 14.762600 22.442260
156616 www.iup.edu 35.555708 39.027159 0.933439
run_id: 0 #1: 0.239050 Server time: 1614848402 #2: 0.933439 (rt #1)35.555708, (rt #2)39.027159, (client)0.933439 ===============Final=============== (startup)97.739782, (online)74.582867 = (tcp rtt)35.555708 + (tls rtt)39.027159 Avg. client processing time: 0.933439 0.933439 35.555708 39.027159
222063 lmunet.edu 16.073642 23.363843 0.924829
run_id: 0 #1: 0.231707 #2: 0.239495 #3: 0.240024 #2: 0.241594 #3: 0.241730 Server time: 1614848402 #2: 0.924829 (rt #1)16.073642, (rt #2)23.363843, (client)0.924829 ===============Final=============== (startup)0.708230, (online)39.437485 = (tcp rtt)16.073642 + (tls rtt)23.363843 Avg. client processing time: 0.924829 0.924829 16.073642 23.363843
65601 www.quinnipiac.edu 14.303768 20.922717 0.929254
run_id: 0 #1: 0.237518 Server time: 1614848403 #2: 0.929254 (rt #1)14.303768, (rt #2)20.922717, (client)0.929254 ===============Final=============== (startup)21.422751, (online)35.226485 = (tcp rtt)14.303768 + (tls rtt)20.922717 Avg. client processing time: 0.929254 0.929254 14.303768 20.922717
144548 www.gordon.edu 14.986286 21.358414 0.826980
run_id: 0 #1: 0.224167 Server time: 1614848403 #2: 0.826980 (rt #1)14.986286, (rt #2)21.358414, (client)0.826980 ===============Final=============== (startup)39.172573, (online)36.344700 = (tcp rtt)14.986286 + (tls rtt)21.358414 Avg. client processing time: 0.826980 0.826980 14.986286 21.358414
9505 www.uconn.edu 15.651071 24.103637 1.003693
run_id: 0 #1: 0.285359 Server time: 1614848403 #2: 1.003693 (rt #1)15.651071, (rt #2)24.103637, (client)1.003693 ===============Final=============== (startup)43.141031, (online)39.754708 = (tcp rtt)15.651071 + (tls rtt)24.103637 Avg. client processing time: 1.003693 1.003693 15.651071 24.103637
29540 www.mass.edu 14.408159 22.386657 0.833214
run_id: 0 #1: 0.239759 #2: 0.249598 #3: 0.250059 #2: 0.409921 #3: 0.410021 Server time: 1614848403 #2: 0.833214 (rt #1)14.408159, (rt #2)22.386657, (client)0.833214 ===============Final=============== (startup)0.710013, (online)36.794816 = (tcp rtt)14.408159 + (tls rtt)22.386657 Avg. client processing time: 0.833214 0.833214 14.408159 22.386657
152353 www.camdencc.edu 15.198464 21.604695 1.622997
run_id: 0 #1: 0.221523 #2: 0.385950 #3: 0.386326 Server time: 1614848403 #2: 1.622997 (rt #1)15.198464, (rt #2)21.604695, (client)1.622997 ===============Final=============== (startup)13.658791, (online)36.803159 = (tcp rtt)15.198464 + (tls rtt)21.604695 Avg. client processing time: 1.622997 1.622997 15.198464 21.604695
78170 www.fairfield.edu 15.659507 19.639125 1.151917
run_id: 0 #1: 0.229622 #2: 0.245755 #3: 0.246193 #2: 0.249325 #3: 0.249620 Server time: 1614848403 #2: 1.151917 (rt #1)15.659507, (rt #2)19.639125, (client)1.151917 ===============Final=============== (startup)0.958582, (online)35.298632 = (tcp rtt)15.659507 + (tls rtt)19.639125 Avg. client processing time: 1.151917 1.151917 15.659507 19.639125
94097 www.lemoyne.edu 13.774564 17.109770 0.920540
run_id: 0 #1: 0.292146 Server time: 1614848401 #2: 0.920540 (rt #1)13.774564, (rt #2)17.109770, (client)0.920540 ===============Final=============== (startup)41.006173, (online)30.884334 = (tcp rtt)13.774564 + (tls rtt)17.109770 Avg. client processing time: 0.920540 0.920540 13.774564 17.109770
103521 www.ulvr.edu.ec 14.240729 16.897777 0.763362
run_id: 0 #1: 0.274300 Server time: 1614848403 #2: 0.763362 (rt #1)14.240729, (rt #2)16.897777, (client)0.763362 ===============Final=============== (startup)0.708725, (online)31.138506 = (tcp rtt)14.240729 + (tls rtt)16.897777 Avg. client processing time: 0.763362 0.763362 14.240729 16.897777
148652 www.berry.edu 17.410218 23.244045 0.839218
run_id: 0 #1: 0.258147 #2: 0.261541 #3: 0.262195 #2: 0.262975 #3: 0.263049 Server time: 1614848403 #2: 0.839218 (rt #1)17.410218, (rt #2)23.244045, (client)0.839218 ===============Final=============== (startup)27.166686, (online)40.654263 = (tcp rtt)17.410218 + (tls rtt)23.244045 Avg. client processing time: 0.839218 0.839218 17.410218 23.244045
49734 www.chaffey.edu 17.471427 24.148091 0.994523
run_id: 0 #1: 0.224633 Server time: 1614848403 #2: 0.994523 (rt #1)17.471427, (rt #2)24.148091, (client)0.994523 ===============Final=============== (startup)0.610390, (online)41.619518 = (tcp rtt)17.471427 + (tls rtt)24.148091 Avg. client processing time: 0.994523 0.994523 17.471427 24.148091
105213 www.ung.edu 17.979883 21.080974 0.867347
run_id: 0 #1: 0.270447 Server time: 1614848403 #2: 0.867347 (rt #1)17.979883, (rt #2)21.080974, (client)0.867347 ===============Final=============== (startup)61.474815, (online)39.060857 = (tcp rtt)17.979883 + (tls rtt)21.080974 Avg. client processing time: 0.867347 0.867347 17.979883 21.080974
135730 www.delmar.edu 17.579873 21.680156 0.786005
run_id: 0 #1: 0.212079 Server time: 1614848403 #2: 0.786005 (rt #1)17.579873, (rt #2)21.680156, (client)0.786005 ===============Final=============== (startup)0.703310, (online)39.260029 = (tcp rtt)17.579873 + (tls rtt)21.680156 Avg. client processing time: 0.786005 0.786005 17.579873 21.680156
161165 www.academiaexitus.edu.pe 17.162377 27.660754 0.875185
run_id: 0 #1: 0.222699 Server time: 1614848403 #2: 0.875185 (rt #1)17.162377, (rt #2)27.660754, (client)0.875185 ===============Final=============== (startup)0.642140, (online)44.823131 = (tcp rtt)17.162377 + (tls rtt)27.660754 Avg. client processing time: 0.875185 0.875185 17.162377 27.660754
9305 www.sc.edu 18.954635 23.049547 0.883800
run_id: 0 #1: 0.221595 #2: 0.232455 #3: 0.232726 Server time: 1614848403 #2: 0.883800 (rt #1)18.954635, (rt #2)23.049547, (client)0.883800 ===============Final=============== (startup)31.538991, (online)42.004182 = (tcp rtt)18.954635 + (tls rtt)23.049547 Avg. client processing time: 0.883800 0.883800 18.954635 23.049547
125406 www.reynolds.edu 19.147263 25.198985 0.866246
run_id: 0 #1: 0.219388 Server time: 1614848396 #2: 0.866246 (rt #1)19.147263, (rt #2)25.198985, (client)0.866246 ===============Final=============== (startup)0.765702, (online)44.346248 = (tcp rtt)19.147263 + (tls rtt)25.198985 Avg. client processing time: 0.866246 0.866246 19.147263 25.198985
195903 www.lycoming.edu 18.565965 23.069528 1.218429
run_id: 0 #1: 0.214111 Server time: 1614848403 #2: 1.218429 (rt #1)18.565965, (rt #2)23.069528, (client)1.218429 ===============Final=============== (startup)4.934639, (online)41.635493 = (tcp rtt)18.565965 + (tls rtt)23.069528 Avg. client processing time: 1.218429 1.218429 18.565965 23.069528
109947 www.plymouth.edu 30.879958 35.471325 0.887961
run_id: 0 #1: 0.220303 Server time: 1614848404 #2: 0.887961 (rt #1)30.879958, (rt #2)35.471325, (client)0.887961 ===============Final=============== (startup)0.644006, (online)66.351283 = (tcp rtt)30.879958 + (tls rtt)35.471325 Avg. client processing time: 0.887961 0.887961 30.879958 35.471325
20396 artic.edu 19.240619 23.462812 0.858080
run_id: 0 #1: 0.228950 #2: 0.246909 #3: 0.247322 #2: 0.248729 #3: 0.248774 Server time: 1614848404 #2: 0.858080 (rt #1)19.240619, (rt #2)23.462812, (client)0.858080 ===============Final=============== (startup)56.620093, (online)42.703431 = (tcp rtt)19.240619 + (tls rtt)23.462812 Avg. client processing time: 0.858080 0.858080 19.240619 23.462812
69123 www.musc.edu 19.626251 27.503638 0.957052
run_id: 0 #1: 0.222753 Server time: 1614848404 #2: 0.957052 (rt #1)19.626251, (rt #2)27.503638, (client)0.957052 ===============Final=============== (startup)0.785935, (online)47.129889 = (tcp rtt)19.626251 + (tls rtt)27.503638 Avg. client processing time: 0.957052 0.957052 19.626251 27.503638
173618 www.colegioebenezer.edu.co 40.707832 33.754786 0.925879
run_id: 0 #1: 0.231764 Server time: 1614848404 #2: 0.925879 (rt #1)40.707832, (rt #2)33.754786, (client)0.925879 ===============Final=============== (startup)0.739043, (online)74.462618 = (tcp rtt)40.707832 + (tls rtt)33.754786 Avg. client processing time: 0.925879 0.925879 40.707832 33.754786
9556 www.uic.edu 19.823567 23.789380 1.027454
run_id: 0 #1: 0.246057 Server time: 1614848404 #2: 1.027454 (rt #1)19.823567, (rt #2)23.789380, (client)1.027454 ===============Final=============== (startup)45.488605, (online)43.612947 = (tcp rtt)19.823567 + (tls rtt)23.789380 Avg. client processing time: 1.027454 1.027454 19.823567 23.789380
54970 www.indwes.edu 17.945649 20.489677 0.861437
run_id: 0 #1: 0.228543 Server time: 1614848404 #2: 0.861437 (rt #1)17.945649, (rt #2)20.489677, (client)0.861437 ===============Final=============== (startup)91.365579, (online)38.435326 = (tcp rtt)17.945649 + (tls rtt)20.489677 Avg. client processing time: 0.861437 0.861437 17.945649 20.489677
115892 www.atlm.edu 15.461849 40.192086 0.997904
run_id: 0 #1: 0.298176 #2: 0.309876 #3: 0.310178 Server time: 1614848404 #2: 0.997904 (rt #1)15.461849, (rt #2)40.192086, (client)0.997904 ===============Final=============== (startup)40.474934, (online)55.653935 = (tcp rtt)15.461849 + (tls rtt)40.192086 Avg. client processing time: 0.997904 0.997904 15.461849 40.192086
171352 bju.edu 19.599108 33.418483 0.852564
run_id: 0 #1: 0.227180 Server time: 1614848404 #2: 0.852564 (rt #1)19.599108, (rt #2)33.418483, (client)0.852564 ===============Final=============== (startup)4.268333, (online)53.017591 = (tcp rtt)19.599108 + (tls rtt)33.418483 Avg. client processing time: 0.852564 0.852564 19.599108 33.418483
132200 www.koi.edu.au 22.190860 24.934953 0.889956
run_id: 0 #1: 0.229412 Server time: 1614848404 #2: 0.889956 (rt #1)22.190860, (rt #2)24.934953, (client)0.889956 ===============Final=============== (startup)124.482468, (online)47.125813 = (tcp rtt)22.190860 + (tls rtt)24.934953 Avg. client processing time: 0.889956 0.889956 22.190860 24.934953
180144 www.morton.edu 23.597027 26.755712 0.935297
run_id: 0 #1: 0.231927 #2: 0.236001 #3: 0.236525 Server time: 1614848404 #2: 0.935297 (rt #1)23.597027, (rt #2)26.755712, (client)0.935297 ===============Final=============== (startup)0.663585, (online)50.352739 = (tcp rtt)23.597027 + (tls rtt)26.755712 Avg. client processing time: 0.935297 0.935297 23.597027 26.755712
8579 www.ohio-state.edu 22.656836 27.939961 0.899365
run_id: 0 #1: 0.240477 #2: 0.446577 #3: 0.447014 Server time: 1614848405 #2: 0.899365 (rt #1)22.656836, (rt #2)27.939961, (client)0.899365 ===============Final=============== (startup)0.784561, (online)50.596797 = (tcp rtt)22.656836 + (tls rtt)27.939961 Avg. client processing time: 0.899365 0.899365 22.656836 27.939961
69255 www.etsu.edu 22.100587 37.316907 1.908900
run_id: 0 #1: 0.228786 #2: 0.233707 #3: 0.234188 #2: 0.235019 #3: 0.235081 #2: 0.419840 #3: 0.419939 Server time: 1614848405 #2: 1.908900 (rt #1)22.100587, (rt #2)37.316907, (client)1.908900 ===============Final=============== (startup)0.604638, (online)59.417494 = (tcp rtt)22.100587 + (tls rtt)37.316907 Avg. client processing time: 1.908900 1.908900 22.100587 37.316907
200988 www.depauw.edu 24.244732 27.238720 0.674869
run_id: 0 #1: 0.405156 Server time: 1614848405 #2: 0.674869 (rt #1)24.244732, (rt #2)27.238720, (client)0.674869 ===============Final=============== (startup)62.150123, (online)51.483452 = (tcp rtt)24.244732 + (tls rtt)27.238720 Avg. client processing time: 0.674869 0.674869 24.244732 27.238720
116546 www.sbu.edu 16.781302 23.186620 0.980034
run_id: 0 #1: 0.388409 Server time: 1614848405 #2: 0.980034 (rt #1)16.781302, (rt #2)23.186620, (client)0.980034 ===============Final=============== (startup)0.617842, (online)39.967922 = (tcp rtt)16.781302 + (tls rtt)23.186620 Avg. client processing time: 0.980034 0.980034 16.781302 23.186620
97934 www.collegeforcreativestudies.edu 23.124390 26.373308 0.874035
run_id: 0 #1: 0.259064 Server time: 1614848405 #2: 0.874035 (rt #1)23.124390, (rt #2)26.373308, (client)0.874035 ===============Final=============== (startup)34.550878, (online)49.497698 = (tcp rtt)23.124390 + (tls rtt)26.373308 Avg. client processing time: 0.874035 0.874035 23.124390 26.373308
84614 www.sunysuffolk.edu 14.586798 28.658884 0.844508
run_id: 0 #1: 0.216599 #2: 0.231633 #3: 0.232309 Server time: 1614848404 #2: 0.844508 (rt #1)14.586798, (rt #2)28.658884, (client)0.844508 ===============Final=============== (startup)12.406660, (online)43.245682 = (tcp rtt)14.586798 + (tls rtt)28.658884 Avg. client processing time: 0.844508 0.844508 14.586798 28.658884
2627 www.illinois.edu 22.409327 26.876419 0.901776
run_id: 0 #1: 0.230221 #2: 0.241388 #3: 0.241748 Server time: 1614848405 #2: 0.901776 (rt #1)22.409327, (rt #2)26.876419, (client)0.901776 ===============Final=============== (startup)13.786639, (online)49.285746 = (tcp rtt)22.409327 + (tls rtt)26.876419 Avg. client processing time: 0.901776 0.901776 22.409327 26.876419
184230 www.cetcolsubsidio.edu.co 21.868850 23.735604 0.865599
run_id: 0 #1: 0.260898 #2: 0.446418 #3: 0.446792 Server time: 1614848405 #2: 0.865599 (rt #1)21.868850, (rt #2)23.735604, (client)0.865599 ===============Final=============== (startup)0.630960, (online)45.604454 = (tcp rtt)21.868850 + (tls rtt)23.735604 Avg. client processing time: 0.865599 0.865599 21.868850 23.735604
105615 www.uiuc.edu 22.500323 26.836563 0.926186
run_id: 0 #1: 0.220970 Server time: 1614848405 #2: 0.926186 (rt #1)22.500323, (rt #2)26.836563, (client)0.926186 ===============Final=============== (startup)0.605449, (online)49.336886 = (tcp rtt)22.500323 + (tls rtt)26.836563 Avg. client processing time: 0.926186 0.926186 22.500323 26.836563
61111 www.uis.edu 23.378178 25.281959 0.841271
run_id: 0 #1: 0.231911 #2: 0.236280 #3: 0.236946 #2: 0.420873 #3: 0.420978 Server time: 1614848405 #2: 0.841271 (rt #1)23.378178, (rt #2)25.281959, (client)0.841271 ===============Final=============== (startup)0.600675, (online)48.660137 = (tcp rtt)23.378178 + (tls rtt)25.281959 Avg. client processing time: 0.841271 0.841271 23.378178 25.281959
114733 www.mainemaritime.edu 36.205496 39.604528 0.966080
run_id: 0 #1: 0.274269 Server time: 1614848405 #2: 0.966080 (rt #1)36.205496, (rt #2)39.604528, (client)0.966080 ===============Final=============== (startup)0.583596, (online)75.810024 = (tcp rtt)36.205496 + (tls rtt)39.604528 Avg. client processing time: 0.966080 0.966080 36.205496 39.604528
121074 www.queens.edu 24.377871 29.676402 0.756396
run_id: 0 #1: 0.231689 Server time: 1614848405 #2: 0.756396 (rt #1)24.377871, (rt #2)29.676402, (client)0.756396 ===============Final=============== (startup)0.577840, (online)54.054273 = (tcp rtt)24.377871 + (tls rtt)29.676402 Avg. client processing time: 0.756396 0.756396 24.377871 29.676402
177115 www.clcillinois.edu 24.782236 28.792240 0.871093
run_id: 0 #1: 0.251693 Server time: 1614848405 #2: 0.871093 (rt #1)24.782236, (rt #2)28.792240, (client)0.871093 ===============Final=============== (startup)0.819578, (online)53.574476 = (tcp rtt)24.782236 + (tls rtt)28.792240 Avg. client processing time: 0.871093 0.871093 24.782236 28.792240
157490 www.hgtc.edu 23.745109 33.880036 0.991787
run_id: 0 #1: 0.240612 Server time: 1614848405 #2: 0.991787 (rt #1)23.745109, (rt #2)33.880036, (client)0.991787 ===============Final=============== (startup)0.583866, (online)57.625145 = (tcp rtt)23.745109 + (tls rtt)33.880036 Avg. client processing time: 0.991787 0.991787 23.745109 33.880036
12609 www.uga.edu 24.314982 65.852705 1.004370
run_id: 0 #1: 0.259023 #2: 0.270885 #3: 0.271843 Server time: 1614848406 #2: 1.004370 (rt #1)24.314982, (rt #2)65.852705, (client)1.004370 ===============Final=============== (startup)0.614806, (online)90.167687 = (tcp rtt)24.314982 + (tls rtt)65.852705 Avg. client processing time: 1.004370 1.004370 24.314982 65.852705
33231 www.cod.edu 26.389854 31.612973 0.836424
run_id: 0 #1: 0.234429 #2: 0.238412 #3: 0.239046 Server time: 1614848406 #2: 0.836424 (rt #1)26.389854, (rt #2)31.612973, (client)0.836424 ===============Final=============== (startup)0.666804, (online)58.002827 = (tcp rtt)26.389854 + (tls rtt)31.612973 Avg. client processing time: 0.836424 0.836424 26.389854 31.612973
145662 www.einstein.edu 22.931971 30.973567 1.064576
run_id: 0 #1: 0.228037 #2: 0.231634 #3: 0.232205 #2: 0.233015 #3: 0.233086 #2: 0.234557 #3: 0.234621 #2: 0.573074 #3: 0.573192 Server time: 1614848406 #2: 1.064576 (rt #1)22.931971, (rt #2)30.973567, (client)1.064576 ===============Final=============== (startup)0.621802, (online)53.905538 = (tcp rtt)22.931971 + (tls rtt)30.973567 Avg. client processing time: 1.064576 1.064576 22.931971 30.973567
223997 www.osumc.edu 22.504479 31.647129 0.939159
run_id: 0 #1: 0.215013 #2: 0.461523 #3: 0.461920 Server time: 1614848406 #2: 0.939159 (rt #1)22.504479, (rt #2)31.647129, (client)0.939159 ===============Final=============== (startup)0.688303, (online)54.151608 = (tcp rtt)22.504479 + (tls rtt)31.647129 Avg. client processing time: 0.939159 0.939159 22.504479 31.647129
194102 esu.edu ERROR1 on trying host, skipping
26620 www.niu.edu 27.376440 38.047932 1.908344
run_id: 0 #1: 0.224126 #2: 0.238215 #3: 0.238555 #2: 0.239019 #3: 0.239067 #2: 0.239651 #3: 0.239711 #2: 0.239999 #3: 0.240071 #2: 0.241405 #3: 0.241458 #2: 0.250246 #3: 0.250337 #2: 0.751777 #3: 0.751881 Server time: 1614848431 #2: 1.908344 (rt #1)27.376440, (rt #2)38.047932, (client)1.908344 ===============Final=============== (startup)0.667319, (online)65.424372 = (tcp rtt)27.376440 + (tls rtt)38.047932 Avg. client processing time: 1.908344 1.908344 27.376440 38.047932
85407 www.midwestern.edu 24.831844 31.042762 0.829260
run_id: 0 #1: 0.233221 Server time: 1614848431 #2: 0.829260 (rt #1)24.831844, (rt #2)31.042762, (client)0.829260 ===============Final=============== (startup)12.507927, (online)55.874606 = (tcp rtt)24.831844 + (tls rtt)31.042762 Avg. client processing time: 0.829260 0.829260 24.831844 31.042762
121771 www.pic.edu.pk 20.984370 23.721149 0.949375
run_id: 0 #1: 0.241464 Server time: 1614848431 #2: 0.949375 (rt #1)20.984370, (rt #2)23.721149, (client)0.949375 ===============Final=============== (startup)1.040306, (online)44.705519 = (tcp rtt)20.984370 + (tls rtt)23.721149 Avg. client processing time: 0.949375 0.949375 20.984370 23.721149
115387 www.eksu.edu.ng 20.818278 32.338277 1.545336
run_id: 0 #1: 0.219413 Server time: 1614848431 #2: 1.545336 (rt #1)20.818278, (rt #2)32.338277, (client)1.545336 ===============Final=============== (startup)0.756345, (online)53.156555 = (tcp rtt)20.818278 + (tls rtt)32.338277 Avg. client processing time: 1.545336 1.545336 20.818278 32.338277
186068 www.colegiocreando.edu.do 21.872919 24.352711 0.891783
run_id: 0 #1: 0.201193 Server time: 1614848431 #2: 0.891783 (rt #1)21.872919, (rt #2)24.352711, (client)0.891783 ===============Final=============== (startup)0.698438, (online)46.225630 = (tcp rtt)21.872919 + (tls rtt)24.352711 Avg. client processing time: 0.891783 0.891783 21.872919 24.352711
53917 www.usi.edu 28.597843 31.160342 0.859068
run_id: 0 #1: 0.241381 #2: 0.245412 #3: 0.246141 Server time: 1614848431 #2: 0.859068 (rt #1)28.597843, (rt #2)31.160342, (client)0.859068 ===============Final=============== (startup)0.570558, (online)59.758185 = (tcp rtt)28.597843 + (tls rtt)31.160342 Avg. client processing time: 0.859068 0.859068 28.597843 31.160342
163980 www.southern.edu 21.671718 31.564490 1.797082
run_id: 0 #1: 0.227989 #2: 0.262555 #3: 0.262904 #2: 0.461637 #3: 0.461713 Server time: 1614848431 #2: 1.797082 (rt #1)21.671718, (rt #2)31.564490, (client)1.797082 ===============Final=============== (startup)0.597059, (online)53.236208 = (tcp rtt)21.671718 + (tls rtt)31.564490 Avg. client processing time: 1.797082 1.797082 21.671718 31.564490
179013 www.fvtc.edu 28.859623 58.922282 0.890008
run_id: 0 #1: 0.268129 #2: 0.282328 #3: 0.282953 #2: 0.283743 #3: 0.283804 #2: 0.433545 #3: 0.433624 Server time: 1614848431 #2: 0.890008 (rt #1)28.859623, (rt #2)58.922282, (client)0.890008 ===============Final=============== (startup)65.756071, (online)87.781905 = (tcp rtt)28.859623 + (tls rtt)58.922282 Avg. client processing time: 0.890008 0.890008 28.859623 58.922282
72678 lynn.edu 31.270564 36.328864 0.765199
run_id: 0 #1: 0.256641 Server time: 1614848431 #2: 0.765199 (rt #1)31.270564, (rt #2)36.328864, (client)0.765199 ===============Final=============== (startup)0.881432, (online)67.599428 = (tcp rtt)31.270564 + (tls rtt)36.328864 Avg. client processing time: 0.765199 0.765199 31.270564 36.328864
15451 fordham.edu 8.036877 22.033212 1.092172
run_id: 0 #1: 0.341777 #2: 0.353661 #3: 0.354628 #2: 0.640616 #3: 0.640705 Server time: 1614848431 #2: 1.092172 (rt #1)8.036877, (rt #2)22.033212, (client)1.092172 ===============Final=============== (startup)37.942558, (online)30.070089 = (tcp rtt)8.036877 + (tls rtt)22.033212 Avg. client processing time: 1.092172 1.092172 8.036877 22.033212
104950 www.imsa.edu 27.650368 34.828584 1.004161
run_id: 0 #1: 0.236908 Server time: 1614848432 #2: 1.004161 (rt #1)27.650368, (rt #2)34.828584, (client)1.004161 ===============Final=============== (startup)0.643133, (online)62.478952 = (tcp rtt)27.650368 + (tls rtt)34.828584 Avg. client processing time: 1.004161 1.004161 27.650368 34.828584
104718 www.uwf.edu 25.482873 39.243203 0.967215
run_id: 0 #1: 0.241396 #2: 0.500032 #3: 0.500670 Server time: 1614848432 #2: 0.967215 (rt #1)25.482873, (rt #2)39.243203, (client)0.967215 ===============Final=============== (startup)0.722299, (online)64.726076 = (tcp rtt)25.482873 + (tls rtt)39.243203 Avg. client processing time: 0.967215 0.967215 25.482873 39.243203
10642 www.wayne.edu 31.615058 37.373881 0.846034
run_id: 0 #1: 0.239888 Server time: 1614848432 #2: 0.846034 (rt #1)31.615058, (rt #2)37.373881, (client)0.846034 ===============Final=============== (startup)67.860470, (online)68.988939 = (tcp rtt)31.615058 + (tls rtt)37.373881 Avg. client processing time: 0.846034 0.846034 31.615058 37.373881
36748 www.nova.edu 28.658313 35.335366 1.760269
run_id: 0 #1: 0.364063 #2: 0.371822 #3: 0.372754 #2: 0.566506 #3: 0.566588 Server time: 1614848432 #2: 1.760269 (rt #1)28.658313, (rt #2)35.335366, (client)1.760269 ===============Final=============== (startup)66.591314, (online)63.993679 = (tcp rtt)28.658313 + (tls rtt)35.335366 Avg. client processing time: 1.760269 1.760269 28.658313 35.335366
133667 www.naropa.edu 33.029344 35.169378 0.851083
run_id: 0 #1: 0.231168 Server time: 1614848432 #2: 0.851083 (rt #1)33.029344, (rt #2)35.169378, (client)0.851083 ===============Final=============== (startup)0.602207, (online)68.198722 = (tcp rtt)33.029344 + (tls rtt)35.169378 Avg. client processing time: 0.851083 0.851083 33.029344 35.169378
232412 www.siumed.edu 28.538894 37.093088 0.882403
run_id: 0 #1: 0.243989 #2: 0.414035 #3: 0.414612 Server time: 1614848432 #2: 0.882403 (rt #1)28.538894, (rt #2)37.093088, (client)0.882403 ===============Final=============== (startup)55.716877, (online)65.631982 = (tcp rtt)28.538894 + (tls rtt)37.093088 Avg. client processing time: 0.882403 0.882403 28.538894 37.093088
143903 umflint.edu 32.147957 37.907252 1.064407
run_id: 0 #1: 0.257347 Server time: 1614848432 #2: 1.064407 (rt #1)32.147957, (rt #2)37.907252, (client)1.064407 ===============Final=============== (startup)35.944219, (online)70.055209 = (tcp rtt)32.147957 + (tls rtt)37.907252 Avg. client processing time: 1.064407 1.064407 32.147957 37.907252
79742 www.daytonastate.edu 30.896208 35.236412 0.809632
run_id: 0 #1: 0.232097 Server time: 1614848432 #2: 0.809632 (rt #1)30.896208, (rt #2)35.236412, (client)0.809632 ===============Final=============== (startup)19.171982, (online)66.132620 = (tcp rtt)30.896208 + (tls rtt)35.236412 Avg. client processing time: 0.809632 0.809632 30.896208 35.236412
120784 www.tjc.edu 34.056231 39.902105 0.874070
run_id: 0 #1: 0.240257 #2: 0.256163 #3: 0.256608 #2: 0.257508 #3: 0.257572 Server time: 1614848432 #2: 0.874070 (rt #1)34.056231, (rt #2)39.902105, (client)0.874070 ===============Final=============== (startup)0.627078, (online)73.958336 = (tcp rtt)34.056231 + (tls rtt)39.902105 Avg. client processing time: 0.874070 0.874070 34.056231 39.902105
13638 rice.edu 31.854278 40.177538 0.906276
run_id: 0 #1: 0.227658 #2: 0.408342 #3: 0.409124 Server time: 1614848432 #2: 0.906276 (rt #1)31.854278, (rt #2)40.177538, (client)0.906276 ===============Final=============== (startup)0.610374, (online)72.031816 = (tcp rtt)31.854278 + (tls rtt)40.177538 Avg. client processing time: 0.906276 0.906276 31.854278 40.177538
60530 www.augusta.edu 33.541924 37.540311 0.830063
run_id: 0 #1: 0.245114 #2: 0.260438 #3: 0.261356 Server time: 1614848433 #2: 0.830063 (rt #1)33.541924, (rt #2)37.540311, (client)0.830063 ===============Final=============== (startup)57.561762, (online)71.082235 = (tcp rtt)33.541924 + (tls rtt)37.540311 Avg. client processing time: 0.830063 0.830063 33.541924 37.540311
202345 www.asds.edu.co 35.251021 39.005334 0.750961
run_id: 0 #1: 0.243096 Server time: 4102475611 #2: 0.750961 (rt #1)35.251021, (rt #2)39.005334, (client)0.750961 ===============Final=============== (startup)77.161446, (online)74.256355 = (tcp rtt)35.251021 + (tls rtt)39.005334 Avg. client processing time: 0.750961 0.750961 35.251021 39.005334
85700 www.iris.edu 33.689552 38.389690 0.971728
run_id: 0 #1: 0.235674 Server time: 1614848433 #2: 0.971728 (rt #1)33.689552, (rt #2)38.389690, (client)0.971728 ===============Final=============== (startup)48.545587, (online)72.079242 = (tcp rtt)33.689552 + (tls rtt)38.389690 Avg. client processing time: 0.971728 0.971728 33.689552 38.389690
200593 www.istpargentina.edu.pe 32.476814 36.051208 0.860620
run_id: 0 #1: 0.231484 Server time: 1614848433 #2: 0.860620 (rt #1)32.476814, (rt #2)36.051208, (client)0.860620 ===============Final=============== (startup)2.575350, (online)68.528022 = (tcp rtt)32.476814 + (tls rtt)36.051208 Avg. client processing time: 0.860620 0.860620 32.476814 36.051208
203489 www.ws.edu 37.085031 40.295785 0.857080
run_id: 0 #1: 0.239206 #2: 0.244414 #3: 0.245156 #2: 0.246677 #3: 0.246790 Server time: 1614848433 #2: 0.857080 (rt #1)37.085031, (rt #2)40.295785, (client)0.857080 ===============Final=============== (startup)0.635052, (online)77.380816 = (tcp rtt)37.085031 + (tls rtt)40.295785 Avg. client processing time: 0.857080 0.857080 37.085031 40.295785
29620 www.macomb.edu 17.887924 21.940844 1.147418
run_id: 0 #1: 0.232887 #2: 0.245560 #3: 0.245930 #2: 0.252227 #3: 0.252275 Server time: 1614848430 #2: 1.147418 (rt #1)17.887924, (rt #2)21.940844, (client)1.147418 ===============Final=============== (startup)65.732600, (online)39.828768 = (tcp rtt)17.887924 + (tls rtt)21.940844 Avg. client processing time: 1.147418 1.147418 17.887924 21.940844
49453 www.uthsc.edu 38.821945 41.368222 0.847379
run_id: 0 #1: 0.244764 Server time: 1614848433 #2: 0.847379 (rt #1)38.821945, (rt #2)41.368222, (client)0.847379 ===============Final=============== (startup)0.648542, (online)80.190167 = (tcp rtt)38.821945 + (tls rtt)41.368222 Avg. client processing time: 0.847379 0.847379 38.821945 41.368222
9808 elearning.edu.sa 32.707618 39.278500 0.852111
run_id: 0 #1: 0.232003 Server time: 1614848433 #2: 0.852111 (rt #1)32.707618, (rt #2)39.278500, (client)0.852111 ===============Final=============== (startup)37.169175, (online)71.986118 = (tcp rtt)32.707618 + (tls rtt)39.278500 Avg. client processing time: 0.852111 0.852111 32.707618 39.278500
33066 www.umsl.edu 38.558119 48.252072 1.087517
run_id: 0 #1: 0.236312 Server time: 1614848434 #2: 1.087517 (rt #1)38.558119, (rt #2)48.252072, (client)1.087517 ===============Final=============== (startup)65.675557, (online)86.810191 = (tcp rtt)38.558119 + (tls rtt)48.252072 Avg. client processing time: 1.087517 1.087517 38.558119 48.252072
20503 www.smu.edu 38.863418 43.233144 0.986825
run_id: 0 #1: 0.230617 Server time: 1614848434 #2: 0.986825 (rt #1)38.863418, (rt #2)43.233144, (client)0.986825 ===============Final=============== (startup)0.729786, (online)82.096562 = (tcp rtt)38.863418 + (tls rtt)43.233144 Avg. client processing time: 0.986825 0.986825 38.863418 43.233144
54165 centralmethodist.edu 38.672008 43.295917 1.096389
run_id: 0 #1: 0.435458 Server time: 1614848434 #2: 1.096389 (rt #1)38.672008, (rt #2)43.295917, (client)1.096389 ===============Final=============== (startup)0.620019, (online)81.967925 = (tcp rtt)38.672008 + (tls rtt)43.295917 Avg. client processing time: 1.096389 1.096389 38.672008 43.295917
153834 www.iccms.edu 46.675634 49.771448 0.938134
run_id: 0 #1: 0.230339 Server time: 1614848434 #2: 0.938134 (rt #1)46.675634, (rt #2)49.771448, (client)0.938134 ===============Final=============== (startup)0.704685, (online)96.447082 = (tcp rtt)46.675634 + (tls rtt)49.771448 Avg. client processing time: 0.938134 0.938134 46.675634 49.771448
94909 www.fsw.edu 33.335580 39.440280 0.902518
run_id: 0 #1: 0.251918 Server time: 1614848434 #2: 0.902518 (rt #1)33.335580, (rt #2)39.440280, (client)0.902518 ===============Final=============== (startup)0.685400, (online)72.775860 = (tcp rtt)33.335580 + (tls rtt)39.440280 Avg. client processing time: 0.902518 0.902518 33.335580 39.440280
170326 www.roanestate.edu 40.320218 44.042658 0.951624
run_id: 0 #1: 0.234318 #2: 0.240261 #3: 0.241109 #2: 0.242508 #3: 0.242633 #2: 0.243842 #3: 0.243933 Server time: 1614848434 #2: 0.951624 (rt #1)40.320218, (rt #2)44.042658, (client)0.951624 ===============Final=============== (startup)0.598479, (online)84.362876 = (tcp rtt)40.320218 + (tls rtt)44.042658 Avg. client processing time: 0.951624 0.951624 40.320218 44.042658
219939 www.grayson.edu 39.723423 43.987383 0.832482
run_id: 0 #1: 0.229881 Server time: 1614848434 #2: 0.832482 (rt #1)39.723423, (rt #2)43.987383, (client)0.832482 ===============Final=============== (startup)0.795043, (online)83.710806 = (tcp rtt)39.723423 + (tls rtt)43.987383 Avg. client processing time: 0.832482 0.832482 39.723423 43.987383
101973 www.truman.edu 39.576596 44.189136 1.242729
run_id: 0 #1: 0.577379 Server time: 1614848434 #2: 1.242729 (rt #1)39.576596, (rt #2)44.189136, (client)1.242729 ===============Final=============== (startup)0.575841, (online)83.765732 = (tcp rtt)39.576596 + (tls rtt)44.189136 Avg. client processing time: 1.242729 1.242729 39.576596 44.189136
17709 www.stcloudstate.edu 39.437310 43.102327 0.898936
run_id: 0 #1: 0.228676 #2: 0.246681 #3: 0.247387 #2: 0.248015 #3: 0.248077 #2: 0.442613 #3: 0.442724 Server time: 1614848434 #2: 0.898936 (rt #1)39.437310, (rt #2)43.102327, (client)0.898936 ===============Final=============== (startup)0.629315, (online)82.539637 = (tcp rtt)39.437310 + (tls rtt)43.102327 Avg. client processing time: 0.898936 0.898936 39.437310 43.102327
36940 trustees.ufl.edu 28.259644 31.778902 0.940518
run_id: 0 #1: 0.244915 Server time: 1614848434 #2: 0.940518 (rt #1)28.259644, (rt #2)31.778902, (client)0.940518 ===============Final=============== (startup)83.280476, (online)60.038546 = (tcp rtt)28.259644 + (tls rtt)31.778902 Avg. client processing time: 0.940518 0.940518 28.259644 31.778902
100285 www.uaex.edu 41.829910 44.043632 0.926011
run_id: 0 #1: 0.222731 Server time: 1614848435 #2: 0.926011 (rt #1)41.829910, (rt #2)44.043632, (client)0.926011 ===============Final=============== (startup)0.683550, (online)85.873542 = (tcp rtt)41.829910 + (tls rtt)44.043632 Avg. client processing time: 0.926011 0.926011 41.829910 44.043632
94066 www.georgiasouthern.edu 33.837330 37.323542 0.867127
run_id: 0 #1: 0.232439 Server time: 1614848435 #2: 0.867127 (rt #1)33.837330, (rt #2)37.323542, (client)0.867127 ===============Final=============== (startup)27.394031, (online)71.160872 = (tcp rtt)33.837330 + (tls rtt)37.323542 Avg. client processing time: 0.867127 0.867127 33.837330 37.323542
40013 www.uark.edu 42.437494 47.077789 0.915550
run_id: 0 #1: 0.234254 Server time: 1614848435 #2: 0.915550 (rt #1)42.437494, (rt #2)47.077789, (client)0.915550 ===============Final=============== (startup)0.682208, (online)89.515283 = (tcp rtt)42.437494 + (tls rtt)47.077789 Avg. client processing time: 0.915550 0.915550 42.437494 47.077789
86106 www.actx.edu 41.470502 45.800159 0.905163
run_id: 0 #1: 0.259413 Server time: 1614848435 #2: 0.905163 (rt #1)41.470502, (rt #2)45.800159, (client)0.905163 ===============Final=============== (startup)0.618768, (online)87.270661 = (tcp rtt)41.470502 + (tls rtt)45.800159 Avg. client processing time: 0.905163 0.905163 41.470502 45.800159
151199 www.landivarinspira.edu.gt 37.490409 40.409532 1.001854
run_id: 0 #1: 0.233369 Server time: 1614848435 #2: 1.001854 (rt #1)37.490409, (rt #2)40.409532, (client)1.001854 ===============Final=============== (startup)0.865761, (online)77.899941 = (tcp rtt)37.490409 + (tls rtt)40.409532 Avg. client processing time: 1.001854 1.001854 37.490409 40.409532
168463 www.briarcliff.edu 44.524619 49.186983 0.820132
run_id: 0 #1: 0.234967 Server time: 1614848435 #2: 0.820132 (rt #1)44.524619, (rt #2)49.186983, (client)0.820132 ===============Final=============== (startup)0.874810, (online)93.711602 = (tcp rtt)44.524619 + (tls rtt)49.186983 Avg. client processing time: 0.820132 0.820132 44.524619 49.186983
8840 usf.edu 28.597586 37.512810 0.940537
run_id: 0 #1: 0.229847 Server time: 1614848435 #2: 0.940537 (rt #1)28.597586, (rt #2)37.512810, (client)0.940537 ===============Final=============== (startup)0.669426, (online)66.110396 = (tcp rtt)28.597586 + (tls rtt)37.512810 Avg. client processing time: 0.940537 0.940537 28.597586 37.512810
152777 www.itep.edu.pe 37.436876 39.755937 0.940496
run_id: 0 #1: 0.232699 Server time: 1614848435 #2: 0.940496 (rt #1)37.436876, (rt #2)39.755937, (client)0.940496 ===============Final=============== (startup)0.679045, (online)77.192813 = (tcp rtt)37.436876 + (tls rtt)39.755937 Avg. client processing time: 0.940496 0.940496 37.436876 39.755937
30554 www.uwi.edu 47.313785 50.014591 0.837441
run_id: 0 #1: 0.231432 Server time: 1614848435 #2: 0.837441 (rt #1)47.313785, (rt #2)50.014591, (client)0.837441 ===============Final=============== (startup)0.650720, (online)97.328376 = (tcp rtt)47.313785 + (tls rtt)50.014591 Avg. client processing time: 0.837441 0.837441 47.313785 50.014591
2404 wisc.edu 24.275954 33.318746 0.955706
run_id: 0 #1: 0.237862 #2: 0.504214 #3: 0.504629 Server time: 1614848435 #2: 0.955706 (rt #1)24.275954, (rt #2)33.318746, (client)0.955706 ===============Final=============== (startup)0.626752, (online)57.594700 = (tcp rtt)24.275954 + (tls rtt)33.318746 Avg. client processing time: 0.955706 0.955706 24.275954 33.318746
202623 www.usergioarboleda.edu.co 1.958721 16.227972 1.546076
run_id: 0 #1: 0.198830 Server time: 1614848423 #2: 1.546076 (rt #1)1.958721, (rt #2)16.227972, (client)1.546076 ===============Final=============== (startup)0.901441, (online)18.186693 = (tcp rtt)1.958721 + (tls rtt)16.227972 Avg. client processing time: 1.546076 1.546076 1.958721 16.227972
173126 www.wiregrass.edu 25.795076 30.362194 0.844790
run_id: 0 #1: 0.254800 Server time: 1614848435 #2: 0.844790 (rt #1)25.795076, (rt #2)30.362194, (client)0.844790 ===============Final=============== (startup)1.202024, (online)56.157270 = (tcp rtt)25.795076 + (tls rtt)30.362194 Avg. client processing time: 0.844790 0.844790 25.795076 30.362194
76645 www.washburn.edu 45.072341 67.316267 1.676095
run_id: 0 #1: 0.242550 Server time: 1614848436 #2: 1.676095 (rt #1)45.072341, (rt #2)67.316267, (client)1.676095 ===============Final=============== (startup)33.541741, (online)112.388608 = (tcp rtt)45.072341 + (tls rtt)67.316267 Avg. client processing time: 1.676095 1.676095 45.072341 67.316267
