id domain
106206 www.westminster.edu 6.434088 9.335984 1.095843
run_id: 0 #1: 0.225704 Server time: 1615280402 #2: 1.095843 (rt #1)6.434088, (rt #2)9.335984, (client)1.095843 ===============Final=============== (startup)87.311596, (online)15.770072 = (tcp rtt)6.434088 + (tls rtt)9.335984 Avg. client processing time: 1.095843 1.095843 6.434088 9.335984
155445 www.lincoln.edu 1.701138 6.247641 0.721609
run_id: 0 #1: 0.192577 Server time: 1615280402 #2: 0.721609 (rt #1)1.701138, (rt #2)6.247641, (client)0.721609 ===============Final=============== (startup)1.021274, (online)7.948779 = (tcp rtt)1.701138 + (tls rtt)6.247641 Avg. client processing time: 0.721609 0.721609 1.701138 6.247641
14394 www.american.edu 3.027096 7.593755 0.822199
run_id: 0 #1: 0.228583 Server time: 1615280402 #2: 0.822199 (rt #1)3.027096, (rt #2)7.593755, (client)0.822199 ===============Final=============== (startup)14.503530, (online)10.620851 = (tcp rtt)3.027096 + (tls rtt)7.593755 Avg. client processing time: 0.822199 0.822199 3.027096 7.593755
217283 www.com.edu 1.666764 8.248601 0.691147
run_id: 0 #1: 0.231516 Server time: 1615280402 #2: 0.691147 (rt #1)1.666764, (rt #2)8.248601, (client)0.691147 ===============Final=============== (startup)63.476861, (online)9.915365 = (tcp rtt)1.666764 + (tls rtt)8.248601 Avg. client processing time: 0.691147 0.691147 1.666764 8.248601
93736 gallaudet.edu 3.375646 8.702416 0.868022
run_id: 0 #1: 0.203840 Server time: 1615280402 #2: 0.868022 (rt #1)3.375646, (rt #2)8.702416, (client)0.868022 ===============Final=============== (startup)0.662524, (online)12.078062 = (tcp rtt)3.375646 + (tls rtt)8.702416 Avg. client processing time: 0.868022 0.868022 3.375646 8.702416
228226 www.usuhs.edu 4.270066 10.375584 0.980422
run_id: 0 #1: 0.220031 Server time: 3952199168 #2: 0.980422 (rt #1)4.270066, (rt #2)10.375584, (client)0.980422 ===============Final=============== (startup)0.856875, (online)14.645650 = (tcp rtt)4.270066 + (tls rtt)10.375584 Avg. client processing time: 0.980422 0.980422 4.270066 10.375584
35175 www.ucmerced.edu 1.480663 6.299170 0.880226
run_id: 0 #1: 0.206375 Server time: 1615280402 #2: 0.880226 (rt #1)1.480663, (rt #2)6.299170, (client)0.880226 ===============Final=============== (startup)59.875450, (online)7.779833 = (tcp rtt)1.480663 + (tls rtt)6.299170 Avg. client processing time: 0.880226 0.880226 1.480663 6.299170
113936 www.pointpark.edu 7.504002 10.163431 0.906008
run_id: 0 #1: 0.226644 #2: 0.229585 #3: 0.230268 #2: 0.231321 #3: 0.231403 #2: 0.232489 #3: 0.232612 Server time: 1615280402 #2: 0.906008 (rt #1)7.504002, (rt #2)10.163431, (client)0.906008 ===============Final=============== (startup)42.882563, (online)17.667433 = (tcp rtt)7.504002 + (tls rtt)10.163431 Avg. client processing time: 0.906008 0.906008 7.504002 10.163431
83893 www.kutztown.edu 8.844385 10.714851 1.059140
run_id: 0 #1: 0.380184 #2: 0.613468 #3: 0.613880 Server time: 1615280402 #2: 1.059140 (rt #1)8.844385, (rt #2)10.714851, (client)1.059140 ===============Final=============== (startup)11.045644, (online)19.559236 = (tcp rtt)8.844385 + (tls rtt)10.714851 Avg. client processing time: 1.059140 1.059140 8.844385 10.714851
62242 www.mc3.edu 8.346570 11.222554 0.994000
run_id: 0 #1: 0.223812 Server time: 1615280402 #2: 0.994000 (rt #1)8.346570, (rt #2)11.222554, (client)0.994000 ===============Final=============== (startup)0.692941, (online)19.569124 = (tcp rtt)8.346570 + (tls rtt)11.222554 Avg. client processing time: 0.994000 0.994000 8.346570 11.222554
170060 www.passhe.edu 30.027325 38.237102 1.045644
run_id: 0 #1: 0.235446 #2: 0.513346 #3: 0.513759 Server time: 1615280402 #2: 1.045644 (rt #1)30.027325, (rt #2)38.237102, (client)1.045644 ===============Final=============== (startup)17.817088, (online)68.264427 = (tcp rtt)30.027325 + (tls rtt)38.237102 Avg. client processing time: 1.045644 1.045644 30.027325 38.237102
207595 www.lasu.edu.ng 8.215837 11.266353 0.915858
run_id: 0 #1: 0.222957 Server time: 1615280402 #2: 0.915858 (rt #1)8.215837, (rt #2)11.266353, (client)0.915858 ===============Final=============== (startup)0.687871, (online)19.482190 = (tcp rtt)8.215837 + (tls rtt)11.266353 Avg. client processing time: 0.915858 0.915858 8.215837 11.266353
125492 www.skidmore.edu 10.887897 15.703664 1.160082
run_id: 0 #1: 0.400682 Server time: 1615280402 #2: 1.160082 (rt #1)10.887897, (rt #2)15.703664, (client)1.160082 ===============Final=============== (startup)28.284975, (online)26.591561 = (tcp rtt)10.887897 + (tls rtt)15.703664 Avg. client processing time: 1.160082 1.160082 10.887897 15.703664
157787 www.nichols.edu 13.064770 16.694565 0.837202
run_id: 0 #1: 0.232914 Server time: 1615280402 #2: 0.837202 (rt #1)13.064770, (rt #2)16.694565, (client)0.837202 ===============Final=============== (startup)0.712503, (online)29.759335 = (tcp rtt)13.064770 + (tls rtt)16.694565 Avg. client processing time: 0.837202 0.837202 13.064770 16.694565
16065 www.uvm.edu 13.830497 16.713205 0.884549
run_id: 0 #1: 0.239478 Server time: 1615280402 #2: 0.884549 (rt #1)13.830497, (rt #2)16.713205, (client)0.884549 ===============Final=============== (startup)39.378636, (online)30.543702 = (tcp rtt)13.830497 + (tls rtt)16.713205 Avg. client processing time: 0.884549 0.884549 13.830497 16.713205
68825 uncg.edu 11.377024 20.251316 0.902524
run_id: 0 #1: 0.221970 #2: 0.477364 #3: 0.477796 Server time: 1615280402 #2: 0.902524 (rt #1)11.377024, (rt #2)20.251316, (client)0.902524 ===============Final=============== (startup)33.636784, (online)31.628340 = (tcp rtt)11.377024 + (tls rtt)20.251316 Avg. client processing time: 0.902524 0.902524 11.377024 20.251316
120558 simmons.edu 12.328112 15.901370 0.812024
run_id: 0 #1: 0.233717 #2: 0.245728 #3: 0.246100 #2: 0.404691 #3: 0.404848 Server time: 1615280402 #2: 0.812024 (rt #1)12.328112, (rt #2)15.901370, (client)0.812024 ===============Final=============== (startup)49.152777, (online)28.229482 = (tcp rtt)12.328112 + (tls rtt)15.901370 Avg. client processing time: 0.812024 0.812024 12.328112 15.901370
116499 qu.edu 13.353520 21.098055 1.501455
run_id: 0 #1: 0.790408 Server time: 1615280402 #2: 1.501455 (rt #1)13.353520, (rt #2)21.098055, (client)1.501455 ===============Final=============== (startup)10.137313, (online)34.451575 = (tcp rtt)13.353520 + (tls rtt)21.098055 Avg. client processing time: 1.501455 1.501455 13.353520 21.098055
156616 www.iup.edu 13.779336 17.381762 1.002839
run_id: 0 #1: 0.232941 Server time: 1615280403 #2: 1.002839 (rt #1)13.779336, (rt #2)17.381762, (client)1.002839 ===============Final=============== (startup)55.776943, (online)31.161098 = (tcp rtt)13.779336 + (tls rtt)17.381762 Avg. client processing time: 1.002839 1.002839 13.779336 17.381762
222063 lmunet.edu 14.978511 21.340705 0.902309
run_id: 0 #1: 0.265862 #2: 0.270435 #3: 0.271103 #2: 0.272302 #3: 0.272443 Server time: 1615280403 #2: 0.902309 (rt #1)14.978511, (rt #2)21.340705, (client)0.902309 ===============Final=============== (startup)38.049923, (online)36.319216 = (tcp rtt)14.978511 + (tls rtt)21.340705 Avg. client processing time: 0.902309 0.902309 14.978511 21.340705
65601 www.quinnipiac.edu 13.539906 19.110275 0.852373
run_id: 0 #1: 0.255417 Server time: 1615280403 #2: 0.852373 (rt #1)13.539906, (rt #2)19.110275, (client)0.852373 ===============Final=============== (startup)68.999195, (online)32.650181 = (tcp rtt)13.539906 + (tls rtt)19.110275 Avg. client processing time: 0.852373 0.852373 13.539906 19.110275
144548 www.gordon.edu 14.599133 20.124087 0.866674
run_id: 0 #1: 0.265434 #2: 0.269464 #3: 0.270046 Server time: 1615280403 #2: 0.866674 (rt #1)14.599133, (rt #2)20.124087, (client)0.866674 ===============Final=============== (startup)7.123542, (online)34.723220 = (tcp rtt)14.599133 + (tls rtt)20.124087 Avg. client processing time: 0.866674 0.866674 14.599133 20.124087
9505 www.uconn.edu 14.380112 19.726777 0.965654
run_id: 0 #1: 0.230050 Server time: 1615280403 #2: 0.965654 (rt #1)14.380112, (rt #2)19.726777, (client)0.965654 ===============Final=============== (startup)82.305717, (online)34.106889 = (tcp rtt)14.380112 + (tls rtt)19.726777 Avg. client processing time: 0.965654 0.965654 14.380112 19.726777
29540 www.mass.edu 14.222191 21.973074 0.853774
run_id: 0 #1: 0.234055 #2: 0.237512 #3: 0.238188 #2: 0.426656 #3: 0.426830 Server time: 1615280403 #2: 0.853774 (rt #1)14.222191, (rt #2)21.973074, (client)0.853774 ===============Final=============== (startup)60.142358, (online)36.195265 = (tcp rtt)14.222191 + (tls rtt)21.973074 Avg. client processing time: 0.853774 0.853774 14.222191 21.973074
152353 www.camdencc.edu 15.265957 24.132935 2.353263
run_id: 0 #1: 0.987235 Server time: 1615280403 #2: 2.353263 (rt #1)15.265957, (rt #2)24.132935, (client)2.353263 ===============Final=============== (startup)16.519943, (online)39.398892 = (tcp rtt)15.265957 + (tls rtt)24.132935 Avg. client processing time: 2.353263 2.353263 15.265957 24.132935
78170 www.fairfield.edu 14.740103 18.599594 1.023159
run_id: 0 #1: 0.223964 #2: 0.243319 #3: 0.243907 #2: 0.249018 #3: 0.249285 Server time: 1615280403 #2: 1.023159 (rt #1)14.740103, (rt #2)18.599594, (client)1.023159 ===============Final=============== (startup)0.698658, (online)33.339697 = (tcp rtt)14.740103 + (tls rtt)18.599594 Avg. client processing time: 1.023159 1.023159 14.740103 18.599594
94097 www.lemoyne.edu 38.949125 41.231523 0.819096
run_id: 0 #1: 0.225157 #2: 0.229319 #3: 0.229820 Server time: 1615280401 #2: 0.819096 (rt #1)38.949125, (rt #2)41.231523, (client)0.819096 ===============Final=============== (startup)5.558822, (online)80.180648 = (tcp rtt)38.949125 + (tls rtt)41.231523 Avg. client processing time: 0.819096 0.819096 38.949125 41.231523
103521 www.ulvr.edu.ec 14.081039 16.661941 0.737316
run_id: 0 #1: 0.240191 Server time: 1615280403 #2: 0.737316 (rt #1)14.081039, (rt #2)16.661941, (client)0.737316 ===============Final=============== (startup)169.047630, (online)30.742980 = (tcp rtt)14.081039 + (tls rtt)16.661941 Avg. client processing time: 0.737316 0.737316 14.081039 16.661941
148652 www.berry.edu 18.391821 23.654219 0.831214
run_id: 0 #1: 0.236394 #2: 0.240103 #3: 0.240582 #2: 0.241720 #3: 0.241821 Server time: 1615280404 #2: 0.831214 (rt #1)18.391821, (rt #2)23.654219, (client)0.831214 ===============Final=============== (startup)35.416430, (online)42.046040 = (tcp rtt)18.391821 + (tls rtt)23.654219 Avg. client processing time: 0.831214 0.831214 18.391821 23.654219
49734 www.chaffey.edu 18.158431 21.864625 0.841874
run_id: 0 #1: 0.242999 #2: 0.257189 #3: 0.257559 Server time: 1615280404 #2: 0.841874 (rt #1)18.158431, (rt #2)21.864625, (client)0.841874 ===============Final=============== (startup)13.691949, (online)40.023056 = (tcp rtt)18.158431 + (tls rtt)21.864625 Avg. client processing time: 0.841874 0.841874 18.158431 21.864625
105213 www.ung.edu 20.087132 22.657651 0.847138
run_id: 0 #1: 0.240974 Server time: 1615280398 #2: 0.847138 (rt #1)20.087132, (rt #2)22.657651, (client)0.847138 ===============Final=============== (startup)52.290073, (online)42.744783 = (tcp rtt)20.087132 + (tls rtt)22.657651 Avg. client processing time: 0.847138 0.847138 20.087132 22.657651
135730 www.delmar.edu 18.381433 21.648710 0.869462
run_id: 0 #1: 0.227364 Server time: 1615280404 #2: 0.869462 (rt #1)18.381433, (rt #2)21.648710, (client)0.869462 ===============Final=============== (startup)50.288279, (online)40.030143 = (tcp rtt)18.381433 + (tls rtt)21.648710 Avg. client processing time: 0.869462 0.869462 18.381433 21.648710
161165 www.academiaexitus.edu.pe 15.756369 35.878391 1.078655
run_id: 0 #1: 0.212642 Server time: 1615280404 #2: 1.078655 (rt #1)15.756369, (rt #2)35.878391, (client)1.078655 ===============Final=============== (startup)1.748653, (online)51.634760 = (tcp rtt)15.756369 + (tls rtt)35.878391 Avg. client processing time: 1.078655 1.078655 15.756369 35.878391
9305 www.sc.edu 18.890548 23.485286 0.891138
run_id: 0 #1: 0.230897 Server time: 1615280404 #2: 0.891138 (rt #1)18.890548, (rt #2)23.485286, (client)0.891138 ===============Final=============== (startup)36.206175, (online)42.375834 = (tcp rtt)18.890548 + (tls rtt)23.485286 Avg. client processing time: 0.891138 0.891138 18.890548 23.485286
125406 www.reynolds.edu 21.165059 27.195942 0.878589
run_id: 0 #1: 0.254291 Server time: 1615280400 #2: 0.878589 (rt #1)21.165059, (rt #2)27.195942, (client)0.878589 ===============Final=============== (startup)38.383297, (online)48.361001 = (tcp rtt)21.165059 + (tls rtt)27.195942 Avg. client processing time: 0.878589 0.878589 21.165059 27.195942
195903 www.lycoming.edu 18.687102 23.070426 1.166497
run_id: 0 #1: 0.226567 Server time: 1615280404 #2: 1.166497 (rt #1)18.687102, (rt #2)23.070426, (client)1.166497 ===============Final=============== (startup)61.690064, (online)41.757528 = (tcp rtt)18.687102 + (tls rtt)23.070426 Avg. client processing time: 1.166497 1.166497 18.687102 23.070426
109947 www.plymouth.edu 18.921092 23.451091 0.914883
run_id: 0 #1: 0.225972 Server time: 1615280404 #2: 0.914883 (rt #1)18.921092, (rt #2)23.451091, (client)0.914883 ===============Final=============== (startup)24.742319, (online)42.372183 = (tcp rtt)18.921092 + (tls rtt)23.451091 Avg. client processing time: 0.914883 0.914883 18.921092 23.451091
20396 artic.edu 19.274499 23.635724 0.832988
run_id: 0 #1: 0.237376 #2: 0.253792 #3: 0.254189 Server time: 1615280404 #2: 0.832988 (rt #1)19.274499, (rt #2)23.635724, (client)0.832988 ===============Final=============== (startup)24.352720, (online)42.910223 = (tcp rtt)19.274499 + (tls rtt)23.635724 Avg. client processing time: 0.832988 0.832988 19.274499 23.635724
69123 www.musc.edu 19.569984 27.727089 1.010058
run_id: 0 #1: 0.244528 Server time: 1615280404 #2: 1.010058 (rt #1)19.569984, (rt #2)27.727089, (client)1.010058 ===============Final=============== (startup)58.195940, (online)47.297073 = (tcp rtt)19.569984 + (tls rtt)27.727089 Avg. client processing time: 1.010058 1.010058 19.569984 27.727089
173618 www.colegioebenezer.edu.co 21.574391 24.362996 0.921995
run_id: 0 #1: 0.245984 Server time: 1615280405 #2: 0.921995 (rt #1)21.574391, (rt #2)24.362996, (client)0.921995 ===============Final=============== (startup)20.666067, (online)45.937387 = (tcp rtt)21.574391 + (tls rtt)24.362996 Avg. client processing time: 0.921995 0.921995 21.574391 24.362996
9556 www.uic.edu 19.803837 24.477101 0.971099
run_id: 0 #1: 0.233889 Server time: 1615280405 #2: 0.971099 (rt #1)19.803837, (rt #2)24.477101, (client)0.971099 ===============Final=============== (startup)77.150115, (online)44.280938 = (tcp rtt)19.803837 + (tls rtt)24.477101 Avg. client processing time: 0.971099 0.971099 19.803837 24.477101
54970 www.indwes.edu 18.022816 22.457376 0.858874
run_id: 0 #1: 0.241642 Server time: 1615280405 #2: 0.858874 (rt #1)18.022816, (rt #2)22.457376, (client)0.858874 ===============Final=============== (startup)92.082372, (online)40.480192 = (tcp rtt)18.022816 + (tls rtt)22.457376 Avg. client processing time: 0.858874 0.858874 18.022816 22.457376
115892 www.atlm.edu 16.074618 42.662704 0.889429
run_id: 0 #1: 0.235127 #2: 0.250250 #3: 0.250728 Server time: 1615280405 #2: 0.889429 (rt #1)16.074618, (rt #2)42.662704, (client)0.889429 ===============Final=============== (startup)42.809682, (online)58.737322 = (tcp rtt)16.074618 + (tls rtt)42.662704 Avg. client processing time: 0.889429 0.889429 16.074618 42.662704
171352 bju.edu 18.793347 35.279847 0.933341
run_id: 0 #1: 0.248997 Server time: 1615280405 #2: 0.933341 (rt #1)18.793347, (rt #2)35.279847, (client)0.933341 ===============Final=============== (startup)39.364207, (online)54.073194 = (tcp rtt)18.793347 + (tls rtt)35.279847 Avg. client processing time: 0.933341 0.933341 18.793347 35.279847
132200 www.koi.edu.au 21.837120 25.097828 0.890820
run_id: 0 #1: 0.231660 Server time: 1615280405 #2: 0.890820 (rt #1)21.837120, (rt #2)25.097828, (client)0.890820 ===============Final=============== (startup)118.518717, (online)46.934948 = (tcp rtt)21.837120 + (tls rtt)25.097828 Avg. client processing time: 0.890820 0.890820 21.837120 25.097828
180144 www.morton.edu 23.432062 27.183152 0.840887
run_id: 0 #1: 0.236122 Server time: 1615280405 #2: 0.840887 (rt #1)23.432062, (rt #2)27.183152, (client)0.840887 ===============Final=============== (startup)5.033714, (online)50.615214 = (tcp rtt)23.432062 + (tls rtt)27.183152 Avg. client processing time: 0.840887 0.840887 23.432062 27.183152
8579 www.ohio-state.edu 23.394002 28.716696 0.941436
run_id: 0 #1: 0.320035 #2: 0.506779 #3: 0.507311 Server time: 1615280405 #2: 0.941436 (rt #1)23.394002, (rt #2)28.716696, (client)0.941436 ===============Final=============== (startup)44.157666, (online)52.110698 = (tcp rtt)23.394002 + (tls rtt)28.716696 Avg. client processing time: 0.941436 0.941436 23.394002 28.716696
69255 www.etsu.edu 22.914080 36.530664 0.930253
run_id: 0 #1: 0.241217 #2: 0.245730 #3: 0.246233 #2: 0.432297 #3: 0.432405 Server time: 1615280406 #2: 0.930253 (rt #1)22.914080, (rt #2)36.530664, (client)0.930253 ===============Final=============== (startup)100.916100, (online)59.444744 = (tcp rtt)22.914080 + (tls rtt)36.530664 Avg. client processing time: 0.930253 0.930253 22.914080 36.530664
200988 www.depauw.edu 24.023295 29.289052 0.488079
run_id: 0 #1: 0.230651 Server time: 1615280406 #2: 0.488079 (rt #1)24.023295, (rt #2)29.289052, (client)0.488079 ===============Final=============== (startup)4.880743, (online)53.312347 = (tcp rtt)24.023295 + (tls rtt)29.289052 Avg. client processing time: 0.488079 0.488079 24.023295 29.289052
116546 www.sbu.edu 16.926180 23.015683 0.827107
run_id: 0 #1: 0.221626 Server time: 1615280406 #2: 0.827107 (rt #1)16.926180, (rt #2)23.015683, (client)0.827107 ===============Final=============== (startup)43.997548, (online)39.941863 = (tcp rtt)16.926180 + (tls rtt)23.015683 Avg. client processing time: 0.827107 0.827107 16.926180 23.015683
97934 www.collegeforcreativestudies.edu 23.060700 26.589177 0.851792
run_id: 0 #1: 0.242443 Server time: 1615280406 #2: 0.851792 (rt #1)23.060700, (rt #2)26.589177, (client)0.851792 ===============Final=============== (startup)28.711221, (online)49.649877 = (tcp rtt)23.060700 + (tls rtt)26.589177 Avg. client processing time: 0.851792 0.851792 23.060700 26.589177
84614 www.sunysuffolk.edu 9.243845 14.706107 0.987155
run_id: 0 #1: 0.279203 #2: 0.295981 #3: 0.296213 Server time: 1615280403 #2: 0.987155 (rt #1)9.243845, (rt #2)14.706107, (client)0.987155 ===============Final=============== (startup)5.037852, (online)23.949952 = (tcp rtt)9.243845 + (tls rtt)14.706107 Avg. client processing time: 0.987155 0.987155 9.243845 14.706107
2627 www.illinois.edu 22.309918 26.283025 1.047880
run_id: 0 #1: 0.243244 Server time: 1615280406 #2: 1.047880 (rt #1)22.309918, (rt #2)26.283025, (client)1.047880 ===============Final=============== (startup)74.076536, (online)48.592943 = (tcp rtt)22.309918 + (tls rtt)26.283025 Avg. client processing time: 1.047880 1.047880 22.309918 26.283025
184230 www.cetcolsubsidio.edu.co 21.952591 24.716688 0.845769
run_id: 0 #1: 0.253844 Server time: 1615280405 #2: 0.845769 (rt #1)21.952591, (rt #2)24.716688, (client)0.845769 ===============Final=============== (startup)71.543790, (online)46.669279 = (tcp rtt)21.952591 + (tls rtt)24.716688 Avg. client processing time: 0.845769 0.845769 21.952591 24.716688
105615 www.uiuc.edu 22.506668 25.868609 0.924194
run_id: 0 #1: 0.248531 Server time: 1615280406 #2: 0.924194 (rt #1)22.506668, (rt #2)25.868609, (client)0.924194 ===============Final=============== (startup)83.900607, (online)48.375277 = (tcp rtt)22.506668 + (tls rtt)25.868609 Avg. client processing time: 0.924194 0.924194 22.506668 25.868609
61111 www.uis.edu 24.973063 26.774401 0.872498
run_id: 0 #1: 0.247357 #2: 0.250675 #3: 0.251194 #2: 0.448738 #3: 0.448857 Server time: 1615280406 #2: 0.872498 (rt #1)24.973063, (rt #2)26.774401, (client)0.872498 ===============Final=============== (startup)60.876134, (online)51.747464 = (tcp rtt)24.973063 + (tls rtt)26.774401 Avg. client processing time: 0.872498 0.872498 24.973063 26.774401
114733 www.mainemaritime.edu 25.278120 28.554730 0.922335
run_id: 0 #1: 0.243532 Server time: 1615280406 #2: 0.922335 (rt #1)25.278120, (rt #2)28.554730, (client)0.922335 ===============Final=============== (startup)33.594219, (online)53.832850 = (tcp rtt)25.278120 + (tls rtt)28.554730 Avg. client processing time: 0.922335 0.922335 25.278120 28.554730
121074 www.queens.edu 23.906920 32.242821 0.745354
run_id: 0 #1: 0.245618 Server time: 1615280407 #2: 0.745354 (rt #1)23.906920, (rt #2)32.242821, (client)0.745354 ===============Final=============== (startup)27.402155, (online)56.149741 = (tcp rtt)23.906920 + (tls rtt)32.242821 Avg. client processing time: 0.745354 0.745354 23.906920 32.242821
177115 www.clcillinois.edu 24.821285 30.558048 1.311096
run_id: 0 #1: 0.363893 Server time: 1615280407 #2: 1.311096 (rt #1)24.821285, (rt #2)30.558048, (client)1.311096 ===============Final=============== (startup)29.536303, (online)55.379333 = (tcp rtt)24.821285 + (tls rtt)30.558048 Avg. client processing time: 1.311096 1.311096 24.821285 30.558048
157490 www.hgtc.edu 23.814254 33.633149 0.858541
run_id: 0 #1: 0.240286 Server time: 1615280407 #2: 0.858541 (rt #1)23.814254, (rt #2)33.633149, (client)0.858541 ===============Final=============== (startup)62.006906, (online)57.447403 = (tcp rtt)23.814254 + (tls rtt)33.633149 Avg. client processing time: 0.858541 0.858541 23.814254 33.633149
12609 www.uga.edu 23.740287 730.266195 0.993383
run_id: 0 #1: 0.230115 #2: 0.243089 #3: 0.243498 Server time: 1615280407 #2: 0.993383 (rt #1)23.740287, (rt #2)730.266195, (client)0.993383 ===============Final=============== (startup)23.799994, (online)754.006482 = (tcp rtt)23.740287 + (tls rtt)730.266195 Avg. client processing time: 0.993383 0.993383 23.740287 730.266195
33231 www.cod.edu 25.740677 30.772162 0.826333
run_id: 0 #1: 0.222553 Server time: 1615280408 #2: 0.826333 (rt #1)25.740677, (rt #2)30.772162, (client)0.826333 ===============Final=============== (startup)1.732353, (online)56.512839 = (tcp rtt)25.740677 + (tls rtt)30.772162 Avg. client processing time: 0.826333 0.826333 25.740677 30.772162
145662 www.einstein.edu 22.720891 30.834896 1.038195
run_id: 0 #1: 0.237789 #2: 0.243046 #3: 0.243543 #2: 0.244955 #3: 0.245060 #2: 0.246128 #3: 0.246178 #2: 0.587199 #3: 0.587293 Server time: 1615280408 #2: 1.038195 (rt #1)22.720891, (rt #2)30.834896, (client)1.038195 ===============Final=============== (startup)46.717914, (online)53.555787 = (tcp rtt)22.720891 + (tls rtt)30.834896 Avg. client processing time: 1.038195 1.038195 22.720891 30.834896
223997 www.osumc.edu 22.772191 31.382067 0.948381
run_id: 0 #1: 0.240264 #2: 0.496435 #3: 0.496783 Server time: 1615280408 #2: 0.948381 (rt #1)22.772191, (rt #2)31.382067, (client)0.948381 ===============Final=============== (startup)65.748991, (online)54.154258 = (tcp rtt)22.772191 + (tls rtt)31.382067 Avg. client processing time: 0.948381 0.948381 22.772191 31.382067
194102 esu.edu ERROR1 on trying host, skipping
26620 www.niu.edu 26.736305 37.801611 2.327471
run_id: 0 #1: 0.239239 #2: 0.259153 #3: 0.259846 #2: 0.260350 #3: 0.260422 #2: 0.261411 #3: 0.261513 #2: 0.261865 #3: 0.261939 #2: 0.262991 #3: 0.263062 #2: 0.273851 #3: 0.273928 #2: 0.798767 #3: 0.798849 Server time: 1615280433 #2: 2.327471 (rt #1)26.736305, (rt #2)37.801611, (client)2.327471 ===============Final=============== (startup)1.756116, (online)64.537916 = (tcp rtt)26.736305 + (tls rtt)37.801611 Avg. client processing time: 2.327471 2.327471 26.736305 37.801611
85407 www.midwestern.edu 24.722893 32.782261 1.058006
run_id: 0 #1: 0.385701 Server time: 1615280433 #2: 1.058006 (rt #1)24.722893, (rt #2)32.782261, (client)1.058006 ===============Final=============== (startup)44.329643, (online)57.505154 = (tcp rtt)24.722893 + (tls rtt)32.782261 Avg. client processing time: 1.058006 1.058006 24.722893 32.782261
121771 www.pic.edu.pk 23.632448 27.448517 1.315424
run_id: 0 #1: 0.416333 Server time: 1615280433 #2: 1.315424 (rt #1)23.632448, (rt #2)27.448517, (client)1.315424 ===============Final=============== (startup)1.629719, (online)51.080965 = (tcp rtt)23.632448 + (tls rtt)27.448517 Avg. client processing time: 1.315424 1.315424 23.632448 27.448517
115387 www.eksu.edu.ng 20.712211 32.071843 2.844800
run_id: 0 #1: 0.237749 #2: 0.258420 #3: 0.258837 Server time: 1615280433 #2: 2.844800 (rt #1)20.712211, (rt #2)32.071843, (client)2.844800 ===============Final=============== (startup)252.746559, (online)52.784054 = (tcp rtt)20.712211 + (tls rtt)32.071843 Avg. client processing time: 2.844800 2.844800 20.712211 32.071843
186068 www.colegiocreando.edu.do 21.831291 24.477729 0.905737
run_id: 0 #1: 0.238445 Server time: 1615280433 #2: 0.905737 (rt #1)21.831291, (rt #2)24.477729, (client)0.905737 ===============Final=============== (startup)111.484735, (online)46.309020 = (tcp rtt)21.831291 + (tls rtt)24.477729 Avg. client processing time: 0.905737 0.905737 21.831291 24.477729
53917 www.usi.edu 28.513872 31.090982 0.931240
run_id: 0 #1: 0.279950 #2: 0.284475 #3: 0.285246 Server time: 1615280434 #2: 0.931240 (rt #1)28.513872, (rt #2)31.090982, (client)0.931240 ===============Final=============== (startup)1.507896, (online)59.604854 = (tcp rtt)28.513872 + (tls rtt)31.090982 Avg. client processing time: 0.931240 0.931240 28.513872 31.090982
163980 www.southern.edu 22.244901 31.736687 1.574028
run_id: 0 #1: 0.258242 #2: 0.275043 #3: 0.275425 #2: 0.444660 #3: 0.444751 Server time: 1615280434 #2: 1.574028 (rt #1)22.244901, (rt #2)31.736687, (client)1.574028 ===============Final=============== (startup)27.868063, (online)53.981588 = (tcp rtt)22.244901 + (tls rtt)31.736687 Avg. client processing time: 1.574028 1.574028 22.244901 31.736687
179013 www.fvtc.edu 28.857553 31.167036 0.818674
run_id: 0 #1: 0.230839 #2: 0.244836 #3: 0.245219 #2: 0.409742 #3: 0.409917 Server time: 1615280434 #2: 0.818674 (rt #1)28.857553, (rt #2)31.167036, (client)0.818674 ===============Final=============== (startup)41.267346, (online)60.024589 = (tcp rtt)28.857553 + (tls rtt)31.167036 Avg. client processing time: 0.818674 0.818674 28.857553 31.167036
72678 lynn.edu 28.280842 34.706730 0.858515
run_id: 0 #1: 0.266309 Server time: 1615280434 #2: 0.858515 (rt #1)28.280842, (rt #2)34.706730, (client)0.858515 ===============Final=============== (startup)73.386870, (online)62.987572 = (tcp rtt)28.280842 + (tls rtt)34.706730 Avg. client processing time: 0.858515 0.858515 28.280842 34.706730
15451 fordham.edu 7.553390 21.659186 1.065576
run_id: 0 #1: 0.214839 #2: 0.217328 #3: 0.217644 #2: 0.219353 #3: 0.219463 #2: 0.523557 #3: 0.523675 Server time: 1615280434 #2: 1.065576 (rt #1)7.553390, (rt #2)21.659186, (client)1.065576 ===============Final=============== (startup)35.053894, (online)29.212576 = (tcp rtt)7.553390 + (tls rtt)21.659186 Avg. client processing time: 1.065576 1.065576 7.553390 21.659186
104950 www.imsa.edu 27.541793 34.730924 0.991076
run_id: 0 #1: 0.304493 #2: 0.334264 #3: 0.334854 Server time: 1615280434 #2: 0.991076 (rt #1)27.541793, (rt #2)34.730924, (client)0.991076 ===============Final=============== (startup)1.832392, (online)62.272717 = (tcp rtt)27.541793 + (tls rtt)34.730924 Avg. client processing time: 0.991076 0.991076 27.541793 34.730924
104718 www.uwf.edu 26.703906 40.427171 0.916076
run_id: 0 #1: 0.229630 #2: 0.492349 #3: 0.492838 Server time: 1615280434 #2: 0.916076 (rt #1)26.703906, (rt #2)40.427171, (client)0.916076 ===============Final=============== (startup)18.332574, (online)67.131077 = (tcp rtt)26.703906 + (tls rtt)40.427171 Avg. client processing time: 0.916076 0.916076 26.703906 40.427171
10642 www.wayne.edu 30.434603 36.208996 0.908170
run_id: 0 #1: 0.265439 Server time: 1615280434 #2: 0.908170 (rt #1)30.434603, (rt #2)36.208996, (client)0.908170 ===============Final=============== (startup)65.050587, (online)66.643599 = (tcp rtt)30.434603 + (tls rtt)36.208996 Avg. client processing time: 0.908170 0.908170 30.434603 36.208996
36748 www.nova.edu 29.525487 36.167631 1.772258
run_id: 0 #1: 0.237559 #2: 0.438564 #3: 0.439144 Server time: 1615280434 #2: 1.772258 (rt #1)29.525487, (rt #2)36.167631, (client)1.772258 ===============Final=============== (startup)39.304218, (online)65.693118 = (tcp rtt)29.525487 + (tls rtt)36.167631 Avg. client processing time: 1.772258 1.772258 29.525487 36.167631
133667 www.naropa.edu 34.445821 37.116830 0.851753
run_id: 0 #1: 0.220069 Server time: 1615280435 #2: 0.851753 (rt #1)34.445821, (rt #2)37.116830, (client)0.851753 ===============Final=============== (startup)32.379293, (online)71.562651 = (tcp rtt)34.445821 + (tls rtt)37.116830 Avg. client processing time: 0.851753 0.851753 34.445821 37.116830
232412 www.siumed.edu 28.806955 36.919542 0.837726
run_id: 0 #1: 0.237366 #2: 0.407615 #3: 0.407998 Server time: 1615280435 #2: 0.837726 (rt #1)28.806955, (rt #2)36.919542, (client)0.837726 ===============Final=============== (startup)55.434965, (online)65.726497 = (tcp rtt)28.806955 + (tls rtt)36.919542 Avg. client processing time: 0.837726 0.837726 28.806955 36.919542
143903 umflint.edu 31.934582 39.649220 0.922102
run_id: 0 #1: 0.235350 Server time: 1615280435 #2: 0.922102 (rt #1)31.934582, (rt #2)39.649220, (client)0.922102 ===============Final=============== (startup)37.190323, (online)71.583802 = (tcp rtt)31.934582 + (tls rtt)39.649220 Avg. client processing time: 0.922102 0.922102 31.934582 39.649220
79742 www.daytonastate.edu 30.682464 34.503440 0.936032
run_id: 0 #1: 0.309657 Server time: 1615280435 #2: 0.936032 (rt #1)30.682464, (rt #2)34.503440, (client)0.936032 ===============Final=============== (startup)10.930366, (online)65.185904 = (tcp rtt)30.682464 + (tls rtt)34.503440 Avg. client processing time: 0.936032 0.936032 30.682464 34.503440
120784 www.tjc.edu 34.567676 40.129346 0.846184
run_id: 0 #1: 0.234868 #2: 0.252985 #3: 0.253358 #2: 0.254284 #3: 0.254347 Server time: 1615280435 #2: 0.846184 (rt #1)34.567676, (rt #2)40.129346, (client)0.846184 ===============Final=============== (startup)52.908370, (online)74.697022 = (tcp rtt)34.567676 + (tls rtt)40.129346 Avg. client processing time: 0.846184 0.846184 34.567676 40.129346
13638 rice.edu 31.734477 40.035471 0.842672
run_id: 0 #1: 0.230916 #2: 0.405769 #3: 0.406179 Server time: 1615280435 #2: 0.842672 (rt #1)31.734477, (rt #2)40.035471, (client)0.842672 ===============Final=============== (startup)62.656597, (online)71.769948 = (tcp rtt)31.734477 + (tls rtt)40.035471 Avg. client processing time: 0.842672 0.842672 31.734477 40.035471
60530 www.augusta.edu 33.642869 38.054738 0.808812
run_id: 0 #1: 0.222233 #2: 0.238425 #3: 0.238875 Server time: 1615280435 #2: 0.808812 (rt #1)33.642869, (rt #2)38.054738, (client)0.808812 ===============Final=============== (startup)57.939746, (online)71.697607 = (tcp rtt)33.642869 + (tls rtt)38.054738 Avg. client processing time: 0.808812 0.808812 33.642869 38.054738
202345 www.asds.edu.co 35.324075 38.858172 0.752340
run_id: 0 #1: 0.242871 Server time: 2728230932 #2: 0.752340 (rt #1)35.324075, (rt #2)38.858172, (client)0.752340 ===============Final=============== (startup)39.003118, (online)74.182247 = (tcp rtt)35.324075 + (tls rtt)38.858172 Avg. client processing time: 0.752340 0.752340 35.324075 38.858172
85700 www.iris.edu 33.676036 38.364391 0.825983
run_id: 0 #1: 0.249214 Server time: 1615280436 #2: 0.825983 (rt #1)33.676036, (rt #2)38.364391, (client)0.825983 ===============Final=============== (startup)76.701758, (online)72.040427 = (tcp rtt)33.676036 + (tls rtt)38.364391 Avg. client processing time: 0.825983 0.825983 33.676036 38.364391
200593 www.istpargentina.edu.pe 32.671909 36.472897 0.824052
run_id: 0 #1: 0.216296 Server time: 1615280436 #2: 0.824052 (rt #1)32.671909, (rt #2)36.472897, (client)0.824052 ===============Final=============== (startup)0.662715, (online)69.144806 = (tcp rtt)32.671909 + (tls rtt)36.472897 Avg. client processing time: 0.824052 0.824052 32.671909 36.472897
203489 www.ws.edu 42.544315 47.918407 1.062241
run_id: 0 #1: 0.419442 #2: 0.423369 #3: 0.424179 #2: 0.425113 #3: 0.425202 Server time: 1615280436 #2: 1.062241 (rt #1)42.544315, (rt #2)47.918407, (client)1.062241 ===============Final=============== (startup)17.103684, (online)90.462722 = (tcp rtt)42.544315 + (tls rtt)47.918407 Avg. client processing time: 1.062241 1.062241 42.544315 47.918407
29620 www.macomb.edu 18.495471 22.633139 0.927975
run_id: 0 #1: 0.221428 #2: 0.239336 #3: 0.239722 #2: 0.241051 #3: 0.241094 Server time: 1615280432 #2: 0.927975 (rt #1)18.495471, (rt #2)22.633139, (client)0.927975 ===============Final=============== (startup)52.740296, (online)41.128610 = (tcp rtt)18.495471 + (tls rtt)22.633139 Avg. client processing time: 0.927975 0.927975 18.495471 22.633139
49453 www.uthsc.edu 35.949648 41.385096 0.921040
run_id: 0 #1: 0.234413 Server time: 1615280436 #2: 0.921040 (rt #1)35.949648, (rt #2)41.385096, (client)0.921040 ===============Final=============== (startup)0.699323, (online)77.334744 = (tcp rtt)35.949648 + (tls rtt)41.385096 Avg. client processing time: 0.921040 0.921040 35.949648 41.385096
9808 elearning.edu.sa 32.690556 37.052140 0.891755
run_id: 0 #1: 0.248116 Server time: 1615280436 #2: 0.891755 (rt #1)32.690556, (rt #2)37.052140, (client)0.891755 ===============Final=============== (startup)249.300861, (online)69.742696 = (tcp rtt)32.690556 + (tls rtt)37.052140 Avg. client processing time: 0.891755 0.891755 32.690556 37.052140
33066 www.umsl.edu 35.500552 45.950017 1.065399
run_id: 0 #1: 0.246252 Server time: 1615280436 #2: 1.065399 (rt #1)35.500552, (rt #2)45.950017, (client)1.065399 ===============Final=============== (startup)75.243003, (online)81.450569 = (tcp rtt)35.500552 + (tls rtt)45.950017 Avg. client processing time: 1.065399 1.065399 35.500552 45.950017
20503 www.smu.edu 39.262603 43.521445 1.049261
run_id: 0 #1: 0.281900 Server time: 1615280437 #2: 1.049261 (rt #1)39.262603, (rt #2)43.521445, (client)1.049261 ===============Final=============== (startup)116.383278, (online)82.784048 = (tcp rtt)39.262603 + (tls rtt)43.521445 Avg. client processing time: 1.049261 1.049261 39.262603 43.521445
54165 centralmethodist.edu 38.671385 42.351915 0.897564
run_id: 0 #1: 0.234628 Server time: 1615280437 #2: 0.897564 (rt #1)38.671385, (rt #2)42.351915, (client)0.897564 ===============Final=============== (startup)62.229172, (online)81.023300 = (tcp rtt)38.671385 + (tls rtt)42.351915 Avg. client processing time: 0.897564 0.897564 38.671385 42.351915
153834 www.iccms.edu 47.325777 50.396656 0.858285
run_id: 0 #1: 0.223966 Server time: 1615280437 #2: 0.858285 (rt #1)47.325777, (rt #2)50.396656, (client)0.858285 ===============Final=============== (startup)40.458553, (online)97.722433 = (tcp rtt)47.325777 + (tls rtt)50.396656 Avg. client processing time: 0.858285 0.858285 47.325777 50.396656
94909 www.fsw.edu 34.398021 40.160292 0.876382
run_id: 0 #1: 0.244545 Server time: 1615280437 #2: 0.876382 (rt #1)34.398021, (rt #2)40.160292, (client)0.876382 ===============Final=============== (startup)107.034649, (online)74.558313 = (tcp rtt)34.398021 + (tls rtt)40.160292 Avg. client processing time: 0.876382 0.876382 34.398021 40.160292
170326 www.roanestate.edu 41.051856 44.190550 0.925352
run_id: 0 #1: 0.246639 #2: 0.250973 #3: 0.251475 #2: 0.252413 #3: 0.252500 #2: 0.253676 #3: 0.253769 Server time: 1615280437 #2: 0.925352 (rt #1)41.051856, (rt #2)44.190550, (client)0.925352 ===============Final=============== (startup)45.072932, (online)85.242406 = (tcp rtt)41.051856 + (tls rtt)44.190550 Avg. client processing time: 0.925352 0.925352 41.051856 44.190550
219939 www.grayson.edu 39.133670 43.365574 0.883369
run_id: 0 #1: 0.249929 Server time: 1615280437 #2: 0.883369 (rt #1)39.133670, (rt #2)43.365574, (client)0.883369 ===============Final=============== (startup)80.251510, (online)82.499244 = (tcp rtt)39.133670 + (tls rtt)43.365574 Avg. client processing time: 0.883369 0.883369 39.133670 43.365574
101973 www.truman.edu 39.582776 44.646445 1.117641
run_id: 0 #1: 0.261450 Server time: 1615280438 #2: 1.117641 (rt #1)39.582776, (rt #2)44.646445, (client)1.117641 ===============Final=============== (startup)76.635756, (online)84.229221 = (tcp rtt)39.582776 + (tls rtt)44.646445 Avg. client processing time: 1.117641 1.117641 39.582776 44.646445
17709 www.stcloudstate.edu 38.829746 42.525271 0.862474
run_id: 0 #1: 0.240979 #2: 0.273731 #3: 0.274144 #2: 0.440886 #3: 0.440950 Server time: 1615280438 #2: 0.862474 (rt #1)38.829746, (rt #2)42.525271, (client)0.862474 ===============Final=============== (startup)32.001328, (online)81.355017 = (tcp rtt)38.829746 + (tls rtt)42.525271 Avg. client processing time: 0.862474 0.862474 38.829746 42.525271
36940 trustees.ufl.edu 29.076326 32.558629 0.904400
run_id: 0 #1: 0.238772 Server time: 1615280438 #2: 0.904400 (rt #1)29.076326, (rt #2)32.558629, (client)0.904400 ===============Final=============== (startup)49.452936, (online)61.634955 = (tcp rtt)29.076326 + (tls rtt)32.558629 Avg. client processing time: 0.904400 0.904400 29.076326 32.558629
100285 www.uaex.edu 41.938627 43.845721 0.902369
run_id: 0 #1: 0.242770 Server time: 1615280438 #2: 0.902369 (rt #1)41.938627, (rt #2)43.845721, (client)0.902369 ===============Final=============== (startup)46.565066, (online)85.784348 = (tcp rtt)41.938627 + (tls rtt)43.845721 Avg. client processing time: 0.902369 0.902369 41.938627 43.845721
94066 www.georgiasouthern.edu 34.122600 39.119989 0.833359
run_id: 0 #1: 0.233669 Server time: 1615280438 #2: 0.833359 (rt #1)34.122600, (rt #2)39.119989, (client)0.833359 ===============Final=============== (startup)9.467123, (online)73.242589 = (tcp rtt)34.122600 + (tls rtt)39.119989 Avg. client processing time: 0.833359 0.833359 34.122600 39.119989
40013 www.uark.edu 42.750044 47.375860 0.936134
run_id: 0 #1: 0.231151 Server time: 1615280438 #2: 0.936134 (rt #1)42.750044, (rt #2)47.375860, (client)0.936134 ===============Final=============== (startup)0.676129, (online)90.125904 = (tcp rtt)42.750044 + (tls rtt)47.375860 Avg. client processing time: 0.936134 0.936134 42.750044 47.375860
86106 www.actx.edu 46.551316 50.633772 0.882969
run_id: 0 #1: 0.284459 Server time: 1615280438 #2: 0.882969 (rt #1)46.551316, (rt #2)50.633772, (client)0.882969 ===============Final=============== (startup)46.871145, (online)97.185088 = (tcp rtt)46.551316 + (tls rtt)50.633772 Avg. client processing time: 0.882969 0.882969 46.551316 50.633772
151199 www.landivarinspira.edu.gt 38.147639 40.144687 0.946739
run_id: 0 #1: 0.273077 #2: 0.287853 #3: 0.288547 Server time: 1615280438 #2: 0.946739 (rt #1)38.147639, (rt #2)40.144687, (client)0.946739 ===============Final=============== (startup)0.660848, (online)78.292326 = (tcp rtt)38.147639 + (tls rtt)40.144687 Avg. client processing time: 0.946739 0.946739 38.147639 40.144687
168463 www.briarcliff.edu 47.216027 51.884116 0.873260
run_id: 0 #1: 0.244978 Server time: 1615280439 #2: 0.873260 (rt #1)47.216027, (rt #2)51.884116, (client)0.873260 ===============Final=============== (startup)27.207125, (online)99.100143 = (tcp rtt)47.216027 + (tls rtt)51.884116 Avg. client processing time: 0.873260 0.873260 47.216027 51.884116
8840 usf.edu 29.266606 33.010335 1.128301
run_id: 0 #1: 0.239373 Server time: 1615280439 #2: 1.128301 (rt #1)29.266606, (rt #2)33.010335, (client)1.128301 ===============Final=============== (startup)0.612046, (online)62.276941 = (tcp rtt)29.266606 + (tls rtt)33.010335 Avg. client processing time: 1.128301 1.128301 29.266606 33.010335
152777 www.itep.edu.pe 38.238934 39.661227 0.927287
run_id: 0 #1: 0.235493 Server time: 1615280440 #2: 0.927287 (rt #1)38.238934, (rt #2)39.661227, (client)0.927287 ===============Final=============== (startup)1371.663745, (online)77.900161 = (tcp rtt)38.238934 + (tls rtt)39.661227 Avg. client processing time: 0.927287 0.927287 38.238934 39.661227
30554 www.uwi.edu 43.084025 45.820915 0.847280
run_id: 0 #1: 0.241027 Server time: 1615280440 #2: 0.847280 (rt #1)43.084025, (rt #2)45.820915, (client)0.847280 ===============Final=============== (startup)110.064112, (online)88.904940 = (tcp rtt)43.084025 + (tls rtt)45.820915 Avg. client processing time: 0.847280 0.847280 43.084025 45.820915
2404 wisc.edu 24.182526 36.938990 5.095418
run_id: 0 #1: 0.232625 #2: 0.537385 #3: 0.537960 Server time: 1615280440 #2: 5.095418 (rt #1)24.182526, (rt #2)36.938990, (client)5.095418 ===============Final=============== (startup)11.849102, (online)61.121516 = (tcp rtt)24.182526 + (tls rtt)36.938990 Avg. client processing time: 5.095418 5.095418 24.182526 36.938990
202623 www.usergioarboleda.edu.co 1.981650 16.365304 1.552718
run_id: 0 #1: 0.206316 Server time: 1615280427 #2: 1.552718 (rt #1)1.981650, (rt #2)16.365304, (client)1.552718 ===============Final=============== (startup)1.748102, (online)18.346954 = (tcp rtt)1.981650 + (tls rtt)16.365304 Avg. client processing time: 1.552718 1.552718 1.981650 16.365304
173126 www.wiregrass.edu 27.228937 31.283755 1.002886
run_id: 0 #1: 0.236395 Server time: 1615280441 #2: 1.002886 (rt #1)27.228937, (rt #2)31.283755, (client)1.002886 ===============Final=============== (startup)10.124381, (online)58.512692 = (tcp rtt)27.228937 + (tls rtt)31.283755 Avg. client processing time: 1.002886 1.002886 27.228937 31.283755
76645 www.washburn.edu 45.024755 61.044593 1.714502
run_id: 0 #1: 0.236279 Server time: 1615280441 #2: 1.714502 (rt #1)45.024755, (rt #2)61.044593, (client)1.714502 ===============Final=============== (startup)35.060802, (online)106.069348 = (tcp rtt)45.024755 + (tls rtt)61.044593 Avg. client processing time: 1.714502 1.714502 45.024755 61.044593
