Roughtime anchor: roughtime.int08h.com
Beginning execution at Fri Apr 30 07:20:01 UTC 2021
[Roughtime] Nonce: 5c9f4bf9bbc15bb855f82faedc5a52fc3ab2dfa8ec3ba3ce1b270f31fa0cced20000000000000000000000000000000000000000000000000000000000000000
[Roughtime] Sign: de5b945f3703a7f674680211be0461d83ce45c3afb6e7d8b326ceec7773d5946da27a5e3323743d359d9d275944254179253d095c5c46e11461a33269306e00d
[Roughtime] Server time: 1619767202023
[Roughtime] Nonce: a1f934218e812b668328303f15b0e793d4a9f789515323d71e109ff3b06df3930000000000000000000000000000000000000000000000000000000000000000
[Roughtime] Sign: 07f36a0a0696125026bdc9f72c8f90f2f1cda84792abaa516dcde4230e8112ba0a8d696449dd1a5c3e2d6e5acbe3d42017af1c9d6210956ea0d908653946c401
[Roughtime] Server time: 1619767202055
CONF: anchor:roughtime.int08h.com fs:1024MB n_rounds:1 seed:5c9f4bf9bbc15bb855f82faedc5a52fc3ab2dfa8ec3ba3ce1b270f31fa0cced2 filename:FILE bs:1024 nops:100 benchmarking:0 anchor_ping:2 queue_depth:32 direct:0
[Roughtime] Deriving from 5c9f4bf9bbc15bb855f82faedc5a52fc3ab2dfa8ec3ba3ce1b270f31fa0cced20000000000000000000000000000000000000000000000000000000000000000
[Roughtime] Received de5b945f3703a7f674680211be0461d83ce45c3afb6e7d8b326ceec7773d5946da27a5e3323743d359d9d275944254179253d095c5c46e11461a33269306e00d
[Roughtime] Deriving from a1f934218e812b668328303f15b0e793d4a9f789515323d71e109ff3b06df3930000000000000000000000000000000000000000000000000000000000000000
[Roughtime] Received 07f36a0a0696125026bdc9f72c8f90f2f1cda84792abaa516dcde4230e8112ba0a8d696449dd1a5c3e2d6e5acbe3d42017af1c9d6210956ea0d908653946c401
Time breakdown (averages): anchor_ping:36.207501 file_read:0.274640 hashing:0.469411
Total time for 1 rounds is 73.159129ms
Standard deviations: anchor_ping:4.999308 file_read:0.000000 hashing:0.000000
[Client-side ops] mean:0.744051 sd:0.000000
in & out anchor rand written to proofs/phase1.out
      1 [Roughtime] Server time: 1619767202023
      1 [Roughtime] Server time: 1619767202055
Diff is 32
success: 1
RESULT: 1 in 1 tries
