Roughtime anchor: roughtime.int08h.com
Beginning execution at Sat May 1 21:50:01 UTC 2021
[Roughtime] Nonce: 5c9f4bf9bbc15bb855f82faedc5a52fc3ab2dfa8ec3ba3ce1b270f31fa0cced20000000000000000000000000000000000000000000000000000000000000000
[Roughtime] Sign: bb8897ffd45fdacba1481f8ad42f3c1e29f38a8231cab2abd9db8862285dc5cd0034a57a25ac5637d903948dae1f1f1f211b67d692447a9d0f4d49535436bb07
[Roughtime] Server time: 1619905801522
[Roughtime] Nonce: 5484af71df2cbea25dca50d47e24b58f969d5ad51625a3505b2424bb69b608340000000000000000000000000000000000000000000000000000000000000000
[Roughtime] Sign: a5b4dc6028f57283a8f1cb7d37524e8c01e92294b490b13c4f7e388bed0a8e38fa02af12ad5e3263f93b7de1a700bf5f5c3c935a6cd55ee43ea39b0fe1431505
[Roughtime] Server time: 1619905801558
CONF: anchor:roughtime.int08h.com fs:1024MB n_rounds:1 seed:5c9f4bf9bbc15bb855f82faedc5a52fc3ab2dfa8ec3ba3ce1b270f31fa0cced2 filename:FILE bs:1024 nops:100 benchmarking:0 anchor_ping:2 queue_depth:32 direct:0
[Roughtime] Deriving from 5c9f4bf9bbc15bb855f82faedc5a52fc3ab2dfa8ec3ba3ce1b270f31fa0cced20000000000000000000000000000000000000000000000000000000000000000
[Roughtime] Received bb8897ffd45fdacba1481f8ad42f3c1e29f38a8231cab2abd9db8862285dc5cd0034a57a25ac5637d903948dae1f1f1f211b67d692447a9d0f4d49535436bb07
[Roughtime] Deriving from 5484af71df2cbea25dca50d47e24b58f969d5ad51625a3505b2424bb69b608340000000000000000000000000000000000000000000000000000000000000000
[Roughtime] Received a5b4dc6028f57283a8f1cb7d37524e8c01e92294b490b13c4f7e388bed0a8e38fa02af12ad5e3263f93b7de1a700bf5f5c3c935a6cd55ee43ea39b0fe1431505
Time breakdown (averages): anchor_ping:51.500730 file_read:0.267526 hashing:0.470297
Total time for 1 rounds is 103.739357ms
Standard deviations: anchor_ping:16.729161 file_read:0.000000 hashing:0.000000
[Client-side ops] mean:0.737823 sd:0.000000
in & out anchor rand written to proofs/phase1.out
      1 [Roughtime] Server time: 1619905801522
      1 [Roughtime] Server time: 1619905801558
Diff is 36
success: 1
RESULT: 1 in 1 tries
