TLS anchor: www.american.edu
Actual: 60, Set: 123
Beginning execution at Sun Apr 25 22:00:01 UTC 2021
CONF: anchor:www.american.edu fs:1024MB n_rounds:123 seed:5c9f4bf9bbc15bb855f82faedc5a52fc3ab2dfa8ec3ba3ce1b270f31fa0cced2 filename:FILE bs:1024 nops:100 benchmarking:0 anchor_ping:1 queue_depth:32 direct:0
[TLS] Connecting to www.american.edu
[TLS] Server time: 1619387993
[TLS] client_random  (32): 5C9F4BF9BBC15BB855F82FAEDC5A52FC3AB2DFA8EC3BA3CE1B270F31FA0CCED2
[TLS] sign_hash (32): 27919E88A1EBDD3FB4220DEFE3807ACA2FD544F28CBEBF1787E781AC1A93DD56
[TLS] Written transcript to proofs/MSG_TLS_5C9F4BF9.out, proofs/SIG_TLS_5C9F4BF9.out and proofs/PK_TLS_5C9F4BF9.der
Signature verification succeeds
[TLS] Server time: 1619387993
[TLS] client_random  (32): 01AD26FCCE006CB6617202F449CBDA1317B4753EBE9BEA18A3C6A6A6A9B20C81
[TLS] sign_hash (32): 808DACA60BC5B14E4D21388BA06F3DDD67955496DEB73A072A22D9CA6EAD6079
[TLS] Written transcript to proofs/MSG_TLS_01AD26FC.out, proofs/SIG_TLS_01AD26FC.out and proofs/PK_TLS_01AD26FC.der
Signature verification succeeds
[TLS] Server time: 1619387993
[TLS] client_random  (32): C205B98663FA8DF78653522BEF7D8D1B6C90D198380718894D12349C7C5DD43F
[TLS] sign_hash (32): DC90309EB7086B0DC057E049B11A271E10F018570D4F1879F8B2A735677226D3
[TLS] Written transcript to proofs/MSG_TLS_C205B986.out, proofs/SIG_TLS_C205B986.out and proofs/PK_TLS_C205B986.der
Signature verification succeeds
[TLS] Server time: 1619387993
[TLS] client_random  (32): 98F0B9A012E5B15369F9E117CE3E2F1EFA32C7390936AFF4A2230B73A634BC0D
[TLS] sign_hash (32): BDB7E1FB54C821076E96FD4F7721C26E90B4433FA6908A2EE1792A0C93D41C1A
[TLS] Written transcript to proofs/MSG_TLS_98F0B9A0.out, proofs/SIG_TLS_98F0B9A0.out and proofs/PK_TLS_98F0B9A0.der
Signature verification succeeds
[TLS] Server time: 1619387993
[TLS] client_random  (32): D662BC60591211D7A21B27949525CCE2DD50C016D13A419576EAF730AAFED069
[TLS] sign_hash (32): DC899FD834A2F736A00D1A3A28881155B235FB7CB3B2BD5A4783216A879054E0
[TLS] Written transcript to proofs/MSG_TLS_D662BC60.out, proofs/SIG_TLS_D662BC60.out and proofs/PK_TLS_D662BC60.der
Signature verification succeeds
[TLS] Server time: 1619387993
[TLS] client_random  (32): 18F8F7D6BFF4A629DB9B6A8C61C75ACD0CF0BB56B81D85212D68FB7D1D78EBD0
[TLS] sign_hash (32): 4A4F9406F2EBDEB596A0690F004EA14CD6EF5AE1A7D52F8044ED5A32CAB2B27D
[TLS] Written transcript to proofs/MSG_TLS_18F8F7D6.out, proofs/SIG_TLS_18F8F7D6.out and proofs/PK_TLS_18F8F7D6.der
Signature verification succeeds
[TLS] Server time: 1619387993
[TLS] client_random  (32): 47956885C1EA2ABB6CF90CD48DF90EF8FDF5191D051D49E60DF9B09B90F05A0F
[TLS] sign_hash (32): FE8232FC78130D57BEBAF7923F8D391F769F39B79CB95CEDF526C95ACF8FAF07
[TLS] Written transcript to proofs/MSG_TLS_47956885.out, proofs/SIG_TLS_47956885.out and proofs/PK_TLS_47956885.der
Signature verification succeeds
[TLS] Server time: 1619387993
[TLS] client_random  (32): B9828248DA2B7D3501F3A190273BE62C71BFBE894179ED5F6D5DFD1743CBC33B
[TLS] sign_hash (32): 2DE79E5097380F1C1740912F645D0BEE820291F21A2061D6B58F03B02BBB79A9
[TLS] Written transcript to proofs/MSG_TLS_B9828248.out, proofs/SIG_TLS_B9828248.out and proofs/PK_TLS_B9828248.der
Signature verification succeeds
[TLS] Server time: 1619387993
[TLS] client_random  (32): 6717983C2A4CFC313220DBAD73AC4843A435D2EAA8500234A6286D5C6E2BBFEC
[TLS] sign_hash (32): D5078A960A7B326FA729A50F6077EC54604FD31E2F90363A1AD9954EF6999AAC
[TLS] Written transcript to proofs/MSG_TLS_6717983C.out, proofs/SIG_TLS_6717983C.out and proofs/PK_TLS_6717983C.der
Signature verification succeeds
[TLS] Server time: 1619387993
[TLS] client_random  (32): 738D1ED884762ABDFEBE4F34D524583CA15DE94A99C526EA32CC0C2789E0C9B8
[TLS] sign_hash (32): 2C0850CE05CA416B85C5994F0F499352CB3169B1C861D39D04910440FBAD3B93
[TLS] Written transcript to proofs/MSG_TLS_738D1ED8.out, proofs/SIG_TLS_738D1ED8.out and proofs/PK_TLS_738D1ED8.der
Signature verification succeeds
[TLS] Server time: 1619387993
[TLS] client_random  (32): F6599C13BE8D7A16451BE35E6158E7D196EF65CF3333D072BE7348E88A3A96B5
[TLS] sign_hash (32): 632124F990BF60E79DD89A26F228A4D6DF64CE05102B26C09D216336589D5958
[TLS] Written transcript to proofs/MSG_TLS_F6599C13.out, proofs/SIG_TLS_F6599C13.out and proofs/PK_TLS_F6599C13.der
Signature verification succeeds
[TLS] Server time: 1619387993
[TLS] client_random  (32): EB585007D50662A368A5298675B6B6FBB0A9475927FB6CFEA75676BA68471050
[TLS] sign_hash (32): 4F0B4B455AD429D12B22D0C9644568B8817B2D139C332D122977DCCDF8705524
[TLS] Written transcript to proofs/MSG_TLS_EB585007.out, proofs/SIG_TLS_EB585007.out and proofs/PK_TLS_EB585007.der
Signature verification succeeds
[TLS] Server time: 1619387993
[TLS] client_random  (32): D3D612E7D0802D3EBD9E27EC4B3BEB002A95E85B41AE7B7DA5D529EFD5F088E5
[TLS] sign_hash (32): 04D3EAD7C8F4305A7713ABB63BE30419522D935C885D920C2BB9888D2CAE5B40
[TLS] Written transcript to proofs/MSG_TLS_D3D612E7.out, proofs/SIG_TLS_D3D612E7.out and proofs/PK_TLS_D3D612E7.der
Signature verification succeeds
[TLS] Server time: 1619387993
[TLS] client_random  (32): 83E069A560138FB7C98CE9E05D1988248E77FE90F61EBAA8BF975CAB73C5B2DD
[TLS] sign_hash (32): 9C11B11BEC2037F035DDC517F21477DBDA29A1BB22BAD8D74A0D8FDD350F4DF3
[TLS] Written transcript to proofs/MSG_TLS_83E069A5.out, proofs/SIG_TLS_83E069A5.out and proofs/PK_TLS_83E069A5.der
Signature verification succeeds
[TLS] Server time: 1619387993
[TLS] client_random  (32): A225D652888A0E6013752DBF05DE5547894BA20E0E1BE0F4A39784F5FE275534
[TLS] sign_hash (32): C1146701FC26BBA6411B7A079513EB1B7C62297121BE9B92C95EF1DAC3049756
[TLS] Written transcript to proofs/MSG_TLS_A225D652.out, proofs/SIG_TLS_A225D652.out and proofs/PK_TLS_A225D652.der
Signature verification succeeds
[TLS] Server time: 1619387993
[TLS] client_random  (32): D1844CC63FE091294355363745CB5226BEF6BFC031A234013B573C949274575D
[TLS] sign_hash (32): B65C5F3E60240E103074376F75EDFE4B707803730C66233F0174247B57F42D96
[TLS] Written transcript to proofs/MSG_TLS_D1844CC6.out, proofs/SIG_TLS_D1844CC6.out and proofs/PK_TLS_D1844CC6.der
Signature verification succeeds
[TLS] Server time: 1619387993
[TLS] client_random  (32): F12A1FA5CCC300C6F756D18E0EB5E83779CC5BCA37D8145C57BA4A7606373A8E
[TLS] sign_hash (32): 1A7046A1CAE6BE9E8D88340C8C3AE791711E2C464632777A2D11F5B9179D52C6
[TLS] Written transcript to proofs/MSG_TLS_F12A1FA5.out, proofs/SIG_TLS_F12A1FA5.out and proofs/PK_TLS_F12A1FA5.der
Signature verification succeeds
[TLS] Server time: 1619387993
[TLS] client_random  (32): 5FE3CE73043EA399C492648D8974C76DD4F5E619CDD074881B67BDCD2C7BA8D3
[TLS] sign_hash (32): 99387B216049DE46AC1DC9D8B8E936E4C61FA5F7C944D28C2B6E975B0BECB65D
[TLS] Written transcript to proofs/MSG_TLS_5FE3CE73.out, proofs/SIG_TLS_5FE3CE73.out and proofs/PK_TLS_5FE3CE73.der
Signature verification succeeds
[TLS] Server time: 1619387993
[TLS] client_random  (32): D606253C83AC1EF9C268B117D9C256192422A71AD8374E6DE002C25394EFCF3F
[TLS] sign_hash (32): 1C4E5DD74B13C4A66B6CD6CC55EFD31A76286B5A6E1055FE0945919BFBAB2E4A
[TLS] Written transcript to proofs/MSG_TLS_D606253C.out, proofs/SIG_TLS_D606253C.out and proofs/PK_TLS_D606253C.der
Signature verification succeeds
[TLS] Server time: 1619387993
[TLS] client_random  (32): E7AE82F8E1AFBB97A7EF927C172C2D3CFB2680AFFA2B44A3D49746B7800612C5
[TLS] sign_hash (32): 5D76B8071E347231B6626BE51C08D118CACEF0FE7EC9789F0F15828D06753260
[TLS] Written transcript to proofs/MSG_TLS_E7AE82F8.out, proofs/SIG_TLS_E7AE82F8.out and proofs/PK_TLS_E7AE82F8.der
Signature verification succeeds
[TLS] Server time: 1619387993
[TLS] client_random  (32): 64B660594A731E3F36BB734C269C1BC42551EEDDE51812E0EBC60AAA198CD593
[TLS] sign_hash (32): DA02AC4A8E4F3DC60CA521970DF43C1E5FA5059BADCD1D4BD11EB15572BD3C98
[TLS] Written transcript to proofs/MSG_TLS_64B66059.out, proofs/SIG_TLS_64B66059.out and proofs/PK_TLS_64B66059.der
Signature verification succeeds
[TLS] Server time: 1619387993
[TLS] client_random  (32): 724363B7427ED189F3945DE77A610F409CD7F2C5C3CAB5CC1013FB156FEB1FD4
[TLS] sign_hash (32): E23125897FA2F005217C0A9996032B3E677D84294501715244678E88E3B007E2
[TLS] Written transcript to proofs/MSG_TLS_724363B7.out, proofs/SIG_TLS_724363B7.out and proofs/PK_TLS_724363B7.der
Signature verification succeeds
[TLS] Server time: 1619387993
[TLS] client_random  (32): 17D60FBD89D575399B56EB3B58D8129EB768E40EC16DFD1399805FE6DED92CA5
[TLS] sign_hash (32): 8F29AC0F57AA3C264C8240ECA47907F7554742F105A4C1F8AF94E3E9E524CC9A
[TLS] Written transcript to proofs/MSG_TLS_17D60FBD.out, proofs/SIG_TLS_17D60FBD.out and proofs/PK_TLS_17D60FBD.der
Signature verification succeeds
[TLS] Server time: 1619387993
[TLS] client_random  (32): 1086EF7AD9F7E3FE4600BC25F622BEE88761EBE5BF9C94EB9095EE63D3C16542
[TLS] sign_hash (32): 1004DFB9F5ED3A74BB92DEC4F1CB9AB69B46450837BEB5549AE0EB914E397712
[TLS] Written transcript to proofs/MSG_TLS_1086EF7A.out, proofs/SIG_TLS_1086EF7A.out and proofs/PK_TLS_1086EF7A.der
Signature verification succeeds
[TLS] Server time: 1619387993
[TLS] client_random  (32): A520538CF7A6D2E65E45A1BA68D88F73089684067551D8FFD2999C44D9D8B04E
[TLS] sign_hash (32): 61DBB6FA889099CEF974A8E7252A0B3CA13344554E737A6B550859D90E9FDADD
[TLS] Written transcript to proofs/MSG_TLS_A520538C.out, proofs/SIG_TLS_A520538C.out and proofs/PK_TLS_A520538C.der
Signature verification succeeds
[TLS] Server time: 1619387993
[TLS] client_random  (32): 2FAB58BD6D7C73604C0119658A4C33C375E94BBED173FCF94CBEFA03EC82D49B
[TLS] sign_hash (32): F2539399ED7171F68FF8D78FE1AC5CCA591F379B952042E03470280777FBC30E
[TLS] Written transcript to proofs/MSG_TLS_2FAB58BD.out, proofs/SIG_TLS_2FAB58BD.out and proofs/PK_TLS_2FAB58BD.der
Signature verification succeeds
[TLS] Server time: 1619387993
[TLS] client_random  (32): AE1758E8EF93C7597BC014818DCD3E685686DC9E50B63E8B3CC7CBFA1DBBE3A8
[TLS] sign_hash (32): 81943AC700297A850EA7E6C10A8092CFCEC5787612E34D0FF91A431740EAA658
[TLS] Written transcript to proofs/MSG_TLS_AE1758E8.out, proofs/SIG_TLS_AE1758E8.out and proofs/PK_TLS_AE1758E8.der
Signature verification succeeds
[TLS] Server time: 1619387993
[TLS] client_random  (32): 9AB27CA89F9BAC09CF1B42F6C44719FCA7FACDB948EF453DCA91804D2466ECA5
[TLS] sign_hash (32): 453B05307A86A9CA87195F748D7F8BCA346287301C7417DA4CDE7FED77B7E5A7
[TLS] Written transcript to proofs/MSG_TLS_9AB27CA8.out, proofs/SIG_TLS_9AB27CA8.out and proofs/PK_TLS_9AB27CA8.der
Signature verification succeeds
[TLS] Server time: 1619387993
[TLS] client_random  (32): C218DAA3ACAF8B31FB3D8C6F386AC712E963BF1266213AA5A66EADAA372877B0
[TLS] sign_hash (32): 5B4A2A7FE1010E09FB40E6B45F369EE67C118E4559EC332E02BE02FA9B416616
[TLS] Written transcript to proofs/MSG_TLS_C218DAA3.out, proofs/SIG_TLS_C218DAA3.out and proofs/PK_TLS_C218DAA3.der
Signature verification succeeds
[TLS] Server time: 1619387993
[TLS] client_random  (32): 40792580E41F4E6DA88ED8849547D27D7F11EF7C2D0A3E0FE20CD7CE50511EF5
[TLS] sign_hash (32): D2132DE8CCE8FB16372F94A5F3AB4F2985D61A2BD55522FD7427E5B8AB37D490
[TLS] Written transcript to proofs/MSG_TLS_40792580.out, proofs/SIG_TLS_40792580.out and proofs/PK_TLS_40792580.der
Signature verification succeeds
[TLS] Server time: 1619387993
[TLS] client_random  (32): 78E2A5E7CC8FF70E377586BF837807BE963C06F11731B873201B4525CF2031A7
[TLS] sign_hash (32): 37270BA2F2F2483206C30468E02743EDD9BB072C83EF5944AF9F417985B8B49D
[TLS] Written transcript to proofs/MSG_TLS_78E2A5E7.out, proofs/SIG_TLS_78E2A5E7.out and proofs/PK_TLS_78E2A5E7.der
Signature verification succeeds
[TLS] Server time: 1619387993
[TLS] client_random  (32): 2ACB15403947F26EE17EA6D6109431DCAA61910AE6EA01F6C558AB8ED7C6A071
[TLS] sign_hash (32): 3FF3B7AC350B4BD028307307A4A25B3C2B1C5A54A2A044C94021DB8691936160
[TLS] Written transcript to proofs/MSG_TLS_2ACB1540.out, proofs/SIG_TLS_2ACB1540.out and proofs/PK_TLS_2ACB1540.der
Signature verification succeeds
[TLS] Server time: 1619387993
[TLS] client_random  (32): 642EFC4814C3137C96B4AC1F9FE15895CDE8272CFA73347CD237CCB390A07445
[TLS] sign_hash (32): C72623F2772E55CCC6B5804CDF1B30826F336BC54C3442F059F99E2857B22A4F
[TLS] Written transcript to proofs/MSG_TLS_642EFC48.out, proofs/SIG_TLS_642EFC48.out and proofs/PK_TLS_642EFC48.der
Signature verification succeeds
[TLS] Server time: 1619387993
[TLS] client_random  (32): 4424F224F39CE75462E65CD3A8DDF3C8DF1CCE03178B47BA8AD2135C31A9AACC
[TLS] sign_hash (32): 758539CACA9DABBE8BDE4911053992FBFED6C9FDAE307B83A1DFC112A6EAFEA9
[TLS] Written transcript to proofs/MSG_TLS_4424F224.out, proofs/SIG_TLS_4424F224.out and proofs/PK_TLS_4424F224.der
Signature verification succeeds
[TLS] Server time: 1619387993
[TLS] client_random  (32): D18EEAA753E4386F7A2C89BD8F91225F3BCF6794ED423AD95E3825439B15F6B3
[TLS] sign_hash (32): 35613E8F20209F2437B0434133F082A829FC4D47B970836B3734A28D96B131D0
[TLS] Written transcript to proofs/MSG_TLS_D18EEAA7.out, proofs/SIG_TLS_D18EEAA7.out and proofs/PK_TLS_D18EEAA7.der
Signature verification succeeds
[TLS] Server time: 1619387993
[TLS] client_random  (32): EAC40BD009434602D193A252D55922A5E7E0E26D96BEC28B0DAE83F4497A3034
[TLS] sign_hash (32): 9A53A3BF18C1EEDA715F658BAF1AB5BAFEB9E9271F00A55C7B6B45FC4C01D64B
[TLS] Written transcript to proofs/MSG_TLS_EAC40BD0.out, proofs/SIG_TLS_EAC40BD0.out and proofs/PK_TLS_EAC40BD0.der
Signature verification succeeds
[TLS] Server time: 1619387993
[TLS] client_random  (32): 81D02BC0405C185336E7396250CE2067EC3D50E6CCA3C3293AF7C80CD3272496
[TLS] sign_hash (32): 494959B1798319E3B382195020DCD69B346ED8AFDF04BED1B195559160038DD3
[TLS] Written transcript to proofs/MSG_TLS_81D02BC0.out, proofs/SIG_TLS_81D02BC0.out and proofs/PK_TLS_81D02BC0.der
Signature verification succeeds
[TLS] Server time: 1619387993
[TLS] client_random  (32): 4BCC8F2D473F213AFF1EE6D9164396B84C7AB265B925E9F60F917AB60B764008
[TLS] sign_hash (32): D9DFD39A05592BFE17DFD641D1CB999C9A72AD896F82EF09A75202A9D7C677DD
[TLS] Written transcript to proofs/MSG_TLS_4BCC8F2D.out, proofs/SIG_TLS_4BCC8F2D.out and proofs/PK_TLS_4BCC8F2D.der
Signature verification succeeds
[TLS] Server time: 1619387993
[TLS] client_random  (32): 9AF7789B999FF79D52FAC4C5896F50052E60607018CE64D9A934DE472835B06A
[TLS] sign_hash (32): BC221C2BE8BD84492DEC80FDAB54A12764B032FCEA2B2ED5853D4BC8D6866821
[TLS] Written transcript to proofs/MSG_TLS_9AF7789B.out, proofs/SIG_TLS_9AF7789B.out and proofs/PK_TLS_9AF7789B.der
Signature verification succeeds
[TLS] Server time: 1619387993
[TLS] client_random  (32): 05F5D98F2876A02E40FB2EDCC6EE9134AD68399F6F88455DF985EF27C2A7F504
[TLS] sign_hash (32): 824E08F46FDDF154F46DB5D74BC1855321066D548BC4CB6171D24E83B89E386B
[TLS] Written transcript to proofs/MSG_TLS_05F5D98F.out, proofs/SIG_TLS_05F5D98F.out and proofs/PK_TLS_05F5D98F.der
Signature verification succeeds
[TLS] Server time: 1619387993
[TLS] client_random  (32): 069E65D32169E3A444E7A1444E091007867E1490A838A81F3B55056A41010808
[TLS] sign_hash (32): DBC356FF6EAD3E20E811514D4BA09F52AE728B649CF6437B1524A84B7C772AED
[TLS] Written transcript to proofs/MSG_TLS_069E65D3.out, proofs/SIG_TLS_069E65D3.out and proofs/PK_TLS_069E65D3.der
Signature verification succeeds
[TLS] Server time: 1619387993
[TLS] client_random  (32): F751243A1A54ABD22E21243181BFD41DD1C50FB258D4181D45B7EADCBDB4C9EA
[TLS] sign_hash (32): D4EFB9CA5E9B1637AB5116C4756D36ADECEF44DC2A131A7BCE623D8E0701DCE0
[TLS] Written transcript to proofs/MSG_TLS_F751243A.out, proofs/SIG_TLS_F751243A.out and proofs/PK_TLS_F751243A.der
Signature verification succeeds
[TLS] Server time: 1619387993
[TLS] client_random  (32): DC5905CEC69B58F092B4ACA746EA20FA4638C95A93A095D62288C01DA1705123
[TLS] sign_hash (32): E1C8EAF3C11A06ACCDE5D7A96DC68D8F64F477DE2018853367CA91187EEEE85F
[TLS] Written transcript to proofs/MSG_TLS_DC5905CE.out, proofs/SIG_TLS_DC5905CE.out and proofs/PK_TLS_DC5905CE.der
Signature verification succeeds
[TLS] Server time: 1619387993
[TLS] client_random  (32): 14375673BE2654B8AA56C6F2C216D54A4A928E4DCFCACD3164A34A9E2BEF2E60
[TLS] sign_hash (32): 34F6E35F002A3120908C3335D3FFC612B72C3FE25F0705257F1408755052493F
[TLS] Written transcript to proofs/MSG_TLS_14375673.out, proofs/SIG_TLS_14375673.out and proofs/PK_TLS_14375673.der
Signature verification succeeds
[TLS] Server time: 1619387993
[TLS] client_random  (32): 09198ECD5CED4AE9BC303F71BF0F9C96876886406CD64E580E8058D62938C997
[TLS] sign_hash (32): 8B707F8115727A290248C35E6EB37D221C5ECF55599D9B55A521C2B5CD65EA50
[TLS] Written transcript to proofs/MSG_TLS_09198ECD.out, proofs/SIG_TLS_09198ECD.out and proofs/PK_TLS_09198ECD.der
Signature verification succeeds
[TLS] Server time: 1619387993
[TLS] client_random  (32): DD09CEC521E92B29F862E8CEA389D9A8DD0EDBD332DBC2F0BA402AF5EB856D8C
[TLS] sign_hash (32): EBFD5527A8F06862AE1FE44A9EFD35B80752CB8B39254DF9398CB594970B9DDA
[TLS] Written transcript to proofs/MSG_TLS_DD09CEC5.out, proofs/SIG_TLS_DD09CEC5.out and proofs/PK_TLS_DD09CEC5.der
Signature verification succeeds
[TLS] Server time: 1619387993
[TLS] client_random  (32): A0F9F183DC110F930BEB367915A5CC96AACB6287D7C45D7E061711689A6D0DBC
[TLS] sign_hash (32): C73DA876BF579501DA0DF8C14BE476D3995C872F7D6BBAB7B4BBA1D6356AB1A8
[TLS] Written transcript to proofs/MSG_TLS_A0F9F183.out, proofs/SIG_TLS_A0F9F183.out and proofs/PK_TLS_A0F9F183.der
Signature verification succeeds
[TLS] Server time: 1619387993
[TLS] client_random  (32): 19557020F14C3DD3E687FC1A7DEEA0B5068BB576FFC8770DB0702C2AD9D5E4CE
[TLS] sign_hash (32): 280F90E5313F4D72F9A1681E8865D9E50282744F9D22F5B9EB38EEB841B1D173
[TLS] Written transcript to proofs/MSG_TLS_19557020.out, proofs/SIG_TLS_19557020.out and proofs/PK_TLS_19557020.der
Signature verification succeeds
[TLS] Server time: 1619387993
[TLS] client_random  (32): 14AAFB0B90B560805B7A644E7D2B130918DD509F49209493CD3CD226311F2350
[TLS] sign_hash (32): 062254E24A95E12751F402371E71A6B27220FE84E5167544753883D4C447A9DC
[TLS] Written transcript to proofs/MSG_TLS_14AAFB0B.out, proofs/SIG_TLS_14AAFB0B.out and proofs/PK_TLS_14AAFB0B.der
Signature verification succeeds
[TLS] Server time: 1619387993
[TLS] client_random  (32): 66C8DEA299585D6903BD5799546691164678188FE144CF60F74A97D2464A6014
[TLS] sign_hash (32): 4FC93EE76B167A3B6ED99676ACB64B5190EEA64F4B2FBE53CEEB65C9877A9C51
[TLS] Written transcript to proofs/MSG_TLS_66C8DEA2.out, proofs/SIG_TLS_66C8DEA2.out and proofs/PK_TLS_66C8DEA2.der
Signature verification succeeds
[TLS] Server time: 1619387993
[TLS] client_random  (32): 493861640FEC143A04ABCB4569C44ED966A369B83603AAFF86C5252DDF3C4931
[TLS] sign_hash (32): 871B5868D5FCC1C828F32D9B9D757FD3EABEE2ED51D9F0E753F9687E12F7AB3C
[TLS] Written transcript to proofs/MSG_TLS_49386164.out, proofs/SIG_TLS_49386164.out and proofs/PK_TLS_49386164.der
Signature verification succeeds
[TLS] Server time: 1619387993
[TLS] client_random  (32): 9DDE5232E2E49A87DBB92D1EE76EFADCD90770487DC11ECC2250081338D19432
[TLS] sign_hash (32): F3F5078686B62B51A89F66D388D24325802A2C084B1F45CAF85E908788D920A8
[TLS] Written transcript to proofs/MSG_TLS_9DDE5232.out, proofs/SIG_TLS_9DDE5232.out and proofs/PK_TLS_9DDE5232.der
Signature verification succeeds
[TLS] Server time: 1619387993
[TLS] client_random  (32): C40C4DB32BC418B9F9F5B5768CA43B46223DA4321216B334FD67F7C4E223CE90
[TLS] sign_hash (32): 5CA7A6408A00039C85A298B089C051B0227883B94795BD3462C0294773239CCA
[TLS] Written transcript to proofs/MSG_TLS_C40C4DB3.out, proofs/SIG_TLS_C40C4DB3.out and proofs/PK_TLS_C40C4DB3.der
Signature verification succeeds
[TLS] Server time: 1619387993
[TLS] client_random  (32): DC05574EBA6C5B8BA13D097EBC9C0E8C32F5CCFB21B11500F772AD4CF44FBFB2
[TLS] sign_hash (32): 4B83AB04D7D62AA8889E85599BC6E443D201CE23182EB96B7238BB346D3765D7
[TLS] Written transcript to proofs/MSG_TLS_DC05574E.out, proofs/SIG_TLS_DC05574E.out and proofs/PK_TLS_DC05574E.der
Signature verification succeeds
[TLS] Server time: 1619387993
[TLS] client_random  (32): B87867C13AB59730666E65EA0273FF4687E31B47D6D32F174AD42B924181E61A
[TLS] sign_hash (32): 0CBEE92D85C7B7FC7D2DE197D5AA762B67037EA51CB449847FB6C5FEC9AA7394
[TLS] Written transcript to proofs/MSG_TLS_B87867C1.out, proofs/SIG_TLS_B87867C1.out and proofs/PK_TLS_B87867C1.der
Signature verification succeeds
[TLS] Server time: 1619387993
[TLS] client_random  (32): 796E4FD8DBAE56BE78B49D4A5D830806EEE7682CD7A19484F73468BD294AD3F6
[TLS] sign_hash (32): 6B996D3CA5CE0BB62006CB28748384B9119CAD87D13B9FF5DFACF1C4413F90AB
[TLS] Written transcript to proofs/MSG_TLS_796E4FD8.out, proofs/SIG_TLS_796E4FD8.out and proofs/PK_TLS_796E4FD8.der
Signature verification succeeds
[TLS] Server time: 1619387994
[TLS] client_random  (32): 294B4DD0AC6F3B8E870094DC992CB88CE5C58AE9E3E20FC82A387D36DF040D8B
[TLS] sign_hash (32): EF58D0D6E77770D0813565F2DAB1AFD52B1856864CCD6F8EAD14D8B98FFE9C4A
[TLS] Written transcript to proofs/MSG_TLS_294B4DD0.out, proofs/SIG_TLS_294B4DD0.out and proofs/PK_TLS_294B4DD0.der
Signature verification succeeds
[TLS] Server time: 1619387994
[TLS] client_random  (32): 95B9BB3FC900682D6C706DFDCCAE2CE76DAE3FC41254A2C3B1B0F05C28A4D1C5
[TLS] sign_hash (32): D2C1524625798C63612717A4BA77727D7EEABA590C89D75BCF9CEAAA990F6225
[TLS] Written transcript to proofs/MSG_TLS_95B9BB3F.out, proofs/SIG_TLS_95B9BB3F.out and proofs/PK_TLS_95B9BB3F.der
Signature verification succeeds
[TLS] Server time: 1619387994
[TLS] client_random  (32): 8F9F5B9E0098AA24D5F893ACCCDFC1D658E014736EE4B2D6DA64D2B7202A724B
[TLS] sign_hash (32): 72DD791C5A29164BA337B0D2219CC4C42A690E7A631321AA22FCB0606BAA4224
[TLS] Written transcript to proofs/MSG_TLS_8F9F5B9E.out, proofs/SIG_TLS_8F9F5B9E.out and proofs/PK_TLS_8F9F5B9E.der
Signature verification succeeds
[TLS] Server time: 1619387994
[TLS] client_random  (32): BB7E978D49316A3F8261DD7CAABD61E6CD8BB199542F25A800E19CB52CF2FBC2
[TLS] sign_hash (32): 415DF467FDD1CCB6D28D3E0BBA116D328A99FE2C07E99D8091767078296C6087
[TLS] Written transcript to proofs/MSG_TLS_BB7E978D.out, proofs/SIG_TLS_BB7E978D.out and proofs/PK_TLS_BB7E978D.der
Signature verification succeeds
[TLS] Server time: 1619387994
[TLS] client_random  (32): 9DF11DAF02907ACEEBC846C6E56BD824CD5314F8676EAC46F5504B17D8D77647
[TLS] sign_hash (32): 83E82EEDE3C003C1D2C35C9287DFD48E7DA00F77B23FEDAAF930CEB9456A07C5
[TLS] Written transcript to proofs/MSG_TLS_9DF11DAF.out, proofs/SIG_TLS_9DF11DAF.out and proofs/PK_TLS_9DF11DAF.der
Signature verification succeeds
[TLS] Server time: 1619387994
[TLS] client_random  (32): 93AF049DDE365B3CC2950ED4A181072D3A0387E8057A2909F9BA57914B77AE0A
[TLS] sign_hash (32): 9B551E45CD7E0194AD71EC50587F6E4F9596A1B04440CC5CCDCA8C82640A0D51
[TLS] Written transcript to proofs/MSG_TLS_93AF049D.out, proofs/SIG_TLS_93AF049D.out and proofs/PK_TLS_93AF049D.der
Signature verification succeeds
[TLS] Server time: 1619387994
[TLS] client_random  (32): 7338CD9331C5FB3CDD90CDB67D31D197910B5A470FC0BCA0596D25306E4B6E26
[TLS] sign_hash (32): 55460EB38345396F3FDE886D8BD282585FD6AD94C2A4E32A4FD8EE6536026B31
[TLS] Written transcript to proofs/MSG_TLS_7338CD93.out, proofs/SIG_TLS_7338CD93.out and proofs/PK_TLS_7338CD93.der
Signature verification succeeds
[TLS] Server time: 1619387994
[TLS] client_random  (32): B50AF40F7CC024940CDC3424A9E419FB4E8AAB2560837B3258AE56B08D7C080E
[TLS] sign_hash (32): 8E5B151F30838BDF687BC221CE7CE74CAB53774545E160D8EDA6EBF4F9562DAB
[TLS] Written transcript to proofs/MSG_TLS_B50AF40F.out, proofs/SIG_TLS_B50AF40F.out and proofs/PK_TLS_B50AF40F.der
Signature verification succeeds
[TLS] Server time: 1619387994
[TLS] client_random  (32): 33FC907AE5E4922D7F66D614E89544FB295D41EBC90E1CE01B089150B90830C4
[TLS] sign_hash (32): 8D398FC36B789F827E047CF1991199EAF610610276077CECA7090E174F02F707
[TLS] Written transcript to proofs/MSG_TLS_33FC907A.out, proofs/SIG_TLS_33FC907A.out and proofs/PK_TLS_33FC907A.der
Signature verification succeeds
[TLS] Server time: 1619387994
[TLS] client_random  (32): BEDA79E3DF84342B1F22F9E017CA0FFAC332F8E457B47E0B190FB89245F82E68
[TLS] sign_hash (32): 8FA58B667656B286837C69290175880A097712666EF7A8C4EC3AA5455CBF6334
[TLS] Written transcript to proofs/MSG_TLS_BEDA79E3.out, proofs/SIG_TLS_BEDA79E3.out and proofs/PK_TLS_BEDA79E3.der
Signature verification succeeds
[TLS] Server time: 1619387994
[TLS] client_random  (32): 228B3A363581943F7D096295C9E26546EADBE19B8D9AAE03C23A94F67F89C7FB
[TLS] sign_hash (32): 0818EB02B5BEE4B6774B7AFEAC816ACA1224FEA1E2A327B6E16B005FCB7FCE0B
[TLS] Written transcript to proofs/MSG_TLS_228B3A36.out, proofs/SIG_TLS_228B3A36.out and proofs/PK_TLS_228B3A36.der
Signature verification succeeds
[TLS] Server time: 1619387994
[TLS] client_random  (32): 6B9FC94C7495EA1105C0CE715AE452E09B0B67F2975831FE444B9BE4D95E8713
[TLS] sign_hash (32): C6D97D1D18C0A1524CF83D0B267A9D592439AD460023515161B60BBBE5072745
[TLS] Written transcript to proofs/MSG_TLS_6B9FC94C.out, proofs/SIG_TLS_6B9FC94C.out and proofs/PK_TLS_6B9FC94C.der
Signature verification succeeds
[TLS] Server time: 1619387994
[TLS] client_random  (32): 59A3CD95C5BC379B88A2A9C95EEB9BE620FBA77E2E961C56B43827E60830F653
[TLS] sign_hash (32): 7149587588850A46C93FB8E2847565E081678A64DFC3CF029FBAE31AE6A7629C
[TLS] Written transcript to proofs/MSG_TLS_59A3CD95.out, proofs/SIG_TLS_59A3CD95.out and proofs/PK_TLS_59A3CD95.der
Signature verification succeeds
[TLS] Server time: 1619387994
[TLS] client_random  (32): E4C91B8BA4864D25F44FA4F8DCA26436CA20ED33633F6058CF77D6829B79C159
[TLS] sign_hash (32): FA72E47D6D2742B673CAD51682B96B508DA2C02EB523CF780185FEDCE7516DEB
[TLS] Written transcript to proofs/MSG_TLS_E4C91B8B.out, proofs/SIG_TLS_E4C91B8B.out and proofs/PK_TLS_E4C91B8B.der
Signature verification succeeds
[TLS] Server time: 1619387994
[TLS] client_random  (32): CCCE52078F611BB68790A386AF6210CBC6E9ADC96D5731B380D701400C3F79E8
[TLS] sign_hash (32): 4B3C6CC7E2762F4FD72641EFB6A8BB9333C03CABFBEF95B49E993549A59F34A4
[TLS] Written transcript to proofs/MSG_TLS_CCCE5207.out, proofs/SIG_TLS_CCCE5207.out and proofs/PK_TLS_CCCE5207.der
Signature verification succeeds
[TLS] Server time: 1619387994
[TLS] client_random  (32): C571FC83D4D606D1502CF6CF1703B4122E5899819AE687B3E93025E15494DE54
[TLS] sign_hash (32): DAFB0B1E735F5905904C90C92FC69DF9EEBB60380435B4735BDE136B9064E8A0
[TLS] Written transcript to proofs/MSG_TLS_C571FC83.out, proofs/SIG_TLS_C571FC83.out and proofs/PK_TLS_C571FC83.der
Signature verification succeeds
[TLS] Server time: 1619387994
[TLS] client_random  (32): EB4D76E0A29F4CC64116B9174AFE1327BB26ACE1A38DA1291722AD41927AE53A
[TLS] sign_hash (32): 16CE6F73B01BF611ADFE5D2A2F3BCC892006F20B0A9269270B8D502D58FF222F
[TLS] Written transcript to proofs/MSG_TLS_EB4D76E0.out, proofs/SIG_TLS_EB4D76E0.out and proofs/PK_TLS_EB4D76E0.der
Signature verification succeeds
[TLS] Server time: 1619387994
[TLS] client_random  (32): E410A266E0E84BC653DC4392AAB17F811C81CCA494B9B232A178D818C94CDB32
[TLS] sign_hash (32): 5413FFCC1CE22313943A7BB4456EBD0834E23657C1F175F50C786CE76BDA9FFC
[TLS] Written transcript to proofs/MSG_TLS_E410A266.out, proofs/SIG_TLS_E410A266.out and proofs/PK_TLS_E410A266.der
Signature verification succeeds
[TLS] Server time: 1619387994
[TLS] client_random  (32): EBD541D493ED5ECFC92ABBC9C3C39E08FAF497ACDD8DBF2987062170CAFA7E80
[TLS] sign_hash (32): 688CBB479BA1268CE275AA773CAFB800D51ABE8C2BC1DEB95DAE2C4752FF1F52
[TLS] Written transcript to proofs/MSG_TLS_EBD541D4.out, proofs/SIG_TLS_EBD541D4.out and proofs/PK_TLS_EBD541D4.der
Signature verification succeeds
[TLS] Server time: 1619387994
[TLS] client_random  (32): DF5AF9F6AA07DBB3D3E3F578F48CF14EEF06B2FCE6B634C2BB978EDED66E7840
[TLS] sign_hash (32): A66075B9A39290C8280C83BE28197C3F325515DB6FB352434C669D88C0C5392D
[TLS] Written transcript to proofs/MSG_TLS_DF5AF9F6.out, proofs/SIG_TLS_DF5AF9F6.out and proofs/PK_TLS_DF5AF9F6.der
Signature verification succeeds
[TLS] Server time: 1619387994
[TLS] client_random  (32): 371426639CFE8C0FD06ED9F4E7D24633B943344D24A6DCCFFDFE143338463717
[TLS] sign_hash (32): 18AA9E31EBFDA4476DBD64AE8D2452141B392DE1CD8E14D1A83214DE05F792B0
[TLS] Written transcript to proofs/MSG_TLS_37142663.out, proofs/SIG_TLS_37142663.out and proofs/PK_TLS_37142663.der
Signature verification succeeds
[TLS] Server time: 1619387994
[TLS] client_random  (32): E91960735B8489D47C5DBF41F2F137E2279368D17AC0D20758C0EAB4D6E3838A
[TLS] sign_hash (32): 36D17054922DAC955AAC5D6D71221BE696FCD18DBD4F6120C36A77BAF672055A
[TLS] Written transcript to proofs/MSG_TLS_E9196073.out, proofs/SIG_TLS_E9196073.out and proofs/PK_TLS_E9196073.der
Signature verification succeeds
[TLS] Server time: 1619387994
[TLS] client_random  (32): C6FD4B65494C1482C33A5AB26C332091942051054F394EFD936D0C1181BFA204
[TLS] sign_hash (32): D2ECE2B145D7D9CC8934BD3B72590193328CA40790FBCD6FB3B02F91799A1C43
[TLS] Written transcript to proofs/MSG_TLS_C6FD4B65.out, proofs/SIG_TLS_C6FD4B65.out and proofs/PK_TLS_C6FD4B65.der
Signature verification succeeds
[TLS] Server time: 1619387994
[TLS] client_random  (32): 8AD5BC2780737D2DDAF855846DD519A4DAC8E9DA6F08209BDE472EF758227BE2
[TLS] sign_hash (32): DEE68FD5449AAC5CD0A8F14CB61848C690A2037BBEF50E85E597D04A00ABD0C4
[TLS] Written transcript to proofs/MSG_TLS_8AD5BC27.out, proofs/SIG_TLS_8AD5BC27.out and proofs/PK_TLS_8AD5BC27.der
Signature verification succeeds
[TLS] Server time: 1619387994
[TLS] client_random  (32): C187F2F7E2ADCABC9E3DE9C500EB8E19B1148D32B77F1485D485502BFBA78F83
[TLS] sign_hash (32): E9EA6B0DB2C96245636F53660C08F2E7304FDCB7E4B34454EC7F5F444B2A2BB2
[TLS] Written transcript to proofs/MSG_TLS_C187F2F7.out, proofs/SIG_TLS_C187F2F7.out and proofs/PK_TLS_C187F2F7.der
Signature verification succeeds
[TLS] Server time: 1619387994
[TLS] client_random  (32): 7B31C6CAB55EC9D5333DA3AECB0B3BF4EE5C2FDC342602623D07059F7C987425
[TLS] sign_hash (32): 064FC7344DB9E03BEF7F47D93F035E77655C1A8E4B66CAFB81ACA74CB097125E
[TLS] Written transcript to proofs/MSG_TLS_7B31C6CA.out, proofs/SIG_TLS_7B31C6CA.out and proofs/PK_TLS_7B31C6CA.der
Signature verification succeeds
[TLS] Server time: 1619387994
[TLS] client_random  (32): DCB29FD725B286DD56BC0803497DE336215E69D99273F8124CF1F473476FE915
[TLS] sign_hash (32): 2289C805861404A0C6B162E91CC49BE2F3C50265D425EE813DA8110E92909AC9
[TLS] Written transcript to proofs/MSG_TLS_DCB29FD7.out, proofs/SIG_TLS_DCB29FD7.out and proofs/PK_TLS_DCB29FD7.der
Signature verification succeeds
[TLS] Server time: 1619387994
[TLS] client_random  (32): FACB0EEDAEC39BB7829826E53A683D4852F818722F30853861E05B37A13C4FF7
[TLS] sign_hash (32): 3B6FDAF7F85952E081175840621DA9963DE267FD60155831D443997D1C67CF07
[TLS] Written transcript to proofs/MSG_TLS_FACB0EED.out, proofs/SIG_TLS_FACB0EED.out and proofs/PK_TLS_FACB0EED.der
Signature verification succeeds
[TLS] Server time: 1619387994
[TLS] client_random  (32): AC86E2568D58414F2774346E707840AFF29B48773A3C3F68368F8BCA26C23911
[TLS] sign_hash (32): 71B4B0DD8E68CFBB88D8116CD18CFDD90790A1CAAC247592DE07FB9CFBA2942C
[TLS] Written transcript to proofs/MSG_TLS_AC86E256.out, proofs/SIG_TLS_AC86E256.out and proofs/PK_TLS_AC86E256.der
Signature verification succeeds
[TLS] Server time: 1619387994
[TLS] client_random  (32): C511F5621B6B34207104BE38DEEC0EDFCD7B8B6599DACB1C6DD6360DB0896285
[TLS] sign_hash (32): 3E378058A59C417325CF31FBBF3C3B95B0C6E2067B19C1E81BB0DB1A4090BD9A
[TLS] Written transcript to proofs/MSG_TLS_C511F562.out, proofs/SIG_TLS_C511F562.out and proofs/PK_TLS_C511F562.der
Signature verification succeeds
[TLS] Server time: 1619387994
[TLS] client_random  (32): 755C49F62C1C6693A8067E26E960220924B72207EA7036318CB70D4D9C82A5C2
[TLS] sign_hash (32): DC9C45A1E1F212FEC7B91F17A9549588911AE8986DEFB397AC59064BBF17B13D
[TLS] Written transcript to proofs/MSG_TLS_755C49F6.out, proofs/SIG_TLS_755C49F6.out and proofs/PK_TLS_755C49F6.der
Signature verification succeeds
[TLS] Server time: 1619387994
[TLS] client_random  (32): 796F9AF14E4D25E92F9CE940A857AF8FCC487AB161B213986831AC917D3E2425
[TLS] sign_hash (32): 5A799E3165D08BAAB1B12BCACA92EA4FDBB30D7FB9AC345F70020A7C7A1938D2
[TLS] Written transcript to proofs/MSG_TLS_796F9AF1.out, proofs/SIG_TLS_796F9AF1.out and proofs/PK_TLS_796F9AF1.der
Signature verification succeeds
[TLS] Server time: 1619387994
[TLS] client_random  (32): A55688886BD349526E6B4D46FE486813D59C9C30CF265E58ECC19B75D0D3A0C4
[TLS] sign_hash (32): 1440CF5000873253628A72312FF89BEEEC300811A78ECDB545F567A4289FD574
[TLS] Written transcript to proofs/MSG_TLS_A5568888.out, proofs/SIG_TLS_A5568888.out and proofs/PK_TLS_A5568888.der
Signature verification succeeds
[TLS] Server time: 1619387994
[TLS] client_random  (32): D1208D23A2BBE5D3901DC28964AD06B124FD8BBC246128E4463D03B8BE299B20
[TLS] sign_hash (32): ACAA65026CBC0B659CFEEB995E1FA2B404A20C8184901D6676E3038EBD29A69E
[TLS] Written transcript to proofs/MSG_TLS_D1208D23.out, proofs/SIG_TLS_D1208D23.out and proofs/PK_TLS_D1208D23.der
Signature verification succeeds
[TLS] Server time: 1619387994
[TLS] client_random  (32): 93F10D1525B65AE559A098265C5C28E7C623A65F72C836936204B341E7BE4D97
[TLS] sign_hash (32): F7D44FD9135DC29634C08B23F461E8546DE537AA93795DAF811693A30CBF1346
[TLS] Written transcript to proofs/MSG_TLS_93F10D15.out, proofs/SIG_TLS_93F10D15.out and proofs/PK_TLS_93F10D15.der
Signature verification succeeds
[TLS] Server time: 1619387994
[TLS] client_random  (32): D335506826A7E922251D336004F7B8E85091ACA50CE3E3FF7342D4AAF5D345F6
[TLS] sign_hash (32): C0680F41BE73D76F3121E8720BE717D8E343902D02432820205A7CB02587E898
[TLS] Written transcript to proofs/MSG_TLS_D3355068.out, proofs/SIG_TLS_D3355068.out and proofs/PK_TLS_D3355068.der
Signature verification succeeds
[TLS] Server time: 1619387994
[TLS] client_random  (32): 226CE70258A887EA75466FD0482F8C46C5A385E3271FEA28322BFA79DDBD6076
[TLS] sign_hash (32): AFAD49561DE6B0D6A785C777B4760290EA7501E7029115A1C4EEB2E1FF75A87D
[TLS] Written transcript to proofs/MSG_TLS_226CE702.out, proofs/SIG_TLS_226CE702.out and proofs/PK_TLS_226CE702.der
Signature verification succeeds
[TLS] Server time: 1619387994
[TLS] client_random  (32): 4738727A3B37A0B3D8DF8C460FD71FC2681F4BF66EA2DD7D6D3CFD0D7D464DE7
[TLS] sign_hash (32): 34FBCC8BB9734749BB02D465A585176F0A3939124CA17201068C79B4ED3A52FF
[TLS] Written transcript to proofs/MSG_TLS_4738727A.out, proofs/SIG_TLS_4738727A.out and proofs/PK_TLS_4738727A.der
Signature verification succeeds
[TLS] Server time: 1619387994
[TLS] client_random  (32): 3D65672750FB99DF08019F0281459171190677123BF66EAE953432909841EFDC
[TLS] sign_hash (32): 6D78B7162CB05DD348B01FD4F1E0C27F19640E3A6B6610C1993E67C86C029439
[TLS] Written transcript to proofs/MSG_TLS_3D656727.out, proofs/SIG_TLS_3D656727.out and proofs/PK_TLS_3D656727.der
Signature verification succeeds
[TLS] Server time: 1619387994
[TLS] client_random  (32): AB60D944069070F1AD4982AF75BF129A6C3B4375B7F9EC6B5925F3E463A5C787
[TLS] sign_hash (32): EB1467150C32A2BEC56DBBED0E5FD759D671C37D8AEFAAB9CB199130573E78AD
[TLS] Written transcript to proofs/MSG_TLS_AB60D944.out, proofs/SIG_TLS_AB60D944.out and proofs/PK_TLS_AB60D944.der
Signature verification succeeds
[TLS] Server time: 1619387994
[TLS] client_random  (32): 407D5EF4EB5FA6701D6DB37FB36EBAD9346A0482E7FC4B0CE20F8C0DDB2A86C5
[TLS] sign_hash (32): 2A0A506B4E3440DEF5E5AD8E6E03E99D53980F92D6C9C4989E501B228B546E88
[TLS] Written transcript to proofs/MSG_TLS_407D5EF4.out, proofs/SIG_TLS_407D5EF4.out and proofs/PK_TLS_407D5EF4.der
Signature verification succeeds
[TLS] Server time: 1619387994
[TLS] client_random  (32): 46CD6FF6BE14B912A38608C5C5E614271082A2E97E2961CC1942814E252A36BB
[TLS] sign_hash (32): 5565B9A1D4D4370F1262951A1EF2B8040AA16AFD2C3B79C6EF4B1E9FD40D6F9D
[TLS] Written transcript to proofs/MSG_TLS_46CD6FF6.out, proofs/SIG_TLS_46CD6FF6.out and proofs/PK_TLS_46CD6FF6.der
Signature verification succeeds
[TLS] Server time: 1619387994
[TLS] client_random  (32): 9C114C849DA70BC8089A812B19A3A42AACC4999D30A3413C8C0EF0CEBAD56923
[TLS] sign_hash (32): 850A3A930606B0C2DA736ED76A16DF97789CAA59FD1A449F3E47840A2BB5BA95
[TLS] Written transcript to proofs/MSG_TLS_9C114C84.out, proofs/SIG_TLS_9C114C84.out and proofs/PK_TLS_9C114C84.der
Signature verification succeeds
[TLS] Server time: 1619387994
[TLS] client_random  (32): E3C1026C59F2E21EA598A4A94BF4BA368961D2D5C152F25635B25ADEFD53DE0B
[TLS] sign_hash (32): 9A2944960B2BD548E7C18D393BBA07CE6010264E0CE37969CB9E49EE1F6390B9
[TLS] Written transcript to proofs/MSG_TLS_E3C1026C.out, proofs/SIG_TLS_E3C1026C.out and proofs/PK_TLS_E3C1026C.der
Signature verification succeeds
[TLS] Server time: 1619387994
[TLS] client_random  (32): 691C96EB3F7F205456FC0AF22469BD99EA1E37F7BA8AEB80E240CD87D2DB2620
[TLS] sign_hash (32): B4A3FF5D420B4996054B6537BB7F98B54053E3D9BA2CE2945B96E5CF87E610B4
[TLS] Written transcript to proofs/MSG_TLS_691C96EB.out, proofs/SIG_TLS_691C96EB.out and proofs/PK_TLS_691C96EB.der
Signature verification succeeds
[TLS] Server time: 1619387994
[TLS] client_random  (32): 19BD15425BFA56AD9416E72E5C9900963FE8DDBD94E5298D3530AE28BF1E90A2
[TLS] sign_hash (32): 334FEFFF3088E91B14A4434EB07F015931C93934EFE8EA4591DC1F8718749961
[TLS] Written transcript to proofs/MSG_TLS_19BD1542.out, proofs/SIG_TLS_19BD1542.out and proofs/PK_TLS_19BD1542.der
Signature verification succeeds
[TLS] Server time: 1619387994
[TLS] client_random  (32): 45E908DEFC52A89C8C2C2AF2E979D90B31A18A8838DAC6F20D0A11A9013E7D00
[TLS] sign_hash (32): 701D828E0EE0FA0409EFB672D4C33A4A83936FB98AA847648C9B39C8CF99A7E0
[TLS] Written transcript to proofs/MSG_TLS_45E908DE.out, proofs/SIG_TLS_45E908DE.out and proofs/PK_TLS_45E908DE.der
Signature verification succeeds
[TLS] Server time: 1619387994
[TLS] client_random  (32): 058119F7F8F85D6F50E2D844FC97640375063C17800FE59AF2F8F30A1310417B
[TLS] sign_hash (32): 32D72903EFCDF4B16674AAA517610C990137D300EEF7B894C16E0FCDBBF52058
[TLS] Written transcript to proofs/MSG_TLS_058119F7.out, proofs/SIG_TLS_058119F7.out and proofs/PK_TLS_058119F7.der
Signature verification succeeds
[TLS] Server time: 1619387994
[TLS] client_random  (32): AB685F18843337249974D75DB5699B273997A3A9ACBB59C551553A9C376802B8
[TLS] sign_hash (32): 6DB513996C0EF3346E9E55AC479E5CDEB8EAB9AF129DED57AD57EB4107770354
[TLS] Written transcript to proofs/MSG_TLS_AB685F18.out, proofs/SIG_TLS_AB685F18.out and proofs/PK_TLS_AB685F18.der
Signature verification succeeds
[TLS] Server time: 1619387994
[TLS] client_random  (32): E01FB63232A60019FFFAFF8A460BB0AF6591C9DBAB87764CB1FA5BEBC2C0639C
[TLS] sign_hash (32): 7DAC827058E5D6392837274474C3147772729FA5E98AC18F4BBC7081367B346E
[TLS] Written transcript to proofs/MSG_TLS_E01FB632.out, proofs/SIG_TLS_E01FB632.out and proofs/PK_TLS_E01FB632.der
Signature verification succeeds
[TLS] Server time: 1619387994
[TLS] client_random  (32): D5CB307E8DF7AC3BC41B318D9CD054F25C49C3C7DCB9C75CD3ADFA781B841408
[TLS] sign_hash (32): 166427FC7DBB592B94C8EE27BD69102F01D845C54D2F8B60D3A4596AE12EEAD7
[TLS] Written transcript to proofs/MSG_TLS_D5CB307E.out, proofs/SIG_TLS_D5CB307E.out and proofs/PK_TLS_D5CB307E.der
Signature verification succeeds
[TLS] Server time: 1619387994
[TLS] client_random  (32): B63A728CAE62B1F973A53944E12CA209D4D66CD97F4921811EC2801CE68FEB7E
[TLS] sign_hash (32): 69D859E976E7E7A25088B220E71FB0E3B0BB752DBF9205B9F966E6FC26A05801
[TLS] Written transcript to proofs/MSG_TLS_B63A728C.out, proofs/SIG_TLS_B63A728C.out and proofs/PK_TLS_B63A728C.der
Signature verification succeeds
[TLS] Server time: 1619387994
[TLS] client_random  (32): 433B206CC0A9489D23A63404A42A71881DEC0D6BDCBAA4400362860EB2FC2413
[TLS] sign_hash (32): BB870BC4612798CFE4ED7111E057E13E98C3D9711C088839A80A7F04BF7E3242
[TLS] Written transcript to proofs/MSG_TLS_433B206C.out, proofs/SIG_TLS_433B206C.out and proofs/PK_TLS_433B206C.der
Signature verification succeeds
[TLS] Server time: 1619387994
[TLS] client_random  (32): 1051F4E80B1F220AC4E5663754B7441FA3EB344364905A33D225F6B25E8C07A6
[TLS] sign_hash (32): 19FBC44C701CD59C8C5AC56E1ABDC4C71563ECE8DC4B358275FF25325C297D58
[TLS] Written transcript to proofs/MSG_TLS_1051F4E8.out, proofs/SIG_TLS_1051F4E8.out and proofs/PK_TLS_1051F4E8.der
Signature verification succeeds
[TLS] Server time: 1619387994
[TLS] client_random  (32): C1D368A791CA63C12408DDA0A0074930D46D95BF5E673C86FD6525A1F38CE07E
[TLS] sign_hash (32): 43C50BCA38239F8DC9405A4C26ED015AAC23C4D38C14F27F911C80B333792437
[TLS] Written transcript to proofs/MSG_TLS_C1D368A7.out, proofs/SIG_TLS_C1D368A7.out and proofs/PK_TLS_C1D368A7.der
Signature verification succeeds
[TLS] Server time: 1619387994
[TLS] client_random  (32): A77AEECA97248DF39A8E5563B43F127EC5651EB6CDA75D1482AE820B9174E4E4
[TLS] sign_hash (32): 9349B219F4BCF09FF30DC3BACE966BC0F1F75977EE7C891D8C7D530C95A8F227
[TLS] Written transcript to proofs/MSG_TLS_A77AEECA.out, proofs/SIG_TLS_A77AEECA.out and proofs/PK_TLS_A77AEECA.der
Signature verification succeeds
[TLS] Server time: 1619387994
[TLS] client_random  (32): 0EF9E2415633F3AAA222984C3AD30F1399AE601669A912F4A2883A2EAF78CD36
[TLS] sign_hash (32): 3F2258F38A3E6C4BE063298CB8A4A591554DEEB6F2A0CD33778C572F71F94705
[TLS] Written transcript to proofs/MSG_TLS_0EF9E241.out, proofs/SIG_TLS_0EF9E241.out and proofs/PK_TLS_0EF9E241.der
Signature verification succeeds
[TLS] Server time: 1619387994
[TLS] client_random  (32): 0CFCE390F161F840A28D2CB00881F4CB615BAA0F867704343622F872ED85B74A
[TLS] sign_hash (32): A842C6459196AEE87B96DDAA7233F4005FE43EA56D34491AED300469A2CEBEEF
[TLS] Written transcript to proofs/MSG_TLS_0CFCE390.out, proofs/SIG_TLS_0CFCE390.out and proofs/PK_TLS_0CFCE390.der
Signature verification succeeds
[TLS] Server time: 1619387994
[TLS] client_random  (32): 0C96A4FB6AD1B5BC322612843FFD0B8D2D6BB3DAEE4DFEE108113E4F698AAE06
[TLS] sign_hash (32): DC2FD051E5789EF612961E0B66C0713DEA774C2E79AD4E6574A571DB9025479B
[TLS] Written transcript to proofs/MSG_TLS_0C96A4FB.out, proofs/SIG_TLS_0C96A4FB.out and proofs/PK_TLS_0C96A4FB.der
Signature verification succeeds
[TLS] Server time: 1619387994
[TLS] client_random  (32): F762887E3C0FA1B9EB08B54B51741AC1932662BC8572662277E177036B694D93
[TLS] sign_hash (32): F63B2EE09B6C0AF5911828773BD366E190E4C4A39C0EDE01A393A4AF0FDDD52E
[TLS] Written transcript to proofs/MSG_TLS_F762887E.out, proofs/SIG_TLS_F762887E.out and proofs/PK_TLS_F762887E.der
Signature verification succeeds
[TLS] Server time: 1619387994
[TLS] client_random  (32): E0DAE369880489CAFC484325E77576590508FFCDE6810B8D94DE1610C0E8FC3E
[TLS] sign_hash (32): E8514AD301F25C1A78C49A53E4BF08F3C09B1745E7F7BAAEDF68B8468856F4DA
[TLS] Written transcript to proofs/MSG_TLS_E0DAE369.out, proofs/SIG_TLS_E0DAE369.out and proofs/PK_TLS_E0DAE369.der
Signature verification succeeds
[TLS] Server time: 1619387994
[TLS] client_random  (32): 4F455F9BDF4E7F74AC89819D738CA387F1D3C812BB4D239376338B2AF3716227
[TLS] sign_hash (32): BEAA65E28DE0E420E08715B4453EB7C07AE8E77C815E315370DDEC743796CC3A
[TLS] Written transcript to proofs/MSG_TLS_4F455F9B.out, proofs/SIG_TLS_4F455F9B.out and proofs/PK_TLS_4F455F9B.der
Signature verification succeeds
[TLS] Server time: 1619387994
[TLS] client_random  (32): CB362D7BCE1B7ACA53CFAF9BFB1786939C284AEE33343EB0A67A84222CAB3A1C
[TLS] sign_hash (32): 7E1EF880A8A1862BAA31C603CD5A8446895649DA8F82EDDE4874051CCCB63A4B
[TLS] Written transcript to proofs/MSG_TLS_CB362D7B.out, proofs/SIG_TLS_CB362D7B.out and proofs/PK_TLS_CB362D7B.der
Signature verification succeeds
[TLS] Server time: 1619387994
[TLS] client_random  (32): D2560C867AD07A9EA6D7844A02630A974D36A4D52323363E1B86B723C7C5B38E
[TLS] sign_hash (32): ED57DBA14795091142D5F67593BE3558B503510A98D0F3E096EBE7E440F2DBDC
[TLS] Written transcript to proofs/MSG_TLS_D2560C86.out, proofs/SIG_TLS_D2560C86.out and proofs/PK_TLS_D2560C86.der
Signature verification succeeds
[TLS] Server time: 1619387994
[TLS] client_random  (32): 4C5BAD90BCAAC4509AD019CA5318A429A29B29F13EAB8787428B699A0A26EA05
[TLS] sign_hash (32): 31F35C1234BAEF9453FC6FFD1770D3A80560067FE7ED87EB95EF3854AC01B96F
[TLS] Written transcript to proofs/MSG_TLS_4C5BAD90.out, proofs/SIG_TLS_4C5BAD90.out and proofs/PK_TLS_4C5BAD90.der
Signature verification succeeds
[TLS] Server time: 1619387994
[TLS] client_random  (32): 5849A5D53F9C5F193FFB7C51E09A34ACE6CC92773CC5AAE5EC974E870EE5AAC6
[TLS] sign_hash (32): E1AFEB7A3188D5346C61C73AB863609D8EB31F7CD976025F56E0CEA064152D16
[TLS] Written transcript to proofs/MSG_TLS_5849A5D5.out, proofs/SIG_TLS_5849A5D5.out and proofs/PK_TLS_5849A5D5.der
Signature verification succeeds
[TLS] Server time: 1619387994
[TLS] client_random  (32): AB700A01788C4F860BF4EE43A972833B0A24D6F016FB5A3B6B074C1AFF4D27C4
[TLS] sign_hash (32): 8F5F161729F9D2F438D30F3350B9894E16D6ACDD2FCADA352BD44A79E0145137
[TLS] Written transcript to proofs/MSG_TLS_AB700A01.out, proofs/SIG_TLS_AB700A01.out and proofs/PK_TLS_AB700A01.der
Signature verification succeeds
[TLS] Server time: 1619387994
[TLS] client_random  (32): 4349650A5BD533DC9DDEA8F84AA83F9170B60F68635109C50C462D8E777490B0
[TLS] sign_hash (32): 7F759D462D77AA91F4F3DB48237DF287841047F2EEABF2BC40DA6352DCE1C25B
[TLS] Written transcript to proofs/MSG_TLS_4349650A.out, proofs/SIG_TLS_4349650A.out and proofs/PK_TLS_4349650A.der
Signature verification succeeds
Time breakdown (averages): anchor_ping:7.132953 file_read:0.125425 hashing:0.469936
Total time for 123 rounds is 957.722858ms
Standard deviations: anchor_ping:0.114565 file_read:0.012607 hashing:0.004318
[Client-side ops] mean:0.595360 sd:0.013163
in & out anchor rand written to proofs/phase1.out
     56 [TLS] Server time: 1619387993
     68 [TLS] Server time: 1619387994
Count is 56
Count is 68
success: 1
RESULT: 1 in 1 tries
