TLS anchor: www.american.edu
Actual: 60, Set: 123
Beginning execution at Wed Apr 28 14:30:01 UTC 2021
CONF: anchor:www.american.edu fs:1024MB n_rounds:123 seed:5c9f4bf9bbc15bb855f82faedc5a52fc3ab2dfa8ec3ba3ce1b270f31fa0cced2 filename:FILE bs:1024 nops:100 benchmarking:0 anchor_ping:1 queue_depth:32 direct:0
[TLS] Connecting to www.american.edu
[TLS] Server time: 1619620199
[TLS] client_random  (32): 5C9F4BF9BBC15BB855F82FAEDC5A52FC3AB2DFA8EC3BA3CE1B270F31FA0CCED2
[TLS] sign_hash (32): 423E825A23158FD7CC98B3F46144460E67B7D3874E4C6D3FEC84D5B3EC839098
[TLS] Written transcript to proofs/MSG_TLS_5C9F4BF9.out, proofs/SIG_TLS_5C9F4BF9.out and proofs/PK_TLS_5C9F4BF9.der
Signature verification succeeds
[TLS] Server time: 1619620199
[TLS] client_random  (32): 1A58025B0F8017BEC1A12CA5132F8AB47BE369DADD67A3745F02E5438EA84E94
[TLS] sign_hash (32): 5377BAE65165F270572332F019834465AF3B2CBF21869617716CC46E231C564B
[TLS] Written transcript to proofs/MSG_TLS_1A58025B.out, proofs/SIG_TLS_1A58025B.out and proofs/PK_TLS_1A58025B.der
Signature verification succeeds
[TLS] Server time: 1619620199
[TLS] client_random  (32): F8B9907D6B7C02F0A638A17E3ECC9F0F0C26E8D58CAEB4D949CCC957469F255B
[TLS] sign_hash (32): 1E9014B8D16877D76558766252C592CF96457FF1DDA5ECCF853D90A4BD30FF55
[TLS] Written transcript to proofs/MSG_TLS_F8B9907D.out, proofs/SIG_TLS_F8B9907D.out and proofs/PK_TLS_F8B9907D.der
Signature verification succeeds
[TLS] Server time: 1619620199
[TLS] client_random  (32): 846D06B63AC020C32EEFABC0AD28952B79C5699CA19B13F85A0F6DC5F1C6212B
[TLS] sign_hash (32): 35DB9F22EA3C6FD9642067460DA5375E665ECCD92CC1C53F3945861C4E7A0CFF
[TLS] Written transcript to proofs/MSG_TLS_846D06B6.out, proofs/SIG_TLS_846D06B6.out and proofs/PK_TLS_846D06B6.der
Signature verification succeeds
[TLS] Server time: 1619620199
[TLS] client_random  (32): E6602AEE68BD97448728C0DD658578D72CCD8B1A2DDDC548472331F029C29E43
[TLS] sign_hash (32): E620D5E2862B1906B79B2803F7B7C088D27ACB959B5CF3C7102C4FB5B4A5D62A
[TLS] Written transcript to proofs/MSG_TLS_E6602AEE.out, proofs/SIG_TLS_E6602AEE.out and proofs/PK_TLS_E6602AEE.der
Signature verification succeeds
[TLS] Server time: 1619620199
[TLS] client_random  (32): D93A60B9D793FD4D099C26FE326D6F41A4812E0E0A569442C7372A69B0E6CA45
[TLS] sign_hash (32): 395F78EDD9E43072E6804FBDAD5D1991473814E51B42594728137F5AF905B776
[TLS] Written transcript to proofs/MSG_TLS_D93A60B9.out, proofs/SIG_TLS_D93A60B9.out and proofs/PK_TLS_D93A60B9.der
Signature verification succeeds
[TLS] Server time: 1619620199
[TLS] client_random  (32): 7DF817A9BE744A2AC8DD263900E8DD2B22B06830173D43B3C5A7D88308A1F5F2
[TLS] sign_hash (32): 3950B4E7D98F869BA2CE7FD753C3EDBB2056724DD6ED941DB738229308AB207A
[TLS] Written transcript to proofs/MSG_TLS_7DF817A9.out, proofs/SIG_TLS_7DF817A9.out and proofs/PK_TLS_7DF817A9.der
Signature verification succeeds
[TLS] Server time: 1619620199
[TLS] client_random  (32): 14E94D8D20F80A1D18385CFDB332ABF212D8CBD675780C42C21AED7ABEAE8428
[TLS] sign_hash (32): 949B028232B5F66626B0817D298C659671591BE0A74C71FE7B640C93B32183BD
[TLS] Written transcript to proofs/MSG_TLS_14E94D8D.out, proofs/SIG_TLS_14E94D8D.out and proofs/PK_TLS_14E94D8D.der
Signature verification succeeds
[TLS] Server time: 1619620199
[TLS] client_random  (32): F8EAEDA7EA645F57228B47BAC23E95EA4BB77DB88C78AE68429B9F000002015D
[TLS] sign_hash (32): 105DFB7586291550E6594F381A83DDAB6555AC2043816AFC554653861A0B17FA
[TLS] Written transcript to proofs/MSG_TLS_F8EAEDA7.out, proofs/SIG_TLS_F8EAEDA7.out and proofs/PK_TLS_F8EAEDA7.der
Signature verification succeeds
[TLS] Server time: 1619620199
[TLS] client_random  (32): 8C6615793A1D4563924242098B740D905F6EA9403BF806EAEB9E79531F07BAF2
[TLS] sign_hash (32): E257D67DE63CDDC2E4D2BFB6AAE40DA1EB1F1C7D0B0FA50B66CA8C6CD02D4538
[TLS] Written transcript to proofs/MSG_TLS_8C661579.out, proofs/SIG_TLS_8C661579.out and proofs/PK_TLS_8C661579.der
Signature verification succeeds
[TLS] Server time: 1619620199
[TLS] client_random  (32): 7D5D0250EC317D7D1C30F4F0917B91E9532C6C7AC595CFD967F1D4574B3E1112
[TLS] sign_hash (32): 326E89760464793FD3E3F75E1C31B775E51296BFDE8719C8529BC0E1A1EAE048
[TLS] Written transcript to proofs/MSG_TLS_7D5D0250.out, proofs/SIG_TLS_7D5D0250.out and proofs/PK_TLS_7D5D0250.der
Signature verification succeeds
[TLS] Server time: 1619620199
[TLS] client_random  (32): 6E84DD35B817A2BBC6E0A35AB95C7BDCFD684B92E546DFE41380D52C57FE8148
[TLS] sign_hash (32): 5254284D007D223BE7363E7760C35EB524843BE5DAB60720F0D8B95292FD3999
[TLS] Written transcript to proofs/MSG_TLS_6E84DD35.out, proofs/SIG_TLS_6E84DD35.out and proofs/PK_TLS_6E84DD35.der
Signature verification succeeds
[TLS] Server time: 1619620199
[TLS] client_random  (32): 1A984A9DD541D41D885EFB6906701BA9B4F7F1CDFB294E1AB2CB51BF37412D12
[TLS] sign_hash (32): 517E19133E20FC5FE6FCAE461FE6D1EA1A15B72BB673EF5729FAF8A8FC52E8C6
[TLS] Written transcript to proofs/MSG_TLS_1A984A9D.out, proofs/SIG_TLS_1A984A9D.out and proofs/PK_TLS_1A984A9D.der
Signature verification succeeds
[TLS] Server time: 1619620199
[TLS] client_random  (32): 4EB2E119C4072EC83BE8D0D7D109295672BED791E7CC007DBA08B2B7B5AA2607
[TLS] sign_hash (32): D3B1D40E339DDD8D9848100046795A37BB851DDA01386D6DD2B97F89C29F8C7C
[TLS] Written transcript to proofs/MSG_TLS_4EB2E119.out, proofs/SIG_TLS_4EB2E119.out and proofs/PK_TLS_4EB2E119.der
Signature verification succeeds
[TLS] Server time: 1619620199
[TLS] client_random  (32): 1B44A24BE2AD7BC3C83F60CB19704FBC4941986C1FE7BE9A73BEDF5D96E62158
[TLS] sign_hash (32): 065CC5523BC2AD7C969D6768928059106132277E358F9C9D30D0B7D3FF9CBEB2
[TLS] Written transcript to proofs/MSG_TLS_1B44A24B.out, proofs/SIG_TLS_1B44A24B.out and proofs/PK_TLS_1B44A24B.der
Signature verification succeeds
[TLS] Server time: 1619620199
[TLS] client_random  (32): E0B369F026BF21C6D52F5544A308F2451A00905481DD321843A92EE6BDBD3D90
[TLS] sign_hash (32): 9DCDB8155856E3C3930A553C5031E2FBA55ECE37996F651345FE431AEC9A4C75
[TLS] Written transcript to proofs/MSG_TLS_E0B369F0.out, proofs/SIG_TLS_E0B369F0.out and proofs/PK_TLS_E0B369F0.der
Signature verification succeeds
[TLS] Server time: 1619620199
[TLS] client_random  (32): 4840BE0FD17B731966DAD8B912C8C8C31AE6CB5D1A711480ECF14B1AF18717B7
[TLS] sign_hash (32): 51EABE90CDB0CDFF53AB2A3F99581C61D36FD000AA438E5314E1421C9BE42FBE
[TLS] Written transcript to proofs/MSG_TLS_4840BE0F.out, proofs/SIG_TLS_4840BE0F.out and proofs/PK_TLS_4840BE0F.der
Signature verification succeeds
[TLS] Server time: 1619620199
[TLS] client_random  (32): 47A4634637F74F67A20C5E7E7FC1EF06FEBE65CF27FC9D9CF99EC3857544D740
[TLS] sign_hash (32): 5B569892E6E911213F9A65CFF3264ED15EC616EB4DD3CB874311887707DE48B4
[TLS] Written transcript to proofs/MSG_TLS_47A46346.out, proofs/SIG_TLS_47A46346.out and proofs/PK_TLS_47A46346.der
Signature verification succeeds
[TLS] Server time: 1619620199
[TLS] client_random  (32): 1AFE65DA74D5BF9F7E389CC19F0C2ED24266CBF055F2BB4ECE0C032B06821E8F
[TLS] sign_hash (32): 0DFEF417330B1226A60DE8748E697DF0C43465681B3C52A5D47F873B003B7A0B
[TLS] Written transcript to proofs/MSG_TLS_1AFE65DA.out, proofs/SIG_TLS_1AFE65DA.out and proofs/PK_TLS_1AFE65DA.der
Signature verification succeeds
[TLS] Server time: 1619620199
[TLS] client_random  (32): 983989B179520E0F084E869C7E3F30C9DF380C5ADE07766E3830FE03E8A5EAF1
[TLS] sign_hash (32): 6433C44B737E86628A3A7876624467B338BAB244EA5965E262A7727CCD11CD1B
[TLS] Written transcript to proofs/MSG_TLS_983989B1.out, proofs/SIG_TLS_983989B1.out and proofs/PK_TLS_983989B1.der
Signature verification succeeds
[TLS] Server time: 1619620199
[TLS] client_random  (32): 90260FB63620AE7758DAC3A07B819AC64B20D0649A64BC9F4E40EF1E02B3F99F
[TLS] sign_hash (32): 336134655DA68ADD380C960E6706BBAD216DEEF58D335BE5F227E18CA317D676
[TLS] Written transcript to proofs/MSG_TLS_90260FB6.out, proofs/SIG_TLS_90260FB6.out and proofs/PK_TLS_90260FB6.der
Signature verification succeeds
[TLS] Server time: 1619620199
[TLS] client_random  (32): 023B054696626E668D9003AFBDAE95AC9431FF756C44154A6A02A10BF9F40462
[TLS] sign_hash (32): CD1CDB5619FD9C9D1FA2C88ADBA86FF32A3242FFA83A7AB3A72CB07FB959A036
[TLS] Written transcript to proofs/MSG_TLS_023B0546.out, proofs/SIG_TLS_023B0546.out and proofs/PK_TLS_023B0546.der
Signature verification succeeds
[TLS] Server time: 1619620199
[TLS] client_random  (32): 22E755CC6542957D02645AA8DDC5D5DC786F9A343890A86E1C54159D4D70B207
[TLS] sign_hash (32): 97AB1E5980F87BE0713440013D4ED01697418A2329523FE4278D3F3E51A8D6A3
[TLS] Written transcript to proofs/MSG_TLS_22E755CC.out, proofs/SIG_TLS_22E755CC.out and proofs/PK_TLS_22E755CC.der
Signature verification succeeds
[TLS] Server time: 1619620199
[TLS] client_random  (32): 636D5F16957B259795922870255B7489FD7C61955ADA8E397849C54CCEDA533C
[TLS] sign_hash (32): 2C6EB3A8E5D68B402F5E0D68EEBB11FBEE876E1AD5975716761EC2ECE2333E08
[TLS] Written transcript to proofs/MSG_TLS_636D5F16.out, proofs/SIG_TLS_636D5F16.out and proofs/PK_TLS_636D5F16.der
Signature verification succeeds
[TLS] Server time: 1619620199
[TLS] client_random  (32): D53ED9AA00D62747872E170E967B5A2A32348DAA4B37461A9C11A81CA1981FB5
[TLS] sign_hash (32): 82FAE45F2A4230EA75D445B5B859231C58992931C3C70F21DA0C55ADF6FEB718
[TLS] Written transcript to proofs/MSG_TLS_D53ED9AA.out, proofs/SIG_TLS_D53ED9AA.out and proofs/PK_TLS_D53ED9AA.der
Signature verification succeeds
[TLS] Server time: 1619620199
[TLS] client_random  (32): BA8A69BD5369B14ACCDFF0979EC000FEC9AA4ACFA5834D41785A8B212B8194EC
[TLS] sign_hash (32): 7798867344EAE231336FC7742D95DC6A0F5FAB1A897F074D9C3F81E31EA17CC9
[TLS] Written transcript to proofs/MSG_TLS_BA8A69BD.out, proofs/SIG_TLS_BA8A69BD.out and proofs/PK_TLS_BA8A69BD.der
Signature verification succeeds
[TLS] Server time: 1619620199
[TLS] client_random  (32): 86227C17A5E5A6650E32C0F3FE9ADEEA13D6AAF437AAC4D2D4ACF5148E9EAE95
[TLS] sign_hash (32): 66C8AC15C53D659BF470397C78A4C7AB942AED0D9B58F6E1E4B68725F719BED4
[TLS] Written transcript to proofs/MSG_TLS_86227C17.out, proofs/SIG_TLS_86227C17.out and proofs/PK_TLS_86227C17.der
Signature verification succeeds
[TLS] Server time: 1619620199
[TLS] client_random  (32): 624E8EACE02945945615387AF2F37B8040A323FD56D504393EA14C04F08C860C
[TLS] sign_hash (32): 9B8377C7CECF0C7E49DD6F9364542543EE2D9E96E92A2F19D27F5347F3C7E3C3
[TLS] Written transcript to proofs/MSG_TLS_624E8EAC.out, proofs/SIG_TLS_624E8EAC.out and proofs/PK_TLS_624E8EAC.der
Signature verification succeeds
[TLS] Server time: 1619620199
[TLS] client_random  (32): F52659416A389F5A3F6D26E50CDBD0F144DA1233B65D19F1511B55F8EDFEE090
[TLS] sign_hash (32): E9D405AFE3EE7420EDF88B55BFFEA3DE53A2C74D2985106B0069D236F72E2F8E
[TLS] Written transcript to proofs/MSG_TLS_F5265941.out, proofs/SIG_TLS_F5265941.out and proofs/PK_TLS_F5265941.der
Signature verification succeeds
[TLS] Server time: 1619620199
[TLS] client_random  (32): 1E82F59DE927ED359A6F0EDA7C9D63B08D91E7349DAF53F3D7D664105192C4E8
[TLS] sign_hash (32): 7C67EEE165B57D3C0FF79D38218113667B5C41CA8AD1E6CE276646AA10781AB8
[TLS] Written transcript to proofs/MSG_TLS_1E82F59D.out, proofs/SIG_TLS_1E82F59D.out and proofs/PK_TLS_1E82F59D.der
Signature verification succeeds
[TLS] Server time: 1619620199
[TLS] client_random  (32): 11CA37708641EA3005735C2A64BFE1C294350B209780AD72EDF48F6E02C81315
[TLS] sign_hash (32): 19ABCF2F1F04CF84F958171C4A80FDE74D93C5CD05D9B0526B22953665E7626D
[TLS] Written transcript to proofs/MSG_TLS_11CA3770.out, proofs/SIG_TLS_11CA3770.out and proofs/PK_TLS_11CA3770.der
Signature verification succeeds
[TLS] Server time: 1619620199
[TLS] client_random  (32): AB0F269460FA0FCEFD36AC9CE31719DC84C6D7762226FE80DA4730C0DE70AE72
[TLS] sign_hash (32): 86DD9CB3087B39DB887E9A2457363D9611AA22F4E7BE12A881FCF60A99F0D77F
[TLS] Written transcript to proofs/MSG_TLS_AB0F2694.out, proofs/SIG_TLS_AB0F2694.out and proofs/PK_TLS_AB0F2694.der
Signature verification succeeds
[TLS] Server time: 1619620199
[TLS] client_random  (32): E99364585AE5121E7A5D2DDCA4A83FAF4FBBC39F7F3D8DDD14C08CD95463793D
[TLS] sign_hash (32): 6947AA899CE818060833701BC11B4087D23C8820138F722F7649FC5B30214FC3
[TLS] Written transcript to proofs/MSG_TLS_E9936458.out, proofs/SIG_TLS_E9936458.out and proofs/PK_TLS_E9936458.der
Signature verification succeeds
[TLS] Server time: 1619620199
[TLS] client_random  (32): FC345927324909FE6DAD2E5D2587487A4482867F7710DE6651CAD4B1CAEC251C
[TLS] sign_hash (32): 0038837018B83EA5E86195080A5D894C9A0A96F0DE6112FD0075FCABB088726B
[TLS] Written transcript to proofs/MSG_TLS_FC345927.out, proofs/SIG_TLS_FC345927.out and proofs/PK_TLS_FC345927.der
Signature verification succeeds
[TLS] Server time: 1619620199
[TLS] client_random  (32): 470C0ADEA32D8F63E97B3D41A888DB9F31FF86F3ACE97CC5F93BFF1C297DB20B
[TLS] sign_hash (32): B45D5825E92E0795C0AA75841F11DA8C379B48033B9F905B6D6DE1C0A6783EED
[TLS] Written transcript to proofs/MSG_TLS_470C0ADE.out, proofs/SIG_TLS_470C0ADE.out and proofs/PK_TLS_470C0ADE.der
Signature verification succeeds
[TLS] Server time: 1619620199
[TLS] client_random  (32): B1A7810197DFD02BB03B376C03BB7C48B48494CA374726087485F9998C74AA74
[TLS] sign_hash (32): 28EC197DAB401776AEE80FE8F914A51FD2279FCE72F65623332B267827985354
[TLS] Written transcript to proofs/MSG_TLS_B1A78101.out, proofs/SIG_TLS_B1A78101.out and proofs/PK_TLS_B1A78101.der
Signature verification succeeds
[TLS] Server time: 1619620199
[TLS] client_random  (32): 4A0F7D882C2DA39820454B378BC16D5BFA26FDDCF65A669CF62627F555BE47D7
[TLS] sign_hash (32): A8DA77FBC2D89E9E0F5EB340DC3919559AA0EF5801670557EB114F39A73032AE
[TLS] Written transcript to proofs/MSG_TLS_4A0F7D88.out, proofs/SIG_TLS_4A0F7D88.out and proofs/PK_TLS_4A0F7D88.der
Signature verification succeeds
[TLS] Server time: 1619620199
[TLS] client_random  (32): 1939850C0D6801AFF670F4B85B600A61877AB77D892189B674C57A95088C0D72
[TLS] sign_hash (32): F12BF31F14954A371FBF7F90F6DD03E7B33C13976A2796B86C03F59F4A672F57
[TLS] Written transcript to proofs/MSG_TLS_1939850C.out, proofs/SIG_TLS_1939850C.out and proofs/PK_TLS_1939850C.der
Signature verification succeeds
[TLS] Server time: 1619620199
[TLS] client_random  (32): 31C26534606E5933B565FBAFA26E0E5B94AFAD0AAEFB891911AD6EC33E3CFFC1
[TLS] sign_hash (32): F3EEC99088C297BE672320B0A20791B1C94B84B548836A0CA9736855C658B684
[TLS] Written transcript to proofs/MSG_TLS_31C26534.out, proofs/SIG_TLS_31C26534.out and proofs/PK_TLS_31C26534.der
Signature verification succeeds
[TLS] Server time: 1619620199
[TLS] client_random  (32): 9F888722FDA30A1165DA3400FCD45663B172750293C0A82C3CBAEAD11A6B15E3
[TLS] sign_hash (32): 3B0B55966F0E4ABA6366E6B937962D6DCDD2542FBD0E59610EA8FDDEF11AC780
[TLS] Written transcript to proofs/MSG_TLS_9F888722.out, proofs/SIG_TLS_9F888722.out and proofs/PK_TLS_9F888722.der
Signature verification succeeds
[TLS] Server time: 1619620199
[TLS] client_random  (32): 827D0CA5CA8E285BEE5CE1D16CC5DD76AFEE721F40AB68A3EBED5463F63F3BD2
[TLS] sign_hash (32): EA6259B97C8C94C2A0E0B012191A7FC06505E28FD7CE1A9D7A830E0E3FDD0437
[TLS] Written transcript to proofs/MSG_TLS_827D0CA5.out, proofs/SIG_TLS_827D0CA5.out and proofs/PK_TLS_827D0CA5.der
Signature verification succeeds
[TLS] Server time: 1619620199
[TLS] client_random  (32): EDA65AFCC11E13448E7084DE76414F0335BB6309EE43F2DB8E115CF67FE90708
[TLS] sign_hash (32): C1275679609B0BFDA056CB44A1978C4C58801F33EC74092DC0908482A984210E
[TLS] Written transcript to proofs/MSG_TLS_EDA65AFC.out, proofs/SIG_TLS_EDA65AFC.out and proofs/PK_TLS_EDA65AFC.der
Signature verification succeeds
[TLS] Server time: 1619620199
[TLS] client_random  (32): 2181973573C886DA80008378C61FE74647DFC54CDA573EED40F53F330B2FB205
[TLS] sign_hash (32): E2A48F67BE4EF1F689A4D4E6E49075B17EBA340E4B3A7FEC524B103BCC64CC3B
[TLS] Written transcript to proofs/MSG_TLS_21819735.out, proofs/SIG_TLS_21819735.out and proofs/PK_TLS_21819735.der
Signature verification succeeds
[TLS] Server time: 1619620199
[TLS] client_random  (32): E180C81C1E5169F2CE51F52C8A7F271B584D3F8D824D9319B378603047E2AC05
[TLS] sign_hash (32): 04FD412DC6D389E2C756A2ED76293B5F7CF5961ECDF1B7587FFD43D455EDD14F
[TLS] Written transcript to proofs/MSG_TLS_E180C81C.out, proofs/SIG_TLS_E180C81C.out and proofs/PK_TLS_E180C81C.der
Signature verification succeeds
[TLS] Server time: 1619620200
[TLS] client_random  (32): 2AB881F4167D2653B2127CF5A8DF532765D13418267F2C2BC07DE821921EFF68
[TLS] sign_hash (32): 1EFFE6171C7DDCF8E3C907BF33232C8DD51409BD4112C0E38235F0368D420279
[TLS] Written transcript to proofs/MSG_TLS_2AB881F4.out, proofs/SIG_TLS_2AB881F4.out and proofs/PK_TLS_2AB881F4.der
Signature verification succeeds
[TLS] Server time: 1619620200
[TLS] client_random  (32): 4F44EEBEC6F83A11F35A1AAF552E3FFF2271634E0A462709A128548D78FBFC6B
[TLS] sign_hash (32): C4B04FC46733A9C564BCDD87A809364854A2B80B55B327EB68044EC2C097C258
[TLS] Written transcript to proofs/MSG_TLS_4F44EEBE.out, proofs/SIG_TLS_4F44EEBE.out and proofs/PK_TLS_4F44EEBE.der
Signature verification succeeds
[TLS] Server time: 1619620200
[TLS] client_random  (32): 53176D5A0E5F81429B80E2B0F5C7CE34D6BA8C482B933B8645CBB43B2F54F58A
[TLS] sign_hash (32): 5C091A857F5CF342D6EC14336F5B7CFED1CB5F3B2AC63951A9F7E5CF03668EF6
[TLS] Written transcript to proofs/MSG_TLS_53176D5A.out, proofs/SIG_TLS_53176D5A.out and proofs/PK_TLS_53176D5A.der
Signature verification succeeds
[TLS] Server time: 1619620200
[TLS] client_random  (32): DCC405303CE3F4AC9D0D0C204D2851D7475F24BC767B99D8DE98833CC6EEF5E4
[TLS] sign_hash (32): 8F3ACF09E2757D05AEB55BE671BAA9953D85222C3EAF2F580035B1CA9EACC1F1
[TLS] Written transcript to proofs/MSG_TLS_DCC40530.out, proofs/SIG_TLS_DCC40530.out and proofs/PK_TLS_DCC40530.der
Signature verification succeeds
[TLS] Server time: 1619620200
[TLS] client_random  (32): AF36087F7E725B01B07B4E52CD40ED8A3D4E0102C68816BEE8C8A7969C2B1799
[TLS] sign_hash (32): 1E6EF0C75DEB02278B115EA82124C6F8F04EE51322EF81F6B9E8549E4DC62E32
[TLS] Written transcript to proofs/MSG_TLS_AF36087F.out, proofs/SIG_TLS_AF36087F.out and proofs/PK_TLS_AF36087F.der
Signature verification succeeds
[TLS] Server time: 1619620200
[TLS] client_random  (32): BE86EB94DFA07234B85DCC59B10F4EAE9E368158209165A273A1F30BAA5D3D6C
[TLS] sign_hash (32): 082D2913D875F5BFE7E67F9DEA7FAE1EC5E29DE640463F631F587E3D47A77E30
[TLS] Written transcript to proofs/MSG_TLS_BE86EB94.out, proofs/SIG_TLS_BE86EB94.out and proofs/PK_TLS_BE86EB94.der
Signature verification succeeds
[TLS] Server time: 1619620200
[TLS] client_random  (32): 8AB6857E455D18174C3DB01C05699E0A872209704965CA905E2765F422E3E8A4
[TLS] sign_hash (32): 87C811AF3613F6905C5EACB09F31467AB1B88C8D7EEB197E75EA843A4DDA7A09
[TLS] Written transcript to proofs/MSG_TLS_8AB6857E.out, proofs/SIG_TLS_8AB6857E.out and proofs/PK_TLS_8AB6857E.der
Signature verification succeeds
[TLS] Server time: 1619620200
[TLS] client_random  (32): 36CE4F4F3ADC4B2109811468EBCB2B29DECA2E077141B02967F3438944C5A560
[TLS] sign_hash (32): BA35B2EE5D5BF02370E5B1D052FDE11A06B30C05EBFE537DFA8768FE0C1D43B3
[TLS] Written transcript to proofs/MSG_TLS_36CE4F4F.out, proofs/SIG_TLS_36CE4F4F.out and proofs/PK_TLS_36CE4F4F.der
Signature verification succeeds
[TLS] Server time: 1619620200
[TLS] client_random  (32): C984634041945B8EC87FDF88E7DB58DA9E65EF6BDD630897ABAAB39EC1BAC974
[TLS] sign_hash (32): AC1783307B6F2308042BC596B2994712D3B4F3010C0535EA269269A2DFEB5903
[TLS] Written transcript to proofs/MSG_TLS_C9846340.out, proofs/SIG_TLS_C9846340.out and proofs/PK_TLS_C9846340.der
Signature verification succeeds
[TLS] Server time: 1619620200
[TLS] client_random  (32): 39F4955D0CDEBEE696180E2A69421F976135B747165D096FD39E93AD22E012E1
[TLS] sign_hash (32): 8EEE78931A7975531D630C90C4781346579529FCE61624036E22F21D8C3B5DED
[TLS] Written transcript to proofs/MSG_TLS_39F4955D.out, proofs/SIG_TLS_39F4955D.out and proofs/PK_TLS_39F4955D.der
Signature verification succeeds
[TLS] Server time: 1619620200
[TLS] client_random  (32): 1694C8E7F181EF76098840B897AD0188039D6B77BEB87ED1FE9100AB4BEC2353
[TLS] sign_hash (32): FC30839F314FB9B046B28BA9397706042FBE2B7C6C640326C27F8F9D27F58E6A
[TLS] Written transcript to proofs/MSG_TLS_1694C8E7.out, proofs/SIG_TLS_1694C8E7.out and proofs/PK_TLS_1694C8E7.der
Signature verification succeeds
[TLS] Server time: 1619620200
[TLS] client_random  (32): F81EFFE438C2FA403E85EE341E749292DAA8905C6041B2EB802A8BAEFE192934
[TLS] sign_hash (32): 8C6658798AEDC9872EA71C77375F9C4017F0E9B57E37FEE99AD6A84AB22B27CD
[TLS] Written transcript to proofs/MSG_TLS_F81EFFE4.out, proofs/SIG_TLS_F81EFFE4.out and proofs/PK_TLS_F81EFFE4.der
Signature verification succeeds
[TLS] Server time: 1619620200
[TLS] client_random  (32): 714294BEEECC7897246B19E865DA78690FE5FE7019353C61AAFB01C335FE92DD
[TLS] sign_hash (32): 9B9D11C72FF749A75E565CDBC24EDBAD9D450F33FB6D8AC2C2F82641D9BDAAF0
[TLS] Written transcript to proofs/MSG_TLS_714294BE.out, proofs/SIG_TLS_714294BE.out and proofs/PK_TLS_714294BE.der
Signature verification succeeds
[TLS] Server time: 1619620200
[TLS] client_random  (32): 7ACA9EA5F37B0D2676732AF80D20AA465F050B9D649D735ED78D2B4876125D96
[TLS] sign_hash (32): CF066A80C29DBF811F1C00DAA9F8044D3F8072DD64F7DB63EE33810E96DA6E1C
[TLS] Written transcript to proofs/MSG_TLS_7ACA9EA5.out, proofs/SIG_TLS_7ACA9EA5.out and proofs/PK_TLS_7ACA9EA5.der
Signature verification succeeds
[TLS] Server time: 1619620200
[TLS] client_random  (32): CE25850CE7B174D5CFA85EA398AF43A76356D68E1FF72AD030985D9F4333687E
[TLS] sign_hash (32): E7C5AA8853530A92562E4E460CFB53E6A8C5DC5D99330903024D12A1D0F98B01
[TLS] Written transcript to proofs/MSG_TLS_CE25850C.out, proofs/SIG_TLS_CE25850C.out and proofs/PK_TLS_CE25850C.der
Signature verification succeeds
[TLS] Server time: 1619620200
[TLS] client_random  (32): B686D2B612F448CDACF285B148A8D66270DF8D5BD797872BE91BCEAED23C9F36
[TLS] sign_hash (32): 356434B409716C4E1E0FE6D60A795982352757A666FB71FEFA4737463AFE7C0E
[TLS] Written transcript to proofs/MSG_TLS_B686D2B6.out, proofs/SIG_TLS_B686D2B6.out and proofs/PK_TLS_B686D2B6.der
Signature verification succeeds
[TLS] Server time: 1619620200
[TLS] client_random  (32): 5F9E75467C5725B6E8B26A4B1CEB015E3B91EF1264A6FA4AE4CD8C661AFF2E3F
[TLS] sign_hash (32): 21E3EBD414EA6896DC8A5E433846EE478F3D8A295FE8EBEF87F4FF9CB7B98F1E
[TLS] Written transcript to proofs/MSG_TLS_5F9E7546.out, proofs/SIG_TLS_5F9E7546.out and proofs/PK_TLS_5F9E7546.der
Signature verification succeeds
[TLS] Server time: 1619620200
[TLS] client_random  (32): 3FF73027356234B3E641A56D331A0C064CC4D4175DC53B939DD41C6054AD9C3A
[TLS] sign_hash (32): 098B072D5B1E4B00C66CB45979D1A315566DD273122B83E0077CC5AAE0016D09
[TLS] Written transcript to proofs/MSG_TLS_3FF73027.out, proofs/SIG_TLS_3FF73027.out and proofs/PK_TLS_3FF73027.der
Signature verification succeeds
[TLS] Server time: 1619620200
[TLS] client_random  (32): A3FE60AA35FBD229A048562032705E97B5F6138F7AC134AEBC12B38BB077C803
[TLS] sign_hash (32): 243FDD6290BE26A8B1AB49C43CD06857FA3A42973FBE1894E3937037ACBCC368
[TLS] Written transcript to proofs/MSG_TLS_A3FE60AA.out, proofs/SIG_TLS_A3FE60AA.out and proofs/PK_TLS_A3FE60AA.der
Signature verification succeeds
[TLS] Server time: 1619620200
[TLS] client_random  (32): 66D30823B4FF166F1B541CE27473830B2F1E478C48360600A121531EFD531EA4
[TLS] sign_hash (32): D0A1DD9E77E9AE261BC0082297CD7A93632CFA7B263E175DB5AC6C821B9FED00
[TLS] Written transcript to proofs/MSG_TLS_66D30823.out, proofs/SIG_TLS_66D30823.out and proofs/PK_TLS_66D30823.der
Signature verification succeeds
[TLS] Server time: 1619620200
[TLS] client_random  (32): 4A958D72F6DB975C26E1BEAD64844BDFDE7ECFBB12D413736CE3C601C43F6848
[TLS] sign_hash (32): 0AFE93B4D82C85CE1701232EB05FC20CB245477EC8BE46B3044AD8BCD104F4B2
[TLS] Written transcript to proofs/MSG_TLS_4A958D72.out, proofs/SIG_TLS_4A958D72.out and proofs/PK_TLS_4A958D72.der
Signature verification succeeds
[TLS] Server time: 1619620200
[TLS] client_random  (32): DD41E3D6AE89FF17C13DE8C9D0CECEFAA2C577BFD7CD560F595CFEB94CEA4CA6
[TLS] sign_hash (32): A86974B60C73B35EDD421A8D0F5FEB27BA8EAF11351E9D4FEED4F19B105B7E9C
[TLS] Written transcript to proofs/MSG_TLS_DD41E3D6.out, proofs/SIG_TLS_DD41E3D6.out and proofs/PK_TLS_DD41E3D6.der
Signature verification succeeds
[TLS] Server time: 1619620200
[TLS] client_random  (32): 545BBB2357FDFE45FC0B1316FACD14C60761CE6C8028788E576E87C91F75745C
[TLS] sign_hash (32): D55E08C2F24E678B940E3FE2A1FC84BD971E3BA1881170DCE94B26133ACCBF76
[TLS] Written transcript to proofs/MSG_TLS_545BBB23.out, proofs/SIG_TLS_545BBB23.out and proofs/PK_TLS_545BBB23.der
Signature verification succeeds
[TLS] Server time: 1619620200
[TLS] client_random  (32): C861E7C1E6060B1A61E8B4243AB819FC10DCD36B1A6C8E17E239B6B63C786473
[TLS] sign_hash (32): C9503CF0AD91726DA3CEBAECAC6B95A2A757569E13DDB5CD2C49DC52192E7E2A
[TLS] Written transcript to proofs/MSG_TLS_C861E7C1.out, proofs/SIG_TLS_C861E7C1.out and proofs/PK_TLS_C861E7C1.der
Signature verification succeeds
[TLS] Server time: 1619620200
[TLS] client_random  (32): A9C24DDB2DCBA7CB05B8D019AF635B11153E583694DF2356807E1CC3D7580791
[TLS] sign_hash (32): 2B06114E220B4FCEA705D23C2A97D43E4B08304842B0FB07720F64EBFC649F28
[TLS] Written transcript to proofs/MSG_TLS_A9C24DDB.out, proofs/SIG_TLS_A9C24DDB.out and proofs/PK_TLS_A9C24DDB.der
Signature verification succeeds
[TLS] Server time: 1619620200
[TLS] client_random  (32): 95289B6C74B9512AEA36F74618C3750FC5A0E57C857F36B7323C21DC80B4C07A
[TLS] sign_hash (32): BFF6E6F9EB86213A0353F3F3504FC076E9C278996B6FADBCEC5AF9A3853DFB8A
[TLS] Written transcript to proofs/MSG_TLS_95289B6C.out, proofs/SIG_TLS_95289B6C.out and proofs/PK_TLS_95289B6C.der
Signature verification succeeds
[TLS] Server time: 1619620200
[TLS] client_random  (32): F7FAEBAB16521B0F965C0819A23FC3F1458933B174BEF2BE1683C093FAFEEFD8
[TLS] sign_hash (32): 494F87D018DA40EDF9B48579AB3A2D91DEF680494D40058B27B72E47109C73B1
[TLS] Written transcript to proofs/MSG_TLS_F7FAEBAB.out, proofs/SIG_TLS_F7FAEBAB.out and proofs/PK_TLS_F7FAEBAB.der
Signature verification succeeds
[TLS] Server time: 1619620200
[TLS] client_random  (32): 5D4D47C20C9AA2C84F7D346337AA8630B2D0D769CF49FA852E836344CA51C255
[TLS] sign_hash (32): 342963E5D463A85AF3AB3F49CC0CFB2458A1F5DA71D313EBDA54790C067FC6A7
[TLS] Written transcript to proofs/MSG_TLS_5D4D47C2.out, proofs/SIG_TLS_5D4D47C2.out and proofs/PK_TLS_5D4D47C2.der
Signature verification succeeds
[TLS] Server time: 1619620200
[TLS] client_random  (32): E51023660C6C9594C79965BFDBF94A01D8F340D27A97214A440F85A64B55E2E4
[TLS] sign_hash (32): 5AB87740B1B473F6D55DD68226CFBF31C70F082C0AF9DFF63722B6B6E9505620
[TLS] Written transcript to proofs/MSG_TLS_E5102366.out, proofs/SIG_TLS_E5102366.out and proofs/PK_TLS_E5102366.der
Signature verification succeeds
[TLS] Server time: 1619620200
[TLS] client_random  (32): B9F42BF5A0ED399C6C79723FA61F9D7F85FC3CE6019EB39042925BD59BE01C1F
[TLS] sign_hash (32): C4565A8C6370A0F4DE77309969EDF5F381C98243A6D7246F9D8FA6E54ECDC5E6
[TLS] Written transcript to proofs/MSG_TLS_B9F42BF5.out, proofs/SIG_TLS_B9F42BF5.out and proofs/PK_TLS_B9F42BF5.der
Signature verification succeeds
[TLS] Server time: 1619620200
[TLS] client_random  (32): 4E75370A5A2CAAFF51657EEFD72BA19437A32707602D584554012F3840AECE17
[TLS] sign_hash (32): AD28ADADF644803F6077FAC19DABA81FB00DA82D99C869CFA5AAF299A23E9F0E
[TLS] Written transcript to proofs/MSG_TLS_4E75370A.out, proofs/SIG_TLS_4E75370A.out and proofs/PK_TLS_4E75370A.der
Signature verification succeeds
[TLS] Server time: 1619620200
[TLS] client_random  (32): 8633E06BE9D93954D699F0BBD931C614205AA9463D49337608D9429545762F93
[TLS] sign_hash (32): CA43280BD835FAF8AD39C67DB86D4EFECB390F08379669EE918FDC46909A373D
[TLS] Written transcript to proofs/MSG_TLS_8633E06B.out, proofs/SIG_TLS_8633E06B.out and proofs/PK_TLS_8633E06B.der
Signature verification succeeds
[TLS] Server time: 1619620200
[TLS] client_random  (32): 51286189DFB8E1AF5154E6597EA094A2CBA8DB0BCCB2E9DB1830EBA4D8708A62
[TLS] sign_hash (32): 18D79F2B5D3D06A0D73D7C00AD10CC099F18B607C49952BAE691561DAF6906E1
[TLS] Written transcript to proofs/MSG_TLS_51286189.out, proofs/SIG_TLS_51286189.out and proofs/PK_TLS_51286189.der
Signature verification succeeds
[TLS] Server time: 1619620200
[TLS] client_random  (32): 05A6B4C50E7C071138BDC493C07E3F0F176EF97D9A90377A7819AE4258FB7923
[TLS] sign_hash (32): 514C958DB5692EB2A913370F9282FA2A30E3CB7509C3AB06813144DBB1E4244D
[TLS] Written transcript to proofs/MSG_TLS_05A6B4C5.out, proofs/SIG_TLS_05A6B4C5.out and proofs/PK_TLS_05A6B4C5.der
Signature verification succeeds
[TLS] Server time: 1619620200
[TLS] client_random  (32): 1D00F88F4CE154655E8DCE11FA50CCC57F18A9922A7E4E03E52E0FAE994DA52B
[TLS] sign_hash (32): F8F50C5297AF273FD92148B9B326978212BBDD80677F1E7B3198A336B29C91D5
[TLS] Written transcript to proofs/MSG_TLS_1D00F88F.out, proofs/SIG_TLS_1D00F88F.out and proofs/PK_TLS_1D00F88F.der
Signature verification succeeds
[TLS] Server time: 1619620200
[TLS] client_random  (32): 8CA8A6B99A4CA6AD7F91C3FC4BDE2ECFAF5FDFE01097A806163101C4D013BD68
[TLS] sign_hash (32): 2B5908A966226EFBE6A0E2BBF36DAE22AEF65C69660A77DBD2EBF8A0BD13DDB0
[TLS] Written transcript to proofs/MSG_TLS_8CA8A6B9.out, proofs/SIG_TLS_8CA8A6B9.out and proofs/PK_TLS_8CA8A6B9.der
Signature verification succeeds
[TLS] Server time: 1619620200
[TLS] client_random  (32): ED7E023858B28E0C819A1EF0856C25F8A169EA0391D1D148A9C83F270E6C1353
[TLS] sign_hash (32): AA6AF4F48A0D6CB13B9A0C821565B249FD5CB9F91A367121AF5E210B0A47156E
[TLS] Written transcript to proofs/MSG_TLS_ED7E0238.out, proofs/SIG_TLS_ED7E0238.out and proofs/PK_TLS_ED7E0238.der
Signature verification succeeds
[TLS] Server time: 1619620200
[TLS] client_random  (32): 61DAD38681FD6549B0259261707476779DA2B4E20217855D29185AF070EEF49E
[TLS] sign_hash (32): 4EB940404AE9F7A8DF714CEE28F0026F1F4240CDB851DA7EDE56E42006CB603E
[TLS] Written transcript to proofs/MSG_TLS_61DAD386.out, proofs/SIG_TLS_61DAD386.out and proofs/PK_TLS_61DAD386.der
Signature verification succeeds
[TLS] Server time: 1619620200
[TLS] client_random  (32): 8EC7CEA1B83742404A6EFF33FFD5536DED3D97B04DBAD46BF42D014D84AEB3A6
[TLS] sign_hash (32): 911A996E34BC2024E447629E2C536F218594508CA43C15DC98604C9814FA7E58
[TLS] Written transcript to proofs/MSG_TLS_8EC7CEA1.out, proofs/SIG_TLS_8EC7CEA1.out and proofs/PK_TLS_8EC7CEA1.der
Signature verification succeeds
[TLS] Server time: 1619620200
[TLS] client_random  (32): 19FA2A4FC9AC53DF26556D726EFE6512302B1BC51ACAC6D282E70A5229EF499F
[TLS] sign_hash (32): 988095940DBD5D7D980DF3738A0484387A24E4E637B2F7085AEE791044AE4DF0
[TLS] Written transcript to proofs/MSG_TLS_19FA2A4F.out, proofs/SIG_TLS_19FA2A4F.out and proofs/PK_TLS_19FA2A4F.der
Signature verification succeeds
[TLS] Server time: 1619620200
[TLS] client_random  (32): 3EB9EC55FC35B98C7C44534E3B944C78F61738AF0BEAFEB1A18E8BF1EF857436
[TLS] sign_hash (32): 1D09105C47D2B3647F11174CFD6BA718EAD941BD27BC7F10513707276B51F15C
[TLS] Written transcript to proofs/MSG_TLS_3EB9EC55.out, proofs/SIG_TLS_3EB9EC55.out and proofs/PK_TLS_3EB9EC55.der
Signature verification succeeds
[TLS] Server time: 1619620200
[TLS] client_random  (32): C433273186ECEDA0F79FC618D00957ADB76FF245F96B4553FF813730FC628863
[TLS] sign_hash (32): 1D8BA1437E5D9C09C77814F153F8DA0225BF4C15C450A8E1D69DCE84BF915700
[TLS] Written transcript to proofs/MSG_TLS_C4332731.out, proofs/SIG_TLS_C4332731.out and proofs/PK_TLS_C4332731.der
Signature verification succeeds
[TLS] Server time: 1619620200
[TLS] client_random  (32): 59DA23AAE0695D3F25E885BB9C3DF1D03F134A38A89CDF7FB70DC07C2D5A7C6D
[TLS] sign_hash (32): 2AC0AD77A452A1400F4DBE61FEC8DFC3C71B39479F93FF05F295C463A49755C0
[TLS] Written transcript to proofs/MSG_TLS_59DA23AA.out, proofs/SIG_TLS_59DA23AA.out and proofs/PK_TLS_59DA23AA.der
Signature verification succeeds
[TLS] Server time: 1619620200
[TLS] client_random  (32): 9C3FAFCA38E736205051DBB7E77696DE3C242AB2FB1939DA434C6642E5162EB9
[TLS] sign_hash (32): 30ACB02A28C35E98957F923534E3ADF8D10BD4A722DCCF14EEAB78489487B88E
[TLS] Written transcript to proofs/MSG_TLS_9C3FAFCA.out, proofs/SIG_TLS_9C3FAFCA.out and proofs/PK_TLS_9C3FAFCA.der
Signature verification succeeds
[TLS] Server time: 1619620200
[TLS] client_random  (32): 720F9A2A5D9CFF50271032717732274BFE5BD0F272692ACCED2329897C7F6D2D
[TLS] sign_hash (32): FB8B02A77A8DE0EEE99E17151DDFA161AD3607A967DA24C15C61B085DE2DBE0B
[TLS] Written transcript to proofs/MSG_TLS_720F9A2A.out, proofs/SIG_TLS_720F9A2A.out and proofs/PK_TLS_720F9A2A.der
Signature verification succeeds
[TLS] Server time: 1619620200
[TLS] client_random  (32): 2ED1887BEA749E6C32BEDD45E5311CE0531D1236693E47B008E8CAA94B3C2D02
[TLS] sign_hash (32): B2A45234DAF6E8E07B7C4D1E911EF3C67A912B5477108410F934322DBB421F78
[TLS] Written transcript to proofs/MSG_TLS_2ED1887B.out, proofs/SIG_TLS_2ED1887B.out and proofs/PK_TLS_2ED1887B.der
Signature verification succeeds
[TLS] Server time: 1619620200
[TLS] client_random  (32): E0E2388EEDF1D7DA2E700AA0559FEAAF0E336AF606CD4793798DFFF050BA69A8
[TLS] sign_hash (32): D66E89F09A6CD322906061A227DF597C04FF6BFE4A01949AD9B1A66724614FCD
[TLS] Written transcript to proofs/MSG_TLS_E0E2388E.out, proofs/SIG_TLS_E0E2388E.out and proofs/PK_TLS_E0E2388E.der
Signature verification succeeds
[TLS] Server time: 1619620200
[TLS] client_random  (32): EE44F4FC06F76F34D4C5979428CC2FE84E3E5AAF3CE4739857B4B47DBCCAA1AA
[TLS] sign_hash (32): CF9AEC62259C4091F50B942E00116E8B37C151B69874956497043473B1897476
[TLS] Written transcript to proofs/MSG_TLS_EE44F4FC.out, proofs/SIG_TLS_EE44F4FC.out and proofs/PK_TLS_EE44F4FC.der
Signature verification succeeds
[TLS] Server time: 1619620200
[TLS] client_random  (32): F40035A05E4C2D9B462FC234B5DD96ED3F4A39DD1556EAEADF9B8803E4C6A5F0
[TLS] sign_hash (32): 66A5F236E88805FC92EAE05EEC70FF278035345648E115B7F18DBC0506C9D54D
[TLS] Written transcript to proofs/MSG_TLS_F40035A0.out, proofs/SIG_TLS_F40035A0.out and proofs/PK_TLS_F40035A0.der
Signature verification succeeds
[TLS] Server time: 1619620200
[TLS] client_random  (32): 9969D17F0B6848E8AC72F49FFD8D29BF3A30EA0596AE1D76B85D070561F52412
[TLS] sign_hash (32): A069F6DA8502755BAE74ECA442F145980C7B87850C482E4B9D60519F4CFEE29E
[TLS] Written transcript to proofs/MSG_TLS_9969D17F.out, proofs/SIG_TLS_9969D17F.out and proofs/PK_TLS_9969D17F.der
Signature verification succeeds
[TLS] Server time: 1619620200
[TLS] client_random  (32): 4300810468902E1D277D3289617AA2D87BD8EEA84886559331B22664706ED823
[TLS] sign_hash (32): 195B00711D2B288A021D00A51A40855E16ED8A5AA79592C1D75CEEFED5139DD6
[TLS] Written transcript to proofs/MSG_TLS_43008104.out, proofs/SIG_TLS_43008104.out and proofs/PK_TLS_43008104.der
Signature verification succeeds
[TLS] Server time: 1619620200
[TLS] client_random  (32): 2FB3F47198C023B6482B997124DDDF8D843DA59E36372D8878800FF696268F42
[TLS] sign_hash (32): 2612D35202DE6B35814FB4DC879B77ADD15B20B8EC928626C3E1F92A2FD51D4A
[TLS] Written transcript to proofs/MSG_TLS_2FB3F471.out, proofs/SIG_TLS_2FB3F471.out and proofs/PK_TLS_2FB3F471.der
Signature verification succeeds
[TLS] Server time: 1619620200
[TLS] client_random  (32): 20CBDE2D2D0514015EA8444C08DAFAA022077A32D9CDD822B4C45348E2841E49
[TLS] sign_hash (32): CE435BCD80BC1A852D0902941E14CBD8BEF2D30339404055E31EF82C3185AEBF
[TLS] Written transcript to proofs/MSG_TLS_20CBDE2D.out, proofs/SIG_TLS_20CBDE2D.out and proofs/PK_TLS_20CBDE2D.der
Signature verification succeeds
[TLS] Server time: 1619620200
[TLS] client_random  (32): FD774884C93DA693FF2FECE9F7D33A7D4EE72F9F6A4556B474BCE282E6D3F6BB
[TLS] sign_hash (32): 9CFD015C0ED59D4D256BE842189E17AD954E21641EF9BA09AB63387B645154A6
[TLS] Written transcript to proofs/MSG_TLS_FD774884.out, proofs/SIG_TLS_FD774884.out and proofs/PK_TLS_FD774884.der
Signature verification succeeds
[TLS] Server time: 1619620200
[TLS] client_random  (32): 8113BE0917FF06E4683F0D25B97978C1897750FD8734CB5AC69D6E910B92DDF8
[TLS] sign_hash (32): C34B1270A9AB17F82B3C31A54929BC4F7D64B4C4034A6CCA6CD9F0F449575367
[TLS] Written transcript to proofs/MSG_TLS_8113BE09.out, proofs/SIG_TLS_8113BE09.out and proofs/PK_TLS_8113BE09.der
Signature verification succeeds
[TLS] Server time: 1619620200
[TLS] client_random  (32): 2CFADBD02B13C7D537EE3CAE569D84DE1F039914879558FE73E947394360CE7F
[TLS] sign_hash (32): 188A30D07503D4B414B84C58782E38494126DCA888950F4F45FC76861C6B7912
[TLS] Written transcript to proofs/MSG_TLS_2CFADBD0.out, proofs/SIG_TLS_2CFADBD0.out and proofs/PK_TLS_2CFADBD0.der
Signature verification succeeds
[TLS] Server time: 1619620200
[TLS] client_random  (32): 82151A3625042806CFD05D3482537A9CFB106307A1257AA7A55312367B02E258
[TLS] sign_hash (32): E144B4FD00D7219DD77AEA65A8A0E14DE2F0B5322BA97E9655A9FEEC17F8518A
[TLS] Written transcript to proofs/MSG_TLS_82151A36.out, proofs/SIG_TLS_82151A36.out and proofs/PK_TLS_82151A36.der
Signature verification succeeds
[TLS] Server time: 1619620200
[TLS] client_random  (32): 3014B8BD7D67CF094E2F949A3402DBCF0A81C5B8A9E7B578D1F9369D9391D8FC
[TLS] sign_hash (32): A957062D5D47611BC07023F82E57755383A0400431AFC04931D4AC33EE6EFCCA
[TLS] Written transcript to proofs/MSG_TLS_3014B8BD.out, proofs/SIG_TLS_3014B8BD.out and proofs/PK_TLS_3014B8BD.der
Signature verification succeeds
[TLS] Server time: 1619620200
[TLS] client_random  (32): 92F3BC6676B0CF2A2549878151F336B087987726C5F33782E067ECACB5C489C3
[TLS] sign_hash (32): 34A2B9306704DBDD754335265EBA2FDEFE3831EE88DCB429F2B42E046CBAB771
[TLS] Written transcript to proofs/MSG_TLS_92F3BC66.out, proofs/SIG_TLS_92F3BC66.out and proofs/PK_TLS_92F3BC66.der
Signature verification succeeds
[TLS] Server time: 1619620200
[TLS] client_random  (32): D82CEFD8D1E1E78EA84A444C9352EC5FCE73E6903BB18C4CCF6910B97378A222
[TLS] sign_hash (32): 38FF1262EBE3840C324261B42FB0704929849B68349B1487FA4B3E089643636D
[TLS] Written transcript to proofs/MSG_TLS_D82CEFD8.out, proofs/SIG_TLS_D82CEFD8.out and proofs/PK_TLS_D82CEFD8.der
Signature verification succeeds
[TLS] Server time: 1619620200
[TLS] client_random  (32): 017274BD829213863E55E1054261E63258B5D1F53950FE4B895DBA6F25422C06
[TLS] sign_hash (32): 22FD0C1D1122074B6552B365DA7D086E56BCBF77B9716CE70214DB48ADE9B21B
[TLS] Written transcript to proofs/MSG_TLS_017274BD.out, proofs/SIG_TLS_017274BD.out and proofs/PK_TLS_017274BD.der
Signature verification succeeds
[TLS] Server time: 1619620200
[TLS] client_random  (32): 97384AF201E43487B9BC47ACCF6DD450BB766734E235B252CB38204D8590B65D
[TLS] sign_hash (32): DAC1532C5E23A18F0C35C08AA007D57B88584607EA98E1591FD9B2B00FE996D4
[TLS] Written transcript to proofs/MSG_TLS_97384AF2.out, proofs/SIG_TLS_97384AF2.out and proofs/PK_TLS_97384AF2.der
Signature verification succeeds
[TLS] Server time: 1619620200
[TLS] client_random  (32): C1CE7CB3CBE5191B845834875575CE1F8B51BC7D1B834D06B5BBF7961B27DC6F
[TLS] sign_hash (32): EE01BA695B4703A5715A11FB591305358E1A16E2888CDF49BCEE68CD936404AE
[TLS] Written transcript to proofs/MSG_TLS_C1CE7CB3.out, proofs/SIG_TLS_C1CE7CB3.out and proofs/PK_TLS_C1CE7CB3.der
Signature verification succeeds
[TLS] Server time: 1619620200
[TLS] client_random  (32): AAA54AA8585E56EB014163478D34C8974C4CD325F5BF5B75302B254F171FA300
[TLS] sign_hash (32): 6843C4E72B2BC74FDC77F067512E96792099DD679AC2AF7574085ED0C0D281F4
[TLS] Written transcript to proofs/MSG_TLS_AAA54AA8.out, proofs/SIG_TLS_AAA54AA8.out and proofs/PK_TLS_AAA54AA8.der
Signature verification succeeds
[TLS] Server time: 1619620200
[TLS] client_random  (32): 13DB5363271A8B93D00A1872029C570E6E65BD03E883C42B97774E5BEEB7DB3F
[TLS] sign_hash (32): 9E325EE804CA0CAEA2FD12A00CA3A7382F09107E5EF5F1119A035C954F346A72
[TLS] Written transcript to proofs/MSG_TLS_13DB5363.out, proofs/SIG_TLS_13DB5363.out and proofs/PK_TLS_13DB5363.der
Signature verification succeeds
[TLS] Server time: 1619620200
[TLS] client_random  (32): DBFDD3906472881031CA67D60EBE07313E20FD35D8A8158D30B89C826F022BCA
[TLS] sign_hash (32): 168BA1B7D8F8AAC0E1BB40C686228468ED2E01CB9AECF9C0AF182173A94548CA
[TLS] Written transcript to proofs/MSG_TLS_DBFDD390.out, proofs/SIG_TLS_DBFDD390.out and proofs/PK_TLS_DBFDD390.der
Signature verification succeeds
[TLS] Server time: 1619620200
[TLS] client_random  (32): 0FFB65A511AE83A275483B75F7785C86F8D505AAE35ACCE334C676BCE79A3CCE
[TLS] sign_hash (32): 1E69C439280A769079CBC6F456B79ABC3FFAF9A16D4D3133EA997055B6C88997
[TLS] Written transcript to proofs/MSG_TLS_0FFB65A5.out, proofs/SIG_TLS_0FFB65A5.out and proofs/PK_TLS_0FFB65A5.der
Signature verification succeeds
[TLS] Server time: 1619620200
[TLS] client_random  (32): E152F46356F2F43274A2ABDB159003EC1ED5636679222378921C52F2095E8502
[TLS] sign_hash (32): D0C6DA5303C23BC7C426010F1F7DD099F18B82B66F41C8BB1261CE075C1E8F58
[TLS] Written transcript to proofs/MSG_TLS_E152F463.out, proofs/SIG_TLS_E152F463.out and proofs/PK_TLS_E152F463.der
Signature verification succeeds
[TLS] Server time: 1619620200
[TLS] client_random  (32): 042889027C74A3655E01F76D5EB17B8AA227E07E73D166040F6FC1C140A2FADE
[TLS] sign_hash (32): D94798F4D73FBF6644F43E23AF67594C05FA6537DDBAA35C967E1809C4D5B72F
[TLS] Written transcript to proofs/MSG_TLS_04288902.out, proofs/SIG_TLS_04288902.out and proofs/PK_TLS_04288902.der
Signature verification succeeds
[TLS] Server time: 1619620200
[TLS] client_random  (32): 043F607B5CFCBBF7547925F76F545F6071AB23357CC6FA64E0004C3D4F51FBAA
[TLS] sign_hash (32): 0D5ED1CA14FA19145EB7C22706A0223DD099AFB828F8FF23AD652B10E6F7C7F1
[TLS] Written transcript to proofs/MSG_TLS_043F607B.out, proofs/SIG_TLS_043F607B.out and proofs/PK_TLS_043F607B.der
Signature verification succeeds
[TLS] Server time: 1619620200
[TLS] client_random  (32): A2BA2CE602532B2D549BADDD98D5276CF8AFF9C3A7DBFA64DAC92D2B2AB18237
[TLS] sign_hash (32): BA77B8CE5F18D9355BF4CADFB9F9C6EE631BFC99AAAB876576CE77C0FC99750A
[TLS] Written transcript to proofs/MSG_TLS_A2BA2CE6.out, proofs/SIG_TLS_A2BA2CE6.out and proofs/PK_TLS_A2BA2CE6.der
Signature verification succeeds
[TLS] Server time: 1619620200
[TLS] client_random  (32): DF5F56C7C35A8E6F64AB6B847BE5D921FC466F7CE04684D3368FD1D1EE392751
[TLS] sign_hash (32): 0783F85BE1494814A6508E76397E65AE6E3378BA97FB7469D596B3438CDAF880
[TLS] Written transcript to proofs/MSG_TLS_DF5F56C7.out, proofs/SIG_TLS_DF5F56C7.out and proofs/PK_TLS_DF5F56C7.der
Signature verification succeeds
[TLS] Server time: 1619620200
[TLS] client_random  (32): A32D6E43BA4FE17403F57FC65093E8F82DA57B8C334FCB61F29B7EBCE65C6D6C
[TLS] sign_hash (32): B41249E97BCAFD63A7FF80E72E6997DDE997AA1CE9EB90AD48CE46827B48BAA0
[TLS] Written transcript to proofs/MSG_TLS_A32D6E43.out, proofs/SIG_TLS_A32D6E43.out and proofs/PK_TLS_A32D6E43.der
Signature verification succeeds
[TLS] Server time: 1619620200
[TLS] client_random  (32): A615BEC940140C3F5EDC7D7DB7A111058588B4DD66DA112E61D489E78190CDBC
[TLS] sign_hash (32): 62E5C55393F214668A61465683D532213BCC4F45426743B696D9DC5893F86FF6
[TLS] Written transcript to proofs/MSG_TLS_A615BEC9.out, proofs/SIG_TLS_A615BEC9.out and proofs/PK_TLS_A615BEC9.der
Signature verification succeeds
[TLS] Server time: 1619620200
[TLS] client_random  (32): C36F5833E1D02CB80AA5AA34D6BD4099B196C726AE61E90D14AB0BA555077D22
[TLS] sign_hash (32): 7EEAC7569CF3E576D3BE043475D24C619617AB345E46339FA12F842344882AA6
[TLS] Written transcript to proofs/MSG_TLS_C36F5833.out, proofs/SIG_TLS_C36F5833.out and proofs/PK_TLS_C36F5833.der
Signature verification succeeds
[TLS] Server time: 1619620200
[TLS] client_random  (32): 26500A0F00569D95254DEFC3474185218373A79A52A5CF1B75E2E066460373DF
[TLS] sign_hash (32): E8D9B811E16A83A34BF94BE0D026DBAD196ECBB7E3E81E2C6E3EB4EE465371A4
[TLS] Written transcript to proofs/MSG_TLS_26500A0F.out, proofs/SIG_TLS_26500A0F.out and proofs/PK_TLS_26500A0F.der
Signature verification succeeds
[TLS] Server time: 1619620200
[TLS] client_random  (32): 4A2683DA641A267CDBCA930BC327548B69AC7100DD591B8BB42B447B33C75CB5
[TLS] sign_hash (32): 2DD640E66756EA5242DFB2C8DD249099A3BDEB934EF9502FCA6CF3B63C63CF0C
[TLS] Written transcript to proofs/MSG_TLS_4A2683DA.out, proofs/SIG_TLS_4A2683DA.out and proofs/PK_TLS_4A2683DA.der
Signature verification succeeds
[TLS] Server time: 1619620200
[TLS] client_random  (32): A09FBA623177D390C2B74B92CE218E5BE18E6A2920D27E935BFFEAD338EE0347
[TLS] sign_hash (32): 11473FEECA79CDE40D29A87CCA5563F313B2420FAD0FD53749DFFDC45E786898
[TLS] Written transcript to proofs/MSG_TLS_A09FBA62.out, proofs/SIG_TLS_A09FBA62.out and proofs/PK_TLS_A09FBA62.der
Signature verification succeeds
[TLS] Server time: 1619620200
[TLS] client_random  (32): 8D22F972A20099D20CDC711F82F24B187A5E9EF41B4C05A0EFC21A02F02F3DE9
[TLS] sign_hash (32): 471E75A3BFF4008834D8A9F24B042C7824DA7010F0B77E40FC33D436867E137C
[TLS] Written transcript to proofs/MSG_TLS_8D22F972.out, proofs/SIG_TLS_8D22F972.out and proofs/PK_TLS_8D22F972.der
Signature verification succeeds
[TLS] Server time: 1619620200
[TLS] client_random  (32): AE5CFA8CFEE711C1815D9FE50370326E181C40D6C2AB31749C6A437899398BA2
[TLS] sign_hash (32): F00AE133A25F1F469FB1BB323A76BA1CFF4B94DF379953D790AC8C4032EB504C
[TLS] Written transcript to proofs/MSG_TLS_AE5CFA8C.out, proofs/SIG_TLS_AE5CFA8C.out and proofs/PK_TLS_AE5CFA8C.der
Signature verification succeeds
Time breakdown (averages): anchor_ping:7.091620 file_read:0.125319 hashing:0.470294
Total time for 123 rounds is 952.628797ms
Standard deviations: anchor_ping:1.168975 file_read:0.012478 hashing:0.004547
[Client-side ops] mean:0.595613 sd:0.013282
in & out anchor rand written to proofs/phase1.out
     44 [TLS] Server time: 1619620199
     80 [TLS] Server time: 1619620200
Count is 44
Count is 80
success: 1
RESULT: 1 in 1 tries
