TLS anchor: www.american.edu
Actual: 60, Set: 123
Beginning execution at Tue Apr 27 22:30:01 UTC 2021
CONF: anchor:www.american.edu fs:1024MB n_rounds:123 seed:5c9f4bf9bbc15bb855f82faedc5a52fc3ab2dfa8ec3ba3ce1b270f31fa0cced2 filename:FILE bs:1024 nops:100 benchmarking:0 anchor_ping:1 queue_depth:32 direct:0
[TLS] Connecting to www.american.edu
[TLS] Server time: 1619562600
[TLS] client_random  (32): 5C9F4BF9BBC15BB855F82FAEDC5A52FC3AB2DFA8EC3BA3CE1B270F31FA0CCED2
[TLS] sign_hash (32): 54038B07A96C06DB6C0B22C86EFA7EEA02B40C97C34F954F89041D34B7E69B6F
[TLS] Written transcript to proofs/MSG_TLS_5C9F4BF9.out, proofs/SIG_TLS_5C9F4BF9.out and proofs/PK_TLS_5C9F4BF9.der
Signature verification succeeds
[TLS] Server time: 1619562600
[TLS] client_random  (32): 06AE9D0300298BC4820381EC2E829C3D2E17C2FE131D881C8A2B9031759EDD63
[TLS] sign_hash (32): 35D989F2758644D73F02C8946BCD10EEFAC67A84FA88D81FBCAB492C14A49839
[TLS] Written transcript to proofs/MSG_TLS_06AE9D03.out, proofs/SIG_TLS_06AE9D03.out and proofs/PK_TLS_06AE9D03.der
Signature verification succeeds
[TLS] Server time: 1619562600
[TLS] client_random  (32): 1CAA55A31F8C591425E9DE2DCFA4423E500E746F2B8AC94BD5954C52EF3345F0
[TLS] sign_hash (32): DD316F991DF6FE259298E360FCDB26168DA690CC819857FD5687F115CDF52D96
[TLS] Written transcript to proofs/MSG_TLS_1CAA55A3.out, proofs/SIG_TLS_1CAA55A3.out and proofs/PK_TLS_1CAA55A3.der
Signature verification succeeds
[TLS] Server time: 1619562600
[TLS] client_random  (32): 49B091BED8E7A293A8E654E3BEA28DA7609E1399CE0D27928E20607294F6A1F7
[TLS] sign_hash (32): 94728CD2E7D00A696C259043496252A5A8EFC6EBEA03D30025A9117279ABF74D
[TLS] Written transcript to proofs/MSG_TLS_49B091BE.out, proofs/SIG_TLS_49B091BE.out and proofs/PK_TLS_49B091BE.der
Signature verification succeeds
[TLS] Server time: 1619562600
[TLS] client_random  (32): 654650C63C24BBC26D4B2F63F2B5E4ADC085E86BC9FFD5B488745642EE0E6D7B
[TLS] sign_hash (32): 1EDD0271D157064D05434E68DCCBA6FBE9FEA60BBF65057CD78FDC4390C6A099
[TLS] Written transcript to proofs/MSG_TLS_654650C6.out, proofs/SIG_TLS_654650C6.out and proofs/PK_TLS_654650C6.der
Signature verification succeeds
[TLS] Server time: 1619562600
[TLS] client_random  (32): 059BB7345C207D5D45C678028EAD7E00C23B2205707BCE8874F77C18B3DC0437
[TLS] sign_hash (32): DCD6D3B8EA10761F27C822EF65980E117C6FDA257797DDAE1B0596A601CA6BD3
[TLS] Written transcript to proofs/MSG_TLS_059BB734.out, proofs/SIG_TLS_059BB734.out and proofs/PK_TLS_059BB734.der
Signature verification succeeds
[TLS] Server time: 1619562600
[TLS] client_random  (32): 53CB2F2E399740D663A3EBCC06A8653C2AFC0F5BA6B8F6D3F8A6B095CD5712D7
[TLS] sign_hash (32): D19DBF8F8FA93FA5D239B8FFB183E6CB660D5922DC5AB602C00D1317E8ED999A
[TLS] Written transcript to proofs/MSG_TLS_53CB2F2E.out, proofs/SIG_TLS_53CB2F2E.out and proofs/PK_TLS_53CB2F2E.der
Signature verification succeeds
[TLS] Server time: 1619562600
[TLS] client_random  (32): 211E8EEE4615A5E6548548D3525B74DAA16CE9C20D0F49FC7FABF2FDEB0490AC
[TLS] sign_hash (32): A1B352903FFF6A14FEE40CDE0847464B7720E4C7C2D2476ADF161351AFF036C2
[TLS] Written transcript to proofs/MSG_TLS_211E8EEE.out, proofs/SIG_TLS_211E8EEE.out and proofs/PK_TLS_211E8EEE.der
Signature verification succeeds
[TLS] Server time: 1619562600
[TLS] client_random  (32): 6F904107BB190BF9C1FABA9B1526F5242A4385DAEEBEA8244450817F0028C6AE
[TLS] sign_hash (32): 617D978921DE329CD95F83A60FFB89BC45D7CA707FB589CA7EF57FC12F9D91A5
[TLS] Written transcript to proofs/MSG_TLS_6F904107.out, proofs/SIG_TLS_6F904107.out and proofs/PK_TLS_6F904107.der
Signature verification succeeds
[TLS] Server time: 1619562600
[TLS] client_random  (32): 193239768EA8FD9803A43278C0AF9EA695CEB044B76A3B55C69A0379E4B8C220
[TLS] sign_hash (32): 6445D2139A4174DD6C71B15B1C435B992EDB7144CF89EABA0088373B3B9CF2A8
[TLS] Written transcript to proofs/MSG_TLS_19323976.out, proofs/SIG_TLS_19323976.out and proofs/PK_TLS_19323976.der
Signature verification succeeds
[TLS] Server time: 1619562600
[TLS] client_random  (32): 75157259F48DFCA695BCCC0DF030C66D8774B5C2FF24580725F84B3080AB4CB3
[TLS] sign_hash (32): 323894FEA907F4E8D4BDE115BE427E9DD99F09B971EA8460754780E392DE6D53
[TLS] Written transcript to proofs/MSG_TLS_75157259.out, proofs/SIG_TLS_75157259.out and proofs/PK_TLS_75157259.der
Signature verification succeeds
[TLS] Server time: 1619562600
[TLS] client_random  (32): 99B36452F2BCCC2D0DF8AE9A4C3CEF62976B0826820D0328AB3BC8B6ACA99F73
[TLS] sign_hash (32): 2032AFA7484B0B36DCBE5EEA24CA87C9017E5763F1D1D6B32FEDEC26B54CBC94
[TLS] Written transcript to proofs/MSG_TLS_99B36452.out, proofs/SIG_TLS_99B36452.out and proofs/PK_TLS_99B36452.der
Signature verification succeeds
[TLS] Server time: 1619562600
[TLS] client_random  (32): DE558279EDF51049682929C64C3E2C784E06F501602FF3D198EE5F7CD3B4453B
[TLS] sign_hash (32): 06966E1190ED465E559432D2DDA2A6533AC51DA1C93AF84B687494EA96DBE4E0
[TLS] Written transcript to proofs/MSG_TLS_DE558279.out, proofs/SIG_TLS_DE558279.out and proofs/PK_TLS_DE558279.der
Signature verification succeeds
[TLS] Server time: 1619562600
[TLS] client_random  (32): 3DE538CD56C33E24A88AD4DB9945EF95CE01056CE625ACD9DB6C852DA5C7DF78
[TLS] sign_hash (32): 30BDA9AE869C6E02D71F78F81A9F8538FAA27CDBFAE79782625F4F19147C2C33
[TLS] Written transcript to proofs/MSG_TLS_3DE538CD.out, proofs/SIG_TLS_3DE538CD.out and proofs/PK_TLS_3DE538CD.der
Signature verification succeeds
[TLS] Server time: 1619562600
[TLS] client_random  (32): A811A519C9151983E3F2522596D3FEC4D8A7AA7447994A2C55CAAA59855FC41B
[TLS] sign_hash (32): F0EA7FD80450C33712D749274B3F7A59C8E7AF5A466A1967C960D5F0BAF5D2FE
[TLS] Written transcript to proofs/MSG_TLS_A811A519.out, proofs/SIG_TLS_A811A519.out and proofs/PK_TLS_A811A519.der
Signature verification succeeds
[TLS] Server time: 1619562600
[TLS] client_random  (32): 7E7101B6F9F0F484DFDE166C9AB92D33230EE85A3C42F29E006E47B77BFFD6EB
[TLS] sign_hash (32): 6913F7EE5B25EF80C0CBE447DF19AC76BD2D59A029B13EFD16DC1A4BD288A5E9
[TLS] Written transcript to proofs/MSG_TLS_7E7101B6.out, proofs/SIG_TLS_7E7101B6.out and proofs/PK_TLS_7E7101B6.der
Signature verification succeeds
[TLS] Server time: 1619562600
[TLS] client_random  (32): DEB756977AF2E95F94E6439B4F31D955CFD3FE1F190F04B661CA20C7FDBD1B43
[TLS] sign_hash (32): 485582205646817065EB61F866CCCB7D10B9EB41AD3BAA4D8B1EBC0894F0D31C
[TLS] Written transcript to proofs/MSG_TLS_DEB75697.out, proofs/SIG_TLS_DEB75697.out and proofs/PK_TLS_DEB75697.der
Signature verification succeeds
[TLS] Server time: 1619562600
[TLS] client_random  (32): EE753A5CF248525431DB18597DB65419CAB87327930CD574C40BEB95208CDD89
[TLS] sign_hash (32): 4F9ED564A81049F4EED6CCC2E42D2DD74FEA76594F157F4824D2AF0D974F92EE
[TLS] Written transcript to proofs/MSG_TLS_EE753A5C.out, proofs/SIG_TLS_EE753A5C.out and proofs/PK_TLS_EE753A5C.der
Signature verification succeeds
[TLS] Server time: 1619562600
[TLS] client_random  (32): 59879278AC7811F73E5C983D7EE0B5FB273F87F97D6909C0584C44BF1090A49F
[TLS] sign_hash (32): BD72F38508140FDDE3970463E216566724EAC96D45A159CA5C02EF8ED4A2C682
[TLS] Written transcript to proofs/MSG_TLS_59879278.out, proofs/SIG_TLS_59879278.out and proofs/PK_TLS_59879278.der
Signature verification succeeds
[TLS] Server time: 1619562600
[TLS] client_random  (32): 22C7B438186219FEE6F78A78829BE74EE2A0D311FCDFC77C1F4AB484C0AB3C11
[TLS] sign_hash (32): 9E66CE90ACB4C4E2E9743DF293B0958EC70DF5D71A3A815C02103FE29A551DCE
[TLS] Written transcript to proofs/MSG_TLS_22C7B438.out, proofs/SIG_TLS_22C7B438.out and proofs/PK_TLS_22C7B438.der
Signature verification succeeds
[TLS] Server time: 1619562600
[TLS] client_random  (32): 7AC271E881514AE1411C905359495B0EE8F23A1D6470BFF6507C5FD813715DEC
[TLS] sign_hash (32): 9027D482AFD69F29A10120713665D227AB3807711845AB568E03E4B419C765BD
[TLS] Written transcript to proofs/MSG_TLS_7AC271E8.out, proofs/SIG_TLS_7AC271E8.out and proofs/PK_TLS_7AC271E8.der
Signature verification succeeds
[TLS] Server time: 1619562600
[TLS] client_random  (32): 86AF127F73B965D76BAE0A6D733F822823B954930FFE1CB5CF0EFF662EFF544B
[TLS] sign_hash (32): 6577BC0662A1404F9BDA4A2FABD1CE20F670712D7FF86B38B60D95FF3D623DC8
[TLS] Written transcript to proofs/MSG_TLS_86AF127F.out, proofs/SIG_TLS_86AF127F.out and proofs/PK_TLS_86AF127F.der
Signature verification succeeds
[TLS] Server time: 1619562600
[TLS] client_random  (32): B52539C028228AEF42009C32D535060FC08A0511B815DB226E0F495226FE617D
[TLS] sign_hash (32): F9EE661EE4A84203C6D91CCFA5AC090CEDD9DF75C1C5BE07FD8DD8104EF49610
[TLS] Written transcript to proofs/MSG_TLS_B52539C0.out, proofs/SIG_TLS_B52539C0.out and proofs/PK_TLS_B52539C0.der
Signature verification succeeds
[TLS] Server time: 1619562600
[TLS] client_random  (32): CDF25A4795BE2873BC3655969130288FCBF227C49BE346F3FF003B0988D98CC0
[TLS] sign_hash (32): 45B2E3C746AEE83A0BBF971148DAA6754670D600C44BA6139569366B9D049D7E
[TLS] Written transcript to proofs/MSG_TLS_CDF25A47.out, proofs/SIG_TLS_CDF25A47.out and proofs/PK_TLS_CDF25A47.der
Signature verification succeeds
[TLS] Server time: 1619562600
[TLS] client_random  (32): 9D08DFF6E3834122A28C1E7B6D0250B10B72A765BD707CC2C9000AF3B3268940
[TLS] sign_hash (32): F6548F5BE1445817A3427D53B36187D71FD6A50388E0E0263617173BA64800D7
[TLS] Written transcript to proofs/MSG_TLS_9D08DFF6.out, proofs/SIG_TLS_9D08DFF6.out and proofs/PK_TLS_9D08DFF6.der
Signature verification succeeds
[TLS] Server time: 1619562600
[TLS] client_random  (32): B723AE9C5F5B5A8B36B0828667C666C61332CB536F275A0201C2F14DB8C6D092
[TLS] sign_hash (32): 82B2079A45F0118F2271D339C52877C542783D6633AB3D06FEE2D4BE12B42D5C
[TLS] Written transcript to proofs/MSG_TLS_B723AE9C.out, proofs/SIG_TLS_B723AE9C.out and proofs/PK_TLS_B723AE9C.der
Signature verification succeeds
[TLS] Server time: 1619562600
[TLS] client_random  (32): 8D278A1A06E55346BE33091F8913C37FDB695486E9CE172E60324F02BFB7CABC
[TLS] sign_hash (32): AB91494DA7FC637F56123F9DB7540532FF195AF09088D4A57319A071EA8FDF58
[TLS] Written transcript to proofs/MSG_TLS_8D278A1A.out, proofs/SIG_TLS_8D278A1A.out and proofs/PK_TLS_8D278A1A.der
Signature verification succeeds
[TLS] Server time: 1619562600
[TLS] client_random  (32): 43098CBDD10B12624BB2E58938B79D06AC515673E359CC4B8046D62D969FC6AF
[TLS] sign_hash (32): D467115EEF8D134635151E023744893BD70E22A365FC57AF7E6E5D21A069DD92
[TLS] Written transcript to proofs/MSG_TLS_43098CBD.out, proofs/SIG_TLS_43098CBD.out and proofs/PK_TLS_43098CBD.der
Signature verification succeeds
[TLS] Server time: 1619562600
[TLS] client_random  (32): A9B74BC99BA6D185B6C20AEC7E7780EB58A65BEE39AA08A43CF2ACBF6EB042CA
[TLS] sign_hash (32): 0389C65D355CEC48DF6765C62E8AFDD8CBCBAC4D6F45865698AA4C53E38BFD41
[TLS] Written transcript to proofs/MSG_TLS_A9B74BC9.out, proofs/SIG_TLS_A9B74BC9.out and proofs/PK_TLS_A9B74BC9.der
Signature verification succeeds
[TLS] Server time: 1619562600
[TLS] client_random  (32): A0644AD52D4D3449BA847A20D454D659265DF698227FDEFD9C631611CDC8DC50
[TLS] sign_hash (32): 56953B4CD4A9643599F0DF5A848BE04EDCC75D0349974F455203D9BD0B23BB1F
[TLS] Written transcript to proofs/MSG_TLS_A0644AD5.out, proofs/SIG_TLS_A0644AD5.out and proofs/PK_TLS_A0644AD5.der
Signature verification succeeds
[TLS] Server time: 1619562600
[TLS] client_random  (32): A39220B6CC54ABCA04A01350D50DE1324F44CCCFE40F485F17C7EA5B761E6CDB
[TLS] sign_hash (32): CDAD28AF6B9CAB0CD891BD8AFC59CB49B1BD82045A81FCA022B675A569A24E9C
[TLS] Written transcript to proofs/MSG_TLS_A39220B6.out, proofs/SIG_TLS_A39220B6.out and proofs/PK_TLS_A39220B6.der
Signature verification succeeds
[TLS] Server time: 1619562600
[TLS] client_random  (32): A0DFE82B4E3D82F4F531249188E6C855249A7AFAA8922D43BC4BA35EE17EDD2C
[TLS] sign_hash (32): 06CE4DDB1557777E3B22D16F35CD0C83293BF4C2C1012C03578AC50065071EF7
[TLS] Written transcript to proofs/MSG_TLS_A0DFE82B.out, proofs/SIG_TLS_A0DFE82B.out and proofs/PK_TLS_A0DFE82B.der
Signature verification succeeds
[TLS] Server time: 1619562600
[TLS] client_random  (32): 977CC70A5D0958D57C834A4A446748312CC9DA45FBEFC0491A3C372EE301627A
[TLS] sign_hash (32): 0FD015D7736188236C5386ECD60099A773728F84BC90B73D3D1ED4801D177632
[TLS] Written transcript to proofs/MSG_TLS_977CC70A.out, proofs/SIG_TLS_977CC70A.out and proofs/PK_TLS_977CC70A.der
Signature verification succeeds
[TLS] Server time: 1619562600
[TLS] client_random  (32): 73324D5C49E4F7E52286130CF0B850DCE31DAF15F1B5062AA29BB0C9F862C9EC
[TLS] sign_hash (32): 8A56B3FAE27D5EFC28DFA3B15AC7C7A6902D421808BFBF959EC22440D4AAB00A
[TLS] Written transcript to proofs/MSG_TLS_73324D5C.out, proofs/SIG_TLS_73324D5C.out and proofs/PK_TLS_73324D5C.der
Signature verification succeeds
[TLS] Server time: 1619562600
[TLS] client_random  (32): 51799BCF067389C572EDDADE22569C2D84C0AABA67B8B2EA5FF70DBD71BF9E35
[TLS] sign_hash (32): 4327FD93DC5B75FC32FF75342FBAD07B80332D59D7E923D50362B7EC10813239
[TLS] Written transcript to proofs/MSG_TLS_51799BCF.out, proofs/SIG_TLS_51799BCF.out and proofs/PK_TLS_51799BCF.der
Signature verification succeeds
[TLS] Server time: 1619562600
[TLS] client_random  (32): F449CC81C066297B401A991CD6F1B88F86DCAA15DCDC1F60E987EC558A90383D
[TLS] sign_hash (32): E1D681CDB855C3202E9A438ED7E29E750FEC4549F33795693766FEBDBCEA8F96
[TLS] Written transcript to proofs/MSG_TLS_F449CC81.out, proofs/SIG_TLS_F449CC81.out and proofs/PK_TLS_F449CC81.der
Signature verification succeeds
[TLS] Server time: 1619562600
[TLS] client_random  (32): 114790FEFB3F345DB86615CAA3CA681E84B4A87F60B87CD8BD6BD3751A7B6ED2
[TLS] sign_hash (32): D15B350B505BA597009B8073A2856F96CDB22C362E86E8B957D6455572AAF341
[TLS] Written transcript to proofs/MSG_TLS_114790FE.out, proofs/SIG_TLS_114790FE.out and proofs/PK_TLS_114790FE.der
Signature verification succeeds
[TLS] Server time: 1619562600
[TLS] client_random  (32): 066341350DAF09053208A3F0F64E85C6882AD7F4C323D2143479F19CF0273840
[TLS] sign_hash (32): B8CF0DA36AE25815FFF380B48C17FCA29FDAF6CEA416D0ACE26855DBE1142CF3
[TLS] Written transcript to proofs/MSG_TLS_06634135.out, proofs/SIG_TLS_06634135.out and proofs/PK_TLS_06634135.der
Signature verification succeeds
[TLS] Server time: 1619562600
[TLS] client_random  (32): 6AFD0ABDC317767FAE4AE924BEFB9CA516DBE6C8CA4A6826F0CED9858CE2F484
[TLS] sign_hash (32): 24762C0766B03F3E3FAD0F29C37ED3F863BB9F570567EE4104A196D16A795E71
[TLS] Written transcript to proofs/MSG_TLS_6AFD0ABD.out, proofs/SIG_TLS_6AFD0ABD.out and proofs/PK_TLS_6AFD0ABD.der
Signature verification succeeds
[TLS] Server time: 1619562600
[TLS] client_random  (32): 7BDA3D981454F4481BF28E1C3C0AA72481E944B5E06F7AF115A51587966AC06C
[TLS] sign_hash (32): FA537578D65279D95A54E6CD7B477A3A98D75A88F635664121B4C78A6A2ACD22
[TLS] Written transcript to proofs/MSG_TLS_7BDA3D98.out, proofs/SIG_TLS_7BDA3D98.out and proofs/PK_TLS_7BDA3D98.der
Signature verification succeeds
[TLS] Server time: 1619562600
[TLS] client_random  (32): 0E39BEB550F069E3398BECE1144506BB214184042B23D7F07189EA6975A4D4F0
[TLS] sign_hash (32): 187767847B0BA13A8DBA6F87241568DC9867ED42E2E39E3939A1B9C6E2329C94
[TLS] Written transcript to proofs/MSG_TLS_0E39BEB5.out, proofs/SIG_TLS_0E39BEB5.out and proofs/PK_TLS_0E39BEB5.der
Signature verification succeeds
[TLS] Server time: 1619562600
[TLS] client_random  (32): 36257F2F4F0E457C4F49314335D490C4C57B0A2B36CE4530539646E39E998814
[TLS] sign_hash (32): BFADC4B0214019AE443D35A89719C341F0BCB34FD1F8317463CD9FC85471909A
[TLS] Written transcript to proofs/MSG_TLS_36257F2F.out, proofs/SIG_TLS_36257F2F.out and proofs/PK_TLS_36257F2F.der
Signature verification succeeds
[TLS] Server time: 1619562600
[TLS] client_random  (32): 08E6D7D1D0C80D0BE15A98CD50ED3A60B8462376182AC98B0DE8510B47BA30EC
[TLS] sign_hash (32): F6A2FA8D985F99A582A086030DEDC6A58F87996FBFB2001481205B0D2C64F16B
[TLS] Written transcript to proofs/MSG_TLS_08E6D7D1.out, proofs/SIG_TLS_08E6D7D1.out and proofs/PK_TLS_08E6D7D1.der
Signature verification succeeds
[TLS] Server time: 1619562600
[TLS] client_random  (32): 426E56F81DE7025593E35AF829A3B40472F87E3D4AE10E4EC6BDB49434AE9A53
[TLS] sign_hash (32): B627AEBA87D8238D02217E003606315164361106E5546DA0B16BE8AE31D2A86B
[TLS] Written transcript to proofs/MSG_TLS_426E56F8.out, proofs/SIG_TLS_426E56F8.out and proofs/PK_TLS_426E56F8.der
Signature verification succeeds
[TLS] Server time: 1619562600
[TLS] client_random  (32): 0B26AB5026456A024BE19D54DF16EB5372CD0D877656C86E382EE0A74E908D5F
[TLS] sign_hash (32): 29AA4D2504FEECC05BEE079C0B8263533DA48936B6C26F7BB08B85FE2C193992
[TLS] Written transcript to proofs/MSG_TLS_0B26AB50.out, proofs/SIG_TLS_0B26AB50.out and proofs/PK_TLS_0B26AB50.der
Signature verification succeeds
[TLS] Server time: 1619562600
[TLS] client_random  (32): 88F596C45D671D613C33697237E76DE33EB9977AF1D7CD9D1460C7CB5F48F995
[TLS] sign_hash (32): 79FB689BC3225A4CB93EEF810289879FD983DA2993568F3EB341D5EE201D5219
[TLS] Written transcript to proofs/MSG_TLS_88F596C4.out, proofs/SIG_TLS_88F596C4.out and proofs/PK_TLS_88F596C4.der
Signature verification succeeds
[TLS] Server time: 1619562600
[TLS] client_random  (32): 338AFCBA20FE915DE769E248CE5D32DEC67C9AC65EA619117049C63E05DAB2D9
[TLS] sign_hash (32): 7E810EC09BA303030820001CC9875D3BB72C39A390EEF680136338B25AA05EC2
[TLS] Written transcript to proofs/MSG_TLS_338AFCBA.out, proofs/SIG_TLS_338AFCBA.out and proofs/PK_TLS_338AFCBA.der
Signature verification succeeds
[TLS] Server time: 1619562600
[TLS] client_random  (32): BB89D8FD604148297A0A3CC3DDCE9C1AF8ABD8264D7C33A95AC86797CD78499D
[TLS] sign_hash (32): D28FD11F6A38E68CB6EF5FF9E83C50FA75C14932E55FBEE1457C0BDB924D2F6C
[TLS] Written transcript to proofs/MSG_TLS_BB89D8FD.out, proofs/SIG_TLS_BB89D8FD.out and proofs/PK_TLS_BB89D8FD.der
Signature verification succeeds
[TLS] Server time: 1619562600
[TLS] client_random  (32): 726872AAF5DDD593BB9DF6E69CF31CE1DA93605C1A9BA91A1B2DE9C9B869B7D9
[TLS] sign_hash (32): 1893C0D7152AAED17911DD913F556BFD154D32F9B004941506C327CFAC705E64
[TLS] Written transcript to proofs/MSG_TLS_726872AA.out, proofs/SIG_TLS_726872AA.out and proofs/PK_TLS_726872AA.der
Signature verification succeeds
[TLS] Server time: 1619562600
[TLS] client_random  (32): CB694BE478B44CDC1FE4F499D33ECB7C0A0AE1B7BEDCA8CAC7FE20FF9328DF90
[TLS] sign_hash (32): 18F9E608CA55E2FDA6961FD89C39177B3CD3155AB7DD97EF9BA6C607DCE16037
[TLS] Written transcript to proofs/MSG_TLS_CB694BE4.out, proofs/SIG_TLS_CB694BE4.out and proofs/PK_TLS_CB694BE4.der
Signature verification succeeds
[TLS] Server time: 1619562600
[TLS] client_random  (32): 80A0013637E29A0E9EAE56B7282CE287C12341C4A426E37D16C66B4DB91F83F6
[TLS] sign_hash (32): 26EF2A449088D98747CB118374557328BCDCD0C7682AAE421796E268CFFB1B10
[TLS] Written transcript to proofs/MSG_TLS_80A00136.out, proofs/SIG_TLS_80A00136.out and proofs/PK_TLS_80A00136.der
Signature verification succeeds
[TLS] Server time: 1619562600
[TLS] client_random  (32): 299454038A10FA538E814FC44088A023722D4CF7D978D254789299A38ECEEAA9
[TLS] sign_hash (32): 9CA79B42683AA654D55336E7C952FDB987A125381D47C38E7EDC7AED7C7EBACF
[TLS] Written transcript to proofs/MSG_TLS_29945403.out, proofs/SIG_TLS_29945403.out and proofs/PK_TLS_29945403.der
Signature verification succeeds
[TLS] Server time: 1619562600
[TLS] client_random  (32): A849CAF9A5D10AEB662C19B9404431C07FC78AA49DBD79E1A3C415E9A2D0865A
[TLS] sign_hash (32): 415C9172994B7D032641594BD3CE1CC91C78DE612DCF00F7BB47E52F8AC529F9
[TLS] Written transcript to proofs/MSG_TLS_A849CAF9.out, proofs/SIG_TLS_A849CAF9.out and proofs/PK_TLS_A849CAF9.der
Signature verification succeeds
[TLS] Server time: 1619562600
[TLS] client_random  (32): AF1F887F965B9F7D477A7A0248E40FA6970C024D27EF22345CB9C1AB021CE2DC
[TLS] sign_hash (32): C3C0514040AEB68CF3FCA62BABBB2D174F538F3B44E4910490879DE621F40121
[TLS] Written transcript to proofs/MSG_TLS_AF1F887F.out, proofs/SIG_TLS_AF1F887F.out and proofs/PK_TLS_AF1F887F.der
Signature verification succeeds
[TLS] Server time: 1619562600
[TLS] client_random  (32): EB6C9FD9F3AE6BC0C6754EC0BCBD4D801B9F500D0B7D958CA321B906FC460F60
[TLS] sign_hash (32): DC87D95BEE9EE33799B60B3234DE673DDC2492AE774F1501E916FD54DE02669F
[TLS] Written transcript to proofs/MSG_TLS_EB6C9FD9.out, proofs/SIG_TLS_EB6C9FD9.out and proofs/PK_TLS_EB6C9FD9.der
Signature verification succeeds
[TLS] Server time: 1619562600
[TLS] client_random  (32): 5626518A068CFCA9F00FA18DA182E5EB13FCE769FCDDA5557959B43A779C10C5
[TLS] sign_hash (32): D15CABED770A8617E29939695E13D96C79B8479B2D76511DC9DF5F4A88C062E5
[TLS] Written transcript to proofs/MSG_TLS_5626518A.out, proofs/SIG_TLS_5626518A.out and proofs/PK_TLS_5626518A.der
Signature verification succeeds
[TLS] Server time: 1619562600
[TLS] client_random  (32): 0D0CA8921164BA2C3493138E6B400C3C66434E9E1BF5567665D2826C1814B890
[TLS] sign_hash (32): 7F4CD6001F7A7CD0677BD2E6F6FD1DF3ADACAF6A2F1282CA72FB519B5DF4B904
[TLS] Written transcript to proofs/MSG_TLS_0D0CA892.out, proofs/SIG_TLS_0D0CA892.out and proofs/PK_TLS_0D0CA892.der
Signature verification succeeds
[TLS] Server time: 1619562600
[TLS] client_random  (32): 823DD1B317E26E98AA21CB0791AE74DAE07974D3C52B983F14BA33AA1A497FB0
[TLS] sign_hash (32): 9FF9557F8FF5A1E93DE4F6D2B525F9CAAFFF54352D9321FAA1DE0ECA93E52A7D
[TLS] Written transcript to proofs/MSG_TLS_823DD1B3.out, proofs/SIG_TLS_823DD1B3.out and proofs/PK_TLS_823DD1B3.der
Signature verification succeeds
[TLS] Server time: 1619562600
[TLS] client_random  (32): 09D5EA400F88840FE429E0A10F45DB55B6E453C090BE2D6574EEB9E930099519
[TLS] sign_hash (32): E21084BFF561599CB3CD9CDBA694CA4AEAF4C01076BAB7825C56D42E804AFF2C
[TLS] Written transcript to proofs/MSG_TLS_09D5EA40.out, proofs/SIG_TLS_09D5EA40.out and proofs/PK_TLS_09D5EA40.der
Signature verification succeeds
[TLS] Server time: 1619562600
[TLS] client_random  (32): 9649EE03DB399BC63A923F04B7253DEEDFB8EE2B4FAAEAC0112FEA85A1947023
[TLS] sign_hash (32): EBCE73F13E1F2D25EA0BF5386273A17DB3D67760420701228A8817142B4080CD
[TLS] Written transcript to proofs/MSG_TLS_9649EE03.out, proofs/SIG_TLS_9649EE03.out and proofs/PK_TLS_9649EE03.der
Signature verification succeeds
[TLS] Server time: 1619562600
[TLS] client_random  (32): 345813D65151B7F78362EE3B7636691EE760D7A8BE02CCB58702DA4F075E548A
[TLS] sign_hash (32): E6BEED846A13610AE108EAF2691D583F719CC8D55F8937F0E0D1FC3E5B50F2F0
[TLS] Written transcript to proofs/MSG_TLS_345813D6.out, proofs/SIG_TLS_345813D6.out and proofs/PK_TLS_345813D6.der
Signature verification succeeds
[TLS] Server time: 1619562600
[TLS] client_random  (32): 5DA4C04D6CBFCCB04CA6C71C60AA37AC678C076DCA8901417C314E55E33A8B23
[TLS] sign_hash (32): 6B6C31D8D679CD5FCAB29843E688ED75E6AD89E88FBF57C3D18EC04E89DBFA39
[TLS] Written transcript to proofs/MSG_TLS_5DA4C04D.out, proofs/SIG_TLS_5DA4C04D.out and proofs/PK_TLS_5DA4C04D.der
Signature verification succeeds
[TLS] Server time: 1619562600
[TLS] client_random  (32): 0496B6ECA1F62305400015346DE7390C3BAAA0647CCD53A9608908ED52B58382
[TLS] sign_hash (32): 8F10D9B323C7FE209796A38AF0F6250452F39341F207079AAA3C0D9117774AF8
[TLS] Written transcript to proofs/MSG_TLS_0496B6EC.out, proofs/SIG_TLS_0496B6EC.out and proofs/PK_TLS_0496B6EC.der
Signature verification succeeds
[TLS] Server time: 1619562600
[TLS] client_random  (32): FC5A99ACAC6DB6497EAEA65F49EE5B58040035CD628D232076B4EDBBC9069425
[TLS] sign_hash (32): A4721C807CF2F6C319FEF351ACCEE682F643FD09B6CE2EDBCB555A39E1B179A5
[TLS] Written transcript to proofs/MSG_TLS_FC5A99AC.out, proofs/SIG_TLS_FC5A99AC.out and proofs/PK_TLS_FC5A99AC.der
Signature verification succeeds
[TLS] Server time: 1619562600
[TLS] client_random  (32): 70223CFB46B4F37B2D8639859E4BB5260299018F2BAF9431763A2E949B7150F8
[TLS] sign_hash (32): 2130060D322646199A77BE932D953DBA584200F5EB274866440A22EB3C10C106
[TLS] Written transcript to proofs/MSG_TLS_70223CFB.out, proofs/SIG_TLS_70223CFB.out and proofs/PK_TLS_70223CFB.der
Signature verification succeeds
[TLS] Server time: 1619562600
[TLS] client_random  (32): 5B0069EC2DC9F46F7782C92313B158B214537262AA0B4CE359083DD1005BDACB
[TLS] sign_hash (32): 11AC9ED818CE501F358F168E6F438BB9052883B2287ABDC43E9A8D1046D547B4
[TLS] Written transcript to proofs/MSG_TLS_5B0069EC.out, proofs/SIG_TLS_5B0069EC.out and proofs/PK_TLS_5B0069EC.der
Signature verification succeeds
[TLS] Server time: 1619562600
[TLS] client_random  (32): E48A5113C3BEB0F4C713894EEDE5A1423EE23169F85FD6E2AF5CEB1CD25DE5C3
[TLS] sign_hash (32): 1A15ABC2906545B7AC2B2B04F88963D8913F67020E453DC363E4B06AA9D86ECD
[TLS] Written transcript to proofs/MSG_TLS_E48A5113.out, proofs/SIG_TLS_E48A5113.out and proofs/PK_TLS_E48A5113.der
Signature verification succeeds
[TLS] Server time: 1619562600
[TLS] client_random  (32): B38252152C5C63CB2AB8CBEDC53BAB5BC36C42C846BC4C33CA263C7CD9846FDE
[TLS] sign_hash (32): E37D1ECA2FE169CA8AEE8A429A357F7260E36B00AA4B58AF9EB825EA44B0DADE
[TLS] Written transcript to proofs/MSG_TLS_B3825215.out, proofs/SIG_TLS_B3825215.out and proofs/PK_TLS_B3825215.der
Signature verification succeeds
[TLS] Server time: 1619562600
[TLS] client_random  (32): 5E4E1F1F7873D71136DA0863A8828389D4246B50C7164DC59F9B4C4E7F8766D8
[TLS] sign_hash (32): C84F301C94830A34DF4174ED446D1BD62A7C1E7DA57ABFA748E7270E277A6A38
[TLS] Written transcript to proofs/MSG_TLS_5E4E1F1F.out, proofs/SIG_TLS_5E4E1F1F.out and proofs/PK_TLS_5E4E1F1F.der
Signature verification succeeds
[TLS] Server time: 1619562600
[TLS] client_random  (32): 9016F132B146526DC7CADFBF15E10B857579A89E63C4E7346A171E6304F10FBC
[TLS] sign_hash (32): BB0360E818BD323B7889D119FD692A0B6F3C6449F5DD76025817B34ACE14EB49
[TLS] Written transcript to proofs/MSG_TLS_9016F132.out, proofs/SIG_TLS_9016F132.out and proofs/PK_TLS_9016F132.der
Signature verification succeeds
[TLS] Server time: 1619562600
[TLS] client_random  (32): 0A3786C6BE9C3D3AE365194742143F530B29F0B1256B65E7EF4461E2799F280C
[TLS] sign_hash (32): 99BD4E00DE2178FB653603F825076E98805359107E3A97DB46CB9AE15470C50F
[TLS] Written transcript to proofs/MSG_TLS_0A3786C6.out, proofs/SIG_TLS_0A3786C6.out and proofs/PK_TLS_0A3786C6.der
Signature verification succeeds
[TLS] Server time: 1619562600
[TLS] client_random  (32): 6C6002519162E50CBE7A824449F43B4C152FA1A56BFE244AF22794A71CE7509B
[TLS] sign_hash (32): 54772235903F310490818DC257DE3662B21EACB10BD9A26731B6FB3398561CEC
[TLS] Written transcript to proofs/MSG_TLS_6C600251.out, proofs/SIG_TLS_6C600251.out and proofs/PK_TLS_6C600251.der
Signature verification succeeds
[TLS] Server time: 1619562600
[TLS] client_random  (32): 50FFEC67643DD127BA187821DA134F64820F3A703BB0FD0BE96982998D83859F
[TLS] sign_hash (32): 012026002ECDE7A63123D3D502BADDF41596B51A3DC5D71AD1F26EBFDB39D0EE
[TLS] Written transcript to proofs/MSG_TLS_50FFEC67.out, proofs/SIG_TLS_50FFEC67.out and proofs/PK_TLS_50FFEC67.der
Signature verification succeeds
[TLS] Server time: 1619562600
[TLS] client_random  (32): C87D53DE398F69C2E921A2CFE9C6D5A4E85A6AE9A34F28521213439743562AA1
[TLS] sign_hash (32): B74E2D34F701263E97653F13EC37E72A842AD1A284DA5475BCE7CE9EB9A593E4
[TLS] Written transcript to proofs/MSG_TLS_C87D53DE.out, proofs/SIG_TLS_C87D53DE.out and proofs/PK_TLS_C87D53DE.der
Signature verification succeeds
[TLS] Server time: 1619562600
[TLS] client_random  (32): 0A24501C17605C4C7F7D4FBE4243A1F9D25ECDC967364FAD475500D48B7B220E
[TLS] sign_hash (32): 139F655C3DA7B046C84413424B6F9CE1B7888BD17AD113F55FD6E9548EAA0BB9
[TLS] Written transcript to proofs/MSG_TLS_0A24501C.out, proofs/SIG_TLS_0A24501C.out and proofs/PK_TLS_0A24501C.der
Signature verification succeeds
[TLS] Server time: 1619562600
[TLS] client_random  (32): B9D137A724C958099F8A4600971F4784EED9122D387D0007DEF6C9804D210DCF
[TLS] sign_hash (32): 73EE575CA2DC2AA5DAD58ACF4D1EEAC8B23AD53055DC3D938FC943F39A0899DE
[TLS] Written transcript to proofs/MSG_TLS_B9D137A7.out, proofs/SIG_TLS_B9D137A7.out and proofs/PK_TLS_B9D137A7.der
Signature verification succeeds
[TLS] Server time: 1619562600
[TLS] client_random  (32): 80746C32A9F1659AAF84E6FBC04E339F1E13145637E85AB0E1B7E0DC5BF4314D
[TLS] sign_hash (32): 3F77E4F052E45432AD5FD8FA24F136072428C57947DEDA78E7994BCE94EA5BFE
[TLS] Written transcript to proofs/MSG_TLS_80746C32.out, proofs/SIG_TLS_80746C32.out and proofs/PK_TLS_80746C32.der
Signature verification succeeds
[TLS] Server time: 1619562600
[TLS] client_random  (32): B2F997E67FFF6CF5549AFA4B715871E291AB701DA2A93280B6DE53F42DB6806F
[TLS] sign_hash (32): 807430CBCD4E4079A386077B4D5225B0BB0A55CE517ACD9200CFE525557C3943
[TLS] Written transcript to proofs/MSG_TLS_B2F997E6.out, proofs/SIG_TLS_B2F997E6.out and proofs/PK_TLS_B2F997E6.der
Signature verification succeeds
[TLS] Server time: 1619562600
[TLS] client_random  (32): 0E1620B86A13E88057D65857DBFAA1CB0771D663312AC1AD84369D554C4B6309
[TLS] sign_hash (32): B347A158A3008698FE69FD9E466A8177090D19911FE8ED4B497D3502079C9372
[TLS] Written transcript to proofs/MSG_TLS_0E1620B8.out, proofs/SIG_TLS_0E1620B8.out and proofs/PK_TLS_0E1620B8.der
Signature verification succeeds
[TLS] Server time: 1619562600
[TLS] client_random  (32): 8E6FB84F60BD17BC3D21CC541E7086A1D79F593A68917A3BD21997183816EDDA
[TLS] sign_hash (32): 00D0C6E95290606A80BE11D4D6851D5D3FCC1E2C930B45BECF982F356EA2539C
[TLS] Written transcript to proofs/MSG_TLS_8E6FB84F.out, proofs/SIG_TLS_8E6FB84F.out and proofs/PK_TLS_8E6FB84F.der
Signature verification succeeds
[TLS] Server time: 1619562600
[TLS] client_random  (32): C8FCD1ABFC87D55CEAD8E52D6172C481FACB32923A710EBA2CC27B3E08F8D7CB
[TLS] sign_hash (32): 40AF722EE1CB5541DFF8D9AFB49E2D4E4DB82E2B47E8D99FB6421DCBC30C32C6
[TLS] Written transcript to proofs/MSG_TLS_C8FCD1AB.out, proofs/SIG_TLS_C8FCD1AB.out and proofs/PK_TLS_C8FCD1AB.der
Signature verification succeeds
[TLS] Server time: 1619562600
[TLS] client_random  (32): 78D1EADE9268611FC960F9326B37BC7381F9DCAE619665B874F52AFE40EF70BD
[TLS] sign_hash (32): D2D36A7C4F7186E672597CDE5182535BD131BAD105C04E834E61055F3BBD11A8
[TLS] Written transcript to proofs/MSG_TLS_78D1EADE.out, proofs/SIG_TLS_78D1EADE.out and proofs/PK_TLS_78D1EADE.der
Signature verification succeeds
[TLS] Server time: 1619562600
[TLS] client_random  (32): E4185E675603646360A3714273264EAB739EF684AEB2266C133C4710AE5525AB
[TLS] sign_hash (32): 6F849D1A9123B0F073E0687B588A9765634BAC1A93672D9696E34C9566E97572
[TLS] Written transcript to proofs/MSG_TLS_E4185E67.out, proofs/SIG_TLS_E4185E67.out and proofs/PK_TLS_E4185E67.der
Signature verification succeeds
[TLS] Server time: 1619562600
[TLS] client_random  (32): BAAA0DC7F32C56735B256F5E0DD0413B42BA7C20E539F759C50BDF9840C821EA
[TLS] sign_hash (32): BD430B8F5BE1BD48CC31457568D852D50D5D6E50B6EF3CE920C98D9BB32130E7
[TLS] Written transcript to proofs/MSG_TLS_BAAA0DC7.out, proofs/SIG_TLS_BAAA0DC7.out and proofs/PK_TLS_BAAA0DC7.der
Signature verification succeeds
[TLS] Server time: 1619562600
[TLS] client_random  (32): B8C322569805EB2CDC4A50470E7E5582495C23EB32C106F4329FDEB4848008D4
[TLS] sign_hash (32): A1AB7C2CDBDA0A1CCC54DD6350F5F07535172CB8F34F9D93E9060FD043C4AD7B
[TLS] Written transcript to proofs/MSG_TLS_B8C32256.out, proofs/SIG_TLS_B8C32256.out and proofs/PK_TLS_B8C32256.der
Signature verification succeeds
[TLS] Server time: 1619562600
[TLS] client_random  (32): 8C095EB6146B482EC073C135B6CD34F5DDC6A0DE680F7DD132754A54FB419A62
[TLS] sign_hash (32): 2258691919B74998C2584288D3C94F7E9A180D335DFDE6CD111CC04F9453DFB3
[TLS] Written transcript to proofs/MSG_TLS_8C095EB6.out, proofs/SIG_TLS_8C095EB6.out and proofs/PK_TLS_8C095EB6.der
Signature verification succeeds
[TLS] Server time: 1619562600
[TLS] client_random  (32): AC293AA01BC2C40E6FAA82A6EC1CA433A2F78D556302B20DBB93172CE3B458F1
[TLS] sign_hash (32): 0E7D05EB5ED4C61FB5548B58208D8B74BFA7947DB3BB6490C3DBFAFB2DB9D68D
[TLS] Written transcript to proofs/MSG_TLS_AC293AA0.out, proofs/SIG_TLS_AC293AA0.out and proofs/PK_TLS_AC293AA0.der
Signature verification succeeds
[TLS] Server time: 1619562600
[TLS] client_random  (32): 544724BBBADB8B5F534B10F4BAFADDC9B3D674A912267F5F40A4769FE6AED5CF
[TLS] sign_hash (32): 86AE37AF9A5FD8E427296E28D5AC55E918C7A032C217A0E7E7F24C9D59E76D7A
[TLS] Written transcript to proofs/MSG_TLS_544724BB.out, proofs/SIG_TLS_544724BB.out and proofs/PK_TLS_544724BB.der
Signature verification succeeds
[TLS] Server time: 1619562600
[TLS] client_random  (32): DF3AF1F9AC5DE7653D297AA887A2742E2BD2600436478AE578E4FE4483CE05D1
[TLS] sign_hash (32): 2F726A1A90DCEAE19097EEADB4EF6CB2A2D1815FCBF352349413039A254E4E3C
[TLS] Written transcript to proofs/MSG_TLS_DF3AF1F9.out, proofs/SIG_TLS_DF3AF1F9.out and proofs/PK_TLS_DF3AF1F9.der
Signature verification succeeds
[TLS] Server time: 1619562600
[TLS] client_random  (32): DF6136B660EFFFEB48AAAEA11B77B1EF94506D193D18D4E2B37AE5B1983645C2
[TLS] sign_hash (32): B9EF1C8D9C2155D91BE7E8535E74BF3243B5DDF9DB0535A2F70A471A8C0BB3EB
[TLS] Written transcript to proofs/MSG_TLS_DF6136B6.out, proofs/SIG_TLS_DF6136B6.out and proofs/PK_TLS_DF6136B6.der
Signature verification succeeds
[TLS] Server time: 1619562600
[TLS] client_random  (32): A836993872C1FD142D70D2ADC23EBCAD8072E9424642132059254F6764196786
[TLS] sign_hash (32): 56F1ABA0E03DEB111422D2431EB35B2E50F502E7596DC62527C1C081E787ADEC
[TLS] Written transcript to proofs/MSG_TLS_A8369938.out, proofs/SIG_TLS_A8369938.out and proofs/PK_TLS_A8369938.der
Signature verification succeeds
[TLS] Server time: 1619562600
[TLS] client_random  (32): D94C448730E8B63A40558DFE362A669BD0329472052FC90CF9F124DD1AA7A9B4
[TLS] sign_hash (32): 4149E46CC1F83D48A5C5622C7ED5332B35C3742880CA16425EAD3C0E1B99F501
[TLS] Written transcript to proofs/MSG_TLS_D94C4487.out, proofs/SIG_TLS_D94C4487.out and proofs/PK_TLS_D94C4487.der
Signature verification succeeds
[TLS] Server time: 1619562600
[TLS] client_random  (32): 7DFA0E6A272EA07F0E919F3A00D5BB0285EA4FA4EB6F869A3E013108916CB5E8
[TLS] sign_hash (32): C4FBEFBF26F8468DE437E9D992563A1E8DB78F6159EBCFC9B63DEE12A9169118
[TLS] Written transcript to proofs/MSG_TLS_7DFA0E6A.out, proofs/SIG_TLS_7DFA0E6A.out and proofs/PK_TLS_7DFA0E6A.der
Signature verification succeeds
[TLS] Server time: 1619562600
[TLS] client_random  (32): BBB9AD9E624149F8BA06076F5BD4ECCD1A5BE7A2E8252072B9AFD7A75220E4BD
[TLS] sign_hash (32): C512AF6F9009C74F655176248E88F4FC535262E17E77E14DE3BA1C2A10145CEB
[TLS] Written transcript to proofs/MSG_TLS_BBB9AD9E.out, proofs/SIG_TLS_BBB9AD9E.out and proofs/PK_TLS_BBB9AD9E.der
Signature verification succeeds
[TLS] Server time: 1619562600
[TLS] client_random  (32): 5DC628B483922998A8F8B34F0D491E14DEAEC39E6058A3045D71388D04C6EDF0
[TLS] sign_hash (32): 74CA5C94BA8287DD8BDAA0DE50110C95885F6DB1DF54505BB34E0D186D07D38D
[TLS] Written transcript to proofs/MSG_TLS_5DC628B4.out, proofs/SIG_TLS_5DC628B4.out and proofs/PK_TLS_5DC628B4.der
Signature verification succeeds
[TLS] Server time: 1619562600
[TLS] client_random  (32): 88418311EE6602C1B16F16A9503F17B90FB419459F1A48DC24670A0756F34E3E
[TLS] sign_hash (32): A1E51AA4F3651B1E686EBF8C87E4A828346C970CD33EAF91EB46D53178CF2BDC
[TLS] Written transcript to proofs/MSG_TLS_88418311.out, proofs/SIG_TLS_88418311.out and proofs/PK_TLS_88418311.der
Signature verification succeeds
[TLS] Server time: 1619562600
[TLS] client_random  (32): F579B8CBF4BB5BF6876627B1ED9E1117EEF7CCEE0C935837040D0C6C06B9E707
[TLS] sign_hash (32): 20BE71E609D5047B12430D19F9FBB7AF9E5CCB6BD0C9C791D607B4FFC9378531
[TLS] Written transcript to proofs/MSG_TLS_F579B8CB.out, proofs/SIG_TLS_F579B8CB.out and proofs/PK_TLS_F579B8CB.der
Signature verification succeeds
[TLS] Server time: 1619562600
[TLS] client_random  (32): EB5CCB9357D2064B88E1467C82D74EFCEF419CF55C11AB2E1617DB6970C6294C
[TLS] sign_hash (32): D4CCABAB2DA5F1A580727E03F8BE833EE44ABCE81848A61615AC19A24AF46F7F
[TLS] Written transcript to proofs/MSG_TLS_EB5CCB93.out, proofs/SIG_TLS_EB5CCB93.out and proofs/PK_TLS_EB5CCB93.der
Signature verification succeeds
[TLS] Server time: 1619562600
[TLS] client_random  (32): C1DFFB67DBDBFCFC83B33E99CAFA8E8E1B8D2A60B73225CBF336EF4AE324A2D8
[TLS] sign_hash (32): 349C7721E6958B176FBDAA2470080138874A53BDBED6DCA4FD0F022F9593575A
[TLS] Written transcript to proofs/MSG_TLS_C1DFFB67.out, proofs/SIG_TLS_C1DFFB67.out and proofs/PK_TLS_C1DFFB67.der
Signature verification succeeds
[TLS] Server time: 1619562600
[TLS] client_random  (32): D37BABB5B077CCD7627FF75290D9AD21525C6C95A5D1C63644435EFDC16EA653
[TLS] sign_hash (32): 2743E34F1D4700163489FB34B41C5FBA0433E36E1EAC8FC486226A0FF539B6E5
[TLS] Written transcript to proofs/MSG_TLS_D37BABB5.out, proofs/SIG_TLS_D37BABB5.out and proofs/PK_TLS_D37BABB5.der
Signature verification succeeds
[TLS] Server time: 1619562600
[TLS] client_random  (32): 9A88F80F2E5BA2AD3AB09E5A8921A9BE60578ED68389EE51A472FA30848E7CAD
[TLS] sign_hash (32): EF1660D21B8D73090A77746064858E76F7250EB243CD76533675B0FCC0204658
[TLS] Written transcript to proofs/MSG_TLS_9A88F80F.out, proofs/SIG_TLS_9A88F80F.out and proofs/PK_TLS_9A88F80F.der
Signature verification succeeds
[TLS] Server time: 1619562600
[TLS] client_random  (32): 6D4BDF7D67909410CEE2C017F0662579191540FB5D36B57E8A296CACFD874992
[TLS] sign_hash (32): EA61FD7EBB4A14C9420D21BA9ED6BB1CEA72F7B918389474282D871D5BAD92C9
[TLS] Written transcript to proofs/MSG_TLS_6D4BDF7D.out, proofs/SIG_TLS_6D4BDF7D.out and proofs/PK_TLS_6D4BDF7D.der
Signature verification succeeds
[TLS] Server time: 1619562600
[TLS] client_random  (32): 67390BB556ECF7B18A663AD4E673CECF03454482FDE7EF52F7E03CB8AF34E303
[TLS] sign_hash (32): B40E29F80C97EA53BBF5946ADA5D83B9C734D2769A91717251639D5F17CC7343
[TLS] Written transcript to proofs/MSG_TLS_67390BB5.out, proofs/SIG_TLS_67390BB5.out and proofs/PK_TLS_67390BB5.der
Signature verification succeeds
[TLS] Server time: 1619562600
[TLS] client_random  (32): B0339054DC908D24D38D4ABEFF23AED4AB98890D7B8CFE863301307C690DBCBF
[TLS] sign_hash (32): 5DB1253A359486BC83C63533CDDF37EEA578654DEA6BFE2D86DA0F3DCD35BE91
[TLS] Written transcript to proofs/MSG_TLS_B0339054.out, proofs/SIG_TLS_B0339054.out and proofs/PK_TLS_B0339054.der
Signature verification succeeds
[TLS] Server time: 1619562600
[TLS] client_random  (32): 5FE011467B263358A7BD38906E4AF49F0A52E0F6B5FC592EE2E56DC08C17ACE0
[TLS] sign_hash (32): E638FE851F5829351E25227542DD95B96CE1A0322480C326B66887B5AB41BC29
[TLS] Written transcript to proofs/MSG_TLS_5FE01146.out, proofs/SIG_TLS_5FE01146.out and proofs/PK_TLS_5FE01146.der
Signature verification succeeds
[TLS] Server time: 1619562600
[TLS] client_random  (32): 39A489F91E4A4ADBFE659DEE4E1FACF3402527A6CD5B3FC6F21B2C690847C41B
[TLS] sign_hash (32): BA860BE4260EEBF9430E81742B7AB03EBAE8129574C5680DD777BD3B6B8E2609
[TLS] Written transcript to proofs/MSG_TLS_39A489F9.out, proofs/SIG_TLS_39A489F9.out and proofs/PK_TLS_39A489F9.der
Signature verification succeeds
[TLS] Server time: 1619562600
[TLS] client_random  (32): B351E933F6DCE50E7633B04B1BC8BC28D2BB251B4689870AA54EAC028DD599D9
[TLS] sign_hash (32): E1491E88923771D9A8C25319EB2A334502672962D6FABC5522BB300BF3CA9879
[TLS] Written transcript to proofs/MSG_TLS_B351E933.out, proofs/SIG_TLS_B351E933.out and proofs/PK_TLS_B351E933.der
Signature verification succeeds
[TLS] Server time: 1619562600
[TLS] client_random  (32): 21F95F8E06C9726706D585A029CB9A660FCDAAF13F95A290045F7603EFB291D7
[TLS] sign_hash (32): 7B9A6E9607B938719BC8AAB61CA087F5269D21F8F489571D027E9C593A41BA51
[TLS] Written transcript to proofs/MSG_TLS_21F95F8E.out, proofs/SIG_TLS_21F95F8E.out and proofs/PK_TLS_21F95F8E.der
Signature verification succeeds
[TLS] Server time: 1619562600
[TLS] client_random  (32): BFEC0007226A0673D400C50D06A4390AE9748C88BF89C904E2676ABE108CB3BB
[TLS] sign_hash (32): 3DE6B7E2304D2AA3A5563302C384DB1DA21445D5FFCE68FEDAFFDC6AA97238F3
[TLS] Written transcript to proofs/MSG_TLS_BFEC0007.out, proofs/SIG_TLS_BFEC0007.out and proofs/PK_TLS_BFEC0007.der
Signature verification succeeds
[TLS] Server time: 1619562600
[TLS] client_random  (32): C93F3D43FCF548D8BE8B43A89AB24E7835D383E11DC9020D647815BB3BD85E60
[TLS] sign_hash (32): CD68289D5C5F4B7B2405557015AB44B38874A670B0BFC1F380D1BECF914AB066
[TLS] Written transcript to proofs/MSG_TLS_C93F3D43.out, proofs/SIG_TLS_C93F3D43.out and proofs/PK_TLS_C93F3D43.der
Signature verification succeeds
[TLS] Server time: 1619562600
[TLS] client_random  (32): 0182695FA5E04296A717E4CE8E7BD9BA99FC7EBECCB09F8DEC89901DFCC15C47
[TLS] sign_hash (32): 62A4D8350A73018236258F8CF04EA150AD9A46D11065FB254A0AD1FD131C62FA
[TLS] Written transcript to proofs/MSG_TLS_0182695F.out, proofs/SIG_TLS_0182695F.out and proofs/PK_TLS_0182695F.der
Signature verification succeeds
[TLS] Server time: 1619562600
[TLS] client_random  (32): 614944F4043FA6A580C527420C4D2777ABBE9B136F68B02F9BA0D2C990A45CF9
[TLS] sign_hash (32): C33B272F857E5CC4F86AD8E3EB6F5FFAB5895E8D024E5A32DE10324E1838136C
[TLS] Written transcript to proofs/MSG_TLS_614944F4.out, proofs/SIG_TLS_614944F4.out and proofs/PK_TLS_614944F4.der
Signature verification succeeds
[TLS] Server time: 1619562600
[TLS] client_random  (32): 38184E25658333D68ECEE2D8B8DC3CDD4FAA7CA8BC74A52E105C97243D66D3BD
[TLS] sign_hash (32): 3C8FAF264B75F8CB6133A182EB3351A02DA6C5EEF4CCE9E17F3278894ED6C5AE
[TLS] Written transcript to proofs/MSG_TLS_38184E25.out, proofs/SIG_TLS_38184E25.out and proofs/PK_TLS_38184E25.der
Signature verification succeeds
[TLS] Server time: 1619562600
[TLS] client_random  (32): 079BC9EEFB1D5CE6E5F02EE3B891A0A623C57647A40A3EE7319429CFF625D609
[TLS] sign_hash (32): 0E94C9CEE498C1BE22B496E7FE802F45D79032B9A68E125B6F7CBA284B5B64CB
[TLS] Written transcript to proofs/MSG_TLS_079BC9EE.out, proofs/SIG_TLS_079BC9EE.out and proofs/PK_TLS_079BC9EE.der
Signature verification succeeds
[TLS] Server time: 1619562600
[TLS] client_random  (32): 5336CF450CABDDDFADCD083B2688F37A828EC7246A8B4EB36FDCDEF6CE68E9BB
[TLS] sign_hash (32): C3ADEE52C0AF8DA6F468939910E26FFFE7102A2C69789CF18BB765F159280E9C
[TLS] Written transcript to proofs/MSG_TLS_5336CF45.out, proofs/SIG_TLS_5336CF45.out and proofs/PK_TLS_5336CF45.der
Signature verification succeeds
[TLS] Server time: 1619562600
[TLS] client_random  (32): D385461C41BA701B02A740FC616006673B71EA30AFB01DF14C4C479C395A9D60
[TLS] sign_hash (32): 2A0B4C45446DDDFEE2E609ED6AAD6059EE4599C95E375D16461838FFCF0E006F
[TLS] Written transcript to proofs/MSG_TLS_D385461C.out, proofs/SIG_TLS_D385461C.out and proofs/PK_TLS_D385461C.der
Signature verification succeeds
[TLS] Server time: 1619562600
[TLS] client_random  (32): DC540EBE96720E96F9C0BF3ED419F2FE5F6536E6A64F8B12FB0A124B096F196E
[TLS] sign_hash (32): 745BB5ED2C16455D15A7420E1661BB1F1E543428C6A21570FD477B74A2B63E44
[TLS] Written transcript to proofs/MSG_TLS_DC540EBE.out, proofs/SIG_TLS_DC540EBE.out and proofs/PK_TLS_DC540EBE.der
Signature verification succeeds
[TLS] Server time: 1619562600
[TLS] client_random  (32): 2E07196A60A8300DAB2FA815E839B7A6BA7A5758D81D42C1061749C2E0434043
[TLS] sign_hash (32): 58B42AA95806909401CF8C068E632060EAACF1EB66CA2021525BFAB170EF4281
[TLS] Written transcript to proofs/MSG_TLS_2E07196A.out, proofs/SIG_TLS_2E07196A.out and proofs/PK_TLS_2E07196A.der
Signature verification succeeds
[TLS] Server time: 1619562600
[TLS] client_random  (32): DC357838ED37C44AB56B4B4A366FBEC0DD9E101F82F66705FDFC85E8C7415765
[TLS] sign_hash (32): 7530E990AF4B62FDB713C6DA38C38E92FF18ED56D819742CA8A21618970AE34F
[TLS] Written transcript to proofs/MSG_TLS_DC357838.out, proofs/SIG_TLS_DC357838.out and proofs/PK_TLS_DC357838.der
Signature verification succeeds
[TLS] Server time: 1619562600
[TLS] client_random  (32): 1314CDA9C57ABDF615E9C6ECA8BDDEB522CA81DF223C574B075EE06039CABC8E
[TLS] sign_hash (32): DE460DF473EA9E7BDD006261727799FE640902A1862612E277F35E163A12949A
[TLS] Written transcript to proofs/MSG_TLS_1314CDA9.out, proofs/SIG_TLS_1314CDA9.out and proofs/PK_TLS_1314CDA9.der
Signature verification succeeds
[TLS] Server time: 1619562600
[TLS] client_random  (32): CD21114808064264361BB6FC190791B48FA827CD248419DD1AEF4519994CECE4
[TLS] sign_hash (32): 57FCEA0DDFF02D11F6A3EFE11445433EF1D7B4A1D2270007730008A78BB6CCBE
[TLS] Written transcript to proofs/MSG_TLS_CD211148.out, proofs/SIG_TLS_CD211148.out and proofs/PK_TLS_CD211148.der
Signature verification succeeds
[TLS] Server time: 1619562601
[TLS] client_random  (32): ED770E7BC9A130402BE119CB3860BCEE19785947CAEFED39E623B29D07FFBA0C
[TLS] sign_hash (32): 8925B61BF1B82252F1130DFA0F6612744D7C6CAFCE4258B039F100CA6C8B8858
[TLS] Written transcript to proofs/MSG_TLS_ED770E7B.out, proofs/SIG_TLS_ED770E7B.out and proofs/PK_TLS_ED770E7B.der
Signature verification succeeds
[TLS] Server time: 1619562601
[TLS] client_random  (32): 10E559B80EF929C0FF76A1AA034FF8014098177831929B3A2F9CF62AF3FFDA03
[TLS] sign_hash (32): 2F5C799365E11815DB5FDF614C5C77B712AA9101B05EAE6109A81E5615EC26C3
[TLS] Written transcript to proofs/MSG_TLS_10E559B8.out, proofs/SIG_TLS_10E559B8.out and proofs/PK_TLS_10E559B8.der
Signature verification succeeds
[TLS] Server time: 1619562601
[TLS] client_random  (32): BE37C5479F7FF2450C9F78FF6F652F0FF42FE84C131BC493DC63235659D3CA8C
[TLS] sign_hash (32): 6AB2D052CDF1B198929BB8ABE680C8D41E65F2FC02E4E8A4AB6E1C53E4055A88
[TLS] Written transcript to proofs/MSG_TLS_BE37C547.out, proofs/SIG_TLS_BE37C547.out and proofs/PK_TLS_BE37C547.der
Signature verification succeeds
Time breakdown (averages): anchor_ping:7.283185 file_read:0.149951 hashing:0.471010
Total time for 123 rounds is 979.499673ms
Standard deviations: anchor_ping:0.265812 file_read:0.013365 hashing:0.005869
[Client-side ops] mean:0.620962 sd:0.014779
in & out anchor rand written to proofs/phase1.out
    121 [TLS] Server time: 1619562600
      3 [TLS] Server time: 1619562601
Count is 121
Count is 3
success: 1
RESULT: 1 in 1 tries
