TLS anchor: www.american.edu
Actual: 60, Set: 123
Beginning execution at Thu Apr 29 06:30:01 UTC 2021
CONF: anchor:www.american.edu fs:1024MB n_rounds:123 seed:5c9f4bf9bbc15bb855f82faedc5a52fc3ab2dfa8ec3ba3ce1b270f31fa0cced2 filename:FILE bs:1024 nops:100 benchmarking:0 anchor_ping:1 queue_depth:32 direct:0
[TLS] Connecting to www.american.edu
[TLS] Server time: 1619677799
[TLS] client_random  (32): 5C9F4BF9BBC15BB855F82FAEDC5A52FC3AB2DFA8EC3BA3CE1B270F31FA0CCED2
[TLS] sign_hash (32): 216B82512BF63D334E8C3404992C55384B5239E665D23BDB6BFE11FCF5386F59
[TLS] Written transcript to proofs/MSG_TLS_5C9F4BF9.out, proofs/SIG_TLS_5C9F4BF9.out and proofs/PK_TLS_5C9F4BF9.der
Signature verification succeeds
[TLS] Server time: 1619677799
[TLS] client_random  (32): 9F449BC22EE6605FF74AF1585CE4D6FA5E0A4CEA305CDF7A904459CD89C25E13
[TLS] sign_hash (32): F89F897E35CE54501317575D952B47CC5A9668BE06506B658A4970FE59AB0245
[TLS] Written transcript to proofs/MSG_TLS_9F449BC2.out, proofs/SIG_TLS_9F449BC2.out and proofs/PK_TLS_9F449BC2.der
Signature verification succeeds
[TLS] Server time: 1619677799
[TLS] client_random  (32): F08D6C14C42EC2668425F3001C4878541C1AB101C74A7158522D65E07AA14213
[TLS] sign_hash (32): 721F7C4139CC489AE1E91F7785837329F058B35DA081E933AA2F469FF489927D
[TLS] Written transcript to proofs/MSG_TLS_F08D6C14.out, proofs/SIG_TLS_F08D6C14.out and proofs/PK_TLS_F08D6C14.der
Signature verification succeeds
[TLS] Server time: 1619677799
[TLS] client_random  (32): F6CF9F3B7A1DAC2CB2D95CF8A4DA4DBE06DA6748FEBFD1AADD14516A2C673316
[TLS] sign_hash (32): C95B45C4AA484192023339772E2A17514E821DF30DFC4D2035D91E063D2486AC
[TLS] Written transcript to proofs/MSG_TLS_F6CF9F3B.out, proofs/SIG_TLS_F6CF9F3B.out and proofs/PK_TLS_F6CF9F3B.der
Signature verification succeeds
[TLS] Server time: 1619677799
[TLS] client_random  (32): 3B8EA445E845D286E22B604C02B60049D74D514C710595D10479B6FF3FC8FC82
[TLS] sign_hash (32): 2C85F3A98BCBF7E9238DDF08347BD8B555480B98F28A65C2BCC8708592DDD856
[TLS] Written transcript to proofs/MSG_TLS_3B8EA445.out, proofs/SIG_TLS_3B8EA445.out and proofs/PK_TLS_3B8EA445.der
Signature verification succeeds
[TLS] Server time: 1619677799
[TLS] client_random  (32): 358D8E5098E13AA1C58D81E2E7055903280CD965BABE5B125E72293D3C5B3270
[TLS] sign_hash (32): 9A86D5865D572CD628F03ADA36A0C674EE6CD95C5DE71DD0B7504A36CA92040C
[TLS] Written transcript to proofs/MSG_TLS_358D8E50.out, proofs/SIG_TLS_358D8E50.out and proofs/PK_TLS_358D8E50.der
Signature verification succeeds
[TLS] Server time: 1619677799
[TLS] client_random  (32): EB65E405CA0685C39144A08765043385AFC11BDE84ECCB759B57C354DF63B41D
[TLS] sign_hash (32): 187573B62CD3544DA6FCB4754C59844E5069C2AC5DF62AD77DBE1691297C6175
[TLS] Written transcript to proofs/MSG_TLS_EB65E405.out, proofs/SIG_TLS_EB65E405.out and proofs/PK_TLS_EB65E405.der
Signature verification succeeds
[TLS] Server time: 1619677799
[TLS] client_random  (32): 88A9DE3B876EFE5AE1E305A0005032A79AB501BA994133A872DCDCA0B2BF1F35
[TLS] sign_hash (32): 5FC56E5015ADCF321AF517F0A4CFA7CDB06BE35B58606CD8556B09B9AFCD9E16
[TLS] Written transcript to proofs/MSG_TLS_88A9DE3B.out, proofs/SIG_TLS_88A9DE3B.out and proofs/PK_TLS_88A9DE3B.der
Signature verification succeeds
[TLS] Server time: 1619677799
[TLS] client_random  (32): F16AF3425A18BD053BAF036A3820B5BA000ACCF9B59A36955FC89F5270D16FA1
[TLS] sign_hash (32): 9470AF2DEAE82B6CEB772DDB7C7F28D25409762D29617B98340DAD969CF9BE4F
[TLS] Written transcript to proofs/MSG_TLS_F16AF342.out, proofs/SIG_TLS_F16AF342.out and proofs/PK_TLS_F16AF342.der
Signature verification succeeds
[TLS] Server time: 1619677799
[TLS] client_random  (32): 01846C3E2184B4FC3EDC38A20FA97EF24049ABEA797258AD557944AECE770DAF
[TLS] sign_hash (32): 63C1469BE42BA7DF7AD784BE09C303FC7992F389C382F66356532F34EE31D032
[TLS] Written transcript to proofs/MSG_TLS_01846C3E.out, proofs/SIG_TLS_01846C3E.out and proofs/PK_TLS_01846C3E.der
Signature verification succeeds
[TLS] Server time: 1619677799
[TLS] client_random  (32): 96CFFF76C1A65295934A94B13D4711B4655D84B7AB8C0195F8A61E1D14C491D5
[TLS] sign_hash (32): BB1AE63BC3ECF3E2E87F3E129EBB3657293073E101A645B01FB39197F6B94FF6
[TLS] Written transcript to proofs/MSG_TLS_96CFFF76.out, proofs/SIG_TLS_96CFFF76.out and proofs/PK_TLS_96CFFF76.der
Signature verification succeeds
[TLS] Server time: 1619677799
[TLS] client_random  (32): 868CC489310B99575F1413178EC56A52357E274A70A717721074AB7DBEE144F7
[TLS] sign_hash (32): 76107A30994E862CD2F44880C150EC551A8CF0F70F12ED21F350AF97DF23FC4F
[TLS] Written transcript to proofs/MSG_TLS_868CC489.out, proofs/SIG_TLS_868CC489.out and proofs/PK_TLS_868CC489.der
Signature verification succeeds
[TLS] Server time: 1619677799
[TLS] client_random  (32): 05E8F33DF42E20E6F085B71AB6E539C8764B962D0D3A473D464A35FA25ACA7E4
[TLS] sign_hash (32): 7DDB7F0FE78D2AE173EFF8DB745CBCDDBE9DA455EDA3659E7FFD5D4357CB9E96
[TLS] Written transcript to proofs/MSG_TLS_05E8F33D.out, proofs/SIG_TLS_05E8F33D.out and proofs/PK_TLS_05E8F33D.der
Signature verification succeeds
[TLS] Server time: 1619677799
[TLS] client_random  (32): 4A9E5AF9BBE5C1E5F7AD4E86DF92DECFB2966DD67247695880D0673D9A151009
[TLS] sign_hash (32): 68FC44D93EAC070745EC403B12E8AF2BF4AF1466AF03B273141E679F22BF19BB
[TLS] Written transcript to proofs/MSG_TLS_4A9E5AF9.out, proofs/SIG_TLS_4A9E5AF9.out and proofs/PK_TLS_4A9E5AF9.der
Signature verification succeeds
[TLS] Server time: 1619677799
[TLS] client_random  (32): 4A77CCCC660E5CE61B86B1175C637C5C2375EE724AB6B5CAD9F809E1BDFC1FE2
[TLS] sign_hash (32): 3CE04573E8606686F3B054EC87951BB2F31E6CF59446CA90B2D9C71197B66601
[TLS] Written transcript to proofs/MSG_TLS_4A77CCCC.out, proofs/SIG_TLS_4A77CCCC.out and proofs/PK_TLS_4A77CCCC.der
Signature verification succeeds
[TLS] Server time: 1619677799
[TLS] client_random  (32): ACB8982547805402C9BB5E51050571BA715E7B07DDB21CC49A6D73B95D2FFA39
[TLS] sign_hash (32): 4AA25F84EF50F1A889E2F8B97B1A1ADAD6F59B0E155F7E97C9718CBE42218CCB
[TLS] Written transcript to proofs/MSG_TLS_ACB89825.out, proofs/SIG_TLS_ACB89825.out and proofs/PK_TLS_ACB89825.der
Signature verification succeeds
[TLS] Server time: 1619677799
[TLS] client_random  (32): EE3689EEEF37FF7E695442C6FEF2DCE590AA5236FCEF485E3117811337E5ABAC
[TLS] sign_hash (32): E6D81713606743D68F13D8A6BBB659B63AE3694FD9F07B572DBF0AC13CAA3BBB
[TLS] Written transcript to proofs/MSG_TLS_EE3689EE.out, proofs/SIG_TLS_EE3689EE.out and proofs/PK_TLS_EE3689EE.der
Signature verification succeeds
[TLS] Server time: 1619677799
[TLS] client_random  (32): CA7B7C9AAD31D49A3F354E7F90B3DF0CD9A4AAD874DD7787CA246AEC1DA10F90
[TLS] sign_hash (32): 5E6710BD5D50E2706C67D3FB537D47886369E92CAB369B60737366842E93A96C
[TLS] Written transcript to proofs/MSG_TLS_CA7B7C9A.out, proofs/SIG_TLS_CA7B7C9A.out and proofs/PK_TLS_CA7B7C9A.der
Signature verification succeeds
[TLS] Server time: 1619677799
[TLS] client_random  (32): 5FCEB505C91CD945D59BECB6C38BDDF3071643B3D6B213C13D6CA4578B44F020
[TLS] sign_hash (32): 453B26907563D544C0F5B7B769C97E95B66307171A59A1945306F109542F6160
[TLS] Written transcript to proofs/MSG_TLS_5FCEB505.out, proofs/SIG_TLS_5FCEB505.out and proofs/PK_TLS_5FCEB505.der
Signature verification succeeds
[TLS] Server time: 1619677799
[TLS] client_random  (32): 4BFF3A1CA59F0EE9C1F021F6AEFEB651EBA9B51540B29D36414477D50C668C06
[TLS] sign_hash (32): 49612F08BAD9D9EF3725337CC69653453B6239BDE53E72B3A6F136F8DAF66FA3
[TLS] Written transcript to proofs/MSG_TLS_4BFF3A1C.out, proofs/SIG_TLS_4BFF3A1C.out and proofs/PK_TLS_4BFF3A1C.der
Signature verification succeeds
[TLS] Server time: 1619677799
[TLS] client_random  (32): D2B70F54743B751A5A1223B065CB1C209D1711A96A00776A0764CA8D111F34B6
[TLS] sign_hash (32): 8FB92D2713D75FEBA760ECD87C938E75418D00249B57129A15BDB80864410930
[TLS] Written transcript to proofs/MSG_TLS_D2B70F54.out, proofs/SIG_TLS_D2B70F54.out and proofs/PK_TLS_D2B70F54.der
Signature verification succeeds
[TLS] Server time: 1619677799
[TLS] client_random  (32): 4844F4A70332552C3A3FA7AC9B399EBDFCD6B686D60F2855C70DAAC687EB8B2C
[TLS] sign_hash (32): CD5518685DA30FE860C8FC63099A20FBCF61229DF8672027F7B50EC55FCE8A11
[TLS] Written transcript to proofs/MSG_TLS_4844F4A7.out, proofs/SIG_TLS_4844F4A7.out and proofs/PK_TLS_4844F4A7.der
Signature verification succeeds
[TLS] Server time: 1619677799
[TLS] client_random  (32): 32874C0BB99198D9B8A2D365CFC1A3F5FD08B44E40BECDBAAA590A8D933D52F2
[TLS] sign_hash (32): 6A99F58E384B26048329D268C81E458B703568E841E80F92A264597573F860F9
[TLS] Written transcript to proofs/MSG_TLS_32874C0B.out, proofs/SIG_TLS_32874C0B.out and proofs/PK_TLS_32874C0B.der
Signature verification succeeds
[TLS] Server time: 1619677799
[TLS] client_random  (32): 4A077246F8EF58C7A3E6FBC2F4E88EA5CD36A8B5B6683BFA6BCEE4D15E8BA0AB
[TLS] sign_hash (32): BF69CCFAA1763A7B30EBB3DF51D15CBDCCCE40624E4CBCF940D5DFA784F50F78
[TLS] Written transcript to proofs/MSG_TLS_4A077246.out, proofs/SIG_TLS_4A077246.out and proofs/PK_TLS_4A077246.der
Signature verification succeeds
[TLS] Server time: 1619677799
[TLS] client_random  (32): 9272B53A3E21EC501A6288735481C506C672859BB906C43C6D1BC4FE49A80652
[TLS] sign_hash (32): 5AAD83C860FA01F4856B453132D180C45A150610E2DD1EA22384D7F4A75BD5FD
[TLS] Written transcript to proofs/MSG_TLS_9272B53A.out, proofs/SIG_TLS_9272B53A.out and proofs/PK_TLS_9272B53A.der
Signature verification succeeds
[TLS] Server time: 1619677799
[TLS] client_random  (32): D25200AEA990E5EC61C2BE36518567F0AE6E417F1BDE3F0D871F52BB99BE6149
[TLS] sign_hash (32): FA931F7B6D03A3F59D99BBAFA1615CE135170A5A363ACB0739402852ED74AF1B
[TLS] Written transcript to proofs/MSG_TLS_D25200AE.out, proofs/SIG_TLS_D25200AE.out and proofs/PK_TLS_D25200AE.der
Signature verification succeeds
[TLS] Server time: 1619677799
[TLS] client_random  (32): 87A3D9AC58EB286DF9DA16C45A95AD2B31B783DD34B516AEED6895228C271391
[TLS] sign_hash (32): F05855BFE58C3203794E17A1C62BB9CF8AFB543E5247260D2004F1F9931AA53C
[TLS] Written transcript to proofs/MSG_TLS_87A3D9AC.out, proofs/SIG_TLS_87A3D9AC.out and proofs/PK_TLS_87A3D9AC.der
Signature verification succeeds
[TLS] Server time: 1619677799
[TLS] client_random  (32): EDF97B06802914B042820428192A26B534098390DFE66401C8EDC5AADBA67C8C
[TLS] sign_hash (32): 19B96D78052FD5B8BF954F5F54FC7985C497BABBE911683BAD4A962806B09C47
[TLS] Written transcript to proofs/MSG_TLS_EDF97B06.out, proofs/SIG_TLS_EDF97B06.out and proofs/PK_TLS_EDF97B06.der
Signature verification succeeds
[TLS] Server time: 1619677799
[TLS] client_random  (32): 8EE2DF8FF0A01A1EAC43D6F0EC3BE257C52AC049DDDB5B93C2498C36EBC50901
[TLS] sign_hash (32): BE567F9CB441FE147B3ECAF4FEB9DE922E61F84F556A2E536FC5E04C50098A0E
[TLS] Written transcript to proofs/MSG_TLS_8EE2DF8F.out, proofs/SIG_TLS_8EE2DF8F.out and proofs/PK_TLS_8EE2DF8F.der
Signature verification succeeds
[TLS] Server time: 1619677799
[TLS] client_random  (32): 5810F575E0F36AB6EC6D92BD34190FB177580D7B8D17C7440B5E192E8A71DBFA
[TLS] sign_hash (32): 2CAA329D27AECFA7F5D64809FDB4972BC72F52E0B12D837CB7DC1D393B690451
[TLS] Written transcript to proofs/MSG_TLS_5810F575.out, proofs/SIG_TLS_5810F575.out and proofs/PK_TLS_5810F575.der
Signature verification succeeds
[TLS] Server time: 1619677799
[TLS] client_random  (32): 17BEAF006434C92F1FB2B1F4609A5B27F62E1203A547A75FC7B0DD5C38C19654
[TLS] sign_hash (32): 668631B8F93CD552AE81F17F5ECB0CB95F2483A1FAD51FDEAB8B9D1CA346E1DD
[TLS] Written transcript to proofs/MSG_TLS_17BEAF00.out, proofs/SIG_TLS_17BEAF00.out and proofs/PK_TLS_17BEAF00.der
Signature verification succeeds
[TLS] Server time: 1619677799
[TLS] client_random  (32): 30EAC4DBFA7A1062C2353F3DE42556CE785021A0B999B114F9C5BC7BDFE2CACC
[TLS] sign_hash (32): BD38AB2290950E2C91A4A990856506E655A38CA18191461750A974FDE473FBAF
[TLS] Written transcript to proofs/MSG_TLS_30EAC4DB.out, proofs/SIG_TLS_30EAC4DB.out and proofs/PK_TLS_30EAC4DB.der
Signature verification succeeds
[TLS] Server time: 1619677799
[TLS] client_random  (32): B4519C7FD0CC6ED8EF1CA3F06A5FED5BA5B983A8B94D1F71E62CA84548D1BF6C
[TLS] sign_hash (32): AB35FC66017137C7CED048962FC372F5B3FAFB7E80FD229AABE7994CEA0DFBFC
[TLS] Written transcript to proofs/MSG_TLS_B4519C7F.out, proofs/SIG_TLS_B4519C7F.out and proofs/PK_TLS_B4519C7F.der
Signature verification succeeds
[TLS] Server time: 1619677799
[TLS] client_random  (32): E245D4C4BAB60EFC165C946F8C94B803F277C499F7CF6198D09FC7AF383F32C8
[TLS] sign_hash (32): E40CEFB3745B19AE13A381D72B9AB2FC2620240F68BAC8B9DA12E870E7916E32
[TLS] Written transcript to proofs/MSG_TLS_E245D4C4.out, proofs/SIG_TLS_E245D4C4.out and proofs/PK_TLS_E245D4C4.der
Signature verification succeeds
[TLS] Server time: 1619677799
[TLS] client_random  (32): B8FEEAC248F8297503B6130FBBE04A1EB7B9EBDD1B142A18E51F38DA0853470A
[TLS] sign_hash (32): 4C48A0864648DE3A4DB55BF89CBBB06C41B80280EEDEC3AC79A9D03611C0388E
[TLS] Written transcript to proofs/MSG_TLS_B8FEEAC2.out, proofs/SIG_TLS_B8FEEAC2.out and proofs/PK_TLS_B8FEEAC2.der
Signature verification succeeds
[TLS] Server time: 1619677799
[TLS] client_random  (32): D8DAC2178EB1BE9893E8DE5A037F6A6D0369087D18549ABEEEAA7626A3D6280A
[TLS] sign_hash (32): 9AA5516166977F0A6037803F9F7E330CE52901E865C974CE03E4041A5B2DEBDA
[TLS] Written transcript to proofs/MSG_TLS_D8DAC217.out, proofs/SIG_TLS_D8DAC217.out and proofs/PK_TLS_D8DAC217.der
Signature verification succeeds
[TLS] Server time: 1619677799
[TLS] client_random  (32): A6816E996C61DF3050BB7AABFD6D111BF90ACF22605CC2FD72F779FA100C7335
[TLS] sign_hash (32): 291C3401F76F8CC3565F19117FD7CF59DC7C0BA4DF8A54E106348286F9546CB1
[TLS] Written transcript to proofs/MSG_TLS_A6816E99.out, proofs/SIG_TLS_A6816E99.out and proofs/PK_TLS_A6816E99.der
Signature verification succeeds
[TLS] Server time: 1619677799
[TLS] client_random  (32): B73B91110482FF1E6F6707A9373EA9188F3732BFDF54EA23686A6DDF5BE7D9D9
[TLS] sign_hash (32): E0A36202B78F08CE31F43FDFA34EEC1BC9615AC5BEC1EE2DC8CC69F3F5BBE3FA
[TLS] Written transcript to proofs/MSG_TLS_B73B9111.out, proofs/SIG_TLS_B73B9111.out and proofs/PK_TLS_B73B9111.der
Signature verification succeeds
[TLS] Server time: 1619677799
[TLS] client_random  (32): 620C6BCBD096CC5862A861942CF9954CDB6F3EB76061E92A957A17AF865445A7
[TLS] sign_hash (32): 9C5D5EE4DC642670FB7F272228ACD708F27173EA9E3D1B8EB52FE5B349CABD12
[TLS] Written transcript to proofs/MSG_TLS_620C6BCB.out, proofs/SIG_TLS_620C6BCB.out and proofs/PK_TLS_620C6BCB.der
Signature verification succeeds
[TLS] Server time: 1619677799
[TLS] client_random  (32): D53199E924A9860749B21E68BDB857C84C21F055EFF6E2EDB73B131D0634896B
[TLS] sign_hash (32): EE1801AA4613F2FB9E93147326DAFDEE8B355A5F70B5A127CB9BD05BFE16D0B1
[TLS] Written transcript to proofs/MSG_TLS_D53199E9.out, proofs/SIG_TLS_D53199E9.out and proofs/PK_TLS_D53199E9.der
Signature verification succeeds
[TLS] Server time: 1619677799
[TLS] client_random  (32): 4D71F3BE9CF57585205F72262D14340186D7E3FB153290B4A5B12E464DF88249
[TLS] sign_hash (32): 866A55407463D33CA84A4C5DE7037C8B386C180920B982CC8B546C4E2E2407A6
[TLS] Written transcript to proofs/MSG_TLS_4D71F3BE.out, proofs/SIG_TLS_4D71F3BE.out and proofs/PK_TLS_4D71F3BE.der
Signature verification succeeds
[TLS] Server time: 1619677799
[TLS] client_random  (32): CDD260857B380CEB7617D179400F0A836A956DD3C037541B824C2B03102B2F9F
[TLS] sign_hash (32): 62C58FB3AA43A8A26AD51A1ED5CC231D5A5D047856034E3A139327B46E5ABD0C
[TLS] Written transcript to proofs/MSG_TLS_CDD26085.out, proofs/SIG_TLS_CDD26085.out and proofs/PK_TLS_CDD26085.der
Signature verification succeeds
[TLS] Server time: 1619677799
[TLS] client_random  (32): D841DC26FB3A43B9319FFB7B1C5E929BFCD34E3CE2B8F60194513BA08F47526C
[TLS] sign_hash (32): 015BD92C8DFC00EA743DB22576F35D336BBBEB7B99B9EA2E7B6A3A50D7366DCA
[TLS] Written transcript to proofs/MSG_TLS_D841DC26.out, proofs/SIG_TLS_D841DC26.out and proofs/PK_TLS_D841DC26.der
Signature verification succeeds
[TLS] Server time: 1619677799
[TLS] client_random  (32): B4B9CEBB550D9ADD8705F9D573C8DF6CFC8A6868735927D8FA67694B1D7FC422
[TLS] sign_hash (32): 6825E780D08B1435D972D98924872F0FE62FF58D6BCE5C85B0CC2F6F07264238
[TLS] Written transcript to proofs/MSG_TLS_B4B9CEBB.out, proofs/SIG_TLS_B4B9CEBB.out and proofs/PK_TLS_B4B9CEBB.der
Signature verification succeeds
[TLS] Server time: 1619677799
[TLS] client_random  (32): 35F1F7CD2D18532E92A551822DDC326A6EC42C596E6F4499779B5D94C2981587
[TLS] sign_hash (32): 5202C842B5BF9D9ACAC8E853B3465B4EBBD4AC030BEE608C370902553C974D79
[TLS] Written transcript to proofs/MSG_TLS_35F1F7CD.out, proofs/SIG_TLS_35F1F7CD.out and proofs/PK_TLS_35F1F7CD.der
Signature verification succeeds
[TLS] Server time: 1619677799
[TLS] client_random  (32): 23C3F008AE0526482B23678598196220B131016387ABAE0F3577D95377B54816
[TLS] sign_hash (32): AC107014B2755EF46CEF888ECE885973895E9BE4CF7684BF87FDAEFF4E9B5F44
[TLS] Written transcript to proofs/MSG_TLS_23C3F008.out, proofs/SIG_TLS_23C3F008.out and proofs/PK_TLS_23C3F008.der
Signature verification succeeds
[TLS] Server time: 1619677799
[TLS] client_random  (32): A4F00523C06B825E9D9EDDC4B83636099B08864F0FF16256A1F7417EF5F3552D
[TLS] sign_hash (32): 744378E5E76D5B4E3F58B1D9B067B297CAD2C1B6476FEEB9539935CD542B1F2E
[TLS] Written transcript to proofs/MSG_TLS_A4F00523.out, proofs/SIG_TLS_A4F00523.out and proofs/PK_TLS_A4F00523.der
Signature verification succeeds
[TLS] Server time: 1619677799
[TLS] client_random  (32): 2547ADD6F3102759CCA948DE3899C3F4BC1D49B1A5BC858665DC9536A07C5E27
[TLS] sign_hash (32): 2B7E1B1ACB31CD11E4A3591C8E56823C3FDECD23EB29AD028A6714FFEC530296
[TLS] Written transcript to proofs/MSG_TLS_2547ADD6.out, proofs/SIG_TLS_2547ADD6.out and proofs/PK_TLS_2547ADD6.der
Signature verification succeeds
[TLS] Server time: 1619677799
[TLS] client_random  (32): 22ACF594DD340577D1EDBE2B50E27DEE5239F117C9798058457A604A97C33933
[TLS] sign_hash (32): 87D373F9DDAA62A76CD04CABFEB18DA81FEF77EA4349650CEEFDEA7EB28023B8
[TLS] Written transcript to proofs/MSG_TLS_22ACF594.out, proofs/SIG_TLS_22ACF594.out and proofs/PK_TLS_22ACF594.der
Signature verification succeeds
[TLS] Server time: 1619677799
[TLS] client_random  (32): 6D73A987D6EA904470BC28248CC497EA9B0416FC446FF11F994E2D0C81E2917B
[TLS] sign_hash (32): C2536A378D10CE5B0B4960B73A413C461A96B0E16AD6C830615CDC204EAA6DFF
[TLS] Written transcript to proofs/MSG_TLS_6D73A987.out, proofs/SIG_TLS_6D73A987.out and proofs/PK_TLS_6D73A987.der
Signature verification succeeds
[TLS] Server time: 1619677799
[TLS] client_random  (32): 606B25BA4C46178447A27B8C2BCDCBAA1C38DBA5396AD91C5D110753E3018CD5
[TLS] sign_hash (32): 2F91897EC07E3068CA7D582B61B8D29AEA75B97C1660DCC2EFDB97065BF486A8
[TLS] Written transcript to proofs/MSG_TLS_606B25BA.out, proofs/SIG_TLS_606B25BA.out and proofs/PK_TLS_606B25BA.der
Signature verification succeeds
[TLS] Server time: 1619677799
[TLS] client_random  (32): 3065DABE11D35C34BED0AB473532B4357E9FD7CE53234D2764BBF6557E8E7C16
[TLS] sign_hash (32): E75CA8EA4521EC25A9700EDE83C75C10859E808F8A39513607209D3B625392CD
[TLS] Written transcript to proofs/MSG_TLS_3065DABE.out, proofs/SIG_TLS_3065DABE.out and proofs/PK_TLS_3065DABE.der
Signature verification succeeds
[TLS] Server time: 1619677799
[TLS] client_random  (32): 10EAE96691527EB5F554ABE8907B9F7AD0786C98F8ABDE69ABBD63CC86AA13CF
[TLS] sign_hash (32): 5E53FA8EFCE6CDA2AA05AE9059C98529444273B9972A27C8733F67A8C8A57E07
[TLS] Written transcript to proofs/MSG_TLS_10EAE966.out, proofs/SIG_TLS_10EAE966.out and proofs/PK_TLS_10EAE966.der
Signature verification succeeds
[TLS] Server time: 1619677799
[TLS] client_random  (32): B026C29BA9CC2232319F20173CFD8CC639763CBDE6C14447BA51DD329D1AD646
[TLS] sign_hash (32): 143461925FA2F1302FF6CA0F6E39CF5CDD5B6C24EF25E66E589BB8F17B9CF540
[TLS] Written transcript to proofs/MSG_TLS_B026C29B.out, proofs/SIG_TLS_B026C29B.out and proofs/PK_TLS_B026C29B.der
Signature verification succeeds
[TLS] Server time: 1619677799
[TLS] client_random  (32): 2864D10A9B5C17F809EF094929A37682C42AB918E5FC84ED4EE249F88B964980
[TLS] sign_hash (32): 0163A9271C2D4C9AC11EE24C8DF398357BD911E78F237A50F99F7D7BF0467843
[TLS] Written transcript to proofs/MSG_TLS_2864D10A.out, proofs/SIG_TLS_2864D10A.out and proofs/PK_TLS_2864D10A.der
Signature verification succeeds
[TLS] Server time: 1619677799
[TLS] client_random  (32): 306229DB36D2C9FF2326DAB4591D90CB547C735C8EFB94842DD79F5C2A5BBB20
[TLS] sign_hash (32): F9A810A2CF595AD0B779F387437CFC63E7C0AFFFB0D1449FB1EC4B8AAAE81896
[TLS] Written transcript to proofs/MSG_TLS_306229DB.out, proofs/SIG_TLS_306229DB.out and proofs/PK_TLS_306229DB.der
Signature verification succeeds
[TLS] Server time: 1619677799
[TLS] client_random  (32): 161DA84E7A3DB7183E03631664ABE0486861079EF654A631D9FF662F30B9C83B
[TLS] sign_hash (32): D9FBC036557626115B64F1EA790293179385DDB3AEBDE0DDF276C3BB5A337AD6
[TLS] Written transcript to proofs/MSG_TLS_161DA84E.out, proofs/SIG_TLS_161DA84E.out and proofs/PK_TLS_161DA84E.der
Signature verification succeeds
[TLS] Server time: 1619677799
[TLS] client_random  (32): D02B24FB4E27F477CFF21AF9B6BD14CF611CDE3B1B74CB9BE216C8615E13D21A
[TLS] sign_hash (32): 0B4AE56D98831CE5759B06E1663AD17482C94E774E31373721E41233F18B74C4
[TLS] Written transcript to proofs/MSG_TLS_D02B24FB.out, proofs/SIG_TLS_D02B24FB.out and proofs/PK_TLS_D02B24FB.der
Signature verification succeeds
[TLS] Server time: 1619677799
[TLS] client_random  (32): 8F33368D89C4D0E62C9FB54D6D125EB3F681095F228DB3B31FE5CB58D3D5A366
[TLS] sign_hash (32): B365CDD89B8F593279302F9FAEC86ED859EC40502750E335A759936ECEDEF300
[TLS] Written transcript to proofs/MSG_TLS_8F33368D.out, proofs/SIG_TLS_8F33368D.out and proofs/PK_TLS_8F33368D.der
Signature verification succeeds
[TLS] Server time: 1619677799
[TLS] client_random  (32): B820D7723B20840590BF9E4803AA06FAD8479EE6629E359F4B0B5B910BA4E6BF
[TLS] sign_hash (32): B2E78BA17426D2858D2DCA4F10DA1B65E092E7BAFE66DB7E3A4DE25446F68621
[TLS] Written transcript to proofs/MSG_TLS_B820D772.out, proofs/SIG_TLS_B820D772.out and proofs/PK_TLS_B820D772.der
Signature verification succeeds
[TLS] Server time: 1619677799
[TLS] client_random  (32): 33574DF7FFC138AB3FD94C04E10D3E96D498879CA7BAD013A183B06BBD345F7D
[TLS] sign_hash (32): 9D85133BB153D67E4ED87C0DAEC6C1D2FD3A466A578913A799727C22C9CC3BA7
[TLS] Written transcript to proofs/MSG_TLS_33574DF7.out, proofs/SIG_TLS_33574DF7.out and proofs/PK_TLS_33574DF7.der
Signature verification succeeds
[TLS] Server time: 1619677800
[TLS] client_random  (32): F8D2CEB007F6D413CFB0FF4428D1DD7B8AD317F2E678E5FD936428E1363A39C2
[TLS] sign_hash (32): B6B45074782C085ABDEAEE9F27D3204A0AD6E85C31C0272CCD854B8995D5A39C
[TLS] Written transcript to proofs/MSG_TLS_F8D2CEB0.out, proofs/SIG_TLS_F8D2CEB0.out and proofs/PK_TLS_F8D2CEB0.der
Signature verification succeeds
[TLS] Server time: 1619677800
[TLS] client_random  (32): 53B89D11E84C1F556EA5EC769451E5A5348A6F16A83F60C5083B93E03D958956
[TLS] sign_hash (32): E440BF73E8E4436B405613EE2692DC4A71FB8DC17D0E791543AB87A3BF3E3508
[TLS] Written transcript to proofs/MSG_TLS_53B89D11.out, proofs/SIG_TLS_53B89D11.out and proofs/PK_TLS_53B89D11.der
Signature verification succeeds
[TLS] Server time: 1619677800
[TLS] client_random  (32): FE82961E388B7D2B88F5B63163396C8E7DC2A3188695F9D2C9D345E8B70C2F4C
[TLS] sign_hash (32): F99BA8F387082E97E7AB8B90FC3BD98037C19FBDF75D64E8349B332CA7447F9A
[TLS] Written transcript to proofs/MSG_TLS_FE82961E.out, proofs/SIG_TLS_FE82961E.out and proofs/PK_TLS_FE82961E.der
Signature verification succeeds
[TLS] Server time: 1619677800
[TLS] client_random  (32): 8C42A7668EA76B554D8DDAAEB0E94B9F091850DCDE2C9FBD350834D0BA2238A1
[TLS] sign_hash (32): 71EC34475CEC2524F14A3BE4C32BB628A86605F29303C194D9750C5E66A765A7
[TLS] Written transcript to proofs/MSG_TLS_8C42A766.out, proofs/SIG_TLS_8C42A766.out and proofs/PK_TLS_8C42A766.der
Signature verification succeeds
[TLS] Server time: 1619677800
[TLS] client_random  (32): F6B31A4133F7A06EE161DE3245F75EB50E6826EF64A1F11CB5A4BD70285BC440
[TLS] sign_hash (32): 7F13A0C944FE333A3E49A9C3021FD98CB60236B1D9BC829BBA49D7FE6A7FB3B7
[TLS] Written transcript to proofs/MSG_TLS_F6B31A41.out, proofs/SIG_TLS_F6B31A41.out and proofs/PK_TLS_F6B31A41.der
Signature verification succeeds
[TLS] Server time: 1619677800
[TLS] client_random  (32): E8726D32A230004DF0161ECFAF0ACF369DF1D2CC13CE9463CCCAF08606705CED
[TLS] sign_hash (32): F935FEBEC9F41F608492DACEDDF31B8C72F6CF9EB1DBDDC08FEB08233AB2F99E
[TLS] Written transcript to proofs/MSG_TLS_E8726D32.out, proofs/SIG_TLS_E8726D32.out and proofs/PK_TLS_E8726D32.der
Signature verification succeeds
[TLS] Server time: 1619677800
[TLS] client_random  (32): 025E5ACCCD7C644749D0066E84BFF4786C2A13FDE690809D49C1B10A8BFDB23E
[TLS] sign_hash (32): EE5013F29041A06F2BDBE19892B669770071BCB6309E069A530500880B96A2CD
[TLS] Written transcript to proofs/MSG_TLS_025E5ACC.out, proofs/SIG_TLS_025E5ACC.out and proofs/PK_TLS_025E5ACC.der
Signature verification succeeds
[TLS] Server time: 1619677800
[TLS] client_random  (32): 02A6B62B9A723B6C24B7BA37C09738FAFA33D99FD0E3AA0633C426F3C7EAF96E
[TLS] sign_hash (32): 063CFD2205959AF23BCEF99D9125E47DD5D94ECD4B7A27DB331E1F348F22E07D
[TLS] Written transcript to proofs/MSG_TLS_02A6B62B.out, proofs/SIG_TLS_02A6B62B.out and proofs/PK_TLS_02A6B62B.der
Signature verification succeeds
[TLS] Server time: 1619677800
[TLS] client_random  (32): 4F35625DF144B1808CBE79CB15A736A7B95AAF1A05C21500417F7612FFCFD42B
[TLS] sign_hash (32): 3AD84A2756B0CDC7E383D7EF1E6ACB2EE3E4149A5A5C84BE45E7E3274C70EB35
[TLS] Written transcript to proofs/MSG_TLS_4F35625D.out, proofs/SIG_TLS_4F35625D.out and proofs/PK_TLS_4F35625D.der
Signature verification succeeds
[TLS] Server time: 1619677800
[TLS] client_random  (32): 352586E7B65AA3712B75FEF66029D6B1CF379A9555A2CC4648103E17E740EBB6
[TLS] sign_hash (32): A15AF4707F596150F1066D9E1C550494E414BE88F53D7A4E179AA311861C52C8
[TLS] Written transcript to proofs/MSG_TLS_352586E7.out, proofs/SIG_TLS_352586E7.out and proofs/PK_TLS_352586E7.der
Signature verification succeeds
[TLS] Server time: 1619677800
[TLS] client_random  (32): 2D2892E32AEF970B59AAC5B2CD5A34003AA6571F006AD02B5814B953BB6A7B93
[TLS] sign_hash (32): 9DDABA8204E13E6630980AD7C274C3397C69877204EC27A7A42777E2EB64C564
[TLS] Written transcript to proofs/MSG_TLS_2D2892E3.out, proofs/SIG_TLS_2D2892E3.out and proofs/PK_TLS_2D2892E3.der
Signature verification succeeds
[TLS] Server time: 1619677800
[TLS] client_random  (32): F1C3EC6F9879F850A2CCA399CBA2293A478C788595B04FF3542B13D18E19337F
[TLS] sign_hash (32): E9D81FA2BCD894BAD0264051D118FA83187E597C20A3BC5C5BB1460F16DB50B1
[TLS] Written transcript to proofs/MSG_TLS_F1C3EC6F.out, proofs/SIG_TLS_F1C3EC6F.out and proofs/PK_TLS_F1C3EC6F.der
Signature verification succeeds
[TLS] Server time: 1619677800
[TLS] client_random  (32): 490F8A213D3C4F8FF4B9DEA862AB51AD7D19F01A182A41B056A2010450421788
[TLS] sign_hash (32): 0B9827C49F3CDAC43683BE625AE66937EAB4D648F508D9527006417B03914D17
[TLS] Written transcript to proofs/MSG_TLS_490F8A21.out, proofs/SIG_TLS_490F8A21.out and proofs/PK_TLS_490F8A21.der
Signature verification succeeds
[TLS] Server time: 1619677800
[TLS] client_random  (32): 32C67D4746914D69E3B7EECD975BA816E947EDB0E6CB75E95C687CEC972C4C87
[TLS] sign_hash (32): 97568E570177A7589FF74F401A6210C81BDAF6FB796445CA57D22958E7386B50
[TLS] Written transcript to proofs/MSG_TLS_32C67D47.out, proofs/SIG_TLS_32C67D47.out and proofs/PK_TLS_32C67D47.der
Signature verification succeeds
[TLS] Server time: 1619677800
[TLS] client_random  (32): 2CE0588FD213291FE4E451C71B39D835235276438C1BA33E8656B8E66BE4D871
[TLS] sign_hash (32): 1F333324D41FE358A74E06B3879C38DC5AB062311681B491E425B233E4E02E6E
[TLS] Written transcript to proofs/MSG_TLS_2CE0588F.out, proofs/SIG_TLS_2CE0588F.out and proofs/PK_TLS_2CE0588F.der
Signature verification succeeds
[TLS] Server time: 1619677800
[TLS] client_random  (32): 306B34FAB820E42D2BBF426C37B5A9FD6F2ACA215087AC7A17DF5759E235A330
[TLS] sign_hash (32): 7E182EE2FCD81C226BDAFFF56DC9C5BCDA9B2418A97CE433C0EF3B543AF89A4D
[TLS] Written transcript to proofs/MSG_TLS_306B34FA.out, proofs/SIG_TLS_306B34FA.out and proofs/PK_TLS_306B34FA.der
Signature verification succeeds
[TLS] Server time: 1619677800
[TLS] client_random  (32): 3A6C280B14E30D88C9A3D9E973AE4C39B33A13E0C8EE43BC7BA82D12DDF3CA65
[TLS] sign_hash (32): C2123354BAF84BFE575DA1F76311BFDAF07FB035E7C0B59DDC3D9A21D87439E1
[TLS] Written transcript to proofs/MSG_TLS_3A6C280B.out, proofs/SIG_TLS_3A6C280B.out and proofs/PK_TLS_3A6C280B.der
Signature verification succeeds
[TLS] Server time: 1619677800
[TLS] client_random  (32): 632821028585C47B9E815947B12FA31A4A67E93989C6D760B03F4213AB4E25D7
[TLS] sign_hash (32): F481E47CF57E60DADFC98F074DE1B6EE3098E6A0304D769FD2BD103A4ABA3D67
[TLS] Written transcript to proofs/MSG_TLS_63282102.out, proofs/SIG_TLS_63282102.out and proofs/PK_TLS_63282102.der
Signature verification succeeds
[TLS] Server time: 1619677800
[TLS] client_random  (32): FEB0DFD8C81AB5A66F46836935EC200E637E9FFE61959C697B8CE8FE5E68CBD7
[TLS] sign_hash (32): 2DED2C112C9A496F0144391DC32DB25C070CA0309901FE49F6515B58729F25AB
[TLS] Written transcript to proofs/MSG_TLS_FEB0DFD8.out, proofs/SIG_TLS_FEB0DFD8.out and proofs/PK_TLS_FEB0DFD8.der
Signature verification succeeds
[TLS] Server time: 1619677800
[TLS] client_random  (32): 7F28D9661A5E32EF33A3E338BC5128F468C8F0F4A788777F7076C12FF4355C8C
[TLS] sign_hash (32): EB9F5525782777F4450686B428BE3AAB384219BD5D092A20C33BC79E11BE4ABF
[TLS] Written transcript to proofs/MSG_TLS_7F28D966.out, proofs/SIG_TLS_7F28D966.out and proofs/PK_TLS_7F28D966.der
Signature verification succeeds
[TLS] Server time: 1619677800
[TLS] client_random  (32): 7B622F0D2028C11E3C54E60CFE103F3C5C1F0F73324CAEEF3A8DAF062001F492
[TLS] sign_hash (32): A4290C32149188AD862D00B011B7DADAD787D1707B91D9D5981B98CF94C00002
[TLS] Written transcript to proofs/MSG_TLS_7B622F0D.out, proofs/SIG_TLS_7B622F0D.out and proofs/PK_TLS_7B622F0D.der
Signature verification succeeds
[TLS] Server time: 1619677800
[TLS] client_random  (32): 039C18173CB62EAFE2D5F14A9F00185FCD6CDDA09BCEDEFC6B5209012E0A685A
[TLS] sign_hash (32): C78315BA85C2698B5DACD92FE0EC163A58FA818B13CAA5DF7BA39EFF77DB57BA
[TLS] Written transcript to proofs/MSG_TLS_039C1817.out, proofs/SIG_TLS_039C1817.out and proofs/PK_TLS_039C1817.der
Signature verification succeeds
[TLS] Server time: 1619677800
[TLS] client_random  (32): 9ABD00A90592CCA97BB5C846A96102453DFA4B914DC11190BE1BEB4687AC7F12
[TLS] sign_hash (32): 14CA2CAF3BC888667743E476B3A340EB6FA40C64C6FE0D9FA4281CFB7CC94E45
[TLS] Written transcript to proofs/MSG_TLS_9ABD00A9.out, proofs/SIG_TLS_9ABD00A9.out and proofs/PK_TLS_9ABD00A9.der
Signature verification succeeds
[TLS] Server time: 1619677800
[TLS] client_random  (32): 933FE5143BE86F37FF390A9401D5BB29282F3E32334DF948E7069B6B538770D7
[TLS] sign_hash (32): 046C9CAD707D9D1D7D0493B266C3D5EBD24283B6547E7D38A75BB587981118BC
[TLS] Written transcript to proofs/MSG_TLS_933FE514.out, proofs/SIG_TLS_933FE514.out and proofs/PK_TLS_933FE514.der
Signature verification succeeds
[TLS] Server time: 1619677800
[TLS] client_random  (32): FAD73317FBD3D47B666C7CE0EE70FC0F44571088402A8267DCF043CD2F56CDE1
[TLS] sign_hash (32): E7ECC45F25A08945714E5F2C9CD0CF3E3DBB47BE0C7766059643046456D3834D
[TLS] Written transcript to proofs/MSG_TLS_FAD73317.out, proofs/SIG_TLS_FAD73317.out and proofs/PK_TLS_FAD73317.der
Signature verification succeeds
[TLS] Server time: 1619677800
[TLS] client_random  (32): D3666606241E2A9B4351D5B4C5D06A3692811A85B878D62C2EA2881ACA38EB73
[TLS] sign_hash (32): C63BA81C30CEFA84D8B96E94454683C514AC6139924C49EE92ACD2B9E36F7562
[TLS] Written transcript to proofs/MSG_TLS_D3666606.out, proofs/SIG_TLS_D3666606.out and proofs/PK_TLS_D3666606.der
Signature verification succeeds
[TLS] Server time: 1619677800
[TLS] client_random  (32): A3C1A4F4111B593AD92A0FAF16633C900BB72915244F575E60658F3FBF3FE2EF
[TLS] sign_hash (32): 5ECFCBC1D7D55628BE2845FF67B815CCA79BF2040455E582004383A918FE8CF3
[TLS] Written transcript to proofs/MSG_TLS_A3C1A4F4.out, proofs/SIG_TLS_A3C1A4F4.out and proofs/PK_TLS_A3C1A4F4.der
Signature verification succeeds
[TLS] Server time: 1619677800
[TLS] client_random  (32): C9FD6F6C494A866EB943401014DA7252ED080779D488C076064801FC838EE25C
[TLS] sign_hash (32): E94E48D74B7904FE1C58379C3C83FA318643869282771379068F8813287DBAC2
[TLS] Written transcript to proofs/MSG_TLS_C9FD6F6C.out, proofs/SIG_TLS_C9FD6F6C.out and proofs/PK_TLS_C9FD6F6C.der
Signature verification succeeds
[TLS] Server time: 1619677800
[TLS] client_random  (32): C2E6E2FCAF3F2FE99204F3E552B00B741EF44D65E648316F33E5AB897528BFF7
[TLS] sign_hash (32): 656705A21E3136652218D4FDC3DC78754C11DB9A30F2C4146CFE99198610E332
[TLS] Written transcript to proofs/MSG_TLS_C2E6E2FC.out, proofs/SIG_TLS_C2E6E2FC.out and proofs/PK_TLS_C2E6E2FC.der
Signature verification succeeds
[TLS] Server time: 1619677800
[TLS] client_random  (32): 1F695071BE01F9213F553CD465167BECB0E42068A2D706A31CB5CA83BC94E713
[TLS] sign_hash (32): 6F5E40C7970F1B18EF9B6341B61938732DBF6C889FF5958076623A527B894D4F
[TLS] Written transcript to proofs/MSG_TLS_1F695071.out, proofs/SIG_TLS_1F695071.out and proofs/PK_TLS_1F695071.der
Signature verification succeeds
[TLS] Server time: 1619677800
[TLS] client_random  (32): FF14FA73D2BAB8C2BCD8166EB4EEEEFE3E011BB8E9F1813A7B562C5209778C25
[TLS] sign_hash (32): 8A4B9200A06F30F5AEAF64497C27513E2D9626A11164DE675150484E9866487C
[TLS] Written transcript to proofs/MSG_TLS_FF14FA73.out, proofs/SIG_TLS_FF14FA73.out and proofs/PK_TLS_FF14FA73.der
Signature verification succeeds
[TLS] Server time: 1619677800
[TLS] client_random  (32): 6C50392557448E1531C000E976A5DC54CDB1CE0A8F402FC389C6827E90B6A96A
[TLS] sign_hash (32): B78CE797406F5830662382D98CCF9D0CE8FBA41F656724CD8E37769A9E1884C5
[TLS] Written transcript to proofs/MSG_TLS_6C503925.out, proofs/SIG_TLS_6C503925.out and proofs/PK_TLS_6C503925.der
Signature verification succeeds
[TLS] Server time: 1619677800
[TLS] client_random  (32): C42CC0533315D7174B8E52C4C465C27A1647C086EADB83584F22E4DF3457278E
[TLS] sign_hash (32): 9A0C55955D56142F77CE7E56DD6BCAA4EC6CCF3BF0C41E97947A2ACCD9489AF5
[TLS] Written transcript to proofs/MSG_TLS_C42CC053.out, proofs/SIG_TLS_C42CC053.out and proofs/PK_TLS_C42CC053.der
Signature verification succeeds
[TLS] Server time: 1619677800
[TLS] client_random  (32): 9B57C990616B6415DDEFC2C42C33DC367C07819E200ABCE65EA953AD8EB24261
[TLS] sign_hash (32): 1DDA308AE239DBE50912F6F9E3DEF3A2BE56DDD89AF239F7A8E3CAED7A002456
[TLS] Written transcript to proofs/MSG_TLS_9B57C990.out, proofs/SIG_TLS_9B57C990.out and proofs/PK_TLS_9B57C990.der
Signature verification succeeds
[TLS] Server time: 1619677800
[TLS] client_random  (32): B421F1D3113271BBD8D7888E0E116A57587424A2E535265B7A4CB41BC417E164
[TLS] sign_hash (32): 345077E62777989AEBDE93E0FC92527C32BE59027E45E1AEFF775FBFB32DF322
[TLS] Written transcript to proofs/MSG_TLS_B421F1D3.out, proofs/SIG_TLS_B421F1D3.out and proofs/PK_TLS_B421F1D3.der
Signature verification succeeds
[TLS] Server time: 1619677800
[TLS] client_random  (32): 1D93543CBEBEFDE2B87FEC6CB8E66F3F9A6B8B7701EE9D42521EBC628CA2D533
[TLS] sign_hash (32): B1AD31D69550989BB9430A2C13368B166A442538C340F3F8E757442945BEC952
[TLS] Written transcript to proofs/MSG_TLS_1D93543C.out, proofs/SIG_TLS_1D93543C.out and proofs/PK_TLS_1D93543C.der
Signature verification succeeds
[TLS] Server time: 1619677800
[TLS] client_random  (32): D6E9D91679082B0F799FF8F45B0A20855BC1F3DD225EBF3004113D6E7C7DC272
[TLS] sign_hash (32): 1C57BC22A35F7DF693EE6643979C0A34C768F3F174C1EA37EBEEAECFB06A6227
[TLS] Written transcript to proofs/MSG_TLS_D6E9D916.out, proofs/SIG_TLS_D6E9D916.out and proofs/PK_TLS_D6E9D916.der
Signature verification succeeds
[TLS] Server time: 1619677800
[TLS] client_random  (32): 85F76D52D8BD0B6C5BB6F82AD8C0C9D490556265740CCAF37F08BDD11DC80BCF
[TLS] sign_hash (32): 975C94A16DFA96D9808C726A5DD054CD949BA3DC87C7BFA8189E7595D99546E8
[TLS] Written transcript to proofs/MSG_TLS_85F76D52.out, proofs/SIG_TLS_85F76D52.out and proofs/PK_TLS_85F76D52.der
Signature verification succeeds
[TLS] Server time: 1619677800
[TLS] client_random  (32): 654D37FCD7413DE0E3E6EE7C97B52A71D78122F4FAA0FDDA85D07DEF7B8CC2B1
[TLS] sign_hash (32): A79E8EF22B25C2C4ED704007821118A738B16603F5BD3C409FDC0917A71D4762
[TLS] Written transcript to proofs/MSG_TLS_654D37FC.out, proofs/SIG_TLS_654D37FC.out and proofs/PK_TLS_654D37FC.der
Signature verification succeeds
[TLS] Server time: 1619677800
[TLS] client_random  (32): 48EC813673ACDC05ABF1D9AEDD3D521B0C45095258682C62B4466BFC268D880B
[TLS] sign_hash (32): C2BDC310B66155C7D17207559584EB324EB289EDDB479B59B074DDE69C4144F2
[TLS] Written transcript to proofs/MSG_TLS_48EC8136.out, proofs/SIG_TLS_48EC8136.out and proofs/PK_TLS_48EC8136.der
Signature verification succeeds
[TLS] Server time: 1619677800
[TLS] client_random  (32): 47C27BE7E289078B0BEB4BF5F30D88F0A33689B46D13D8EC913F4EEB8915DCC8
[TLS] sign_hash (32): 87CA7CBE3B1D641AFB2E7CD2B178F8980E06EE515463A6E7E378CA77CB149DEC
[TLS] Written transcript to proofs/MSG_TLS_47C27BE7.out, proofs/SIG_TLS_47C27BE7.out and proofs/PK_TLS_47C27BE7.der
Signature verification succeeds
[TLS] Server time: 1619677800
[TLS] client_random  (32): 2357BB623C7093F6E6F2BA0E2A0C346A5B27B76E0A9F6CE819BE12A8A68606D9
[TLS] sign_hash (32): 18EE1C05A2E5387B194B39BBFC428234709327083F1B49AB4D65A71F18D26C7C
[TLS] Written transcript to proofs/MSG_TLS_2357BB62.out, proofs/SIG_TLS_2357BB62.out and proofs/PK_TLS_2357BB62.der
Signature verification succeeds
[TLS] Server time: 1619677800
[TLS] client_random  (32): 499256CF0D470285D4002013D53F8C6873D83A4BE3EB1041B01BFAC382465284
[TLS] sign_hash (32): 419351C1911A7278CE7320B7360752C347D3B9AA26CC0D383B352D873C0BDC8B
[TLS] Written transcript to proofs/MSG_TLS_499256CF.out, proofs/SIG_TLS_499256CF.out and proofs/PK_TLS_499256CF.der
Signature verification succeeds
[TLS] Server time: 1619677800
[TLS] client_random  (32): 3EC94C7A6A57D34FA533E6E6537595CB1FCFA6B1F50E56E5A387FDBF65361CF2
[TLS] sign_hash (32): 555BA03C0BFD5A44E38C9E7832334CCA120BB3F0E96F87603062473793E6D538
[TLS] Written transcript to proofs/MSG_TLS_3EC94C7A.out, proofs/SIG_TLS_3EC94C7A.out and proofs/PK_TLS_3EC94C7A.der
Signature verification succeeds
[TLS] Server time: 1619677800
[TLS] client_random  (32): F271158AAC116924F0340D086EE53CCBAEEECB15D625E2E4237633A27B2B247B
[TLS] sign_hash (32): D506DCF7806C4C880ED18A918D6F943D7AA49C70E4BDA94FD7989FD55D7EF761
[TLS] Written transcript to proofs/MSG_TLS_F271158A.out, proofs/SIG_TLS_F271158A.out and proofs/PK_TLS_F271158A.der
Signature verification succeeds
[TLS] Server time: 1619677800
[TLS] client_random  (32): C703E35C1594289B0ED1E6D57244366307FED01874CE82D59942356004DEFC37
[TLS] sign_hash (32): C23A222D019AF862685B120A0631F46518F39F89933E65EB0A87DE1D16060A55
[TLS] Written transcript to proofs/MSG_TLS_C703E35C.out, proofs/SIG_TLS_C703E35C.out and proofs/PK_TLS_C703E35C.der
Signature verification succeeds
[TLS] Server time: 1619677800
[TLS] client_random  (32): 9AB3107569FA36F54E2413425C02D0E03B57417703BD16658A6297932C58CBDB
[TLS] sign_hash (32): 0C3E97CE7A35C5CAF8940B37F6D0CC29DE862DFE570D59A97FB5FF04E2795BBF
[TLS] Written transcript to proofs/MSG_TLS_9AB31075.out, proofs/SIG_TLS_9AB31075.out and proofs/PK_TLS_9AB31075.der
Signature verification succeeds
[TLS] Server time: 1619677800
[TLS] client_random  (32): 04FDD3B9B841BF5DF00F5115B2D1D5AB267DAB931879201C2A756129C60B0876
[TLS] sign_hash (32): 33F4F3BEEBE5F35EB7B0E2732B6322831FEF8D67B32F09B01F64A6F132AB7E6C
[TLS] Written transcript to proofs/MSG_TLS_04FDD3B9.out, proofs/SIG_TLS_04FDD3B9.out and proofs/PK_TLS_04FDD3B9.der
Signature verification succeeds
[TLS] Server time: 1619677800
[TLS] client_random  (32): 3C6D2FB751BB6BF2FE6403866206649296207B2A2CEC3C6F105269EF198D8E55
[TLS] sign_hash (32): 08E23863F37E3047DC40726353CC17798A214F87D40A7B47BD2F0710AA7B187A
[TLS] Written transcript to proofs/MSG_TLS_3C6D2FB7.out, proofs/SIG_TLS_3C6D2FB7.out and proofs/PK_TLS_3C6D2FB7.der
Signature verification succeeds
[TLS] Server time: 1619677800
[TLS] client_random  (32): 19873BBF74E117FC362EB300C15EB7631069833159EBED14D639657B910E1D87
[TLS] sign_hash (32): 329A483AB7EF171F80343DCB8F577C41B08E891B3B930E1BCB5ACB83FB095389
[TLS] Written transcript to proofs/MSG_TLS_19873BBF.out, proofs/SIG_TLS_19873BBF.out and proofs/PK_TLS_19873BBF.der
Signature verification succeeds
[TLS] Server time: 1619677800
[TLS] client_random  (32): 9AF2456C2CC975493C75B179E88031DDB06DC8EB8E231BC2ECD71EF43060917E
[TLS] sign_hash (32): 6068222C4BBA7F1548BEA5CC886832489827E51D80993E4A660085C13C0EA4AE
[TLS] Written transcript to proofs/MSG_TLS_9AF2456C.out, proofs/SIG_TLS_9AF2456C.out and proofs/PK_TLS_9AF2456C.der
Signature verification succeeds
[TLS] Server time: 1619677800
[TLS] client_random  (32): 7BB562A5995211639A55404CCB349A775E74D8CA25EEDC492D8B31755FE99AEC
[TLS] sign_hash (32): 21C2256C809044535E77681FF18828A5071AFD7316411EC3A6229D8067D7253E
[TLS] Written transcript to proofs/MSG_TLS_7BB562A5.out, proofs/SIG_TLS_7BB562A5.out and proofs/PK_TLS_7BB562A5.der
Signature verification succeeds
[TLS] Server time: 1619677800
[TLS] client_random  (32): A6F21BD9B7AC043A48E8F6EB3C7C997649CA544106117F2FC0CF920DDBECCD37
[TLS] sign_hash (32): CA99EE24DA2D647ECB8F75FC1667D042C055C386B02FEC379061B24B313A1839
[TLS] Written transcript to proofs/MSG_TLS_A6F21BD9.out, proofs/SIG_TLS_A6F21BD9.out and proofs/PK_TLS_A6F21BD9.der
Signature verification succeeds
[TLS] Server time: 1619677800
[TLS] client_random  (32): 22645AF84E77228E618D5B8BA6F52E692D808E806B9A3E2C9421D63F8A2B43EB
[TLS] sign_hash (32): 122A97B03656B35FD52AC2870324B56E3EBE9D4B3C319F30E04670697879C3C3
[TLS] Written transcript to proofs/MSG_TLS_22645AF8.out, proofs/SIG_TLS_22645AF8.out and proofs/PK_TLS_22645AF8.der
Signature verification succeeds
[TLS] Server time: 1619677800
[TLS] client_random  (32): 3FFDD1C917B2E9DE17D9314DEDEAE1D25AD634D5947D9241FA9B2971F7C4B56B
[TLS] sign_hash (32): 342134DCFA1832F34AE214C48AC8F66FF600DCA0273523E22F2F7693E787352E
[TLS] Written transcript to proofs/MSG_TLS_3FFDD1C9.out, proofs/SIG_TLS_3FFDD1C9.out and proofs/PK_TLS_3FFDD1C9.der
Signature verification succeeds
[TLS] Server time: 1619677800
[TLS] client_random  (32): B8173113C0659E3C0ACED361785FB76525767350C63A094285F1316F2E65D2FD
[TLS] sign_hash (32): 79A3C36C14A05DB1C72C43A3ECF06058B3A327E06F96F18868A72F1295D41AE9
[TLS] Written transcript to proofs/MSG_TLS_B8173113.out, proofs/SIG_TLS_B8173113.out and proofs/PK_TLS_B8173113.der
Signature verification succeeds
[TLS] Server time: 1619677800
[TLS] client_random  (32): D0E3ACDF338DD637F111E67C67D67AB102F7C151404D450E6B67AC1D9DADB785
[TLS] sign_hash (32): B7C9CBBEC4C6099A1C6F25778EDCCC5CD4D5D639F0428FE75DD3F3B3776C949A
[TLS] Written transcript to proofs/MSG_TLS_D0E3ACDF.out, proofs/SIG_TLS_D0E3ACDF.out and proofs/PK_TLS_D0E3ACDF.der
Signature verification succeeds
[TLS] Server time: 1619677800
[TLS] client_random  (32): 813018F10E863CBBD12252DCD86E0AD0FF109EBDB77A489088ACB1BB3C66F1AD
[TLS] sign_hash (32): AAF8D1F5AF83024DE064D706F15817BA05CCEF9C1D62501FF683E808AEACCFDE
[TLS] Written transcript to proofs/MSG_TLS_813018F1.out, proofs/SIG_TLS_813018F1.out and proofs/PK_TLS_813018F1.der
Signature verification succeeds
[TLS] Server time: 1619677800
[TLS] client_random  (32): D6B832E87A7FE3CF1D9E71DC041C5AA16EE4BF4D2DB3883EA214D0E98C9A3E68
[TLS] sign_hash (32): F99B069F6B283A37D874778E071BC832C4FE4FA4FAA2E77A70E02EB36AA18830
[TLS] Written transcript to proofs/MSG_TLS_D6B832E8.out, proofs/SIG_TLS_D6B832E8.out and proofs/PK_TLS_D6B832E8.der
Signature verification succeeds
[TLS] Server time: 1619677800
[TLS] client_random  (32): 4BA041A6A3BE8CAAC48881EBF431767814B9AA7A762836268931EA79730385E1
[TLS] sign_hash (32): 6A78AD25A2D2DB5DBB9858D7FF8B583B9C948B28C7445F0E1B83DD7709C95A04
[TLS] Written transcript to proofs/MSG_TLS_4BA041A6.out, proofs/SIG_TLS_4BA041A6.out and proofs/PK_TLS_4BA041A6.der
Signature verification succeeds
[TLS] Server time: 1619677800
[TLS] client_random  (32): 5DA22D3F7CCC4FD1E969E8EF5F3DFBCE7C486235F30380041521305D4C2668E1
[TLS] sign_hash (32): DE51613CEA0C16FA6DA557C4AEA4AB1CAD95E387844280E49843076383A2AEC1
[TLS] Written transcript to proofs/MSG_TLS_5DA22D3F.out, proofs/SIG_TLS_5DA22D3F.out and proofs/PK_TLS_5DA22D3F.der
Signature verification succeeds
[TLS] Server time: 1619677800
[TLS] client_random  (32): 4C24FC4B62A86148222BFC1BFAEF267FB3941FC9B321A097CA5FC11909AE6B62
[TLS] sign_hash (32): F7944374D5DF61963153F8BD121CE7ED212F1C62D42A76D92C4A57F91DCFFBB9
[TLS] Written transcript to proofs/MSG_TLS_4C24FC4B.out, proofs/SIG_TLS_4C24FC4B.out and proofs/PK_TLS_4C24FC4B.der
Signature verification succeeds
[TLS] Server time: 1619677800
[TLS] client_random  (32): 4CF3A177EC41307DB99B5442DCF76CC21C75B50D987D9A1C4B0B439855BB66DC
[TLS] sign_hash (32): 4CAACE9773A6182A63CF6C265BD989F7A2957A6AB10D1A5F6C093F4C83554530
[TLS] Written transcript to proofs/MSG_TLS_4CF3A177.out, proofs/SIG_TLS_4CF3A177.out and proofs/PK_TLS_4CF3A177.der
Signature verification succeeds
Time breakdown (averages): anchor_ping:7.103186 file_read:0.127885 hashing:0.470604
Total time for 123 rounds is 954.416141ms
Standard deviations: anchor_ping:0.123644 file_read:0.014176 hashing:0.004370
[Client-side ops] mean:0.598489 sd:0.014988
in & out anchor rand written to proofs/phase1.out
     61 [TLS] Server time: 1619677799
     63 [TLS] Server time: 1619677800
Count is 61
Count is 63
success: 1
RESULT: 1 in 1 tries
