TLS anchor: www.american.edu
Actual: 60, Set: 123
Beginning execution at Sat May 1 13:30:01 UTC 2021
CONF: anchor:www.american.edu fs:1024MB n_rounds:123 seed:5c9f4bf9bbc15bb855f82faedc5a52fc3ab2dfa8ec3ba3ce1b270f31fa0cced2 filename:FILE bs:1024 nops:100 benchmarking:0 anchor_ping:1 queue_depth:32 direct:0
[TLS] Connecting to www.american.edu
[TLS] Server time: 1619875799
[TLS] client_random  (32): 5C9F4BF9BBC15BB855F82FAEDC5A52FC3AB2DFA8EC3BA3CE1B270F31FA0CCED2
[TLS] sign_hash (32): B17B3FBD121DF871EC89F54B1D41B4A340D599FC5EE44BC9B1173767E901BEFD
[TLS] Written transcript to proofs/MSG_TLS_5C9F4BF9.out, proofs/SIG_TLS_5C9F4BF9.out and proofs/PK_TLS_5C9F4BF9.der
Signature verification succeeds
[TLS] Server time: 1619875799
[TLS] client_random  (32): F874A7979A43123FC9404DB97F82F97D84D76B235B976B5DD736656B47D6C08F
[TLS] sign_hash (32): 7AAD34303A6C319BCDB5BB51DB07EE262F773DA6DAD8B4D0EAF4DED325689870
[TLS] Written transcript to proofs/MSG_TLS_F874A797.out, proofs/SIG_TLS_F874A797.out and proofs/PK_TLS_F874A797.der
Signature verification succeeds
[TLS] Server time: 1619875799
[TLS] client_random  (32): 77E19F2844EDB50BCA28A8EE72C0204D82F501A33C8C51597CA7ECBAF06D750E
[TLS] sign_hash (32): FC726BCF10BBF1DB27AFFF22B63819E18ECD274D34802F91305DF8344F42DE8C
[TLS] Written transcript to proofs/MSG_TLS_77E19F28.out, proofs/SIG_TLS_77E19F28.out and proofs/PK_TLS_77E19F28.der
Signature verification succeeds
[TLS] Server time: 1619875799
[TLS] client_random  (32): 5B2318DB6E29A5619319D2FFEF83E420E06B91DE1E584998EA2DC835F547BD38
[TLS] sign_hash (32): 823547A60B5B096963C152D56A17D700C5F4CDDC01377F1821570F08D593E1C9
[TLS] Written transcript to proofs/MSG_TLS_5B2318DB.out, proofs/SIG_TLS_5B2318DB.out and proofs/PK_TLS_5B2318DB.der
Signature verification succeeds
[TLS] Server time: 1619875799
[TLS] client_random  (32): E7E97515522BDBDBF7BDC0EA26944F93086FE8862EECA450613754E23B5900B5
[TLS] sign_hash (32): 20C8C31DC48FF625F2E5FB7A10F6AA85EE473AACB22378BAB6CF2F5D49B20F94
[TLS] Written transcript to proofs/MSG_TLS_E7E97515.out, proofs/SIG_TLS_E7E97515.out and proofs/PK_TLS_E7E97515.der
Signature verification succeeds
[TLS] Server time: 1619875799
[TLS] client_random  (32): 70E77DA2494AEF6FB1367F35E0169A0286C33E6DA1EA41240AC48245DF0E8946
[TLS] sign_hash (32): CF022E22D2517C3143D5CD9CC44E5D532891F8A5F6F4D9B8EF526B40B27938B0
[TLS] Written transcript to proofs/MSG_TLS_70E77DA2.out, proofs/SIG_TLS_70E77DA2.out and proofs/PK_TLS_70E77DA2.der
Signature verification succeeds
[TLS] Server time: 1619875799
[TLS] client_random  (32): 7A026CD9D0A085B55F67FF582EE2B12D32A87917B09A041FF4A8175520F994CA
[TLS] sign_hash (32): D934950D184CD8CDD61AEBBEDE01DC940A10B3021C9B636D75C43730BB716E1C
[TLS] Written transcript to proofs/MSG_TLS_7A026CD9.out, proofs/SIG_TLS_7A026CD9.out and proofs/PK_TLS_7A026CD9.der
Signature verification succeeds
[TLS] Server time: 1619875799
[TLS] client_random  (32): 5E01C5C1A8BA544BA4455B4A37870770AEFE66CF8938A193033A132D9C136400
[TLS] sign_hash (32): EAB33FE7FF74B79D21BAA442CA0FC4CE04EF6C93ECD30134EBBDB26F7FCAF3A6
[TLS] Written transcript to proofs/MSG_TLS_5E01C5C1.out, proofs/SIG_TLS_5E01C5C1.out and proofs/PK_TLS_5E01C5C1.der
Signature verification succeeds
[TLS] Server time: 1619875799
[TLS] client_random  (32): 43AA35AD5077B5EF0FB93E9A08405525F1901A31AB69B241A433D32A20B27A05
[TLS] sign_hash (32): D19251E244D7BF27C2897737E74417F02360AC9CB9C33421C1E8959AA3DFE8C9
[TLS] Written transcript to proofs/MSG_TLS_43AA35AD.out, proofs/SIG_TLS_43AA35AD.out and proofs/PK_TLS_43AA35AD.der
Signature verification succeeds
[TLS] Server time: 1619875799
[TLS] client_random  (32): CBAF88EB51334EF2A7CED735013F0879F7A74B60BFEB6F429990D59EAD24603B
[TLS] sign_hash (32): 80D2402C68C780BEF5B84AFA9A46DF7B5C12DF9545486F5D68187788F056E8C3
[TLS] Written transcript to proofs/MSG_TLS_CBAF88EB.out, proofs/SIG_TLS_CBAF88EB.out and proofs/PK_TLS_CBAF88EB.der
Signature verification succeeds
[TLS] Server time: 1619875799
[TLS] client_random  (32): BA440D75183AF47E9DD9D6C91AC86146F4D4FAF76958FB7D7C7D70C214B34C29
[TLS] sign_hash (32): 6A969C330185C4239F74738403F7D31C19EE53AD89EBAB9F45A65E75F1890218
[TLS] Written transcript to proofs/MSG_TLS_BA440D75.out, proofs/SIG_TLS_BA440D75.out and proofs/PK_TLS_BA440D75.der
Signature verification succeeds
[TLS] Server time: 1619875799
[TLS] client_random  (32): B2E0F79641887160278CC5461CDFC9B43B95EFF945F7842DBD1E8BF453B49564
[TLS] sign_hash (32): D510E938E05680E5D0BD2360C93048ED9013B66D075D22D46C242EB9AD3A8BB6
[TLS] Written transcript to proofs/MSG_TLS_B2E0F796.out, proofs/SIG_TLS_B2E0F796.out and proofs/PK_TLS_B2E0F796.der
Signature verification succeeds
[TLS] Server time: 1619875799
[TLS] client_random  (32): 817ECE78C737E63379A97B5759701A619AD18B097A5C3676FED22B5D70A1D1AC
[TLS] sign_hash (32): C4FCA22A09D60A87197810203F2DA6C4FC0199A102983DC7E185B5895CE4336B
[TLS] Written transcript to proofs/MSG_TLS_817ECE78.out, proofs/SIG_TLS_817ECE78.out and proofs/PK_TLS_817ECE78.der
Signature verification succeeds
[TLS] Server time: 1619875799
[TLS] client_random  (32): 5392EF55AE8F0F86E326A872A727ECE1F83381A9020249573142FEFEEDA58092
[TLS] sign_hash (32): 09FDBAED4B380182E6A558A6FD8A8C2D87F29F582DFDA0ED7B50BE9149D0C851
[TLS] Written transcript to proofs/MSG_TLS_5392EF55.out, proofs/SIG_TLS_5392EF55.out and proofs/PK_TLS_5392EF55.der
Signature verification succeeds
[TLS] Server time: 1619875799
[TLS] client_random  (32): BB460EBB0E0D2ADDDB83A60D538348C4D5FD40E1412CE0EDD85D564775B22942
[TLS] sign_hash (32): 0DEE5245B47E8D0EDB21C3FAFEC5537CD2BE7F8BC8E30B485E06CDF76860CA23
[TLS] Written transcript to proofs/MSG_TLS_BB460EBB.out, proofs/SIG_TLS_BB460EBB.out and proofs/PK_TLS_BB460EBB.der
Signature verification succeeds
[TLS] Server time: 1619875799
[TLS] client_random  (32): CFF0CE291EB6DF4246C6D7DCD48D6D3FC61383A479877CF2F98F776BC470DE79
[TLS] sign_hash (32): 175FF8E33D73A4478F0193C684D94CA6D6ABCDB774C600BD44F4DB035AD67961
[TLS] Written transcript to proofs/MSG_TLS_CFF0CE29.out, proofs/SIG_TLS_CFF0CE29.out and proofs/PK_TLS_CFF0CE29.der
Signature verification succeeds
[TLS] Server time: 1619875799
[TLS] client_random  (32): C938FEED0A50D1A7BF904B1258B37FDC7B0EA01EB7E3CC85EC6BA95453712871
[TLS] sign_hash (32): 05C85E3CF6F21228BD0A62E55EEBD977D8F618AEC7080524F8FF87352D5C8BCE
[TLS] Written transcript to proofs/MSG_TLS_C938FEED.out, proofs/SIG_TLS_C938FEED.out and proofs/PK_TLS_C938FEED.der
Signature verification succeeds
[TLS] Server time: 1619875799
[TLS] client_random  (32): CAE9F103231DEF603562D2DED3304322A9A3757BCF533F5EA176BD8E8C378D34
[TLS] sign_hash (32): 58AE4B932A58104F54AD6148EF7EF4F104E4E57F46D18624E131C50E8BFF2B19
[TLS] Written transcript to proofs/MSG_TLS_CAE9F103.out, proofs/SIG_TLS_CAE9F103.out and proofs/PK_TLS_CAE9F103.der
Signature verification succeeds
[TLS] Server time: 1619875799
[TLS] client_random  (32): 6A3E39AC1A70DD5EAC9AB60354079C6404714669CE74523A83BAD484D45BC23E
[TLS] sign_hash (32): E334C428326A9F1ADCB3D236B0648BB4A5BDB150D5CD83B8009DC46085C2D006
[TLS] Written transcript to proofs/MSG_TLS_6A3E39AC.out, proofs/SIG_TLS_6A3E39AC.out and proofs/PK_TLS_6A3E39AC.der
Signature verification succeeds
[TLS] Server time: 1619875799
[TLS] client_random  (32): B5CD9104D0FA59D1732E3ADBCA4BE599642274A0533894DFD1BD8CB1B4D45FD1
[TLS] sign_hash (32): 09A64B0C3D759424FC146DEB63798047DA6CB7411D2438189EB0FD0E46BA8D49
[TLS] Written transcript to proofs/MSG_TLS_B5CD9104.out, proofs/SIG_TLS_B5CD9104.out and proofs/PK_TLS_B5CD9104.der
Signature verification succeeds
[TLS] Server time: 1619875799
[TLS] client_random  (32): C9C716F412053562AC9A2E203F249B0161BCDAA43FB6610CC858336DE2AFD5D1
[TLS] sign_hash (32): 120CD49894DD4B4EE5F22AB8DD948E3B8061BA1C01688612482145649FEABF35
[TLS] Written transcript to proofs/MSG_TLS_C9C716F4.out, proofs/SIG_TLS_C9C716F4.out and proofs/PK_TLS_C9C716F4.der
Signature verification succeeds
[TLS] Server time: 1619875799
[TLS] client_random  (32): F5561F7CE84DE9D4638E01CB1BAD008B9714E0BF1AEB82AF77D3249BB5B3ADBF
[TLS] sign_hash (32): 71C0F19AF4DD4A63C317598015D1D344E904815404A2A1D5C190CA72DE52AB95
[TLS] Written transcript to proofs/MSG_TLS_F5561F7C.out, proofs/SIG_TLS_F5561F7C.out and proofs/PK_TLS_F5561F7C.der
Signature verification succeeds
[TLS] Server time: 1619875799
[TLS] client_random  (32): 7C0EA610CF5832D38F78AB73D8F2B98431AD86A03AC035E35597FBA10715F487
[TLS] sign_hash (32): 271B3327FBE6142C460B2EAA9A42F370FDB85DD70983558EB9CB078C0C012F06
[TLS] Written transcript to proofs/MSG_TLS_7C0EA610.out, proofs/SIG_TLS_7C0EA610.out and proofs/PK_TLS_7C0EA610.der
Signature verification succeeds
[TLS] Server time: 1619875799
[TLS] client_random  (32): B4E7545686B344128027948968545711891EBCEDB47A2C1E3E813393D243235C
[TLS] sign_hash (32): C6938AF32084EF8A2A93DEDA0E47285900FCE946775C8BFC109E581AA85B4EEE
[TLS] Written transcript to proofs/MSG_TLS_B4E75456.out, proofs/SIG_TLS_B4E75456.out and proofs/PK_TLS_B4E75456.der
Signature verification succeeds
[TLS] Server time: 1619875799
[TLS] client_random  (32): 084B17EF36381B61832601DA99FF0DC5D3CE2040BD5701F5B21220C731BE6B1E
[TLS] sign_hash (32): 2FC7A01282309D8AEDCF9B25329199798CE37C91613EF3D41B774FF568DD7564
[TLS] Written transcript to proofs/MSG_TLS_084B17EF.out, proofs/SIG_TLS_084B17EF.out and proofs/PK_TLS_084B17EF.der
Signature verification succeeds
[TLS] Server time: 1619875799
[TLS] client_random  (32): 0FAAD91D164265F5BB5E7870136BFC09403DC932FC57A103FE2020726A63241A
[TLS] sign_hash (32): C7ED701A3276C69EBF3A7C00395120FDB89DEB86A6D2A1AD791986D65EFBDC5F
[TLS] Written transcript to proofs/MSG_TLS_0FAAD91D.out, proofs/SIG_TLS_0FAAD91D.out and proofs/PK_TLS_0FAAD91D.der
Signature verification succeeds
[TLS] Server time: 1619875799
[TLS] client_random  (32): 2EAE88814631734F9CE0D911DA31AAAD00AF92AEB3BC7073F06DB0D2962D5A04
[TLS] sign_hash (32): 5F7EC44C9028CF19EA54EECB2E98454EEDB8BFC1EA9994D17751F9201C34FC9C
[TLS] Written transcript to proofs/MSG_TLS_2EAE8881.out, proofs/SIG_TLS_2EAE8881.out and proofs/PK_TLS_2EAE8881.der
Signature verification succeeds
[TLS] Server time: 1619875799
[TLS] client_random  (32): BB2FDBDE3CC82A74E9A04158DF5B4AFC54B1BED459DE15B6759A78852B526625
[TLS] sign_hash (32): FF008AEF86C78E3D1B4796992387E29F0FE596427C781824AB173149D531D183
[TLS] Written transcript to proofs/MSG_TLS_BB2FDBDE.out, proofs/SIG_TLS_BB2FDBDE.out and proofs/PK_TLS_BB2FDBDE.der
Signature verification succeeds
[TLS] Server time: 1619875799
[TLS] client_random  (32): EC75C48C5513DC68845F906D97026649CE897FD4F68A26AB31822A95CC710D19
[TLS] sign_hash (32): 627E5984DC0B43DAC2FEB0DE4244953011816CE511A93014A65F8DB39B343B33
[TLS] Written transcript to proofs/MSG_TLS_EC75C48C.out, proofs/SIG_TLS_EC75C48C.out and proofs/PK_TLS_EC75C48C.der
Signature verification succeeds
[TLS] Server time: 1619875799
[TLS] client_random  (32): AFB3CA12FC1CD266221A3B0A699C64A7A2062B525F005CC6761187CB7C49EC8A
[TLS] sign_hash (32): 7F62CC4811CBFB8DABDA9B670413E2BF14AD8653EE65DF9AB1918CD5858CDA60
[TLS] Written transcript to proofs/MSG_TLS_AFB3CA12.out, proofs/SIG_TLS_AFB3CA12.out and proofs/PK_TLS_AFB3CA12.der
Signature verification succeeds
[TLS] Server time: 1619875799
[TLS] client_random  (32): E3D9DFCA89006478392787D74D78A0862854DABABD54C321BD642DD80A92667C
[TLS] sign_hash (32): 999C278FF6F765DFFEEA34BBA48FA2B4E541F7DBF8955C392817D896B4147223
[TLS] Written transcript to proofs/MSG_TLS_E3D9DFCA.out, proofs/SIG_TLS_E3D9DFCA.out and proofs/PK_TLS_E3D9DFCA.der
Signature verification succeeds
[TLS] Server time: 1619875799
[TLS] client_random  (32): C1F9D721E8ECD5BFBC9C7FB9B88D258BDDDDF3C0C84EEFAD0B2D3748420376FC
[TLS] sign_hash (32): E7FF8B45132F55AE53B10A8148ECD70E88385E61C3BD8BCCD3A616E99D276C09
[TLS] Written transcript to proofs/MSG_TLS_C1F9D721.out, proofs/SIG_TLS_C1F9D721.out and proofs/PK_TLS_C1F9D721.der
Signature verification succeeds
[TLS] Server time: 1619875799
[TLS] client_random  (32): 712051EE93D7D44E851FACE1EBC4F3502F24BCB223ABED31B27430CB7662566D
[TLS] sign_hash (32): A39A3A25286E3AA2F74840BDAFC8C42C7B5C1B46CDA821C2FC7146BB180366A8
[TLS] Written transcript to proofs/MSG_TLS_712051EE.out, proofs/SIG_TLS_712051EE.out and proofs/PK_TLS_712051EE.der
Signature verification succeeds
[TLS] Server time: 1619875799
[TLS] client_random  (32): 313D21E8F26F7C62D706578B67E26C66E57258DDD80C727D84EAFA9800B5EAC7
[TLS] sign_hash (32): 9D6FEDA588768D9DC47EE7BCD698CEED3CDA8FEC193514735D286A3512760BC6
[TLS] Written transcript to proofs/MSG_TLS_313D21E8.out, proofs/SIG_TLS_313D21E8.out and proofs/PK_TLS_313D21E8.der
Signature verification succeeds
[TLS] Server time: 1619875799
[TLS] client_random  (32): 63BD753C3AF25F3449311F29DC18A6E95E28700397805BF2531F6FB4576FA5E3
[TLS] sign_hash (32): A0200792F2AE5D8233FD8FF67CB5EA2B491E1CE23FA8C02EB29A2A4920B21597
[TLS] Written transcript to proofs/MSG_TLS_63BD753C.out, proofs/SIG_TLS_63BD753C.out and proofs/PK_TLS_63BD753C.der
Signature verification succeeds
[TLS] Server time: 1619875799
[TLS] client_random  (32): FD6AAD002DBEB69D6311099C9492F3249326B752A5C6E1A1319D216AAC3E5854
[TLS] sign_hash (32): 910072A187389D65693FA93C432E027B3EA7E51F2F1AE3EC2A6B7FEC8A376BE6
[TLS] Written transcript to proofs/MSG_TLS_FD6AAD00.out, proofs/SIG_TLS_FD6AAD00.out and proofs/PK_TLS_FD6AAD00.der
Signature verification succeeds
[TLS] Server time: 1619875799
[TLS] client_random  (32): 8CEFB20D3DEA3A1E68E49FBD0CDA14B0B573533DDB709E75615BE5B8C124883F
[TLS] sign_hash (32): B1A9C8F09E11A971D7B31E933A3E288B1AE71052D3507C76D710CCB71962D95C
[TLS] Written transcript to proofs/MSG_TLS_8CEFB20D.out, proofs/SIG_TLS_8CEFB20D.out and proofs/PK_TLS_8CEFB20D.der
Signature verification succeeds
[TLS] Server time: 1619875799
[TLS] client_random  (32): 4C370E5148A7B82989F859C3C693B002F6CA8A0A9E42B184B8187CA879FFF961
[TLS] sign_hash (32): 73153C1DCDCC842C35074173263F62C8B91FA26EF6F431EF97235D03127D0741
[TLS] Written transcript to proofs/MSG_TLS_4C370E51.out, proofs/SIG_TLS_4C370E51.out and proofs/PK_TLS_4C370E51.der
Signature verification succeeds
[TLS] Server time: 1619875799
[TLS] client_random  (32): 73D21C6E8DB3AB0534DD3CB68EEB9DDAC283EF204D9F638A4F6F6CB132FECA1E
[TLS] sign_hash (32): 4BF618A67861D03AF81AB34EA9E3E0756A046035B4952E8ECB98B78CCECF35B3
[TLS] Written transcript to proofs/MSG_TLS_73D21C6E.out, proofs/SIG_TLS_73D21C6E.out and proofs/PK_TLS_73D21C6E.der
Signature verification succeeds
[TLS] Server time: 1619875799
[TLS] client_random  (32): 7ABFF28AFD428FAB38E9DB9D33C89186C8699DCB6CF297EFF8A131C27B5C7041
[TLS] sign_hash (32): BBE8505DC433D9C125FF6101D0E3C68D0915AE2A67440BBAD7346A4C5091067E
[TLS] Written transcript to proofs/MSG_TLS_7ABFF28A.out, proofs/SIG_TLS_7ABFF28A.out and proofs/PK_TLS_7ABFF28A.der
Signature verification succeeds
[TLS] Server time: 1619875799
[TLS] client_random  (32): 8C744543F566923CAE4C47B38E87146F67148181C3B0CFA54479DEB0641203BA
[TLS] sign_hash (32): ABAC832E19A8EB849F4A2D74CC4C2DB000517D0A1961FA25F749FAB818E37BFE
[TLS] Written transcript to proofs/MSG_TLS_8C744543.out, proofs/SIG_TLS_8C744543.out and proofs/PK_TLS_8C744543.der
Signature verification succeeds
[TLS] Server time: 1619875799
[TLS] client_random  (32): D765ABAEB24E9C19345DD956C91455C37CDED5BB79CDC97638E78C8F818BF471
[TLS] sign_hash (32): 30A3B6F9CFB5BF76E42FAB5B66E47978BCDE0F4DA5CD1D3E8E44D8F482648565
[TLS] Written transcript to proofs/MSG_TLS_D765ABAE.out, proofs/SIG_TLS_D765ABAE.out and proofs/PK_TLS_D765ABAE.der
Signature verification succeeds
[TLS] Server time: 1619875799
[TLS] client_random  (32): CAEBDAFDBA2522783A938A1F0949E1BF6F2AF1CA01345937C7CB2D2974F2FC49
[TLS] sign_hash (32): 294DE816FD6BAA58D7B2287878FB0C99C755DAADDB9400DB2D78AE31E362EC30
[TLS] Written transcript to proofs/MSG_TLS_CAEBDAFD.out, proofs/SIG_TLS_CAEBDAFD.out and proofs/PK_TLS_CAEBDAFD.der
Signature verification succeeds
[TLS] Server time: 1619875799
[TLS] client_random  (32): D26FCB5FA72CA5074ABCEB2E3282B2E6F99C98E7F4749920C6A6EC32D7191C29
[TLS] sign_hash (32): FAC3B4F0BA16CEB4B42EAF813EDB8664800818724FCD3644BA2A1D9F8F2EB4B4
[TLS] Written transcript to proofs/MSG_TLS_D26FCB5F.out, proofs/SIG_TLS_D26FCB5F.out and proofs/PK_TLS_D26FCB5F.der
Signature verification succeeds
[TLS] Server time: 1619875799
[TLS] client_random  (32): CB7C4935C03B880D2CE3139F99C487C0687C90D536D152236B55BC0D6C8346C0
[TLS] sign_hash (32): 6D7072F56EA9CA8AC9DF5C41CE371B00A1E0FFA6A56EF60376CF3A28D9FAD1FF
[TLS] Written transcript to proofs/MSG_TLS_CB7C4935.out, proofs/SIG_TLS_CB7C4935.out and proofs/PK_TLS_CB7C4935.der
Signature verification succeeds
[TLS] Server time: 1619875799
[TLS] client_random  (32): CAD1E1F96B7C93723A127BC3C2FB1EA9EB3E2AB93BAA6F9B8D6545B65C782674
[TLS] sign_hash (32): 89A783B2CC087EC44CC62AC49BE72F51ADC83E47F864FF09E7B1A2A314350C6D
[TLS] Written transcript to proofs/MSG_TLS_CAD1E1F9.out, proofs/SIG_TLS_CAD1E1F9.out and proofs/PK_TLS_CAD1E1F9.der
Signature verification succeeds
[TLS] Server time: 1619875799
[TLS] client_random  (32): E1A79906E9B705389E3F2B5540BA5F6DD940BCC5761378F0AD34A87932C1BF76
[TLS] sign_hash (32): D9571A807DDE7C63DC9359BCB092750FFC8C9B0F0D2361C56A6B74ACDA76E861
[TLS] Written transcript to proofs/MSG_TLS_E1A79906.out, proofs/SIG_TLS_E1A79906.out and proofs/PK_TLS_E1A79906.der
Signature verification succeeds
[TLS] Server time: 1619875799
[TLS] client_random  (32): 93D3DD39578F3C7C8839B36CF8E5B2C63F41C4119DF99EB567716F6FC497991B
[TLS] sign_hash (32): A6251B1788BE9FB77D22BBBA052DBC309E4C54D8EA9E68D01F0C00D2FC012B65
[TLS] Written transcript to proofs/MSG_TLS_93D3DD39.out, proofs/SIG_TLS_93D3DD39.out and proofs/PK_TLS_93D3DD39.der
Signature verification succeeds
[TLS] Server time: 1619875799
[TLS] client_random  (32): DCEF585D75941C68BE91BE99EE920D3557C05F1BD5EB73F5C4EE79668BCE853A
[TLS] sign_hash (32): 2235E8AFFF7630121AE978396FDA391E2FAA05930B6A8B494067B7194564C347
[TLS] Written transcript to proofs/MSG_TLS_DCEF585D.out, proofs/SIG_TLS_DCEF585D.out and proofs/PK_TLS_DCEF585D.der
Signature verification succeeds
[TLS] Server time: 1619875799
[TLS] client_random  (32): B7A3DBEDC7B54F3A11A8AA83E044A80A6541F6E8808D84289E114D794140DD86
[TLS] sign_hash (32): 72366FDC61B6CF26090A887818204DC6407A04969795DC6A76AFF69817A47777
[TLS] Written transcript to proofs/MSG_TLS_B7A3DBED.out, proofs/SIG_TLS_B7A3DBED.out and proofs/PK_TLS_B7A3DBED.der
Signature verification succeeds
[TLS] Server time: 1619875799
[TLS] client_random  (32): 92D9ECB60065D4DE6E4A6E60265641E9B10F9C795E1D36893752498BEC4620A0
[TLS] sign_hash (32): 9B5C5D4F670E2FFBB0642D74809E2BD922023EF739A384A603EB8B4FB1A05189
[TLS] Written transcript to proofs/MSG_TLS_92D9ECB6.out, proofs/SIG_TLS_92D9ECB6.out and proofs/PK_TLS_92D9ECB6.der
Signature verification succeeds
[TLS] Server time: 1619875799
[TLS] client_random  (32): 1093D15B0C745E20862DFA91D9D7B8599DBA2C09EAF82C1878B607C1EF975FDD
[TLS] sign_hash (32): 4C4354D1A519BA7A56E4598C87F316ADCC0BC004545242DF93D40C5F354EBF75
[TLS] Written transcript to proofs/MSG_TLS_1093D15B.out, proofs/SIG_TLS_1093D15B.out and proofs/PK_TLS_1093D15B.der
Signature verification succeeds
[TLS] Server time: 1619875799
[TLS] client_random  (32): ACE25A7398B8F8C2AF9EC8F684E4AE8255601D375D2649CC9D20E01D38441078
[TLS] sign_hash (32): 1397F5D71AAB3B0F348EC6D183666D393516FC55BB19E70A52456E0E0D85E40A
[TLS] Written transcript to proofs/MSG_TLS_ACE25A73.out, proofs/SIG_TLS_ACE25A73.out and proofs/PK_TLS_ACE25A73.der
Signature verification succeeds
[TLS] Server time: 1619875799
[TLS] client_random  (32): 9873C080FC03229C198EC8C1372719757EA29B038CA84B3652113C446BAE51D2
[TLS] sign_hash (32): 61C21871CE05BAA5448F0100C480F0AC4FE8392E374EA120CF967A77818ECAF6
[TLS] Written transcript to proofs/MSG_TLS_9873C080.out, proofs/SIG_TLS_9873C080.out and proofs/PK_TLS_9873C080.der
Signature verification succeeds
[TLS] Server time: 1619875799
[TLS] client_random  (32): EDACBD8D022AC47641650524CAE0C89E9673FC9150DF2EF996BA909DCE619F89
[TLS] sign_hash (32): 5B5515D8DC9C96FDA2995DE17B1A29A99AFF8BABD4A04777521C0048D85E9E6E
[TLS] Written transcript to proofs/MSG_TLS_EDACBD8D.out, proofs/SIG_TLS_EDACBD8D.out and proofs/PK_TLS_EDACBD8D.der
Signature verification succeeds
[TLS] Server time: 1619875799
[TLS] client_random  (32): 3F8DDFC67C0201961E709EDCC38571B6DD0F11C4D946C7DF214265FFD62703D2
[TLS] sign_hash (32): BB3109206F03690480BCD172C95B919307B0C2322137058FA741984B64A050EB
[TLS] Written transcript to proofs/MSG_TLS_3F8DDFC6.out, proofs/SIG_TLS_3F8DDFC6.out and proofs/PK_TLS_3F8DDFC6.der
Signature verification succeeds
[TLS] Server time: 1619875799
[TLS] client_random  (32): BD3ED07C7F50C246A783BF7FA08353674938214316545E1897E6F873853589F7
[TLS] sign_hash (32): 5CD71944C934628B85826217A572101191198C1267CA28C67ADDDC6C73D18693
[TLS] Written transcript to proofs/MSG_TLS_BD3ED07C.out, proofs/SIG_TLS_BD3ED07C.out and proofs/PK_TLS_BD3ED07C.der
Signature verification succeeds
[TLS] Server time: 1619875799
[TLS] client_random  (32): 2906B0B0A5E4D51DAD064FCE6D103E3E2FE19F2D74A9E98C7D3803D05F9286A7
[TLS] sign_hash (32): 6213A89B82D21D89401053F776AF96AC26BF1C20742EC995A20394D2AA1B5C1B
[TLS] Written transcript to proofs/MSG_TLS_2906B0B0.out, proofs/SIG_TLS_2906B0B0.out and proofs/PK_TLS_2906B0B0.der
Signature verification succeeds
[TLS] Server time: 1619875799
[TLS] client_random  (32): 49D2C6703156FBEE866B29B2A44A31FADB80804C0E8348CC1835B9A403BDBF4C
[TLS] sign_hash (32): 07714D5B714C61043BA3377466D16268ADEEFC39B7B9E7628F733420BE236F4A
[TLS] Written transcript to proofs/MSG_TLS_49D2C670.out, proofs/SIG_TLS_49D2C670.out and proofs/PK_TLS_49D2C670.der
Signature verification succeeds
[TLS] Server time: 1619875799
[TLS] client_random  (32): BA363FFF4663F63E4DCEC1428D62D7C21734EEDD76FA9D1098D21775FB4199A4
[TLS] sign_hash (32): F1E6DE02FCA726264335924A9E0D2B9FEB0DE5D3EF3B7A2445CFCB19FA44E30C
[TLS] Written transcript to proofs/MSG_TLS_BA363FFF.out, proofs/SIG_TLS_BA363FFF.out and proofs/PK_TLS_BA363FFF.der
Signature verification succeeds
[TLS] Server time: 1619875799
[TLS] client_random  (32): 765892E0FF0E6657DB7862883D0D630DF8D1852013C8D7F90F8CA59CAB209CD6
[TLS] sign_hash (32): 59FFC688A593012B73A43DC98EB7A69901F2E12D106EF377B529842AF37C4257
[TLS] Written transcript to proofs/MSG_TLS_765892E0.out, proofs/SIG_TLS_765892E0.out and proofs/PK_TLS_765892E0.der
Signature verification succeeds
[TLS] Server time: 1619875799
[TLS] client_random  (32): 66F4591C985227B0DD1AAE70D691672B1219F04017D2775BAE0F2F0B40556D84
[TLS] sign_hash (32): 4F3847B936528DAB5EDF7A525B9D315B6443A2307DB324D32EF9E41B9512EE7B
[TLS] Written transcript to proofs/MSG_TLS_66F4591C.out, proofs/SIG_TLS_66F4591C.out and proofs/PK_TLS_66F4591C.der
Signature verification succeeds
[TLS] Server time: 1619875799
[TLS] client_random  (32): 088B2FD62BC130E0D95E006C6005A92963DF13D549C97258A8E25F7DF867B15B
[TLS] sign_hash (32): 69E2B0C98C24BF07BA21A08F585FDC35712C8C648B2BE43CF268A3238F2A8CF2
[TLS] Written transcript to proofs/MSG_TLS_088B2FD6.out, proofs/SIG_TLS_088B2FD6.out and proofs/PK_TLS_088B2FD6.der
Signature verification succeeds
[TLS] Server time: 1619875799
[TLS] client_random  (32): E91675CE8CA15D5310BD804C0CD463DD70318691A0D322AF4425BECB45A6A643
[TLS] sign_hash (32): 3D563A905615AA362CDFFCAEB42CA765D52A44FA760F6045197EC336E603EDD2
[TLS] Written transcript to proofs/MSG_TLS_E91675CE.out, proofs/SIG_TLS_E91675CE.out and proofs/PK_TLS_E91675CE.der
Signature verification succeeds
[TLS] Server time: 1619875799
[TLS] client_random  (32): C375260E78B3A1BDFF690011ADFDCC0F40B8A9A6A05FC10004CE3D43AF1A759D
[TLS] sign_hash (32): D89B8FF05118E91221B230F20BB6EC9DAF5DEC0346D92417E95CCAD020CC3BAC
[TLS] Written transcript to proofs/MSG_TLS_C375260E.out, proofs/SIG_TLS_C375260E.out and proofs/PK_TLS_C375260E.der
Signature verification succeeds
[TLS] Server time: 1619875799
[TLS] client_random  (32): 5432B4C7062F726D331479EA672DE87F0F3E0852EFACD086CB8D6AB23B9CE639
[TLS] sign_hash (32): 9021546BB340322C2D13DA5167F057B0F7E1D9B2E93900435DF1504829121BC6
[TLS] Written transcript to proofs/MSG_TLS_5432B4C7.out, proofs/SIG_TLS_5432B4C7.out and proofs/PK_TLS_5432B4C7.der
Signature verification succeeds
[TLS] Server time: 1619875799
[TLS] client_random  (32): 8F5415FF40878DB954CD3C4338E3A61ED7E4E01786406D9C5007FE9F6BEFF818
[TLS] sign_hash (32): 25F7B3DD3FD5745BEA8A283886BFB77FD1743F2D95CD2DC653D71F2E0B7FC9E5
[TLS] Written transcript to proofs/MSG_TLS_8F5415FF.out, proofs/SIG_TLS_8F5415FF.out and proofs/PK_TLS_8F5415FF.der
Signature verification succeeds
[TLS] Server time: 1619875799
[TLS] client_random  (32): FB6B7B253FECAC4A7B0E166FDC7DF83205D3C68E76C7873F69E39979CCB1943D
[TLS] sign_hash (32): BBBCFB7306273387B078741D65D8C3296F056F4B77F688E92BFC8A19DBF33680
[TLS] Written transcript to proofs/MSG_TLS_FB6B7B25.out, proofs/SIG_TLS_FB6B7B25.out and proofs/PK_TLS_FB6B7B25.der
Signature verification succeeds
[TLS] Server time: 1619875799
[TLS] client_random  (32): 93ADE846AB703EC67DF9C0E6593C55108A13DF0F545D3B2D59833CFB218EC580
[TLS] sign_hash (32): 20B4B792F75E6C4B883E2C94F754126F9CC47C90DC7BE0E9FBE164221043E9B6
[TLS] Written transcript to proofs/MSG_TLS_93ADE846.out, proofs/SIG_TLS_93ADE846.out and proofs/PK_TLS_93ADE846.der
Signature verification succeeds
[TLS] Server time: 1619875799
[TLS] client_random  (32): 3F9C26AF4F6564319CC57CCE0033EC4DD7DEE19BF77BC5182DFE268384DFA81F
[TLS] sign_hash (32): 7EA5C1E5CE5516C4B13261DCD4507F2E60924D088B1FABB6CE0D441E234E1557
[TLS] Written transcript to proofs/MSG_TLS_3F9C26AF.out, proofs/SIG_TLS_3F9C26AF.out and proofs/PK_TLS_3F9C26AF.der
Signature verification succeeds
[TLS] Server time: 1619875799
[TLS] client_random  (32): 648307C3A9894949FB1F7D1E31FCB793A8805904581CAC4F3B5DA090D86FB27B
[TLS] sign_hash (32): 2EE9CF9387E2742C4E80C1094B9B67428C5A03D54544745359E712710B89CEA3
[TLS] Written transcript to proofs/MSG_TLS_648307C3.out, proofs/SIG_TLS_648307C3.out and proofs/PK_TLS_648307C3.der
Signature verification succeeds
[TLS] Server time: 1619875799
[TLS] client_random  (32): 98F4833BBA9116FE9A99C2B3931E5837BD6FDFAC53EC4004A0E5807AC15B2D22
[TLS] sign_hash (32): DAE05407C8AD5F1AECC79385A42056D1869666F502EBE01D57A7A11B5D821E8A
[TLS] Written transcript to proofs/MSG_TLS_98F4833B.out, proofs/SIG_TLS_98F4833B.out and proofs/PK_TLS_98F4833B.der
Signature verification succeeds
[TLS] Server time: 1619875799
[TLS] client_random  (32): 5F8E69641FFC92A3E974A159A89672AA8CAF690BC66F2DDD365ECF487F993855
[TLS] sign_hash (32): FB9D8A2AA000193D80D1654F4EA885A7DB17EE9A237E7F128ABE19DF31198959
[TLS] Written transcript to proofs/MSG_TLS_5F8E6964.out, proofs/SIG_TLS_5F8E6964.out and proofs/PK_TLS_5F8E6964.der
Signature verification succeeds
[TLS] Server time: 1619875799
[TLS] client_random  (32): DB0305D402346F7929F9DE519125AF06DE9C5536032FC6A09A739993152484E6
[TLS] sign_hash (32): 90CF65E259AB16C0FA5E35EA805117ED43622402AF2ACFF7633FFD6D2F7D9E40
[TLS] Written transcript to proofs/MSG_TLS_DB0305D4.out, proofs/SIG_TLS_DB0305D4.out and proofs/PK_TLS_DB0305D4.der
Signature verification succeeds
[TLS] Server time: 1619875799
[TLS] client_random  (32): F613AB72EB39CF0B8AF3E41D3DB75C010DDFBBC6CEB0A96637984E51420C3E90
[TLS] sign_hash (32): 1D14F8015DAC678B57CFE8AE7A1C130DBF376B79AD5671D7909EC026CF4AA9F4
[TLS] Written transcript to proofs/MSG_TLS_F613AB72.out, proofs/SIG_TLS_F613AB72.out and proofs/PK_TLS_F613AB72.der
Signature verification succeeds
[TLS] Server time: 1619875799
[TLS] client_random  (32): CB2DC2C8D10BBAE393F549D7EA5F261383E8DB2E4313C2303AF37EA93A182483
[TLS] sign_hash (32): 2362F55A953536AE6D88CE2DB3A9B1C99CC0CCDDB1418F8CAF83EFADC8FB1765
[TLS] Written transcript to proofs/MSG_TLS_CB2DC2C8.out, proofs/SIG_TLS_CB2DC2C8.out and proofs/PK_TLS_CB2DC2C8.der
Signature verification succeeds
[TLS] Server time: 1619875799
[TLS] client_random  (32): F95BB52FAFA3BBC10CFDF0AF08EC545FBBBE5A70F21B6F358EC6E1BAD75A5CB8
[TLS] sign_hash (32): D53DF47FDF70A9352777C9A3490E5F449CD7E1892BA59559618C687DBF5705E7
[TLS] Written transcript to proofs/MSG_TLS_F95BB52F.out, proofs/SIG_TLS_F95BB52F.out and proofs/PK_TLS_F95BB52F.der
Signature verification succeeds
[TLS] Server time: 1619875799
[TLS] client_random  (32): 663E9BA6BBA9B1353797641F9FD10A9611B41FECBFB5B741B028B7024C92292A
[TLS] sign_hash (32): BA35FFF7B4D5AB7ED297560EC60F9B76A82B8E712DAB13447262F6D780A28578
[TLS] Written transcript to proofs/MSG_TLS_663E9BA6.out, proofs/SIG_TLS_663E9BA6.out and proofs/PK_TLS_663E9BA6.der
Signature verification succeeds
[TLS] Server time: 1619875799
[TLS] client_random  (32): C9ACC4621914E60ED3EE7B25ECB0831B075DBC8978FE520DF0867BAB8EFD2D3A
[TLS] sign_hash (32): BAFA4B48948E9FE24194C1360D5CC81517587782D480E89D774046CC743B2FCD
[TLS] Written transcript to proofs/MSG_TLS_C9ACC462.out, proofs/SIG_TLS_C9ACC462.out and proofs/PK_TLS_C9ACC462.der
Signature verification succeeds
[TLS] Server time: 1619875799
[TLS] client_random  (32): AF7C15CD8F4F96881AF134B6C992C449923CEEAF1F12324715376E037B833581
[TLS] sign_hash (32): 31BF7EC6B7F0EC10535636F768CDB52E56683C5D44BCD4EBAFEBF40944C551B2
[TLS] Written transcript to proofs/MSG_TLS_AF7C15CD.out, proofs/SIG_TLS_AF7C15CD.out and proofs/PK_TLS_AF7C15CD.der
Signature verification succeeds
[TLS] Server time: 1619875799
[TLS] client_random  (32): 02DFB745ADF182D3007CCE8D9DCA13D9BFD2D73A8FF163DF38D29CB0F1377B03
[TLS] sign_hash (32): 0CA3F3483476E528C819B319B34EF035478BEC47AE2FFC74776D8FAFA8E25B67
[TLS] Written transcript to proofs/MSG_TLS_02DFB745.out, proofs/SIG_TLS_02DFB745.out and proofs/PK_TLS_02DFB745.der
Signature verification succeeds
[TLS] Server time: 1619875799
[TLS] client_random  (32): E5F5AEF3E5138216061DBDACE4031DEDFEC14EB02ED9A83B00AF5B78FB5D35E2
[TLS] sign_hash (32): E72A349C9BD595071FD317DF0A21D251D17B488164500C8E417C4CF8BA7B1488
[TLS] Written transcript to proofs/MSG_TLS_E5F5AEF3.out, proofs/SIG_TLS_E5F5AEF3.out and proofs/PK_TLS_E5F5AEF3.der
Signature verification succeeds
[TLS] Server time: 1619875799
[TLS] client_random  (32): 4B21F07EFD079755A7BB27649C03A6F37A6154B32463D5002E2B181A375C0E07
[TLS] sign_hash (32): 91DCE420D8136C1DE5DEA0CD51BDB2CAA1F4547175FD6A82DA0315D704C6E60F
[TLS] Written transcript to proofs/MSG_TLS_4B21F07E.out, proofs/SIG_TLS_4B21F07E.out and proofs/PK_TLS_4B21F07E.der
Signature verification succeeds
[TLS] Server time: 1619875799
[TLS] client_random  (32): 3FB196BB3BC6E9BFC0964EB35EDC81402F8AA9959C1CED9D5264842852C34F6C
[TLS] sign_hash (32): C2ECEA5165A8B7AC37DACFF041CB1FE1346A0E3D3AF2A18B8D66F059431C3B4E
[TLS] Written transcript to proofs/MSG_TLS_3FB196BB.out, proofs/SIG_TLS_3FB196BB.out and proofs/PK_TLS_3FB196BB.der
Signature verification succeeds
[TLS] Server time: 1619875799
[TLS] client_random  (32): E570926707EBAC7823342F04FC8351CEEC856F951873BD06BFE7AA0B3A80FEF5
[TLS] sign_hash (32): C46C2EED8703B6F8919278B8986AC59983CF6891FE0EA409E0A3A9417F09BBBC
[TLS] Written transcript to proofs/MSG_TLS_E5709267.out, proofs/SIG_TLS_E5709267.out and proofs/PK_TLS_E5709267.der
Signature verification succeeds
[TLS] Server time: 1619875799
[TLS] client_random  (32): 2A44B39EA9B66FB0D2390088671DEBD6E7EBDB4611CAACFC083FC527F49860C3
[TLS] sign_hash (32): AE4A4B1FD92E633CC7D37114F4C66E8E2CD9CEE6C2BA98A9023EE00B955DE9EF
[TLS] Written transcript to proofs/MSG_TLS_2A44B39E.out, proofs/SIG_TLS_2A44B39E.out and proofs/PK_TLS_2A44B39E.der
Signature verification succeeds
[TLS] Server time: 1619875799
[TLS] client_random  (32): 3315F94CE8512D1D3EFAB26D7321A5DBFC2EEDCEE48C0F17F3F88397E57B7E48
[TLS] sign_hash (32): B4145F754A2BFF13D15A43414AA88CE56FAE9AE02BEACC7AF809EC71B318C4C5
[TLS] Written transcript to proofs/MSG_TLS_3315F94C.out, proofs/SIG_TLS_3315F94C.out and proofs/PK_TLS_3315F94C.der
Signature verification succeeds
[TLS] Server time: 1619875799
[TLS] client_random  (32): 8790782BE9B68DEBE4B112CDE0A196145084AD10E625FE0330BDA4F368E358DF
[TLS] sign_hash (32): 6739B50FBAAF69300321C9F7A754B64EA58C01C898F96A1786B176EAD9193A23
[TLS] Written transcript to proofs/MSG_TLS_8790782B.out, proofs/SIG_TLS_8790782B.out and proofs/PK_TLS_8790782B.der
Signature verification succeeds
[TLS] Server time: 1619875799
[TLS] client_random  (32): BF461024C09AFB28C5D1E11BF0ABDA04887539274C52C7D4681DFEBB7CEDFFA0
[TLS] sign_hash (32): 0529167B322BA391719F565A4DD44E4A660464A037A8CB9377B5FBE194ECF108
[TLS] Written transcript to proofs/MSG_TLS_BF461024.out, proofs/SIG_TLS_BF461024.out and proofs/PK_TLS_BF461024.der
Signature verification succeeds
[TLS] Server time: 1619875799
[TLS] client_random  (32): BC55A275688311790E626BA11F5051E91858719C2CD960721EB4807D6C290FD1
[TLS] sign_hash (32): 4A303B4E7C2AAF36CA3260F7B148F0DDEE194F03A1221CFAF4DCFD71BE01CDA8
[TLS] Written transcript to proofs/MSG_TLS_BC55A275.out, proofs/SIG_TLS_BC55A275.out and proofs/PK_TLS_BC55A275.der
Signature verification succeeds
[TLS] Server time: 1619875799
[TLS] client_random  (32): 6774D6D77C53B2635BADEE4BC2B5E7AF662018D35154B956A22BDBC4BAD27594
[TLS] sign_hash (32): 308873546D1C80163188DC7F5FFAB3C529CEB23B8D2077E22DA1C789927A5668
[TLS] Written transcript to proofs/MSG_TLS_6774D6D7.out, proofs/SIG_TLS_6774D6D7.out and proofs/PK_TLS_6774D6D7.der
Signature verification succeeds
[TLS] Server time: 1619875799
[TLS] client_random  (32): CC95D279CF1B3FC88524706667B0092B8DB828CA8BC05F036EDBF01D21ACA82B
[TLS] sign_hash (32): FA0A6E93FCCEC3FF605C6D878A09741E34376435F41DF5E59F9435F5ED3025CB
[TLS] Written transcript to proofs/MSG_TLS_CC95D279.out, proofs/SIG_TLS_CC95D279.out and proofs/PK_TLS_CC95D279.der
Signature verification succeeds
[TLS] Server time: 1619875799
[TLS] client_random  (32): 9E52CAF9736A42F93834D7FF9A1F0F94A5571B88AE8ACE879C85961472D0DF43
[TLS] sign_hash (32): F60DAC6280DA0E9CE18B47981929407CE050FC5E73ED07C247473A30757FB367
[TLS] Written transcript to proofs/MSG_TLS_9E52CAF9.out, proofs/SIG_TLS_9E52CAF9.out and proofs/PK_TLS_9E52CAF9.der
Signature verification succeeds
[TLS] Server time: 1619875799
[TLS] client_random  (32): 835A3C924DAD6F59E0D014FB1940C3EE7D4FA4F9DE756A9EB4B9366D068FB315
[TLS] sign_hash (32): 76BF469BAA18F4BD4FB00876149263182CD89567CA2732F6E6D451D2F1B7EBEF
[TLS] Written transcript to proofs/MSG_TLS_835A3C92.out, proofs/SIG_TLS_835A3C92.out and proofs/PK_TLS_835A3C92.der
Signature verification succeeds
[TLS] Server time: 1619875799
[TLS] client_random  (32): CA8260E42FB1358C8AB8200C6C022E0B084AB9153B0C5C91569343356D059D53
[TLS] sign_hash (32): EF90305050EB968DC24A384E9F89DFB24B2192D6D48718703A7FA0AF79655D4A
[TLS] Written transcript to proofs/MSG_TLS_CA8260E4.out, proofs/SIG_TLS_CA8260E4.out and proofs/PK_TLS_CA8260E4.der
Signature verification succeeds
[TLS] Server time: 1619875799
[TLS] client_random  (32): ECB98D7D72C3390883F22E96B27F849405C61A5F39255C7179DC3C8CE8250EE5
[TLS] sign_hash (32): 5EF6613ECECE66CB5339A43291CB9AC49E7F33A6EF609D9AEEF958F6FDC8EC5F
[TLS] Written transcript to proofs/MSG_TLS_ECB98D7D.out, proofs/SIG_TLS_ECB98D7D.out and proofs/PK_TLS_ECB98D7D.der
Signature verification succeeds
[TLS] Server time: 1619875800
[TLS] client_random  (32): DB32D2A1AB7684A4E7F6E6514BE9EB59F91BD3BBBECC865C83285EBE2A87684A
[TLS] sign_hash (32): 83A66DB8DA6542CF76C2A79D8533C1CA438EC8EEDA77835AE271A1B54BF78289
[TLS] Written transcript to proofs/MSG_TLS_DB32D2A1.out, proofs/SIG_TLS_DB32D2A1.out and proofs/PK_TLS_DB32D2A1.der
Signature verification succeeds
[TLS] Server time: 1619875800
[TLS] client_random  (32): 944FB7EDD72FB7504F0554DB3050233A0A78C9FFCCB3600368ACF776E1F9713C
[TLS] sign_hash (32): C5FDE5E21878A0D63F8FFEA0278D8767D40AAAAFCC74E5F9BE054002F38A7DB4
[TLS] Written transcript to proofs/MSG_TLS_944FB7ED.out, proofs/SIG_TLS_944FB7ED.out and proofs/PK_TLS_944FB7ED.der
Signature verification succeeds
[TLS] Server time: 1619875800
[TLS] client_random  (32): 7DDD7443A19312FD397FDFBB3EFE67758DCA3707B4B9FD0791DFFAE653A7A6B7
[TLS] sign_hash (32): 5386DA892336FD05A5FF934D0097A492F394F8711B0DD86CCE47AC4C9BE819A6
[TLS] Written transcript to proofs/MSG_TLS_7DDD7443.out, proofs/SIG_TLS_7DDD7443.out and proofs/PK_TLS_7DDD7443.der
Signature verification succeeds
[TLS] Server time: 1619875800
[TLS] client_random  (32): 5A98E10C92E0C863750B6ACF76286892776A403FDA678666AFC565DBB16171D6
[TLS] sign_hash (32): 5661B275269F6454C9326C7879BFB42E91EC74C47F0DC72766A7E4699B3677C0
[TLS] Written transcript to proofs/MSG_TLS_5A98E10C.out, proofs/SIG_TLS_5A98E10C.out and proofs/PK_TLS_5A98E10C.der
Signature verification succeeds
[TLS] Server time: 1619875800
[TLS] client_random  (32): E58B706C4428E5C0506AF4DAEDDB18FC2C56C9917220E5C994E66B98AC991FC1
[TLS] sign_hash (32): E80665C54D30D86A2DD08448AFC7A862C16C5BFF39CF668A5743C3E51B184C11
[TLS] Written transcript to proofs/MSG_TLS_E58B706C.out, proofs/SIG_TLS_E58B706C.out and proofs/PK_TLS_E58B706C.der
Signature verification succeeds
[TLS] Server time: 1619875800
[TLS] client_random  (32): EB77D68E853699AA56D93950A9D5BC6856B5A41D8BC684C2A4898313B874F42D
[TLS] sign_hash (32): D05660849EFB588D072AE4AA3F5092BF826EDDA2C2958095A68F81710624DA97
[TLS] Written transcript to proofs/MSG_TLS_EB77D68E.out, proofs/SIG_TLS_EB77D68E.out and proofs/PK_TLS_EB77D68E.der
Signature verification succeeds
[TLS] Server time: 1619875800
[TLS] client_random  (32): B435AA4F2902E32D775FACEF148214A2F26248732AEB34FCA2FBE99F7ED15192
[TLS] sign_hash (32): 658732D92C5D3B8CDF1AAE10409F07C2435AB8A13F89DCBD6EB746969FDE67F9
[TLS] Written transcript to proofs/MSG_TLS_B435AA4F.out, proofs/SIG_TLS_B435AA4F.out and proofs/PK_TLS_B435AA4F.der
Signature verification succeeds
[TLS] Server time: 1619875800
[TLS] client_random  (32): B3689B7E07F6232755B6C39DF7EDAD55CB7D0CA910F7AABF7352758477DA63EA
[TLS] sign_hash (32): 5CDCDAB206CDDDB5B0E86A9E0173FFD284F7C0123923039F8602A19E382E5054
[TLS] Written transcript to proofs/MSG_TLS_B3689B7E.out, proofs/SIG_TLS_B3689B7E.out and proofs/PK_TLS_B3689B7E.der
Signature verification succeeds
[TLS] Server time: 1619875800
[TLS] client_random  (32): 000A99D7164C90C0C4AD5F520157D1931C6990CCEA4F8923AD61A19BD8163651
[TLS] sign_hash (32): 863B2D294D1E3EAA470056560A96736765383110A92CBAA36CA7FC079855DA3E
[TLS] Written transcript to proofs/MSG_TLS_000A99D7.out, proofs/SIG_TLS_000A99D7.out and proofs/PK_TLS_000A99D7.der
Signature verification succeeds
[TLS] Server time: 1619875800
[TLS] client_random  (32): C0727CC2006EE45711034D5931C3286B62BC231EECB4E3975D326112E31A696E
[TLS] sign_hash (32): FE8C5110EC3B5EF317F104706A72FC252391B795CAA4F96B9ED08D594FFC24E9
[TLS] Written transcript to proofs/MSG_TLS_C0727CC2.out, proofs/SIG_TLS_C0727CC2.out and proofs/PK_TLS_C0727CC2.der
Signature verification succeeds
[TLS] Server time: 1619875800
[TLS] client_random  (32): 684589E7F3681CD0EF89B4B3DB4FFF5BDB61BD8CF5AB030A184FAA2E4A0ECB1D
[TLS] sign_hash (32): 69B91B2309032B9B424A1E46C79593B3E43C16D6B8B7D3876A93A22458869CC4
[TLS] Written transcript to proofs/MSG_TLS_684589E7.out, proofs/SIG_TLS_684589E7.out and proofs/PK_TLS_684589E7.der
Signature verification succeeds
[TLS] Server time: 1619875800
[TLS] client_random  (32): A7152405C9EA6F15B59356683A8E8A7F2981092F032118B4B72F2B6289EF2C60
[TLS] sign_hash (32): 29C2C6EA5038FEEDCC33861A486AF62208587BBE8E64A095768E1C6731DA73B3
[TLS] Written transcript to proofs/MSG_TLS_A7152405.out, proofs/SIG_TLS_A7152405.out and proofs/PK_TLS_A7152405.der
Signature verification succeeds
[TLS] Server time: 1619875800
[TLS] client_random  (32): 1110FD974CF1BBBF2F6B52460A43D77A7ED8963746CF038914FC021457F7BA0E
[TLS] sign_hash (32): CC7CB434B446CEDE2E9795285A3902AB1D3F5761FF570D07C679ED633E608044
[TLS] Written transcript to proofs/MSG_TLS_1110FD97.out, proofs/SIG_TLS_1110FD97.out and proofs/PK_TLS_1110FD97.der
Signature verification succeeds
[TLS] Server time: 1619875800
[TLS] client_random  (32): 5D2362E3F2C4A1E656621990F2F3F63FD53D75F4E4BB1262D486622D9DDBD541
[TLS] sign_hash (32): 049A7E492CD238A63B797E3FD4F06C93BE1642AB93D786BD0D310208AD1A7545
[TLS] Written transcript to proofs/MSG_TLS_5D2362E3.out, proofs/SIG_TLS_5D2362E3.out and proofs/PK_TLS_5D2362E3.der
Signature verification succeeds
[TLS] Server time: 1619875800
[TLS] client_random  (32): B3B6B640D1343415E510A5BFFBB4D20B126CEFAA4168A923DD48B2A370DB0297
[TLS] sign_hash (32): A4BB87799E6B57AB22D9918CDC6DF4BB141D4B3AC408A54EB99E7E30486E8934
[TLS] Written transcript to proofs/MSG_TLS_B3B6B640.out, proofs/SIG_TLS_B3B6B640.out and proofs/PK_TLS_B3B6B640.der
Signature verification succeeds
[TLS] Server time: 1619875800
[TLS] client_random  (32): DB7C67736BB958113B00CEEF6EAC18AFF409CAA608BA5F1421DAA2936570318E
[TLS] sign_hash (32): 96B8B89521A68BC412DD8F20F1C537A9FFA60B7E8F445855A07EF06CFA5D1FFF
[TLS] Written transcript to proofs/MSG_TLS_DB7C6773.out, proofs/SIG_TLS_DB7C6773.out and proofs/PK_TLS_DB7C6773.der
Signature verification succeeds
[TLS] Server time: 1619875800
[TLS] client_random  (32): BEB75BEC1365C6C1C38DFBB2B7D1EC9FEA575B160411DCDB6CDE551426566340
[TLS] sign_hash (32): 5454E7E8880164EDDF9BB9332E296161B671795981148EA993E60C955BAC19B8
[TLS] Written transcript to proofs/MSG_TLS_BEB75BEC.out, proofs/SIG_TLS_BEB75BEC.out and proofs/PK_TLS_BEB75BEC.der
Signature verification succeeds
[TLS] Server time: 1619875800
[TLS] client_random  (32): EEB4DF72DD616F23F6838A88C348EB98B1DA3FBBABB18146BB71DAA39ADD4E49
[TLS] sign_hash (32): 2992283054271AFE328F0BDA139498FEA5CE1A8C2033ABAE30D3820785C6A94C
[TLS] Written transcript to proofs/MSG_TLS_EEB4DF72.out, proofs/SIG_TLS_EEB4DF72.out and proofs/PK_TLS_EEB4DF72.der
Signature verification succeeds
[TLS] Server time: 1619875800
[TLS] client_random  (32): 5264FE97FED975CC00B9DC9C6DC14D90B5B49D5C7774C624ECE804B85D2F1A66
[TLS] sign_hash (32): 5FF4B0C7D497767861DC3EAAAADE11B5AC2000E5C13672D0B3CF6E1E79C66EB9
[TLS] Written transcript to proofs/MSG_TLS_5264FE97.out, proofs/SIG_TLS_5264FE97.out and proofs/PK_TLS_5264FE97.der
Signature verification succeeds
[TLS] Server time: 1619875800
[TLS] client_random  (32): C944D1247860B3DB98D26693FC00A96F14D46AF57E074F1A51DA293B6190F96F
[TLS] sign_hash (32): A2DB3C9CD893130459E5B14EB18E2EE752A13CBC483FB3B4B2978B4CCC5C93D0
[TLS] Written transcript to proofs/MSG_TLS_C944D124.out, proofs/SIG_TLS_C944D124.out and proofs/PK_TLS_C944D124.der
Signature verification succeeds
[TLS] Server time: 1619875800
[TLS] client_random  (32): 1B8AAF41CC5F595E72A76DC1B36C35AA350323A94AA1DF4645A548C21979F29D
[TLS] sign_hash (32): 20AC2C01252A8AA6A33CC17201415C5312C1E0FFA4703A4618AF64FAA9821C5E
[TLS] Written transcript to proofs/MSG_TLS_1B8AAF41.out, proofs/SIG_TLS_1B8AAF41.out and proofs/PK_TLS_1B8AAF41.der
Signature verification succeeds
[TLS] Server time: 1619875800
[TLS] client_random  (32): 0BE750EEB7D7DDF493762459DB48D824E8E8060F6FA9B1B48BECF8D6D49FB35F
[TLS] sign_hash (32): 45177C25706AF3274347487D51969DAB87572D4FA9FFC3A6C4057D0C762B299B
[TLS] Written transcript to proofs/MSG_TLS_0BE750EE.out, proofs/SIG_TLS_0BE750EE.out and proofs/PK_TLS_0BE750EE.der
Signature verification succeeds
[TLS] Server time: 1619875800
[TLS] client_random  (32): 84852E6E6B0CA31A4AE893E47E5EDC572DE848664E2028A107E69122D5A67E55
[TLS] sign_hash (32): 4EAC49831012A4B29EC76E8CBEEDE77521D7343293028C1DEBD4D783B3FE7EE5
[TLS] Written transcript to proofs/MSG_TLS_84852E6E.out, proofs/SIG_TLS_84852E6E.out and proofs/PK_TLS_84852E6E.der
Signature verification succeeds
[TLS] Server time: 1619875800
[TLS] client_random  (32): 5AA3E8A20000355E6E1DFA672F2CBFB25014341F161E644EC9E882AC76EA5847
[TLS] sign_hash (32): 082B6F9B206099CC0DF938E5B8FE4F37582726370C527A91D2308E99EB9A8200
[TLS] Written transcript to proofs/MSG_TLS_5AA3E8A2.out, proofs/SIG_TLS_5AA3E8A2.out and proofs/PK_TLS_5AA3E8A2.der
Signature verification succeeds
[TLS] Server time: 1619875800
[TLS] client_random  (32): 1E4AEC46AA81CEDEC5A66E56F908D2AEB170AA3D6AC1B216EC15D7DBB5E721BD
[TLS] sign_hash (32): 9EA1781F2E3750656FBD4F381516286963E1B82404B6C55F71F57F034C7A8766
[TLS] Written transcript to proofs/MSG_TLS_1E4AEC46.out, proofs/SIG_TLS_1E4AEC46.out and proofs/PK_TLS_1E4AEC46.der
Signature verification succeeds
[TLS] Server time: 1619875800
[TLS] client_random  (32): AFE863565D3C26953083625F8F7EE7EA6708E02DF561878920E130DAA54CBD72
[TLS] sign_hash (32): 3F330BDFFF701CEFC9EB4F974B7FB3E9170E8C1F957E28E3AFA6E45E3393AC7A
[TLS] Written transcript to proofs/MSG_TLS_AFE86356.out, proofs/SIG_TLS_AFE86356.out and proofs/PK_TLS_AFE86356.der
Signature verification succeeds
[TLS] Server time: 1619875800
[TLS] client_random  (32): C194D6B0B7B5B8110A366964BC9F075FFB19A377D4457FA99DB5BB34488132EC
[TLS] sign_hash (32): 821B3AA0BE183BD479B3020DE53AE12E540C3ABB8B4060973ACEE264C81C5A0C
[TLS] Written transcript to proofs/MSG_TLS_C194D6B0.out, proofs/SIG_TLS_C194D6B0.out and proofs/PK_TLS_C194D6B0.der
Signature verification succeeds
[TLS] Server time: 1619875800
[TLS] client_random  (32): 3EC38D385D0C2EC3F1CB56B46FEBD70D545790932F530645BDA1B7AECC5024D8
[TLS] sign_hash (32): 8FA36D0FB3C07D35D18802474C619391ECEF4240C8D0F255091690D63B06ECF6
[TLS] Written transcript to proofs/MSG_TLS_3EC38D38.out, proofs/SIG_TLS_3EC38D38.out and proofs/PK_TLS_3EC38D38.der
Signature verification succeeds
Time breakdown (averages): anchor_ping:7.556673 file_read:0.136177 hashing:0.470677
Total time for 123 rounds is 1011.678635ms
Standard deviations: anchor_ping:0.430111 file_read:0.011568 hashing:0.004466
[Client-side ops] mean:0.606854 sd:0.012260
in & out anchor rand written to proofs/phase1.out
     96 [TLS] Server time: 1619875799
     28 [TLS] Server time: 1619875800
Count is 96
Count is 28
success: 1
RESULT: 1 in 1 tries
