TLS anchor: www.american.edu
Actual: 60, Set: 123
Beginning execution at Tue Apr 27 15:00:01 UTC 2021
CONF: anchor:www.american.edu fs:1024MB n_rounds:123 seed:5c9f4bf9bbc15bb855f82faedc5a52fc3ab2dfa8ec3ba3ce1b270f31fa0cced2 filename:FILE bs:1024 nops:100 benchmarking:0 anchor_ping:1 queue_depth:32 direct:0
[TLS] Connecting to www.american.edu
[TLS] Server time: 1619535600
[TLS] client_random  (32): 5C9F4BF9BBC15BB855F82FAEDC5A52FC3AB2DFA8EC3BA3CE1B270F31FA0CCED2
[TLS] sign_hash (32): 4D71352CEA8B0E4D8D34AB8CE6141792DCB7BD7A118CE220E2DF31BBE53739E2
[TLS] Written transcript to proofs/MSG_TLS_5C9F4BF9.out, proofs/SIG_TLS_5C9F4BF9.out and proofs/PK_TLS_5C9F4BF9.der
Signature verification succeeds
[TLS] Server time: 1619535600
[TLS] client_random  (32): C8862442479A2917EB8BA327940AB89B672C557B0A475D213841C7738BAFBE55
[TLS] sign_hash (32): 23D86BB88ECF004AE28DCCFFB86AEC4EB4E1E6B4D0B268C6AEF35F81C174999B
[TLS] Written transcript to proofs/MSG_TLS_C8862442.out, proofs/SIG_TLS_C8862442.out and proofs/PK_TLS_C8862442.der
Signature verification succeeds
[TLS] Server time: 1619535600
[TLS] client_random  (32): 973E0FE3CF329D72A3DC5194C35CE46B371A0290942A42B069BD43701CE638DC
[TLS] sign_hash (32): 910FD13EC5E949A6A78759FA1E2437707C356379946492D29CE98BFB51BE3E05
[TLS] Written transcript to proofs/MSG_TLS_973E0FE3.out, proofs/SIG_TLS_973E0FE3.out and proofs/PK_TLS_973E0FE3.der
Signature verification succeeds
[TLS] Server time: 1619535600
[TLS] client_random  (32): 8C22926305291EC5F3145CE586563304C427F432A2FFE1B7C949E72C14826C0C
[TLS] sign_hash (32): BC9DFE9ACB68B0B194AAD86206F3F6F572F5EF88DB016BC623BDE401FAA826AA
[TLS] Written transcript to proofs/MSG_TLS_8C229263.out, proofs/SIG_TLS_8C229263.out and proofs/PK_TLS_8C229263.der
Signature verification succeeds
[TLS] Server time: 1619535600
[TLS] client_random  (32): 3B7A450E420BC878DB88529714081AEACDC29E48472900D6F0747159D4AC221E
[TLS] sign_hash (32): 4DC046C155AF5CF1A19580F3E8094CC3573138849BFFB739F9418B55049CD3C8
[TLS] Written transcript to proofs/MSG_TLS_3B7A450E.out, proofs/SIG_TLS_3B7A450E.out and proofs/PK_TLS_3B7A450E.der
Signature verification succeeds
[TLS] Server time: 1619535600
[TLS] client_random  (32): 571D98F86EFDC6C9507BB3683E82FFEE725432E6E8365D163B59EFF4774453F7
[TLS] sign_hash (32): 966E29A3C61B3E5A8944AE979A2492988E4BE947CB90ECABE1305864184A93F7
[TLS] Written transcript to proofs/MSG_TLS_571D98F8.out, proofs/SIG_TLS_571D98F8.out and proofs/PK_TLS_571D98F8.der
Signature verification succeeds
[TLS] Server time: 1619535600
[TLS] client_random  (32): 1585809D3C4FC21EA43CE2C133E28FDB86AC282028D90E3615E0E94586860D74
[TLS] sign_hash (32): C4AC3CE4276D233AB8AF7F3949D00940316711D8DEEBC01D7C4D5490BF798816
[TLS] Written transcript to proofs/MSG_TLS_1585809D.out, proofs/SIG_TLS_1585809D.out and proofs/PK_TLS_1585809D.der
Signature verification succeeds
[TLS] Server time: 1619535600
[TLS] client_random  (32): 39E021BDF7BCE7E7D7EB99810B14101DFB11EC5A601581D5882876DAC2CF3418
[TLS] sign_hash (32): 57A530F723BB6F0F199DD072A67F89DC0F6C0BB5371AABB9158120DEC172C047
[TLS] Written transcript to proofs/MSG_TLS_39E021BD.out, proofs/SIG_TLS_39E021BD.out and proofs/PK_TLS_39E021BD.der
Signature verification succeeds
[TLS] Server time: 1619535600
[TLS] client_random  (32): 3BA2542D77B8FF9F7E48B3DD3BF9D4FA87A021A1B683FBD17C30F3879DFCFDCF
[TLS] sign_hash (32): 5BD77B55E8B5D2F86F514FE3767200CB3550CB935551BB05DDE4C6F27C54BE7D
[TLS] Written transcript to proofs/MSG_TLS_3BA2542D.out, proofs/SIG_TLS_3BA2542D.out and proofs/PK_TLS_3BA2542D.der
Signature verification succeeds
[TLS] Server time: 1619535600
[TLS] client_random  (32): F9CF338E4CA47D7DF3671D48E4858D110D4BFFC9E91BA61438003FE9F6076DF9
[TLS] sign_hash (32): 93C84070B1090E316B8CC1EE24824B25DC48B250506ACC135AC12A85A3F07BEE
[TLS] Written transcript to proofs/MSG_TLS_F9CF338E.out, proofs/SIG_TLS_F9CF338E.out and proofs/PK_TLS_F9CF338E.der
Signature verification succeeds
[TLS] Server time: 1619535600
[TLS] client_random  (32): 078F8EA96D66EBBA6CE244D56732FCFA02A2D358BD82CA629FE9A877DC2C57A9
[TLS] sign_hash (32): 4AE1774B6EBB2BFE35168561F42CE054C805A08E6D9A42240455FF4D79138FE8
[TLS] Written transcript to proofs/MSG_TLS_078F8EA9.out, proofs/SIG_TLS_078F8EA9.out and proofs/PK_TLS_078F8EA9.der
Signature verification succeeds
[TLS] Server time: 1619535600
[TLS] client_random  (32): 9410C99E593D70806BD538B90C02123495B59EA55BAF4788CFEC00C7DE6293B5
[TLS] sign_hash (32): 27024A3BF27392E677CA3FB5B95AFA38D094CC2396362A72FFBF5DF8D5BA6624
[TLS] Written transcript to proofs/MSG_TLS_9410C99E.out, proofs/SIG_TLS_9410C99E.out and proofs/PK_TLS_9410C99E.der
Signature verification succeeds
[TLS] Server time: 1619535600
[TLS] client_random  (32): 5E3289EC26EC9CD889216939E9902E261E6E4E1F1DF9111010E0C4809FEA6B1B
[TLS] sign_hash (32): D79B2EE34824B3B9009BB955A84EE41D594E9779BF29B96AE8BCC2341A8E0AF3
[TLS] Written transcript to proofs/MSG_TLS_5E3289EC.out, proofs/SIG_TLS_5E3289EC.out and proofs/PK_TLS_5E3289EC.der
Signature verification succeeds
[TLS] Server time: 1619535600
[TLS] client_random  (32): C9881689D6E71177DFBAB3787D362E7C8FAED4E5937C4CB729DC51B9AFE75C2C
[TLS] sign_hash (32): 7690D4641C6372524F56FD01D5539935C47B7C60EE817071FB1754C7EEC7147F
[TLS] Written transcript to proofs/MSG_TLS_C9881689.out, proofs/SIG_TLS_C9881689.out and proofs/PK_TLS_C9881689.der
Signature verification succeeds
[TLS] Server time: 1619535600
[TLS] client_random  (32): 5CB374AA437C5D32B0835A3AC24A670CD508C738DC7FA9BEED8C079CC154B8FC
[TLS] sign_hash (32): 4DB9A44BEA454F5994C9B5BCDECAAF745F441CDD55E37E48D3F5172042813D06
[TLS] Written transcript to proofs/MSG_TLS_5CB374AA.out, proofs/SIG_TLS_5CB374AA.out and proofs/PK_TLS_5CB374AA.der
Signature verification succeeds
[TLS] Server time: 1619535600
[TLS] client_random  (32): 16765511507379CE5D8CD3EF2FD46455E94FED0020BC0944C1D539EA85770A7B
[TLS] sign_hash (32): A5033F34299C21E6C12FBE191572724E31C472C6ACD74B6579FE12FB9A668F5F
[TLS] Written transcript to proofs/MSG_TLS_16765511.out, proofs/SIG_TLS_16765511.out and proofs/PK_TLS_16765511.der
Signature verification succeeds
[TLS] Server time: 1619535600
[TLS] client_random  (32): 45829A37F5414056A215BEBC7B3762846446BAF911C485B6313D5C0F76B9136E
[TLS] sign_hash (32): 1314D93956C5D4BEEDDC603B0826A53B9B20CEEBD49C1051A328217C0D4D9814
[TLS] Written transcript to proofs/MSG_TLS_45829A37.out, proofs/SIG_TLS_45829A37.out and proofs/PK_TLS_45829A37.der
Signature verification succeeds
[TLS] Server time: 1619535600
[TLS] client_random  (32): 10AC8C17D4DE335028BEDF955A6DC9EEA6A91EFCFC7EF1B29CB087D54F345596
[TLS] sign_hash (32): 1A026F5C4DFB2DD2052C35D67A73C83369DDF7915D102684BF52721BA9F1B376
[TLS] Written transcript to proofs/MSG_TLS_10AC8C17.out, proofs/SIG_TLS_10AC8C17.out and proofs/PK_TLS_10AC8C17.der
Signature verification succeeds
[TLS] Server time: 1619535600
[TLS] client_random  (32): 7BBF511FF6067C52FD52BF4314DE05147027A80FDBE77B202941826F59C6332C
[TLS] sign_hash (32): EB758E14E1D13700C349F82C0C549D1130C1E8F0E17531059BB807DF3FE79AAB
[TLS] Written transcript to proofs/MSG_TLS_7BBF511F.out, proofs/SIG_TLS_7BBF511F.out and proofs/PK_TLS_7BBF511F.der
Signature verification succeeds
[TLS] Server time: 1619535600
[TLS] client_random  (32): E82595EA547EDC384D1EFF2A48BF2079F8D961D509005B4C4E775F9A2E7AEC99
[TLS] sign_hash (32): 8D33DAF31A4A43D9694D5F033F8E3B6B1AA51D54E44F2B349893637D97833B02
[TLS] Written transcript to proofs/MSG_TLS_E82595EA.out, proofs/SIG_TLS_E82595EA.out and proofs/PK_TLS_E82595EA.der
Signature verification succeeds
[TLS] Server time: 1619535600
[TLS] client_random  (32): 857197643FB5E332B68A450FCC35BB6321126657D80601561F1204B82BC44086
[TLS] sign_hash (32): 5EDC611F3CCB41666AFA602CE07404758046470AF8149F2B66F4A0381D838A4E
[TLS] Written transcript to proofs/MSG_TLS_85719764.out, proofs/SIG_TLS_85719764.out and proofs/PK_TLS_85719764.der
Signature verification succeeds
[TLS] Server time: 1619535600
[TLS] client_random  (32): 30E5AE75FF1352EFA3D44AADC432B1B9DDF809D03BCF3AE189ED303BE17E5C57
[TLS] sign_hash (32): D34427F5B6C02D819C61797DAEF7B44371AA8F850AF27E6241B67CEF6BA9285A
[TLS] Written transcript to proofs/MSG_TLS_30E5AE75.out, proofs/SIG_TLS_30E5AE75.out and proofs/PK_TLS_30E5AE75.der
Signature verification succeeds
[TLS] Server time: 1619535600
[TLS] client_random  (32): DC144FACE30E74E8A7BC66CDD81E16559EF0CD0F6AE7F8CB6DF5FA30565CF949
[TLS] sign_hash (32): 99844E657FF460A47AA088A944ECE5194DFAD953393BAE879E6C21EEE80C5EBC
[TLS] Written transcript to proofs/MSG_TLS_DC144FAC.out, proofs/SIG_TLS_DC144FAC.out and proofs/PK_TLS_DC144FAC.der
Signature verification succeeds
[TLS] Server time: 1619535600
[TLS] client_random  (32): A493FEBCFC57A18221554D459A63248F179EDD0B336B4217E497DC59EEEB7665
[TLS] sign_hash (32): 7570EE8D3A58872435E44E54A63E8C70974A74462D236EB5439B4E21B3E0670B
[TLS] Written transcript to proofs/MSG_TLS_A493FEBC.out, proofs/SIG_TLS_A493FEBC.out and proofs/PK_TLS_A493FEBC.der
Signature verification succeeds
[TLS] Server time: 1619535600
[TLS] client_random  (32): 07734BC9D639DA6C7436567F079B69499764C4791B2E1EF9A29BEE9068664B40
[TLS] sign_hash (32): 79A25EAB6A2A8BBBBC4552731D5A7F89B1DE632123177C83854FC3FA723B796B
[TLS] Written transcript to proofs/MSG_TLS_07734BC9.out, proofs/SIG_TLS_07734BC9.out and proofs/PK_TLS_07734BC9.der
Signature verification succeeds
[TLS] Server time: 1619535600
[TLS] client_random  (32): CDEC956649AFE72B890C40FDD49DE53899C88474BE978DADD60805DD4BAD8F7F
[TLS] sign_hash (32): 4E9C006F5B99728C34E2842B87E563A94CD2CBEF349792902F0DC4C36FCED762
[TLS] Written transcript to proofs/MSG_TLS_CDEC9566.out, proofs/SIG_TLS_CDEC9566.out and proofs/PK_TLS_CDEC9566.der
Signature verification succeeds
[TLS] Server time: 1619535600
[TLS] client_random  (32): 8A5A4208B741B147FC2DA74E4CAC116B8BF2E99BE00988EB63BE1B3D8006A41B
[TLS] sign_hash (32): F9CA2061AC7D092723D4FB29ECFB72D981A22D9375CED1176A144B56F066370E
[TLS] Written transcript to proofs/MSG_TLS_8A5A4208.out, proofs/SIG_TLS_8A5A4208.out and proofs/PK_TLS_8A5A4208.der
Signature verification succeeds
[TLS] Server time: 1619535600
[TLS] client_random  (32): 05EA022E077DE1D3C7F1806E0A0EEBD4AE6AC29CBAC25433DC9803923AFAE3A3
[TLS] sign_hash (32): 4723DD7D9DA306C769B1020F63AC174250412F95D297D1D4EB71A2571A714F2E
[TLS] Written transcript to proofs/MSG_TLS_05EA022E.out, proofs/SIG_TLS_05EA022E.out and proofs/PK_TLS_05EA022E.der
Signature verification succeeds
[TLS] Server time: 1619535600
[TLS] client_random  (32): D57FD47B656952CB6B5933237EE10408DB8DB41829AFFD8301422E244456F26B
[TLS] sign_hash (32): 8E408D6A086057BB886DE6795E0C74FED7A6AAFD1CA336FD440B53AC8C4F2E46
[TLS] Written transcript to proofs/MSG_TLS_D57FD47B.out, proofs/SIG_TLS_D57FD47B.out and proofs/PK_TLS_D57FD47B.der
Signature verification succeeds
[TLS] Server time: 1619535600
[TLS] client_random  (32): 85765605C1364AD5FE017125CE8736389784FE7CE3B6FE5D5E7AA70029DDD361
[TLS] sign_hash (32): CBD81B9D31C736B7BBA51C76F159C79A7D5FD9A1C8A902177A987981AFB48ED1
[TLS] Written transcript to proofs/MSG_TLS_85765605.out, proofs/SIG_TLS_85765605.out and proofs/PK_TLS_85765605.der
Signature verification succeeds
[TLS] Server time: 1619535600
[TLS] client_random  (32): BB5806B134C325FB5FE6C84A63A8F8683BA777C3F881161EE938EE4DF60F70B2
[TLS] sign_hash (32): 8A7074858C77E6C79BE5DF359CC701E2F9CE7ADD2B2060C231BB71187253CB7E
[TLS] Written transcript to proofs/MSG_TLS_BB5806B1.out, proofs/SIG_TLS_BB5806B1.out and proofs/PK_TLS_BB5806B1.der
Signature verification succeeds
[TLS] Server time: 1619535600
[TLS] client_random  (32): 879A1FADCE965E79363D4BAC4A49D74A1FAD934554B4D2D78CB414FB4965BD07
[TLS] sign_hash (32): 818A4D7C14FBF1E4E82C85459F5ABA28B84FD0E14A296CD38B926557A0287383
[TLS] Written transcript to proofs/MSG_TLS_879A1FAD.out, proofs/SIG_TLS_879A1FAD.out and proofs/PK_TLS_879A1FAD.der
Signature verification succeeds
[TLS] Server time: 1619535600
[TLS] client_random  (32): EB73FD2559B7605FFC64FF1D3DCBFD096F6136BCBF5729BB7219DDCC9295D042
[TLS] sign_hash (32): 55F58661077C06793C3DC8410454AA89D4F3438CE0C002A817F23E9479AB10A8
[TLS] Written transcript to proofs/MSG_TLS_EB73FD25.out, proofs/SIG_TLS_EB73FD25.out and proofs/PK_TLS_EB73FD25.der
Signature verification succeeds
[TLS] Server time: 1619535600
[TLS] client_random  (32): 082F0D22DFAAF50532A05FA219D865C3D9479CC4135FE011A29C611F9DFE769F
[TLS] sign_hash (32): 589868CCCC2CA83AA32B4B80BBAAEC364DBDD142C8ECF71826A6D948AEC20AE5
[TLS] Written transcript to proofs/MSG_TLS_082F0D22.out, proofs/SIG_TLS_082F0D22.out and proofs/PK_TLS_082F0D22.der
Signature verification succeeds
[TLS] Server time: 1619535600
[TLS] client_random  (32): F355D04DC8900E66DCC1ACD993D07F48F2267C6F382CB43F14197BEEE50F3E70
[TLS] sign_hash (32): 5B74A7C65FE2549CFC5E5825672658615691FEA9839F82EBE7958BE6E1135E85
[TLS] Written transcript to proofs/MSG_TLS_F355D04D.out, proofs/SIG_TLS_F355D04D.out and proofs/PK_TLS_F355D04D.der
Signature verification succeeds
[TLS] Server time: 1619535600
[TLS] client_random  (32): AC29D456FC5A2A2C3EE37DAED6113FFC182028A383E0448DED371DA3B442E648
[TLS] sign_hash (32): BDAF4DCA6093FE90388F49D8C54A621F5B5F450F9A81581CB5533AC80E8F256E
[TLS] Written transcript to proofs/MSG_TLS_AC29D456.out, proofs/SIG_TLS_AC29D456.out and proofs/PK_TLS_AC29D456.der
Signature verification succeeds
[TLS] Server time: 1619535600
[TLS] client_random  (32): 2762781D19A03FB4006930093BA66D920DB21A9E8A80B141C14E8C709B06C410
[TLS] sign_hash (32): 9433C7E5088D5B9D49A609198E91826B53EB724B732641FA50060DF35EE0D960
[TLS] Written transcript to proofs/MSG_TLS_2762781D.out, proofs/SIG_TLS_2762781D.out and proofs/PK_TLS_2762781D.der
Signature verification succeeds
[TLS] Server time: 1619535600
[TLS] client_random  (32): 294257CA17CBF17DF434A0DF224912D8ABCA76F983A8E343726077C7C954566E
[TLS] sign_hash (32): 0952BA69D36AC8BC77AB7C5AC1F9E50B2109ECC73641CDA92AE05F17CBC09C3F
[TLS] Written transcript to proofs/MSG_TLS_294257CA.out, proofs/SIG_TLS_294257CA.out and proofs/PK_TLS_294257CA.der
Signature verification succeeds
[TLS] Server time: 1619535600
[TLS] client_random  (32): 9B6BBD9A100AF94A40C485BAF927D37694FBCCE978222BBD46614E60FC381BD7
[TLS] sign_hash (32): EFE314EB09BE094A63706152CEB022E26923D98FF470898AF12E8E5F42BB8454
[TLS] Written transcript to proofs/MSG_TLS_9B6BBD9A.out, proofs/SIG_TLS_9B6BBD9A.out and proofs/PK_TLS_9B6BBD9A.der
Signature verification succeeds
[TLS] Server time: 1619535600
[TLS] client_random  (32): D2FE45D5284DC5DB67EAFAA245312E627294C24877BF3738F4DD5B871A3E489E
[TLS] sign_hash (32): FE8073D69136458A03AD3D30D76A909AA1D8E4C94E46DA6BC0154E9386670240
[TLS] Written transcript to proofs/MSG_TLS_D2FE45D5.out, proofs/SIG_TLS_D2FE45D5.out and proofs/PK_TLS_D2FE45D5.der
Signature verification succeeds
[TLS] Server time: 1619535600
[TLS] client_random  (32): 73384F6165D8ECBB7919112925238AC07F7FDAB9187978B5E87471BD7B3929BD
[TLS] sign_hash (32): 1A1E2D0BB50E0A5ED8025192C11ED358A8775D58D9BE67B5264A426D66C628A6
[TLS] Written transcript to proofs/MSG_TLS_73384F61.out, proofs/SIG_TLS_73384F61.out and proofs/PK_TLS_73384F61.der
Signature verification succeeds
[TLS] Server time: 1619535600
[TLS] client_random  (32): 97142111291F9A346C3960635134191E84D44BA3C70FB19EF253FA6959E7E3B9
[TLS] sign_hash (32): 95272B3D1F1ABF753F5DBA3BF5CF59BB996E03C87F97ABCBB97E608AC174359B
[TLS] Written transcript to proofs/MSG_TLS_97142111.out, proofs/SIG_TLS_97142111.out and proofs/PK_TLS_97142111.der
Signature verification succeeds
[TLS] Server time: 1619535600
[TLS] client_random  (32): 5C6855D756DB6BAC529809D9EF0FF64A7A60F71543686907ECBAD6CB3A5885DC
[TLS] sign_hash (32): 2290143D3624DFE25CB5A8D037D2F6D3BA6DE75687AA2DF0E8E629904C31F6D0
[TLS] Written transcript to proofs/MSG_TLS_5C6855D7.out, proofs/SIG_TLS_5C6855D7.out and proofs/PK_TLS_5C6855D7.der
Signature verification succeeds
[TLS] Server time: 1619535600
[TLS] client_random  (32): 57D59F069B0B31C77136E9E7475F779E03B82926681A3D83E6284C733E09A83B
[TLS] sign_hash (32): B154A14805863C43EA30425E97AEF05CEEF991FFA73D09AE09DFA5B97317B6C9
[TLS] Written transcript to proofs/MSG_TLS_57D59F06.out, proofs/SIG_TLS_57D59F06.out and proofs/PK_TLS_57D59F06.der
Signature verification succeeds
[TLS] Server time: 1619535600
[TLS] client_random  (32): 978D66FE45B9AA0DE76B8FC82B340E05F07BBAA773B4DCE755ECF57AA281130A
[TLS] sign_hash (32): BE77E19A7EFC745C81079C6B112E0EBCBC911FD7D4BE25A5B2E3D8EACE17388A
[TLS] Written transcript to proofs/MSG_TLS_978D66FE.out, proofs/SIG_TLS_978D66FE.out and proofs/PK_TLS_978D66FE.der
Signature verification succeeds
[TLS] Server time: 1619535600
[TLS] client_random  (32): 55555D92A38BAD3DD320B7A92391544D105C27CFC592E13CCA34F4FC8DCD4C6C
[TLS] sign_hash (32): CD411F73DA59DACA5C3CCAAAC0E3CC4591ADC13262BD4DB66B1C0E631D6F5E6C
[TLS] Written transcript to proofs/MSG_TLS_55555D92.out, proofs/SIG_TLS_55555D92.out and proofs/PK_TLS_55555D92.der
Signature verification succeeds
[TLS] Server time: 1619535600
[TLS] client_random  (32): A8D1C16367EA6EC1CCBBB309C6F437F50157D58C6BB2B25798F6F9E3671639D0
[TLS] sign_hash (32): 15A9FB7CFAF980C18960B643D9D70122534AF0C69B27C92025CA89902FB9C1E6
[TLS] Written transcript to proofs/MSG_TLS_A8D1C163.out, proofs/SIG_TLS_A8D1C163.out and proofs/PK_TLS_A8D1C163.der
Signature verification succeeds
[TLS] Server time: 1619535600
[TLS] client_random  (32): F3B0D4BCFEE0DDEDF3570C9CFB116B1C855CDD874D0FB654032F9CFF1295DF4C
[TLS] sign_hash (32): 59357044A39B4AF53E5ABFA174368450F5E2B868AA8FE125B8499D22419DC16C
[TLS] Written transcript to proofs/MSG_TLS_F3B0D4BC.out, proofs/SIG_TLS_F3B0D4BC.out and proofs/PK_TLS_F3B0D4BC.der
Signature verification succeeds
[TLS] Server time: 1619535600
[TLS] client_random  (32): C53E196F2A164C999D0A9CDF51DF500ACC5BA070E24CA39BF3EBC9DE71F5E3A6
[TLS] sign_hash (32): D50C10ABA06E62294006A90162C95F8BB02E64D443AD36D0B2550EC8CD0FABD4
[TLS] Written transcript to proofs/MSG_TLS_C53E196F.out, proofs/SIG_TLS_C53E196F.out and proofs/PK_TLS_C53E196F.der
Signature verification succeeds
[TLS] Server time: 1619535600
[TLS] client_random  (32): C142C018507526734627A9D585FBDD9B1274233CB5785D07D567854343127B2F
[TLS] sign_hash (32): 57161B0492F268C6C5BC8DB4A717A9AFC576F857BDD301D04A88F19A2B24C889
[TLS] Written transcript to proofs/MSG_TLS_C142C018.out, proofs/SIG_TLS_C142C018.out and proofs/PK_TLS_C142C018.der
Signature verification succeeds
[TLS] Server time: 1619535600
[TLS] client_random  (32): 7F087ABBEBD73EE99005B06F9044F556F9587ACBA0A31FED8166393A4FD94C33
[TLS] sign_hash (32): 5EBD1B50533F447C42CA3F7771BCDF41B07005D1C2DA7DC20110D1722E1DF5F4
[TLS] Written transcript to proofs/MSG_TLS_7F087ABB.out, proofs/SIG_TLS_7F087ABB.out and proofs/PK_TLS_7F087ABB.der
Signature verification succeeds
[TLS] Server time: 1619535600
[TLS] client_random  (32): C0625BFDE56A39D5E8C87F4AADB6E90E05C4D75615E438A64D21A19CB1CDAF43
[TLS] sign_hash (32): BDAEC3B6BCE7A7B62C551D7D95DC378FFCC44B7E6B280826F72F1867BBCFF9AD
[TLS] Written transcript to proofs/MSG_TLS_C0625BFD.out, proofs/SIG_TLS_C0625BFD.out and proofs/PK_TLS_C0625BFD.der
Signature verification succeeds
[TLS] Server time: 1619535600
[TLS] client_random  (32): B751EDA96052E781015CE48E14DAE5A02E29DE1C9919EDFF2F6D242D55C30A2B
[TLS] sign_hash (32): CF3FCD27907EC0C516B1F11B43C5D4F2218DE0672FA213A6E968C98F2C9C6941
[TLS] Written transcript to proofs/MSG_TLS_B751EDA9.out, proofs/SIG_TLS_B751EDA9.out and proofs/PK_TLS_B751EDA9.der
Signature verification succeeds
[TLS] Server time: 1619535600
[TLS] client_random  (32): E146D82C3018CD08ACD2A9B4FDE1F27AA9A2FAD653719FA2C398E20D1D186DE1
[TLS] sign_hash (32): 6B9CB9CEBE1869A03A9FF473FA155EDB03BEBA3DE21B4D7368DF3AF72AD7F248
[TLS] Written transcript to proofs/MSG_TLS_E146D82C.out, proofs/SIG_TLS_E146D82C.out and proofs/PK_TLS_E146D82C.der
Signature verification succeeds
[TLS] Server time: 1619535600
[TLS] client_random  (32): CF46032F5E6F03FABA9669AB7A64159DE9C809150AA7E61A760F25C4BB03F2F3
[TLS] sign_hash (32): 143B9D2D594BB70ED8B4A3DF45BE4C91CE326BA20DE992A9994323B2DA7D05C9
[TLS] Written transcript to proofs/MSG_TLS_CF46032F.out, proofs/SIG_TLS_CF46032F.out and proofs/PK_TLS_CF46032F.der
Signature verification succeeds
[TLS] Server time: 1619535600
[TLS] client_random  (32): 5775F4F19CE439B72270B365C8DB54FA274C54699D868E4ABAC7BD96C579C73F
[TLS] sign_hash (32): 3CF4F573E6166C94743122EDD427874B943942BEC69394440567920525C57300
[TLS] Written transcript to proofs/MSG_TLS_5775F4F1.out, proofs/SIG_TLS_5775F4F1.out and proofs/PK_TLS_5775F4F1.der
Signature verification succeeds
[TLS] Server time: 1619535600
[TLS] client_random  (32): 97B00400B56E515C9A810FA53C621E3B6AB116CB0529C00CA20CB0D843EED1F6
[TLS] sign_hash (32): 4E2574E24E7B6EF35DBD66E38E3FA4A15CC3F50E937C229EBAF4D3680F58A2D9
[TLS] Written transcript to proofs/MSG_TLS_97B00400.out, proofs/SIG_TLS_97B00400.out and proofs/PK_TLS_97B00400.der
Signature verification succeeds
[TLS] Server time: 1619535600
[TLS] client_random  (32): 8750B1C3E6912D94086B228DA168925385F502E1DB5DDA7F428CC7F60CBE6A91
[TLS] sign_hash (32): 3573FB65EC13D74C9886A8F164BF98EC6ABB15D939AC072404D8F2A72CA056B6
[TLS] Written transcript to proofs/MSG_TLS_8750B1C3.out, proofs/SIG_TLS_8750B1C3.out and proofs/PK_TLS_8750B1C3.der
Signature verification succeeds
[TLS] Server time: 1619535600
[TLS] client_random  (32): 2604547DDF50B38C9CE6EDDFFE4E06C249D785F9FDB6B332A04E2D738F6FD245
[TLS] sign_hash (32): 4A04754B1A1243FE8992935D43CE6800FF3AD53B711653C9E47AB7CD3D27103B
[TLS] Written transcript to proofs/MSG_TLS_2604547D.out, proofs/SIG_TLS_2604547D.out and proofs/PK_TLS_2604547D.der
Signature verification succeeds
[TLS] Server time: 1619535600
[TLS] client_random  (32): 2AC92D9A39DDCF9166CE42CC1B567C5C73FC637F643F076275114C29C3A820FA
[TLS] sign_hash (32): D1A19A71CE2447225E95B9CDBD5C8B3842B8961565FD2D874EEDA25BED5B9ED1
[TLS] Written transcript to proofs/MSG_TLS_2AC92D9A.out, proofs/SIG_TLS_2AC92D9A.out and proofs/PK_TLS_2AC92D9A.der
Signature verification succeeds
[TLS] Server time: 1619535600
[TLS] client_random  (32): 8FE9AFB6E1518EB8AA15DF6074DE36C7D701492FB3EAF442AA3D6F3E40077448
[TLS] sign_hash (32): E2AECD862E87FB940139449AF1B2A3797FA1DDB1D1E27783C0C2A8238E00062F
[TLS] Written transcript to proofs/MSG_TLS_8FE9AFB6.out, proofs/SIG_TLS_8FE9AFB6.out and proofs/PK_TLS_8FE9AFB6.der
Signature verification succeeds
[TLS] Server time: 1619535600
[TLS] client_random  (32): 62C4EAE30C08C77CAFF1A83FE38D23B1E9C010908FE2EE18BB8C7FABF8FB6DBE
[TLS] sign_hash (32): A1728E41E5F988723A5C17BE12B637A72EE4808AA4153F6D9D4BB8D60962F385
[TLS] Written transcript to proofs/MSG_TLS_62C4EAE3.out, proofs/SIG_TLS_62C4EAE3.out and proofs/PK_TLS_62C4EAE3.der
Signature verification succeeds
[TLS] Server time: 1619535600
[TLS] client_random  (32): 8B36AD00EAD159D1B977C537A08049D6AF5E813808A3B71F9226F788090023F6
[TLS] sign_hash (32): E11A35A9B70CE6AF18F52095EF4EC26B9DE39ACA610736DAF33BCE74C4F71E66
[TLS] Written transcript to proofs/MSG_TLS_8B36AD00.out, proofs/SIG_TLS_8B36AD00.out and proofs/PK_TLS_8B36AD00.der
Signature verification succeeds
[TLS] Server time: 1619535600
[TLS] client_random  (32): A1A2F43CD8C0A5A67602329D592E94CB028BE07EC8FB9078CE2C4E55C2B56A24
[TLS] sign_hash (32): 60F13E1DEF0C29B70F259A8DE30922E5E41134E0972281AA64622ECAD19F042A
[TLS] Written transcript to proofs/MSG_TLS_A1A2F43C.out, proofs/SIG_TLS_A1A2F43C.out and proofs/PK_TLS_A1A2F43C.der
Signature verification succeeds
[TLS] Server time: 1619535600
[TLS] client_random  (32): D3D0C19846D39C4F5DE772089E08F55ED39B16A7D4049E6E4E8D51F710FD6EC1
[TLS] sign_hash (32): 29B725D663486FCB8AAC6D5F3C3FDC6C78F707192D8D5374E56E3F3E802E8947
[TLS] Written transcript to proofs/MSG_TLS_D3D0C198.out, proofs/SIG_TLS_D3D0C198.out and proofs/PK_TLS_D3D0C198.der
Signature verification succeeds
[TLS] Server time: 1619535600
[TLS] client_random  (32): F589E4D96D5A65369DA1294042024C86F4836FB0C9E1431E697AC49EC66EA4A3
[TLS] sign_hash (32): DFC31D7AE3EC3EA6755C416BD9C03CE52AA0348047246FA0B9F02735FB11B0C3
[TLS] Written transcript to proofs/MSG_TLS_F589E4D9.out, proofs/SIG_TLS_F589E4D9.out and proofs/PK_TLS_F589E4D9.der
Signature verification succeeds
[TLS] Server time: 1619535600
[TLS] client_random  (32): 994CD4CAC044E906AED4C4782DEA99800CB4E6F72C1DD7041E80702CA43795FB
[TLS] sign_hash (32): E52E045BC9168DDB4B447B7E82F951F95F8F94D6BE4BC47C340C88839B99C358
[TLS] Written transcript to proofs/MSG_TLS_994CD4CA.out, proofs/SIG_TLS_994CD4CA.out and proofs/PK_TLS_994CD4CA.der
Signature verification succeeds
[TLS] Server time: 1619535600
[TLS] client_random  (32): 699E6C193197513C54B4895F9D71938C0F9ADD0CFF48D24B4753C467DC3B4132
[TLS] sign_hash (32): B950692B528063AEF1889BF0205A65CC22542C0CCC941DDCB4C761A2C94D8FE6
[TLS] Written transcript to proofs/MSG_TLS_699E6C19.out, proofs/SIG_TLS_699E6C19.out and proofs/PK_TLS_699E6C19.der
Signature verification succeeds
[TLS] Server time: 1619535600
[TLS] client_random  (32): 913705EAF453C14FC27E87D66DC2FF598D6525F34F09A24327F78F92F6A8D74C
[TLS] sign_hash (32): 256E27EAB2E8636BCC96C84C8C7D38293537AA13A4C1A7A3893071DAE760FA23
[TLS] Written transcript to proofs/MSG_TLS_913705EA.out, proofs/SIG_TLS_913705EA.out and proofs/PK_TLS_913705EA.der
Signature verification succeeds
[TLS] Server time: 1619535600
[TLS] client_random  (32): 5AAE3DDDB1E8B700006F404EF3E7DBDE12C47874D03A90308E7DF73F4C3C0207
[TLS] sign_hash (32): 25F069697288808EAD58831FB7B312CC96B534227A534DF4C5B89DC659D23335
[TLS] Written transcript to proofs/MSG_TLS_5AAE3DDD.out, proofs/SIG_TLS_5AAE3DDD.out and proofs/PK_TLS_5AAE3DDD.der
Signature verification succeeds
[TLS] Server time: 1619535600
[TLS] client_random  (32): 06BE203784DB473766C5AE4FAE091842E50266D0E8478E83E3462FF6289ECACF
[TLS] sign_hash (32): 345AF6005854D199369CF60BEBC77A9F1702B517E3504DFF9339E0BA20E122B5
[TLS] Written transcript to proofs/MSG_TLS_06BE2037.out, proofs/SIG_TLS_06BE2037.out and proofs/PK_TLS_06BE2037.der
Signature verification succeeds
[TLS] Server time: 1619535600
[TLS] client_random  (32): 62CDB6BE185797E7546664D00BD4C128418A2DDE49A457CCD53C7FE57F522FBA
[TLS] sign_hash (32): 345A18666C55A7FBC155D3B63F6296D86492288AEC3F9980B651B33568613104
[TLS] Written transcript to proofs/MSG_TLS_62CDB6BE.out, proofs/SIG_TLS_62CDB6BE.out and proofs/PK_TLS_62CDB6BE.der
Signature verification succeeds
[TLS] Server time: 1619535600
[TLS] client_random  (32): 2F1C23736B2853524332D275EDB30BE7AFDC7C69661697178FA1A807E4B6405C
[TLS] sign_hash (32): 4651E9BD8A3ABF1376971362A02F06F10604D248C05EB19B6808A04BD1B75DE8
[TLS] Written transcript to proofs/MSG_TLS_2F1C2373.out, proofs/SIG_TLS_2F1C2373.out and proofs/PK_TLS_2F1C2373.der
Signature verification succeeds
[TLS] Server time: 1619535600
[TLS] client_random  (32): 1054CEC30ED3F4B4B2C24195F68C8FA946987535B852F1F3ED9878CA4F961F39
[TLS] sign_hash (32): 6E37D83ABDB2426D199B400E12EA1DF9A39C755D854E907E5C9B408A5A364FD4
[TLS] Written transcript to proofs/MSG_TLS_1054CEC3.out, proofs/SIG_TLS_1054CEC3.out and proofs/PK_TLS_1054CEC3.der
Signature verification succeeds
[TLS] Server time: 1619535600
[TLS] client_random  (32): B9C066747EE9E8D9A8288C0F5DA8FF909BE38B57F347EF035AC5472E7584E5EF
[TLS] sign_hash (32): A129BF94B6C6AD5B542C479B01AFA6CFF4B6D1735EC5FD27E0C5E3275CBBDEE6
[TLS] Written transcript to proofs/MSG_TLS_B9C06674.out, proofs/SIG_TLS_B9C06674.out and proofs/PK_TLS_B9C06674.der
Signature verification succeeds
[TLS] Server time: 1619535600
[TLS] client_random  (32): 0A7D10B1DEFF74E4987481B0512B41122AA3A4523668116D57E6B148CC344BA1
[TLS] sign_hash (32): EB6E90B76236B948CC009216CF9D6384B20547F4CC4566DC401AD027446D08F3
[TLS] Written transcript to proofs/MSG_TLS_0A7D10B1.out, proofs/SIG_TLS_0A7D10B1.out and proofs/PK_TLS_0A7D10B1.der
Signature verification succeeds
[TLS] Server time: 1619535600
[TLS] client_random  (32): 3CADAD61AAB9EB2740A57CBABB551CA316343E86E946D9AE4CB89A894D9ABA7F
[TLS] sign_hash (32): D8FBEB7DFE51928FA70CBFA2AAC9CD98602018F9847177AD00262784AEDD1B96
[TLS] Written transcript to proofs/MSG_TLS_3CADAD61.out, proofs/SIG_TLS_3CADAD61.out and proofs/PK_TLS_3CADAD61.der
Signature verification succeeds
[TLS] Server time: 1619535600
[TLS] client_random  (32): 96C438DBFCE21BBD5920DEEF88415E9D1CD44CCE4B59E4B6259C5E367B02050E
[TLS] sign_hash (32): 189ED0D0F96899B2D6B89C77A4D5EC5FBBD077F5E820DBDB589B46694AAD1B36
[TLS] Written transcript to proofs/MSG_TLS_96C438DB.out, proofs/SIG_TLS_96C438DB.out and proofs/PK_TLS_96C438DB.der
Signature verification succeeds
[TLS] Server time: 1619535600
[TLS] client_random  (32): 9C54BF05B2BB3FB2B7538AFD0CCC1065D7517CFFBF493A19CAAA32619D207254
[TLS] sign_hash (32): E44B020B412D99FC2FFA8CB0EADBDE40D1EF6DB3B9FEEB366FDAD3196B3B2868
[TLS] Written transcript to proofs/MSG_TLS_9C54BF05.out, proofs/SIG_TLS_9C54BF05.out and proofs/PK_TLS_9C54BF05.der
Signature verification succeeds
[TLS] Server time: 1619535600
[TLS] client_random  (32): C88009F7BACE60D970CA48137D77CDDE177F8380FB55CB6FC2C41C61534DA930
[TLS] sign_hash (32): DB12D64CE4961C3DCAE0A352CCDEA7745CE216BDABC1A82E3CDDD3DE1AD10E3A
[TLS] Written transcript to proofs/MSG_TLS_C88009F7.out, proofs/SIG_TLS_C88009F7.out and proofs/PK_TLS_C88009F7.der
Signature verification succeeds
[TLS] Server time: 1619535600
[TLS] client_random  (32): 9F870040B5B613E40AE967C27D576D78B55747BC8BEA31E35EF0DDCDC00458BF
[TLS] sign_hash (32): 1C9C872FCA423EC753F888FD2E967D3E95456301538A7995BB2EB0CD1E1B23C6
[TLS] Written transcript to proofs/MSG_TLS_9F870040.out, proofs/SIG_TLS_9F870040.out and proofs/PK_TLS_9F870040.der
Signature verification succeeds
[TLS] Server time: 1619535600
[TLS] client_random  (32): D4E3AF6B3C743C1577E6E71E2870337CD04741AAB365B8304E5A1BB786427724
[TLS] sign_hash (32): 045B3DEE8C75C827B07429D97142A5F1167DCBD630A7A10C6BC58B37C0026B4D
[TLS] Written transcript to proofs/MSG_TLS_D4E3AF6B.out, proofs/SIG_TLS_D4E3AF6B.out and proofs/PK_TLS_D4E3AF6B.der
Signature verification succeeds
[TLS] Server time: 1619535600
[TLS] client_random  (32): 3BA82EA575C50ACF28FD80A28DC7495BF1ED3AEA7D576DE7C962A40D3FEBEB80
[TLS] sign_hash (32): 10070273BFD4DF37924E5A60AC027AFE09940CF33546D25633CA42114FAB50BE
[TLS] Written transcript to proofs/MSG_TLS_3BA82EA5.out, proofs/SIG_TLS_3BA82EA5.out and proofs/PK_TLS_3BA82EA5.der
Signature verification succeeds
[TLS] Server time: 1619535600
[TLS] client_random  (32): 9D895EBA552CC6B3690102BB2F272B5AD7B536165AFA78F5B8750FDA202E63E3
[TLS] sign_hash (32): 842162F22BB514A1F3D4E57C71EEAE5EF139B7BCA9661952D6084C084A14C912
[TLS] Written transcript to proofs/MSG_TLS_9D895EBA.out, proofs/SIG_TLS_9D895EBA.out and proofs/PK_TLS_9D895EBA.der
Signature verification succeeds
[TLS] Server time: 1619535600
[TLS] client_random  (32): BF02825F76B097443F1B896758A93976014F55731C7C68A6E082B1EC613FFCDE
[TLS] sign_hash (32): 16E966EFFB268ED2CA9F28EA6EB2FC426F6D64FBDB06E51DF126777EB3CCB72C
[TLS] Written transcript to proofs/MSG_TLS_BF02825F.out, proofs/SIG_TLS_BF02825F.out and proofs/PK_TLS_BF02825F.der
Signature verification succeeds
[TLS] Server time: 1619535600
[TLS] client_random  (32): 398CF97730E288EEA477DDE018ADFF03B21ECA2C32F61F508F2E80AA249FF4EE
[TLS] sign_hash (32): 2BC53F4302FE5CE2FC99714729CFBDE10216EF077D066E10E882B619EEC5D079
[TLS] Written transcript to proofs/MSG_TLS_398CF977.out, proofs/SIG_TLS_398CF977.out and proofs/PK_TLS_398CF977.der
Signature verification succeeds
[TLS] Server time: 1619535600
[TLS] client_random  (32): 9983AB718DABDFD1BF9B5FFB350F5547BF89CFC550FF75369C452A6B3CC98069
[TLS] sign_hash (32): 7306972777A6E47C5568D70BC0FE31213F33AE8C036C1F42EA76C533F08C4470
[TLS] Written transcript to proofs/MSG_TLS_9983AB71.out, proofs/SIG_TLS_9983AB71.out and proofs/PK_TLS_9983AB71.der
Signature verification succeeds
[TLS] Server time: 1619535600
[TLS] client_random  (32): 2BF2780CD1B8850D147D59003CA59F074F8291C47A0AC9800D68B277CE0F5CD9
[TLS] sign_hash (32): 8B0355490738A93C3059FC8A63F705BBED7D9B7A909757402FF09DF51B29DE36
[TLS] Written transcript to proofs/MSG_TLS_2BF2780C.out, proofs/SIG_TLS_2BF2780C.out and proofs/PK_TLS_2BF2780C.der
Signature verification succeeds
[TLS] Server time: 1619535600
[TLS] client_random  (32): F57C7E22ED372DCB8C580B141E79ABAC7E29AE31B9BAADB411598B8685FB972E
[TLS] sign_hash (32): EDF07CE9BF19741706BF78A7A4F7CFF1BAB68C557A4635F10331295067881AFC
[TLS] Written transcript to proofs/MSG_TLS_F57C7E22.out, proofs/SIG_TLS_F57C7E22.out and proofs/PK_TLS_F57C7E22.der
Signature verification succeeds
[TLS] Server time: 1619535600
[TLS] client_random  (32): 4E8C7CB434D249D2E45FFD05784083F95C1FE85F662C8877E1B5401BF04B2E83
[TLS] sign_hash (32): 76BCD6FFB510AE275EDDC8D322C8277901B44F6CC0C219449D2649A6ECDAA2F8
[TLS] Written transcript to proofs/MSG_TLS_4E8C7CB4.out, proofs/SIG_TLS_4E8C7CB4.out and proofs/PK_TLS_4E8C7CB4.der
Signature verification succeeds
[TLS] Server time: 1619535600
[TLS] client_random  (32): 9CCF381308E7F33DAB88314F8CB3DDCABD6726987B40F02505A05122D8A29B74
[TLS] sign_hash (32): A725CBECC8C22D02AE8D3E78664C6A172A68C28329383956E36CE53F8F5768DE
[TLS] Written transcript to proofs/MSG_TLS_9CCF3813.out, proofs/SIG_TLS_9CCF3813.out and proofs/PK_TLS_9CCF3813.der
Signature verification succeeds
[TLS] Server time: 1619535600
[TLS] client_random  (32): E0BC65F03A50987E453F2DAF17CB172E7E07BA38E494D341CFE4308B185D645A
[TLS] sign_hash (32): 788DAABB405C847AB2BEAB36B765B61E8854D4A5D9587B20CB26E46DB85BDCD0
[TLS] Written transcript to proofs/MSG_TLS_E0BC65F0.out, proofs/SIG_TLS_E0BC65F0.out and proofs/PK_TLS_E0BC65F0.der
Signature verification succeeds
[TLS] Server time: 1619535600
[TLS] client_random  (32): 87B219CB970845914807BC525E1B0BBAE7944DF31CBBEA1EFE35655A0E010B60
[TLS] sign_hash (32): C5CAEC2F87517CC49CAC3A10E2924AF877201D632E5B72112B42E46C575CB7E7
[TLS] Written transcript to proofs/MSG_TLS_87B219CB.out, proofs/SIG_TLS_87B219CB.out and proofs/PK_TLS_87B219CB.der
Signature verification succeeds
[TLS] Server time: 1619535600
[TLS] client_random  (32): D76635E3ABFF2B0B404292F52BD86154BB9D25EC7CF976DCD1A5FD52748E7A48
[TLS] sign_hash (32): AF3D44B3FC7FE487F25E949EB704E33B91F37D456B46B194DB4502D5F4962524
[TLS] Written transcript to proofs/MSG_TLS_D76635E3.out, proofs/SIG_TLS_D76635E3.out and proofs/PK_TLS_D76635E3.der
Signature verification succeeds
[TLS] Server time: 1619535600
[TLS] client_random  (32): 7160DBA53C636F13106D7A4AF6893344EEAD0EB02F4ABD89461462B51A700A42
[TLS] sign_hash (32): EE6824C7240BD5A2329BF46E8A8689ECE51D5A2A15845B3B2AB36E7D543B89C2
[TLS] Written transcript to proofs/MSG_TLS_7160DBA5.out, proofs/SIG_TLS_7160DBA5.out and proofs/PK_TLS_7160DBA5.der
Signature verification succeeds
[TLS] Server time: 1619535600
[TLS] client_random  (32): 14BCA5EAD0343DFCA0CF29501B2A8CF92EAEDDDB9BB4BA516C260B16E3BEF8DB
[TLS] sign_hash (32): 6648C4C64E7AE93729F279A49395D4C1F91ED7E0B55E37CD3D92B4FE98DE93FF
[TLS] Written transcript to proofs/MSG_TLS_14BCA5EA.out, proofs/SIG_TLS_14BCA5EA.out and proofs/PK_TLS_14BCA5EA.der
Signature verification succeeds
[TLS] Server time: 1619535600
[TLS] client_random  (32): D9F54336B20EE8D3D482221B7B1025BE7597E9A89C1B463B64E302C63725EFDE
[TLS] sign_hash (32): 20A85F0331E27272392C0138B37D87987A2042B704B84A5401918EA56DF95743
[TLS] Written transcript to proofs/MSG_TLS_D9F54336.out, proofs/SIG_TLS_D9F54336.out and proofs/PK_TLS_D9F54336.der
Signature verification succeeds
[TLS] Server time: 1619535600
[TLS] client_random  (32): E7D71220A1696EE17243EEB909448FA74734C1D5A0EA027ACF8248393F3A03A7
[TLS] sign_hash (32): 29DF72862B00967582BC0CD7CC0F7289554A288373882085747361361F23876E
[TLS] Written transcript to proofs/MSG_TLS_E7D71220.out, proofs/SIG_TLS_E7D71220.out and proofs/PK_TLS_E7D71220.der
Signature verification succeeds
[TLS] Server time: 1619535600
[TLS] client_random  (32): 447B4EE14700E122CD7154A58276BE8AC30C197E25DFDF167AC2BC6F67507CBA
[TLS] sign_hash (32): 1C9A6E025BAE19C9E8D6B5EDB19532F932044A00B67C9DF094E35D5A27B9BC2B
[TLS] Written transcript to proofs/MSG_TLS_447B4EE1.out, proofs/SIG_TLS_447B4EE1.out and proofs/PK_TLS_447B4EE1.der
Signature verification succeeds
[TLS] Server time: 1619535600
[TLS] client_random  (32): 9D8B8EB49B831D505A372A037CBFE72746A7715D89591F175ACA83028B2FF62C
[TLS] sign_hash (32): 426F9B444FE0D497992429EF5C9E95C861DFF3D0BA64994A0C37135F3EFA9FF9
[TLS] Written transcript to proofs/MSG_TLS_9D8B8EB4.out, proofs/SIG_TLS_9D8B8EB4.out and proofs/PK_TLS_9D8B8EB4.der
Signature verification succeeds
[TLS] Server time: 1619535600
[TLS] client_random  (32): C74D2182D40971629FF170133F1A172539FA1DB747CB599A2B0A6F82E8A72767
[TLS] sign_hash (32): 1CDF1AF401640549FE71E4E4D37DA12EFD4172C771809A6431844E08CE622340
[TLS] Written transcript to proofs/MSG_TLS_C74D2182.out, proofs/SIG_TLS_C74D2182.out and proofs/PK_TLS_C74D2182.der
Signature verification succeeds
[TLS] Server time: 1619535600
[TLS] client_random  (32): 5FC90528E6923DF31ECADE968491549F404553B512FF8D482FD5396AF887B2B5
[TLS] sign_hash (32): 7827E25FBC346A806F1C066961820C0C06188A710CDC9203FCE1C7B275C2C950
[TLS] Written transcript to proofs/MSG_TLS_5FC90528.out, proofs/SIG_TLS_5FC90528.out and proofs/PK_TLS_5FC90528.der
Signature verification succeeds
[TLS] Server time: 1619535600
[TLS] client_random  (32): A52AACB922FFF47FF37873A374FAF80D6DA3019F07642EA98E27CAB2AC3EDD84
[TLS] sign_hash (32): A496327C8A44B8C9CE8C7089AFC4DEC16DAE57A60C280C379E51DBE73CC9AC35
[TLS] Written transcript to proofs/MSG_TLS_A52AACB9.out, proofs/SIG_TLS_A52AACB9.out and proofs/PK_TLS_A52AACB9.der
Signature verification succeeds
[TLS] Server time: 1619535600
[TLS] client_random  (32): 49695931C1674983313C620CC04C1E274BDD19BD1649E7055A2902CA9DB77B4D
[TLS] sign_hash (32): 38EEB4D9131748EF00087078E921B037B12DC6398E8FDFAB17C5C034102AE5B1
[TLS] Written transcript to proofs/MSG_TLS_49695931.out, proofs/SIG_TLS_49695931.out and proofs/PK_TLS_49695931.der
Signature verification succeeds
[TLS] Server time: 1619535600
[TLS] client_random  (32): E6206AA11A30436085E10899938DA020C5C2E2096979E2935A2C7932BF8138C3
[TLS] sign_hash (32): 043F1F5427787552AC67C6DDA4A83884BEEEE6D6D358D12F423F96BAD622AC4A
[TLS] Written transcript to proofs/MSG_TLS_E6206AA1.out, proofs/SIG_TLS_E6206AA1.out and proofs/PK_TLS_E6206AA1.der
Signature verification succeeds
[TLS] Server time: 1619535600
[TLS] client_random  (32): 04F8BB8445C618C0414D74F67CFA6A7BC490833B18354E7AD2A88DE65F975B43
[TLS] sign_hash (32): A2CDA02553FCE5D682BBA340B019B208E751D35B03726F9D8DBF94293C2E1289
[TLS] Written transcript to proofs/MSG_TLS_04F8BB84.out, proofs/SIG_TLS_04F8BB84.out and proofs/PK_TLS_04F8BB84.der
Signature verification succeeds
[TLS] Server time: 1619535600
[TLS] client_random  (32): 46014936F07BE1C654F5863EF69B8BE658FA910EF9B1E646E42D8D8DF66CE051
[TLS] sign_hash (32): 9D9CFB753EE443DAA1420684CDD8DE530FB60621D14E89C71E71FBF3E65675D7
[TLS] Written transcript to proofs/MSG_TLS_46014936.out, proofs/SIG_TLS_46014936.out and proofs/PK_TLS_46014936.der
Signature verification succeeds
[TLS] Server time: 1619535600
[TLS] client_random  (32): DA6FAE24F3CE0086EDE387DD7205702F19985DBD61796E046D30D98CECAD09A1
[TLS] sign_hash (32): F8197D96E06222B2D117AF8128FF43E92BE75E1B64E5BCEA767714D1D238585F
[TLS] Written transcript to proofs/MSG_TLS_DA6FAE24.out, proofs/SIG_TLS_DA6FAE24.out and proofs/PK_TLS_DA6FAE24.der
Signature verification succeeds
[TLS] Server time: 1619535600
[TLS] client_random  (32): 60A225BF6B637EFF509DA4E933CD816DE6AEE9F6C71A4F75908CD7AB9DC588BF
[TLS] sign_hash (32): 7C3E0169423ED458A64A54F97F7B6DA2E6FF78720DE25D90F54ADD06B6BEA1CE
[TLS] Written transcript to proofs/MSG_TLS_60A225BF.out, proofs/SIG_TLS_60A225BF.out and proofs/PK_TLS_60A225BF.der
Signature verification succeeds
[TLS] Server time: 1619535600
[TLS] client_random  (32): 2AFBED8D4E5D679EF4553BAF586FE7753048D48EA7C15433C6B8D4CDF4A47CF1
[TLS] sign_hash (32): 42D55341CB9CF7B591DE5E0924384C6AD4953B115762D19D3E49EFD1BED6B7F4
[TLS] Written transcript to proofs/MSG_TLS_2AFBED8D.out, proofs/SIG_TLS_2AFBED8D.out and proofs/PK_TLS_2AFBED8D.der
Signature verification succeeds
[TLS] Server time: 1619535600
[TLS] client_random  (32): 9C6F14D8D9B66406561965FDBA21E613F88BDDB177F17F4CFCA9ED998B8773D3
[TLS] sign_hash (32): 5E49674C109B16A1ECA5191508B081041CCE7819346B39AAF399109B037A0CE0
[TLS] Written transcript to proofs/MSG_TLS_9C6F14D8.out, proofs/SIG_TLS_9C6F14D8.out and proofs/PK_TLS_9C6F14D8.der
Signature verification succeeds
[TLS] Server time: 1619535600
[TLS] client_random  (32): 7464016914605F5986BF27CD5C0118D7676386A6C22F29AEE9060C25719209C8
[TLS] sign_hash (32): 064AE3C0678E5E26F34CD2EA84AC9A16201F3D5BC65A78DF2115ABDEC286526C
[TLS] Written transcript to proofs/MSG_TLS_74640169.out, proofs/SIG_TLS_74640169.out and proofs/PK_TLS_74640169.der
Signature verification succeeds
[TLS] Server time: 1619535600
[TLS] client_random  (32): 98D42BB3DE878F80D8CB162140CE882281E92F46AA92133C1C67C6D954FB1C63
[TLS] sign_hash (32): FFEB38CA1C91AC3CDE06E9C53945FFD6A8FFBD9BCEDFC63B430AD65F113D0B2B
[TLS] Written transcript to proofs/MSG_TLS_98D42BB3.out, proofs/SIG_TLS_98D42BB3.out and proofs/PK_TLS_98D42BB3.der
Signature verification succeeds
[TLS] Server time: 1619535600
[TLS] client_random  (32): 1F95136B205F4E43D8793C78921646DE524C63F1BF54A53A9EE21C037C39EC7C
[TLS] sign_hash (32): F444BFBA2E4ABC50F00BFD14082880CC9BA9F7E0C8EF053164F5387D6B43B7DA
[TLS] Written transcript to proofs/MSG_TLS_1F95136B.out, proofs/SIG_TLS_1F95136B.out and proofs/PK_TLS_1F95136B.der
Signature verification succeeds
[TLS] Server time: 1619535600
[TLS] client_random  (32): A6D5BB096F58B887C3EB9BB915C21D07DCEC984EA06E87CE65BDFEFFA55A7310
[TLS] sign_hash (32): 72CA84D1CDA02442BA3B1598E3E9A0094FEB949C42E2503B9B024BD49EE22556
[TLS] Written transcript to proofs/MSG_TLS_A6D5BB09.out, proofs/SIG_TLS_A6D5BB09.out and proofs/PK_TLS_A6D5BB09.der
Signature verification succeeds
[TLS] Server time: 1619535600
[TLS] client_random  (32): 39BBF81CB7B133C848C57776EE84E05297DEF0D7EB766FEDE9DFB07EBD82425E
[TLS] sign_hash (32): 71D6F3F3F016CCBBDB8D43D2AD60B541BB61637450B1ACBD51D344BF17C90037
[TLS] Written transcript to proofs/MSG_TLS_39BBF81C.out, proofs/SIG_TLS_39BBF81C.out and proofs/PK_TLS_39BBF81C.der
Signature verification succeeds
[TLS] Server time: 1619535600
[TLS] client_random  (32): 3755E8ED40AC3B31DFA44E976A9A3F554A8A5A790096EC7CB2A04B03C611AA56
[TLS] sign_hash (32): DAF0708D2E63AED1C010735CFEFAB6A59521E4D85DEB0AA12E5745A8B4B5C58A
[TLS] Written transcript to proofs/MSG_TLS_3755E8ED.out, proofs/SIG_TLS_3755E8ED.out and proofs/PK_TLS_3755E8ED.der
Signature verification succeeds
[TLS] Server time: 1619535600
[TLS] client_random  (32): DEC27688D2AF45AE7243F815225991374A27B66362CE299DBE2FD6AB9219026E
[TLS] sign_hash (32): B2AB37E37B4E7D1DB4F67671587E4020C4B9C6E67C871B10082466B6077CD20B
[TLS] Written transcript to proofs/MSG_TLS_DEC27688.out, proofs/SIG_TLS_DEC27688.out and proofs/PK_TLS_DEC27688.der
Signature verification succeeds
[TLS] Server time: 1619535600
[TLS] client_random  (32): 6BDA849AFF7123B25E86B9F35EC399DDC3BEB1A6F60EB900316671F30C947939
[TLS] sign_hash (32): 97F61A1881FFA4357B92858955CBC348B2177198C3851077E889B6F1B37A4F02
[TLS] Written transcript to proofs/MSG_TLS_6BDA849A.out, proofs/SIG_TLS_6BDA849A.out and proofs/PK_TLS_6BDA849A.der
Signature verification succeeds
[TLS] Server time: 1619535600
[TLS] client_random  (32): 814FF5E9A6585B99CE789991371A0CFFC301387840C5014479562DEFC56489F4
[TLS] sign_hash (32): F1858598F990CBA5658A33C149775687D11B90EB42BAC96CED22D541B24709A9
[TLS] Written transcript to proofs/MSG_TLS_814FF5E9.out, proofs/SIG_TLS_814FF5E9.out and proofs/PK_TLS_814FF5E9.der
Signature verification succeeds
[TLS] Server time: 1619535600
[TLS] client_random  (32): 9E3B65C8109E68091ACC7AABCAECD4B37789E5D6A91274DE72A6C12BD13CE4C9
[TLS] sign_hash (32): 36CDB05845365129621D4500F9643F0F173B2196FBE798C8FC67016C277FF760
[TLS] Written transcript to proofs/MSG_TLS_9E3B65C8.out, proofs/SIG_TLS_9E3B65C8.out and proofs/PK_TLS_9E3B65C8.der
Signature verification succeeds
[TLS] Server time: 1619535601
[TLS] client_random  (32): 4F260A86AC1C509F2A52849BC124ABDCEE64841874AC1542FB9749FE0C11074C
[TLS] sign_hash (32): 6770C0CC5F07552F4C0A22067F2F909E06D465A4BBE57775A3BF851DD7CB9B76
[TLS] Written transcript to proofs/MSG_TLS_4F260A86.out, proofs/SIG_TLS_4F260A86.out and proofs/PK_TLS_4F260A86.der
Signature verification succeeds
[TLS] Server time: 1619535601
[TLS] client_random  (32): 72B07A3FA81B4569DA2694511C6C461C4116BED4D4F6E83D2E5F36AFDB4BCCDA
[TLS] sign_hash (32): C112409D82B9A0FDCD9DFF9D4A4D651268687D30457F119DC0269096AB046D1B
[TLS] Written transcript to proofs/MSG_TLS_72B07A3F.out, proofs/SIG_TLS_72B07A3F.out and proofs/PK_TLS_72B07A3F.der
Signature verification succeeds
[TLS] Server time: 1619535601
[TLS] client_random  (32): AA3FF3FB39252C39467CEB4DA0DB65DDCC87A97F34DD5E81B451AC53037B92D4
[TLS] sign_hash (32): 6D77DF631118411D40834EE040104AFBF530F99C6374A87F60DBC18E2CC69C41
[TLS] Written transcript to proofs/MSG_TLS_AA3FF3FB.out, proofs/SIG_TLS_AA3FF3FB.out and proofs/PK_TLS_AA3FF3FB.der
Signature verification succeeds
Time breakdown (averages): anchor_ping:7.571373 file_read:0.134053 hashing:0.469579
Total time for 123 rounds is 1013.105722ms
Standard deviations: anchor_ping:0.732827 file_read:0.011662 hashing:0.003701
[Client-side ops] mean:0.603632 sd:0.012345
in & out anchor rand written to proofs/phase1.out
    121 [TLS] Server time: 1619535600
      3 [TLS] Server time: 1619535601
Count is 121
Count is 3
success: 1
RESULT: 1 in 1 tries
