TLS anchor: www.american.edu
Actual: 60, Set: 123
Beginning execution at Mon Apr 26 21:30:01 UTC 2021
CONF: anchor:www.american.edu fs:1024MB n_rounds:123 seed:5c9f4bf9bbc15bb855f82faedc5a52fc3ab2dfa8ec3ba3ce1b270f31fa0cced2 filename:FILE bs:1024 nops:100 benchmarking:0 anchor_ping:1 queue_depth:32 direct:0
[TLS] Connecting to www.american.edu
[TLS] Server time: 1619472597
[TLS] client_random  (32): 5C9F4BF9BBC15BB855F82FAEDC5A52FC3AB2DFA8EC3BA3CE1B270F31FA0CCED2
[TLS] sign_hash (32): 91F41B48825D9B34293AC31EA4CCCA4E0FC54AA59E9E06A56CF3A2374FEAD4AE
[TLS] Written transcript to proofs/MSG_TLS_5C9F4BF9.out, proofs/SIG_TLS_5C9F4BF9.out and proofs/PK_TLS_5C9F4BF9.der
Signature verification succeeds
[TLS] Server time: 1619472597
[TLS] client_random  (32): 058C9D053F5C9488FDE31AEDFAFC9CED9AAAD65214D49B44EE6EFCF9063E9452
[TLS] sign_hash (32): 183FCA044EA24A733DF5CAF49F3875B03406887C4D7E4A563A920648A2BC7D31
[TLS] Written transcript to proofs/MSG_TLS_058C9D05.out, proofs/SIG_TLS_058C9D05.out and proofs/PK_TLS_058C9D05.der
Signature verification succeeds
[TLS] Server time: 1619472597
[TLS] client_random  (32): 1430BDA7E50068D7785E01AB953AACACD9270FF82A8F61FCD652C90F5A016CBF
[TLS] sign_hash (32): 549BAB3D41C21FAFDBAB8B3944C4C9C12CEC2F29FCD913BD77EDE8B9D00D4FBA
[TLS] Written transcript to proofs/MSG_TLS_1430BDA7.out, proofs/SIG_TLS_1430BDA7.out and proofs/PK_TLS_1430BDA7.der
Signature verification succeeds
[TLS] Server time: 1619472597
[TLS] client_random  (32): CB4DBDCD108A51ADEAB003A25305DB248B3D43CB911897A80B635059C0C87E15
[TLS] sign_hash (32): 2CF305D7577B7C3FE00748324333899AD2EA9F45BF2FE9C2429AD6902C49985F
[TLS] Written transcript to proofs/MSG_TLS_CB4DBDCD.out, proofs/SIG_TLS_CB4DBDCD.out and proofs/PK_TLS_CB4DBDCD.der
Signature verification succeeds
[TLS] Server time: 1619472597
[TLS] client_random  (32): 38D2E7BAA9AC1C9A59AF0D0224A6F3F94739E7B8922F86D2C321A67C5F0F43B2
[TLS] sign_hash (32): 3E299436B994304EE33F3EB0DFC6C1533A583ABBD3101B5298F2E0ADC8986F3E
[TLS] Written transcript to proofs/MSG_TLS_38D2E7BA.out, proofs/SIG_TLS_38D2E7BA.out and proofs/PK_TLS_38D2E7BA.der
Signature verification succeeds
[TLS] Server time: 1619472597
[TLS] client_random  (32): C1DEE64D954520F2639CF7BC167E5ECE8BD809B4FD4B2B43C5D99FF74B02ED89
[TLS] sign_hash (32): 54443BC9560DB13C09D8BA9228FAAB0872C526549DAE80BC317FACC82214F47E
[TLS] Written transcript to proofs/MSG_TLS_C1DEE64D.out, proofs/SIG_TLS_C1DEE64D.out and proofs/PK_TLS_C1DEE64D.der
Signature verification succeeds
[TLS] Server time: 1619472597
[TLS] client_random  (32): 0A765824A69A9C6349D19E844DBC5CCA65760B8ACA5278219E1CF8EAEEE5DD70
[TLS] sign_hash (32): BD357812BAC53B9707EDCA2BC7B0B3AB525C3B17D0FC267951F8C1290571FFB2
[TLS] Written transcript to proofs/MSG_TLS_0A765824.out, proofs/SIG_TLS_0A765824.out and proofs/PK_TLS_0A765824.der
Signature verification succeeds
[TLS] Server time: 1619472597
[TLS] client_random  (32): 1371CE43B88A68DEED2BD1AE08AFAC2F0C905236B01F78D3B3CD1ECA0089ED6C
[TLS] sign_hash (32): EFAE080F97C1BAF417A4FB3B85768ECFDFEC1554D70624C7CE0EC289EC442E3D
[TLS] Written transcript to proofs/MSG_TLS_1371CE43.out, proofs/SIG_TLS_1371CE43.out and proofs/PK_TLS_1371CE43.der
Signature verification succeeds
[TLS] Server time: 1619472597
[TLS] client_random  (32): 04D9DEE15402A8F62C04036513C688449A9C47502217FFC270E4667C4BC08987
[TLS] sign_hash (32): 4D8CB2F2320C0AA2734FFCEC0FE6A3CA59861F0F7AB55B12E6708B2B12BCE291
[TLS] Written transcript to proofs/MSG_TLS_04D9DEE1.out, proofs/SIG_TLS_04D9DEE1.out and proofs/PK_TLS_04D9DEE1.der
Signature verification succeeds
[TLS] Server time: 1619472597
[TLS] client_random  (32): C0D1AE3E1BF8FBC09846BE4D08178C469B21104A320277DC4AD2ECA5F0166EFF
[TLS] sign_hash (32): 34F3B0045019DB93A8C68086218B1C2C4F45E62387F0745E404B882FFEFA5B81
[TLS] Written transcript to proofs/MSG_TLS_C0D1AE3E.out, proofs/SIG_TLS_C0D1AE3E.out and proofs/PK_TLS_C0D1AE3E.der
Signature verification succeeds
[TLS] Server time: 1619472597
[TLS] client_random  (32): 17195218A473B8AB6A3CE3D51EB8EC51C46654B86FA75960C80C7BDEF72C4251
[TLS] sign_hash (32): 482B2A2CCFD989C74EC5FA24A97222C524533569F6A50B0F9464A545B5829F4A
[TLS] Written transcript to proofs/MSG_TLS_17195218.out, proofs/SIG_TLS_17195218.out and proofs/PK_TLS_17195218.der
Signature verification succeeds
[TLS] Server time: 1619472597
[TLS] client_random  (32): AEB9DD6D8A9D7850C861615B1DFACBEB4189224414D4820C14561C1732888012
[TLS] sign_hash (32): 55BE348CC687DDCE4E9E75678334194B7BF16CAD099DCD90ABFCC6503E07F3E2
[TLS] Written transcript to proofs/MSG_TLS_AEB9DD6D.out, proofs/SIG_TLS_AEB9DD6D.out and proofs/PK_TLS_AEB9DD6D.der
Signature verification succeeds
[TLS] Server time: 1619472597
[TLS] client_random  (32): 2229FC0A68CA50BA2B22FBD3BC5851A6DB233DD2A3C8C42804190CBB41AE9832
[TLS] sign_hash (32): 5BB577FD1D84F5461CDB3EEEDD203A95964AAA4C58B8A84BA55B7A64B5C18CE1
[TLS] Written transcript to proofs/MSG_TLS_2229FC0A.out, proofs/SIG_TLS_2229FC0A.out and proofs/PK_TLS_2229FC0A.der
Signature verification succeeds
[TLS] Server time: 1619472597
[TLS] client_random  (32): EFE0D590406FDE5241BAE6680E9F1199499A40C61D6879320660E674E7CD881F
[TLS] sign_hash (32): 731C1E076D517C35C4948174524616E86A99F77D093FEDD93BF3A07D04A249A9
[TLS] Written transcript to proofs/MSG_TLS_EFE0D590.out, proofs/SIG_TLS_EFE0D590.out and proofs/PK_TLS_EFE0D590.der
Signature verification succeeds
[TLS] Server time: 1619472597
[TLS] client_random  (32): 11C773CD3F3EEF93E4F1A4F29405C2FFA2E99A0C51CA8583A1A254C66EDF001F
[TLS] sign_hash (32): A075C70823440016B383784327C9631212EABD814D4CF85BD556F5BA2A03A37F
[TLS] Written transcript to proofs/MSG_TLS_11C773CD.out, proofs/SIG_TLS_11C773CD.out and proofs/PK_TLS_11C773CD.der
Signature verification succeeds
[TLS] Server time: 1619472597
[TLS] client_random  (32): 5812D32B247521ED6FD6318A4F71A535C6F858A1E53D3E221BD130A9D50480FD
[TLS] sign_hash (32): CE2487BE9593700317ED2280D930082C413D9FEE28F3DC881A718E94F602D80C
[TLS] Written transcript to proofs/MSG_TLS_5812D32B.out, proofs/SIG_TLS_5812D32B.out and proofs/PK_TLS_5812D32B.der
Signature verification succeeds
[TLS] Server time: 1619472597
[TLS] client_random  (32): 1B7C4FEF0F565C1BA8A335E5A5DE1FCF91EA786CE877BDCC82B30A22C39C3E6E
[TLS] sign_hash (32): FD662AB7FDDB22B9654085F0CB309EB4EFECBE2AC1EFCECFB1F505D25D04467C
[TLS] Written transcript to proofs/MSG_TLS_1B7C4FEF.out, proofs/SIG_TLS_1B7C4FEF.out and proofs/PK_TLS_1B7C4FEF.der
Signature verification succeeds
[TLS] Server time: 1619472597
[TLS] client_random  (32): BF10E492610FD90E0FF8F71B99292143EFE5BD6B48C1EF9DFD2F088A6A91B4D4
[TLS] sign_hash (32): 5270790E327ED6C0F18DC53258A8C3218C62B10A1B11DF533D377E5FF21E66C0
[TLS] Written transcript to proofs/MSG_TLS_BF10E492.out, proofs/SIG_TLS_BF10E492.out and proofs/PK_TLS_BF10E492.der
Signature verification succeeds
[TLS] Server time: 1619472597
[TLS] client_random  (32): B60F14C889D7B79BCE11A10945DA581D094E0B5A803FBF86649F37D1505A4BE0
[TLS] sign_hash (32): 53AC42717491B46EEBBB592A6DD87D2022B56E5673B8DCCC3DB7829446672E2B
[TLS] Written transcript to proofs/MSG_TLS_B60F14C8.out, proofs/SIG_TLS_B60F14C8.out and proofs/PK_TLS_B60F14C8.der
Signature verification succeeds
[TLS] Server time: 1619472597
[TLS] client_random  (32): 5224456E9598886F4B81EB376DF35542455F71E6CA86421DC79B3D8D5ECFD67C
[TLS] sign_hash (32): C4CA3F8EE16D91430C8F221AD143EB8E3FE02B89C47E4F02E5EF85DAD714ADF0
[TLS] Written transcript to proofs/MSG_TLS_5224456E.out, proofs/SIG_TLS_5224456E.out and proofs/PK_TLS_5224456E.der
Signature verification succeeds
[TLS] Server time: 1619472597
[TLS] client_random  (32): 08FE54B7E9DA8ADA3A8FFBBD0A601D8DCEC14BBD27B1D8DBD83BED114BBF8E94
[TLS] sign_hash (32): 49DE04895B11136D1240EF9D7937EF52DD62B7C310400992EE0D2CB0D488903B
[TLS] Written transcript to proofs/MSG_TLS_08FE54B7.out, proofs/SIG_TLS_08FE54B7.out and proofs/PK_TLS_08FE54B7.der
Signature verification succeeds
[TLS] Server time: 1619472597
[TLS] client_random  (32): CC823F4DCB78DCDDEFE2765D984887508E7DFB77B76A494752AF81E94F999182
[TLS] sign_hash (32): B49524B2B2935B704C7222A7DBB08CF964F33FD944ACB2A91F90F02F5291A9C4
[TLS] Written transcript to proofs/MSG_TLS_CC823F4D.out, proofs/SIG_TLS_CC823F4D.out and proofs/PK_TLS_CC823F4D.der
Signature verification succeeds
[TLS] Server time: 1619472597
[TLS] client_random  (32): 0724C4FCE5B662395244A454BD851CE8B33B8F20515385299AD0C543209C12B4
[TLS] sign_hash (32): 4353EBDB5E7F1D0C47DCECD120A1CAF64123B1EB703C3B0A581F3E32763DFB17
[TLS] Written transcript to proofs/MSG_TLS_0724C4FC.out, proofs/SIG_TLS_0724C4FC.out and proofs/PK_TLS_0724C4FC.der
Signature verification succeeds
[TLS] Server time: 1619472597
[TLS] client_random  (32): EB2F9E92AAD604EA857A5001F89B8EF4E3DD4BA9BF284A724F29F44EA5FBEFE8
[TLS] sign_hash (32): 55602684B9D747184D4BCBC484B771919DB4B8F25DA2AA3387868036141BCB88
[TLS] Written transcript to proofs/MSG_TLS_EB2F9E92.out, proofs/SIG_TLS_EB2F9E92.out and proofs/PK_TLS_EB2F9E92.der
Signature verification succeeds
[TLS] Server time: 1619472597
[TLS] client_random  (32): A3532EA859D01A439DD25B5B1FF40384B60B43603F20AC6393B9FF2CC6FFBA17
[TLS] sign_hash (32): 65AD23F1E56DCB86596B1DAF2182617BA0A3B1E87288451581A48A3034FDA843
[TLS] Written transcript to proofs/MSG_TLS_A3532EA8.out, proofs/SIG_TLS_A3532EA8.out and proofs/PK_TLS_A3532EA8.der
Signature verification succeeds
[TLS] Server time: 1619472597
[TLS] client_random  (32): 242F57E26EB0FCF3843C6BFFE8444CB1B7BB8DFB1A61EDE8519341C94BFB5AAD
[TLS] sign_hash (32): 5F75C50460DE70AE51946803C007D4516A49DDEA8FCED059151891C3582BD138
[TLS] Written transcript to proofs/MSG_TLS_242F57E2.out, proofs/SIG_TLS_242F57E2.out and proofs/PK_TLS_242F57E2.der
Signature verification succeeds
[TLS] Server time: 1619472597
[TLS] client_random  (32): 99ED67683E67808FB8B325C32517551E8F5D726A6BC272E81A1076F0D64D7316
[TLS] sign_hash (32): 9DA83086B9668244A52F332243545BC018635A0ADB732F0A17511550AEC57632
[TLS] Written transcript to proofs/MSG_TLS_99ED6768.out, proofs/SIG_TLS_99ED6768.out and proofs/PK_TLS_99ED6768.der
Signature verification succeeds
[TLS] Server time: 1619472597
[TLS] client_random  (32): CB5BF3A35FCBA898355D9E50690C8E127C075131C6CC84F65A1E19541AB030CE
[TLS] sign_hash (32): 117A8D617FB1240EFE365262F0790538FEBAF706ECFF6DB6F69A9EEB8C2F633D
[TLS] Written transcript to proofs/MSG_TLS_CB5BF3A3.out, proofs/SIG_TLS_CB5BF3A3.out and proofs/PK_TLS_CB5BF3A3.der
Signature verification succeeds
[TLS] Server time: 1619472597
[TLS] client_random  (32): FBF2AD295BBDA1CC17E02A36D1135F272DD3386377FAA5947C92E13FC67C7060
[TLS] sign_hash (32): A6D37846AF0FE07BFB736E5F8EDDE1062BD729CAD27CCD07A895A7EC1829EEB1
[TLS] Written transcript to proofs/MSG_TLS_FBF2AD29.out, proofs/SIG_TLS_FBF2AD29.out and proofs/PK_TLS_FBF2AD29.der
Signature verification succeeds
[TLS] Server time: 1619472597
[TLS] client_random  (32): 3DB11272DD712C49250BF5B56E1E4E76EC3FDAFCF304C313D289987C0FF4EDA2
[TLS] sign_hash (32): B6E9D09A657995DD62454FCAADD0D79FA4EA3C8FD33B8D69201298ADC3DEE11F
[TLS] Written transcript to proofs/MSG_TLS_3DB11272.out, proofs/SIG_TLS_3DB11272.out and proofs/PK_TLS_3DB11272.der
Signature verification succeeds
[TLS] Server time: 1619472597
[TLS] client_random  (32): A1D428495A119E967A4454B003F10BE3348899CFFC1E1E5F0C4B29479FE12796
[TLS] sign_hash (32): 3E31D4973181E7E5A7D8ED5813D2F1F08384DD43569F48D54AAC5A6196404B17
[TLS] Written transcript to proofs/MSG_TLS_A1D42849.out, proofs/SIG_TLS_A1D42849.out and proofs/PK_TLS_A1D42849.der
Signature verification succeeds
[TLS] Server time: 1619472597
[TLS] client_random  (32): F53005F23C892A1B247B630F72ADBC43C8E9EC16197A35BB9E5F07083B2B5D07
[TLS] sign_hash (32): 42CC4062C0C016EDA37D7552E8C42D42F6BAB70F1F8021A2E1C6E011E30C5498
[TLS] Written transcript to proofs/MSG_TLS_F53005F2.out, proofs/SIG_TLS_F53005F2.out and proofs/PK_TLS_F53005F2.der
Signature verification succeeds
[TLS] Server time: 1619472597
[TLS] client_random  (32): 8A9DB9E38C363917F3492D35B4F7EA4DD0675B4E120F2664D39BFF8BFF0207B7
[TLS] sign_hash (32): E4A66DE49A92FD0D2302417FE2135E865E4F105B8ED5082A8C62649FCD5EC284
[TLS] Written transcript to proofs/MSG_TLS_8A9DB9E3.out, proofs/SIG_TLS_8A9DB9E3.out and proofs/PK_TLS_8A9DB9E3.der
Signature verification succeeds
[TLS] Server time: 1619472597
[TLS] client_random  (32): 13ACFCC7BA5BD8A80E817DA7D36CDDACACD9051561747D5432592EA3895BE989
[TLS] sign_hash (32): 6013AD42551C9C765D351FC2EA19307702B00515D8AEC2BF9400E9925260E71D
[TLS] Written transcript to proofs/MSG_TLS_13ACFCC7.out, proofs/SIG_TLS_13ACFCC7.out and proofs/PK_TLS_13ACFCC7.der
Signature verification succeeds
[TLS] Server time: 1619472597
[TLS] client_random  (32): 983A016105CA005BF46AD21E1B8A63B4804BF8AB7A620469754E259530F249C6
[TLS] sign_hash (32): 1F8C7D6E9205BFEBCF3FCFFEAAE1317B40007EF778B03DB1B4D049746214086F
[TLS] Written transcript to proofs/MSG_TLS_983A0161.out, proofs/SIG_TLS_983A0161.out and proofs/PK_TLS_983A0161.der
Signature verification succeeds
[TLS] Server time: 1619472597
[TLS] client_random  (32): 170389B9780D27FF176B2D4BE42A5C623D0A7883249D33F1922246A9E2A48176
[TLS] sign_hash (32): C54F96E83C2CED3DBD7599D25AD8F445B08620332F5A7F198D6EA80A927BD9DB
[TLS] Written transcript to proofs/MSG_TLS_170389B9.out, proofs/SIG_TLS_170389B9.out and proofs/PK_TLS_170389B9.der
Signature verification succeeds
[TLS] Server time: 1619472597
[TLS] client_random  (32): ECA09BAB6E6BEBBF7D954ABF208E4DF847D98DF032E480B732FE0C55E2C5FA6C
[TLS] sign_hash (32): B8260562B1B97849CAAAF4F87551F9520027B9C818EB3FB541AA71BE4508FF87
[TLS] Written transcript to proofs/MSG_TLS_ECA09BAB.out, proofs/SIG_TLS_ECA09BAB.out and proofs/PK_TLS_ECA09BAB.der
Signature verification succeeds
[TLS] Server time: 1619472597
[TLS] client_random  (32): BDC26C07C2803402C141A4B2262DFFAB683379C9E3B0EE4B46032D67164F4909
[TLS] sign_hash (32): E6CF552DACE00980014B6F40B8D916DEFDB77743DDAB81ED2579350C0F8FA6F1
[TLS] Written transcript to proofs/MSG_TLS_BDC26C07.out, proofs/SIG_TLS_BDC26C07.out and proofs/PK_TLS_BDC26C07.der
Signature verification succeeds
[TLS] Server time: 1619472597
[TLS] client_random  (32): AEAE86E1AC35EEAF699E6E182E886D992D0650E8A715975DAA946303AECA6399
[TLS] sign_hash (32): 7AC022E44993F2788534977C15E5A4A39E8A9558E8C1A82E138CB66DB9970672
[TLS] Written transcript to proofs/MSG_TLS_AEAE86E1.out, proofs/SIG_TLS_AEAE86E1.out and proofs/PK_TLS_AEAE86E1.der
Signature verification succeeds
[TLS] Server time: 1619472597
[TLS] client_random  (32): D33B11846EEF9D986615241D944F3FE1C81C13A451AD8B70509D9FE3524D34BC
[TLS] sign_hash (32): A5C4035830C22EA8E52E6E235EAF755E3C1046CFD0B45BE24C2B8C3D232DDD10
[TLS] Written transcript to proofs/MSG_TLS_D33B1184.out, proofs/SIG_TLS_D33B1184.out and proofs/PK_TLS_D33B1184.der
Signature verification succeeds
[TLS] Server time: 1619472597
[TLS] client_random  (32): 7CC5072BDB8BA3C2045DA0EFA8111B45BD29445C351D64AFD95F08AC9AC69CAF
[TLS] sign_hash (32): 38F2432D2549CD261AAA833B56AA808BE2EF57224253E54C9062060716C0ECBC
[TLS] Written transcript to proofs/MSG_TLS_7CC5072B.out, proofs/SIG_TLS_7CC5072B.out and proofs/PK_TLS_7CC5072B.der
Signature verification succeeds
[TLS] Server time: 1619472597
[TLS] client_random  (32): 48C63354B0C912BFEDE3CDABA3E3AC6E19E63E81DE54C6B482A095161D8A6AF1
[TLS] sign_hash (32): 022E4C827B653B14FC8DE6D41CABFBF1FECA3E2D69C2224127384DBCCA53BB95
[TLS] Written transcript to proofs/MSG_TLS_48C63354.out, proofs/SIG_TLS_48C63354.out and proofs/PK_TLS_48C63354.der
Signature verification succeeds
[TLS] Server time: 1619472597
[TLS] client_random  (32): AC78EA338B31C9F82927918ED6328D0B28685DC91A7A249F9A3314A500018B6D
[TLS] sign_hash (32): 9FCE6976F1DA35C1C5EB30EA063401F81291ECA1BBDAE0F02F7ADBB906D193D4
[TLS] Written transcript to proofs/MSG_TLS_AC78EA33.out, proofs/SIG_TLS_AC78EA33.out and proofs/PK_TLS_AC78EA33.der
Signature verification succeeds
[TLS] Server time: 1619472597
[TLS] client_random  (32): A8A39C2B6476BAE00DF1287617463C6D07BE194A5BECDD5098F2BEAB4CEE7658
[TLS] sign_hash (32): 999364D38BB802CC02F90A50E67E72843B5005DE8A8B7B70AB477856F51F0D08
[TLS] Written transcript to proofs/MSG_TLS_A8A39C2B.out, proofs/SIG_TLS_A8A39C2B.out and proofs/PK_TLS_A8A39C2B.der
Signature verification succeeds
[TLS] Server time: 1619472597
[TLS] client_random  (32): E37C07FE0808BAB319AF8CBE1D2692EE10065EF89E418737CB6ECA0CD63950FB
[TLS] sign_hash (32): 7AB323074D6C263F17770B5AC16B5E03623DA534256D67B7B244AC24D66232E1
[TLS] Written transcript to proofs/MSG_TLS_E37C07FE.out, proofs/SIG_TLS_E37C07FE.out and proofs/PK_TLS_E37C07FE.der
Signature verification succeeds
[TLS] Server time: 1619472597
[TLS] client_random  (32): DB8E2EBF4C074F40B7860537A7C082281CF5534290D5AF190DA0100D298D444B
[TLS] sign_hash (32): E8224F8A00F0E7C58A05D95238B8203822457C5B395E43D98BE69BE209780BB8
[TLS] Written transcript to proofs/MSG_TLS_DB8E2EBF.out, proofs/SIG_TLS_DB8E2EBF.out and proofs/PK_TLS_DB8E2EBF.der
Signature verification succeeds
[TLS] Server time: 1619472597
[TLS] client_random  (32): FC6B07EC47690014D46FA77AC378DFA8A1A8CB3A8350D8490572FFC2BDD1A462
[TLS] sign_hash (32): B95D45613F595D8FDE8EF613775152CC870EC7415FBAD0DCAE609914B1F2EA67
[TLS] Written transcript to proofs/MSG_TLS_FC6B07EC.out, proofs/SIG_TLS_FC6B07EC.out and proofs/PK_TLS_FC6B07EC.der
Signature verification succeeds
[TLS] Server time: 1619472597
[TLS] client_random  (32): 901F0359BA27F606D4A1C6C237B4A138F6CCB1B04B043E435C1BC0A7D17F2565
[TLS] sign_hash (32): BD5ACEA0F938FE8E2C2C6CBA7F242F4ADD358A7FD9D139B6F78F7DA9F2195098
[TLS] Written transcript to proofs/MSG_TLS_901F0359.out, proofs/SIG_TLS_901F0359.out and proofs/PK_TLS_901F0359.der
Signature verification succeeds
[TLS] Server time: 1619472597
[TLS] client_random  (32): A5F28CAA5DE48608E59841F8856297C5F6E9E6610F6EC95BDA0C5125D4993CE9
[TLS] sign_hash (32): FCF870DA856A1A92179DC1DAAD21A9650A2792ABFD402B9D576D26859E4465FB
[TLS] Written transcript to proofs/MSG_TLS_A5F28CAA.out, proofs/SIG_TLS_A5F28CAA.out and proofs/PK_TLS_A5F28CAA.der
Signature verification succeeds
[TLS] Server time: 1619472597
[TLS] client_random  (32): CED2E03199AD43A8A38CF0C018735ACA74936B61D4770F46C792DF99B079FADB
[TLS] sign_hash (32): 19BCA38EC3929F50BB87E0A1882A74FB37B89158CFC9F5FF3FD872A3E80E86D4
[TLS] Written transcript to proofs/MSG_TLS_CED2E031.out, proofs/SIG_TLS_CED2E031.out and proofs/PK_TLS_CED2E031.der
Signature verification succeeds
[TLS] Server time: 1619472597
[TLS] client_random  (32): 0D928C35D559ADC80D506363B42A9F7BD1F7161CD01F91FBAC593ED1D8677354
[TLS] sign_hash (32): EF3024EBCBD509DAD986A69E76061A28C673F4CF3EC0CE6DDBB3D16B40F0C453
[TLS] Written transcript to proofs/MSG_TLS_0D928C35.out, proofs/SIG_TLS_0D928C35.out and proofs/PK_TLS_0D928C35.der
Signature verification succeeds
[TLS] Server time: 1619472597
[TLS] client_random  (32): 7F3A7A71B4913292AED36965BCF1E5BCBAE40C9E2B602DD83681EF06B5A1770B
[TLS] sign_hash (32): A91BC86429B94A7A8F8F79BE3A224B56636DFFE9A040F028BB6F78986FD37529
[TLS] Written transcript to proofs/MSG_TLS_7F3A7A71.out, proofs/SIG_TLS_7F3A7A71.out and proofs/PK_TLS_7F3A7A71.der
Signature verification succeeds
[TLS] Server time: 1619472597
[TLS] client_random  (32): 0789F784CAB5C68DB9521AB2E501879C835754DA3352057C2F4C37152258274E
[TLS] sign_hash (32): 93A7861F116D99BDB3470E0E1F95FA872786EE957AA0C19CE621E1275773945F
[TLS] Written transcript to proofs/MSG_TLS_0789F784.out, proofs/SIG_TLS_0789F784.out and proofs/PK_TLS_0789F784.der
Signature verification succeeds
[TLS] Server time: 1619472597
[TLS] client_random  (32): BFC1C0BAF95CD8A477FAA2E89990298B084B48EADEDCC24AB230007B642B6D65
[TLS] sign_hash (32): FD80D3819FDBA24BE64C9EC58B3CD60C9AEC0A039EC04F8CF4FD194032599046
[TLS] Written transcript to proofs/MSG_TLS_BFC1C0BA.out, proofs/SIG_TLS_BFC1C0BA.out and proofs/PK_TLS_BFC1C0BA.der
Signature verification succeeds
[TLS] Server time: 1619472597
[TLS] client_random  (32): 58155478F8D982FC16DB3CC5C302DA056813839CEF3999C0D3FE9E067DE348D8
[TLS] sign_hash (32): 4B60F915726C4988147533C5E376F552D109F5671D839917D5046BABA844D45D
[TLS] Written transcript to proofs/MSG_TLS_58155478.out, proofs/SIG_TLS_58155478.out and proofs/PK_TLS_58155478.der
Signature verification succeeds
[TLS] Server time: 1619472597
[TLS] client_random  (32): B2B61809AA7F6DA62A5EC8475BC3873A2803F4C5499C8FCA668BF8C337F75CB9
[TLS] sign_hash (32): 8240264B95A7288F605EC042204F30735E7801B0CB2D063BAB94D40D6EE96C90
[TLS] Written transcript to proofs/MSG_TLS_B2B61809.out, proofs/SIG_TLS_B2B61809.out and proofs/PK_TLS_B2B61809.der
Signature verification succeeds
[TLS] Server time: 1619472597
[TLS] client_random  (32): FFC699008781856A9017A52D6854B740AEE75334DE37D51F8331E19E8D8DA31A
[TLS] sign_hash (32): C8B447503610BDF3BD7E4997FCC06F930B2B10D1DB28EE5885807251FA0CBF3A
[TLS] Written transcript to proofs/MSG_TLS_FFC69900.out, proofs/SIG_TLS_FFC69900.out and proofs/PK_TLS_FFC69900.der
Signature verification succeeds
[TLS] Server time: 1619472597
[TLS] client_random  (32): CC795CB5E0027355BD85E16BD043355BE68A53E35BF94174669A4AF952F408DC
[TLS] sign_hash (32): 8B7D1DD1664A62E58F466EFFB4B48B7AF7A900914D765999FC06F5F9E83C5AF0
[TLS] Written transcript to proofs/MSG_TLS_CC795CB5.out, proofs/SIG_TLS_CC795CB5.out and proofs/PK_TLS_CC795CB5.der
Signature verification succeeds
[TLS] Server time: 1619472597
[TLS] client_random  (32): 228E524C2488BCBF988DEE034BA60D5B948909746B9DFDE51D55BBBC1EFFE850
[TLS] sign_hash (32): BF4D933718B377FDEFE14781C347F62678DFEAF6A0E333F46C34490A8E0663D8
[TLS] Written transcript to proofs/MSG_TLS_228E524C.out, proofs/SIG_TLS_228E524C.out and proofs/PK_TLS_228E524C.der
Signature verification succeeds
[TLS] Server time: 1619472597
[TLS] client_random  (32): 603BB5AA4F9C79F8DF6C1CBF0FD47E4019B53278BBDCF7839B155E7A6CDB8697
[TLS] sign_hash (32): 616E0C027D4D377EEA125647960F66ADB002B014FD6BA8E80F6D55D29F8473A6
[TLS] Written transcript to proofs/MSG_TLS_603BB5AA.out, proofs/SIG_TLS_603BB5AA.out and proofs/PK_TLS_603BB5AA.der
Signature verification succeeds
[TLS] Server time: 1619472597
[TLS] client_random  (32): C69A5463E43B51309C797803309CF204599AA8A1273F76E2EB3B3334E276FA34
[TLS] sign_hash (32): B5887375E5D3D67AE640813EBC527041CBD8B0B4080EB4A1025C0724879B991C
[TLS] Written transcript to proofs/MSG_TLS_C69A5463.out, proofs/SIG_TLS_C69A5463.out and proofs/PK_TLS_C69A5463.der
Signature verification succeeds
[TLS] Server time: 1619472597
[TLS] client_random  (32): C70274A767EE477B38E455A294A875A165FDBC7C7EE7291D3C7D34CAB74D2955
[TLS] sign_hash (32): BBD42241EEE3FDC8D503F2416E7E77029220A0E3906D5AD180965DEC7B13E8A7
[TLS] Written transcript to proofs/MSG_TLS_C70274A7.out, proofs/SIG_TLS_C70274A7.out and proofs/PK_TLS_C70274A7.der
Signature verification succeeds
[TLS] Server time: 1619472597
[TLS] client_random  (32): AF9DEE40315BC2227DC00F9B28BDB11F5DB66AD741AD04B2887F6800C199CE4D
[TLS] sign_hash (32): 5B4C418FE49C649751C4012D68105BF9295FC1095790FB8A2E6374F62C4111DE
[TLS] Written transcript to proofs/MSG_TLS_AF9DEE40.out, proofs/SIG_TLS_AF9DEE40.out and proofs/PK_TLS_AF9DEE40.der
Signature verification succeeds
[TLS] Server time: 1619472597
[TLS] client_random  (32): 60D91E7DB129FCD6EE5EF584552EC4290155C6A5CA2B11B14172CC4C5D664345
[TLS] sign_hash (32): 233D5BF377DF19E45862B8242227840FFEBDA9D5FD2534C256CEE88107546AF1
[TLS] Written transcript to proofs/MSG_TLS_60D91E7D.out, proofs/SIG_TLS_60D91E7D.out and proofs/PK_TLS_60D91E7D.der
Signature verification succeeds
[TLS] Server time: 1619472597
[TLS] client_random  (32): 51A18BB5EEC3092D51828FF594D27D97471E890CCAA502791B007CF9F323A9C4
[TLS] sign_hash (32): 1FEFCFDBDA67D87D5BB3392B858B1F2EC0EBA19E43191DE02EFEE91D00AEC849
[TLS] Written transcript to proofs/MSG_TLS_51A18BB5.out, proofs/SIG_TLS_51A18BB5.out and proofs/PK_TLS_51A18BB5.der
Signature verification succeeds
[TLS] Server time: 1619472597
[TLS] client_random  (32): B398DB6D84CE000A383A398BFF09206D7159B95C677F844CC7037C14329BA91C
[TLS] sign_hash (32): 14C2E80E80D17A08475A99D4B5D8C0CD786B44F3501E757E6DA8C87EA985106C
[TLS] Written transcript to proofs/MSG_TLS_B398DB6D.out, proofs/SIG_TLS_B398DB6D.out and proofs/PK_TLS_B398DB6D.der
Signature verification succeeds
[TLS] Server time: 1619472597
[TLS] client_random  (32): 158660DCBCCB36114C00EFE8523123A6B146AFB8CED93DBCF74605D70645D4B8
[TLS] sign_hash (32): F78DD6E466D94B69E9295F1F58A2F30544C2FCB400A78DAD18C4D03502F0C075
[TLS] Written transcript to proofs/MSG_TLS_158660DC.out, proofs/SIG_TLS_158660DC.out and proofs/PK_TLS_158660DC.der
Signature verification succeeds
[TLS] Server time: 1619472597
[TLS] client_random  (32): D24D6249C12EBD395FD0CC25E399854E7C858CE462E19E6A6A3337842455EA6A
[TLS] sign_hash (32): DDD303BEAE85109B6A3D6D47C328C1F3CB3B82455ED5B98D0C49705EFC3936DD
[TLS] Written transcript to proofs/MSG_TLS_D24D6249.out, proofs/SIG_TLS_D24D6249.out and proofs/PK_TLS_D24D6249.der
Signature verification succeeds
[TLS] Server time: 1619472597
[TLS] client_random  (32): 231DA49CBD6A3658DDE644B3C6C99B03752D33D0D6E4F44FC76B52EEC5A239ED
[TLS] sign_hash (32): FB0D63D28EFAE62645F3A4B1F29D48F1B7380E73B6639DB9DDD30D1A392C3368
[TLS] Written transcript to proofs/MSG_TLS_231DA49C.out, proofs/SIG_TLS_231DA49C.out and proofs/PK_TLS_231DA49C.der
Signature verification succeeds
[TLS] Server time: 1619472597
[TLS] client_random  (32): 14F4AFB0D4F8CC209CC8AFF0253065E257A9E6F739CE3602CC2016C0576E8B13
[TLS] sign_hash (32): 27BD1337AC563AF552ED3492D0F48D26A666C50BE586CAA056112034BACC7E39
[TLS] Written transcript to proofs/MSG_TLS_14F4AFB0.out, proofs/SIG_TLS_14F4AFB0.out and proofs/PK_TLS_14F4AFB0.der
Signature verification succeeds
[TLS] Server time: 1619472598
[TLS] client_random  (32): 29187A144500A339ED9B27652D55702FDC4C121B9F21CBDAA8F24E7A492CE60D
[TLS] sign_hash (32): AF5A49057802772620649B1C57448D90E0EEAE63615C89B6D9CFD378C2FD157B
[TLS] Written transcript to proofs/MSG_TLS_29187A14.out, proofs/SIG_TLS_29187A14.out and proofs/PK_TLS_29187A14.der
Signature verification succeeds
[TLS] Server time: 1619472598
[TLS] client_random  (32): E49197FE6B5DFC163FD9F20D5F48C4915F6CFF3889F6DBFDA7802C4AFC7EB44B
[TLS] sign_hash (32): 33264E7DF346DBF1BF04667E0D7D6D196C4E4FDC6E7B696F9351549FD6EA7D5B
[TLS] Written transcript to proofs/MSG_TLS_E49197FE.out, proofs/SIG_TLS_E49197FE.out and proofs/PK_TLS_E49197FE.der
Signature verification succeeds
[TLS] Server time: 1619472598
[TLS] client_random  (32): AC896627B104545283B7D3E776D75EF4AE81980A97ABDC2BA7AD3310EF41677F
[TLS] sign_hash (32): 3BD11721942AB00F8E1234A634DB491E8485AB5786270F5CD5408E275914F50B
[TLS] Written transcript to proofs/MSG_TLS_AC896627.out, proofs/SIG_TLS_AC896627.out and proofs/PK_TLS_AC896627.der
Signature verification succeeds
[TLS] Server time: 1619472598
[TLS] client_random  (32): 31C5F55BC422853A66669D8141166FE10FD2245CEBBC32D1A7018ABC89655FD2
[TLS] sign_hash (32): E35A7BA16CB81E480AB1F1891856D6CB2968C4214674EBD531AF2BD578633558
[TLS] Written transcript to proofs/MSG_TLS_31C5F55B.out, proofs/SIG_TLS_31C5F55B.out and proofs/PK_TLS_31C5F55B.der
Signature verification succeeds
[TLS] Server time: 1619472598
[TLS] client_random  (32): A7A966EE7CE5995E31F6667633D9C307E8C038B3378976F80F49B0CC663BBE92
[TLS] sign_hash (32): 064D3BF7112FD854C98E89EF11AFC5288934D1C9CEABD9ACF9D20EBB6FC8531A
[TLS] Written transcript to proofs/MSG_TLS_A7A966EE.out, proofs/SIG_TLS_A7A966EE.out and proofs/PK_TLS_A7A966EE.der
Signature verification succeeds
[TLS] Server time: 1619472598
[TLS] client_random  (32): F90CB85FD2C86D90DB38D15D711AF0CB09611FE9DE0E92C0722C1102C91027FC
[TLS] sign_hash (32): 65BE0DF517A082455FC4DA73536A5A3E5347CA959E36FE76A2D74F277989B6EB
[TLS] Written transcript to proofs/MSG_TLS_F90CB85F.out, proofs/SIG_TLS_F90CB85F.out and proofs/PK_TLS_F90CB85F.der
Signature verification succeeds
[TLS] Server time: 1619472598
[TLS] client_random  (32): D99801294089A2E3A2582C2ABD93D1995C9C646D5754A20BE10E78174B22CC21
[TLS] sign_hash (32): 543A24473634A596872A5ADC0317C954CC805EFC4DE1F745FCD3C61BEE07749A
[TLS] Written transcript to proofs/MSG_TLS_D9980129.out, proofs/SIG_TLS_D9980129.out and proofs/PK_TLS_D9980129.der
Signature verification succeeds
[TLS] Server time: 1619472598
[TLS] client_random  (32): 59488611662F46A325CE4FD0AA55457D4909B224710A678531C0DFBD469AC897
[TLS] sign_hash (32): A8AEBA1D4A28A9DCD52F15BFE4048BE31FFD7306BEE12EB0DE7B8FD54405F44F
[TLS] Written transcript to proofs/MSG_TLS_59488611.out, proofs/SIG_TLS_59488611.out and proofs/PK_TLS_59488611.der
Signature verification succeeds
[TLS] Server time: 1619472598
[TLS] client_random  (32): EC7977135EFE0070DC32E501C658B67A95726798D81F40C96442FA675DC7C22C
[TLS] sign_hash (32): 31A504EE9080EC9FC96501DD9B3AA5C42C6009A70F23572DE36DAAED3FEC2A1A
[TLS] Written transcript to proofs/MSG_TLS_EC797713.out, proofs/SIG_TLS_EC797713.out and proofs/PK_TLS_EC797713.der
Signature verification succeeds
[TLS] Server time: 1619472598
[TLS] client_random  (32): 77593074B5EA6FCE31F0F4AFCEFAEFB2706D82DCACB54AA1758025D570135FE1
[TLS] sign_hash (32): 717FA08F2521315A8272743DD6B2CFAD6B495A32DBC54293235E45B6B64A7485
[TLS] Written transcript to proofs/MSG_TLS_77593074.out, proofs/SIG_TLS_77593074.out and proofs/PK_TLS_77593074.der
Signature verification succeeds
[TLS] Server time: 1619472598
[TLS] client_random  (32): A4FCB0E17B0230E365C48880602C047D2AC9DBFE319C1B7BC0E954A79F45891D
[TLS] sign_hash (32): 7E082D18AA8D82F50BD5CE16AF9B95D71CB955568901955AB3DC73CE18BE5DCF
[TLS] Written transcript to proofs/MSG_TLS_A4FCB0E1.out, proofs/SIG_TLS_A4FCB0E1.out and proofs/PK_TLS_A4FCB0E1.der
Signature verification succeeds
[TLS] Server time: 1619472598
[TLS] client_random  (32): AEFDE74FFE3774BFAACC7CDFCA715FA0A8DBB13D316AB11874532B74C018B433
[TLS] sign_hash (32): 36650686FF44D2697E343981F5C025DAB0900E6F745F4CF4E7AAF437D5AAEF65
[TLS] Written transcript to proofs/MSG_TLS_AEFDE74F.out, proofs/SIG_TLS_AEFDE74F.out and proofs/PK_TLS_AEFDE74F.der
Signature verification succeeds
[TLS] Server time: 1619472598
[TLS] client_random  (32): 0C4E46B4C26DAD505BA6D068AF583B47DD6EC353F4342C579437AFFA553B4DF1
[TLS] sign_hash (32): 8CE8D0C3426810234422BC49EDB4F273666226BDA329F7C3F99871A3ABEBE2E9
[TLS] Written transcript to proofs/MSG_TLS_0C4E46B4.out, proofs/SIG_TLS_0C4E46B4.out and proofs/PK_TLS_0C4E46B4.der
Signature verification succeeds
[TLS] Server time: 1619472598
[TLS] client_random  (32): 03309C5C704136DCC8D5FDC28DDEA424B909C8DA4A3A51C5BAF08AF9F6AA45DA
[TLS] sign_hash (32): 6040BE1C214481742F143B2F5D6A890E807764C9F6785C7156C7464732D84831
[TLS] Written transcript to proofs/MSG_TLS_03309C5C.out, proofs/SIG_TLS_03309C5C.out and proofs/PK_TLS_03309C5C.der
Signature verification succeeds
[TLS] Server time: 1619472598
[TLS] client_random  (32): 77B7B9A58BE7812D710F5595AC483E04618B7ABEF8FE77D3EAD17BEE8E8F3758
[TLS] sign_hash (32): 56B8F635F07D8045A83C5052415AD2B90140180F730CC996F95FD3E8CBD5A71F
[TLS] Written transcript to proofs/MSG_TLS_77B7B9A5.out, proofs/SIG_TLS_77B7B9A5.out and proofs/PK_TLS_77B7B9A5.der
Signature verification succeeds
[TLS] Server time: 1619472598
[TLS] client_random  (32): E6535F21190C39FCE158D4ACB106F25D3498E89F33293A7C91B0D1D558745833
[TLS] sign_hash (32): 8FED7F295FFA21CF5C187619D15AB46940328A1E9518AABECBEB675E6074E523
[TLS] Written transcript to proofs/MSG_TLS_E6535F21.out, proofs/SIG_TLS_E6535F21.out and proofs/PK_TLS_E6535F21.der
Signature verification succeeds
[TLS] Server time: 1619472598
[TLS] client_random  (32): 1CCC66EDF903EF4FEA5073DF2351F2794C1CCC5E83A709010C487767B9C97FA2
[TLS] sign_hash (32): FFE7D29D913044292CCBEF7C5ACAF4CA49BEA9869EA2B731EFD7E595BE83973E
[TLS] Written transcript to proofs/MSG_TLS_1CCC66ED.out, proofs/SIG_TLS_1CCC66ED.out and proofs/PK_TLS_1CCC66ED.der
Signature verification succeeds
[TLS] Server time: 1619472598
[TLS] client_random  (32): B6A218EF3BB564CF013B4A153634A47B617E0E2314D352B2386D9DB45520BFA5
[TLS] sign_hash (32): 557973E90161BCDE8606C489BB7EAE9C8EE7F5F0543FD5FC3A6209824573DBD4
[TLS] Written transcript to proofs/MSG_TLS_B6A218EF.out, proofs/SIG_TLS_B6A218EF.out and proofs/PK_TLS_B6A218EF.der
Signature verification succeeds
[TLS] Server time: 1619472598
[TLS] client_random  (32): 867753F6ECE5A04D6488CE5CEB2D4DB0C5BE9D7603E1595E1E9040F3573364F8
[TLS] sign_hash (32): 1548A63BD4C804CF01463EDB9CC557BC942468391A0868FAD26CA73409517517
[TLS] Written transcript to proofs/MSG_TLS_867753F6.out, proofs/SIG_TLS_867753F6.out and proofs/PK_TLS_867753F6.der
Signature verification succeeds
[TLS] Server time: 1619472598
[TLS] client_random  (32): C51C76C684B425C70C00B859244E93BD5ADA390902E9298A098068006A1B1ADD
[TLS] sign_hash (32): 57D9BED64F4916FA19C3D5131B007C2BBA5522474E28A54A5E32132856A27789
[TLS] Written transcript to proofs/MSG_TLS_C51C76C6.out, proofs/SIG_TLS_C51C76C6.out and proofs/PK_TLS_C51C76C6.der
Signature verification succeeds
[TLS] Server time: 1619472598
[TLS] client_random  (32): FF45B0F37196FE6571672F1B980BDC5B4C5AC80A370FA672F6622629DB0A081F
[TLS] sign_hash (32): B2AE701B35B0BE75267499B8B0835CC093A509063BEB16BC600D3AB4EBEDF2C8
[TLS] Written transcript to proofs/MSG_TLS_FF45B0F3.out, proofs/SIG_TLS_FF45B0F3.out and proofs/PK_TLS_FF45B0F3.der
Signature verification succeeds
[TLS] Server time: 1619472598
[TLS] client_random  (32): 0528E1DB8B598A16444A075F90A1FC5CF88F27EFB9A1C98D8BA850500698DA58
[TLS] sign_hash (32): 335AAAC0B04DA696DC21D89CABA176AE4D448B738C0A10ACCE4377221EC4FF69
[TLS] Written transcript to proofs/MSG_TLS_0528E1DB.out, proofs/SIG_TLS_0528E1DB.out and proofs/PK_TLS_0528E1DB.der
Signature verification succeeds
[TLS] Server time: 1619472598
[TLS] client_random  (32): 295728115AB5C9ADB6BDD575DFA4D3C474370AE61F721D30D9D000F0828E4FDC
[TLS] sign_hash (32): 1A1530EBB4A6354085F16867B13053C72BADC6221091E81B9CB54B97C8C4F80E
[TLS] Written transcript to proofs/MSG_TLS_29572811.out, proofs/SIG_TLS_29572811.out and proofs/PK_TLS_29572811.der
Signature verification succeeds
[TLS] Server time: 1619472598
[TLS] client_random  (32): 81146872F80FFB1B57093770183F2F2350DFD17352FD3426B6EE8127573EF204
[TLS] sign_hash (32): 71F613008C4AD9F391579042D111C3BC58B50024F81E9EF8BEF59BFBC5E0C2E2
[TLS] Written transcript to proofs/MSG_TLS_81146872.out, proofs/SIG_TLS_81146872.out and proofs/PK_TLS_81146872.der
Signature verification succeeds
[TLS] Server time: 1619472598
[TLS] client_random  (32): 45A532A7877684DD24E2D704FB862A3AAA2F5E9B6814A4F3CCBEB6F4B5C509C8
[TLS] sign_hash (32): 059D5763715B8198D5484A3C70CB93575F3416A80150535E4B575BFF963812A4
[TLS] Written transcript to proofs/MSG_TLS_45A532A7.out, proofs/SIG_TLS_45A532A7.out and proofs/PK_TLS_45A532A7.der
Signature verification succeeds
[TLS] Server time: 1619472598
[TLS] client_random  (32): E35082287D03436AFE0506B656A8D43992DFF6DECA2570B4A3074EE2E33839BE
[TLS] sign_hash (32): A2BCC81591EE480E7E8E623E2BE2B471B3BCA560CAA88F2DBE68B3EFE925E61D
[TLS] Written transcript to proofs/MSG_TLS_E3508228.out, proofs/SIG_TLS_E3508228.out and proofs/PK_TLS_E3508228.der
Signature verification succeeds
[TLS] Server time: 1619472598
[TLS] client_random  (32): 4B0537A53387576696E63ECC7EF9AD02C17A057CAEF9ACFE48C5F6743A1425CB
[TLS] sign_hash (32): D3BACC76B8630684A12DB08364C94BE9E017B9A90CD4A18AE37D0EC253A83638
[TLS] Written transcript to proofs/MSG_TLS_4B0537A5.out, proofs/SIG_TLS_4B0537A5.out and proofs/PK_TLS_4B0537A5.der
Signature verification succeeds
[TLS] Server time: 1619472598
[TLS] client_random  (32): 6817A7870194B24FD1FF87426B614120220DAC27B97CFF35735C2411BDD10FB7
[TLS] sign_hash (32): B3B024C2D5B2C119E0611072AD4B5E027A50CD05F8B2DECFF309E18251C00872
[TLS] Written transcript to proofs/MSG_TLS_6817A787.out, proofs/SIG_TLS_6817A787.out and proofs/PK_TLS_6817A787.der
Signature verification succeeds
[TLS] Server time: 1619472598
[TLS] client_random  (32): DF2714E6722663BB4AFAE6F6654128BDB5047A6A7B4A3CDFE2358A5D6F2BEBCD
[TLS] sign_hash (32): CA88F8E39BCFDF85036AB39B8F9909F058E21DD8DCCB8136A6F1FC4377E7787B
[TLS] Written transcript to proofs/MSG_TLS_DF2714E6.out, proofs/SIG_TLS_DF2714E6.out and proofs/PK_TLS_DF2714E6.der
Signature verification succeeds
[TLS] Server time: 1619472598
[TLS] client_random  (32): 273C7CB6F1070F46F92A7E0D44394232CECE724C2B0266E7D44DF2C36A410F6B
[TLS] sign_hash (32): 72E1435ADE950C399CDD429029DEFBE2FEA99D2A9B0B682E2DBB21CF0CE3A0FF
[TLS] Written transcript to proofs/MSG_TLS_273C7CB6.out, proofs/SIG_TLS_273C7CB6.out and proofs/PK_TLS_273C7CB6.der
Signature verification succeeds
[TLS] Server time: 1619472598
[TLS] client_random  (32): 259B74F576F9D0F428F8A4890DAEBD7E3340090CF9D59186CBAFD2FEFC48A147
[TLS] sign_hash (32): 32910B88B9A16AFED009ED3FEAB7651F6D71B81F7D72449A539A5CB56087645D
[TLS] Written transcript to proofs/MSG_TLS_259B74F5.out, proofs/SIG_TLS_259B74F5.out and proofs/PK_TLS_259B74F5.der
Signature verification succeeds
[TLS] Server time: 1619472598
[TLS] client_random  (32): 2A3200A6A68B30EDCA2929066635F299A40C5AB2337FBA7713D8F4DC2BC919A8
[TLS] sign_hash (32): 69E7311B662934E2798E0193F0A5DC19E00E71094F4B34E6EE516272AF72DA3C
[TLS] Written transcript to proofs/MSG_TLS_2A3200A6.out, proofs/SIG_TLS_2A3200A6.out and proofs/PK_TLS_2A3200A6.der
Signature verification succeeds
[TLS] Server time: 1619472598
[TLS] client_random  (32): EB4849DBE76F120F2F10832B3BD00B1E7C74284ABC120C2E1F7A21BAA578ADA6
[TLS] sign_hash (32): 344D882F8967B0E09C686A74D537A7880A846049B7C31A2F9CBEB0D8AE09B79E
[TLS] Written transcript to proofs/MSG_TLS_EB4849DB.out, proofs/SIG_TLS_EB4849DB.out and proofs/PK_TLS_EB4849DB.der
Signature verification succeeds
[TLS] Server time: 1619472598
[TLS] client_random  (32): 6095481BA69F9C87E0549DB026FBE87275D204FB7E4F97F9DDFC18F9E420C911
[TLS] sign_hash (32): 6FD0F3977CA0DDAE16BD392B6ACBCAA6F0129945BC9E5A6FECD39303823A77A4
[TLS] Written transcript to proofs/MSG_TLS_6095481B.out, proofs/SIG_TLS_6095481B.out and proofs/PK_TLS_6095481B.der
Signature verification succeeds
[TLS] Server time: 1619472598
[TLS] client_random  (32): 21EBEE17DE7F91B43DD72CB08525AE463780E86C0A08F600CAA3077945D38EF8
[TLS] sign_hash (32): BCEE00CB26BCBE75A9E88D056AE7A074B4580B7FD47EF4F1D69C48AE4CD8D1D4
[TLS] Written transcript to proofs/MSG_TLS_21EBEE17.out, proofs/SIG_TLS_21EBEE17.out and proofs/PK_TLS_21EBEE17.der
Signature verification succeeds
[TLS] Server time: 1619472598
[TLS] client_random  (32): 3F4F71A19936A372C020A039841A4D9DEBF16A0CA19F0911A91BCAC0E4451CB0
[TLS] sign_hash (32): F9EB1111850EE3EB2DBF5795C4994C4FFED179EFE031970DC5020855CDA218CC
[TLS] Written transcript to proofs/MSG_TLS_3F4F71A1.out, proofs/SIG_TLS_3F4F71A1.out and proofs/PK_TLS_3F4F71A1.der
Signature verification succeeds
[TLS] Server time: 1619472598
[TLS] client_random  (32): F99D987FF60DFE4AA27A8804331A63034C8F02136894DEF595FBDA80E564020C
[TLS] sign_hash (32): D90BBC2653B9CF78293214D4B9ABD601586B7CB24CB482C71CAC93CAE6ECAF5E
[TLS] Written transcript to proofs/MSG_TLS_F99D987F.out, proofs/SIG_TLS_F99D987F.out and proofs/PK_TLS_F99D987F.der
Signature verification succeeds
[TLS] Server time: 1619472598
[TLS] client_random  (32): E53CC3E7E8AC7E49555BE9C674704754FEF5E5BC0FBF8561A126D03611B4C70C
[TLS] sign_hash (32): 8D234A18ADFD79C3E724AE215EDF25F1226664695CC45FBBD1203F45F468D0CB
[TLS] Written transcript to proofs/MSG_TLS_E53CC3E7.out, proofs/SIG_TLS_E53CC3E7.out and proofs/PK_TLS_E53CC3E7.der
Signature verification succeeds
[TLS] Server time: 1619472598
[TLS] client_random  (32): 2306E388228E24ECB42539D00AED66CB35C3450585A251FFD7618CD9E73E2F85
[TLS] sign_hash (32): FC8C3FAC3839960D9B2CF6F3C1A5C5C4C8B3446E955E6926621BEE9BF436C32C
[TLS] Written transcript to proofs/MSG_TLS_2306E388.out, proofs/SIG_TLS_2306E388.out and proofs/PK_TLS_2306E388.der
Signature verification succeeds
[TLS] Server time: 1619472598
[TLS] client_random  (32): 0700F3C01CD844A11EB33DE62F3841C3920FDD2EB367948D7E94901C988F454E
[TLS] sign_hash (32): A5959F6BB4F4C87E1B67D6A558E89900D82258DCAF3604B4299CCE9F578AADE5
[TLS] Written transcript to proofs/MSG_TLS_0700F3C0.out, proofs/SIG_TLS_0700F3C0.out and proofs/PK_TLS_0700F3C0.der
Signature verification succeeds
[TLS] Server time: 1619472598
[TLS] client_random  (32): 1119710DD8383180BD0264D0BFD30023D4EE2260E41C8FB94DD93910124BFCBD
[TLS] sign_hash (32): 197DA3964DAB7C3B273F53751BC3CF84848251D7168EFFF7E33A84043A8776DE
[TLS] Written transcript to proofs/MSG_TLS_1119710D.out, proofs/SIG_TLS_1119710D.out and proofs/PK_TLS_1119710D.der
Signature verification succeeds
[TLS] Server time: 1619472598
[TLS] client_random  (32): CE5637A9065576D99ACDAAB8886BFCE8DB9F91215FEE10BA160C3298DF15D323
[TLS] sign_hash (32): 4903511ED6AACC90CAAA3838C24F89E8A2386909E975FC81E57DCC3EA4FF3599
[TLS] Written transcript to proofs/MSG_TLS_CE5637A9.out, proofs/SIG_TLS_CE5637A9.out and proofs/PK_TLS_CE5637A9.der
Signature verification succeeds
[TLS] Server time: 1619472598
[TLS] client_random  (32): BB099C0589C9E6121A390EC929AE0444AEEB38CD54F9F86631E4DE1D3E15A072
[TLS] sign_hash (32): 0968A32D508DA8285D72EEE00AB66CD77EFBA05567E344D316FBCF3FC2D4A83E
[TLS] Written transcript to proofs/MSG_TLS_BB099C05.out, proofs/SIG_TLS_BB099C05.out and proofs/PK_TLS_BB099C05.der
Signature verification succeeds
[TLS] Server time: 1619472598
[TLS] client_random  (32): 947915CDD644C929A27E453E30012C60BD059485A6B2EC373B56B4D434B73E12
[TLS] sign_hash (32): 5C6114A574A319686328BD93CAC6C747EFB41E76C8001F0BE947A00DCE880573
[TLS] Written transcript to proofs/MSG_TLS_947915CD.out, proofs/SIG_TLS_947915CD.out and proofs/PK_TLS_947915CD.der
Signature verification succeeds
[TLS] Server time: 1619472598
[TLS] client_random  (32): 0CAC5C4679559581D2C6C18F8CC442AC885AF7733D200E9B826B7DBD1534E138
[TLS] sign_hash (32): D799607C8C698E07B168A414BFDC68BFF37999CF113C34B4DA6E74D9398E4E8B
[TLS] Written transcript to proofs/MSG_TLS_0CAC5C46.out, proofs/SIG_TLS_0CAC5C46.out and proofs/PK_TLS_0CAC5C46.der
Signature verification succeeds
[TLS] Server time: 1619472598
[TLS] client_random  (32): 41369FAE1F581B7193DAD73898FAA850EB9FC42D569100FD1AC3BEF7AFC89D64
[TLS] sign_hash (32): CB93450A4909E3B875FBD6983E26A36B6925E7DCF367500788C75B514EE97202
[TLS] Written transcript to proofs/MSG_TLS_41369FAE.out, proofs/SIG_TLS_41369FAE.out and proofs/PK_TLS_41369FAE.der
Signature verification succeeds
[TLS] Server time: 1619472598
[TLS] client_random  (32): 55E98AF4AE4E751500132B941A7D490731BD2AAECC3FFD5D81FF6800686B2175
[TLS] sign_hash (32): 1853B087D4CFEACC5AE8D0FC83841333C7350B9006867D0ABC60F444AC167DAC
[TLS] Written transcript to proofs/MSG_TLS_55E98AF4.out, proofs/SIG_TLS_55E98AF4.out and proofs/PK_TLS_55E98AF4.der
Signature verification succeeds
[TLS] Server time: 1619472598
[TLS] client_random  (32): 5A84A1055D8690E04BFB3C49327C17046CFC78C6295B84687DA8F2CC3C22925E
[TLS] sign_hash (32): 4445421057DCDC87F7CA275FFDCA3E7BAD2E8F6CB62375D70E3A15B13D63D633
[TLS] Written transcript to proofs/MSG_TLS_5A84A105.out, proofs/SIG_TLS_5A84A105.out and proofs/PK_TLS_5A84A105.der
Signature verification succeeds
[TLS] Server time: 1619472598
[TLS] client_random  (32): A053DA3BC0E36883ADE5F9AF76A8C0A1DD064EDDD69F2B962E7FBEA3D168D280
[TLS] sign_hash (32): A77D4562145546D1BE083A0A2D9B15DABBFEF2848E5F5BCBCD3CF9548E4A64BB
[TLS] Written transcript to proofs/MSG_TLS_A053DA3B.out, proofs/SIG_TLS_A053DA3B.out and proofs/PK_TLS_A053DA3B.der
Signature verification succeeds
[TLS] Server time: 1619472598
[TLS] client_random  (32): F95CFFBA6011630B8B9F6E46E5323177A90CE34AACB267FB2BA635EEC5A428A8
[TLS] sign_hash (32): 0E2CBF1E6A501C9170FF39172EBF674C0387036CC98FD1BC19FB7C93D3D2CE45
[TLS] Written transcript to proofs/MSG_TLS_F95CFFBA.out, proofs/SIG_TLS_F95CFFBA.out and proofs/PK_TLS_F95CFFBA.der
Signature verification succeeds
[TLS] Server time: 1619472598
[TLS] client_random  (32): BBF7475F806C4AC31E6863D8E838DF57ADA7285F1089CAC7D0E1AF299C872621
[TLS] sign_hash (32): 17CF780F9DB68202287ACCA93050DA9C7BDF5177159D91CA6C6AF76FB0ABD0F9
[TLS] Written transcript to proofs/MSG_TLS_BBF7475F.out, proofs/SIG_TLS_BBF7475F.out and proofs/PK_TLS_BBF7475F.der
Signature verification succeeds
[TLS] Server time: 1619472598
[TLS] client_random  (32): 93C5A6F1BEA003211014F46EE10AC0EB96D3270018DF7E57CC7F123A14DF6C1A
[TLS] sign_hash (32): 0F756FDEA4AF43A65FB636F9E37BB59C50A11501DC35EF1A9F7BB71509FBFA5F
[TLS] Written transcript to proofs/MSG_TLS_93C5A6F1.out, proofs/SIG_TLS_93C5A6F1.out and proofs/PK_TLS_93C5A6F1.der
Signature verification succeeds
[TLS] Server time: 1619472598
[TLS] client_random  (32): 2BEA8AFA90390FAFC767D34C1946029DAEA1C65515B3C103A5AE32648DC94DBE
[TLS] sign_hash (32): 07CAFF4C3965ED03DFD195595898239C643E003F0D571A88C9050403706912F9
[TLS] Written transcript to proofs/MSG_TLS_2BEA8AFA.out, proofs/SIG_TLS_2BEA8AFA.out and proofs/PK_TLS_2BEA8AFA.der
Signature verification succeeds
[TLS] Server time: 1619472598
[TLS] client_random  (32): 43469172B3E28DCBDB09073D1325AABC3C2CE4A1946ECF87CB8BBC0BE09ABAC1
[TLS] sign_hash (32): 48F8377A5E808EF9E1E68ACD4ED53BFB63C883F03961AD8B47B9E996BBCDC010
[TLS] Written transcript to proofs/MSG_TLS_43469172.out, proofs/SIG_TLS_43469172.out and proofs/PK_TLS_43469172.der
Signature verification succeeds
Time breakdown (averages): anchor_ping:7.344326 file_read:0.134580 hashing:0.470737
Total time for 123 rounds is 985.158712ms
Standard deviations: anchor_ping:0.283721 file_read:0.011573 hashing:0.005186
[Client-side ops] mean:0.605316 sd:0.012844
in & out anchor rand written to proofs/phase1.out
     70 [TLS] Server time: 1619472597
     54 [TLS] Server time: 1619472598
Count is 70
Count is 54
success: 1
RESULT: 1 in 1 tries
