TLS anchor: www.american.edu
Actual: 60, Set: 123
Beginning execution at Wed Apr 28 17:30:01 UTC 2021
CONF: anchor:www.american.edu fs:1024MB n_rounds:123 seed:5c9f4bf9bbc15bb855f82faedc5a52fc3ab2dfa8ec3ba3ce1b270f31fa0cced2 filename:FILE bs:1024 nops:100 benchmarking:0 anchor_ping:1 queue_depth:32 direct:0
[TLS] Connecting to www.american.edu
[TLS] Server time: 1619630999
[TLS] client_random  (32): 5C9F4BF9BBC15BB855F82FAEDC5A52FC3AB2DFA8EC3BA3CE1B270F31FA0CCED2
[TLS] sign_hash (32): 29078CA5E349696A12243FFEB97294E42E85A93C95084BA6BCD370BE2C6D198D
[TLS] Written transcript to proofs/MSG_TLS_5C9F4BF9.out, proofs/SIG_TLS_5C9F4BF9.out and proofs/PK_TLS_5C9F4BF9.der
Signature verification succeeds
[TLS] Server time: 1619630999
[TLS] client_random  (32): A6AE0C7DBE0562B56F40923596FB4633C9EFA3FF1C9D14FF37BA5C1A1239E3BB
[TLS] sign_hash (32): 8A4D5C807347F6D4DEBCCA24B1B8F9587A08077483CC3B46279A06BC30321E66
[TLS] Written transcript to proofs/MSG_TLS_A6AE0C7D.out, proofs/SIG_TLS_A6AE0C7D.out and proofs/PK_TLS_A6AE0C7D.der
Signature verification succeeds
[TLS] Server time: 1619630999
[TLS] client_random  (32): 5033E52E87F181C4113A8AD42D5AB1A407744482EA233989349083968B196441
[TLS] sign_hash (32): 551F405DF81FCF6F2E6D5EC7F8E3CB29E6F681E1EC4E39AE2F2EC99AB85FBC9A
[TLS] Written transcript to proofs/MSG_TLS_5033E52E.out, proofs/SIG_TLS_5033E52E.out and proofs/PK_TLS_5033E52E.der
Signature verification succeeds
[TLS] Server time: 1619630999
[TLS] client_random  (32): BD07C825EAA44AC39289EB6F34F9AACFC77EBBF424CB100A0F854426E9F7E9F2
[TLS] sign_hash (32): 09068E2C27B9950071D3027EE6AED4C63AA3EB7938A8B96C51A7AC4CF5FDCB5E
[TLS] Written transcript to proofs/MSG_TLS_BD07C825.out, proofs/SIG_TLS_BD07C825.out and proofs/PK_TLS_BD07C825.der
Signature verification succeeds
[TLS] Server time: 1619630999
[TLS] client_random  (32): 1B7507C615FDECE733D9AC9BF25721C09C045DCE931061890FFA16B12837361F
[TLS] sign_hash (32): 49089C819DBC85913D3BFBB43A1B6BDB95C71298C98A2C9B350DA0EB9B1649A1
[TLS] Written transcript to proofs/MSG_TLS_1B7507C6.out, proofs/SIG_TLS_1B7507C6.out and proofs/PK_TLS_1B7507C6.der
Signature verification succeeds
[TLS] Server time: 1619630999
[TLS] client_random  (32): 0D3095CBAD798A533C6055FB5B8547202E4D464061D58B32A0DD4816D2D4F57D
[TLS] sign_hash (32): FBADCA113F86BD540C04FE266D03F7380EFAB2F6E296FC892A68D800292AD713
[TLS] Written transcript to proofs/MSG_TLS_0D3095CB.out, proofs/SIG_TLS_0D3095CB.out and proofs/PK_TLS_0D3095CB.der
Signature verification succeeds
[TLS] Server time: 1619630999
[TLS] client_random  (32): 0CA38FC114056142B17937CF8951D499DF9CC1BE5C5841842A77440A1518FBDA
[TLS] sign_hash (32): B6D794C3EE7F2E0A0871FEC8DEEE579D826A598E3BBC074C857382EE13A29B8A
[TLS] Written transcript to proofs/MSG_TLS_0CA38FC1.out, proofs/SIG_TLS_0CA38FC1.out and proofs/PK_TLS_0CA38FC1.der
Signature verification succeeds
[TLS] Server time: 1619630999
[TLS] client_random  (32): BC6BC7F6C27D6BAB2E5612FEBE4A66A3093E65BFF7018A9F1DFF878831F470AE
[TLS] sign_hash (32): 8C9ADE15E86699A4905F33C0C6E96928CB9940CE9883BB75B26660017FEBFED1
[TLS] Written transcript to proofs/MSG_TLS_BC6BC7F6.out, proofs/SIG_TLS_BC6BC7F6.out and proofs/PK_TLS_BC6BC7F6.der
Signature verification succeeds
[TLS] Server time: 1619630999
[TLS] client_random  (32): 48515E53E8CF94A181918F119FF465E2D12EA32ECE45E182F30808B4A995F348
[TLS] sign_hash (32): 0977840618411B6DA4E6B8B956663BEACEEC56B0CE19D73FE0C70CA8B86CF5ED
[TLS] Written transcript to proofs/MSG_TLS_48515E53.out, proofs/SIG_TLS_48515E53.out and proofs/PK_TLS_48515E53.der
Signature verification succeeds
[TLS] Server time: 1619630999
[TLS] client_random  (32): 58C19E663CDCA3FAD2B77D549DB54A5B59538ED0E1DEF825728B9E5C52C03945
[TLS] sign_hash (32): CF7F972019E39C3C0D6412C761A8622ECDF190ABC5AC56957CC4AFD62A7F9BEF
[TLS] Written transcript to proofs/MSG_TLS_58C19E66.out, proofs/SIG_TLS_58C19E66.out and proofs/PK_TLS_58C19E66.der
Signature verification succeeds
[TLS] Server time: 1619630999
[TLS] client_random  (32): E8E82DA4E5920A7096C9292AA1E5DABC7FD4C29256AF28D135623EACAD09C41A
[TLS] sign_hash (32): C811190F55079A529AFCA3C71BB7A2C7AF1E61065134937C148050C132CFE7D9
[TLS] Written transcript to proofs/MSG_TLS_E8E82DA4.out, proofs/SIG_TLS_E8E82DA4.out and proofs/PK_TLS_E8E82DA4.der
Signature verification succeeds
[TLS] Server time: 1619630999
[TLS] client_random  (32): BB640FE541C473A0CA7684E4B94206B5E699ACD9FC6EA5113FBAFD2B1D926235
[TLS] sign_hash (32): 8556E1E66483FDEC6C984C040DF7E707E36BBE8059F43471A25D5D1E3BCA7E89
[TLS] Written transcript to proofs/MSG_TLS_BB640FE5.out, proofs/SIG_TLS_BB640FE5.out and proofs/PK_TLS_BB640FE5.der
Signature verification succeeds
[TLS] Server time: 1619630999
[TLS] client_random  (32): 1709663BD66D9B808E0E82386BDBE4AC2056832EA8F00045BBFA7391FA61B3FE
[TLS] sign_hash (32): C6D5B047DD0B5DCA4C761258C1D24DB3B6342910B8104D9ED8137F8CC2871975
[TLS] Written transcript to proofs/MSG_TLS_1709663B.out, proofs/SIG_TLS_1709663B.out and proofs/PK_TLS_1709663B.der
Signature verification succeeds
[TLS] Server time: 1619630999
[TLS] client_random  (32): 4D894864A9E4CB6F24D9A1A067231F8760AEE786C0654724F862420870C112D6
[TLS] sign_hash (32): E2C35125A293B6AB37687D1C18ED19815FB16A5C733D3F632CEA013520B727AA
[TLS] Written transcript to proofs/MSG_TLS_4D894864.out, proofs/SIG_TLS_4D894864.out and proofs/PK_TLS_4D894864.der
Signature verification succeeds
[TLS] Server time: 1619630999
[TLS] client_random  (32): C7461792DC1A874A270ADF452302D64A8A8CB367473E533163AF20D8E95F1EA4
[TLS] sign_hash (32): DAE3741096A2C79325135948F702532C335D72499A9D25BC5E165B58FC14687D
[TLS] Written transcript to proofs/MSG_TLS_C7461792.out, proofs/SIG_TLS_C7461792.out and proofs/PK_TLS_C7461792.der
Signature verification succeeds
[TLS] Server time: 1619630999
[TLS] client_random  (32): FD035B77628762327F373A721BA35D8197C8620C8256CDCDF67EF1A98BB74A20
[TLS] sign_hash (32): 8AEF73C69ACC92ABFA52E3F4E7CC1239CFB2A0169D8992DF0D8A40A9DE9A0407
[TLS] Written transcript to proofs/MSG_TLS_FD035B77.out, proofs/SIG_TLS_FD035B77.out and proofs/PK_TLS_FD035B77.der
Signature verification succeeds
[TLS] Server time: 1619630999
[TLS] client_random  (32): 7FBF9E9A758DD25316721C228FCC603876F5673241A311D82F64A7124E6AE2C3
[TLS] sign_hash (32): DC19925DC77BB761B4B8DAB0DC5C70F87846EDFB2B2A59DE9C52FBF6AD49C170
[TLS] Written transcript to proofs/MSG_TLS_7FBF9E9A.out, proofs/SIG_TLS_7FBF9E9A.out and proofs/PK_TLS_7FBF9E9A.der
Signature verification succeeds
[TLS] Server time: 1619630999
[TLS] client_random  (32): EC66E2706C96CF910485DC61CE02CE5C3B591D8EB4723C8793A13FF1F7D4C7C0
[TLS] sign_hash (32): FFE365FBA4B902EACECA7D098280DA1C09902C2DA1218BFF8348E8A5B5AB7E2D
[TLS] Written transcript to proofs/MSG_TLS_EC66E270.out, proofs/SIG_TLS_EC66E270.out and proofs/PK_TLS_EC66E270.der
Signature verification succeeds
[TLS] Server time: 1619630999
[TLS] client_random  (32): E6AAB988F232D7BBD3A4955022E7290732BCE4CF1011C5BEC11CAE05B280469B
[TLS] sign_hash (32): FC1C6BD4F1E7F51E952EC6162527F1A788067472CA6B2FC0B75784D01643AFE5
[TLS] Written transcript to proofs/MSG_TLS_E6AAB988.out, proofs/SIG_TLS_E6AAB988.out and proofs/PK_TLS_E6AAB988.der
Signature verification succeeds
[TLS] Server time: 1619630999
[TLS] client_random  (32): 36ADA285D9064B148A5339FD3547966C1CA8C2776ABD6AC57F9C72878A8D7825
[TLS] sign_hash (32): 69BD0797CF52E3ED562142F60E313E2330BA280A4C28C031CC5024AB559AB747
[TLS] Written transcript to proofs/MSG_TLS_36ADA285.out, proofs/SIG_TLS_36ADA285.out and proofs/PK_TLS_36ADA285.der
Signature verification succeeds
[TLS] Server time: 1619630999
[TLS] client_random  (32): 3E5C43DF259B09189D9D37A67B7B3497646D6CB0469D2C1C6D167CF834797D36
[TLS] sign_hash (32): D67C26A05EAAE06D2DEC1B4E8BE2BFB1A41A0F64A3B2F639F19C73D88ABB6B4B
[TLS] Written transcript to proofs/MSG_TLS_3E5C43DF.out, proofs/SIG_TLS_3E5C43DF.out and proofs/PK_TLS_3E5C43DF.der
Signature verification succeeds
[TLS] Server time: 1619630999
[TLS] client_random  (32): E8FE073D51E6CE92058C260F95D0242640E37085B27A9B9DCA7CDB739952B9C1
[TLS] sign_hash (32): 30FAF24857E37181CC61ED429E2AEC021B4AD319E267A4E841A4AE90E6BCB988
[TLS] Written transcript to proofs/MSG_TLS_E8FE073D.out, proofs/SIG_TLS_E8FE073D.out and proofs/PK_TLS_E8FE073D.der
Signature verification succeeds
[TLS] Server time: 1619630999
[TLS] client_random  (32): CF12F403164485574E202BF36E46391181C6E6E779C28F0683F946FA861E1651
[TLS] sign_hash (32): A1ED86B0FF5B5FBAC89C61199064A3B55BC313DF2534A3CB0AB155FA919CAD82
[TLS] Written transcript to proofs/MSG_TLS_CF12F403.out, proofs/SIG_TLS_CF12F403.out and proofs/PK_TLS_CF12F403.der
Signature verification succeeds
[TLS] Server time: 1619630999
[TLS] client_random  (32): 5F524BCD072F260CAA83D52B51D82DCF7F8BB73DF507E81C997852AADCC7CF9A
[TLS] sign_hash (32): 0A3DDC9D8D27046933C7CCEC7FD924DEA38C152F6DE4B8A963E099D84E9B0E54
[TLS] Written transcript to proofs/MSG_TLS_5F524BCD.out, proofs/SIG_TLS_5F524BCD.out and proofs/PK_TLS_5F524BCD.der
Signature verification succeeds
[TLS] Server time: 1619630999
[TLS] client_random  (32): A4AEA4C549AA8B8FA61BDA7FC33336E22EE51B8DF01329C38ED8F811FB0016C3
[TLS] sign_hash (32): 007978DD2981EC904E54A7D39861E75F329BE582654DE5F8B11C8454D2AC1E57
[TLS] Written transcript to proofs/MSG_TLS_A4AEA4C5.out, proofs/SIG_TLS_A4AEA4C5.out and proofs/PK_TLS_A4AEA4C5.der
Signature verification succeeds
[TLS] Server time: 1619630999
[TLS] client_random  (32): FE9AAFD7006F8050E6321DD23A2B66F3EEF93A2EEC1A9A6671DB5912C24AFB03
[TLS] sign_hash (32): 0DBAD612E0C161DCA6E967BA1E4C1B4537C3A10AD1DC8C7EEA802561E6FFF1DE
[TLS] Written transcript to proofs/MSG_TLS_FE9AAFD7.out, proofs/SIG_TLS_FE9AAFD7.out and proofs/PK_TLS_FE9AAFD7.der
Signature verification succeeds
[TLS] Server time: 1619630999
[TLS] client_random  (32): 8516C2D731A7351577247A03C21E52F6D1631ADE4B5788839A42EB0B2B4D4B43
[TLS] sign_hash (32): 08CDD4B94AFABEAFB549EE2A459BBDD7CE914EA72C03340C91944891F5B72B7E
[TLS] Written transcript to proofs/MSG_TLS_8516C2D7.out, proofs/SIG_TLS_8516C2D7.out and proofs/PK_TLS_8516C2D7.der
Signature verification succeeds
[TLS] Server time: 1619630999
[TLS] client_random  (32): 50EC83E785DD721B7110BCA1CCCDBE6B945799102682D2965E894EAA33A77342
[TLS] sign_hash (32): E1819D1C9868C6379CE3A82659C75964B83D98E64513C5DE7BCC33DE6589FCAB
[TLS] Written transcript to proofs/MSG_TLS_50EC83E7.out, proofs/SIG_TLS_50EC83E7.out and proofs/PK_TLS_50EC83E7.der
Signature verification succeeds
[TLS] Server time: 1619630999
[TLS] client_random  (32): 1277190CF4A69385EACF8C1DDD975725EFF3C4B7BE397DB6A7E1DFD472DAA7DE
[TLS] sign_hash (32): FC4E6617B07AE2C744019C72CE02F4381F4EC564BDB8B812A684F3B911333A78
[TLS] Written transcript to proofs/MSG_TLS_1277190C.out, proofs/SIG_TLS_1277190C.out and proofs/PK_TLS_1277190C.der
Signature verification succeeds
[TLS] Server time: 1619630999
[TLS] client_random  (32): B6CC407D8BCCFBD2521C23705B34BE2713D2F4DBB56DF1D2824EF8BDABF56455
[TLS] sign_hash (32): 76F6CD5A30177976B0F7DA1EC7B213451E046D00CC44B30B63D4C1673843211C
[TLS] Written transcript to proofs/MSG_TLS_B6CC407D.out, proofs/SIG_TLS_B6CC407D.out and proofs/PK_TLS_B6CC407D.der
Signature verification succeeds
[TLS] Server time: 1619630999
[TLS] client_random  (32): B4256B10D4C3B251E6D4EAD123C9A28CEE7E838635E6225A0B68269106B4F47E
[TLS] sign_hash (32): 20FF1C365E1F58C44487927C0805261501D75499DDA70E1D901AD468E77A2C9A
[TLS] Written transcript to proofs/MSG_TLS_B4256B10.out, proofs/SIG_TLS_B4256B10.out and proofs/PK_TLS_B4256B10.der
Signature verification succeeds
[TLS] Server time: 1619630999
[TLS] client_random  (32): 9E3B8372D3F3529F25C224F9F34EC60ACD5791CB93CFB0CF32880B3E879DB2B9
[TLS] sign_hash (32): BB0772579F16C7173B71190D6D01B26A86FE021F7B45D41BD1C4BD79F63A3F7C
[TLS] Written transcript to proofs/MSG_TLS_9E3B8372.out, proofs/SIG_TLS_9E3B8372.out and proofs/PK_TLS_9E3B8372.der
Signature verification succeeds
[TLS] Server time: 1619630999
[TLS] client_random  (32): 93152DE556DC725470DEC729045D334A82CEB2047C5FB5E60402CD063FDC75D2
[TLS] sign_hash (32): 664A8BE0E73FEB56BEBBD0652B0F3EE6C827348A87524447E8BF4FC16E72AE34
[TLS] Written transcript to proofs/MSG_TLS_93152DE5.out, proofs/SIG_TLS_93152DE5.out and proofs/PK_TLS_93152DE5.der
Signature verification succeeds
[TLS] Server time: 1619630999
[TLS] client_random  (32): 4BC02BB6DA5234E20B16F1AA3F1BF46D24CE5F1824C4CB653B1EDFCF266B8373
[TLS] sign_hash (32): 26D757F274DE38B50025A9B752E622FFF312A5C30951900B3FB09553BB01B5C3
[TLS] Written transcript to proofs/MSG_TLS_4BC02BB6.out, proofs/SIG_TLS_4BC02BB6.out and proofs/PK_TLS_4BC02BB6.der
Signature verification succeeds
[TLS] Server time: 1619630999
[TLS] client_random  (32): 93C45A28A2E88ED2605CA0B407E8E31F9EB7FB5FD8854BAA6A364E6C71A0F900
[TLS] sign_hash (32): 84855855B43E62884D058AC4166FD9E671B8F873AA44A930D062F8FC17DC040A
[TLS] Written transcript to proofs/MSG_TLS_93C45A28.out, proofs/SIG_TLS_93C45A28.out and proofs/PK_TLS_93C45A28.der
Signature verification succeeds
[TLS] Server time: 1619630999
[TLS] client_random  (32): 95862CC0379BFCD3FFBDD01DF0107CE08F3062266BE30A41422494ADB5465C37
[TLS] sign_hash (32): 6F9F0D33DDC0335C877CCA10C7213F7452B86763533C71750C722B73E565E520
[TLS] Written transcript to proofs/MSG_TLS_95862CC0.out, proofs/SIG_TLS_95862CC0.out and proofs/PK_TLS_95862CC0.der
Signature verification succeeds
[TLS] Server time: 1619630999
[TLS] client_random  (32): 70FC71D2FB57648DAA5FEB10BEAD594728E1061C21E9E6EA27354FDE543326C3
[TLS] sign_hash (32): 85A75D56F90C17DACDEE4E02028DDADA72D32EA9444267058F5D3AC1CECF2B75
[TLS] Written transcript to proofs/MSG_TLS_70FC71D2.out, proofs/SIG_TLS_70FC71D2.out and proofs/PK_TLS_70FC71D2.der
Signature verification succeeds
[TLS] Server time: 1619630999
[TLS] client_random  (32): 2D9CB2286BE12CFCAA9F7782913A012FB0DC90DF7219D5394F39BC527CDBA277
[TLS] sign_hash (32): 0B36CAF611A792D4EC836B717BF0C06459436FE75B0EC8FAA85849A4E4604C79
[TLS] Written transcript to proofs/MSG_TLS_2D9CB228.out, proofs/SIG_TLS_2D9CB228.out and proofs/PK_TLS_2D9CB228.der
Signature verification succeeds
[TLS] Server time: 1619630999
[TLS] client_random  (32): 3E64C3313811B168D3D9713573F084AED1899234AB4BF6D9EA2ECB58AB0C637C
[TLS] sign_hash (32): 4530DAB651FDC132129CEE4DA1D44A10B68E63267198194981E6BFA09F77C5A1
[TLS] Written transcript to proofs/MSG_TLS_3E64C331.out, proofs/SIG_TLS_3E64C331.out and proofs/PK_TLS_3E64C331.der
Signature verification succeeds
[TLS] Server time: 1619630999
[TLS] client_random  (32): 62BBE667F70E97F388AF46DDF558741A83BE5382F238085AE15C90B53DAD34F8
[TLS] sign_hash (32): 4491C7BC39891A358E0016BC1803A5FE86B4145944B0F148B12AB98597CA5F88
[TLS] Written transcript to proofs/MSG_TLS_62BBE667.out, proofs/SIG_TLS_62BBE667.out and proofs/PK_TLS_62BBE667.der
Signature verification succeeds
[TLS] Server time: 1619630999
[TLS] client_random  (32): 98E72BEC6CDE75C7444892BE7F0DA9844B277FD417D97057EE8272BF49EA24B6
[TLS] sign_hash (32): E06AF7A0DC187E64262F0E9A4A798246035A7E08420710E9147E9167D9C75973
[TLS] Written transcript to proofs/MSG_TLS_98E72BEC.out, proofs/SIG_TLS_98E72BEC.out and proofs/PK_TLS_98E72BEC.der
Signature verification succeeds
[TLS] Server time: 1619630999
[TLS] client_random  (32): 33A17EB8C60192D05DA226C87B503E96F2CF1888122A9E25BBC2BCAF2EB7B265
[TLS] sign_hash (32): 5C9842FD14178F18E1416306D450D82F9824924914AF18575EE8A5A39E753410
[TLS] Written transcript to proofs/MSG_TLS_33A17EB8.out, proofs/SIG_TLS_33A17EB8.out and proofs/PK_TLS_33A17EB8.der
Signature verification succeeds
[TLS] Server time: 1619630999
[TLS] client_random  (32): 7ED0569DC0A3D9A23360207B71BDAA1EF396087381E5D2955CE413D89F04ABC2
[TLS] sign_hash (32): 44783C5859BB0F80372DBE793620042542E5C5C307CB754D64AC99A5CA7F32DF
[TLS] Written transcript to proofs/MSG_TLS_7ED0569D.out, proofs/SIG_TLS_7ED0569D.out and proofs/PK_TLS_7ED0569D.der
Signature verification succeeds
[TLS] Server time: 1619630999
[TLS] client_random  (32): A65E67F93D276A7AD107D1F9C299AE5C280F1C514EB08BE6F15CB4064FACCDDB
[TLS] sign_hash (32): 2D27D910C429CC4155AE68C27953DFE209A0DD5AFA77521E31A12DF611E662F2
[TLS] Written transcript to proofs/MSG_TLS_A65E67F9.out, proofs/SIG_TLS_A65E67F9.out and proofs/PK_TLS_A65E67F9.der
Signature verification succeeds
[TLS] Server time: 1619630999
[TLS] client_random  (32): C4F5DB136CC733C04C5C24B2CCD63999C309CEC85240F9BE15DCF2191464C801
[TLS] sign_hash (32): 6414A8D463321F74177A0AA0292697207A5333B52F3E3FF661573AB4B31E93F2
[TLS] Written transcript to proofs/MSG_TLS_C4F5DB13.out, proofs/SIG_TLS_C4F5DB13.out and proofs/PK_TLS_C4F5DB13.der
Signature verification succeeds
[TLS] Server time: 1619630999
[TLS] client_random  (32): 76ED73002E14279C131A80FF86E8C9DADD666DA75FD1ED38306C380E57F00890
[TLS] sign_hash (32): 634852E39F86937695AC90C58C08B15A9D6C7555D953B43D45E1C0AF44C02D92
[TLS] Written transcript to proofs/MSG_TLS_76ED7300.out, proofs/SIG_TLS_76ED7300.out and proofs/PK_TLS_76ED7300.der
Signature verification succeeds
[TLS] Server time: 1619630999
[TLS] client_random  (32): A651CD4018385129AA23F17C7142D13930D314A490CD02E86B768060E8D29745
[TLS] sign_hash (32): C5CD69BF3D0ABFCB5AE5C1715BDB5C6ADDC0E6A572E6813439B1CBCC44AD25BD
[TLS] Written transcript to proofs/MSG_TLS_A651CD40.out, proofs/SIG_TLS_A651CD40.out and proofs/PK_TLS_A651CD40.der
Signature verification succeeds
[TLS] Server time: 1619630999
[TLS] client_random  (32): 87651DC37D1A5A5E8C5F0C3327E353305604464FA0356B1140B87817F323C867
[TLS] sign_hash (32): 490A14DBBC5F6FC5589DBBD5993A6AE7B652570A37C3FF94A2E00BC485DF8D13
[TLS] Written transcript to proofs/MSG_TLS_87651DC3.out, proofs/SIG_TLS_87651DC3.out and proofs/PK_TLS_87651DC3.der
Signature verification succeeds
[TLS] Server time: 1619630999
[TLS] client_random  (32): 166F033464D3449353A2BEE69F00781FA3272B538F9FCAA4DFD6BED87AC12D74
[TLS] sign_hash (32): 3620133F30503A76F7C06D8B8AC0BA033C25F452D1FE10C64FD8E68416E2B23C
[TLS] Written transcript to proofs/MSG_TLS_166F0334.out, proofs/SIG_TLS_166F0334.out and proofs/PK_TLS_166F0334.der
Signature verification succeeds
[TLS] Server time: 1619630999
[TLS] client_random  (32): 58B54B312918B96FB306B790576B0788E9D298B384AFB26FD0F81E043043E04C
[TLS] sign_hash (32): 72B86475989F04268942658162DCB202CD9AFA3F9B843C47814A4CF6A9C33D9C
[TLS] Written transcript to proofs/MSG_TLS_58B54B31.out, proofs/SIG_TLS_58B54B31.out and proofs/PK_TLS_58B54B31.der
Signature verification succeeds
[TLS] Server time: 1619630999
[TLS] client_random  (32): 77B1B5298D599E88AD45305F2BD24ABFB7B6E460E2B51BDA95BFF62E327006D5
[TLS] sign_hash (32): 8C08A8FB8D065A4AB681124A09F3F38012D68FAEBB2286FF506F04E067B47009
[TLS] Written transcript to proofs/MSG_TLS_77B1B529.out, proofs/SIG_TLS_77B1B529.out and proofs/PK_TLS_77B1B529.der
Signature verification succeeds
[TLS] Server time: 1619630999
[TLS] client_random  (32): D733F7BA3E478BE3442A2D54D75F44F10208AC3D0C663458BF5C0FB12093E130
[TLS] sign_hash (32): 5D2CF636FA73038EA5D02F3EC51960AFC95DAA833E05DCE992488779ED3E5868
[TLS] Written transcript to proofs/MSG_TLS_D733F7BA.out, proofs/SIG_TLS_D733F7BA.out and proofs/PK_TLS_D733F7BA.der
Signature verification succeeds
[TLS] Server time: 1619630999
[TLS] client_random  (32): 678DFD2C2BDAA182A965803678F1F64CB74668437CBE17B8F31FB137612E4515
[TLS] sign_hash (32): E3D96C25444B30838952B65BBF68D36212AF99AB407446A1F0F44AFD09FD3770
[TLS] Written transcript to proofs/MSG_TLS_678DFD2C.out, proofs/SIG_TLS_678DFD2C.out and proofs/PK_TLS_678DFD2C.der
Signature verification succeeds
[TLS] Server time: 1619630999
[TLS] client_random  (32): 373C0853AD141030A8CA5BF0C1742DE94105F9A5EA5A8B5A32FB8224792FA755
[TLS] sign_hash (32): C182113D750FBD91EA274F6925A2F2D7F7ED1208B35B833222FEB94E3BDE24A5
[TLS] Written transcript to proofs/MSG_TLS_373C0853.out, proofs/SIG_TLS_373C0853.out and proofs/PK_TLS_373C0853.der
Signature verification succeeds
[TLS] Server time: 1619630999
[TLS] client_random  (32): 941FDF564C0E8CC37DCF3395798D367E6E682CB8841E39F8151CBBFD58164415
[TLS] sign_hash (32): 99704567D0A22A423F03E07EE0A33C4688BE075BECDF4820329BD50601CE2703
[TLS] Written transcript to proofs/MSG_TLS_941FDF56.out, proofs/SIG_TLS_941FDF56.out and proofs/PK_TLS_941FDF56.der
Signature verification succeeds
[TLS] Server time: 1619630999
[TLS] client_random  (32): 8EDC171641884A01000CD0FFD5ECA7391C4698EBFCD8A4C0714EB2CCC2F623BE
[TLS] sign_hash (32): BD3E7AE13065ACC1019325FDAA086E69CAF5819FCE7D0C50B6C575D443AD1D6A
[TLS] Written transcript to proofs/MSG_TLS_8EDC1716.out, proofs/SIG_TLS_8EDC1716.out and proofs/PK_TLS_8EDC1716.der
Signature verification succeeds
[TLS] Server time: 1619630999
[TLS] client_random  (32): E13E7FB5A263CCC84F6FE50796A6891AE4DBB43D67EC9D5C1709F97511C3E6B8
[TLS] sign_hash (32): 9DBB220AB76C6947F91A6A5EDFC39111B1012AD561C22286D357FC5D68C0F52C
[TLS] Written transcript to proofs/MSG_TLS_E13E7FB5.out, proofs/SIG_TLS_E13E7FB5.out and proofs/PK_TLS_E13E7FB5.der
Signature verification succeeds
[TLS] Server time: 1619630999
[TLS] client_random  (32): 50D375F77FD4EA7A7E20FE8C67D62D1732AC7378F8292A0EBC82762787D1C6E2
[TLS] sign_hash (32): 06E1AB88B9E9CD1358232E9D958C3AEF5028BE7C095D9A59520EC2AB2D04A7FD
[TLS] Written transcript to proofs/MSG_TLS_50D375F7.out, proofs/SIG_TLS_50D375F7.out and proofs/PK_TLS_50D375F7.der
Signature verification succeeds
[TLS] Server time: 1619630999
[TLS] client_random  (32): 56E00D08DB48F4C4BD0B0CB8F5CC8E4B0862D6483A1C6A395D591B5533DE5999
[TLS] sign_hash (32): 5AC89F69B7FEA2D3A2C25171743FB8D01927DB4AE992ADA8DD313AE6544E899C
[TLS] Written transcript to proofs/MSG_TLS_56E00D08.out, proofs/SIG_TLS_56E00D08.out and proofs/PK_TLS_56E00D08.der
Signature verification succeeds
[TLS] Server time: 1619630999
[TLS] client_random  (32): C98463223CA0B815696BA67F18F4067665C3EF692E91CA2E97540E7B3C4D5244
[TLS] sign_hash (32): 0FE4E710189B02C511882D63D3D6D90CE80A6CD19BC5699C8B37D8EDCE11AA6B
[TLS] Written transcript to proofs/MSG_TLS_C9846322.out, proofs/SIG_TLS_C9846322.out and proofs/PK_TLS_C9846322.der
Signature verification succeeds
[TLS] Server time: 1619630999
[TLS] client_random  (32): 22808433DF3441AB4D4264371261510002766829774E20A476BC6A506FBC909A
[TLS] sign_hash (32): 424D06F0A561B9CB6854E158F2BBBDE0E99722D7BF7F1BDE4E4639F83C9128D3
[TLS] Written transcript to proofs/MSG_TLS_22808433.out, proofs/SIG_TLS_22808433.out and proofs/PK_TLS_22808433.der
Signature verification succeeds
[TLS] Server time: 1619630999
[TLS] client_random  (32): 6607A4043D6D47A684FD9062A71521359A929AA7A7B19EA8B9E210D32469EE36
[TLS] sign_hash (32): 13844F179DE3AF7F30353C3499FF3C8AD373C07402D5EEAA718D5A1EEB028BEC
[TLS] Written transcript to proofs/MSG_TLS_6607A404.out, proofs/SIG_TLS_6607A404.out and proofs/PK_TLS_6607A404.der
Signature verification succeeds
[TLS] Server time: 1619630999
[TLS] client_random  (32): C43BAFB9B54DF7FEFAA29F2950453B222D2A78AAF702200244DB83129595FE7D
[TLS] sign_hash (32): 609A836C85E2C93E039BF0C04E27B04F5854359C2855EE1C30530C9CA6D7BC7F
[TLS] Written transcript to proofs/MSG_TLS_C43BAFB9.out, proofs/SIG_TLS_C43BAFB9.out and proofs/PK_TLS_C43BAFB9.der
Signature verification succeeds
[TLS] Server time: 1619630999
[TLS] client_random  (32): 25D4246C711A451D11D1A22C9E37903559D5667118589B104ACEAFC6B9E4D466
[TLS] sign_hash (32): BC576BCDA34F20D5C50CDF19A669E5A9B4BF80BF044A6CFE43C6BEB9FF9C5B3B
[TLS] Written transcript to proofs/MSG_TLS_25D4246C.out, proofs/SIG_TLS_25D4246C.out and proofs/PK_TLS_25D4246C.der
Signature verification succeeds
[TLS] Server time: 1619630999
[TLS] client_random  (32): 23C178F52CE4A513908BC94DE81E255B9AFDEFF043504ED41E8DC2690DB81A27
[TLS] sign_hash (32): 141ADD500C6498E0BC6C9FC11E9B2A8FC49C5EEE35214374C8E2968701439249
[TLS] Written transcript to proofs/MSG_TLS_23C178F5.out, proofs/SIG_TLS_23C178F5.out and proofs/PK_TLS_23C178F5.der
Signature verification succeeds
[TLS] Server time: 1619630999
[TLS] client_random  (32): EDAA1CC685F9042E6859910552A8D740C633ADF367F4787758B9E0F4AD48A71D
[TLS] sign_hash (32): E6F3F6DEB928F3353143E6AFE11F71B3235DD8996340C4E1AFF8CE30167229AF
[TLS] Written transcript to proofs/MSG_TLS_EDAA1CC6.out, proofs/SIG_TLS_EDAA1CC6.out and proofs/PK_TLS_EDAA1CC6.der
Signature verification succeeds
[TLS] Server time: 1619630999
[TLS] client_random  (32): 6FFFCB89880A2F9A255DC965E1D840406B1D7E554CF5BB9A19DA326114C2478A
[TLS] sign_hash (32): D6535B4BB6CA41A2C0F0E99B69F465500DA1AB38534FBE89BC02C1EAFB8B756C
[TLS] Written transcript to proofs/MSG_TLS_6FFFCB89.out, proofs/SIG_TLS_6FFFCB89.out and proofs/PK_TLS_6FFFCB89.der
Signature verification succeeds
[TLS] Server time: 1619630999
[TLS] client_random  (32): BE373E24C17264FB3B6D6B618E9B530DB252D4D9C79661632282BCB040EBA0B2
[TLS] sign_hash (32): 831EBCB4223761D03340153C94E896B05982DDB8049ECAF8F0000EE7767A87D8
[TLS] Written transcript to proofs/MSG_TLS_BE373E24.out, proofs/SIG_TLS_BE373E24.out and proofs/PK_TLS_BE373E24.der
Signature verification succeeds
[TLS] Server time: 1619630999
[TLS] client_random  (32): 7FD9D154209E2A1C004CB3D337B6116D0D9F4270C96EB8E21B59E16DB39D2AE0
[TLS] sign_hash (32): 6AD0B3F62B10B6A736BF9584676DD93EC7A1351BF0933D1542A565033E0B4EB1
[TLS] Written transcript to proofs/MSG_TLS_7FD9D154.out, proofs/SIG_TLS_7FD9D154.out and proofs/PK_TLS_7FD9D154.der
Signature verification succeeds
[TLS] Server time: 1619630999
[TLS] client_random  (32): AB94838CC69B5CDC15B494AD5DC4E6E5D5ACFD290F3E4B62B4E8254BDFC14645
[TLS] sign_hash (32): 34EBCB6E63BC52CE1752CCDF97D637608A7D45E54F3F822B828DDA151691F24C
[TLS] Written transcript to proofs/MSG_TLS_AB94838C.out, proofs/SIG_TLS_AB94838C.out and proofs/PK_TLS_AB94838C.der
Signature verification succeeds
[TLS] Server time: 1619630999
[TLS] client_random  (32): F3E6B64AA30F3DD3F7FBA547F279FE9FA6A62F5DF07087BFE450927EE171C29B
[TLS] sign_hash (32): 308A3BB1EAFD3BAB55D92BDEF62765295944A25CE3FB7CD94E385F7BA69060C5
[TLS] Written transcript to proofs/MSG_TLS_F3E6B64A.out, proofs/SIG_TLS_F3E6B64A.out and proofs/PK_TLS_F3E6B64A.der
Signature verification succeeds
[TLS] Server time: 1619630999
[TLS] client_random  (32): 30B7C0E6EEE5A988DB09517677476B0DCF9EFD1CCE457E7AE61CF1FD65095FE6
[TLS] sign_hash (32): D3EF82A4E7B8546F1F834BFE340332426DF095592B3A753174D2E8EFA46560AC
[TLS] Written transcript to proofs/MSG_TLS_30B7C0E6.out, proofs/SIG_TLS_30B7C0E6.out and proofs/PK_TLS_30B7C0E6.der
Signature verification succeeds
[TLS] Server time: 1619630999
[TLS] client_random  (32): 00A070742EF602BD1DBB083BEF193944E7C32E3FAFE3A358FDE671DA791D6990
[TLS] sign_hash (32): D28831C1AC82592D37E002D4CE534E329F9B3A77EB97D46CDAC24E90674CB541
[TLS] Written transcript to proofs/MSG_TLS_00A07074.out, proofs/SIG_TLS_00A07074.out and proofs/PK_TLS_00A07074.der
Signature verification succeeds
[TLS] Server time: 1619630999
[TLS] client_random  (32): ED3E688EDF8750AE72079C547DAE73CEC641FAED134DDA012D010F5C071C3C03
[TLS] sign_hash (32): 2DC97BD4ED1CFF9342911083DEEAB26FF28B75E63D6DEE9E49BCDCEE0D7630DB
[TLS] Written transcript to proofs/MSG_TLS_ED3E688E.out, proofs/SIG_TLS_ED3E688E.out and proofs/PK_TLS_ED3E688E.der
Signature verification succeeds
[TLS] Server time: 1619630999
[TLS] client_random  (32): C3FAFD3E0635A983524FE6CA0009D0EB839B42A9C361D6A891607552E0FBCBFA
[TLS] sign_hash (32): 44846B823F16323105E1B6FE1BF921AF6694819CFC9A13959C24D3245F9D1A13
[TLS] Written transcript to proofs/MSG_TLS_C3FAFD3E.out, proofs/SIG_TLS_C3FAFD3E.out and proofs/PK_TLS_C3FAFD3E.der
Signature verification succeeds
[TLS] Server time: 1619630999
[TLS] client_random  (32): F0912DBC1AED1BA443D3627254C2E73D99AA80EE0408564FCBA3352EC63B38CF
[TLS] sign_hash (32): 1E0AF7AFAC4A92F4C2F0D02F3648F6E57364B02D26FEE4AE813340F42DF2D1AE
[TLS] Written transcript to proofs/MSG_TLS_F0912DBC.out, proofs/SIG_TLS_F0912DBC.out and proofs/PK_TLS_F0912DBC.der
Signature verification succeeds
[TLS] Server time: 1619630999
[TLS] client_random  (32): 93019726BFDB01B153C1F06B31A67048754F9CFB9CA96701F93F7204810090CA
[TLS] sign_hash (32): 317A1F61839D5048F5E0030FF637F24B35B45FB3A15D1EA9F8B09B3480702A94
[TLS] Written transcript to proofs/MSG_TLS_93019726.out, proofs/SIG_TLS_93019726.out and proofs/PK_TLS_93019726.der
Signature verification succeeds
[TLS] Server time: 1619630999
[TLS] client_random  (32): 3423731412202859F82570354638F9F5D8E35AF9FB9ADC13AF58E7A3717442A3
[TLS] sign_hash (32): B0E2541623CB5C8B979F5C4BA2040C44210E58354D63DE5CA64E584F3FF2C544
[TLS] Written transcript to proofs/MSG_TLS_34237314.out, proofs/SIG_TLS_34237314.out and proofs/PK_TLS_34237314.der
Signature verification succeeds
[TLS] Server time: 1619630999
[TLS] client_random  (32): 2DAC743EDF549EC82609510BD5E364E4A9DAF7295616261CDBA177FC287EED81
[TLS] sign_hash (32): 157B818DF8B619BA592A5948EB93536C4C2CB1485ECB8C52EA5F8D42979D6629
[TLS] Written transcript to proofs/MSG_TLS_2DAC743E.out, proofs/SIG_TLS_2DAC743E.out and proofs/PK_TLS_2DAC743E.der
Signature verification succeeds
[TLS] Server time: 1619630999
[TLS] client_random  (32): 4C3B419922E7774F13ACA684D0FF6329EB7D0DB6E1A8A00FE05B9528D71BC1C2
[TLS] sign_hash (32): 409C3BF6DF15D9D68BBE17E5EA20106853DB54644A8DA3B159F94793795A5683
[TLS] Written transcript to proofs/MSG_TLS_4C3B4199.out, proofs/SIG_TLS_4C3B4199.out and proofs/PK_TLS_4C3B4199.der
Signature verification succeeds
[TLS] Server time: 1619630999
[TLS] client_random  (32): 10C9AF11F53F5ADC08A6BAEF8168DD162E1C8CA2A8E445A08C9C4B3D39D3BE94
[TLS] sign_hash (32): 533500782EA470BB970BB8E4645C1F322B98A8AD71AC9D92D379AD0504E45079
[TLS] Written transcript to proofs/MSG_TLS_10C9AF11.out, proofs/SIG_TLS_10C9AF11.out and proofs/PK_TLS_10C9AF11.der
Signature verification succeeds
[TLS] Server time: 1619630999
[TLS] client_random  (32): 2DA499D346167DF49A4D92613D0151716562469CB685C86C5D1B4773370ABC3B
[TLS] sign_hash (32): BAD01327AE557EADF864309E582529F75154FAD1C112C5DB8B6E18C532E6ADB8
[TLS] Written transcript to proofs/MSG_TLS_2DA499D3.out, proofs/SIG_TLS_2DA499D3.out and proofs/PK_TLS_2DA499D3.der
Signature verification succeeds
[TLS] Server time: 1619630999
[TLS] client_random  (32): 9F196712A08457171BCC074E02625259D09553595A0EEF50C3AEB7543D4CD286
[TLS] sign_hash (32): FFEF2BD146DD38160AACFD4435EB556BFB2FFF9346A4C4656BF7EC4E9C990D9D
[TLS] Written transcript to proofs/MSG_TLS_9F196712.out, proofs/SIG_TLS_9F196712.out and proofs/PK_TLS_9F196712.der
Signature verification succeeds
[TLS] Server time: 1619630999
[TLS] client_random  (32): 237C8FE16004C67185621C9336EAD211BB4861E24A61BBEA6FB6E94C8A32A196
[TLS] sign_hash (32): 9C5FE2CDF57B9BB340115576712E14E8F7BA740D94AE95EF04E87D5AC10672EC
[TLS] Written transcript to proofs/MSG_TLS_237C8FE1.out, proofs/SIG_TLS_237C8FE1.out and proofs/PK_TLS_237C8FE1.der
Signature verification succeeds
[TLS] Server time: 1619630999
[TLS] client_random  (32): B380ECE6E029F524152F968EE1D6FDC90B3D83754CA57ECEE5C57EF51C7452A1
[TLS] sign_hash (32): D9DBE3DCDEA69790F08F494A6403864D9A0DCE40D089EF0BD1FF09E7F8C5B147
[TLS] Written transcript to proofs/MSG_TLS_B380ECE6.out, proofs/SIG_TLS_B380ECE6.out and proofs/PK_TLS_B380ECE6.der
Signature verification succeeds
[TLS] Server time: 1619630999
[TLS] client_random  (32): CD993A2293826346CF34FB78BEF06F90CF4A452B3F7218D1982DF60E1C511F12
[TLS] sign_hash (32): 0B5D7B91DDDD1D43EA08C9EEFA7A130A665975A7B75678EF95BDFF7D35704B02
[TLS] Written transcript to proofs/MSG_TLS_CD993A22.out, proofs/SIG_TLS_CD993A22.out and proofs/PK_TLS_CD993A22.der
Signature verification succeeds
[TLS] Server time: 1619630999
[TLS] client_random  (32): 6FE84E487ABC0325CC4E6ACB8EE33B286F77921434894CFFC2395CC09862FDC5
[TLS] sign_hash (32): 2A5B17522A7EFEBD68CC2ED5724EAC9DE93E9E087E27FAFA119C6D9C96D3ADA1
[TLS] Written transcript to proofs/MSG_TLS_6FE84E48.out, proofs/SIG_TLS_6FE84E48.out and proofs/PK_TLS_6FE84E48.der
Signature verification succeeds
[TLS] Server time: 1619630999
[TLS] client_random  (32): 57E7BD49CE43DC7FCA56D9EF2CB05DB7D6C2EC8D64FBB008C71F956E0DA44554
[TLS] sign_hash (32): 1055DF6CA8EA0D9CE6FD5D188AE0CB7CA0519B0E84A4E48102AF5A88E49F1B37
[TLS] Written transcript to proofs/MSG_TLS_57E7BD49.out, proofs/SIG_TLS_57E7BD49.out and proofs/PK_TLS_57E7BD49.der
Signature verification succeeds
[TLS] Server time: 1619630999
[TLS] client_random  (32): 21228FA94C8FB051DDBFD3DA019945A4BDF03606DC0AEA35ECEFA529D4E29B15
[TLS] sign_hash (32): 283584E948691D7D23CA5DA1D36C7F17823F3EAD33B5F4303FB499832BA460AA
[TLS] Written transcript to proofs/MSG_TLS_21228FA9.out, proofs/SIG_TLS_21228FA9.out and proofs/PK_TLS_21228FA9.der
Signature verification succeeds
[TLS] Server time: 1619630999
[TLS] client_random  (32): 2D1240452977641317454F0D0E5130216B4E53DB05D263B8813B083CD2705F10
[TLS] sign_hash (32): 7CC3EC1369E7486D824C8CB4C3E5A6298D89BAC336258A7095113D69EDEC46A2
[TLS] Written transcript to proofs/MSG_TLS_2D124045.out, proofs/SIG_TLS_2D124045.out and proofs/PK_TLS_2D124045.der
Signature verification succeeds
[TLS] Server time: 1619630999
[TLS] client_random  (32): 8F061BA2542066B0E0A5F133A4A55D78B90D80A99B3E41C21F19A839BD369228
[TLS] sign_hash (32): 9A9CE413A4D1C0D10F7DDB3CA20D717F14ADD20D7C57217582384569C4CE245E
[TLS] Written transcript to proofs/MSG_TLS_8F061BA2.out, proofs/SIG_TLS_8F061BA2.out and proofs/PK_TLS_8F061BA2.der
Signature verification succeeds
[TLS] Server time: 1619630999
[TLS] client_random  (32): D5ABF14C65D4022C38DA4CF02FE89BDED813AEC06539D65CB4414D9CACB7A047
[TLS] sign_hash (32): 48207EE9141FB0BCDA08CB6324A43ADF89C65ACDED7B2206C50E4F81D1A73F8D
[TLS] Written transcript to proofs/MSG_TLS_D5ABF14C.out, proofs/SIG_TLS_D5ABF14C.out and proofs/PK_TLS_D5ABF14C.der
Signature verification succeeds
[TLS] Server time: 1619630999
[TLS] client_random  (32): DCDD23C6FEABFCE186C1C47FC9B7DD51768DA252AC170F91577D942F5EEF61C2
[TLS] sign_hash (32): 7E0DA2EF683F196E0F073387BFDAE4945719051C981789D7E226B1BBA25AFCE8
[TLS] Written transcript to proofs/MSG_TLS_DCDD23C6.out, proofs/SIG_TLS_DCDD23C6.out and proofs/PK_TLS_DCDD23C6.der
Signature verification succeeds
[TLS] Server time: 1619630999
[TLS] client_random  (32): CFFD3E5977332605C24D5A4C3B273C7E428578803704A9DB7D3A05FA4F41BD9F
[TLS] sign_hash (32): 463252F36140F568568F789C7BA999B0E6C188E3AB4CFB5343B200CF5A2E6FC6
[TLS] Written transcript to proofs/MSG_TLS_CFFD3E59.out, proofs/SIG_TLS_CFFD3E59.out and proofs/PK_TLS_CFFD3E59.der
Signature verification succeeds
[TLS] Server time: 1619630999
[TLS] client_random  (32): DCEB49BF947CE338CEB8285DACDA7549AA52FCAC3FA41C65AD56BCDB9A03870D
[TLS] sign_hash (32): 6B89C2B4030146A4F2ACA03159DF57F0BCD8E3E76D8874D3C1B592DF280647BD
[TLS] Written transcript to proofs/MSG_TLS_DCEB49BF.out, proofs/SIG_TLS_DCEB49BF.out and proofs/PK_TLS_DCEB49BF.der
Signature verification succeeds
[TLS] Server time: 1619630999
[TLS] client_random  (32): C3B1F1FCCD6BF10FA36A8873AFAC3FFFE338854C250D785F23EEDCC2484A6404
[TLS] sign_hash (32): A49EA1925AE6F2932D60FF0C32E5CA827924B2DD09EC5E42EC9C01900C815869
[TLS] Written transcript to proofs/MSG_TLS_C3B1F1FC.out, proofs/SIG_TLS_C3B1F1FC.out and proofs/PK_TLS_C3B1F1FC.der
Signature verification succeeds
[TLS] Server time: 1619630999
[TLS] client_random  (32): D95CCF7C0B1F8AE6FB35BD75D805180A0218F97BFD13F2839E1CBE062C6F0F0C
[TLS] sign_hash (32): 4FD57BBE4892EAE2D307C6DD3910A7101CBBCE23675B1FACAA13E19CD76AC013
[TLS] Written transcript to proofs/MSG_TLS_D95CCF7C.out, proofs/SIG_TLS_D95CCF7C.out and proofs/PK_TLS_D95CCF7C.der
Signature verification succeeds
[TLS] Server time: 1619630999
[TLS] client_random  (32): 168D387934FE8C3820D626F074A5F028B43E08DC378EA1924B0A8E17FB65B42F
[TLS] sign_hash (32): 78BBF14E74F69E1EE685288544BAA53640F6484242DBD819E4B23F1B1B60554E
[TLS] Written transcript to proofs/MSG_TLS_168D3879.out, proofs/SIG_TLS_168D3879.out and proofs/PK_TLS_168D3879.der
Signature verification succeeds
[TLS] Server time: 1619630999
[TLS] client_random  (32): A00E4C13555EC27011A858BFE992D56DECD750D13626827E0E90D73B01AAAF0F
[TLS] sign_hash (32): B46859E8DFF5FB09228CBE6E6B204952A335EA886BE9BC17D1A40B5EB10414C4
[TLS] Written transcript to proofs/MSG_TLS_A00E4C13.out, proofs/SIG_TLS_A00E4C13.out and proofs/PK_TLS_A00E4C13.der
Signature verification succeeds
[TLS] Server time: 1619630999
[TLS] client_random  (32): 459A58477E366D5CC2E67A1CB0A84F37F4977B2D6270CACE36BB55D854407D3A
[TLS] sign_hash (32): 1385BF12E089A87C8D8E673BA8A24048C43AB39E3086FE337B3383B6E8BB5963
[TLS] Written transcript to proofs/MSG_TLS_459A5847.out, proofs/SIG_TLS_459A5847.out and proofs/PK_TLS_459A5847.der
Signature verification succeeds
[TLS] Server time: 1619630999
[TLS] client_random  (32): BABCA2DEF2698122E9D770DBBAF677414A2790088A2DBD0A670E4EFD47E6AA5E
[TLS] sign_hash (32): A29F13E65E93E0124749558A9A58F1548CE499A88B7628BAA492BF248CA600C4
[TLS] Written transcript to proofs/MSG_TLS_BABCA2DE.out, proofs/SIG_TLS_BABCA2DE.out and proofs/PK_TLS_BABCA2DE.der
Signature verification succeeds
[TLS] Server time: 1619630999
[TLS] client_random  (32): CA5CE785F1F43E5CC432D197E93129273F80D20512A8BF5D7246F26E71E43354
[TLS] sign_hash (32): D15BDF867045D4C988DC428F41419359B89ED84C580F9857618E9D566B715E9C
[TLS] Written transcript to proofs/MSG_TLS_CA5CE785.out, proofs/SIG_TLS_CA5CE785.out and proofs/PK_TLS_CA5CE785.der
Signature verification succeeds
[TLS] Server time: 1619630999
[TLS] client_random  (32): CB25A0A00B22AD4494A8BD8B1835C2AD69C6007CC4DE7927D884781725927E44
[TLS] sign_hash (32): 10474CE6D1BEA0C484046EBC09418C7C45DB82B35E67AE5CA108B47B8BCD1716
[TLS] Written transcript to proofs/MSG_TLS_CB25A0A0.out, proofs/SIG_TLS_CB25A0A0.out and proofs/PK_TLS_CB25A0A0.der
Signature verification succeeds
[TLS] Server time: 1619630999
[TLS] client_random  (32): D2F38757F96DA84BA7B2A5DD3DBB377CBB120A4EFB7416CEE25FDA2D2C1B5E0C
[TLS] sign_hash (32): B47E0CF7927D427D048C2E0379239A4A2F721D33FA07082794093889CA0BD1E6
[TLS] Written transcript to proofs/MSG_TLS_D2F38757.out, proofs/SIG_TLS_D2F38757.out and proofs/PK_TLS_D2F38757.der
Signature verification succeeds
[TLS] Server time: 1619630999
[TLS] client_random  (32): F4F7C121383423C02D91E8A037FB182B0E74D0E88453D3906CA90C89ECE9EAFC
[TLS] sign_hash (32): 3C30EBC6B4D44131FF9A7D2645CC91168BA98AE7A4B694817DDAE8FBF4A1E2B5
[TLS] Written transcript to proofs/MSG_TLS_F4F7C121.out, proofs/SIG_TLS_F4F7C121.out and proofs/PK_TLS_F4F7C121.der
Signature verification succeeds
[TLS] Server time: 1619630999
[TLS] client_random  (32): 2F55D5D3DF09F78BF3ED66B7313C45D83288394ED31FCD672C2A4D03C7BEEE6D
[TLS] sign_hash (32): 6852C24B6EF7D281BA3262013C9226F2B5A62EC2390937475FC82E219A658A2A
[TLS] Written transcript to proofs/MSG_TLS_2F55D5D3.out, proofs/SIG_TLS_2F55D5D3.out and proofs/PK_TLS_2F55D5D3.der
Signature verification succeeds
[TLS] Server time: 1619630999
[TLS] client_random  (32): 4C368EF0A72A5C90B7653655DE138BE7F232C337AD569345655DADF109B588D6
[TLS] sign_hash (32): EF9A3C2E0D76BA7F66C48F0112700599B47DC19A723631A957AC16F34D04DC62
[TLS] Written transcript to proofs/MSG_TLS_4C368EF0.out, proofs/SIG_TLS_4C368EF0.out and proofs/PK_TLS_4C368EF0.der
Signature verification succeeds
[TLS] Server time: 1619630999
[TLS] client_random  (32): 2004291012008F120596D05B2FBAE9973966AC20AE2060C244C25C3942AE84B4
[TLS] sign_hash (32): 839B9F7831D4D9078CD5182AD6C5DA27403FF6110CA66CD9ADDFF76647316575
[TLS] Written transcript to proofs/MSG_TLS_20042910.out, proofs/SIG_TLS_20042910.out and proofs/PK_TLS_20042910.der
Signature verification succeeds
[TLS] Server time: 1619630999
[TLS] client_random  (32): 653AE9E9E41763F8860667B4B859146AE9523BBCC9A8BBD383EACFF9E11114FE
[TLS] sign_hash (32): F9C84B4A542DF779EA777B879F53F6F6F83999328A16A1D35EBF8C02A625D689
[TLS] Written transcript to proofs/MSG_TLS_653AE9E9.out, proofs/SIG_TLS_653AE9E9.out and proofs/PK_TLS_653AE9E9.der
Signature verification succeeds
[TLS] Server time: 1619630999
[TLS] client_random  (32): 6EFB7C4B6C424493A0843FB723921E324D857E24A4785BEB3805B94540BC9439
[TLS] sign_hash (32): EE521CEB28AD7D4264C54976FA88E265EFA775F42C9BC36FEE1388C67EF18CAE
[TLS] Written transcript to proofs/MSG_TLS_6EFB7C4B.out, proofs/SIG_TLS_6EFB7C4B.out and proofs/PK_TLS_6EFB7C4B.der
Signature verification succeeds
[TLS] Server time: 1619630999
[TLS] client_random  (32): BA65B0F50F2EE4399CE37CDD08223BD8C7CAC5B4FA4ADCCE5B23969D9C79304A
[TLS] sign_hash (32): 84AB75297F96142FEF90D498B66AC158047F6DE5285AB7D50B2279B767008402
[TLS] Written transcript to proofs/MSG_TLS_BA65B0F5.out, proofs/SIG_TLS_BA65B0F5.out and proofs/PK_TLS_BA65B0F5.der
Signature verification succeeds
[TLS] Server time: 1619630999
[TLS] client_random  (32): 76DB2F1D9F5F43DD05C24AEB8B1C85EEB94404A0FC2DFE047469FFA8DF1D3C57
[TLS] sign_hash (32): 842ADDC776C25C242EE64EF2713581FD15E950EC8CE229A86A9219029589F483
[TLS] Written transcript to proofs/MSG_TLS_76DB2F1D.out, proofs/SIG_TLS_76DB2F1D.out and proofs/PK_TLS_76DB2F1D.der
Signature verification succeeds
[TLS] Server time: 1619630999
[TLS] client_random  (32): 33432BA8D5D84764EADED492095A934BC55DCCA60A1589D19CB0DF0689F4E99B
[TLS] sign_hash (32): DE9F76D2A7C3A588ADC23076390F15B97BE379D7C441FEB5D335A113727D399A
[TLS] Written transcript to proofs/MSG_TLS_33432BA8.out, proofs/SIG_TLS_33432BA8.out and proofs/PK_TLS_33432BA8.der
Signature verification succeeds
[TLS] Server time: 1619630999
[TLS] client_random  (32): F2FCCFC7B411713FF0DE0582018EAF9304E77F727920229481BB53738AF37D8A
[TLS] sign_hash (32): 90EBF390A11E354C136E53FFF24E5C619DEBC0E73CEAA7D63278156A46B51885
[TLS] Written transcript to proofs/MSG_TLS_F2FCCFC7.out, proofs/SIG_TLS_F2FCCFC7.out and proofs/PK_TLS_F2FCCFC7.der
Signature verification succeeds
[TLS] Server time: 1619630999
[TLS] client_random  (32): 531B5789FBD8A8E12EA3C06EFCFB0D6F98C72982AFB2FC5F22EF2F60E95F2A2D
[TLS] sign_hash (32): F08944A3408E2AA154E6E44A30DBDF3D734D633CBE5D079EE8E2B36E1D917B95
[TLS] Written transcript to proofs/MSG_TLS_531B5789.out, proofs/SIG_TLS_531B5789.out and proofs/PK_TLS_531B5789.der
Signature verification succeeds
[TLS] Server time: 1619630999
[TLS] client_random  (32): 9F0C05B660159F31365D32640CF5E3E95E5870DF6199C790224221A18488E677
[TLS] sign_hash (32): CBAE5AE26ED25D71501EBC9E9E26711A60B14C061090B212F6F3E49B08D5C5BC
[TLS] Written transcript to proofs/MSG_TLS_9F0C05B6.out, proofs/SIG_TLS_9F0C05B6.out and proofs/PK_TLS_9F0C05B6.der
Signature verification succeeds
[TLS] Server time: 1619630999
[TLS] client_random  (32): 60526D6C32736520E384840046A0FA3011C2224A70EA11956AC6B726583A6AA5
[TLS] sign_hash (32): 5A09ED1032FEC1F52FCF262C33AF8613CB8F13896B1C45314348457A57CDDFBF
[TLS] Written transcript to proofs/MSG_TLS_60526D6C.out, proofs/SIG_TLS_60526D6C.out and proofs/PK_TLS_60526D6C.der
Signature verification succeeds
[TLS] Server time: 1619630999
[TLS] client_random  (32): E5BE348B67DDF4FDB63A0D6C6D57CE4FE16E06AE46C078DF433D66BA9E003E28
[TLS] sign_hash (32): EA5D2DB72E89226D744D73DACAF62A81E998629E83BD13527B3F93E3B487A0FE
[TLS] Written transcript to proofs/MSG_TLS_E5BE348B.out, proofs/SIG_TLS_E5BE348B.out and proofs/PK_TLS_E5BE348B.der
Signature verification succeeds
[TLS] Server time: 1619630999
[TLS] client_random  (32): 5254A80A0911D8652B78AAFA1A224927C9DB101EDD9BC46AA9523EAEE1A911FE
[TLS] sign_hash (32): 3FF778B0B3207DEA5CF15C52466758EECF829D7CF7B2E66744DE0B195AEA116E
[TLS] Written transcript to proofs/MSG_TLS_5254A80A.out, proofs/SIG_TLS_5254A80A.out and proofs/PK_TLS_5254A80A.der
Signature verification succeeds
[TLS] Server time: 1619630999
[TLS] client_random  (32): A30C3E5842BB905B90B6F13D6DCD12640AD4965F47B7524CEC8F1F15AA0AA86E
[TLS] sign_hash (32): 9DD7C8A572010165E3B7B696AE51217709F9769F9CE99470FB0F4370D2361C01
[TLS] Written transcript to proofs/MSG_TLS_A30C3E58.out, proofs/SIG_TLS_A30C3E58.out and proofs/PK_TLS_A30C3E58.der
Signature verification succeeds
[TLS] Server time: 1619630999
[TLS] client_random  (32): 9F7783A4A1A1DDDD6D23C629EA14F8516313991A503E7C9EC210F34D1B62A3BD
[TLS] sign_hash (32): 36BD84552A7AAF71DCCE0DDABFFB2559D4644315E2794FBA473615B6E013F0C8
[TLS] Written transcript to proofs/MSG_TLS_9F7783A4.out, proofs/SIG_TLS_9F7783A4.out and proofs/PK_TLS_9F7783A4.der
Signature verification succeeds
[TLS] Server time: 1619630999
[TLS] client_random  (32): B531DBC252EBCCCED6FA7C5952FF5928EFBECB6ACCD59DF9A72C42560675FC78
[TLS] sign_hash (32): 8A210109D71041C80192CAA6FC1310263556326D1352D4C586D3E3372429BF56
[TLS] Written transcript to proofs/MSG_TLS_B531DBC2.out, proofs/SIG_TLS_B531DBC2.out and proofs/PK_TLS_B531DBC2.der
Signature verification succeeds
[TLS] Server time: 1619631000
[TLS] client_random  (32): 8D0D9047F4DA34D2D4A3DDA40DC01A808A6659020442108F691E8E1D9454EA37
[TLS] sign_hash (32): 1E9AB7E39EEE55C1B04B8F8540471837E4901CFBB9A03D87194FA6709A4899EB
[TLS] Written transcript to proofs/MSG_TLS_8D0D9047.out, proofs/SIG_TLS_8D0D9047.out and proofs/PK_TLS_8D0D9047.der
Signature verification succeeds
[TLS] Server time: 1619631000
[TLS] client_random  (32): 8D261796EA3F865136E1CD065AC50039D0A73A8F3CC33416D2BDE33C55AB47EE
[TLS] sign_hash (32): E632D518D3B1BCDEB41BBEAF38C47F622A4270B3F939B6D364FB95628C4D8D70
[TLS] Written transcript to proofs/MSG_TLS_8D261796.out, proofs/SIG_TLS_8D261796.out and proofs/PK_TLS_8D261796.der
Signature verification succeeds
Time breakdown (averages): anchor_ping:7.131895 file_read:0.128520 hashing:0.470618
Total time for 123 rounds is 958.054899ms
Standard deviations: anchor_ping:0.208283 file_read:0.012390 hashing:0.004974
[Client-side ops] mean:0.599138 sd:0.014259
in & out anchor rand written to proofs/phase1.out
    122 [TLS] Server time: 1619630999
      2 [TLS] Server time: 1619631000
Count is 122
Count is 2
success: 1
RESULT: 1 in 1 tries
