TLS anchor: www.american.edu
Actual: 60, Set: 123
Beginning execution at Tue May 4 10:00:01 UTC 2021
CONF: anchor:www.american.edu fs:1024MB n_rounds:123 seed:5c9f4bf9bbc15bb855f82faedc5a52fc3ab2dfa8ec3ba3ce1b270f31fa0cced2 filename:FILE bs:1024 nops:100 benchmarking:0 anchor_ping:1 queue_depth:32 direct:0
[TLS] Connecting to www.american.edu
[TLS] Server time: 1620122398
[TLS] client_random  (32): 5C9F4BF9BBC15BB855F82FAEDC5A52FC3AB2DFA8EC3BA3CE1B270F31FA0CCED2
[TLS] sign_hash (32): F1753477AB5A1F9913D074D734166AF867AB60B7A7533128D933A4297E31AA60
[TLS] Written transcript to proofs/MSG_TLS_5C9F4BF9.out, proofs/SIG_TLS_5C9F4BF9.out and proofs/PK_TLS_5C9F4BF9.der
Signature verification succeeds
[TLS] Server time: 1620122398
[TLS] client_random  (32): AB7CBEBDF515322AE1919F7F09C9B6DBCE08B02E824FBE050130CE635D81D1AE
[TLS] sign_hash (32): A7A6441F9D4B4AD8961619EAAE5AF33425B6D8FBB75AED413523587693BE8C3A
[TLS] Written transcript to proofs/MSG_TLS_AB7CBEBD.out, proofs/SIG_TLS_AB7CBEBD.out and proofs/PK_TLS_AB7CBEBD.der
Signature verification succeeds
[TLS] Server time: 1620122398
[TLS] client_random  (32): 6490AC38FBFE0D5FB5FC4BA172E83B9D1C54F1C7AC162B7B1985E5B098F915B3
[TLS] sign_hash (32): 330034DE46E694C29DA5B2229F4AB22524268A5A2C9B471E2B82E66F969880EF
[TLS] Written transcript to proofs/MSG_TLS_6490AC38.out, proofs/SIG_TLS_6490AC38.out and proofs/PK_TLS_6490AC38.der
Signature verification succeeds
[TLS] Server time: 1620122398
[TLS] client_random  (32): 6E1766CB77213D9A15994235435B82663E8C11864F24D238AE113172E71E656C
[TLS] sign_hash (32): 1215F97F608DFB6D6B5CB9F01CB75DACBF03EFAD1FDA8BAB8AB523D13D42105C
[TLS] Written transcript to proofs/MSG_TLS_6E1766CB.out, proofs/SIG_TLS_6E1766CB.out and proofs/PK_TLS_6E1766CB.der
Signature verification succeeds
[TLS] Server time: 1620122398
[TLS] client_random  (32): 486505D0C8DE27CA70BC65F7F2ED6E9318CA0B6209D387CC59C655CD9B0A5220
[TLS] sign_hash (32): 2B3F9D17548C211A79E946082AA5F6A1B464BCBBAB2846C161330EA84549934B
[TLS] Written transcript to proofs/MSG_TLS_486505D0.out, proofs/SIG_TLS_486505D0.out and proofs/PK_TLS_486505D0.der
Signature verification succeeds
[TLS] Server time: 1620122398
[TLS] client_random  (32): 510F77CE0CCA8D184D99FB05FE57A72D0D167A1BC895240382B35EF8E3A67B6F
[TLS] sign_hash (32): 78AE2C120D0654AE1CE37144237143FBB7D3C019328B06EA481B0701665602AF
[TLS] Written transcript to proofs/MSG_TLS_510F77CE.out, proofs/SIG_TLS_510F77CE.out and proofs/PK_TLS_510F77CE.der
Signature verification succeeds
[TLS] Server time: 1620122398
[TLS] client_random  (32): 16634670360F16EDCEFD2E08C8C08387B7DBCB4E3359283397A48B15C4E1253F
[TLS] sign_hash (32): 5760E7E47E7D2EBADB84DCBF559E69BA06A504483AFBE61CE1024B195B0A3437
[TLS] Written transcript to proofs/MSG_TLS_16634670.out, proofs/SIG_TLS_16634670.out and proofs/PK_TLS_16634670.der
Signature verification succeeds
[TLS] Server time: 1620122398
[TLS] client_random  (32): 7441BF728B7DB5A653E9D3C7CBD5A69D803F564FDAD319D1EC347F40501A119F
[TLS] sign_hash (32): E358EA234FC965273EE7E41A2DF59602658015F44285113A0C93EC34519CE342
[TLS] Written transcript to proofs/MSG_TLS_7441BF72.out, proofs/SIG_TLS_7441BF72.out and proofs/PK_TLS_7441BF72.der
Signature verification succeeds
[TLS] Server time: 1620122398
[TLS] client_random  (32): 9E4890861E7ECEF835A00F47371A47732CB1964D781B8E751F00874BB5AC42B9
[TLS] sign_hash (32): 49F40F60BEE0ADA0D7559D20BD26F4C5D55704F157933132D821A837FE9C61B6
[TLS] Written transcript to proofs/MSG_TLS_9E489086.out, proofs/SIG_TLS_9E489086.out and proofs/PK_TLS_9E489086.der
Signature verification succeeds
[TLS] Server time: 1620122398
[TLS] client_random  (32): 2F8500C65FB563639E37AB8E902C29EA57C486B21D4D4B44B86069F4C03F71C5
[TLS] sign_hash (32): 124F793E063964A8FA1F9E4FCF78AA545D2D16C9D232AF450B5DAEE124277636
[TLS] Written transcript to proofs/MSG_TLS_2F8500C6.out, proofs/SIG_TLS_2F8500C6.out and proofs/PK_TLS_2F8500C6.der
Signature verification succeeds
[TLS] Server time: 1620122398
[TLS] client_random  (32): CE18586CAD9200255B902A547F004A84EF5B968C99C814C61B93C80D2604F7AF
[TLS] sign_hash (32): 0BB244BA2086EF9EC5D12E376524124F7B867DF4C43E661FDEA48D666A10BFDB
[TLS] Written transcript to proofs/MSG_TLS_CE18586C.out, proofs/SIG_TLS_CE18586C.out and proofs/PK_TLS_CE18586C.der
Signature verification succeeds
[TLS] Server time: 1620122398
[TLS] client_random  (32): 955FCA57F033520D48D99B83C06DBA402BC05BE80A5C5C01A991D96AD6D00E18
[TLS] sign_hash (32): 9539948A1B010820EA05E9294F59FC282476F8CCDABE5B816B2E770B8BCDC271
[TLS] Written transcript to proofs/MSG_TLS_955FCA57.out, proofs/SIG_TLS_955FCA57.out and proofs/PK_TLS_955FCA57.der
Signature verification succeeds
[TLS] Server time: 1620122398
[TLS] client_random  (32): 29D890D6AD0C98CEAF35D3039D4779EA5FA71304BA24070DA2D2C649048DD87A
[TLS] sign_hash (32): 7899BC46E761E9BBD8401D11F2774D3090865C2031AAB87903E468F57F4DBC9E
[TLS] Written transcript to proofs/MSG_TLS_29D890D6.out, proofs/SIG_TLS_29D890D6.out and proofs/PK_TLS_29D890D6.der
Signature verification succeeds
[TLS] Server time: 1620122398
[TLS] client_random  (32): 2317E020AE5B6D72827C6546697739A2E086688041240AFACE383BEBC39F7583
[TLS] sign_hash (32): E1EBE36038AE17F823499A7DCDFE62E640B3E393F3B88971E1E0019704E6B45E
[TLS] Written transcript to proofs/MSG_TLS_2317E020.out, proofs/SIG_TLS_2317E020.out and proofs/PK_TLS_2317E020.der
Signature verification succeeds
[TLS] Server time: 1620122398
[TLS] client_random  (32): 89A56DF0D859F1235C2BF15FCDBBE66DA5E3A346499DB005F1581FFF34FD5CE9
[TLS] sign_hash (32): 546232F2C58421F84312AA5566277D0249CF0A7D7FEF5DBE273A3DE2BD2EA941
[TLS] Written transcript to proofs/MSG_TLS_89A56DF0.out, proofs/SIG_TLS_89A56DF0.out and proofs/PK_TLS_89A56DF0.der
Signature verification succeeds
[TLS] Server time: 1620122398
[TLS] client_random  (32): CD88B46E8D61CF8B78E7A168B74C9A4A315661420E5B47F0A5A453925E7BF27C
[TLS] sign_hash (32): 2A89A83671E77E90DA6F1F8DAC41EC6D03156E063C4A17BF9782C401515EFE93
[TLS] Written transcript to proofs/MSG_TLS_CD88B46E.out, proofs/SIG_TLS_CD88B46E.out and proofs/PK_TLS_CD88B46E.der
Signature verification succeeds
[TLS] Server time: 1620122398
[TLS] client_random  (32): 9F854E52CEAF67E07204354ABF1856FEF14AAC0DC0842F8AEE0952FF39F2F0F2
[TLS] sign_hash (32): 2C6A9FE5E970EEF4C06837DC7ECAD4FF808C5802324A2B44949EFD49CE4CCE6F
[TLS] Written transcript to proofs/MSG_TLS_9F854E52.out, proofs/SIG_TLS_9F854E52.out and proofs/PK_TLS_9F854E52.der
Signature verification succeeds
[TLS] Server time: 1620122398
[TLS] client_random  (32): ED1CAE2542CD0BC68B36DD6B5EF75E5342FC6397C6F0B9B1690B16C2727D5D5C
[TLS] sign_hash (32): D9EF381AF806F21206C305B76F4B76C91D88D4A73C377EC0808740F4932C04D8
[TLS] Written transcript to proofs/MSG_TLS_ED1CAE25.out, proofs/SIG_TLS_ED1CAE25.out and proofs/PK_TLS_ED1CAE25.der
Signature verification succeeds
[TLS] Server time: 1620122398
[TLS] client_random  (32): FF446F42FFF344E084CBA29FA71B1FE4BF51BF1956F9ACFA90B437B1E5760298
[TLS] sign_hash (32): 0B18D219C4D62D9C1534DB1BA0CC007346C07BD40B08B2F95E20EC81A5A81333
[TLS] Written transcript to proofs/MSG_TLS_FF446F42.out, proofs/SIG_TLS_FF446F42.out and proofs/PK_TLS_FF446F42.der
Signature verification succeeds
[TLS] Server time: 1620122398
[TLS] client_random  (32): BAEA9F9A1C1FF094FCAB621A2FCB0E907C8DCD1A630286F7FECC5DF0356FC510
[TLS] sign_hash (32): 8B551C3B76A422F73632CB7C60380CDCF7A3EDA60ADEB3A3D16E50D0E5A80854
[TLS] Written transcript to proofs/MSG_TLS_BAEA9F9A.out, proofs/SIG_TLS_BAEA9F9A.out and proofs/PK_TLS_BAEA9F9A.der
Signature verification succeeds
[TLS] Server time: 1620122398
[TLS] client_random  (32): 570BB2A0AD9993EE28F851BF2B716E58CD27B4D6EF88961074325C4D1EEFE7B8
[TLS] sign_hash (32): 226B0350ED91A174AD45600FF980DF71AE6F42A07C725EEEF96073B0EA1BB00C
[TLS] Written transcript to proofs/MSG_TLS_570BB2A0.out, proofs/SIG_TLS_570BB2A0.out and proofs/PK_TLS_570BB2A0.der
Signature verification succeeds
[TLS] Server time: 1620122398
[TLS] client_random  (32): 06C4E362AF39E0C5527DBA7EB708E640287520BE3C133E231CC0B53729522099
[TLS] sign_hash (32): 3D10D11FD268ECDDDEA2C7B1418B57E5E86577796E33A09E8B6658F8E7F66FC7
[TLS] Written transcript to proofs/MSG_TLS_06C4E362.out, proofs/SIG_TLS_06C4E362.out and proofs/PK_TLS_06C4E362.der
Signature verification succeeds
[TLS] Server time: 1620122398
[TLS] client_random  (32): 6167458F39D2852DAFA056265B0F033165342CCC5A1212F87E1CCBD185E3AA1C
[TLS] sign_hash (32): 6B41B1105A618574387F309E90D1D8653455587E8CF19784D2B480776CF6951B
[TLS] Written transcript to proofs/MSG_TLS_6167458F.out, proofs/SIG_TLS_6167458F.out and proofs/PK_TLS_6167458F.der
Signature verification succeeds
[TLS] Server time: 1620122398
[TLS] client_random  (32): 1D18242EF17611C1FF4BB32EDF2B13629CA7B7289D9EBD0095138A0B8E59CA6E
[TLS] sign_hash (32): 710C4C47D712C5AC6918E2E0164C97451AB7108D249E951ABB4585C393689011
[TLS] Written transcript to proofs/MSG_TLS_1D18242E.out, proofs/SIG_TLS_1D18242E.out and proofs/PK_TLS_1D18242E.der
Signature verification succeeds
[TLS] Server time: 1620122398
[TLS] client_random  (32): B7A2C1AA695462971FD304EAC1F13A2B877C5C8A9F394DEE046051DA7F1C445B
[TLS] sign_hash (32): F28845E8DD0E5A711F72128CC2B03543A84B62D964032C679BDFE9CF4A250B17
[TLS] Written transcript to proofs/MSG_TLS_B7A2C1AA.out, proofs/SIG_TLS_B7A2C1AA.out and proofs/PK_TLS_B7A2C1AA.der
Signature verification succeeds
[TLS] Server time: 1620122398
[TLS] client_random  (32): 6320301148BF43976CA25DEA737AF79B569A8799B7440E589D924AFD4956E66F
[TLS] sign_hash (32): E6EB80719D4D00EB4862859E70239A71A9B8F6AF54691BF9249A2AEF4A5E2979
[TLS] Written transcript to proofs/MSG_TLS_63203011.out, proofs/SIG_TLS_63203011.out and proofs/PK_TLS_63203011.der
Signature verification succeeds
[TLS] Server time: 1620122398
[TLS] client_random  (32): 3EC3190AEFA257D2BAFAE9D6AE28969D5B88CA3B29EB393686E93F2749A98152
[TLS] sign_hash (32): FE88478B66AA8A187AA04C8E15FEB6E2EA90859D4D8BA1793388F12BD81A5B59
[TLS] Written transcript to proofs/MSG_TLS_3EC3190A.out, proofs/SIG_TLS_3EC3190A.out and proofs/PK_TLS_3EC3190A.der
Signature verification succeeds
[TLS] Server time: 1620122398
[TLS] client_random  (32): 28A05E5D18AE15C4F6B666F008E36E3461EAEE869ABE2947DE0584DB7553408E
[TLS] sign_hash (32): 9604D3C7627D2BB03A0163E35760CFCF24B3FC98CE90DC0B7A2E7FB290CB5DCC
[TLS] Written transcript to proofs/MSG_TLS_28A05E5D.out, proofs/SIG_TLS_28A05E5D.out and proofs/PK_TLS_28A05E5D.der
Signature verification succeeds
[TLS] Server time: 1620122398
[TLS] client_random  (32): 6B2DCA44B5D52539414BC9882B82A05F438DBC68D4E15FD4DAAD3A5780CFFD0F
[TLS] sign_hash (32): 8B4163E7603289697DAF3A1FD3E0CBCC844F47AEC19AB627121531066359B713
[TLS] Written transcript to proofs/MSG_TLS_6B2DCA44.out, proofs/SIG_TLS_6B2DCA44.out and proofs/PK_TLS_6B2DCA44.der
Signature verification succeeds
[TLS] Server time: 1620122398
[TLS] client_random  (32): D8AF17C1AF9F5963B7C830AE65FA5379A49C30578730A7C7922D92ECF38AFF10
[TLS] sign_hash (32): 9BCC97B41FB2FCF264607D24F51ABC874A6CB2CFB5859BBA6982D9CFA42475D0
[TLS] Written transcript to proofs/MSG_TLS_D8AF17C1.out, proofs/SIG_TLS_D8AF17C1.out and proofs/PK_TLS_D8AF17C1.der
Signature verification succeeds
[TLS] Server time: 1620122398
[TLS] client_random  (32): 90343F412EB3B3E6950A3B386A1E3195FA47CFBD29BEF4669CA8C9F66E84D5A7
[TLS] sign_hash (32): 7FAD7B9AC427502949993B110A66D2A32310B55DEF9115333B62E59E4EA751F9
[TLS] Written transcript to proofs/MSG_TLS_90343F41.out, proofs/SIG_TLS_90343F41.out and proofs/PK_TLS_90343F41.der
Signature verification succeeds
[TLS] Server time: 1620122398
[TLS] client_random  (32): 9DE487B24B4ED0E0E414D8A093C417CDAFB7E31E354CE67BE7E0E35B8DE4467C
[TLS] sign_hash (32): 7E82DA1E8D6382A9AB4749FB507AD20B28462D0941FC600ABAB414B266445A7D
[TLS] Written transcript to proofs/MSG_TLS_9DE487B2.out, proofs/SIG_TLS_9DE487B2.out and proofs/PK_TLS_9DE487B2.der
Signature verification succeeds
[TLS] Server time: 1620122398
[TLS] client_random  (32): 467BA082E82F1FE9404952CA111B03AE136C02B5C40CED01E7BE96C972D5A93D
[TLS] sign_hash (32): 7DA43B1A99CAE5C7153E123792F5F6ADC949FBC3D5A3DDEC644B4C9C082E229F
[TLS] Written transcript to proofs/MSG_TLS_467BA082.out, proofs/SIG_TLS_467BA082.out and proofs/PK_TLS_467BA082.der
Signature verification succeeds
[TLS] Server time: 1620122398
[TLS] client_random  (32): EEB0FEB62FB2D6BEE9E715F6CE41BFF8CACBDB14C58B1F1AFCA566CB174E2150
[TLS] sign_hash (32): 3F72CD45BCD0E156A1343B98A8F6D4DFA1B9AC0BE8DEF35FD85A893CBD82DEEE
[TLS] Written transcript to proofs/MSG_TLS_EEB0FEB6.out, proofs/SIG_TLS_EEB0FEB6.out and proofs/PK_TLS_EEB0FEB6.der
Signature verification succeeds
[TLS] Server time: 1620122398
[TLS] client_random  (32): 79F004D716F31063F447F3B0EABF3AD14DD71749E649C66863CC8BA783D77E9F
[TLS] sign_hash (32): 0197066CFB46D9C6252D48BC709C997943DCD89A4F6B6CDDBFC407F28AA03279
[TLS] Written transcript to proofs/MSG_TLS_79F004D7.out, proofs/SIG_TLS_79F004D7.out and proofs/PK_TLS_79F004D7.der
Signature verification succeeds
[TLS] Server time: 1620122398
[TLS] client_random  (32): F07D1C99108CAB3D0A02BCE68FB8DB566CDC56032B5644A8A4A4F5FEB92958E3
[TLS] sign_hash (32): 25554AE5377BEF0D20893AB6245D054F609383ECAEB2C27B19F50F90108CEE21
[TLS] Written transcript to proofs/MSG_TLS_F07D1C99.out, proofs/SIG_TLS_F07D1C99.out and proofs/PK_TLS_F07D1C99.der
Signature verification succeeds
[TLS] Server time: 1620122398
[TLS] client_random  (32): 476B7DDA1CD43D714578E039D6D7B522C5C679CB79D7CCF0666A7D0A098937BD
[TLS] sign_hash (32): 8B44746483CE6936F94FE80B77BAC698A7E4A1830030686A2BE30D7B02361440
[TLS] Written transcript to proofs/MSG_TLS_476B7DDA.out, proofs/SIG_TLS_476B7DDA.out and proofs/PK_TLS_476B7DDA.der
Signature verification succeeds
[TLS] Server time: 1620122398
[TLS] client_random  (32): 46A52564EEC91AF2D01530EEA164A3D1EDF2C850D6F1C983DB196E402FFC10BE
[TLS] sign_hash (32): DED052925060C0C22F8BCAACA529EC3F91F0DD9280087C4482F80B6C71840C30
[TLS] Written transcript to proofs/MSG_TLS_46A52564.out, proofs/SIG_TLS_46A52564.out and proofs/PK_TLS_46A52564.der
Signature verification succeeds
[TLS] Server time: 1620122398
[TLS] client_random  (32): 7A3FB1AF42B495DFBB7A3FDE9B9FBD7E4CC466DBCEE129C259A53EAF6D2BEF6A
[TLS] sign_hash (32): 2E73E1580266B580840B1A0A5268A6617433DE63A21E720578DDE62D549A23B9
[TLS] Written transcript to proofs/MSG_TLS_7A3FB1AF.out, proofs/SIG_TLS_7A3FB1AF.out and proofs/PK_TLS_7A3FB1AF.der
Signature verification succeeds
[TLS] Server time: 1620122398
[TLS] client_random  (32): DDADFDB88347F55219242433037E66BACA44458489BC6370D8340FB8E76AFA22
[TLS] sign_hash (32): 7EA5BDE7CA0E37058B2D5559842B5F12F180C259F12AAAFB1B70E82F0F33220F
[TLS] Written transcript to proofs/MSG_TLS_DDADFDB8.out, proofs/SIG_TLS_DDADFDB8.out and proofs/PK_TLS_DDADFDB8.der
Signature verification succeeds
[TLS] Server time: 1620122398
[TLS] client_random  (32): 70FB5478870C381A434F9D5ED0CD479131490DF20C4EB78661E01CF31A9E9201
[TLS] sign_hash (32): D658CF527BB837B8D772EBA108E4573F986C05DCDF1E203E3B4025A8AFE26F18
[TLS] Written transcript to proofs/MSG_TLS_70FB5478.out, proofs/SIG_TLS_70FB5478.out and proofs/PK_TLS_70FB5478.der
Signature verification succeeds
[TLS] Server time: 1620122398
[TLS] client_random  (32): 7A9CF4336505F2E1CDF4FB943F95238D2AE6702D78EA23B4557E05BAABAFBAB8
[TLS] sign_hash (32): 40E1316B07CDF9417E714668D69FA49BF952076F2D624C1FE610AD500D5881B3
[TLS] Written transcript to proofs/MSG_TLS_7A9CF433.out, proofs/SIG_TLS_7A9CF433.out and proofs/PK_TLS_7A9CF433.der
Signature verification succeeds
[TLS] Server time: 1620122398
[TLS] client_random  (32): 07873419799C0F5CFAF3A67D8366D20FD037CF8B51F8008E93DA16B27CB19079
[TLS] sign_hash (32): D214A755CF23531C7822D9685BFF2EFDCE85D3316021854936AB48B1E7073FA4
[TLS] Written transcript to proofs/MSG_TLS_07873419.out, proofs/SIG_TLS_07873419.out and proofs/PK_TLS_07873419.der
Signature verification succeeds
[TLS] Server time: 1620122398
[TLS] client_random  (32): E38D7B586DDC674099E3CA3429B779F32917C31C692194CAFD230BCDFB7B6A62
[TLS] sign_hash (32): 6B97DBE35A7ED041B80B980974E14D9107620892C469AFC2940F13C4BD877615
[TLS] Written transcript to proofs/MSG_TLS_E38D7B58.out, proofs/SIG_TLS_E38D7B58.out and proofs/PK_TLS_E38D7B58.der
Signature verification succeeds
[TLS] Server time: 1620122398
[TLS] client_random  (32): A73B448CBAEC610557F552F92248266F469EFACD4204A8161CFE89C71935F133
[TLS] sign_hash (32): 61F8FEA4AC5CD7940A820AD3C947845F109773D3309B217F911EF654B9855549
[TLS] Written transcript to proofs/MSG_TLS_A73B448C.out, proofs/SIG_TLS_A73B448C.out and proofs/PK_TLS_A73B448C.der
Signature verification succeeds
[TLS] Server time: 1620122398
[TLS] client_random  (32): 8CB8FC71670077EDF2885233606921193094E30C7936358D627F60C49ADB7280
[TLS] sign_hash (32): ABF681E8A8AFC598C81A16DA97D35659D38DC14C96CF1DB7CB3D430CEF6C7A14
[TLS] Written transcript to proofs/MSG_TLS_8CB8FC71.out, proofs/SIG_TLS_8CB8FC71.out and proofs/PK_TLS_8CB8FC71.der
Signature verification succeeds
[TLS] Server time: 1620122398
[TLS] client_random  (32): 5266AF9E7DF04F932113AAB7C03ACAAF170E07E335F2138539EE650CC734E911
[TLS] sign_hash (32): F320D52D5364D7B87B5E24FA1CE7B470F59F660464D9834C362557008DF7FD51
[TLS] Written transcript to proofs/MSG_TLS_5266AF9E.out, proofs/SIG_TLS_5266AF9E.out and proofs/PK_TLS_5266AF9E.der
Signature verification succeeds
[TLS] Server time: 1620122398
[TLS] client_random  (32): 42136F598259AEF168E65BF44B95011F21987A0DCEB3F7C16685F404E9A46F9E
[TLS] sign_hash (32): 3D79EBFD89F4F03CBF7E8FD3C7D4277885F23D57BFBA3FEEFC604FB21A61A6CF
[TLS] Written transcript to proofs/MSG_TLS_42136F59.out, proofs/SIG_TLS_42136F59.out and proofs/PK_TLS_42136F59.der
Signature verification succeeds
[TLS] Server time: 1620122398
[TLS] client_random  (32): D5A80C9FAF28EB070531E144153026E4DA3A94A59B401809C7EE95C21C1CCB08
[TLS] sign_hash (32): 1B37B4A27A19B93D365A4E578C08370741AD87E1C3B5DA2643D2E8C61EC19F53
[TLS] Written transcript to proofs/MSG_TLS_D5A80C9F.out, proofs/SIG_TLS_D5A80C9F.out and proofs/PK_TLS_D5A80C9F.der
Signature verification succeeds
[TLS] Server time: 1620122398
[TLS] client_random  (32): A9FC93CED61C1A69D921E12E2DBBEE72840E5D537ACC9DA65A181A5437384933
[TLS] sign_hash (32): F4C213964DC87F9D169343DE696515C0A5D9763948D09076EEFA53DCA3AB1C7F
[TLS] Written transcript to proofs/MSG_TLS_A9FC93CE.out, proofs/SIG_TLS_A9FC93CE.out and proofs/PK_TLS_A9FC93CE.der
Signature verification succeeds
[TLS] Server time: 1620122398
[TLS] client_random  (32): 76A9817A6298BB003B17B69D853F59D94F6880BEC6590F95045C63D31A328C65
[TLS] sign_hash (32): 318CA80EB9BEBA136F26E19D05C6E1504A299B45F82489FD0980240327F98E47
[TLS] Written transcript to proofs/MSG_TLS_76A9817A.out, proofs/SIG_TLS_76A9817A.out and proofs/PK_TLS_76A9817A.der
Signature verification succeeds
[TLS] Server time: 1620122398
[TLS] client_random  (32): FD636A1F267AB9B27FB238E6A4DDF30A3C2423549F94F664961FB350B0DBE9E3
[TLS] sign_hash (32): BF69E4A021361B866E4EDC44F12BFC25ED39BD6FDE3687A923102E058F1E81D9
[TLS] Written transcript to proofs/MSG_TLS_FD636A1F.out, proofs/SIG_TLS_FD636A1F.out and proofs/PK_TLS_FD636A1F.der
Signature verification succeeds
[TLS] Server time: 1620122398
[TLS] client_random  (32): 9199BE4F7E3F8015395E5106BD7C05B75FAFF23E86EEC86966D3224DDF2848D6
[TLS] sign_hash (32): 0C05EF58E881C5440D9117E68244475C621EC3DBC492A18A1F52B5D6B7556800
[TLS] Written transcript to proofs/MSG_TLS_9199BE4F.out, proofs/SIG_TLS_9199BE4F.out and proofs/PK_TLS_9199BE4F.der
Signature verification succeeds
[TLS] Server time: 1620122398
[TLS] client_random  (32): 562855063E2E769D2EB23AC89C1AF4765C0FA6D518E0463B55AC28C389D985E4
[TLS] sign_hash (32): 81A1B0E819B17DAEBE0F25E20A9F6E4C2102E51F8F8A4742AE35751046B70058
[TLS] Written transcript to proofs/MSG_TLS_56285506.out, proofs/SIG_TLS_56285506.out and proofs/PK_TLS_56285506.der
Signature verification succeeds
[TLS] Server time: 1620122398
[TLS] client_random  (32): 6F4E196CA75FF10E9CFCDF78ABC6A47FE96CE7341FFC5B9A9A0D5636DD2FEDB0
[TLS] sign_hash (32): 0676FB3C04C7D98F1852513E00E4828869838E13DD23DFCF491BF355EAC8F60A
[TLS] Written transcript to proofs/MSG_TLS_6F4E196C.out, proofs/SIG_TLS_6F4E196C.out and proofs/PK_TLS_6F4E196C.der
Signature verification succeeds
[TLS] Server time: 1620122398
[TLS] client_random  (32): 72F796616F9E5B318B5973700647CEB721F05988EEB707D4DB944185C885F07D
[TLS] sign_hash (32): EF71334B894D95F64ACFA6192A6D45C0E931F80F5DB8BA393DB5D448C2AD90C8
[TLS] Written transcript to proofs/MSG_TLS_72F79661.out, proofs/SIG_TLS_72F79661.out and proofs/PK_TLS_72F79661.der
Signature verification succeeds
[TLS] Server time: 1620122398
[TLS] client_random  (32): F5F619FB8CD78F8F9F3C9603E67D556E16AAAF3C93E09A75CA8FDE8A22B0AE5C
[TLS] sign_hash (32): 6F94550353A36E624FE94BF324D3BCD6EE29F44B8A282270036E7FBFDB20F073
[TLS] Written transcript to proofs/MSG_TLS_F5F619FB.out, proofs/SIG_TLS_F5F619FB.out and proofs/PK_TLS_F5F619FB.der
Signature verification succeeds
[TLS] Server time: 1620122398
[TLS] client_random  (32): 4A331FD48435AFE741E9D51C188C0B1BE2B6040AB0F34CE5465482C2BB85DC8C
[TLS] sign_hash (32): 55A1FCD564A7455A8DE3960B52451FAA2320AD4D1F46EF43174DDEF431561240
[TLS] Written transcript to proofs/MSG_TLS_4A331FD4.out, proofs/SIG_TLS_4A331FD4.out and proofs/PK_TLS_4A331FD4.der
Signature verification succeeds
[TLS] Server time: 1620122398
[TLS] client_random  (32): D40864D52C79CB291AB89BC51FF35ECAE90D5A7999F347EE3B625E4BA2B2A668
[TLS] sign_hash (32): 341EDCBAA8EAECB43C7D0BE20EEC7CE9C657335A28225ED3EF04E04B94C1D847
[TLS] Written transcript to proofs/MSG_TLS_D40864D5.out, proofs/SIG_TLS_D40864D5.out and proofs/PK_TLS_D40864D5.der
Signature verification succeeds
[TLS] Server time: 1620122398
[TLS] client_random  (32): 963AD4F99CCA2B39B429298B1055BD1A658F1D0BD1B5336C3F7286BAE2C39728
[TLS] sign_hash (32): 87128B7E5F6EEF994C4DD9753BCCF623A3AED21590C66B06650F1EC370DF5715
[TLS] Written transcript to proofs/MSG_TLS_963AD4F9.out, proofs/SIG_TLS_963AD4F9.out and proofs/PK_TLS_963AD4F9.der
Signature verification succeeds
[TLS] Server time: 1620122398
[TLS] client_random  (32): 3674AAC775E587F4A11D42FA9F9F2517D64DEDD97AD48D15AC45D92E27F84C19
[TLS] sign_hash (32): C98B68EC80F82D7EFBB70A06EF49B3B2CA4D178F7AF608F496A6C75A8CACF360
[TLS] Written transcript to proofs/MSG_TLS_3674AAC7.out, proofs/SIG_TLS_3674AAC7.out and proofs/PK_TLS_3674AAC7.der
Signature verification succeeds
[TLS] Server time: 1620122398
[TLS] client_random  (32): 7752B33E1F1DE9AFF312E4F57667320AE4130F2555341931A62A308CFCEB2923
[TLS] sign_hash (32): 97C52067EC7FBDA222C00E68199E2B83D5475BEBDDEE860495B72B53287846DC
[TLS] Written transcript to proofs/MSG_TLS_7752B33E.out, proofs/SIG_TLS_7752B33E.out and proofs/PK_TLS_7752B33E.der
Signature verification succeeds
[TLS] Server time: 1620122398
[TLS] client_random  (32): 769AC6254EA3947F4231394C6896A900C9712AAAEA09627234FAFD2EE2EDF125
[TLS] sign_hash (32): 53B3C61D20B01550E4902537C2C692595B1D415529930E743AEADB426B3D6A59
[TLS] Written transcript to proofs/MSG_TLS_769AC625.out, proofs/SIG_TLS_769AC625.out and proofs/PK_TLS_769AC625.der
Signature verification succeeds
[TLS] Server time: 1620122398
[TLS] client_random  (32): 177D93979791C126675F8969C458B9F9EF68170EDB04BFDD0F6AA75C249D2EE1
[TLS] sign_hash (32): 887F0F3AC38FB9A7283054324B63587563D2057A5E21A6B986AE45D151E4C7B4
[TLS] Written transcript to proofs/MSG_TLS_177D9397.out, proofs/SIG_TLS_177D9397.out and proofs/PK_TLS_177D9397.der
Signature verification succeeds
[TLS] Server time: 1620122398
[TLS] client_random  (32): E2BE13E49905F5579B8325C2F016E3BB76766D8501D75D2DE73A522C09319753
[TLS] sign_hash (32): 008F037562476D935B152E47C2DD4B52920C818F1D0BB16FF77FD9609D2FC521
[TLS] Written transcript to proofs/MSG_TLS_E2BE13E4.out, proofs/SIG_TLS_E2BE13E4.out and proofs/PK_TLS_E2BE13E4.der
Signature verification succeeds
[TLS] Server time: 1620122398
[TLS] client_random  (32): D31ACA78A86EA7AECC84266186A920A55A0C6B21CB9FAC0DAA5A87F60AA286DD
[TLS] sign_hash (32): EF8E6BDDDAAB6114792416A0565346A0FE16B0EC346AD03EC544F2ED24EFCFDE
[TLS] Written transcript to proofs/MSG_TLS_D31ACA78.out, proofs/SIG_TLS_D31ACA78.out and proofs/PK_TLS_D31ACA78.der
Signature verification succeeds
[TLS] Server time: 1620122398
[TLS] client_random  (32): 71E4DE2A5F7175218E93E25F2459FB31781B31A822C8942645A59624AA2B5A93
[TLS] sign_hash (32): A72B3F53233863DF80E5013B7565F06310F2DE6DA572649815858CF999DDACD5
[TLS] Written transcript to proofs/MSG_TLS_71E4DE2A.out, proofs/SIG_TLS_71E4DE2A.out and proofs/PK_TLS_71E4DE2A.der
Signature verification succeeds
[TLS] Server time: 1620122398
[TLS] client_random  (32): 756D1610B799141A9F3D5C1F0EEC35EA60B02EACCD5BA98C7A0DCF6E967E5AEC
[TLS] sign_hash (32): 63A585211B3A1516D8E5B655BF931B185CA1387C50E4C0361B0E9F56B4194780
[TLS] Written transcript to proofs/MSG_TLS_756D1610.out, proofs/SIG_TLS_756D1610.out and proofs/PK_TLS_756D1610.der
Signature verification succeeds
[TLS] Server time: 1620122398
[TLS] client_random  (32): 53128DD07A67FEC0C34CBB2724487DCC098D0C186ABDDBF5E57C26291A06E5A2
[TLS] sign_hash (32): 2258A53B8AADFB6CD2FC46DD8580ACA47511B06C05F65ED6F9A8F39CD2210612
[TLS] Written transcript to proofs/MSG_TLS_53128DD0.out, proofs/SIG_TLS_53128DD0.out and proofs/PK_TLS_53128DD0.der
Signature verification succeeds
[TLS] Server time: 1620122398
[TLS] client_random  (32): CB54B5F4B384E967324F4921373FB25C3471A6813F6595470D498C3142B3418C
[TLS] sign_hash (32): 7EC5A3EDABB667EEEB2C73E2A2F5D28D056C3DB15526533F19DAC9D47C354301
[TLS] Written transcript to proofs/MSG_TLS_CB54B5F4.out, proofs/SIG_TLS_CB54B5F4.out and proofs/PK_TLS_CB54B5F4.der
Signature verification succeeds
[TLS] Server time: 1620122398
[TLS] client_random  (32): AF0468B9646A0CFD940CA7E09098604B75A396CCA3A3FF8B36C79F98BE108DDD
[TLS] sign_hash (32): 0D105CFBE6A346C6D24E562124836CC41DFB57871514E8D511952936B2289AB3
[TLS] Written transcript to proofs/MSG_TLS_AF0468B9.out, proofs/SIG_TLS_AF0468B9.out and proofs/PK_TLS_AF0468B9.der
Signature verification succeeds
[TLS] Server time: 1620122398
[TLS] client_random  (32): 9DD5B8944D6BB65B771F6F3B74F8EBFD92F3303F65FD75D6D33D29F60571AD40
[TLS] sign_hash (32): 265F500E1FA0F6F43583F1221ECD7C91687037B51DD62B3B44F9D3FDED52FD44
[TLS] Written transcript to proofs/MSG_TLS_9DD5B894.out, proofs/SIG_TLS_9DD5B894.out and proofs/PK_TLS_9DD5B894.der
Signature verification succeeds
[TLS] Server time: 1620122398
[TLS] client_random  (32): E6011C8D64AD84D856B9C44E1271DFE9414C613C0BD6F9ED6EEF19A47C7860EC
[TLS] sign_hash (32): 3674F39B222F90771E8582D3EFB9D907AFEB1AB880F07BF4B001022229791316
[TLS] Written transcript to proofs/MSG_TLS_E6011C8D.out, proofs/SIG_TLS_E6011C8D.out and proofs/PK_TLS_E6011C8D.der
Signature verification succeeds
[TLS] Server time: 1620122398
[TLS] client_random  (32): 79353F635B697F1B2CAFBC2CA4F929DEC00975399D9670CF2959A08AB326D8D8
[TLS] sign_hash (32): 84EE8B9C83F711ABB61C799796A4DFBDC443D78FC052AB1F4BB228BE6A6D5708
[TLS] Written transcript to proofs/MSG_TLS_79353F63.out, proofs/SIG_TLS_79353F63.out and proofs/PK_TLS_79353F63.der
Signature verification succeeds
[TLS] Server time: 1620122398
[TLS] client_random  (32): 68DDEEFD7D7CD7A2D9F1A583641BA446760B02255804F2B78E8F85A463E30236
[TLS] sign_hash (32): A4E01D23908A912A75F7D8B697D655EA65AD2325D1B775B5D308AC05114EC359
[TLS] Written transcript to proofs/MSG_TLS_68DDEEFD.out, proofs/SIG_TLS_68DDEEFD.out and proofs/PK_TLS_68DDEEFD.der
Signature verification succeeds
[TLS] Server time: 1620122398
[TLS] client_random  (32): 5BF0F67F785FEED4E98C4A7302D8192153711937EB4FAB10974B314C748332CE
[TLS] sign_hash (32): 42EF02385C2A377FE35E0ED87A9E9EB5D0979DAFF3DC8EA561090DB6F59918E9
[TLS] Written transcript to proofs/MSG_TLS_5BF0F67F.out, proofs/SIG_TLS_5BF0F67F.out and proofs/PK_TLS_5BF0F67F.der
Signature verification succeeds
[TLS] Server time: 1620122398
[TLS] client_random  (32): 04F900BC6D6BB6594486A77B4893B3980E100A527E18DD006BBF4857E0E04FE9
[TLS] sign_hash (32): 5EFE53A6A1409156C67D2247D0744CB6B514D351E153DBB7FEDCCE14BFF2C818
[TLS] Written transcript to proofs/MSG_TLS_04F900BC.out, proofs/SIG_TLS_04F900BC.out and proofs/PK_TLS_04F900BC.der
Signature verification succeeds
[TLS] Server time: 1620122398
[TLS] client_random  (32): FE4228754AB3D0804B6B7748C589A23A55198088FB6A1A659C3C9344E3C1B785
[TLS] sign_hash (32): C2474D6CF5D58A21C18B340294B86261504F9EF89CE2D30E84BCD64410026CC9
[TLS] Written transcript to proofs/MSG_TLS_FE422875.out, proofs/SIG_TLS_FE422875.out and proofs/PK_TLS_FE422875.der
Signature verification succeeds
[TLS] Server time: 1620122398
[TLS] client_random  (32): 30E18532C90A0824A613FFF2BB89AB48B5DCAF79E62B204133DB159BE956790C
[TLS] sign_hash (32): 17BE89E3A1B535DF62910DC403D0B565129E176F2B1274292F8519C74E412E2D
[TLS] Written transcript to proofs/MSG_TLS_30E18532.out, proofs/SIG_TLS_30E18532.out and proofs/PK_TLS_30E18532.der
Signature verification succeeds
[TLS] Server time: 1620122398
[TLS] client_random  (32): 7F77F5508747C4C1D40C544223D4B0F969D7D93E678A8AF001BC23D17DB1C354
[TLS] sign_hash (32): C321BFF6756187F51B8C51E0359757DCC4E0BF7867F36C599DBA82ACC793BB20
[TLS] Written transcript to proofs/MSG_TLS_7F77F550.out, proofs/SIG_TLS_7F77F550.out and proofs/PK_TLS_7F77F550.der
Signature verification succeeds
[TLS] Server time: 1620122398
[TLS] client_random  (32): 05A3CD09EBA8B05214320A20BFA43268BABAF0DA9B5819A17D295D6233D78003
[TLS] sign_hash (32): 99425DF6A6EEB9A68FB810A5EBFC93A70AE6043D85B50CCCA531497FBCF4682C
[TLS] Written transcript to proofs/MSG_TLS_05A3CD09.out, proofs/SIG_TLS_05A3CD09.out and proofs/PK_TLS_05A3CD09.der
Signature verification succeeds
[TLS] Server time: 1620122398
[TLS] client_random  (32): E4D2F2B39139DBD18DA73550E1C48095A618656A8D2344A76C255684BA2558EC
[TLS] sign_hash (32): 5955B501E99B08C279A48DEBF799BBED6D80DE4FEAB8B84A07E9FF7992DCC35D
[TLS] Written transcript to proofs/MSG_TLS_E4D2F2B3.out, proofs/SIG_TLS_E4D2F2B3.out and proofs/PK_TLS_E4D2F2B3.der
Signature verification succeeds
[TLS] Server time: 1620122399
[TLS] client_random  (32): D094C26B53C2227D8C410A731B60AB5D47FE6D6BDBF3881E337B569F1E29977E
[TLS] sign_hash (32): 439BB41BA017ACDAB6203D332CB1683680E2B3EA876102B52CB750BCADF537E8
[TLS] Written transcript to proofs/MSG_TLS_D094C26B.out, proofs/SIG_TLS_D094C26B.out and proofs/PK_TLS_D094C26B.der
Signature verification succeeds
[TLS] Server time: 1620122399
[TLS] client_random  (32): 447001D75FBCEDE3E9FA580A569B24C3FFBD6E3AFD2EC3ED83AA051D61F9286A
[TLS] sign_hash (32): 80270C7E7D46564BC34BFB0E5E64B2C4838AFDC0EFF83BC8F7B21D6E69D200C9
[TLS] Written transcript to proofs/MSG_TLS_447001D7.out, proofs/SIG_TLS_447001D7.out and proofs/PK_TLS_447001D7.der
Signature verification succeeds
[TLS] Server time: 1620122399
[TLS] client_random  (32): 58D6A7074BE529527FC902605C2971221E69A9823103818B640C88F8C3C01662
[TLS] sign_hash (32): D50B71C424552DA3CE46CB858018062DA093136FAD13020CE98817C3695B0DFC
[TLS] Written transcript to proofs/MSG_TLS_58D6A707.out, proofs/SIG_TLS_58D6A707.out and proofs/PK_TLS_58D6A707.der
Signature verification succeeds
[TLS] Server time: 1620122399
[TLS] client_random  (32): DD4B87D90FACB1BD0F23C44C72EC2FDD3AE1855023227EE50FD416AE4FC215BD
[TLS] sign_hash (32): F4D93C4D045B29D027AFB8EB12C938EE5A810B27B77B6BA79F6244FF92531B05
[TLS] Written transcript to proofs/MSG_TLS_DD4B87D9.out, proofs/SIG_TLS_DD4B87D9.out and proofs/PK_TLS_DD4B87D9.der
Signature verification succeeds
[TLS] Server time: 1620122399
[TLS] client_random  (32): 2EED8E7AB2B71894A0198CAE00FFA87839E46870A1B2773042D3FC3C48FB5BB9
[TLS] sign_hash (32): 483C670ACF5AF4369ED7303477F97653DA7A04C328796EE74C1E7750F7F725DF
[TLS] Written transcript to proofs/MSG_TLS_2EED8E7A.out, proofs/SIG_TLS_2EED8E7A.out and proofs/PK_TLS_2EED8E7A.der
Signature verification succeeds
[TLS] Server time: 1620122399
[TLS] client_random  (32): B9870342FFEEBC3A3F4F8C676654CEA2AD195038013FD726BFEDB17E731C1DEB
[TLS] sign_hash (32): 60D23EECB82457E6E660C4C69DA62B672A47A0B0308E86808FA79AED4FC5654E
[TLS] Written transcript to proofs/MSG_TLS_B9870342.out, proofs/SIG_TLS_B9870342.out and proofs/PK_TLS_B9870342.der
Signature verification succeeds
[TLS] Server time: 1620122399
[TLS] client_random  (32): 57778F3BEB778A13DB19783E8233EE7A2E284300CC0FD71EF39F8A1825FC2769
[TLS] sign_hash (32): 1E7EBA0E487DC75F309203F19B2D115EFEF5F855A6BBDC808B79D255C753440E
[TLS] Written transcript to proofs/MSG_TLS_57778F3B.out, proofs/SIG_TLS_57778F3B.out and proofs/PK_TLS_57778F3B.der
Signature verification succeeds
[TLS] Server time: 1620122399
[TLS] client_random  (32): B3555229FB1C6C029959FC2D769FA90391B2D183EC10485AE5D56B1BC88CBB32
[TLS] sign_hash (32): FED35070B8C209BBA35101BCA1A264BEBDD89B2276240610991920102FC92533
[TLS] Written transcript to proofs/MSG_TLS_B3555229.out, proofs/SIG_TLS_B3555229.out and proofs/PK_TLS_B3555229.der
Signature verification succeeds
[TLS] Server time: 1620122399
[TLS] client_random  (32): 1E325457AFA5A7A8050A102F30E13AB2B4EFD70086BE9FF0C8F271B0222A8BB9
[TLS] sign_hash (32): 7B2C0B364E4F88F8EBF58A5D7BB7BA807E7FA131B39D15967015E553E277D72E
[TLS] Written transcript to proofs/MSG_TLS_1E325457.out, proofs/SIG_TLS_1E325457.out and proofs/PK_TLS_1E325457.der
Signature verification succeeds
[TLS] Server time: 1620122399
[TLS] client_random  (32): BA8012F776E353BC961BB7A7C234E8428BBF495B187077D9BC4F364052F37A49
[TLS] sign_hash (32): C699D611DDD22AD5E369E5FE60B9054DCFD7DDC1442993BDD422A5E4D3B8551A
[TLS] Written transcript to proofs/MSG_TLS_BA8012F7.out, proofs/SIG_TLS_BA8012F7.out and proofs/PK_TLS_BA8012F7.der
Signature verification succeeds
[TLS] Server time: 1620122399
[TLS] client_random  (32): 6C2A1FC3986E866B016BDBA4EE8294A5C8BEC3C98ABDBDD074900E55034B3DB2
[TLS] sign_hash (32): D2CAF9613AE1BF05E27471FD9A9B6F07A6F54C305207BEB4F704B20C616EC726
[TLS] Written transcript to proofs/MSG_TLS_6C2A1FC3.out, proofs/SIG_TLS_6C2A1FC3.out and proofs/PK_TLS_6C2A1FC3.der
Signature verification succeeds
[TLS] Server time: 1620122399
[TLS] client_random  (32): EB063001C2133A18D8AC7EF131CF633F54D186F9EF1347DF6CB022A825B5448B
[TLS] sign_hash (32): B83168B2EC1B4D411DF64D5380805E22883836632D5E7EF9E10E44A99FF6DEC6
[TLS] Written transcript to proofs/MSG_TLS_EB063001.out, proofs/SIG_TLS_EB063001.out and proofs/PK_TLS_EB063001.der
Signature verification succeeds
[TLS] Server time: 1620122399
[TLS] client_random  (32): 05131359731FFBBACD7937BAC82A8C958DD15BB08BDE691735B820B7C9A95537
[TLS] sign_hash (32): BA25802CAAA43E37B9469BBF77E43D1368B935E341995D56894243F7E260D1C6
[TLS] Written transcript to proofs/MSG_TLS_05131359.out, proofs/SIG_TLS_05131359.out and proofs/PK_TLS_05131359.der
Signature verification succeeds
[TLS] Server time: 1620122399
[TLS] client_random  (32): 898B497B3FC13A3FDBB986B5C2511DD6412365E98DA741F828EAF6C3AC72E22E
[TLS] sign_hash (32): 96413F97D08863FBD1FE6E2047C0B94D1C875A5A28512832A1662192EB0E1490
[TLS] Written transcript to proofs/MSG_TLS_898B497B.out, proofs/SIG_TLS_898B497B.out and proofs/PK_TLS_898B497B.der
Signature verification succeeds
[TLS] Server time: 1620122399
[TLS] client_random  (32): 804CF063EA97C6E8C9D364EC674ACD18A9B8ACDFCA0755965266AE0CF67610D5
[TLS] sign_hash (32): 15305B0721AE6AC556F9F55AF218CC2582253F4A1285D22B0F3BC8F3AE7C43EA
[TLS] Written transcript to proofs/MSG_TLS_804CF063.out, proofs/SIG_TLS_804CF063.out and proofs/PK_TLS_804CF063.der
Signature verification succeeds
[TLS] Server time: 1620122399
[TLS] client_random  (32): 193FB3B91DEEDFCF090A3F56F47A269F85EF2055CCC53107C4C010C347D57A54
[TLS] sign_hash (32): DC7788348C5AF2133E222996A84D28BF1C03A9817E28C297F1F76C4883DC64F5
[TLS] Written transcript to proofs/MSG_TLS_193FB3B9.out, proofs/SIG_TLS_193FB3B9.out and proofs/PK_TLS_193FB3B9.der
Signature verification succeeds
[TLS] Server time: 1620122399
[TLS] client_random  (32): E631D60DF5F2629212AF28B13DAAE5353F7EA3F70E9DFA98FB0D41E44510C6A0
[TLS] sign_hash (32): F3D0B092CD38405309B91CB846663CB3765D16113DDA26117D4CAC2D6905B69F
[TLS] Written transcript to proofs/MSG_TLS_E631D60D.out, proofs/SIG_TLS_E631D60D.out and proofs/PK_TLS_E631D60D.der
Signature verification succeeds
[TLS] Server time: 1620122399
[TLS] client_random  (32): E0A9333670DBC9D247D27341D4B41592A2E9D278154FEDC96681C8210DCB3794
[TLS] sign_hash (32): 63A823036205DB4000EC0706E5587446B6DFA7638FA2D24420B0A76B36B28C56
[TLS] Written transcript to proofs/MSG_TLS_E0A93336.out, proofs/SIG_TLS_E0A93336.out and proofs/PK_TLS_E0A93336.der
Signature verification succeeds
[TLS] Server time: 1620122399
[TLS] client_random  (32): 24DC50FA0FC24DDBA8324F1DE2CE0F29974100E874D1BDCC73E0403E19A53D6D
[TLS] sign_hash (32): 3204405919C501D4A05B72CB6845E415C143FCA961CA585C3166E1BFE34379E3
[TLS] Written transcript to proofs/MSG_TLS_24DC50FA.out, proofs/SIG_TLS_24DC50FA.out and proofs/PK_TLS_24DC50FA.der
Signature verification succeeds
[TLS] Server time: 1620122399
[TLS] client_random  (32): 299BF4C0A27F26D9F77D2CED9B6A5F1C7A3E1F0E376C6E4FF767AA99A532991A
[TLS] sign_hash (32): EC5473D31330B6A62F5D56DAED719CAAD224FFC756426AAB12CF3303CFB20CF8
[TLS] Written transcript to proofs/MSG_TLS_299BF4C0.out, proofs/SIG_TLS_299BF4C0.out and proofs/PK_TLS_299BF4C0.der
Signature verification succeeds
[TLS] Server time: 1620122399
[TLS] client_random  (32): 5A6BF4229235333D3FC57FBCB601918C481549FDDF2477C70E3CD009BC73A80C
[TLS] sign_hash (32): 4B35EC9B715850B8D3776F6F532017012B69C22C29D35A35FC995D195A3EFD20
[TLS] Written transcript to proofs/MSG_TLS_5A6BF422.out, proofs/SIG_TLS_5A6BF422.out and proofs/PK_TLS_5A6BF422.der
Signature verification succeeds
[TLS] Server time: 1620122399
[TLS] client_random  (32): CBC5CDDE8E792AECA667A9D3FA39EB4521E9E17F589D5FFBEB4B645DFED1DA48
[TLS] sign_hash (32): 584086C036470EEE0E74E1A7F48EE32833B381EE9AF3A984EE610A8D5F19320C
[TLS] Written transcript to proofs/MSG_TLS_CBC5CDDE.out, proofs/SIG_TLS_CBC5CDDE.out and proofs/PK_TLS_CBC5CDDE.der
Signature verification succeeds
[TLS] Server time: 1620122399
[TLS] client_random  (32): 011508BD585FD48B7EC3A62103CD65B0B43FC90BD1C6B46BFC56CCBA81F8045B
[TLS] sign_hash (32): D78F6FCB7F28E0CA06206EE1EC44A8C7533644416B59CDF848BA9296FAFC0612
[TLS] Written transcript to proofs/MSG_TLS_011508BD.out, proofs/SIG_TLS_011508BD.out and proofs/PK_TLS_011508BD.der
Signature verification succeeds
[TLS] Server time: 1620122399
[TLS] client_random  (32): E09C701AFEE64AEAF17592296E4F6E79A031E3AE08CDB1A8E5A25505CF879494
[TLS] sign_hash (32): 3915C34CE26B3006F13846BA356AE5D8E497A7616AC3E5839158175F0A7CF49B
[TLS] Written transcript to proofs/MSG_TLS_E09C701A.out, proofs/SIG_TLS_E09C701A.out and proofs/PK_TLS_E09C701A.der
Signature verification succeeds
[TLS] Server time: 1620122399
[TLS] client_random  (32): FE7FAAABC42DD825411FD2FB5F082882770DF20A8D8C2A35F2E01EB1FEEFCC87
[TLS] sign_hash (32): 5497880A8935A3B5D15EED4D79557369C5440F44AD7451995BF9D87C0C3F544F
[TLS] Written transcript to proofs/MSG_TLS_FE7FAAAB.out, proofs/SIG_TLS_FE7FAAAB.out and proofs/PK_TLS_FE7FAAAB.der
Signature verification succeeds
[TLS] Server time: 1620122399
[TLS] client_random  (32): B653684502AC363E735B92991BF559C99E6BFEDA338C0EC64E78912F5258B18A
[TLS] sign_hash (32): FA0B7FB1F0D3F0361DEF0D72FF0D705904BC1B2BDC18BFCD7CCCEA7EB5AB447B
[TLS] Written transcript to proofs/MSG_TLS_B6536845.out, proofs/SIG_TLS_B6536845.out and proofs/PK_TLS_B6536845.der
Signature verification succeeds
[TLS] Server time: 1620122399
[TLS] client_random  (32): 906846E15461C20C3FF7B4DEC2AC3806818413361C23F2EDEF4619B3C85AC2F6
[TLS] sign_hash (32): C5EE9FFE43C99116983B5DDE1280DD00BF7C6451A624D593FF6BCFE77CBF749E
[TLS] Written transcript to proofs/MSG_TLS_906846E1.out, proofs/SIG_TLS_906846E1.out and proofs/PK_TLS_906846E1.der
Signature verification succeeds
[TLS] Server time: 1620122399
[TLS] client_random  (32): DF2A3C46CD540DF36023079FB0BAFDA10DE9B6FE97AF0AC511E1B1FAAB81F7D7
[TLS] sign_hash (32): C8FACC1EBB0B7B0019669390AD618DB17103225C6C4FFE8D9B7246D0EFC71884
[TLS] Written transcript to proofs/MSG_TLS_DF2A3C46.out, proofs/SIG_TLS_DF2A3C46.out and proofs/PK_TLS_DF2A3C46.der
Signature verification succeeds
[TLS] Server time: 1620122399
[TLS] client_random  (32): 3BF1BB4E2BCD83CD25561879F0A37A1A67536E0F059502854E82CB611ED87F3A
[TLS] sign_hash (32): FC9A031820D124EE6F0C362C2BA236D1795983CA0F793F9EF084BA67FC2E441E
[TLS] Written transcript to proofs/MSG_TLS_3BF1BB4E.out, proofs/SIG_TLS_3BF1BB4E.out and proofs/PK_TLS_3BF1BB4E.der
Signature verification succeeds
[TLS] Server time: 1620122399
[TLS] client_random  (32): C6D489725D7AD218541901F78FF8A190C1C9E0F238C021D1614975757980332E
[TLS] sign_hash (32): 9AB78A4928DCF4D112B8222BF1E2A3EC6B1B69B4A34A015EFC39905D48C5446D
[TLS] Written transcript to proofs/MSG_TLS_C6D48972.out, proofs/SIG_TLS_C6D48972.out and proofs/PK_TLS_C6D48972.der
Signature verification succeeds
[TLS] Server time: 1620122399
[TLS] client_random  (32): E66A69074F697DFA9CD6DC596F9C71F545E0424F4AFFB8FBE971D34EAC69C80A
[TLS] sign_hash (32): 65F6BFE22B0A361ADD286530BC11FAC15E1E426A0777FC05D23A5CC4B48C9BA3
[TLS] Written transcript to proofs/MSG_TLS_E66A6907.out, proofs/SIG_TLS_E66A6907.out and proofs/PK_TLS_E66A6907.der
Signature verification succeeds
[TLS] Server time: 1620122399
[TLS] client_random  (32): C0C51933A2E24870914234A91F8D89D18D0018A2EF79E354BBE468B44FBE77C3
[TLS] sign_hash (32): 65C0CEFCE9A0A845C7B31F19833179A668B85BF8E8AAAE293416FB4ADFC2DD35
[TLS] Written transcript to proofs/MSG_TLS_C0C51933.out, proofs/SIG_TLS_C0C51933.out and proofs/PK_TLS_C0C51933.der
Signature verification succeeds
[TLS] Server time: 1620122399
[TLS] client_random  (32): F46377FAC9D29C0F50F05616893FA3FF797AEDFBA9FAA37D786C024CB263C2E4
[TLS] sign_hash (32): 358D8C42CA5EFFFB2FC139A3552B2CF5763C18D42CAC6EA5DA70208D3CE47944
[TLS] Written transcript to proofs/MSG_TLS_F46377FA.out, proofs/SIG_TLS_F46377FA.out and proofs/PK_TLS_F46377FA.der
Signature verification succeeds
[TLS] Server time: 1620122399
[TLS] client_random  (32): 815D247F18A5903A535B2BBBAF334B36A3E00D2FBADEF3BED7552F6007F4F99C
[TLS] sign_hash (32): 2FF50878F62FAE6D02A4D9A542CA3EEE0B2EA4801E257CDDD2CA9CECD53E77F8
[TLS] Written transcript to proofs/MSG_TLS_815D247F.out, proofs/SIG_TLS_815D247F.out and proofs/PK_TLS_815D247F.der
Signature verification succeeds
[TLS] Server time: 1620122399
[TLS] client_random  (32): A0B6F006AF047A2C70EEB00A0BB5E02DCB8713A2ADFEA334A2CA0D91260D7D46
[TLS] sign_hash (32): 8A2B691C419DCC31D564F81F76CD95484322F364C72E7C5E75CB34D85CD2EF9E
[TLS] Written transcript to proofs/MSG_TLS_A0B6F006.out, proofs/SIG_TLS_A0B6F006.out and proofs/PK_TLS_A0B6F006.der
Signature verification succeeds
[TLS] Server time: 1620122399
[TLS] client_random  (32): D33FD0E620EA72269A70B51EDC8C52F0A8A6FECC1D1B060152A5205E1E9652FF
[TLS] sign_hash (32): A4511CFAFD6D9397CEC96AAA77E5D6393E0D29160819060DAA2D81F2E484A3F7
[TLS] Written transcript to proofs/MSG_TLS_D33FD0E6.out, proofs/SIG_TLS_D33FD0E6.out and proofs/PK_TLS_D33FD0E6.der
Signature verification succeeds
[TLS] Server time: 1620122399
[TLS] client_random  (32): E4584022A44DCF4A43F2B6636A59FC3B801805937EF06DFB84CDAB8099BD9326
[TLS] sign_hash (32): 4584B059C0B0CD7BBD06A0A9D60CC9CA0B5AED4F85DEBD9EC412D4912AA7EA81
[TLS] Written transcript to proofs/MSG_TLS_E4584022.out, proofs/SIG_TLS_E4584022.out and proofs/PK_TLS_E4584022.der
Signature verification succeeds
[TLS] Server time: 1620122399
[TLS] client_random  (32): 333250AD64AD2C27F4DBF566A5CE9451FCE30FF5FC1739A82F87A846A590A7E5
[TLS] sign_hash (32): D7BF9A364E990FBA455CEBD675F74BA0C1E768ACBF60F54F72C0E3F0BE6EA11F
[TLS] Written transcript to proofs/MSG_TLS_333250AD.out, proofs/SIG_TLS_333250AD.out and proofs/PK_TLS_333250AD.der
Signature verification succeeds
[TLS] Server time: 1620122399
[TLS] client_random  (32): 4375C37D497AE746B3568EB3F65CC41D2E5BBAC4E4E0647A2BC1BAB887413BFD
[TLS] sign_hash (32): 8FE11202F13C08C7C3FF320399659302932648504C8CFFCE283A9B3351A9FB64
[TLS] Written transcript to proofs/MSG_TLS_4375C37D.out, proofs/SIG_TLS_4375C37D.out and proofs/PK_TLS_4375C37D.der
Signature verification succeeds
[TLS] Server time: 1620122399
[TLS] client_random  (32): 0192171F4440F809D7B2634A16871EF7EFA1A374AFCB15B49B97D65532E44197
[TLS] sign_hash (32): 8614BADFA23E4FB2D88CEE1693580E3F797B543D8120484C63CC22750FD0ACB4
[TLS] Written transcript to proofs/MSG_TLS_0192171F.out, proofs/SIG_TLS_0192171F.out and proofs/PK_TLS_0192171F.der
Signature verification succeeds
[TLS] Server time: 1620122399
[TLS] client_random  (32): B86B64F85FCD01D293F89991B207B9AD44EA21C395AFF611E191355FC0ADF283
[TLS] sign_hash (32): A39EF4043D5D3EDF72FC34CB1A2A6EFA0A8FFA42DFE3B4AE1C6FE15B333F9130
[TLS] Written transcript to proofs/MSG_TLS_B86B64F8.out, proofs/SIG_TLS_B86B64F8.out and proofs/PK_TLS_B86B64F8.der
Signature verification succeeds
[TLS] Server time: 1620122399
[TLS] client_random  (32): FB7520773E0992288063409631C96AD86E080E52F3B43AC87F7766517A4BA4E7
[TLS] sign_hash (32): 3760CB05E7C1FBBFC76F3F29ED2AE16E5505D9D10693561BB66C2BD477302703
[TLS] Written transcript to proofs/MSG_TLS_FB752077.out, proofs/SIG_TLS_FB752077.out and proofs/PK_TLS_FB752077.der
Signature verification succeeds
Time breakdown (averages): anchor_ping:7.587078 file_read:0.134212 hashing:0.470300
Total time for 123 rounds is 1015.161980ms
Standard deviations: anchor_ping:1.261007 file_read:0.013126 hashing:0.004508
[Client-side ops] mean:0.604512 sd:0.013362
in & out anchor rand written to proofs/phase1.out
     82 [TLS] Server time: 1620122398
     42 [TLS] Server time: 1620122399
Count is 82
Count is 42
success: 1
RESULT: 1 in 1 tries
