TLS anchor: www.american.edu
Actual: 60, Set: 123
Beginning execution at Sat Apr 24 07:00:02 UTC 2021
CONF: anchor:www.american.edu fs:1024MB n_rounds:123 seed:5c9f4bf9bbc15bb855f82faedc5a52fc3ab2dfa8ec3ba3ce1b270f31fa0cced2 filename:FILE bs:1024 nops:100 benchmarking:0 anchor_ping:1 queue_depth:32 direct:0
[TLS] Connecting to www.american.edu
[TLS] Server time: 1619247599
[TLS] client_random  (32): 5C9F4BF9BBC15BB855F82FAEDC5A52FC3AB2DFA8EC3BA3CE1B270F31FA0CCED2
[TLS] sign_hash (32): 8BD4C30B7FD530D54E1E3D38A6B445072E9295266A24CED12C4B4B2D26D6EE21
[TLS] Written transcript to proofs/MSG_TLS_5C9F4BF9.out, proofs/SIG_TLS_5C9F4BF9.out and proofs/PK_TLS_5C9F4BF9.der
Signature verification succeeds
[TLS] Server time: 1619247599
[TLS] client_random  (32): C28FEDA63E7A8048C225B98F7D151195077847448D61CF002649B3E0B6FF494D
[TLS] sign_hash (32): E386B8535ECB9E6539677DFDE1274A9ED1471B34324BBBEF440D839948C20E8F
[TLS] Written transcript to proofs/MSG_TLS_C28FEDA6.out, proofs/SIG_TLS_C28FEDA6.out and proofs/PK_TLS_C28FEDA6.der
Signature verification succeeds
[TLS] Server time: 1619247599
[TLS] client_random  (32): 434B4A3CD0FB894283AD68AA1036F2CB1A111DE30EDF873DAD5F85003F4C1592
[TLS] sign_hash (32): 329D5D72FEF6E69925D8A7928FCE0C665BDDC5589119CE2EFA3B348212582F98
[TLS] Written transcript to proofs/MSG_TLS_434B4A3C.out, proofs/SIG_TLS_434B4A3C.out and proofs/PK_TLS_434B4A3C.der
Signature verification succeeds
[TLS] Server time: 1619247599
[TLS] client_random  (32): FA22AF0F6D4EB55659116E88F51E797B7DC0427B15DD53B243F70289F08A46C4
[TLS] sign_hash (32): 17DDCDF0C766C12B44DCE64F03C9F5FEE2E4940867616C2B28BA60FEDAE5DD28
[TLS] Written transcript to proofs/MSG_TLS_FA22AF0F.out, proofs/SIG_TLS_FA22AF0F.out and proofs/PK_TLS_FA22AF0F.der
Signature verification succeeds
[TLS] Server time: 1619247599
[TLS] client_random  (32): 2CF4EAC1D6266D008F0AE767FDE595D5A4919FDB8928AD9E7FD5CE41E78235BB
[TLS] sign_hash (32): 82D160D222BFE8DA7780B2C43538814BB19D89933BAA6C362D177AD2A0487619
[TLS] Written transcript to proofs/MSG_TLS_2CF4EAC1.out, proofs/SIG_TLS_2CF4EAC1.out and proofs/PK_TLS_2CF4EAC1.der
Signature verification succeeds
[TLS] Server time: 1619247599
[TLS] client_random  (32): E1DD640BDADA4011CF17E6E73C645BD0484C6876CF9AA53545E471F6C3DC4AE5
[TLS] sign_hash (32): D583C7C8552BEBFBBEA24177027D2FE8E1ABFAE6D4A851DBD05DBED70197BD63
[TLS] Written transcript to proofs/MSG_TLS_E1DD640B.out, proofs/SIG_TLS_E1DD640B.out and proofs/PK_TLS_E1DD640B.der
Signature verification succeeds
[TLS] Server time: 1619247599
[TLS] client_random  (32): D69EDF8F6A2D132F3583B4D7FD322C12B3F58C348D032FFBA39D128C3A94D95D
[TLS] sign_hash (32): 0279E7357BCCEB6FF311F2433CE14D01C8B2DC16CF2E1A3CD891F9E388BF635C
[TLS] Written transcript to proofs/MSG_TLS_D69EDF8F.out, proofs/SIG_TLS_D69EDF8F.out and proofs/PK_TLS_D69EDF8F.der
Signature verification succeeds
[TLS] Server time: 1619247599
[TLS] client_random  (32): 148F95D0CC66A8D305467CFA7FE73F4CB084C0C2CB13469DA8503C30353D8940
[TLS] sign_hash (32): 4C62CAA615299C32A2E48BE288F7AEF5D78E7C0A9359F298E27E8A617BD2C568
[TLS] Written transcript to proofs/MSG_TLS_148F95D0.out, proofs/SIG_TLS_148F95D0.out and proofs/PK_TLS_148F95D0.der
Signature verification succeeds
[TLS] Server time: 1619247599
[TLS] client_random  (32): 983282C7189A23A625A30264D7FD9EF2DC7AFAD6D672409BE3F9E2848110E5AC
[TLS] sign_hash (32): 25D6C361BE318C8D9CCDE1E755ECB6837542E880B222B04A5F215766D37CA142
[TLS] Written transcript to proofs/MSG_TLS_983282C7.out, proofs/SIG_TLS_983282C7.out and proofs/PK_TLS_983282C7.der
Signature verification succeeds
[TLS] Server time: 1619247599
[TLS] client_random  (32): 0124112564D1DD61629B674DB85119E2AECA98216367226E3D9D40D21CEFF5BB
[TLS] sign_hash (32): 7668C92F1EB544C391C320AAFF23246FA4237FFEC53941CA906A7C76513BA395
[TLS] Written transcript to proofs/MSG_TLS_01241125.out, proofs/SIG_TLS_01241125.out and proofs/PK_TLS_01241125.der
Signature verification succeeds
[TLS] Server time: 1619247599
[TLS] client_random  (32): 78A5EC21CC3059ECF383FC523A6263FB715082E8282242D230975D79CD652EBE
[TLS] sign_hash (32): BE9F403DA3AD2FD2762178E9C82131D1A05AA9025C0BFFF081C437B6C8670626
[TLS] Written transcript to proofs/MSG_TLS_78A5EC21.out, proofs/SIG_TLS_78A5EC21.out and proofs/PK_TLS_78A5EC21.der
Signature verification succeeds
[TLS] Server time: 1619247599
[TLS] client_random  (32): 5A523BACA4D4D857869CE713AAEEAE5F955D8453D5D9FEC88C637A721F601C94
[TLS] sign_hash (32): 15752C750CB63BE31951F52D72CA4265E36D055E48B7C4A2E5697E1E3DC97A79
[TLS] Written transcript to proofs/MSG_TLS_5A523BAC.out, proofs/SIG_TLS_5A523BAC.out and proofs/PK_TLS_5A523BAC.der
Signature verification succeeds
[TLS] Server time: 1619247599
[TLS] client_random  (32): D1D2857918A50A36E4859D246FFCF85FFA700D52060555BDABBA4C6BE900807D
[TLS] sign_hash (32): 7A9952FD4B0CB4E899769B7164EC39126D270C4B5583B2ED65CA06B159D2CB43
[TLS] Written transcript to proofs/MSG_TLS_D1D28579.out, proofs/SIG_TLS_D1D28579.out and proofs/PK_TLS_D1D28579.der
Signature verification succeeds
[TLS] Server time: 1619247599
[TLS] client_random  (32): 98BA69006F1EADD8054D49C1B83E1B904355DFDE67D822E0A860A7CFA7CDD97D
[TLS] sign_hash (32): 498546D285D11728AE6958EB238C5466BA5A192DD204218404C697991CD6031E
[TLS] Written transcript to proofs/MSG_TLS_98BA6900.out, proofs/SIG_TLS_98BA6900.out and proofs/PK_TLS_98BA6900.der
Signature verification succeeds
[TLS] Server time: 1619247599
[TLS] client_random  (32): B8F32CE279ADD8AB4B2D4D0047AD30A5C629BC5A494C4507646C49FFB7156CB5
[TLS] sign_hash (32): 8119B30AA391A72EF3DB91285819E38BCB6ADBCF55EA856FCF60AC208C306F36
[TLS] Written transcript to proofs/MSG_TLS_B8F32CE2.out, proofs/SIG_TLS_B8F32CE2.out and proofs/PK_TLS_B8F32CE2.der
Signature verification succeeds
[TLS] Server time: 1619247599
[TLS] client_random  (32): 57528A13A709480C9105F56DB79BDF78940AC90BD3DC49CC7BC604AAF9956344
[TLS] sign_hash (32): 2D75A85D37AD1BA1B1F3BB36039ECC420180EB6591C290DD1F6760E6DA287387
[TLS] Written transcript to proofs/MSG_TLS_57528A13.out, proofs/SIG_TLS_57528A13.out and proofs/PK_TLS_57528A13.der
Signature verification succeeds
[TLS] Server time: 1619247599
[TLS] client_random  (32): 225D2D8249C659E8687889C2AB7C434387E06E4F079CF4B7C6262C1AEEC04916
[TLS] sign_hash (32): FFFAC56422ADCCBDC84A826A4729A87E9664E75382173E2B0AEC7121B28732FB
[TLS] Written transcript to proofs/MSG_TLS_225D2D82.out, proofs/SIG_TLS_225D2D82.out and proofs/PK_TLS_225D2D82.der
Signature verification succeeds
[TLS] Server time: 1619247599
[TLS] client_random  (32): A4149508512E802063E32ED746D8D5802EA4BEF92533680960CB2645C97E9BA1
[TLS] sign_hash (32): DCDA674474613267BCDC4FB08706187D2A89ABF9047FCBBD8AB7E5DF17DA1B35
[TLS] Written transcript to proofs/MSG_TLS_A4149508.out, proofs/SIG_TLS_A4149508.out and proofs/PK_TLS_A4149508.der
Signature verification succeeds
[TLS] Server time: 1619247599
[TLS] client_random  (32): A7AF1C4916AD9ED1E00A5F661AA91CA76727E65E85873B86AD10A2A825BA0442
[TLS] sign_hash (32): 1C04BD2A761C3252496D9D51953111AC6C75DC442C3B4DE77576762A92614109
[TLS] Written transcript to proofs/MSG_TLS_A7AF1C49.out, proofs/SIG_TLS_A7AF1C49.out and proofs/PK_TLS_A7AF1C49.der
Signature verification succeeds
[TLS] Server time: 1619247599
[TLS] client_random  (32): B5BA569FFF6AD9F35DA6C6045D5DD50E25A875836B1022E156CF608F942CED09
[TLS] sign_hash (32): 287A4FE243E9D59D8D5096DE8990D311553F6179AB595AB55CBA4349507407CD
[TLS] Written transcript to proofs/MSG_TLS_B5BA569F.out, proofs/SIG_TLS_B5BA569F.out and proofs/PK_TLS_B5BA569F.der
Signature verification succeeds
[TLS] Server time: 1619247599
[TLS] client_random  (32): FB657B047466ABD5BFD09140CD8395F2ABC5F692BCD1388EAD1C7FC30A5D529F
[TLS] sign_hash (32): 08E4B395136EDB8B18055F90ACDA794D22E42F2009A5A8B98F41AC1F148D25DD
[TLS] Written transcript to proofs/MSG_TLS_FB657B04.out, proofs/SIG_TLS_FB657B04.out and proofs/PK_TLS_FB657B04.der
Signature verification succeeds
[TLS] Server time: 1619247599
[TLS] client_random  (32): 9E6B5E35D862FC4761DD3037CAD297C57C07B9A8B2D32A8CF8D873AE42084787
[TLS] sign_hash (32): B2102D63B0B1E1778C8FA9023EDC19E5D17AB01964103D35A3473CCCC634269B
[TLS] Written transcript to proofs/MSG_TLS_9E6B5E35.out, proofs/SIG_TLS_9E6B5E35.out and proofs/PK_TLS_9E6B5E35.der
Signature verification succeeds
[TLS] Server time: 1619247599
[TLS] client_random  (32): A10F23329BD2EA242D65911C290B92DC99076A8A1FEFAC1BDDDD4F0F7D66B336
[TLS] sign_hash (32): 69C0A33DE74E069EA57348521CFCB791762D9AEEBE90C032D2D2BAFFD0AF870F
[TLS] Written transcript to proofs/MSG_TLS_A10F2332.out, proofs/SIG_TLS_A10F2332.out and proofs/PK_TLS_A10F2332.der
Signature verification succeeds
[TLS] Server time: 1619247599
[TLS] client_random  (32): B3FEC3B944B4152B8C8BEDD10D4EEB9E9F87CEA69A8A7AD89E7CE229BC61C855
[TLS] sign_hash (32): FB4AA62D6C630241D5486CB0C051D9E1895FF419BA300558BE6D446CCA9FF42A
[TLS] Written transcript to proofs/MSG_TLS_B3FEC3B9.out, proofs/SIG_TLS_B3FEC3B9.out and proofs/PK_TLS_B3FEC3B9.der
Signature verification succeeds
[TLS] Server time: 1619247599
[TLS] client_random  (32): 04889864D8390D1053F3E85C9959EAAE00D35D97BD3EA1D33927A8C89DC6DA57
[TLS] sign_hash (32): 17C1AD9EE2F7F1E118011144E8A75D584FDEC076823E512BDA9DC692D5A28DAD
[TLS] Written transcript to proofs/MSG_TLS_04889864.out, proofs/SIG_TLS_04889864.out and proofs/PK_TLS_04889864.der
Signature verification succeeds
[TLS] Server time: 1619247599
[TLS] client_random  (32): D0619F41CABB01F3F256F7581B34ACBC3986BF52B82F49215BE3DF5E73AD03A8
[TLS] sign_hash (32): 24CF7514B270AD9B635DFBE05CE553BFFAAA46B9B88FA83138602EDF6B260E64
[TLS] Written transcript to proofs/MSG_TLS_D0619F41.out, proofs/SIG_TLS_D0619F41.out and proofs/PK_TLS_D0619F41.der
Signature verification succeeds
[TLS] Server time: 1619247599
[TLS] client_random  (32): 7F37D3A4294DCDBF26866913408173EC2A3CC024BC6CE34BE14D1FDED7B47E82
[TLS] sign_hash (32): 3B7290FDB6E9A1081D987BB6BCED20BF7B05D696B35539D8BA557AE0C6DA5BDA
[TLS] Written transcript to proofs/MSG_TLS_7F37D3A4.out, proofs/SIG_TLS_7F37D3A4.out and proofs/PK_TLS_7F37D3A4.der
Signature verification succeeds
[TLS] Server time: 1619247599
[TLS] client_random  (32): AD70AF9B416DB546EED72B897B24D21F5E4E5BB9919F92EE2ECA6F3B020D3068
[TLS] sign_hash (32): 130B219059CD52CC3D437EFD16A5ACE34BEF549660DFA9C0C9C25DAC00411B37
[TLS] Written transcript to proofs/MSG_TLS_AD70AF9B.out, proofs/SIG_TLS_AD70AF9B.out and proofs/PK_TLS_AD70AF9B.der
Signature verification succeeds
[TLS] Server time: 1619247599
[TLS] client_random  (32): CD4FABDA14A360097DA23A8F63A474CE5F600397F6E6E1CDBD7D7B8D91EAEEC6
[TLS] sign_hash (32): D27E20519583570B03EC03E14C3837407DB7B80DF6C45EC1A94A405BACD7BF26
[TLS] Written transcript to proofs/MSG_TLS_CD4FABDA.out, proofs/SIG_TLS_CD4FABDA.out and proofs/PK_TLS_CD4FABDA.der
Signature verification succeeds
[TLS] Server time: 1619247599
[TLS] client_random  (32): 3379D1485AED4F013A65B74CB5FF11A5EEC4DD8780DF074DBDB0C2535EA922C9
[TLS] sign_hash (32): EA710C18E9FA43905413CB30A1BEF7FEE7E3A84645362939E5429EC1B02D11BB
[TLS] Written transcript to proofs/MSG_TLS_3379D148.out, proofs/SIG_TLS_3379D148.out and proofs/PK_TLS_3379D148.der
Signature verification succeeds
[TLS] Server time: 1619247599
[TLS] client_random  (32): ACA949898DC4B2D793A2E7A77E1BC53F0A5CE98A23B9BC39CC19C39D3345A79B
[TLS] sign_hash (32): E65D0B51938201624B0C5E0A64C0AACF1B9B1C7983700ECF186C2B136424EBCF
[TLS] Written transcript to proofs/MSG_TLS_ACA94989.out, proofs/SIG_TLS_ACA94989.out and proofs/PK_TLS_ACA94989.der
Signature verification succeeds
[TLS] Server time: 1619247599
[TLS] client_random  (32): 6668795558B3D5B8884549FE8BBE377EBE3E87A7577E38D85483FDF6E568998E
[TLS] sign_hash (32): 23963623041E259F57F67E4D8158AD5DD821AF19576C7E8CAA0B543E7DCBE120
[TLS] Written transcript to proofs/MSG_TLS_66687955.out, proofs/SIG_TLS_66687955.out and proofs/PK_TLS_66687955.der
Signature verification succeeds
[TLS] Server time: 1619247599
[TLS] client_random  (32): BC2BDF04DAB777760B9113BB010CB9EEA08ECDC993DA634F62EA88854464928F
[TLS] sign_hash (32): 9E1A1A4D16BBBC2D8B2E8DAA81DCDA5F936230CDED6A4A4AD60A28209C7DE065
[TLS] Written transcript to proofs/MSG_TLS_BC2BDF04.out, proofs/SIG_TLS_BC2BDF04.out and proofs/PK_TLS_BC2BDF04.der
Signature verification succeeds
[TLS] Server time: 1619247599
[TLS] client_random  (32): 74D80D987EE80920506D456867D37CA8248486261A80A2662B64456B3C8A61FB
[TLS] sign_hash (32): 1034BBF96EF63D139E6C4FA290E5F6B5CE2926A4DDD248C60CC88E05243F648C
[TLS] Written transcript to proofs/MSG_TLS_74D80D98.out, proofs/SIG_TLS_74D80D98.out and proofs/PK_TLS_74D80D98.der
Signature verification succeeds
[TLS] Server time: 1619247599
[TLS] client_random  (32): 24944040DF289FA153ACA74EBB72DBA5667A9BC32208A5E329B50B77A60C65AC
[TLS] sign_hash (32): 18843C1E3C82D62CDED12F1E7B86BACB6F34F24AAF8CDF1D9E093390E25EF42F
[TLS] Written transcript to proofs/MSG_TLS_24944040.out, proofs/SIG_TLS_24944040.out and proofs/PK_TLS_24944040.der
Signature verification succeeds
[TLS] Server time: 1619247599
[TLS] client_random  (32): 47BF89A2994F82A9A0354921367B5E700D614B19E0D1E8B684BDBABDDB896D2A
[TLS] sign_hash (32): 6988C26B3EB61B9C557C014ABC1E7943C5E822D477134ABADC5AE6E582E27A16
[TLS] Written transcript to proofs/MSG_TLS_47BF89A2.out, proofs/SIG_TLS_47BF89A2.out and proofs/PK_TLS_47BF89A2.der
Signature verification succeeds
[TLS] Server time: 1619247599
[TLS] client_random  (32): E662C51BB54C17D44930E9169D7CD9FD4DF1FED6638AADD5818280F467815809
[TLS] sign_hash (32): 0CE6B570D79FDB5F520BB2C7943A1747305A8064655F6D85A6BC3BEB4F5CC19A
[TLS] Written transcript to proofs/MSG_TLS_E662C51B.out, proofs/SIG_TLS_E662C51B.out and proofs/PK_TLS_E662C51B.der
Signature verification succeeds
[TLS] Server time: 1619247599
[TLS] client_random  (32): 571A768F378FB8512441CCF91A38B2581CB88717684ED7A56E4DE61336CA6AA3
[TLS] sign_hash (32): 6CC2EA7F81F5E769AA160DFA014A0751D784BB87E102999E421D4190D96E1CFE
[TLS] Written transcript to proofs/MSG_TLS_571A768F.out, proofs/SIG_TLS_571A768F.out and proofs/PK_TLS_571A768F.der
Signature verification succeeds
[TLS] Server time: 1619247599
[TLS] client_random  (32): 4C5E86FFDCF7C145EAAFB95FBC2B5FC8598BD2DE36E0DB946C7657885F7C2B7A
[TLS] sign_hash (32): B634EDD42DDC442BE9FAC63E7AFBEA21E4752A82AAABDE9506E63607F5805B43
[TLS] Written transcript to proofs/MSG_TLS_4C5E86FF.out, proofs/SIG_TLS_4C5E86FF.out and proofs/PK_TLS_4C5E86FF.der
Signature verification succeeds
[TLS] Server time: 1619247599
[TLS] client_random  (32): B5C39DB41724AA7437CEF6A9D6851605DC860C99E5576D0372A13F78702C62A2
[TLS] sign_hash (32): 32C85F65C1C8D926021BDCC0DDBB463CC1E453C5B70D9287938599467952E7A2
[TLS] Written transcript to proofs/MSG_TLS_B5C39DB4.out, proofs/SIG_TLS_B5C39DB4.out and proofs/PK_TLS_B5C39DB4.der
Signature verification succeeds
[TLS] Server time: 1619247599
[TLS] client_random  (32): C4C516ACAE8E2B2C6848BA286A1823E8D006F44359D6C8625DAF9FFD46338E77
[TLS] sign_hash (32): 6520C3EB1BC7B495470908B16FCABAA9AD21AD93766B189132B55B315849522C
[TLS] Written transcript to proofs/MSG_TLS_C4C516AC.out, proofs/SIG_TLS_C4C516AC.out and proofs/PK_TLS_C4C516AC.der
Signature verification succeeds
[TLS] Server time: 1619247600
[TLS] client_random  (32): E43D3D9BF82FD0E23CF0DAFC4D8C5DFAD040A9144648FB8062462FEACE9BF392
[TLS] sign_hash (32): 916491CD4F0AACB296E87598F8749BA0884AED6D016EA34C2339C8559896847F
[TLS] Written transcript to proofs/MSG_TLS_E43D3D9B.out, proofs/SIG_TLS_E43D3D9B.out and proofs/PK_TLS_E43D3D9B.der
Signature verification succeeds
[TLS] Server time: 1619247600
[TLS] client_random  (32): 21406F8CF94A1DDDE77B8A0D369587EE15F8C9B00FEE99D2A3097B1E1A732262
[TLS] sign_hash (32): D7BE54B12320C4EB68E6A410D237ADB13BBA0FDD018368E81772B3BEC40183A3
[TLS] Written transcript to proofs/MSG_TLS_21406F8C.out, proofs/SIG_TLS_21406F8C.out and proofs/PK_TLS_21406F8C.der
Signature verification succeeds
[TLS] Server time: 1619247600
[TLS] client_random  (32): 8A3D92D19055CB571AE211C551D9B73CBE39647A2F0263DB862728A244B4B326
[TLS] sign_hash (32): E40F6E3F2FE537E1FF75345EF1AC530C0F4555451E5B2A0CC735AFA9DCD2C075
[TLS] Written transcript to proofs/MSG_TLS_8A3D92D1.out, proofs/SIG_TLS_8A3D92D1.out and proofs/PK_TLS_8A3D92D1.der
Signature verification succeeds
[TLS] Server time: 1619247600
[TLS] client_random  (32): CF15019944278B39E48BAD9039B652F2550147C443D699653E5E706BA57C4E6B
[TLS] sign_hash (32): 5EC2058B24CBA130650FDF8231BCD3E203565C92D99A674FB1FFC0F3F75550FA
[TLS] Written transcript to proofs/MSG_TLS_CF150199.out, proofs/SIG_TLS_CF150199.out and proofs/PK_TLS_CF150199.der
Signature verification succeeds
[TLS] Server time: 1619247600
[TLS] client_random  (32): 554CF3BB82B53702DBAD9BD68EEFA2062E07741D6E8AB6BFAEA082C364275322
[TLS] sign_hash (32): 5C34C642CFB7A3CB63A8F35E019A920C9601E8B3792854229CCECA236DB93709
[TLS] Written transcript to proofs/MSG_TLS_554CF3BB.out, proofs/SIG_TLS_554CF3BB.out and proofs/PK_TLS_554CF3BB.der
Signature verification succeeds
[TLS] Server time: 1619247600
[TLS] client_random  (32): C39EE64612DF0ECD7EA3D9BF662821BB41F728B7B6BE5BB2081B44FB78BEA114
[TLS] sign_hash (32): FE24D7C3326DEF2BA6A582AF1685EAE124F2930BD0D1130B308C69A647EC919D
[TLS] Written transcript to proofs/MSG_TLS_C39EE646.out, proofs/SIG_TLS_C39EE646.out and proofs/PK_TLS_C39EE646.der
Signature verification succeeds
[TLS] Server time: 1619247600
[TLS] client_random  (32): DD98283C7C2C0A125782A411DCCD2376EE274C79A75CF1569FE549C5A9CD3E17
[TLS] sign_hash (32): 173E76B85B288C2B5826D0AD503C7308DFF3A3DE909B48C35E37EAE346EEBD35
[TLS] Written transcript to proofs/MSG_TLS_DD98283C.out, proofs/SIG_TLS_DD98283C.out and proofs/PK_TLS_DD98283C.der
Signature verification succeeds
[TLS] Server time: 1619247600
[TLS] client_random  (32): 2FAE03D8754286D5C5871DB556B6A4C60E660FFD53B7A60B5D31918D67F2DC67
[TLS] sign_hash (32): 76578DFEE98410F91501F4497C26C7B6CED735D856E958B52C7AAAE2600036CB
[TLS] Written transcript to proofs/MSG_TLS_2FAE03D8.out, proofs/SIG_TLS_2FAE03D8.out and proofs/PK_TLS_2FAE03D8.der
Signature verification succeeds
[TLS] Server time: 1619247600
[TLS] client_random  (32): 8B054D15E18EDAFED84AC1E18BBA52E1B991FD934921E1F694DA14C21A2277C2
[TLS] sign_hash (32): 7B3F68F233B063E78BB3FB2F314C68BDA457995835DFA91BA7C8A79768B1748A
[TLS] Written transcript to proofs/MSG_TLS_8B054D15.out, proofs/SIG_TLS_8B054D15.out and proofs/PK_TLS_8B054D15.der
Signature verification succeeds
[TLS] Server time: 1619247600
[TLS] client_random  (32): CA12FC81913331C7B45CAFDE9E28D47C966932C292B0DEE110B6EB7F27EAC30C
[TLS] sign_hash (32): 34D6DC06A66B71079A1FE89E9D9E8A3FFF39CA072408937F72488E3AE3E92F94
[TLS] Written transcript to proofs/MSG_TLS_CA12FC81.out, proofs/SIG_TLS_CA12FC81.out and proofs/PK_TLS_CA12FC81.der
Signature verification succeeds
[TLS] Server time: 1619247600
[TLS] client_random  (32): 9105D5FF180CC526C5AB51F01B15E725EFC99091570E43C43349BFC4D65D602E
[TLS] sign_hash (32): D596566F45899BF8F916FCB5761887A704741187B1620AAAB96D5AB09C4D589C
[TLS] Written transcript to proofs/MSG_TLS_9105D5FF.out, proofs/SIG_TLS_9105D5FF.out and proofs/PK_TLS_9105D5FF.der
Signature verification succeeds
[TLS] Server time: 1619247600
[TLS] client_random  (32): 6CF03EDB8EC7263F35344A869121BB947419BE08E8B9AC83E236500B40F5963F
[TLS] sign_hash (32): EAB115FC81476E84D8E53E0E3AFD3504990027C258C3BED25B2065889C65178E
[TLS] Written transcript to proofs/MSG_TLS_6CF03EDB.out, proofs/SIG_TLS_6CF03EDB.out and proofs/PK_TLS_6CF03EDB.der
Signature verification succeeds
[TLS] Server time: 1619247600
[TLS] client_random  (32): BD1C888EC9FA59388C9E1109A33005F42707E56CCCD9ECC9205ADB215DE3F10A
[TLS] sign_hash (32): 24B2FA068B9016B3992D3D453ED31B79645739F5EB6F39E154E40E545C5EF6B8
[TLS] Written transcript to proofs/MSG_TLS_BD1C888E.out, proofs/SIG_TLS_BD1C888E.out and proofs/PK_TLS_BD1C888E.der
Signature verification succeeds
[TLS] Server time: 1619247600
[TLS] client_random  (32): AFA33A1824A9059CCE8530F034E0059B8EEBA3CE29CDC4C40F714F40E24B8DAE
[TLS] sign_hash (32): 33F23420934753161D83D6A56CE01BA01B5374369610F6ACCBCBBA0363470475
[TLS] Written transcript to proofs/MSG_TLS_AFA33A18.out, proofs/SIG_TLS_AFA33A18.out and proofs/PK_TLS_AFA33A18.der
Signature verification succeeds
[TLS] Server time: 1619247600
[TLS] client_random  (32): D27022ED55C9ABB5836D2BDE5E7C0343DC554EA20D1AEA8DDBFAA4E65C645DE5
[TLS] sign_hash (32): 4DD8BFFD0C640404C17CE01B62C0CDBCC5961A58A3B20D3DCC3B7F314F59F9BC
[TLS] Written transcript to proofs/MSG_TLS_D27022ED.out, proofs/SIG_TLS_D27022ED.out and proofs/PK_TLS_D27022ED.der
Signature verification succeeds
[TLS] Server time: 1619247600
[TLS] client_random  (32): E28780DAEC52CF6FFED56A0AFEDC4766FDE0DFC2D7264127A776E16F8DC3C9D5
[TLS] sign_hash (32): 21FD066E689F59451E6C798AE4137AF0EFACA26F2FEF0C4F3D5936B7D2DEBC87
[TLS] Written transcript to proofs/MSG_TLS_E28780DA.out, proofs/SIG_TLS_E28780DA.out and proofs/PK_TLS_E28780DA.der
Signature verification succeeds
[TLS] Server time: 1619247600
[TLS] client_random  (32): AE86E7B499F2EF8CE5B580BFD5F2F185D27BC1BD7562F1820B287D6DF4612E77
[TLS] sign_hash (32): 99CB04922C3945478FB51C10C6A94E55C2C7F3CDF816E265E4EC2310CC5A64AC
[TLS] Written transcript to proofs/MSG_TLS_AE86E7B4.out, proofs/SIG_TLS_AE86E7B4.out and proofs/PK_TLS_AE86E7B4.der
Signature verification succeeds
[TLS] Server time: 1619247600
[TLS] client_random  (32): 4C73E1BEC26605BBF706F56625BF5E0A7F823D900E847997ED3CAF2406F47BF5
[TLS] sign_hash (32): D1FB655DA098A06D2C27A32135C19C8CCD4B363DC3857BF5D2FD1A569B543CDE
[TLS] Written transcript to proofs/MSG_TLS_4C73E1BE.out, proofs/SIG_TLS_4C73E1BE.out and proofs/PK_TLS_4C73E1BE.der
Signature verification succeeds
[TLS] Server time: 1619247600
[TLS] client_random  (32): DC369FAC70CE3331FAD71CF9FCE4971FB02A13BCA734D413E8D919703FC08251
[TLS] sign_hash (32): BE26F931994E81FE11CD92D6A5D0686068ABA3E828FB722FDB8EF16D096B0220
[TLS] Written transcript to proofs/MSG_TLS_DC369FAC.out, proofs/SIG_TLS_DC369FAC.out and proofs/PK_TLS_DC369FAC.der
Signature verification succeeds
[TLS] Server time: 1619247600
[TLS] client_random  (32): 43C23F3085EF814B9AEBDF2386CD3FE668ADAFB6E22CA6E7E883D39D5C32CBCB
[TLS] sign_hash (32): A96E69665D3454359048FF85E699EC4551E55E6C31993F31BEA63306B413FC41
[TLS] Written transcript to proofs/MSG_TLS_43C23F30.out, proofs/SIG_TLS_43C23F30.out and proofs/PK_TLS_43C23F30.der
Signature verification succeeds
[TLS] Server time: 1619247600
[TLS] client_random  (32): 74A546CE919583988E7F0E2201118EE653B1E69EB982FFFE27CAB670611AA2C1
[TLS] sign_hash (32): AB517F0DEEC69028DE0C9011AB20B88AEA2E4AA0877F0095844FA8BE35E14156
[TLS] Written transcript to proofs/MSG_TLS_74A546CE.out, proofs/SIG_TLS_74A546CE.out and proofs/PK_TLS_74A546CE.der
Signature verification succeeds
[TLS] Server time: 1619247600
[TLS] client_random  (32): 944F65705A1C84261456ADA68F61E76999C182A8DCDCDB50987FC41651CDC5C9
[TLS] sign_hash (32): 4FD5910E30F667B405DEE3D42BE725D6F9C804AAE84D3B2C95B88A65D0F9CCD2
[TLS] Written transcript to proofs/MSG_TLS_944F6570.out, proofs/SIG_TLS_944F6570.out and proofs/PK_TLS_944F6570.der
Signature verification succeeds
[TLS] Server time: 1619247600
[TLS] client_random  (32): 4665762FB17D10E95A31FAEF56A70379A501E31B4C89A53CA497C847F793C6CC
[TLS] sign_hash (32): B3712B57ACB002F46FF65346DE57F917255C522690E1CB81A20159DE55EFB2B0
[TLS] Written transcript to proofs/MSG_TLS_4665762F.out, proofs/SIG_TLS_4665762F.out and proofs/PK_TLS_4665762F.der
Signature verification succeeds
[TLS] Server time: 1619247600
[TLS] client_random  (32): 03CE5879A9643E0B2484D08E4EF19E3103B5C8586BAC977EFB612D3477075965
[TLS] sign_hash (32): 1DD3ABB9883FF1CA8D120F7B56A138BA2493878B163400DC722C89672C569A7B
[TLS] Written transcript to proofs/MSG_TLS_03CE5879.out, proofs/SIG_TLS_03CE5879.out and proofs/PK_TLS_03CE5879.der
Signature verification succeeds
[TLS] Server time: 1619247600
[TLS] client_random  (32): C35BB0AE79C6F2E5985852F3D3B9773DA04C18E7CC09392DD994BDCADEDC8FC2
[TLS] sign_hash (32): F75E3C481E5737E713430A05818697D9DB6847CB11111D3A4C65348B675640BF
[TLS] Written transcript to proofs/MSG_TLS_C35BB0AE.out, proofs/SIG_TLS_C35BB0AE.out and proofs/PK_TLS_C35BB0AE.der
Signature verification succeeds
[TLS] Server time: 1619247600
[TLS] client_random  (32): E8C056DF2FEBF77DA5386604582800F3E6DAF0979E3690F933028F4EF70CE048
[TLS] sign_hash (32): 79EC951719761E268E006D3ED20599C8D76AFE6E675AB23E70AF1808792439FE
[TLS] Written transcript to proofs/MSG_TLS_E8C056DF.out, proofs/SIG_TLS_E8C056DF.out and proofs/PK_TLS_E8C056DF.der
Signature verification succeeds
[TLS] Server time: 1619247600
[TLS] client_random  (32): 801DE37C8E81A50E7324381C8F398F7DE0033BB19D5CCFC6A26EB9FB2C8C398E
[TLS] sign_hash (32): 8B9FC40F285E8360B863845D3F8DA69EB4B881ECB32722242724578D6342F545
[TLS] Written transcript to proofs/MSG_TLS_801DE37C.out, proofs/SIG_TLS_801DE37C.out and proofs/PK_TLS_801DE37C.der
Signature verification succeeds
[TLS] Server time: 1619247600
[TLS] client_random  (32): ABF9E3A87B0DCD7DEAD25A6BF2631269F03D556B67A2EE8A4435B6BC20ACC7AA
[TLS] sign_hash (32): 98B6509DD4CAE14061CFE9FDB637E1A3FF4EFC82BF00D1FBF6DBE92FA4D5996D
[TLS] Written transcript to proofs/MSG_TLS_ABF9E3A8.out, proofs/SIG_TLS_ABF9E3A8.out and proofs/PK_TLS_ABF9E3A8.der
Signature verification succeeds
[TLS] Server time: 1619247600
[TLS] client_random  (32): 61F9DEDB31904BB6AB7E7B03A56415583A5ABCA4A51A7BA177DABBA0FFC8D89C
[TLS] sign_hash (32): 039A4D95220AC887BED27BD74E890BE14CB3F156CCEE38DA3E73AF939A39E63D
[TLS] Written transcript to proofs/MSG_TLS_61F9DEDB.out, proofs/SIG_TLS_61F9DEDB.out and proofs/PK_TLS_61F9DEDB.der
Signature verification succeeds
[TLS] Server time: 1619247600
[TLS] client_random  (32): 97F3B5115A1212BB918A050BC97575AC746F7FA5720BCA957B525E542BC74EF1
[TLS] sign_hash (32): B637D59D7D02326AE1BC6B4E8C444C63D7895B917A805D547FF47A3FFF23A92E
[TLS] Written transcript to proofs/MSG_TLS_97F3B511.out, proofs/SIG_TLS_97F3B511.out and proofs/PK_TLS_97F3B511.der
Signature verification succeeds
[TLS] Server time: 1619247600
[TLS] client_random  (32): 5C47F4E50CCBF376542B615D5A8D02A9AB950361FB8C5070F54592D3AF0EACD5
[TLS] sign_hash (32): D5549F4F72D61197833893F2985F3B5F446251E52EC8654540115AF63B61EFED
[TLS] Written transcript to proofs/MSG_TLS_5C47F4E5.out, proofs/SIG_TLS_5C47F4E5.out and proofs/PK_TLS_5C47F4E5.der
Signature verification succeeds
[TLS] Server time: 1619247600
[TLS] client_random  (32): ED78CFECB0EA992B5FD8E88DA690175CD8C1B6F324B0868FBBAE414D0685EEB4
[TLS] sign_hash (32): AE8735D2A21EF8ED2342048A6DBC47DCA9AF9D80D6A78FE2C61169390A3C0D1F
[TLS] Written transcript to proofs/MSG_TLS_ED78CFEC.out, proofs/SIG_TLS_ED78CFEC.out and proofs/PK_TLS_ED78CFEC.der
Signature verification succeeds
[TLS] Server time: 1619247600
[TLS] client_random  (32): 2D15EAC8F3F7CC22868207B46B1E8FD3EF545B0C0422660716E8ACEC7514BFBC
[TLS] sign_hash (32): BC7AA75B0F08CD79DAEECDC03D9037067A3F72E87D432BFB8EF4159AEB8F28CE
[TLS] Written transcript to proofs/MSG_TLS_2D15EAC8.out, proofs/SIG_TLS_2D15EAC8.out and proofs/PK_TLS_2D15EAC8.der
Signature verification succeeds
[TLS] Server time: 1619247600
[TLS] client_random  (32): 40AAEC2ED35822257B8E017F6D18F471168165843AD8AE4474F809C5D89D08F3
[TLS] sign_hash (32): 860D2AD38CDF4D969D1CCC0B9E138DFF5A08DD7618FC5DAC36BF454CD6EC894C
[TLS] Written transcript to proofs/MSG_TLS_40AAEC2E.out, proofs/SIG_TLS_40AAEC2E.out and proofs/PK_TLS_40AAEC2E.der
Signature verification succeeds
[TLS] Server time: 1619247600
[TLS] client_random  (32): 8B33240B0242D36A2D0E2298E2AE75D86709F735AE57D8FB4C560AD0B0EF416A
[TLS] sign_hash (32): 08574D0F5AEACB301A4EF896DB9547218B0F76855CF6085545F3E05AC00EBC99
[TLS] Written transcript to proofs/MSG_TLS_8B33240B.out, proofs/SIG_TLS_8B33240B.out and proofs/PK_TLS_8B33240B.der
Signature verification succeeds
[TLS] Server time: 1619247600
[TLS] client_random  (32): 1EF2D2DBF065DB4BA3070C7F3E0DE34A3F65666CDF0B13B55CFE6CA8EA124AA3
[TLS] sign_hash (32): E0A671317209B71F4A510B983898890EEE650005E98BCD5B51CFA5CAC251FF65
[TLS] Written transcript to proofs/MSG_TLS_1EF2D2DB.out, proofs/SIG_TLS_1EF2D2DB.out and proofs/PK_TLS_1EF2D2DB.der
Signature verification succeeds
[TLS] Server time: 1619247600
[TLS] client_random  (32): 60BFE8E845729988E3F61328529AD157A39EBE18E7F1938E25D5BB94C1F479E1
[TLS] sign_hash (32): 97221C6AB8212B4FF1F759D4C676543DA2DA8D9148F75998ACFE68A760FDA218
[TLS] Written transcript to proofs/MSG_TLS_60BFE8E8.out, proofs/SIG_TLS_60BFE8E8.out and proofs/PK_TLS_60BFE8E8.der
Signature verification succeeds
[TLS] Server time: 1619247600
[TLS] client_random  (32): 3437B52D9230822A1386645F1E1C850C2A55689A7F5A488691DF6A291B59A8BA
[TLS] sign_hash (32): F33C6320BA43F931A18DEDE8C640703BF05279B02B0F42CF9D03572E049274D1
[TLS] Written transcript to proofs/MSG_TLS_3437B52D.out, proofs/SIG_TLS_3437B52D.out and proofs/PK_TLS_3437B52D.der
Signature verification succeeds
[TLS] Server time: 1619247600
[TLS] client_random  (32): 696AB4E8E2AEF1B8FC070C5CBFBBA82A052A2C01B4CF5F5B92C5F23856171096
[TLS] sign_hash (32): 36683BC32940A8875BDA43068F152A5168B92FFA4191D4D35278395FFF429550
[TLS] Written transcript to proofs/MSG_TLS_696AB4E8.out, proofs/SIG_TLS_696AB4E8.out and proofs/PK_TLS_696AB4E8.der
Signature verification succeeds
[TLS] Server time: 1619247600
[TLS] client_random  (32): BCF315B51BA19F94BC4FE945B9A0B33E6DBF064988DD5F009AD62F2ABEEB48CD
[TLS] sign_hash (32): FEBE8C175B0A52234020BC062B3756C8754F956A945102F926FFF77FBF41A2DB
[TLS] Written transcript to proofs/MSG_TLS_BCF315B5.out, proofs/SIG_TLS_BCF315B5.out and proofs/PK_TLS_BCF315B5.der
Signature verification succeeds
[TLS] Server time: 1619247600
[TLS] client_random  (32): BBD570B8BABC07E3FA9ACEF4402B89627EDEBEDD294A520B04DB75118DB2AC54
[TLS] sign_hash (32): 77D33C86A00F89424022B4B7B6276CB8462A890727A169739927FE4C1BA24573
[TLS] Written transcript to proofs/MSG_TLS_BBD570B8.out, proofs/SIG_TLS_BBD570B8.out and proofs/PK_TLS_BBD570B8.der
Signature verification succeeds
[TLS] Server time: 1619247600
[TLS] client_random  (32): B0E74CD3FFBABE7A481D71502E054E59B8B58DA31F58C6CF47EFEFC6D8F907B0
[TLS] sign_hash (32): C3EBB2BAD94D08EC60D93B3B021DDC9F2D138B33C9E699CF2D51F23CBA3B8619
[TLS] Written transcript to proofs/MSG_TLS_B0E74CD3.out, proofs/SIG_TLS_B0E74CD3.out and proofs/PK_TLS_B0E74CD3.der
Signature verification succeeds
[TLS] Server time: 1619247600
[TLS] client_random  (32): AA3EF4322D0EA07BEC8D574CC06225ABDBBB3D98B58669B361CA7165C5484ED1
[TLS] sign_hash (32): 144590232EC610CE664D3A3F5F3C35B4C4A0F5CA413590AE430DF779B7716940
[TLS] Written transcript to proofs/MSG_TLS_AA3EF432.out, proofs/SIG_TLS_AA3EF432.out and proofs/PK_TLS_AA3EF432.der
Signature verification succeeds
[TLS] Server time: 1619247600
[TLS] client_random  (32): D4E1E511A664E75E666928304075B0FF7C4EF78DBE3F931286AB3EF97E42DCB7
[TLS] sign_hash (32): E3E38C00E1259ED3751C493175C077848FD9AC437B6A7567456C1B3E382ED1FA
[TLS] Written transcript to proofs/MSG_TLS_D4E1E511.out, proofs/SIG_TLS_D4E1E511.out and proofs/PK_TLS_D4E1E511.der
Signature verification succeeds
[TLS] Server time: 1619247600
[TLS] client_random  (32): BC2F00CEF81CCA378DFAF4EB32A6958A4C2F13E2035C1E6BEC39E51074EB5E7D
[TLS] sign_hash (32): EBE7CF56F0E71BB1B5A577373AFE5E67520A612511581A75FB04D1BF9B759B78
[TLS] Written transcript to proofs/MSG_TLS_BC2F00CE.out, proofs/SIG_TLS_BC2F00CE.out and proofs/PK_TLS_BC2F00CE.der
Signature verification succeeds
[TLS] Server time: 1619247600
[TLS] client_random  (32): 8739502CB05B399BC9E89D6EEAEA51FC8C3FF205358B3698052FB96F055FF02E
[TLS] sign_hash (32): 98C7D2069DEB9642BD86DE6EBEE89DFE83B3B76DD6847EB5E9A4A85B1E6B2C04
[TLS] Written transcript to proofs/MSG_TLS_8739502C.out, proofs/SIG_TLS_8739502C.out and proofs/PK_TLS_8739502C.der
Signature verification succeeds
[TLS] Server time: 1619247600
[TLS] client_random  (32): 0AA05C317E89E523EBFD05B697112B6C1A8A82CD8FBC74852AF80ABBEBD03FCA
[TLS] sign_hash (32): 939141617CD89BD53D94C1E229F96EBD8855E82BFD79D3D5C15C1FE75A51D352
[TLS] Written transcript to proofs/MSG_TLS_0AA05C31.out, proofs/SIG_TLS_0AA05C31.out and proofs/PK_TLS_0AA05C31.der
Signature verification succeeds
[TLS] Server time: 1619247600
[TLS] client_random  (32): 7B6968BCE7181F75BABEB0CBC6D099CBE50A29F69B29E313809157A9D2648107
[TLS] sign_hash (32): 3598CB3A192B5CFD755C450445297623D42B28F9EAB986D37F00CB604740D106
[TLS] Written transcript to proofs/MSG_TLS_7B6968BC.out, proofs/SIG_TLS_7B6968BC.out and proofs/PK_TLS_7B6968BC.der
Signature verification succeeds
[TLS] Server time: 1619247600
[TLS] client_random  (32): AEEBD9064CD0E40B5093CA11337CAD758AE80F5D330A52647DE9EAFF47A05BE7
[TLS] sign_hash (32): A4E240F1486B1AA9EEA9863E5CAAE2F4CD7CDBDE958980D40F42B9AA29B24DFE
[TLS] Written transcript to proofs/MSG_TLS_AEEBD906.out, proofs/SIG_TLS_AEEBD906.out and proofs/PK_TLS_AEEBD906.der
Signature verification succeeds
[TLS] Server time: 1619247600
[TLS] client_random  (32): A3CB9618B0E281210EAEFBB033DAF2664000E6E8F5BAD463182A59D69A681ABF
[TLS] sign_hash (32): DEACE60113807A09048957F1450FA3508DAE1A5428BD6D2A6268ECABFDBCE54D
[TLS] Written transcript to proofs/MSG_TLS_A3CB9618.out, proofs/SIG_TLS_A3CB9618.out and proofs/PK_TLS_A3CB9618.der
Signature verification succeeds
[TLS] Server time: 1619247600
[TLS] client_random  (32): 483CEA3E6CD471EF719D91C27F86EC900EB8710A38B1328BA0A278D79A3DC730
[TLS] sign_hash (32): 7A00A6C08DD43CE62F553B995069E794289DCDE4F64713770FB3E70E5DBC42ED
[TLS] Written transcript to proofs/MSG_TLS_483CEA3E.out, proofs/SIG_TLS_483CEA3E.out and proofs/PK_TLS_483CEA3E.der
Signature verification succeeds
[TLS] Server time: 1619247600
[TLS] client_random  (32): 29FB5F08EA39DCF05098CC3CB0F5E14EAC11DC89535BDC5A9D1291E4E490D021
[TLS] sign_hash (32): 1E2CAA315FDBFD544CA7AC3A8B9BBC6B8A6F889AD3498D930277B6FACBC39CDA
[TLS] Written transcript to proofs/MSG_TLS_29FB5F08.out, proofs/SIG_TLS_29FB5F08.out and proofs/PK_TLS_29FB5F08.der
Signature verification succeeds
[TLS] Server time: 1619247600
[TLS] client_random  (32): 4F5DBA89E6AA88A11C09D880D4546EC0B11E6505F676AF010C5209193EF32FFC
[TLS] sign_hash (32): BCB5CE9E915A8EB96F4CBC137AF9C801604498465A4EC04465999D8348EA8147
[TLS] Written transcript to proofs/MSG_TLS_4F5DBA89.out, proofs/SIG_TLS_4F5DBA89.out and proofs/PK_TLS_4F5DBA89.der
Signature verification succeeds
[TLS] Server time: 1619247600
[TLS] client_random  (32): 0E400F98110D85BBA1D21C13AB9E5A4954BF6CFB298E318139069085B841368B
[TLS] sign_hash (32): E7C47DA47809B8EA6A7360CBDE9190AF7BAE1DA763F5F8870A283E3AFF68AA74
[TLS] Written transcript to proofs/MSG_TLS_0E400F98.out, proofs/SIG_TLS_0E400F98.out and proofs/PK_TLS_0E400F98.der
Signature verification succeeds
[TLS] Server time: 1619247600
[TLS] client_random  (32): 5E19D66BFAA26925C17BE8C75D1615804CE409FEE4323C4C887F75737CC8E44F
[TLS] sign_hash (32): C03B4587CF0A9AC03E7CA1FD44763C430B328E05518FFEBF0C5C81C021668E56
[TLS] Written transcript to proofs/MSG_TLS_5E19D66B.out, proofs/SIG_TLS_5E19D66B.out and proofs/PK_TLS_5E19D66B.der
Signature verification succeeds
[TLS] Server time: 1619247600
[TLS] client_random  (32): 3F176F7A7C7E60F1EFA943CE466BB2599E01414AAD4C354F98E4C06CA1A326C1
[TLS] sign_hash (32): 2B9AD3005D79CCE3B43051C6A47DA836D362B745C531915820362B77722F248D
[TLS] Written transcript to proofs/MSG_TLS_3F176F7A.out, proofs/SIG_TLS_3F176F7A.out and proofs/PK_TLS_3F176F7A.der
Signature verification succeeds
[TLS] Server time: 1619247600
[TLS] client_random  (32): DAECDE07B766976EB36E20A07C66D078EE6F42DD0A6F9AAB4EE8D11A899D7C25
[TLS] sign_hash (32): C64AA3479F90F48FCA22EF48F73394A11D1AF722D296D5EE3A395129BBF69F1A
[TLS] Written transcript to proofs/MSG_TLS_DAECDE07.out, proofs/SIG_TLS_DAECDE07.out and proofs/PK_TLS_DAECDE07.der
Signature verification succeeds
[TLS] Server time: 1619247600
[TLS] client_random  (32): 9C78CF832F98D5B26863A243ED582F55B442993D124B006C79DFDD5B6ABACB76
[TLS] sign_hash (32): A019BF9EA1B698628D06127252C57C6EEA018DF39DC1762A84A9D1D1FEF95551
[TLS] Written transcript to proofs/MSG_TLS_9C78CF83.out, proofs/SIG_TLS_9C78CF83.out and proofs/PK_TLS_9C78CF83.der
Signature verification succeeds
[TLS] Server time: 1619247600
[TLS] client_random  (32): 5CCB711EAE564DAEC30E02CB02B762C6894488A1F578AC3EA94310EAE3ABB926
[TLS] sign_hash (32): 1FB5CDA771600EBDEE3D6DBD3E6F2EE86D5A5925222356ACFB45FEFA479926DC
[TLS] Written transcript to proofs/MSG_TLS_5CCB711E.out, proofs/SIG_TLS_5CCB711E.out and proofs/PK_TLS_5CCB711E.der
Signature verification succeeds
[TLS] Server time: 1619247600
[TLS] client_random  (32): 25A7CB07EA0F017F30F0829AAA2B83E741D1158BCFD2C447CB27C010441989E9
[TLS] sign_hash (32): BE26DE8A508C8A35375F960CFA02FEAB3CFE2F89A764262A13C58FB99FBD9B62
[TLS] Written transcript to proofs/MSG_TLS_25A7CB07.out, proofs/SIG_TLS_25A7CB07.out and proofs/PK_TLS_25A7CB07.der
Signature verification succeeds
[TLS] Server time: 1619247600
[TLS] client_random  (32): 72449A46D501FC2CEDB842CC7350C5D9D1DAD192FB12E09F3E0685A3A54B12EA
[TLS] sign_hash (32): 62272A07D6EC3AC2AE173D586488DE58EA936B868C685D63ACBFFB846187B15B
[TLS] Written transcript to proofs/MSG_TLS_72449A46.out, proofs/SIG_TLS_72449A46.out and proofs/PK_TLS_72449A46.der
Signature verification succeeds
[TLS] Server time: 1619247600
[TLS] client_random  (32): E8A8B6AEDCDF37F4FD89019A7F8757377878CDBD1960714B3ECFF2C5A44EBF1C
[TLS] sign_hash (32): 78E952E9C1EF187A39EE55B1BB9D88567458856EC657FEB2F96A832086E696ED
[TLS] Written transcript to proofs/MSG_TLS_E8A8B6AE.out, proofs/SIG_TLS_E8A8B6AE.out and proofs/PK_TLS_E8A8B6AE.der
Signature verification succeeds
[TLS] Server time: 1619247600
[TLS] client_random  (32): 632B58EB3DB6BF056FD3694F34437C60E8A34CF8BF9B6FCD3906BE8A391B09C8
[TLS] sign_hash (32): 66B868410ADE07FDDA87DCE54F1D640B21CB2D06D3E1C51D61A2B11EADF62179
[TLS] Written transcript to proofs/MSG_TLS_632B58EB.out, proofs/SIG_TLS_632B58EB.out and proofs/PK_TLS_632B58EB.der
Signature verification succeeds
[TLS] Server time: 1619247600
[TLS] client_random  (32): 06CD32E6FCB7E1D2A7EAB6CB4DA5A70307E89C0E76D01ADDD6981F74492E3FB6
[TLS] sign_hash (32): B651DFC5F5DD7ACF29E9FE0D890E17161CFA5FA06D9D5292D30E684FA517802F
[TLS] Written transcript to proofs/MSG_TLS_06CD32E6.out, proofs/SIG_TLS_06CD32E6.out and proofs/PK_TLS_06CD32E6.der
Signature verification succeeds
[TLS] Server time: 1619247600
[TLS] client_random  (32): EF0D9557E9522F891247C3882E477A2D8ED7D6F3B1CD0966E55B2DF0889988AF
[TLS] sign_hash (32): 931B488E2D68DF9AEC91EF1CD587F410C5490B1509F5EC75B03CE998570C1278
[TLS] Written transcript to proofs/MSG_TLS_EF0D9557.out, proofs/SIG_TLS_EF0D9557.out and proofs/PK_TLS_EF0D9557.der
Signature verification succeeds
[TLS] Server time: 1619247600
[TLS] client_random  (32): BC2470FCB728C94C318B052650AF71836BFFAF7A2A70E37A730688022FA060A7
[TLS] sign_hash (32): 4A2563212BA4286866A54F99C8EF3E3DE1246901C56B9C9AE28E55D4F1DBEDB9
[TLS] Written transcript to proofs/MSG_TLS_BC2470FC.out, proofs/SIG_TLS_BC2470FC.out and proofs/PK_TLS_BC2470FC.der
Signature verification succeeds
[TLS] Server time: 1619247600
[TLS] client_random  (32): 5FF154AD9A6FD5E12B59A5A00F36B0D9BAFE6CA7FF8000F43DBA31C56A563C45
[TLS] sign_hash (32): F48567482D041DF21BA3DDD401AE2A70C9872F910D857CB41E5BB8035BD20881
[TLS] Written transcript to proofs/MSG_TLS_5FF154AD.out, proofs/SIG_TLS_5FF154AD.out and proofs/PK_TLS_5FF154AD.der
Signature verification succeeds
[TLS] Server time: 1619247600
[TLS] client_random  (32): D681DCD6C1D6089672D27546DEBF9BE4BBCBA2769D6CC86441062B839223D359
[TLS] sign_hash (32): 641C73E4B98A65F8A087247B24B9E4A20A2081CCC09D8B153E067F1DE29C6117
[TLS] Written transcript to proofs/MSG_TLS_D681DCD6.out, proofs/SIG_TLS_D681DCD6.out and proofs/PK_TLS_D681DCD6.der
Signature verification succeeds
[TLS] Server time: 1619247600
[TLS] client_random  (32): 22BA6969982CEF4FBF27569A65FADFEA14C010A479CF4B0165DE95F97E888E5C
[TLS] sign_hash (32): 8CBC6BC49ED2972639F07703A179F76C15F13BACD195415433838103857ADCC6
[TLS] Written transcript to proofs/MSG_TLS_22BA6969.out, proofs/SIG_TLS_22BA6969.out and proofs/PK_TLS_22BA6969.der
Signature verification succeeds
[TLS] Server time: 1619247600
[TLS] client_random  (32): EBCEE8CBDAECA3E7490DA9314D1C7D1C56AEC6FABA7478FBC633E64B68C00455
[TLS] sign_hash (32): 854CB047EBAD6374B8D1DD28BE78511ADF65660762B8368E6BACBA568CC2BDB9
[TLS] Written transcript to proofs/MSG_TLS_EBCEE8CB.out, proofs/SIG_TLS_EBCEE8CB.out and proofs/PK_TLS_EBCEE8CB.der
Signature verification succeeds
[TLS] Server time: 1619247600
[TLS] client_random  (32): A30756A367072810F01FA9BC13253BC6AEE1B9205223A303E03E899DFDBC36F3
[TLS] sign_hash (32): BD7D69A3CB3E9EDE73E9B6988673E54078759BE50851431B9E2202F60D811D06
[TLS] Written transcript to proofs/MSG_TLS_A30756A3.out, proofs/SIG_TLS_A30756A3.out and proofs/PK_TLS_A30756A3.der
Signature verification succeeds
[TLS] Server time: 1619247600
[TLS] client_random  (32): 902E945745439251E6EDF10C26DCD15BE4566C8499409790A35D29D471D5DCFC
[TLS] sign_hash (32): FE5E65B941F623E386CEBE787DB585DE607A080842EC609FEE17B898446C708B
[TLS] Written transcript to proofs/MSG_TLS_902E9457.out, proofs/SIG_TLS_902E9457.out and proofs/PK_TLS_902E9457.der
Signature verification succeeds
[TLS] Server time: 1619247600
[TLS] client_random  (32): 3A0B911F7B3973638BA2296D0674CA7AE6EB781B9BFDCCEEEBC88FDFF2FCEDD2
[TLS] sign_hash (32): 89CB10E8727ACF0319B3C36DA4C7130502C343D419FB5FCADBE720B5A95D491E
[TLS] Written transcript to proofs/MSG_TLS_3A0B911F.out, proofs/SIG_TLS_3A0B911F.out and proofs/PK_TLS_3A0B911F.der
Signature verification succeeds
[TLS] Server time: 1619247600
[TLS] client_random  (32): 4B4D26275C0C5D66FAFD59DC11F7441DF0D063FB34257DE57EB47871D3BE2D85
[TLS] sign_hash (32): F59F4D2548E6B26BC3F4BCEAD11EFE48D6DB551533741E8AA22BBC76A7EBE65A
[TLS] Written transcript to proofs/MSG_TLS_4B4D2627.out, proofs/SIG_TLS_4B4D2627.out and proofs/PK_TLS_4B4D2627.der
Signature verification succeeds
[TLS] Server time: 1619247600
[TLS] client_random  (32): B763C88007178726C310D85EF07A7A10D0AE384D6B014A1A92CEDBE75B996A6C
[TLS] sign_hash (32): 034270645C36506792CA6E6E0269AC53C3E1B0C860C979330D1155AADA5B053B
[TLS] Written transcript to proofs/MSG_TLS_B763C880.out, proofs/SIG_TLS_B763C880.out and proofs/PK_TLS_B763C880.der
Signature verification succeeds
[TLS] Server time: 1619247600
[TLS] client_random  (32): 45292CA3B974775E26CDBE52D548436865425DE3B09884A989B4B83E80B92B32
[TLS] sign_hash (32): AD86A4EF4C4838F0BAB907503209C2464A8DE0F42D4F91AAA844CC823240121D
[TLS] Written transcript to proofs/MSG_TLS_45292CA3.out, proofs/SIG_TLS_45292CA3.out and proofs/PK_TLS_45292CA3.der
Signature verification succeeds
[TLS] Server time: 1619247600
[TLS] client_random  (32): 53D2B736835E0349B4B8AAAC18C04034DD88C9ADF351EB26BF624F10A586B702
[TLS] sign_hash (32): D6BC57A2225A2569DA29F71866012CA4570EFF3F4265A1DF6EDEBF9698E816E1
[TLS] Written transcript to proofs/MSG_TLS_53D2B736.out, proofs/SIG_TLS_53D2B736.out and proofs/PK_TLS_53D2B736.der
Signature verification succeeds
[TLS] Server time: 1619247600
[TLS] client_random  (32): AB1DFEC7C92BDB2DC60CB184B4F0EA5B2E245F1D1A74360F1B92EC957B518B39
[TLS] sign_hash (32): 234E065BB2485E929C81095ABDE1F2D63C0EA4CC2A00DC2C7CA7168EB48E8C3E
[TLS] Written transcript to proofs/MSG_TLS_AB1DFEC7.out, proofs/SIG_TLS_AB1DFEC7.out and proofs/PK_TLS_AB1DFEC7.der
Signature verification succeeds
[TLS] Server time: 1619247600
[TLS] client_random  (32): 309E7E892B1828806D493CFBCE873117DB89CFF93386FF68B03C258F1C967EC1
[TLS] sign_hash (32): F154D5878D5AA99C1F215E6876FEC63E58C6999F51DBEE9B906959E9E0CA779C
[TLS] Written transcript to proofs/MSG_TLS_309E7E89.out, proofs/SIG_TLS_309E7E89.out and proofs/PK_TLS_309E7E89.der
Signature verification succeeds
[TLS] Server time: 1619247600
[TLS] client_random  (32): 7AC5D2D92FEC5C836395739FB3AB99F73C6F2BEFCA1388C94673CD63A8A84070
[TLS] sign_hash (32): 5B4510C71F941BBC6F5FD5EABCF5DFD5973246067AD3BD4C9CD58F878F5C0A5F
[TLS] Written transcript to proofs/MSG_TLS_7AC5D2D9.out, proofs/SIG_TLS_7AC5D2D9.out and proofs/PK_TLS_7AC5D2D9.der
Signature verification succeeds
[TLS] Server time: 1619247600
[TLS] client_random  (32): 945471E77DFB4B82A731737EC2A8C20A8B49A010E7888A570413840B5A7EC935
[TLS] sign_hash (32): EE74F1B44DE9852C579106F236F6A61D086AB7664E4F2505FA702076BD743995
[TLS] Written transcript to proofs/MSG_TLS_945471E7.out, proofs/SIG_TLS_945471E7.out and proofs/PK_TLS_945471E7.der
Signature verification succeeds
[TLS] Server time: 1619247600
[TLS] client_random  (32): A5A198A1CA9BCAAFA3012F213794DE52F2FA39C3199A756B936BAE26CEF8F52D
[TLS] sign_hash (32): B35FCDC833D5FD2BD328B1476275906A17C7135989D9002FAF9913DA267C317C
[TLS] Written transcript to proofs/MSG_TLS_A5A198A1.out, proofs/SIG_TLS_A5A198A1.out and proofs/PK_TLS_A5A198A1.der
Signature verification succeeds
[TLS] Server time: 1619247600
[TLS] client_random  (32): 7A51AAA70154377B8D66C581FBEB6324746E4B8AF0CA5BC7D54879294B9425FC
[TLS] sign_hash (32): 0D650858B564C7005042A50377B9D1C4C755B92A089EB4DC9D18C5B2ADDBEA00
[TLS] Written transcript to proofs/MSG_TLS_7A51AAA7.out, proofs/SIG_TLS_7A51AAA7.out and proofs/PK_TLS_7A51AAA7.der
Signature verification succeeds
Time breakdown (averages): anchor_ping:7.229137 file_read:0.131490 hashing:0.469634
Total time for 123 rounds is 970.359032ms
Standard deviations: anchor_ping:0.185610 file_read:0.012525 hashing:0.004029
[Client-side ops] mean:0.601124 sd:0.013008
in & out anchor rand written to proofs/phase1.out
     41 [TLS] Server time: 1619247599
     83 [TLS] Server time: 1619247600
Count is 41
Count is 83
success: 1
RESULT: 1 in 1 tries
