TLS anchor: www.american.edu
Actual: 60, Set: 123
Beginning execution at Sun Apr 25 01:30:01 UTC 2021
CONF: anchor:www.american.edu fs:1024MB n_rounds:123 seed:5c9f4bf9bbc15bb855f82faedc5a52fc3ab2dfa8ec3ba3ce1b270f31fa0cced2 filename:FILE bs:1024 nops:100 benchmarking:0 anchor_ping:1 queue_depth:32 direct:0
[TLS] Connecting to www.american.edu
[TLS] Server time: 1619314199
[TLS] client_random  (32): 5C9F4BF9BBC15BB855F82FAEDC5A52FC3AB2DFA8EC3BA3CE1B270F31FA0CCED2
[TLS] sign_hash (32): 47BF01DFC30EE2EB0E5E6F83B58F0C7D45196D072E1ADE4B8C31CCCA8F90FE9D
[TLS] Written transcript to proofs/MSG_TLS_5C9F4BF9.out, proofs/SIG_TLS_5C9F4BF9.out and proofs/PK_TLS_5C9F4BF9.der
Signature verification succeeds
[TLS] Server time: 1619314199
[TLS] client_random  (32): B88E80D5F16824278A31A5B5E6BB189B2D12074BC7AA78721E0B593E14F854C0
[TLS] sign_hash (32): 656191EA99F4FD45500363D8CD1BACC5E1094331F6D981AACB8D0E36BFA93943
[TLS] Written transcript to proofs/MSG_TLS_B88E80D5.out, proofs/SIG_TLS_B88E80D5.out and proofs/PK_TLS_B88E80D5.der
Signature verification succeeds
[TLS] Server time: 1619314199
[TLS] client_random  (32): 06079AB91315CD84A10D1BEC6CDA9284B777FA11B59ECE9FA9D99E3989CFF507
[TLS] sign_hash (32): 5F88FD7437A89395606C096F6022600E300FF1031AB12CA168CF61A19757BF00
[TLS] Written transcript to proofs/MSG_TLS_06079AB9.out, proofs/SIG_TLS_06079AB9.out and proofs/PK_TLS_06079AB9.der
Signature verification succeeds
[TLS] Server time: 1619314199
[TLS] client_random  (32): B43467F54235CB78D0625C30F93D4B5B6D4F996C333C834BF173475460ABC999
[TLS] sign_hash (32): 1CA52AF41974246ECE876E467C3BF7C5B5B6F5D3A4AD2403DB533C0E912D26A7
[TLS] Written transcript to proofs/MSG_TLS_B43467F5.out, proofs/SIG_TLS_B43467F5.out and proofs/PK_TLS_B43467F5.der
Signature verification succeeds
[TLS] Server time: 1619314199
[TLS] client_random  (32): 4374D8CDBDA4496E564F83CE6C819250983322D50BC843385555E969F8B45CB1
[TLS] sign_hash (32): 888123E87DEAEEB2E9E5389DDD6CA9D34A1E7323D95677C23EFB392D2DFA6A54
[TLS] Written transcript to proofs/MSG_TLS_4374D8CD.out, proofs/SIG_TLS_4374D8CD.out and proofs/PK_TLS_4374D8CD.der
Signature verification succeeds
[TLS] Server time: 1619314199
[TLS] client_random  (32): D289A4748929A56C4AA2657D42B17F12F1DBC55F36D6AC5274FA4F1B51DDB790
[TLS] sign_hash (32): EF092B7F15A3F75A0F606DDFE466DACD5D72057E94593C495A67904D4C54DB44
[TLS] Written transcript to proofs/MSG_TLS_D289A474.out, proofs/SIG_TLS_D289A474.out and proofs/PK_TLS_D289A474.der
Signature verification succeeds
[TLS] Server time: 1619314199
[TLS] client_random  (32): A54D360AEF48B2F196BFC439E5EF444AFECA736D86518F047C5D4B01AA63DFB0
[TLS] sign_hash (32): 5DF25776D7202920929EF530C9C48F260FE7DF42C9CE7DACD5C53A602AD5C127
[TLS] Written transcript to proofs/MSG_TLS_A54D360A.out, proofs/SIG_TLS_A54D360A.out and proofs/PK_TLS_A54D360A.der
Signature verification succeeds
[TLS] Server time: 1619314199
[TLS] client_random  (32): 3AEB6293A16E61997E2E9E7E9DA4EC9A9C4F4F8C971571F64C9F8FEB05D7C6A4
[TLS] sign_hash (32): DA379762CD091BC2C36853727F46729B1D3BCC55C93A77A4FE3A642BFF6D8608
[TLS] Written transcript to proofs/MSG_TLS_3AEB6293.out, proofs/SIG_TLS_3AEB6293.out and proofs/PK_TLS_3AEB6293.der
Signature verification succeeds
[TLS] Server time: 1619314199
[TLS] client_random  (32): 28913E7EC6082BD9CFBB4D31CD4D448428C468981F9196F467E116A18C46AA8E
[TLS] sign_hash (32): ABE3CBEB7BE0FA5044AA018801F1348F18B4761EDA9E25B84B90016A2F3C5ED3
[TLS] Written transcript to proofs/MSG_TLS_28913E7E.out, proofs/SIG_TLS_28913E7E.out and proofs/PK_TLS_28913E7E.der
Signature verification succeeds
[TLS] Server time: 1619314199
[TLS] client_random  (32): 462613F50664BCD60EACE51446F1BBB299F6830520503B9CCB61D68D8AD45932
[TLS] sign_hash (32): E1EE647B4D3D9252924A50F3F760ED8052D4F0A11C29E4FFE767E5CB86F42BBA
[TLS] Written transcript to proofs/MSG_TLS_462613F5.out, proofs/SIG_TLS_462613F5.out and proofs/PK_TLS_462613F5.der
Signature verification succeeds
[TLS] Server time: 1619314199
[TLS] client_random  (32): 75BA67ACB7657EF595EE8ACD51EBCB6BEC0F4CD0EAA8A424E135B555EA3595B1
[TLS] sign_hash (32): C99FBFD1C4AC9D4839F45B98845FE9D3698E33C558D1A7116B21BC7CAAA284BE
[TLS] Written transcript to proofs/MSG_TLS_75BA67AC.out, proofs/SIG_TLS_75BA67AC.out and proofs/PK_TLS_75BA67AC.der
Signature verification succeeds
[TLS] Server time: 1619314199
[TLS] client_random  (32): 9EA919E011A431BDAE3E3175C5841D12B86CD0FAFA15CD45E540B2E3D5D91BBC
[TLS] sign_hash (32): C6BEFDD10374A7E533F3A37BA7A6CFAA047BB3777D62010E34209BF2FF6F84FC
[TLS] Written transcript to proofs/MSG_TLS_9EA919E0.out, proofs/SIG_TLS_9EA919E0.out and proofs/PK_TLS_9EA919E0.der
Signature verification succeeds
[TLS] Server time: 1619314199
[TLS] client_random  (32): FAD87414D20498DBA2500813A2FE011490C276BADD1821BF36F7281C0DB797C6
[TLS] sign_hash (32): 4089261022A0112E70F565880567BF84163C0B64FFF673E13D11E766185C8969
[TLS] Written transcript to proofs/MSG_TLS_FAD87414.out, proofs/SIG_TLS_FAD87414.out and proofs/PK_TLS_FAD87414.der
Signature verification succeeds
[TLS] Server time: 1619314199
[TLS] client_random  (32): C1C748C6CA6C532188E9CA4476A27F85E503A5F53A010B0F80FE0B2B3A98104E
[TLS] sign_hash (32): 2591B95F6783C7219B0A2A61583143DEFFAE53B73D98FA71A12A2BC3FC04016A
[TLS] Written transcript to proofs/MSG_TLS_C1C748C6.out, proofs/SIG_TLS_C1C748C6.out and proofs/PK_TLS_C1C748C6.der
Signature verification succeeds
[TLS] Server time: 1619314199
[TLS] client_random  (32): 667230248ECA7FA576F100237C15A7A81186293FA46C065B6C4E3431A3568645
[TLS] sign_hash (32): 52AABDCE640F7428735C069BAA0259DDD0D83BE6AC3404D2B260144179CB0902
[TLS] Written transcript to proofs/MSG_TLS_66723024.out, proofs/SIG_TLS_66723024.out and proofs/PK_TLS_66723024.der
Signature verification succeeds
[TLS] Server time: 1619314199
[TLS] client_random  (32): 3F9AC26D5290AB9D71EE8D004ED2C44E621FB3B099584ECCCBC3DC68FF8E71C2
[TLS] sign_hash (32): D78189AE3069E1BA408EAC3A1D61ADD3B45B147CC332F07EFF4AD61DBBFA3061
[TLS] Written transcript to proofs/MSG_TLS_3F9AC26D.out, proofs/SIG_TLS_3F9AC26D.out and proofs/PK_TLS_3F9AC26D.der
Signature verification succeeds
[TLS] Server time: 1619314199
[TLS] client_random  (32): 42E85A7D7B045F2C95DE2D58BDF63B97D9DE4813FD6D8B94A0A87F5E3ED7FF9C
[TLS] sign_hash (32): A2DC2F106C4EE060B8D7E3702E6F69097E3E25A0B8B447F92ACED6BDA76BCF25
[TLS] Written transcript to proofs/MSG_TLS_42E85A7D.out, proofs/SIG_TLS_42E85A7D.out and proofs/PK_TLS_42E85A7D.der
Signature verification succeeds
[TLS] Server time: 1619314199
[TLS] client_random  (32): 9C98F98B24BE5D062B80A79AC0B6E051ADFA146B68D32C683D1964B20B0D5C68
[TLS] sign_hash (32): 8C75EDF3498A87D9EAD8282950713417EEC076B9A96FE31E3BB70C8ECED8D586
[TLS] Written transcript to proofs/MSG_TLS_9C98F98B.out, proofs/SIG_TLS_9C98F98B.out and proofs/PK_TLS_9C98F98B.der
Signature verification succeeds
[TLS] Server time: 1619314199
[TLS] client_random  (32): 284DB752BE3D064E5954AE15D063AC494E07D3198A773CBBE1DEAE86538134EC
[TLS] sign_hash (32): CD67AE1983A984D212B328B2A9C37C2703E3F50F5A3B3D0874D8F49430994EED
[TLS] Written transcript to proofs/MSG_TLS_284DB752.out, proofs/SIG_TLS_284DB752.out and proofs/PK_TLS_284DB752.der
Signature verification succeeds
[TLS] Server time: 1619314199
[TLS] client_random  (32): C42A35E49ABD566E2CBB560725C4D9828311746F2702DB7F017C21D52C8BF27E
[TLS] sign_hash (32): 1EA580F94BE2A9268CD372B628B7E46C4A531F5E0903935F62CD407C52DBFD74
[TLS] Written transcript to proofs/MSG_TLS_C42A35E4.out, proofs/SIG_TLS_C42A35E4.out and proofs/PK_TLS_C42A35E4.der
Signature verification succeeds
[TLS] Server time: 1619314199
[TLS] client_random  (32): 970DE22D5A02CE42029C195FCBEF2CF421CA151BBC5BAD681E7D94711D5EA9CB
[TLS] sign_hash (32): 427C4159590340FD86C1C166281FB9AF12A984F7DA4E9C83CA65F3336A9A7F4A
[TLS] Written transcript to proofs/MSG_TLS_970DE22D.out, proofs/SIG_TLS_970DE22D.out and proofs/PK_TLS_970DE22D.der
Signature verification succeeds
[TLS] Server time: 1619314200
[TLS] client_random  (32): D97285FA6DAB084F814D2DE6F9FE42A48552104717CF13192F66605111E5B8B2
[TLS] sign_hash (32): A17EFCBDD50409816114655976DE2A1C34EAACB4390C7C741264E68E8FA59A66
[TLS] Written transcript to proofs/MSG_TLS_D97285FA.out, proofs/SIG_TLS_D97285FA.out and proofs/PK_TLS_D97285FA.der
Signature verification succeeds
[TLS] Server time: 1619314200
[TLS] client_random  (32): 403A11D5FA75A7A98E3EC6C04C3819BFAE731D6F31AC28D62DB19E0AC40769AB
[TLS] sign_hash (32): B70D181C42112A67D34723AD3CFAE71D74AA9DC3C0A2F462EAEFD1C486427870
[TLS] Written transcript to proofs/MSG_TLS_403A11D5.out, proofs/SIG_TLS_403A11D5.out and proofs/PK_TLS_403A11D5.der
Signature verification succeeds
[TLS] Server time: 1619314200
[TLS] client_random  (32): 4EB09DCC42C8E976D5EB42B385E003FB6217202F1D4582D82972CB77D25DD9AB
[TLS] sign_hash (32): 5F7D9E29DC12953BF701C928D4A0C5FD2FFC9CEEBDA2692A519B1D3658BBB579
[TLS] Written transcript to proofs/MSG_TLS_4EB09DCC.out, proofs/SIG_TLS_4EB09DCC.out and proofs/PK_TLS_4EB09DCC.der
Signature verification succeeds
[TLS] Server time: 1619314200
[TLS] client_random  (32): 2ADA07BACE46F9CEF5B268022C650E5E95418D8F3DE830675640E8731AC8BA5C
[TLS] sign_hash (32): 8F7B5384AD16E0AB57EAE43612DCEAEA9530CA7C312DC06FC9BDB9669D642604
[TLS] Written transcript to proofs/MSG_TLS_2ADA07BA.out, proofs/SIG_TLS_2ADA07BA.out and proofs/PK_TLS_2ADA07BA.der
Signature verification succeeds
[TLS] Server time: 1619314200
[TLS] client_random  (32): DAF921ED34F76C32CD779EDF5A94F758719E88D0B82BAB4AA2E7C4870BB4797A
[TLS] sign_hash (32): 78078C9232B93005BD0768DF15D8D33FAD982BAC4363EEDA61AFAFDFEB56C374
[TLS] Written transcript to proofs/MSG_TLS_DAF921ED.out, proofs/SIG_TLS_DAF921ED.out and proofs/PK_TLS_DAF921ED.der
Signature verification succeeds
[TLS] Server time: 1619314200
[TLS] client_random  (32): 13DF16FEFABF55BC29EF486E5A1486F3AD98B9546E53E62B160C19CFB9C51510
[TLS] sign_hash (32): C9AE2352A2603B27445BDE90DD1CFA007E93DE66D19ED046BDC2BFBB94F42242
[TLS] Written transcript to proofs/MSG_TLS_13DF16FE.out, proofs/SIG_TLS_13DF16FE.out and proofs/PK_TLS_13DF16FE.der
Signature verification succeeds
[TLS] Server time: 1619314200
[TLS] client_random  (32): 4139AA269BC2C978134FA49982F2CF2A01152EE729C4EC3DE107597BD8581200
[TLS] sign_hash (32): 23910E1BC95D633582AEF5F2B420C4B98D695217416A278E2308EEC118685905
[TLS] Written transcript to proofs/MSG_TLS_4139AA26.out, proofs/SIG_TLS_4139AA26.out and proofs/PK_TLS_4139AA26.der
Signature verification succeeds
[TLS] Server time: 1619314200
[TLS] client_random  (32): C6A60C2E114893D8ECB48AFF72ECA26488F016638BC934435EA301AC0354074A
[TLS] sign_hash (32): 45C1BF3ACF42B118CCFA1EAE27E7343DD0DF54B0DADA49CC32352E5BC6DE7529
[TLS] Written transcript to proofs/MSG_TLS_C6A60C2E.out, proofs/SIG_TLS_C6A60C2E.out and proofs/PK_TLS_C6A60C2E.der
Signature verification succeeds
[TLS] Server time: 1619314200
[TLS] client_random  (32): 62BA7A1E45BCE7269A7BF6E1E4BFD9BCF05DC8F76458B82A9D2273E9FDC92BC7
[TLS] sign_hash (32): 44CE6AAB79E53C9D258D0F6D3B3276C1BB4D8906BCC6B5B97B5616279901E2D4
[TLS] Written transcript to proofs/MSG_TLS_62BA7A1E.out, proofs/SIG_TLS_62BA7A1E.out and proofs/PK_TLS_62BA7A1E.der
Signature verification succeeds
[TLS] Server time: 1619314200
[TLS] client_random  (32): 38E3ABB884ED6591D6B948884D8ACAE32564174658DF4C7258A0075310CB6A6D
[TLS] sign_hash (32): 97C9B8DD664E8AFEEF8B38044C60AEA2F18A30140B9C7CDB0E0568E693A8A1D9
[TLS] Written transcript to proofs/MSG_TLS_38E3ABB8.out, proofs/SIG_TLS_38E3ABB8.out and proofs/PK_TLS_38E3ABB8.der
Signature verification succeeds
[TLS] Server time: 1619314200
[TLS] client_random  (32): 2A713D80D824D3651338C66F86A89ADB27DE020758E0CF67CBCF2F7FC0B51908
[TLS] sign_hash (32): 0F8EFF27AECE86B7494C5CD5091EC4B5004DE27F4F1A364435B452DE87716F41
[TLS] Written transcript to proofs/MSG_TLS_2A713D80.out, proofs/SIG_TLS_2A713D80.out and proofs/PK_TLS_2A713D80.der
Signature verification succeeds
[TLS] Server time: 1619314200
[TLS] client_random  (32): 4D3B2E0FC40EDDF0C942C906CDC09E711225F0E9D218803E3F38D6DE1B4BFA0E
[TLS] sign_hash (32): EBA79E8CB4C82D8E5AB2D6C068FCDB3917F7BD6C2ACA50D6721FFA40F8E18448
[TLS] Written transcript to proofs/MSG_TLS_4D3B2E0F.out, proofs/SIG_TLS_4D3B2E0F.out and proofs/PK_TLS_4D3B2E0F.der
Signature verification succeeds
[TLS] Server time: 1619314200
[TLS] client_random  (32): 1B84C0C4F31C91D6011BD4F9FF2500DE0BE98BF396811CF5BC694D71DDA54CBF
[TLS] sign_hash (32): 3F6EE401FC3089F413EF8BC424936E080D01A09DE970F6A8DD1B1E5FFDB31001
[TLS] Written transcript to proofs/MSG_TLS_1B84C0C4.out, proofs/SIG_TLS_1B84C0C4.out and proofs/PK_TLS_1B84C0C4.der
Signature verification succeeds
[TLS] Server time: 1619314200
[TLS] client_random  (32): F6A1D4F32E3B8ADB6C3C4DA3ED1C805358C151EE005BF9C4F7AA896945943F24
[TLS] sign_hash (32): A3B41E0EDF25F1747136DDCF12F28746AAAD63A576B034E4C0AD32E92DC2CB60
[TLS] Written transcript to proofs/MSG_TLS_F6A1D4F3.out, proofs/SIG_TLS_F6A1D4F3.out and proofs/PK_TLS_F6A1D4F3.der
Signature verification succeeds
[TLS] Server time: 1619314200
[TLS] client_random  (32): 1F5DDF6BD9BFB373FA28D67E985D16D029B394186F0070893AC71EFE7C8FA3E4
[TLS] sign_hash (32): D4CE6C540DB60C397F099E0F1C9DB2C1124B7D94D892E5B677CA0F246FC170EA
[TLS] Written transcript to proofs/MSG_TLS_1F5DDF6B.out, proofs/SIG_TLS_1F5DDF6B.out and proofs/PK_TLS_1F5DDF6B.der
Signature verification succeeds
[TLS] Server time: 1619314200
[TLS] client_random  (32): C93DDAF336A7826EEC0F6611F5337AF2417C78CD864DD046FBAC0BFBBAD95528
[TLS] sign_hash (32): 1B0C5F12F39D762389470307705988828AC5F7A92DE05E77E445DCD049E4DB08
[TLS] Written transcript to proofs/MSG_TLS_C93DDAF3.out, proofs/SIG_TLS_C93DDAF3.out and proofs/PK_TLS_C93DDAF3.der
Signature verification succeeds
[TLS] Server time: 1619314200
[TLS] client_random  (32): DBA5733CF26FBBAC6558A4A276DF4D6D9E3A9AB4A442598A22A060478581DD89
[TLS] sign_hash (32): F10C14A2FCAA3AEE81A2BB4572F4FB12929BB23E921AFFA6517FEA799B3A0595
[TLS] Written transcript to proofs/MSG_TLS_DBA5733C.out, proofs/SIG_TLS_DBA5733C.out and proofs/PK_TLS_DBA5733C.der
Signature verification succeeds
[TLS] Server time: 1619314200
[TLS] client_random  (32): 6115B842BEEBD512C15BF4398609E636157114F25CF4BF8033AA09C134B1D48B
[TLS] sign_hash (32): 9F8130A693A91B544E88EA68B3DFF9BC5D2D8833FE577F8CC321056BD77DFCEC
[TLS] Written transcript to proofs/MSG_TLS_6115B842.out, proofs/SIG_TLS_6115B842.out and proofs/PK_TLS_6115B842.der
Signature verification succeeds
[TLS] Server time: 1619314200
[TLS] client_random  (32): 8ED2E7E68FEE9A5213705245193A85C3E44E1002AB6D72B18776BBF34C0BDFD0
[TLS] sign_hash (32): 435B0CB85FA2D733EFB7C679D80A8532B24EFA3752F48914E485545C2FE5FA79
[TLS] Written transcript to proofs/MSG_TLS_8ED2E7E6.out, proofs/SIG_TLS_8ED2E7E6.out and proofs/PK_TLS_8ED2E7E6.der
Signature verification succeeds
[TLS] Server time: 1619314200
[TLS] client_random  (32): 29165ABAE8CE658D498C3ED6B486261386E243A6315FFF3367A3A20CE5149820
[TLS] sign_hash (32): 4B0B2926BACC1E00BCAD60477D7F136ECE1FF045899DCE5D0F337738B5E6D0E5
[TLS] Written transcript to proofs/MSG_TLS_29165ABA.out, proofs/SIG_TLS_29165ABA.out and proofs/PK_TLS_29165ABA.der
Signature verification succeeds
[TLS] Server time: 1619314200
[TLS] client_random  (32): 45D98345A6C0AFD372DF477B748FBEA3C1B142C5618F25B15C2170F0DC06FBD2
[TLS] sign_hash (32): C1243CBF5680BB793B844CADFD58770A83AAF091B85B8912E63DF7272E6901F0
[TLS] Written transcript to proofs/MSG_TLS_45D98345.out, proofs/SIG_TLS_45D98345.out and proofs/PK_TLS_45D98345.der
Signature verification succeeds
[TLS] Server time: 1619314200
[TLS] client_random  (32): FB2CD6496B9F3DAD19BDF97669787A2580DB4625DC76E2FCE5227719600A2083
[TLS] sign_hash (32): B974C6B0330786DB002AB938A50E9F29E73C9DD24C0097954B46C6AB47FCB3A6
[TLS] Written transcript to proofs/MSG_TLS_FB2CD649.out, proofs/SIG_TLS_FB2CD649.out and proofs/PK_TLS_FB2CD649.der
Signature verification succeeds
[TLS] Server time: 1619314200
[TLS] client_random  (32): C11F3278D3AFADE386F85C894F6B96D7F034A0F49CC88E643959AFABC28253C0
[TLS] sign_hash (32): 58911C570EDC89BAEE6CBBAA9EE7B66F252D1FEA4BE293183756DB1884D38344
[TLS] Written transcript to proofs/MSG_TLS_C11F3278.out, proofs/SIG_TLS_C11F3278.out and proofs/PK_TLS_C11F3278.der
Signature verification succeeds
[TLS] Server time: 1619314200
[TLS] client_random  (32): 84A873075A9C2197C0341B52E262493DA7C458BE78D39D9CCF2C08E10E385D87
[TLS] sign_hash (32): 3B4FF89AB1D650E2A59531027CDDB3F0D23D65D19699126CE3461C05C3F5EF76
[TLS] Written transcript to proofs/MSG_TLS_84A87307.out, proofs/SIG_TLS_84A87307.out and proofs/PK_TLS_84A87307.der
Signature verification succeeds
[TLS] Server time: 1619314200
[TLS] client_random  (32): EC29A9738F56900BC6F6CDF587E69325E7977DE4F4420DDBFBC820D399FA734A
[TLS] sign_hash (32): 459EF4E2A51128A230E4D1EB0A74D97E05BC4CBB695550437BBE5AFE8F8374E2
[TLS] Written transcript to proofs/MSG_TLS_EC29A973.out, proofs/SIG_TLS_EC29A973.out and proofs/PK_TLS_EC29A973.der
Signature verification succeeds
[TLS] Server time: 1619314200
[TLS] client_random  (32): D7976F9AAEBAE638F2DD1A00847697D840DFA79F486D68BFB2FCDDB8718DCB57
[TLS] sign_hash (32): 8B41DF5E65A4F512C3E7E27C9D2EF7649178BD2B6A0BA79B667C8C2DB9D0350D
[TLS] Written transcript to proofs/MSG_TLS_D7976F9A.out, proofs/SIG_TLS_D7976F9A.out and proofs/PK_TLS_D7976F9A.der
Signature verification succeeds
[TLS] Server time: 1619314200
[TLS] client_random  (32): 0B038DE68A57BE0E5FEF58EB01D8C331476A472567AD4371B0EA7294C482499A
[TLS] sign_hash (32): 7EF016559B13C1E2C7A4919961BFA40BAD79D4665BCDD1E844CC011E5B6BB454
[TLS] Written transcript to proofs/MSG_TLS_0B038DE6.out, proofs/SIG_TLS_0B038DE6.out and proofs/PK_TLS_0B038DE6.der
Signature verification succeeds
[TLS] Server time: 1619314200
[TLS] client_random  (32): 9497B1353B4974D1E20CCAA8A2B0A4AF7C23256236EEF213AF609A68500A72FE
[TLS] sign_hash (32): 35C3C35417ECC49520AF0F674A22DC9B9896A27617AFB6EC0FEA4C7755172882
[TLS] Written transcript to proofs/MSG_TLS_9497B135.out, proofs/SIG_TLS_9497B135.out and proofs/PK_TLS_9497B135.der
Signature verification succeeds
[TLS] Server time: 1619314200
[TLS] client_random  (32): FA7CC6C975FBEEC4625EBF457181F8CA9AD1557D1ED37A7868C56B171901E826
[TLS] sign_hash (32): 8940BE308FD5C2B7AA3314605DD8450F375FB463D53CD40D0748350F65253C52
[TLS] Written transcript to proofs/MSG_TLS_FA7CC6C9.out, proofs/SIG_TLS_FA7CC6C9.out and proofs/PK_TLS_FA7CC6C9.der
Signature verification succeeds
[TLS] Server time: 1619314200
[TLS] client_random  (32): 77B1A964095CD3F6592FC7DEB6A8D4F5E6C92CCCEEA9E368794FE0278A80ABF1
[TLS] sign_hash (32): B5A4AAE406D43BBDDD4CD7EBD41A87107BCC74B3C30A268896743D60B8E3145D
[TLS] Written transcript to proofs/MSG_TLS_77B1A964.out, proofs/SIG_TLS_77B1A964.out and proofs/PK_TLS_77B1A964.der
Signature verification succeeds
[TLS] Server time: 1619314200
[TLS] client_random  (32): 7BC024C6E21CB73858659CB4F0DED17C5DABB38CA8F7E7FE9A144D6D59E75D58
[TLS] sign_hash (32): 9924A039EB9CF7F701B3E78DDC5F0F75D956BF673952A40D89E287B13453ED19
[TLS] Written transcript to proofs/MSG_TLS_7BC024C6.out, proofs/SIG_TLS_7BC024C6.out and proofs/PK_TLS_7BC024C6.der
Signature verification succeeds
[TLS] Server time: 1619314200
[TLS] client_random  (32): 1A02C783D2100CFEC0E7633AF578537CCB8A61F7A2C47760EB3F88AA056CC6F6
[TLS] sign_hash (32): 7E94311552CCB0294A67423BCCA4D4567097EE99AFC46BCCDB31A0BF8551546C
[TLS] Written transcript to proofs/MSG_TLS_1A02C783.out, proofs/SIG_TLS_1A02C783.out and proofs/PK_TLS_1A02C783.der
Signature verification succeeds
[TLS] Server time: 1619314200
[TLS] client_random  (32): AC725141E4968F4A36B78474F7DFCBC22AB162C9A513D37F0BCA4806A14D161F
[TLS] sign_hash (32): B8EA0E79B48C950496FCF574E8E2908022E64AC7F8FB74EE4E29D6711A5D8880
[TLS] Written transcript to proofs/MSG_TLS_AC725141.out, proofs/SIG_TLS_AC725141.out and proofs/PK_TLS_AC725141.der
Signature verification succeeds
[TLS] Server time: 1619314200
[TLS] client_random  (32): 504FC8A3E4228007DE876869899AF542404D531BE925841C34701382225FB2E9
[TLS] sign_hash (32): 2DC2A5F88EB4193B434D65DCB2936A50244CA6270150390E181EE34CB9851205
[TLS] Written transcript to proofs/MSG_TLS_504FC8A3.out, proofs/SIG_TLS_504FC8A3.out and proofs/PK_TLS_504FC8A3.der
Signature verification succeeds
[TLS] Server time: 1619314200
[TLS] client_random  (32): EB0E2C4DAC4A3B0087782F085110F355F49E7548D4E3DA1AAC296298535D27E8
[TLS] sign_hash (32): 9B2F05118A4BBA49EC3608E2F95430477AFB7B4FAFC9A06F3D6AA3175DE4F3D4
[TLS] Written transcript to proofs/MSG_TLS_EB0E2C4D.out, proofs/SIG_TLS_EB0E2C4D.out and proofs/PK_TLS_EB0E2C4D.der
Signature verification succeeds
[TLS] Server time: 1619314200
[TLS] client_random  (32): 58AC67E9E219C3A41E6BCB93485308D5AFFAD82C10193467B07D6F30B2A4D996
[TLS] sign_hash (32): BC50406ADCB59DF7BBCDB42294622A01B0E37F7B402CEEC900AC389D9BAC34A3
[TLS] Written transcript to proofs/MSG_TLS_58AC67E9.out, proofs/SIG_TLS_58AC67E9.out and proofs/PK_TLS_58AC67E9.der
Signature verification succeeds
[TLS] Server time: 1619314200
[TLS] client_random  (32): 46B77EBADADF33B6C46C1FE5B02A03E51B609005290FA75A43BE1ACCE16ABB4F
[TLS] sign_hash (32): 99EF1C0FEC0166B84D1DF0B3973E64A454288317218303F71106C377EF78C327
[TLS] Written transcript to proofs/MSG_TLS_46B77EBA.out, proofs/SIG_TLS_46B77EBA.out and proofs/PK_TLS_46B77EBA.der
Signature verification succeeds
[TLS] Server time: 1619314200
[TLS] client_random  (32): 79FC3C73906882DED44B6C8AB9F61745BDA6A5D886F8109B37E30293AD635BD5
[TLS] sign_hash (32): 5E5F166A4876AB7FE5805B37616DFDCC020EA794EE9B3B1C8CA56334A6997879
[TLS] Written transcript to proofs/MSG_TLS_79FC3C73.out, proofs/SIG_TLS_79FC3C73.out and proofs/PK_TLS_79FC3C73.der
Signature verification succeeds
[TLS] Server time: 1619314200
[TLS] client_random  (32): 538EEAAE831F16A716231FCCE4AAFA58E004A6E7E7237BB8222AEF38C7E534F2
[TLS] sign_hash (32): 44BF8C8F41E70729C0CE0A9BF6B2F44C86579BB65154ED5F0F1DE7B7139C2A54
[TLS] Written transcript to proofs/MSG_TLS_538EEAAE.out, proofs/SIG_TLS_538EEAAE.out and proofs/PK_TLS_538EEAAE.der
Signature verification succeeds
[TLS] Server time: 1619314200
[TLS] client_random  (32): F98A0D79E0762CDD113F3EC1DE090FC8961B18809ECE98BCE76C3E0EFCC6B0BB
[TLS] sign_hash (32): E3769C78AC5AD02791FC62F26BB3DE61DDEE31DEDB6276D0CA3A0721C31BC55A
[TLS] Written transcript to proofs/MSG_TLS_F98A0D79.out, proofs/SIG_TLS_F98A0D79.out and proofs/PK_TLS_F98A0D79.der
Signature verification succeeds
[TLS] Server time: 1619314200
[TLS] client_random  (32): 67E98DB63B587713D08DABEB8F4B7A1CE89E87B04880ECE0E48AC388E0725E29
[TLS] sign_hash (32): 15EB6F88046A3F33F69239B81EFF767642445117B07B39B44702B454215CEA65
[TLS] Written transcript to proofs/MSG_TLS_67E98DB6.out, proofs/SIG_TLS_67E98DB6.out and proofs/PK_TLS_67E98DB6.der
Signature verification succeeds
[TLS] Server time: 1619314200
[TLS] client_random  (32): D8BBADA2FA3820908AEA8D43C5D8668F7B8D071CF86F50A5E3A43531432C6B45
[TLS] sign_hash (32): FA59387E3D8F05491ED1A9A4DD512CBFB132C1D3B42D2423E2B4A08CE026DBFF
[TLS] Written transcript to proofs/MSG_TLS_D8BBADA2.out, proofs/SIG_TLS_D8BBADA2.out and proofs/PK_TLS_D8BBADA2.der
Signature verification succeeds
[TLS] Server time: 1619314200
[TLS] client_random  (32): C2C57F045737951281F21147B0FC3FA272517DDDC8329125D8ED2B68338AD41C
[TLS] sign_hash (32): 72C6649BEEB4E49316134DF5D0C05D1CA963FC2D99FCA7FBC6C249FBE27B2B00
[TLS] Written transcript to proofs/MSG_TLS_C2C57F04.out, proofs/SIG_TLS_C2C57F04.out and proofs/PK_TLS_C2C57F04.der
Signature verification succeeds
[TLS] Server time: 1619314200
[TLS] client_random  (32): 833B1139B7D7F142DE399926125C8FDEA2074B47D666482580F27CF61C9F9C7C
[TLS] sign_hash (32): CDFB0053AC13E5E73BD954003F704461D3D20EADDC3357EF03D68C97EB08352A
[TLS] Written transcript to proofs/MSG_TLS_833B1139.out, proofs/SIG_TLS_833B1139.out and proofs/PK_TLS_833B1139.der
Signature verification succeeds
[TLS] Server time: 1619314200
[TLS] client_random  (32): 34174343888FAFAFAFB8CCA1CB76047F8CF59B626CBA091E574100CD0ED4D374
[TLS] sign_hash (32): 8DDB466304668156EC3EDE20F6FA6E5BD450A1CBE61E2F2414A4CAE14AB48E87
[TLS] Written transcript to proofs/MSG_TLS_34174343.out, proofs/SIG_TLS_34174343.out and proofs/PK_TLS_34174343.der
Signature verification succeeds
[TLS] Server time: 1619314200
[TLS] client_random  (32): 376D5D38E3C369C816570673C5DA191542E51B2C4D53F3A48E04CB6EACCF4FCB
[TLS] sign_hash (32): 395C27CD6AC2BD7FE4E211B788089D41E7DEA5530FAD9CEBF2C91F905CCEE88A
[TLS] Written transcript to proofs/MSG_TLS_376D5D38.out, proofs/SIG_TLS_376D5D38.out and proofs/PK_TLS_376D5D38.der
Signature verification succeeds
[TLS] Server time: 1619314200
[TLS] client_random  (32): 5018DEB93725AB87DEEE7674840B9082EB452F36A64D9E7AB104F09A2CC911B2
[TLS] sign_hash (32): 53C38A1D3408B7FCC49E477F6C8762A32AC13E9EBB87E5EB2BB8262D97DC8F30
[TLS] Written transcript to proofs/MSG_TLS_5018DEB9.out, proofs/SIG_TLS_5018DEB9.out and proofs/PK_TLS_5018DEB9.der
Signature verification succeeds
[TLS] Server time: 1619314200
[TLS] client_random  (32): CDBA61672AB53CCBBEF98B4D093D75708A81C440C7C5F4D9666FE4E8F9216FCD
[TLS] sign_hash (32): C564E5622C8AA5E62BC47125F23797E6C4497B1C85B28615DEDA4EEABDE3F2DF
[TLS] Written transcript to proofs/MSG_TLS_CDBA6167.out, proofs/SIG_TLS_CDBA6167.out and proofs/PK_TLS_CDBA6167.der
Signature verification succeeds
[TLS] Server time: 1619314200
[TLS] client_random  (32): 645656CEA9405CB279CC7504B4C3AB425589BA55B6F4CCD560BF27C7FD25D119
[TLS] sign_hash (32): 6331BC71394FCDBAC26C2B29E0C7E409174BF65C18F4103D34BFC8B3FE5C4358
[TLS] Written transcript to proofs/MSG_TLS_645656CE.out, proofs/SIG_TLS_645656CE.out and proofs/PK_TLS_645656CE.der
Signature verification succeeds
[TLS] Server time: 1619314200
[TLS] client_random  (32): FCB6D7335D151FDB113F829EC15864E4BC9F55EE29DCAE5657508BFA15F9BF7E
[TLS] sign_hash (32): E4A2C70A016AE342AA99F98ED4316FA83A6DF5554225509CE1B30BD1C1316476
[TLS] Written transcript to proofs/MSG_TLS_FCB6D733.out, proofs/SIG_TLS_FCB6D733.out and proofs/PK_TLS_FCB6D733.der
Signature verification succeeds
[TLS] Server time: 1619314200
[TLS] client_random  (32): F1F953391A57323B6981C75141655A1C133373FA970A234ACB2640234B788D13
[TLS] sign_hash (32): 38403F8579E99E5E3D4B3D1BFC39760A896E44200AED3312EA305245A0F83DC3
[TLS] Written transcript to proofs/MSG_TLS_F1F95339.out, proofs/SIG_TLS_F1F95339.out and proofs/PK_TLS_F1F95339.der
Signature verification succeeds
[TLS] Server time: 1619314200
[TLS] client_random  (32): 6202E53C745ADF5E63FFF6E8DA2CB45A50814F1FB07250868D601E059D034F83
[TLS] sign_hash (32): C43C8972AE0BA6BC7F53A4794AFDF5BA93ED481BF13DB0CF3ED7AC7CE78D0FA3
[TLS] Written transcript to proofs/MSG_TLS_6202E53C.out, proofs/SIG_TLS_6202E53C.out and proofs/PK_TLS_6202E53C.der
Signature verification succeeds
[TLS] Server time: 1619314200
[TLS] client_random  (32): 5FBD4252F0976704EA29D53B7100F98543008178FCCB51627B6D30A7649E6713
[TLS] sign_hash (32): 035FF0D3620DACBA0330191DED6B8D2089723915C6DD100064ACF9B66820DA62
[TLS] Written transcript to proofs/MSG_TLS_5FBD4252.out, proofs/SIG_TLS_5FBD4252.out and proofs/PK_TLS_5FBD4252.der
Signature verification succeeds
[TLS] Server time: 1619314200
[TLS] client_random  (32): 49A4BDA49827DD075592D490C456A72CB85298103442C54C514D6462EE45049B
[TLS] sign_hash (32): A59E69AB37668646AAF25600BA4DED65BC039F21126A993BF70371F4CEDB6112
[TLS] Written transcript to proofs/MSG_TLS_49A4BDA4.out, proofs/SIG_TLS_49A4BDA4.out and proofs/PK_TLS_49A4BDA4.der
Signature verification succeeds
[TLS] Server time: 1619314200
[TLS] client_random  (32): 8D4B5A04691158FE9E902AE9E7C6065AAA2B3340435633DBFFBA9707F9C62E0F
[TLS] sign_hash (32): 86ADA0D3CF8A40EA4A88C1A337F3C0BD04276D2C6EC63DD4C69B4D4E65721E03
[TLS] Written transcript to proofs/MSG_TLS_8D4B5A04.out, proofs/SIG_TLS_8D4B5A04.out and proofs/PK_TLS_8D4B5A04.der
Signature verification succeeds
[TLS] Server time: 1619314200
[TLS] client_random  (32): 59D3810D7D09F851973F6917F9789B6E0067152E1670EA91125C923AD1974588
[TLS] sign_hash (32): 8A35B94F8C0B5C676038A1EF6CED609E307CFE2C357BBD7D27918BD37371490D
[TLS] Written transcript to proofs/MSG_TLS_59D3810D.out, proofs/SIG_TLS_59D3810D.out and proofs/PK_TLS_59D3810D.der
Signature verification succeeds
[TLS] Server time: 1619314200
[TLS] client_random  (32): 868F69C0B59B0714420851F5450EF5AF880DDB42D5391FE4C80199DCB472BB5A
[TLS] sign_hash (32): 7D9945C4A8FEDCABD2F27DC5B8550A2A0EA1D7E771109FC884E9E36B9C0AE016
[TLS] Written transcript to proofs/MSG_TLS_868F69C0.out, proofs/SIG_TLS_868F69C0.out and proofs/PK_TLS_868F69C0.der
Signature verification succeeds
[TLS] Server time: 1619314200
[TLS] client_random  (32): DC79C95CCB11BA3069F3EB9E51745ABE3FA3823D975AB463167F628A8705011F
[TLS] sign_hash (32): 85966985448C55EABCFD2F18E3194966E71DF9C97746CFC8B33CB0C0D9D4FCDE
[TLS] Written transcript to proofs/MSG_TLS_DC79C95C.out, proofs/SIG_TLS_DC79C95C.out and proofs/PK_TLS_DC79C95C.der
Signature verification succeeds
[TLS] Server time: 1619314200
[TLS] client_random  (32): 65D1477A04DFA166A5E6FE97CD306EB4DD928E748E3937525F8C1711A22EC370
[TLS] sign_hash (32): B86B5346022AB2E6EA4D183351DC0AA72B42A281A847323EC15CBF2C7F9F6AA0
[TLS] Written transcript to proofs/MSG_TLS_65D1477A.out, proofs/SIG_TLS_65D1477A.out and proofs/PK_TLS_65D1477A.der
Signature verification succeeds
[TLS] Server time: 1619314200
[TLS] client_random  (32): 591559DC2D25EA30BF39D6A920EC12FB4501254A6C4DA91441D2E73D713BCC75
[TLS] sign_hash (32): C54A1FF23235E400B512AA0626CC319AAA12AABCAEB2B2A864F20D288F341331
[TLS] Written transcript to proofs/MSG_TLS_591559DC.out, proofs/SIG_TLS_591559DC.out and proofs/PK_TLS_591559DC.der
Signature verification succeeds
[TLS] Server time: 1619314200
[TLS] client_random  (32): 5D34FBFEF410A04A8F0626458B0E657329BDDE470DFD38174436D1F68D145705
[TLS] sign_hash (32): 5C3148E712D72CAD2DBCBC10C9C4FDCCF111A36ABA0CEA07458BCC5F90231593
[TLS] Written transcript to proofs/MSG_TLS_5D34FBFE.out, proofs/SIG_TLS_5D34FBFE.out and proofs/PK_TLS_5D34FBFE.der
Signature verification succeeds
[TLS] Server time: 1619314200
[TLS] client_random  (32): 301E224530D75466851E62048C5F365F3CAAB54A5969CF3F1CE28486F70070BD
[TLS] sign_hash (32): 1E298C519844EB477B50B33FB1215B9668CA86197408DED021649CED7D51E4E6
[TLS] Written transcript to proofs/MSG_TLS_301E2245.out, proofs/SIG_TLS_301E2245.out and proofs/PK_TLS_301E2245.der
Signature verification succeeds
[TLS] Server time: 1619314200
[TLS] client_random  (32): CBAD95C7D0F2B0106F4CAE92DB30197C28EA9C1400688A335B872D47CEB6BF21
[TLS] sign_hash (32): 8D3CA12C3A94607F02DD1315DE55927054391BE1B1DFCDCAF9B7217F6D9DBCDF
[TLS] Written transcript to proofs/MSG_TLS_CBAD95C7.out, proofs/SIG_TLS_CBAD95C7.out and proofs/PK_TLS_CBAD95C7.der
Signature verification succeeds
[TLS] Server time: 1619314200
[TLS] client_random  (32): 2094F92AE8A1B322F21C393B2F8C7FCC3477B40FA3B5AA06028459E640E7CFBF
[TLS] sign_hash (32): 61731598305E1F6B74436C1C7DC2FB470CF5DD3854C92596DAA4981FA4C04C2C
[TLS] Written transcript to proofs/MSG_TLS_2094F92A.out, proofs/SIG_TLS_2094F92A.out and proofs/PK_TLS_2094F92A.der
Signature verification succeeds
[TLS] Server time: 1619314200
[TLS] client_random  (32): 20CDAAC4282417780AF1B4B32FCFAD09527DD42E5CF55C47E08144A24877C584
[TLS] sign_hash (32): 925815B1383E6B689CE3BA19662512099D021FFA5FA8245A292CB68DC0711405
[TLS] Written transcript to proofs/MSG_TLS_20CDAAC4.out, proofs/SIG_TLS_20CDAAC4.out and proofs/PK_TLS_20CDAAC4.der
Signature verification succeeds
[TLS] Server time: 1619314200
[TLS] client_random  (32): 92EC0313EE353A814FF98955F20FA2E5FDFF450953E7B7BF7E822C2447D154FB
[TLS] sign_hash (32): 51CF8DED3A23320AEEC7DC862CCB5EBBB2E3CD591C222B2B975AC391815EB580
[TLS] Written transcript to proofs/MSG_TLS_92EC0313.out, proofs/SIG_TLS_92EC0313.out and proofs/PK_TLS_92EC0313.der
Signature verification succeeds
[TLS] Server time: 1619314200
[TLS] client_random  (32): 9F7CD2508FAAAEC1883668175B395F123076DEEE12010AE28A1C83C4B1C10FD0
[TLS] sign_hash (32): EEA384EEEB711C152B9387E95F85EBCAE8E76FB53F40F9E6CDA51F56897A834F
[TLS] Written transcript to proofs/MSG_TLS_9F7CD250.out, proofs/SIG_TLS_9F7CD250.out and proofs/PK_TLS_9F7CD250.der
Signature verification succeeds
[TLS] Server time: 1619314200
[TLS] client_random  (32): 787EBDAB2D24530DB06FC387A966D02CA9139FC4B66A2626E8334152CAAC14CD
[TLS] sign_hash (32): 294A993FBE9B055A3A381F23712FC5E26C93E538E8C8BF9C0113D55416BDE6B5
[TLS] Written transcript to proofs/MSG_TLS_787EBDAB.out, proofs/SIG_TLS_787EBDAB.out and proofs/PK_TLS_787EBDAB.der
Signature verification succeeds
[TLS] Server time: 1619314200
[TLS] client_random  (32): 2A42BCACC4ED0A07B74B27E5283756949AA475DDCFC6E08DF81300F0BA5871D0
[TLS] sign_hash (32): 404F1683B85ED35086A3A6AD45456332BD3FE2E89E3113011BC46E414CD02B5A
[TLS] Written transcript to proofs/MSG_TLS_2A42BCAC.out, proofs/SIG_TLS_2A42BCAC.out and proofs/PK_TLS_2A42BCAC.der
Signature verification succeeds
[TLS] Server time: 1619314200
[TLS] client_random  (32): 2390774BCF18FB2829B64EB523DD481E994BBC5EA418F6D7523A9DAFD1FD74B9
[TLS] sign_hash (32): A9FD7BAF27752D33B19579078F941185585A7E181BF6EF0F359E0C5EBF177B26
[TLS] Written transcript to proofs/MSG_TLS_2390774B.out, proofs/SIG_TLS_2390774B.out and proofs/PK_TLS_2390774B.der
Signature verification succeeds
[TLS] Server time: 1619314200
[TLS] client_random  (32): 7B3A367F2A17DE2E3CB5F97FDEBC73E990886B1BB76C1DC0939F913CFF0BD459
[TLS] sign_hash (32): 3EFEE1B83412C95A9D781D708E4ACDD40E4F5D4C2C74BB24C0A30AFBC3E25C40
[TLS] Written transcript to proofs/MSG_TLS_7B3A367F.out, proofs/SIG_TLS_7B3A367F.out and proofs/PK_TLS_7B3A367F.der
Signature verification succeeds
[TLS] Server time: 1619314200
[TLS] client_random  (32): B5A1F9968D76080477351ED410D6CC1154AD9B49689F1F71F63ECC1C4B39C070
[TLS] sign_hash (32): 6C9D5691CB6B5D31AE18FF90B6899749A99FDFFC48226CE71F021314124B3D1B
[TLS] Written transcript to proofs/MSG_TLS_B5A1F996.out, proofs/SIG_TLS_B5A1F996.out and proofs/PK_TLS_B5A1F996.der
Signature verification succeeds
[TLS] Server time: 1619314200
[TLS] client_random  (32): 79D238C24A6F5D9E4ED6D9DEA9F0762167E5F64E2B18F906A2857BBDD03364C3
[TLS] sign_hash (32): 027219AE6AF7220E163501D70C305DCEF39917DF585C878BC6A1C2FA76585852
[TLS] Written transcript to proofs/MSG_TLS_79D238C2.out, proofs/SIG_TLS_79D238C2.out and proofs/PK_TLS_79D238C2.der
Signature verification succeeds
[TLS] Server time: 1619314200
[TLS] client_random  (32): 0AC43829FB43867F8057A424A9531CEE1A9396E030869A343252EA24F279DB38
[TLS] sign_hash (32): E875F015F61EED1AF59BDFD0AE013E6226286194C393F4E93809A0916F8B8624
[TLS] Written transcript to proofs/MSG_TLS_0AC43829.out, proofs/SIG_TLS_0AC43829.out and proofs/PK_TLS_0AC43829.der
Signature verification succeeds
[TLS] Server time: 1619314200
[TLS] client_random  (32): F580219A21CA36DC4512A0EBF8796AF24B93F5CFD8165A81A843D284979CB50E
[TLS] sign_hash (32): B96DDE1EAC52BC754678393ABDB2D56E08157C265FDDD4941C8D0AA19662409B
[TLS] Written transcript to proofs/MSG_TLS_F580219A.out, proofs/SIG_TLS_F580219A.out and proofs/PK_TLS_F580219A.der
Signature verification succeeds
[TLS] Server time: 1619314200
[TLS] client_random  (32): 4DE065DE12D7A5A8FAA67968ADEE572DB694D7C38ABA3F04562D17A910D0BDDB
[TLS] sign_hash (32): 9D50449C7BA0E22342AF77C96BA89D3067815D2982A16FBC389331DC92772445
[TLS] Written transcript to proofs/MSG_TLS_4DE065DE.out, proofs/SIG_TLS_4DE065DE.out and proofs/PK_TLS_4DE065DE.der
Signature verification succeeds
[TLS] Server time: 1619314200
[TLS] client_random  (32): E365C592129BE03CCD6367A9CA93E30314B1824D4A03AA2F21C12C294FCA276A
[TLS] sign_hash (32): 73598665D9CB872B67C368E59BE7A570440BC75056AEE4EBF3003A8DA9C91AB4
[TLS] Written transcript to proofs/MSG_TLS_E365C592.out, proofs/SIG_TLS_E365C592.out and proofs/PK_TLS_E365C592.der
Signature verification succeeds
[TLS] Server time: 1619314200
[TLS] client_random  (32): F1875CE665625499B1FC27D7B3315E9E326A3A7CAFD2A4E3AA9AFCE0A78E3B0D
[TLS] sign_hash (32): 9B3BCF5926BB0D32CDEC7956D002457EFDEC0CC4813672FFC1B8342CFD805348
[TLS] Written transcript to proofs/MSG_TLS_F1875CE6.out, proofs/SIG_TLS_F1875CE6.out and proofs/PK_TLS_F1875CE6.der
Signature verification succeeds
[TLS] Server time: 1619314200
[TLS] client_random  (32): 6CCB9239591A63B88A376B627A0248717DA2493723DBF93CB14889163A72AB50
[TLS] sign_hash (32): 02EE76EF6060D461599BD75BF0CCF85109287972FDE503BC0D50FE6545F080D0
[TLS] Written transcript to proofs/MSG_TLS_6CCB9239.out, proofs/SIG_TLS_6CCB9239.out and proofs/PK_TLS_6CCB9239.der
Signature verification succeeds
[TLS] Server time: 1619314200
[TLS] client_random  (32): FE21D8B5CB42CD5C88B076CCDE376AF8C1C42685845E2D37D33E096871AACB8C
[TLS] sign_hash (32): C7EDC01B36BA85871419E4A7A6AD265E632B5B7376F453058F3A9CC506E7D456
[TLS] Written transcript to proofs/MSG_TLS_FE21D8B5.out, proofs/SIG_TLS_FE21D8B5.out and proofs/PK_TLS_FE21D8B5.der
Signature verification succeeds
[TLS] Server time: 1619314200
[TLS] client_random  (32): 72DB3A68B5B4E552EDD6F49050E88AF2E853071FF50F5A904F5D643EFFB4D24B
[TLS] sign_hash (32): 842F03724ADF5ABA083C371EFE62F504206CF31262D7EF790830671DEBBC2EF0
[TLS] Written transcript to proofs/MSG_TLS_72DB3A68.out, proofs/SIG_TLS_72DB3A68.out and proofs/PK_TLS_72DB3A68.der
Signature verification succeeds
[TLS] Server time: 1619314200
[TLS] client_random  (32): 7DD092BBF102E480013174700A09C950A9B2CF5A3BB51F498FC9B79F91BAB6B0
[TLS] sign_hash (32): 79CDDA8C83902B917A58317DCC94D81C8D44F257A267CF9BC7F638A34522C90F
[TLS] Written transcript to proofs/MSG_TLS_7DD092BB.out, proofs/SIG_TLS_7DD092BB.out and proofs/PK_TLS_7DD092BB.der
Signature verification succeeds
[TLS] Server time: 1619314200
[TLS] client_random  (32): A53EA8D28EB72360D312CDB365875A7E5B269C7BBA48798274D4C0038E345157
[TLS] sign_hash (32): 81F630A2166ED72760F4888DEE5962C0F702C3A8F16EDF9DD2427CE805BD5978
[TLS] Written transcript to proofs/MSG_TLS_A53EA8D2.out, proofs/SIG_TLS_A53EA8D2.out and proofs/PK_TLS_A53EA8D2.der
Signature verification succeeds
[TLS] Server time: 1619314200
[TLS] client_random  (32): 6F1008DC6164F42B6F009DFA065ECBF7B840BF70DE143297005504AD62023411
[TLS] sign_hash (32): CA9CF7A111E49DADB480D582951A128F211FC84F5FBD27454DCC49B59660BAB8
[TLS] Written transcript to proofs/MSG_TLS_6F1008DC.out, proofs/SIG_TLS_6F1008DC.out and proofs/PK_TLS_6F1008DC.der
Signature verification succeeds
[TLS] Server time: 1619314200
[TLS] client_random  (32): 7E7D5522A50585DBEADC23B4A49138789614D033E7FCD19FFEA06A46F039F027
[TLS] sign_hash (32): 3D0619F1CFF76300123DB7473A663EE1AE0DC0AA3F546C699B13D6496248203A
[TLS] Written transcript to proofs/MSG_TLS_7E7D5522.out, proofs/SIG_TLS_7E7D5522.out and proofs/PK_TLS_7E7D5522.der
Signature verification succeeds
[TLS] Server time: 1619314200
[TLS] client_random  (32): 2A81F0A7A4B1F69925B3B2A4A4D2711A6B1310DCD2E9FE3C37CB638CFAF3C6C1
[TLS] sign_hash (32): BB5DCF651D15E3C4DAC61A2AA56327B787311CD5EEA7026667C9760CCE1D927F
[TLS] Written transcript to proofs/MSG_TLS_2A81F0A7.out, proofs/SIG_TLS_2A81F0A7.out and proofs/PK_TLS_2A81F0A7.der
Signature verification succeeds
[TLS] Server time: 1619314200
[TLS] client_random  (32): F952BD70D7B1647900DE60AAB6280363CC909868D86C9429770DB4682E2A2012
[TLS] sign_hash (32): 17534B0C87FF67C1A06036652A3368C63EA979F3D8F523516A9930EC3C46E0E3
[TLS] Written transcript to proofs/MSG_TLS_F952BD70.out, proofs/SIG_TLS_F952BD70.out and proofs/PK_TLS_F952BD70.der
Signature verification succeeds
[TLS] Server time: 1619314200
[TLS] client_random  (32): 344FC1CCE2A28182F5D10DE69F9E8AC9977AAF64FE7E52D4C51C5E5444924040
[TLS] sign_hash (32): CA3F823EE0BF6FF6FF0B5CB2FE354C1B2B62179F39A679CF3C242B256DC4106E
[TLS] Written transcript to proofs/MSG_TLS_344FC1CC.out, proofs/SIG_TLS_344FC1CC.out and proofs/PK_TLS_344FC1CC.der
Signature verification succeeds
[TLS] Server time: 1619314200
[TLS] client_random  (32): A5779FC79C4AC6581110F6837C78D863BC6E3205B32FAAFFFCD2694AABC10811
[TLS] sign_hash (32): 53BB735BE1C0C5CCC020C34904A4F72E93C1EABC421EE0D82FE3D9D9A901F46C
[TLS] Written transcript to proofs/MSG_TLS_A5779FC7.out, proofs/SIG_TLS_A5779FC7.out and proofs/PK_TLS_A5779FC7.der
Signature verification succeeds
[TLS] Server time: 1619314200
[TLS] client_random  (32): 406913A4CB90C6DAD17055837E3030DF7F575948775BC4BF11D1FA8D4F0C070A
[TLS] sign_hash (32): 4AF7EC530E8FE57E065E0959D042BB267533E3AD5383EE1F6A3CD39C2FC067BF
[TLS] Written transcript to proofs/MSG_TLS_406913A4.out, proofs/SIG_TLS_406913A4.out and proofs/PK_TLS_406913A4.der
Signature verification succeeds
[TLS] Server time: 1619314200
[TLS] client_random  (32): A6EB47784EC4B3DEE768F36DDCEEDB6874D4CBF6775CDE43DD4CAF4AB7ECCB03
[TLS] sign_hash (32): 6522817C48E0666BFE68C4E4878D7AA7B55ECAEF578C1CAE964DBF55335D56B7
[TLS] Written transcript to proofs/MSG_TLS_A6EB4778.out, proofs/SIG_TLS_A6EB4778.out and proofs/PK_TLS_A6EB4778.der
Signature verification succeeds
[TLS] Server time: 1619314200
[TLS] client_random  (32): 9D127AA4953F836363A38E3E6A420AAC8C264D81DFAE8C9FACC7EC9FC8A6C50E
[TLS] sign_hash (32): 94DCD0C543865D21F42B450148441CF8F030AE1BACE6AFA303680E02D4F780CE
[TLS] Written transcript to proofs/MSG_TLS_9D127AA4.out, proofs/SIG_TLS_9D127AA4.out and proofs/PK_TLS_9D127AA4.der
Signature verification succeeds
[TLS] Server time: 1619314200
[TLS] client_random  (32): E82075338DDC8F69E0102A86D889D9C89CF78D58FBD6724246AB3F280055EBDB
[TLS] sign_hash (32): D18C17485A3222D2BCD18622BAC5C54E1E0D12E1AD66B3C1F94A6DD710BFD6BE
[TLS] Written transcript to proofs/MSG_TLS_E8207533.out, proofs/SIG_TLS_E8207533.out and proofs/PK_TLS_E8207533.der
Signature verification succeeds
[TLS] Server time: 1619314200
[TLS] client_random  (32): 0895D39D2217CB53CA06B77107C6675A47C32C0B4D2ABF41A86FF157808D06E6
[TLS] sign_hash (32): E6EF4D330C3563CD2775F8BEAB7BE8F4B9062C5329C1A6C3A37CDF710653B873
[TLS] Written transcript to proofs/MSG_TLS_0895D39D.out, proofs/SIG_TLS_0895D39D.out and proofs/PK_TLS_0895D39D.der
Signature verification succeeds
[TLS] Server time: 1619314200
[TLS] client_random  (32): 04C1E9487C784B2D90A90EF7683999F7B983E608AC9ADACA7F061DE99EC1A543
[TLS] sign_hash (32): 0915EF2EEA8AA40039882E45810021BC002E74FD6C52E6FC47F874F57884707F
[TLS] Written transcript to proofs/MSG_TLS_04C1E948.out, proofs/SIG_TLS_04C1E948.out and proofs/PK_TLS_04C1E948.der
Signature verification succeeds
[TLS] Server time: 1619314200
[TLS] client_random  (32): F3533D7E3D0FCF91C2F010F245441CE4DEAFE01B7F229A705BD94AD4279C6962
[TLS] sign_hash (32): 3B3BC8F6F21CA4FB7C790BFC26528D0380849E01F0EA89C3893F372ABA393A6D
[TLS] Written transcript to proofs/MSG_TLS_F3533D7E.out, proofs/SIG_TLS_F3533D7E.out and proofs/PK_TLS_F3533D7E.der
Signature verification succeeds
[TLS] Server time: 1619314200
[TLS] client_random  (32): C01ED1BCB999CBD0283F70ABA571FD94B3FCDBD222F8253AD53EFE241317BA13
[TLS] sign_hash (32): E93A60BD6E3612F90B8837AF188A5D2DFCBA06F1AE308FA25940B6B2F91F1BE3
[TLS] Written transcript to proofs/MSG_TLS_C01ED1BC.out, proofs/SIG_TLS_C01ED1BC.out and proofs/PK_TLS_C01ED1BC.der
Signature verification succeeds
[TLS] Server time: 1619314200
[TLS] client_random  (32): CDA0F5A39FCEE400BB544D151FB9AFACC7A125A9CA89722415E54554E54CFDA7
[TLS] sign_hash (32): 94F38027263493F89AE6EA7287B3F0AEEB011EC6EC79F0DA0A10EB7E60A0EC50
[TLS] Written transcript to proofs/MSG_TLS_CDA0F5A3.out, proofs/SIG_TLS_CDA0F5A3.out and proofs/PK_TLS_CDA0F5A3.der
Signature verification succeeds
[TLS] Server time: 1619314200
[TLS] client_random  (32): C04F1F55B507EA2205CEFA328DD3E7B90D2C8497FB36837D649520756510955B
[TLS] sign_hash (32): 547A856469FA7DC17341D95926DFC2DE7ED527F3B61B47358A1326A2BFAB8897
[TLS] Written transcript to proofs/MSG_TLS_C04F1F55.out, proofs/SIG_TLS_C04F1F55.out and proofs/PK_TLS_C04F1F55.der
Signature verification succeeds
[TLS] Server time: 1619314200
[TLS] client_random  (32): BAFF5F01D511DBCF2945B02236EB3C30031791DD237366AA360905C11FC8EC54
[TLS] sign_hash (32): 6DA12FE9B30C200D633EE4B343722CF18533CAD8BE4AAD4DD34BB7FE0FB8EDBF
[TLS] Written transcript to proofs/MSG_TLS_BAFF5F01.out, proofs/SIG_TLS_BAFF5F01.out and proofs/PK_TLS_BAFF5F01.der
Signature verification succeeds
[TLS] Server time: 1619314200
[TLS] client_random  (32): 8B976308A6D5310F19676900F0C682EAA149E46049538F7C691F39A583EE8AED
[TLS] sign_hash (32): 4303236592A1A8F02558B8EAFD3B9B60C7FAF4C09E3786FB05126AAE5154D2A7
[TLS] Written transcript to proofs/MSG_TLS_8B976308.out, proofs/SIG_TLS_8B976308.out and proofs/PK_TLS_8B976308.der
Signature verification succeeds
[TLS] Server time: 1619314200
[TLS] client_random  (32): 428D2F81FC46C070C77683E6654B9F6C89413387D54C819682E0A729E3E96E5D
[TLS] sign_hash (32): E0569512EC87055A7DE570C7CF04DDFA329BFB3A99C7C1BA6F6579A65FB96C49
[TLS] Written transcript to proofs/MSG_TLS_428D2F81.out, proofs/SIG_TLS_428D2F81.out and proofs/PK_TLS_428D2F81.der
Signature verification succeeds
[TLS] Server time: 1619314200
[TLS] client_random  (32): E4EA86C24EB1DB65D9221FABF75449314CE6C4EE54E28F301C5D3E880E44B9FF
[TLS] sign_hash (32): D78EF9AC0BCC02E00D8CFD5F0766B34E4DC2FAF2422489F108774A402D67B4B3
[TLS] Written transcript to proofs/MSG_TLS_E4EA86C2.out, proofs/SIG_TLS_E4EA86C2.out and proofs/PK_TLS_E4EA86C2.der
Signature verification succeeds
Time breakdown (averages): anchor_ping:7.307792 file_read:0.129102 hashing:0.471523
Total time for 123 rounds is 980.051210ms
Standard deviations: anchor_ping:0.182147 file_read:0.013531 hashing:0.005668
[Client-side ops] mean:0.600625 sd:0.014849
in & out anchor rand written to proofs/phase1.out
     21 [TLS] Server time: 1619314199
    103 [TLS] Server time: 1619314200
Count is 21
Count is 103
success: 1
RESULT: 1 in 1 tries
