TLS anchor: www.american.edu
Actual: 60, Set: 123
Beginning execution at Sun May 2 07:00:01 UTC 2021
CONF: anchor:www.american.edu fs:1024MB n_rounds:123 seed:5c9f4bf9bbc15bb855f82faedc5a52fc3ab2dfa8ec3ba3ce1b270f31fa0cced2 filename:FILE bs:1024 nops:100 benchmarking:0 anchor_ping:1 queue_depth:32 direct:0
[TLS] Connecting to www.american.edu
[TLS] Server time: 1619938798
[TLS] client_random  (32): 5C9F4BF9BBC15BB855F82FAEDC5A52FC3AB2DFA8EC3BA3CE1B270F31FA0CCED2
[TLS] sign_hash (32): 7B2C7E3F232F37B9F0C6922256916D0BA9ED14C40AF4118E50635E65069705FD
[TLS] Written transcript to proofs/MSG_TLS_5C9F4BF9.out, proofs/SIG_TLS_5C9F4BF9.out and proofs/PK_TLS_5C9F4BF9.der
Signature verification succeeds
[TLS] Server time: 1619938798
[TLS] client_random  (32): 79B85C4559D5AAC64F4153EC8A39C4AFB3966F188687359050A4437AE4A8BA7B
[TLS] sign_hash (32): F31059AE345AD10737CFF7CFF7154E2D9BEEADBA024BA18E3D996202C2F7DD14
[TLS] Written transcript to proofs/MSG_TLS_79B85C45.out, proofs/SIG_TLS_79B85C45.out and proofs/PK_TLS_79B85C45.der
Signature verification succeeds
[TLS] Server time: 1619938798
[TLS] client_random  (32): 271F20D2A1ADF28E3E8909CFE91434E827702275B5FA09D21FF63AA3112CD135
[TLS] sign_hash (32): ACBC7FBEC443F266265527DC795F2A020A59DCA35070EE9CCFA81776CF5EF951
[TLS] Written transcript to proofs/MSG_TLS_271F20D2.out, proofs/SIG_TLS_271F20D2.out and proofs/PK_TLS_271F20D2.der
Signature verification succeeds
[TLS] Server time: 1619938798
[TLS] client_random  (32): CD25C9F8F77BC5B00C003C9D60E5BF49E4745569DC807DA9712914E9E6C97E6E
[TLS] sign_hash (32): B17B85C2B41F9F39AD197D2994243D2B3EFC291B54FB4C92DA1CF2523B220C52
[TLS] Written transcript to proofs/MSG_TLS_CD25C9F8.out, proofs/SIG_TLS_CD25C9F8.out and proofs/PK_TLS_CD25C9F8.der
Signature verification succeeds
[TLS] Server time: 1619938798
[TLS] client_random  (32): 06AB399CFCB747DF96ECF7A6BC3E5641387EDE1ED6F8B2D02DEC383415F8BCF2
[TLS] sign_hash (32): 05F09DDB38F0254FC9BDBCE41EB35EFAF559B41A9B10211B399CF6FDF758D70B
[TLS] Written transcript to proofs/MSG_TLS_06AB399C.out, proofs/SIG_TLS_06AB399C.out and proofs/PK_TLS_06AB399C.der
Signature verification succeeds
[TLS] Server time: 1619938798
[TLS] client_random  (32): 90E088078E8912CF31AB3BEC629B76235B4ABA4522736D618E07B6EA9C7EF1A0
[TLS] sign_hash (32): 0CD5D6BD0064A3AC9FC6661BA20F87AE48304AE2ED7536997E426F6B9990AC94
[TLS] Written transcript to proofs/MSG_TLS_90E08807.out, proofs/SIG_TLS_90E08807.out and proofs/PK_TLS_90E08807.der
Signature verification succeeds
[TLS] Server time: 1619938798
[TLS] client_random  (32): 7EE786E834DFA4AD68B4A3821E264A4BC32400F16313471E7452BB95FF464A9B
[TLS] sign_hash (32): 19575F11F109FEC5BA88A37C744F9C2B50B9DBA73F3781563958E89F95369497
[TLS] Written transcript to proofs/MSG_TLS_7EE786E8.out, proofs/SIG_TLS_7EE786E8.out and proofs/PK_TLS_7EE786E8.der
Signature verification succeeds
[TLS] Server time: 1619938798
[TLS] client_random  (32): B21D23715AF0E06A52917D227AD8F25785DAF2F025FD3483A2DCB80E4CD5AA33
[TLS] sign_hash (32): F9A0089A311E56FB6337074B69FA3FFF5BB3D6675EE93BC85E78EE959404EA84
[TLS] Written transcript to proofs/MSG_TLS_B21D2371.out, proofs/SIG_TLS_B21D2371.out and proofs/PK_TLS_B21D2371.der
Signature verification succeeds
[TLS] Server time: 1619938798
[TLS] client_random  (32): 14998554B82A976E7FB632B2964CD5CF142C92A9B27EB07BCB580D3B8D17F308
[TLS] sign_hash (32): FCAB5CBA3A0F899260AB8868CC44A83362FAFC556B879F88E02F745BC6F8FD3D
[TLS] Written transcript to proofs/MSG_TLS_14998554.out, proofs/SIG_TLS_14998554.out and proofs/PK_TLS_14998554.der
Signature verification succeeds
[TLS] Server time: 1619938798
[TLS] client_random  (32): A21DA0C4012056A962037FC6042FBEC318E71EEB538F1A4D4DCCF5E58562A0DB
[TLS] sign_hash (32): 338693719466C9723326373564C19DDC91389B4424A62E2F09996BC9E70292CF
[TLS] Written transcript to proofs/MSG_TLS_A21DA0C4.out, proofs/SIG_TLS_A21DA0C4.out and proofs/PK_TLS_A21DA0C4.der
Signature verification succeeds
[TLS] Server time: 1619938798
[TLS] client_random  (32): 4BF59772558D2E1C03BBC0BAEEF26E5A7EDCE45F6D83BC14FB567C5DA6DD4400
[TLS] sign_hash (32): 9C2A3527C02CBEBCAF6547804C2CDC673DFCCEC8D808053F822AC13896F01803
[TLS] Written transcript to proofs/MSG_TLS_4BF59772.out, proofs/SIG_TLS_4BF59772.out and proofs/PK_TLS_4BF59772.der
Signature verification succeeds
[TLS] Server time: 1619938798
[TLS] client_random  (32): 1E8F8732A08144EA06CB06685264FBD18424E07DED669B32408355D097986B5C
[TLS] sign_hash (32): F0789F9CE6528DCEF4887D8353FA5CA2163D66FAE5EF2E28C63BAAE67D960596
[TLS] Written transcript to proofs/MSG_TLS_1E8F8732.out, proofs/SIG_TLS_1E8F8732.out and proofs/PK_TLS_1E8F8732.der
Signature verification succeeds
[TLS] Server time: 1619938798
[TLS] client_random  (32): D24EAB8C89C5B2789DBD4E9BBB6A74CF5F9B1EC1CBFC2EF8F8239A21F2E673BB
[TLS] sign_hash (32): E7BC03E4F07437547421EF27C29235C8BE31AAAD8C6507D79D741845FCF57240
[TLS] Written transcript to proofs/MSG_TLS_D24EAB8C.out, proofs/SIG_TLS_D24EAB8C.out and proofs/PK_TLS_D24EAB8C.der
Signature verification succeeds
[TLS] Server time: 1619938798
[TLS] client_random  (32): A25475F4219CCF68B0BFBF251E74CFD86762C973DBEADD9654D93A1D868B3320
[TLS] sign_hash (32): CD0BA0D453B26C4921A35BD83B1C7B46F71C3D47263389EFFA5CF8C16D40B2D3
[TLS] Written transcript to proofs/MSG_TLS_A25475F4.out, proofs/SIG_TLS_A25475F4.out and proofs/PK_TLS_A25475F4.der
Signature verification succeeds
[TLS] Server time: 1619938798
[TLS] client_random  (32): C4588EF3B59056189ED5E66DCDA8AD5CF1FFE1A3A36DFBF8E8C445F4B4CA6252
[TLS] sign_hash (32): 56C676C7F4EBAE4E80E111C603F1F65D91EA5657D4ED42F973342D838F2F4149
[TLS] Written transcript to proofs/MSG_TLS_C4588EF3.out, proofs/SIG_TLS_C4588EF3.out and proofs/PK_TLS_C4588EF3.der
Signature verification succeeds
[TLS] Server time: 1619938798
[TLS] client_random  (32): 3B5FEC94A8BE3D50A3EF018BB6C128F169FF84F9546D40732856DD380762DB6B
[TLS] sign_hash (32): 52F78F93147A239212D3E2A3EBE88738A197AC0F0596A0762A09E7A53E8DB413
[TLS] Written transcript to proofs/MSG_TLS_3B5FEC94.out, proofs/SIG_TLS_3B5FEC94.out and proofs/PK_TLS_3B5FEC94.der
Signature verification succeeds
[TLS] Server time: 1619938798
[TLS] client_random  (32): BA159CAE0BF1052E90CC0698D67933558CD52897ED4908AC92DEA13A850399F6
[TLS] sign_hash (32): 7DAF05E9343188CC4377E0B6FD8A51BB1B6B11A01FF4FB53ABB994EE68D7F5B9
[TLS] Written transcript to proofs/MSG_TLS_BA159CAE.out, proofs/SIG_TLS_BA159CAE.out and proofs/PK_TLS_BA159CAE.der
Signature verification succeeds
[TLS] Server time: 1619938798
[TLS] client_random  (32): 81B23E13A2F6F5ACB0B338C1FC5395A561ED75727D7988A2AB3D557BF164DF22
[TLS] sign_hash (32): 48A5C5FACB35A998BEB584B5C8A09CA5CAA02AD8AB3EF1E9EC243B1F73F03757
[TLS] Written transcript to proofs/MSG_TLS_81B23E13.out, proofs/SIG_TLS_81B23E13.out and proofs/PK_TLS_81B23E13.der
Signature verification succeeds
[TLS] Server time: 1619938798
[TLS] client_random  (32): 004B65FF54E22F4DBF20CF6B766547B23FD6BC7DF7001393ADFC3C3D119F9556
[TLS] sign_hash (32): 8F04020FF06802E66D58220C39DFDF2840D3EEE1AF8D5DBF5AEFD70F36ABA6B1
[TLS] Written transcript to proofs/MSG_TLS_004B65FF.out, proofs/SIG_TLS_004B65FF.out and proofs/PK_TLS_004B65FF.der
Signature verification succeeds
[TLS] Server time: 1619938798
[TLS] client_random  (32): 1C5032ACCFBB643F0D2026C4B36EFC435C1D9BAC0BF21C375A7A8B865AF934D9
[TLS] sign_hash (32): BC228789571125EEE75CEA7844AF0636F499C1A3286220D13DEDBCDAF3FD684D
[TLS] Written transcript to proofs/MSG_TLS_1C5032AC.out, proofs/SIG_TLS_1C5032AC.out and proofs/PK_TLS_1C5032AC.der
Signature verification succeeds
[TLS] Server time: 1619938798
[TLS] client_random  (32): 865CDC07A3DB0661A296FE5F3C723624E5D512D10F898D36B3ACFD82F5E67345
[TLS] sign_hash (32): 978B920B47FDF9B544063F47585C4A7270A13F929D5DDBC8F802AF061F90BD44
[TLS] Written transcript to proofs/MSG_TLS_865CDC07.out, proofs/SIG_TLS_865CDC07.out and proofs/PK_TLS_865CDC07.der
Signature verification succeeds
[TLS] Server time: 1619938798
[TLS] client_random  (32): D37D7131F141AC34A7F37685268A03DB2FBD5B129216774C721518303376A2AE
[TLS] sign_hash (32): EB5C15BDE347286F548B4A9ED77BFA414085CA6FC31DF578F5668B7E4CE037FD
[TLS] Written transcript to proofs/MSG_TLS_D37D7131.out, proofs/SIG_TLS_D37D7131.out and proofs/PK_TLS_D37D7131.der
Signature verification succeeds
[TLS] Server time: 1619938798
[TLS] client_random  (32): 0E27155F27789BC0F1A5B897541829972111892585F31D5BDB85FE0E53D20859
[TLS] sign_hash (32): 5CD1C10ECAB81F78F8C6C81DC774753439ED56DE05AF63E916F4A038D7B5D367
[TLS] Written transcript to proofs/MSG_TLS_0E27155F.out, proofs/SIG_TLS_0E27155F.out and proofs/PK_TLS_0E27155F.der
Signature verification succeeds
[TLS] Server time: 1619938798
[TLS] client_random  (32): 253A1DD6EC64EDF39934CF2B32930C0DDD1C080F53729DAE8BBB6D22E25890C0
[TLS] sign_hash (32): 395A39C4C592B1D18DCFCBFF2CCD23A549AC0D52FC08EDD3CCA3AD34D3E84F4B
[TLS] Written transcript to proofs/MSG_TLS_253A1DD6.out, proofs/SIG_TLS_253A1DD6.out and proofs/PK_TLS_253A1DD6.der
Signature verification succeeds
[TLS] Server time: 1619938798
[TLS] client_random  (32): F09975D748F72B0FBB857194B5A62BC3C1A40B1A9CBA637D568D11BF6B5B2482
[TLS] sign_hash (32): B4654254C38AB248A50D1D11F8185C393EA0CB91AE64951B096CA173552AA43D
[TLS] Written transcript to proofs/MSG_TLS_F09975D7.out, proofs/SIG_TLS_F09975D7.out and proofs/PK_TLS_F09975D7.der
Signature verification succeeds
[TLS] Server time: 1619938798
[TLS] client_random  (32): 12BB171408B6FEF02FF0FFEA2DF8D210C00CFF7C58C11FCA01FAF74377E747C5
[TLS] sign_hash (32): 997BFAE396C83A75050149CEC689DBC6619610BCC24F88BF7D98D7344E11A6A2
[TLS] Written transcript to proofs/MSG_TLS_12BB1714.out, proofs/SIG_TLS_12BB1714.out and proofs/PK_TLS_12BB1714.der
Signature verification succeeds
[TLS] Server time: 1619938798
[TLS] client_random  (32): 85AE1758DE3647232005B4721B9B54ACC7CFAF2D73BBB0B335CD9645E1AC4DC4
[TLS] sign_hash (32): 3A5A21527EAF5EAF606FA4B3A5FDBDD0595255289B7059FA3740DF99669E62FD
[TLS] Written transcript to proofs/MSG_TLS_85AE1758.out, proofs/SIG_TLS_85AE1758.out and proofs/PK_TLS_85AE1758.der
Signature verification succeeds
[TLS] Server time: 1619938799
[TLS] client_random  (32): 839F899A6F8D77B75AFDBAADF59144706A4A33021173D82573686FD3B3E67780
[TLS] sign_hash (32): 532817088268AA2C2B35FB19F923CD5F1E9E503873CFECCC9810678E019B7C1C
[TLS] Written transcript to proofs/MSG_TLS_839F899A.out, proofs/SIG_TLS_839F899A.out and proofs/PK_TLS_839F899A.der
Signature verification succeeds
[TLS] Server time: 1619938799
[TLS] client_random  (32): E31A373CDB8BE34DC484234763A1695BB58368E06BAF112D7BC7BC54F1A8BDE2
[TLS] sign_hash (32): C09DC44226A9DC2DC63A0E9E5DD8EFB2B7D910E40946D6B95D76747DE017847D
[TLS] Written transcript to proofs/MSG_TLS_E31A373C.out, proofs/SIG_TLS_E31A373C.out and proofs/PK_TLS_E31A373C.der
Signature verification succeeds
[TLS] Server time: 1619938799
[TLS] client_random  (32): 7DB226DED1A178DE539945C58187B3B6DF8DD2B25D07A0E46A8DFF18E1D443E1
[TLS] sign_hash (32): F5950BCE9E2582DE4129CCABF1ABDAC98231EB60D01B911E9A4499EA0B0FF05B
[TLS] Written transcript to proofs/MSG_TLS_7DB226DE.out, proofs/SIG_TLS_7DB226DE.out and proofs/PK_TLS_7DB226DE.der
Signature verification succeeds
[TLS] Server time: 1619938799
[TLS] client_random  (32): 224F0BAC0F95094C8E52AB20C8ED951E034CC2A62D2614ED7F88A03D2E827890
[TLS] sign_hash (32): D9FB92DD4D3D70AC7B6C29BF2E06958755DC4364C70C86CF876705699EEB3BA4
[TLS] Written transcript to proofs/MSG_TLS_224F0BAC.out, proofs/SIG_TLS_224F0BAC.out and proofs/PK_TLS_224F0BAC.der
Signature verification succeeds
[TLS] Server time: 1619938799
[TLS] client_random  (32): A08A4DDF1828D40F7EDB8EAE69B4642748C069E6F11830F4A7B03702494E9D0D
[TLS] sign_hash (32): E9CE1F629C25685FAF178F5DD8E10A572DD03541FF31F2D3F974DBF8743C88F9
[TLS] Written transcript to proofs/MSG_TLS_A08A4DDF.out, proofs/SIG_TLS_A08A4DDF.out and proofs/PK_TLS_A08A4DDF.der
Signature verification succeeds
[TLS] Server time: 1619938799
[TLS] client_random  (32): 33037853E3B1553C579A690C34B74C77B7F70BDF19BD5F0A30D0E7DC143577DA
[TLS] sign_hash (32): 22AC499739E0C3FD9E35511F36B06BCF9C75B17C008E433EB9C3C681F092EB47
[TLS] Written transcript to proofs/MSG_TLS_33037853.out, proofs/SIG_TLS_33037853.out and proofs/PK_TLS_33037853.der
Signature verification succeeds
[TLS] Server time: 1619938799
[TLS] client_random  (32): 1BA9E2A7995342976E85E98C7258815ECD7747DCECFE5E981FBDD43D6FDECC7B
[TLS] sign_hash (32): 304235AC9AA8C907FD291A98554C67A0148F4DE85693C0545EF95ECE8A45ABC9
[TLS] Written transcript to proofs/MSG_TLS_1BA9E2A7.out, proofs/SIG_TLS_1BA9E2A7.out and proofs/PK_TLS_1BA9E2A7.der
Signature verification succeeds
[TLS] Server time: 1619938799
[TLS] client_random  (32): 5868422060B546D586758051F4AE64B50EEA0F611FBC44DC9E0EEAA461A84BEA
[TLS] sign_hash (32): 4787E40A405EF3A65B8C115F2E7530A4C620CFC990F9A47B36D2077890123EA5
[TLS] Written transcript to proofs/MSG_TLS_58684220.out, proofs/SIG_TLS_58684220.out and proofs/PK_TLS_58684220.der
Signature verification succeeds
[TLS] Server time: 1619938799
[TLS] client_random  (32): 8AEBEF99A72B8E4F427D7FD25892E8920866184A35F1CC23EC396122A01E8200
[TLS] sign_hash (32): 429AD0EC552B3E8D17CCA6FBB529D85EB1099289DAD804F064BC3D878D3BB2E8
[TLS] Written transcript to proofs/MSG_TLS_8AEBEF99.out, proofs/SIG_TLS_8AEBEF99.out and proofs/PK_TLS_8AEBEF99.der
Signature verification succeeds
[TLS] Server time: 1619938799
[TLS] client_random  (32): C6A90B8BB988DEAC0880170D52B53EF6B9D518B8F0501873AC139B6971DCC33C
[TLS] sign_hash (32): 0E1F236899E7E500FC4503D2B97FABF8BA64A8616440F95A03B9E17EA08279FE
[TLS] Written transcript to proofs/MSG_TLS_C6A90B8B.out, proofs/SIG_TLS_C6A90B8B.out and proofs/PK_TLS_C6A90B8B.der
Signature verification succeeds
[TLS] Server time: 1619938799
[TLS] client_random  (32): E8C783227F4CAE8B3B4BCC5BEF625EB61D4C6E4F2BA8574E97CF3F41C8F02133
[TLS] sign_hash (32): 9FD4658A2D43DBE6CCB7CA0C359004B71302892F4B0700C4B8138EE913853015
[TLS] Written transcript to proofs/MSG_TLS_E8C78322.out, proofs/SIG_TLS_E8C78322.out and proofs/PK_TLS_E8C78322.der
Signature verification succeeds
[TLS] Server time: 1619938799
[TLS] client_random  (32): 990ED7A43EDA52F886CC8783F7B1F376B70A722E6F9635DD657BC3F43365DFD4
[TLS] sign_hash (32): 7C05D8A60A68BD4168DF62056AE06B182D391429F5EB0DCEDBCDFF4332233013
[TLS] Written transcript to proofs/MSG_TLS_990ED7A4.out, proofs/SIG_TLS_990ED7A4.out and proofs/PK_TLS_990ED7A4.der
Signature verification succeeds
[TLS] Server time: 1619938799
[TLS] client_random  (32): AF30A7F465FAA44320B20C1B72105E8168F66247AA37E7B00A38D964B3736C16
[TLS] sign_hash (32): E05DE3039AC063897B4A38E297BD5B00B892F44ABB94CE38295AC50DDB2CFE3D
[TLS] Written transcript to proofs/MSG_TLS_AF30A7F4.out, proofs/SIG_TLS_AF30A7F4.out and proofs/PK_TLS_AF30A7F4.der
Signature verification succeeds
[TLS] Server time: 1619938799
[TLS] client_random  (32): 07E5DE4AF7F4DB3DF966B180B2F4AD22B66A240FC28C85827259D3C8F0B93D61
[TLS] sign_hash (32): A73A89C972ECE9DDFF53B090ABE31FA3FE805FE67C1CFA08FCB9BAF0B9574CCB
[TLS] Written transcript to proofs/MSG_TLS_07E5DE4A.out, proofs/SIG_TLS_07E5DE4A.out and proofs/PK_TLS_07E5DE4A.der
Signature verification succeeds
[TLS] Server time: 1619938799
[TLS] client_random  (32): 90C7E272EA49A6A829E65FE0537EFB9EFE43E36D1FF2288463A3DDF6267C2CF9
[TLS] sign_hash (32): 3F0C2C6B0B930FAE73A7726A1C2DCAF28141C0D6405AE2E7E908EC3B1D31DEA7
[TLS] Written transcript to proofs/MSG_TLS_90C7E272.out, proofs/SIG_TLS_90C7E272.out and proofs/PK_TLS_90C7E272.der
Signature verification succeeds
[TLS] Server time: 1619938799
[TLS] client_random  (32): A98EE826D92C3B10112B3758E313B95E8860603A7A0374C23293A17EBC984F4A
[TLS] sign_hash (32): 8201E3ACC6BD95C2CEF88F2CC53A6938457D3BFDEF3298AD9D62D719157DDAB9
[TLS] Written transcript to proofs/MSG_TLS_A98EE826.out, proofs/SIG_TLS_A98EE826.out and proofs/PK_TLS_A98EE826.der
Signature verification succeeds
[TLS] Server time: 1619938799
[TLS] client_random  (32): 99A57ABBEC420BCA341138C9885B65B12481B1729262DA84CA5507DFE2C5477B
[TLS] sign_hash (32): BCD22C1BD2EC9D5B1273DC527C3EC73084971869F707467052CAD71FCEF8C790
[TLS] Written transcript to proofs/MSG_TLS_99A57ABB.out, proofs/SIG_TLS_99A57ABB.out and proofs/PK_TLS_99A57ABB.der
Signature verification succeeds
[TLS] Server time: 1619938799
[TLS] client_random  (32): CE4F7D3548CE06FF9B7571E9D5C10AC173E0581E31B83BA2AD7A59C76EF8747A
[TLS] sign_hash (32): 065CBBEAD525AF1ED3ED9F2900080F715FF5154C47F5F0082A4543D5C3E79E86
[TLS] Written transcript to proofs/MSG_TLS_CE4F7D35.out, proofs/SIG_TLS_CE4F7D35.out and proofs/PK_TLS_CE4F7D35.der
Signature verification succeeds
[TLS] Server time: 1619938799
[TLS] client_random  (32): B2F73D03A0CA263D8BC37BA0AACAE9EA58B852D65CDA9E2E29BC974957F9D3D6
[TLS] sign_hash (32): A380CAB8BDFC875329D4F5D0CB2DBA7C083A4A9E2C59639A57DB43909C72850A
[TLS] Written transcript to proofs/MSG_TLS_B2F73D03.out, proofs/SIG_TLS_B2F73D03.out and proofs/PK_TLS_B2F73D03.der
Signature verification succeeds
[TLS] Server time: 1619938799
[TLS] client_random  (32): 9CDB117660B4C9E3EA58B29537EE89D4530679DDBA3DA4313F7EE1FC0D254F47
[TLS] sign_hash (32): FE4CE03B34E3F71CB4168EA62EC3E53BA60D00AD1E38ECA87FE85344268EC682
[TLS] Written transcript to proofs/MSG_TLS_9CDB1176.out, proofs/SIG_TLS_9CDB1176.out and proofs/PK_TLS_9CDB1176.der
Signature verification succeeds
[TLS] Server time: 1619938799
[TLS] client_random  (32): B7FF0B48537E87DEFD383226EABCBD347BB93F14D9F8BC98468594D0CFFF7346
[TLS] sign_hash (32): C5D70532FDAE6C41CDEF4AAC3650F7FBA043EFAF453760248D18D697A5DA43F4
[TLS] Written transcript to proofs/MSG_TLS_B7FF0B48.out, proofs/SIG_TLS_B7FF0B48.out and proofs/PK_TLS_B7FF0B48.der
Signature verification succeeds
[TLS] Server time: 1619938799
[TLS] client_random  (32): 84E1B0AFBE747552E65B2DF28E8D6A356E5FBE0A743F6B54C3D4A960E529AC59
[TLS] sign_hash (32): 9C86F2CB34E48AFA2660F3A320017C2BBB5E8F3FA5874565355ED549C2BD256B
[TLS] Written transcript to proofs/MSG_TLS_84E1B0AF.out, proofs/SIG_TLS_84E1B0AF.out and proofs/PK_TLS_84E1B0AF.der
Signature verification succeeds
[TLS] Server time: 1619938799
[TLS] client_random  (32): 78A1461D2B7D4ABFD84FAB5B22F3A8F1D749203DFA49C9CC4A19AAC2F5790D32
[TLS] sign_hash (32): 72C1B76A7F015EDF2896D1C8000E6AD8C6FF175ABFEB7165BBC8C0C942B06CDE
[TLS] Written transcript to proofs/MSG_TLS_78A1461D.out, proofs/SIG_TLS_78A1461D.out and proofs/PK_TLS_78A1461D.der
Signature verification succeeds
[TLS] Server time: 1619938799
[TLS] client_random  (32): 571C2A1CDF019A1386C9AB9F0DE764C4ED11F1191BA893CF6C2A354344305485
[TLS] sign_hash (32): BF5B53374D5BEEC29E7331046105EBDDD68F26D8BDB6278FA48BD52B5D266E62
[TLS] Written transcript to proofs/MSG_TLS_571C2A1C.out, proofs/SIG_TLS_571C2A1C.out and proofs/PK_TLS_571C2A1C.der
Signature verification succeeds
[TLS] Server time: 1619938799
[TLS] client_random  (32): 2204E54356BADAA58FA8CAF402EB0FB149FB90821130CBD08C5379603D3108FD
[TLS] sign_hash (32): F3E631C8F72549D0E886C819D6FE29FAE210E894AA89BA936BEFE75E91B09C8C
[TLS] Written transcript to proofs/MSG_TLS_2204E543.out, proofs/SIG_TLS_2204E543.out and proofs/PK_TLS_2204E543.der
Signature verification succeeds
[TLS] Server time: 1619938799
[TLS] client_random  (32): A8CA561EFDB81C7BECC595F219B1752E37100BA1BDED29C13579A1FE8150C0F5
[TLS] sign_hash (32): 0B22BF0C325325DF4AF3824F658E7EC3F9C42CAA651428A1C1DEE6A0040C0D7A
[TLS] Written transcript to proofs/MSG_TLS_A8CA561E.out, proofs/SIG_TLS_A8CA561E.out and proofs/PK_TLS_A8CA561E.der
Signature verification succeeds
[TLS] Server time: 1619938799
[TLS] client_random  (32): FD6027CC4A47784C92002E7E8E6A7A7C1F5B66117BA17AE8706EA180D6D23966
[TLS] sign_hash (32): E6616BDF934A5C13221F5B8F2E9EC9ED69653731D2F6486F233B531BDB4F37FE
[TLS] Written transcript to proofs/MSG_TLS_FD6027CC.out, proofs/SIG_TLS_FD6027CC.out and proofs/PK_TLS_FD6027CC.der
Signature verification succeeds
[TLS] Server time: 1619938799
[TLS] client_random  (32): 3CB7D3A5541BD9927D59F5C7E5834CB997E28B85E1C577E9AA1C306B77851D32
[TLS] sign_hash (32): B3F663B5CF6967AC55C5138BB0EB983D9A985194D95D40059FFECDBA0FFD77A6
[TLS] Written transcript to proofs/MSG_TLS_3CB7D3A5.out, proofs/SIG_TLS_3CB7D3A5.out and proofs/PK_TLS_3CB7D3A5.der
Signature verification succeeds
[TLS] Server time: 1619938799
[TLS] client_random  (32): E86EF768691D08FD2A57DF7E97FFAA65E243A02FD21795FBC0DD4BC43EB06329
[TLS] sign_hash (32): FF7FCC6738DF05D435E4BF21A23105A470E435BC4820882D53446ED5177C2BD3
[TLS] Written transcript to proofs/MSG_TLS_E86EF768.out, proofs/SIG_TLS_E86EF768.out and proofs/PK_TLS_E86EF768.der
Signature verification succeeds
[TLS] Server time: 1619938799
[TLS] client_random  (32): 1D8FB617D5DB3D0CDC060224AD596D9FFC8731FACF7F0FB8B60A1DB4859D2F97
[TLS] sign_hash (32): DA01BBADA72022F8A1EF92348664BD90961470499E4487A03104EC722607E1A1
[TLS] Written transcript to proofs/MSG_TLS_1D8FB617.out, proofs/SIG_TLS_1D8FB617.out and proofs/PK_TLS_1D8FB617.der
Signature verification succeeds
[TLS] Server time: 1619938799
[TLS] client_random  (32): C4FC7B2F70444A9835066079F83F5B001E39A69389EB7CB62F8C6404E81ABF0F
[TLS] sign_hash (32): 7924EE54BFA0A2F4BEC1044C9709B40E0355CAEF2B6183CF3B54A7F5E35AE4F2
[TLS] Written transcript to proofs/MSG_TLS_C4FC7B2F.out, proofs/SIG_TLS_C4FC7B2F.out and proofs/PK_TLS_C4FC7B2F.der
Signature verification succeeds
[TLS] Server time: 1619938799
[TLS] client_random  (32): DAE58648309D683C4B8A0A417505DE6FA7FFC1BFBAC7F84F226E788CBE6A5554
[TLS] sign_hash (32): C48E50D9C912FD865A19B7C3754FB1A4D7026F9233859A62E6270783F88F0181
[TLS] Written transcript to proofs/MSG_TLS_DAE58648.out, proofs/SIG_TLS_DAE58648.out and proofs/PK_TLS_DAE58648.der
Signature verification succeeds
[TLS] Server time: 1619938799
[TLS] client_random  (32): C0A69C468B57D741C8A2B132FFEE2154A456B856ED6DB2EFB380172CD4A0B106
[TLS] sign_hash (32): A2C7AC2F4E4F32DF863B8898C948B693CF862F6D6FC0155CDDC31FB15C5FA665
[TLS] Written transcript to proofs/MSG_TLS_C0A69C46.out, proofs/SIG_TLS_C0A69C46.out and proofs/PK_TLS_C0A69C46.der
Signature verification succeeds
[TLS] Server time: 1619938799
[TLS] client_random  (32): 076EC490E5D2B211A4A914B860937B3DA8AA05977E806B39BE3B3FCAD239261E
[TLS] sign_hash (32): 9852B80DC5D8FD443E127B29A3D494127D58234D7FE9C4AEE5CFD586E0D97748
[TLS] Written transcript to proofs/MSG_TLS_076EC490.out, proofs/SIG_TLS_076EC490.out and proofs/PK_TLS_076EC490.der
Signature verification succeeds
[TLS] Server time: 1619938799
[TLS] client_random  (32): C57219EA9DAB5ECEB1C5DBB6A2C426F9A9285BEE9F38C04DD2DA33626DA0ABF6
[TLS] sign_hash (32): BFDF71948B0E41DBC81F99F8BE07AC7E2AA0785FCAD0AC066444A42A41F159DE
[TLS] Written transcript to proofs/MSG_TLS_C57219EA.out, proofs/SIG_TLS_C57219EA.out and proofs/PK_TLS_C57219EA.der
Signature verification succeeds
[TLS] Server time: 1619938799
[TLS] client_random  (32): 2879C7962F17070D8C346D4213FBDC3EE733211E2CD8E745D21EF5368BC5A7E2
[TLS] sign_hash (32): 52F48BBF6386A13BDA98A9173808ADC84FB86EA1224FF07FE291C41786254457
[TLS] Written transcript to proofs/MSG_TLS_2879C796.out, proofs/SIG_TLS_2879C796.out and proofs/PK_TLS_2879C796.der
Signature verification succeeds
[TLS] Server time: 1619938799
[TLS] client_random  (32): 4A40EA0B4269B1545265F70E9984DA21A2857B8876413E1F02325168A7F6B766
[TLS] sign_hash (32): D8809AB50569BC793FD37CB10B3CE61200BB0C0364ECD7E03FC576C31E6B4C3C
[TLS] Written transcript to proofs/MSG_TLS_4A40EA0B.out, proofs/SIG_TLS_4A40EA0B.out and proofs/PK_TLS_4A40EA0B.der
Signature verification succeeds
[TLS] Server time: 1619938799
[TLS] client_random  (32): AEE14818CD3865F341ADEA9B3B99DC52CB8DAB4AB854B7EE8947C0FBED104C8D
[TLS] sign_hash (32): 6228DC97FA2EFF1DCC351B4B9A39C2020E832BF8325031BFADF6680584969E87
[TLS] Written transcript to proofs/MSG_TLS_AEE14818.out, proofs/SIG_TLS_AEE14818.out and proofs/PK_TLS_AEE14818.der
Signature verification succeeds
[TLS] Server time: 1619938799
[TLS] client_random  (32): 41087E8C0C87003666931F77751904666A5B59342E18498E4599E6225BED39E1
[TLS] sign_hash (32): 5E88DA337360856908D67B77991DC5FFE557058A8BB2F95A3754574DAA8A6276
[TLS] Written transcript to proofs/MSG_TLS_41087E8C.out, proofs/SIG_TLS_41087E8C.out and proofs/PK_TLS_41087E8C.der
Signature verification succeeds
[TLS] Server time: 1619938799
[TLS] client_random  (32): 304CEA0E229E6E3450A10B919230B06EB0D4CFC9927F5C3AFBD7E6BE62D7934C
[TLS] sign_hash (32): 77C15D6BC1AF37201861AD5341D6B39E04189024A1A66C418CC40B43CBBC2A09
[TLS] Written transcript to proofs/MSG_TLS_304CEA0E.out, proofs/SIG_TLS_304CEA0E.out and proofs/PK_TLS_304CEA0E.der
Signature verification succeeds
[TLS] Server time: 1619938799
[TLS] client_random  (32): EDD545EDAEDCEBD107BD34011EF8C8249B04EC349D82E376A579D84FB3499469
[TLS] sign_hash (32): 7F52D3F8D8001345A801D1060F07015CD0C13E6D7B346DA079BE66EF71813FCD
[TLS] Written transcript to proofs/MSG_TLS_EDD545ED.out, proofs/SIG_TLS_EDD545ED.out and proofs/PK_TLS_EDD545ED.der
Signature verification succeeds
[TLS] Server time: 1619938799
[TLS] client_random  (32): 97BA5251257E7D0C10DC6C666DB859365C5B2695B3163C3A5F933CED790A20E3
[TLS] sign_hash (32): AD35B54F6D98D31E619B8FDEE1FB348E49A7E413AB1C6E9BC76D8925A1971644
[TLS] Written transcript to proofs/MSG_TLS_97BA5251.out, proofs/SIG_TLS_97BA5251.out and proofs/PK_TLS_97BA5251.der
Signature verification succeeds
[TLS] Server time: 1619938799
[TLS] client_random  (32): 986357018706544CF84333D7EE2940C2E657BC52C6066D9DB318B524FDFBEC71
[TLS] sign_hash (32): 670F990C5AE9DFA592B507219F1F4D7413E1D1CDB6E5A881881EEF881BE2474A
[TLS] Written transcript to proofs/MSG_TLS_98635701.out, proofs/SIG_TLS_98635701.out and proofs/PK_TLS_98635701.der
Signature verification succeeds
[TLS] Server time: 1619938799
[TLS] client_random  (32): 524F75E2683BB01E860A632C3F1B7FEF91EF094BB5AD3B199D28BBB23F30A68E
[TLS] sign_hash (32): EFAF6379CB3D65E925487178757479A237681E10DBD0C86843104AE84D41F02E
[TLS] Written transcript to proofs/MSG_TLS_524F75E2.out, proofs/SIG_TLS_524F75E2.out and proofs/PK_TLS_524F75E2.der
Signature verification succeeds
[TLS] Server time: 1619938799
[TLS] client_random  (32): FAB2AC763E42E9A1582E5C02C6F156ED96FFD21465ABF2684352742B51F69D9C
[TLS] sign_hash (32): 7F12BFA827DBEBDBA31D06CAD417D89E1D5D5E8E7EAB9331000926C1F0EFA0F5
[TLS] Written transcript to proofs/MSG_TLS_FAB2AC76.out, proofs/SIG_TLS_FAB2AC76.out and proofs/PK_TLS_FAB2AC76.der
Signature verification succeeds
[TLS] Server time: 1619938799
[TLS] client_random  (32): 1858700433C3CCC754176F7771B64C9C4F1B1014AF761D033BB86F40A6030B9D
[TLS] sign_hash (32): 3DBEB499C0D3EDAD53B4647A95B59D793CE977BFE10C4CD6CB3D9A7A0D470D64
[TLS] Written transcript to proofs/MSG_TLS_18587004.out, proofs/SIG_TLS_18587004.out and proofs/PK_TLS_18587004.der
Signature verification succeeds
[TLS] Server time: 1619938799
[TLS] client_random  (32): FFDCD14EB8D0930CCC59902539093DD8678D56A4BA4771F3FE7C7C9B75D3C101
[TLS] sign_hash (32): D0B22CE8A09F21442DB7E628E7DE857C9D05F5B0D256431A464C24AC405073ED
[TLS] Written transcript to proofs/MSG_TLS_FFDCD14E.out, proofs/SIG_TLS_FFDCD14E.out and proofs/PK_TLS_FFDCD14E.der
Signature verification succeeds
[TLS] Server time: 1619938799
[TLS] client_random  (32): 5B50F11EB3540BE975EBA13D8E6D2183471CEE3779A29EE7B0A10A870C04FD74
[TLS] sign_hash (32): FDB076302E60C4E592F6B728BCE33B0F6E456D71CA7B8AAB02CAC1CAEB8DACBF
[TLS] Written transcript to proofs/MSG_TLS_5B50F11E.out, proofs/SIG_TLS_5B50F11E.out and proofs/PK_TLS_5B50F11E.der
Signature verification succeeds
[TLS] Server time: 1619938799
[TLS] client_random  (32): F6C3460CA77AB01A471182AAFDD5B1FD1617127637B9C3097D52BACC05B0BDCA
[TLS] sign_hash (32): 9EAF143382CFFB0E074FA000E8A9238387DC16441A61F6F0331538E6D75A7EE2
[TLS] Written transcript to proofs/MSG_TLS_F6C3460C.out, proofs/SIG_TLS_F6C3460C.out and proofs/PK_TLS_F6C3460C.der
Signature verification succeeds
[TLS] Server time: 1619938799
[TLS] client_random  (32): 25F31CD4F7239B65DBC6C29C38EC98F7DED2D4B43623CCF36B85E5DC703C925A
[TLS] sign_hash (32): 524FFCC884C9C40D09779D8231760DDCC910EB28792EFCB358CAAA3960811DD7
[TLS] Written transcript to proofs/MSG_TLS_25F31CD4.out, proofs/SIG_TLS_25F31CD4.out and proofs/PK_TLS_25F31CD4.der
Signature verification succeeds
[TLS] Server time: 1619938799
[TLS] client_random  (32): 994DE1E2A4AFBE48824B4EE708E5865088A09AB1972D4184DD9BEA59CC493630
[TLS] sign_hash (32): 9820D5A626012E0967CB39682C1B8E5672D5ED77449F2A36B5DEB79D673F186F
[TLS] Written transcript to proofs/MSG_TLS_994DE1E2.out, proofs/SIG_TLS_994DE1E2.out and proofs/PK_TLS_994DE1E2.der
Signature verification succeeds
[TLS] Server time: 1619938799
[TLS] client_random  (32): 2746282380E86A6B2F10EE9A94900DF8ABFD9F462CEE8510DE4BFA9CD2DA316B
[TLS] sign_hash (32): F8C0062D988F16FA0F0E43B3B0CA8AECD360B70E9A44436CBCA8645EE932BF26
[TLS] Written transcript to proofs/MSG_TLS_27462823.out, proofs/SIG_TLS_27462823.out and proofs/PK_TLS_27462823.der
Signature verification succeeds
[TLS] Server time: 1619938799
[TLS] client_random  (32): FAE927749756359AC0AC6F29FA087B4863088A46EB7E964F9322A9273D65140D
[TLS] sign_hash (32): E790D5909F002BA7B72DD224D46D80593448F988CFD79A5CD9F11C20E9409614
[TLS] Written transcript to proofs/MSG_TLS_FAE92774.out, proofs/SIG_TLS_FAE92774.out and proofs/PK_TLS_FAE92774.der
Signature verification succeeds
[TLS] Server time: 1619938799
[TLS] client_random  (32): 67F2F05E8954DFE0F02B6C64F63B25351B72F9EECD57456CF294C959DDCDA766
[TLS] sign_hash (32): 56537F2D03DDA9953F12092E17C18296EC80997CBF4A3748C60E0AA3584EA50F
[TLS] Written transcript to proofs/MSG_TLS_67F2F05E.out, proofs/SIG_TLS_67F2F05E.out and proofs/PK_TLS_67F2F05E.der
Signature verification succeeds
[TLS] Server time: 1619938799
[TLS] client_random  (32): 294F2754335F6313525A0A73D7E0623E223431F0E560133FAB881A86EAA7D9DB
[TLS] sign_hash (32): 1048FAEA22DCF616C32815D90A795EEFD2EFC7EF0B887D65F77583A8E0F90F0C
[TLS] Written transcript to proofs/MSG_TLS_294F2754.out, proofs/SIG_TLS_294F2754.out and proofs/PK_TLS_294F2754.der
Signature verification succeeds
[TLS] Server time: 1619938799
[TLS] client_random  (32): DA0452CA5402E806680E7FC3546884DA7F53BA0B00A7558DC6D01452E3ABE840
[TLS] sign_hash (32): D29C0323CAFCA50BDADFB306039B7210A568188E04EDF69794A36D636DF7D5E2
[TLS] Written transcript to proofs/MSG_TLS_DA0452CA.out, proofs/SIG_TLS_DA0452CA.out and proofs/PK_TLS_DA0452CA.der
Signature verification succeeds
[TLS] Server time: 1619938799
[TLS] client_random  (32): DF30B3202AC631A29BCCB8196CBCF8F930D1B9F99479C051A62A331D57989B8B
[TLS] sign_hash (32): 0AE6BB338C06D995F6E5DCF637E439BD0A7722158029B7CF144DD84FE271DA78
[TLS] Written transcript to proofs/MSG_TLS_DF30B320.out, proofs/SIG_TLS_DF30B320.out and proofs/PK_TLS_DF30B320.der
Signature verification succeeds
[TLS] Server time: 1619938799
[TLS] client_random  (32): 83E8EF43E01DBD72F898345CDC4BFD6EDD11B84BD9FAEBADD4091F277A54D6C7
[TLS] sign_hash (32): EDDB23CFC8971F68B71BD446A7E37F42F25426B9C43D71451C2A242C3505E28C
[TLS] Written transcript to proofs/MSG_TLS_83E8EF43.out, proofs/SIG_TLS_83E8EF43.out and proofs/PK_TLS_83E8EF43.der
Signature verification succeeds
[TLS] Server time: 1619938799
[TLS] client_random  (32): AB3ACA8024C8F562E044165FC68777BB666F4BA2465AB74CABF2BEC9A96AFC44
[TLS] sign_hash (32): DE72C0B56A5CE385DEB113A1586E9CA975CE3ABAFEAD0649709F703EFFA3353C
[TLS] Written transcript to proofs/MSG_TLS_AB3ACA80.out, proofs/SIG_TLS_AB3ACA80.out and proofs/PK_TLS_AB3ACA80.der
Signature verification succeeds
[TLS] Server time: 1619938799
[TLS] client_random  (32): 7241DCFE301B32B1A4D55732B3DF7FF3F790047DFC779E822A05C1AE6A4D1E12
[TLS] sign_hash (32): A257DA648C93A18A2F0BF18A7702762D3201C38F9B2F1B3B75D716673E97AD61
[TLS] Written transcript to proofs/MSG_TLS_7241DCFE.out, proofs/SIG_TLS_7241DCFE.out and proofs/PK_TLS_7241DCFE.der
Signature verification succeeds
[TLS] Server time: 1619938799
[TLS] client_random  (32): 37F80E1856691C2D4630BB6B8F0BD228B53394F4CB665EFCC10FA1B6DD0C7038
[TLS] sign_hash (32): 2E236A60805B134BB79227311DAAE6F0DB4F7FE5B2177CB9D75D7EF65B459F8D
[TLS] Written transcript to proofs/MSG_TLS_37F80E18.out, proofs/SIG_TLS_37F80E18.out and proofs/PK_TLS_37F80E18.der
Signature verification succeeds
[TLS] Server time: 1619938799
[TLS] client_random  (32): D3A5ABED8F64E9E0EB0712A5F4861447FC5B101EDB547DA3775AF4EFC25E37FE
[TLS] sign_hash (32): 4D7793B4FEB7D331B3B6DB72E3FF6C400DEB2D0758F65D2ACA69B2BF318A6FEB
[TLS] Written transcript to proofs/MSG_TLS_D3A5ABED.out, proofs/SIG_TLS_D3A5ABED.out and proofs/PK_TLS_D3A5ABED.der
Signature verification succeeds
[TLS] Server time: 1619938799
[TLS] client_random  (32): 420DAD979DDD27B6728F334CEA507BB050B3E02B0A33479CE786F4F7A082DA38
[TLS] sign_hash (32): 25BC148C1F80624B299CAAB29CDE9DBF7DC6DE2DF215CB09A6A841909B7F71E0
[TLS] Written transcript to proofs/MSG_TLS_420DAD97.out, proofs/SIG_TLS_420DAD97.out and proofs/PK_TLS_420DAD97.der
Signature verification succeeds
[TLS] Server time: 1619938799
[TLS] client_random  (32): A9408CC6E34CBECFD062DA28F70E8C3745D1DEF490EF93E574241B9866267EFE
[TLS] sign_hash (32): DF35F504671B448B2A9D1F0D5DF38775A7312EE9B1CFAFA33DA62D4106B5BE38
[TLS] Written transcript to proofs/MSG_TLS_A9408CC6.out, proofs/SIG_TLS_A9408CC6.out and proofs/PK_TLS_A9408CC6.der
Signature verification succeeds
[TLS] Server time: 1619938799
[TLS] client_random  (32): 51CB082E91A609961C4AAA16BAF3A9C9DEB56735895E603EFC955291F3BD3C42
[TLS] sign_hash (32): 7E0348F993B290E7054DB0F9563DBFCB8F52FAA182E4B2DB1B0A23ABE6D62DC1
[TLS] Written transcript to proofs/MSG_TLS_51CB082E.out, proofs/SIG_TLS_51CB082E.out and proofs/PK_TLS_51CB082E.der
Signature verification succeeds
[TLS] Server time: 1619938799
[TLS] client_random  (32): 04EEFB1E2460C747D2435520163B39823148681FC872717809A090C711F9FABB
[TLS] sign_hash (32): 44C6B027D59104878DAC84C4214A9D1FBFACF6E8A82789F9164BC87CA2085EC1
[TLS] Written transcript to proofs/MSG_TLS_04EEFB1E.out, proofs/SIG_TLS_04EEFB1E.out and proofs/PK_TLS_04EEFB1E.der
Signature verification succeeds
[TLS] Server time: 1619938799
[TLS] client_random  (32): 548EB829A27F7CFE337FB492D1EE5E81D12BF79A614A812BC1D228089FDAF409
[TLS] sign_hash (32): 8438CEB960D709A2FBB2E2C0405A9A9A514F8611485AFE194A5AD66CBAF2E269
[TLS] Written transcript to proofs/MSG_TLS_548EB829.out, proofs/SIG_TLS_548EB829.out and proofs/PK_TLS_548EB829.der
Signature verification succeeds
[TLS] Server time: 1619938799
[TLS] client_random  (32): BB260D6863AC76D7AB98C0591F4A4E990E5D444E81E00252C064D92BCD2DFFF3
[TLS] sign_hash (32): 543F4C530558C3C751B95C0574FACA3B35D8040A7EDB2B565F65C36EE82F205C
[TLS] Written transcript to proofs/MSG_TLS_BB260D68.out, proofs/SIG_TLS_BB260D68.out and proofs/PK_TLS_BB260D68.der
Signature verification succeeds
[TLS] Server time: 1619938799
[TLS] client_random  (32): F0D91AE0B9BC66452BEE962B119C7010C2DFABC625DB9493C93BFEC64783431F
[TLS] sign_hash (32): 132A2974B4C4A19228516F38D3A851D24E803BE251EC095BCAA59A8732BED3D3
[TLS] Written transcript to proofs/MSG_TLS_F0D91AE0.out, proofs/SIG_TLS_F0D91AE0.out and proofs/PK_TLS_F0D91AE0.der
Signature verification succeeds
[TLS] Server time: 1619938799
[TLS] client_random  (32): 471D951BAE02EC21F9FC177208E9536B58689A83293630FCFC5A07D763AAF0C6
[TLS] sign_hash (32): 06676C46853A5B870981554C5588DA6B0345AB537253A5FDC8D47A0CF3BE6432
[TLS] Written transcript to proofs/MSG_TLS_471D951B.out, proofs/SIG_TLS_471D951B.out and proofs/PK_TLS_471D951B.der
Signature verification succeeds
[TLS] Server time: 1619938799
[TLS] client_random  (32): A5C76A588A3EE4034AF49CABCD29A157C57C3B28A7B0FF2327B288433F6850E2
[TLS] sign_hash (32): C2D23ADFCD01E9F5BE6D6738E404002DFD8503B3C494B100787B8678FAD398A8
[TLS] Written transcript to proofs/MSG_TLS_A5C76A58.out, proofs/SIG_TLS_A5C76A58.out and proofs/PK_TLS_A5C76A58.der
Signature verification succeeds
[TLS] Server time: 1619938799
[TLS] client_random  (32): C8F63906623492CDF488214CB317D97E5D9CAEF84FECA432DE1237ED5F32983C
[TLS] sign_hash (32): 9432867C35FAC3520B8DE9D127DED236597B7AFFCD4624C502569E9854D6D3B5
[TLS] Written transcript to proofs/MSG_TLS_C8F63906.out, proofs/SIG_TLS_C8F63906.out and proofs/PK_TLS_C8F63906.der
Signature verification succeeds
[TLS] Server time: 1619938799
[TLS] client_random  (32): AE24EF772BBC762EFE0763FE37B743B0457EC37FB0EC1A79A5B965E128E5685B
[TLS] sign_hash (32): 5DFC959EF3B6564B408DC99157EDF51ED889BA70DCDEC943605EAAD652C8F52A
[TLS] Written transcript to proofs/MSG_TLS_AE24EF77.out, proofs/SIG_TLS_AE24EF77.out and proofs/PK_TLS_AE24EF77.der
Signature verification succeeds
[TLS] Server time: 1619938799
[TLS] client_random  (32): 0E1F267799101F20AC7C175039C01BE133EC1BBB82EB9F875B0EDCFC6E120A1B
[TLS] sign_hash (32): 89065E7C94122C573E826F0BA121A521E25C463B3506F25F0EE9CC1C51B8DE38
[TLS] Written transcript to proofs/MSG_TLS_0E1F2677.out, proofs/SIG_TLS_0E1F2677.out and proofs/PK_TLS_0E1F2677.der
Signature verification succeeds
[TLS] Server time: 1619938799
[TLS] client_random  (32): 285180CBFC4427EADC3C591B098BB60C7B2D16D553D8563507B50BC69712531C
[TLS] sign_hash (32): 1D972470598CAE87E8767BDD1CC28361F8CD83CB248199A265FA0A010D75B1CB
[TLS] Written transcript to proofs/MSG_TLS_285180CB.out, proofs/SIG_TLS_285180CB.out and proofs/PK_TLS_285180CB.der
Signature verification succeeds
[TLS] Server time: 1619938799
[TLS] client_random  (32): 4AB5BEBFC4F34AD41AE52C4663AB608DE5B021E451D98F3C2E0F2127AF22443E
[TLS] sign_hash (32): A74DC324CF441B2DB5D448566D248CBD7AF61F4B7E6B11DEB9C591D783CB01A2
[TLS] Written transcript to proofs/MSG_TLS_4AB5BEBF.out, proofs/SIG_TLS_4AB5BEBF.out and proofs/PK_TLS_4AB5BEBF.der
Signature verification succeeds
[TLS] Server time: 1619938799
[TLS] client_random  (32): E452411F1008F4DC95CC064768CB08A93C9028C708C688368302942ECA052F96
[TLS] sign_hash (32): 64BD381B333E09372E93BCE825535B56C9ED3CD974B42E6A1455386E4A93F4F1
[TLS] Written transcript to proofs/MSG_TLS_E452411F.out, proofs/SIG_TLS_E452411F.out and proofs/PK_TLS_E452411F.der
Signature verification succeeds
[TLS] Server time: 1619938799
[TLS] client_random  (32): 2C38F224F9A6D9620B2AEA02E565FCE03C4FD7C3D5CD75FEABF41583F7AEF575
[TLS] sign_hash (32): 2304925C2C7BD3B055D6ADCE8853CBCA3E1D9047810A3E1BBB862BC542D602D9
[TLS] Written transcript to proofs/MSG_TLS_2C38F224.out, proofs/SIG_TLS_2C38F224.out and proofs/PK_TLS_2C38F224.der
Signature verification succeeds
[TLS] Server time: 1619938799
[TLS] client_random  (32): 564A750934300B409C385DB289E30278AC0883CE09C7A6994296658B80AC992A
[TLS] sign_hash (32): 7966DB764C2321F825B5F783DCB81C929D43E65F279974E52612A9A12A58C5FD
[TLS] Written transcript to proofs/MSG_TLS_564A7509.out, proofs/SIG_TLS_564A7509.out and proofs/PK_TLS_564A7509.der
Signature verification succeeds
[TLS] Server time: 1619938799
[TLS] client_random  (32): DDCFAC466B303D8846ED29669EE88A027FDB64E1D7A4DE4346181975E335C72D
[TLS] sign_hash (32): 281DA2CB1D7275183978F6E7EC621B0B1A3406B03E127643C639B68EE66B7EEB
[TLS] Written transcript to proofs/MSG_TLS_DDCFAC46.out, proofs/SIG_TLS_DDCFAC46.out and proofs/PK_TLS_DDCFAC46.der
Signature verification succeeds
[TLS] Server time: 1619938799
[TLS] client_random  (32): D0AF7FA81585491452B6386895FBC2CDBC68224CA6398049CF3FDBA069B7B94C
[TLS] sign_hash (32): 4663F10F0025A9525B73F01DD6D7F98DFAB55F3D0E6EFC751F07CF18EE2DC0E8
[TLS] Written transcript to proofs/MSG_TLS_D0AF7FA8.out, proofs/SIG_TLS_D0AF7FA8.out and proofs/PK_TLS_D0AF7FA8.der
Signature verification succeeds
[TLS] Server time: 1619938799
[TLS] client_random  (32): 2C2260AE79746F562CC0766A7226C4D62BCAB4D095C527645D64E69BA5A97EFB
[TLS] sign_hash (32): 2ED9E7543C5C502C3BF5BC48F417E87CB8C205E633E4ABB85E2020108EA525A5
[TLS] Written transcript to proofs/MSG_TLS_2C2260AE.out, proofs/SIG_TLS_2C2260AE.out and proofs/PK_TLS_2C2260AE.der
Signature verification succeeds
[TLS] Server time: 1619938799
[TLS] client_random  (32): F2687C04DE58E7E09F7CB141D8FCEFEF06533705F090491C0E430961F1CF8241
[TLS] sign_hash (32): 7885480E821952F3F13A816AB50206D6A754A640FE51C887B5A1FEB90BFA2980
[TLS] Written transcript to proofs/MSG_TLS_F2687C04.out, proofs/SIG_TLS_F2687C04.out and proofs/PK_TLS_F2687C04.der
Signature verification succeeds
[TLS] Server time: 1619938799
[TLS] client_random  (32): 207E82E87CB56677A25547DAC6278DB24DD266CE4DA01E7534FEEF11D79FBC3D
[TLS] sign_hash (32): 9A11AD9A787349ED32619A87704A1D0A626F2A8209D6B657D1F7B96F29C1677E
[TLS] Written transcript to proofs/MSG_TLS_207E82E8.out, proofs/SIG_TLS_207E82E8.out and proofs/PK_TLS_207E82E8.der
Signature verification succeeds
[TLS] Server time: 1619938799
[TLS] client_random  (32): F69D0FAE78A0E542184510C910C77A3289A7CB521F5846131250AB37FAF73F51
[TLS] sign_hash (32): 669A76A992784BD79262CD8A703EA07A00D9199BFE6A5F5961B22184B70C7AAF
[TLS] Written transcript to proofs/MSG_TLS_F69D0FAE.out, proofs/SIG_TLS_F69D0FAE.out and proofs/PK_TLS_F69D0FAE.der
Signature verification succeeds
[TLS] Server time: 1619938799
[TLS] client_random  (32): 90A15E9985C10B66C86CA55982AFA0D54534218590799B5D0143E7E1D3112B09
[TLS] sign_hash (32): 0E1F5AEEEFBCBDEC57663925415EFCEF23404EF9A42B7270D3888E471DF06C38
[TLS] Written transcript to proofs/MSG_TLS_90A15E99.out, proofs/SIG_TLS_90A15E99.out and proofs/PK_TLS_90A15E99.der
Signature verification succeeds
[TLS] Server time: 1619938799
[TLS] client_random  (32): 1F19C5F2695B30BD65657AFCDABBF7956937F7B7B5584D0F7A3285A5FED4A9A1
[TLS] sign_hash (32): 93A4CB7F1AA5BC54B827D20D600BC6382DA8293F8C602C74EE78C27AFA369056
[TLS] Written transcript to proofs/MSG_TLS_1F19C5F2.out, proofs/SIG_TLS_1F19C5F2.out and proofs/PK_TLS_1F19C5F2.der
Signature verification succeeds
[TLS] Server time: 1619938799
[TLS] client_random  (32): 665222B7CC780807A9112C1CFF9A970C5AD2C51544BB2157D32F96F3173ECB8A
[TLS] sign_hash (32): 56D5D264FA19A3747273C67F237A0E7ED7C8B6384D2A5BBB662D2BC24BE444F8
[TLS] Written transcript to proofs/MSG_TLS_665222B7.out, proofs/SIG_TLS_665222B7.out and proofs/PK_TLS_665222B7.der
Signature verification succeeds
[TLS] Server time: 1619938799
[TLS] client_random  (32): 745E6DFABAF7B2979AC51067B6509619B1974140A763DF002FB3F223728653C4
[TLS] sign_hash (32): 18F918D69EA75EB881091933DD02BC347C23E855E6171A393064440A0089D177
[TLS] Written transcript to proofs/MSG_TLS_745E6DFA.out, proofs/SIG_TLS_745E6DFA.out and proofs/PK_TLS_745E6DFA.der
Signature verification succeeds
[TLS] Server time: 1619938799
[TLS] client_random  (32): 12FDD9AA80FB76D31E24C4CE032668EFA35C79F00B674EF900FF428C7DFD83AA
[TLS] sign_hash (32): A4086A56B2469D7BA903BCE1EF20762F1930839AD7DD46617FE0F56A03902059
[TLS] Written transcript to proofs/MSG_TLS_12FDD9AA.out, proofs/SIG_TLS_12FDD9AA.out and proofs/PK_TLS_12FDD9AA.der
Signature verification succeeds
[TLS] Server time: 1619938799
[TLS] client_random  (32): 495A1BD05B250FDE81021E856430355C8E874CD37FF9FE696632B3263A9B5E56
[TLS] sign_hash (32): EEBD62BFEAEC8B22B9C2A3507D1A2DB40D79F98F7ABAE9AA6ADBAEC027BFF354
[TLS] Written transcript to proofs/MSG_TLS_495A1BD0.out, proofs/SIG_TLS_495A1BD0.out and proofs/PK_TLS_495A1BD0.der
Signature verification succeeds
[TLS] Server time: 1619938799
[TLS] client_random  (32): DBF427D73561BF9D411CE38D604D05D81138607276C5DAEB151DD22286A716F9
[TLS] sign_hash (32): 8C5DE83283EB827885F048F84A06929B80F7D24CE9A016F5116A0C9243ACF928
[TLS] Written transcript to proofs/MSG_TLS_DBF427D7.out, proofs/SIG_TLS_DBF427D7.out and proofs/PK_TLS_DBF427D7.der
Signature verification succeeds
[TLS] Server time: 1619938799
[TLS] client_random  (32): ADD5E4CE7E98D37BDA6B4A0236FBF2DC7238B278F5C24C66AAC3D62214A4FEE4
[TLS] sign_hash (32): B3ADF274A1B24F7F1607C82CF1C1969E0EF4873F45016DEE46B55F6485146E18
[TLS] Written transcript to proofs/MSG_TLS_ADD5E4CE.out, proofs/SIG_TLS_ADD5E4CE.out and proofs/PK_TLS_ADD5E4CE.der
Signature verification succeeds
[TLS] Server time: 1619938799
[TLS] client_random  (32): E9EC699F197E81C368650AD797B01E71526817701AF84F47A4A2B3A6D2741790
[TLS] sign_hash (32): F6A40036CC13D9E6302A465FD5D204651C723B25BD8E379A7DAFB724E902DDCB
[TLS] Written transcript to proofs/MSG_TLS_E9EC699F.out, proofs/SIG_TLS_E9EC699F.out and proofs/PK_TLS_E9EC699F.der
Signature verification succeeds
[TLS] Server time: 1619938799
[TLS] client_random  (32): 8777A3DDFD4A366B4DF32AE9B3AECBAD69D9568AE4FB2238752C15D1BAC54AAE
[TLS] sign_hash (32): 03297C55BE159E5363565D12ADCE75C282AE27E891648B0F28F06E36749DD5CF
[TLS] Written transcript to proofs/MSG_TLS_8777A3DD.out, proofs/SIG_TLS_8777A3DD.out and proofs/PK_TLS_8777A3DD.der
Signature verification succeeds
[TLS] Server time: 1619938799
[TLS] client_random  (32): 431D5CE139EF7D7DA15801B9BA9EB36A82FB3ED66E5988F416A36B28A2828F19
[TLS] sign_hash (32): BFFC8B227DDC1F30C8BCEE1ECB37F115EFC204A91D381014D968F70E10449189
[TLS] Written transcript to proofs/MSG_TLS_431D5CE1.out, proofs/SIG_TLS_431D5CE1.out and proofs/PK_TLS_431D5CE1.der
Signature verification succeeds
[TLS] Server time: 1619938799
[TLS] client_random  (32): B783EFB991E40F8310E4BB331B7A6FD01CD33977C9AF0FBEEB524616CEA346A3
[TLS] sign_hash (32): AE7EEF6DF5A2AB0E8A7937895B9749AA82D226613FAB57B3E5AB7D892024CF5E
[TLS] Written transcript to proofs/MSG_TLS_B783EFB9.out, proofs/SIG_TLS_B783EFB9.out and proofs/PK_TLS_B783EFB9.der
Signature verification succeeds
Time breakdown (averages): anchor_ping:7.133437 file_read:0.133821 hashing:0.470325
Total time for 123 rounds is 958.864059ms
Standard deviations: anchor_ping:0.148685 file_read:0.012843 hashing:0.003970
[Client-side ops] mean:0.604146 sd:0.013381
in & out anchor rand written to proofs/phase1.out
     27 [TLS] Server time: 1619938798
     97 [TLS] Server time: 1619938799
Count is 27
Count is 97
success: 1
RESULT: 1 in 1 tries
