TLS anchor: www.american.edu
Actual: 60, Set: 123
Beginning execution at Mon May 3 09:00:01 UTC 2021
CONF: anchor:www.american.edu fs:1024MB n_rounds:123 seed:5c9f4bf9bbc15bb855f82faedc5a52fc3ab2dfa8ec3ba3ce1b270f31fa0cced2 filename:FILE bs:1024 nops:100 benchmarking:0 anchor_ping:1 queue_depth:32 direct:0
[TLS] Connecting to www.american.edu
[TLS] Server time: 1620032398
[TLS] client_random  (32): 5C9F4BF9BBC15BB855F82FAEDC5A52FC3AB2DFA8EC3BA3CE1B270F31FA0CCED2
[TLS] sign_hash (32): 73C1CD20F3508ED60E43AC4B42DD7A6581233D1DA7D4A4109404927CD4F208FD
[TLS] Written transcript to proofs/MSG_TLS_5C9F4BF9.out, proofs/SIG_TLS_5C9F4BF9.out and proofs/PK_TLS_5C9F4BF9.der
Signature verification succeeds
[TLS] Server time: 1620032398
[TLS] client_random  (32): C04BF85A40EF3A56649ABBB501CAE0B238DB3C925DFB79A997480546B207E5A5
[TLS] sign_hash (32): 381AA43818BAE20C03DEE5410E6F887F513BFC2829A7CBC7ADBF79E77FDA03B6
[TLS] Written transcript to proofs/MSG_TLS_C04BF85A.out, proofs/SIG_TLS_C04BF85A.out and proofs/PK_TLS_C04BF85A.der
Signature verification succeeds
[TLS] Server time: 1620032398
[TLS] client_random  (32): C5879EA414C34A7298A263940775F253E41E647EFC3548BAA50E332875BA2798
[TLS] sign_hash (32): AA42D12A8864D751D84216AFF6B9BD2606AAF6B41DC7C2C9214E13F8F8E44AD1
[TLS] Written transcript to proofs/MSG_TLS_C5879EA4.out, proofs/SIG_TLS_C5879EA4.out and proofs/PK_TLS_C5879EA4.der
Signature verification succeeds
[TLS] Server time: 1620032398
[TLS] client_random  (32): 1A73350AC58D204328386CF85D9C58760D3A8F74FD96B830FED3912DFAEBFFCC
[TLS] sign_hash (32): 98C72E4641BF0F399B679AC442AF5F40ABE7F481FA0B4AAB61F75B89C8FC2B5F
[TLS] Written transcript to proofs/MSG_TLS_1A73350A.out, proofs/SIG_TLS_1A73350A.out and proofs/PK_TLS_1A73350A.der
Signature verification succeeds
[TLS] Server time: 1620032398
[TLS] client_random  (32): 5ABC56AE51864DB0777D8238BE2399216D6CC5E7F4A99F7A253D83869CD653DF
[TLS] sign_hash (32): 7BE4FAF486030AA5AF816CB1748AC70EA236C31DF9FCC3F88E82866D3FBD0D78
[TLS] Written transcript to proofs/MSG_TLS_5ABC56AE.out, proofs/SIG_TLS_5ABC56AE.out and proofs/PK_TLS_5ABC56AE.der
Signature verification succeeds
[TLS] Server time: 1620032398
[TLS] client_random  (32): 0230C070B6A9873C5A008092979364F41237B2D78DAE120E686E943A8E9B7066
[TLS] sign_hash (32): 97422511B0F53B817D018EF1399988330FC9F467452CD5F39039913D432B769A
[TLS] Written transcript to proofs/MSG_TLS_0230C070.out, proofs/SIG_TLS_0230C070.out and proofs/PK_TLS_0230C070.der
Signature verification succeeds
[TLS] Server time: 1620032398
[TLS] client_random  (32): 714C9425FFC7C6AF6DE068209E2AA99602209B0D053440FF37CAB817DFF58151
[TLS] sign_hash (32): 59B1D1F69A413956D6FB0CE281359CD03FE9E4D21D0B503C086B030160031EDA
[TLS] Written transcript to proofs/MSG_TLS_714C9425.out, proofs/SIG_TLS_714C9425.out and proofs/PK_TLS_714C9425.der
Signature verification succeeds
[TLS] Server time: 1620032398
[TLS] client_random  (32): EB9CAF917AC244D0D22B8C23ABFE3926238687CB571086CC3304CBA3EB362D90
[TLS] sign_hash (32): 140C497A907DEA9225201A4A98834FEA8085342A74CF7D8F0F6D48429B9D6E5F
[TLS] Written transcript to proofs/MSG_TLS_EB9CAF91.out, proofs/SIG_TLS_EB9CAF91.out and proofs/PK_TLS_EB9CAF91.der
Signature verification succeeds
[TLS] Server time: 1620032398
[TLS] client_random  (32): 6FEB3612F01D23BD3B50BB0570B8C21E555BA889E6FB5B4C91CB8BE1F0CB93B6
[TLS] sign_hash (32): A174C8B6E46EBE79AFBDF21CA23316E6782BE8431A93BBD5F7ABEF08CAFEF29B
[TLS] Written transcript to proofs/MSG_TLS_6FEB3612.out, proofs/SIG_TLS_6FEB3612.out and proofs/PK_TLS_6FEB3612.der
Signature verification succeeds
[TLS] Server time: 1620032398
[TLS] client_random  (32): F00909E7CBA85475F906385543697861614E3D8B834DDD33D4DD3AA5BAB076B5
[TLS] sign_hash (32): BE542BB180CF652A11CC1603A9355BF27D62450A904191E0D84A6DE03BA7A76F
[TLS] Written transcript to proofs/MSG_TLS_F00909E7.out, proofs/SIG_TLS_F00909E7.out and proofs/PK_TLS_F00909E7.der
Signature verification succeeds
[TLS] Server time: 1620032398
[TLS] client_random  (32): 54949C7D8D469993EDB8DE166D4070B11E7E44389992E6AD407FA935E8E7FF1D
[TLS] sign_hash (32): 74AD3368030D24047B3F17C88AABBEA7B86E2385A58139A4F5F609DCC9BA53B9
[TLS] Written transcript to proofs/MSG_TLS_54949C7D.out, proofs/SIG_TLS_54949C7D.out and proofs/PK_TLS_54949C7D.der
Signature verification succeeds
[TLS] Server time: 1620032398
[TLS] client_random  (32): D6642948470DA8EFA1CB1E2EC29978040A5C56ACAE4BAE2768DE364625F1B2AC
[TLS] sign_hash (32): B33803636BCD4FD5F5763D383C17592F1A8110D26F8CADA392BFF63E2185A678
[TLS] Written transcript to proofs/MSG_TLS_D6642948.out, proofs/SIG_TLS_D6642948.out and proofs/PK_TLS_D6642948.der
Signature verification succeeds
[TLS] Server time: 1620032398
[TLS] client_random  (32): 51D20147D9B2448365156435C3831826F44351C1815541794651D1A3FAFD1CB7
[TLS] sign_hash (32): B8A8F8759CB175D9CB2F03970F58561B5190AA9D0A4F7D29AB00D66D58F525E1
[TLS] Written transcript to proofs/MSG_TLS_51D20147.out, proofs/SIG_TLS_51D20147.out and proofs/PK_TLS_51D20147.der
Signature verification succeeds
[TLS] Server time: 1620032398
[TLS] client_random  (32): BB52C86E33B541931691D8E2628EA8AAE313591947F5B6E2B9F28B4C70041BD8
[TLS] sign_hash (32): 35C530AB7EAEBBCCD81D6EFBB79B7E9A74C88606F51E1F4A30B07FA98BAAAD0F
[TLS] Written transcript to proofs/MSG_TLS_BB52C86E.out, proofs/SIG_TLS_BB52C86E.out and proofs/PK_TLS_BB52C86E.der
Signature verification succeeds
[TLS] Server time: 1620032398
[TLS] client_random  (32): ADC22E4D49C7817E8E659811E9DCE34DC55732397459E818DA08864196085F32
[TLS] sign_hash (32): 322BB9C529868A33A87148D8B17139589B438299D0B54A2701509125A220CC64
[TLS] Written transcript to proofs/MSG_TLS_ADC22E4D.out, proofs/SIG_TLS_ADC22E4D.out and proofs/PK_TLS_ADC22E4D.der
Signature verification succeeds
[TLS] Server time: 1620032398
[TLS] client_random  (32): DAA1835D7EC67AB34F1BFCCD381D983BD516228AC1883B8A0C97DCF9D0B5F420
[TLS] sign_hash (32): 1DFFB806575174B69F5ED3CEF59B4A14ECBE58F7AB986C776449268822F1A8CB
[TLS] Written transcript to proofs/MSG_TLS_DAA1835D.out, proofs/SIG_TLS_DAA1835D.out and proofs/PK_TLS_DAA1835D.der
Signature verification succeeds
[TLS] Server time: 1620032398
[TLS] client_random  (32): 4199F05730ADC4B3A2837CC0890315160181192430191235FACDCCF9EDC2C8C6
[TLS] sign_hash (32): 98FEB1212115AA31B8353B4137669D29A7A5C855656D678EC9A8FFACF3F91F42
[TLS] Written transcript to proofs/MSG_TLS_4199F057.out, proofs/SIG_TLS_4199F057.out and proofs/PK_TLS_4199F057.der
Signature verification succeeds
[TLS] Server time: 1620032398
[TLS] client_random  (32): 6611BDEF598CD6469C24E9F87B445C13E0AEDEACBE76CDF151B68E223F76EC56
[TLS] sign_hash (32): D8EB064CE2DD98800B65808DD5AA5F2A501703590467DDE9907B732E904BCC47
[TLS] Written transcript to proofs/MSG_TLS_6611BDEF.out, proofs/SIG_TLS_6611BDEF.out and proofs/PK_TLS_6611BDEF.der
Signature verification succeeds
[TLS] Server time: 1620032398
[TLS] client_random  (32): 88C32974B74A8A500C272EEBB66610CD6743DF98B99770E9FCE15FCC2172F18F
[TLS] sign_hash (32): 27D02169ACCEF9D39B432CF25EDFBA0DBC0FB9DDA6FF79E0099CEDAE82FDF2FF
[TLS] Written transcript to proofs/MSG_TLS_88C32974.out, proofs/SIG_TLS_88C32974.out and proofs/PK_TLS_88C32974.der
Signature verification succeeds
[TLS] Server time: 1620032398
[TLS] client_random  (32): 94B1BACD2FC73E8428B4BA385BFBA5C01CE8374ED84A989AD71FC058F5F98A5D
[TLS] sign_hash (32): E91B93110573B081F12631367CCAE9D209B1D6712BF14E6CF97CFDBBC033634F
[TLS] Written transcript to proofs/MSG_TLS_94B1BACD.out, proofs/SIG_TLS_94B1BACD.out and proofs/PK_TLS_94B1BACD.der
Signature verification succeeds
[TLS] Server time: 1620032398
[TLS] client_random  (32): 4D72478B18A679089D536548028B9D5E7049B5A2A32CEA23C4C1679E00E87B16
[TLS] sign_hash (32): A258FC8F8A71DCE42207375FA30017D51122777338D2413406775FB17578DED1
[TLS] Written transcript to proofs/MSG_TLS_4D72478B.out, proofs/SIG_TLS_4D72478B.out and proofs/PK_TLS_4D72478B.der
Signature verification succeeds
[TLS] Server time: 1620032398
[TLS] client_random  (32): E558A69DD0FEB21FEA4AB0AFB9346603E89B0105F439619FDD182A5EF2CDD530
[TLS] sign_hash (32): BBE1D725DB9C0B0E8F381F786E0E04CC1AAC549C426712B83796573E7591AFD2
[TLS] Written transcript to proofs/MSG_TLS_E558A69D.out, proofs/SIG_TLS_E558A69D.out and proofs/PK_TLS_E558A69D.der
Signature verification succeeds
[TLS] Server time: 1620032398
[TLS] client_random  (32): CF4C771F8C91D8249E3BA8771CA1F4E3551637BBD0CC5B0AB056572D876B6829
[TLS] sign_hash (32): 2F88D5975965AB127B744C35A21BA0B8A74195C7710CBDC81656E798F54A0780
[TLS] Written transcript to proofs/MSG_TLS_CF4C771F.out, proofs/SIG_TLS_CF4C771F.out and proofs/PK_TLS_CF4C771F.der
Signature verification succeeds
[TLS] Server time: 1620032398
[TLS] client_random  (32): 7748D5F548770FCD68B4589FEA64B8CB8EB15CAE2ED099667024E3881978DAF8
[TLS] sign_hash (32): 09598CD77E403575182B749AA63D02313DEABE8E128944142BDEB16F9A704297
[TLS] Written transcript to proofs/MSG_TLS_7748D5F5.out, proofs/SIG_TLS_7748D5F5.out and proofs/PK_TLS_7748D5F5.der
Signature verification succeeds
[TLS] Server time: 1620032399
[TLS] client_random  (32): 9387C1F083FA46C54B8BDDDED2C2FA11E96C489FF3A38BB4616C547700D8B0DC
[TLS] sign_hash (32): 452774F8530C9871ACBBE7C3B85CC0B7092DE95E262B595005CF03F4E8FA2753
[TLS] Written transcript to proofs/MSG_TLS_9387C1F0.out, proofs/SIG_TLS_9387C1F0.out and proofs/PK_TLS_9387C1F0.der
Signature verification succeeds
[TLS] Server time: 1620032399
[TLS] client_random  (32): 60BB3F4D27F325DABF209B61DEBB68A6F76E10E61E7B6AEA1A62339807AD6F6D
[TLS] sign_hash (32): B9616733434D4B667B4FA34EF0A6BA5DFEBE81CC4859AF99F2B25DBFDF0AD437
[TLS] Written transcript to proofs/MSG_TLS_60BB3F4D.out, proofs/SIG_TLS_60BB3F4D.out and proofs/PK_TLS_60BB3F4D.der
Signature verification succeeds
[TLS] Server time: 1620032399
[TLS] client_random  (32): AC6BBF291455260EE21BE433FB0EC9DD1BED3D56479A2722F7DBEBB6DDE6CF22
[TLS] sign_hash (32): 2B2C6AAD5E3B82FEF185634ECABDD43AAF575C6D28A1A0565C4C6FCAA179B653
[TLS] Written transcript to proofs/MSG_TLS_AC6BBF29.out, proofs/SIG_TLS_AC6BBF29.out and proofs/PK_TLS_AC6BBF29.der
Signature verification succeeds
[TLS] Server time: 1620032399
[TLS] client_random  (32): EAD6B8DA45613B69B6809D863CB0A34CA3AC41A7566D258DB4CA7AF7F2E3ACAE
[TLS] sign_hash (32): EA4A17292ED7C2CAFE37BB59D3D7695DFAC4D7C6851B82E3A4570049259DC4E1
[TLS] Written transcript to proofs/MSG_TLS_EAD6B8DA.out, proofs/SIG_TLS_EAD6B8DA.out and proofs/PK_TLS_EAD6B8DA.der
Signature verification succeeds
[TLS] Server time: 1620032399
[TLS] client_random  (32): C90E7F8953EDD8E5A7AB136B479BC4B91D45DC883F27F493ED2CEC5C7BCB6289
[TLS] sign_hash (32): 3FC513FCFB507AC3FF9901C19FF4DBA2836D58CF0AF9B3E787EC9F282566A868
[TLS] Written transcript to proofs/MSG_TLS_C90E7F89.out, proofs/SIG_TLS_C90E7F89.out and proofs/PK_TLS_C90E7F89.der
Signature verification succeeds
[TLS] Server time: 1620032399
[TLS] client_random  (32): B66B198B653992C219E69C08902C118DD9952CD1F62B6106395BD6E9F67DCE61
[TLS] sign_hash (32): FE0101FF489E9FAB893D37CAE1F00506F46C5C0954E7914D9AFB4E8EE81A8BE6
[TLS] Written transcript to proofs/MSG_TLS_B66B198B.out, proofs/SIG_TLS_B66B198B.out and proofs/PK_TLS_B66B198B.der
Signature verification succeeds
[TLS] Server time: 1620032399
[TLS] client_random  (32): 4D729C3230B716AF27D5642E970467D52C046111F366121E396645BE2851518D
[TLS] sign_hash (32): 7C38DEA7D74B2D47C7B678033CE1BC7F7425836315A009380198B4ABBFAA2BDA
[TLS] Written transcript to proofs/MSG_TLS_4D729C32.out, proofs/SIG_TLS_4D729C32.out and proofs/PK_TLS_4D729C32.der
Signature verification succeeds
[TLS] Server time: 1620032399
[TLS] client_random  (32): AFA57E8A998601B79760022605C1462B9CEB390015CA75F7E8EA67BD8C888A74
[TLS] sign_hash (32): 6080697F44E09CCD5B2A5679E98D1F76A847C9A3E2FD3808E943BA4755DE1374
[TLS] Written transcript to proofs/MSG_TLS_AFA57E8A.out, proofs/SIG_TLS_AFA57E8A.out and proofs/PK_TLS_AFA57E8A.der
Signature verification succeeds
[TLS] Server time: 1620032399
[TLS] client_random  (32): 3C4304A65973D79BE3263A2058570E338CD936749082CF4838A8572107330B12
[TLS] sign_hash (32): DA59A391E012FFFC3CBF53CADFC554CA4F142404F2F70F55467ED7A8D38BEDB1
[TLS] Written transcript to proofs/MSG_TLS_3C4304A6.out, proofs/SIG_TLS_3C4304A6.out and proofs/PK_TLS_3C4304A6.der
Signature verification succeeds
[TLS] Server time: 1620032399
[TLS] client_random  (32): 50707093EF697FFCA64293E5515E3A9C66FA81282C4E19E1222813CA1AB1DA07
[TLS] sign_hash (32): FB75B6B81ADB97A92458189AF8AF04F7A9011121B3DC670971A6432C9F5422F8
[TLS] Written transcript to proofs/MSG_TLS_50707093.out, proofs/SIG_TLS_50707093.out and proofs/PK_TLS_50707093.der
Signature verification succeeds
[TLS] Server time: 1620032399
[TLS] client_random  (32): 783C225D10A592FB16708121703D078E3FE4C257211A17E1036D3F48FDB7FE69
[TLS] sign_hash (32): 565AC8083F1360551849601F74184DE14C0FB1AF67186AD3BCE6987EE4955B59
[TLS] Written transcript to proofs/MSG_TLS_783C225D.out, proofs/SIG_TLS_783C225D.out and proofs/PK_TLS_783C225D.der
Signature verification succeeds
[TLS] Server time: 1620032399
[TLS] client_random  (32): 18D6316EC54074E2A8F824F8F31047E1189C9E925FA49E0298F6D37C1B298809
[TLS] sign_hash (32): 561A5E2E9CB1498EB4517874426943E5851D3461602B45C9C9C058CF50E14AF6
[TLS] Written transcript to proofs/MSG_TLS_18D6316E.out, proofs/SIG_TLS_18D6316E.out and proofs/PK_TLS_18D6316E.der
Signature verification succeeds
[TLS] Server time: 1620032399
[TLS] client_random  (32): 52254030EF5CCC43D365BCB1619EE95008D38231E19A55F6BD583F9E3F31F817
[TLS] sign_hash (32): 52DC92813BF05473582F7EC65106B19A9FB0CE1E15CEA0A07416B503807AD282
[TLS] Written transcript to proofs/MSG_TLS_52254030.out, proofs/SIG_TLS_52254030.out and proofs/PK_TLS_52254030.der
Signature verification succeeds
[TLS] Server time: 1620032399
[TLS] client_random  (32): 10811751E5C994B24A06B9990D5FB87A92431FF89A3BF6316093E6C82FBFEB73
[TLS] sign_hash (32): C684385B60B83F8AC1DCB85BDFF32A808978924F8FAAA42049C0B0CB40EE7C33
[TLS] Written transcript to proofs/MSG_TLS_10811751.out, proofs/SIG_TLS_10811751.out and proofs/PK_TLS_10811751.der
Signature verification succeeds
[TLS] Server time: 1620032399
[TLS] client_random  (32): 0F8D92C5D18A87A9B4956C0C0050E4B3C7E1BF00E267D6464F1938C5020356CD
[TLS] sign_hash (32): CE9611D895841408EBEBF87720479C71B45C25571CCA200E648B9B9FEF6506D0
[TLS] Written transcript to proofs/MSG_TLS_0F8D92C5.out, proofs/SIG_TLS_0F8D92C5.out and proofs/PK_TLS_0F8D92C5.der
Signature verification succeeds
[TLS] Server time: 1620032399
[TLS] client_random  (32): 3270E51DCB5ED2D662E42EEAD02D8CF83D1D138F0669AC8849C8BF47135A3BDC
[TLS] sign_hash (32): 3F4CEF1FD6E3DFFBF6E42ACBEF2DEB4BC1A6ACA03AA85F824E97531A970294EC
[TLS] Written transcript to proofs/MSG_TLS_3270E51D.out, proofs/SIG_TLS_3270E51D.out and proofs/PK_TLS_3270E51D.der
Signature verification succeeds
[TLS] Server time: 1620032399
[TLS] client_random  (32): 8721592140A80389D7C98F723D0F4127441E05B9FBD254BC50DDADDDFDDBC76E
[TLS] sign_hash (32): 126792459FAFB106BF1696CAD0B40A610961CC12F9ABFDAFBB2605E1E4ACD241
[TLS] Written transcript to proofs/MSG_TLS_87215921.out, proofs/SIG_TLS_87215921.out and proofs/PK_TLS_87215921.der
Signature verification succeeds
[TLS] Server time: 1620032399
[TLS] client_random  (32): 83FFDD433793452981B61B4BB5DA987E200658369042A5158FC6DEEAA4589363
[TLS] sign_hash (32): 2305E9DAE21D201F3FE2C37314953D59113B246E06CE35E094284314260C445E
[TLS] Written transcript to proofs/MSG_TLS_83FFDD43.out, proofs/SIG_TLS_83FFDD43.out and proofs/PK_TLS_83FFDD43.der
Signature verification succeeds
[TLS] Server time: 1620032399
[TLS] client_random  (32): 55893C8F408D541E058029064704DF4A23D6EB095D10FD3503FA98C22F5169A4
[TLS] sign_hash (32): 8A01C3BD84F52EE7BE6C15BA73C4A0545F54D5270523001E204C91A2F6543835
[TLS] Written transcript to proofs/MSG_TLS_55893C8F.out, proofs/SIG_TLS_55893C8F.out and proofs/PK_TLS_55893C8F.der
Signature verification succeeds
[TLS] Server time: 1620032399
[TLS] client_random  (32): 29A463638F4BAB78B7894926ABAB142EBA70C6CCF6581606C9EBA015EBDA270A
[TLS] sign_hash (32): 8ACCFE2776683A37349D622F922000DF90AE2BF5C3987DF16357DE808236B079
[TLS] Written transcript to proofs/MSG_TLS_29A46363.out, proofs/SIG_TLS_29A46363.out and proofs/PK_TLS_29A46363.der
Signature verification succeeds
[TLS] Server time: 1620032399
[TLS] client_random  (32): EAD97DD45EB3FBC0EB3B32752DC36F2FC4293F05AD964E9CD919468E6D80C7B5
[TLS] sign_hash (32): B7EEDD9E16435A79FEACDB492F8D463E7599ABA6F95719698652165696902957
[TLS] Written transcript to proofs/MSG_TLS_EAD97DD4.out, proofs/SIG_TLS_EAD97DD4.out and proofs/PK_TLS_EAD97DD4.der
Signature verification succeeds
[TLS] Server time: 1620032399
[TLS] client_random  (32): 4B7963C0525800ED94A01C6B74A3FD69F792EFCB37D0EFA6F83716D6343BF1FD
[TLS] sign_hash (32): 20556F4A6A4D09CED52671CEDA27FEB7A58EB767F637A925CC97C54B46229558
[TLS] Written transcript to proofs/MSG_TLS_4B7963C0.out, proofs/SIG_TLS_4B7963C0.out and proofs/PK_TLS_4B7963C0.der
Signature verification succeeds
[TLS] Server time: 1620032399
[TLS] client_random  (32): 2781526576A06AF8B2A13489890EEB57EC5839E6A552488011AE8B9EC7FC9B5A
[TLS] sign_hash (32): 6D81AB3725D45716ECB3268F019AE4F6E6E695646B931A835298F051F10A7AB4
[TLS] Written transcript to proofs/MSG_TLS_27815265.out, proofs/SIG_TLS_27815265.out and proofs/PK_TLS_27815265.der
Signature verification succeeds
[TLS] Server time: 1620032399
[TLS] client_random  (32): E2315383A783C99CA125AB07249163BBEB0E524EDED47F7C61379BF75FEBDAFD
[TLS] sign_hash (32): 9AC0D0C191D31421325D87633CB18505FABCB7DE42781E46A56C3DAF58C39929
[TLS] Written transcript to proofs/MSG_TLS_E2315383.out, proofs/SIG_TLS_E2315383.out and proofs/PK_TLS_E2315383.der
Signature verification succeeds
[TLS] Server time: 1620032399
[TLS] client_random  (32): A14944097EB760C59DDCF20BB97BFDF88EDDD822B945BF01878EA9B500FF28E6
[TLS] sign_hash (32): 7C4CDB7397FBEF3CA8B8A2D2E126A5FFDE03104D0C9EBA0420D23EE659C8A45C
[TLS] Written transcript to proofs/MSG_TLS_A1494409.out, proofs/SIG_TLS_A1494409.out and proofs/PK_TLS_A1494409.der
Signature verification succeeds
[TLS] Server time: 1620032399
[TLS] client_random  (32): 3B5FBB62FECD91F7EB8E31FE70293A4908CAB64F5E7B7B4B9FC7418AAEFBD089
[TLS] sign_hash (32): 514B8C07098C00E7BC01E99DA820F263C08DABD5A65669937E1C0BB52F013D15
[TLS] Written transcript to proofs/MSG_TLS_3B5FBB62.out, proofs/SIG_TLS_3B5FBB62.out and proofs/PK_TLS_3B5FBB62.der
Signature verification succeeds
[TLS] Server time: 1620032399
[TLS] client_random  (32): A01EFDBC48E63A75377DA7FF46200377C43ABCA4DD623D1887EB857CA53A6B89
[TLS] sign_hash (32): ED3CDD6AD6B312C66782FFC440612A12E91711E12462DE4C05A03CC5E623EB0F
[TLS] Written transcript to proofs/MSG_TLS_A01EFDBC.out, proofs/SIG_TLS_A01EFDBC.out and proofs/PK_TLS_A01EFDBC.der
Signature verification succeeds
[TLS] Server time: 1620032399
[TLS] client_random  (32): 31FC30AC7A83F8546F3BA62902AC54B52B8C514BB177B755A4E59DF9EA473127
[TLS] sign_hash (32): 41EA55E9FB597A32E5323F873241D55E2DE3F1FB2CBCF4ABF49F62144809C4E3
[TLS] Written transcript to proofs/MSG_TLS_31FC30AC.out, proofs/SIG_TLS_31FC30AC.out and proofs/PK_TLS_31FC30AC.der
Signature verification succeeds
[TLS] Server time: 1620032399
[TLS] client_random  (32): 537F7F97093F70FA195FCAC8A9621DB0305C54D8EEC8D38A243C28EDF07D45D5
[TLS] sign_hash (32): 5E9B34909021DA043A97D3E64C0838812798BACA0E01F7AD9B459621F3A3EF7B
[TLS] Written transcript to proofs/MSG_TLS_537F7F97.out, proofs/SIG_TLS_537F7F97.out and proofs/PK_TLS_537F7F97.der
Signature verification succeeds
[TLS] Server time: 1620032399
[TLS] client_random  (32): 24917C61237C130F2DFC23059BF2970CDD016F2C6D3388BF8943E714E292BA9E
[TLS] sign_hash (32): 9CC6A43689A88A5E0B8C581494E3405BB647DE35BD5594DB69CDA46A569EAE2F
[TLS] Written transcript to proofs/MSG_TLS_24917C61.out, proofs/SIG_TLS_24917C61.out and proofs/PK_TLS_24917C61.der
Signature verification succeeds
[TLS] Server time: 1620032399
[TLS] client_random  (32): 37437B218BD92BEB3B60EE52BB5AD36D7B861C7295FB46A18A74E9DCA5038A20
[TLS] sign_hash (32): 7ACF099E12EFD8C77BF85FC4DA0E803A1DBA5B02D35E55609276084B48E53607
[TLS] Written transcript to proofs/MSG_TLS_37437B21.out, proofs/SIG_TLS_37437B21.out and proofs/PK_TLS_37437B21.der
Signature verification succeeds
[TLS] Server time: 1620032399
[TLS] client_random  (32): F5D6C200B465E50139CA0EC7FAA8FF85500477C521BADA905955B791501ABC1D
[TLS] sign_hash (32): 865DF1F524E02F234CBB647E66190011A5E30506D145FF04B53F7A217E8BAA26
[TLS] Written transcript to proofs/MSG_TLS_F5D6C200.out, proofs/SIG_TLS_F5D6C200.out and proofs/PK_TLS_F5D6C200.der
Signature verification succeeds
[TLS] Server time: 1620032399
[TLS] client_random  (32): AF1E2075FA06561C0FF4D6C5ECD1B0E71805C127F89A61D61E54BC5F86C7565F
[TLS] sign_hash (32): A3E00C49A98571BDEBF8BDE0284C22A195B8B6F21F4E5C6F4681454CF8DF6D85
[TLS] Written transcript to proofs/MSG_TLS_AF1E2075.out, proofs/SIG_TLS_AF1E2075.out and proofs/PK_TLS_AF1E2075.der
Signature verification succeeds
[TLS] Server time: 1620032399
[TLS] client_random  (32): 178AD38C4C60A3DD354C1AD85DA8F186892526CB78289E11216C396B8D95F5A3
[TLS] sign_hash (32): 2F66856B42444577E8B9F2F2B786380F9A3DDD4508D9999BC94D2635F7BDA832
[TLS] Written transcript to proofs/MSG_TLS_178AD38C.out, proofs/SIG_TLS_178AD38C.out and proofs/PK_TLS_178AD38C.der
Signature verification succeeds
[TLS] Server time: 1620032399
[TLS] client_random  (32): E45DA27FCBD46BC25D27C0271F4A8F438526C1B92B1675D00BA9235A73E8E5B4
[TLS] sign_hash (32): B8354C3FDA7480467CE55BAD5EE9336BEFFE7FB40214F28120D19CEDCB26353C
[TLS] Written transcript to proofs/MSG_TLS_E45DA27F.out, proofs/SIG_TLS_E45DA27F.out and proofs/PK_TLS_E45DA27F.der
Signature verification succeeds
[TLS] Server time: 1620032399
[TLS] client_random  (32): 1B0A6667B92C7EEE1A684BB7C39522D37600DA042E81CEF7D138548A38B45103
[TLS] sign_hash (32): 32ED3E84277B6F619D9AA48A028A424377E6A5087B81F936E3B8E54522F501F4
[TLS] Written transcript to proofs/MSG_TLS_1B0A6667.out, proofs/SIG_TLS_1B0A6667.out and proofs/PK_TLS_1B0A6667.der
Signature verification succeeds
[TLS] Server time: 1620032399
[TLS] client_random  (32): B560DAAA8C1A0E7B354C1B99E512F0DD524300F786BDC8D634C0AD584244BB1E
[TLS] sign_hash (32): B53DF112ABF079D270B3EB8554D908BFB0E598A084A2090959B316D6E8CBE522
[TLS] Written transcript to proofs/MSG_TLS_B560DAAA.out, proofs/SIG_TLS_B560DAAA.out and proofs/PK_TLS_B560DAAA.der
Signature verification succeeds
[TLS] Server time: 1620032399
[TLS] client_random  (32): 8F14892909B9C1EB6FAF33ECDEB718848978C799773050F704556C13FC194552
[TLS] sign_hash (32): 4EE085F13D28F4EA16EF3837EE40DA573B2CD4AC34FF50F8204F53F928520310
[TLS] Written transcript to proofs/MSG_TLS_8F148929.out, proofs/SIG_TLS_8F148929.out and proofs/PK_TLS_8F148929.der
Signature verification succeeds
[TLS] Server time: 1620032399
[TLS] client_random  (32): 0E587F83210CE2EA78D94DD69DFF12F46327AFA4A12C01CFE0770EFE94877BF7
[TLS] sign_hash (32): E5334DFCAE49320EB20509215801D094513381B0E65770D58647D804370A256D
[TLS] Written transcript to proofs/MSG_TLS_0E587F83.out, proofs/SIG_TLS_0E587F83.out and proofs/PK_TLS_0E587F83.der
Signature verification succeeds
[TLS] Server time: 1620032399
[TLS] client_random  (32): C428652DDB6CA5313C407546CF8818FDCEEA78654DAF932156FD175D8BAA5EA0
[TLS] sign_hash (32): 12756AF838D026F29E0C9E911A06DF1D811D097C69E566B51818DD8648108209
[TLS] Written transcript to proofs/MSG_TLS_C428652D.out, proofs/SIG_TLS_C428652D.out and proofs/PK_TLS_C428652D.der
Signature verification succeeds
[TLS] Server time: 1620032399
[TLS] client_random  (32): 468E7D2BEE1A0DD9469D856082772767A4E3726212BE1C73F5045F9B93FE5B37
[TLS] sign_hash (32): 23DC329C3D0DBCCBF9C85C9753EE9937C6A770A37CF7BA1B1585555BA1EECAA4
[TLS] Written transcript to proofs/MSG_TLS_468E7D2B.out, proofs/SIG_TLS_468E7D2B.out and proofs/PK_TLS_468E7D2B.der
Signature verification succeeds
[TLS] Server time: 1620032399
[TLS] client_random  (32): 8E37D77E22FC71682CF884723D9C5D64E4DE194907DFB559FBCB40C410770C4F
[TLS] sign_hash (32): 898C7AC74D06EE0188424D39643E958EB9F317008AE35ED7D38DEBE8629D0248
[TLS] Written transcript to proofs/MSG_TLS_8E37D77E.out, proofs/SIG_TLS_8E37D77E.out and proofs/PK_TLS_8E37D77E.der
Signature verification succeeds
[TLS] Server time: 1620032399
[TLS] client_random  (32): 6B01890CA8AAD3A279D9BB6C943658B118D0B52FAC5D44EBA7DB9D4EEDB2E372
[TLS] sign_hash (32): D6C4765345EDF0F37DF0C6BD3C9BCCEADC523769FC73A6BCEA6942EEC9C65D11
[TLS] Written transcript to proofs/MSG_TLS_6B01890C.out, proofs/SIG_TLS_6B01890C.out and proofs/PK_TLS_6B01890C.der
Signature verification succeeds
[TLS] Server time: 1620032399
[TLS] client_random  (32): A8A96E06167AC7F2C1DE739DFC2CDEE1AA9E6E835847429DC16FE5E3F6028546
[TLS] sign_hash (32): 0A4464DF70BFDE6C2331E31316497DCA9EDD4E354D0AED7EBDCB026EC2BB2597
[TLS] Written transcript to proofs/MSG_TLS_A8A96E06.out, proofs/SIG_TLS_A8A96E06.out and proofs/PK_TLS_A8A96E06.der
Signature verification succeeds
[TLS] Server time: 1620032399
[TLS] client_random  (32): 01B0A040406D4E63BA0F1FC8A0D7D562F1BF2C4C0B1E66D805B69F6092796715
[TLS] sign_hash (32): 6B4B595A1F83269064B9012E26EC7BF7B9B0CE6914522234EAD86E21231B96AB
[TLS] Written transcript to proofs/MSG_TLS_01B0A040.out, proofs/SIG_TLS_01B0A040.out and proofs/PK_TLS_01B0A040.der
Signature verification succeeds
[TLS] Server time: 1620032399
[TLS] client_random  (32): F875EB06B252DB9916A58CC82EB2B1B8E642D5B676251D3D6C9C6ACA0E35C9F3
[TLS] sign_hash (32): 08074D3F72B987DA8E74EB0D05A07D3E30398324237A9176BA38C3C4313C6C19
[TLS] Written transcript to proofs/MSG_TLS_F875EB06.out, proofs/SIG_TLS_F875EB06.out and proofs/PK_TLS_F875EB06.der
Signature verification succeeds
[TLS] Server time: 1620032399
[TLS] client_random  (32): 06F11398BB1EC6E97EB3986323205D7690009C961DB951CD7E7345656F1613AE
[TLS] sign_hash (32): D4E490FFD3CBFFD11000DB23DA05E41BE8C051420A055C4425A739E142DFAE26
[TLS] Written transcript to proofs/MSG_TLS_06F11398.out, proofs/SIG_TLS_06F11398.out and proofs/PK_TLS_06F11398.der
Signature verification succeeds
[TLS] Server time: 1620032399
[TLS] client_random  (32): F65ACEDE0F60A3BD2E145A9CDDA05476295C82B7284188B4F6C74C015F28A1C6
[TLS] sign_hash (32): DBCDAB0FE86D61687AFFE2914B6628999E0D38C03D8BA9670534EEE6691BCAAF
[TLS] Written transcript to proofs/MSG_TLS_F65ACEDE.out, proofs/SIG_TLS_F65ACEDE.out and proofs/PK_TLS_F65ACEDE.der
Signature verification succeeds
[TLS] Server time: 1620032399
[TLS] client_random  (32): B240B2B2482903448D8984FC6D066CE404422B0B9F1B9D677DA3B1E7E2FD322F
[TLS] sign_hash (32): 68327374C31B70F95062E876BCDB5697BDF65BBC326EB7A1001E86090ECD69DB
[TLS] Written transcript to proofs/MSG_TLS_B240B2B2.out, proofs/SIG_TLS_B240B2B2.out and proofs/PK_TLS_B240B2B2.der
Signature verification succeeds
[TLS] Server time: 1620032399
[TLS] client_random  (32): 694EE45312D5AA6BDBD240C43AC368CA04ADA749E7667FD4D6A95FACCE7132B5
[TLS] sign_hash (32): 51FD31451EECBACF9263DDD6205B43371E014D620D7A7BB6AF184262951E5A0D
[TLS] Written transcript to proofs/MSG_TLS_694EE453.out, proofs/SIG_TLS_694EE453.out and proofs/PK_TLS_694EE453.der
Signature verification succeeds
[TLS] Server time: 1620032399
[TLS] client_random  (32): 8E732BC65CEDE42702376EE1FF14A3BB13A5497374F6FD0A89423A8A28EB7D15
[TLS] sign_hash (32): 1E86637E996C0F24585B1F5EA1B1AE9F2411F2548E2B7F982AA2A8E0B4E97DD1
[TLS] Written transcript to proofs/MSG_TLS_8E732BC6.out, proofs/SIG_TLS_8E732BC6.out and proofs/PK_TLS_8E732BC6.der
Signature verification succeeds
[TLS] Server time: 1620032399
[TLS] client_random  (32): 7F8A9AD42983EA7726C04AEE3DB08145743ED5718A818D7904052C7BD9E6C0B7
[TLS] sign_hash (32): 17C80BB157C4CA09FA187EFC7D42927E540E967966A127AF73C84A141179A5AE
[TLS] Written transcript to proofs/MSG_TLS_7F8A9AD4.out, proofs/SIG_TLS_7F8A9AD4.out and proofs/PK_TLS_7F8A9AD4.der
Signature verification succeeds
[TLS] Server time: 1620032399
[TLS] client_random  (32): DF316000A73AA2DC7E1C11F0010376F1456D59A6FA8C5D12337DA93120278C20
[TLS] sign_hash (32): 8D0DCD91F5762661B0C7AEAD0B53013EFB27870D5B134CBCBFFD030317E47DB1
[TLS] Written transcript to proofs/MSG_TLS_DF316000.out, proofs/SIG_TLS_DF316000.out and proofs/PK_TLS_DF316000.der
Signature verification succeeds
[TLS] Server time: 1620032399
[TLS] client_random  (32): 8739D99ABF1569CEDE37E54372130F392B8DE6C11FB195977A8A970CBA201187
[TLS] sign_hash (32): 55D3B48EAFD35EC56F5A25A559D3CD13A4756D35B5FB5F5DB1C33A45E7915DCA
[TLS] Written transcript to proofs/MSG_TLS_8739D99A.out, proofs/SIG_TLS_8739D99A.out and proofs/PK_TLS_8739D99A.der
Signature verification succeeds
[TLS] Server time: 1620032399
[TLS] client_random  (32): 02D24DC21B4042E45A897F2E51226933966DA709B249ED51C976C0C0B2AA2E9F
[TLS] sign_hash (32): 1262B1DF7457E9149C9A5C7B7A729D304706554BE6D4338E304009EEBFA79B82
[TLS] Written transcript to proofs/MSG_TLS_02D24DC2.out, proofs/SIG_TLS_02D24DC2.out and proofs/PK_TLS_02D24DC2.der
Signature verification succeeds
[TLS] Server time: 1620032399
[TLS] client_random  (32): 7B1F126D0A334B293C7E040F4F0256B7A922B215DCD8EDB0E3D08C5B1E2918A1
[TLS] sign_hash (32): 323DDFCE3418E34CD19588BEFBEB5904832B928B6C278DC5041BFA7492055990
[TLS] Written transcript to proofs/MSG_TLS_7B1F126D.out, proofs/SIG_TLS_7B1F126D.out and proofs/PK_TLS_7B1F126D.der
Signature verification succeeds
[TLS] Server time: 1620032399
[TLS] client_random  (32): EF5FA0C07CF237C7CFA87A2339BBB141034E5DD1B71CA395789137BE5BD807A8
[TLS] sign_hash (32): C3558F15390F86E98D975F17E53873A4C537D9B12A42302137044AB6D9610FE5
[TLS] Written transcript to proofs/MSG_TLS_EF5FA0C0.out, proofs/SIG_TLS_EF5FA0C0.out and proofs/PK_TLS_EF5FA0C0.der
Signature verification succeeds
[TLS] Server time: 1620032399
[TLS] client_random  (32): 822018C12D3575D61B74639CC3F93D0C1A6EAE11B3F58931C8EB10FF67DD0B37
[TLS] sign_hash (32): C6338FB99481F1579BA3E371D740C42CC6602E1644ED1F8E290843E3DFDDC391
[TLS] Written transcript to proofs/MSG_TLS_822018C1.out, proofs/SIG_TLS_822018C1.out and proofs/PK_TLS_822018C1.der
Signature verification succeeds
[TLS] Server time: 1620032399
[TLS] client_random  (32): 7FAE62BFFD4DFDBFF3AF40C7CE0F672C22F7CB6245AE09AFDD1768C6E7DEE634
[TLS] sign_hash (32): 22B77BA28FFCCDF21151FD4FB4C567AC48D39697E4EFD8D551DCC6A65FD037FB
[TLS] Written transcript to proofs/MSG_TLS_7FAE62BF.out, proofs/SIG_TLS_7FAE62BF.out and proofs/PK_TLS_7FAE62BF.der
Signature verification succeeds
[TLS] Server time: 1620032399
[TLS] client_random  (32): 6DECF426C7A0271D2FC8ED8FD08C8896EF476DFDDC42276064A4FFA310B55982
[TLS] sign_hash (32): 3C1290501B772A822D3D3D5F807009407A9DC384E8E62B42822CE9DAC28BA8B0
[TLS] Written transcript to proofs/MSG_TLS_6DECF426.out, proofs/SIG_TLS_6DECF426.out and proofs/PK_TLS_6DECF426.der
Signature verification succeeds
[TLS] Server time: 1620032399
[TLS] client_random  (32): 8537AC04679CC7AB92D1899AB7ABC5F31E3DD89F30ADFBD736052511CBC6D912
[TLS] sign_hash (32): D579DCA026438B38D2C5957969766F93E5F8A4331ED14B4A7CF3D7F482DCBFD8
[TLS] Written transcript to proofs/MSG_TLS_8537AC04.out, proofs/SIG_TLS_8537AC04.out and proofs/PK_TLS_8537AC04.der
Signature verification succeeds
[TLS] Server time: 1620032399
[TLS] client_random  (32): EBFAF00F570F660EB4F6481D0F3AE262849268DBC4F9355C8D0E10F18D6420EB
[TLS] sign_hash (32): D063634D5D2EDB82F7050D49670A159FE71AAC543D614DAABA7B07A6F032770F
[TLS] Written transcript to proofs/MSG_TLS_EBFAF00F.out, proofs/SIG_TLS_EBFAF00F.out and proofs/PK_TLS_EBFAF00F.der
Signature verification succeeds
[TLS] Server time: 1620032399
[TLS] client_random  (32): BF9FEBA9D9746B10787BAA269F67F0A8E9A6A00BADC06B76AE941338DA75031D
[TLS] sign_hash (32): 3F9489F418782B6D623A21819540A6FC8383F9B879F7AADBF1873E0B3FCB81D8
[TLS] Written transcript to proofs/MSG_TLS_BF9FEBA9.out, proofs/SIG_TLS_BF9FEBA9.out and proofs/PK_TLS_BF9FEBA9.der
Signature verification succeeds
[TLS] Server time: 1620032399
[TLS] client_random  (32): 45E0FE377AF13515BBDA9F8C82208D69038E15366C01BB5EF770BD2828FD02EC
[TLS] sign_hash (32): 2E02F51608BB7C0D20EC6FD7B084B3993A596E553CF28116F8FF7D2F1F9BDA69
[TLS] Written transcript to proofs/MSG_TLS_45E0FE37.out, proofs/SIG_TLS_45E0FE37.out and proofs/PK_TLS_45E0FE37.der
Signature verification succeeds
[TLS] Server time: 1620032399
[TLS] client_random  (32): 28AA7AFD7E522BCDF75CE7FE5EBCDEC3EA30C050AFFFB4CE873477AC51BFF338
[TLS] sign_hash (32): 5D100F201821B3F645EB5DA183FA73DD3B8B37A83F4EA29CA01353602053EBC8
[TLS] Written transcript to proofs/MSG_TLS_28AA7AFD.out, proofs/SIG_TLS_28AA7AFD.out and proofs/PK_TLS_28AA7AFD.der
Signature verification succeeds
[TLS] Server time: 1620032399
[TLS] client_random  (32): DEA62B44D31820D89CA59ED91A20E7A48CEEB4D61149666A2D0BD1758B9B77A5
[TLS] sign_hash (32): D01F5A0B119D104207505A232CA527DBEE194095DE2AC16F3A67A01510662A73
[TLS] Written transcript to proofs/MSG_TLS_DEA62B44.out, proofs/SIG_TLS_DEA62B44.out and proofs/PK_TLS_DEA62B44.der
Signature verification succeeds
[TLS] Server time: 1620032399
[TLS] client_random  (32): 00D67C3763C0165C3D89529A49AF54D50D0AC90E61D9595E1B9AA160F52DD1CD
[TLS] sign_hash (32): D60DFF609F791DCCC30B1EF9C31F849549B1B8214FF3AFC2949C4C4EEC4A243A
[TLS] Written transcript to proofs/MSG_TLS_00D67C37.out, proofs/SIG_TLS_00D67C37.out and proofs/PK_TLS_00D67C37.der
Signature verification succeeds
[TLS] Server time: 1620032399
[TLS] client_random  (32): 2F302AADF31B7C2AA9917D950027B69F74F3D2C9CB327EB34D6509A0F68B61D5
[TLS] sign_hash (32): D24A461B426803759A855823F90AFF2D872F159A5E51EE99144330C2D13AF945
[TLS] Written transcript to proofs/MSG_TLS_2F302AAD.out, proofs/SIG_TLS_2F302AAD.out and proofs/PK_TLS_2F302AAD.der
Signature verification succeeds
[TLS] Server time: 1620032399
[TLS] client_random  (32): F3A4B09A501D2B56538700DA67B3F28728CA6817415CFA69595A4641CA51DA41
[TLS] sign_hash (32): 537AA01935D6C64ABAAD6EBA7ED790E789AD5966C6113C1213F72513C989A3CB
[TLS] Written transcript to proofs/MSG_TLS_F3A4B09A.out, proofs/SIG_TLS_F3A4B09A.out and proofs/PK_TLS_F3A4B09A.der
Signature verification succeeds
[TLS] Server time: 1620032399
[TLS] client_random  (32): 0C2E15ACFE468FF220C499DCB69B0DD90488977B044AAAB07E9FF219F0E5308B
[TLS] sign_hash (32): A5C1FE9794F93E2E133226285099D5A03FA4029D06BED50890D53D455122F120
[TLS] Written transcript to proofs/MSG_TLS_0C2E15AC.out, proofs/SIG_TLS_0C2E15AC.out and proofs/PK_TLS_0C2E15AC.der
Signature verification succeeds
[TLS] Server time: 1620032399
[TLS] client_random  (32): 8ED8ACD7346D2504F4AB66770DEBBD65CFE087B4E11DC1FD45DED40F1D6F12B2
[TLS] sign_hash (32): F38B89F3C7162585F0B9833378514BB3EF726A0A2368037C3B09916C65EAED7D
[TLS] Written transcript to proofs/MSG_TLS_8ED8ACD7.out, proofs/SIG_TLS_8ED8ACD7.out and proofs/PK_TLS_8ED8ACD7.der
Signature verification succeeds
[TLS] Server time: 1620032399
[TLS] client_random  (32): 9043BFFDA9F2C6ECB5C64463DD3FACF576B6C5126449A882492E20D7390E22EC
[TLS] sign_hash (32): E26955B882F5C772871755521C8CD0DEDCA6009FE530C037FCE10155B2B1C111
[TLS] Written transcript to proofs/MSG_TLS_9043BFFD.out, proofs/SIG_TLS_9043BFFD.out and proofs/PK_TLS_9043BFFD.der
Signature verification succeeds
[TLS] Server time: 1620032399
[TLS] client_random  (32): C93136804F59F58E4E6EF94EAFAB9A9C99720C45767A821E7AC18B2F572696C2
[TLS] sign_hash (32): B9473FC5EC6D58608125CB2B21E9DA23FFFBE16B2BF8D605E169224616F899D5
[TLS] Written transcript to proofs/MSG_TLS_C9313680.out, proofs/SIG_TLS_C9313680.out and proofs/PK_TLS_C9313680.der
Signature verification succeeds
[TLS] Server time: 1620032399
[TLS] client_random  (32): 2C25337CACC86FB04D1402AECF11CC5E30FEEE863421AF185F6E767AB30B82BB
[TLS] sign_hash (32): 90FF0391524D03A6CE8E0A8A0BCF037AFBB37A1E8F0DBC8F6EBB4D50D60325B7
[TLS] Written transcript to proofs/MSG_TLS_2C25337C.out, proofs/SIG_TLS_2C25337C.out and proofs/PK_TLS_2C25337C.der
Signature verification succeeds
[TLS] Server time: 1620032399
[TLS] client_random  (32): 60BAAB820D91AED80D880530410EBC4FECE130ED2856663470B01AE32351139B
[TLS] sign_hash (32): 4319BA2241E955688657A35BF0DAC59D6EA3ED0EAC9086BCA30649718B618C67
[TLS] Written transcript to proofs/MSG_TLS_60BAAB82.out, proofs/SIG_TLS_60BAAB82.out and proofs/PK_TLS_60BAAB82.der
Signature verification succeeds
[TLS] Server time: 1620032399
[TLS] client_random  (32): 4A2A0E4F99D965E7052320116D45B78F3DBE2B1E74D5A592D84F0FB6766B345D
[TLS] sign_hash (32): B6FA59DB86AA7CDC549ED413A8A94042AE806254C30C30E4467E7CFE2B28B87B
[TLS] Written transcript to proofs/MSG_TLS_4A2A0E4F.out, proofs/SIG_TLS_4A2A0E4F.out and proofs/PK_TLS_4A2A0E4F.der
Signature verification succeeds
[TLS] Server time: 1620032399
[TLS] client_random  (32): 3D28E384F750E9536E3BE80585666A67FEF9D1A078479B593653618E7F7C2AD7
[TLS] sign_hash (32): C9901D318663FD6BC78913DDC60EEDAE877B8D5F1424D4AD3A0ABEF8E2C735D0
[TLS] Written transcript to proofs/MSG_TLS_3D28E384.out, proofs/SIG_TLS_3D28E384.out and proofs/PK_TLS_3D28E384.der
Signature verification succeeds
[TLS] Server time: 1620032399
[TLS] client_random  (32): C7839DDBFFB1D4A1CC09835E6C567F52AADC5A8B1BD8D0C833FCD9A2F93B5406
[TLS] sign_hash (32): E37A082764CCB8FA77D1DE68E4F210D1879C07BDC0E620F0183F33D9FE7D9169
[TLS] Written transcript to proofs/MSG_TLS_C7839DDB.out, proofs/SIG_TLS_C7839DDB.out and proofs/PK_TLS_C7839DDB.der
Signature verification succeeds
[TLS] Server time: 1620032399
[TLS] client_random  (32): 0297BA32A7EE0B7E548A80212159366C4729A0B338DF9A59AC1DA93F40CB766E
[TLS] sign_hash (32): 46FFB3E6AB455C2CAA0795D5CF82FEC220457A960DE449C0582B79C92A06E5CC
[TLS] Written transcript to proofs/MSG_TLS_0297BA32.out, proofs/SIG_TLS_0297BA32.out and proofs/PK_TLS_0297BA32.der
Signature verification succeeds
[TLS] Server time: 1620032399
[TLS] client_random  (32): 528B092CA1F1D71B1CEA5E7BF8994541402410DAC32D0F4FFA83FFC058605117
[TLS] sign_hash (32): DB993DA5AB6A55E9373DAB55949FBBA7FF31A11FB2395B2A419E4B16785832F2
[TLS] Written transcript to proofs/MSG_TLS_528B092C.out, proofs/SIG_TLS_528B092C.out and proofs/PK_TLS_528B092C.der
Signature verification succeeds
[TLS] Server time: 1620032399
[TLS] client_random  (32): 0FBE6CABA46A7DC0EEAA73AD48AC9B88F9B0A58EBB23067B5232FD1EAD52B889
[TLS] sign_hash (32): 17894F4C354DD42190A7525543A665E3A6F3CDAAA52E4FF1BF8B0872E9094ACF
[TLS] Written transcript to proofs/MSG_TLS_0FBE6CAB.out, proofs/SIG_TLS_0FBE6CAB.out and proofs/PK_TLS_0FBE6CAB.der
Signature verification succeeds
[TLS] Server time: 1620032399
[TLS] client_random  (32): 8F1F020A3BE6FF6DB6BE8A4DCE99EE735EE4DF4BB586B6DE09938CE5EA0CCC69
[TLS] sign_hash (32): C31869F0034232A6B1979F93A87EF6C5AA85E35EE3A91B122ECB5B190CEB5926
[TLS] Written transcript to proofs/MSG_TLS_8F1F020A.out, proofs/SIG_TLS_8F1F020A.out and proofs/PK_TLS_8F1F020A.der
Signature verification succeeds
[TLS] Server time: 1620032399
[TLS] client_random  (32): 177C030E1E2DA7FC2F05EB33B04B4E95C33CE51277CBA573BF41449831A3CD4E
[TLS] sign_hash (32): 5D50DA64DBF666A7B565BFE4B63012956E3DF502228511D8C6689B7776A97A6E
[TLS] Written transcript to proofs/MSG_TLS_177C030E.out, proofs/SIG_TLS_177C030E.out and proofs/PK_TLS_177C030E.der
Signature verification succeeds
[TLS] Server time: 1620032399
[TLS] client_random  (32): D40F63D6A2187D6E02952FB846EFF3393AE3559F4AA0237FBB4F0CFA667B4DE0
[TLS] sign_hash (32): F2824CA0D1CBADE20CCD353EAC162F93D5F479321011A0693CF2D94C33499D5C
[TLS] Written transcript to proofs/MSG_TLS_D40F63D6.out, proofs/SIG_TLS_D40F63D6.out and proofs/PK_TLS_D40F63D6.der
Signature verification succeeds
[TLS] Server time: 1620032399
[TLS] client_random  (32): 2917F90410D5B9C1336CE3C6DA6199BF9B6460EF30ADC1ED80B3566A3C23ABA5
[TLS] sign_hash (32): 8505A5C9EAA7D913221E8F6CA3A2615AE7A4EB1D67B680B236EA19EBAD4FBE84
[TLS] Written transcript to proofs/MSG_TLS_2917F904.out, proofs/SIG_TLS_2917F904.out and proofs/PK_TLS_2917F904.der
Signature verification succeeds
[TLS] Server time: 1620032399
[TLS] client_random  (32): 9D65789D248EBEEEA45423C5846A4FFB7CF95A45282DF2EFFFE5FCEFA14A408B
[TLS] sign_hash (32): 2EA0F8C364134267489BC69931BF93BD3AF2DB965DFC78D8348258C0E5D23B1A
[TLS] Written transcript to proofs/MSG_TLS_9D65789D.out, proofs/SIG_TLS_9D65789D.out and proofs/PK_TLS_9D65789D.der
Signature verification succeeds
[TLS] Server time: 1620032399
[TLS] client_random  (32): 014F612E416EC6836C8831F597A37D174C7E714179DCA87EA8C6954483D66C24
[TLS] sign_hash (32): A6BEBD8223F346401643203E9C35E66658CEF5B8401B0069DC1525BDAACA9058
[TLS] Written transcript to proofs/MSG_TLS_014F612E.out, proofs/SIG_TLS_014F612E.out and proofs/PK_TLS_014F612E.der
Signature verification succeeds
[TLS] Server time: 1620032399
[TLS] client_random  (32): A2384F72F6E2D696E30805404363557DD525AC3D7C5BE7B44944E49FFEA34189
[TLS] sign_hash (32): CD94597A347240C0274E05385D0CE141085512ED1D8294F7AAF7240B0A24920F
[TLS] Written transcript to proofs/MSG_TLS_A2384F72.out, proofs/SIG_TLS_A2384F72.out and proofs/PK_TLS_A2384F72.der
Signature verification succeeds
[TLS] Server time: 1620032399
[TLS] client_random  (32): D97E15652C18987A8B8A17DC45E5281F523AB32016CFE02CAFD32F6A82D369A2
[TLS] sign_hash (32): 606C15884B1A6F5B1130ACCF119A760370FA32C78026BF42D6B159125F277D7E
[TLS] Written transcript to proofs/MSG_TLS_D97E1565.out, proofs/SIG_TLS_D97E1565.out and proofs/PK_TLS_D97E1565.der
Signature verification succeeds
[TLS] Server time: 1620032399
[TLS] client_random  (32): 64B8C1C471871D7E84122C1961FC0FA453BD9F48F25AAAEDE1DBBB3BC8DAAE87
[TLS] sign_hash (32): 84F8DDB1E9F65695D9D53D2AA86E91EBFD84BAF967E6C9C8F9A9B04903903360
[TLS] Written transcript to proofs/MSG_TLS_64B8C1C4.out, proofs/SIG_TLS_64B8C1C4.out and proofs/PK_TLS_64B8C1C4.der
Signature verification succeeds
[TLS] Server time: 1620032399
[TLS] client_random  (32): 6062D35BE466892F914A1B0CCDE68B2646E775D2B90BAFBF9058BA220BC15463
[TLS] sign_hash (32): 6580C0810609868F1CBD0C2D315B13ECA7F583E40D7D9A89C7A2A6D7CCA11042
[TLS] Written transcript to proofs/MSG_TLS_6062D35B.out, proofs/SIG_TLS_6062D35B.out and proofs/PK_TLS_6062D35B.der
Signature verification succeeds
[TLS] Server time: 1620032399
[TLS] client_random  (32): 5AB69A85E9AFD7C61903940C093041ABE2027050F2A1396E6AE5340BB393199C
[TLS] sign_hash (32): B7D49C5A38F0C739C9E25CDDC775E169476977796DA3C78BF0D0FD8C1A6D62BA
[TLS] Written transcript to proofs/MSG_TLS_5AB69A85.out, proofs/SIG_TLS_5AB69A85.out and proofs/PK_TLS_5AB69A85.der
Signature verification succeeds
[TLS] Server time: 1620032399
[TLS] client_random  (32): 34F3F87DA67C16069A24BF33E126432BA9613E9C883E5D36D4BD655D8F914F2B
[TLS] sign_hash (32): D86CD8E975C02E9B0892B1033A5ECAC4BBFF37809963186726ACBC5FC6E23F7E
[TLS] Written transcript to proofs/MSG_TLS_34F3F87D.out, proofs/SIG_TLS_34F3F87D.out and proofs/PK_TLS_34F3F87D.der
Signature verification succeeds
[TLS] Server time: 1620032399
[TLS] client_random  (32): B9DD09CE2259982AB2486CECE0039D638EC7D03C9FA3E3DADA2D22A3CF1017D7
[TLS] sign_hash (32): 096DA8DF358C3EE40EA03D58F1DB9320E59695408EAB53890A8CC08D3375160F
[TLS] Written transcript to proofs/MSG_TLS_B9DD09CE.out, proofs/SIG_TLS_B9DD09CE.out and proofs/PK_TLS_B9DD09CE.der
Signature verification succeeds
[TLS] Server time: 1620032399
[TLS] client_random  (32): 1D5B020388E41394CF7B18A47FBC14D71A30EF8B52C42FB038E6267DF16B6D4D
[TLS] sign_hash (32): FFE40F45CCCFA950B0417C93ACE679FB3415100543BD3AC886B7071318D07C30
[TLS] Written transcript to proofs/MSG_TLS_1D5B0203.out, proofs/SIG_TLS_1D5B0203.out and proofs/PK_TLS_1D5B0203.der
Signature verification succeeds
[TLS] Server time: 1620032399
[TLS] client_random  (32): CEC6F92F84DC0808873D8C3A83A2C3685B9D1E42B6BAF86F2227201BDF996729
[TLS] sign_hash (32): A03D766F7F8A66AB3AACCDED97B120D780AC1ABBE54AB4213A6A58CB84B895AF
[TLS] Written transcript to proofs/MSG_TLS_CEC6F92F.out, proofs/SIG_TLS_CEC6F92F.out and proofs/PK_TLS_CEC6F92F.der
Signature verification succeeds
[TLS] Server time: 1620032399
[TLS] client_random  (32): 42015882A52A444D3AFF0F086306E8BCC1892A97656FC069DB466628F336ECB4
[TLS] sign_hash (32): 47C5A03B6DC088D5E0212D252945BD756A29486F36CEC9D0FF5380369C36AE23
[TLS] Written transcript to proofs/MSG_TLS_42015882.out, proofs/SIG_TLS_42015882.out and proofs/PK_TLS_42015882.der
Signature verification succeeds
[TLS] Server time: 1620032399
[TLS] client_random  (32): 14F3F44D5C6557496162479DFDA1F0C7DF6CE6FE928DA56E14DEB625A4DCC248
[TLS] sign_hash (32): AE1FDF21430FC2DC38D9FD8D59B483E8ABD802EEA590737B25803459645CDEAC
[TLS] Written transcript to proofs/MSG_TLS_14F3F44D.out, proofs/SIG_TLS_14F3F44D.out and proofs/PK_TLS_14F3F44D.der
Signature verification succeeds
[TLS] Server time: 1620032399
[TLS] client_random  (32): BF778B77AFCAF789896A609141E32F2E4323B5709B8860EAF9DC314D6CBD1A75
[TLS] sign_hash (32): 4C690FCD91F3EEE2FC20E78CF200DEE884BB7AD382A8BE2A5F993EC19E25056C
[TLS] Written transcript to proofs/MSG_TLS_BF778B77.out, proofs/SIG_TLS_BF778B77.out and proofs/PK_TLS_BF778B77.der
Signature verification succeeds
[TLS] Server time: 1620032399
[TLS] client_random  (32): 42F1F8F42A6BB2EE799A1A6CE93E6745ED48031FD86058FC0453343AB93CC0CB
[TLS] sign_hash (32): 67E516EA12EAAFB2D0860C92CF5E5F6751AF09E4E5759BA40193FD9D4AF02DF8
[TLS] Written transcript to proofs/MSG_TLS_42F1F8F4.out, proofs/SIG_TLS_42F1F8F4.out and proofs/PK_TLS_42F1F8F4.der
Signature verification succeeds
Time breakdown (averages): anchor_ping:7.525679 file_read:0.135007 hashing:0.470988
Total time for 123 rounds is 1007.728959ms
Standard deviations: anchor_ping:0.302957 file_read:0.012212 hashing:0.004724
[Client-side ops] mean:0.605995 sd:0.013217
in & out anchor rand written to proofs/phase1.out
     24 [TLS] Server time: 1620032398
    100 [TLS] Server time: 1620032399
Count is 24
Count is 100
success: 1
RESULT: 1 in 1 tries
