TLS anchor: www.american.edu
Actual: 60, Set: 123
Beginning execution at Sun Apr 25 05:00:01 UTC 2021
CONF: anchor:www.american.edu fs:1024MB n_rounds:123 seed:5c9f4bf9bbc15bb855f82faedc5a52fc3ab2dfa8ec3ba3ce1b270f31fa0cced2 filename:FILE bs:1024 nops:100 benchmarking:0 anchor_ping:1 queue_depth:32 direct:0
[TLS] Connecting to www.american.edu
[TLS] Server time: 1619326799
[TLS] client_random  (32): 5C9F4BF9BBC15BB855F82FAEDC5A52FC3AB2DFA8EC3BA3CE1B270F31FA0CCED2
[TLS] sign_hash (32): 1FFF87340874B481E236EEFF255CBBDD01CAECACC5791FDA3CFDFE963E756898
[TLS] Written transcript to proofs/MSG_TLS_5C9F4BF9.out, proofs/SIG_TLS_5C9F4BF9.out and proofs/PK_TLS_5C9F4BF9.der
Signature verification succeeds
[TLS] Server time: 1619326799
[TLS] client_random  (32): 9010319B6420E6E8F56641FBF68F0A797B8413F8EFFE170BE753853559911A67
[TLS] sign_hash (32): 38CDAB67E26A2F658783702CC9E760D168928D7B1E11187E2D486169036E4413
[TLS] Written transcript to proofs/MSG_TLS_9010319B.out, proofs/SIG_TLS_9010319B.out and proofs/PK_TLS_9010319B.der
Signature verification succeeds
[TLS] Server time: 1619326799
[TLS] client_random  (32): D1F6F04F0917EA52FCCDB7828B1DE3591CBBE244C9FFD50FAF46785C2EA7611A
[TLS] sign_hash (32): 32B4DB283A471F6D59DA05D6E5169228009AA26EBBA683E3A6F1993E13E7C00C
[TLS] Written transcript to proofs/MSG_TLS_D1F6F04F.out, proofs/SIG_TLS_D1F6F04F.out and proofs/PK_TLS_D1F6F04F.der
Signature verification succeeds
[TLS] Server time: 1619326799
[TLS] client_random  (32): FDF71C13778FCFF7E20D8493B82D9D769FF8945C227748AB4C35DB2B922875ED
[TLS] sign_hash (32): C1BA3371FA60732B842FE443A4B2FC723D30B26B3141E5BFA06E9CB6BF642A24
[TLS] Written transcript to proofs/MSG_TLS_FDF71C13.out, proofs/SIG_TLS_FDF71C13.out and proofs/PK_TLS_FDF71C13.der
Signature verification succeeds
[TLS] Server time: 1619326799
[TLS] client_random  (32): 8B5BCC560386871BA9A635B80C9198C6BC69DA744691081A4412579DE8E12FDB
[TLS] sign_hash (32): 377AFB2EA0CAAE751F06F52B7DEDB8B1B0E9802FDC51A958F74432B3EABFE990
[TLS] Written transcript to proofs/MSG_TLS_8B5BCC56.out, proofs/SIG_TLS_8B5BCC56.out and proofs/PK_TLS_8B5BCC56.der
Signature verification succeeds
[TLS] Server time: 1619326799
[TLS] client_random  (32): D319AE92033BAC789F4BD93FDFD37FD2FFB27EA26C6199ABE4A40D6C26C26077
[TLS] sign_hash (32): 5D544E02059B52642AD593553682AD718AA827D2FA4A3EC9F55DE81E4D762A5A
[TLS] Written transcript to proofs/MSG_TLS_D319AE92.out, proofs/SIG_TLS_D319AE92.out and proofs/PK_TLS_D319AE92.der
Signature verification succeeds
[TLS] Server time: 1619326799
[TLS] client_random  (32): CB2F3178B0F7030A74C54C8325E37638E93B08C7FF236FF862438ABE096E0A21
[TLS] sign_hash (32): 86DBAA115B5C9A614277C439C9CFDC3667D84B7A3DDE8DCBE9DE7B95D53C96A6
[TLS] Written transcript to proofs/MSG_TLS_CB2F3178.out, proofs/SIG_TLS_CB2F3178.out and proofs/PK_TLS_CB2F3178.der
Signature verification succeeds
[TLS] Server time: 1619326799
[TLS] client_random  (32): FCF503F52433B518E825CCF224167BE3E385E798C514489BA0EB81BE4AE695B1
[TLS] sign_hash (32): 87972FFADB66F8F79BE0D06B835AF3EC25749F88E447BE6EBA5E481E151CA3E3
[TLS] Written transcript to proofs/MSG_TLS_FCF503F5.out, proofs/SIG_TLS_FCF503F5.out and proofs/PK_TLS_FCF503F5.der
Signature verification succeeds
[TLS] Server time: 1619326799
[TLS] client_random  (32): 2F579A11860F499083CF8DCD1C40C15621E90FF9546D8D5B5475465E84525416
[TLS] sign_hash (32): AC394D86E5E48B1F183FEF2FD31D25815A73F7DB9D8E177B809E512336DFED72
[TLS] Written transcript to proofs/MSG_TLS_2F579A11.out, proofs/SIG_TLS_2F579A11.out and proofs/PK_TLS_2F579A11.der
Signature verification succeeds
[TLS] Server time: 1619326799
[TLS] client_random  (32): 573FB5B3EE1E862C2C923808CFB6C2F2700E5476FE1F4A7284EBDD19CF37FE00
[TLS] sign_hash (32): 50F60F6D2A0BCA019DB27BFB57D26B1FCC1EB1688D935B0A154399BC62A3EE27
[TLS] Written transcript to proofs/MSG_TLS_573FB5B3.out, proofs/SIG_TLS_573FB5B3.out and proofs/PK_TLS_573FB5B3.der
Signature verification succeeds
[TLS] Server time: 1619326799
[TLS] client_random  (32): B387ADE82269FA7F3B23C02D3C199AF0199AD51E9550D964E776B017E97CAD39
[TLS] sign_hash (32): 98486010945B34C23CC04873D3E55458CEF0B7E70D2FA1FC0B09FFF97CF3ED82
[TLS] Written transcript to proofs/MSG_TLS_B387ADE8.out, proofs/SIG_TLS_B387ADE8.out and proofs/PK_TLS_B387ADE8.der
Signature verification succeeds
[TLS] Server time: 1619326799
[TLS] client_random  (32): F99AA5516BD8EF0CA352AE1CFAC179C064F7A809AE428CFCE595386E745B88F7
[TLS] sign_hash (32): 92FFF72B086B37B1AD52AC5419CFA7C6DF368CECBD85986309EF85E3964923AA
[TLS] Written transcript to proofs/MSG_TLS_F99AA551.out, proofs/SIG_TLS_F99AA551.out and proofs/PK_TLS_F99AA551.der
Signature verification succeeds
[TLS] Server time: 1619326799
[TLS] client_random  (32): B1FEE7D5DF2AFF76AA4066A18C9C8B36B19133CE56F5D910B97225AC5DC698B9
[TLS] sign_hash (32): EDCCB801ADA7D1F1D0B99D4F8451E9C2E16F2A2687C26FADC40E915A71AD36EA
[TLS] Written transcript to proofs/MSG_TLS_B1FEE7D5.out, proofs/SIG_TLS_B1FEE7D5.out and proofs/PK_TLS_B1FEE7D5.der
Signature verification succeeds
[TLS] Server time: 1619326799
[TLS] client_random  (32): 7587479144297C67BFBDDA5725F7366B38D1EFB485D68DA5387B25ECF2D184F8
[TLS] sign_hash (32): EFB3CA62F956B510BDCA6192BC93FD039DBA349991178A58FB2D2104942C7517
[TLS] Written transcript to proofs/MSG_TLS_75874791.out, proofs/SIG_TLS_75874791.out and proofs/PK_TLS_75874791.der
Signature verification succeeds
[TLS] Server time: 1619326799
[TLS] client_random  (32): 9165E2E970E180475C4CC6D75993C7FED68F5CC6919CB01F6D046D03F260FB5A
[TLS] sign_hash (32): 933390F4FE9B0C8981A060CBE2759F04133A40E2CAEF91FDB9E0A1AA5F66CE82
[TLS] Written transcript to proofs/MSG_TLS_9165E2E9.out, proofs/SIG_TLS_9165E2E9.out and proofs/PK_TLS_9165E2E9.der
Signature verification succeeds
[TLS] Server time: 1619326799
[TLS] client_random  (32): 9C4EA3969C807BDF3B4F03B4481ABF50B569D1CAE6EA3B4326279C34869C4624
[TLS] sign_hash (32): DF02FC28F873582B433F509DE4C2BF03E6ED76F9008F783A60976D73ABF65A53
[TLS] Written transcript to proofs/MSG_TLS_9C4EA396.out, proofs/SIG_TLS_9C4EA396.out and proofs/PK_TLS_9C4EA396.der
Signature verification succeeds
[TLS] Server time: 1619326799
[TLS] client_random  (32): 98D401F20B142D6E93934EDB694E4D5D9C70697D7C9D455FB5D57F568869A66D
[TLS] sign_hash (32): 87D6CE51DCE5AB9C30862FDDAA8305BEE536C78BDAFDE44964EB61D4F5B3295E
[TLS] Written transcript to proofs/MSG_TLS_98D401F2.out, proofs/SIG_TLS_98D401F2.out and proofs/PK_TLS_98D401F2.der
Signature verification succeeds
[TLS] Server time: 1619326799
[TLS] client_random  (32): 1A41EF095C10295078FDA2DDEDC73A5AF04027936D98BEBC50FD4E6CA2298BA7
[TLS] sign_hash (32): 5BFC28FDAEA00C2662D87390CCA18AE5413BFACE0872EBE37CAD1E8482D1A24B
[TLS] Written transcript to proofs/MSG_TLS_1A41EF09.out, proofs/SIG_TLS_1A41EF09.out and proofs/PK_TLS_1A41EF09.der
Signature verification succeeds
[TLS] Server time: 1619326799
[TLS] client_random  (32): 9BCC28B6ED8F94F082C04A847A186BA7E56B9045F01D637F00D77AD8A8FD00A5
[TLS] sign_hash (32): EAB6A5D2C192716CDB6EB61823B964FD363ADF33FEE51025E55047F7906FBBA1
[TLS] Written transcript to proofs/MSG_TLS_9BCC28B6.out, proofs/SIG_TLS_9BCC28B6.out and proofs/PK_TLS_9BCC28B6.der
Signature verification succeeds
[TLS] Server time: 1619326799
[TLS] client_random  (32): BDC26D7377A19C6D090469FE851DE2B773DAC3EFE0F4F8024889C296DC5E282E
[TLS] sign_hash (32): 02C5F60B72BDD751C8215658B489FB9240CDA098EB72B192AEEFBD1014D9F901
[TLS] Written transcript to proofs/MSG_TLS_BDC26D73.out, proofs/SIG_TLS_BDC26D73.out and proofs/PK_TLS_BDC26D73.der
Signature verification succeeds
[TLS] Server time: 1619326799
[TLS] client_random  (32): FA4080E11FF2036CA776775A02A2E42A2362E8C1BAF47CBFFB2DFC21FAFF68D4
[TLS] sign_hash (32): 46AD28B5066DEC3C5EE60FCFED05620266B684FAAEFE8519CBC0DBC88516C3E7
[TLS] Written transcript to proofs/MSG_TLS_FA4080E1.out, proofs/SIG_TLS_FA4080E1.out and proofs/PK_TLS_FA4080E1.der
Signature verification succeeds
[TLS] Server time: 1619326799
[TLS] client_random  (32): 5CE529C514FC3FF9F7515D767058EC5BC5C9421A69A1C278D5AC14AF7CB8462B
[TLS] sign_hash (32): 7FD224411B5237FAF2781715DDC2DBBFE1374EEA08F9777C70675A4A2B8B8E33
[TLS] Written transcript to proofs/MSG_TLS_5CE529C5.out, proofs/SIG_TLS_5CE529C5.out and proofs/PK_TLS_5CE529C5.der
Signature verification succeeds
[TLS] Server time: 1619326799
[TLS] client_random  (32): 66F315D7CB08F4DA30ECBA6C9613EE9DBA9C48DEEDA33A680742FFF58C2C1379
[TLS] sign_hash (32): EF65A5985A5761862844E304F22C6B1BCD4547E71F5E99C9D44B0ADC2FFCE2B1
[TLS] Written transcript to proofs/MSG_TLS_66F315D7.out, proofs/SIG_TLS_66F315D7.out and proofs/PK_TLS_66F315D7.der
Signature verification succeeds
[TLS] Server time: 1619326800
[TLS] client_random  (32): 2EB2B78B8C3E564715C9C12E7E43424DF3A14ACBC9EDFD4328246DD2545DE623
[TLS] sign_hash (32): 055EFD4CD2BE5D2C238E6E46E0DC0DC01F84A2A1A07A4EE51519DE5426945C9F
[TLS] Written transcript to proofs/MSG_TLS_2EB2B78B.out, proofs/SIG_TLS_2EB2B78B.out and proofs/PK_TLS_2EB2B78B.der
Signature verification succeeds
[TLS] Server time: 1619326800
[TLS] client_random  (32): 694EC4E4BACBD0DEA156549EF42BBE1D7F65EB50CC9AF7E6CD4AB67A7F3C4E81
[TLS] sign_hash (32): 3BBBCE3C2F49DB2FE20B8D9E73319ED48A15252DD375AE8207C7D50D6DF1ADBD
[TLS] Written transcript to proofs/MSG_TLS_694EC4E4.out, proofs/SIG_TLS_694EC4E4.out and proofs/PK_TLS_694EC4E4.der
Signature verification succeeds
[TLS] Server time: 1619326800
[TLS] client_random  (32): 2C03CF2C93CFC1B48EF7642317AFE887EF3680971D4BEAC5F8362E00AF3FB1B2
[TLS] sign_hash (32): 93D0A89A70AC58EBA4A4D0CD0A4B143D71EC0E23AB627F7F17F31EB150D7F966
[TLS] Written transcript to proofs/MSG_TLS_2C03CF2C.out, proofs/SIG_TLS_2C03CF2C.out and proofs/PK_TLS_2C03CF2C.der
Signature verification succeeds
[TLS] Server time: 1619326800
[TLS] client_random  (32): 9BE637A9F5C17584770A443079F2B68472F6B1829AC838376C0917B7E153ED86
[TLS] sign_hash (32): BE6E5A55307455A7DC50550C7A736F117805271898150B3668ADAB200AD76BFB
[TLS] Written transcript to proofs/MSG_TLS_9BE637A9.out, proofs/SIG_TLS_9BE637A9.out and proofs/PK_TLS_9BE637A9.der
Signature verification succeeds
[TLS] Server time: 1619326800
[TLS] client_random  (32): B7FF9A4E054106C42168DA6D08F24F744E8AE0B608A54163A80E96FD2707B198
[TLS] sign_hash (32): 29D42E2CD58727ED3FA4731E172DA80A029D85380F38DC2BA46B73781DA65F5E
[TLS] Written transcript to proofs/MSG_TLS_B7FF9A4E.out, proofs/SIG_TLS_B7FF9A4E.out and proofs/PK_TLS_B7FF9A4E.der
Signature verification succeeds
[TLS] Server time: 1619326800
[TLS] client_random  (32): D899243C08EFAFDF6FC930BB8F807B5FE661DCC1CA84125AEC69E1D1CD9BBE16
[TLS] sign_hash (32): 1704D24E6847DA349A58A3C2634738FA0E3E6ABA9F61C69BC15E6996D99AAA9D
[TLS] Written transcript to proofs/MSG_TLS_D899243C.out, proofs/SIG_TLS_D899243C.out and proofs/PK_TLS_D899243C.der
Signature verification succeeds
[TLS] Server time: 1619326800
[TLS] client_random  (32): 82C13D78FC29D4A03397E24408CF88A42C7465FEAC87B6B59F44D99AF422E994
[TLS] sign_hash (32): 8ED4F2BF15D637F817B3C5936330D632BD5FDE7E6000CA6A4870E9C00E4F0FD3
[TLS] Written transcript to proofs/MSG_TLS_82C13D78.out, proofs/SIG_TLS_82C13D78.out and proofs/PK_TLS_82C13D78.der
Signature verification succeeds
[TLS] Server time: 1619326800
[TLS] client_random  (32): D0110E75089F4CDA7DB5A1DBC9E648D2499DFBFE2CE385D09A15BB41995D6A82
[TLS] sign_hash (32): 0786355409BFC73C8FC1705BBC3CE33F2232C344E99C962E59F2C3CF7A875048
[TLS] Written transcript to proofs/MSG_TLS_D0110E75.out, proofs/SIG_TLS_D0110E75.out and proofs/PK_TLS_D0110E75.der
Signature verification succeeds
[TLS] Server time: 1619326800
[TLS] client_random  (32): DFF7321314C7A5D32717DB6ECDE154CE278A5C3AD939D039515DBFE7C5DD00AF
[TLS] sign_hash (32): 9B64237405C2465888E608012063C885E143E31687489DACBAF048A18B1C1072
[TLS] Written transcript to proofs/MSG_TLS_DFF73213.out, proofs/SIG_TLS_DFF73213.out and proofs/PK_TLS_DFF73213.der
Signature verification succeeds
[TLS] Server time: 1619326800
[TLS] client_random  (32): 810FCC64F824129A981A65ED56792625C903992D4180D4FB086CFA75AAADF10E
[TLS] sign_hash (32): 8CDA960D55DA05FA6CFB7CCA9FF892C726D62FC9F6A5DD84B2C52D5F711B6AF0
[TLS] Written transcript to proofs/MSG_TLS_810FCC64.out, proofs/SIG_TLS_810FCC64.out and proofs/PK_TLS_810FCC64.der
Signature verification succeeds
[TLS] Server time: 1619326800
[TLS] client_random  (32): A7481CA9133293A025D96C5F5EF1F2176422EC2F8F5B0EC3B5925477B9537B94
[TLS] sign_hash (32): 09AB33C80C4B4FBD274670CAD172E819DF14CB53411414C293B2E0501FC23311
[TLS] Written transcript to proofs/MSG_TLS_A7481CA9.out, proofs/SIG_TLS_A7481CA9.out and proofs/PK_TLS_A7481CA9.der
Signature verification succeeds
[TLS] Server time: 1619326800
[TLS] client_random  (32): DFE3B61B98E77E2B87EAFC0C45C480282586E2C5314562735E823390006876DE
[TLS] sign_hash (32): 70A07D6E1673E7B9CCB58865F0EF1352694AFCDE98CD6F93D9AC8BE390AC9749
[TLS] Written transcript to proofs/MSG_TLS_DFE3B61B.out, proofs/SIG_TLS_DFE3B61B.out and proofs/PK_TLS_DFE3B61B.der
Signature verification succeeds
[TLS] Server time: 1619326800
[TLS] client_random  (32): 73DEFD8991FB7968B9B99D816C3B5D8422196D081D301D78F6F40902DD5CF0C5
[TLS] sign_hash (32): 5EC3E97B1F921F282C7EDFA7410B9B3614553E0FAF0D0874EA47E87574837344
[TLS] Written transcript to proofs/MSG_TLS_73DEFD89.out, proofs/SIG_TLS_73DEFD89.out and proofs/PK_TLS_73DEFD89.der
Signature verification succeeds
[TLS] Server time: 1619326800
[TLS] client_random  (32): 93A52C4D17521BA19305ECFE8A1E93EAE8256AAC10214AAC9948F5E165A90937
[TLS] sign_hash (32): 41DB9C525F40A45445AADC61BB438FBFCC17AAD002C9442A552103F7044EF1F8
[TLS] Written transcript to proofs/MSG_TLS_93A52C4D.out, proofs/SIG_TLS_93A52C4D.out and proofs/PK_TLS_93A52C4D.der
Signature verification succeeds
[TLS] Server time: 1619326800
[TLS] client_random  (32): 30E3DEEA0E93909DB8C1FC9E0E68F708A188B7F6CB83C643CCC4FBC52AE5DBBF
[TLS] sign_hash (32): 88949BB8156D4E875E776434EB239B2CFED6F0769300EDED49D9094064D2E336
[TLS] Written transcript to proofs/MSG_TLS_30E3DEEA.out, proofs/SIG_TLS_30E3DEEA.out and proofs/PK_TLS_30E3DEEA.der
Signature verification succeeds
[TLS] Server time: 1619326800
[TLS] client_random  (32): 16F9970B2750CB4A231B3AC33F72E5F389BDDC1B50834CA6F51E8A325DF70549
[TLS] sign_hash (32): DF50FB7406FDD476CCE26AB1C657CD82904AEB4259D75030572DB3314FF64F9C
[TLS] Written transcript to proofs/MSG_TLS_16F9970B.out, proofs/SIG_TLS_16F9970B.out and proofs/PK_TLS_16F9970B.der
Signature verification succeeds
[TLS] Server time: 1619326800
[TLS] client_random  (32): D8DF76800FB918083FAC2F93D4DCA144FB3F4B6EAEA70157B37E6B53CB3EAA6D
[TLS] sign_hash (32): 9BCDBF0663DCB5743D5A64724825DAA5B8FDD00D56B4D0214C94906BD120A02B
[TLS] Written transcript to proofs/MSG_TLS_D8DF7680.out, proofs/SIG_TLS_D8DF7680.out and proofs/PK_TLS_D8DF7680.der
Signature verification succeeds
[TLS] Server time: 1619326800
[TLS] client_random  (32): C9FE9E2351E6B5BB8F0FA160BC8EAB5172CA668110BA1EF4B342EE98FE9947F4
[TLS] sign_hash (32): EAB25047808DCA513D3EA51C1197756FBF07813CB53CB9447A724B057E6BB6F8
[TLS] Written transcript to proofs/MSG_TLS_C9FE9E23.out, proofs/SIG_TLS_C9FE9E23.out and proofs/PK_TLS_C9FE9E23.der
Signature verification succeeds
[TLS] Server time: 1619326800
[TLS] client_random  (32): 1A9963B00C8524BFC83CAE0AF765759EA5A339609483A2950C89FC6678E8F0FD
[TLS] sign_hash (32): 72B3A9AD48831D92F15706BAD4E0EAC8862D975248C2D9E12300A7C3A9F1218A
[TLS] Written transcript to proofs/MSG_TLS_1A9963B0.out, proofs/SIG_TLS_1A9963B0.out and proofs/PK_TLS_1A9963B0.der
Signature verification succeeds
[TLS] Server time: 1619326800
[TLS] client_random  (32): 1014C411CAEB9E79106BDEC16ACD9F7216CC85D669950713BCAD56F4FEE0777B
[TLS] sign_hash (32): 756DFD3888A7D05B2D35A749453730495A33045547FC73CF4EF9B644A5C2E767
[TLS] Written transcript to proofs/MSG_TLS_1014C411.out, proofs/SIG_TLS_1014C411.out and proofs/PK_TLS_1014C411.der
Signature verification succeeds
[TLS] Server time: 1619326800
[TLS] client_random  (32): 3CEFD41BF0D570A487152B5C495B2506D048BB6996C825CA4E70E92953A2118C
[TLS] sign_hash (32): B2DB4EE8A8B56330570E14E7B168951D2CEA0310A09A86DCDE57BB398185C38F
[TLS] Written transcript to proofs/MSG_TLS_3CEFD41B.out, proofs/SIG_TLS_3CEFD41B.out and proofs/PK_TLS_3CEFD41B.der
Signature verification succeeds
[TLS] Server time: 1619326800
[TLS] client_random  (32): A27829FCA5F4713CD2F666D0466D93C4D90DF3B555A4363392EDB484DA1C5A85
[TLS] sign_hash (32): 3EE53A5A391FC2F9548DEC753C53FAD69D92B671720323B664E145B248493A76
[TLS] Written transcript to proofs/MSG_TLS_A27829FC.out, proofs/SIG_TLS_A27829FC.out and proofs/PK_TLS_A27829FC.der
Signature verification succeeds
[TLS] Server time: 1619326800
[TLS] client_random  (32): 5CACEF10E4655A4788C6EBD8F449947A51446D090B69F3D2A87AC591C8CC8E5D
[TLS] sign_hash (32): E653CF560CEB53A06A16C43605FB1B9BD51CBC2D942F5E846A796DD0917903DA
[TLS] Written transcript to proofs/MSG_TLS_5CACEF10.out, proofs/SIG_TLS_5CACEF10.out and proofs/PK_TLS_5CACEF10.der
Signature verification succeeds
[TLS] Server time: 1619326800
[TLS] client_random  (32): D3BF8D8DFE6C9E94B08AF9B498CE4DE4B12FA789ED814DD7ADEC60274B092A43
[TLS] sign_hash (32): 34D982440F054FBAA90F5C4414C9748240DACBAA4BE68F3B6E727E19173BD31C
[TLS] Written transcript to proofs/MSG_TLS_D3BF8D8D.out, proofs/SIG_TLS_D3BF8D8D.out and proofs/PK_TLS_D3BF8D8D.der
Signature verification succeeds
[TLS] Server time: 1619326800
[TLS] client_random  (32): BE49FD83ECFF79506F63F0653A07F0A4A56BA03B5C6F8F5DFDE57EBEAA1C6643
[TLS] sign_hash (32): 6AF56106C2B408C7AED9ACF03F4AB1C67ABCCF3E746145CA2B23212D577638B1
[TLS] Written transcript to proofs/MSG_TLS_BE49FD83.out, proofs/SIG_TLS_BE49FD83.out and proofs/PK_TLS_BE49FD83.der
Signature verification succeeds
[TLS] Server time: 1619326800
[TLS] client_random  (32): 858F2AF11130ECC74427DEF94A7470E478071ED83C86DEC24A96FDE25CBACBA8
[TLS] sign_hash (32): 960A76EA4C24EF511739F98DC035AA30A123F76D7A434020DE12575AEBBB02F8
[TLS] Written transcript to proofs/MSG_TLS_858F2AF1.out, proofs/SIG_TLS_858F2AF1.out and proofs/PK_TLS_858F2AF1.der
Signature verification succeeds
[TLS] Server time: 1619326800
[TLS] client_random  (32): CD2857DE0AC518464974559DE80DC3615150C682B234BC02854524769A6E2286
[TLS] sign_hash (32): 06844E5E5F0DD5312D4D28317CCB8092C2AB50E1508DF2595FCBC756ED414011
[TLS] Written transcript to proofs/MSG_TLS_CD2857DE.out, proofs/SIG_TLS_CD2857DE.out and proofs/PK_TLS_CD2857DE.der
Signature verification succeeds
[TLS] Server time: 1619326800
[TLS] client_random  (32): 319336877C65B3A81C4D8B325622FC66ACC3F3B1EB04A7D63E05279955D0EDEF
[TLS] sign_hash (32): F0E8FD8525646893C6AFE9095D7956F68F17D35447A9F07078F3622A9CE1201F
[TLS] Written transcript to proofs/MSG_TLS_31933687.out, proofs/SIG_TLS_31933687.out and proofs/PK_TLS_31933687.der
Signature verification succeeds
[TLS] Server time: 1619326800
[TLS] client_random  (32): C42007737349FAC7437F9F6D5F7CD65E29809E98E5DC304D3879CBF894F78E16
[TLS] sign_hash (32): 6A64A9837FF137D87B6CD393EBBCF9BB3B8B6B6E35120E23A55EE7A50E8E235A
[TLS] Written transcript to proofs/MSG_TLS_C4200773.out, proofs/SIG_TLS_C4200773.out and proofs/PK_TLS_C4200773.der
Signature verification succeeds
[TLS] Server time: 1619326800
[TLS] client_random  (32): 16597110ABC7D5899E374178A0C8FDAE3EAC82EC1A464DBA0E99F0448F9DE4B2
[TLS] sign_hash (32): 1E5575AD7CD62019F9A8389A733FDCB93EF44BD2ED9B9BD31DF1CECE7D15C491
[TLS] Written transcript to proofs/MSG_TLS_16597110.out, proofs/SIG_TLS_16597110.out and proofs/PK_TLS_16597110.der
Signature verification succeeds
[TLS] Server time: 1619326800
[TLS] client_random  (32): 7B362C31C287B5833DDF148B133B0421903F6425D46FF803215632B5FAA94A09
[TLS] sign_hash (32): 88E7261DD89D1D649FBE0F7D11AB311120F05189F59A0082842E0953B43F0BD0
[TLS] Written transcript to proofs/MSG_TLS_7B362C31.out, proofs/SIG_TLS_7B362C31.out and proofs/PK_TLS_7B362C31.der
Signature verification succeeds
[TLS] Server time: 1619326800
[TLS] client_random  (32): 14732619FE69E0948A5E2A6F963535D514605A8C69AB59F91D7C2F8E93593FBF
[TLS] sign_hash (32): C4C140D93377207B58F744928BB7FBC4F60E2C97E4A5291E0368B667F21C5893
[TLS] Written transcript to proofs/MSG_TLS_14732619.out, proofs/SIG_TLS_14732619.out and proofs/PK_TLS_14732619.der
Signature verification succeeds
[TLS] Server time: 1619326800
[TLS] client_random  (32): 964A4C46E774A7BDF6E5B024EE7F06C717AE3B6A37181F39D5691A85022BFDC5
[TLS] sign_hash (32): 0D4D4CA725719DA7A4DA07B863452E5650B2CAB85B5A05DA63453B1C0EB0679E
[TLS] Written transcript to proofs/MSG_TLS_964A4C46.out, proofs/SIG_TLS_964A4C46.out and proofs/PK_TLS_964A4C46.der
Signature verification succeeds
[TLS] Server time: 1619326800
[TLS] client_random  (32): DEE0AD94165E66B088EF17AC2BF7CB906E444A30D6D879B5F0C3AF340E1C8C74
[TLS] sign_hash (32): 62E37CAAC1540288CCA24E1D160149E830F8B7655B435AF74B99A0B22EF8BDE3
[TLS] Written transcript to proofs/MSG_TLS_DEE0AD94.out, proofs/SIG_TLS_DEE0AD94.out and proofs/PK_TLS_DEE0AD94.der
Signature verification succeeds
[TLS] Server time: 1619326800
[TLS] client_random  (32): 3B35D20C217C491587FA39DB179AE2A91BA1A23A541B5D1808076D0F5F17914E
[TLS] sign_hash (32): 3315F71C6BD22103AF77C4A2A265BD6BF89AC82BAB22A006640DD746D4C93D0B
[TLS] Written transcript to proofs/MSG_TLS_3B35D20C.out, proofs/SIG_TLS_3B35D20C.out and proofs/PK_TLS_3B35D20C.der
Signature verification succeeds
[TLS] Server time: 1619326800
[TLS] client_random  (32): 9D91C53DFBB20AE491EB68A3D08C96C52B1CFF8016BFB38C82E4B5951DF6444E
[TLS] sign_hash (32): BF6D9ACDBC48829619ADDB5C63FC574951B7A442C3BFDC6C55978F642ED6D0C9
[TLS] Written transcript to proofs/MSG_TLS_9D91C53D.out, proofs/SIG_TLS_9D91C53D.out and proofs/PK_TLS_9D91C53D.der
Signature verification succeeds
[TLS] Server time: 1619326800
[TLS] client_random  (32): 9EAC1C15CF3C17BFA124E9203D90A5EB15C0B3249B9F7BD4C7DE582BE81AFA16
[TLS] sign_hash (32): AE696D6C48B526A3CCE43694561FA26E6114C5A40C7D289E4E10B7BB64EDAE3B
[TLS] Written transcript to proofs/MSG_TLS_9EAC1C15.out, proofs/SIG_TLS_9EAC1C15.out and proofs/PK_TLS_9EAC1C15.der
Signature verification succeeds
[TLS] Server time: 1619326800
[TLS] client_random  (32): A73F6DA5544E159866977E74985F250F17469AB9012C81890B587826E432BA8A
[TLS] sign_hash (32): 7CE983715C58B314E3050123042A60C9E24E01D60B36ABD836599E5BDD08B92E
[TLS] Written transcript to proofs/MSG_TLS_A73F6DA5.out, proofs/SIG_TLS_A73F6DA5.out and proofs/PK_TLS_A73F6DA5.der
Signature verification succeeds
[TLS] Server time: 1619326800
[TLS] client_random  (32): DD72587A087BB322F16CF5B9BF5D297F5D89D323A1173859FE7613134374817E
[TLS] sign_hash (32): AED7B3694F7620E10BCB35C40DB2624C532879DFA1FA094D4DF97861B273310E
[TLS] Written transcript to proofs/MSG_TLS_DD72587A.out, proofs/SIG_TLS_DD72587A.out and proofs/PK_TLS_DD72587A.der
Signature verification succeeds
[TLS] Server time: 1619326800
[TLS] client_random  (32): 8DC37D775B7DB8F692B7A422B3048A0E26DC1E95A82F97E1E246F69DC8AB8929
[TLS] sign_hash (32): 9A5D8CFD5B8D872BFFF1B1DADD7499E55C3524B8F54BF51DFA2A974A26E028AC
[TLS] Written transcript to proofs/MSG_TLS_8DC37D77.out, proofs/SIG_TLS_8DC37D77.out and proofs/PK_TLS_8DC37D77.der
Signature verification succeeds
[TLS] Server time: 1619326800
[TLS] client_random  (32): 245FD7199F8C09B2D4533024A3ED8B00369418D9674B81BD8480C7EA1D8C743F
[TLS] sign_hash (32): B488037BF73446A6F2F92B878AF971B97326C42B5C2303A36CD00A21ADD091DE
[TLS] Written transcript to proofs/MSG_TLS_245FD719.out, proofs/SIG_TLS_245FD719.out and proofs/PK_TLS_245FD719.der
Signature verification succeeds
[TLS] Server time: 1619326800
[TLS] client_random  (32): EB286971D50D1000D758F1B80A3060320766AC2E3112B9478D17084EBF9DACFD
[TLS] sign_hash (32): 84B0A08562FB6E2FFAFE842DF943939D4E785F7D7D80605D43C2CE42F18ADFDF
[TLS] Written transcript to proofs/MSG_TLS_EB286971.out, proofs/SIG_TLS_EB286971.out and proofs/PK_TLS_EB286971.der
Signature verification succeeds
[TLS] Server time: 1619326800
[TLS] client_random  (32): 2042764824EEBD604863E158853E8A949397320BCFFA18C48852FB95ACB20507
[TLS] sign_hash (32): A877F07087FFD8CE94CD9D6584D1EB281C891C60D2166AA0CF44A97D3C830E42
[TLS] Written transcript to proofs/MSG_TLS_20427648.out, proofs/SIG_TLS_20427648.out and proofs/PK_TLS_20427648.der
Signature verification succeeds
[TLS] Server time: 1619326800
[TLS] client_random  (32): 101F02AAA9F68457A09E74040EFF45A558625B593DA0209E3512AA53FE62920F
[TLS] sign_hash (32): F65863C67BCC575B0415B98F38DFCFEB2C9F854822C65490E40F24E9335D9F72
[TLS] Written transcript to proofs/MSG_TLS_101F02AA.out, proofs/SIG_TLS_101F02AA.out and proofs/PK_TLS_101F02AA.der
Signature verification succeeds
[TLS] Server time: 1619326800
[TLS] client_random  (32): B9AAE2A1D3760997B59AA34A630B4E3678CF916AC29C538AE9632CA9A88CEEC5
[TLS] sign_hash (32): 195A45C17FB7AA922B823659E1FA5ADA5C027D99BFBEE0345684E14BA0290750
[TLS] Written transcript to proofs/MSG_TLS_B9AAE2A1.out, proofs/SIG_TLS_B9AAE2A1.out and proofs/PK_TLS_B9AAE2A1.der
Signature verification succeeds
[TLS] Server time: 1619326800
[TLS] client_random  (32): 8D16BFBB49B277DEC12302C790B051B00969DE7894AC84D0E17412FEEFDDC28C
[TLS] sign_hash (32): 30A7C3EAF80F53694EAE7C7ECE0250617456E0F8582A84C7D0786838E74D1714
[TLS] Written transcript to proofs/MSG_TLS_8D16BFBB.out, proofs/SIG_TLS_8D16BFBB.out and proofs/PK_TLS_8D16BFBB.der
Signature verification succeeds
[TLS] Server time: 1619326800
[TLS] client_random  (32): C011A15BBA4C1AEED89BD4E13A1F435DA1B501F74B4DD54679508FEFF215C672
[TLS] sign_hash (32): AC44477EF532A7BE9AB6938E2BA98E7198C6DBE666389741435573BEE709BECC
[TLS] Written transcript to proofs/MSG_TLS_C011A15B.out, proofs/SIG_TLS_C011A15B.out and proofs/PK_TLS_C011A15B.der
Signature verification succeeds
[TLS] Server time: 1619326800
[TLS] client_random  (32): 967AA371A9A6F165616B3DB98DA8B5859F2CBE659E7B161A10302CC729114295
[TLS] sign_hash (32): DDA0BBC072E635F503DFE77820A1A00454A3C8D2F10C6993BDD0252065CEDB62
[TLS] Written transcript to proofs/MSG_TLS_967AA371.out, proofs/SIG_TLS_967AA371.out and proofs/PK_TLS_967AA371.der
Signature verification succeeds
[TLS] Server time: 1619326800
[TLS] client_random  (32): 11F0F5A6428B9F5509661BE7926423E3619458575A79B00C259A6C132ADF53CF
[TLS] sign_hash (32): 168EF061D0F649C4DE3C3A53B106DB302C5F121A08436D9922D154E1449573FF
[TLS] Written transcript to proofs/MSG_TLS_11F0F5A6.out, proofs/SIG_TLS_11F0F5A6.out and proofs/PK_TLS_11F0F5A6.der
Signature verification succeeds
[TLS] Server time: 1619326800
[TLS] client_random  (32): E714A77501260D1CA10D35526639C14D36DB5021D7211500ECE143823AC37184
[TLS] sign_hash (32): B74BB97A4C836DFA609361E30C7DDDFB4DDBC7E06F6C9D0681EFC09D4BD293A8
[TLS] Written transcript to proofs/MSG_TLS_E714A775.out, proofs/SIG_TLS_E714A775.out and proofs/PK_TLS_E714A775.der
Signature verification succeeds
[TLS] Server time: 1619326800
[TLS] client_random  (32): F29BF794B473B7F9EE4640DF3EFEB9665E58D0089BE59903FAFAAE6AAF99933E
[TLS] sign_hash (32): 119489672F993D22D2DC5A0DDD3AD6AE05C387F3082FE5C41DBB653645D38A9A
[TLS] Written transcript to proofs/MSG_TLS_F29BF794.out, proofs/SIG_TLS_F29BF794.out and proofs/PK_TLS_F29BF794.der
Signature verification succeeds
[TLS] Server time: 1619326800
[TLS] client_random  (32): 1B4B5522407288D87B40B3A511BE3B5D2888E285B61FB0B5EF4F26C89E517313
[TLS] sign_hash (32): 695AE2D4C3E246C852896A7DC0400BFDB05F5668F53AEF6C30B3ECE88CC6C8E8
[TLS] Written transcript to proofs/MSG_TLS_1B4B5522.out, proofs/SIG_TLS_1B4B5522.out and proofs/PK_TLS_1B4B5522.der
Signature verification succeeds
[TLS] Server time: 1619326800
[TLS] client_random  (32): D54009E56EE88B9344E0EBF7FEFAFA785843B4742842CDDCCEBAA5D51B07305D
[TLS] sign_hash (32): AD8922F0ACDB9D5BE16E83B6F483BA4BB35634848A1E3A3C6CA9A70DFFAF1AD3
[TLS] Written transcript to proofs/MSG_TLS_D54009E5.out, proofs/SIG_TLS_D54009E5.out and proofs/PK_TLS_D54009E5.der
Signature verification succeeds
[TLS] Server time: 1619326800
[TLS] client_random  (32): 14EE1445E174383F3ED04AB78910AC9DD05EBF59FC934B88B9A86442F02CBD38
[TLS] sign_hash (32): D6E4AA281871DB820E205C4B41FAEAA50A0DB8DAC0EA089B2BE499FDE5C1F9F5
[TLS] Written transcript to proofs/MSG_TLS_14EE1445.out, proofs/SIG_TLS_14EE1445.out and proofs/PK_TLS_14EE1445.der
Signature verification succeeds
[TLS] Server time: 1619326800
[TLS] client_random  (32): 6C915F1CFF01D7A86CFCCECC47E794195E1B2BF10006662B4D07438F55437063
[TLS] sign_hash (32): 6C7E79DC3DECDBB43192FFA0D0FCB7EC837EB6A8EAE81CB3A156D01ADD6670A9
[TLS] Written transcript to proofs/MSG_TLS_6C915F1C.out, proofs/SIG_TLS_6C915F1C.out and proofs/PK_TLS_6C915F1C.der
Signature verification succeeds
[TLS] Server time: 1619326800
[TLS] client_random  (32): 03D049FC40EC93DA436A2047498B0700AEB4F7A17784046CF6D4A03A184B3568
[TLS] sign_hash (32): 4BB2DA28EA639254CE4BB3ABA09226D23D4208CDE32CBAA1A8F09338B859DB6B
[TLS] Written transcript to proofs/MSG_TLS_03D049FC.out, proofs/SIG_TLS_03D049FC.out and proofs/PK_TLS_03D049FC.der
Signature verification succeeds
[TLS] Server time: 1619326800
[TLS] client_random  (32): C42F6A591681EDC2FFED9D598EEB0369B31BC08FF0253F2ECC9DCE241C478AD6
[TLS] sign_hash (32): EC0B5CD61F5663E1F96BC2A2F655AA65A899F30BF957F662D4777012AA3D5250
[TLS] Written transcript to proofs/MSG_TLS_C42F6A59.out, proofs/SIG_TLS_C42F6A59.out and proofs/PK_TLS_C42F6A59.der
Signature verification succeeds
[TLS] Server time: 1619326800
[TLS] client_random  (32): 0D697DA84AD9AD0D547B041F3E53CB44F2E5EA819EC986755503AEBD5A02005A
[TLS] sign_hash (32): 07DF0B5B9645A8ED88601F838C0BB10888F5F56A308CC251BB114C41317EF9E9
[TLS] Written transcript to proofs/MSG_TLS_0D697DA8.out, proofs/SIG_TLS_0D697DA8.out and proofs/PK_TLS_0D697DA8.der
Signature verification succeeds
[TLS] Server time: 1619326800
[TLS] client_random  (32): 4954FCC4A471F8BAD80B9C1C7919892E4E3D6CFED59A5AF945D3B9AADB30955E
[TLS] sign_hash (32): A9A5BB264604566C50203081CC27A3EC4BEBEB2992FC4DAB73D89E17544C6AB7
[TLS] Written transcript to proofs/MSG_TLS_4954FCC4.out, proofs/SIG_TLS_4954FCC4.out and proofs/PK_TLS_4954FCC4.der
Signature verification succeeds
[TLS] Server time: 1619326800
[TLS] client_random  (32): 652A76E3BC69B2F38EC8F855DB0864BA20E6A9848B645EAE1788FC1E277F3BC1
[TLS] sign_hash (32): 6B3425AFB8607B2457B7C413B99A98D0DB6360FC3CBF8D0D14FF1E21538EE691
[TLS] Written transcript to proofs/MSG_TLS_652A76E3.out, proofs/SIG_TLS_652A76E3.out and proofs/PK_TLS_652A76E3.der
Signature verification succeeds
[TLS] Server time: 1619326800
[TLS] client_random  (32): D9F7F14E13FE08FC83A066190EE7564891BA788E8763FC1FBB94559C0ED1C361
[TLS] sign_hash (32): 4CBFA41C4AF8D4A5A167FD0087B5930567F5E2D33868C3EAEC329212E23327E5
[TLS] Written transcript to proofs/MSG_TLS_D9F7F14E.out, proofs/SIG_TLS_D9F7F14E.out and proofs/PK_TLS_D9F7F14E.der
Signature verification succeeds
[TLS] Server time: 1619326800
[TLS] client_random  (32): 7AE108B6C11F6325EC4D3A4F149F7BA571AAD6EC8E003BF9253CF8A3382F6F22
[TLS] sign_hash (32): FD1A4050D397C3444827696B6C0E976537A7089242E72497B3336B5698D9DA95
[TLS] Written transcript to proofs/MSG_TLS_7AE108B6.out, proofs/SIG_TLS_7AE108B6.out and proofs/PK_TLS_7AE108B6.der
Signature verification succeeds
[TLS] Server time: 1619326800
[TLS] client_random  (32): B05706A20239710A6613439E38FD28F74A99B8DDBC42DE2548B9E5A29FCFF3D3
[TLS] sign_hash (32): ACAC6AD4294566484D2E54C4B5D3F9E9FA6B279026364C9B3271DD931F2E0A50
[TLS] Written transcript to proofs/MSG_TLS_B05706A2.out, proofs/SIG_TLS_B05706A2.out and proofs/PK_TLS_B05706A2.der
Signature verification succeeds
[TLS] Server time: 1619326800
[TLS] client_random  (32): E5E2E78B0720E42182571D0959B44D99B91FE49E2E0EB292269BF433F1F0765B
[TLS] sign_hash (32): E8546A99FC9E7BC8A54B6996EED6CF6A67EAB7706D13E0C7B131DF35C1DA0C9A
[TLS] Written transcript to proofs/MSG_TLS_E5E2E78B.out, proofs/SIG_TLS_E5E2E78B.out and proofs/PK_TLS_E5E2E78B.der
Signature verification succeeds
[TLS] Server time: 1619326800
[TLS] client_random  (32): D198C03F4DAC19FEB65F58092001FA879FF2CE851515F68DFDD68B66C121CF98
[TLS] sign_hash (32): 6F8EAB21B7BC2DD74BB19A76B233224961561829E64596751DA3738F18473CC0
[TLS] Written transcript to proofs/MSG_TLS_D198C03F.out, proofs/SIG_TLS_D198C03F.out and proofs/PK_TLS_D198C03F.der
Signature verification succeeds
[TLS] Server time: 1619326800
[TLS] client_random  (32): 043AE689B868A47405AACBDB731456FC89F5551853CACECF134A2375393944F5
[TLS] sign_hash (32): 24264ECD41D9EB02983A70F4FF7755613FFC5E4E70554A521687352F217CEE88
[TLS] Written transcript to proofs/MSG_TLS_043AE689.out, proofs/SIG_TLS_043AE689.out and proofs/PK_TLS_043AE689.der
Signature verification succeeds
[TLS] Server time: 1619326800
[TLS] client_random  (32): 1AB85C895D46674FB9855454B64AFBFECEB69975A8326B9F43066A9D769BEB55
[TLS] sign_hash (32): FA9CB78DB2F18A100524B10837C9629F3C4FBD5CCA8ACB839C0529C973E308EB
[TLS] Written transcript to proofs/MSG_TLS_1AB85C89.out, proofs/SIG_TLS_1AB85C89.out and proofs/PK_TLS_1AB85C89.der
Signature verification succeeds
[TLS] Server time: 1619326800
[TLS] client_random  (32): A458014BC13E2C234C512EEA928DED4BAD0A53DB680C7DF8DBCE11FDF5C2E619
[TLS] sign_hash (32): CA5CAFFB6903D108229BDFA3033F5C941CCF410D900A39D14B0955ABF27C5C41
[TLS] Written transcript to proofs/MSG_TLS_A458014B.out, proofs/SIG_TLS_A458014B.out and proofs/PK_TLS_A458014B.der
Signature verification succeeds
[TLS] Server time: 1619326800
[TLS] client_random  (32): EE3B7E965E8C4159186BF9233D29479FBECEB3F19D7ECF91A0F81EC14E2944EB
[TLS] sign_hash (32): B7F6977FE6D26C6197E9E5E0FD24D3A2B1C4E4538BFFEB92C42C9AB98BF3921D
[TLS] Written transcript to proofs/MSG_TLS_EE3B7E96.out, proofs/SIG_TLS_EE3B7E96.out and proofs/PK_TLS_EE3B7E96.der
Signature verification succeeds
[TLS] Server time: 1619326800
[TLS] client_random  (32): 0F91C1317FFEA5E02A8588B2B8EF953D51F7DF18A7357D4397EB6B7ED297B405
[TLS] sign_hash (32): DEC5163CA221FAECB0055DBF18855659D21277B93BC26B101DB4996BA1145F07
[TLS] Written transcript to proofs/MSG_TLS_0F91C131.out, proofs/SIG_TLS_0F91C131.out and proofs/PK_TLS_0F91C131.der
Signature verification succeeds
[TLS] Server time: 1619326800
[TLS] client_random  (32): 0D744C1D000783A066D7DE5C9801E65EF26BBD168A2CCF00A504B3BE005B2D14
[TLS] sign_hash (32): 678D3665F1BD80A801B71F62BFAF20C2C7C32F07C3C4018FFFE87B1F0D9F1DB1
[TLS] Written transcript to proofs/MSG_TLS_0D744C1D.out, proofs/SIG_TLS_0D744C1D.out and proofs/PK_TLS_0D744C1D.der
Signature verification succeeds
[TLS] Server time: 1619326800
[TLS] client_random  (32): E5964C812F8C585DF55DB8CE4E6225B70FECAC1004814F04E716E212871D3215
[TLS] sign_hash (32): BBA836EED0FDD01E402C0D2B8673BAA6C1C8B77215D128340891A24059BE7EB4
[TLS] Written transcript to proofs/MSG_TLS_E5964C81.out, proofs/SIG_TLS_E5964C81.out and proofs/PK_TLS_E5964C81.der
Signature verification succeeds
[TLS] Server time: 1619326800
[TLS] client_random  (32): 1DA69AE91727711CAD8D94A2821C6707732FA80737D5DB6BD56445880FE571EC
[TLS] sign_hash (32): 0F3937CCB30D6DC040CA3689EBC95A79F237A66F001052CC7B88020478C66228
[TLS] Written transcript to proofs/MSG_TLS_1DA69AE9.out, proofs/SIG_TLS_1DA69AE9.out and proofs/PK_TLS_1DA69AE9.der
Signature verification succeeds
[TLS] Server time: 1619326800
[TLS] client_random  (32): 4B6383275DDB20229F2B754FA5DFD8C3FAE50E9DD1FB2C0AFE721F72A1896A0E
[TLS] sign_hash (32): F6118272FBC349DA08858C25D85EC7392E79CD4D86BE3751C003F1EC474B00CE
[TLS] Written transcript to proofs/MSG_TLS_4B638327.out, proofs/SIG_TLS_4B638327.out and proofs/PK_TLS_4B638327.der
Signature verification succeeds
[TLS] Server time: 1619326800
[TLS] client_random  (32): E1DF9412BD9EE9C2D18AAD03411585CDD0ECB9AD65C5343E9BB0A68EC56608D0
[TLS] sign_hash (32): C38AADFA14C77C3D927BF8D88D7AB6D73C75A9CE0B050B2907B3D9AEE0BD4A95
[TLS] Written transcript to proofs/MSG_TLS_E1DF9412.out, proofs/SIG_TLS_E1DF9412.out and proofs/PK_TLS_E1DF9412.der
Signature verification succeeds
[TLS] Server time: 1619326800
[TLS] client_random  (32): A71ACF39BE35E530FB986E89FD0198954A8ECC695A9FCA1E95AE10F3C7112919
[TLS] sign_hash (32): DBBBA2B606A1A9A0D4E052E8ECEFBDD94625A7059698E278803D7203D825129E
[TLS] Written transcript to proofs/MSG_TLS_A71ACF39.out, proofs/SIG_TLS_A71ACF39.out and proofs/PK_TLS_A71ACF39.der
Signature verification succeeds
[TLS] Server time: 1619326800
[TLS] client_random  (32): FE8EC822B931DC96E33F6A00B3899582668FADD13D2697576B8AC8B37AF6BDEB
[TLS] sign_hash (32): A7AEB69298097D7DF53D8B2D287DFDC9D2019283F27F942465415CACAEC8D925
[TLS] Written transcript to proofs/MSG_TLS_FE8EC822.out, proofs/SIG_TLS_FE8EC822.out and proofs/PK_TLS_FE8EC822.der
Signature verification succeeds
[TLS] Server time: 1619326800
[TLS] client_random  (32): 36CDE9544053F78D840B521793AA0304288579AB54922475362A3DC048E76471
[TLS] sign_hash (32): F1015176C30DE23C23FC4E59C7849302BD4BD2B7D2F7B24E4D26123FA38A0E0E
[TLS] Written transcript to proofs/MSG_TLS_36CDE954.out, proofs/SIG_TLS_36CDE954.out and proofs/PK_TLS_36CDE954.der
Signature verification succeeds
[TLS] Server time: 1619326800
[TLS] client_random  (32): 9168AD5A2561514D607828689F545969DCD13E2769E469A08375DCFB589770F6
[TLS] sign_hash (32): BAF4C5BE7A0188CA318752B151E1D429A1C95F99BC3334F4B9C30E368594791E
[TLS] Written transcript to proofs/MSG_TLS_9168AD5A.out, proofs/SIG_TLS_9168AD5A.out and proofs/PK_TLS_9168AD5A.der
Signature verification succeeds
[TLS] Server time: 1619326800
[TLS] client_random  (32): 2FABABA24600A6F97FFA99558FCFE376AF6C59BC62E736CCF1807AFD6F739B19
[TLS] sign_hash (32): F173BEE431E4041F6B366F1E5E27D4FE777045A1B148CFD9075E98386E258E85
[TLS] Written transcript to proofs/MSG_TLS_2FABABA2.out, proofs/SIG_TLS_2FABABA2.out and proofs/PK_TLS_2FABABA2.der
Signature verification succeeds
[TLS] Server time: 1619326800
[TLS] client_random  (32): A14CAA898C4BC8CB0324B3C87466537387B7FBACFE33AA35E6B5C5099925FCF0
[TLS] sign_hash (32): E8F9C3FC2408D2D8CA3A59F6321A0732FBFCC1939E10083DCCD96715A80F6938
[TLS] Written transcript to proofs/MSG_TLS_A14CAA89.out, proofs/SIG_TLS_A14CAA89.out and proofs/PK_TLS_A14CAA89.der
Signature verification succeeds
[TLS] Server time: 1619326800
[TLS] client_random  (32): D7B308783B5282636CB46FD5CFE48B2DE162FAF050241D870C3B161AA733DD9E
[TLS] sign_hash (32): CCCCA44B237F997218931940E420FD3B3F39675100EDB8E861064A07F3161261
[TLS] Written transcript to proofs/MSG_TLS_D7B30878.out, proofs/SIG_TLS_D7B30878.out and proofs/PK_TLS_D7B30878.der
Signature verification succeeds
[TLS] Server time: 1619326800
[TLS] client_random  (32): 417E634F6F7A7DEE0E90EEAD209B238FB2E594137B5581D9BC996E2C82C200B9
[TLS] sign_hash (32): BB14E4B085A48FE0DCD2DC79CE2CBA1D527118B42FEAA146FBC3B701030DF4BD
[TLS] Written transcript to proofs/MSG_TLS_417E634F.out, proofs/SIG_TLS_417E634F.out and proofs/PK_TLS_417E634F.der
Signature verification succeeds
[TLS] Server time: 1619326800
[TLS] client_random  (32): 40A1508130F00BF37B41C066B4972159231AB75D6E4782E3EFBE93C3382D72B0
[TLS] sign_hash (32): 71A5C625DB80895C5380D0739ACE82B9504CD0EB65B7336FA6274116F59152DB
[TLS] Written transcript to proofs/MSG_TLS_40A15081.out, proofs/SIG_TLS_40A15081.out and proofs/PK_TLS_40A15081.der
Signature verification succeeds
[TLS] Server time: 1619326800
[TLS] client_random  (32): 7BD41BB6DF0684D3B0E6FC4DB66156BDC90CA39D4534E6C834EA905DFE714443
[TLS] sign_hash (32): 55B8286FCAE9C05290E4439468E9747F4134078FECD1DF843303E6073F77D2BD
[TLS] Written transcript to proofs/MSG_TLS_7BD41BB6.out, proofs/SIG_TLS_7BD41BB6.out and proofs/PK_TLS_7BD41BB6.der
Signature verification succeeds
[TLS] Server time: 1619326800
[TLS] client_random  (32): 0DE028789C379CC27FE70FCD428D935A8EB10D870416CBF9FA2ED06893E1D565
[TLS] sign_hash (32): B4DC778548796B987549B048228DE638E776BFC1F392940D2D0F95C5DA5A46C8
[TLS] Written transcript to proofs/MSG_TLS_0DE02878.out, proofs/SIG_TLS_0DE02878.out and proofs/PK_TLS_0DE02878.der
Signature verification succeeds
[TLS] Server time: 1619326800
[TLS] client_random  (32): EE4F7B1B4CEC426D081605C3288A5574E495A36D4B6894D085F4A4A849D252A6
[TLS] sign_hash (32): 767C8853A4D79004C264E96806ECA30836D857E241ED01C8F166885FC31B783E
[TLS] Written transcript to proofs/MSG_TLS_EE4F7B1B.out, proofs/SIG_TLS_EE4F7B1B.out and proofs/PK_TLS_EE4F7B1B.der
Signature verification succeeds
[TLS] Server time: 1619326800
[TLS] client_random  (32): 7A2C95EABE16C7096D36AA2883B2AF1EC708E2373F07B9CAF73C4920C80D8021
[TLS] sign_hash (32): 5FEEE15923CDE8CE3E98BC8BF4267FFC3765CA1788592490B10B06790323DBFF
[TLS] Written transcript to proofs/MSG_TLS_7A2C95EA.out, proofs/SIG_TLS_7A2C95EA.out and proofs/PK_TLS_7A2C95EA.der
Signature verification succeeds
[TLS] Server time: 1619326800
[TLS] client_random  (32): 4666B4F8862FC39FA7DA76AA2F2F434EA44A59DE585257C7C4D6413CD72170D7
[TLS] sign_hash (32): BA939DC591E7F2344016524DEC085571707836585390D492BE5D2CFAF07D3B1E
[TLS] Written transcript to proofs/MSG_TLS_4666B4F8.out, proofs/SIG_TLS_4666B4F8.out and proofs/PK_TLS_4666B4F8.der
Signature verification succeeds
[TLS] Server time: 1619326800
[TLS] client_random  (32): E3FB9112BCEE5ED587F2097E8B573D42C62400C48D0B0CA3ACEA9C98575ED568
[TLS] sign_hash (32): D7BE491D318C4FB18130A30347E9C13372F2F8A6DFBDB1796C01405B6CD13E80
[TLS] Written transcript to proofs/MSG_TLS_E3FB9112.out, proofs/SIG_TLS_E3FB9112.out and proofs/PK_TLS_E3FB9112.der
Signature verification succeeds
[TLS] Server time: 1619326800
[TLS] client_random  (32): E1348B3AF8EE8CF063418A77E57CB7DDE3B2CB23C26BE57632BA75B294B88F3D
[TLS] sign_hash (32): C230837B3D58FBA2C3690DD0F83459D479EE7A3475BC7CFDE782368B7D49F65C
[TLS] Written transcript to proofs/MSG_TLS_E1348B3A.out, proofs/SIG_TLS_E1348B3A.out and proofs/PK_TLS_E1348B3A.der
Signature verification succeeds
[TLS] Server time: 1619326800
[TLS] client_random  (32): 3FB0FF0AD43C3BE36446339EED84895576A70056FD56AD84959C94D83EDD0E3B
[TLS] sign_hash (32): 309E284B0960EFFC3180DA024CA2E9424CAED7313F3FA09FCD726C4EBCF58D42
[TLS] Written transcript to proofs/MSG_TLS_3FB0FF0A.out, proofs/SIG_TLS_3FB0FF0A.out and proofs/PK_TLS_3FB0FF0A.der
Signature verification succeeds
[TLS] Server time: 1619326800
[TLS] client_random  (32): 9FB34106509A22F584E40DAD70DFFB7D6F78B38E080DFE313293ED1CF97EE8DD
[TLS] sign_hash (32): 584F9F30004CA7FE784DE68E36FF14A88C2212D2CF906A7C93D838E17FD2DFC2
[TLS] Written transcript to proofs/MSG_TLS_9FB34106.out, proofs/SIG_TLS_9FB34106.out and proofs/PK_TLS_9FB34106.der
Signature verification succeeds
[TLS] Server time: 1619326800
[TLS] client_random  (32): 5DDC774534F3ADD873D9214744F72B5C8BC730E73D4D1847B0B922FD703C1CB2
[TLS] sign_hash (32): C955D70B6600891B07D095EA7B798005CF4245D770AE7A8D50CD782B81835C95
[TLS] Written transcript to proofs/MSG_TLS_5DDC7745.out, proofs/SIG_TLS_5DDC7745.out and proofs/PK_TLS_5DDC7745.der
Signature verification succeeds
[TLS] Server time: 1619326800
[TLS] client_random  (32): B0233E30153288E358F920508D3ACA8F2C1BDE8E8BC25CDEE862CCB818BD1FE0
[TLS] sign_hash (32): 1DC1B305F8492CB4181C54E3D61C41FE764B9B3791C05903E93FA8340BBA47F8
[TLS] Written transcript to proofs/MSG_TLS_B0233E30.out, proofs/SIG_TLS_B0233E30.out and proofs/PK_TLS_B0233E30.der
Signature verification succeeds
[TLS] Server time: 1619326800
[TLS] client_random  (32): A772CDF3B77807FC8DC24D29BB1353695363A7ACA9E85845E87E2CA2AFA2CA68
[TLS] sign_hash (32): 582FC37C5BCA5DFF5742AEBA7A06B77D1BC5178C2CC0C60BCBAB33F0D5568BD0
[TLS] Written transcript to proofs/MSG_TLS_A772CDF3.out, proofs/SIG_TLS_A772CDF3.out and proofs/PK_TLS_A772CDF3.der
Signature verification succeeds
[TLS] Server time: 1619326800
[TLS] client_random  (32): 959CC5C7B7A4CCEE20323BB49EF7FB409AAB058E15CF103964A0DE618A1B0CC4
[TLS] sign_hash (32): 88078D33D00A34AFC105198F542F568645EAF713A9431542DB01E1C57C11EA85
[TLS] Written transcript to proofs/MSG_TLS_959CC5C7.out, proofs/SIG_TLS_959CC5C7.out and proofs/PK_TLS_959CC5C7.der
Signature verification succeeds
[TLS] Server time: 1619326800
[TLS] client_random  (32): 85FCDF502AA1519D151FB362E500F978E7903C266C1AADA2FF809C266912AEDB
[TLS] sign_hash (32): 774D76D431BBB6BEAE1AA188D2BD7A403050421CF8C70AF24C0F308626617C77
[TLS] Written transcript to proofs/MSG_TLS_85FCDF50.out, proofs/SIG_TLS_85FCDF50.out and proofs/PK_TLS_85FCDF50.der
Signature verification succeeds
[TLS] Server time: 1619326800
[TLS] client_random  (32): FD0BDC73FBFF72AAF7B0C48260504C7B043A1FD433D381FC81C0F86DFD0FF4B2
[TLS] sign_hash (32): F31D4B45DBB364539503992AC22D1E61C911548E2E0CBD3FEBFE94986F9B39F9
[TLS] Written transcript to proofs/MSG_TLS_FD0BDC73.out, proofs/SIG_TLS_FD0BDC73.out and proofs/PK_TLS_FD0BDC73.der
Signature verification succeeds
[TLS] Server time: 1619326800
[TLS] client_random  (32): 16DF1AAC18D71CC0DA489AB43558E284C3D43EEF2AF665168290F3985D270E8B
[TLS] sign_hash (32): 7CB04FDA18190D42549B8D8B978D3CB8D9BE7E941181AC8CFB8F73F5EDDB18CA
[TLS] Written transcript to proofs/MSG_TLS_16DF1AAC.out, proofs/SIG_TLS_16DF1AAC.out and proofs/PK_TLS_16DF1AAC.der
Signature verification succeeds
[TLS] Server time: 1619326800
[TLS] client_random  (32): D52891AA9F1977F94A6DB424DF05AC881C0FAEA4E8F39A41A7BF0658F858F497
[TLS] sign_hash (32): E975E5A560A375107F787112D110320441231AA1F26D22272CD011A82F9692E2
[TLS] Written transcript to proofs/MSG_TLS_D52891AA.out, proofs/SIG_TLS_D52891AA.out and proofs/PK_TLS_D52891AA.der
Signature verification succeeds
Time breakdown (averages): anchor_ping:7.565938 file_read:0.126449 hashing:0.470557
Total time for 123 rounds is 1011.616054ms
Standard deviations: anchor_ping:0.457699 file_read:0.012817 hashing:0.004394
[Client-side ops] mean:0.597006 sd:0.014402
in & out anchor rand written to proofs/phase1.out
     23 [TLS] Server time: 1619326799
    101 [TLS] Server time: 1619326800
Count is 23
Count is 101
success: 1
RESULT: 1 in 1 tries
