TLS anchor: www.american.edu
Actual: 60, Set: 123
Beginning execution at Tue Apr 27 06:30:01 UTC 2021
CONF: anchor:www.american.edu fs:1024MB n_rounds:123 seed:5c9f4bf9bbc15bb855f82faedc5a52fc3ab2dfa8ec3ba3ce1b270f31fa0cced2 filename:FILE bs:1024 nops:100 benchmarking:0 anchor_ping:1 queue_depth:32 direct:0
[TLS] Connecting to www.american.edu
[TLS] Server time: 1619504999
[TLS] client_random  (32): 5C9F4BF9BBC15BB855F82FAEDC5A52FC3AB2DFA8EC3BA3CE1B270F31FA0CCED2
[TLS] sign_hash (32): D4DED7DACB096E3CB2DAD2052B8461F2DAD8B8FC999427BB86D3868FBCCD73AD
[TLS] Written transcript to proofs/MSG_TLS_5C9F4BF9.out, proofs/SIG_TLS_5C9F4BF9.out and proofs/PK_TLS_5C9F4BF9.der
Signature verification succeeds
[TLS] Server time: 1619504999
[TLS] client_random  (32): 54D1FA4F9D40CB89E227226B89E794FCD6317EFC6C4584AC1B4CBC8877975263
[TLS] sign_hash (32): 3BB1FAADAE5D717577BA7A6693349D0838DD6BAE24E787C796ECF435A5594BB9
[TLS] Written transcript to proofs/MSG_TLS_54D1FA4F.out, proofs/SIG_TLS_54D1FA4F.out and proofs/PK_TLS_54D1FA4F.der
Signature verification succeeds
[TLS] Server time: 1619504999
[TLS] client_random  (32): 8194A2527FA6644A9FA04E4BF21FB6FB0C7E11EC61A1A78EEB3C0DA85ABA4BF4
[TLS] sign_hash (32): FDF29A634B996CD2FBFF3579A73E477A7DDC784151EEE87C83920E15BE1DE259
[TLS] Written transcript to proofs/MSG_TLS_8194A252.out, proofs/SIG_TLS_8194A252.out and proofs/PK_TLS_8194A252.der
Signature verification succeeds
[TLS] Server time: 1619504999
[TLS] client_random  (32): E5114D66170739235781C36294FF1A647F8508AAD64AA26315F10E4138A9212B
[TLS] sign_hash (32): 70AD01B35B9D172F05741CF3AA7392A0D50722DF5A1AB4B740162D310F840BC0
[TLS] Written transcript to proofs/MSG_TLS_E5114D66.out, proofs/SIG_TLS_E5114D66.out and proofs/PK_TLS_E5114D66.der
Signature verification succeeds
[TLS] Server time: 1619504999
[TLS] client_random  (32): 281BAAA9E2C48A2E11D2C9236D91870258BCFA1CD1294C3C8B85F309D8864950
[TLS] sign_hash (32): 1E0DC73CB967DA810CD50DF531AC88CCC907125E6F294430AAC0F99547AE7743
[TLS] Written transcript to proofs/MSG_TLS_281BAAA9.out, proofs/SIG_TLS_281BAAA9.out and proofs/PK_TLS_281BAAA9.der
Signature verification succeeds
[TLS] Server time: 1619504999
[TLS] client_random  (32): CB49EE900A75EF27B655FA6128C42A39A8A7560CE6B05CC438964C703092456F
[TLS] sign_hash (32): 7F824AE671A2F0B5A6028C26146CAFBEBDECFAAE545D8193A35BFF97DB42060D
[TLS] Written transcript to proofs/MSG_TLS_CB49EE90.out, proofs/SIG_TLS_CB49EE90.out and proofs/PK_TLS_CB49EE90.der
Signature verification succeeds
[TLS] Server time: 1619504999
[TLS] client_random  (32): D656464B49E8B6103F5E74F48601593C83CE2DF99FB66BAA6AE69F2FF19517C1
[TLS] sign_hash (32): 85140FAC48E1897AD44FD640AC658D0DEC80D65D91EDC42CEA04451EB8DFDB76
[TLS] Written transcript to proofs/MSG_TLS_D656464B.out, proofs/SIG_TLS_D656464B.out and proofs/PK_TLS_D656464B.der
Signature verification succeeds
[TLS] Server time: 1619504999
[TLS] client_random  (32): 6085773F6443D34A61277823E97B9493386F15387721709318F476E6109E2910
[TLS] sign_hash (32): C1D6D6879DC448CF2E98E80C9545CFEB14D80F8FACF01C6322A18160F8C76379
[TLS] Written transcript to proofs/MSG_TLS_6085773F.out, proofs/SIG_TLS_6085773F.out and proofs/PK_TLS_6085773F.der
Signature verification succeeds
[TLS] Server time: 1619504999
[TLS] client_random  (32): 28DB860A8874689EC30EC0C621BD695A75839FE70E1EEA1CC17D131180633BF3
[TLS] sign_hash (32): C506D9189D54A281EBAB445F9B8A066EA3DB43E9E89947E42FC3F89BBE3A26AE
[TLS] Written transcript to proofs/MSG_TLS_28DB860A.out, proofs/SIG_TLS_28DB860A.out and proofs/PK_TLS_28DB860A.der
Signature verification succeeds
[TLS] Server time: 1619504999
[TLS] client_random  (32): 09561F65941CA48080A428B7B4AE0FB75914601F7EB9A270A3E4C68D7C0410AF
[TLS] sign_hash (32): FF7DF26EAEF8DDDCD2948FF796869C86F89726D4C84976756A90040F5A52B0DF
[TLS] Written transcript to proofs/MSG_TLS_09561F65.out, proofs/SIG_TLS_09561F65.out and proofs/PK_TLS_09561F65.der
Signature verification succeeds
[TLS] Server time: 1619504999
[TLS] client_random  (32): 0729B31BE3A5FA3F387B24B3E9CCA392B001838CA50F535EC6D7DB3263197A5A
[TLS] sign_hash (32): E560E69EF1D6C714FF7E0F86774BDFDDE9D5E850A30AF11BEF57031B89A2B841
[TLS] Written transcript to proofs/MSG_TLS_0729B31B.out, proofs/SIG_TLS_0729B31B.out and proofs/PK_TLS_0729B31B.der
Signature verification succeeds
[TLS] Server time: 1619504999
[TLS] client_random  (32): C074FA26C2AD953465D7C335ECF9B7CFFB39D8690E28F4F55AEAC07E90464883
[TLS] sign_hash (32): A7107627735C71722572237B3220BFEEC92AC121E2536712176723C9B8B68B37
[TLS] Written transcript to proofs/MSG_TLS_C074FA26.out, proofs/SIG_TLS_C074FA26.out and proofs/PK_TLS_C074FA26.der
Signature verification succeeds
[TLS] Server time: 1619505000
[TLS] client_random  (32): AF63981E4D041FB97398FAD528F7C8E7CCD009BFD89DBF72D0B6BAF310995A20
[TLS] sign_hash (32): 63145AF588AA9D8989D035D029DA850A2ABD5998CAD2ECF8D31B1670929D0BB1
[TLS] Written transcript to proofs/MSG_TLS_AF63981E.out, proofs/SIG_TLS_AF63981E.out and proofs/PK_TLS_AF63981E.der
Signature verification succeeds
[TLS] Server time: 1619505000
[TLS] client_random  (32): F75E19B7F04082D4549326E804F3CFDCC9BD4AFA5BC01BB78F0A61A257550AE0
[TLS] sign_hash (32): 4F93423ABB56C7A7B8E57BA0BECDD3C100D978B898A3CF60F80A62045D8C9331
[TLS] Written transcript to proofs/MSG_TLS_F75E19B7.out, proofs/SIG_TLS_F75E19B7.out and proofs/PK_TLS_F75E19B7.der
Signature verification succeeds
[TLS] Server time: 1619505000
[TLS] client_random  (32): EA98BECD16A4B024CE9FFD3B5602CB82AB5F158A3240957C9B480542907FA040
[TLS] sign_hash (32): 1D92D48BE88F4C525183872A19692A40BED4B0688753EF7CA0F6C78EE511DCFA
[TLS] Written transcript to proofs/MSG_TLS_EA98BECD.out, proofs/SIG_TLS_EA98BECD.out and proofs/PK_TLS_EA98BECD.der
Signature verification succeeds
[TLS] Server time: 1619505000
[TLS] client_random  (32): 4EFF284A376E53BBE117B63BA5527CB1172F9121862F6F37F07A61E2E84441D3
[TLS] sign_hash (32): 1AFF700F6BCC8AFF49B2FF008548010E1CEA4BA96F3979E5A133348D17D3D052
[TLS] Written transcript to proofs/MSG_TLS_4EFF284A.out, proofs/SIG_TLS_4EFF284A.out and proofs/PK_TLS_4EFF284A.der
Signature verification succeeds
[TLS] Server time: 1619505000
[TLS] client_random  (32): 66F2CF9ECDB1A12DAF727D525EA4AEA34F1C2590F18A9470AEFC22A56491CD9F
[TLS] sign_hash (32): 6E8346340478138E093E86A41AB79C5C460CB27F6A6FE2E8DF9F25172D71D447
[TLS] Written transcript to proofs/MSG_TLS_66F2CF9E.out, proofs/SIG_TLS_66F2CF9E.out and proofs/PK_TLS_66F2CF9E.der
Signature verification succeeds
[TLS] Server time: 1619505000
[TLS] client_random  (32): C8C2D85E41615371BC6BB71D0499FFBAF0AC063CE32E4554FE9352319633FE54
[TLS] sign_hash (32): 49AF1EE4C6CCE1A4C0A0AEC19BD6813EF432298E157B1A6F8C2CEB70C46A9C27
[TLS] Written transcript to proofs/MSG_TLS_C8C2D85E.out, proofs/SIG_TLS_C8C2D85E.out and proofs/PK_TLS_C8C2D85E.der
Signature verification succeeds
[TLS] Server time: 1619505000
[TLS] client_random  (32): 12A80408BD5265E1EE08B562CBE59666D06490EFD3483F5D3B07B567B33B846D
[TLS] sign_hash (32): 0F8DA73E381B0228DD79A8487878DE67998F2ADE918AFAF5952E4ED8DEE4D1B6
[TLS] Written transcript to proofs/MSG_TLS_12A80408.out, proofs/SIG_TLS_12A80408.out and proofs/PK_TLS_12A80408.der
Signature verification succeeds
[TLS] Server time: 1619505000
[TLS] client_random  (32): AE6FB164D32644B6E1781ADF43AC03D168DFC18A315964CB62DABED7DABE0D34
[TLS] sign_hash (32): 037C863B847255AC75A4F78817EA76FC55AD97EB5D3E24661550253EA28EE141
[TLS] Written transcript to proofs/MSG_TLS_AE6FB164.out, proofs/SIG_TLS_AE6FB164.out and proofs/PK_TLS_AE6FB164.der
Signature verification succeeds
[TLS] Server time: 1619505000
[TLS] client_random  (32): 9BA4283D5F6A2542D072AA5CF28FC10BF48930D7118FD2D6A206BD508E900A42
[TLS] sign_hash (32): C9C7020E46FD0DDB1B4E97A0114D2C810D43BD61E554369CF170FA15686A5769
[TLS] Written transcript to proofs/MSG_TLS_9BA4283D.out, proofs/SIG_TLS_9BA4283D.out and proofs/PK_TLS_9BA4283D.der
Signature verification succeeds
[TLS] Server time: 1619505000
[TLS] client_random  (32): 107E1E74C7112CBA19E04D5FE1D7D62DCD8F41A070681A8A16F1BF9156DF6AE4
[TLS] sign_hash (32): 27C3D75D5DC6D5CBC63757B7FB79312E7246C748255BD13BCCED1EDB41A7FCE5
[TLS] Written transcript to proofs/MSG_TLS_107E1E74.out, proofs/SIG_TLS_107E1E74.out and proofs/PK_TLS_107E1E74.der
Signature verification succeeds
[TLS] Server time: 1619505000
[TLS] client_random  (32): B3E60407768C2DA57CAB97DF26CA8023E8C4C29CC6E057A20673415B3D5499FE
[TLS] sign_hash (32): 220E0B03B2E3DDE49126EBC5CE2A7E83F6D053F330B62729BA37D65B04DE7ABC
[TLS] Written transcript to proofs/MSG_TLS_B3E60407.out, proofs/SIG_TLS_B3E60407.out and proofs/PK_TLS_B3E60407.der
Signature verification succeeds
[TLS] Server time: 1619505000
[TLS] client_random  (32): AEB51B82895424F66C99090B38022288647003284F913027F2659DBEC8DEEFED
[TLS] sign_hash (32): 1FB75A127DA6F420B88768048CD985E2980772E3D8B67C7B2090DEE18A0DC156
[TLS] Written transcript to proofs/MSG_TLS_AEB51B82.out, proofs/SIG_TLS_AEB51B82.out and proofs/PK_TLS_AEB51B82.der
Signature verification succeeds
[TLS] Server time: 1619505000
[TLS] client_random  (32): 4995213A0AC17B46C4C4C35C1D4FC778BB9D95A72502880ECBC72D9298304E29
[TLS] sign_hash (32): C6E75BF50D9D043B79936D5725FE88F21B4FD59EBC3BD06B74AA7AD3D9CB6BC9
[TLS] Written transcript to proofs/MSG_TLS_4995213A.out, proofs/SIG_TLS_4995213A.out and proofs/PK_TLS_4995213A.der
Signature verification succeeds
[TLS] Server time: 1619505000
[TLS] client_random  (32): 625808D2B042A8D692C0073827827A13BA1D7F44F362B0EC436AB80277C8D779
[TLS] sign_hash (32): 618D7CD03928DC0F3B6965C2360D4193C22919050DF29F33B6964A62072F8F0F
[TLS] Written transcript to proofs/MSG_TLS_625808D2.out, proofs/SIG_TLS_625808D2.out and proofs/PK_TLS_625808D2.der
Signature verification succeeds
[TLS] Server time: 1619505000
[TLS] client_random  (32): EDF462A97A08A8335C09F2BC69FB7B6A34BD04454410D9FF15338665089A0147
[TLS] sign_hash (32): CE18EF72C2BAD67D1388E7C67CCF394AD8CA33663D600672C99252F29DD19A53
[TLS] Written transcript to proofs/MSG_TLS_EDF462A9.out, proofs/SIG_TLS_EDF462A9.out and proofs/PK_TLS_EDF462A9.der
Signature verification succeeds
[TLS] Server time: 1619505000
[TLS] client_random  (32): 9DB40F73147132C2BDE968F7E7693340E66D19AAAD627FC41AE051764232D7BE
[TLS] sign_hash (32): C21A2A19798BC6E95D7983147712DE2C342ACEE2FD774FC9705811CF6ECFDE6D
[TLS] Written transcript to proofs/MSG_TLS_9DB40F73.out, proofs/SIG_TLS_9DB40F73.out and proofs/PK_TLS_9DB40F73.der
Signature verification succeeds
[TLS] Server time: 1619505000
[TLS] client_random  (32): 0B81A04766FB418F4ED3E54F9F3E470AA9813D90CD26838C1D20251ED52C9448
[TLS] sign_hash (32): 7DA99DB576130D17D4BD9A71BEF407E259225A3ED95478A6DAC38EA0BE021BF7
[TLS] Written transcript to proofs/MSG_TLS_0B81A047.out, proofs/SIG_TLS_0B81A047.out and proofs/PK_TLS_0B81A047.der
Signature verification succeeds
[TLS] Server time: 1619505000
[TLS] client_random  (32): 6E23B8F31A0D97BAEBEE8FFDF6708B2E48280F54CCC60ACB0E37FEA6AF136322
[TLS] sign_hash (32): 56199509F69CDF330B8793D737425144F8A21353FC038D1C6B60CDE07F776447
[TLS] Written transcript to proofs/MSG_TLS_6E23B8F3.out, proofs/SIG_TLS_6E23B8F3.out and proofs/PK_TLS_6E23B8F3.der
Signature verification succeeds
[TLS] Server time: 1619505000
[TLS] client_random  (32): 33D9C148A127CA70C664FCAB9A3834EAF961E94630606AA06771257F11C3029C
[TLS] sign_hash (32): B81433C5E11AB47A9ACF0AA07B7732849F60D7335B212C4DBBE527DFC1736F67
[TLS] Written transcript to proofs/MSG_TLS_33D9C148.out, proofs/SIG_TLS_33D9C148.out and proofs/PK_TLS_33D9C148.der
Signature verification succeeds
[TLS] Server time: 1619505000
[TLS] client_random  (32): 69C0E355B81509B60E7D837A992870192200F58EF8B623CE25A9ADE0CC60D5A5
[TLS] sign_hash (32): E2C99FFB2B5CB39B5A92709389304FB67AB25FE210CD7C400345744B0F358146
[TLS] Written transcript to proofs/MSG_TLS_69C0E355.out, proofs/SIG_TLS_69C0E355.out and proofs/PK_TLS_69C0E355.der
Signature verification succeeds
[TLS] Server time: 1619505000
[TLS] client_random  (32): E35055E26B916E76E5D19C69AAC16A64304279BB738935AB49588586872517B5
[TLS] sign_hash (32): 14B829107C35FCDA54AFAD5FB2268CC613ED4CB64D4C98AA4889C13AAAF574D0
[TLS] Written transcript to proofs/MSG_TLS_E35055E2.out, proofs/SIG_TLS_E35055E2.out and proofs/PK_TLS_E35055E2.der
Signature verification succeeds
[TLS] Server time: 1619505000
[TLS] client_random  (32): 8028B96A4357FDB62F54A8823222E0827F57F77B6B1F777CF63A024A66F920FD
[TLS] sign_hash (32): C4CEB7E2092EB036009A728FEFF0F0180DED62A0DA4BFCB7CC64C49B6C3AD188
[TLS] Written transcript to proofs/MSG_TLS_8028B96A.out, proofs/SIG_TLS_8028B96A.out and proofs/PK_TLS_8028B96A.der
Signature verification succeeds
[TLS] Server time: 1619505000
[TLS] client_random  (32): 19BF696C25950DA369A280E2BAA22B3099B887594B3C2887223B844A9D2C5E8F
[TLS] sign_hash (32): 7C04FDFBE2011814165B8D17D83656633C02E55CE18FD6861A8D7D57F8E391E7
[TLS] Written transcript to proofs/MSG_TLS_19BF696C.out, proofs/SIG_TLS_19BF696C.out and proofs/PK_TLS_19BF696C.der
Signature verification succeeds
[TLS] Server time: 1619505000
[TLS] client_random  (32): C2BD8768C100EECCA5E9F49F00F2F31E66EDE03B889508799EBA65A16CA97624
[TLS] sign_hash (32): 4442BEB7EFF5A55E27E7EAEEB24E7D87913722CEE2D176CF23A4E4A9E14024B9
[TLS] Written transcript to proofs/MSG_TLS_C2BD8768.out, proofs/SIG_TLS_C2BD8768.out and proofs/PK_TLS_C2BD8768.der
Signature verification succeeds
[TLS] Server time: 1619505000
[TLS] client_random  (32): 505BB1B8409D0CE4DD55FF4B8E29101DE79E7304439DD1859C3106DBF9BC92B1
[TLS] sign_hash (32): D60FEE86B2F395BED504AC0A37C5E368546FF0DCD690C5E358B62F4C7E520E57
[TLS] Written transcript to proofs/MSG_TLS_505BB1B8.out, proofs/SIG_TLS_505BB1B8.out and proofs/PK_TLS_505BB1B8.der
Signature verification succeeds
[TLS] Server time: 1619505000
[TLS] client_random  (32): DBF66B477C8A1657279C4AF31BA38AE96A02983B3B6CB1EACEC78F61A4A69DC2
[TLS] sign_hash (32): 9E1C08D719A891DB695F1391F861D23FB01548FE61016F2B2BD79CD931ECA8A4
[TLS] Written transcript to proofs/MSG_TLS_DBF66B47.out, proofs/SIG_TLS_DBF66B47.out and proofs/PK_TLS_DBF66B47.der
Signature verification succeeds
[TLS] Server time: 1619505000
[TLS] client_random  (32): 3B5B7B2CA4262472C37EF89838513A203517544DF5782544A27FDFDECF6DC475
[TLS] sign_hash (32): C7E1B6FDF5F47EFABD776CE5C9580EB042C9E6AEF6B057D47DC1C7C5F8DEE521
[TLS] Written transcript to proofs/MSG_TLS_3B5B7B2C.out, proofs/SIG_TLS_3B5B7B2C.out and proofs/PK_TLS_3B5B7B2C.der
Signature verification succeeds
[TLS] Server time: 1619505000
[TLS] client_random  (32): 27AFC0B3D6848070F502A0253962B9F56EAA39E917F30D6F1E73928E49274533
[TLS] sign_hash (32): 1B91695146B73D3F295CAEEC315A33C2A6EDFEA38BA2A0D82266E9E827E79D07
[TLS] Written transcript to proofs/MSG_TLS_27AFC0B3.out, proofs/SIG_TLS_27AFC0B3.out and proofs/PK_TLS_27AFC0B3.der
Signature verification succeeds
[TLS] Server time: 1619505000
[TLS] client_random  (32): 54E0E89750D6C15A79E2855DB8819E451B6A9D4C6B351BBA1829EC91609BAA7D
[TLS] sign_hash (32): 2ECEDB70BFD075A30D9CC5BAF32686691471B2864BA5EE65DD339A9AD6E0ED1B
[TLS] Written transcript to proofs/MSG_TLS_54E0E897.out, proofs/SIG_TLS_54E0E897.out and proofs/PK_TLS_54E0E897.der
Signature verification succeeds
[TLS] Server time: 1619505000
[TLS] client_random  (32): F5E34886D25FE2895A2038ACF77F0BFEA64D326F3D7B989598E71A20984CC04A
[TLS] sign_hash (32): 815BC863EACFE9F964D0D80238985F852EADC5289FA46ACA5D9C239119A6A7E7
[TLS] Written transcript to proofs/MSG_TLS_F5E34886.out, proofs/SIG_TLS_F5E34886.out and proofs/PK_TLS_F5E34886.der
Signature verification succeeds
[TLS] Server time: 1619505000
[TLS] client_random  (32): AC37C476BF380DD8D391832ECF72113F27EDE81370EE1C9DD9C71BC543AACD48
[TLS] sign_hash (32): 15666A859735A08B4B7CB522F42202B4712E6C3B26DADE970285C74D6E946514
[TLS] Written transcript to proofs/MSG_TLS_AC37C476.out, proofs/SIG_TLS_AC37C476.out and proofs/PK_TLS_AC37C476.der
Signature verification succeeds
[TLS] Server time: 1619505000
[TLS] client_random  (32): 6D115ACCE0C2D8D20BD5F9D250B8505EBE1202EE6A2F388EEC12CCF827476011
[TLS] sign_hash (32): F6B0E502DFA726683B65E349BAEDCE86ED94863F7B575CE5B245BB4282DDE969
[TLS] Written transcript to proofs/MSG_TLS_6D115ACC.out, proofs/SIG_TLS_6D115ACC.out and proofs/PK_TLS_6D115ACC.der
Signature verification succeeds
[TLS] Server time: 1619505000
[TLS] client_random  (32): 218DCCDF82D48FD6CB3C9FDBB84C31689225079697ECF5EDD9186211A140F830
[TLS] sign_hash (32): CF6568737E67E45524A0F01F64FF517EF78B00E0A8F8F533444E7D0A1C6C8255
[TLS] Written transcript to proofs/MSG_TLS_218DCCDF.out, proofs/SIG_TLS_218DCCDF.out and proofs/PK_TLS_218DCCDF.der
Signature verification succeeds
[TLS] Server time: 1619505000
[TLS] client_random  (32): 26D3A4B9ED9B29E4D95990EA36916D9D1067E72F9CF8E67A95DC653A6D8A62B7
[TLS] sign_hash (32): CE69BCCBD4E6488CADD0A0389F073204C2EF951FE6CD451B477BF7412B9F025B
[TLS] Written transcript to proofs/MSG_TLS_26D3A4B9.out, proofs/SIG_TLS_26D3A4B9.out and proofs/PK_TLS_26D3A4B9.der
Signature verification succeeds
[TLS] Server time: 1619505000
[TLS] client_random  (32): 94D5FA39D2EC4501C8595A69CFCA96B606775D115253A30C145176C0B719D0F9
[TLS] sign_hash (32): 833B64453A8E825B1CC2FA071C954673172F759577E0AD5A569757802EDE410C
[TLS] Written transcript to proofs/MSG_TLS_94D5FA39.out, proofs/SIG_TLS_94D5FA39.out and proofs/PK_TLS_94D5FA39.der
Signature verification succeeds
[TLS] Server time: 1619505000
[TLS] client_random  (32): A0528AE7DA4B134426BBDDD112A374F50B10E941D7082A642AA1A8BC1288CE89
[TLS] sign_hash (32): E048A223C3BD9F072CE831648AD548028AB63C54A4578BF38458D0292EE6E5AE
[TLS] Written transcript to proofs/MSG_TLS_A0528AE7.out, proofs/SIG_TLS_A0528AE7.out and proofs/PK_TLS_A0528AE7.der
Signature verification succeeds
[TLS] Server time: 1619505000
[TLS] client_random  (32): 83833A7BEFD54D9F6BE174997F42A9DF0DEA080AC60D7B725C9F5FCEEDF499B7
[TLS] sign_hash (32): 615FE53649227B82D65EDD510DCA5FF98AA6037F825B25922AF168478986D879
[TLS] Written transcript to proofs/MSG_TLS_83833A7B.out, proofs/SIG_TLS_83833A7B.out and proofs/PK_TLS_83833A7B.der
Signature verification succeeds
[TLS] Server time: 1619505000
[TLS] client_random  (32): D26F3B67304ED21DE87B1B654DA286B95F063086319CD83F0D155A363D917E2D
[TLS] sign_hash (32): 79DCC27CEE2E813ECFBCA99D5D8ACA69044B5A9089F477B985E39B7294F24BC9
[TLS] Written transcript to proofs/MSG_TLS_D26F3B67.out, proofs/SIG_TLS_D26F3B67.out and proofs/PK_TLS_D26F3B67.der
Signature verification succeeds
[TLS] Server time: 1619505000
[TLS] client_random  (32): 47A0691EEF6000217B85DC8AFDCC9CF6847C43E13393A2625E2F71786AB1CFFD
[TLS] sign_hash (32): 10BF5B8E707408F31F84E39D46D030881D66964619D8615CD219D5B2CFD3C91B
[TLS] Written transcript to proofs/MSG_TLS_47A0691E.out, proofs/SIG_TLS_47A0691E.out and proofs/PK_TLS_47A0691E.der
Signature verification succeeds
[TLS] Server time: 1619505000
[TLS] client_random  (32): 449C7164953D6DEB5AEEAFA3D3ADBB9C48FA3AF64AD189433434F4D684D0BB4E
[TLS] sign_hash (32): AC5E60CD686FBE4A5CA24AE34B3B585F9F6EC54A025D0222A5C916F0C24E8B1C
[TLS] Written transcript to proofs/MSG_TLS_449C7164.out, proofs/SIG_TLS_449C7164.out and proofs/PK_TLS_449C7164.der
Signature verification succeeds
[TLS] Server time: 1619505000
[TLS] client_random  (32): A2078D859F8CE29CFE9E14617C3D6D9E98C1839502FF4151F5D0CFDF9853A22F
[TLS] sign_hash (32): 0C4FD4E9557B85E3E4F167E248646CB33B95493B226C993872CCD4F160A7F10E
[TLS] Written transcript to proofs/MSG_TLS_A2078D85.out, proofs/SIG_TLS_A2078D85.out and proofs/PK_TLS_A2078D85.der
Signature verification succeeds
[TLS] Server time: 1619505000
[TLS] client_random  (32): C00E0CE71F8D099A9381988F7CEE4F561FFCBD1D9E9E77308D224900DE857A5F
[TLS] sign_hash (32): 707FC79ADE627E28284D776843068841EB451FC974DD0250E525F7D733D20F0C
[TLS] Written transcript to proofs/MSG_TLS_C00E0CE7.out, proofs/SIG_TLS_C00E0CE7.out and proofs/PK_TLS_C00E0CE7.der
Signature verification succeeds
[TLS] Server time: 1619505000
[TLS] client_random  (32): 3D073D3CCB2F8F012DED894FDBB6A74E4746C39F1B6E6077E8EEDB7C43F6F972
[TLS] sign_hash (32): A1BD72CDD17D639EB6AA4D34FAC38A631545531B4947E05410AD57A3AA2A33F6
[TLS] Written transcript to proofs/MSG_TLS_3D073D3C.out, proofs/SIG_TLS_3D073D3C.out and proofs/PK_TLS_3D073D3C.der
Signature verification succeeds
[TLS] Server time: 1619505000
[TLS] client_random  (32): 1FCCA485CC432DD58718D5EEEF91F35C0E58F96F043B31950805BD3409A21DD2
[TLS] sign_hash (32): 7A889404CA86D96A2A279114F1CF3ED93C9F3F03B346E4A584991BBFFE4C0BDC
[TLS] Written transcript to proofs/MSG_TLS_1FCCA485.out, proofs/SIG_TLS_1FCCA485.out and proofs/PK_TLS_1FCCA485.der
Signature verification succeeds
[TLS] Server time: 1619505000
[TLS] client_random  (32): E3D75711675402F54ADDA7E062E3C20BB1F9C30B688E7DFEF733F758DFB5D105
[TLS] sign_hash (32): B4339688E4AC33D223B57C7CAF58DC07E2BEBBCAA13FBF7A4182802FAD689FC0
[TLS] Written transcript to proofs/MSG_TLS_E3D75711.out, proofs/SIG_TLS_E3D75711.out and proofs/PK_TLS_E3D75711.der
Signature verification succeeds
[TLS] Server time: 1619505000
[TLS] client_random  (32): 529AC98A8FF32F89A886ADED29D030D1BC9CBC73C536A7449ED0447A2AA20997
[TLS] sign_hash (32): DAA2E91631B5B090F5D5DBA0D89F6A1DCBC6D5E9DC45F11AAD3A4AFCBFDBC732
[TLS] Written transcript to proofs/MSG_TLS_529AC98A.out, proofs/SIG_TLS_529AC98A.out and proofs/PK_TLS_529AC98A.der
Signature verification succeeds
[TLS] Server time: 1619505000
[TLS] client_random  (32): 07828A6E6E686DD545532470AD2879F4E95EB6C8496A057751CEE8BE9DA4521E
[TLS] sign_hash (32): 831D74A79B496330192618973492D77BD1A94BEACABC922D652FFB0B4B53FB44
[TLS] Written transcript to proofs/MSG_TLS_07828A6E.out, proofs/SIG_TLS_07828A6E.out and proofs/PK_TLS_07828A6E.der
Signature verification succeeds
[TLS] Server time: 1619505000
[TLS] client_random  (32): CB8F426A5DCD01E7A4316EEEB62BF58E69162D1AC4D4ED39DAB97017495D96EF
[TLS] sign_hash (32): 5A85F76B486A15C2D30D164A8D61086EFA1A4ABB7FFD273C349B363CFAEE08A5
[TLS] Written transcript to proofs/MSG_TLS_CB8F426A.out, proofs/SIG_TLS_CB8F426A.out and proofs/PK_TLS_CB8F426A.der
Signature verification succeeds
[TLS] Server time: 1619505000
[TLS] client_random  (32): 418952BE3C59564D711A1271A3CB75DAE5F700C6237A7D50B065DF79044EB2B4
[TLS] sign_hash (32): B63B418F25B432D6213177553952256C8BF82A46334B3A1D3582C8EFEF5C3FB6
[TLS] Written transcript to proofs/MSG_TLS_418952BE.out, proofs/SIG_TLS_418952BE.out and proofs/PK_TLS_418952BE.der
Signature verification succeeds
[TLS] Server time: 1619505000
[TLS] client_random  (32): F232B8CE6D3A345E3ED1280BD45326C7470C1E675D8613816AFB5230A821AB8A
[TLS] sign_hash (32): C8ABB0D584249C8AE834616032753387FA530A567918D3DD33E471B45112E144
[TLS] Written transcript to proofs/MSG_TLS_F232B8CE.out, proofs/SIG_TLS_F232B8CE.out and proofs/PK_TLS_F232B8CE.der
Signature verification succeeds
[TLS] Server time: 1619505000
[TLS] client_random  (32): F97F2B056E838544A3ED64444FA9F54EF0E79D10014D02A010B39621B4FD706A
[TLS] sign_hash (32): FAEBDCA133E29EFC443BEB9B85EE3FCB7FDBAEEE25106727FDAA0D0EE5E19623
[TLS] Written transcript to proofs/MSG_TLS_F97F2B05.out, proofs/SIG_TLS_F97F2B05.out and proofs/PK_TLS_F97F2B05.der
Signature verification succeeds
[TLS] Server time: 1619505000
[TLS] client_random  (32): 9DB41368FB846FDEF660F946997686AFBFE056138FE43B3A4B23E145EBC150EA
[TLS] sign_hash (32): 808B81B89D7397083AEA01E44790D91EE2D03EDE1D3997511773DA799D93A6CA
[TLS] Written transcript to proofs/MSG_TLS_9DB41368.out, proofs/SIG_TLS_9DB41368.out and proofs/PK_TLS_9DB41368.der
Signature verification succeeds
[TLS] Server time: 1619505000
[TLS] client_random  (32): E15B55DF1596D8B5A287E5F1902ABE56B60EF9A4955B7FFF4DCFFEBA5858DACD
[TLS] sign_hash (32): 0C827EA9E1DC39047BA331A98DD79EECD47C0DEDB7B341217D95289512DEC4BF
[TLS] Written transcript to proofs/MSG_TLS_E15B55DF.out, proofs/SIG_TLS_E15B55DF.out and proofs/PK_TLS_E15B55DF.der
Signature verification succeeds
[TLS] Server time: 1619505000
[TLS] client_random  (32): 9603345128CD04D82DDEDA999D4AF289D18EB41C0C453D8B13994EEE4F7BBBC1
[TLS] sign_hash (32): 8818AF7978895DA2A42FF5710A7BCA1714793C5D192558075EE8AB65C07674D1
[TLS] Written transcript to proofs/MSG_TLS_96033451.out, proofs/SIG_TLS_96033451.out and proofs/PK_TLS_96033451.der
Signature verification succeeds
[TLS] Server time: 1619505000
[TLS] client_random  (32): 58B37DAD436024D435457505A76316608EFEE03CA1A978E75837E74FFA854E9E
[TLS] sign_hash (32): C631A4F8A38027BE8D58A82FA842EAD2773337694A3ACC572A79D28FE68539D9
[TLS] Written transcript to proofs/MSG_TLS_58B37DAD.out, proofs/SIG_TLS_58B37DAD.out and proofs/PK_TLS_58B37DAD.der
Signature verification succeeds
[TLS] Server time: 1619505000
[TLS] client_random  (32): A73E402BCAB643933FD4546A06CBD4ECB9C936A15CAD9A341437A6582F5B9783
[TLS] sign_hash (32): EA603C625487F67A1E48432E68916B7F7C075A562D411C3E1E0D828B476C9302
[TLS] Written transcript to proofs/MSG_TLS_A73E402B.out, proofs/SIG_TLS_A73E402B.out and proofs/PK_TLS_A73E402B.der
Signature verification succeeds
[TLS] Server time: 1619505000
[TLS] client_random  (32): E69A2ED168608FC3C6167F5994A9D76D709207AC173D08837351F5E886E20175
[TLS] sign_hash (32): 12634A39B80290E7C0A601B8C4FC696D072CCBAE57565433D8FD84458B6F47B8
[TLS] Written transcript to proofs/MSG_TLS_E69A2ED1.out, proofs/SIG_TLS_E69A2ED1.out and proofs/PK_TLS_E69A2ED1.der
Signature verification succeeds
[TLS] Server time: 1619505000
[TLS] client_random  (32): F948A69A08FDB81C72BCFCA28FF6650011679FD3A54CB1B445EFEE2A1F3307DD
[TLS] sign_hash (32): CA6CF8B9EDB7ED0E66A5B54B9D3DB3E3E06A94E85C91096A487671221051D7CA
[TLS] Written transcript to proofs/MSG_TLS_F948A69A.out, proofs/SIG_TLS_F948A69A.out and proofs/PK_TLS_F948A69A.der
Signature verification succeeds
[TLS] Server time: 1619505000
[TLS] client_random  (32): 5041C5D2206D61571D28903963E31010E0A8402700D862137629FD90C6D0E545
[TLS] sign_hash (32): 0837C84411E293626DC1153D612B546452851F53B08DC2561BD02857C7E89B5E
[TLS] Written transcript to proofs/MSG_TLS_5041C5D2.out, proofs/SIG_TLS_5041C5D2.out and proofs/PK_TLS_5041C5D2.der
Signature verification succeeds
[TLS] Server time: 1619505000
[TLS] client_random  (32): F26CC21736BB2B4D79B9EF1CA18CE5684F5F930D96F347257D0FE5102BB8A48F
[TLS] sign_hash (32): F93A52FC581825883C82377C2E58D1BE4BFE8A42CECEB175E945CBF976EEECB7
[TLS] Written transcript to proofs/MSG_TLS_F26CC217.out, proofs/SIG_TLS_F26CC217.out and proofs/PK_TLS_F26CC217.der
Signature verification succeeds
[TLS] Server time: 1619505000
[TLS] client_random  (32): 65D305C73958B14899ECBCD445648B5A5386643F10257D6E3C19DD45C11B9A8E
[TLS] sign_hash (32): 7571882E4E9C1FC4C645AA0445B3BA155D80534A17EFCC5E16425F1639E3EC7B
[TLS] Written transcript to proofs/MSG_TLS_65D305C7.out, proofs/SIG_TLS_65D305C7.out and proofs/PK_TLS_65D305C7.der
Signature verification succeeds
[TLS] Server time: 1619505000
[TLS] client_random  (32): 27D2C700695B3DFE88EF33F99F9B2F5A74F86B726119AF0DAF4110C3BC6D38E6
[TLS] sign_hash (32): AF1C4A1292D7657CD35F9F820559B4099F6FA72641F78FA2EE69C13B103A60C6
[TLS] Written transcript to proofs/MSG_TLS_27D2C700.out, proofs/SIG_TLS_27D2C700.out and proofs/PK_TLS_27D2C700.der
Signature verification succeeds
[TLS] Server time: 1619505000
[TLS] client_random  (32): EB86BEE8D2C6A972760A06652401646E0271CE3978141DF1819150288D2EA87C
[TLS] sign_hash (32): B876DAF95815FCE13F27B6338C26086E374E83907E939F6A987540CD7B3B1442
[TLS] Written transcript to proofs/MSG_TLS_EB86BEE8.out, proofs/SIG_TLS_EB86BEE8.out and proofs/PK_TLS_EB86BEE8.der
Signature verification succeeds
[TLS] Server time: 1619505000
[TLS] client_random  (32): 10610EB041D01191DD7DBD21270080D76832232E33CF64DBCBFD0A1170B33D6C
[TLS] sign_hash (32): F2EBFEEFB74913C3B5C1C9D35E43954184EEB1228A6A5BA273D3269EF58527B1
[TLS] Written transcript to proofs/MSG_TLS_10610EB0.out, proofs/SIG_TLS_10610EB0.out and proofs/PK_TLS_10610EB0.der
Signature verification succeeds
[TLS] Server time: 1619505000
[TLS] client_random  (32): 86AB53D1951381039F6A9883FFFACE5BCDB49907F42B8F754E419CF3D83CFA22
[TLS] sign_hash (32): 3FE9847D53919376FBD8CA38DC1C24988D508A211DD3A99F17518D7A826B8120
[TLS] Written transcript to proofs/MSG_TLS_86AB53D1.out, proofs/SIG_TLS_86AB53D1.out and proofs/PK_TLS_86AB53D1.der
Signature verification succeeds
[TLS] Server time: 1619505000
[TLS] client_random  (32): 8260DE5A27A72E7C26C9DB499F3FEDC13D3E8523C76E4B69A24230470758C50B
[TLS] sign_hash (32): 939CA810E798862C201346A5C1056D58387FAEFD0807242AF7869BDC7C97EAA7
[TLS] Written transcript to proofs/MSG_TLS_8260DE5A.out, proofs/SIG_TLS_8260DE5A.out and proofs/PK_TLS_8260DE5A.der
Signature verification succeeds
[TLS] Server time: 1619505000
[TLS] client_random  (32): 033B2EE6431799412DFC10F4F8E1AED38AA9AF48FAA6B798902F9838BDC9B370
[TLS] sign_hash (32): C46481A09E86A0A814E6789C14F49E76FEB8E5FDC4DAB5A3F66301D2CA114EFE
[TLS] Written transcript to proofs/MSG_TLS_033B2EE6.out, proofs/SIG_TLS_033B2EE6.out and proofs/PK_TLS_033B2EE6.der
Signature verification succeeds
[TLS] Server time: 1619505000
[TLS] client_random  (32): C391ED383374DC2AAD7ECE0F20E37B740ADE411A979EDA64BF777B31FD440B1E
[TLS] sign_hash (32): F9C9BF8357A3388B754FD9F2446708CFD3551A2DB3BED81583749D3FA6405D9E
[TLS] Written transcript to proofs/MSG_TLS_C391ED38.out, proofs/SIG_TLS_C391ED38.out and proofs/PK_TLS_C391ED38.der
Signature verification succeeds
[TLS] Server time: 1619505000
[TLS] client_random  (32): 13FE065DD735BDC9D31A27D191499FE96D29A6580799C56D750CB4756D85D9C8
[TLS] sign_hash (32): C7B77DF3679CDE7CAAB4D28882A94B532B617541ACB1EC3252BC99F4D7366977
[TLS] Written transcript to proofs/MSG_TLS_13FE065D.out, proofs/SIG_TLS_13FE065D.out and proofs/PK_TLS_13FE065D.der
Signature verification succeeds
[TLS] Server time: 1619505000
[TLS] client_random  (32): FF6459342A53F5FD231F8D01396E01E9CFF1903F8A12797096EF1E58BB3AAEB2
[TLS] sign_hash (32): C4DE5C6B538B3493C55A947A14B06F9F049FF60683D67C85C0DB920319347FE8
[TLS] Written transcript to proofs/MSG_TLS_FF645934.out, proofs/SIG_TLS_FF645934.out and proofs/PK_TLS_FF645934.der
Signature verification succeeds
[TLS] Server time: 1619505000
[TLS] client_random  (32): 30FFB0275F0F058A4E5F28F96EF6320FC04DCD8F5C0A30BC7EF202F1EF75060C
[TLS] sign_hash (32): C53841FEE993FDA5D84627D1FA83B7CA0F7A4F049556C5CC269C1F1B4A0D3D2C
[TLS] Written transcript to proofs/MSG_TLS_30FFB027.out, proofs/SIG_TLS_30FFB027.out and proofs/PK_TLS_30FFB027.der
Signature verification succeeds
[TLS] Server time: 1619505000
[TLS] client_random  (32): 1F208A4C89FEA83EAE8BC3DD016B00B39A8A147A514A7AAFAC9D4CA8D1D35791
[TLS] sign_hash (32): 25AE30276CFFC2C30A5574385B10CC170EA65904C80F9BD6CFA74AC2A2A8F4AC
[TLS] Written transcript to proofs/MSG_TLS_1F208A4C.out, proofs/SIG_TLS_1F208A4C.out and proofs/PK_TLS_1F208A4C.der
Signature verification succeeds
[TLS] Server time: 1619505000
[TLS] client_random  (32): 0238E27BC3BB771162AAA38DB08FD777F3D04D24CE54DA861FEAAA361601ABD9
[TLS] sign_hash (32): E1B3F2041FF36C334C0BA9F4385B8B26C44B54D7904C8AAEE4B0405DACD25A84
[TLS] Written transcript to proofs/MSG_TLS_0238E27B.out, proofs/SIG_TLS_0238E27B.out and proofs/PK_TLS_0238E27B.der
Signature verification succeeds
[TLS] Server time: 1619505000
[TLS] client_random  (32): C2B10F89372E3DEB4A9A9C2772265971E4F35E5D091D3F85AD2A1715C32F0903
[TLS] sign_hash (32): B856ED1A1F4A69AD59613DDE66C87D062193D5B3E551E92A0FD37DBC86423AD7
[TLS] Written transcript to proofs/MSG_TLS_C2B10F89.out, proofs/SIG_TLS_C2B10F89.out and proofs/PK_TLS_C2B10F89.der
Signature verification succeeds
[TLS] Server time: 1619505000
[TLS] client_random  (32): F28EA27E2C64FCFB455BACEC3763B04B02F0D9CE3B76BC94B9D1D500A831007E
[TLS] sign_hash (32): F91AE7652490262F705ECAE6605100E99E42D6EB34E8C9240592CA30BBA8EB1A
[TLS] Written transcript to proofs/MSG_TLS_F28EA27E.out, proofs/SIG_TLS_F28EA27E.out and proofs/PK_TLS_F28EA27E.der
Signature verification succeeds
[TLS] Server time: 1619505000
[TLS] client_random  (32): 8D90BDA3DE1FBD9B78039B619ECE2664DAB0A5EB1A7696323B24E1A5947DB479
[TLS] sign_hash (32): C8EA7C5595CE823F854CD7533B90466A0696C5A199E79CE0D4DBBCA36C655ED1
[TLS] Written transcript to proofs/MSG_TLS_8D90BDA3.out, proofs/SIG_TLS_8D90BDA3.out and proofs/PK_TLS_8D90BDA3.der
Signature verification succeeds
[TLS] Server time: 1619505000
[TLS] client_random  (32): B1448112B73D4EEAD96C07897AA4964512A09A45B9933A55200904AF737375E2
[TLS] sign_hash (32): C34483F44A2E399C2BF8A6E03456833A1C7658DE6771C3118E25546289E93375
[TLS] Written transcript to proofs/MSG_TLS_B1448112.out, proofs/SIG_TLS_B1448112.out and proofs/PK_TLS_B1448112.der
Signature verification succeeds
[TLS] Server time: 1619505000
[TLS] client_random  (32): 704757CC92C537B7B83DB8BD8068CDD3A084F780DA124590D328C892248392C7
[TLS] sign_hash (32): B958710302910F77C4EC700AE5775BB5CB58BE33DED9F53EAAEAE480B8B9B6C8
[TLS] Written transcript to proofs/MSG_TLS_704757CC.out, proofs/SIG_TLS_704757CC.out and proofs/PK_TLS_704757CC.der
Signature verification succeeds
[TLS] Server time: 1619505000
[TLS] client_random  (32): D3FFB7B4AFC49C95394F1BCCFEE551EC4CF5B7F907FBA70ED977336C43018B08
[TLS] sign_hash (32): 6312A34802FB8BE6941660FFE539DFA713CEC34BA8457D8CAF83C7AAD16C782D
[TLS] Written transcript to proofs/MSG_TLS_D3FFB7B4.out, proofs/SIG_TLS_D3FFB7B4.out and proofs/PK_TLS_D3FFB7B4.der
Signature verification succeeds
[TLS] Server time: 1619505000
[TLS] client_random  (32): B4E6CEE91A4AB1EF53D670326C6CFA0045C841873FD3B7815826C84109E4EBA6
[TLS] sign_hash (32): FDF4E202EED444A386708A135AFFF10748AF07E7A836DAD44DA0BC13196E0115
[TLS] Written transcript to proofs/MSG_TLS_B4E6CEE9.out, proofs/SIG_TLS_B4E6CEE9.out and proofs/PK_TLS_B4E6CEE9.der
Signature verification succeeds
[TLS] Server time: 1619505000
[TLS] client_random  (32): 550134FAB63D9DA4405FF3C6B51D89C7F9127E2BA988D7510FB53718E0E27308
[TLS] sign_hash (32): 38207EFA956D766FF2C44356F71FC6DA5A0B25CCD54B1D01E32C212936CC9875
[TLS] Written transcript to proofs/MSG_TLS_550134FA.out, proofs/SIG_TLS_550134FA.out and proofs/PK_TLS_550134FA.der
Signature verification succeeds
[TLS] Server time: 1619505000
[TLS] client_random  (32): 93E33F8784383C749665730299D38CC22BCBA134C14F95B7AE4A9EF63FABD6BF
[TLS] sign_hash (32): 0B153109675BCBB1D7F4D73790F0108332C1D7844CB847D8678C8CE75287DA33
[TLS] Written transcript to proofs/MSG_TLS_93E33F87.out, proofs/SIG_TLS_93E33F87.out and proofs/PK_TLS_93E33F87.der
Signature verification succeeds
[TLS] Server time: 1619505000
[TLS] client_random  (32): B9A1DEF9EC5EE80797DF69A2DAC43F3B0E4E0CC9FE0CB71C2C567AE2519B678A
[TLS] sign_hash (32): 1CAB2F0F1FA3098C4C84F29585EB9D10A5EDAC1F07515904D117EF39E373961F
[TLS] Written transcript to proofs/MSG_TLS_B9A1DEF9.out, proofs/SIG_TLS_B9A1DEF9.out and proofs/PK_TLS_B9A1DEF9.der
Signature verification succeeds
[TLS] Server time: 1619505000
[TLS] client_random  (32): DB6AA639311B730DC068B4B78C4624F99F4F2F78AA0960DF6485EE3E99417758
[TLS] sign_hash (32): D7A1E7D74B2A7F8416CFA375294A9F3A40163EE16C218E955355968A5C93DB83
[TLS] Written transcript to proofs/MSG_TLS_DB6AA639.out, proofs/SIG_TLS_DB6AA639.out and proofs/PK_TLS_DB6AA639.der
Signature verification succeeds
[TLS] Server time: 1619505000
[TLS] client_random  (32): 736348D5D6782955D840846D6F063DF2D13813F9298B51911FAD3BA3A175D3BB
[TLS] sign_hash (32): D659CA2DE550E6628CB6E9EAD19AC08AA17FA02F1036B62BBCEBF3CF77A388E0
[TLS] Written transcript to proofs/MSG_TLS_736348D5.out, proofs/SIG_TLS_736348D5.out and proofs/PK_TLS_736348D5.der
Signature verification succeeds
[TLS] Server time: 1619505000
[TLS] client_random  (32): 9DD0DE6F530CB7E67968829CE55E7932295B424E326E2C561119C5BB031CEF05
[TLS] sign_hash (32): 43718000ADD2BFAAEEE49340FBC1971DE3A5917B6AD2DD2A37B10BD55140C19A
[TLS] Written transcript to proofs/MSG_TLS_9DD0DE6F.out, proofs/SIG_TLS_9DD0DE6F.out and proofs/PK_TLS_9DD0DE6F.der
Signature verification succeeds
[TLS] Server time: 1619505000
[TLS] client_random  (32): 3C9F58C4C3CAC8FE65C651756D852A5EEB48CBBAB320F1FB3FC4FA3406818ED5
[TLS] sign_hash (32): EB2E76A29A965384EC7F5BAAD02565872E1526F4767C1A0B6A0E70D038462A45
[TLS] Written transcript to proofs/MSG_TLS_3C9F58C4.out, proofs/SIG_TLS_3C9F58C4.out and proofs/PK_TLS_3C9F58C4.der
Signature verification succeeds
[TLS] Server time: 1619505000
[TLS] client_random  (32): 7BF2FECD129888B10DDD9ECBE55998DDFFB8050D0A84886EAFF79049B422F390
[TLS] sign_hash (32): 74848804852138D1849E8B46ED9E011E72D0D7D6C6ECD99D1775AF7775BF0C0C
[TLS] Written transcript to proofs/MSG_TLS_7BF2FECD.out, proofs/SIG_TLS_7BF2FECD.out and proofs/PK_TLS_7BF2FECD.der
Signature verification succeeds
[TLS] Server time: 1619505000
[TLS] client_random  (32): 97A26B7322691B1D6C715B31D58EE7F404BD9D5A75C5A4AC98B7A8945D6D91AA
[TLS] sign_hash (32): D9F62E75CA4EE24C301FF58C8312388463A1B74375789B5C0F2F25EB7236350D
[TLS] Written transcript to proofs/MSG_TLS_97A26B73.out, proofs/SIG_TLS_97A26B73.out and proofs/PK_TLS_97A26B73.der
Signature verification succeeds
[TLS] Server time: 1619505000
[TLS] client_random  (32): A33B3526FBC233D946760AFD45935F34E07776C00241B6A5D1A23B46A70FD8F8
[TLS] sign_hash (32): 11B66BF0F36B408322711502FA721B432710034AED8F8A72DEAB0464DFD0F60B
[TLS] Written transcript to proofs/MSG_TLS_A33B3526.out, proofs/SIG_TLS_A33B3526.out and proofs/PK_TLS_A33B3526.der
Signature verification succeeds
[TLS] Server time: 1619505000
[TLS] client_random  (32): 522B2BF776C6895586A2E52FB5ADFF23CE76D94F69A3F1250145C08C73AB0C01
[TLS] sign_hash (32): 2394D246DB8BC6365C71EE3879EC2EED556361AAFB33A487C0567A645D701040
[TLS] Written transcript to proofs/MSG_TLS_522B2BF7.out, proofs/SIG_TLS_522B2BF7.out and proofs/PK_TLS_522B2BF7.der
Signature verification succeeds
[TLS] Server time: 1619505000
[TLS] client_random  (32): 48CC3AA73902172CFA889F606B24DE1AAD11366CC50C2F70100DE79514155F0B
[TLS] sign_hash (32): 712D23BD0FEE3CFF81675C2BDF3456082095A01B9892934B7485A2E8706CB7F4
[TLS] Written transcript to proofs/MSG_TLS_48CC3AA7.out, proofs/SIG_TLS_48CC3AA7.out and proofs/PK_TLS_48CC3AA7.der
Signature verification succeeds
[TLS] Server time: 1619505000
[TLS] client_random  (32): AA3AB2A37BA55EDFFA912670C2C11A41B8DB0C52E3BBBF1547B1DE958454E856
[TLS] sign_hash (32): 7201514E8A5ADF7FC91483C9A5022392CDE29FD2898812602C910CBDD34A7F02
[TLS] Written transcript to proofs/MSG_TLS_AA3AB2A3.out, proofs/SIG_TLS_AA3AB2A3.out and proofs/PK_TLS_AA3AB2A3.der
Signature verification succeeds
[TLS] Server time: 1619505000
[TLS] client_random  (32): A148D0E8BFFEF3B904E1BDA5209DF5691CCB2A94114100F9D03304102EC526A1
[TLS] sign_hash (32): FA283CFD8478BD67F8D92D246561DF29C50B378E72E3C50187C90F6A46B7007F
[TLS] Written transcript to proofs/MSG_TLS_A148D0E8.out, proofs/SIG_TLS_A148D0E8.out and proofs/PK_TLS_A148D0E8.der
Signature verification succeeds
[TLS] Server time: 1619505000
[TLS] client_random  (32): 5B8D353874B542507722FEE7CDF29392BD5F101004FDBEC8095073C710733211
[TLS] sign_hash (32): 6B664F7EC8670D39CADEFE0846689F451D82B56C1EFFAF303E8F0C0E50AA3960
[TLS] Written transcript to proofs/MSG_TLS_5B8D3538.out, proofs/SIG_TLS_5B8D3538.out and proofs/PK_TLS_5B8D3538.der
Signature verification succeeds
[TLS] Server time: 1619505000
[TLS] client_random  (32): E0B862E0BF8DCA967235CA8588EF4FAE6E26BED0F382C4D7263ACF303D7901A8
[TLS] sign_hash (32): 31C56E548FBDD804FC8692120173D539893CF9661D80D87E73C6F2B849E7FD7F
[TLS] Written transcript to proofs/MSG_TLS_E0B862E0.out, proofs/SIG_TLS_E0B862E0.out and proofs/PK_TLS_E0B862E0.der
Signature verification succeeds
[TLS] Server time: 1619505000
[TLS] client_random  (32): DB1055036D25B5EDE9C1C1EE1AAF1F225A1EB4E5609BF06AB176D9FDB5E93157
[TLS] sign_hash (32): 01DE88BCF2B14D544931333E10555FEAE15721975960FA5CDE849D4A45F67825
[TLS] Written transcript to proofs/MSG_TLS_DB105503.out, proofs/SIG_TLS_DB105503.out and proofs/PK_TLS_DB105503.der
Signature verification succeeds
[TLS] Server time: 1619505000
[TLS] client_random  (32): 26A4EB4BC2A8A0AF43B677C2D0CB42265B2B608FB18DC0AF65B2EB54E8D8A8ED
[TLS] sign_hash (32): BE9A1C610AD829E009E266FA52462B32BDAEF6EF243C78D991664254B46EAD6E
[TLS] Written transcript to proofs/MSG_TLS_26A4EB4B.out, proofs/SIG_TLS_26A4EB4B.out and proofs/PK_TLS_26A4EB4B.der
Signature verification succeeds
[TLS] Server time: 1619505000
[TLS] client_random  (32): F03FE9D1A610E02558521D71C87FA15B3FECB3EE8B0DF72FB41CFA2DDD6DDC22
[TLS] sign_hash (32): E1176A33B60BB45D59DFF9B307B3A67CCFC701D6C06A180E1511FDED9987D4B6
[TLS] Written transcript to proofs/MSG_TLS_F03FE9D1.out, proofs/SIG_TLS_F03FE9D1.out and proofs/PK_TLS_F03FE9D1.der
Signature verification succeeds
[TLS] Server time: 1619505000
[TLS] client_random  (32): 9D53B9C90D2BCBE2AB72333512504B43BB379A9A0FB837BF7F4131C233FAD214
[TLS] sign_hash (32): 39008D03149F02C99914A008D189470D150FDCA1FC8D21297CC144AC55DE4E5E
[TLS] Written transcript to proofs/MSG_TLS_9D53B9C9.out, proofs/SIG_TLS_9D53B9C9.out and proofs/PK_TLS_9D53B9C9.der
Signature verification succeeds
[TLS] Server time: 1619505000
[TLS] client_random  (32): 944DA520743835095F78366DF770963933B3118C15BADA1F494A8FD09773A5B7
[TLS] sign_hash (32): 7C896BD989E8D5D82EDC28CB3783C61B19436D8EB43BF07E31051141C40B92E4
[TLS] Written transcript to proofs/MSG_TLS_944DA520.out, proofs/SIG_TLS_944DA520.out and proofs/PK_TLS_944DA520.der
Signature verification succeeds
[TLS] Server time: 1619505000
[TLS] client_random  (32): A936E6B8AF0B9E4630F5A8786EC772F21DF9690AC5B1BBD27DB51462D9BFD5E5
[TLS] sign_hash (32): CB98ADE3287CA72DFF837394C37DAB9DF66330F1B9666D08A3373710FFE9D2FA
[TLS] Written transcript to proofs/MSG_TLS_A936E6B8.out, proofs/SIG_TLS_A936E6B8.out and proofs/PK_TLS_A936E6B8.der
Signature verification succeeds
[TLS] Server time: 1619505000
[TLS] client_random  (32): B19FD6441DFBF5DBC164E4A40230E047DCB0740422C4F400ABA70EE99CEDFFED
[TLS] sign_hash (32): 5EF36E247FB4A91607B1D1ED47612091DE2B08377E045A3BC00160CCB9CC32BB
[TLS] Written transcript to proofs/MSG_TLS_B19FD644.out, proofs/SIG_TLS_B19FD644.out and proofs/PK_TLS_B19FD644.der
Signature verification succeeds
[TLS] Server time: 1619505000
[TLS] client_random  (32): D472C593DEDD57B73DDE85C3CC0BEB04C9B331979FD456F6680045FFAEF5E96D
[TLS] sign_hash (32): 24F4FC78DAD62140F7A370D7D7DB62B23228B35307609B56DE92EFB022380542
[TLS] Written transcript to proofs/MSG_TLS_D472C593.out, proofs/SIG_TLS_D472C593.out and proofs/PK_TLS_D472C593.der
Signature verification succeeds
[TLS] Server time: 1619505000
[TLS] client_random  (32): E2FE4DA8A40B04BE4FF582E88EF06C27FBA966FC605A2BD5308072BC8E41CD01
[TLS] sign_hash (32): EDC5F7A1F953774CBB88D0D469BE0C91AF61884C80B6744470EAD918A6B7DAEB
[TLS] Written transcript to proofs/MSG_TLS_E2FE4DA8.out, proofs/SIG_TLS_E2FE4DA8.out and proofs/PK_TLS_E2FE4DA8.der
Signature verification succeeds
[TLS] Server time: 1619505000
[TLS] client_random  (32): BE4F057097BD9CF1B0F60F35001189A22C7D230893BF3F98C2F186FF8B6C3D07
[TLS] sign_hash (32): 1CA13755C75F6BD629CDD65D47775B18B338A38290DFA7CF35B3F0CC34FFC2AC
[TLS] Written transcript to proofs/MSG_TLS_BE4F0570.out, proofs/SIG_TLS_BE4F0570.out and proofs/PK_TLS_BE4F0570.der
Signature verification succeeds
[TLS] Server time: 1619505000
[TLS] client_random  (32): 1E34E9DB3B1949288018F02168995A7C85686D882F38E4AF743B50D2DA1D7336
[TLS] sign_hash (32): BC0E40BD0CC2F44597792BAEF976785BDE46B8230D3DF11E2D8B3DCDB9D0A152
[TLS] Written transcript to proofs/MSG_TLS_1E34E9DB.out, proofs/SIG_TLS_1E34E9DB.out and proofs/PK_TLS_1E34E9DB.der
Signature verification succeeds
[TLS] Server time: 1619505000
[TLS] client_random  (32): B4E714A296170553FE213B8F45E815B2F5291EC5E79BAB79C9D26CDD415BEAA9
[TLS] sign_hash (32): A502544D83BDA44A10AA086D136625EA6845EB25355FB7405DCB34B8DBAFBD86
[TLS] Written transcript to proofs/MSG_TLS_B4E714A2.out, proofs/SIG_TLS_B4E714A2.out and proofs/PK_TLS_B4E714A2.der
Signature verification succeeds
[TLS] Server time: 1619505000
[TLS] client_random  (32): 0DEF3B865EC54BE8534A572D292D981D28A4BDC7D390922FA9D4B2790643F0C4
[TLS] sign_hash (32): D2168400EAABD5BE29C7E2A278F15CA81530984C849375E61E3D3AB690475615
[TLS] Written transcript to proofs/MSG_TLS_0DEF3B86.out, proofs/SIG_TLS_0DEF3B86.out and proofs/PK_TLS_0DEF3B86.der
Signature verification succeeds
[TLS] Server time: 1619505000
[TLS] client_random  (32): D8FC971AC4168BC30E28B72D7F22DC68D927BC58FCAD05E9418101A2413B8DD2
[TLS] sign_hash (32): 4D17FE1B95E94DF2CFB105E59A9CF19F60DBEEF6126A85D7B3EC2BF5CFE079EA
[TLS] Written transcript to proofs/MSG_TLS_D8FC971A.out, proofs/SIG_TLS_D8FC971A.out and proofs/PK_TLS_D8FC971A.der
Signature verification succeeds
[TLS] Server time: 1619505000
[TLS] client_random  (32): 3B0163E3DE782C682B766E40BD57F6345A7BB60E5486D177F58703EC8A10B990
[TLS] sign_hash (32): BECD549B6A6ABBF046AADE5518555E76EFBAE29DE74DE6F9BD838E473BB658FD
[TLS] Written transcript to proofs/MSG_TLS_3B0163E3.out, proofs/SIG_TLS_3B0163E3.out and proofs/PK_TLS_3B0163E3.der
Signature verification succeeds
[TLS] Server time: 1619505000
[TLS] client_random  (32): 489ED4AF8536DD41723901FAC727FB367638E703DB7AE3E050D5531A4C5502C2
[TLS] sign_hash (32): 68C00021B8EB11DE65216D03BF50544904BC8944A41C7F4FC3C85B15084F4E7A
[TLS] Written transcript to proofs/MSG_TLS_489ED4AF.out, proofs/SIG_TLS_489ED4AF.out and proofs/PK_TLS_489ED4AF.der
Signature verification succeeds
Time breakdown (averages): anchor_ping:7.366228 file_read:0.130877 hashing:0.469413
Total time for 123 rounds is 987.255211ms
Standard deviations: anchor_ping:0.216614 file_read:0.012392 hashing:0.003640
[Client-side ops] mean:0.600290 sd:0.012839
in & out anchor rand written to proofs/phase1.out
     12 [TLS] Server time: 1619504999
    112 [TLS] Server time: 1619505000
Count is 12
Count is 112
success: 1
RESULT: 1 in 1 tries
