TLS anchor: www.american.edu
Actual: 60, Set: 123
Beginning execution at Sun Apr 25 07:00:01 UTC 2021
CONF: anchor:www.american.edu fs:1024MB n_rounds:123 seed:5c9f4bf9bbc15bb855f82faedc5a52fc3ab2dfa8ec3ba3ce1b270f31fa0cced2 filename:FILE bs:1024 nops:100 benchmarking:0 anchor_ping:1 queue_depth:32 direct:0
[TLS] Connecting to www.american.edu
[TLS] Server time: 1619333999
[TLS] client_random  (32): 5C9F4BF9BBC15BB855F82FAEDC5A52FC3AB2DFA8EC3BA3CE1B270F31FA0CCED2
[TLS] sign_hash (32): CDBCAB7B237AEE304561A3CFF11BEAEAC7005BD174568CFD3F8E63269A920D2A
[TLS] Written transcript to proofs/MSG_TLS_5C9F4BF9.out, proofs/SIG_TLS_5C9F4BF9.out and proofs/PK_TLS_5C9F4BF9.der
Signature verification succeeds
[TLS] Server time: 1619333999
[TLS] client_random  (32): 05474488D63BA9641D5F110FB4377921BCAFB62F8BAE90A7E24FAD15B01FAAD8
[TLS] sign_hash (32): 83A810FFE9C360383AB01E3A1E9360F8198E477C5CFF3BBB0DB3A73976DA1BC5
[TLS] Written transcript to proofs/MSG_TLS_05474488.out, proofs/SIG_TLS_05474488.out and proofs/PK_TLS_05474488.der
Signature verification succeeds
[TLS] Server time: 1619333999
[TLS] client_random  (32): 4000B627E54F8C396681EAA4B5892624FA7D59E38D32B69EE8CC5CBD41752583
[TLS] sign_hash (32): CC7B7347C3D431766922E398436F6966D7796C325E9BF92A4E18C358DF05E87E
[TLS] Written transcript to proofs/MSG_TLS_4000B627.out, proofs/SIG_TLS_4000B627.out and proofs/PK_TLS_4000B627.der
Signature verification succeeds
[TLS] Server time: 1619333999
[TLS] client_random  (32): 657F815DAC4AFD7F4DA4747056303BB5809AFA081C39B26E9F6E854B91A9CEF2
[TLS] sign_hash (32): B6336924ECFE3B4859D7980C14B84B6B573B9F38322C8C773FFC605DDCD721A5
[TLS] Written transcript to proofs/MSG_TLS_657F815D.out, proofs/SIG_TLS_657F815D.out and proofs/PK_TLS_657F815D.der
Signature verification succeeds
[TLS] Server time: 1619333999
[TLS] client_random  (32): 1014341319B4C1634315C4E2B9C866237563964615F7DA3E992AFC4106651B9E
[TLS] sign_hash (32): 61084CBBE43669C912446234C81DBBC3EA566D663521B23135CD53A0061FD4CB
[TLS] Written transcript to proofs/MSG_TLS_10143413.out, proofs/SIG_TLS_10143413.out and proofs/PK_TLS_10143413.der
Signature verification succeeds
[TLS] Server time: 1619333999
[TLS] client_random  (32): D2E664F5A042048391FCD3514C8E370631F95531EEAF34B666254BE2424AC32B
[TLS] sign_hash (32): 1C8D28120B2AB1B91E195028E220931ED94CEE192C70234AB4848058BA260581
[TLS] Written transcript to proofs/MSG_TLS_D2E664F5.out, proofs/SIG_TLS_D2E664F5.out and proofs/PK_TLS_D2E664F5.der
Signature verification succeeds
[TLS] Server time: 1619333999
[TLS] client_random  (32): 7A741897BE8153E56054D3AE6599F178553614F98113731F580F51F3C2A6F9C8
[TLS] sign_hash (32): EB00ABA00C63E502CB2564F4C7E4227720D1F25674886F21867EF866884B9793
[TLS] Written transcript to proofs/MSG_TLS_7A741897.out, proofs/SIG_TLS_7A741897.out and proofs/PK_TLS_7A741897.der
Signature verification succeeds
[TLS] Server time: 1619333999
[TLS] client_random  (32): A0B4D384A71B01F6FD89C52677D1649D0773A7DCD4932229B353BB96277321EC
[TLS] sign_hash (32): 60BCEDFC0C67556B690AB6C1544A019242F5CA718B9F8A1D63D5ED8D380911FC
[TLS] Written transcript to proofs/MSG_TLS_A0B4D384.out, proofs/SIG_TLS_A0B4D384.out and proofs/PK_TLS_A0B4D384.der
Signature verification succeeds
[TLS] Server time: 1619333999
[TLS] client_random  (32): 31586DC58B61A2A13CDD1813FA2BB2A95299B874337E6B24BFFFB942A706BF09
[TLS] sign_hash (32): 52FEC412047839D08254B951B56E4493B66E960AFC820E358D940A4239226952
[TLS] Written transcript to proofs/MSG_TLS_31586DC5.out, proofs/SIG_TLS_31586DC5.out and proofs/PK_TLS_31586DC5.der
Signature verification succeeds
[TLS] Server time: 1619333999
[TLS] client_random  (32): E0CD0BD311EB12E1DC388F75EB03F3E46E69F7F82F0ED8DF37A51468EF400B2F
[TLS] sign_hash (32): 911960BF6930AEF748ED7B0C04192C2954B2F82E6D1FC66694E6073AE746C3A2
[TLS] Written transcript to proofs/MSG_TLS_E0CD0BD3.out, proofs/SIG_TLS_E0CD0BD3.out and proofs/PK_TLS_E0CD0BD3.der
Signature verification succeeds
[TLS] Server time: 1619333999
[TLS] client_random  (32): B85DA28EBB382C3DE5C6C9A954A1AD37F6E285C831482CDD56D7C4AFDD44388B
[TLS] sign_hash (32): A893C55952CF7F0E89A0865FACA3B68A18403A8E785B13A11C9F4314D72B3741
[TLS] Written transcript to proofs/MSG_TLS_B85DA28E.out, proofs/SIG_TLS_B85DA28E.out and proofs/PK_TLS_B85DA28E.der
Signature verification succeeds
[TLS] Server time: 1619333999
[TLS] client_random  (32): 21AE7E5463B978643A2200E13B13700814B81C98BD44076C43E9DE1F1C78E340
[TLS] sign_hash (32): 87A7D3BB2055A46C2F9B568767693332A35666832477A781DF09985559E5ED73
[TLS] Written transcript to proofs/MSG_TLS_21AE7E54.out, proofs/SIG_TLS_21AE7E54.out and proofs/PK_TLS_21AE7E54.der
Signature verification succeeds
[TLS] Server time: 1619333999
[TLS] client_random  (32): CAB8BF5FF81AA0F951F2D67D60D9938022021BEA28A6B576DAAF571158BBEA59
[TLS] sign_hash (32): 14595CF5ACABCDAE6AF044E26F0EBE8B575374E2CDF87F32C1D0407845C06F92
[TLS] Written transcript to proofs/MSG_TLS_CAB8BF5F.out, proofs/SIG_TLS_CAB8BF5F.out and proofs/PK_TLS_CAB8BF5F.der
Signature verification succeeds
[TLS] Server time: 1619333999
[TLS] client_random  (32): 21C9F838165FD84FD450B95788C7081371506C62B19CD3301142F0B59FB1A6B5
[TLS] sign_hash (32): E71EBF6704270653764DBF69F9B57AC36AF511FCEF6B0706633D28E0F189E8CA
[TLS] Written transcript to proofs/MSG_TLS_21C9F838.out, proofs/SIG_TLS_21C9F838.out and proofs/PK_TLS_21C9F838.der
Signature verification succeeds
[TLS] Server time: 1619333999
[TLS] client_random  (32): A4650AD9A89005A83D05A2A34799459FDA6CFCDCD0769DA23D07108B35AE25D7
[TLS] sign_hash (32): 9DFB5864FB64E1DE6BB29E7A8820482F9268086E204A75CA30DF9CEAEA604A5D
[TLS] Written transcript to proofs/MSG_TLS_A4650AD9.out, proofs/SIG_TLS_A4650AD9.out and proofs/PK_TLS_A4650AD9.der
Signature verification succeeds
[TLS] Server time: 1619333999
[TLS] client_random  (32): 1801A321D0FD5DBFB1F6DFA5D845C12BCC17407BC7A92BC3232820C04A3266A7
[TLS] sign_hash (32): CDB2E0D9ADB00FDF2AD5A77DA8910DE0CE4203A110C0E29B918D07B65C7628BA
[TLS] Written transcript to proofs/MSG_TLS_1801A321.out, proofs/SIG_TLS_1801A321.out and proofs/PK_TLS_1801A321.der
Signature verification succeeds
[TLS] Server time: 1619333999
[TLS] client_random  (32): 87915F61B8A5C3163BB894EF38549656ACCC2230D06BEB4540BE2B0CE842186F
[TLS] sign_hash (32): 8E8B7F75A25BB2497535CF7380F79A413595B91D6FE690A548291A71564BC31D
[TLS] Written transcript to proofs/MSG_TLS_87915F61.out, proofs/SIG_TLS_87915F61.out and proofs/PK_TLS_87915F61.der
Signature verification succeeds
[TLS] Server time: 1619333999
[TLS] client_random  (32): AD8DDEF7AEB7F793CD733A81296327FDD517EB198797C54E57D15F6F40EBD84D
[TLS] sign_hash (32): 871A8E093615FE9D953C6CF70A56280F683A06076C3B5E3429A55BAB12DD3658
[TLS] Written transcript to proofs/MSG_TLS_AD8DDEF7.out, proofs/SIG_TLS_AD8DDEF7.out and proofs/PK_TLS_AD8DDEF7.der
Signature verification succeeds
[TLS] Server time: 1619333999
[TLS] client_random  (32): B0BC41FD3A5FA1531CB214ACD5963A4B7173220222749B428DC7849F92E43FF6
[TLS] sign_hash (32): EF3518A917C759208EAA35E68F93A6E59500B64D173AAE488BAA19938B7A51F9
[TLS] Written transcript to proofs/MSG_TLS_B0BC41FD.out, proofs/SIG_TLS_B0BC41FD.out and proofs/PK_TLS_B0BC41FD.der
Signature verification succeeds
[TLS] Server time: 1619333999
[TLS] client_random  (32): 6FC95A274EF3AB2B40F0D9BDFFF8788B5BF9F340A38B5D7F8E60A704B6A8DEF0
[TLS] sign_hash (32): FA8E7705A90FF4CD9C0C1C226A5D166E7C107E90BCAF5FBAFDCE72F07F484806
[TLS] Written transcript to proofs/MSG_TLS_6FC95A27.out, proofs/SIG_TLS_6FC95A27.out and proofs/PK_TLS_6FC95A27.der
Signature verification succeeds
[TLS] Server time: 1619333999
[TLS] client_random  (32): 3AF030F771C67604FCC58C18D10C6C14A7952820250C9DB3E7CFAFA4AA930EAC
[TLS] sign_hash (32): 5F01E9F2243D4922D7FF085D76CA91B8EC7CAD577A2C51B9E4697827759E86BF
[TLS] Written transcript to proofs/MSG_TLS_3AF030F7.out, proofs/SIG_TLS_3AF030F7.out and proofs/PK_TLS_3AF030F7.der
Signature verification succeeds
[TLS] Server time: 1619333999
[TLS] client_random  (32): D552B9F8B6B7CB7484B19F98C0064ADE1C2C57C775D6BE1315045F765EF4948B
[TLS] sign_hash (32): FE3D51DF22F852893D173F905DB10289A9864E0D87B8EB1B4756ECF96BBF97BC
[TLS] Written transcript to proofs/MSG_TLS_D552B9F8.out, proofs/SIG_TLS_D552B9F8.out and proofs/PK_TLS_D552B9F8.der
Signature verification succeeds
[TLS] Server time: 1619333999
[TLS] client_random  (32): 6B2734397C2DC644E22E940B1878765D137864C014F5A54378111D5E8054C64B
[TLS] sign_hash (32): CCED418BED4322E516BA60A09D2EE03631CE15AC647E1F2D364C5018DE300BAA
[TLS] Written transcript to proofs/MSG_TLS_6B273439.out, proofs/SIG_TLS_6B273439.out and proofs/PK_TLS_6B273439.der
Signature verification succeeds
[TLS] Server time: 1619333999
[TLS] client_random  (32): 2A86BA2F8986E59BA667B304047FA71308612E7CE25C432DF8A092861AE150CA
[TLS] sign_hash (32): FB3D40819354B17D4AE3BFE9D5D7A7C782993890A428D5725E382CBD66A27397
[TLS] Written transcript to proofs/MSG_TLS_2A86BA2F.out, proofs/SIG_TLS_2A86BA2F.out and proofs/PK_TLS_2A86BA2F.der
Signature verification succeeds
[TLS] Server time: 1619333999
[TLS] client_random  (32): 3A595C7926B67DFCD63239DFD0C0C6AB757590FA87E4B5A402371D5AD6950CF4
[TLS] sign_hash (32): 853C46F8367EA651824751179015E5788034E54237CB791E7AFF16CED65DD4A9
[TLS] Written transcript to proofs/MSG_TLS_3A595C79.out, proofs/SIG_TLS_3A595C79.out and proofs/PK_TLS_3A595C79.der
Signature verification succeeds
[TLS] Server time: 1619333999
[TLS] client_random  (32): A1B30433F065B7350ABC7496C57AA3395AC446D7A530F5E4B7B627845A291F15
[TLS] sign_hash (32): F2F0F1AA22271ABE95D6C8ECF4847CCF9B85A204A51FDE3A5413D66F1713064D
[TLS] Written transcript to proofs/MSG_TLS_A1B30433.out, proofs/SIG_TLS_A1B30433.out and proofs/PK_TLS_A1B30433.der
Signature verification succeeds
[TLS] Server time: 1619333999
[TLS] client_random  (32): CB1E21664A968FEF9F471ED0476F42D54D856E67B6C4BF995E202DE03411B724
[TLS] sign_hash (32): 8968CC62D7EEEE04E4AEFCF3FA812610A5E243401471D473AB8051595C84809A
[TLS] Written transcript to proofs/MSG_TLS_CB1E2166.out, proofs/SIG_TLS_CB1E2166.out and proofs/PK_TLS_CB1E2166.der
Signature verification succeeds
[TLS] Server time: 1619333999
[TLS] client_random  (32): 2F11D061766D12FD512E4C559F44E275204E0C3BEBADFCAD41758484273C23F3
[TLS] sign_hash (32): C16C0A79843D83A87895BF63D9719850676F51D46DF65A1A42CBB4641DC2E2D4
[TLS] Written transcript to proofs/MSG_TLS_2F11D061.out, proofs/SIG_TLS_2F11D061.out and proofs/PK_TLS_2F11D061.der
Signature verification succeeds
[TLS] Server time: 1619333999
[TLS] client_random  (32): BBC1F13C6F3A648F35C49659CE68F1DD2F9859103D2ADEBA51F519A5291DAAAE
[TLS] sign_hash (32): 0C28192F7A83F1FFF0C87E1A5597397CCAFD117F8D13EEEF4C55172CB1EC5F83
[TLS] Written transcript to proofs/MSG_TLS_BBC1F13C.out, proofs/SIG_TLS_BBC1F13C.out and proofs/PK_TLS_BBC1F13C.der
Signature verification succeeds
[TLS] Server time: 1619333999
[TLS] client_random  (32): 30C2FCA12A19F08EE9FD5734ABA7721F6DC119F34A70F6698884A2FDC0700754
[TLS] sign_hash (32): 4212E480C9599CE06450079B6A6D46C9FFDE6C9BF34061A75766279ED44552A2
[TLS] Written transcript to proofs/MSG_TLS_30C2FCA1.out, proofs/SIG_TLS_30C2FCA1.out and proofs/PK_TLS_30C2FCA1.der
Signature verification succeeds
[TLS] Server time: 1619333999
[TLS] client_random  (32): 859D20ED67CF19691DD23092911A747F630008FC3F9DE697FD2F940F67810409
[TLS] sign_hash (32): B5EAF9BDF7D8910C2695983ACC0C486F65AA9B17A69CBBBD6ED2D3B2A14F980D
[TLS] Written transcript to proofs/MSG_TLS_859D20ED.out, proofs/SIG_TLS_859D20ED.out and proofs/PK_TLS_859D20ED.der
Signature verification succeeds
[TLS] Server time: 1619334000
[TLS] client_random  (32): D9AFDD64F8EBD88B9073A99D74402404FAF13CB03305BB1659864802AF9D253E
[TLS] sign_hash (32): 6F0CB15B3A79C64D8F4CA9CFF69B4765377F78C85E8EE12B69B14F24B9E2807A
[TLS] Written transcript to proofs/MSG_TLS_D9AFDD64.out, proofs/SIG_TLS_D9AFDD64.out and proofs/PK_TLS_D9AFDD64.der
Signature verification succeeds
[TLS] Server time: 1619334000
[TLS] client_random  (32): EAE3519C0AEFFA4220C6F0A80BA779284E933FFD7ED9057EE4D5B6D80596A6F9
[TLS] sign_hash (32): E52CAF60BE9DAA818EF0157A6EB0BE4EAA341995F1DA79BE1ABAEC64F40AA1C7
[TLS] Written transcript to proofs/MSG_TLS_EAE3519C.out, proofs/SIG_TLS_EAE3519C.out and proofs/PK_TLS_EAE3519C.der
Signature verification succeeds
[TLS] Server time: 1619334000
[TLS] client_random  (32): 7D4A23B1F505709E08F05C97DE16720D15E2E9CF5E7661C4DD48E7B4B7C7D3C9
[TLS] sign_hash (32): 2B10E0D7A24999ED908B5CC95CBC25CE919E34B6439104A40D305A12E51EF47B
[TLS] Written transcript to proofs/MSG_TLS_7D4A23B1.out, proofs/SIG_TLS_7D4A23B1.out and proofs/PK_TLS_7D4A23B1.der
Signature verification succeeds
[TLS] Server time: 1619334000
[TLS] client_random  (32): 6AEB91DE88AC3741232AB95E8074223B7B27288237F81BFBBA23FB93DFDCBCF7
[TLS] sign_hash (32): C4057AEBF0195935DA1F816E4E90D75FD2D3446623C8C86CE52E8A521097B20B
[TLS] Written transcript to proofs/MSG_TLS_6AEB91DE.out, proofs/SIG_TLS_6AEB91DE.out and proofs/PK_TLS_6AEB91DE.der
Signature verification succeeds
[TLS] Server time: 1619334000
[TLS] client_random  (32): 32031363DF6BF8B0B82EAF64AF021388B9781DE0A6450D7C177C9CD03A035F34
[TLS] sign_hash (32): 1CC1F1CE9E386730D8E2452F9B1FA24ED5AFD83691C866E57A2720C50EABDE6C
[TLS] Written transcript to proofs/MSG_TLS_32031363.out, proofs/SIG_TLS_32031363.out and proofs/PK_TLS_32031363.der
Signature verification succeeds
[TLS] Server time: 1619334000
[TLS] client_random  (32): 57B19BC1C4490F8FD426CAB963E78D02FA7BD28E7FB1D31B8190FF0625EC650D
[TLS] sign_hash (32): 34DB8550FC30591F79E31E5D5595930EF23340C7AD84BE79E39C0649684EAD3D
[TLS] Written transcript to proofs/MSG_TLS_57B19BC1.out, proofs/SIG_TLS_57B19BC1.out and proofs/PK_TLS_57B19BC1.der
Signature verification succeeds
[TLS] Server time: 1619334000
[TLS] client_random  (32): A91A5386473F43B4A60E28293B58736295EBC6D55A59C1CF0D15B867668A0A31
[TLS] sign_hash (32): CDC1B9E12144C064DF007996D927DF9109B106D7A1B97B6A11E4795D83EA0AF9
[TLS] Written transcript to proofs/MSG_TLS_A91A5386.out, proofs/SIG_TLS_A91A5386.out and proofs/PK_TLS_A91A5386.der
Signature verification succeeds
[TLS] Server time: 1619334000
[TLS] client_random  (32): D8D19C7FD47C0CCF95558AC807209422E44F34AE35949847942997F46520D8D3
[TLS] sign_hash (32): F96057E193FCC16B578631E558A5DF8E5E985083FF43B08969A256BB80C3458E
[TLS] Written transcript to proofs/MSG_TLS_D8D19C7F.out, proofs/SIG_TLS_D8D19C7F.out and proofs/PK_TLS_D8D19C7F.der
Signature verification succeeds
[TLS] Server time: 1619334000
[TLS] client_random  (32): A8F3AB10C4D6CC9C346ACC7E15465EB7CB96FF2FF102BB79D17E381165F1B526
[TLS] sign_hash (32): E79400B4B165029AEE280AB9571117217A4BCB3A59A6297CE5657E9105B585B2
[TLS] Written transcript to proofs/MSG_TLS_A8F3AB10.out, proofs/SIG_TLS_A8F3AB10.out and proofs/PK_TLS_A8F3AB10.der
Signature verification succeeds
[TLS] Server time: 1619334000
[TLS] client_random  (32): B92EFA7C2236F3487CE16BB69E2933FDB5CE2EFB0094C4A2B522298DE85343A6
[TLS] sign_hash (32): 238DEF062B76D63F44C083444D885735DA16A0363F69D4FE3FD800C4DAFFE0A8
[TLS] Written transcript to proofs/MSG_TLS_B92EFA7C.out, proofs/SIG_TLS_B92EFA7C.out and proofs/PK_TLS_B92EFA7C.der
Signature verification succeeds
[TLS] Server time: 1619334000
[TLS] client_random  (32): 589DCFF5EF0CA13232FE10AD1F54C9417C0D04601AC56EA449408E07E313BC44
[TLS] sign_hash (32): 25D7D9F225B55B436D1573ED1F895B7611E8E738687F3B2B353719A39D786042
[TLS] Written transcript to proofs/MSG_TLS_589DCFF5.out, proofs/SIG_TLS_589DCFF5.out and proofs/PK_TLS_589DCFF5.der
Signature verification succeeds
[TLS] Server time: 1619334000
[TLS] client_random  (32): 5944C79675EA50E5FF86E13FA1B41BA4D7A8DC096478CDC95AE6E49DF4DAE4B2
[TLS] sign_hash (32): 782DA135BAD7CE059271951B8E4621296618A123B932688B0302F6D58997EEF2
[TLS] Written transcript to proofs/MSG_TLS_5944C796.out, proofs/SIG_TLS_5944C796.out and proofs/PK_TLS_5944C796.der
Signature verification succeeds
[TLS] Server time: 1619334000
[TLS] client_random  (32): C9C974F40AF4D3A397715D5E840B046F18088667D788585F5DFDB616AC07E755
[TLS] sign_hash (32): 7D50E02748A511DA7D8248E54BF89ABB0845B71CCCC1F09289A08EB97C781876
[TLS] Written transcript to proofs/MSG_TLS_C9C974F4.out, proofs/SIG_TLS_C9C974F4.out and proofs/PK_TLS_C9C974F4.der
Signature verification succeeds
[TLS] Server time: 1619334000
[TLS] client_random  (32): 598975478B4CF6C253B743F392FCE154DA3976BD16A0165AF24042C4B983EBAC
[TLS] sign_hash (32): 892318206FFE38A74E57640E3AC2DF6DECDA14BBABE03B93217DD2F8A33AA2C7
[TLS] Written transcript to proofs/MSG_TLS_59897547.out, proofs/SIG_TLS_59897547.out and proofs/PK_TLS_59897547.der
Signature verification succeeds
[TLS] Server time: 1619334000
[TLS] client_random  (32): 8EA20E2C7E0D63456522EB0E462F48D9DCAF5EAE69BB0D212F564EC71BF841F0
[TLS] sign_hash (32): 19FC1BDC7605ED9E8629ECCAA10B08CAAFBF50E1F849C2EF1EC412C9886FF84C
[TLS] Written transcript to proofs/MSG_TLS_8EA20E2C.out, proofs/SIG_TLS_8EA20E2C.out and proofs/PK_TLS_8EA20E2C.der
Signature verification succeeds
[TLS] Server time: 1619334000
[TLS] client_random  (32): 589FFCB673B1A65170CDFCC68297F5A823EA0173EBAC4F9E4F35031C7C42448F
[TLS] sign_hash (32): 26E8C339904572E441830A45F76E2028A8097F2466A7CF9834482B7293DAFF2A
[TLS] Written transcript to proofs/MSG_TLS_589FFCB6.out, proofs/SIG_TLS_589FFCB6.out and proofs/PK_TLS_589FFCB6.der
Signature verification succeeds
[TLS] Server time: 1619334000
[TLS] client_random  (32): 032826804CF3D14B3C92DEBFD14940C124B497DD25E60D7272D43570889DA553
[TLS] sign_hash (32): 7D5FDEE557563873F65F5DDA1C3A0BF6DD2176A979163F87C9418EE39EED49AC
[TLS] Written transcript to proofs/MSG_TLS_03282680.out, proofs/SIG_TLS_03282680.out and proofs/PK_TLS_03282680.der
Signature verification succeeds
[TLS] Server time: 1619334000
[TLS] client_random  (32): 639F27A325935BB06CF76F87960E15D2CB6A96F38083183E37FE7B3D53CC1F8C
[TLS] sign_hash (32): 47585F6845D5122C5F0774FC26FACABFCF4789EDB03430548B79085DAA626997
[TLS] Written transcript to proofs/MSG_TLS_639F27A3.out, proofs/SIG_TLS_639F27A3.out and proofs/PK_TLS_639F27A3.der
Signature verification succeeds
[TLS] Server time: 1619334000
[TLS] client_random  (32): CBC2345ABCAD176BEE9B51E29F39708A14317B0594A272F90C89943DCD2B874C
[TLS] sign_hash (32): F648B35D12FC1577041AC1D5B21F08BCBC76C4512B7588B5EFE2440D1D888D36
[TLS] Written transcript to proofs/MSG_TLS_CBC2345A.out, proofs/SIG_TLS_CBC2345A.out and proofs/PK_TLS_CBC2345A.der
Signature verification succeeds
[TLS] Server time: 1619334000
[TLS] client_random  (32): 2524064ACE6813708C4C9BEDD11F692AADBAFFA019F51FB7EF491E03DBE0F697
[TLS] sign_hash (32): 5BE4D52868F4C54ED2C08901ED746D0EEDF76A967E403F11419A3690410A7C8B
[TLS] Written transcript to proofs/MSG_TLS_2524064A.out, proofs/SIG_TLS_2524064A.out and proofs/PK_TLS_2524064A.der
Signature verification succeeds
[TLS] Server time: 1619334000
[TLS] client_random  (32): 84586BB51F3D529A024D655721C9CAEA977BC8516585B47F2A59F995B2243E1A
[TLS] sign_hash (32): F404056580A716C0F222C071BA4330CCC7B6B753B3071AA4C1CFA8754747B25E
[TLS] Written transcript to proofs/MSG_TLS_84586BB5.out, proofs/SIG_TLS_84586BB5.out and proofs/PK_TLS_84586BB5.der
Signature verification succeeds
[TLS] Server time: 1619334000
[TLS] client_random  (32): 76B40FD3C41A3E8D1F345B1441FCA7A233FA0B93A90459F39C229B35A3208F2F
[TLS] sign_hash (32): F0402C1C3B2368C6E4F8A7EA6C6326BE825F9D5FFF60067076CD50D404009A85
[TLS] Written transcript to proofs/MSG_TLS_76B40FD3.out, proofs/SIG_TLS_76B40FD3.out and proofs/PK_TLS_76B40FD3.der
Signature verification succeeds
[TLS] Server time: 1619334000
[TLS] client_random  (32): F082C2B29ED0EE6D923175EC84DB12963E6FFF0F78840CB4DE506BEFC0FF5E2E
[TLS] sign_hash (32): DE4F69A58C7CD7F9251437EAD7C321C57E16056B83D4DBD9A780494B5F531059
[TLS] Written transcript to proofs/MSG_TLS_F082C2B2.out, proofs/SIG_TLS_F082C2B2.out and proofs/PK_TLS_F082C2B2.der
Signature verification succeeds
[TLS] Server time: 1619334000
[TLS] client_random  (32): EF349168C382A2A935B47F2C991F1B0961ACA3EE81866598F3A5A7EEF28C7A84
[TLS] sign_hash (32): 8BFAD5C583F32B2A8D65071D9005DC9A570EDE818989027D7586ACD960A542CD
[TLS] Written transcript to proofs/MSG_TLS_EF349168.out, proofs/SIG_TLS_EF349168.out and proofs/PK_TLS_EF349168.der
Signature verification succeeds
[TLS] Server time: 1619334000
[TLS] client_random  (32): D14A37AA0A340C6A809E70367BC2D4864E22635412F84FA6B75E51C9E926C03A
[TLS] sign_hash (32): 77AABC3C4A476C3E9BB694691CD33D9FCA44CA9805EBCC7DC6FFD6B17AE79C89
[TLS] Written transcript to proofs/MSG_TLS_D14A37AA.out, proofs/SIG_TLS_D14A37AA.out and proofs/PK_TLS_D14A37AA.der
Signature verification succeeds
[TLS] Server time: 1619334000
[TLS] client_random  (32): DADB628EB08E8A140DFEC7041E88545401C8E1FFF3E16BF8A47F6BDE81D4C859
[TLS] sign_hash (32): D9989E1B1EB9FBDC6798A755C7456BE4E22169009F54E711F403424AE659F931
[TLS] Written transcript to proofs/MSG_TLS_DADB628E.out, proofs/SIG_TLS_DADB628E.out and proofs/PK_TLS_DADB628E.der
Signature verification succeeds
[TLS] Server time: 1619334000
[TLS] client_random  (32): 3FF1E616E04DD2FBA0A12693E6DB36340925FC24E7559B2FBDC54FC017045E7E
[TLS] sign_hash (32): DAA6F16EE0D138809B37F9BCA3BEFE21600B20CAD6294358A9D52ED9069FBD7E
[TLS] Written transcript to proofs/MSG_TLS_3FF1E616.out, proofs/SIG_TLS_3FF1E616.out and proofs/PK_TLS_3FF1E616.der
Signature verification succeeds
[TLS] Server time: 1619334000
[TLS] client_random  (32): 46964741E34A3270FE1FCF624FA7505814AA25A1049E9875EF97A3E7CF53BC8E
[TLS] sign_hash (32): EC3458F91B7C3776BD222529ADC0CEA4CA7FAB209A9C2E4482460A5E828A8AC0
[TLS] Written transcript to proofs/MSG_TLS_46964741.out, proofs/SIG_TLS_46964741.out and proofs/PK_TLS_46964741.der
Signature verification succeeds
[TLS] Server time: 1619334000
[TLS] client_random  (32): 47348EA362B0D02D2EDCA45698AFBA9A8FC863A936C4905155F15D903757A0F6
[TLS] sign_hash (32): 177AF0AF5107631467472B24E79C9DE8F30877214FA4DA59661244DBA2F4E4A4
[TLS] Written transcript to proofs/MSG_TLS_47348EA3.out, proofs/SIG_TLS_47348EA3.out and proofs/PK_TLS_47348EA3.der
Signature verification succeeds
[TLS] Server time: 1619334000
[TLS] client_random  (32): 0A1345B7334239E24BB147C4094038BFCE22F01209CD91F49C469699DE0BE0E8
[TLS] sign_hash (32): 0E7457482FE5012A767F69AF43409E9B3E4D2B2A6BFE7DD284FB98CF3F1E8B69
[TLS] Written transcript to proofs/MSG_TLS_0A1345B7.out, proofs/SIG_TLS_0A1345B7.out and proofs/PK_TLS_0A1345B7.der
Signature verification succeeds
[TLS] Server time: 1619334000
[TLS] client_random  (32): 958F07EEC05D5259E5529936FDEB6DAADC629CBC6440336EF553DB598C01DF76
[TLS] sign_hash (32): 21F0A17175F35C40AFA13D46382BD574BE9A55A5C4959AE07EE16B6BEE86E2AB
[TLS] Written transcript to proofs/MSG_TLS_958F07EE.out, proofs/SIG_TLS_958F07EE.out and proofs/PK_TLS_958F07EE.der
Signature verification succeeds
[TLS] Server time: 1619334000
[TLS] client_random  (32): A817EF4D483F410AB160D0D6BC39E7028BE3081AB8AF1C6A528B021AFF237C0E
[TLS] sign_hash (32): F087A33C549171CCD51B4702D98F9952EC11B81B5C73BD913223CE935E962A10
[TLS] Written transcript to proofs/MSG_TLS_A817EF4D.out, proofs/SIG_TLS_A817EF4D.out and proofs/PK_TLS_A817EF4D.der
Signature verification succeeds
[TLS] Server time: 1619334000
[TLS] client_random  (32): 121A7B34EA5B390718F9F30ADAE259BA58AB6294B7B2DBE6FB0F1025F9CFDE36
[TLS] sign_hash (32): 1B698C37686D791CEBD1148F8B7D53CD5B3F69B4894DF53D83D6A038F7425B1A
[TLS] Written transcript to proofs/MSG_TLS_121A7B34.out, proofs/SIG_TLS_121A7B34.out and proofs/PK_TLS_121A7B34.der
Signature verification succeeds
[TLS] Server time: 1619334000
[TLS] client_random  (32): 7D16D2678035D7AF673CB138D59AC690B44D54536D81DF68B9B115CB48C522FC
[TLS] sign_hash (32): E642DA750BA67E0A85F2F90D27051EB2604FF5E4F3E813AA00E544FD19C6C9AC
[TLS] Written transcript to proofs/MSG_TLS_7D16D267.out, proofs/SIG_TLS_7D16D267.out and proofs/PK_TLS_7D16D267.der
Signature verification succeeds
[TLS] Server time: 1619334000
[TLS] client_random  (32): 83A7562CE8BC6A34580477F72F59BF541CBA9B569CD8E70029BFD39189487289
[TLS] sign_hash (32): 0659BF42F0126D764E50A946A3DCBDD03591039A3B5F59E3622B3DE18681FBD4
[TLS] Written transcript to proofs/MSG_TLS_83A7562C.out, proofs/SIG_TLS_83A7562C.out and proofs/PK_TLS_83A7562C.der
Signature verification succeeds
[TLS] Server time: 1619334000
[TLS] client_random  (32): 4B4C58A0C40A8A5BB33B13069F3D4B766FD8AD79941C35AFFD7904FCE313F430
[TLS] sign_hash (32): F0CDD825AD4E40A7841B4D8C666FB504C3EF04915863F85EF546E08AF7086A36
[TLS] Written transcript to proofs/MSG_TLS_4B4C58A0.out, proofs/SIG_TLS_4B4C58A0.out and proofs/PK_TLS_4B4C58A0.der
Signature verification succeeds
[TLS] Server time: 1619334000
[TLS] client_random  (32): F7E3C75ABA4CE7A4D4EA523F8642F1275259D060C2E642D3769DAA48E7E5B7BC
[TLS] sign_hash (32): B40556BD761BC1228FD70D7A94CAAC7A049249A22AE53A421F5DFDC84FC6436B
[TLS] Written transcript to proofs/MSG_TLS_F7E3C75A.out, proofs/SIG_TLS_F7E3C75A.out and proofs/PK_TLS_F7E3C75A.der
Signature verification succeeds
[TLS] Server time: 1619334000
[TLS] client_random  (32): AF7204F92E335122D077FB1C814923D666BBB1C6595FA52E365F4D7CAD8867E7
[TLS] sign_hash (32): 370809844ED9D9E3CC303867735C61F10C0FFDBF081147756C42A55996AE492D
[TLS] Written transcript to proofs/MSG_TLS_AF7204F9.out, proofs/SIG_TLS_AF7204F9.out and proofs/PK_TLS_AF7204F9.der
Signature verification succeeds
[TLS] Server time: 1619334000
[TLS] client_random  (32): 08D110211FD41FFB1944E1593082691BF4A62F9607C797D2EDA781581E1427F1
[TLS] sign_hash (32): 38F43686EC5A9DB617CAF74A323E05721E831C9A896AB60BCAE8CEED587F5A43
[TLS] Written transcript to proofs/MSG_TLS_08D11021.out, proofs/SIG_TLS_08D11021.out and proofs/PK_TLS_08D11021.der
Signature verification succeeds
[TLS] Server time: 1619334000
[TLS] client_random  (32): 048CBE35AA4652A4103E45CB596D72325C1D588D55E6E3CA856A7876C6E4CD98
[TLS] sign_hash (32): 99E11F9445DC40FB9348146C64A43674429D3E019579B5FADA98652F3C50C303
[TLS] Written transcript to proofs/MSG_TLS_048CBE35.out, proofs/SIG_TLS_048CBE35.out and proofs/PK_TLS_048CBE35.der
Signature verification succeeds
[TLS] Server time: 1619334000
[TLS] client_random  (32): 228C8B02D78DB36260A73B8067EF9C10557AB18F1F53AE66FF9334216D0878B5
[TLS] sign_hash (32): C9404617201B6FD5C176398F0B8B979B36FB07CC7516A073135EC33E970B6724
[TLS] Written transcript to proofs/MSG_TLS_228C8B02.out, proofs/SIG_TLS_228C8B02.out and proofs/PK_TLS_228C8B02.der
Signature verification succeeds
[TLS] Server time: 1619334000
[TLS] client_random  (32): BD80478C51171D875B7CF610C8C4BF79CDA1DACA8C15394EC83C1B47DADEF8A0
[TLS] sign_hash (32): C9D2C4C6F2262BA86350CE23F6D1654A00FC4987C5C27847CCF2332A9643D17C
[TLS] Written transcript to proofs/MSG_TLS_BD80478C.out, proofs/SIG_TLS_BD80478C.out and proofs/PK_TLS_BD80478C.der
Signature verification succeeds
[TLS] Server time: 1619334000
[TLS] client_random  (32): 6493984FA101A05A013D1408FFF8C0DA1CFED6F1525748E6C31534DF7C524598
[TLS] sign_hash (32): 33F71DBA3E432ACFE40A7FACAA83E42AD839647367287B3A2D02FF9ED00E586C
[TLS] Written transcript to proofs/MSG_TLS_6493984F.out, proofs/SIG_TLS_6493984F.out and proofs/PK_TLS_6493984F.der
Signature verification succeeds
[TLS] Server time: 1619334000
[TLS] client_random  (32): C2EDB7E76DD6CCA424AEF6BA42D1C9690F299CA41CB7190592653B0EAB032637
[TLS] sign_hash (32): 4C5136418125D0AFDF62BBFB603EE06AB86240FAB4DAAB10153698ABE82613E9
[TLS] Written transcript to proofs/MSG_TLS_C2EDB7E7.out, proofs/SIG_TLS_C2EDB7E7.out and proofs/PK_TLS_C2EDB7E7.der
Signature verification succeeds
[TLS] Server time: 1619334000
[TLS] client_random  (32): 0528F0F8649C90FEE3F8C1E149F594235125426D9951ABEC6BF5DA5DF99FA9DA
[TLS] sign_hash (32): D1E1C8A412BFA7C41EC7A1E1036203BA7DBAF14609815EB0088E9575C7726C70
[TLS] Written transcript to proofs/MSG_TLS_0528F0F8.out, proofs/SIG_TLS_0528F0F8.out and proofs/PK_TLS_0528F0F8.der
Signature verification succeeds
[TLS] Server time: 1619334000
[TLS] client_random  (32): E761D84458640CC8F55631CAD04DFABFEB612F457A8D211629DAE7E27E9CCEAC
[TLS] sign_hash (32): 781F0A112692C591F404695107CDD4823104E0663EFCA614BBAB75F37AEBFB1B
[TLS] Written transcript to proofs/MSG_TLS_E761D844.out, proofs/SIG_TLS_E761D844.out and proofs/PK_TLS_E761D844.der
Signature verification succeeds
[TLS] Server time: 1619334000
[TLS] client_random  (32): 2B5A1E3EBE998601600C09F58EB77D2ACBD3A74CD823C0D2B9ED4A15A46734CB
[TLS] sign_hash (32): F051EA07336072DDEAEF1296F6B4D07B646C18FB967253D6BB46F9890F2AA1D0
[TLS] Written transcript to proofs/MSG_TLS_2B5A1E3E.out, proofs/SIG_TLS_2B5A1E3E.out and proofs/PK_TLS_2B5A1E3E.der
Signature verification succeeds
[TLS] Server time: 1619334000
[TLS] client_random  (32): 6ED80F9CA6AD373D40568EE4AC4A892297E8D16F69FA5023359558E4A6C98A6D
[TLS] sign_hash (32): 3C04746FB59D1DCAD09B7C07B4104171C7D6E3C1D0A064CEAEB2D8ABFBFE9F91
[TLS] Written transcript to proofs/MSG_TLS_6ED80F9C.out, proofs/SIG_TLS_6ED80F9C.out and proofs/PK_TLS_6ED80F9C.der
Signature verification succeeds
[TLS] Server time: 1619334000
[TLS] client_random  (32): 02A1F2A90A39A0FE938FBE1814E946726C37F5EAF2DAA25780DDC48E06615960
[TLS] sign_hash (32): 123F61F807A8FDC4659B98896B8397A1AD6C1DEA938B7FB1F0D0E5B3938A2894
[TLS] Written transcript to proofs/MSG_TLS_02A1F2A9.out, proofs/SIG_TLS_02A1F2A9.out and proofs/PK_TLS_02A1F2A9.der
Signature verification succeeds
[TLS] Server time: 1619334000
[TLS] client_random  (32): 7B389B571EA9D21154213BB2384D321B043F8940CE0A01624AD8A1F66586CE81
[TLS] sign_hash (32): FEC71DBBFB17A256AD999DEB1F3B53C357DAEF83716BE18E90D44E565BCC2C70
[TLS] Written transcript to proofs/MSG_TLS_7B389B57.out, proofs/SIG_TLS_7B389B57.out and proofs/PK_TLS_7B389B57.der
Signature verification succeeds
[TLS] Server time: 1619334000
[TLS] client_random  (32): 44D3B1939FDF979B04D6AED481526803600699A9E8E95A51942880D84C18965A
[TLS] sign_hash (32): 4705EEBBA4F1EBFD439B19748A2981C6071151C46B0BEDF0D95180896CE2A400
[TLS] Written transcript to proofs/MSG_TLS_44D3B193.out, proofs/SIG_TLS_44D3B193.out and proofs/PK_TLS_44D3B193.der
Signature verification succeeds
[TLS] Server time: 1619334000
[TLS] client_random  (32): CD8FC2B6CF303B80AA00A7A3FA058F0D7AB79DF24D651F550451F4E2ECBB7541
[TLS] sign_hash (32): 7AFFAC00E24564C354CE66653B91D979364D61818A8949B4F430BDE885712CA1
[TLS] Written transcript to proofs/MSG_TLS_CD8FC2B6.out, proofs/SIG_TLS_CD8FC2B6.out and proofs/PK_TLS_CD8FC2B6.der
Signature verification succeeds
[TLS] Server time: 1619334000
[TLS] client_random  (32): 931E1D7DD5B9D565B65A129290A7C009D38374408E9B3CB2C4E68B9DF2083197
[TLS] sign_hash (32): 72B70CA1C7DD6E78ABCFDA3BDF8314C00EC71E0189BA5F9CBA20C3686E682F0B
[TLS] Written transcript to proofs/MSG_TLS_931E1D7D.out, proofs/SIG_TLS_931E1D7D.out and proofs/PK_TLS_931E1D7D.der
Signature verification succeeds
[TLS] Server time: 1619334000
[TLS] client_random  (32): 59588BF9D5A141623C5AAEF98EDBFC99A9CB37C6F8C9651AA70595E9BF0BEE09
[TLS] sign_hash (32): C2691FFB26B9AEEDDFA770E552C5DC2CC512806C3ECFAEAA4FAE059A03D68CB0
[TLS] Written transcript to proofs/MSG_TLS_59588BF9.out, proofs/SIG_TLS_59588BF9.out and proofs/PK_TLS_59588BF9.der
Signature verification succeeds
[TLS] Server time: 1619334000
[TLS] client_random  (32): EED5FC079A82FD9BED9B45BAB2292285B97359ADFCBCF9ED04F04E91D9B5156F
[TLS] sign_hash (32): 9917E2BE3FB27C5604D0FD78FF3C35927550FB73BB626A0D8A4021EF90CD07D6
[TLS] Written transcript to proofs/MSG_TLS_EED5FC07.out, proofs/SIG_TLS_EED5FC07.out and proofs/PK_TLS_EED5FC07.der
Signature verification succeeds
[TLS] Server time: 1619334000
[TLS] client_random  (32): F823660652C952F831A0074779124487AEDFF1CB60B2063F3B6A52DAA7564788
[TLS] sign_hash (32): 792FA2CCDEF51846B9F70DA0B24CD8670E6679DA73BC44C21B42982716CBA963
[TLS] Written transcript to proofs/MSG_TLS_F8236606.out, proofs/SIG_TLS_F8236606.out and proofs/PK_TLS_F8236606.der
Signature verification succeeds
[TLS] Server time: 1619334000
[TLS] client_random  (32): CAC7E2CCF551BC1809678FBDE9CB3A857EF2797CE83B95B963241DCC50532315
[TLS] sign_hash (32): EE0E92E55D0019D167D080F24C7FCE20E908ED9D86DAA34489B4EEFD7C828A5E
[TLS] Written transcript to proofs/MSG_TLS_CAC7E2CC.out, proofs/SIG_TLS_CAC7E2CC.out and proofs/PK_TLS_CAC7E2CC.der
Signature verification succeeds
[TLS] Server time: 1619334000
[TLS] client_random  (32): 554A8A850FA10BEB961603A264F3EED5C3319798AEA12456F1A8A3F6569E0A70
[TLS] sign_hash (32): 24630DCC44832C7A45592873C68058766E9F6095006C595D64341EAE3D9F998F
[TLS] Written transcript to proofs/MSG_TLS_554A8A85.out, proofs/SIG_TLS_554A8A85.out and proofs/PK_TLS_554A8A85.der
Signature verification succeeds
[TLS] Server time: 1619334000
[TLS] client_random  (32): 8016D86C8F0961865077E3300A74DB754E955C7E29020A6DE32C6F87248798B8
[TLS] sign_hash (32): 72F6F35B4D33357BEBC432AD4AD7A44FCB04A7A60F7FF6D2ED9D278191CCC8DF
[TLS] Written transcript to proofs/MSG_TLS_8016D86C.out, proofs/SIG_TLS_8016D86C.out and proofs/PK_TLS_8016D86C.der
Signature verification succeeds
[TLS] Server time: 1619334000
[TLS] client_random  (32): 75937251444498D2ACA7CA543A65DCB63F29A56F131427F61C2A4C283A928EEA
[TLS] sign_hash (32): 92A8E26A77073C48402C0868F415390581C0EA459812E977E09C010BA76480E0
[TLS] Written transcript to proofs/MSG_TLS_75937251.out, proofs/SIG_TLS_75937251.out and proofs/PK_TLS_75937251.der
Signature verification succeeds
[TLS] Server time: 1619334000
[TLS] client_random  (32): 8B6F6502F1F7285FAF129C8E3BCAB25369080D216C46B0ED9C3328F5CC270CA0
[TLS] sign_hash (32): 9DD086D56B1A160CCF143E5F2B59F072D48CB0146CA7E13D80331D2FAC9FC686
[TLS] Written transcript to proofs/MSG_TLS_8B6F6502.out, proofs/SIG_TLS_8B6F6502.out and proofs/PK_TLS_8B6F6502.der
Signature verification succeeds
[TLS] Server time: 1619334000
[TLS] client_random  (32): 5DA6FC88866AEBC07DACDF60406852346E27E26C075F7BDA3BFB9407FB2BDF56
[TLS] sign_hash (32): 77FA86E1BAF997E91493386BB167B3ADCEDBED05C1EE12BA1A585B1831BE5527
[TLS] Written transcript to proofs/MSG_TLS_5DA6FC88.out, proofs/SIG_TLS_5DA6FC88.out and proofs/PK_TLS_5DA6FC88.der
Signature verification succeeds
[TLS] Server time: 1619334000
[TLS] client_random  (32): D207D928FA05B9125FF3A89835B59240B73B2FF2110579EF9A99BDD4B8F4E0CB
[TLS] sign_hash (32): B67874D5AC557DED09CD9C7000DB1E561E5B42E6C330C3F4EE67F9C3095C85A2
[TLS] Written transcript to proofs/MSG_TLS_D207D928.out, proofs/SIG_TLS_D207D928.out and proofs/PK_TLS_D207D928.der
Signature verification succeeds
[TLS] Server time: 1619334000
[TLS] client_random  (32): 11889DF744777710E0CAD159F4AA3E381025F66504B8711D3ABC3A8928BE08FE
[TLS] sign_hash (32): B165F5413BB1BF3C5EA2395107FBBE18CF8A3186DE43776D23C5D483E1568BC0
[TLS] Written transcript to proofs/MSG_TLS_11889DF7.out, proofs/SIG_TLS_11889DF7.out and proofs/PK_TLS_11889DF7.der
Signature verification succeeds
[TLS] Server time: 1619334000
[TLS] client_random  (32): 6BD7E146FB15BF6C02851409F4C74218927E8A70B075CB65D995C1610DD10B8B
[TLS] sign_hash (32): 4C8B6A7287C68570270E545C3D3C18C5B29554FBCFF2BC52CEB6808186AA9812
[TLS] Written transcript to proofs/MSG_TLS_6BD7E146.out, proofs/SIG_TLS_6BD7E146.out and proofs/PK_TLS_6BD7E146.der
Signature verification succeeds
[TLS] Server time: 1619334000
[TLS] client_random  (32): 9D00680EC12E0721C3EFBA2AFEDC11261F47586296D4BB899CAE7493B15FD820
[TLS] sign_hash (32): FB0A47E2C0C1543F2B660DEA92DD5199955ADCEE2DBAE659D173096AACE6C4C8
[TLS] Written transcript to proofs/MSG_TLS_9D00680E.out, proofs/SIG_TLS_9D00680E.out and proofs/PK_TLS_9D00680E.der
Signature verification succeeds
[TLS] Server time: 1619334000
[TLS] client_random  (32): CBE7FF4D7BA9816291D02A4E337F0F5DC05DD72859EEBDCDF017B79EF930B367
[TLS] sign_hash (32): DEE2E0942B617E557C3CAA3A92EA07D375F30DE527D259608BAC04A9D6E8A1F6
[TLS] Written transcript to proofs/MSG_TLS_CBE7FF4D.out, proofs/SIG_TLS_CBE7FF4D.out and proofs/PK_TLS_CBE7FF4D.der
Signature verification succeeds
[TLS] Server time: 1619334000
[TLS] client_random  (32): 6283774D7C851107E65460085E31875BF1B5ED10ECF7AE14E43E383D1820E79C
[TLS] sign_hash (32): DFC5838120F2DDFF2851919C85D1DB3F51E4CD9345FD431D2E0042701C929E2C
[TLS] Written transcript to proofs/MSG_TLS_6283774D.out, proofs/SIG_TLS_6283774D.out and proofs/PK_TLS_6283774D.der
Signature verification succeeds
[TLS] Server time: 1619334000
[TLS] client_random  (32): 2B21BA29E20531ABE75FE5483006FF713E8C50CAB745509EDB985D47DF2E6D63
[TLS] sign_hash (32): 36D95561993B1219B2D003E7CB8C1BF0FC065DA300988F5FABDC4AEE1B901624
[TLS] Written transcript to proofs/MSG_TLS_2B21BA29.out, proofs/SIG_TLS_2B21BA29.out and proofs/PK_TLS_2B21BA29.der
Signature verification succeeds
[TLS] Server time: 1619334000
[TLS] client_random  (32): 110E2B0FBDED7A2796748C1A88DB78968D4304D01A0A9681D4C85A9447BD1A1C
[TLS] sign_hash (32): D8A3DB39BE5791D32F32838A397BAF7934C440B5E78379340B0A89FE267E7AD4
[TLS] Written transcript to proofs/MSG_TLS_110E2B0F.out, proofs/SIG_TLS_110E2B0F.out and proofs/PK_TLS_110E2B0F.der
Signature verification succeeds
[TLS] Server time: 1619334000
[TLS] client_random  (32): 07FF4961F28950B708ADB22607D61170789080F35AC4BEC39BD726095A93D33A
[TLS] sign_hash (32): 3011ADA340CB7759D231019DE07C079B1F974896738AE254B48111687A61DDC4
[TLS] Written transcript to proofs/MSG_TLS_07FF4961.out, proofs/SIG_TLS_07FF4961.out and proofs/PK_TLS_07FF4961.der
Signature verification succeeds
[TLS] Server time: 1619334000
[TLS] client_random  (32): 3852392B4251D9C64C620C7C09B4EE1AD52D640697E776C039BDA646D2095585
[TLS] sign_hash (32): 0E9F5ACFA579498C97B4B01759A607C8138BA7FB4CA6192389084D4A8885DEA0
[TLS] Written transcript to proofs/MSG_TLS_3852392B.out, proofs/SIG_TLS_3852392B.out and proofs/PK_TLS_3852392B.der
Signature verification succeeds
[TLS] Server time: 1619334000
[TLS] client_random  (32): C988DB2E32FC58AB442E2633D7C074B7B577EAA41E68A6C8F7D1E6CB66081055
[TLS] sign_hash (32): 54F05D371056702EE74B0261479FB51AA5811D9155EDE7B2A877DDBDE8605A20
[TLS] Written transcript to proofs/MSG_TLS_C988DB2E.out, proofs/SIG_TLS_C988DB2E.out and proofs/PK_TLS_C988DB2E.der
Signature verification succeeds
[TLS] Server time: 1619334000
[TLS] client_random  (32): 66CD2F9987256E237A3E1D43968ACBAB6855D2AD2A25D9223A02E9948A11F32D
[TLS] sign_hash (32): FEAAFB069AEEA5B397D317FED2FCF544CDD24B4FEDD937CBA68ABF0942D63E6E
[TLS] Written transcript to proofs/MSG_TLS_66CD2F99.out, proofs/SIG_TLS_66CD2F99.out and proofs/PK_TLS_66CD2F99.der
Signature verification succeeds
[TLS] Server time: 1619334000
[TLS] client_random  (32): 7123D2FE9F96A300642895DBE0B9C3AC55A891521FC343209E57F36177047BC3
[TLS] sign_hash (32): 7D2A6B92E32862648769E8EABF17699976D9617D4575BAABBDAA2C5F83427755
[TLS] Written transcript to proofs/MSG_TLS_7123D2FE.out, proofs/SIG_TLS_7123D2FE.out and proofs/PK_TLS_7123D2FE.der
Signature verification succeeds
[TLS] Server time: 1619334000
[TLS] client_random  (32): C23072C6B17E47FD1E3C46D744B2CCB5D3B7EA65F6CC9C096F38EB495360215D
[TLS] sign_hash (32): FBC20EBC523B4B8000C244DF6DD3F12206F157F19CFC09F9B978E8B260A5C962
[TLS] Written transcript to proofs/MSG_TLS_C23072C6.out, proofs/SIG_TLS_C23072C6.out and proofs/PK_TLS_C23072C6.der
Signature verification succeeds
[TLS] Server time: 1619334000
[TLS] client_random  (32): A04A7D19618C45E15592B82859E4279A7A19A2F7641DF2E60CDA29AC823ABF7A
[TLS] sign_hash (32): 7F75400B6DE7C551F0FAE61941D2EAE7857B470E74CABBA079E11C3E3BD3860A
[TLS] Written transcript to proofs/MSG_TLS_A04A7D19.out, proofs/SIG_TLS_A04A7D19.out and proofs/PK_TLS_A04A7D19.der
Signature verification succeeds
[TLS] Server time: 1619334000
[TLS] client_random  (32): CAFF1E696C6D4B8D456BF3A0FD2E98BCB3F9700A903A7FFCB61DB13731FFAF7F
[TLS] sign_hash (32): DF1BC86E5C59C1673CF1BC2CF4E183C30F451F88C4CBFE6D0B6BACE0A902E336
[TLS] Written transcript to proofs/MSG_TLS_CAFF1E69.out, proofs/SIG_TLS_CAFF1E69.out and proofs/PK_TLS_CAFF1E69.der
Signature verification succeeds
[TLS] Server time: 1619334000
[TLS] client_random  (32): BF56AEC5BFAE89AF35D5579291B08B18970E1AB336FAE360E9000C51B9967FFD
[TLS] sign_hash (32): 4791EFF839C0227FF3D68B230A6FF37A60E866E78CD9AD36CB2B94B33E2EF9C4
[TLS] Written transcript to proofs/MSG_TLS_BF56AEC5.out, proofs/SIG_TLS_BF56AEC5.out and proofs/PK_TLS_BF56AEC5.der
Signature verification succeeds
[TLS] Server time: 1619334000
[TLS] client_random  (32): C8FFBD1029F7413609CBA318398B0D3B3E4B63DD84C431B91060753FB2E27492
[TLS] sign_hash (32): DA307ADC1825118EC8D1D0D25AFDE2D34B9639D8114A860B4048182D055CAAD5
[TLS] Written transcript to proofs/MSG_TLS_C8FFBD10.out, proofs/SIG_TLS_C8FFBD10.out and proofs/PK_TLS_C8FFBD10.der
Signature verification succeeds
[TLS] Server time: 1619334000
[TLS] client_random  (32): 5734698DFDEC67240971D4504A98706893EFB28E1D08F814CAC54B97809DE18A
[TLS] sign_hash (32): 4C9E51D11F1093AC5B5D7F565FFE0F085BCC10F7F851D2F518A3E90E180CBA78
[TLS] Written transcript to proofs/MSG_TLS_5734698D.out, proofs/SIG_TLS_5734698D.out and proofs/PK_TLS_5734698D.der
Signature verification succeeds
[TLS] Server time: 1619334000
[TLS] client_random  (32): 58420CC24DB5F90C1D8E99D0C96CB0B699D9F8E5F0E96BB4A6E215636AE0D635
[TLS] sign_hash (32): C1091F6DC1F6C036083891D3A41531CDC06C011F94C08D9AEDA9F1806D64E8E7
[TLS] Written transcript to proofs/MSG_TLS_58420CC2.out, proofs/SIG_TLS_58420CC2.out and proofs/PK_TLS_58420CC2.der
Signature verification succeeds
[TLS] Server time: 1619334000
[TLS] client_random  (32): 955E422FA5AE3516F25A12EE67B29B52BA9FEC14F1991C426F17387B0874ED8A
[TLS] sign_hash (32): 88E1FD0BFAE0A724B303BA8800EC96356E5D4E72A71FF8DB28633DCD196AC897
[TLS] Written transcript to proofs/MSG_TLS_955E422F.out, proofs/SIG_TLS_955E422F.out and proofs/PK_TLS_955E422F.der
Signature verification succeeds
[TLS] Server time: 1619334000
[TLS] client_random  (32): A03325A5C4784481BCA696642B8FE0C03F821C38A4984C9DE0A9354B6C2CAF84
[TLS] sign_hash (32): E333F1839783DA5A35CBFC1D8B6D2A482C186415AFF8211A16A737E9EFBEBE3B
[TLS] Written transcript to proofs/MSG_TLS_A03325A5.out, proofs/SIG_TLS_A03325A5.out and proofs/PK_TLS_A03325A5.der
Signature verification succeeds
[TLS] Server time: 1619334000
[TLS] client_random  (32): FF0CA38285D842A459F0285E9528C568FD030E61C2E920EFC45DD34EAF8743E9
[TLS] sign_hash (32): 09C0F92BA197DEED4435D9AF2ABB1EC1E51DD17EDB15C3A1A3742411EB9FC556
[TLS] Written transcript to proofs/MSG_TLS_FF0CA382.out, proofs/SIG_TLS_FF0CA382.out and proofs/PK_TLS_FF0CA382.der
Signature verification succeeds
[TLS] Server time: 1619334000
[TLS] client_random  (32): 6EE9EC39140B3FAF09CA849E1BB96A3A1E07100296C9E438674F921FE17233DE
[TLS] sign_hash (32): B16930E6C4363F3FE4BF20F3B7EB8F4DF70A0BDD3FB56B916E2BDD777041E357
[TLS] Written transcript to proofs/MSG_TLS_6EE9EC39.out, proofs/SIG_TLS_6EE9EC39.out and proofs/PK_TLS_6EE9EC39.der
Signature verification succeeds
[TLS] Server time: 1619334000
[TLS] client_random  (32): 72556C738569FEF51E240C361EC2113A3686AEAA043A74442EE4A2561079B19B
[TLS] sign_hash (32): 1BB00693DFDC84A328578FC9686BFD6242A71552680C160833B1268723F8CAF5
[TLS] Written transcript to proofs/MSG_TLS_72556C73.out, proofs/SIG_TLS_72556C73.out and proofs/PK_TLS_72556C73.der
Signature verification succeeds
[TLS] Server time: 1619334000
[TLS] client_random  (32): 3A3659A0AAF1AEF5C68C6B16CA3B565168EA9C81753B501824654335DBE3CBAB
[TLS] sign_hash (32): 871A6C566F78B6C2C5E9D55668B295F9FC2C956EB346902133F950901E978008
[TLS] Written transcript to proofs/MSG_TLS_3A3659A0.out, proofs/SIG_TLS_3A3659A0.out and proofs/PK_TLS_3A3659A0.der
Signature verification succeeds
[TLS] Server time: 1619334000
[TLS] client_random  (32): C39BAE3454A9934654F8EECC6B944BFC409A3E166EE8AFE00561B44410F3D279
[TLS] sign_hash (32): 7C2B16EEFA839DDFA6CFEB7462DF3FFEE96F94A31CE74F730CB057CF31380FCC
[TLS] Written transcript to proofs/MSG_TLS_C39BAE34.out, proofs/SIG_TLS_C39BAE34.out and proofs/PK_TLS_C39BAE34.der
Signature verification succeeds
[TLS] Server time: 1619334000
[TLS] client_random  (32): F3F5E196E546F439E15FABF7245D4D4A39E6432F7F00942121C8260CB6A50DB2
[TLS] sign_hash (32): 7F1FA4C5F38DCB3E13A04F592A1B133B9716FF509857CE924181BEB4E26D29D8
[TLS] Written transcript to proofs/MSG_TLS_F3F5E196.out, proofs/SIG_TLS_F3F5E196.out and proofs/PK_TLS_F3F5E196.der
Signature verification succeeds
[TLS] Server time: 1619334000
[TLS] client_random  (32): 18731CFEAF871AC9DC94BE8A73F8CB7C934FF2B3909CBD7A5D6840CE62F2165C
[TLS] sign_hash (32): 28AFEDC0EFDBF7A71979BC7144EE4D84E81717BCD853A92857DD5194552583CE
[TLS] Written transcript to proofs/MSG_TLS_18731CFE.out, proofs/SIG_TLS_18731CFE.out and proofs/PK_TLS_18731CFE.der
Signature verification succeeds
[TLS] Server time: 1619334000
[TLS] client_random  (32): 744216DDF5808B617E97481A54E23AB47E7BA0B0764AD4E8671187CCC7C5BC34
[TLS] sign_hash (32): 9C8FD96117D61B1365EADC1DAF53032527740972133FE1E46A77E3EAFE75A2E0
[TLS] Written transcript to proofs/MSG_TLS_744216DD.out, proofs/SIG_TLS_744216DD.out and proofs/PK_TLS_744216DD.der
Signature verification succeeds
[TLS] Server time: 1619334000
[TLS] client_random  (32): 0831376BE11C05EABA8677651E9DF301B01D0691B45C73813B4398AF464350EB
[TLS] sign_hash (32): 5D337FC0A7A6421A8AC946AE63902DEBC5C2C0FBE02EFA3867EAE1FDB7E24005
[TLS] Written transcript to proofs/MSG_TLS_0831376B.out, proofs/SIG_TLS_0831376B.out and proofs/PK_TLS_0831376B.der
Signature verification succeeds
Time breakdown (averages): anchor_ping:7.408563 file_read:0.125119 hashing:0.469228
Total time for 123 rounds is 991.773666ms
Standard deviations: anchor_ping:1.570325 file_read:0.013867 hashing:0.003676
[Client-side ops] mean:0.594347 sd:0.014531
in & out anchor rand written to proofs/phase1.out
     31 [TLS] Server time: 1619333999
     93 [TLS] Server time: 1619334000
Count is 31
Count is 93
success: 1
RESULT: 1 in 1 tries
