TLS anchor: www.american.edu
Actual: 60, Set: 123
Beginning execution at Sat May 1 05:00:01 UTC 2021
CONF: anchor:www.american.edu fs:1024MB n_rounds:123 seed:5c9f4bf9bbc15bb855f82faedc5a52fc3ab2dfa8ec3ba3ce1b270f31fa0cced2 filename:FILE bs:1024 nops:100 benchmarking:0 anchor_ping:1 queue_depth:32 direct:0
[TLS] Connecting to www.american.edu
[TLS] Server time: 1619845199
[TLS] client_random  (32): 5C9F4BF9BBC15BB855F82FAEDC5A52FC3AB2DFA8EC3BA3CE1B270F31FA0CCED2
[TLS] sign_hash (32): 1B46EA7E99551B4774502C978FE09A6FFC53E0E3B05F5E0458540F2A281F3652
[TLS] Written transcript to proofs/MSG_TLS_5C9F4BF9.out, proofs/SIG_TLS_5C9F4BF9.out and proofs/PK_TLS_5C9F4BF9.der
Signature verification succeeds
[TLS] Server time: 1619845199
[TLS] client_random  (32): 1F4985727A52E15953BD91FE0A8CBF1E7C58D3ACA474E569F603B61F2B4630A5
[TLS] sign_hash (32): 56E6D89A486F17E28AE7CB24DA92680F0D5B5BE4CAFE9D46AE14BE5CE57D9EB9
[TLS] Written transcript to proofs/MSG_TLS_1F498572.out, proofs/SIG_TLS_1F498572.out and proofs/PK_TLS_1F498572.der
Signature verification succeeds
[TLS] Server time: 1619845199
[TLS] client_random  (32): E2CC318E194EB6313AC89BF33F9F1286945AE4E855F320B837294497CC0F8EA0
[TLS] sign_hash (32): 0EF218AD17514A3546C4C9C1A1DEB0834BB03827F48AD15747A6D329A7BFA40D
[TLS] Written transcript to proofs/MSG_TLS_E2CC318E.out, proofs/SIG_TLS_E2CC318E.out and proofs/PK_TLS_E2CC318E.der
Signature verification succeeds
[TLS] Server time: 1619845199
[TLS] client_random  (32): 7151933C065814E1DB7235B453DB4C605D5EF20A93260015CE7667B321F00FB3
[TLS] sign_hash (32): BBE82733F2F32F24339A0613FA8C78BA010C55B0481D192D46B1571B14D75C19
[TLS] Written transcript to proofs/MSG_TLS_7151933C.out, proofs/SIG_TLS_7151933C.out and proofs/PK_TLS_7151933C.der
Signature verification succeeds
[TLS] Server time: 1619845199
[TLS] client_random  (32): 2B10DD8E4E31B8A89473E830DB9EF8FCF62A9EB138E4C94C4EB3354B0D487F06
[TLS] sign_hash (32): 6842E545CA7D2544671CCFBE6DF1060CC657A1529CED8C88DA5059CEB58DEF01
[TLS] Written transcript to proofs/MSG_TLS_2B10DD8E.out, proofs/SIG_TLS_2B10DD8E.out and proofs/PK_TLS_2B10DD8E.der
Signature verification succeeds
[TLS] Server time: 1619845199
[TLS] client_random  (32): 57D729A301857AF772F8D0E30340A1BFA7E1E6CBB4D9C2DF1E63C4C03406A557
[TLS] sign_hash (32): C21C7AF4A28070EFC53D4023EE7C13246C98D5E5BEAD633DCA80E5D61D640E61
[TLS] Written transcript to proofs/MSG_TLS_57D729A3.out, proofs/SIG_TLS_57D729A3.out and proofs/PK_TLS_57D729A3.der
Signature verification succeeds
[TLS] Server time: 1619845199
[TLS] client_random  (32): 46137B59ACC6E7768C24CB2B0A60CEBCC2304580E4D931DE955D89FFA53F58BC
[TLS] sign_hash (32): 552B58D27BB8D53AEA3233D66757DC810ABC403ED8A5CBF80FEA06F0D6888619
[TLS] Written transcript to proofs/MSG_TLS_46137B59.out, proofs/SIG_TLS_46137B59.out and proofs/PK_TLS_46137B59.der
Signature verification succeeds
[TLS] Server time: 1619845199
[TLS] client_random  (32): 54F1B8E5C270491A7393A3BED3C220195F3079F564EDECEEA8ADCD86044A3E50
[TLS] sign_hash (32): 98DEDE0DBC9FF72101F8681081589F1365C3B919D4DC9B77706850B32B205318
[TLS] Written transcript to proofs/MSG_TLS_54F1B8E5.out, proofs/SIG_TLS_54F1B8E5.out and proofs/PK_TLS_54F1B8E5.der
Signature verification succeeds
[TLS] Server time: 1619845199
[TLS] client_random  (32): 470EF318AFC7D4BCD193866B7DA088708A202859A72B600CEE0130D1D1FC211A
[TLS] sign_hash (32): 4797ADCD1F789B1E654245E43C61572FE7D6066CF75594CB406D8DD65C12F4AE
[TLS] Written transcript to proofs/MSG_TLS_470EF318.out, proofs/SIG_TLS_470EF318.out and proofs/PK_TLS_470EF318.der
Signature verification succeeds
[TLS] Server time: 1619845199
[TLS] client_random  (32): CC455722670AC60613FCB1BA5037165EEB1A907C468052C8B71EFF5A6F7BDC96
[TLS] sign_hash (32): 5711ABAA8ED623903253290C9C68F106CF261EA2977164D873574070B7A13EC3
[TLS] Written transcript to proofs/MSG_TLS_CC455722.out, proofs/SIG_TLS_CC455722.out and proofs/PK_TLS_CC455722.der
Signature verification succeeds
[TLS] Server time: 1619845199
[TLS] client_random  (32): 8237296C0916F6B85BC2550BE3910D0A543A7D5F15C8A0025C1BE0A0291CC996
[TLS] sign_hash (32): 708FA9B6B5940C343F0805AF4A60C52DA8BEABF667F49BFBF30D29647E3BE31C
[TLS] Written transcript to proofs/MSG_TLS_8237296C.out, proofs/SIG_TLS_8237296C.out and proofs/PK_TLS_8237296C.der
Signature verification succeeds
[TLS] Server time: 1619845199
[TLS] client_random  (32): 62976EE12B5AC60E0D36D2D7140AD698E0915F4EDCB1FD644F0E9B7CB32776A8
[TLS] sign_hash (32): 21DB37ACCC92BDA89A13E7E2D115AB97DAF2138025D46D9C32A4112F83D08B5C
[TLS] Written transcript to proofs/MSG_TLS_62976EE1.out, proofs/SIG_TLS_62976EE1.out and proofs/PK_TLS_62976EE1.der
Signature verification succeeds
[TLS] Server time: 1619845199
[TLS] client_random  (32): A53AB6F01F53855AA71420BDEC8190582E8E6BF62E5217F5E75BFDD10CD067D3
[TLS] sign_hash (32): A04E1D24F6CDC89A9242581B31EA950924A4AAB0AD850ED70A6F33582B989081
[TLS] Written transcript to proofs/MSG_TLS_A53AB6F0.out, proofs/SIG_TLS_A53AB6F0.out and proofs/PK_TLS_A53AB6F0.der
Signature verification succeeds
[TLS] Server time: 1619845199
[TLS] client_random  (32): C0F4F87893331D83E72F1FEE86E044AC3CA1A7B55238577918F0EC59DEABAF3C
[TLS] sign_hash (32): 3CE26A0430F9A28B3F66C67EE956FB7C90879D814F1DCD240E776F81FCD0770A
[TLS] Written transcript to proofs/MSG_TLS_C0F4F878.out, proofs/SIG_TLS_C0F4F878.out and proofs/PK_TLS_C0F4F878.der
Signature verification succeeds
[TLS] Server time: 1619845199
[TLS] client_random  (32): 9DF980A3BFF72DE3A5E2EEF67ECF22B961A95B2621713EC0D8EE2FA56520243F
[TLS] sign_hash (32): 2C0A94B66C771261AA378A64723D98FA988D5EB54F5727BAE38C257E4E2ED46F
[TLS] Written transcript to proofs/MSG_TLS_9DF980A3.out, proofs/SIG_TLS_9DF980A3.out and proofs/PK_TLS_9DF980A3.der
Signature verification succeeds
[TLS] Server time: 1619845199
[TLS] client_random  (32): 6D32F907153C7610B752FFEDEFC2608C9F156777A25F30D9AC639DA64F49A04F
[TLS] sign_hash (32): 1C9D20AFE17859B19C96FAC38473FD12847C2764C44238D125C47260A3DCB5A8
[TLS] Written transcript to proofs/MSG_TLS_6D32F907.out, proofs/SIG_TLS_6D32F907.out and proofs/PK_TLS_6D32F907.der
Signature verification succeeds
[TLS] Server time: 1619845199
[TLS] client_random  (32): B9B1E06368E5CDEE4313698262583F27B96B4D7CB0214762AC6851C44A9FB6F4
[TLS] sign_hash (32): 90DB0E729E55F0B072E0D29B5E89B92F7B2734CE7222DF5637F0154489AB48EB
[TLS] Written transcript to proofs/MSG_TLS_B9B1E063.out, proofs/SIG_TLS_B9B1E063.out and proofs/PK_TLS_B9B1E063.der
Signature verification succeeds
[TLS] Server time: 1619845199
[TLS] client_random  (32): EB192FDE0374DB589B1A5A6B8773CC1F38696F1268BFB908E9C6C5D503FF66FE
[TLS] sign_hash (32): B61C568A5DE6B032A536FE9EE4B30571AE68A5643C17BFF828EB69361115EAAC
[TLS] Written transcript to proofs/MSG_TLS_EB192FDE.out, proofs/SIG_TLS_EB192FDE.out and proofs/PK_TLS_EB192FDE.der
Signature verification succeeds
[TLS] Server time: 1619845199
[TLS] client_random  (32): 6F5EE62CEF007AEEE5EE470EB67E911E775104288E2B7D74B16387F6F113048E
[TLS] sign_hash (32): A7A09F03F9D2BA67AE09E317E9818DC27FBE6A033AFBEB4938A5773D6A71EE78
[TLS] Written transcript to proofs/MSG_TLS_6F5EE62C.out, proofs/SIG_TLS_6F5EE62C.out and proofs/PK_TLS_6F5EE62C.der
Signature verification succeeds
[TLS] Server time: 1619845199
[TLS] client_random  (32): 2454EE8CE347F4607DBF8FFBAFEE3DB32F672AA7CF1DD881E37586F2FE2FB50D
[TLS] sign_hash (32): F2107807BE2BF02F3C29B009E161DB8D5FCBD4CEA68CBB5F62E272D689968FC6
[TLS] Written transcript to proofs/MSG_TLS_2454EE8C.out, proofs/SIG_TLS_2454EE8C.out and proofs/PK_TLS_2454EE8C.der
Signature verification succeeds
[TLS] Server time: 1619845199
[TLS] client_random  (32): 724EDA954B21CD6730ED4A4414E1A7BB12A0FCC5B2B8231AF59DC9577216DC9D
[TLS] sign_hash (32): DD9585C269AD7709F99E425FE05B7B855C212B44F62B1E31F762F2BDC92D3A73
[TLS] Written transcript to proofs/MSG_TLS_724EDA95.out, proofs/SIG_TLS_724EDA95.out and proofs/PK_TLS_724EDA95.der
Signature verification succeeds
[TLS] Server time: 1619845199
[TLS] client_random  (32): 4F7B7F4E0215A48EEAF977D6D4193946003CA507659658B38CE02E0180D18CF3
[TLS] sign_hash (32): E452D55E0650ED040E641D2E87E8C87A903D42A0AA85093C6E04CE59BF2C28AB
[TLS] Written transcript to proofs/MSG_TLS_4F7B7F4E.out, proofs/SIG_TLS_4F7B7F4E.out and proofs/PK_TLS_4F7B7F4E.der
Signature verification succeeds
[TLS] Server time: 1619845199
[TLS] client_random  (32): 015050254837ECB6F973EC7139A5E949BB306545C9E1002631C095E176D3BB72
[TLS] sign_hash (32): 4DA897C5BC7A479953B3E6064EEE6ED297D593C2F55BA53E55133A9B4E823A88
[TLS] Written transcript to proofs/MSG_TLS_01505025.out, proofs/SIG_TLS_01505025.out and proofs/PK_TLS_01505025.der
Signature verification succeeds
[TLS] Server time: 1619845199
[TLS] client_random  (32): 9EB01027DCBA645424AF35012FA3E5676B65133DAD79775DD9DDF115AAE5CA9D
[TLS] sign_hash (32): 1306A5FF919FCE40D28E68E8CF5227B4A09D850F517AE18C7E28CA1DB4B46458
[TLS] Written transcript to proofs/MSG_TLS_9EB01027.out, proofs/SIG_TLS_9EB01027.out and proofs/PK_TLS_9EB01027.der
Signature verification succeeds
[TLS] Server time: 1619845199
[TLS] client_random  (32): AC1C9CBFCF385F5F597964812B95A395E332F23E9841C674FEFA40BAC5F1FC9E
[TLS] sign_hash (32): 2174FD24AE07355DCF03D03DD43B430AEC7BA60FA653075F73F9B115F1B20203
[TLS] Written transcript to proofs/MSG_TLS_AC1C9CBF.out, proofs/SIG_TLS_AC1C9CBF.out and proofs/PK_TLS_AC1C9CBF.der
Signature verification succeeds
[TLS] Server time: 1619845199
[TLS] client_random  (32): 70F1F615678D70F87346AEE5EC32D3B3FD1E460930E2068D8F279D38EC053C5D
[TLS] sign_hash (32): 79C0A1A62BF42C06521E87F5C74AC54B53A5BC1A37073CF94E018D1756F6096A
[TLS] Written transcript to proofs/MSG_TLS_70F1F615.out, proofs/SIG_TLS_70F1F615.out and proofs/PK_TLS_70F1F615.der
Signature verification succeeds
[TLS] Server time: 1619845199
[TLS] client_random  (32): EBCE9C40E227B9B73CC81D142F80FE95ABE789FFAF18CD0EE54567B3E9FDDBF4
[TLS] sign_hash (32): E6B37FDF6E80AAA9E6B137830E6A30344A0B1B9682DDD7418E6E219533639104
[TLS] Written transcript to proofs/MSG_TLS_EBCE9C40.out, proofs/SIG_TLS_EBCE9C40.out and proofs/PK_TLS_EBCE9C40.der
Signature verification succeeds
[TLS] Server time: 1619845199
[TLS] client_random  (32): D1F1B5F0D5F0C6CFDD46B5C903B016A7B9E5DDC0D83FE6C257A5F49199C947A7
[TLS] sign_hash (32): 60F17C593299B211E0FDCE0C15BBAF019B2EFB91762F50BAF9DEB8CE3D0CA739
[TLS] Written transcript to proofs/MSG_TLS_D1F1B5F0.out, proofs/SIG_TLS_D1F1B5F0.out and proofs/PK_TLS_D1F1B5F0.der
Signature verification succeeds
[TLS] Server time: 1619845199
[TLS] client_random  (32): 0640A723CF2EBE018EF0D14CC901B91952F28B4B30B513EDBFED9BB7612E68F1
[TLS] sign_hash (32): 81A7ED8C59C8742DAAAB894390F53CC521DAA2403585FB61AF0E1F7DF9C20E53
[TLS] Written transcript to proofs/MSG_TLS_0640A723.out, proofs/SIG_TLS_0640A723.out and proofs/PK_TLS_0640A723.der
Signature verification succeeds
[TLS] Server time: 1619845199
[TLS] client_random  (32): AEC0E791EAB2B55C46A2EE5C4761BE4B6B0C28E58FD70A6D88BEB371E843AFD0
[TLS] sign_hash (32): D51F9F839D5E0832F0ABFA094DF3128E1D3BE0C407692751E24C9481AE2A563A
[TLS] Written transcript to proofs/MSG_TLS_AEC0E791.out, proofs/SIG_TLS_AEC0E791.out and proofs/PK_TLS_AEC0E791.der
Signature verification succeeds
[TLS] Server time: 1619845199
[TLS] client_random  (32): 27902D40CDB79B91154B8BF746332778DF751D6535B61C5651CF51D8B350B3BB
[TLS] sign_hash (32): 6E401622FE4B23E036CEE2FD18921C6669CF0148350BA96BAF41E59D3983945C
[TLS] Written transcript to proofs/MSG_TLS_27902D40.out, proofs/SIG_TLS_27902D40.out and proofs/PK_TLS_27902D40.der
Signature verification succeeds
[TLS] Server time: 1619845199
[TLS] client_random  (32): 77CCCBAA3927ABD2780DE5FAF09AAAF7BF23CF6FA78AC13F1AD3F7EDEA6F36E7
[TLS] sign_hash (32): F233A6C0D38F3DF1556CEDCFD701A1AACE138CF8189FBF59CCE14EB4C27B3148
[TLS] Written transcript to proofs/MSG_TLS_77CCCBAA.out, proofs/SIG_TLS_77CCCBAA.out and proofs/PK_TLS_77CCCBAA.der
Signature verification succeeds
[TLS] Server time: 1619845199
[TLS] client_random  (32): 6073BF7CE8DC198F4B5575A85347131DA7E24F0D6090FCB35193044904B8012D
[TLS] sign_hash (32): AFF546350D892087AFC35321A882C15E08D718EEA35FE072382CA3DF6F83764D
[TLS] Written transcript to proofs/MSG_TLS_6073BF7C.out, proofs/SIG_TLS_6073BF7C.out and proofs/PK_TLS_6073BF7C.der
Signature verification succeeds
[TLS] Server time: 1619845199
[TLS] client_random  (32): 072AB13EFD9B05B1DE4211436807ED99C8A2CAEBFC6094968321DB130D566F71
[TLS] sign_hash (32): 91D83A6ED6A63274D41AA075EE5BB8BB2B8864634A1F0BD17C42B4E2BB3E574A
[TLS] Written transcript to proofs/MSG_TLS_072AB13E.out, proofs/SIG_TLS_072AB13E.out and proofs/PK_TLS_072AB13E.der
Signature verification succeeds
[TLS] Server time: 1619845199
[TLS] client_random  (32): 11C87153232258C6B8A21C81B052F1D70C597B3E2574613ACE32DB3ADEFD6990
[TLS] sign_hash (32): 1CBBABDBF66991AB05FA0C23BBC7B98301B4571B3D0FF32E0713ABF225EA6325
[TLS] Written transcript to proofs/MSG_TLS_11C87153.out, proofs/SIG_TLS_11C87153.out and proofs/PK_TLS_11C87153.der
Signature verification succeeds
[TLS] Server time: 1619845199
[TLS] client_random  (32): B2F024964A5BFEF49AA8FFC36B4EB7F0D9512BE6242D6EF63F96E682BC8C8BA3
[TLS] sign_hash (32): 043B92300A19B4333D1985DE671B924AC6B3DDD834BF7D1819A7A9DE0C39D100
[TLS] Written transcript to proofs/MSG_TLS_B2F02496.out, proofs/SIG_TLS_B2F02496.out and proofs/PK_TLS_B2F02496.der
Signature verification succeeds
[TLS] Server time: 1619845199
[TLS] client_random  (32): E05B5A144F8BB7CA640A981659BB0AE1AACBA4A40687EF4C8C491111A43F65AB
[TLS] sign_hash (32): 7FCDEDDB1393319EA3D7F197D1D39C84C00C8606575BD3B5D9A92329C553D2D3
[TLS] Written transcript to proofs/MSG_TLS_E05B5A14.out, proofs/SIG_TLS_E05B5A14.out and proofs/PK_TLS_E05B5A14.der
Signature verification succeeds
[TLS] Server time: 1619845199
[TLS] client_random  (32): B3B4CA7CD057DCD779932B0E5583A9C33AC45520011034B970145A297BA796EC
[TLS] sign_hash (32): 2A008E7535BBEE38609A5CEAAAC16F02017FCBD0C52D08C196EC82538E301FDD
[TLS] Written transcript to proofs/MSG_TLS_B3B4CA7C.out, proofs/SIG_TLS_B3B4CA7C.out and proofs/PK_TLS_B3B4CA7C.der
Signature verification succeeds
[TLS] Server time: 1619845199
[TLS] client_random  (32): 8B9605F0450FFA4067AEB2FF0D798D6509D135B3341160F590BE8A54067E3251
[TLS] sign_hash (32): 6E8D59E7551BDA72986B958EF01C33B46B1F11CE89C9FE9F6563BCE98FAD3BC7
[TLS] Written transcript to proofs/MSG_TLS_8B9605F0.out, proofs/SIG_TLS_8B9605F0.out and proofs/PK_TLS_8B9605F0.der
Signature verification succeeds
[TLS] Server time: 1619845199
[TLS] client_random  (32): 3CE0671B3B688E9D8ED5AFFF167E464417D380962EC289CD87A75B439919CD6B
[TLS] sign_hash (32): 9CB16BFDC0A9C52BB4764F51155C802E2A0CC50A6AAF4D8B6E913E294CC2EA17
[TLS] Written transcript to proofs/MSG_TLS_3CE0671B.out, proofs/SIG_TLS_3CE0671B.out and proofs/PK_TLS_3CE0671B.der
Signature verification succeeds
[TLS] Server time: 1619845199
[TLS] client_random  (32): 27DB60FD6707A12B8CB175A9A2009E7424B001B172606F94FF20D3FCA63863D4
[TLS] sign_hash (32): 09C6F595ED32284BF026B97284C241B8B86FDD098C66809AC561876BDF647A24
[TLS] Written transcript to proofs/MSG_TLS_27DB60FD.out, proofs/SIG_TLS_27DB60FD.out and proofs/PK_TLS_27DB60FD.der
Signature verification succeeds
[TLS] Server time: 1619845199
[TLS] client_random  (32): 92A1B50F73A50A7D85BD5FA60C7C81ACA37D0228B6DBAA9628EB6A184F684F76
[TLS] sign_hash (32): BC2F8D7F69150FDCB5CC18931D1B59D8C00EFD90B5C114AC4049C220958EB708
[TLS] Written transcript to proofs/MSG_TLS_92A1B50F.out, proofs/SIG_TLS_92A1B50F.out and proofs/PK_TLS_92A1B50F.der
Signature verification succeeds
[TLS] Server time: 1619845199
[TLS] client_random  (32): 1663F307D3B6EEC66E060F56EBBF89F51A82562ED2DC36299AFF0BCD48972DD6
[TLS] sign_hash (32): 529BAC623D6245B93494106F5CA94A21C5FB5CBD8CBA6B67333B3402E7CD51C4
[TLS] Written transcript to proofs/MSG_TLS_1663F307.out, proofs/SIG_TLS_1663F307.out and proofs/PK_TLS_1663F307.der
Signature verification succeeds
[TLS] Server time: 1619845199
[TLS] client_random  (32): 205083A54CC17178B29258DCC3D64FBF3F94378B50B95363EF3D2956BC17DC3C
[TLS] sign_hash (32): D50A7D3B04178D79CEA95022175CBF358A41663DB0A0B198C8291139B56DA7CA
[TLS] Written transcript to proofs/MSG_TLS_205083A5.out, proofs/SIG_TLS_205083A5.out and proofs/PK_TLS_205083A5.der
Signature verification succeeds
[TLS] Server time: 1619845199
[TLS] client_random  (32): 3AB518EA6818C493739BA66106CBB32411E0DBCE463D0B04A1F0565309E57520
[TLS] sign_hash (32): 158683096B7D5A58CE16B308EC3B7597C40A5840A24D164B4416BEA7E08AAF86
[TLS] Written transcript to proofs/MSG_TLS_3AB518EA.out, proofs/SIG_TLS_3AB518EA.out and proofs/PK_TLS_3AB518EA.der
Signature verification succeeds
[TLS] Server time: 1619845199
[TLS] client_random  (32): 280F2B8D3FCAEA665ADDB953DFECC5F905933C248E9E2A499FB245ECBEF861F5
[TLS] sign_hash (32): 7F0C04DE6BB9E753BCB8828A82A9D501145EACCC3EE3B942194DD61948987CBF
[TLS] Written transcript to proofs/MSG_TLS_280F2B8D.out, proofs/SIG_TLS_280F2B8D.out and proofs/PK_TLS_280F2B8D.der
Signature verification succeeds
[TLS] Server time: 1619845199
[TLS] client_random  (32): 225D12A941835FF5CF48FE26FED67093C48415CE40E19203D3D969D567D976B1
[TLS] sign_hash (32): 1BD503CB2A1B20DB6F02D06A6238ADA49E6FB11BD2F232BB13838E655B949CA6
[TLS] Written transcript to proofs/MSG_TLS_225D12A9.out, proofs/SIG_TLS_225D12A9.out and proofs/PK_TLS_225D12A9.der
Signature verification succeeds
[TLS] Server time: 1619845199
[TLS] client_random  (32): 85C599336DF8F8B9DB79144B1FAAA2984CF115F43D3E09FB6ED598EA5133A705
[TLS] sign_hash (32): 2EC5766D06D56942A58017634EDFE624E70EA2CCC0CCB3D248D61D48C75CD65A
[TLS] Written transcript to proofs/MSG_TLS_85C59933.out, proofs/SIG_TLS_85C59933.out and proofs/PK_TLS_85C59933.der
Signature verification succeeds
[TLS] Server time: 1619845199
[TLS] client_random  (32): 1B30A718E3D39FC03B42E516140EB7CD9457B77EFF35D4BD40D8AB468E6654DD
[TLS] sign_hash (32): FB0282392661DB35F3DACA330CFF38759AB8D6CC2D05B68359DC5CA5393F04BC
[TLS] Written transcript to proofs/MSG_TLS_1B30A718.out, proofs/SIG_TLS_1B30A718.out and proofs/PK_TLS_1B30A718.der
Signature verification succeeds
[TLS] Server time: 1619845199
[TLS] client_random  (32): 0CF434758928155B4B463571D77E03EA5A3FA2B7AE5122FFE60E7C65C9C6E0B5
[TLS] sign_hash (32): 4BF92DA9210FABA49EC49855D8C3BFA5E59B08FEE08866542EB72D30E4A8F939
[TLS] Written transcript to proofs/MSG_TLS_0CF43475.out, proofs/SIG_TLS_0CF43475.out and proofs/PK_TLS_0CF43475.der
Signature verification succeeds
[TLS] Server time: 1619845199
[TLS] client_random  (32): F4A7FC36E2B719BEDA4998C2C870DFB2E1CB2F540F786C1B32C42736E9F053CF
[TLS] sign_hash (32): FD35D864919C3E7BE3D03ED947DD88DBBCA1B762FFB18F69957505B1BD2439A2
[TLS] Written transcript to proofs/MSG_TLS_F4A7FC36.out, proofs/SIG_TLS_F4A7FC36.out and proofs/PK_TLS_F4A7FC36.der
Signature verification succeeds
[TLS] Server time: 1619845199
[TLS] client_random  (32): 5F5AE9B9D8D3B2E904736DA343A7761F05C46D5AADFADE89ECDF2A772DAE565D
[TLS] sign_hash (32): D6C95425A6C17D6C0C161924184D1A748879BB670EA7D7E0416FCB8B1251450C
[TLS] Written transcript to proofs/MSG_TLS_5F5AE9B9.out, proofs/SIG_TLS_5F5AE9B9.out and proofs/PK_TLS_5F5AE9B9.der
Signature verification succeeds
[TLS] Server time: 1619845199
[TLS] client_random  (32): 95523E076492769E5B01A507FCFC3298434866C4BD81BA8969D23C96B2B7CD4C
[TLS] sign_hash (32): 30D2CE8D98EC48AFA628F37BD51218405671316C25F9BB92B02C23B09EEB5565
[TLS] Written transcript to proofs/MSG_TLS_95523E07.out, proofs/SIG_TLS_95523E07.out and proofs/PK_TLS_95523E07.der
Signature verification succeeds
[TLS] Server time: 1619845199
[TLS] client_random  (32): 410080B3A7AB35B087FC0C9BE374EBAEB7471829CC63E74B1B4EF69FCD1192DC
[TLS] sign_hash (32): 95A441E1490317908FADE2D5952C790C266DAE476440571407118B1B833BD190
[TLS] Written transcript to proofs/MSG_TLS_410080B3.out, proofs/SIG_TLS_410080B3.out and proofs/PK_TLS_410080B3.der
Signature verification succeeds
[TLS] Server time: 1619845199
[TLS] client_random  (32): 16A0DC4A2D40C27CDC8DB986A235D3FFA44FCC5806ECE9EE426203019C979757
[TLS] sign_hash (32): 7F567BBBCA9EEA24D46570D3E9FD8C718D3EC7DDF061C2D0A294C8B2DAFE7ADF
[TLS] Written transcript to proofs/MSG_TLS_16A0DC4A.out, proofs/SIG_TLS_16A0DC4A.out and proofs/PK_TLS_16A0DC4A.der
Signature verification succeeds
[TLS] Server time: 1619845199
[TLS] client_random  (32): DA214F0830515CB63A045DB1AD8161A33BB03DDDFE737908E705CB6048D94402
[TLS] sign_hash (32): D9FFB0D89CB2BF0D631C23C969FB428FD56A0A6EFE7DECC7E9A7C29E1AFCD1E3
[TLS] Written transcript to proofs/MSG_TLS_DA214F08.out, proofs/SIG_TLS_DA214F08.out and proofs/PK_TLS_DA214F08.der
Signature verification succeeds
[TLS] Server time: 1619845199
[TLS] client_random  (32): 4BF2763DE482BE76F6FD94DD86C463489D8F7B3C14470C9C5F0F78A8C5DB2F8B
[TLS] sign_hash (32): BDFD4E59C43E7ED32594E0D798436F0CD1491BD0C54A05DF77589E6C485B8DB0
[TLS] Written transcript to proofs/MSG_TLS_4BF2763D.out, proofs/SIG_TLS_4BF2763D.out and proofs/PK_TLS_4BF2763D.der
Signature verification succeeds
[TLS] Server time: 1619845199
[TLS] client_random  (32): B3932619CC0DEB6347757C876EEA4CEA863FF0076BFA38CDE903D1D5DA1F41CA
[TLS] sign_hash (32): 907C3EF9A7AA2037A4D4135029A6833916BA425EF6D84A6E5D7A400B0F3C4118
[TLS] Written transcript to proofs/MSG_TLS_B3932619.out, proofs/SIG_TLS_B3932619.out and proofs/PK_TLS_B3932619.der
Signature verification succeeds
[TLS] Server time: 1619845199
[TLS] client_random  (32): DF3A0637388A558C6B57DF68201D57BE54814336C72C39A895C350F06D96CFB4
[TLS] sign_hash (32): 0EBA723A07F513C99FC5DA211E161B947AFBED1703DB0DC8771117212B71B0D2
[TLS] Written transcript to proofs/MSG_TLS_DF3A0637.out, proofs/SIG_TLS_DF3A0637.out and proofs/PK_TLS_DF3A0637.der
Signature verification succeeds
[TLS] Server time: 1619845199
[TLS] client_random  (32): B82B7E1A198E89A7D805BFC4D97C7735C09CA7E7F2C70FD10821355C010709B1
[TLS] sign_hash (32): 39FE806BF27D485E233474FAB2823BD3C650E34F126EB35D3F55887CF8BF9EBE
[TLS] Written transcript to proofs/MSG_TLS_B82B7E1A.out, proofs/SIG_TLS_B82B7E1A.out and proofs/PK_TLS_B82B7E1A.der
Signature verification succeeds
[TLS] Server time: 1619845199
[TLS] client_random  (32): B3432C1D23EE502E641F9BA3837BA7E5121287A68CEDEE08DC3C30298849821C
[TLS] sign_hash (32): 2765D37BE7719235463E77CED9C0E6AB31E16C9FA23CD7BE97323554FB89F5B8
[TLS] Written transcript to proofs/MSG_TLS_B3432C1D.out, proofs/SIG_TLS_B3432C1D.out and proofs/PK_TLS_B3432C1D.der
Signature verification succeeds
[TLS] Server time: 1619845199
[TLS] client_random  (32): 8D0729647E714649834C66DE8163171B03FA06E6B0889F36D6D974650AF75B7A
[TLS] sign_hash (32): 118B4B0D6FF54259CBA72EE4B34CD18CBDE3B68166AE9AAFEED63D3F2322CF84
[TLS] Written transcript to proofs/MSG_TLS_8D072964.out, proofs/SIG_TLS_8D072964.out and proofs/PK_TLS_8D072964.der
Signature verification succeeds
[TLS] Server time: 1619845199
[TLS] client_random  (32): 0899DA6DEEAD5B1121BCCB4D384356CBEB2D5793867D779D2971F96EC167D2F0
[TLS] sign_hash (32): 5802D51CD84C49CB0AECB654C74AA4C5A886AB8D92265F1E6135533DC28124C9
[TLS] Written transcript to proofs/MSG_TLS_0899DA6D.out, proofs/SIG_TLS_0899DA6D.out and proofs/PK_TLS_0899DA6D.der
Signature verification succeeds
[TLS] Server time: 1619845199
[TLS] client_random  (32): 7C2258ED13A63CED654E001582A127C10B482BD86E208BAA62753044815C7AB7
[TLS] sign_hash (32): 4851D7C1970A24E355AF6327AA261D2B66E49A5BD0D61D6FF818BB0D10B8EFAF
[TLS] Written transcript to proofs/MSG_TLS_7C2258ED.out, proofs/SIG_TLS_7C2258ED.out and proofs/PK_TLS_7C2258ED.der
Signature verification succeeds
[TLS] Server time: 1619845199
[TLS] client_random  (32): 0D196376F967F6664F560901845B4E9F421E7ADE4F31E197588A6126F6E85834
[TLS] sign_hash (32): E9C1AEA1BB0527C3FC4CF4F64BAE63D2A5DA2265C695067E9409135ED07F2FBF
[TLS] Written transcript to proofs/MSG_TLS_0D196376.out, proofs/SIG_TLS_0D196376.out and proofs/PK_TLS_0D196376.der
Signature verification succeeds
[TLS] Server time: 1619845199
[TLS] client_random  (32): 316095E622673663E93367733A990AA152DF94F5692C5A2FA701B9785DF8EC14
[TLS] sign_hash (32): 90D7E93374F24E1927E8CC7F9195333E5414060DFDC57C13A03FB5B71B9C7C4A
[TLS] Written transcript to proofs/MSG_TLS_316095E6.out, proofs/SIG_TLS_316095E6.out and proofs/PK_TLS_316095E6.der
Signature verification succeeds
[TLS] Server time: 1619845199
[TLS] client_random  (32): 2325EAB110DA5B0B65F3F3AEE0EEF8F825CA24DECB79D1F7E98CD1AB2FE65009
[TLS] sign_hash (32): A98CC46F8BA32F681A5A79BBEA5A20778D5CF04DD55D04CD06B097933781B1D6
[TLS] Written transcript to proofs/MSG_TLS_2325EAB1.out, proofs/SIG_TLS_2325EAB1.out and proofs/PK_TLS_2325EAB1.der
Signature verification succeeds
[TLS] Server time: 1619845199
[TLS] client_random  (32): E0D9753F4CE7417EE2F1AC19C8CD6F1305554BBDEFDA7782E59687415F5AEA24
[TLS] sign_hash (32): 22A6BE9540E81B7D9AC5F67947B50804D164A31239AE6D5914CC754B789F6B2F
[TLS] Written transcript to proofs/MSG_TLS_E0D9753F.out, proofs/SIG_TLS_E0D9753F.out and proofs/PK_TLS_E0D9753F.der
Signature verification succeeds
[TLS] Server time: 1619845199
[TLS] client_random  (32): 1C9C30D3AD9A9110BCF88A792998E7D49A034E720A21BFA277B79CF5F2D77EDC
[TLS] sign_hash (32): 2F098A8EB2312C4AFCBE3C1EE85210EC7677FC3A2FB6C990F887C21E86C4D46D
[TLS] Written transcript to proofs/MSG_TLS_1C9C30D3.out, proofs/SIG_TLS_1C9C30D3.out and proofs/PK_TLS_1C9C30D3.der
Signature verification succeeds
[TLS] Server time: 1619845199
[TLS] client_random  (32): 10D25A599569F4179EAE2BCC5613ADB217F07FE83688B78240A2800AA882B373
[TLS] sign_hash (32): C95391A02372107A93E55048AD8F7CB5783DE52BC472EE955774D822FEA013B7
[TLS] Written transcript to proofs/MSG_TLS_10D25A59.out, proofs/SIG_TLS_10D25A59.out and proofs/PK_TLS_10D25A59.der
Signature verification succeeds
[TLS] Server time: 1619845199
[TLS] client_random  (32): 6080DD49BDF2C96463DFA02D8133EB2D2274FF15A88E8607DA481AF34A217960
[TLS] sign_hash (32): 4ED6790B5C3B5060B36F1AF727E9E9ABF7AEA295A11AD353C92755CC35E67E2A
[TLS] Written transcript to proofs/MSG_TLS_6080DD49.out, proofs/SIG_TLS_6080DD49.out and proofs/PK_TLS_6080DD49.der
Signature verification succeeds
[TLS] Server time: 1619845199
[TLS] client_random  (32): C0923A0C54A67D2273A57E8BC2247C35B6BD70547EC14FA3B9D92290FA07F462
[TLS] sign_hash (32): 17A8A5763BEBA5A91CDA08C0BE9B00F19C21E15FD0659E5B097BC9AFCFC5370A
[TLS] Written transcript to proofs/MSG_TLS_C0923A0C.out, proofs/SIG_TLS_C0923A0C.out and proofs/PK_TLS_C0923A0C.der
Signature verification succeeds
[TLS] Server time: 1619845199
[TLS] client_random  (32): B75CC43114D066BE54140FD7163D698785F225DA8B51A7798CE52BC8CB21E6FC
[TLS] sign_hash (32): 1E2A3C6FAA0AB920FB7FD2C7EC545CD4209163E31EB8258A91EB82EFD83ADF8A
[TLS] Written transcript to proofs/MSG_TLS_B75CC431.out, proofs/SIG_TLS_B75CC431.out and proofs/PK_TLS_B75CC431.der
Signature verification succeeds
[TLS] Server time: 1619845199
[TLS] client_random  (32): E94C1A5018BA6D855F7CCE21D64A54689DC7C2B823F94AB06B7F583E4574D5DF
[TLS] sign_hash (32): 6ED1A6184229594468EFF3F3B11C3AAA10BBDA3C0D1529D9890A6E35E9870885
[TLS] Written transcript to proofs/MSG_TLS_E94C1A50.out, proofs/SIG_TLS_E94C1A50.out and proofs/PK_TLS_E94C1A50.der
Signature verification succeeds
[TLS] Server time: 1619845199
[TLS] client_random  (32): C937337A64A7D06D8750B988F5A5B49E26D4A0184EA8D2B740C38E591150314A
[TLS] sign_hash (32): 99E8CA92D198A163B77834C9ED0AD0F21131BAA687D16BE2B2EE39C125D09879
[TLS] Written transcript to proofs/MSG_TLS_C937337A.out, proofs/SIG_TLS_C937337A.out and proofs/PK_TLS_C937337A.der
Signature verification succeeds
[TLS] Server time: 1619845199
[TLS] client_random  (32): 92EB7AEEB71872319FE0E62080FECD265DA4BAAAC26CBD412C942CD883D042B6
[TLS] sign_hash (32): AE3F74DD6861A014CC64AC248525C48B33E0BDC896E5F6BCFDCF1A6E1AF9F460
[TLS] Written transcript to proofs/MSG_TLS_92EB7AEE.out, proofs/SIG_TLS_92EB7AEE.out and proofs/PK_TLS_92EB7AEE.der
Signature verification succeeds
[TLS] Server time: 1619845199
[TLS] client_random  (32): 2AB1E02882AB98D7F2C9CBD1DFB30FC6E23CDDD97A234E0EB3EC4754CE5BFF14
[TLS] sign_hash (32): 9AA03FFD113B128578B8450DA7A624194E6B5E6013A2621EAA5E292AC5B72B47
[TLS] Written transcript to proofs/MSG_TLS_2AB1E028.out, proofs/SIG_TLS_2AB1E028.out and proofs/PK_TLS_2AB1E028.der
Signature verification succeeds
[TLS] Server time: 1619845199
[TLS] client_random  (32): 7874BCC6626833BA4A8DEC84A606A4DDC6E52C6E8441643746DDF72EE562E02F
[TLS] sign_hash (32): F3C3B438BCD53B83FFDA66F9E88B4C8184D8CD3B88E96A5E3BA1F2E81A21B697
[TLS] Written transcript to proofs/MSG_TLS_7874BCC6.out, proofs/SIG_TLS_7874BCC6.out and proofs/PK_TLS_7874BCC6.der
Signature verification succeeds
[TLS] Server time: 1619845199
[TLS] client_random  (32): BD728A809D37F5CBC6CC7F5B97B9785C7583709DE16E0CE099939E2AE5117223
[TLS] sign_hash (32): 784B30CAB448759EB67C818CDDFD1C22D4F13BB5C26DF310D275E25ADD5E673C
[TLS] Written transcript to proofs/MSG_TLS_BD728A80.out, proofs/SIG_TLS_BD728A80.out and proofs/PK_TLS_BD728A80.der
Signature verification succeeds
[TLS] Server time: 1619845199
[TLS] client_random  (32): A5A01F17BF39C13448B9AEF1E5A0FB404AA73F8F976C971CBE13212B460FB8FC
[TLS] sign_hash (32): DD3493FACCEFDDEC56E9ECF64E23A17C3C5A20DE9BB1E766127D29BE3049CCA2
[TLS] Written transcript to proofs/MSG_TLS_A5A01F17.out, proofs/SIG_TLS_A5A01F17.out and proofs/PK_TLS_A5A01F17.der
Signature verification succeeds
[TLS] Server time: 1619845199
[TLS] client_random  (32): 6204A56889A6991328CAE870A1B61D7117148D186C63A2D8346EE4D3C70768B9
[TLS] sign_hash (32): 2522A87B32D228C0B7E54A8C8E60A50CCA03F6D63796A95A8F4080B2A1F749CB
[TLS] Written transcript to proofs/MSG_TLS_6204A568.out, proofs/SIG_TLS_6204A568.out and proofs/PK_TLS_6204A568.der
Signature verification succeeds
[TLS] Server time: 1619845199
[TLS] client_random  (32): 614CE6247A580592FCEBED77BDFF0F5BBB608B0EBB99B12CBED8BFEDAEA273ED
[TLS] sign_hash (32): 509916751F342D1BFD2B2E22CF048AE2EB7F965BE2AAB96C4B795ECE5CD39C6C
[TLS] Written transcript to proofs/MSG_TLS_614CE624.out, proofs/SIG_TLS_614CE624.out and proofs/PK_TLS_614CE624.der
Signature verification succeeds
[TLS] Server time: 1619845199
[TLS] client_random  (32): 42163A8475C9BF6219762B999594542D6A1990F528592F4D650B030C2DBD48FF
[TLS] sign_hash (32): F3933F6F7E8B9907BCAB07164B8ABFCF5154253D9C9B4E0BE0E423F156EADA8C
[TLS] Written transcript to proofs/MSG_TLS_42163A84.out, proofs/SIG_TLS_42163A84.out and proofs/PK_TLS_42163A84.der
Signature verification succeeds
[TLS] Server time: 1619845199
[TLS] client_random  (32): 78DFCCA6FE5F81502704BCA35C886009F12A3618508A4F44E0664BE7A97C8E81
[TLS] sign_hash (32): 86FEF6264629424A080414BE0207742CEA6EF3172F47260BDFFD0ADC89E71BC8
[TLS] Written transcript to proofs/MSG_TLS_78DFCCA6.out, proofs/SIG_TLS_78DFCCA6.out and proofs/PK_TLS_78DFCCA6.der
Signature verification succeeds
[TLS] Server time: 1619845199
[TLS] client_random  (32): ABBF34B8F709B0E7C858EC8E7319F80DA440EAB6382F6F219114DC4F43E9A3B4
[TLS] sign_hash (32): D81C4C19BF9FDE02050B57E250491B1B720D952E45F5EFB57CAA54F52E2F82C1
[TLS] Written transcript to proofs/MSG_TLS_ABBF34B8.out, proofs/SIG_TLS_ABBF34B8.out and proofs/PK_TLS_ABBF34B8.der
Signature verification succeeds
[TLS] Server time: 1619845199
[TLS] client_random  (32): FB9EABE5E97244F61788F7FD4CCB8C017B0E0EB3FE1607A44FCBA192199AE13E
[TLS] sign_hash (32): 24C9C5F0EAEF79D603D7FD0C86484AFA8B676BA280A5377582B70394BB01735E
[TLS] Written transcript to proofs/MSG_TLS_FB9EABE5.out, proofs/SIG_TLS_FB9EABE5.out and proofs/PK_TLS_FB9EABE5.der
Signature verification succeeds
[TLS] Server time: 1619845199
[TLS] client_random  (32): 2F57863A61A71115D71F228BA9A0EE0F76C6DC8E6B861AA1AA91128B60CAF314
[TLS] sign_hash (32): DAD4577070D92B09C67CBDD7642276C51F4675146DF5699164DA99027FDBA5AE
[TLS] Written transcript to proofs/MSG_TLS_2F57863A.out, proofs/SIG_TLS_2F57863A.out and proofs/PK_TLS_2F57863A.der
Signature verification succeeds
[TLS] Server time: 1619845199
[TLS] client_random  (32): 1B65007B994DFD271681A04350E3B55A48B01210416EADAF00F6A142339340EF
[TLS] sign_hash (32): F7310CA31496054C22B1DD9706DBCE66604E9B64E22769B42C540BE46E17A754
[TLS] Written transcript to proofs/MSG_TLS_1B65007B.out, proofs/SIG_TLS_1B65007B.out and proofs/PK_TLS_1B65007B.der
Signature verification succeeds
[TLS] Server time: 1619845199
[TLS] client_random  (32): F3D7A6E82FF3A0B75465E0C5D52F266E17C0FB49E7AACBBD22FBB496861DEB5D
[TLS] sign_hash (32): 091A51341A341602020E79E0ABC02723989D832E58CF47F70C139E6495F3339D
[TLS] Written transcript to proofs/MSG_TLS_F3D7A6E8.out, proofs/SIG_TLS_F3D7A6E8.out and proofs/PK_TLS_F3D7A6E8.der
Signature verification succeeds
[TLS] Server time: 1619845200
[TLS] client_random  (32): 0BF38BE1C4AC9E39A8806F653053469EEDF601F6A6ACDC0C80F4067274F4131B
[TLS] sign_hash (32): B4B67A6594EA3175D493A50F4A0503E83EBB31EFD5BC46772124B1696A09DD65
[TLS] Written transcript to proofs/MSG_TLS_0BF38BE1.out, proofs/SIG_TLS_0BF38BE1.out and proofs/PK_TLS_0BF38BE1.der
Signature verification succeeds
[TLS] Server time: 1619845200
[TLS] client_random  (32): 0BA8C661F95C2EAED41C6F559F6700BF565E5AC8E64A8634F366A70B9D51F1B3
[TLS] sign_hash (32): CD4CD10F416B8CECCD0931BE8D42B297D8BDE2C667730C08DC251DD0334C5464
[TLS] Written transcript to proofs/MSG_TLS_0BA8C661.out, proofs/SIG_TLS_0BA8C661.out and proofs/PK_TLS_0BA8C661.der
Signature verification succeeds
[TLS] Server time: 1619845200
[TLS] client_random  (32): 5BA5286204C5D7A33E1D03D768E8AC9D6CD2ED016269FC01BD35C603A15BBBFD
[TLS] sign_hash (32): 7316797FA6E9C07354B88F1DE9676D037E6EF9B5D154B6D2A057AB1995B3A7DD
[TLS] Written transcript to proofs/MSG_TLS_5BA52862.out, proofs/SIG_TLS_5BA52862.out and proofs/PK_TLS_5BA52862.der
Signature verification succeeds
[TLS] Server time: 1619845200
[TLS] client_random  (32): 9FE0E80337DDBFAD14D346749F0B52F8910AFC4E352DB3FB467E34BEA35318AD
[TLS] sign_hash (32): B1E2A25E516F3D5F15E4F1EC1BDA184BA34F4994ADEBE2FB24952C4F76AABAC8
[TLS] Written transcript to proofs/MSG_TLS_9FE0E803.out, proofs/SIG_TLS_9FE0E803.out and proofs/PK_TLS_9FE0E803.der
Signature verification succeeds
[TLS] Server time: 1619845200
[TLS] client_random  (32): 0D9EC1D380E96CF6F066AC799D42EDDE086E50CE4C5E494F12020791E71B181D
[TLS] sign_hash (32): 9DB7199956EDAF0AAFF47DCEC1EAA36E79786383B62D8EDFC26521FEDF6D10E0
[TLS] Written transcript to proofs/MSG_TLS_0D9EC1D3.out, proofs/SIG_TLS_0D9EC1D3.out and proofs/PK_TLS_0D9EC1D3.der
Signature verification succeeds
[TLS] Server time: 1619845200
[TLS] client_random  (32): DF0161E1D5A5B850E31AD9DC488844F1AE3379693EB60B9F8630D8FE4BBA1A51
[TLS] sign_hash (32): BD5AEFAE8A17AD4B6867D62DA34CD3E554A6770D2C60F13390C180BA9734D70F
[TLS] Written transcript to proofs/MSG_TLS_DF0161E1.out, proofs/SIG_TLS_DF0161E1.out and proofs/PK_TLS_DF0161E1.der
Signature verification succeeds
[TLS] Server time: 1619845200
[TLS] client_random  (32): 4AE49902FCB06A51E4525DF647D8659BC2B632EFBA22131D93B1991C449BB625
[TLS] sign_hash (32): 6BE32CF30145213006D5E29D7F5303C8299A384653EA8F55F199112B2E9933E9
[TLS] Written transcript to proofs/MSG_TLS_4AE49902.out, proofs/SIG_TLS_4AE49902.out and proofs/PK_TLS_4AE49902.der
Signature verification succeeds
[TLS] Server time: 1619845200
[TLS] client_random  (32): 8742598B1FF35251146E9F83336BDBA897498212976EBF8C20AF1114954A8974
[TLS] sign_hash (32): 132439B13C990F7E149877A54E476B78727441EE212A41D980B74319DBEEF221
[TLS] Written transcript to proofs/MSG_TLS_8742598B.out, proofs/SIG_TLS_8742598B.out and proofs/PK_TLS_8742598B.der
Signature verification succeeds
[TLS] Server time: 1619845200
[TLS] client_random  (32): 90F7B6A2EFF67F60A4148A923DDCE654D212AF817E4BE38DF0923C7096D4DA19
[TLS] sign_hash (32): 82D5EBB7BDFD445B51A7357ECF0C885FF1E26185402165C49718809169B4A469
[TLS] Written transcript to proofs/MSG_TLS_90F7B6A2.out, proofs/SIG_TLS_90F7B6A2.out and proofs/PK_TLS_90F7B6A2.der
Signature verification succeeds
[TLS] Server time: 1619845200
[TLS] client_random  (32): 99B00A2947C754F5C14CB336D7432AD5AE0911CC0334A8F448BE382F9EA00FE7
[TLS] sign_hash (32): D30C263C2299787A41ED81C9C6A4422C97142B330D3FACA3BE70A6955DDE2B49
[TLS] Written transcript to proofs/MSG_TLS_99B00A29.out, proofs/SIG_TLS_99B00A29.out and proofs/PK_TLS_99B00A29.der
Signature verification succeeds
[TLS] Server time: 1619845200
[TLS] client_random  (32): 3E5590AA261679AEB920DD20899A0646983050CF1536200E3C99503FE0AC1868
[TLS] sign_hash (32): 4D0BED0B35172C50BAFAF252F4CBC8D28F1373F21A916DA5A6C0EC5C2419C475
[TLS] Written transcript to proofs/MSG_TLS_3E5590AA.out, proofs/SIG_TLS_3E5590AA.out and proofs/PK_TLS_3E5590AA.der
Signature verification succeeds
[TLS] Server time: 1619845200
[TLS] client_random  (32): 0A6C3B398B6215CDFB040C64A8B81064DBED19C7841B6C69E049F9F382CB3750
[TLS] sign_hash (32): D7516112286D20D2EABF31EA6B7CB7E2D6232B6097D7C649C4B6928B67EFF5B9
[TLS] Written transcript to proofs/MSG_TLS_0A6C3B39.out, proofs/SIG_TLS_0A6C3B39.out and proofs/PK_TLS_0A6C3B39.der
Signature verification succeeds
[TLS] Server time: 1619845200
[TLS] client_random  (32): E0FFA61E873465908B38156D63F99479350884DF7AC3995D5BD2AEE27BFF52FC
[TLS] sign_hash (32): 03AA6780CEE870C96995A10DAA0D744A6722134B81574E96010AB72654741994
[TLS] Written transcript to proofs/MSG_TLS_E0FFA61E.out, proofs/SIG_TLS_E0FFA61E.out and proofs/PK_TLS_E0FFA61E.der
Signature verification succeeds
[TLS] Server time: 1619845200
[TLS] client_random  (32): A827A021D061D183728677701EF7BF17EC3CD298BCE9DBEABD3C32E37C0054A2
[TLS] sign_hash (32): 0C65AA3A952B2C2E48D84FAAA86CA76A8D68E34DA7DAE2168C09A941E3580F36
[TLS] Written transcript to proofs/MSG_TLS_A827A021.out, proofs/SIG_TLS_A827A021.out and proofs/PK_TLS_A827A021.der
Signature verification succeeds
[TLS] Server time: 1619845200
[TLS] client_random  (32): 7AE8DBDDC4DEE7A358CB42C919ED090A1730991B7A03FF8863DA7EDA9012AC57
[TLS] sign_hash (32): C6AAFDA9AB38EC3A8D79EFDC69D36800E03EF3A0A34A1F8D15E124945CF977DB
[TLS] Written transcript to proofs/MSG_TLS_7AE8DBDD.out, proofs/SIG_TLS_7AE8DBDD.out and proofs/PK_TLS_7AE8DBDD.der
Signature verification succeeds
[TLS] Server time: 1619845200
[TLS] client_random  (32): 8BB909C88BE6EA8651A506794F2CF971F15AC6EA1D6366B6F7E9D75E9E273B04
[TLS] sign_hash (32): 78D565BC1DF73E0DA2C66D8D86C5F8B7D039BD188542BCCC054DE12E462725BB
[TLS] Written transcript to proofs/MSG_TLS_8BB909C8.out, proofs/SIG_TLS_8BB909C8.out and proofs/PK_TLS_8BB909C8.der
Signature verification succeeds
[TLS] Server time: 1619845200
[TLS] client_random  (32): 8C2563FA3F9A62F8032C455EF2556A6192F0EB0EA21AB2810AB12DA90FF6D7E5
[TLS] sign_hash (32): 9380C2F502AAB8816AD879BF3B5EB4822D2F7455545823EE13B9A6E2D0C535AF
[TLS] Written transcript to proofs/MSG_TLS_8C2563FA.out, proofs/SIG_TLS_8C2563FA.out and proofs/PK_TLS_8C2563FA.der
Signature verification succeeds
[TLS] Server time: 1619845200
[TLS] client_random  (32): EBA0F4993834703BC1899402BEED6ACD03336B36558EB6F9F08BB5445278A187
[TLS] sign_hash (32): 81FB281430036406258D0BAFED1E4BAABEAB56DD1940F497B1A7DA20742355E8
[TLS] Written transcript to proofs/MSG_TLS_EBA0F499.out, proofs/SIG_TLS_EBA0F499.out and proofs/PK_TLS_EBA0F499.der
Signature verification succeeds
[TLS] Server time: 1619845200
[TLS] client_random  (32): 952C12C3C868B6568D21A6C705D7C8EE036C2BC813F55E96BB67AC4DDA709290
[TLS] sign_hash (32): EA1ADE548A7C749690FACFDF7089343CB7389297D1F165A44CA03A3414944E11
[TLS] Written transcript to proofs/MSG_TLS_952C12C3.out, proofs/SIG_TLS_952C12C3.out and proofs/PK_TLS_952C12C3.der
Signature verification succeeds
[TLS] Server time: 1619845200
[TLS] client_random  (32): 5CC8FF9AE060688B71E3D25DB93E4AA5F3FFA3DE178324D2798CA6BF68F5B144
[TLS] sign_hash (32): E25B3B4F38BF0D2EB12B6DC66336EC8D4FA1BD4A2B8765096F63CE9CD9D4A62F
[TLS] Written transcript to proofs/MSG_TLS_5CC8FF9A.out, proofs/SIG_TLS_5CC8FF9A.out and proofs/PK_TLS_5CC8FF9A.der
Signature verification succeeds
[TLS] Server time: 1619845200
[TLS] client_random  (32): B3796874756AE111303AC0D251EB2DDC6F087B998E23B33B1BB6B03A1BBB50A2
[TLS] sign_hash (32): CF3EB126E931645E181597591371D638038F03EEC6986ACF93AABC9415C15828
[TLS] Written transcript to proofs/MSG_TLS_B3796874.out, proofs/SIG_TLS_B3796874.out and proofs/PK_TLS_B3796874.der
Signature verification succeeds
[TLS] Server time: 1619845200
[TLS] client_random  (32): 8A4554956A7F02C32B9D450DCE0D2755C48CD87170E835D64E819FED7CB10863
[TLS] sign_hash (32): DD49D4D137B7F005CC487AEF07EEF0DE3C9F6F925915DE89DFE1FB671C4502F5
[TLS] Written transcript to proofs/MSG_TLS_8A455495.out, proofs/SIG_TLS_8A455495.out and proofs/PK_TLS_8A455495.der
Signature verification succeeds
[TLS] Server time: 1619845200
[TLS] client_random  (32): 9553B4A585950142F2F3A2710CA1B95ADEBBF94C2F0F391C89100E1C89611E17
[TLS] sign_hash (32): 2E1F0077C7656DDB4EC3B13907E4738E7E6195D7E11284A0504B8CEAC75B122B
[TLS] Written transcript to proofs/MSG_TLS_9553B4A5.out, proofs/SIG_TLS_9553B4A5.out and proofs/PK_TLS_9553B4A5.der
Signature verification succeeds
[TLS] Server time: 1619845200
[TLS] client_random  (32): 2BF77B3DF72C936AC061E2EAEECB040320782BFE90BD50AEA788CB50A2FF4174
[TLS] sign_hash (32): 29F1EFA7D608E12AD8881A521731021E35009748A0C6917BC345B79E9191257F
[TLS] Written transcript to proofs/MSG_TLS_2BF77B3D.out, proofs/SIG_TLS_2BF77B3D.out and proofs/PK_TLS_2BF77B3D.der
Signature verification succeeds
[TLS] Server time: 1619845200
[TLS] client_random  (32): 3CFCF6EC17C6DAA0440A79B46549ED6DF2ECEB449DF2321AA5D6CAFE0490EBAE
[TLS] sign_hash (32): E5DF0AA017525C0D83C31585CE6BF073F46D86A91D8DBF2386F297D245688556
[TLS] Written transcript to proofs/MSG_TLS_3CFCF6EC.out, proofs/SIG_TLS_3CFCF6EC.out and proofs/PK_TLS_3CFCF6EC.der
Signature verification succeeds
[TLS] Server time: 1619845200
[TLS] client_random  (32): BBE6EAA5C2F706CA2ECBAFF09B56769BFF83AF40A661A581DB2981B050D84451
[TLS] sign_hash (32): 8BC6CEE19B04DCFB68AAF292CA3B56FDCE7DA41B21CB6DCEFAB6094A72233823
[TLS] Written transcript to proofs/MSG_TLS_BBE6EAA5.out, proofs/SIG_TLS_BBE6EAA5.out and proofs/PK_TLS_BBE6EAA5.der
Signature verification succeeds
[TLS] Server time: 1619845200
[TLS] client_random  (32): FDB7611547DE9E224106C2A4E046465E0E10ED88E3DF4DEA5F91888AAF28583D
[TLS] sign_hash (32): F6CF6057CB345C497455401E75FD5D980BB66EF69BB8C2AAA53103A885ADD049
[TLS] Written transcript to proofs/MSG_TLS_FDB76115.out, proofs/SIG_TLS_FDB76115.out and proofs/PK_TLS_FDB76115.der
Signature verification succeeds
[TLS] Server time: 1619845200
[TLS] client_random  (32): 57423A02FFE288204648D63026935C8260F0BEB179611CB48C118965B02711A2
[TLS] sign_hash (32): 3C6325A115BFA2973E17A2027CB66313F812225E9457EB0ADF4211C31F06C7E7
[TLS] Written transcript to proofs/MSG_TLS_57423A02.out, proofs/SIG_TLS_57423A02.out and proofs/PK_TLS_57423A02.der
Signature verification succeeds
[TLS] Server time: 1619845200
[TLS] client_random  (32): ACCB44683DD15105B58C59EDB5F536709758E83665E9CDD98531EB1DE9E978C7
[TLS] sign_hash (32): 4FF06249FE5E45186CCBBA262416D27B8DB9BF185408B931E482D1DC1130D338
[TLS] Written transcript to proofs/MSG_TLS_ACCB4468.out, proofs/SIG_TLS_ACCB4468.out and proofs/PK_TLS_ACCB4468.der
Signature verification succeeds
[TLS] Server time: 1619845200
[TLS] client_random  (32): D329EEBBC12F7D3C72BC26FAB851F97143D734DD7D987E4B7E5EEAA6D7EB46E8
[TLS] sign_hash (32): 49BD3BC27F7C471BAC844FDB3FAD65C3B8FD0E172CE87F9349B68AF969F1609F
[TLS] Written transcript to proofs/MSG_TLS_D329EEBB.out, proofs/SIG_TLS_D329EEBB.out and proofs/PK_TLS_D329EEBB.der
Signature verification succeeds
[TLS] Server time: 1619845200
[TLS] client_random  (32): 21EB5033280FBB15BBD19AE4CCB58C680BFD3700E522FFB08C35985C3734B87A
[TLS] sign_hash (32): CC15B02D8B3061728227C303FD44AFA72888CF7D5054F511C98BDC260DA097A0
[TLS] Written transcript to proofs/MSG_TLS_21EB5033.out, proofs/SIG_TLS_21EB5033.out and proofs/PK_TLS_21EB5033.der
Signature verification succeeds
[TLS] Server time: 1619845200
[TLS] client_random  (32): C1CF27789FED3059BDA6F4D296B9000DAEEEBE9DFC0E1B2AE60AE39EEC35B87B
[TLS] sign_hash (32): EFCE27F3AC60F33D796AC798345E1E3B9561434197EB6D8E0B2E8B5DF424F0F9
[TLS] Written transcript to proofs/MSG_TLS_C1CF2778.out, proofs/SIG_TLS_C1CF2778.out and proofs/PK_TLS_C1CF2778.der
Signature verification succeeds
[TLS] Server time: 1619845200
[TLS] client_random  (32): 998B3E3E278E739B88B8B45F9F4DDBA86FA0E12923144029CD605E8EBEAA3A1C
[TLS] sign_hash (32): FA371C3CD45732BB97080689D821D7530999A73FF753DD60E54F542AB6ABF792
[TLS] Written transcript to proofs/MSG_TLS_998B3E3E.out, proofs/SIG_TLS_998B3E3E.out and proofs/PK_TLS_998B3E3E.der
Signature verification succeeds
[TLS] Server time: 1619845200
[TLS] client_random  (32): 02B67FBD887C18D23D25DD3C65699E9988E53AC06767DA0ECB52BD6FEFD371D8
[TLS] sign_hash (32): 12F63C8B3F52074C2BEF1F436242BBE5BA53A70F7D43EF4EC91394C9EF8EC9C0
[TLS] Written transcript to proofs/MSG_TLS_02B67FBD.out, proofs/SIG_TLS_02B67FBD.out and proofs/PK_TLS_02B67FBD.der
Signature verification succeeds
[TLS] Server time: 1619845200
[TLS] client_random  (32): 8635694F8D0596A10AC50B5C027155F49FA4F6B77820475AFD853D128D8CCF96
[TLS] sign_hash (32): F601B15000E91BEE78C36E8FA5D9D7EE6EC7755C117FDFFC4978FD6ED4E63D13
[TLS] Written transcript to proofs/MSG_TLS_8635694F.out, proofs/SIG_TLS_8635694F.out and proofs/PK_TLS_8635694F.der
Signature verification succeeds
Time breakdown (averages): anchor_ping:7.515020 file_read:0.132561 hashing:0.469657
Total time for 123 rounds is 1005.942194ms
Standard deviations: anchor_ping:0.336908 file_read:0.011519 hashing:0.002954
[Client-side ops] mean:0.602217 sd:0.012214
in & out anchor rand written to proofs/phase1.out
     89 [TLS] Server time: 1619845199
     35 [TLS] Server time: 1619845200
Count is 89
Count is 35
success: 1
RESULT: 1 in 1 tries
