Roughtime anchor: roughtime.sandbox.google.com
Beginning execution at Mon May 3 07:15:01 UTC 2021
[Roughtime] Nonce: 5c9f4bf9bbc15bb855f82faedc5a52fc3ab2dfa8ec3ba3ce1b270f31fa0cced20000000000000000000000000000000000000000000000000000000000000000
[Roughtime] Sign: da454b0941a24f1102e2f7f02fb7fec6a224993dd4f2ce4e805eba4b062f56d8d1458b53b6d59d9cee095d50ffe9e9a36aadc67272801c711a375ea9f514ce07
[Roughtime] Server time: 1620026101199
[Roughtime] Nonce: 1b6fb49a851fda16e7bb55966e393a35861ffffd45f4e04f4c5a629dc5f912e60000000000000000000000000000000000000000000000000000000000000000
[Roughtime] Sign: c9d12d28b5f9be768b95b5c9750c04f1b2df8e9de619f9bd7a4adb49733bc404dae1d1bf778a6cb4a82a794901ef7504e83d9c4abac6ef9d8a69642d872cea0e
[Roughtime] Server time: 1620026101210
CONF: anchor:roughtime.sandbox.google.com fs:1024MB n_rounds:1 seed:5c9f4bf9bbc15bb855f82faedc5a52fc3ab2dfa8ec3ba3ce1b270f31fa0cced2 filename:FILE bs:1024 nops:100 benchmarking:0 anchor_ping:2 queue_depth:32 direct:0
[Roughtime] Deriving from 5c9f4bf9bbc15bb855f82faedc5a52fc3ab2dfa8ec3ba3ce1b270f31fa0cced20000000000000000000000000000000000000000000000000000000000000000
[Roughtime] Received da454b0941a24f1102e2f7f02fb7fec6a224993dd4f2ce4e805eba4b062f56d8d1458b53b6d59d9cee095d50ffe9e9a36aadc67272801c711a375ea9f514ce07
[Roughtime] Deriving from 1b6fb49a851fda16e7bb55966e393a35861ffffd45f4e04f4c5a629dc5f912e60000000000000000000000000000000000000000000000000000000000000000
[Roughtime] Received c9d12d28b5f9be768b95b5c9750c04f1b2df8e9de619f9bd7a4adb49733bc404dae1d1bf778a6cb4a82a794901ef7504e83d9c4abac6ef9d8a69642d872cea0e
Time breakdown (averages): anchor_ping:17.424039 file_read:0.260895 hashing:0.471140
Total time for 1 rounds is 35.580182ms
Standard deviations: anchor_ping:6.797481 file_read:0.000000 hashing:0.000000
[Client-side ops] mean:0.732035 sd:0.000000
in & out anchor rand written to proofs/phase1.out
      1 [Roughtime] Server time: 1620026101199
      1 [Roughtime] Server time: 1620026101210
Diff is 11
success: 1
RESULT: 1 in 1 tries
