TLS anchor: nott.ac.uk
Actual: 48, Set: 99
Beginning execution at Fri Apr 30 11:45:01 UTC 2021
CONF: anchor:nott.ac.uk fs:1024MB n_rounds:99 seed:5c9f4bf9bbc15bb855f82faedc5a52fc3ab2dfa8ec3ba3ce1b270f31fa0cced2 filename:FILE bs:1024 nops:100 benchmarking:0 anchor_ping:1 queue_depth:32 direct:0
[TLS] Connecting to nott.ac.uk
[TLS] Server time: 1619783102
[TLS] client_random  (32): 5C9F4BF9BBC15BB855F82FAEDC5A52FC3AB2DFA8EC3BA3CE1B270F31FA0CCED2
[TLS] sign_hash (32): CE5133A62C2C9AAEABDE3F10C05BDBC20068AD5EDA3B82AC65EFB1931DC27EE0
[TLS] Written transcript to proofs/MSG_TLS_5C9F4BF9.out, proofs/SIG_TLS_5C9F4BF9.out and proofs/PK_TLS_5C9F4BF9.der
Signature verification succeeds
[TLS] Server time: 1619783102
[TLS] client_random  (32): 2A8E5BAD6BD06AADF0373650C0A20F652920D9862F07A215D52C12AAC82D04E8
[TLS] sign_hash (32): 3D3CA6F25BC8E723571EEC79C13B3CDD9EBB7C04B5663D8F1A15EBDBDB57CACA
[TLS] Written transcript to proofs/MSG_TLS_2A8E5BAD.out, proofs/SIG_TLS_2A8E5BAD.out and proofs/PK_TLS_2A8E5BAD.der
Signature verification succeeds
[TLS] Server time: 1619783102
[TLS] client_random  (32): CF501BC4F5D2FA079FBD9C5029CEE0719DC0C36265A16F8B5B23C386F24ADF01
[TLS] sign_hash (32): 0D8D51855CE959BD4F1C5A2CEF4C4AC9778B024A9D4E743E4A1F87915F876C76
[TLS] Written transcript to proofs/MSG_TLS_CF501BC4.out, proofs/SIG_TLS_CF501BC4.out and proofs/PK_TLS_CF501BC4.der
Signature verification succeeds
[TLS] Server time: 1619783102
[TLS] client_random  (32): 4EE3D91DC8B1B7ABC761078FE6D27085FD2E5165A43299E7C5878D8065B8A30B
[TLS] sign_hash (32): 83FB6FE9D32F25055590BAC87924D60B31DFAD3170B174E47CCFB379A7BE06CB
[TLS] Written transcript to proofs/MSG_TLS_4EE3D91D.out, proofs/SIG_TLS_4EE3D91D.out and proofs/PK_TLS_4EE3D91D.der
Signature verification succeeds
[TLS] Server time: 1619783102
[TLS] client_random  (32): EA019DCEFAFA76CA4D8E7010279CF35D4DF429D7C7A91D72DD137AA2CC5C0123
[TLS] sign_hash (32): 7A5F02FCCCBAA204A77C12103959D7F3620064B8254DF3DD1BECEC0BCFF5D6AB
[TLS] Written transcript to proofs/MSG_TLS_EA019DCE.out, proofs/SIG_TLS_EA019DCE.out and proofs/PK_TLS_EA019DCE.der
Signature verification succeeds
[TLS] Server time: 1619783102
[TLS] client_random  (32): 7FFB42C0C88C1C9A730D3D7BE8A11BFD738E499B87B2C2E675C8B88E18232F28
[TLS] sign_hash (32): FA5FC4F84BD92DD34BABBC0E51E40D366BFC5B8B9250D61D13DC18745A985FC9
[TLS] Written transcript to proofs/MSG_TLS_7FFB42C0.out, proofs/SIG_TLS_7FFB42C0.out and proofs/PK_TLS_7FFB42C0.der
Signature verification succeeds
[TLS] Server time: 1619783102
[TLS] client_random  (32): 0014DCE2CA4C7000B0174FFE7A9832F862AD1DFE306E481F2150EE413A7782A9
[TLS] sign_hash (32): F6450F961178A54620D13B18473AD3815B3EC3A4D78D85E80F209E977855BC8C
[TLS] Written transcript to proofs/MSG_TLS_0014DCE2.out, proofs/SIG_TLS_0014DCE2.out and proofs/PK_TLS_0014DCE2.der
Signature verification succeeds
[TLS] Server time: 1619783102
[TLS] client_random  (32): D923BE2657416F4A31DF9DC3F3908F3EA06C3C8892D34B43DD3EBE24D8BC7BC3
[TLS] sign_hash (32): CDD1775CE22EFA0C2F4F4728D4AC31D605432467EAD953ED6B5E309BF03DED47
[TLS] Written transcript to proofs/MSG_TLS_D923BE26.out, proofs/SIG_TLS_D923BE26.out and proofs/PK_TLS_D923BE26.der
Signature verification succeeds
[TLS] Server time: 1619783102
[TLS] client_random  (32): 83734FA2716ACDAC77E147D3203B1C671D25CDEB5634DCDDA5A2FBA3E1158975
[TLS] sign_hash (32): 2E83D46EF74611DEAB28B510A33AD806644972452C56EBE9AD974FA14092A6E3
[TLS] Written transcript to proofs/MSG_TLS_83734FA2.out, proofs/SIG_TLS_83734FA2.out and proofs/PK_TLS_83734FA2.der
Signature verification succeeds
[TLS] Server time: 1619783102
[TLS] client_random  (32): 5CFCF98B5B33C54DB214CCBD86F35EDB9EF7FD44EF52435DB3F794D29C5B6FEB
[TLS] sign_hash (32): 15E2EFFFDB8B533CA17A673A52940EC930092CBBBAB975899C371C8FC32AE919
[TLS] Written transcript to proofs/MSG_TLS_5CFCF98B.out, proofs/SIG_TLS_5CFCF98B.out and proofs/PK_TLS_5CFCF98B.der
Signature verification succeeds
[TLS] Server time: 1619783102
[TLS] client_random  (32): FF5B52082995C72F1E068973148F73AC8F949FFBED3B6C04ACF841D955B13B90
[TLS] sign_hash (32): AFFC57C86B472B3896A3119C82004CB7B14D94C6BC2AFABEDBA44FAD9798DD70
[TLS] Written transcript to proofs/MSG_TLS_FF5B5208.out, proofs/SIG_TLS_FF5B5208.out and proofs/PK_TLS_FF5B5208.der
Signature verification succeeds
[TLS] Server time: 1619783102
[TLS] client_random  (32): A38A4D6D47031B901E2B9B68FA4D0872ADEDEDFC3E93A28B7BE88723E5F87043
[TLS] sign_hash (32): 4B877AE7F70D59995633B95292D6B19B0E8124D6881DDC539678AD63DE4111F2
[TLS] Written transcript to proofs/MSG_TLS_A38A4D6D.out, proofs/SIG_TLS_A38A4D6D.out and proofs/PK_TLS_A38A4D6D.der
Signature verification succeeds
[TLS] Server time: 1619783102
[TLS] client_random  (32): CCD155F6FE9FB00C5D234A2C14D8D76218456CA1A0FA387CCAA73A3CCE7369B4
[TLS] sign_hash (32): 8D1EBF110CB34D9E39B3DDA62ECE081DC70F6C65CFD3A4BEF9843C25F10DA67B
[TLS] Written transcript to proofs/MSG_TLS_CCD155F6.out, proofs/SIG_TLS_CCD155F6.out and proofs/PK_TLS_CCD155F6.der
Signature verification succeeds
[TLS] Server time: 1619783102
[TLS] client_random  (32): 2DD24D9B5BAE9D778BD24A1C4148CA0C890D7B7080509FB2D75F016CE64BA6D2
[TLS] sign_hash (32): 1FC45D5D26C574639D3CB05C2DCA6A93B20B1C11EF0D59DFA206BA252FC4DD93
[TLS] Written transcript to proofs/MSG_TLS_2DD24D9B.out, proofs/SIG_TLS_2DD24D9B.out and proofs/PK_TLS_2DD24D9B.der
Signature verification succeeds
[TLS] Server time: 1619783102
[TLS] client_random  (32): 4A2BEB831157BADAB8163E23FDB3F9876E29A90776B8C4902D907836243C9D2D
[TLS] sign_hash (32): 5E916C3892BECB7F04AEA304700F983B33D71831AC47DF662886EEF3A8879BCC
[TLS] Written transcript to proofs/MSG_TLS_4A2BEB83.out, proofs/SIG_TLS_4A2BEB83.out and proofs/PK_TLS_4A2BEB83.der
Signature verification succeeds
[TLS] Server time: 1619783102
[TLS] client_random  (32): 79BCD0B1BC537DD9F722E21D4F6844876705F70E9548D8CCCDFA0383C3E8943F
[TLS] sign_hash (32): 0436B5AE21B8010EAA223D48FC715A3D57F609C882E957A5699781C2F07838E2
[TLS] Written transcript to proofs/MSG_TLS_79BCD0B1.out, proofs/SIG_TLS_79BCD0B1.out and proofs/PK_TLS_79BCD0B1.der
Signature verification succeeds
[TLS] Server time: 1619783102
[TLS] client_random  (32): D413F0D204109B9E78EB8F83F0A4C4CBCDF1909C725515AEA934DCE06776F324
[TLS] sign_hash (32): 33C436CFEF834A3C97F92A16B5212367E2547F2976FCA465737E3156983B3923
[TLS] Written transcript to proofs/MSG_TLS_D413F0D2.out, proofs/SIG_TLS_D413F0D2.out and proofs/PK_TLS_D413F0D2.der
Signature verification succeeds
[TLS] Server time: 1619783102
[TLS] client_random  (32): 2BDFCA28FEFDC451809542F4BF030A9E5460080BF2C7C8466BD47883F628D2E0
[TLS] sign_hash (32): 1067520000FFA67B4F99D5457292F78792CBC49B73C87947A114E63AD305D0CF
[TLS] Written transcript to proofs/MSG_TLS_2BDFCA28.out, proofs/SIG_TLS_2BDFCA28.out and proofs/PK_TLS_2BDFCA28.der
Signature verification succeeds
[TLS] Server time: 1619783102
[TLS] client_random  (32): 25934C2611797BC7E0BFFE70FF494C1E7E92C656FD9DD8261CBA9444B45C8B3C
[TLS] sign_hash (32): 310126D427FE1D98BB6E772E23CE703DB63FEE5417834F5E1B287C83CAE82EE6
[TLS] Written transcript to proofs/MSG_TLS_25934C26.out, proofs/SIG_TLS_25934C26.out and proofs/PK_TLS_25934C26.der
Signature verification succeeds
[TLS] Server time: 1619783102
[TLS] client_random  (32): 26E904F2B4CE94AEBE9BB878970CB73A830E30EE28EB5B64C4F11FB778570F7E
[TLS] sign_hash (32): 4079983A36CFF4ED82C6303709904F0BCF832B3ACF60C36C4FD90DF7CF709780
[TLS] Written transcript to proofs/MSG_TLS_26E904F2.out, proofs/SIG_TLS_26E904F2.out and proofs/PK_TLS_26E904F2.der
Signature verification succeeds
[TLS] Server time: 1619783103
[TLS] client_random  (32): 81A5064D15DDA632B9FFD72697A2564FF5E002EB5F09AD62B92C6F98AB68271C
[TLS] sign_hash (32): 62CF552DCA62B2D1E3213698C41CAAD414076491D920866C01BF9D0C83CC66C6
[TLS] Written transcript to proofs/MSG_TLS_81A5064D.out, proofs/SIG_TLS_81A5064D.out and proofs/PK_TLS_81A5064D.der
Signature verification succeeds
[TLS] Server time: 1619783104
[TLS] client_random  (32): 434B37C85FC5724AFF835576C82C79D89B95B82DCD8F72B6E77FD32DF8E563AA
[TLS] sign_hash (32): E78A575F87D5BC1522D7A8C11C386EC54203D5277E83101041C1C4AF6EB34D80
[TLS] Written transcript to proofs/MSG_TLS_434B37C8.out, proofs/SIG_TLS_434B37C8.out and proofs/PK_TLS_434B37C8.der
Signature verification succeeds
[TLS] Server time: 1619783104
[TLS] client_random  (32): 4F199045E421D9856125B7507AA1A1279E89A20A732C76DF8AE3EFC175B9E133
[TLS] sign_hash (32): 18C2A64562484D307B77D55A342686C80F0BAE20859CA466C87983219E89AA0C
[TLS] Written transcript to proofs/MSG_TLS_4F199045.out, proofs/SIG_TLS_4F199045.out and proofs/PK_TLS_4F199045.der
Signature verification succeeds
[TLS] Server time: 1619783105
[TLS] client_random  (32): 6A3F4AB7193A1C30B81886B6144361967419CFAF059587E376BD98974AD4B236
[TLS] sign_hash (32): E62129371425B8C6198DE0BCE4C0EBFADD29CEADCBFA764E20E04774CAA55A0D
[TLS] Written transcript to proofs/MSG_TLS_6A3F4AB7.out, proofs/SIG_TLS_6A3F4AB7.out and proofs/PK_TLS_6A3F4AB7.der
Signature verification succeeds
[TLS] Server time: 1619783105
[TLS] client_random  (32): 6D8FD725F3CD058001D04BD539FE85DE3C0CCED13529BD85B6A32F60C5B3CA01
[TLS] sign_hash (32): 0639F2526DD379D7706059D58FFCEDB3C23E47825A9F7B92DD5C1F45B23B965B
[TLS] Written transcript to proofs/MSG_TLS_6D8FD725.out, proofs/SIG_TLS_6D8FD725.out and proofs/PK_TLS_6D8FD725.der
Signature verification succeeds
[TLS] Server time: 1619783105
[TLS] client_random  (32): B5833353A603C1C6A47D32732F71F23E1FA5CF281B705A74EC07670CE4F2503A
[TLS] sign_hash (32): 3AB70EE482C40F93ECCC3B113E48D8703A17FB7D394D970AF3F7D0C7352FC2BD
[TLS] Written transcript to proofs/MSG_TLS_B5833353.out, proofs/SIG_TLS_B5833353.out and proofs/PK_TLS_B5833353.der
Signature verification succeeds
[TLS] Server time: 1619783105
[TLS] client_random  (32): 0068FEC916C516A2ED7BBD3F2067184DA26CECF3519384D34B203BC06B2FB51D
[TLS] sign_hash (32): B8E5A71A1B90C87DCD30C195D7F6C7C158926CAA1D5419E65B2DE0D7A5D54EA6
[TLS] Written transcript to proofs/MSG_TLS_0068FEC9.out, proofs/SIG_TLS_0068FEC9.out and proofs/PK_TLS_0068FEC9.der
Signature verification succeeds
[TLS] Server time: 1619783106
[TLS] client_random  (32): B743F8BE35750BA917CF70134E6BCC346AFB0ED9E0891C45B34F081E496311B6
[TLS] sign_hash (32): 5122336C892BD1B7BB948A06D9CCBB1DA11AD32F0B06CF6D320A17945709D56E
[TLS] Written transcript to proofs/MSG_TLS_B743F8BE.out, proofs/SIG_TLS_B743F8BE.out and proofs/PK_TLS_B743F8BE.der
Signature verification succeeds
[TLS] Server time: 1619783106
[TLS] client_random  (32): 1A16EAA45FB4545D05C68B9F19911556F40003FEA4339529123C78F7F471517A
[TLS] sign_hash (32): 725E8A7A1167E3535343E28FF8C09E9755CCF1989F7641E1A28323FC578B2BA3
[TLS] Written transcript to proofs/MSG_TLS_1A16EAA4.out, proofs/SIG_TLS_1A16EAA4.out and proofs/PK_TLS_1A16EAA4.der
Signature verification succeeds
[TLS] Server time: 1619783106
[TLS] client_random  (32): 897CFD615D14F696BBD6669D69F233303E98104343454D4AD8488E9B176D2DA9
[TLS] sign_hash (32): 46E03C541647FC7BBA34A9E27583A187B877992BB39C41A7FC93501923BA77B7
[TLS] Written transcript to proofs/MSG_TLS_897CFD61.out, proofs/SIG_TLS_897CFD61.out and proofs/PK_TLS_897CFD61.der
Signature verification succeeds
[TLS] Server time: 1619783106
[TLS] client_random  (32): 02C6844E52C7C0F91FA9D806F57E9E2E1D51EBE4B4DF8C8B85A48484A87A65DD
[TLS] sign_hash (32): FD04FE329F7DBEF51993E0EB00642F3098C932032A0CFD139D3ECF8CF831E5D1
[TLS] Written transcript to proofs/MSG_TLS_02C6844E.out, proofs/SIG_TLS_02C6844E.out and proofs/PK_TLS_02C6844E.der
Signature verification succeeds
[TLS] Server time: 1619783106
[TLS] client_random  (32): 5366A2BF32EE95520E5A80441AA714F3532DE0DF1795E698293644559AEC716A
[TLS] sign_hash (32): 0783170E4ED8531BF92CC69D8EC604BFFF0BC3FFD97EDF46494370ECB5B82E2F
[TLS] Written transcript to proofs/MSG_TLS_5366A2BF.out, proofs/SIG_TLS_5366A2BF.out and proofs/PK_TLS_5366A2BF.der
Signature verification succeeds
[TLS] Server time: 1619783106
[TLS] client_random  (32): 7FD3F31798265E6C9D21E47E0B66715912C527A7DA1AF81D054E0076A0B0C88B
[TLS] sign_hash (32): FD340DB95C8A52568016E966E721DCAD2979CDE87D508F4B839A8B9E7B58857A
[TLS] Written transcript to proofs/MSG_TLS_7FD3F317.out, proofs/SIG_TLS_7FD3F317.out and proofs/PK_TLS_7FD3F317.der
Signature verification succeeds
[TLS] Server time: 1619783106
[TLS] client_random  (32): A98CD317971F04DA6E746D7766AE1CA1E52FC1D473724BBA326D1E5F9DB53C2D
[TLS] sign_hash (32): C740F940017B4A8E7F33F134EADD0373A224B7903C40A5E13AB6D1516C0DDDE6
[TLS] Written transcript to proofs/MSG_TLS_A98CD317.out, proofs/SIG_TLS_A98CD317.out and proofs/PK_TLS_A98CD317.der
Signature verification succeeds
[TLS] Server time: 1619783106
[TLS] client_random  (32): D6339EC436A29D86C780692E8CC1A88F905FF2E8E51997425F763767427B12EA
[TLS] sign_hash (32): C418EB2EBF2C18FF5FB23D92FB83ABE41D185D013A65A33A5EB9BBD6BC2A2067
[TLS] Written transcript to proofs/MSG_TLS_D6339EC4.out, proofs/SIG_TLS_D6339EC4.out and proofs/PK_TLS_D6339EC4.der
Signature verification succeeds
[TLS] Server time: 1619783107
[TLS] client_random  (32): 3CE0CB04EF91A68FB50C8789F69FC7413FF11EDBCD0FCF91B9E36FC96962C162
[TLS] sign_hash (32): 0329D5B91AE629E12E0194334E00AF366D14A607034DA2696408F5BA985021AF
[TLS] Written transcript to proofs/MSG_TLS_3CE0CB04.out, proofs/SIG_TLS_3CE0CB04.out and proofs/PK_TLS_3CE0CB04.der
Signature verification succeeds
[TLS] Server time: 1619783107
[TLS] client_random  (32): 9B6ED7E5EAC78BA9125F5C37F0E4F35436CC0C820A3CED677DAB6B281E773F07
[TLS] sign_hash (32): 67DA03EA1058C2021C5A7699EB22B5F527E369C00477C2F4DB2B9E33B9D57CE1
[TLS] Written transcript to proofs/MSG_TLS_9B6ED7E5.out, proofs/SIG_TLS_9B6ED7E5.out and proofs/PK_TLS_9B6ED7E5.der
Signature verification succeeds
[TLS] Server time: 1619783107
[TLS] client_random  (32): A412729BB2661DB890F12ADAF9CB441BA066B77438BCAB7D0FE0EB306CAA7DCE
[TLS] sign_hash (32): 28FDC48174B45082D8301B886F95E93C298202072B675D97C3C0B6C9F3438D3D
[TLS] Written transcript to proofs/MSG_TLS_A412729B.out, proofs/SIG_TLS_A412729B.out and proofs/PK_TLS_A412729B.der
Signature verification succeeds
[TLS] Server time: 1619783107
[TLS] client_random  (32): C439E4629296158D399F92D5073222180ACDF17C14B061A661A296F6C6FFE98C
[TLS] sign_hash (32): 481672E3DEB6B03FA46FFCBD50BBA28DB46D3FCEDB1D7A4546DF06264B56039B
[TLS] Written transcript to proofs/MSG_TLS_C439E462.out, proofs/SIG_TLS_C439E462.out and proofs/PK_TLS_C439E462.der
Signature verification succeeds
[TLS] Server time: 1619783107
[TLS] client_random  (32): D7CD5B7967BD1444D04D396312EF8C6ECBD20E9CFBEF96F91C6B876A7957F5BD
[TLS] sign_hash (32): 32BBB918E446F2AB628196815C19937FD645EA033C505C97C103DE4828431A77
[TLS] Written transcript to proofs/MSG_TLS_D7CD5B79.out, proofs/SIG_TLS_D7CD5B79.out and proofs/PK_TLS_D7CD5B79.der
Signature verification succeeds
[TLS] Server time: 1619783107
[TLS] client_random  (32): 3A95835CF56030CBA143859EA566B4971EB46B0634CC062DC913147AD96C87AD
[TLS] sign_hash (32): 6C98BC3943290D687AC38FEF66508EEB7474F2A7F9F703362E1B8413B0A7F4DC
[TLS] Written transcript to proofs/MSG_TLS_3A95835C.out, proofs/SIG_TLS_3A95835C.out and proofs/PK_TLS_3A95835C.der
Signature verification succeeds
[TLS] Server time: 1619783107
[TLS] client_random  (32): D8CB0208E5B90A10F5C9AFFCB0EF2CE5E5F303462983DF856F5A218CD269C123
[TLS] sign_hash (32): 5D9765B369B436B8EF3A265A2D6BDC66D1B6366983BFC231B586C34FE3CE4527
[TLS] Written transcript to proofs/MSG_TLS_D8CB0208.out, proofs/SIG_TLS_D8CB0208.out and proofs/PK_TLS_D8CB0208.der
Signature verification succeeds
[TLS] Server time: 1619783107
[TLS] client_random  (32): BEB98450CAF66C6CE149492BD69E8D2BEE3DDF39B409BA03E44917C4C7727BA1
[TLS] sign_hash (32): 752AD0E35F3818E525F95D97BDF38D5FF0361CA848CEB08C0C94B612F0843F9E
[TLS] Written transcript to proofs/MSG_TLS_BEB98450.out, proofs/SIG_TLS_BEB98450.out and proofs/PK_TLS_BEB98450.der
Signature verification succeeds
[TLS] Server time: 1619783107
[TLS] client_random  (32): 40104CF6ECA9E213DA15ECA7DCE491D43778FF5C875A620CB3D4C9EA96CC31AF
[TLS] sign_hash (32): EC960584936790E6CB0B18F27B3A53465EB10BFD53E5485C6A1B8454D275986D
[TLS] Written transcript to proofs/MSG_TLS_40104CF6.out, proofs/SIG_TLS_40104CF6.out and proofs/PK_TLS_40104CF6.der
Signature verification succeeds
[TLS] Server time: 1619783107
[TLS] client_random  (32): 22B2FAA1A72824E576041AB7E4290516B96B3651A0FC3FBC85FE797C32BF7C81
[TLS] sign_hash (32): 413F05368E14EA6493EEC07C73E7A540F3380C333B918A82724EDC33C89A2F82
[TLS] Written transcript to proofs/MSG_TLS_22B2FAA1.out, proofs/SIG_TLS_22B2FAA1.out and proofs/PK_TLS_22B2FAA1.der
Signature verification succeeds
[TLS] Server time: 1619783107
[TLS] client_random  (32): A6D640E00B55809DA35FB9C3A84FD93894382B19149A1644E32147F23AD6CE0D
[TLS] sign_hash (32): FA1520DC8201E351FE55150A66006169DBE5225629805F106E482320A75B5523
[TLS] Written transcript to proofs/MSG_TLS_A6D640E0.out, proofs/SIG_TLS_A6D640E0.out and proofs/PK_TLS_A6D640E0.der
Signature verification succeeds
[TLS] Server time: 1619783107
[TLS] client_random  (32): 19DC8684DB6BFE9754E735C245AE2082539521FA0D25304AC462144AF6A17AF6
[TLS] sign_hash (32): 580278F528E95E87671622DAC5CD1946826652D10CF37A8FBBFE5DF7653E10D3
[TLS] Written transcript to proofs/MSG_TLS_19DC8684.out, proofs/SIG_TLS_19DC8684.out and proofs/PK_TLS_19DC8684.der
Signature verification succeeds
[TLS] Server time: 1619783107
[TLS] client_random  (32): E5DA9F4C11B71843A3531FEA97335D26EFA3A2CBD083C550EAE16F111D248E64
[TLS] sign_hash (32): 32EA9712ADAB281B405F39F8C2CE77985D3ADB60E554445F6DDCEFF34D5A12E5
[TLS] Written transcript to proofs/MSG_TLS_E5DA9F4C.out, proofs/SIG_TLS_E5DA9F4C.out and proofs/PK_TLS_E5DA9F4C.der
Signature verification succeeds
[TLS] Server time: 1619783107
[TLS] client_random  (32): 4BA9F228DC323BE7CD84D35F7409AE773BD03E9CFC74E5C281C8ECB5EB189525
[TLS] sign_hash (32): 758A8099E268CA546E06990EC39441A81FBED421CA77F6861DBEB7840354B904
[TLS] Written transcript to proofs/MSG_TLS_4BA9F228.out, proofs/SIG_TLS_4BA9F228.out and proofs/PK_TLS_4BA9F228.der
Signature verification succeeds
[TLS] Server time: 1619783107
[TLS] client_random  (32): D1D100E2E2412FB44A249BFC8C7052ECF739C23699B79AF088F97B84B6182F5F
[TLS] sign_hash (32): 9441B4D8378496F35C1A9790FB3240016E37CEC7D4AD922F720D24F8E50D8A94
[TLS] Written transcript to proofs/MSG_TLS_D1D100E2.out, proofs/SIG_TLS_D1D100E2.out and proofs/PK_TLS_D1D100E2.der
Signature verification succeeds
[TLS] Server time: 1619783107
[TLS] client_random  (32): 3FE57BE01D45757545F828CF63F7BB60EBA18ABAAF247C3969BD46683049B8A1
[TLS] sign_hash (32): 7A3FAA658B5E4D10E1ABA9620115BB4CF11CAA09A90B5357783BED443FF1F991
[TLS] Written transcript to proofs/MSG_TLS_3FE57BE0.out, proofs/SIG_TLS_3FE57BE0.out and proofs/PK_TLS_3FE57BE0.der
Signature verification succeeds
[TLS] Server time: 1619783108
[TLS] client_random  (32): B4BA041BA70D9C3EDE9B9CB0435D75458313E3220607B4CE124641076079D9D9
[TLS] sign_hash (32): F94E3B8446BBE7F02BE15D5B864543EA58B1023934992BCD17A00BB69237A707
[TLS] Written transcript to proofs/MSG_TLS_B4BA041B.out, proofs/SIG_TLS_B4BA041B.out and proofs/PK_TLS_B4BA041B.der
Signature verification succeeds
[TLS] Server time: 1619783108
[TLS] client_random  (32): E92F461B9D2A7846AFD3580FCB39BD1F501E7932F3D83D5506EDDA74492DC6B9
[TLS] sign_hash (32): F40FAE454F028EE08401FE3D0DD47A68B46C1BD41AE97836B653FCCC5E45F0F7
[TLS] Written transcript to proofs/MSG_TLS_E92F461B.out, proofs/SIG_TLS_E92F461B.out and proofs/PK_TLS_E92F461B.der
Signature verification succeeds
[TLS] Server time: 1619783108
[TLS] client_random  (32): BD6963269873A553BFDC1A183FE0E750F3C3B9D46580BC8C20A6E78EFFF52E9E
[TLS] sign_hash (32): 8A86C7E5559C18B2A6C85154F40DFF6C7BA37AE7864002D0F5979E15C785E780
[TLS] Written transcript to proofs/MSG_TLS_BD696326.out, proofs/SIG_TLS_BD696326.out and proofs/PK_TLS_BD696326.der
Signature verification succeeds
[TLS] Server time: 1619783108
[TLS] client_random  (32): 4CC4B68C3739FCD717E65324521B1821A13BF9BF985CA08A25600DF8F011CC8B
[TLS] sign_hash (32): 08C11CB32999E840AC722944F77987449FCAB738915852018DFFCC7946C6698C
[TLS] Written transcript to proofs/MSG_TLS_4CC4B68C.out, proofs/SIG_TLS_4CC4B68C.out and proofs/PK_TLS_4CC4B68C.der
Signature verification succeeds
[TLS] Server time: 1619783108
[TLS] client_random  (32): C2A8F2DE005C40E8C20BBD2BAF83A6E4B27393344B478E4919E5CEE82644A333
[TLS] sign_hash (32): 551DFA37A0852BE2949E883C216A11BC5F64609872166EA990F217AB1F93C8A3
[TLS] Written transcript to proofs/MSG_TLS_C2A8F2DE.out, proofs/SIG_TLS_C2A8F2DE.out and proofs/PK_TLS_C2A8F2DE.der
Signature verification succeeds
[TLS] Server time: 1619783108
[TLS] client_random  (32): 1B507D27A5880577672F6B90109682FFCABDCA6AE52DD09961B7DE36B130468E
[TLS] sign_hash (32): 77B229AE483356960DC4D16CB08C3AB5AF058ED0D7FB0C64ABDE08279B2FFD58
[TLS] Written transcript to proofs/MSG_TLS_1B507D27.out, proofs/SIG_TLS_1B507D27.out and proofs/PK_TLS_1B507D27.der
Signature verification succeeds
[TLS] Server time: 1619783108
[TLS] client_random  (32): CF1576783DBD4B2F6D9BD04B5AE9221B8B8D004F55FD848FE0ECEC8767B3174C
[TLS] sign_hash (32): 9585D01C5E74BF8C739F73C2CB79B43F9AFA03A17CB981BD8D0B78A823293BE0
[TLS] Written transcript to proofs/MSG_TLS_CF157678.out, proofs/SIG_TLS_CF157678.out and proofs/PK_TLS_CF157678.der
Signature verification succeeds
[TLS] Server time: 1619783108
[TLS] client_random  (32): ED3B827DF65E3FB4E20BA9CDC3971FF925EEEFA772CEBF5D352F285AD176EA94
[TLS] sign_hash (32): 4BF1744349BA90D25D98EFF1E5A430FA4D3B17BD31F2E97DBBAFE4BEEE132CE7
[TLS] Written transcript to proofs/MSG_TLS_ED3B827D.out, proofs/SIG_TLS_ED3B827D.out and proofs/PK_TLS_ED3B827D.der
Signature verification succeeds
[TLS] Server time: 1619783108
[TLS] client_random  (32): 5C195B728CC2C38BB312D5B78263901EB945C1EE9CC38CE0B6DE1CEC33DCD3AF
[TLS] sign_hash (32): 60C9174E161A0B2FA9FEF8B29E773A6310D3A1F443C320CE1A5B96DAC8E8A692
[TLS] Written transcript to proofs/MSG_TLS_5C195B72.out, proofs/SIG_TLS_5C195B72.out and proofs/PK_TLS_5C195B72.der
Signature verification succeeds
[TLS] Server time: 1619783108
[TLS] client_random  (32): D7696D24398771863AAA8C9C2152BEB1C796F7E6723208FD0305AF3797701E62
[TLS] sign_hash (32): 8F45A1D8CA842697A44DF4DD737137415D188EC8684600CD2BE1F99AC0618C99
[TLS] Written transcript to proofs/MSG_TLS_D7696D24.out, proofs/SIG_TLS_D7696D24.out and proofs/PK_TLS_D7696D24.der
Signature verification succeeds
[TLS] Server time: 1619783108
[TLS] client_random  (32): 220AE0E8003DE3E0137A8138398E8012A3C817D4B5A79FDC01921B8BD5413B18
[TLS] sign_hash (32): 57ACF8F16F252D3825DD061826332C36579528578ACA6AC1B339F5F47263869F
[TLS] Written transcript to proofs/MSG_TLS_220AE0E8.out, proofs/SIG_TLS_220AE0E8.out and proofs/PK_TLS_220AE0E8.der
Signature verification succeeds
[TLS] Server time: 1619783108
[TLS] client_random  (32): C869BEB5F68D0332F101ED04411729593C2ADE75C993F287BBCF19FA864282EB
[TLS] sign_hash (32): 427FAB239E3C2D6AD95F3422E02FDACF7DEC4D5C272B2605601AF9405D174C65
[TLS] Written transcript to proofs/MSG_TLS_C869BEB5.out, proofs/SIG_TLS_C869BEB5.out and proofs/PK_TLS_C869BEB5.der
Signature verification succeeds
[TLS] Server time: 1619783108
[TLS] client_random  (32): 4FF798A8328818FDC84115F1E8864E71EABC6C2F5E7255A1782303A0905D527A
[TLS] sign_hash (32): F0B40FCE57ED5E2C953D425B490ADE9084BF9C6FBC7ABE42FA6DDAF8F73B509F
[TLS] Written transcript to proofs/MSG_TLS_4FF798A8.out, proofs/SIG_TLS_4FF798A8.out and proofs/PK_TLS_4FF798A8.der
Signature verification succeeds
[TLS] Server time: 1619783108
[TLS] client_random  (32): 93E5DA513FF436EE109BB7076CE30703B958C18D03BC7261E8CF6114194D15E5
[TLS] sign_hash (32): F6DD1845FF3DC8C003007F7FB3F21F8119D49A5B13C9743C9A99A900F325E107
[TLS] Written transcript to proofs/MSG_TLS_93E5DA51.out, proofs/SIG_TLS_93E5DA51.out and proofs/PK_TLS_93E5DA51.der
Signature verification succeeds
[TLS] Server time: 1619783108
[TLS] client_random  (32): D63C05EF111B37731E9752A7C2C5CEB4FB326399A46CC5421D9C1A3227327159
[TLS] sign_hash (32): 9BEE5CF5BCBDA9B6E7DC93CAE3D1BDE3FDD642D1A6CCD5AE724D3890023C55B4
[TLS] Written transcript to proofs/MSG_TLS_D63C05EF.out, proofs/SIG_TLS_D63C05EF.out and proofs/PK_TLS_D63C05EF.der
Signature verification succeeds
[TLS] Server time: 1619783108
[TLS] client_random  (32): 71150EF6A7B7EB859EBBC96F245338FCA1069A2D8FE8F5F55269512C34AE2EC6
[TLS] sign_hash (32): EBC114F747484B2075ABBDC0EDDBB8BA61333362B1FC2ED918CB1BE555EAE4CF
[TLS] Written transcript to proofs/MSG_TLS_71150EF6.out, proofs/SIG_TLS_71150EF6.out and proofs/PK_TLS_71150EF6.der
Signature verification succeeds
[TLS] Server time: 1619783108
[TLS] client_random  (32): EB1AC3113B547F360B0434794B9ADADAA43673E2895150DE9555627696500EC4
[TLS] sign_hash (32): 7D66CB411CA38AFB57ACDCE4C9189DA76232E67CD8EE065DA184B18D612EBAC9
[TLS] Written transcript to proofs/MSG_TLS_EB1AC311.out, proofs/SIG_TLS_EB1AC311.out and proofs/PK_TLS_EB1AC311.der
Signature verification succeeds
[TLS] Server time: 1619783108
[TLS] client_random  (32): F5B0D4BB10CAF4A1BC1838808637AB9D9BAEAB06BC180E57C9CD3B286A3E89B0
[TLS] sign_hash (32): 507E12D9E1D26047DB5307720D316C7693A292399F9339D31BE021A174FE59D0
[TLS] Written transcript to proofs/MSG_TLS_F5B0D4BB.out, proofs/SIG_TLS_F5B0D4BB.out and proofs/PK_TLS_F5B0D4BB.der
Signature verification succeeds
[TLS] Server time: 1619783108
[TLS] client_random  (32): 351722F0CD3C0F8BC84FA39D703B8883972F1D545D32B6B6494AAFB73892C71F
[TLS] sign_hash (32): FD6E202BF9FAE0961D957FF7D934DE642CB45129772B1F1047A29FF77F1661ED
[TLS] Written transcript to proofs/MSG_TLS_351722F0.out, proofs/SIG_TLS_351722F0.out and proofs/PK_TLS_351722F0.der
Signature verification succeeds
[TLS] Server time: 1619783108
[TLS] client_random  (32): EEFFC4015ADC2A1CFDE0BBC2DA9F4C784F789BB219A540B9D9A1E8E9C48FC18A
[TLS] sign_hash (32): C27E27C9D9608119C9090F3DD4AB64D814AC873B14DB707C3430847D65153E0F
[TLS] Written transcript to proofs/MSG_TLS_EEFFC401.out, proofs/SIG_TLS_EEFFC401.out and proofs/PK_TLS_EEFFC401.der
Signature verification succeeds
[TLS] Server time: 1619783108
[TLS] client_random  (32): 6B15A94C8B8BB300EDBE5F9B378CCE6E7BA0DAFF2DA754D2E16157CA1553440C
[TLS] sign_hash (32): EA719F6A93F160CE446D0C10584FCE7B04AE90BDC5ED94114A922F7D96E59DAB
[TLS] Written transcript to proofs/MSG_TLS_6B15A94C.out, proofs/SIG_TLS_6B15A94C.out and proofs/PK_TLS_6B15A94C.der
Signature verification succeeds
[TLS] Server time: 1619783108
[TLS] client_random  (32): AA82B58EC1C35CE71D0EDD8FBA4A517CDB6DB99713D7BE00D33B6DCC0D5D77F6
[TLS] sign_hash (32): E8D50B64A4EDBD1DE748DF1587093FD7C0FE6F525892683EA8F685A323776D31
[TLS] Written transcript to proofs/MSG_TLS_AA82B58E.out, proofs/SIG_TLS_AA82B58E.out and proofs/PK_TLS_AA82B58E.der
Signature verification succeeds
[TLS] Server time: 1619783108
[TLS] client_random  (32): 27BD8ABDDFF046FA592999AC51DAF35490D70F2692AD17BB316088F5FD278636
[TLS] sign_hash (32): 1667A8D9B5A984D1F68AE2F1D652B35B517CF60B9057C5026015530210919430
[TLS] Written transcript to proofs/MSG_TLS_27BD8ABD.out, proofs/SIG_TLS_27BD8ABD.out and proofs/PK_TLS_27BD8ABD.der
Signature verification succeeds
[TLS] Server time: 1619783108
[TLS] client_random  (32): BDE8CB39B62DF21EDE670FD64912D15847A855A2B0624D030189F3D3002B441D
[TLS] sign_hash (32): 281A61E1ECDDEC3B30EDECF321FE5ED9EA67C056414EE23D0979019C75F6D6BB
[TLS] Written transcript to proofs/MSG_TLS_BDE8CB39.out, proofs/SIG_TLS_BDE8CB39.out and proofs/PK_TLS_BDE8CB39.der
Signature verification succeeds
[TLS] Server time: 1619783108
[TLS] client_random  (32): BF91DF0B97D2F7D64FC4137668AEFA27EE7C8852F06BCAE96C5905CFC5D44A53
[TLS] sign_hash (32): E971107400D806C61FFE76CFA1C7083186454F666FBE8686DD0D3A69B65EE573
[TLS] Written transcript to proofs/MSG_TLS_BF91DF0B.out, proofs/SIG_TLS_BF91DF0B.out and proofs/PK_TLS_BF91DF0B.der
Signature verification succeeds
[TLS] Server time: 1619783108
[TLS] client_random  (32): A1879A0259D669046F64C9CD87796954CA2FE6694FAE96DFCD22483E0C58BF60
[TLS] sign_hash (32): EDB1EEA4E7B82D3BEAEDE783FA8A551DAEFCBE12A251975F4522B27556958258
[TLS] Written transcript to proofs/MSG_TLS_A1879A02.out, proofs/SIG_TLS_A1879A02.out and proofs/PK_TLS_A1879A02.der
Signature verification succeeds
[TLS] Server time: 1619783108
[TLS] client_random  (32): 6FC657A4649AA9241D33BF7C6DA9ADF222D204EBC665EBA4152E3EF07FABDD18
[TLS] sign_hash (32): 0168D7C035ED41CDA2C4E2FF1663C2C4842F4E1C388BCFF2B3C250CDA1989A70
[TLS] Written transcript to proofs/MSG_TLS_6FC657A4.out, proofs/SIG_TLS_6FC657A4.out and proofs/PK_TLS_6FC657A4.der
Signature verification succeeds
[TLS] Server time: 1619783108
[TLS] client_random  (32): CB2B1D7D109ECE8B53CC4E7761D05B658F2F20E0BB32ACAD9B0FC775B0A8E740
[TLS] sign_hash (32): D60356225B8748D8416DE1B30BE0DDAECA8241C0F38DBEE14E16E0BD265F2845
[TLS] Written transcript to proofs/MSG_TLS_CB2B1D7D.out, proofs/SIG_TLS_CB2B1D7D.out and proofs/PK_TLS_CB2B1D7D.der
Signature verification succeeds
[TLS] Server time: 1619783108
[TLS] client_random  (32): 0D4C3B7AE298331CE605B077B594BAA4E7B55016D5E1C3CFD96F1E483F1E2D71
[TLS] sign_hash (32): 96089D29B6FAF65346E842418D6A4582FCD0BB1F0D2E7E8C930C0E753E007719
[TLS] Written transcript to proofs/MSG_TLS_0D4C3B7A.out, proofs/SIG_TLS_0D4C3B7A.out and proofs/PK_TLS_0D4C3B7A.der
Signature verification succeeds
[TLS] Server time: 1619783108
[TLS] client_random  (32): 45E5BD60C878C7DE0BF812D9969A742D11E7B6D3F39D5607CC94B58B55A17041
[TLS] sign_hash (32): 946A6F5783633F833927DB037F742465398110D4709FAB425BC737F7A6F42A42
[TLS] Written transcript to proofs/MSG_TLS_45E5BD60.out, proofs/SIG_TLS_45E5BD60.out and proofs/PK_TLS_45E5BD60.der
Signature verification succeeds
[TLS] Server time: 1619783108
[TLS] client_random  (32): 2FFB3AA908386C4E6081D5F34D251424E6336658FC7D7B4EEDA26C0D419B97C9
[TLS] sign_hash (32): 3256C1A2E0E345DD13D00843BDDF743B23771243FE9E06F3FD6F73EFFB5C9CA0
[TLS] Written transcript to proofs/MSG_TLS_2FFB3AA9.out, proofs/SIG_TLS_2FFB3AA9.out and proofs/PK_TLS_2FFB3AA9.der
Signature verification succeeds
[TLS] Server time: 1619783108
[TLS] client_random  (32): 855D7A40274945CDD021525279490E63240D3EE9792E46A6B8C9DF4A34E81F58
[TLS] sign_hash (32): 069A669F51B2013094896FCA07D0F3CE8B3CF78E49B3A6D075B3FE1E8D3D9D4B
[TLS] Written transcript to proofs/MSG_TLS_855D7A40.out, proofs/SIG_TLS_855D7A40.out and proofs/PK_TLS_855D7A40.der
Signature verification succeeds
[TLS] Server time: 1619783109
[TLS] client_random  (32): 04771E0B3112B2EEB5A884C7336CD5BDB57661BA48D900670B0DD8C5AEAB4664
[TLS] sign_hash (32): F462DDBC8A48664DAB59E70CDF1C29D3488D646AFBB6194DF46B715B44B0F23D
[TLS] Written transcript to proofs/MSG_TLS_04771E0B.out, proofs/SIG_TLS_04771E0B.out and proofs/PK_TLS_04771E0B.der
Signature verification succeeds
[TLS] Server time: 1619783109
[TLS] client_random  (32): 4AA9B523B8A59ED90CE92444A3CBC4F5F704838D40B7F5F3EFCE7B1B4C23F43B
[TLS] sign_hash (32): 27BEDA9BEC4CF2E1192FC4CA041D7BAB1E200BCCF83C75B34AEAACBC550A398C
[TLS] Written transcript to proofs/MSG_TLS_4AA9B523.out, proofs/SIG_TLS_4AA9B523.out and proofs/PK_TLS_4AA9B523.der
Signature verification succeeds
[TLS] Server time: 1619783109
[TLS] client_random  (32): E5D05EE7FCCCDF0F5FFE5623808A8778CA914BCD6FA7562CAB30C2A17865DBD8
[TLS] sign_hash (32): 1A18E91596942FCAABBCD2ED6C5B35F28B7022CB866496FF1926E3B53988E0CE
[TLS] Written transcript to proofs/MSG_TLS_E5D05EE7.out, proofs/SIG_TLS_E5D05EE7.out and proofs/PK_TLS_E5D05EE7.der
Signature verification succeeds
[TLS] Server time: 1619783109
[TLS] client_random  (32): 848D9ADB7CE16C4FBAFDE0760374C2EBCFBE37D4ACC4401BFB0A1FF7EC88BEBC
[TLS] sign_hash (32): 5F84164655717A6F4A207D1A64710C2359AD434EC108DA3613845B514E873593
[TLS] Written transcript to proofs/MSG_TLS_848D9ADB.out, proofs/SIG_TLS_848D9ADB.out and proofs/PK_TLS_848D9ADB.der
Signature verification succeeds
[TLS] Server time: 1619783109
[TLS] client_random  (32): 8988325E1961BD399583D94F604534F3D996F94BD5256D41E1BC0C4D0EABDCFE
[TLS] sign_hash (32): 3678693BE42D68D78A7FAE7E5DBF461CD4F32EB673EB794690FA67EAE66C486A
[TLS] Written transcript to proofs/MSG_TLS_8988325E.out, proofs/SIG_TLS_8988325E.out and proofs/PK_TLS_8988325E.der
Signature verification succeeds
[TLS] Server time: 1619783109
[TLS] client_random  (32): EC8D8FA77CE4529BF1789D32658FC7394155607990A3E9B09AC1C33AC4E9783E
[TLS] sign_hash (32): 71DC38BC54F67E37CA0E86A7E9576009821D3292211EFE3921124A357C72015D
[TLS] Written transcript to proofs/MSG_TLS_EC8D8FA7.out, proofs/SIG_TLS_EC8D8FA7.out and proofs/PK_TLS_EC8D8FA7.der
Signature verification succeeds
[TLS] Server time: 1619783109
[TLS] client_random  (32): CD07591DB6FCFF6B278BE7B01C2F6DF52EBCA4CE89895B3EC81C0B105A5393AF
[TLS] sign_hash (32): 9AB6102DB64ECD589D919204FFA26B4BD69EAAAD72CF3B7C5C5048C0AB088D51
[TLS] Written transcript to proofs/MSG_TLS_CD07591D.out, proofs/SIG_TLS_CD07591D.out and proofs/PK_TLS_CD07591D.der
Signature verification succeeds
[TLS] Server time: 1619783109
[TLS] client_random  (32): 4F0EF26EA2F7A4BCD39529943D561A69FA1AAF07C8FEE939EB19365AF07BE1EE
[TLS] sign_hash (32): F9DF10331F0B4C48DF2924A1EE006E6E4E6354194137EC80055C3144A32F9ECC
[TLS] Written transcript to proofs/MSG_TLS_4F0EF26E.out, proofs/SIG_TLS_4F0EF26E.out and proofs/PK_TLS_4F0EF26E.der
Signature verification succeeds
[TLS] Server time: 1619783109
[TLS] client_random  (32): C35C7FC36BEE5D083C369A78B8468FCF89B7432D84A666DFCFA7F5BD6F34AAC0
[TLS] sign_hash (32): 0696B368F53790F32DB7CF836E55629F700C01A4409E925A10850B95BE149FA1
[TLS] Written transcript to proofs/MSG_TLS_C35C7FC3.out, proofs/SIG_TLS_C35C7FC3.out and proofs/PK_TLS_C35C7FC3.der
Signature verification succeeds
[TLS] Server time: 1619783109
[TLS] client_random  (32): ECADD39B9C8AB7ED643BA8AA8B5E8F60BD97519F1BB8B9F98F1EAA11869B3DAE
[TLS] sign_hash (32): 76498E6279BD2D170486EA917BFEBB3A2FF51B1BA04B4F5DF06EFCA4D9CBA020
[TLS] Written transcript to proofs/MSG_TLS_ECADD39B.out, proofs/SIG_TLS_ECADD39B.out and proofs/PK_TLS_ECADD39B.der
Signature verification succeeds
[TLS] Server time: 1619783109
[TLS] client_random  (32): 5A0898847C29042F91C8884D585BB397B9D255800415FB32F1B9D26F4682113F
[TLS] sign_hash (32): 6EE581D8F0CB5905FDF33C6482ACE8DCD250D6880356E8F3B03EBAE3AB742057
[TLS] Written transcript to proofs/MSG_TLS_5A089884.out, proofs/SIG_TLS_5A089884.out and proofs/PK_TLS_5A089884.der
Signature verification succeeds
[TLS] Server time: 1619783109
[TLS] client_random  (32): 66FC3030132D6D22C4B19D33705F452CC8850D801DE32533B77E4F50F529C932
[TLS] sign_hash (32): 5BA64F54CCE8DA762FE39EA46030F846E1EE3ACE9B2A7E492DDE464537943455
[TLS] Written transcript to proofs/MSG_TLS_66FC3030.out, proofs/SIG_TLS_66FC3030.out and proofs/PK_TLS_66FC3030.der
Signature verification succeeds
[TLS] Server time: 1619783109
[TLS] client_random  (32): 9A95ABD870A01EE503834CB9C7FE84DD30A9EBFA28C286C6510AD72C7A2C43E4
[TLS] sign_hash (32): 9C5B6521B56A3BFEBCEBB01BBE64F1B1F7566E36B03CD5D885C605F5F063BEC4
[TLS] Written transcript to proofs/MSG_TLS_9A95ABD8.out, proofs/SIG_TLS_9A95ABD8.out and proofs/PK_TLS_9A95ABD8.der
Signature verification succeeds
[TLS] Server time: 1619783109
[TLS] client_random  (32): FF294B9F9FD93A20F165523BAEDD12F3598D7D23E5801ADF98C53F5811ADCE3E
[TLS] sign_hash (32): 537F6C2C67C7288C5F160FFCAAAC809C1CE92D90BDB8D8154EA4F40261BB54CC
[TLS] Written transcript to proofs/MSG_TLS_FF294B9F.out, proofs/SIG_TLS_FF294B9F.out and proofs/PK_TLS_FF294B9F.der
Signature verification succeeds
[TLS] Server time: 1619783109
[TLS] client_random  (32): 0CEAA542B569E51A536328A6D27668D05DEB14C8F275C53EA332CD583DCBB8A1
[TLS] sign_hash (32): 8FDA32490FD78D977635DDD7451AEB9EF4B196FA0CD802CFBA3396B95E6F2BE0
[TLS] Written transcript to proofs/MSG_TLS_0CEAA542.out, proofs/SIG_TLS_0CEAA542.out and proofs/PK_TLS_0CEAA542.der
Signature verification succeeds
[TLS] Server time: 1619783109
[TLS] client_random  (32): 7BC1803837BA45C8A22CF87F19C13FF850DA1E13E65EB12D15410568DE4BF15B
[TLS] sign_hash (32): 6FEECA3AF3CA6FA9A59097C1D18848D1220FF26EE557442D2327D02CD9164C17
[TLS] Written transcript to proofs/MSG_TLS_7BC18038.out, proofs/SIG_TLS_7BC18038.out and proofs/PK_TLS_7BC18038.der
Signature verification succeeds
[TLS] Server time: 1619783109
[TLS] client_random  (32): 693D0F1E9BDDDE394F1B96D0B7928DEB1A09EBDD8BF948F8F8915F8EAA8C21BC
[TLS] sign_hash (32): 77FC52E14F872C9571199EB29F0B7F7368592E7F7FD3953F0BFA1D4BBD2245E2
[TLS] Written transcript to proofs/MSG_TLS_693D0F1E.out, proofs/SIG_TLS_693D0F1E.out and proofs/PK_TLS_693D0F1E.der
Signature verification succeeds
Time breakdown (averages): anchor_ping:75.183406 file_read:0.153855 hashing:0.471028
Total time for 99 rounds is 7580.211709ms
Standard deviations: anchor_ping:205.414022 file_read:0.014104 hashing:0.004920
[Client-side ops] mean:0.624884 sd:0.015367
in & out anchor rand written to proofs/phase1.out
     20 [TLS] Server time: 1619783102
      1 [TLS] Server time: 1619783103
      2 [TLS] Server time: 1619783104
      4 [TLS] Server time: 1619783105
      8 [TLS] Server time: 1619783106
     16 [TLS] Server time: 1619783107
     32 [TLS] Server time: 1619783108
     17 [TLS] Server time: 1619783109
Count is 20
Count is 1
Count is 2
Count is 4
Count is 8
Count is 16
Count is 32
Count is 17
success: 0
Sleeping before retrying
CONF: anchor:nott.ac.uk fs:1024MB n_rounds:99 seed:5c9f4bf9bbc15bb855f82faedc5a52fc3ab2dfa8ec3ba3ce1b270f31fa0cced2 filename:FILE bs:1024 nops:100 benchmarking:0 anchor_ping:1 queue_depth:32 direct:0
[TLS] Connecting to nott.ac.uk
[TLS] Server time: 1619783111
[TLS] client_random  (32): 5C9F4BF9BBC15BB855F82FAEDC5A52FC3AB2DFA8EC3BA3CE1B270F31FA0CCED2
[TLS] sign_hash (32): 4D887A24CA8176CCFE916045501DDCB0721320CBE51DA45731E45AD521C90073
[TLS] Written transcript to proofs/MSG_TLS_5C9F4BF9.out, proofs/SIG_TLS_5C9F4BF9.out and proofs/PK_TLS_5C9F4BF9.der
Signature verification succeeds
[TLS] Server time: 1619783111
[TLS] client_random  (32): 77C32F7FD8D06C18B81D670F10227789347FC9376A8A9A8C4F76C51B73D9FE43
[TLS] sign_hash (32): 69E3C5A2B2208BFBD378E4F59C45467FD4FC64AFB7AF8E84D57FA5339945B8E2
[TLS] Written transcript to proofs/MSG_TLS_77C32F7F.out, proofs/SIG_TLS_77C32F7F.out and proofs/PK_TLS_77C32F7F.der
Signature verification succeeds
[TLS] Server time: 1619783111
[TLS] client_random  (32): 2C0FF5FF55AC70CC811CEF2595E29E37FF3C32CEC3813AD91048FAEAB4299BFD
[TLS] sign_hash (32): ACDDD9189689BF805F3945AAE3560FF2E9691AB04B5B55247C6982FAF3E46B73
[TLS] Written transcript to proofs/MSG_TLS_2C0FF5FF.out, proofs/SIG_TLS_2C0FF5FF.out and proofs/PK_TLS_2C0FF5FF.der
Signature verification succeeds
[TLS] Server time: 1619783111
[TLS] client_random  (32): 9CA77B208B96EAA220ED0076E8560F7ABE792FD5820BC22D65722538AB02BC0A
[TLS] sign_hash (32): A6BF7684D09582BD0643C6ECB4394BB4650CCA340E06A6E9AFAE95A332DF0654
[TLS] Written transcript to proofs/MSG_TLS_9CA77B20.out, proofs/SIG_TLS_9CA77B20.out and proofs/PK_TLS_9CA77B20.der
Signature verification succeeds
[TLS] Server time: 1619783111
[TLS] client_random  (32): 2A5DC4F342B6B5D7EC087E43F06266353133B4E1E7998D9B6F33DCA3F9A965B0
[TLS] sign_hash (32): D43624CD77F440553DC7D9E147E2491499A141F6EC5F245AE02AA6540AF7697E
[TLS] Written transcript to proofs/MSG_TLS_2A5DC4F3.out, proofs/SIG_TLS_2A5DC4F3.out and proofs/PK_TLS_2A5DC4F3.der
Signature verification succeeds
[TLS] Server time: 1619783111
[TLS] client_random  (32): DFA3E844F36A8A7290E26F4B3C05A4D4E3660FFA06447539C20ECE1DE72B1453
[TLS] sign_hash (32): 0BB32B2ADB0D757AFE95A74AD8E44F8E8660F5DA0D48C729AEC30FC789A032D3
[TLS] Written transcript to proofs/MSG_TLS_DFA3E844.out, proofs/SIG_TLS_DFA3E844.out and proofs/PK_TLS_DFA3E844.der
Signature verification succeeds
[TLS] Server time: 1619783111
[TLS] client_random  (32): 640E630ED135786EF522FE11CAD0B50064B27421683C8C5462B7CBEC638F1480
[TLS] sign_hash (32): E9E8712F8128E9E9D8565244AA617123C33F6AFFFFA9D45D05900DB6C3B4672E
[TLS] Written transcript to proofs/MSG_TLS_640E630E.out, proofs/SIG_TLS_640E630E.out and proofs/PK_TLS_640E630E.der
Signature verification succeeds
[TLS] Server time: 1619783111
[TLS] client_random  (32): 92B72979AE9C5885560B26B1CDC66067EC900C2B30149EA6A7C75181D27DF707
[TLS] sign_hash (32): FF0AB7D48F710D9E9ACB6FC7D47E6454574207CB6D026E58DD950D1293E1039F
[TLS] Written transcript to proofs/MSG_TLS_92B72979.out, proofs/SIG_TLS_92B72979.out and proofs/PK_TLS_92B72979.der
Signature verification succeeds
[TLS] Server time: 1619783111
[TLS] client_random  (32): 3838B8FC22D91B8DA0F047A428067DC6899BE6A9761BD4681FBF419CCDA815D8
[TLS] sign_hash (32): 8A1251CF01B8BFDB59AB3ED07F866BD6DBF0395F73E6F6EDD7B663E1BC3999B9
[TLS] Written transcript to proofs/MSG_TLS_3838B8FC.out, proofs/SIG_TLS_3838B8FC.out and proofs/PK_TLS_3838B8FC.der
Signature verification succeeds
[TLS] Server time: 1619783111
[TLS] client_random  (32): BAA2AF717AB2C7945F84D943095F90DCF0181226131F99BF9D5E318D23E7043D
[TLS] sign_hash (32): 13F144D6C69C94240A96C14F73DE6E8F0E83920EC68C4BC77B208D882D827752
[TLS] Written transcript to proofs/MSG_TLS_BAA2AF71.out, proofs/SIG_TLS_BAA2AF71.out and proofs/PK_TLS_BAA2AF71.der
Signature verification succeeds
[TLS] Server time: 1619783111
[TLS] client_random  (32): F104A57632AEA7739EE02C8B8808EF0E7F6F85F796A8A24BAE38A72FA27D2ACC
[TLS] sign_hash (32): 4D026254F6B25901A3ABA4E3C7EFCD91B80205CC46BA56D8D3E8D58D53A2084A
[TLS] Written transcript to proofs/MSG_TLS_F104A576.out, proofs/SIG_TLS_F104A576.out and proofs/PK_TLS_F104A576.der
Signature verification succeeds
[TLS] Server time: 1619783111
[TLS] client_random  (32): D32D048736272EE1AC99FBCC7324BA6137635BAAAF9C6A3BB60DB029FCDED268
[TLS] sign_hash (32): A1B10BBC552A38DEB89AFBC36642BA202DEB00AAD924028D77333D9C9F693832
[TLS] Written transcript to proofs/MSG_TLS_D32D0487.out, proofs/SIG_TLS_D32D0487.out and proofs/PK_TLS_D32D0487.der
Signature verification succeeds
[TLS] Server time: 1619783111
[TLS] client_random  (32): 5896A8BC18E2562CBC7008A99A28F7E8230802F9D7646B39100C7F0B0258A819
[TLS] sign_hash (32): C1A254AC5E3CE408116DAF33C69057DAA03419A947FD61E11154E4FA67D33E15
[TLS] Written transcript to proofs/MSG_TLS_5896A8BC.out, proofs/SIG_TLS_5896A8BC.out and proofs/PK_TLS_5896A8BC.der
Signature verification succeeds
[TLS] Server time: 1619783111
[TLS] client_random  (32): 4721EB293453348A5B0DFBF21BCFF180969B724B229FC21C94FEB960CE149B4C
[TLS] sign_hash (32): 289C5483BE129C15F520432245718A7E0A691C0624BF60744FB3D2562190BB1F
[TLS] Written transcript to proofs/MSG_TLS_4721EB29.out, proofs/SIG_TLS_4721EB29.out and proofs/PK_TLS_4721EB29.der
Signature verification succeeds
[TLS] Server time: 1619783111
[TLS] client_random  (32): 80146E74BD4EC1E6C8436489D9352EA438F958F8584C24DCA2E14B46531D7AD7
[TLS] sign_hash (32): 0FA23E42860CBC84E3984E0CCE1429591F22F57FDD5D3C771EBDD680956A68F7
[TLS] Written transcript to proofs/MSG_TLS_80146E74.out, proofs/SIG_TLS_80146E74.out and proofs/PK_TLS_80146E74.der
Signature verification succeeds
[TLS] Server time: 1619783111
[TLS] client_random  (32): 41603D3B4052590583950CF0A28271851FAF72BFC10E20D330BCE17B85C028A6
[TLS] sign_hash (32): 0DB293C3254ECC75F1943048FD8EB7B8EC9F38EC0B378C979268065D245454FB
[TLS] Written transcript to proofs/MSG_TLS_41603D3B.out, proofs/SIG_TLS_41603D3B.out and proofs/PK_TLS_41603D3B.der
Signature verification succeeds
[TLS] Server time: 1619783111
[TLS] client_random  (32): C140B78A750B6A5ECEB3C15F388052EE97A9B35A64D2EC440333EC9E7E43AF8F
[TLS] sign_hash (32): 90CDE6D6A7E1194641D2265C892D7ED1698BB563416749BEF3385020FAF1857C
[TLS] Written transcript to proofs/MSG_TLS_C140B78A.out, proofs/SIG_TLS_C140B78A.out and proofs/PK_TLS_C140B78A.der
Signature verification succeeds
[TLS] Server time: 1619783111
[TLS] client_random  (32): E54B74FB7C49508BE6262E1E3031A5E154911B2CFE4C28EE99E573FEB36480DE
[TLS] sign_hash (32): 62EE4B56A37F653B7EAEDBAE39AEB64108E1AED6FBC2845491ED9012EB002B96
[TLS] Written transcript to proofs/MSG_TLS_E54B74FB.out, proofs/SIG_TLS_E54B74FB.out and proofs/PK_TLS_E54B74FB.der
Signature verification succeeds
[TLS] Server time: 1619783111
[TLS] client_random  (32): 0D6C6A34D128A837F4D5B0A1EB4BEBDEA2345BAA843BFA1C82B375D2B3B89C61
[TLS] sign_hash (32): 9B659C998AF52DD630F09E3B34C8BE01675EE285D4068077768F6172088EA7B1
[TLS] Written transcript to proofs/MSG_TLS_0D6C6A34.out, proofs/SIG_TLS_0D6C6A34.out and proofs/PK_TLS_0D6C6A34.der
Signature verification succeeds
[TLS] Server time: 1619783111
[TLS] client_random  (32): CB7A84A47002C7C6F7725A0A407B1DAAC22BD7461F96942E5B0D489765CCAA3D
[TLS] sign_hash (32): 7EFDAD80D5622DF5877083E34F38BE674C044FD5D0666E87987FC99F3D815F55
[TLS] Written transcript to proofs/MSG_TLS_CB7A84A4.out, proofs/SIG_TLS_CB7A84A4.out and proofs/PK_TLS_CB7A84A4.der
Signature verification succeeds
[TLS] Server time: 1619783111
[TLS] client_random  (32): F6C792CD2334D6D6402182262707BBEDBC82741FA71607EDCDFCDF1F913A1E6D
[TLS] sign_hash (32): 13BB4443D3607F41EB4CA4F286A2971F8A4D170EA6CC6B42141F45555D2C8421
[TLS] Written transcript to proofs/MSG_TLS_F6C792CD.out, proofs/SIG_TLS_F6C792CD.out and proofs/PK_TLS_F6C792CD.der
Signature verification succeeds
[TLS] Server time: 1619783111
[TLS] client_random  (32): B70D456E983864049946E1A63C613976E876D0436316829CD8979DD932A275BB
[TLS] sign_hash (32): 0872EC7B4A04DA8CCFBF4D1B9EC8D0CDD062ED4D9021595F4EA31D0906694E30
[TLS] Written transcript to proofs/MSG_TLS_B70D456E.out, proofs/SIG_TLS_B70D456E.out and proofs/PK_TLS_B70D456E.der
Signature verification succeeds
[TLS] Server time: 1619783112
[TLS] client_random  (32): AD75B06AC63B0934167414620AB6CBD52A7008E590B938D513AE913F06EA4989
[TLS] sign_hash (32): 9AE2E87D3D0E8636D7DFC4951023046FF7D7C668426689D1A20917DAC9E364F7
[TLS] Written transcript to proofs/MSG_TLS_AD75B06A.out, proofs/SIG_TLS_AD75B06A.out and proofs/PK_TLS_AD75B06A.der
Signature verification succeeds
[TLS] Server time: 1619783112
[TLS] client_random  (32): 532A89FB8AFADCFFCBE408D8D9C2D6D99ED247BF414F851B9285B193CA5B61E3
[TLS] sign_hash (32): CB3A1B973D2430D56A2BA361BA98D8E9E6E9528E808AF8525E0550205E931E03
[TLS] Written transcript to proofs/MSG_TLS_532A89FB.out, proofs/SIG_TLS_532A89FB.out and proofs/PK_TLS_532A89FB.der
Signature verification succeeds
[TLS] Server time: 1619783112
[TLS] client_random  (32): F4A3FEF6F74E0BDAAC84D25D5D95526DB594D21487B800B95F0C0A65D0049602
[TLS] sign_hash (32): 53C33B446055F7BD503B53C7942F16864D53BFE13C7A86F83701A235885597FB
[TLS] Written transcript to proofs/MSG_TLS_F4A3FEF6.out, proofs/SIG_TLS_F4A3FEF6.out and proofs/PK_TLS_F4A3FEF6.der
Signature verification succeeds
[TLS] Server time: 1619783112
[TLS] client_random  (32): 7A7DA9E82D71122489C21BED46A28C0F34BB85CB351EE9CBAB807BD09F12A14B
[TLS] sign_hash (32): 3A61A1DC25CEC1E766C2A5E3120944CC944025F91CB11D2F68CC8F649F66931A
[TLS] Written transcript to proofs/MSG_TLS_7A7DA9E8.out, proofs/SIG_TLS_7A7DA9E8.out and proofs/PK_TLS_7A7DA9E8.der
Signature verification succeeds
[TLS] Server time: 1619783112
[TLS] client_random  (32): C834676F4FCF0555472A0FFD86928DDF9E41ED267AEBB6F7751E8C97EDFAD970
[TLS] sign_hash (32): EAB5E739A44FE00823ED75F4DABA68C9F4A9F60093A6E7507AEC036CBEAFEF1D
[TLS] Written transcript to proofs/MSG_TLS_C834676F.out, proofs/SIG_TLS_C834676F.out and proofs/PK_TLS_C834676F.der
Signature verification succeeds
[TLS] Server time: 1619783112
[TLS] client_random  (32): 2CEDF28E27074E4D7C4D54E8B205244C919A8A9674BD58B6E04F3AF714028175
[TLS] sign_hash (32): EA31F839935D95A3924CF42BEB56CFF538270EBF2B50A1B71E34EA060EF8E99A
[TLS] Written transcript to proofs/MSG_TLS_2CEDF28E.out, proofs/SIG_TLS_2CEDF28E.out and proofs/PK_TLS_2CEDF28E.der
Signature verification succeeds
[TLS] Server time: 1619783112
[TLS] client_random  (32): 39E0CD22A97A68E442C448398F926BFB95887A47D64B31B6884450F6E51F14C7
[TLS] sign_hash (32): 47FA93387395AD4263DFCF7E24CAC6F47033590F52003CA6F3A532439AE6A4D6
[TLS] Written transcript to proofs/MSG_TLS_39E0CD22.out, proofs/SIG_TLS_39E0CD22.out and proofs/PK_TLS_39E0CD22.der
Signature verification succeeds
[TLS] Server time: 1619783112
[TLS] client_random  (32): 5322D90A8636F99A717177FB9C5A941E7F50554DFEC38E59E82A617EEDF18EAF
[TLS] sign_hash (32): C9CB8842E854BD2D82DAA51BDB45E43EA90908E7EEA9A222F6B7F3B15B297759
[TLS] Written transcript to proofs/MSG_TLS_5322D90A.out, proofs/SIG_TLS_5322D90A.out and proofs/PK_TLS_5322D90A.der
Signature verification succeeds
[TLS] Server time: 1619783112
[TLS] client_random  (32): 241C49F94784B62C3C47E0610C69EC6F84E4DEBCE35023227DE23D51F04BD856
[TLS] sign_hash (32): 66CFA394DACEC4E8DD5FFC26E3A8A7BC472085BD75DD4C3F8E5F593EC94B4480
[TLS] Written transcript to proofs/MSG_TLS_241C49F9.out, proofs/SIG_TLS_241C49F9.out and proofs/PK_TLS_241C49F9.der
Signature verification succeeds
[TLS] Server time: 1619783112
[TLS] client_random  (32): FA5AB010AE83430DB25D32A5C1445A7BCB319BA5145741554B59CDFDF722F7F7
[TLS] sign_hash (32): F5DB9B09DC57E257A0715FA4EF3B370EE9D06233E84FCC6C1BCB5791BE05D639
[TLS] Written transcript to proofs/MSG_TLS_FA5AB010.out, proofs/SIG_TLS_FA5AB010.out and proofs/PK_TLS_FA5AB010.der
Signature verification succeeds
[TLS] Server time: 1619783112
[TLS] client_random  (32): 5EF760863F869FB16F0B733F74971C5F437E6C7B8CA9EE35E6C8879CD61DFC62
[TLS] sign_hash (32): 0A4492576B5F3FC8A0F1857BA82AC16F259F27DF01E8628BA83BFF38BD147FDD
[TLS] Written transcript to proofs/MSG_TLS_5EF76086.out, proofs/SIG_TLS_5EF76086.out and proofs/PK_TLS_5EF76086.der
Signature verification succeeds
[TLS] Server time: 1619783112
[TLS] client_random  (32): 51618DF6E353E931B2F6501EC7FDFA37054F2DDD8134EFD9675CB9329EC50F11
[TLS] sign_hash (32): 318914F982EF31D106A770C073D4147C63546D345E55714316E0BE81E9B13FC3
[TLS] Written transcript to proofs/MSG_TLS_51618DF6.out, proofs/SIG_TLS_51618DF6.out and proofs/PK_TLS_51618DF6.der
Signature verification succeeds
[TLS] Server time: 1619783112
[TLS] client_random  (32): E782AD41F66C70F92A9C8B725437D02094A37325B6F22A6B716F2016D3732389
[TLS] sign_hash (32): 68BC7BE154A0FF8DC5966DBDA4E3F3EB7D1EBA3F0C793A84E3C8D541D491C5DA
[TLS] Written transcript to proofs/MSG_TLS_E782AD41.out, proofs/SIG_TLS_E782AD41.out and proofs/PK_TLS_E782AD41.der
Signature verification succeeds
[TLS] Server time: 1619783112
[TLS] client_random  (32): 40A5F1B47B33248E4B08EC969AAD5C1B1892EEAA3F3FB7C4E9AE0DA3178163E3
[TLS] sign_hash (32): 63C072723DA48A4A3FC347ADC2734586D9B80CCF01F0D6D96E7A2E0A11D5E9C0
[TLS] Written transcript to proofs/MSG_TLS_40A5F1B4.out, proofs/SIG_TLS_40A5F1B4.out and proofs/PK_TLS_40A5F1B4.der
Signature verification succeeds
[TLS] Server time: 1619783112
[TLS] client_random  (32): 962142B5F3937FE5640F9F6879230C4629309D7752988BB311205CF098AE21BB
[TLS] sign_hash (32): 46B7A7FA286436C3416DA00C958411F261996E52CA73113E5A08F4E5B947AB6C
[TLS] Written transcript to proofs/MSG_TLS_962142B5.out, proofs/SIG_TLS_962142B5.out and proofs/PK_TLS_962142B5.der
Signature verification succeeds
[TLS] Server time: 1619783112
[TLS] client_random  (32): 4ED0A52EC54D2E73CBA3E98CBB8579E0B86C7C6469636C6B3DC8C3762A956371
[TLS] sign_hash (32): 3E0423E2C79F3B033D16E0F14EFF96FBCBDE02D022E5F7AA92B0B492413FBC32
[TLS] Written transcript to proofs/MSG_TLS_4ED0A52E.out, proofs/SIG_TLS_4ED0A52E.out and proofs/PK_TLS_4ED0A52E.der
Signature verification succeeds
[TLS] Server time: 1619783112
[TLS] client_random  (32): 32E9FB0196C58180CE1DBFDFDE7A2F19C34D7CDF9243715299BD27587BABA28A
[TLS] sign_hash (32): B354488DF6D71C3A14E44A72EB3F30498B1847E14B8259BEB0630A329CCB2C2D
[TLS] Written transcript to proofs/MSG_TLS_32E9FB01.out, proofs/SIG_TLS_32E9FB01.out and proofs/PK_TLS_32E9FB01.der
Signature verification succeeds
[TLS] Server time: 1619783112
[TLS] client_random  (32): 0B87B2011E6C12F7E68C2BA68F1D4CDC2A73384CE672615D2383F86864C0E5CC
[TLS] sign_hash (32): 60E1B4BF2EB96153F04F7194BC6C3D03D8AD9CE394AA8416F72B7544BE4C9311
[TLS] Written transcript to proofs/MSG_TLS_0B87B201.out, proofs/SIG_TLS_0B87B201.out and proofs/PK_TLS_0B87B201.der
Signature verification succeeds
[TLS] Server time: 1619783112
[TLS] client_random  (32): D0154081FA3074153A5E5753C51E2A76A883630968E816B2F567420677098A39
[TLS] sign_hash (32): 0DE33B56E164A2F8AFB6989458F791FA77FB945E1379F8C4FCE012062FDF09AB
[TLS] Written transcript to proofs/MSG_TLS_D0154081.out, proofs/SIG_TLS_D0154081.out and proofs/PK_TLS_D0154081.der
Signature verification succeeds
[TLS] Server time: 1619783112
[TLS] client_random  (32): 77C070A01B4EE7E72CBAFEB017CC5B83959E2C3E66527CD02068F660F2A35BDF
[TLS] sign_hash (32): 074B491172C6978B0D7AF4DD676F6D2F61A951480AED3B44986C8017ADB2A006
[TLS] Written transcript to proofs/MSG_TLS_77C070A0.out, proofs/SIG_TLS_77C070A0.out and proofs/PK_TLS_77C070A0.der
Signature verification succeeds
[TLS] Server time: 1619783112
[TLS] client_random  (32): 1C817C1AA474D1F411C25C39B1264BF1F2CFB0EBD0DA34DBA6EB24B0D78B2343
[TLS] sign_hash (32): B3ABE92CED6C491C80AECB87206F322449A01258EC2D13990132EBDFCF4C7185
[TLS] Written transcript to proofs/MSG_TLS_1C817C1A.out, proofs/SIG_TLS_1C817C1A.out and proofs/PK_TLS_1C817C1A.der
Signature verification succeeds
[TLS] Server time: 1619783112
[TLS] client_random  (32): 81E6491C7894053DE2D3C4E8F31373C7DE6EACBF979ED854DD18E1F7B1BE31DC
[TLS] sign_hash (32): 3A04C2A7991DF0B2BF56F85F118D859A285B52E8DB36A0AEA9757FB5F9677707
[TLS] Written transcript to proofs/MSG_TLS_81E6491C.out, proofs/SIG_TLS_81E6491C.out and proofs/PK_TLS_81E6491C.der
Signature verification succeeds
[TLS] Server time: 1619783112
[TLS] client_random  (32): CD8EAEC574995EB0D1E1B2F217DAF37729BBE77FC4D377CCD0A12F4712D26760
[TLS] sign_hash (32): C70F1E7D2CAC5DCC8191C4A27DCEFE5B107A6E39F9BE0ACF2C4B8BBD995CEFEA
[TLS] Written transcript to proofs/MSG_TLS_CD8EAEC5.out, proofs/SIG_TLS_CD8EAEC5.out and proofs/PK_TLS_CD8EAEC5.der
Signature verification succeeds
[TLS] Server time: 1619783112
[TLS] client_random  (32): E81C83D3B8ABB85EF580114A0F21D6059C0DB814153EB8605779D826F88AC669
[TLS] sign_hash (32): EC15FAB73B53342907E3F8ABC8E6B9D9BC177B0601E61D4ECE9F189063F5FBF0
[TLS] Written transcript to proofs/MSG_TLS_E81C83D3.out, proofs/SIG_TLS_E81C83D3.out and proofs/PK_TLS_E81C83D3.der
Signature verification succeeds
[TLS] Server time: 1619783112
[TLS] client_random  (32): 0F841FE8C6F8F0BBE00D275EBFC64FBBBDCAD5D7136FBF136FF4CC406B3DA0A1
[TLS] sign_hash (32): 4A7840088C591B83FB9FD8A9B664D4048BA37EE88B61B24FA2AFF8BB3003CEC5
[TLS] Written transcript to proofs/MSG_TLS_0F841FE8.out, proofs/SIG_TLS_0F841FE8.out and proofs/PK_TLS_0F841FE8.der
Signature verification succeeds
[TLS] Server time: 1619783112
[TLS] client_random  (32): 18FE61821FF1C1AC95C6B4A36B6577CFDAE90BD0DF0581BBA90770AFDF38C58C
[TLS] sign_hash (32): E34AA8B469BEE889B0823E72561F19299D91710134903DC3572442798B4A087A
[TLS] Written transcript to proofs/MSG_TLS_18FE6182.out, proofs/SIG_TLS_18FE6182.out and proofs/PK_TLS_18FE6182.der
Signature verification succeeds
[TLS] Server time: 1619783112
[TLS] client_random  (32): D9C08651DCE40CFF5DA43914A3415F8CC9D42A7330D24A0CF4582546FF5A8EBD
[TLS] sign_hash (32): B1D694962EE8D86E5543E429F2A74DD4E7433DC6391858A07E47A91601876B9B
[TLS] Written transcript to proofs/MSG_TLS_D9C08651.out, proofs/SIG_TLS_D9C08651.out and proofs/PK_TLS_D9C08651.der
Signature verification succeeds
[TLS] Server time: 1619783112
[TLS] client_random  (32): 1573C5F9041944EEDA84519D753FBC7F98612CFAF57D2CF10175EE7C11AEFA36
[TLS] sign_hash (32): 0357800164C26A14D75CED6EB7A8586B208663E93B893D479C68C4C29534482A
[TLS] Written transcript to proofs/MSG_TLS_1573C5F9.out, proofs/SIG_TLS_1573C5F9.out and proofs/PK_TLS_1573C5F9.der
Signature verification succeeds
[TLS] Server time: 1619783112
[TLS] client_random  (32): 02AFFE1F8A1EA34BEF738FEA1DDC8CE9C192AB74F15B2274A9D41BD441CE89BE
[TLS] sign_hash (32): EA7D07B304CA9AB51FD3896B9E37C34363545D8A34D6EC156B3C83872D7AF99C
[TLS] Written transcript to proofs/MSG_TLS_02AFFE1F.out, proofs/SIG_TLS_02AFFE1F.out and proofs/PK_TLS_02AFFE1F.der
Signature verification succeeds
[TLS] Server time: 1619783112
[TLS] client_random  (32): 8D4C3C1ED5EAFB31FB20325E63E54CFF12FD0B0BB59795701C02A3F66B006DE4
[TLS] sign_hash (32): 61A1B6B98BE039EF3AF9E4C22B39AA5C9DD371F05504AF99E340D8C8A994E31A
[TLS] Written transcript to proofs/MSG_TLS_8D4C3C1E.out, proofs/SIG_TLS_8D4C3C1E.out and proofs/PK_TLS_8D4C3C1E.der
Signature verification succeeds
[TLS] Server time: 1619783112
[TLS] client_random  (32): C978BE1F4AD3AA8543D474F5AC744233ABB666E550189D108BEF745FB08CEFE4
[TLS] sign_hash (32): 95300A6C8A5B79BE888FBC197C47FA127FD1B4FAA90C828EC5B093714D81E0D3
[TLS] Written transcript to proofs/MSG_TLS_C978BE1F.out, proofs/SIG_TLS_C978BE1F.out and proofs/PK_TLS_C978BE1F.der
Signature verification succeeds
[TLS] Server time: 1619783112
[TLS] client_random  (32): D65AC694B1FA6793193CB486AF0935BA0D45C7D88703BBF5CBC6E3D3D9EFCDF9
[TLS] sign_hash (32): E1A9001BF880E314AF5C249E1FC9CCE8BFFF89734BB3D31A679E232855F4D4D8
[TLS] Written transcript to proofs/MSG_TLS_D65AC694.out, proofs/SIG_TLS_D65AC694.out and proofs/PK_TLS_D65AC694.der
Signature verification succeeds
[TLS] Server time: 1619783112
[TLS] client_random  (32): 4730987683D613091F5FB1AF49275FC8AC8C98AB182FB7C3928D548BCEB5A726
[TLS] sign_hash (32): 2F126B1F0237DD7A6F8CE605B2AE83CBA20F01982DCEBD8FD3C1AA6A6074DF76
[TLS] Written transcript to proofs/MSG_TLS_47309876.out, proofs/SIG_TLS_47309876.out and proofs/PK_TLS_47309876.der
Signature verification succeeds
[TLS] Server time: 1619783112
[TLS] client_random  (32): A6C35EE1CB5A49512D0019663E8F991ECFCE3A98EB15318EDA6D5BD2B8417643
[TLS] sign_hash (32): 94A8F3ECC4858223BB55F3C68221F87B28D9AE2E629606C41AD6B008C6F8BB62
[TLS] Written transcript to proofs/MSG_TLS_A6C35EE1.out, proofs/SIG_TLS_A6C35EE1.out and proofs/PK_TLS_A6C35EE1.der
Signature verification succeeds
[TLS] Server time: 1619783112
[TLS] client_random  (32): 9484E8FC6FE000BBB9573F582962287FEEA4BBFD5C937197864131A2C0EC8226
[TLS] sign_hash (32): 8AD870B8BD253F4F551625A888EBD772B1822CB5FF555C8E81D4C7EBAE4E2357
[TLS] Written transcript to proofs/MSG_TLS_9484E8FC.out, proofs/SIG_TLS_9484E8FC.out and proofs/PK_TLS_9484E8FC.der
Signature verification succeeds
[TLS] Server time: 1619783112
[TLS] client_random  (32): 0D93E3A330C3E3CEC27FA4BE594486CEE2BD28692907D499A4B291884B17A898
[TLS] sign_hash (32): D10F6A052C35F8F28F5942B26C1F353BFBF19A958FFD87B9B10F3E6B732930CB
[TLS] Written transcript to proofs/MSG_TLS_0D93E3A3.out, proofs/SIG_TLS_0D93E3A3.out and proofs/PK_TLS_0D93E3A3.der
Signature verification succeeds
[TLS] Server time: 1619783112
[TLS] client_random  (32): 026D32AEB940F151135A593F96D114197687D5673D9F93BF8EEA27B54CB00FD7
[TLS] sign_hash (32): 80CCC93F9A83A09328746EF4303A0CC5FF6F1C71595524EFCE61EE9C3FDFFE22
[TLS] Written transcript to proofs/MSG_TLS_026D32AE.out, proofs/SIG_TLS_026D32AE.out and proofs/PK_TLS_026D32AE.der
Signature verification succeeds
[TLS] Server time: 1619783112
[TLS] client_random  (32): 909E716DDE3D67790AC0C95792FC18752B75A5EB892F1538EBA813761A5BBE47
[TLS] sign_hash (32): 41B26F25ED04ECFB768E74008E2F5524E573B3DB74A44CCA0CC8A28E3E797CD7
[TLS] Written transcript to proofs/MSG_TLS_909E716D.out, proofs/SIG_TLS_909E716D.out and proofs/PK_TLS_909E716D.der
Signature verification succeeds
[TLS] Server time: 1619783112
[TLS] client_random  (32): D0107EFC71D404F40ED983064836C103608EE079AE7C4BD28D6F02C21C696407
[TLS] sign_hash (32): 013A4A9C830E30DEBCF90BA8D376DBFD9CB8213EE1E1D9BEC0D6F1FA51AF33D3
[TLS] Written transcript to proofs/MSG_TLS_D0107EFC.out, proofs/SIG_TLS_D0107EFC.out and proofs/PK_TLS_D0107EFC.der
Signature verification succeeds
[TLS] Server time: 1619783112
[TLS] client_random  (32): CB018508D815F97134713FD459F2F911206D68BFE5609A516426C5750E0F7547
[TLS] sign_hash (32): 00EBFA44616354620D1410CCBAB260C8B39279BE1B8D878A3B481DD1DAE63FCE
[TLS] Written transcript to proofs/MSG_TLS_CB018508.out, proofs/SIG_TLS_CB018508.out and proofs/PK_TLS_CB018508.der
Signature verification succeeds
[TLS] Server time: 1619783112
[TLS] client_random  (32): 89CD2FE69B909D4F5294DE98924355C01DD774940251F6F80B45216641D986DE
[TLS] sign_hash (32): 418E6CF9E0FA0031CD44F2226F33A8948B27A2B8C4392946AA61DF229E3579B0
[TLS] Written transcript to proofs/MSG_TLS_89CD2FE6.out, proofs/SIG_TLS_89CD2FE6.out and proofs/PK_TLS_89CD2FE6.der
Signature verification succeeds
[TLS] Server time: 1619783112
[TLS] client_random  (32): A5DCBD956AAD52B91F05C9121246E6CB8FDDD0CE92424B2BAA5521D74DF8DFD2
[TLS] sign_hash (32): 75A4ED9604E0231D8B7B8533A45FB921254D25B91BB19311BD614140D5B29E6C
[TLS] Written transcript to proofs/MSG_TLS_A5DCBD95.out, proofs/SIG_TLS_A5DCBD95.out and proofs/PK_TLS_A5DCBD95.der
Signature verification succeeds
[TLS] Server time: 1619783112
[TLS] client_random  (32): 932B256729A4B0D995841FFF9AD8050A2F503869124EB561BE23BB3E166161D0
[TLS] sign_hash (32): 92437B032A3171E8B1CF020F395E70DF71C85EF12A79967865A92959FC011C99
[TLS] Written transcript to proofs/MSG_TLS_932B2567.out, proofs/SIG_TLS_932B2567.out and proofs/PK_TLS_932B2567.der
Signature verification succeeds
[TLS] Server time: 1619783112
[TLS] client_random  (32): 445DD154C573CFDE7A66A2384E23D55B3635C1F76FF0E2557EC445161CC59A33
[TLS] sign_hash (32): 374CBD34BB01E302462A6CBBD817B625D289FD9FF0BBF55364E7F3CBBCEBDEC3
[TLS] Written transcript to proofs/MSG_TLS_445DD154.out, proofs/SIG_TLS_445DD154.out and proofs/PK_TLS_445DD154.der
Signature verification succeeds
[TLS] Server time: 1619783112
[TLS] client_random  (32): 39880836D3ECA4294BA6071946A859E0A0384E6FC62B9BDB63A07448D301D5B1
[TLS] sign_hash (32): AA8576F39A9F4DB589548B1800D49445761D4DA556A461E16E1006B727F50BE1
[TLS] Written transcript to proofs/MSG_TLS_39880836.out, proofs/SIG_TLS_39880836.out and proofs/PK_TLS_39880836.der
Signature verification succeeds
[TLS] Server time: 1619783112
[TLS] client_random  (32): 868BF27856DC86190C8DE2CC2F8BA94C19A95C4FECDBA37873870002BD5A8607
[TLS] sign_hash (32): 64A8527BC6B3252B441D9863ED3A7FFF07EC54783AD29EB05E819E6F27A475A6
[TLS] Written transcript to proofs/MSG_TLS_868BF278.out, proofs/SIG_TLS_868BF278.out and proofs/PK_TLS_868BF278.der
Signature verification succeeds
[TLS] Server time: 1619783112
[TLS] client_random  (32): 3EED21B2B2F14E613EA76BD13F4BBCBC2F21A61A680ECD78B166249BD054F504
[TLS] sign_hash (32): 42B0AA4F6A92D4FABE1EB91E989DC05CEDA3040EF7B973150FD30A4092C9EEB2
[TLS] Written transcript to proofs/MSG_TLS_3EED21B2.out, proofs/SIG_TLS_3EED21B2.out and proofs/PK_TLS_3EED21B2.der
Signature verification succeeds
[TLS] Server time: 1619783112
[TLS] client_random  (32): 293EA85DE55E53B1CC8300864EFE7FF9EDBD0AA241FCC4B90618AC00EBF60995
[TLS] sign_hash (32): E8400BE7CD628AA3C47364644B7C822CF60C43FC2A2D3A06D469ADA2A4F101E0
[TLS] Written transcript to proofs/MSG_TLS_293EA85D.out, proofs/SIG_TLS_293EA85D.out and proofs/PK_TLS_293EA85D.der
Signature verification succeeds
[TLS] Server time: 1619783113
[TLS] client_random  (32): F039A4FE1C61C51319A23EDB3F0209E4F9F901B87E8383A0496B778604CAFC0E
[TLS] sign_hash (32): 756DAC4041D992D263753A539E557D3C98E8B70465633F1BB50402552C83A769
[TLS] Written transcript to proofs/MSG_TLS_F039A4FE.out, proofs/SIG_TLS_F039A4FE.out and proofs/PK_TLS_F039A4FE.der
Signature verification succeeds
[TLS] Server time: 1619783113
[TLS] client_random  (32): 3FDDE5D8B8021ED963ADE0A1F294C0A7E719472AA844F0D6C4D1F93E91B2E953
[TLS] sign_hash (32): 374EF9A0843D36633E4FB05968E759728FFAA4E0E57246ECC0BE1342BD92BCE5
[TLS] Written transcript to proofs/MSG_TLS_3FDDE5D8.out, proofs/SIG_TLS_3FDDE5D8.out and proofs/PK_TLS_3FDDE5D8.der
Signature verification succeeds
[TLS] Server time: 1619783113
[TLS] client_random  (32): FF9C6A1BD6126C4AD50045A37D9DA038431152FDB88F0154BC2B3D06F0DCBD1D
[TLS] sign_hash (32): 0316152F50F813969F5A59E3B1B4A6A44F26464EB66798D7C5A239F4B446725D
[TLS] Written transcript to proofs/MSG_TLS_FF9C6A1B.out, proofs/SIG_TLS_FF9C6A1B.out and proofs/PK_TLS_FF9C6A1B.der
Signature verification succeeds
[TLS] Server time: 1619783113
[TLS] client_random  (32): 202AB5A99F173999DC78EEDCDE6779B32E3CCF8A13EBBA73F27993C7179C17C3
[TLS] sign_hash (32): 5AC8049F42026F28694C2494180C51DD064BC6B1339EDF4B6F9D88F4A1016F59
[TLS] Written transcript to proofs/MSG_TLS_202AB5A9.out, proofs/SIG_TLS_202AB5A9.out and proofs/PK_TLS_202AB5A9.der
Signature verification succeeds
[TLS] Server time: 1619783113
[TLS] client_random  (32): FE2337302D4ED32A3B5B36E90E2435D34B4D1465322A82995702C740639370BD
[TLS] sign_hash (32): E6EC504613B928550D96B1218DE4C7BA124B61257D63D10C10A2D1F2BDEF837F
[TLS] Written transcript to proofs/MSG_TLS_FE233730.out, proofs/SIG_TLS_FE233730.out and proofs/PK_TLS_FE233730.der
Signature verification succeeds
[TLS] Server time: 1619783113
[TLS] client_random  (32): 7BBBC1FA5BFE37E6A18F564C7E96C03B8EA56ED55D02C7AB45B35ED7D61A89FB
[TLS] sign_hash (32): AF8C1875B6A24C8868344512BA25DA958AE9C28316AC8C7F84FA7E84EAD2A66C
[TLS] Written transcript to proofs/MSG_TLS_7BBBC1FA.out, proofs/SIG_TLS_7BBBC1FA.out and proofs/PK_TLS_7BBBC1FA.der
Signature verification succeeds
[TLS] Server time: 1619783113
[TLS] client_random  (32): EF6D4FC087D80243162D62A218019E01CB844E7424D3D7FBD571610BDE360449
[TLS] sign_hash (32): 1E34158852655A81C2868087B7D01175BAB57939A2C5758BB5754C26F89532E7
[TLS] Written transcript to proofs/MSG_TLS_EF6D4FC0.out, proofs/SIG_TLS_EF6D4FC0.out and proofs/PK_TLS_EF6D4FC0.der
Signature verification succeeds
[TLS] Server time: 1619783113
[TLS] client_random  (32): 17C50D728814C9463635DC90671373AAA3D7FFD4F3D12B46847045DE1C48EE80
[TLS] sign_hash (32): B1906049724E4ECE99F71552D932A0CA714E0121C4B24A915C334D54AAAED1BF
[TLS] Written transcript to proofs/MSG_TLS_17C50D72.out, proofs/SIG_TLS_17C50D72.out and proofs/PK_TLS_17C50D72.der
Signature verification succeeds
[TLS] Server time: 1619783113
[TLS] client_random  (32): BD8B895454E401DB959CE1E29DF7ED0D51642F8817772F7F017848FB324441AE
[TLS] sign_hash (32): 0B5D81362EB4C9581D81781779A9DFC8D468B02078EC7A6B9738EE4775BC3FAF
[TLS] Written transcript to proofs/MSG_TLS_BD8B8954.out, proofs/SIG_TLS_BD8B8954.out and proofs/PK_TLS_BD8B8954.der
Signature verification succeeds
[TLS] Server time: 1619783113
[TLS] client_random  (32): 05C8AA8DC873761319C81C53575B3AC24CD3DDE5B935307AE35F359110576EB9
[TLS] sign_hash (32): E39712397F38AA787EC7EF2CFF06A7B733204E4C428270298546ED294DAEBF13
[TLS] Written transcript to proofs/MSG_TLS_05C8AA8D.out, proofs/SIG_TLS_05C8AA8D.out and proofs/PK_TLS_05C8AA8D.der
Signature verification succeeds
[TLS] Server time: 1619783113
[TLS] client_random  (32): 2EC87A629B4691C79C39B8F4452EC32CD9CD40A20581B053D8DFAD760F67523B
[TLS] sign_hash (32): 536E02819B2D77610AAF0530D99118F33B51F282F8B59436B0C9D317C408FBCA
[TLS] Written transcript to proofs/MSG_TLS_2EC87A62.out, proofs/SIG_TLS_2EC87A62.out and proofs/PK_TLS_2EC87A62.der
Signature verification succeeds
[TLS] Server time: 1619783113
[TLS] client_random  (32): 36CE92AD2492274A39E7E52070CD1C3AB358DE85B47CE0D8B9AE887E2E411EE8
[TLS] sign_hash (32): 38629523B6ECC6A2046314FBB6EDFE604AE9EB22DC50EFF5B5CB7EA64D7E853A
[TLS] Written transcript to proofs/MSG_TLS_36CE92AD.out, proofs/SIG_TLS_36CE92AD.out and proofs/PK_TLS_36CE92AD.der
Signature verification succeeds
[TLS] Server time: 1619783113
[TLS] client_random  (32): EA18AA197FBEB1E7703219A1463568E5CDF5B86C5B3DC3E8FBC5777DB2CEFE87
[TLS] sign_hash (32): 310A0A9AEA00DC022A61B1693049E7E6DC2E447953E5C9EDFF7B592993942B74
[TLS] Written transcript to proofs/MSG_TLS_EA18AA19.out, proofs/SIG_TLS_EA18AA19.out and proofs/PK_TLS_EA18AA19.der
Signature verification succeeds
[TLS] Server time: 1619783113
[TLS] client_random  (32): 5AC07FC82BF3BB13B3A3924A9EF27E33FEB2AD26091DAFC34745C37D4C22351D
[TLS] sign_hash (32): 80363EDBEBA8684FAC0199A452BA02BE49451E530801485C9A807A4F7A882945
[TLS] Written transcript to proofs/MSG_TLS_5AC07FC8.out, proofs/SIG_TLS_5AC07FC8.out and proofs/PK_TLS_5AC07FC8.der
Signature verification succeeds
[TLS] Server time: 1619783113
[TLS] client_random  (32): 7E204AE808BD1AC12D2302E5B0BE3843621C8E8DD61A4FDEAA9D0C4D88031F04
[TLS] sign_hash (32): 4A4F11AB5C3079E7FBE963E9809F5C850021E95230C57F0955CC4A9FB3D4C9B7
[TLS] Written transcript to proofs/MSG_TLS_7E204AE8.out, proofs/SIG_TLS_7E204AE8.out and proofs/PK_TLS_7E204AE8.der
Signature verification succeeds
[TLS] Server time: 1619783113
[TLS] client_random  (32): 3706DB5E526BF7BCE8D5AD2612842FACD9F27B2D0816DF0A28FCA403EB302014
[TLS] sign_hash (32): F698C6FE043DA7A0D200432FBB0457E6E66B707DDCB0D06CEE0B479EA1C177F5
[TLS] Written transcript to proofs/MSG_TLS_3706DB5E.out, proofs/SIG_TLS_3706DB5E.out and proofs/PK_TLS_3706DB5E.der
Signature verification succeeds
[TLS] Server time: 1619783113
[TLS] client_random  (32): 0A1E8CC5E7FA0BFD2D231731644F4338AF1D9F0A1E205C644E27A02E1F1998FD
[TLS] sign_hash (32): F63518C0FFBA377C18F30CDD9001A71803A61BB2C028753B80DFC7AE15DE2303
[TLS] Written transcript to proofs/MSG_TLS_0A1E8CC5.out, proofs/SIG_TLS_0A1E8CC5.out and proofs/PK_TLS_0A1E8CC5.der
Signature verification succeeds
[TLS] Server time: 1619783113
[TLS] client_random  (32): 539353CA176B3A652B1E0827879B993F8245BB419DA11BA93C079C49B5EC799C
[TLS] sign_hash (32): A24F03CE06560A022453D660651340D25EA90D1119D4C2299E12AFE89ACFA798
[TLS] Written transcript to proofs/MSG_TLS_539353CA.out, proofs/SIG_TLS_539353CA.out and proofs/PK_TLS_539353CA.der
Signature verification succeeds
[TLS] Server time: 1619783113
[TLS] client_random  (32): D38A0B50CEBC4D6FAC70C39B36593D4D50062C78F597E4AC96187B8024DE78B4
[TLS] sign_hash (32): C7D3497B9A3AC72C84FFC07019D3FD6CECD2B2B7C11F020894638CAD384DFB12
[TLS] Written transcript to proofs/MSG_TLS_D38A0B50.out, proofs/SIG_TLS_D38A0B50.out and proofs/PK_TLS_D38A0B50.der
Signature verification succeeds
[TLS] Server time: 1619783113
[TLS] client_random  (32): 8B5D8F9F1F7DC70749AE4AE9F174E1FEB7849591CEA63EEA9CAF65DC5DF1D8C9
[TLS] sign_hash (32): E32CA0038E42B894FAB215BF84F2FCF4EB30427CEB12D2144B68D6820457F337
[TLS] Written transcript to proofs/MSG_TLS_8B5D8F9F.out, proofs/SIG_TLS_8B5D8F9F.out and proofs/PK_TLS_8B5D8F9F.der
Signature verification succeeds
[TLS] Server time: 1619783113
[TLS] client_random  (32): 7E22353306AB7621566E83E83A93FEF7454F8744A32412B3C9141AD7BF788925
[TLS] sign_hash (32): 558BEE750EA20036A6209F662072C073EBAFB6E1DF6E1B6D69008A647EA6509D
[TLS] Written transcript to proofs/MSG_TLS_7E223533.out, proofs/SIG_TLS_7E223533.out and proofs/PK_TLS_7E223533.der
Signature verification succeeds
[TLS] Server time: 1619783113
[TLS] client_random  (32): 1BADB2CE97A564930608DCE12C3CD5D1102C1A8CB912124BCE70DC1ACF965DE6
[TLS] sign_hash (32): F17F057424997DC75C1861683F61E91EC93B5A827886FBC4B9A396B82E7E9A6C
[TLS] Written transcript to proofs/MSG_TLS_1BADB2CE.out, proofs/SIG_TLS_1BADB2CE.out and proofs/PK_TLS_1BADB2CE.der
Signature verification succeeds
[TLS] Server time: 1619783113
[TLS] client_random  (32): 2B067639F23E27C4F8FE94AAA25856FBFA16B79C5AB35068BF10F8480136ECFA
[TLS] sign_hash (32): 2CF0AF93C0616EB75BF58F4C7E0575025D7545D71F59180B9AA1A73544938162
[TLS] Written transcript to proofs/MSG_TLS_2B067639.out, proofs/SIG_TLS_2B067639.out and proofs/PK_TLS_2B067639.der
Signature verification succeeds
[TLS] Server time: 1619783113
[TLS] client_random  (32): ABF7EE76467CED92AF01984C643A00774569213BF93C6D1B0B06E42D73AB8CF6
[TLS] sign_hash (32): 176108D7B42E7027B8EBF0E6673CC23424BCD2813909D80D91C3B967B6A3EE22
[TLS] Written transcript to proofs/MSG_TLS_ABF7EE76.out, proofs/SIG_TLS_ABF7EE76.out and proofs/PK_TLS_ABF7EE76.der
Signature verification succeeds
[TLS] Server time: 1619783113
[TLS] client_random  (32): 78BF26761B9459E62BD8E73036C8D434C32B758887D063ADBCD47FC26822CFF7
[TLS] sign_hash (32): CE6B5E3D7720195183CCC335F49873688E50B1366F82A5CD384443D87D79703D
[TLS] Written transcript to proofs/MSG_TLS_78BF2676.out, proofs/SIG_TLS_78BF2676.out and proofs/PK_TLS_78BF2676.der
Signature verification succeeds
[TLS] Server time: 1619783113
[TLS] client_random  (32): CCDB6907606EC1BB2401934B0730273992ED74E89EA1BC0B60866EAD167E3C60
[TLS] sign_hash (32): 180F48B1B386D3FC0764F45045A85991A3EC93095712871226CE817BB5A937BE
[TLS] Written transcript to proofs/MSG_TLS_CCDB6907.out, proofs/SIG_TLS_CCDB6907.out and proofs/PK_TLS_CCDB6907.der
Signature verification succeeds
[TLS] Server time: 1619783113
[TLS] client_random  (32): 3E4F863E70B4E369035FFA9B24340694ED0A9D0785D7B3EBF33071B1C16A1A74
[TLS] sign_hash (32): FCAEF8DE06B5C00BD947945C508966F4792B1360E307FD4DDE685CA4AA69C2A5
[TLS] Written transcript to proofs/MSG_TLS_3E4F863E.out, proofs/SIG_TLS_3E4F863E.out and proofs/PK_TLS_3E4F863E.der
Signature verification succeeds
[TLS] Server time: 1619783113
[TLS] client_random  (32): 94D39C024962F3DBF4FC4119045AB6D8FE9DABE29D99C2CAC3312792BCCF5268
[TLS] sign_hash (32): FBBD4173A58136369EAD93D11FDAA3B74C29CAC58AEAF0EB6549DE1B899DFC72
[TLS] Written transcript to proofs/MSG_TLS_94D39C02.out, proofs/SIG_TLS_94D39C02.out and proofs/PK_TLS_94D39C02.der
Signature verification succeeds
[TLS] Server time: 1619783113
[TLS] client_random  (32): AC34AAC27F1575C15F6FFD412DDC5A6DEB9D831EDCB8EF3104884C072212723C
[TLS] sign_hash (32): 4CB8E6990364CB617DDAF446271DED814EA484472439AD1DC0ED60061B124926
[TLS] Written transcript to proofs/MSG_TLS_AC34AAC2.out, proofs/SIG_TLS_AC34AAC2.out and proofs/PK_TLS_AC34AAC2.der
Signature verification succeeds
[TLS] Server time: 1619783113
[TLS] client_random  (32): DA3D6EC9951F7DE5B0B2CD7C9C17CB36692E17DEED0F96AD59389ACCFE74B27F
[TLS] sign_hash (32): A491DC91B1992240BB7345BB2743EAA4B782857CD40CCD95A85D2B13CE919616
[TLS] Written transcript to proofs/MSG_TLS_DA3D6EC9.out, proofs/SIG_TLS_DA3D6EC9.out and proofs/PK_TLS_DA3D6EC9.der
Signature verification succeeds
Time breakdown (averages): anchor_ping:20.556274 file_read:0.148404 hashing:0.472192
Total time for 99 rounds is 2117.073374ms
Standard deviations: anchor_ping:1.857566 file_read:0.014273 hashing:0.007167
[Client-side ops] mean:0.620597 sd:0.017789
in & out anchor rand written to proofs/phase1.out
     22 [TLS] Server time: 1619783111
     48 [TLS] Server time: 1619783112
     30 [TLS] Server time: 1619783113
Count is 22
Count is 48
Count is 30
success: 1
RESULT: 1 in 2 tries
