TLS anchor: nott.ac.uk
Actual: 48, Set: 99
Beginning execution at Sun May 2 22:45:01 UTC 2021
CONF: anchor:nott.ac.uk fs:1024MB n_rounds:99 seed:5c9f4bf9bbc15bb855f82faedc5a52fc3ab2dfa8ec3ba3ce1b270f31fa0cced2 filename:FILE bs:1024 nops:100 benchmarking:0 anchor_ping:1 queue_depth:32 direct:0
[TLS] Connecting to nott.ac.uk
[TLS] Server time: 1619995502
[TLS] client_random  (32): 5C9F4BF9BBC15BB855F82FAEDC5A52FC3AB2DFA8EC3BA3CE1B270F31FA0CCED2
[TLS] sign_hash (32): 9ED03F4FB9E6489465B8183F85B9A77D17E173C02F08F5E822D29E74FBF35C52
[TLS] Written transcript to proofs/MSG_TLS_5C9F4BF9.out, proofs/SIG_TLS_5C9F4BF9.out and proofs/PK_TLS_5C9F4BF9.der
Signature verification succeeds
[TLS] Server time: 1619995502
[TLS] client_random  (32): 627A5803608E707F320E30A605080B3DB220C5C9DBD68249006DDDF9D572A87B
[TLS] sign_hash (32): 1798EEE8A66D085E4F14AD9C5FB3B81F724F80A74DB719A837AC478D4445BDA9
[TLS] Written transcript to proofs/MSG_TLS_627A5803.out, proofs/SIG_TLS_627A5803.out and proofs/PK_TLS_627A5803.der
Signature verification succeeds
[TLS] Server time: 1619995502
[TLS] client_random  (32): 9C2D246AB43D31BB812967A0B778730ABA78C9D3AC36ED71DA854AF47B6D1451
[TLS] sign_hash (32): FBF2AD08A59955E87B33479BC57F090A6F77243EACF244CBF1080EFD9F4316BD
[TLS] Written transcript to proofs/MSG_TLS_9C2D246A.out, proofs/SIG_TLS_9C2D246A.out and proofs/PK_TLS_9C2D246A.der
Signature verification succeeds
[TLS] Server time: 1619995502
[TLS] client_random  (32): 8E63B364387FB73E60DBC2A17BB5A1369DC66988B6ADC7F849A062FEED1D5E1C
[TLS] sign_hash (32): B80312449747CFC10791F0ECF17794C78B0C3C3341C3AA096B6C1668F29860E8
[TLS] Written transcript to proofs/MSG_TLS_8E63B364.out, proofs/SIG_TLS_8E63B364.out and proofs/PK_TLS_8E63B364.der
Signature verification succeeds
[TLS] Server time: 1619995502
[TLS] client_random  (32): E0FE1977C28FD9C548B369D44F4CC1EDAB36727E1F574A57A372751D73AFA02E
[TLS] sign_hash (32): 034ECEBAF488BA697763CCCA67957EADE4FCE298B97044FDE6F1C3BD1EA9F35E
[TLS] Written transcript to proofs/MSG_TLS_E0FE1977.out, proofs/SIG_TLS_E0FE1977.out and proofs/PK_TLS_E0FE1977.der
Signature verification succeeds
[TLS] Server time: 1619995502
[TLS] client_random  (32): F727CD9AD30728CBA836B8AF284A87D2153D7588DAA291D7881C3B1883A9F2C5
[TLS] sign_hash (32): A1D960A34F0DECB16E3E7E40DD911E59338A102F454A3DA2702D4374AC96BADD
[TLS] Written transcript to proofs/MSG_TLS_F727CD9A.out, proofs/SIG_TLS_F727CD9A.out and proofs/PK_TLS_F727CD9A.der
Signature verification succeeds
[TLS] Server time: 1619995502
[TLS] client_random  (32): 513A35410D4965E162CB30C8530A2C01C2F0AD5E9C825D1AB9373EC3218411CB
[TLS] sign_hash (32): 97EDEB576D3BC97F36D9A92DAB3C45491816AD9AA166BE4B2E38C3B03AA0B7AA
[TLS] Written transcript to proofs/MSG_TLS_513A3541.out, proofs/SIG_TLS_513A3541.out and proofs/PK_TLS_513A3541.der
Signature verification succeeds
[TLS] Server time: 1619995502
[TLS] client_random  (32): 7C4C766FC0D39C97A191FC31F9CF6F95464207556BD4438F021F3D34258AF3FC
[TLS] sign_hash (32): 9CBBB0D477A2E04566A5E169C1457B3D5271C7D973A262A7FB1427E34F0DE364
[TLS] Written transcript to proofs/MSG_TLS_7C4C766F.out, proofs/SIG_TLS_7C4C766F.out and proofs/PK_TLS_7C4C766F.der
Signature verification succeeds
[TLS] Server time: 1619995502
[TLS] client_random  (32): 1E2234602DBBC0DAFAB8368DBE3971325ACF1BEB2EEDCB49AE62CAEE8D4AB39E
[TLS] sign_hash (32): 17C3774DB658EDE6B5790631F2E37C06D542CA98AE4B21EDA18DA664727CD4A2
[TLS] Written transcript to proofs/MSG_TLS_1E223460.out, proofs/SIG_TLS_1E223460.out and proofs/PK_TLS_1E223460.der
Signature verification succeeds
[TLS] Server time: 1619995502
[TLS] client_random  (32): 90F9792AF99295F8B07EBEFCFA85DB4CDF79793921F8D3FC3BCA5E2D15B68BE2
[TLS] sign_hash (32): 47B3D6D954D2CDB753F356A42FA167E7A3805D8C000E5649D9377D4C0C440DE0
[TLS] Written transcript to proofs/MSG_TLS_90F9792A.out, proofs/SIG_TLS_90F9792A.out and proofs/PK_TLS_90F9792A.der
Signature verification succeeds
[TLS] Server time: 1619995502
[TLS] client_random  (32): 8A5B5ABD451BED041C61793D5F3D9C9FC07CD9BE871B6AD0204C420F24CF9FCE
[TLS] sign_hash (32): B422B2493FF713DCFBD0571DB6A6B15DAAB57910832BE1623ACFA0B5FEDA1B78
[TLS] Written transcript to proofs/MSG_TLS_8A5B5ABD.out, proofs/SIG_TLS_8A5B5ABD.out and proofs/PK_TLS_8A5B5ABD.der
Signature verification succeeds
[TLS] Server time: 1619995502
[TLS] client_random  (32): 0BE28DC37F435DDCEA217E7AAB5CE4FAB80B7D0DE23177FF16F9A4416300192C
[TLS] sign_hash (32): 529FD492FF7EDD6E2A84C4B38B27DF537E38BC59FD9B7ACD1FBB1C44BFDF5985
[TLS] Written transcript to proofs/MSG_TLS_0BE28DC3.out, proofs/SIG_TLS_0BE28DC3.out and proofs/PK_TLS_0BE28DC3.der
Signature verification succeeds
[TLS] Server time: 1619995502
[TLS] client_random  (32): 77E6C8DC1DC295CC3BF3BCB398DABF16DBAE6CBC90D02603993FD495D0753021
[TLS] sign_hash (32): 364DDF0568482EDDC270B7D6E4A3226462C3CBBB1B5159733BB91EA9971CD8E7
[TLS] Written transcript to proofs/MSG_TLS_77E6C8DC.out, proofs/SIG_TLS_77E6C8DC.out and proofs/PK_TLS_77E6C8DC.der
Signature verification succeeds
[TLS] Server time: 1619995502
[TLS] client_random  (32): 9D5D91D819D201BF9B48013B8E4BC6607FE69FAEF3B5D7DC37F0A1155B845815
[TLS] sign_hash (32): 8D849A69AB4548AE5F990C887E0D7B3F786C8C13F5EE01D6BBA7EBC521E6725F
[TLS] Written transcript to proofs/MSG_TLS_9D5D91D8.out, proofs/SIG_TLS_9D5D91D8.out and proofs/PK_TLS_9D5D91D8.der
Signature verification succeeds
[TLS] Server time: 1619995502
[TLS] client_random  (32): B126C5206257C863D163A88EACD7802C97EDF61D04026631E7A796B8803D9DBD
[TLS] sign_hash (32): 24AE107D2FD9F85F55D394F8592B0EDF35BF8622DA7788C7485B80DED9D3B75A
[TLS] Written transcript to proofs/MSG_TLS_B126C520.out, proofs/SIG_TLS_B126C520.out and proofs/PK_TLS_B126C520.der
Signature verification succeeds
[TLS] Server time: 1619995502
[TLS] client_random  (32): 8E6D033DC4E46F544B9EA3876BDF8D22F3147FCE6CB9E916E70A69966F3C1E1D
[TLS] sign_hash (32): 370FA8BCFF705E860F833C37B7B6C5DC5B98BAA0988344E5045C71208C9C1F25
[TLS] Written transcript to proofs/MSG_TLS_8E6D033D.out, proofs/SIG_TLS_8E6D033D.out and proofs/PK_TLS_8E6D033D.der
Signature verification succeeds
[TLS] Server time: 1619995502
[TLS] client_random  (32): 7981981C1BFD7A861EE909421D72D58AD794ECEBBA98869FF90200C56030DCED
[TLS] sign_hash (32): 82AE5A1612379D3731A23EB28E43BE3FA983AD228FB4B9D175F1D1C80F3D039A
[TLS] Written transcript to proofs/MSG_TLS_7981981C.out, proofs/SIG_TLS_7981981C.out and proofs/PK_TLS_7981981C.der
Signature verification succeeds
[TLS] Server time: 1619995502
[TLS] client_random  (32): 01A379BB9946D5D087261F8A4BC2E40C634D1E8A6388138A8DA5A54FA751A1B8
[TLS] sign_hash (32): E58513E62C091F38C3C33F0377DA686DFA39C5966818CACF95964456303336C6
[TLS] Written transcript to proofs/MSG_TLS_01A379BB.out, proofs/SIG_TLS_01A379BB.out and proofs/PK_TLS_01A379BB.der
Signature verification succeeds
[TLS] Server time: 1619995502
[TLS] client_random  (32): D7A66B79760996217F1E5F7741F71BD61C8CD215A6EB14075410E9964D300261
[TLS] sign_hash (32): 6191EE7D80839894C00BE87E83787C7F5128F9F7FE0B0ADB1DEB2450F1AD37FA
[TLS] Written transcript to proofs/MSG_TLS_D7A66B79.out, proofs/SIG_TLS_D7A66B79.out and proofs/PK_TLS_D7A66B79.der
Signature verification succeeds
[TLS] Server time: 1619995503
[TLS] client_random  (32): 8C4D549B7F192A372548591772623C7D4853CA4ED553DC2578EFEDD68D36AA39
[TLS] sign_hash (32): 0915865400CB26EC65469A0B5A1694AA237D45D7036B55BD29AC56A0A1B258C1
[TLS] Written transcript to proofs/MSG_TLS_8C4D549B.out, proofs/SIG_TLS_8C4D549B.out and proofs/PK_TLS_8C4D549B.der
Signature verification succeeds
[TLS] Server time: 1619995503
[TLS] client_random  (32): D48D43807DA22AB4EA97292B717A095E748898E049CA90EECC8AC0266044A435
[TLS] sign_hash (32): EB39736AF067644D67CFEB7A198AB6E528A4EDF102E627299B47CA50BF4FABE0
[TLS] Written transcript to proofs/MSG_TLS_D48D4380.out, proofs/SIG_TLS_D48D4380.out and proofs/PK_TLS_D48D4380.der
Signature verification succeeds
[TLS] Server time: 1619995504
[TLS] client_random  (32): 7385C69729E59B5CDAB5503DA2552E0BD7FEEF79DEB1CFE5039AEF76818FB2D6
[TLS] sign_hash (32): E19DF19BCF1E5C66C912E61B843E77EF736468B705CBA76BF5D2F0E43328CBF0
[TLS] Written transcript to proofs/MSG_TLS_7385C697.out, proofs/SIG_TLS_7385C697.out and proofs/PK_TLS_7385C697.der
Signature verification succeeds
[TLS] Server time: 1619995504
[TLS] client_random  (32): AB8DED45DD802B223A8ACB49A52BF6F1F07C2A74EA67F3AF219E1C1182D9E836
[TLS] sign_hash (32): 66E528FB6B281299B7C9AE820E846F8F6E9FEA06F3B954FACD6364B7D39BD09D
[TLS] Written transcript to proofs/MSG_TLS_AB8DED45.out, proofs/SIG_TLS_AB8DED45.out and proofs/PK_TLS_AB8DED45.der
Signature verification succeeds
[TLS] Server time: 1619995505
[TLS] client_random  (32): 61B03D835FD0007638AA1F341D590F79E4C2F309831F6A59DD0AE66628FA7561
[TLS] sign_hash (32): 5754339EF1BDF73D46E79FAFCB5950EBEDDFEBF297421E3F59C57E5CBB773D0B
[TLS] Written transcript to proofs/MSG_TLS_61B03D83.out, proofs/SIG_TLS_61B03D83.out and proofs/PK_TLS_61B03D83.der
Signature verification succeeds
[TLS] Server time: 1619995505
[TLS] client_random  (32): B02FE4E91AD78ED3F6413923239F9C424129F68A110486CE8CABCF6E57EA9C00
[TLS] sign_hash (32): CC0D4CB4E6A016D65B2F5CD053A6A037D494B95D3D5D523F32AC898EDAEE49C0
[TLS] Written transcript to proofs/MSG_TLS_B02FE4E9.out, proofs/SIG_TLS_B02FE4E9.out and proofs/PK_TLS_B02FE4E9.der
Signature verification succeeds
[TLS] Server time: 1619995505
[TLS] client_random  (32): B2709BFF73DC863BA17DAD6CA7C0935AB2192E39CF256E220190EFE50F05F418
[TLS] sign_hash (32): 8DD71961ADF3CBAA9EB690563588B782C1DF1CE326B3C1FD95E1189DAC63DA71
[TLS] Written transcript to proofs/MSG_TLS_B2709BFF.out, proofs/SIG_TLS_B2709BFF.out and proofs/PK_TLS_B2709BFF.der
Signature verification succeeds
[TLS] Server time: 1619995505
[TLS] client_random  (32): 0D78D2F7258FCE029E63E48A501B9012B556B48E6366699B3BC1557CE4D93422
[TLS] sign_hash (32): DC4EEC5A23359241D00EE5DC898D5D8C16D389E8A741549B2F1E2EFB0D5E36FA
[TLS] Written transcript to proofs/MSG_TLS_0D78D2F7.out, proofs/SIG_TLS_0D78D2F7.out and proofs/PK_TLS_0D78D2F7.der
Signature verification succeeds
[TLS] Server time: 1619995506
[TLS] client_random  (32): 24DE1C5FB6244C6A8E048657D8A75028CAE2D48F43343B268DAB5B231796D9B5
[TLS] sign_hash (32): AC408ED82B73B87BA0E036BD9D817B0E02C11CE24E07F46B4044A2F52EE20C3D
[TLS] Written transcript to proofs/MSG_TLS_24DE1C5F.out, proofs/SIG_TLS_24DE1C5F.out and proofs/PK_TLS_24DE1C5F.der
Signature verification succeeds
[TLS] Server time: 1619995506
[TLS] client_random  (32): DB1FA444A0D784C32B87E14910880084BEF4733F31323781940FA04F6D16A7C1
[TLS] sign_hash (32): DD43698DA79DA5F78B1A1F8C9F6E7EF1E09084A8557CC8A3F38975789FFD285E
[TLS] Written transcript to proofs/MSG_TLS_DB1FA444.out, proofs/SIG_TLS_DB1FA444.out and proofs/PK_TLS_DB1FA444.der
Signature verification succeeds
[TLS] Server time: 1619995506
[TLS] client_random  (32): AEC158CF8C15E7CE3B62A4D2AB570ED24E854D0217B08F172E2391870D7040EE
[TLS] sign_hash (32): 3146B8F1DC494AF89CCAEF86EAC2943DE57959462BA64FEA67E2D8D4F6D47F6B
[TLS] Written transcript to proofs/MSG_TLS_AEC158CF.out, proofs/SIG_TLS_AEC158CF.out and proofs/PK_TLS_AEC158CF.der
Signature verification succeeds
[TLS] Server time: 1619995506
[TLS] client_random  (32): 8A810916CA93A078B6044710FFCED7AB7E734EC00AF67CFEAEE8D2D6A9199C10
[TLS] sign_hash (32): EFBF9398CC72B63298524BFA2F4848F8160E42F5C011D506294EC02CA6DD9420
[TLS] Written transcript to proofs/MSG_TLS_8A810916.out, proofs/SIG_TLS_8A810916.out and proofs/PK_TLS_8A810916.der
Signature verification succeeds
[TLS] Server time: 1619995506
[TLS] client_random  (32): B8C36D173114CFE9F7C618C1E59377C1961580D09B13EEA49A75E450E7EEA8CF
[TLS] sign_hash (32): 4D5D25A7E22F00D019B077417F99DC3436FC2105D473ECB99173FA8BEB6E689C
[TLS] Written transcript to proofs/MSG_TLS_B8C36D17.out, proofs/SIG_TLS_B8C36D17.out and proofs/PK_TLS_B8C36D17.der
Signature verification succeeds
[TLS] Server time: 1619995506
[TLS] client_random  (32): EE3B30F8FED49F0A774570E8AA9657F564B16E7E3D1BCDBF204F23A0405CCDE4
[TLS] sign_hash (32): B694DA2B34B761EDF123F9F421F047B9F334CB82D1494D752DBF166AA6CF4EC5
[TLS] Written transcript to proofs/MSG_TLS_EE3B30F8.out, proofs/SIG_TLS_EE3B30F8.out and proofs/PK_TLS_EE3B30F8.der
Signature verification succeeds
[TLS] Server time: 1619995506
[TLS] client_random  (32): D24DC8A8F902AFE20450A8E86D7A53B951AF34C43243CDC144E51922E804CAB4
[TLS] sign_hash (32): F7AD0665A2E01EC05BFFF6846A0D564B7DF682F79966741E2329CE1A0CB06F8B
[TLS] Written transcript to proofs/MSG_TLS_D24DC8A8.out, proofs/SIG_TLS_D24DC8A8.out and proofs/PK_TLS_D24DC8A8.der
Signature verification succeeds
[TLS] Server time: 1619995506
[TLS] client_random  (32): 0F2F4F6A995D20C409EA7A212DABAD066AA6D7E709A6276787306486C74B914B
[TLS] sign_hash (32): E6DB61BE7C6391C4ECA6E02DF3F9646A60E23118BB647D237F64A4A8CBA5BBF8
[TLS] Written transcript to proofs/MSG_TLS_0F2F4F6A.out, proofs/SIG_TLS_0F2F4F6A.out and proofs/PK_TLS_0F2F4F6A.der
Signature verification succeeds
[TLS] Server time: 1619995507
[TLS] client_random  (32): 1F38A3C20018EEDBFFF0EB0085911A0799C89F8FFAD7F8150793680D4DEA5AB0
[TLS] sign_hash (32): 3C3C37855197FA0EF89C87E4404F80D20BDC063779D6667C5F429148426DE46D
[TLS] Written transcript to proofs/MSG_TLS_1F38A3C2.out, proofs/SIG_TLS_1F38A3C2.out and proofs/PK_TLS_1F38A3C2.der
Signature verification succeeds
[TLS] Server time: 1619995507
[TLS] client_random  (32): C74C5E5649E92F5D634E0CE65E5DA4E8CD1EE574EB4B9FF9710D1CC9463BD92D
[TLS] sign_hash (32): 8036790F010524ACCBD6F6A0BC8BA62A1E773AF416D5B0A351E257A5608BE3C0
[TLS] Written transcript to proofs/MSG_TLS_C74C5E56.out, proofs/SIG_TLS_C74C5E56.out and proofs/PK_TLS_C74C5E56.der
Signature verification succeeds
[TLS] Server time: 1619995507
[TLS] client_random  (32): C157A72CB4ACFFB069856A3B178BD0F748F899F47206020F1F72CFB21E5CEF66
[TLS] sign_hash (32): FBE0042EA7D0E44A2D88FE3905501F5D5EC0402AECCE7742DD9F3241D9424B27
[TLS] Written transcript to proofs/MSG_TLS_C157A72C.out, proofs/SIG_TLS_C157A72C.out and proofs/PK_TLS_C157A72C.der
Signature verification succeeds
[TLS] Server time: 1619995507
[TLS] client_random  (32): D1569ED5BDAEAC75920719E2DFDE558F1E296F10ECF2EA727D978CAE229FDACA
[TLS] sign_hash (32): 7EEEEC6569C90FB9CB0E85756D2E7304FCEED8F4777564EFC9983C31809C9941
[TLS] Written transcript to proofs/MSG_TLS_D1569ED5.out, proofs/SIG_TLS_D1569ED5.out and proofs/PK_TLS_D1569ED5.der
Signature verification succeeds
[TLS] Server time: 1619995507
[TLS] client_random  (32): 35C2C519F31846FEE5FA01A0982981A2A0FECD168F30FDDB15C3701430767699
[TLS] sign_hash (32): DA1E99A3D9C4C6D4B18DF0826F91FD10BA0B000A4480C16CA06A869A2254B699
[TLS] Written transcript to proofs/MSG_TLS_35C2C519.out, proofs/SIG_TLS_35C2C519.out and proofs/PK_TLS_35C2C519.der
Signature verification succeeds
[TLS] Server time: 1619995507
[TLS] client_random  (32): 0EB0DBC0639ACD25B8F060BB33602001268C46E2365DA5A869ACCA666C0D7847
[TLS] sign_hash (32): C5EF2477C53777CBD717A092F0174FF72DC98EF78971F856AD6B5572264886EE
[TLS] Written transcript to proofs/MSG_TLS_0EB0DBC0.out, proofs/SIG_TLS_0EB0DBC0.out and proofs/PK_TLS_0EB0DBC0.der
Signature verification succeeds
[TLS] Server time: 1619995507
[TLS] client_random  (32): 21348BD7727249BA832693ACD9C60B3FC5DDB893DA826A5BB3C3E932F75E29B1
[TLS] sign_hash (32): E2133164F13738BECC465AB3DA52ABA6743E27EFED48E72890D7C9B6397EAA6D
[TLS] Written transcript to proofs/MSG_TLS_21348BD7.out, proofs/SIG_TLS_21348BD7.out and proofs/PK_TLS_21348BD7.der
Signature verification succeeds
[TLS] Server time: 1619995507
[TLS] client_random  (32): 0AC4A0C85AA58E034E7BBE641B42CC04CBB43BF95E6BF99A23D133B916920D13
[TLS] sign_hash (32): 8B7C721547CF6B503D9019F690CF917BE8E1CB7BFCC255B814691C3BD6A12570
[TLS] Written transcript to proofs/MSG_TLS_0AC4A0C8.out, proofs/SIG_TLS_0AC4A0C8.out and proofs/PK_TLS_0AC4A0C8.der
Signature verification succeeds
[TLS] Server time: 1619995507
[TLS] client_random  (32): E12CE7986AA2C97B2A25B475747201EB82BEEC2795A26324877E12E0F9675982
[TLS] sign_hash (32): F48722B59EB535360C89A7EBAB68376EE93B8D38E5C78EC770E493909B27DCA8
[TLS] Written transcript to proofs/MSG_TLS_E12CE798.out, proofs/SIG_TLS_E12CE798.out and proofs/PK_TLS_E12CE798.der
Signature verification succeeds
[TLS] Server time: 1619995507
[TLS] client_random  (32): 35B9AB5DD7A3AEB0D1C1E8A7CB919BDD336ECD37A663946F814171471DDC14D6
[TLS] sign_hash (32): A458F2B8E1548E38B85C1B6BC5C5BC882336EA76E1FBF763E8152D1C8DB44E12
[TLS] Written transcript to proofs/MSG_TLS_35B9AB5D.out, proofs/SIG_TLS_35B9AB5D.out and proofs/PK_TLS_35B9AB5D.der
Signature verification succeeds
[TLS] Server time: 1619995507
[TLS] client_random  (32): 7A61259A4A17F285BD1BF5F6654EBAD843C76CC51B9FC11A46A9BFFC0B9C29CB
[TLS] sign_hash (32): B3AF9753989D2BD40FC077F84D159E7B90858358F34191324DE62B8B3998782B
[TLS] Written transcript to proofs/MSG_TLS_7A61259A.out, proofs/SIG_TLS_7A61259A.out and proofs/PK_TLS_7A61259A.der
Signature verification succeeds
[TLS] Server time: 1619995507
[TLS] client_random  (32): 4C79B70ABDAFC0C717556C5B4C5665AB80B9A045E6A4DFB7C31F74991DB0A1D3
[TLS] sign_hash (32): 26DC1837E76809F20CD695B46BAF9D4B7F260BE2E68CE61FC93ABA0E7717D7D4
[TLS] Written transcript to proofs/MSG_TLS_4C79B70A.out, proofs/SIG_TLS_4C79B70A.out and proofs/PK_TLS_4C79B70A.der
Signature verification succeeds
[TLS] Server time: 1619995507
[TLS] client_random  (32): 65E1FE04406CDE99A60937829449EB70202FEB09923338642C23A127827885DB
[TLS] sign_hash (32): 9B8F13F9440060E9E9172C8485BB830597219E8AFB25B3BAEA434BEA213CB039
[TLS] Written transcript to proofs/MSG_TLS_65E1FE04.out, proofs/SIG_TLS_65E1FE04.out and proofs/PK_TLS_65E1FE04.der
Signature verification succeeds
[TLS] Server time: 1619995507
[TLS] client_random  (32): DE3A8CCF3352783A1F88956596BD8027CAB843D57F21C3A2FE6C251FB32D22D2
[TLS] sign_hash (32): 76C47AB0948BECFB8E02D6D18F30B485C8A33DA8F73333319A613544273E2FDD
[TLS] Written transcript to proofs/MSG_TLS_DE3A8CCF.out, proofs/SIG_TLS_DE3A8CCF.out and proofs/PK_TLS_DE3A8CCF.der
Signature verification succeeds
[TLS] Server time: 1619995507
[TLS] client_random  (32): C380DB26DA728E1D1B6364976C9730F6DDC852B5DE044ABA8078903687ABF83C
[TLS] sign_hash (32): F9B655E87E3456B843425C1C80F1AD8D7C28B38741BAC11A99BC3FF1AEE12AD0
[TLS] Written transcript to proofs/MSG_TLS_C380DB26.out, proofs/SIG_TLS_C380DB26.out and proofs/PK_TLS_C380DB26.der
Signature verification succeeds
[TLS] Server time: 1619995507
[TLS] client_random  (32): 3CB686A5427BCE509D0674DCE73BD44BB11599BE5FB6A09E85515D867F16B261
[TLS] sign_hash (32): 3B993BA3F36E410E335E8413C49B56081F7E4243167FBC95558AE642B849127C
[TLS] Written transcript to proofs/MSG_TLS_3CB686A5.out, proofs/SIG_TLS_3CB686A5.out and proofs/PK_TLS_3CB686A5.der
Signature verification succeeds
[TLS] Server time: 1619995508
[TLS] client_random  (32): 8BC27A258769F6D80C89F7669C77A3E51A74EE0E243C14690797F80C8A82CAB2
[TLS] sign_hash (32): E7D0D91C44781F25D1FA68067C492AFF175E17B27F24801CEF911A497FD16BC1
[TLS] Written transcript to proofs/MSG_TLS_8BC27A25.out, proofs/SIG_TLS_8BC27A25.out and proofs/PK_TLS_8BC27A25.der
Signature verification succeeds
[TLS] Server time: 1619995508
[TLS] client_random  (32): 17CF90D8FFC0D1276AA49587AAD880D98A6876511227A1A1835AD5926683BB8D
[TLS] sign_hash (32): FB9C7273F74B038B0B373097A2E17FC0D392BBCA5782EC7F4B6882968BF5E052
[TLS] Written transcript to proofs/MSG_TLS_17CF90D8.out, proofs/SIG_TLS_17CF90D8.out and proofs/PK_TLS_17CF90D8.der
Signature verification succeeds
[TLS] Server time: 1619995508
[TLS] client_random  (32): 0C3EBA1AF6732245EAD6096DFD2F000C4EEC73D46C90D046BCB633D272E4567F
[TLS] sign_hash (32): 7D43D541A3B3B72DF4BCCB78AAE86A4DFC5145A7A26D2B7407E682D80DBCA283
[TLS] Written transcript to proofs/MSG_TLS_0C3EBA1A.out, proofs/SIG_TLS_0C3EBA1A.out and proofs/PK_TLS_0C3EBA1A.der
Signature verification succeeds
[TLS] Server time: 1619995508
[TLS] client_random  (32): 062E743065AA3B70C12A04D3A4F501E036C6ADF4968A0D0654D82D7CE61D578B
[TLS] sign_hash (32): C33DF3D58723CE8EDEF35666AD12CEBF1346954CF8E7507869D7E051F3DE34FA
[TLS] Written transcript to proofs/MSG_TLS_062E7430.out, proofs/SIG_TLS_062E7430.out and proofs/PK_TLS_062E7430.der
Signature verification succeeds
[TLS] Server time: 1619995508
[TLS] client_random  (32): B3CEAC45C92B92B6BF166AFBC6F0AF357F8EB7EE3CDA83B2172DF05C3BB135FB
[TLS] sign_hash (32): 221C3860A75F5BA3FC53B2A065C883D54910261BBF392CA7BCA99E5F31631E44
[TLS] Written transcript to proofs/MSG_TLS_B3CEAC45.out, proofs/SIG_TLS_B3CEAC45.out and proofs/PK_TLS_B3CEAC45.der
Signature verification succeeds
[TLS] Server time: 1619995508
[TLS] client_random  (32): A731C6710193DC73651AF05AE92FF4C8BA1E952597914E9F473556D6DF5C2570
[TLS] sign_hash (32): 1C4237CE1A31AC04B4BC1C34BF4FDB25F432FB9C2AF0BBBD00F2CA2FC8E8C617
[TLS] Written transcript to proofs/MSG_TLS_A731C671.out, proofs/SIG_TLS_A731C671.out and proofs/PK_TLS_A731C671.der
Signature verification succeeds
[TLS] Server time: 1619995508
[TLS] client_random  (32): 6B3390BF631806A41800D182526548DAF01F572BE23B179A103A79A79F3BEB0B
[TLS] sign_hash (32): 7B4C630074606EA5F2E7C5D759B8CFB1462313A15A2438C4270778A5785C0C9C
[TLS] Written transcript to proofs/MSG_TLS_6B3390BF.out, proofs/SIG_TLS_6B3390BF.out and proofs/PK_TLS_6B3390BF.der
Signature verification succeeds
[TLS] Server time: 1619995508
[TLS] client_random  (32): 1AF755ED33C6E98E226A4E3D54E7A560138C1EFE37CC651A973A198BAF9FDC0C
[TLS] sign_hash (32): D35F5D93D17690C7A9D0B84729050AFCD3A7E135BE75523091DD0A40A50BACC7
[TLS] Written transcript to proofs/MSG_TLS_1AF755ED.out, proofs/SIG_TLS_1AF755ED.out and proofs/PK_TLS_1AF755ED.der
Signature verification succeeds
[TLS] Server time: 1619995508
[TLS] client_random  (32): DCFFB561C71EA0C2E6BAC1369583030287D17A4E08C5D76265588F0E9CC2F7D3
[TLS] sign_hash (32): 6FA0C225180937DFB2287AA37D053A4AE9FD539623DEF47A954BE0EB11BA5696
[TLS] Written transcript to proofs/MSG_TLS_DCFFB561.out, proofs/SIG_TLS_DCFFB561.out and proofs/PK_TLS_DCFFB561.der
Signature verification succeeds
[TLS] Server time: 1619995508
[TLS] client_random  (32): 433C1D690838560EF2B44B454483D2723C7C7F0F1E40F21705AA26A640E86139
[TLS] sign_hash (32): E8E5F11277585885617A844859C0F5301FEEDA0A5B49990BD49436EF13B148D5
[TLS] Written transcript to proofs/MSG_TLS_433C1D69.out, proofs/SIG_TLS_433C1D69.out and proofs/PK_TLS_433C1D69.der
Signature verification succeeds
[TLS] Server time: 1619995508
[TLS] client_random  (32): 3E39C6040CB59E834D59CA87DD507DC0E7C8E3E27A1CEAF36B028CFA447CE140
[TLS] sign_hash (32): 6AAEF5B050E5DEAEBB239D7C4F2913330476DC0FDBB78B60453B242EF414D778
[TLS] Written transcript to proofs/MSG_TLS_3E39C604.out, proofs/SIG_TLS_3E39C604.out and proofs/PK_TLS_3E39C604.der
Signature verification succeeds
[TLS] Server time: 1619995508
[TLS] client_random  (32): 06339C95C3284F6152FC951FD14834258C70D53B2CB991CBD3893B87AD67DA27
[TLS] sign_hash (32): 2843781914F745E11AD4E89639E13C95E9E034ABC38B09EF9304BC02E6DD5E29
[TLS] Written transcript to proofs/MSG_TLS_06339C95.out, proofs/SIG_TLS_06339C95.out and proofs/PK_TLS_06339C95.der
Signature verification succeeds
[TLS] Server time: 1619995508
[TLS] client_random  (32): 4564A1E441307999CB6EA4D8F0731915AB63B3912ACF21850AB7869E4B7699C8
[TLS] sign_hash (32): 3B3067AA8E9B547924E3E4040226910526D8A35C30C724297F9C92081F9EAB67
[TLS] Written transcript to proofs/MSG_TLS_4564A1E4.out, proofs/SIG_TLS_4564A1E4.out and proofs/PK_TLS_4564A1E4.der
Signature verification succeeds
[TLS] Server time: 1619995508
[TLS] client_random  (32): D9630E1E4595A14D3F1B74C11D851E956062036B844C34ABA7E2138D46B1E1B1
[TLS] sign_hash (32): CCB542F6E0162C39DA4A124F1BDF5A4BEFB0AD87CD3F7EF82CC56996C4F22F14
[TLS] Written transcript to proofs/MSG_TLS_D9630E1E.out, proofs/SIG_TLS_D9630E1E.out and proofs/PK_TLS_D9630E1E.der
Signature verification succeeds
[TLS] Server time: 1619995508
[TLS] client_random  (32): 15BD7A25984D93D19F05034DB713F88D66ABCA04E668F4B113ED0A4D7E351761
[TLS] sign_hash (32): 21066703E66B540707892ECE46C5A628F532D792D8B150287650F0EE8BF903B0
[TLS] Written transcript to proofs/MSG_TLS_15BD7A25.out, proofs/SIG_TLS_15BD7A25.out and proofs/PK_TLS_15BD7A25.der
Signature verification succeeds
[TLS] Server time: 1619995508
[TLS] client_random  (32): 1430DC3DC72F93ECB50CF21245E0288AE19E6C40281D7653C8647D3CF44EFAA1
[TLS] sign_hash (32): 1AA6828A37F88EBBCE4A788E0328FFF77F316DAF795C9D805BA0DC19A60D4650
[TLS] Written transcript to proofs/MSG_TLS_1430DC3D.out, proofs/SIG_TLS_1430DC3D.out and proofs/PK_TLS_1430DC3D.der
Signature verification succeeds
[TLS] Server time: 1619995509
[TLS] client_random  (32): 073D34C7DCF4D525B3F3432D60BB4FE62382AE9FEC842EA6FE1826EC09C9B4AC
[TLS] sign_hash (32): 0C78807B89DFFCD0EC9ACE4BC4C46F11169FE03592EF6E541EB60238CEA87898
[TLS] Written transcript to proofs/MSG_TLS_073D34C7.out, proofs/SIG_TLS_073D34C7.out and proofs/PK_TLS_073D34C7.der
Signature verification succeeds
[TLS] Server time: 1619995509
[TLS] client_random  (32): B73D61D8D72B301B9D32F954215BD678AC0C638F2314A0A252FEB3CA559CBC3F
[TLS] sign_hash (32): 6B5EED019FD7E4ACC2DBFDB5E2D28D6659FFBF15B1ACF05CFD2E8F81940E37B8
[TLS] Written transcript to proofs/MSG_TLS_B73D61D8.out, proofs/SIG_TLS_B73D61D8.out and proofs/PK_TLS_B73D61D8.der
Signature verification succeeds
[TLS] Server time: 1619995509
[TLS] client_random  (32): 2A51D40FDE4E7149E836FA054B6809B56DA028F6E3CC729DE2E89EAA2EE329E5
[TLS] sign_hash (32): DE2F2CA12DA1B305F5A83CC5AEB6DE0A9626AA330734CF766DE52B89A29E6121
[TLS] Written transcript to proofs/MSG_TLS_2A51D40F.out, proofs/SIG_TLS_2A51D40F.out and proofs/PK_TLS_2A51D40F.der
Signature verification succeeds
[TLS] Server time: 1619995509
[TLS] client_random  (32): D7B4065B8B15267A7D40FE10D9E3EF7DC3D1E3E69E995ABFB73D509F747F5156
[TLS] sign_hash (32): 6FDCF9ED7CF34498E4A30FDEC96348E7FB0397718EF5797C792042FA9CCADC57
[TLS] Written transcript to proofs/MSG_TLS_D7B4065B.out, proofs/SIG_TLS_D7B4065B.out and proofs/PK_TLS_D7B4065B.der
Signature verification succeeds
[TLS] Server time: 1619995509
[TLS] client_random  (32): B23B777920AC52A85B42EB1FB3413DEE25394DBD271A181880176E9AD6523E3E
[TLS] sign_hash (32): 56F2EB5297DFA2060F3A746E2EB8D8A6C20A560B72CE81BEFFEA7EE32D1613B5
[TLS] Written transcript to proofs/MSG_TLS_B23B7779.out, proofs/SIG_TLS_B23B7779.out and proofs/PK_TLS_B23B7779.der
Signature verification succeeds
[TLS] Server time: 1619995509
[TLS] client_random  (32): 3314FC7E2BF78B8C6D8B586F2940F27E76CB3D61C18BE61DC7A3B51801E6D045
[TLS] sign_hash (32): D2BF0AC1A917964F44E731288B86DA4FF51E77664AF390C748CCA1ED626B64D5
[TLS] Written transcript to proofs/MSG_TLS_3314FC7E.out, proofs/SIG_TLS_3314FC7E.out and proofs/PK_TLS_3314FC7E.der
Signature verification succeeds
[TLS] Server time: 1619995509
[TLS] client_random  (32): 019602ECDE8E6F353CACE77BE0D420B627F5E220F7DC8C9A85F24735254E6986
[TLS] sign_hash (32): D53BD3FE0C55C2130BF8A85D5E13EC09600DFAA264D01DDE2E5D6850BD33AFFB
[TLS] Written transcript to proofs/MSG_TLS_019602EC.out, proofs/SIG_TLS_019602EC.out and proofs/PK_TLS_019602EC.der
Signature verification succeeds
[TLS] Server time: 1619995509
[TLS] client_random  (32): 00307184E4026470B592DD55ED0CE83F936AFE45696371DFFEF156CA9FA3F4F7
[TLS] sign_hash (32): CB9AAD179CD1A20F06CC8F178BAD64D1694C6753D9F0559CF5CF1A62643CF0EB
[TLS] Written transcript to proofs/MSG_TLS_00307184.out, proofs/SIG_TLS_00307184.out and proofs/PK_TLS_00307184.der
Signature verification succeeds
[TLS] Server time: 1619995509
[TLS] client_random  (32): 872D8EA3E4361CD3C6033AC63B8F21A915FEE61F576DFFECAED39FE0E2E3585F
[TLS] sign_hash (32): 0B56586E5EF79E564A717AFA3CC0893666DBDFA2007F0518130BC84B3CA927B0
[TLS] Written transcript to proofs/MSG_TLS_872D8EA3.out, proofs/SIG_TLS_872D8EA3.out and proofs/PK_TLS_872D8EA3.der
Signature verification succeeds
[TLS] Server time: 1619995509
[TLS] client_random  (32): AB242C6FE848DFA6D6C654FDD401E7F312DE5493BBFBC83890E6DA0439F78958
[TLS] sign_hash (32): FB09744C3F5E6BF78D062657AB66E17DB5206B29C7C2DFC726F4480823BC2617
[TLS] Written transcript to proofs/MSG_TLS_AB242C6F.out, proofs/SIG_TLS_AB242C6F.out and proofs/PK_TLS_AB242C6F.der
Signature verification succeeds
[TLS] Server time: 1619995509
[TLS] client_random  (32): C93583BDD7CEAA67F0D54E860AEA25308FF6E683D96D7951B89E444053556C2F
[TLS] sign_hash (32): 047078EFDCF53F7D4DC0CAEF315E1A93D94164762C9DF394741AA5158BE77FD8
[TLS] Written transcript to proofs/MSG_TLS_C93583BD.out, proofs/SIG_TLS_C93583BD.out and proofs/PK_TLS_C93583BD.der
Signature verification succeeds
[TLS] Server time: 1619995509
[TLS] client_random  (32): 503B6E044B099CEB145C6BCCD62C0D2AA3B9C2808A1DB4BB3611D72A25F221AD
[TLS] sign_hash (32): E0395707F0056954BB80C4D6A5E790EBF97C44DD70A031D6CF430E8B2CBB07F6
[TLS] Written transcript to proofs/MSG_TLS_503B6E04.out, proofs/SIG_TLS_503B6E04.out and proofs/PK_TLS_503B6E04.der
Signature verification succeeds
[TLS] Server time: 1619995509
[TLS] client_random  (32): C40EBC6ED4326154D97FA8DF66AAFC6080B1C89704F1FEDEA3A7F537530A4166
[TLS] sign_hash (32): FB7CEA6306EDF6DA3EC082BF241E0A97613E47F7A3CE3D1B4780B7704B7D1ECF
[TLS] Written transcript to proofs/MSG_TLS_C40EBC6E.out, proofs/SIG_TLS_C40EBC6E.out and proofs/PK_TLS_C40EBC6E.der
Signature verification succeeds
[TLS] Server time: 1619995509
[TLS] client_random  (32): 2E72358C545F921313F77FB95AADE44E9858B162890D5C5DF744C8C537D4C7BC
[TLS] sign_hash (32): FF61F80FF318DA4745E0604DF11D0A3D280ABFB444E2AAC9D8859953AEE60012
[TLS] Written transcript to proofs/MSG_TLS_2E72358C.out, proofs/SIG_TLS_2E72358C.out and proofs/PK_TLS_2E72358C.der
Signature verification succeeds
[TLS] Server time: 1619995509
[TLS] client_random  (32): CB40C1EBB56F7BF02CDEC6E65BE65600A5BBBA651303D0A409B86E8B1562FB6C
[TLS] sign_hash (32): 903D392BD6BFA9686FB5DA516BF6DB398BDBCF67D61377BF7DF4EC91B7D925C9
[TLS] Written transcript to proofs/MSG_TLS_CB40C1EB.out, proofs/SIG_TLS_CB40C1EB.out and proofs/PK_TLS_CB40C1EB.der
Signature verification succeeds
[TLS] Server time: 1619995509
[TLS] client_random  (32): AD1473C8C6F38B32DF6787C2B486B991DA7C503113E13AF0EF8711025761FB5D
[TLS] sign_hash (32): 357E848902293D1076846245FB6EBED0D2044D6FA6FE1F63C4406E637C7D1EFD
[TLS] Written transcript to proofs/MSG_TLS_AD1473C8.out, proofs/SIG_TLS_AD1473C8.out and proofs/PK_TLS_AD1473C8.der
Signature verification succeeds
[TLS] Server time: 1619995509
[TLS] client_random  (32): 4805F7406E214C8F11FAA517B19A8C8991E713CE9EE62CFA4D7041F1B260E21D
[TLS] sign_hash (32): CCE9FFD652F41766FDC3DE945FDA8D3178D7173362E2A75F646B435BCF35DFB6
[TLS] Written transcript to proofs/MSG_TLS_4805F740.out, proofs/SIG_TLS_4805F740.out and proofs/PK_TLS_4805F740.der
Signature verification succeeds
[TLS] Server time: 1619995509
[TLS] client_random  (32): 61A7CA87E1923E02B68B5C5C41B141E8241B4D35427D2CA795BC8D891A744620
[TLS] sign_hash (32): E230D8DC482E4DD9D361DFCD1A95A5E3379A72BBD4FF576CDB5F976572567A3C
[TLS] Written transcript to proofs/MSG_TLS_61A7CA87.out, proofs/SIG_TLS_61A7CA87.out and proofs/PK_TLS_61A7CA87.der
Signature verification succeeds
[TLS] Server time: 1619995509
[TLS] client_random  (32): AF25B1DA68E89BCD173409768E0E657BC7C39C42C39FED6EA70C0751FD89618D
[TLS] sign_hash (32): 56CED1D6EC776B553A6B9C936B2973D20CDE75F18A193747A1B13D5EA0B6318A
[TLS] Written transcript to proofs/MSG_TLS_AF25B1DA.out, proofs/SIG_TLS_AF25B1DA.out and proofs/PK_TLS_AF25B1DA.der
Signature verification succeeds
[TLS] Server time: 1619995509
[TLS] client_random  (32): DD8957599BBA8B3A3082A6541557FF6F8973C504AD4B698F39EAB4F621FFECFE
[TLS] sign_hash (32): 2D347133078978C7F1B6C23B8BC9E013940FC4F88B67C5A6C1260DC4101EEF6B
[TLS] Written transcript to proofs/MSG_TLS_DD895759.out, proofs/SIG_TLS_DD895759.out and proofs/PK_TLS_DD895759.der
Signature verification succeeds
[TLS] Server time: 1619995509
[TLS] client_random  (32): 3054C8B217CD4127FB40968E4B7A1F7192BF6F763A42B7D0318B5438F1BD4A99
[TLS] sign_hash (32): CD3B9236780D58E6D027CE659B265CC3AC5E0C30388C271930DD3FD8147D5162
[TLS] Written transcript to proofs/MSG_TLS_3054C8B2.out, proofs/SIG_TLS_3054C8B2.out and proofs/PK_TLS_3054C8B2.der
Signature verification succeeds
[TLS] Server time: 1619995509
[TLS] client_random  (32): 564B630323DC01A75C2A4412198545F7D46C77091110D2230BC6D6D02DACC294
[TLS] sign_hash (32): 9E500817B82225FA9EA3B960CAA5EB7A6DE5ED532F6CC12BE62DF8E3AC75ACCF
[TLS] Written transcript to proofs/MSG_TLS_564B6303.out, proofs/SIG_TLS_564B6303.out and proofs/PK_TLS_564B6303.der
Signature verification succeeds
[TLS] Server time: 1619995509
[TLS] client_random  (32): DDB36C48FC08EEA6E9D9166220D08636904C31D0CB9BDC2B6AEB91BAF790572D
[TLS] sign_hash (32): F8C2F020B95A17E7528848151F6E842C0C8983807B4C78BF2A2C363E581ED50A
[TLS] Written transcript to proofs/MSG_TLS_DDB36C48.out, proofs/SIG_TLS_DDB36C48.out and proofs/PK_TLS_DDB36C48.der
Signature verification succeeds
[TLS] Server time: 1619995509
[TLS] client_random  (32): E5DBC5212A1BB6FC1DF0163E7C2098D79CA607C4F5B127DE96420B276C84C7EF
[TLS] sign_hash (32): 09543704F9AFAF44185E8AD738EDED9B13BE01615DC6C9807DE2CE930ABD4F1E
[TLS] Written transcript to proofs/MSG_TLS_E5DBC521.out, proofs/SIG_TLS_E5DBC521.out and proofs/PK_TLS_E5DBC521.der
Signature verification succeeds
[TLS] Server time: 1619995509
[TLS] client_random  (32): ACB194C15E7A883556360639A8D53DABEAADCB348CAEE25410ADF7F58DEDDB21
[TLS] sign_hash (32): F9D915B924724BCD08948D7D579E7A09FA4FCCE93DB0D19431137CBDDA5707DE
[TLS] Written transcript to proofs/MSG_TLS_ACB194C1.out, proofs/SIG_TLS_ACB194C1.out and proofs/PK_TLS_ACB194C1.der
Signature verification succeeds
[TLS] Server time: 1619995509
[TLS] client_random  (32): 1D9CCAE602C99CDF6A8513FECB9109D27E32ACDFDE82A8B07774AE80F6EAF3B5
[TLS] sign_hash (32): AEB7533722B20F8F0825238CDEB5D4B4A424B3040A8AF82CBA7EC70FE8F8C17F
[TLS] Written transcript to proofs/MSG_TLS_1D9CCAE6.out, proofs/SIG_TLS_1D9CCAE6.out and proofs/PK_TLS_1D9CCAE6.der
Signature verification succeeds
[TLS] Server time: 1619995509
[TLS] client_random  (32): 65F0D80BA1BCC3441912F6734CABE5E1BBF382F6B9469785C689E5E8CCB3775B
[TLS] sign_hash (32): 4D3C03719152E6A969C48B9402A72DD7A85A42178DD6B2D2006A2C5846773575
[TLS] Written transcript to proofs/MSG_TLS_65F0D80B.out, proofs/SIG_TLS_65F0D80B.out and proofs/PK_TLS_65F0D80B.der
Signature verification succeeds
[TLS] Server time: 1619995509
[TLS] client_random  (32): 1C2E5F2A1C2001FCCEC9180DB6A0BCE3AD08C32F45C112FCFE3395C49C63A069
[TLS] sign_hash (32): F366206DA7CEF83CCB3357E09433FF6D2D9A1FE96338510CCFBD6C1F2955CA57
[TLS] Written transcript to proofs/MSG_TLS_1C2E5F2A.out, proofs/SIG_TLS_1C2E5F2A.out and proofs/PK_TLS_1C2E5F2A.der
Signature verification succeeds
[TLS] Server time: 1619995509
[TLS] client_random  (32): 28A45371F9F11ED4FBC0CA2214FE466E204F4CD032A9AD107D8510EB9242EEAC
[TLS] sign_hash (32): 56F280DF8DFE85C8B34248266A00EC2182E2E47E186732E68514A5F8C193D89D
[TLS] Written transcript to proofs/MSG_TLS_28A45371.out, proofs/SIG_TLS_28A45371.out and proofs/PK_TLS_28A45371.der
Signature verification succeeds
[TLS] Server time: 1619995509
[TLS] client_random  (32): 5936A7FAAE0DC3AF9A4D6D47D258062919094C9F3789391B6F9C41A6FB3FAA3D
[TLS] sign_hash (32): 897F699BCB903FD49B835FB514B1A20D7392AB5F8E116671F07780DD26B1B240
[TLS] Written transcript to proofs/MSG_TLS_5936A7FA.out, proofs/SIG_TLS_5936A7FA.out and proofs/PK_TLS_5936A7FA.der
Signature verification succeeds
[TLS] Server time: 1619995509
[TLS] client_random  (32): CFC932250153AA872B5109CF65155C3B6BAB7DB22870058F962A0F33B5124763
[TLS] sign_hash (32): 1B18DED0435C9B924C9D469FAC9B06F4082592231DFF80146B5BFB18AC467CE6
[TLS] Written transcript to proofs/MSG_TLS_CFC93225.out, proofs/SIG_TLS_CFC93225.out and proofs/PK_TLS_CFC93225.der
Signature verification succeeds
[TLS] Server time: 1619995510
[TLS] client_random  (32): 5997EA70FC2865087E5D3D0ECB650D147973A043D02609732BAAD20087DE66DF
[TLS] sign_hash (32): E61B3FE3443D2157C01DD9489A4ED02C85608A840264734DA8CBD87B30CEFBCC
[TLS] Written transcript to proofs/MSG_TLS_5997EA70.out, proofs/SIG_TLS_5997EA70.out and proofs/PK_TLS_5997EA70.der
Signature verification succeeds
[TLS] Server time: 1619995510
[TLS] client_random  (32): DCD155DB8AB0C4C810C79E7EF1A41694796D608AEB816E3EEBAFE150934B1A90
[TLS] sign_hash (32): 83ED53C3E78865557F921F1BDE554A14C8DC13E53BB79384B3F8D36B4938F0F7
[TLS] Written transcript to proofs/MSG_TLS_DCD155DB.out, proofs/SIG_TLS_DCD155DB.out and proofs/PK_TLS_DCD155DB.der
Signature verification succeeds
Time breakdown (averages): anchor_ping:73.743471 file_read:0.153946 hashing:0.470653
Total time for 99 rounds is 7436.190286ms
Standard deviations: anchor_ping:199.822744 file_read:0.014540 hashing:0.004680
[Client-side ops] mean:0.624599 sd:0.015415
in & out anchor rand written to proofs/phase1.out
     19 [TLS] Server time: 1619995502
      2 [TLS] Server time: 1619995503
      2 [TLS] Server time: 1619995504
      4 [TLS] Server time: 1619995505
      8 [TLS] Server time: 1619995506
     16 [TLS] Server time: 1619995507
     16 [TLS] Server time: 1619995508
     31 [TLS] Server time: 1619995509
      2 [TLS] Server time: 1619995510
Count is 19
Count is 2
Count is 2
Count is 4
Count is 8
Count is 16
Count is 16
Count is 31
Count is 2
success: 0
Sleeping before retrying
CONF: anchor:nott.ac.uk fs:1024MB n_rounds:99 seed:5c9f4bf9bbc15bb855f82faedc5a52fc3ab2dfa8ec3ba3ce1b270f31fa0cced2 filename:FILE bs:1024 nops:100 benchmarking:0 anchor_ping:1 queue_depth:32 direct:0
[TLS] Connecting to nott.ac.uk
[TLS] Server time: 1619995512
[TLS] client_random  (32): 5C9F4BF9BBC15BB855F82FAEDC5A52FC3AB2DFA8EC3BA3CE1B270F31FA0CCED2
[TLS] sign_hash (32): 95FBF0553622E0263027CFB1F1076EE6348D84EE06143B0A81E5873592EC71CC
[TLS] Written transcript to proofs/MSG_TLS_5C9F4BF9.out, proofs/SIG_TLS_5C9F4BF9.out and proofs/PK_TLS_5C9F4BF9.der
Signature verification succeeds
[TLS] Server time: 1619995512
[TLS] client_random  (32): 70E8FF9CE0D513F4A1A12F08663DD93B7F06F568AA6E9AB7F0DA514FB01045C0
[TLS] sign_hash (32): 23AC79EDAC68E7F1E418B2AADFED2864130638D0DA40257C7E7930C324247642
[TLS] Written transcript to proofs/MSG_TLS_70E8FF9C.out, proofs/SIG_TLS_70E8FF9C.out and proofs/PK_TLS_70E8FF9C.der
Signature verification succeeds
[TLS] Server time: 1619995512
[TLS] client_random  (32): 91A0A218C3DA01AFCBD2326637C00665676E6C84DFF78D39262BF29CCFA4989D
[TLS] sign_hash (32): 82DB2C2BF0248B9B47AD3DD817A56BAAE2D804F9E175FE6C32F3545FA5DF7ABE
[TLS] Written transcript to proofs/MSG_TLS_91A0A218.out, proofs/SIG_TLS_91A0A218.out and proofs/PK_TLS_91A0A218.der
Signature verification succeeds
[TLS] Server time: 1619995512
[TLS] client_random  (32): 9EE019611BAFA5E53E3F87B7A80CF68B5F77B6CDCB5CCD8C904DC7DDD0A2A436
[TLS] sign_hash (32): BF08C0E1F73DF165480ECC68256B8C3F2AB01E3F6DB50DAAB70F70E97C9C17FB
[TLS] Written transcript to proofs/MSG_TLS_9EE01961.out, proofs/SIG_TLS_9EE01961.out and proofs/PK_TLS_9EE01961.der
Signature verification succeeds
[TLS] Server time: 1619995512
[TLS] client_random  (32): A1232F56B4D494D36BB6F36037982F222773A04C34158B37EB0F4FE6972E25D3
[TLS] sign_hash (32): F24C257EDC62413A7076108BD203C9D5A76417B62CAFEE9E87B33F0CD0108301
[TLS] Written transcript to proofs/MSG_TLS_A1232F56.out, proofs/SIG_TLS_A1232F56.out and proofs/PK_TLS_A1232F56.der
Signature verification succeeds
[TLS] Server time: 1619995512
[TLS] client_random  (32): 7155EBE3CE5D70274D75D7A9CEEEFDA0707F42DF3D5F578766148C163E1FC3A1
[TLS] sign_hash (32): F9840E344AB0507DB1A376752608EAA8E55A2D6656302F3D359EB0F78C070BE2
[TLS] Written transcript to proofs/MSG_TLS_7155EBE3.out, proofs/SIG_TLS_7155EBE3.out and proofs/PK_TLS_7155EBE3.der
Signature verification succeeds
[TLS] Server time: 1619995512
[TLS] client_random  (32): 787011DB512137E2F0812F1856856AD8F9716D9CD0E9C6CC89BDD0178C0F83D3
[TLS] sign_hash (32): 89005F25D0948B7567B7BD497AAB5B1B33872D584047F3497EAABE2D64FE6117
[TLS] Written transcript to proofs/MSG_TLS_787011DB.out, proofs/SIG_TLS_787011DB.out and proofs/PK_TLS_787011DB.der
Signature verification succeeds
[TLS] Server time: 1619995512
[TLS] client_random  (32): E5781BC98ADABA08B5254E3F96F612BE9B8A699CB607122B5C437AB23D975FBC
[TLS] sign_hash (32): 13968A7C4DC644CC81AAF97A82C1827773900D7117FA8962ECE26EAD3245FC09
[TLS] Written transcript to proofs/MSG_TLS_E5781BC9.out, proofs/SIG_TLS_E5781BC9.out and proofs/PK_TLS_E5781BC9.der
Signature verification succeeds
[TLS] Server time: 1619995512
[TLS] client_random  (32): 3AEC5662A655F410A36BC50E837A66E4DE517F09F8E495DE73A9F17DEEB7F776
[TLS] sign_hash (32): 57742E421D8FBA8F7A6F69850725128B677DFEBA4997CB186547A7D6FFB79D90
[TLS] Written transcript to proofs/MSG_TLS_3AEC5662.out, proofs/SIG_TLS_3AEC5662.out and proofs/PK_TLS_3AEC5662.der
Signature verification succeeds
[TLS] Server time: 1619995512
[TLS] client_random  (32): F289EA9D06F2766B426F7378EA3463BA6E19023CAD89F8B6A7A0494FB52CFE00
[TLS] sign_hash (32): 9620BBFB2C9EF7B4BE267BDDF704BAF8CAE2A9674091668B2042C72EC8A9C450
[TLS] Written transcript to proofs/MSG_TLS_F289EA9D.out, proofs/SIG_TLS_F289EA9D.out and proofs/PK_TLS_F289EA9D.der
Signature verification succeeds
[TLS] Server time: 1619995512
[TLS] client_random  (32): 5BE63C717E80B93975018B96B0E7867621F4E6B0F8398C5B0DBAF987502C48E6
[TLS] sign_hash (32): 02976B48C524C9725F8EDE8B579341D64618373C9C4911AC8E4188E5B1A3A54D
[TLS] Written transcript to proofs/MSG_TLS_5BE63C71.out, proofs/SIG_TLS_5BE63C71.out and proofs/PK_TLS_5BE63C71.der
Signature verification succeeds
[TLS] Server time: 1619995512
[TLS] client_random  (32): 943B1ED162A1BDB6B8516C2904449C284DF7F941DD9B64474761C4236C68B816
[TLS] sign_hash (32): 7D096E30421D96882402F818A722BB53D876AF2926DCDE13C0C59DD29DBAEC9C
[TLS] Written transcript to proofs/MSG_TLS_943B1ED1.out, proofs/SIG_TLS_943B1ED1.out and proofs/PK_TLS_943B1ED1.der
Signature verification succeeds
[TLS] Server time: 1619995512
[TLS] client_random  (32): 324902EE9365D874545E75C635FEE82EE8C023178794BA82B593DDB8FFF703C0
[TLS] sign_hash (32): B13520CFB40D857F7326DB216C6AF4BDF4F2F15F80861FB52BDEC1B7872D7096
[TLS] Written transcript to proofs/MSG_TLS_324902EE.out, proofs/SIG_TLS_324902EE.out and proofs/PK_TLS_324902EE.der
Signature verification succeeds
[TLS] Server time: 1619995512
[TLS] client_random  (32): E33A03D9FCBF429BDD142572B98410FA29C3E1862B614CAB610DFD9164B2CC35
[TLS] sign_hash (32): B610C230DF19FBF0E2AD106484608921D45F292DB2DE3C5C0311A82DD7BE3A09
[TLS] Written transcript to proofs/MSG_TLS_E33A03D9.out, proofs/SIG_TLS_E33A03D9.out and proofs/PK_TLS_E33A03D9.der
Signature verification succeeds
[TLS] Server time: 1619995512
[TLS] client_random  (32): 9A9DE3DF264F136ED1B9D29E96C3F03727AF5EA2BD4FBE9870E4BC4C9C36BC22
[TLS] sign_hash (32): 72CE5578646171FF0A84F9E84C7FAC817B9877FCB02913659CB8B590238AB4EE
[TLS] Written transcript to proofs/MSG_TLS_9A9DE3DF.out, proofs/SIG_TLS_9A9DE3DF.out and proofs/PK_TLS_9A9DE3DF.der
Signature verification succeeds
[TLS] Server time: 1619995512
[TLS] client_random  (32): 69C6D593875627CF6991C1FF96E74762CD772E69C9394FF027944AC3B1F30131
[TLS] sign_hash (32): E04D31BFFEC2D4864F33AA844C045AB1497529481EE79449BE297AA74F1FEE14
[TLS] Written transcript to proofs/MSG_TLS_69C6D593.out, proofs/SIG_TLS_69C6D593.out and proofs/PK_TLS_69C6D593.der
Signature verification succeeds
[TLS] Server time: 1619995512
[TLS] client_random  (32): 18BDF8DC72E59EF9AEB421F8922139EE817C363958BCB6634766C8A48AB460F6
[TLS] sign_hash (32): E697D7DE35C8B87C117A5FAF81D8A449AFB8B342DA079D9B087B06B9830037EA
[TLS] Written transcript to proofs/MSG_TLS_18BDF8DC.out, proofs/SIG_TLS_18BDF8DC.out and proofs/PK_TLS_18BDF8DC.der
Signature verification succeeds
[TLS] Server time: 1619995512
[TLS] client_random  (32): B2BA0A1F721ACD39A8FEF4787F005B09909773B2EDB4EE0DB550855D5DA3D9E3
[TLS] sign_hash (32): 87026197139DF7CEE287DD66682DC9033E32BFE2812444C164F53826CF178AC4
[TLS] Written transcript to proofs/MSG_TLS_B2BA0A1F.out, proofs/SIG_TLS_B2BA0A1F.out and proofs/PK_TLS_B2BA0A1F.der
Signature verification succeeds
[TLS] Server time: 1619995512
[TLS] client_random  (32): E88C89908D016C0008434FF248D10403F32BB3889774D5A81E5057E9A8B9DF68
[TLS] sign_hash (32): 8D116ED1697C11219C2F59DD46C51708C39FC4F53DFDCA6E583B2656D3E485A1
[TLS] Written transcript to proofs/MSG_TLS_E88C8990.out, proofs/SIG_TLS_E88C8990.out and proofs/PK_TLS_E88C8990.der
Signature verification succeeds
[TLS] Server time: 1619995512
[TLS] client_random  (32): 5DAC0384B7431558D3944238F7F8E91BE3D228D7C1F3CF81946862F4016133BF
[TLS] sign_hash (32): 95E3E63A61F925F9D2100BEC30C46E92E6E44451C5EB11A1BE4338766EB2424D
[TLS] Written transcript to proofs/MSG_TLS_5DAC0384.out, proofs/SIG_TLS_5DAC0384.out and proofs/PK_TLS_5DAC0384.der
Signature verification succeeds
[TLS] Server time: 1619995512
[TLS] client_random  (32): F2A249FF9CF77DBB51434968AAA945BBB2E172B5B0BBB7DD0B28C27DF9F9EFCF
[TLS] sign_hash (32): 94D4FBC6AF069C4FE993F53824833A897ED2EEBF023D7B2246776846354AC765
[TLS] Written transcript to proofs/MSG_TLS_F2A249FF.out, proofs/SIG_TLS_F2A249FF.out and proofs/PK_TLS_F2A249FF.der
Signature verification succeeds
[TLS] Server time: 1619995512
[TLS] client_random  (32): 9CB744B8FF774F5463E3423C5380FFD80B38B3CB318AC3D26C504DCD885D10B7
[TLS] sign_hash (32): 4858F2FC63496AEFDD5C2A4BC6D1D9AA438B3FC788AD534B719DF1851CABC9AF
[TLS] Written transcript to proofs/MSG_TLS_9CB744B8.out, proofs/SIG_TLS_9CB744B8.out and proofs/PK_TLS_9CB744B8.der
Signature verification succeeds
[TLS] Server time: 1619995512
[TLS] client_random  (32): 566E9687E69DBB20457E6459D1D66EC75D7C000A8BACDCD7252A2C037F7C507D
[TLS] sign_hash (32): 6CC2769F13B74FF729209FE2D9F38542D19F99EB551EDF57868D987AD8A29A8C
[TLS] Written transcript to proofs/MSG_TLS_566E9687.out, proofs/SIG_TLS_566E9687.out and proofs/PK_TLS_566E9687.der
Signature verification succeeds
[TLS] Server time: 1619995512
[TLS] client_random  (32): 976E88CA64B637F81B78BBB38BE7155ED602AB44D95EF5BA3E609201DE77CCD4
[TLS] sign_hash (32): 30B785B13F1CFBECE92AC820602C0EBA37C7B5FBB248A1F690611ADB6BC4DC95
[TLS] Written transcript to proofs/MSG_TLS_976E88CA.out, proofs/SIG_TLS_976E88CA.out and proofs/PK_TLS_976E88CA.der
Signature verification succeeds
[TLS] Server time: 1619995512
[TLS] client_random  (32): F6872973C3B22E0591CC6130FAA82DAC9F26EFF9639C2828200140342AB6F2E8
[TLS] sign_hash (32): BEFC607209028CF17F831EAF16BEBFF8EE7EEC1843C2E23EB39B867D62CD8C22
[TLS] Written transcript to proofs/MSG_TLS_F6872973.out, proofs/SIG_TLS_F6872973.out and proofs/PK_TLS_F6872973.der
Signature verification succeeds
[TLS] Server time: 1619995512
[TLS] client_random  (32): E6ADA86B44B7BF6429E358686090C872291AE29C9B1BCAB5B4EE43A38D0637EB
[TLS] sign_hash (32): 887AC97558EF9131BE0D5839868966A516662687358BF158817B2212CE41DE8D
[TLS] Written transcript to proofs/MSG_TLS_E6ADA86B.out, proofs/SIG_TLS_E6ADA86B.out and proofs/PK_TLS_E6ADA86B.der
Signature verification succeeds
[TLS] Server time: 1619995512
[TLS] client_random  (32): 3B29587C75D0AC4087DDC461BFD173C6A7B136CBA3B192E300398322F1C9AF68
[TLS] sign_hash (32): C3184AEF552943EAEB70BC30AE1E7B75C7833EF35BD685E12DB7C7BC9C1C7527
[TLS] Written transcript to proofs/MSG_TLS_3B29587C.out, proofs/SIG_TLS_3B29587C.out and proofs/PK_TLS_3B29587C.der
Signature verification succeeds
[TLS] Server time: 1619995512
[TLS] client_random  (32): 07C8BF9261570B560B1CE069D395612F054C72B0129961E77184DD5C9FBFFD4D
[TLS] sign_hash (32): A083D334A4DFBB2D1A9930868EDD2373B7272258A8D8D017545679EA8C6C0224
[TLS] Written transcript to proofs/MSG_TLS_07C8BF92.out, proofs/SIG_TLS_07C8BF92.out and proofs/PK_TLS_07C8BF92.der
Signature verification succeeds
[TLS] Server time: 1619995512
[TLS] client_random  (32): 82DBECFC7F0969EA79245A7B4A70A605A5538624F30579691EE1A00878DC8BBC
[TLS] sign_hash (32): 130A5943089D4137498A78388831444321B537BA7F40F2D8F45892AC149AE8A8
[TLS] Written transcript to proofs/MSG_TLS_82DBECFC.out, proofs/SIG_TLS_82DBECFC.out and proofs/PK_TLS_82DBECFC.der
Signature verification succeeds
[TLS] Server time: 1619995532
[TLS] client_random  (32): DEDBABB22E74933AE4B91261B1C38C7F6882159362A08EC4665F7ADCCEC76C12
[TLS] sign_hash (32): A2E3443EDFCB8B933456DDFFCB27EE3A7CCA58B21D71B2AC327BF22213B66391
[TLS] Written transcript to proofs/MSG_TLS_DEDBABB2.out, proofs/SIG_TLS_DEDBABB2.out and proofs/PK_TLS_DEDBABB2.der
Signature verification succeeds
[TLS] Server time: 1619995532
[TLS] client_random  (32): 0F4875FCC62F7D91D40819BD7861B13B14887D5182376C665D709911CCFE87AF
[TLS] sign_hash (32): EC2C34249AB0B9CD47800521714898A65CC6102472FCEC179DADB94997FA2394
[TLS] Written transcript to proofs/MSG_TLS_0F4875FC.out, proofs/SIG_TLS_0F4875FC.out and proofs/PK_TLS_0F4875FC.der
Signature verification succeeds
[TLS] Server time: 1619995532
[TLS] client_random  (32): 5C4A82FF5ACFB60A6FC0794E11A2B0DD5F9088725A8A1B2B21F70CA11FA50736
[TLS] sign_hash (32): A836D02D4DAD1BF97ACCCBB7B68F337655F5C8EDE81FBB29BE888547A1F70924
[TLS] Written transcript to proofs/MSG_TLS_5C4A82FF.out, proofs/SIG_TLS_5C4A82FF.out and proofs/PK_TLS_5C4A82FF.der
Signature verification succeeds
[TLS] Server time: 1619995533
[TLS] client_random  (32): 117FBD3773282E39E5009973AD15427C7BE377E4714D15FEA234EFBC41909DA0
[TLS] sign_hash (32): 001713A4E721547C2B0CBB9AC48EBB3FD0861C3B42C5501F5096A64463E308BA
[TLS] Written transcript to proofs/MSG_TLS_117FBD37.out, proofs/SIG_TLS_117FBD37.out and proofs/PK_TLS_117FBD37.der
Signature verification succeeds
[TLS] Server time: 1619995533
[TLS] client_random  (32): F29A85F7EF449A97359DE9E3D6864CF6B5DE53D5ED267253A52C361916E27006
[TLS] sign_hash (32): D9425AE7712977EDF475F8DDE38ECFD925CBF95531F6AC42416C9B09A6284D2F
[TLS] Written transcript to proofs/MSG_TLS_F29A85F7.out, proofs/SIG_TLS_F29A85F7.out and proofs/PK_TLS_F29A85F7.der
Signature verification succeeds
[TLS] Server time: 1619995533
[TLS] client_random  (32): 49D90FEB67294301E84B6D92F0015216618DCFF174CD651B025038CFEA55D5A7
[TLS] sign_hash (32): AB2CD442356E9E4A8FDD4575B3CFB2127C1953485C1696C1109AD8A5C4736F37
[TLS] Written transcript to proofs/MSG_TLS_49D90FEB.out, proofs/SIG_TLS_49D90FEB.out and proofs/PK_TLS_49D90FEB.der
Signature verification succeeds
[TLS] Server time: 1619995533
[TLS] client_random  (32): D9DF4BADEC34C105DBD18A21EBEC702F87FF5117816DCCFF88EDB92DE1BF7638
[TLS] sign_hash (32): AA62ACC84E6591247B4F10165D345C2C67828BB49B09B27B1AB65A001361C6B2
[TLS] Written transcript to proofs/MSG_TLS_D9DF4BAD.out, proofs/SIG_TLS_D9DF4BAD.out and proofs/PK_TLS_D9DF4BAD.der
Signature verification succeeds
[TLS] Server time: 1619995533
[TLS] client_random  (32): 7B1ED8DDFE37043E54B0B891BB8338DDDA4FBEA919F0BDEE2B655F327DFA62D2
[TLS] sign_hash (32): 2363D52E3744CC7ED1FB2DD1234A867205150905FD957DE7501D42DF4BCCB34D
[TLS] Written transcript to proofs/MSG_TLS_7B1ED8DD.out, proofs/SIG_TLS_7B1ED8DD.out and proofs/PK_TLS_7B1ED8DD.der
Signature verification succeeds
[TLS] Server time: 1619995533
[TLS] client_random  (32): 022EFB70EE37C2535FEC5618B08B2FD52E9714A35E383AF8C3B1EF510A275EF4
[TLS] sign_hash (32): E2689A65A826C17FA5C5326582FDA8C8A2C8A4D02D1A4C82D4AE972F6C726A66
[TLS] Written transcript to proofs/MSG_TLS_022EFB70.out, proofs/SIG_TLS_022EFB70.out and proofs/PK_TLS_022EFB70.der
Signature verification succeeds
[TLS] Server time: 1619995533
[TLS] client_random  (32): 7203FDF88739A0E7504326D39AB2543F7DF2FCE1CE3600BCD093CF5648C256A8
[TLS] sign_hash (32): 09E9FB3E1DAAE63485CE33924FD2D71998B52714266369A9FF6E45831EE75BDF
[TLS] Written transcript to proofs/MSG_TLS_7203FDF8.out, proofs/SIG_TLS_7203FDF8.out and proofs/PK_TLS_7203FDF8.der
Signature verification succeeds
[TLS] Server time: 1619995533
[TLS] client_random  (32): E30C2B317136D110787B49B6351888312FC3010F12FAA55DB6CAA394AB54202F
[TLS] sign_hash (32): 74DE71A03A7466A9D7E4F88E8C304FA801634AF8E2816EBC750924D4F2B6F5AC
[TLS] Written transcript to proofs/MSG_TLS_E30C2B31.out, proofs/SIG_TLS_E30C2B31.out and proofs/PK_TLS_E30C2B31.der
Signature verification succeeds
[TLS] Server time: 1619995533
[TLS] client_random  (32): 19D4D83C83FB0216368A987A18C10C664216D5D2C0D892EDF82384291C00D2E0
[TLS] sign_hash (32): E9207B035CE5266AF7E672613A10A335648C2CFDCCE07CCFBE07D38B153976CA
[TLS] Written transcript to proofs/MSG_TLS_19D4D83C.out, proofs/SIG_TLS_19D4D83C.out and proofs/PK_TLS_19D4D83C.der
Signature verification succeeds
[TLS] Server time: 1619995533
[TLS] client_random  (32): 4DA83DED4D63F34E54FFF31D462AA5EFB2EC515A3447B99F740DC782B19D9010
[TLS] sign_hash (32): B8C928AD59BD02F01F430822FAA33B774FF89750CBD0A633E1DC7E33210EA47E
[TLS] Written transcript to proofs/MSG_TLS_4DA83DED.out, proofs/SIG_TLS_4DA83DED.out and proofs/PK_TLS_4DA83DED.der
Signature verification succeeds
[TLS] Server time: 1619995533
[TLS] client_random  (32): BA014707923BF1B83DDBA8C85930E0A478DBEDB8A279471504E0168F6518FE65
[TLS] sign_hash (32): CB2EC811D4AA3668249D3B268DA8EBF629A09F074C1A6F1AC3E4CDA0554072A2
[TLS] Written transcript to proofs/MSG_TLS_BA014707.out, proofs/SIG_TLS_BA014707.out and proofs/PK_TLS_BA014707.der
Signature verification succeeds
[TLS] Server time: 1619995533
[TLS] client_random  (32): 2416C748F32E760E05A47EA27BD7CA5AEB79CF5B3FEC4DFBB3226C8D5FD6F27A
[TLS] sign_hash (32): 270939AD3E6E45385222D0895A03843C5529A8D069000843B0D214F6F105F94C
[TLS] Written transcript to proofs/MSG_TLS_2416C748.out, proofs/SIG_TLS_2416C748.out and proofs/PK_TLS_2416C748.der
Signature verification succeeds
[TLS] Server time: 1619995533
[TLS] client_random  (32): AC106146C1B3990E6C124187873FBF620FF17B5F49F33100A12E85BA5004263F
[TLS] sign_hash (32): C046D4A4A72E4D7AA23F5FDCA500E252EC8D10EF742EE5356AAFA7A417F8DEED
[TLS] Written transcript to proofs/MSG_TLS_AC106146.out, proofs/SIG_TLS_AC106146.out and proofs/PK_TLS_AC106146.der
Signature verification succeeds
[TLS] Server time: 1619995533
[TLS] client_random  (32): 0FA1DF1E89192BEFD3EBC954D9A6FF8302293C4CF439A8E414075A46C919AA70
[TLS] sign_hash (32): 8AAC1661BCF58D55F478FC649F80BE306F7431FFDFBDEC4A61972DB16B3876FB
[TLS] Written transcript to proofs/MSG_TLS_0FA1DF1E.out, proofs/SIG_TLS_0FA1DF1E.out and proofs/PK_TLS_0FA1DF1E.der
Signature verification succeeds
[TLS] Server time: 1619995533
[TLS] client_random  (32): DEE0EA6A1732805C0018CC443F7B2D67C3FCAB597518225C70D140190C45B2E7
[TLS] sign_hash (32): 4A80CBC57EAADC09C31ECEDCBF5EF918AB721D44481097E135D2E1397B06FC26
[TLS] Written transcript to proofs/MSG_TLS_DEE0EA6A.out, proofs/SIG_TLS_DEE0EA6A.out and proofs/PK_TLS_DEE0EA6A.der
Signature verification succeeds
[TLS] Server time: 1619995533
[TLS] client_random  (32): 805D7960791C2667FD5D4C4C0EBA1467D6666356EE3CF3B8C5ABC90C3AEEA766
[TLS] sign_hash (32): 901E20FEBE544D9AB96815E7D4CB60FF99BC4544E9E05C2D0CED3F40C61439A5
[TLS] Written transcript to proofs/MSG_TLS_805D7960.out, proofs/SIG_TLS_805D7960.out and proofs/PK_TLS_805D7960.der
Signature verification succeeds
[TLS] Server time: 1619995533
[TLS] client_random  (32): 389F6C8A276263FBABB0C4FD9354EB0D6D98D96E4FC6DC0FD0FA24979F7FC72E
[TLS] sign_hash (32): A74B91ABAF6EA8BFAEEAFABDD60065987DE018B3C2B7C3546660FC6934EFA7D2
[TLS] Written transcript to proofs/MSG_TLS_389F6C8A.out, proofs/SIG_TLS_389F6C8A.out and proofs/PK_TLS_389F6C8A.der
Signature verification succeeds
[TLS] Server time: 1619995533
[TLS] client_random  (32): 2428C9834C6355E01D70DFFFC70D6200230BD223088325E75A95E653AA494874
[TLS] sign_hash (32): 703CDF6DEEEE3257254446BD0010CA7F45BCBD3C521748E1A3F0401C63AD40B0
[TLS] Written transcript to proofs/MSG_TLS_2428C983.out, proofs/SIG_TLS_2428C983.out and proofs/PK_TLS_2428C983.der
Signature verification succeeds
[TLS] Server time: 1619995533
[TLS] client_random  (32): 5A32749930893A9FEAA8235B423D6995075427F2A13938F4B803BE79DFEB1E3B
[TLS] sign_hash (32): 2E33CFAAB8CE72BC113A1B54AB44B79F8BB3027ACD3696300BA4ABE91CD6437C
[TLS] Written transcript to proofs/MSG_TLS_5A327499.out, proofs/SIG_TLS_5A327499.out and proofs/PK_TLS_5A327499.der
Signature verification succeeds
[TLS] Server time: 1619995533
[TLS] client_random  (32): A7F0F627CA658A8908AA831949C0841ED75469115556258F4330B13F40E6FE8A
[TLS] sign_hash (32): 5DE67505E2373B9A2D54DAD65876CDB645841E041490112E9E6B2F58063CFC1D
[TLS] Written transcript to proofs/MSG_TLS_A7F0F627.out, proofs/SIG_TLS_A7F0F627.out and proofs/PK_TLS_A7F0F627.der
Signature verification succeeds
[TLS] Server time: 1619995533
[TLS] client_random  (32): F58DCC440549EC7010DDFDDE8011679B0367B9410B55F60DAE74A3A368FE29B4
[TLS] sign_hash (32): 836931C6B56E0F081F76276D08EF9EF144D8B467644A5E20D55CFB664E765702
[TLS] Written transcript to proofs/MSG_TLS_F58DCC44.out, proofs/SIG_TLS_F58DCC44.out and proofs/PK_TLS_F58DCC44.der
Signature verification succeeds
[TLS] Server time: 1619995533
[TLS] client_random  (32): F2C4D6C544448159905D49D6851F07A7FD09B8E3E52BBF6FF3741DC4F7394CA4
[TLS] sign_hash (32): 7A563588B11544377B3EE7DC1CA9930FD7366545AF5122059A6FAE6BB6EA4421
[TLS] Written transcript to proofs/MSG_TLS_F2C4D6C5.out, proofs/SIG_TLS_F2C4D6C5.out and proofs/PK_TLS_F2C4D6C5.der
Signature verification succeeds
[TLS] Server time: 1619995533
[TLS] client_random  (32): A481A825D54F268C90F03B5783FEE147ADF51A1B52BDCF8E71764FB99FC9C29B
[TLS] sign_hash (32): 3946259644CB4D9E683EFC5385287268C65CEA2B30EF4B870CFB1746F9CD8CE4
[TLS] Written transcript to proofs/MSG_TLS_A481A825.out, proofs/SIG_TLS_A481A825.out and proofs/PK_TLS_A481A825.der
Signature verification succeeds
[TLS] Server time: 1619995533
[TLS] client_random  (32): 498D9D7B51A80A7A68AB3FEA29F3C7CBCEACA39D08EC33B89E9119559AD1D2E2
[TLS] sign_hash (32): 94381B24D48E636E28C0BB4CA273D67A2F87302A76D384745C2F88B23ECFE0A3
[TLS] Written transcript to proofs/MSG_TLS_498D9D7B.out, proofs/SIG_TLS_498D9D7B.out and proofs/PK_TLS_498D9D7B.der
Signature verification succeeds
[TLS] Server time: 1619995533
[TLS] client_random  (32): BFCC1C7AB56C969F8B51221F4D06CB164D65E91F333D581B1F17EAC22AF0BAFF
[TLS] sign_hash (32): D562B6B028B8E8C0BB697037C72CC8B0D3CD07DF8979E482D4A6382627D998A9
[TLS] Written transcript to proofs/MSG_TLS_BFCC1C7A.out, proofs/SIG_TLS_BFCC1C7A.out and proofs/PK_TLS_BFCC1C7A.der
Signature verification succeeds
[TLS] Server time: 1619995533
[TLS] client_random  (32): 4FA6FB12040632025492A483714F5A0A05B098600C4BF5BC779E9B975DD94CD1
[TLS] sign_hash (32): 43FE7F3FC8112E34455B3C8BF125796D7C69F80C8D463DFF86583F76D9643DCB
[TLS] Written transcript to proofs/MSG_TLS_4FA6FB12.out, proofs/SIG_TLS_4FA6FB12.out and proofs/PK_TLS_4FA6FB12.der
Signature verification succeeds
[TLS] Server time: 1619995533
[TLS] client_random  (32): F08CD14ADD9B497B26370608C58C715DB1EDCADEA2A9BFB46DAC96689B45D690
[TLS] sign_hash (32): DE89A9CEC49BCAA8F650857A5332AB532D036C1912ED75AFD0308DC2D6411BBC
[TLS] Written transcript to proofs/MSG_TLS_F08CD14A.out, proofs/SIG_TLS_F08CD14A.out and proofs/PK_TLS_F08CD14A.der
Signature verification succeeds
[TLS] Server time: 1619995533
[TLS] client_random  (32): 0C6EE3BF14013F5360E1DE34BDD5909F7961DBCBB04F8FD558F35BFCDA58DA73
[TLS] sign_hash (32): FD8FF1DABDFDDEB74857F3F1E12434CDEC5C077182DF325EA754ED003DBB1C9B
[TLS] Written transcript to proofs/MSG_TLS_0C6EE3BF.out, proofs/SIG_TLS_0C6EE3BF.out and proofs/PK_TLS_0C6EE3BF.der
Signature verification succeeds
[TLS] Server time: 1619995533
[TLS] client_random  (32): E093236D34E27EE6018CE5D2F4F60CD9C5828A624E947E4C2488441BA7A74CEC
[TLS] sign_hash (32): 75591817D47CE95F97E3554DC8834B116128B533E0A8E3C3E28F216882ED839A
[TLS] Written transcript to proofs/MSG_TLS_E093236D.out, proofs/SIG_TLS_E093236D.out and proofs/PK_TLS_E093236D.der
Signature verification succeeds
[TLS] Server time: 1619995533
[TLS] client_random  (32): EB19D9D1D08C0E6DD21476F4B34F299E87361CA9ADBDF9E5543864A15A72BC79
[TLS] sign_hash (32): C81CDFE8B6F384E425970F3E5A141B9803253E61D0270616888C1CB2857BDB53
[TLS] Written transcript to proofs/MSG_TLS_EB19D9D1.out, proofs/SIG_TLS_EB19D9D1.out and proofs/PK_TLS_EB19D9D1.der
Signature verification succeeds
[TLS] Server time: 1619995533
[TLS] client_random  (32): 26D2B42607EAA7753DC1AEFD5A8E810B6CFCC25F71CCE286C5E24E4E6B34019A
[TLS] sign_hash (32): 15BBBBD82CF50A54ED09D33CC1240F8A8353014F255F9AC7F0F2A2162C3DCA35
[TLS] Written transcript to proofs/MSG_TLS_26D2B426.out, proofs/SIG_TLS_26D2B426.out and proofs/PK_TLS_26D2B426.der
Signature verification succeeds
[TLS] Server time: 1619995533
[TLS] client_random  (32): 82848C4D829E84C8E3B4DED715D93ECA388D5690AC56E95688691DD04F7D1B1C
[TLS] sign_hash (32): 0C11DB418456438BEAC5CBD5274CFF3596BC579346490462F0AE7871A9109111
[TLS] Written transcript to proofs/MSG_TLS_82848C4D.out, proofs/SIG_TLS_82848C4D.out and proofs/PK_TLS_82848C4D.der
Signature verification succeeds
[TLS] Server time: 1619995533
[TLS] client_random  (32): 90A86CD9D30E61A1176DFD2277F9F09F436CCF91CEA262CCB4E883847C0ABD89
[TLS] sign_hash (32): 77BA25DA9F947D36C0BC3BFA4571FED55EB94C1FE2E7E3BCA7CB884891483A72
[TLS] Written transcript to proofs/MSG_TLS_90A86CD9.out, proofs/SIG_TLS_90A86CD9.out and proofs/PK_TLS_90A86CD9.der
Signature verification succeeds
[TLS] Server time: 1619995533
[TLS] client_random  (32): 4C2369E593DB688A227B88CB5E96145B0B9D86C7122F491B38EEA1C8751B8642
[TLS] sign_hash (32): FAEBAEE731696349B661340568F3A519C80BD94DE8B5AA357B77D1E92E895E45
[TLS] Written transcript to proofs/MSG_TLS_4C2369E5.out, proofs/SIG_TLS_4C2369E5.out and proofs/PK_TLS_4C2369E5.der
Signature verification succeeds
[TLS] Server time: 1619995533
[TLS] client_random  (32): AC243C9CE3875CE99E521488D70E7168B2A9DAAFAB3FF4CCA07A3FB705579D02
[TLS] sign_hash (32): 86FD551316BB4A4C47301CE7F0FC16C7C38BB181F55C982D6FED9BECAAB34451
[TLS] Written transcript to proofs/MSG_TLS_AC243C9C.out, proofs/SIG_TLS_AC243C9C.out and proofs/PK_TLS_AC243C9C.der
Signature verification succeeds
[TLS] Server time: 1619995533
[TLS] client_random  (32): 7D3531148608E3B055149DB5A54AECFC9E56195A2002EE51592CAD10D46F0AFC
[TLS] sign_hash (32): 447C7A775D4C6C82F4353A49865E6E0E0D34511023292C269A7BA2A9EB060588
[TLS] Written transcript to proofs/MSG_TLS_7D353114.out, proofs/SIG_TLS_7D353114.out and proofs/PK_TLS_7D353114.der
Signature verification succeeds
[TLS] Server time: 1619995533
[TLS] client_random  (32): 2ED3499157F13BDEC6734927B1576FC62CCBCD711D585738915013DBA4BC054C
[TLS] sign_hash (32): 6E0E9B8FCE84043D1F1497071D80999184E8A3A11736BAE93C642F646820B7D3
[TLS] Written transcript to proofs/MSG_TLS_2ED34991.out, proofs/SIG_TLS_2ED34991.out and proofs/PK_TLS_2ED34991.der
Signature verification succeeds
[TLS] Server time: 1619995533
[TLS] client_random  (32): E5732515D2AB22450B5B9BFB3FC85ED5DE572BCC6AB62F422B4316B01BD6C1B7
[TLS] sign_hash (32): AB0B4D4E8D57E5E87DCC03F62E5EED351BF3CB181361171C607878095057F134
[TLS] Written transcript to proofs/MSG_TLS_E5732515.out, proofs/SIG_TLS_E5732515.out and proofs/PK_TLS_E5732515.der
Signature verification succeeds
[TLS] Server time: 1619995533
[TLS] client_random  (32): B273BF5C928897E820992E04DB1F0989D9735D3A9C9F5E52C01B7E97228466EC
[TLS] sign_hash (32): 78CE6B776887BB722C8049839B9217FF416C50BC060C4F71728400944452E07B
[TLS] Written transcript to proofs/MSG_TLS_B273BF5C.out, proofs/SIG_TLS_B273BF5C.out and proofs/PK_TLS_B273BF5C.der
Signature verification succeeds
[TLS] Server time: 1619995533
[TLS] client_random  (32): 81E440D30D306A5E249B9BEE57675940711254CDEBB0940A84AF897853F1029D
[TLS] sign_hash (32): 56ED9C74C69024C9CE711EE59304A4DC86CF60CD0266D3A7AA63D6C45E16FF60
[TLS] Written transcript to proofs/MSG_TLS_81E440D3.out, proofs/SIG_TLS_81E440D3.out and proofs/PK_TLS_81E440D3.der
Signature verification succeeds
[TLS] Server time: 1619995533
[TLS] client_random  (32): 58A2F64EE0185898AAB7B6E766413E71D26C8B4C8AA40AA4E9A8F64F0C73B326
[TLS] sign_hash (32): 57B3CD7A95B3E8427EEF9DBF959FB8CEEBA6AAC7C5D96584901041E890268BE3
[TLS] Written transcript to proofs/MSG_TLS_58A2F64E.out, proofs/SIG_TLS_58A2F64E.out and proofs/PK_TLS_58A2F64E.der
Signature verification succeeds
[TLS] Server time: 1619995533
[TLS] client_random  (32): 2D98163178332BBE7194C2A7EDE65961873B12BD47130BA5B7150AD2E1D7D5D9
[TLS] sign_hash (32): 77E25C3677A56D6A510A07832985AD8068FA62FBFEB984CD3BEC14D9021C3AF7
[TLS] Written transcript to proofs/MSG_TLS_2D981631.out, proofs/SIG_TLS_2D981631.out and proofs/PK_TLS_2D981631.der
Signature verification succeeds
[TLS] Server time: 1619995533
[TLS] client_random  (32): 944A3C272E26E33A1656C5ED629FAEFD7F4568D7712A799FD419FA571598438A
[TLS] sign_hash (32): 05BAC84A64B1F3CF5C470751CBB87096ED1907BC672E17810800663DD5987F4F
[TLS] Written transcript to proofs/MSG_TLS_944A3C27.out, proofs/SIG_TLS_944A3C27.out and proofs/PK_TLS_944A3C27.der
Signature verification succeeds
[TLS] Server time: 1619995533
[TLS] client_random  (32): 2B58BB3B2DC75AFCAD26052AEE0CCD902CE0400290C4E2BD98BA60037998FB0A
[TLS] sign_hash (32): 89F1161E797E45B97517509756DA409BEA74FD5D2D020E5C6D58CECB726C7CE7
[TLS] Written transcript to proofs/MSG_TLS_2B58BB3B.out, proofs/SIG_TLS_2B58BB3B.out and proofs/PK_TLS_2B58BB3B.der
Signature verification succeeds
[TLS] Server time: 1619995533
[TLS] client_random  (32): BAAD1525D0E81E21D5B478AFADE98CD240FC75D4D762421F4344236CDA871949
[TLS] sign_hash (32): 031A6984D6E1058B2DEB32631EC5B3C0889BCC2FF5F99D00F4C3B6657501FC03
[TLS] Written transcript to proofs/MSG_TLS_BAAD1525.out, proofs/SIG_TLS_BAAD1525.out and proofs/PK_TLS_BAAD1525.der
Signature verification succeeds
[TLS] Server time: 1619995533
[TLS] client_random  (32): F6EA7A0E87D18A8C4FEC8D67F3D9D9BA63EC7695EB48DCD5382ED49185FAA27A
[TLS] sign_hash (32): 3105DECDF6B1C7423A2B383D2AB59E321477F7543E7B71D8B1D91827DED3146A
[TLS] Written transcript to proofs/MSG_TLS_F6EA7A0E.out, proofs/SIG_TLS_F6EA7A0E.out and proofs/PK_TLS_F6EA7A0E.der
Signature verification succeeds
[TLS] Server time: 1619995533
[TLS] client_random  (32): 4F3B26511D0374B96DEDE396F4F76CBD7CA670FEDFABFE7954F22946998EB148
[TLS] sign_hash (32): 46E5BD30615E84072281CCB838B4656C4755DB1B48EC4D32A16E3732F9FD63D0
[TLS] Written transcript to proofs/MSG_TLS_4F3B2651.out, proofs/SIG_TLS_4F3B2651.out and proofs/PK_TLS_4F3B2651.der
Signature verification succeeds
[TLS] Server time: 1619995533
[TLS] client_random  (32): 353BCE1BD5055500CF1366445DAB99E9033EE86E4B205937B989E703D8A9392B
[TLS] sign_hash (32): C47557F13C16D0D4444FD7086A90364A37D5556DDC1186CBA3C9BE8259692061
[TLS] Written transcript to proofs/MSG_TLS_353BCE1B.out, proofs/SIG_TLS_353BCE1B.out and proofs/PK_TLS_353BCE1B.der
Signature verification succeeds
[TLS] Server time: 1619995533
[TLS] client_random  (32): 0338D5DB0E0C35ACBF24F80687D69326F4AACB3C44F9B4FDD24752005FFFD350
[TLS] sign_hash (32): A3F920C9982DDA1ADB877989E2C60156FBD3009D6B5C5A9D77C6AB8391547B03
[TLS] Written transcript to proofs/MSG_TLS_0338D5DB.out, proofs/SIG_TLS_0338D5DB.out and proofs/PK_TLS_0338D5DB.der
Signature verification succeeds
[TLS] Server time: 1619995534
[TLS] client_random  (32): FE2F2BAA2BAA3FBE21BD2C2CC990DC326A00EADC7E91BB8C6E5B1A7FA1221934
[TLS] sign_hash (32): B2FC52F5D591528EFB1D7A3ACEAA47D60F51AD176C554743A1689998E08188E1
[TLS] Written transcript to proofs/MSG_TLS_FE2F2BAA.out, proofs/SIG_TLS_FE2F2BAA.out and proofs/PK_TLS_FE2F2BAA.der
Signature verification succeeds
[TLS] Server time: 1619995534
[TLS] client_random  (32): 6E7755EEE95DF287C3F5E6D13AD2E32998441DDBFB20903D5FDA995519E60998
[TLS] sign_hash (32): 8D7778004FC91F992C7E719DD097D0961233C6927BBF4F8C0688828D5E3B92B3
[TLS] Written transcript to proofs/MSG_TLS_6E7755EE.out, proofs/SIG_TLS_6E7755EE.out and proofs/PK_TLS_6E7755EE.der
Signature verification succeeds
[TLS] Server time: 1619995534
[TLS] client_random  (32): E0E5375383A7F553BE03658356DCB373572BAAABFD35AEBAD9837DB5D38C6195
[TLS] sign_hash (32): A1866162590EB4B52F1426B4CD27358A39BF1E468E03267CF50D8B118A14F123
[TLS] Written transcript to proofs/MSG_TLS_E0E53753.out, proofs/SIG_TLS_E0E53753.out and proofs/PK_TLS_E0E53753.der
Signature verification succeeds
[TLS] Server time: 1619995534
[TLS] client_random  (32): 3688DF9BFEEACCB19D19A0172CC1C6BA97C388133D46D3772FA51AE4E2BC2E27
[TLS] sign_hash (32): AA935C471FB7969F73200E0906F4EE4C9FEDDBE97A3281FC58B9E8F6C0B70A83
[TLS] Written transcript to proofs/MSG_TLS_3688DF9B.out, proofs/SIG_TLS_3688DF9B.out and proofs/PK_TLS_3688DF9B.der
Signature verification succeeds
[TLS] Server time: 1619995534
[TLS] client_random  (32): DDBD82ABA79A11E451B3AA879C89CD69D2AFC137EEEC619ABB447D357768F277
[TLS] sign_hash (32): A1B3CA6D7D5512A3EA84C3997F7C3A3FA442D8AD77ED192028CD665E8A511AC0
[TLS] Written transcript to proofs/MSG_TLS_DDBD82AB.out, proofs/SIG_TLS_DDBD82AB.out and proofs/PK_TLS_DDBD82AB.der
Signature verification succeeds
[TLS] Server time: 1619995534
[TLS] client_random  (32): F78274B633CD785FCBD1C07B74D0E3D82AE35F8BB91A0F24AFE244C37CCA7587
[TLS] sign_hash (32): 199B8ADB75D7265D07A31F539C9BE2DE85878284078C5448008B93F38C5502C9
[TLS] Written transcript to proofs/MSG_TLS_F78274B6.out, proofs/SIG_TLS_F78274B6.out and proofs/PK_TLS_F78274B6.der
Signature verification succeeds
[TLS] Server time: 1619995534
[TLS] client_random  (32): E4713A7FF565C276E4E697D45F2FB311E691E36CDF7CF7028B41D3104BB8301A
[TLS] sign_hash (32): 2EC20411F5CA30D19C70D538E9EFB3C4F8BD2FAC78EB21E4C657D434DB74CDCD
[TLS] Written transcript to proofs/MSG_TLS_E4713A7F.out, proofs/SIG_TLS_E4713A7F.out and proofs/PK_TLS_E4713A7F.der
Signature verification succeeds
[TLS] Server time: 1619995534
[TLS] client_random  (32): 22AE87EFC1132C1D0FA1315F4E640749000FA912C9E74BD166F1CEEFE5CCEC1A
[TLS] sign_hash (32): 98FF6B3371812893D3A862BF4E7F9A5E2EA352CFCD67D54C83CAC78DDFDEB93F
[TLS] Written transcript to proofs/MSG_TLS_22AE87EF.out, proofs/SIG_TLS_22AE87EF.out and proofs/PK_TLS_22AE87EF.der
Signature verification succeeds
[TLS] Server time: 1619995534
[TLS] client_random  (32): 03C3621A3397B46794AFA19D5D701DDA6961E7CBCFF933185110AA3DE74F857F
[TLS] sign_hash (32): DB54B9A40BB10A658A26AD35F2DEBB2717576EDBBFB1B18BBFB5546C33220FAB
[TLS] Written transcript to proofs/MSG_TLS_03C3621A.out, proofs/SIG_TLS_03C3621A.out and proofs/PK_TLS_03C3621A.der
Signature verification succeeds
[TLS] Server time: 1619995534
[TLS] client_random  (32): C877102F2F05B8939507ECD906B54730B1ABD606EB12002773EED8EBD6AE0F8E
[TLS] sign_hash (32): A115FD04A42591C0EFAA749654181665542B62ABEDE42ECF8449B4D33AD8F8A9
[TLS] Written transcript to proofs/MSG_TLS_C877102F.out, proofs/SIG_TLS_C877102F.out and proofs/PK_TLS_C877102F.der
Signature verification succeeds
[TLS] Server time: 1619995534
[TLS] client_random  (32): 1E4D4B3295276489B60B1307F8140FEE25FABB6EF27DFF5D1D52C6DF98FBFAEF
[TLS] sign_hash (32): A73150CE3C82B26A66352A498E46454F126C28E0B359DD689E01C8E1554CFE4E
[TLS] Written transcript to proofs/MSG_TLS_1E4D4B32.out, proofs/SIG_TLS_1E4D4B32.out and proofs/PK_TLS_1E4D4B32.der
Signature verification succeeds
[TLS] Server time: 1619995535
[TLS] client_random  (32): 01297A78EAB7796C4EF56B93FB8B71B320FF972E05608E3F71D79F00A4021044
[TLS] sign_hash (32): 16F3AB4594770DAF507A951290EFFDBA1E65AA6F3A2A3D8CA425972F948DB57A
[TLS] Written transcript to proofs/MSG_TLS_01297A78.out, proofs/SIG_TLS_01297A78.out and proofs/PK_TLS_01297A78.der
Signature verification succeeds
[TLS] Server time: 1619995535
[TLS] client_random  (32): 5FC1FD1ED56615BD0405930D9760ACEE979A686E6779202870B6D86DEC6E5192
[TLS] sign_hash (32): EA118CAEA089DFBD09ACB9F7527A55F7AFED3C995A0D3B89551D0960E3703745
[TLS] Written transcript to proofs/MSG_TLS_5FC1FD1E.out, proofs/SIG_TLS_5FC1FD1E.out and proofs/PK_TLS_5FC1FD1E.der
Signature verification succeeds
[TLS] Server time: 1619995536
[TLS] client_random  (32): 7D3F05A546EA8618854AACA3B2BBF668CFC45F76A792EF1C25475F76AD97E25B
[TLS] sign_hash (32): B7B6B73EA321A720DE16D371413275E3E4D611831584651A1CDC5EC327A26C69
[TLS] Written transcript to proofs/MSG_TLS_7D3F05A5.out, proofs/SIG_TLS_7D3F05A5.out and proofs/PK_TLS_7D3F05A5.der
Signature verification succeeds
[TLS] Server time: 1619995536
[TLS] client_random  (32): DDE2FE1C00ACB57E4C12A3F860699F28DAB2B2EA134D457872E6B6E42DA072B4
[TLS] sign_hash (32): 96DE0556A7DBBFC6A6E16D3E7FC0661F403CBD5DC999168AC3596ECAF9DD2AAE
[TLS] Written transcript to proofs/MSG_TLS_DDE2FE1C.out, proofs/SIG_TLS_DDE2FE1C.out and proofs/PK_TLS_DDE2FE1C.der
Signature verification succeeds
[TLS] Server time: 1619995536
[TLS] client_random  (32): B81048963D333B5DAB956D90CF88CD4FC2CFE7123FC0BF232B50D41CF4C1A94B
[TLS] sign_hash (32): BF0C9DE798F24CA3AB44C4691634D9FC3A8E58FF43A9C2712805258F8A0FE5B5
[TLS] Written transcript to proofs/MSG_TLS_B8104896.out, proofs/SIG_TLS_B8104896.out and proofs/PK_TLS_B8104896.der
Signature verification succeeds
[TLS] Server time: 1619995536
[TLS] client_random  (32): E0585FE97F862150528F5B4110A2D3CECAD6B3E75E46204F9A730C3BED04D437
[TLS] sign_hash (32): 33F0913D1887DFFE2BD2EC422DE69630FF3C9B03822A87DD7FF7A3A2F00A7C40
[TLS] Written transcript to proofs/MSG_TLS_E0585FE9.out, proofs/SIG_TLS_E0585FE9.out and proofs/PK_TLS_E0585FE9.der
Signature verification succeeds
[TLS] Server time: 1619995537
[TLS] client_random  (32): F1D7F3B4B4B6AB9BB9691E5CF347D21E061ECFA64C686036A8B6483B78D22FDF
[TLS] sign_hash (32): 8E47ADFCB6A908A13901BF10FC93BDE7719C57F1F992AC7F6402D065BC3B014D
[TLS] Written transcript to proofs/MSG_TLS_F1D7F3B4.out, proofs/SIG_TLS_F1D7F3B4.out and proofs/PK_TLS_F1D7F3B4.der
Signature verification succeeds
[TLS] Server time: 1619995537
[TLS] client_random  (32): 134260D0564E8A761D79D5FA87218881DF21248BA1A3F69375EDD2A57E040C8A
[TLS] sign_hash (32): AD9734476D193EA04F0D57E20AD1BD695695F732D64739ED218BC00B40B07054
[TLS] Written transcript to proofs/MSG_TLS_134260D0.out, proofs/SIG_TLS_134260D0.out and proofs/PK_TLS_134260D0.der
Signature verification succeeds
Time breakdown (averages): anchor_ping:257.171822 file_read:0.152807 hashing:0.471534
Total time for 99 rounds is 25778.999836ms
Standard deviations: anchor_ping:2022.919850 file_read:0.017555 hashing:0.006126
[Client-side ops] mean:0.624341 sd:0.019584
in & out anchor rand written to proofs/phase1.out
     29 [TLS] Server time: 1619995512
      3 [TLS] Server time: 1619995532
     49 [TLS] Server time: 1619995533
     11 [TLS] Server time: 1619995534
      2 [TLS] Server time: 1619995535
      4 [TLS] Server time: 1619995536
      2 [TLS] Server time: 1619995537
Count is 29
Count is 3
Count is 49
Count is 11
Count is 2
Count is 4
Count is 2
success: 1
RESULT: 1 in 2 tries
