TLS anchor: nott.ac.uk
Actual: 48, Set: 99
Beginning execution at Mon May 3 05:45:01 UTC 2021
CONF: anchor:nott.ac.uk fs:1024MB n_rounds:99 seed:5c9f4bf9bbc15bb855f82faedc5a52fc3ab2dfa8ec3ba3ce1b270f31fa0cced2 filename:FILE bs:1024 nops:100 benchmarking:0 anchor_ping:1 queue_depth:32 direct:0
[TLS] Connecting to nott.ac.uk
[TLS] Server time: 1620020701
[TLS] client_random  (32): 5C9F4BF9BBC15BB855F82FAEDC5A52FC3AB2DFA8EC3BA3CE1B270F31FA0CCED2
[TLS] sign_hash (32): F7B42927EF77D6B28B49095483CA6F8D9B22859CC8AE95A18A836BDE76B1AC8D
[TLS] Written transcript to proofs/MSG_TLS_5C9F4BF9.out, proofs/SIG_TLS_5C9F4BF9.out and proofs/PK_TLS_5C9F4BF9.der
Signature verification succeeds
[TLS] Server time: 1620020701
[TLS] client_random  (32): 3A6AE2141769DB0411435846D3EFFE4ECAF1709ECDA672F57923DD0C91D23C1B
[TLS] sign_hash (32): 2C586906822CCD12BE9592CC355FBA1D0B6B8C9B011708F47D2AE18CD4642F88
[TLS] Written transcript to proofs/MSG_TLS_3A6AE214.out, proofs/SIG_TLS_3A6AE214.out and proofs/PK_TLS_3A6AE214.der
Signature verification succeeds
[TLS] Server time: 1620020701
[TLS] client_random  (32): 9DD3B23B9443C8C4FABAE35E562826F55498F70AD9D1242BC4F94615B582D814
[TLS] sign_hash (32): EBDA6E2C10C7AEE67C09E2656BA45200BA512E09FC5A27F56FA0D5B5C68371E1
[TLS] Written transcript to proofs/MSG_TLS_9DD3B23B.out, proofs/SIG_TLS_9DD3B23B.out and proofs/PK_TLS_9DD3B23B.der
Signature verification succeeds
[TLS] Server time: 1620020701
[TLS] client_random  (32): 2FCDEEFE618A1FCE2ECA3D2C2AC664CD02AC8AEA0F04688A1033CDCD4E6C2B10
[TLS] sign_hash (32): 3F28175CD55BE03716F9896660FD108B729E3FFAEDF626F171AB7AB02F948EDE
[TLS] Written transcript to proofs/MSG_TLS_2FCDEEFE.out, proofs/SIG_TLS_2FCDEEFE.out and proofs/PK_TLS_2FCDEEFE.der
Signature verification succeeds
[TLS] Server time: 1620020702
[TLS] client_random  (32): 5A44157EFB1675B81CCD690B131F35C2B67CD5A3B37037EBB26FE2AEEAB19FF4
[TLS] sign_hash (32): F337826590719C92E71C68F5F50E4D898624BA2408A9C30E16D5367AC6D241B5
[TLS] Written transcript to proofs/MSG_TLS_5A44157E.out, proofs/SIG_TLS_5A44157E.out and proofs/PK_TLS_5A44157E.der
Signature verification succeeds
[TLS] Server time: 1620020702
[TLS] client_random  (32): 3C3ECB3AE20CF3381BB53DB378AC2D1FD639D9858C101DEF9838554E5DD866E0
[TLS] sign_hash (32): F65806C2C2BFBCACBD8378185C4024E1C7E608947B2E421D7DFE690835BF5365
[TLS] Written transcript to proofs/MSG_TLS_3C3ECB3A.out, proofs/SIG_TLS_3C3ECB3A.out and proofs/PK_TLS_3C3ECB3A.der
Signature verification succeeds
[TLS] Server time: 1620020702
[TLS] client_random  (32): 02A2858855BB7EF78F45041366A1D6F2173328D472E90D3BD5430C7D219226F2
[TLS] sign_hash (32): 709CC0B5F5BE0B83354EE51B2FC29DBCAFF03CD50F8F6B3572D3B50A73BF841F
[TLS] Written transcript to proofs/MSG_TLS_02A28588.out, proofs/SIG_TLS_02A28588.out and proofs/PK_TLS_02A28588.der
Signature verification succeeds
[TLS] Server time: 1620020702
[TLS] client_random  (32): CDE3E68C1DEA5A09C8A33664E4D283A7B25FB362E98CA230E5D86E677BA6C2F7
[TLS] sign_hash (32): 38FED466221E4CCB450B0C0191CF41A5CD8F1FC50D43A72678B84B9F675B5F25
[TLS] Written transcript to proofs/MSG_TLS_CDE3E68C.out, proofs/SIG_TLS_CDE3E68C.out and proofs/PK_TLS_CDE3E68C.der
Signature verification succeeds
[TLS] Server time: 1620020702
[TLS] client_random  (32): 3E47467179E5129F76871229AF31E97B3F91E06C28C2EF231782A3A902B974AD
[TLS] sign_hash (32): BB3F08DEF83992A77C4AA9FC83C6C80092A0F634A528964B7C96D77485E3DCCA
[TLS] Written transcript to proofs/MSG_TLS_3E474671.out, proofs/SIG_TLS_3E474671.out and proofs/PK_TLS_3E474671.der
Signature verification succeeds
[TLS] Server time: 1620020702
[TLS] client_random  (32): 26E115741E755F1F283512CD3660D65523F816FCB712B0BE3E272B01EE4FC447
[TLS] sign_hash (32): 05AD4599E03B44C6E828DC8F3F7D922CA7693DC3389D3C743B6018136C34DB64
[TLS] Written transcript to proofs/MSG_TLS_26E11574.out, proofs/SIG_TLS_26E11574.out and proofs/PK_TLS_26E11574.der
Signature verification succeeds
[TLS] Server time: 1620020702
[TLS] client_random  (32): 07039DD86D073109CB174C44159E4AAC984C4E4FB7F3D6EA6822F164939EB398
[TLS] sign_hash (32): 7579761F36409B9D83FA68CAF76CE93903891FC71275CC20EB009C19B29B9720
[TLS] Written transcript to proofs/MSG_TLS_07039DD8.out, proofs/SIG_TLS_07039DD8.out and proofs/PK_TLS_07039DD8.der
Signature verification succeeds
[TLS] Server time: 1620020702
[TLS] client_random  (32): 3A3DF19638DFEE2E076E34BC75EE0237A1E57A90913230B1A71E83360141E560
[TLS] sign_hash (32): 8A18455B36FF5A82F63131B14926DA2C01717BA5B05AD0FC605297CC36DEE376
[TLS] Written transcript to proofs/MSG_TLS_3A3DF196.out, proofs/SIG_TLS_3A3DF196.out and proofs/PK_TLS_3A3DF196.der
Signature verification succeeds
[TLS] Server time: 1620020702
[TLS] client_random  (32): E23333895566B7AD69DEBA5892A81CB451A5C9DA9A88684266C4EFB89571F99E
[TLS] sign_hash (32): A9C21585C8AE43EF020381BA4D8244F1AC5EB21F031A75179F63E6D5D893BB45
[TLS] Written transcript to proofs/MSG_TLS_E2333389.out, proofs/SIG_TLS_E2333389.out and proofs/PK_TLS_E2333389.der
Signature verification succeeds
[TLS] Server time: 1620020702
[TLS] client_random  (32): 767F24C35C6E00AD87F7DE6F7121A4BDF0027A3AFDC59F41239E0962E9BEB5E3
[TLS] sign_hash (32): 34C63E9DFEDBB7E69F3718CF8954A4193F5E9E99EA1079C09038FB8DD0D392B7
[TLS] Written transcript to proofs/MSG_TLS_767F24C3.out, proofs/SIG_TLS_767F24C3.out and proofs/PK_TLS_767F24C3.der
Signature verification succeeds
[TLS] Server time: 1620020702
[TLS] client_random  (32): F70DE5DE2941AE86192028015EC564870C3511A733DF3B0F096D79F488CA06B4
[TLS] sign_hash (32): F7CA4581CF1DB275E55DB301F77B1F7D936D3892D6D703114ECA906CDA899B88
[TLS] Written transcript to proofs/MSG_TLS_F70DE5DE.out, proofs/SIG_TLS_F70DE5DE.out and proofs/PK_TLS_F70DE5DE.der
Signature verification succeeds
[TLS] Server time: 1620020702
[TLS] client_random  (32): 6C20ADFC41B8637FE917EC4B11ECF6D9D43BD7B02B87501A616D2DA7A193E3CD
[TLS] sign_hash (32): 72DDE945B6C7569786121A5F2B705618E0D32BAA88D8A4B03FFA7528B962EE0C
[TLS] Written transcript to proofs/MSG_TLS_6C20ADFC.out, proofs/SIG_TLS_6C20ADFC.out and proofs/PK_TLS_6C20ADFC.der
Signature verification succeeds
[TLS] Server time: 1620020702
[TLS] client_random  (32): 7360C00D3F3D8085D924217BB57F39142AFE62800AA44631686AFB9E4468424B
[TLS] sign_hash (32): 0111B51D161A90FC1F4E55EED7C023617638DC507E8DE229777C7FB8F8923256
[TLS] Written transcript to proofs/MSG_TLS_7360C00D.out, proofs/SIG_TLS_7360C00D.out and proofs/PK_TLS_7360C00D.der
Signature verification succeeds
[TLS] Server time: 1620020702
[TLS] client_random  (32): 4DDE659E336F0411FA99C44E61E787FB24161D682CB900EED4691F84B1A4F725
[TLS] sign_hash (32): 8CD728CA5111CB3F03D448365E2A968B3EC6DA0DB889AF60ADBEC903856693D6
[TLS] Written transcript to proofs/MSG_TLS_4DDE659E.out, proofs/SIG_TLS_4DDE659E.out and proofs/PK_TLS_4DDE659E.der
Signature verification succeeds
[TLS] Server time: 1620020702
[TLS] client_random  (32): 2AA1C0EE670E7902660093EE6BFD61ECECC1B9E97969287109E0983AE81480EA
[TLS] sign_hash (32): 5A82E6E0B9375561842730DB85EDD3C1B767F2DBBA5615DB1F872E7A6C9857C8
[TLS] Written transcript to proofs/MSG_TLS_2AA1C0EE.out, proofs/SIG_TLS_2AA1C0EE.out and proofs/PK_TLS_2AA1C0EE.der
Signature verification succeeds
[TLS] Server time: 1620020702
[TLS] client_random  (32): 7E96F3AB8795FE53D17B9DE788757E4159A7AD54054A80614F0C60BF8F44CACC
[TLS] sign_hash (32): 85BECF426DBF27BB3B67BB73DD6E90C98F2EC954D5A465980550A2ADABCE4325
[TLS] Written transcript to proofs/MSG_TLS_7E96F3AB.out, proofs/SIG_TLS_7E96F3AB.out and proofs/PK_TLS_7E96F3AB.der
Signature verification succeeds
[TLS] Server time: 1620020703
[TLS] client_random  (32): 9BDEFFE7694BF341962D50049C46EDCDC7197710AF28B701573392252E9B6EFA
[TLS] sign_hash (32): 9AA501156269740A0F9A4271A08771A3C5E72891BF5B53D6C403019ECFA59267
[TLS] Written transcript to proofs/MSG_TLS_9BDEFFE7.out, proofs/SIG_TLS_9BDEFFE7.out and proofs/PK_TLS_9BDEFFE7.der
Signature verification succeeds
[TLS] Server time: 1620020703
[TLS] client_random  (32): DB827FB0C02D43DC679639F7D590A2C594454929D77CEDEFDDB16FC21AFF0954
[TLS] sign_hash (32): 808D8BAD183682D03486AFADBC8DF3606E9DE4E95A892CA55EB299ACF46F0E85
[TLS] Written transcript to proofs/MSG_TLS_DB827FB0.out, proofs/SIG_TLS_DB827FB0.out and proofs/PK_TLS_DB827FB0.der
Signature verification succeeds
[TLS] Server time: 1620020704
[TLS] client_random  (32): 23C5A6ADB6D1D663EA6FAB4945EA7BED2079E87EFE793BD5B1E43B71F5DD4977
[TLS] sign_hash (32): 21139D34DA8102ED044972A7DF5AA6A5081B25E535ADC9186563C849641DAD39
[TLS] Written transcript to proofs/MSG_TLS_23C5A6AD.out, proofs/SIG_TLS_23C5A6AD.out and proofs/PK_TLS_23C5A6AD.der
Signature verification succeeds
[TLS] Server time: 1620020704
[TLS] client_random  (32): DF528E313008F562754A17BFB9A07A82C6880809A2342047C078AC9F34ED2BC8
[TLS] sign_hash (32): 174325C7388EB96D7D808E0A956F179F078211AAB6C72A6EA81ECB27B6756819
[TLS] Written transcript to proofs/MSG_TLS_DF528E31.out, proofs/SIG_TLS_DF528E31.out and proofs/PK_TLS_DF528E31.der
Signature verification succeeds
[TLS] Server time: 1620020704
[TLS] client_random  (32): DF46B76F5A6AD0E82EA8AFB0914DB95C0B7B8D301C46DB265151E5C0A5B0531F
[TLS] sign_hash (32): 12CC445E50503E1D38572538B785546CE67AE1785AED2BBBF3CF9F8E28B0B10F
[TLS] Written transcript to proofs/MSG_TLS_DF46B76F.out, proofs/SIG_TLS_DF46B76F.out and proofs/PK_TLS_DF46B76F.der
Signature verification succeeds
[TLS] Server time: 1620020704
[TLS] client_random  (32): 1F4423398ADDC878452768E3DB42CA465ED0FCEEFBF54643462B468E9FC160C7
[TLS] sign_hash (32): 086102816347C92E2755CDCB2E0650EE40B7D4D71E5F4C7C0ADC300F7D7E05BA
[TLS] Written transcript to proofs/MSG_TLS_1F442339.out, proofs/SIG_TLS_1F442339.out and proofs/PK_TLS_1F442339.der
Signature verification succeeds
[TLS] Server time: 1620020705
[TLS] client_random  (32): 2A060CB74059E97C6527C58E73DDBEEE160DB8A754C7D97499FB57294958DC96
[TLS] sign_hash (32): 4475EFDA22AA6EDA5F318B546691F30AEBAD7B243A3F9DA918D37FACBC99CF58
[TLS] Written transcript to proofs/MSG_TLS_2A060CB7.out, proofs/SIG_TLS_2A060CB7.out and proofs/PK_TLS_2A060CB7.der
Signature verification succeeds
[TLS] Server time: 1620020705
[TLS] client_random  (32): C0FE692BC7A9B4E75B82090D44ED7B008F5826A5ED667B0084FE314AED3035C6
[TLS] sign_hash (32): 69F83F18F0DEA3302A4445455F57456EAE6A087D48546FFF861A6E5D658FEABA
[TLS] Written transcript to proofs/MSG_TLS_C0FE692B.out, proofs/SIG_TLS_C0FE692B.out and proofs/PK_TLS_C0FE692B.der
Signature verification succeeds
[TLS] Server time: 1620020705
[TLS] client_random  (32): 481BC7B43B94DA13F43CFA0A2922894F828A463B45550293ED6C3890940B3347
[TLS] sign_hash (32): 5E4CD1B1042344049DBBFA03AE914D43B4D5058038970814C9ABE34536D3241C
[TLS] Written transcript to proofs/MSG_TLS_481BC7B4.out, proofs/SIG_TLS_481BC7B4.out and proofs/PK_TLS_481BC7B4.der
Signature verification succeeds
[TLS] Server time: 1620020705
[TLS] client_random  (32): 198AAC1BBF588D9CEEE2FCA8CFFF5CDA92ED70903E4C26F6FC0F3FFDA27A63CF
[TLS] sign_hash (32): 4879B13149F3CA1CD8AD8319EF274D2FCF7DA41BADEEA3E37D3C71D502E18521
[TLS] Written transcript to proofs/MSG_TLS_198AAC1B.out, proofs/SIG_TLS_198AAC1B.out and proofs/PK_TLS_198AAC1B.der
Signature verification succeeds
[TLS] Server time: 1620020705
[TLS] client_random  (32): 037D944598F33E517C5049C524238E5A6916720A34ED7EF508AB0F44F2E9E5D4
[TLS] sign_hash (32): EF7680803132B68342B3CB8E0F658080AF67185CA17512A99C1CBD18B7E87333
[TLS] Written transcript to proofs/MSG_TLS_037D9445.out, proofs/SIG_TLS_037D9445.out and proofs/PK_TLS_037D9445.der
Signature verification succeeds
[TLS] Server time: 1620020705
[TLS] client_random  (32): B00AA46EFC41F121CF86BE45A22E2370D1523102076C0DE331FC16C5DABAFD31
[TLS] sign_hash (32): 3A572FAD16E270AB7BC524751AC759A3605D7C1BAABC1CE213383BF80DAE4A21
[TLS] Written transcript to proofs/MSG_TLS_B00AA46E.out, proofs/SIG_TLS_B00AA46E.out and proofs/PK_TLS_B00AA46E.der
Signature verification succeeds
[TLS] Server time: 1620020705
[TLS] client_random  (32): 2658AB392A729912AE8E4EB713D31D4F636AC3970E2D6C56D25A50F396E26C53
[TLS] sign_hash (32): 8EA3B07FD82F37BC9AAF3B8D83E0954815767DF5A41DDF6EF481C7615E17AB72
[TLS] Written transcript to proofs/MSG_TLS_2658AB39.out, proofs/SIG_TLS_2658AB39.out and proofs/PK_TLS_2658AB39.der
Signature verification succeeds
[TLS] Server time: 1620020705
[TLS] client_random  (32): 21924BAA63ECBB68DFDE9DB9CCEE8F88DE2EAC10321675C53AB8837FA2C189E1
[TLS] sign_hash (32): A72285F14F57DBE486484EC646886798DC669DB9C0E34846497645856369E0FE
[TLS] Written transcript to proofs/MSG_TLS_21924BAA.out, proofs/SIG_TLS_21924BAA.out and proofs/PK_TLS_21924BAA.der
Signature verification succeeds
[TLS] Server time: 1620020706
[TLS] client_random  (32): CA59067554ABDB866421F8953558712C1319D1F487ADD24910C6344520EC0AF6
[TLS] sign_hash (32): 176809BC990C7BCD1C2446155652FA1B02120D0D10D2BC57A87318C4DCFD9E32
[TLS] Written transcript to proofs/MSG_TLS_CA590675.out, proofs/SIG_TLS_CA590675.out and proofs/PK_TLS_CA590675.der
Signature verification succeeds
[TLS] Server time: 1620020706
[TLS] client_random  (32): 7393A9F4617D226ABB621D99E33FDD3372B4C893E0AE12457C101C14C1AD2299
[TLS] sign_hash (32): 2A4DC58104A1CA5C4C8CBA84169242C11E81A32574B26F863E87745594F54903
[TLS] Written transcript to proofs/MSG_TLS_7393A9F4.out, proofs/SIG_TLS_7393A9F4.out and proofs/PK_TLS_7393A9F4.der
Signature verification succeeds
[TLS] Server time: 1620020706
[TLS] client_random  (32): E9281F72090F20FAFC46C8C9B00866102BA9B8337AF39839C8CEEA71292B5B22
[TLS] sign_hash (32): F7405FF11BAFC5F38A0D058BF1389A56AAC5D5DD124DD003F89AA85467AF6052
[TLS] Written transcript to proofs/MSG_TLS_E9281F72.out, proofs/SIG_TLS_E9281F72.out and proofs/PK_TLS_E9281F72.der
Signature verification succeeds
[TLS] Server time: 1620020706
[TLS] client_random  (32): 29BFF6AFB18C55D8700D666C76CB499CDEB24D31102E43C3CE0F16C6324CD609
[TLS] sign_hash (32): C689DB3A32E47947C0F236680C5877BCEFB8A54AB1EDB99647E41537F1EFB92D
[TLS] Written transcript to proofs/MSG_TLS_29BFF6AF.out, proofs/SIG_TLS_29BFF6AF.out and proofs/PK_TLS_29BFF6AF.der
Signature verification succeeds
[TLS] Server time: 1620020706
[TLS] client_random  (32): 57A024727EC128BFD75BB0B55F06A67B89FEC770885269967D0AFF8DADF005A9
[TLS] sign_hash (32): 95134B7806365D7B7D624F1D4737210719F815E8B6FF07A92982A97D99C7E41C
[TLS] Written transcript to proofs/MSG_TLS_57A02472.out, proofs/SIG_TLS_57A02472.out and proofs/PK_TLS_57A02472.der
Signature verification succeeds
[TLS] Server time: 1620020706
[TLS] client_random  (32): 44B48C74698D55E3CFCE49F2C7FF3EE4F6F41196DE99A1CC9BFCDED9D2FCCCE2
[TLS] sign_hash (32): 78FAE1B74E1F01010A24B59D173B9B625FB5CD08F4835229B79D64ACB45763C3
[TLS] Written transcript to proofs/MSG_TLS_44B48C74.out, proofs/SIG_TLS_44B48C74.out and proofs/PK_TLS_44B48C74.der
Signature verification succeeds
[TLS] Server time: 1620020706
[TLS] client_random  (32): 2747BB126F5DD040D1D4DDB80AEBBEB0EBFE3CE9541CA8ADB51D07E99CBD1175
[TLS] sign_hash (32): B19A05C6C6740ED2DED7CDCEB3200AF5112CA6749EDC551FB2F5554B6A9D31A2
[TLS] Written transcript to proofs/MSG_TLS_2747BB12.out, proofs/SIG_TLS_2747BB12.out and proofs/PK_TLS_2747BB12.der
Signature verification succeeds
[TLS] Server time: 1620020706
[TLS] client_random  (32): A2B80AFBAD70C458D9E3A143048720D8E21761D74BF67FDCF6B8AC6EFB277B72
[TLS] sign_hash (32): C13028F8CEFC689ADA4C5EF992343B02E8DFA32BB6DEE6549B489E20101DB709
[TLS] Written transcript to proofs/MSG_TLS_A2B80AFB.out, proofs/SIG_TLS_A2B80AFB.out and proofs/PK_TLS_A2B80AFB.der
Signature verification succeeds
[TLS] Server time: 1620020706
[TLS] client_random  (32): E2FA0201D439BB435B6B3F23FC3C15B374BCFC8C0266F3881BCA1A5473680AB4
[TLS] sign_hash (32): 7BDC47604FB85980BF42B4D50BEADED7D083B7765AE3B5FB30CB70FFE83E1DA8
[TLS] Written transcript to proofs/MSG_TLS_E2FA0201.out, proofs/SIG_TLS_E2FA0201.out and proofs/PK_TLS_E2FA0201.der
Signature verification succeeds
[TLS] Server time: 1620020706
[TLS] client_random  (32): BD8AF73104C7A5B2AEE7D398FF33D36F28283E4315F5EDE00E323ED8E6B9160B
[TLS] sign_hash (32): 238B9945F3D65287695B4E3045F3E0B9ECFAA0F87C42AC098F59CD34C25B8A9C
[TLS] Written transcript to proofs/MSG_TLS_BD8AF731.out, proofs/SIG_TLS_BD8AF731.out and proofs/PK_TLS_BD8AF731.der
Signature verification succeeds
[TLS] Server time: 1620020706
[TLS] client_random  (32): EE73757639593CAEC835940546C3609151047F21ED9A67F86E6B6E2DC32012F2
[TLS] sign_hash (32): F372BCB269427E2E582D802E6B545F421F0655955C7DC83B6A926F1CF2207E64
[TLS] Written transcript to proofs/MSG_TLS_EE737576.out, proofs/SIG_TLS_EE737576.out and proofs/PK_TLS_EE737576.der
Signature verification succeeds
[TLS] Server time: 1620020706
[TLS] client_random  (32): 0C61E31B5A83303EC73F4FA0AA9525957338E73856F612E627FD51140AA9D65C
[TLS] sign_hash (32): 2E58F1B01058E0D4DE305DA73D1A0BBB42796637B57C2A0D3D7762FC88FD7B1F
[TLS] Written transcript to proofs/MSG_TLS_0C61E31B.out, proofs/SIG_TLS_0C61E31B.out and proofs/PK_TLS_0C61E31B.der
Signature verification succeeds
[TLS] Server time: 1620020706
[TLS] client_random  (32): E24323EA33EC7F0877FAA55AB5A2781F9AE1F98085D5821C4C9F8CCEE9FCCF7B
[TLS] sign_hash (32): 59784574AE2CE936C9328E70CCEBB416CD4795863EB5CB7D536DD35DF803CFC8
[TLS] Written transcript to proofs/MSG_TLS_E24323EA.out, proofs/SIG_TLS_E24323EA.out and proofs/PK_TLS_E24323EA.der
Signature verification succeeds
[TLS] Server time: 1620020706
[TLS] client_random  (32): B15D26FF02D470F4A61AF344BCAB3F2DDC31C3E4F672DE65C9BF112201720FD5
[TLS] sign_hash (32): 7F61D3249BE78EA2F415398784A7B89BF821044B5BBF7E5F8E27A2776916CFB1
[TLS] Written transcript to proofs/MSG_TLS_B15D26FF.out, proofs/SIG_TLS_B15D26FF.out and proofs/PK_TLS_B15D26FF.der
Signature verification succeeds
[TLS] Server time: 1620020706
[TLS] client_random  (32): 908DA99C3A79DAF7079C0A602BFD8B4307A18E71CCA7E9407F0A95F5FBD7160E
[TLS] sign_hash (32): EA4396094279905CCA7F25929AC6CCDA667F576488C57E6F3F3EADBA2C3057B9
[TLS] Written transcript to proofs/MSG_TLS_908DA99C.out, proofs/SIG_TLS_908DA99C.out and proofs/PK_TLS_908DA99C.der
Signature verification succeeds
[TLS] Server time: 1620020706
[TLS] client_random  (32): FFFE33BA76BAFB62E4B83A00C798839E5652B8FE19D430C1A55019E1C745ECA6
[TLS] sign_hash (32): 9F05702015F6B73EAC6B31741F55C8C6BD1B5B6EC7C29AAF44189D6D333435CF
[TLS] Written transcript to proofs/MSG_TLS_FFFE33BA.out, proofs/SIG_TLS_FFFE33BA.out and proofs/PK_TLS_FFFE33BA.der
Signature verification succeeds
[TLS] Server time: 1620020707
[TLS] client_random  (32): B364B5DA68180424527D82A742E86F0F007F9F3DE82A15933525EF2AF9675670
[TLS] sign_hash (32): 9EADE86A6F221BAA0BC122BBFF6F205FEBD60D81F5D33FF167A9EE453FCF8E5B
[TLS] Written transcript to proofs/MSG_TLS_B364B5DA.out, proofs/SIG_TLS_B364B5DA.out and proofs/PK_TLS_B364B5DA.der
Signature verification succeeds
[TLS] Server time: 1620020707
[TLS] client_random  (32): E062BF161C6EB380EBFA5C29C04AA2ACAC79A9B324766494D100126B2771944C
[TLS] sign_hash (32): 0A4C2A030621FFC8E822CBFF528EB517C656666B440A7FA3743BAA730B4C87BF
[TLS] Written transcript to proofs/MSG_TLS_E062BF16.out, proofs/SIG_TLS_E062BF16.out and proofs/PK_TLS_E062BF16.der
Signature verification succeeds
[TLS] Server time: 1620020707
[TLS] client_random  (32): 2387673E814DF2397C665F7BF1199BB3DB6F4CFC3FD62017A5C15C99B33CF824
[TLS] sign_hash (32): 45F223762A264D5B33D5C7E685BAF257D4582F620C038C3B9C052736834F7E24
[TLS] Written transcript to proofs/MSG_TLS_2387673E.out, proofs/SIG_TLS_2387673E.out and proofs/PK_TLS_2387673E.der
Signature verification succeeds
[TLS] Server time: 1620020707
[TLS] client_random  (32): 0754BEB8F9CDDBD37DF04918B340963B61D2C831BBF6951E105B1E7989B33D77
[TLS] sign_hash (32): 7A7CBC89D96522D2E8A34981C8F17902231A0D2B6794518203149A670DD12F9E
[TLS] Written transcript to proofs/MSG_TLS_0754BEB8.out, proofs/SIG_TLS_0754BEB8.out and proofs/PK_TLS_0754BEB8.der
Signature verification succeeds
[TLS] Server time: 1620020707
[TLS] client_random  (32): 20CF630BC0F6C5397B5732F7AFAE4D788C997FAB1DD64DAE36A9E3961FAF1D8B
[TLS] sign_hash (32): B9CC742B7D4913520B7F5961A17D70092BE753ECB382FF980A53D6FCD20857FB
[TLS] Written transcript to proofs/MSG_TLS_20CF630B.out, proofs/SIG_TLS_20CF630B.out and proofs/PK_TLS_20CF630B.der
Signature verification succeeds
[TLS] Server time: 1620020707
[TLS] client_random  (32): 3D2040C2F334FC584123AEEA92601F0EE26C6B45B076108BCD9565CCC6249876
[TLS] sign_hash (32): B7F0F607E3792427921766C71D6DF059F7FE3FBF5054A82A49C799B51CE853DD
[TLS] Written transcript to proofs/MSG_TLS_3D2040C2.out, proofs/SIG_TLS_3D2040C2.out and proofs/PK_TLS_3D2040C2.der
Signature verification succeeds
[TLS] Server time: 1620020707
[TLS] client_random  (32): B9DCFB8C3D9F78156A771BBAB320F3A4ED3FA0B0FE1CAAD9DB0847EB66C8D5BF
[TLS] sign_hash (32): 3DD33D1E6710BE5EA739E832B4AB2600D2644D2A1B31A82D4A7DD1FF5783F157
[TLS] Written transcript to proofs/MSG_TLS_B9DCFB8C.out, proofs/SIG_TLS_B9DCFB8C.out and proofs/PK_TLS_B9DCFB8C.der
Signature verification succeeds
[TLS] Server time: 1620020707
[TLS] client_random  (32): 7C25D7FA2E73D1A91DBAB7EEC8160FE1A57746BD8852C1858A46151C5CFF1772
[TLS] sign_hash (32): CEB913284175F166498BD9B23EE6C2B21F09E1B2CC7545D38CA10FDB166FFE21
[TLS] Written transcript to proofs/MSG_TLS_7C25D7FA.out, proofs/SIG_TLS_7C25D7FA.out and proofs/PK_TLS_7C25D7FA.der
Signature verification succeeds
[TLS] Server time: 1620020707
[TLS] client_random  (32): 1CA4429B6FB92A79A610BE5A85567BE59CB96A2C30096F8579ACCA7B8A346E6D
[TLS] sign_hash (32): F2152E162AEF9FD57116414482554272469E68284BB0B22C6579E53A48F14A4C
[TLS] Written transcript to proofs/MSG_TLS_1CA4429B.out, proofs/SIG_TLS_1CA4429B.out and proofs/PK_TLS_1CA4429B.der
Signature verification succeeds
[TLS] Server time: 1620020707
[TLS] client_random  (32): 9489D28E132051CD2A9149DA6938386A011A46630F36826DE94F0F5ACB96A680
[TLS] sign_hash (32): BDD641D8F6E85B79D8479C843AE80E74AA26A2CCD311A4CBBC2E64EAEA9280AF
[TLS] Written transcript to proofs/MSG_TLS_9489D28E.out, proofs/SIG_TLS_9489D28E.out and proofs/PK_TLS_9489D28E.der
Signature verification succeeds
[TLS] Server time: 1620020707
[TLS] client_random  (32): 368F15EF373FC78CA81AB05F92828F6AF36053BC238B1A13820DD7EDC0E3DB30
[TLS] sign_hash (32): EB27279789155C41E79E421545C1AE23D935A0E43E747303F5E6A3D04CFA04C2
[TLS] Written transcript to proofs/MSG_TLS_368F15EF.out, proofs/SIG_TLS_368F15EF.out and proofs/PK_TLS_368F15EF.der
Signature verification succeeds
[TLS] Server time: 1620020707
[TLS] client_random  (32): 01164F780B31958A2A53567908FD2DFDB3D500CEDC2B00A946AF165BF298B733
[TLS] sign_hash (32): A4FE313B1AD4595F50821BDDCE06D3CC762520128229C3AC57D48F22B2BB05A0
[TLS] Written transcript to proofs/MSG_TLS_01164F78.out, proofs/SIG_TLS_01164F78.out and proofs/PK_TLS_01164F78.der
Signature verification succeeds
[TLS] Server time: 1620020707
[TLS] client_random  (32): 15163346B6DF2DDFA343328B567BBFFC2A91C845F3958E5CFA611E708A352FCA
[TLS] sign_hash (32): 1CBF901603305F6486E1C1727A7ECEEFD72611C29F8375C77A8731203308231D
[TLS] Written transcript to proofs/MSG_TLS_15163346.out, proofs/SIG_TLS_15163346.out and proofs/PK_TLS_15163346.der
Signature verification succeeds
[TLS] Server time: 1620020707
[TLS] client_random  (32): 8E75F15D6417C80AA70C0F5D43DCF98A42492772FD433FB546449B5027D2745D
[TLS] sign_hash (32): D308B294D48B6C27B97E76FC58E02945BF6C76C1F9241A63B1D24ACE9B0DEEEB
[TLS] Written transcript to proofs/MSG_TLS_8E75F15D.out, proofs/SIG_TLS_8E75F15D.out and proofs/PK_TLS_8E75F15D.der
Signature verification succeeds
[TLS] Server time: 1620020707
[TLS] client_random  (32): E269D4D7BAF9A5AA955DC637490C79FEFD61BEC5FE677C965E173E7FCF3A7EEB
[TLS] sign_hash (32): 4FD235AA52B920243071560CD8215C7677FDD929751F6B0CA4D99F0B7B35144A
[TLS] Written transcript to proofs/MSG_TLS_E269D4D7.out, proofs/SIG_TLS_E269D4D7.out and proofs/PK_TLS_E269D4D7.der
Signature verification succeeds
[TLS] Server time: 1620020707
[TLS] client_random  (32): EA89ED3881D6546874F53D551FAA18374ABAD223CEB304BFF06685D1B6A87169
[TLS] sign_hash (32): 3E3C06D595EE0C3676E0890B90D96EF5646E9650EB443A8B3E56F8F18434562B
[TLS] Written transcript to proofs/MSG_TLS_EA89ED38.out, proofs/SIG_TLS_EA89ED38.out and proofs/PK_TLS_EA89ED38.der
Signature verification succeeds
[TLS] Server time: 1620020707
[TLS] client_random  (32): A057EB197FADF9614A1C682EA796410A3A42400066E121F84960803123E53647
[TLS] sign_hash (32): 5F96FEB5143F8B931AFAEEC993D51C234D07DDD26E8F6D7892B817C1157ED43B
[TLS] Written transcript to proofs/MSG_TLS_A057EB19.out, proofs/SIG_TLS_A057EB19.out and proofs/PK_TLS_A057EB19.der
Signature verification succeeds
[TLS] Server time: 1620020707
[TLS] client_random  (32): 0F0B014BF021796B12AC15366BE3F20B79979E21233BC9D87F3E8A67FA664F2A
[TLS] sign_hash (32): 0A8D896CC02199A0F291A80D48CF3E1EB155084CC9AAE1015D983F0F3B5E9891
[TLS] Written transcript to proofs/MSG_TLS_0F0B014B.out, proofs/SIG_TLS_0F0B014B.out and proofs/PK_TLS_0F0B014B.der
Signature verification succeeds
[TLS] Server time: 1620020707
[TLS] client_random  (32): A5B9CEC6517F8510731A431997CD00FB499A3A1CC728BB98EB4305A3E7C6F043
[TLS] sign_hash (32): F584C02EC7C43BDF0B06A325F3AC393966838F189FAA58F5DED8931ACA5820F2
[TLS] Written transcript to proofs/MSG_TLS_A5B9CEC6.out, proofs/SIG_TLS_A5B9CEC6.out and proofs/PK_TLS_A5B9CEC6.der
Signature verification succeeds
[TLS] Server time: 1620020707
[TLS] client_random  (32): C52DB5FCD5860D0E56BD161A3155CA881F4088E3CD3AC918CBD2E846BA4C0AAF
[TLS] sign_hash (32): 4FA3EDDED0356D8E3704D7D2C1191BB103D789165F78188345730166726131BF
[TLS] Written transcript to proofs/MSG_TLS_C52DB5FC.out, proofs/SIG_TLS_C52DB5FC.out and proofs/PK_TLS_C52DB5FC.der
Signature verification succeeds
[TLS] Server time: 1620020707
[TLS] client_random  (32): B8341230DCDE35CA24798A7C6BC95988B58DADB9AE5B82F8A66D09168A2F3C3C
[TLS] sign_hash (32): BDF4A0DBF68425F210F717C1DBA607348230B5410C14D748E784649BF0B1F34B
[TLS] Written transcript to proofs/MSG_TLS_B8341230.out, proofs/SIG_TLS_B8341230.out and proofs/PK_TLS_B8341230.der
Signature verification succeeds
[TLS] Server time: 1620020707
[TLS] client_random  (32): 005138066E03E71620564658991D6EB11F9FEF055376054F46F243C0C651B71A
[TLS] sign_hash (32): 6F4C5F234B2CDF4816B719D3571DA288B03C862DD1DBCF11EFCB6B3D20271CA6
[TLS] Written transcript to proofs/MSG_TLS_00513806.out, proofs/SIG_TLS_00513806.out and proofs/PK_TLS_00513806.der
Signature verification succeeds
[TLS] Server time: 1620020707
[TLS] client_random  (32): 5975E01E7A4EB7F9795B9E6BC330A45F876CD3861DA9E60DF9D6EE3187F48966
[TLS] sign_hash (32): 584327DB24DE174EFB97F80D359318EE015EADE3F581CCA076AD9E1B930DBAB5
[TLS] Written transcript to proofs/MSG_TLS_5975E01E.out, proofs/SIG_TLS_5975E01E.out and proofs/PK_TLS_5975E01E.der
Signature verification succeeds
[TLS] Server time: 1620020708
[TLS] client_random  (32): E7EC7583BE5A3C5479D956B1F9BE58601C0F10DBB6445DDEF654774F9FBD4B41
[TLS] sign_hash (32): B26B074D4768ADACDDBF9DE03173B0ADA7E3CFC275C0FAA5F410C4C4B72F2B0F
[TLS] Written transcript to proofs/MSG_TLS_E7EC7583.out, proofs/SIG_TLS_E7EC7583.out and proofs/PK_TLS_E7EC7583.der
Signature verification succeeds
[TLS] Server time: 1620020708
[TLS] client_random  (32): 6E1EE052C5F70842DA6F845584FB462B7BD2903A498B0D6097A6CC41F96CAA7A
[TLS] sign_hash (32): 1B0BB4B9398A8732C51EE27566540EAA4FFB786A001B0309BF8200AAEBCF2831
[TLS] Written transcript to proofs/MSG_TLS_6E1EE052.out, proofs/SIG_TLS_6E1EE052.out and proofs/PK_TLS_6E1EE052.der
Signature verification succeeds
[TLS] Server time: 1620020708
[TLS] client_random  (32): 7C8C69ABEB58F7B2B9494176BC77C4A23730F2638E896F3A1C37DEEC6493337D
[TLS] sign_hash (32): A79D93BD2EDB1C5FC846ABBA9FF5071811BC2B240746F95195052C9640B45FF5
[TLS] Written transcript to proofs/MSG_TLS_7C8C69AB.out, proofs/SIG_TLS_7C8C69AB.out and proofs/PK_TLS_7C8C69AB.der
Signature verification succeeds
[TLS] Server time: 1620020708
[TLS] client_random  (32): 7AEBA53CB959D2ED08FD9DD60322B844DC3B6A50F018E5705515E3C598E6EE54
[TLS] sign_hash (32): 1873105BDA8164E4D46C19C8B537CD849E126A3AF2984C4BAD91A5CB9F432745
[TLS] Written transcript to proofs/MSG_TLS_7AEBA53C.out, proofs/SIG_TLS_7AEBA53C.out and proofs/PK_TLS_7AEBA53C.der
Signature verification succeeds
[TLS] Server time: 1620020708
[TLS] client_random  (32): 5CB08160EB407F6A492E3CE27E046283C43EFB9D90BB71E5F8B89C4443A4234D
[TLS] sign_hash (32): 307DAB7B38027D500DB38FDAF86984B15256B81A99A48B8ED269AA49394DB453
[TLS] Written transcript to proofs/MSG_TLS_5CB08160.out, proofs/SIG_TLS_5CB08160.out and proofs/PK_TLS_5CB08160.der
Signature verification succeeds
[TLS] Server time: 1620020708
[TLS] client_random  (32): 66F98A14D214C737ADB0920E2AD3860C9CDAAD2CB14AF6F178969F6575B9B59C
[TLS] sign_hash (32): 5425A52518009A267F60907A840A4BF0C16599CC750301E79263C840CA435D6E
[TLS] Written transcript to proofs/MSG_TLS_66F98A14.out, proofs/SIG_TLS_66F98A14.out and proofs/PK_TLS_66F98A14.der
Signature verification succeeds
[TLS] Server time: 1620020708
[TLS] client_random  (32): ED23588942B1CC411A994CFB16C7C66DCD2448AFB6A8A4021560DCEAD1152C03
[TLS] sign_hash (32): 69FE3E4374111575E9C6F1BB4F886A4A873347837022FE9643F81E31133515FF
[TLS] Written transcript to proofs/MSG_TLS_ED235889.out, proofs/SIG_TLS_ED235889.out and proofs/PK_TLS_ED235889.der
Signature verification succeeds
[TLS] Server time: 1620020708
[TLS] client_random  (32): 73749E12F79717ED0714AABB6E1109694C5CE3A096D4E8935DEE0C904E6D5391
[TLS] sign_hash (32): 742B9CA24FCEBE25AEF68161062E9261B66363B9209D8B7FC069ADFAECE1120A
[TLS] Written transcript to proofs/MSG_TLS_73749E12.out, proofs/SIG_TLS_73749E12.out and proofs/PK_TLS_73749E12.der
Signature verification succeeds
[TLS] Server time: 1620020708
[TLS] client_random  (32): A9D375A5935BA87A2D86694DD3E521F596D0D44A8CD89FE3AF1EE2B77FA12E1B
[TLS] sign_hash (32): 6D91DD89C8C41D88D388C7D8F536E19471459ED4360AA6CD4AF277D9B43CC443
[TLS] Written transcript to proofs/MSG_TLS_A9D375A5.out, proofs/SIG_TLS_A9D375A5.out and proofs/PK_TLS_A9D375A5.der
Signature verification succeeds
[TLS] Server time: 1620020708
[TLS] client_random  (32): 6FA3EF2992AD3E95A0CADA5AD728015C1A5603205B8639F6C4F809D54CE4FBF9
[TLS] sign_hash (32): B99E1288D40C00F9E1201DF84A5510552B04EA1088BD7F442E3503880D580976
[TLS] Written transcript to proofs/MSG_TLS_6FA3EF29.out, proofs/SIG_TLS_6FA3EF29.out and proofs/PK_TLS_6FA3EF29.der
Signature verification succeeds
[TLS] Server time: 1620020708
[TLS] client_random  (32): A3F7B42C7366DE23815DB49B83901C6275EAACD95A1A7621F1CBA0551047EB1D
[TLS] sign_hash (32): 3ADE093C9B916A521FF76254BD5796AE89D2BCD91FA3249FAB5ADED7B27D3936
[TLS] Written transcript to proofs/MSG_TLS_A3F7B42C.out, proofs/SIG_TLS_A3F7B42C.out and proofs/PK_TLS_A3F7B42C.der
Signature verification succeeds
[TLS] Server time: 1620020708
[TLS] client_random  (32): 42D7CE6CC110EA53FCA447CB0823B51E66DB71C50CB9DC4BC5AE51A0E3F66FAD
[TLS] sign_hash (32): 9013529CD3CB7820DED4923A117DA7C3DE05114479223235E37BA1322CB7037E
[TLS] Written transcript to proofs/MSG_TLS_42D7CE6C.out, proofs/SIG_TLS_42D7CE6C.out and proofs/PK_TLS_42D7CE6C.der
Signature verification succeeds
[TLS] Server time: 1620020708
[TLS] client_random  (32): 496806CD5224544963A457731EA6D5AD91B2CDB0D76A5D23738D9D6301521FB4
[TLS] sign_hash (32): CCE32CDB525FCDB805F0EC87EB939AEDF4DA3F2626A19748147E3662E346499C
[TLS] Written transcript to proofs/MSG_TLS_496806CD.out, proofs/SIG_TLS_496806CD.out and proofs/PK_TLS_496806CD.der
Signature verification succeeds
[TLS] Server time: 1620020708
[TLS] client_random  (32): 937D243B8FB9387143A0D59E60F4F986EA5B2D212C4C794DFD219ADC0B4D23A1
[TLS] sign_hash (32): A14F779A85FCB663BF0889B918A924FAA259579E1417A2D37B37258032AD2A45
[TLS] Written transcript to proofs/MSG_TLS_937D243B.out, proofs/SIG_TLS_937D243B.out and proofs/PK_TLS_937D243B.der
Signature verification succeeds
[TLS] Server time: 1620020708
[TLS] client_random  (32): 42B1BF350A05BA02FBE9D9B79CEE096F1467B0C6A6AC88587E9AE9C5E2B28A0C
[TLS] sign_hash (32): A62525B2E386F5846C5D79FB529CC1DA6BC90D8C97845571992F2C44FD4F92A9
[TLS] Written transcript to proofs/MSG_TLS_42B1BF35.out, proofs/SIG_TLS_42B1BF35.out and proofs/PK_TLS_42B1BF35.der
Signature verification succeeds
[TLS] Server time: 1620020708
[TLS] client_random  (32): 68CAC850EE89CAECF380B4D9353A6CE224EE73921A38653328349204D4A242D5
[TLS] sign_hash (32): 5874E5A12D1FB0FF70FCAB3A1BAF4879F94C40120647764FDA9502259CE452FD
[TLS] Written transcript to proofs/MSG_TLS_68CAC850.out, proofs/SIG_TLS_68CAC850.out and proofs/PK_TLS_68CAC850.der
Signature verification succeeds
[TLS] Server time: 1620020708
[TLS] client_random  (32): D7BA8166994E9DFEDC524CCD03C51A799E4462D9CAD19DEA0E51C824A46D8CAE
[TLS] sign_hash (32): 786548DD7231C82D453601BB7B392D216B0C4D0BC141A758575B8B88A14FD67B
[TLS] Written transcript to proofs/MSG_TLS_D7BA8166.out, proofs/SIG_TLS_D7BA8166.out and proofs/PK_TLS_D7BA8166.der
Signature verification succeeds
[TLS] Server time: 1620020708
[TLS] client_random  (32): C05EC286004C7DA0EABF6988E2E37152AF6C649487B1FD3CE9A6FD67F98E3588
[TLS] sign_hash (32): 6D34558AB3DC4612A805CDF04066F8BF35BC4E8760B99F9A7DFF34C478D2FF03
[TLS] Written transcript to proofs/MSG_TLS_C05EC286.out, proofs/SIG_TLS_C05EC286.out and proofs/PK_TLS_C05EC286.der
Signature verification succeeds
[TLS] Server time: 1620020708
[TLS] client_random  (32): 308B8DA19F1FF697542CE51B9AA5D6E060A71523C34141711F5BE30976FA0CCD
[TLS] sign_hash (32): 2713B169DCFBD846627AA83275099EC69187ECF6FD7565D1EC473E2D43C2B936
[TLS] Written transcript to proofs/MSG_TLS_308B8DA1.out, proofs/SIG_TLS_308B8DA1.out and proofs/PK_TLS_308B8DA1.der
Signature verification succeeds
[TLS] Server time: 1620020708
[TLS] client_random  (32): 053D9906F9F9AF51BFF897D04B0460B53B5BC26EE3B03FDC00D7A0F09BD51CF5
[TLS] sign_hash (32): 81AA6F9B2366486B01A7009940C2333EA95AFD681629907974954B6CA13F967E
[TLS] Written transcript to proofs/MSG_TLS_053D9906.out, proofs/SIG_TLS_053D9906.out and proofs/PK_TLS_053D9906.der
Signature verification succeeds
[TLS] Server time: 1620020708
[TLS] client_random  (32): 3A7E6C2D42A675C724B5B9024168DCC3FFC792C4E1DE3FFB752AF55B3DB7E84E
[TLS] sign_hash (32): 0C3F1F969ECA44A508D14F5E346336D08B899843A0149BD22D850CE54D57E71C
[TLS] Written transcript to proofs/MSG_TLS_3A7E6C2D.out, proofs/SIG_TLS_3A7E6C2D.out and proofs/PK_TLS_3A7E6C2D.der
Signature verification succeeds
[TLS] Server time: 1620020708
[TLS] client_random  (32): BAC7E675D52614EF87B111185565F636956D4B576ABC526A4DE6EFA6352C7158
[TLS] sign_hash (32): D55F2C1DAC95DC2F4B1E17611819DC6934774ADD0C0577DB715EA0C2F7BFE5F8
[TLS] Written transcript to proofs/MSG_TLS_BAC7E675.out, proofs/SIG_TLS_BAC7E675.out and proofs/PK_TLS_BAC7E675.der
Signature verification succeeds
[TLS] Server time: 1620020708
[TLS] client_random  (32): ED4BF4ED6385CF676D842445A9AECA8439CADD7E02BC4BA1953191DFCEACEBFF
[TLS] sign_hash (32): 559332288AD196A077557D7278F34F54B78F2AE063E240B4EB47B1DCEA77C0C9
[TLS] Written transcript to proofs/MSG_TLS_ED4BF4ED.out, proofs/SIG_TLS_ED4BF4ED.out and proofs/PK_TLS_ED4BF4ED.der
Signature verification succeeds
[TLS] Server time: 1620020708
[TLS] client_random  (32): 0F94B8494D3042A0CD8349F2C0CA15A2B75B636C53BF4D6B1844AB5DEE2F2A5C
[TLS] sign_hash (32): D06D8DCA080C3E3E82946A87BE6E46F213A361315E9C7E2C7F18CA3BFE1126C0
[TLS] Written transcript to proofs/MSG_TLS_0F94B849.out, proofs/SIG_TLS_0F94B849.out and proofs/PK_TLS_0F94B849.der
Signature verification succeeds
[TLS] Server time: 1620020708
[TLS] client_random  (32): 3B03E05811406C5BDC3A9C9A65FE421BEEDE848681A627BEFE5502D8F0735431
[TLS] sign_hash (32): A26A243779D3A771AD7DE171FC7BAB4D485A03CF24BD1373CB8817CE9D6763AA
[TLS] Written transcript to proofs/MSG_TLS_3B03E058.out, proofs/SIG_TLS_3B03E058.out and proofs/PK_TLS_3B03E058.der
Signature verification succeeds
[TLS] Server time: 1620020708
[TLS] client_random  (32): F27E6AF14D0B38D532E2B5E493F182AB9E04D57706CA85423871102A922BD539
[TLS] sign_hash (32): 1EA70F24C2AF5D9B391C5BC25D572160F30ED789259215017D6E946AE09F793E
[TLS] Written transcript to proofs/MSG_TLS_F27E6AF1.out, proofs/SIG_TLS_F27E6AF1.out and proofs/PK_TLS_F27E6AF1.der
Signature verification succeeds
[TLS] Server time: 1620020708
[TLS] client_random  (32): 582CBFE9FDE4C1DB7B9BF89BAE91003C5BF2A333711E11282742FE4151764202
[TLS] sign_hash (32): D9DC1692BFD8793CAAF99327F4B7E9D676C3D6F1A92669667C003CEA48BDC6F5
[TLS] Written transcript to proofs/MSG_TLS_582CBFE9.out, proofs/SIG_TLS_582CBFE9.out and proofs/PK_TLS_582CBFE9.der
Signature verification succeeds
Time breakdown (averages): anchor_ping:69.115960 file_read:0.152778 hashing:0.472069
Total time for 99 rounds is 6973.464222ms
Standard deviations: anchor_ping:194.274205 file_read:0.014614 hashing:0.006554
[Client-side ops] mean:0.624846 sd:0.016196
in & out anchor rand written to proofs/phase1.out
      4 [TLS] Server time: 1620020701
     16 [TLS] Server time: 1620020702
      2 [TLS] Server time: 1620020703
      4 [TLS] Server time: 1620020704
      8 [TLS] Server time: 1620020705
     16 [TLS] Server time: 1620020706
     23 [TLS] Server time: 1620020707
     27 [TLS] Server time: 1620020708
Count is 4
Count is 16
Count is 2
Count is 4
Count is 8
Count is 16
Count is 23
Count is 27
success: 0
Sleeping before retrying
CONF: anchor:nott.ac.uk fs:1024MB n_rounds:99 seed:5c9f4bf9bbc15bb855f82faedc5a52fc3ab2dfa8ec3ba3ce1b270f31fa0cced2 filename:FILE bs:1024 nops:100 benchmarking:0 anchor_ping:1 queue_depth:32 direct:0
[TLS] Connecting to nott.ac.uk
[TLS] Server time: 1620020710
[TLS] client_random  (32): 5C9F4BF9BBC15BB855F82FAEDC5A52FC3AB2DFA8EC3BA3CE1B270F31FA0CCED2
[TLS] sign_hash (32): F2F5F8D2AD10625F10FED5ADC7E32B2E8D0FC4BEE41DAD12AE796C0CDBA14287
[TLS] Written transcript to proofs/MSG_TLS_5C9F4BF9.out, proofs/SIG_TLS_5C9F4BF9.out and proofs/PK_TLS_5C9F4BF9.der
Signature verification succeeds
[TLS] Server time: 1620020710
[TLS] client_random  (32): DF7C4DCDEB91E6377973325232D46A945D661F488789DBBA778655389EF39906
[TLS] sign_hash (32): 1F8DB424B5264B58107E8916C498D32D8C87B6AAFFC320D293286A52B4EEF350
[TLS] Written transcript to proofs/MSG_TLS_DF7C4DCD.out, proofs/SIG_TLS_DF7C4DCD.out and proofs/PK_TLS_DF7C4DCD.der
Signature verification succeeds
[TLS] Server time: 1620020710
[TLS] client_random  (32): 3FD828994CC3A884C696FDD6AB5B3EBF294390C3E78990732E7E95273BB37198
[TLS] sign_hash (32): 0238BF6FB9902E39A40A4D954462C23F058A175318ACADE03D655078D7D0C443
[TLS] Written transcript to proofs/MSG_TLS_3FD82899.out, proofs/SIG_TLS_3FD82899.out and proofs/PK_TLS_3FD82899.der
Signature verification succeeds
[TLS] Server time: 1620020710
[TLS] client_random  (32): 7CAE07EDAFD1A154C0CF2CAEDA14E268A72EDBBD50BD85D4EF5B22DFCC710226
[TLS] sign_hash (32): 634055DEBF503920C2C6A0BF66EA9426A8BF6D13C2CFCB6D116D65EF88068C37
[TLS] Written transcript to proofs/MSG_TLS_7CAE07ED.out, proofs/SIG_TLS_7CAE07ED.out and proofs/PK_TLS_7CAE07ED.der
Signature verification succeeds
[TLS] Server time: 1620020710
[TLS] client_random  (32): 9BB739927B6BB1CD45AF7511E0297DDA5ECC2D57DEF2D12A6E7E9D42B1D61707
[TLS] sign_hash (32): 10BFD241948D3DC0487F868BEDD0226FE42EFEAC3A5A6C5ADE3D7DC9E9CEF380
[TLS] Written transcript to proofs/MSG_TLS_9BB73992.out, proofs/SIG_TLS_9BB73992.out and proofs/PK_TLS_9BB73992.der
Signature verification succeeds
[TLS] Server time: 1620020710
[TLS] client_random  (32): 54057BB1DE96A2D73CD4FB99B8580A7C65298DF6D28DC4958C18FDA397AEC71F
[TLS] sign_hash (32): 37E4A88534571CAE7F57D5CC690F0CD7A6BCA0BCBEDB45D58248E66D38883FE0
[TLS] Written transcript to proofs/MSG_TLS_54057BB1.out, proofs/SIG_TLS_54057BB1.out and proofs/PK_TLS_54057BB1.der
Signature verification succeeds
[TLS] Server time: 1620020710
[TLS] client_random  (32): A2F7A099B0896338D851B5FD7BE117F51AB813EA2D34B32EC998F7A67A91ABE7
[TLS] sign_hash (32): 75601E732E52BFA847FB0459F29E6D1A0BC960DF831716FAC1F76C061BF0F798
[TLS] Written transcript to proofs/MSG_TLS_A2F7A099.out, proofs/SIG_TLS_A2F7A099.out and proofs/PK_TLS_A2F7A099.der
Signature verification succeeds
[TLS] Server time: 1620020710
[TLS] client_random  (32): 915096CB126A43E900180896250BF6459973266D5CAC70052DAFA844F699E6B2
[TLS] sign_hash (32): A0A533886FE48C1504384A670392FE3F7A69B1E757159C0E026B31ECF0583360
[TLS] Written transcript to proofs/MSG_TLS_915096CB.out, proofs/SIG_TLS_915096CB.out and proofs/PK_TLS_915096CB.der
Signature verification succeeds
[TLS] Server time: 1620020711
[TLS] client_random  (32): 26D995FA2E8E789AC396652C8F5A43DF04BE71DD3D71A6256773DA281DC107FB
[TLS] sign_hash (32): CA1EC50BCF5807DEFE08DF46C65F708AC0952882EAE8140E335DAD8C2420ADDC
[TLS] Written transcript to proofs/MSG_TLS_26D995FA.out, proofs/SIG_TLS_26D995FA.out and proofs/PK_TLS_26D995FA.der
Signature verification succeeds
[TLS] Server time: 1620020711
[TLS] client_random  (32): 1BA2E2BBE06D059DE5DDA9394C221B3E911B1CB13A75E5867F6929C104CC8FEA
[TLS] sign_hash (32): F1D85D7DF5516FC40765A6D44B77B6D35AB64F11965EBCB76AA823FD5A34E731
[TLS] Written transcript to proofs/MSG_TLS_1BA2E2BB.out, proofs/SIG_TLS_1BA2E2BB.out and proofs/PK_TLS_1BA2E2BB.der
Signature verification succeeds
[TLS] Server time: 1620020711
[TLS] client_random  (32): 1FBBCE95DF395061901DF7660EB0B6B6D217ECD80485F32FE41841D298E447C5
[TLS] sign_hash (32): 98CF0766C9AD20F58CC2C6A8F504686FDCDCDBFDD36FE008F75CCFF0FA316BAA
[TLS] Written transcript to proofs/MSG_TLS_1FBBCE95.out, proofs/SIG_TLS_1FBBCE95.out and proofs/PK_TLS_1FBBCE95.der
Signature verification succeeds
[TLS] Server time: 1620020711
[TLS] client_random  (32): E6AC5AFBE88A1E96327B58D998CD69A71644CC116CF154E7DC3ABA19C1CE20BA
[TLS] sign_hash (32): D13B815DBA0478D09D462C12C371F3CA62CE651FBAE6D2040A9B92A7E9851136
[TLS] Written transcript to proofs/MSG_TLS_E6AC5AFB.out, proofs/SIG_TLS_E6AC5AFB.out and proofs/PK_TLS_E6AC5AFB.der
Signature verification succeeds
[TLS] Server time: 1620020711
[TLS] client_random  (32): D29BDFFE28DDE821C230F837DF1936005BA638FAAECBE4A506B52F433C46D0EC
[TLS] sign_hash (32): 214255D8512555EA3A289899B0F4117CCEA2473683B653B3FB3BEBF8477AD31B
[TLS] Written transcript to proofs/MSG_TLS_D29BDFFE.out, proofs/SIG_TLS_D29BDFFE.out and proofs/PK_TLS_D29BDFFE.der
Signature verification succeeds
[TLS] Server time: 1620020711
[TLS] client_random  (32): 513928D6267F29F4B2DD2A811E8519B7B4EC1A3BCDF03FC4E3FBCC166EB97DB1
[TLS] sign_hash (32): DB3DCDEDDDD86D54961E9EF86C01DAC65ECD27539B70C53F0DE0681DD20C930C
[TLS] Written transcript to proofs/MSG_TLS_513928D6.out, proofs/SIG_TLS_513928D6.out and proofs/PK_TLS_513928D6.der
Signature verification succeeds
[TLS] Server time: 1620020711
[TLS] client_random  (32): 18DAE511E1AC301B752A7B50FFFEA7232AE132D1D15B3FDFFEEC2C3D673ED0BD
[TLS] sign_hash (32): 7DA38C570D99AE3CB32E6C0E90CB662C16D140BBA3C53C2F4A11D61AE02C7CB4
[TLS] Written transcript to proofs/MSG_TLS_18DAE511.out, proofs/SIG_TLS_18DAE511.out and proofs/PK_TLS_18DAE511.der
Signature verification succeeds
[TLS] Server time: 1620020711
[TLS] client_random  (32): CA440EFC14BF4DD5F24A639BB4308D41F27B6711F982AFD4E4E6E882430D20F5
[TLS] sign_hash (32): C12F946C38C2480174123807C2808CD3AEEB57C1E884D526BF87B64A5E14EE2F
[TLS] Written transcript to proofs/MSG_TLS_CA440EFC.out, proofs/SIG_TLS_CA440EFC.out and proofs/PK_TLS_CA440EFC.der
Signature verification succeeds
[TLS] Server time: 1620020711
[TLS] client_random  (32): 86E6FEE2036A5705DC9700585ECA829352EA92AD626D6A4EFF10D3AA59DDD380
[TLS] sign_hash (32): 80DEF3AA1BA69E8067E6227FC5D340E2C4649EBF2982881C33B8FEB3154D9645
[TLS] Written transcript to proofs/MSG_TLS_86E6FEE2.out, proofs/SIG_TLS_86E6FEE2.out and proofs/PK_TLS_86E6FEE2.der
Signature verification succeeds
[TLS] Server time: 1620020711
[TLS] client_random  (32): 1E7D65EE48CFAD3575FD2713AC242CB912365DE746FE7140486CA57FF6CBB0C7
[TLS] sign_hash (32): D5FEF56DB3489A47E04BB01AD5CAE10EC9B37BACD80CD1FE0C9371FAFFB068EF
[TLS] Written transcript to proofs/MSG_TLS_1E7D65EE.out, proofs/SIG_TLS_1E7D65EE.out and proofs/PK_TLS_1E7D65EE.der
Signature verification succeeds
[TLS] Server time: 1620020711
[TLS] client_random  (32): 0D8648B27E04506DB31B510AB0ABF597CC1F899A04A3DDAA8EF9FDED50330F35
[TLS] sign_hash (32): D23846CC407479C77EDA51349D025449ACBA8D9DD1EC9E676701D2765E959D9D
[TLS] Written transcript to proofs/MSG_TLS_0D8648B2.out, proofs/SIG_TLS_0D8648B2.out and proofs/PK_TLS_0D8648B2.der
Signature verification succeeds
[TLS] Server time: 1620020711
[TLS] client_random  (32): A14444E14AF654E26E6F6B8B0312DF7F67F33FD2B762C809926B4057B9D0F1BA
[TLS] sign_hash (32): 9E804963B30E01BF5C0883E0C3367811572D14C5E85DF10E0A7C69EF83C48397
[TLS] Written transcript to proofs/MSG_TLS_A14444E1.out, proofs/SIG_TLS_A14444E1.out and proofs/PK_TLS_A14444E1.der
Signature verification succeeds
[TLS] Server time: 1620020711
[TLS] client_random  (32): 3C5CB1A7B331895C80F03710EC7FB8C72AE662B97C829F9643BE89CD37CF6C6F
[TLS] sign_hash (32): F2412E056E3DA444BEE05CF785C84FA7BC67E02AF5799B132F2820F0B76D7C86
[TLS] Written transcript to proofs/MSG_TLS_3C5CB1A7.out, proofs/SIG_TLS_3C5CB1A7.out and proofs/PK_TLS_3C5CB1A7.der
Signature verification succeeds
[TLS] Server time: 1620020711
[TLS] client_random  (32): 2E1C1F374C387202D8F00D0A3C77C8221AA3407E0A9ECE8AAB6E48DE7EAB511A
[TLS] sign_hash (32): F4D3A5CE8AC41C386C2AD904787AD451938C1E67274EDBE02EAA3F7022C1D732
[TLS] Written transcript to proofs/MSG_TLS_2E1C1F37.out, proofs/SIG_TLS_2E1C1F37.out and proofs/PK_TLS_2E1C1F37.der
Signature verification succeeds
[TLS] Server time: 1620020711
[TLS] client_random  (32): 83156AE189B157FF0237B95367EE4DFEC2410F9E66A56589C02AFA6B4EB877D3
[TLS] sign_hash (32): 120E854A7A4D446AFE8C0A151C6FDA833BDB7E580F1E353EAAE0DD687154D103
[TLS] Written transcript to proofs/MSG_TLS_83156AE1.out, proofs/SIG_TLS_83156AE1.out and proofs/PK_TLS_83156AE1.der
Signature verification succeeds
[TLS] Server time: 1620020711
[TLS] client_random  (32): C380315EBD47B87B4E6A8AC744BE3571014B26A24A0B8D9A29BD281EE712D76C
[TLS] sign_hash (32): 6944E14E04E9CAF6FB2FDAE33D984ECEC4EE073C13E62589AEE9A0DEE96F7E30
[TLS] Written transcript to proofs/MSG_TLS_C380315E.out, proofs/SIG_TLS_C380315E.out and proofs/PK_TLS_C380315E.der
Signature verification succeeds
[TLS] Server time: 1620020711
[TLS] client_random  (32): A3B12DCE78354DE1098A5CDE76EF4E6818511CE9875C5BCC36654E8B1FA08751
[TLS] sign_hash (32): 26CF0715E5271D7121A80C541D4622BB36DCFF55E0FAA514069D72AADB0E5163
[TLS] Written transcript to proofs/MSG_TLS_A3B12DCE.out, proofs/SIG_TLS_A3B12DCE.out and proofs/PK_TLS_A3B12DCE.der
Signature verification succeeds
[TLS] Server time: 1620020711
[TLS] client_random  (32): 34F376E50F4562A4F5581A3F436493F64A2AEDCD38313142ACD16AE45581E2E8
[TLS] sign_hash (32): 18F3826CD4E3F14822BFDB09E36743D7D517B905CC684981AE65E4DB5C671E73
[TLS] Written transcript to proofs/MSG_TLS_34F376E5.out, proofs/SIG_TLS_34F376E5.out and proofs/PK_TLS_34F376E5.der
Signature verification succeeds
[TLS] Server time: 1620020711
[TLS] client_random  (32): 51CDEEDE618FCB7DADED68942C2600FE77AA138DFE7F8866D8071630BDAC1674
[TLS] sign_hash (32): 556EC6DC1C72BFF9098F06BB2DD4B15E3CBEC24390E14F382B6422B54BFA6E00
[TLS] Written transcript to proofs/MSG_TLS_51CDEEDE.out, proofs/SIG_TLS_51CDEEDE.out and proofs/PK_TLS_51CDEEDE.der
Signature verification succeeds
[TLS] Server time: 1620020711
[TLS] client_random  (32): 52D23A835DC4D26BE0A1C2A9E422F8BD6A918AB9B2721AD4438B46687EBD4CE1
[TLS] sign_hash (32): 05C846E25E41983CC38B49FA012B926A9BA104AC28752D76339FFEE9D718DCE0
[TLS] Written transcript to proofs/MSG_TLS_52D23A83.out, proofs/SIG_TLS_52D23A83.out and proofs/PK_TLS_52D23A83.der
Signature verification succeeds
[TLS] Server time: 1620020711
[TLS] client_random  (32): CBBDA6F1DB3150FD8B49E759015866D8259FDDE4F28D8335A723FB694DF2B735
[TLS] sign_hash (32): 5406D7F101FC156A7CAEC312EFE4B3A1A781837D510064259F807CC282F36660
[TLS] Written transcript to proofs/MSG_TLS_CBBDA6F1.out, proofs/SIG_TLS_CBBDA6F1.out and proofs/PK_TLS_CBBDA6F1.der
Signature verification succeeds
[TLS] Server time: 1620020711
[TLS] client_random  (32): CCD9478994FAC90A31503256A0668E10C08D9F62CE09224BC695820A43CD305C
[TLS] sign_hash (32): 2DD2E9063392093EF90203913E329728EA015226A663DD6EAEA899B4E5AD1CAD
[TLS] Written transcript to proofs/MSG_TLS_CCD94789.out, proofs/SIG_TLS_CCD94789.out and proofs/PK_TLS_CCD94789.der
Signature verification succeeds
[TLS] Server time: 1620020711
[TLS] client_random  (32): 3A312080B9FA2863D10CEE58BC4234809D828A47080474E6E06B107F96030FD8
[TLS] sign_hash (32): 92093BA52FE63723CFBC3CA24A033A681095E41D8AE6460C352CDE458EC7796E
[TLS] Written transcript to proofs/MSG_TLS_3A312080.out, proofs/SIG_TLS_3A312080.out and proofs/PK_TLS_3A312080.der
Signature verification succeeds
[TLS] Server time: 1620020711
[TLS] client_random  (32): E787C67D7FF9263A0617B6F277BC7184780024B127D7235B692CEF7A9F2006A9
[TLS] sign_hash (32): 90322A5C2F291A67519A23F8713BDB0A3FED83435B1A001FD4BE9B58CF622DAC
[TLS] Written transcript to proofs/MSG_TLS_E787C67D.out, proofs/SIG_TLS_E787C67D.out and proofs/PK_TLS_E787C67D.der
Signature verification succeeds
[TLS] Server time: 1620020711
[TLS] client_random  (32): C334C5460EFEA5CE43B706D031A90E582773F1C27427B734660EE72E0366F14B
[TLS] sign_hash (32): 360CEAF0D79D61829A3E82F1B86EE5E7F6D00B3A666069DA55279A7A880508A6
[TLS] Written transcript to proofs/MSG_TLS_C334C546.out, proofs/SIG_TLS_C334C546.out and proofs/PK_TLS_C334C546.der
Signature verification succeeds
[TLS] Server time: 1620020711
[TLS] client_random  (32): E8642297AB4BF2DD8FA60E979232276B3E98DA06AA2D7AF48C721840E8CE720C
[TLS] sign_hash (32): FBD85E48A917698DA76A3BCB5A5200012076C1B6C0E387CDABC4307D8F127215
[TLS] Written transcript to proofs/MSG_TLS_E8642297.out, proofs/SIG_TLS_E8642297.out and proofs/PK_TLS_E8642297.der
Signature verification succeeds
[TLS] Server time: 1620020711
[TLS] client_random  (32): 201FD2320B0ED5487E1DC231EC2FD775635900DF9CFF08B07716DF749AE5CD57
[TLS] sign_hash (32): 2E297E7F35E65C2D9F0D2DE6A5404DCCF61D58FEB1F64F2685AA0ABD4B36E8CA
[TLS] Written transcript to proofs/MSG_TLS_201FD232.out, proofs/SIG_TLS_201FD232.out and proofs/PK_TLS_201FD232.der
Signature verification succeeds
[TLS] Server time: 1620020711
[TLS] client_random  (32): D747D28F68CCB04F52FA233AD2E5587A47576098F39F33A2B73FF2A7101254DD
[TLS] sign_hash (32): D4C1332ADB8B40E135CBDB8C9D12D71A8E2DB613FD06822413F7578C56E56778
[TLS] Written transcript to proofs/MSG_TLS_D747D28F.out, proofs/SIG_TLS_D747D28F.out and proofs/PK_TLS_D747D28F.der
Signature verification succeeds
[TLS] Server time: 1620020711
[TLS] client_random  (32): D39B7F82482AD3B54E5EAA463264529CC4E34C0FD70ED716331EA2E34D6440E6
[TLS] sign_hash (32): BD44C599E42F7CA048AB68D0A28AA4CABF4BA2405FB11729697D82FAA74D9B5F
[TLS] Written transcript to proofs/MSG_TLS_D39B7F82.out, proofs/SIG_TLS_D39B7F82.out and proofs/PK_TLS_D39B7F82.der
Signature verification succeeds
[TLS] Server time: 1620020711
[TLS] client_random  (32): EA2417F3812292286C4A7CBDBEC75E4DADE48D601DA89E1C546077965FC0456A
[TLS] sign_hash (32): 8DC004421711446894B9EA8AAFFA37A377CADB8A5CCD73B23C6BEEB67064F920
[TLS] Written transcript to proofs/MSG_TLS_EA2417F3.out, proofs/SIG_TLS_EA2417F3.out and proofs/PK_TLS_EA2417F3.der
Signature verification succeeds
[TLS] Server time: 1620020711
[TLS] client_random  (32): C17057741006A0CDD20966410982E36F8A5529ACF05209E6B9B353E590B51FB0
[TLS] sign_hash (32): FFB60E6EA580E6094770A2B41350230FC3F41D75B845968ABFA56E18C89445BA
[TLS] Written transcript to proofs/MSG_TLS_C1705774.out, proofs/SIG_TLS_C1705774.out and proofs/PK_TLS_C1705774.der
Signature verification succeeds
[TLS] Server time: 1620020711
[TLS] client_random  (32): C5E93058E1D47C46B07D8DD6592A479EE5609FACD6C1E2ECFC3DA0FDC24526FD
[TLS] sign_hash (32): 8673CF7F061E0C608769F0BD5329B398C207321A18EE6BDB32B879798615B91E
[TLS] Written transcript to proofs/MSG_TLS_C5E93058.out, proofs/SIG_TLS_C5E93058.out and proofs/PK_TLS_C5E93058.der
Signature verification succeeds
[TLS] Server time: 1620020711
[TLS] client_random  (32): E24FBC384D8F4B684EDA23F68842830CFCD3121D84F8C9E3A21D45DE6801A24C
[TLS] sign_hash (32): 8F0030CC13C757932CFB3B525AFB2110DC82B640C184CE9A228475BF9A3CAD40
[TLS] Written transcript to proofs/MSG_TLS_E24FBC38.out, proofs/SIG_TLS_E24FBC38.out and proofs/PK_TLS_E24FBC38.der
Signature verification succeeds
[TLS] Server time: 1620020711
[TLS] client_random  (32): 07CDF3889B31A1C545F9258E3F9EED07F5D0F20E0390957BA8A45A72A549CAFB
[TLS] sign_hash (32): EB92365F5CD36644D70C67B3692A3B1AA20B9EE4333AF668AE7CAFB85967FA47
[TLS] Written transcript to proofs/MSG_TLS_07CDF388.out, proofs/SIG_TLS_07CDF388.out and proofs/PK_TLS_07CDF388.der
Signature verification succeeds
[TLS] Server time: 1620020711
[TLS] client_random  (32): 94C2A1AC0C5CF098A47C493FABFF3AB5BF32B2E4734CEFE1E98ED17FFC391115
[TLS] sign_hash (32): 7F03A0A5F579769E9F4521B6FD744612746FF63F29BDBF5180E500B089DCFE91
[TLS] Written transcript to proofs/MSG_TLS_94C2A1AC.out, proofs/SIG_TLS_94C2A1AC.out and proofs/PK_TLS_94C2A1AC.der
Signature verification succeeds
[TLS] Server time: 1620020711
[TLS] client_random  (32): E3E93A2933324FB06DB301632E49D8189061B2DE36E70AE132FC603C57577621
[TLS] sign_hash (32): 3AB3CE40EE9D9AA846293A91774FE779E93C3667D6FA3696FF63378CC42685F4
[TLS] Written transcript to proofs/MSG_TLS_E3E93A29.out, proofs/SIG_TLS_E3E93A29.out and proofs/PK_TLS_E3E93A29.der
Signature verification succeeds
[TLS] Server time: 1620020711
[TLS] client_random  (32): BB8E422D2FB51CE64A8524E2C0A86A27044DCDFF08AA85C4A60161AC9D22BDCE
[TLS] sign_hash (32): 7DD69E242484FE93CDC5CD2F657CBD6BC6670782633A5FD2970497E4B218B725
[TLS] Written transcript to proofs/MSG_TLS_BB8E422D.out, proofs/SIG_TLS_BB8E422D.out and proofs/PK_TLS_BB8E422D.der
Signature verification succeeds
[TLS] Server time: 1620020711
[TLS] client_random  (32): 387B4E34FF250FF9C8E4312B4B47A65500DC13FF3DF1E0E6CBD46A4351091C78
[TLS] sign_hash (32): 52596A969AB0B7764E5EAC612268A829734A8BAD6F3FAF898268ACBA9AD9ED78
[TLS] Written transcript to proofs/MSG_TLS_387B4E34.out, proofs/SIG_TLS_387B4E34.out and proofs/PK_TLS_387B4E34.der
Signature verification succeeds
[TLS] Server time: 1620020711
[TLS] client_random  (32): 58C06AAF59F6C0C85249D1237857F8C34C8141AC6E673BDE2E9C10F9FE1A23EC
[TLS] sign_hash (32): 70C7C18C534D3E62E4A42953EE82C3365060F54CB304352A904933095EBE4219
[TLS] Written transcript to proofs/MSG_TLS_58C06AAF.out, proofs/SIG_TLS_58C06AAF.out and proofs/PK_TLS_58C06AAF.der
Signature verification succeeds
[TLS] Server time: 1620020711
[TLS] client_random  (32): 34DF395E2BA2D141EA0EC7012CB16F57C63A7FF4AEE4916E4E57601E19992880
[TLS] sign_hash (32): 6F8F11F73DD508E242D6C422D325100084C921C3D7FBCB1D7D0B63344715D85A
[TLS] Written transcript to proofs/MSG_TLS_34DF395E.out, proofs/SIG_TLS_34DF395E.out and proofs/PK_TLS_34DF395E.der
Signature verification succeeds
[TLS] Server time: 1620020711
[TLS] client_random  (32): 9B32D5ED0D96AF565CABB0367936AA6588DABA66D8B286FE3323D0B2C71B4DB8
[TLS] sign_hash (32): EF456DD46AA2280034168504ACE62FA5401B0CF95A0E6905C9AA65A7A436CFE4
[TLS] Written transcript to proofs/MSG_TLS_9B32D5ED.out, proofs/SIG_TLS_9B32D5ED.out and proofs/PK_TLS_9B32D5ED.der
Signature verification succeeds
[TLS] Server time: 1620020711
[TLS] client_random  (32): 34ACE90B4D91064F91A58B34ECF5C8DAFF1E51CCC68F4373B99493ECE706EF87
[TLS] sign_hash (32): D0BE674171345731538C18B293FD2F57FF595226EAC945CCB06E3AB9621F6E31
[TLS] Written transcript to proofs/MSG_TLS_34ACE90B.out, proofs/SIG_TLS_34ACE90B.out and proofs/PK_TLS_34ACE90B.der
Signature verification succeeds
[TLS] Server time: 1620020711
[TLS] client_random  (32): E4C6B883AA744434711454A574316CEF0970CE007F117568651B95B55954E46F
[TLS] sign_hash (32): 77F789DB3214F435CC24544C2D40BB2D4405292B2B41E5613CF841FB26998A61
[TLS] Written transcript to proofs/MSG_TLS_E4C6B883.out, proofs/SIG_TLS_E4C6B883.out and proofs/PK_TLS_E4C6B883.der
Signature verification succeeds
[TLS] Server time: 1620020711
[TLS] client_random  (32): E7AAA88955BA7CE64F94F83D1E061CEAFBCB994622306BCAF2486542630D992E
[TLS] sign_hash (32): 6734FA5DE02772C07A5A46E9EB834A35C9801A9F40B814DE8C8D47DEF75B150C
[TLS] Written transcript to proofs/MSG_TLS_E7AAA889.out, proofs/SIG_TLS_E7AAA889.out and proofs/PK_TLS_E7AAA889.der
Signature verification succeeds
[TLS] Server time: 1620020711
[TLS] client_random  (32): 6988ADC60DD73CE2B936137D1E6EA482E496CA48071AC0272FACB4BA924D2399
[TLS] sign_hash (32): C2109C76718B5502BBC613B3D0A710A3A9AEDE3E83C3760752DB10BFEBFD3B13
[TLS] Written transcript to proofs/MSG_TLS_6988ADC6.out, proofs/SIG_TLS_6988ADC6.out and proofs/PK_TLS_6988ADC6.der
Signature verification succeeds
[TLS] Server time: 1620020711
[TLS] client_random  (32): 873CAA4CA79D658DC93C2A9EF92420C4215A792D9DDC6D263C3CEF1E94A9ED16
[TLS] sign_hash (32): B3B8C6E156513474661E6A346BBA255558DC7C1F328D4DE24193427EFF8D4CA6
[TLS] Written transcript to proofs/MSG_TLS_873CAA4C.out, proofs/SIG_TLS_873CAA4C.out and proofs/PK_TLS_873CAA4C.der
Signature verification succeeds
[TLS] Server time: 1620020711
[TLS] client_random  (32): 10D9FC445487D8C2E6C1A264F844215244CC909667754432C0B79E08E15CE6A5
[TLS] sign_hash (32): 636F1F2CCB8ACCB04564A2308E7CD8C5527D4E9D724AAA79B6FC025E6AB39E19
[TLS] Written transcript to proofs/MSG_TLS_10D9FC44.out, proofs/SIG_TLS_10D9FC44.out and proofs/PK_TLS_10D9FC44.der
Signature verification succeeds
[TLS] Server time: 1620020711
[TLS] client_random  (32): A88A997CB8D9B6101F0E661458E613B481D91FBC06C3DB4E5D14050CF187472B
[TLS] sign_hash (32): D212C76EF31F4B3669160C6F5B5A51DDCC3E41F3BF4D73EC78B7AD9F69E8F97A
[TLS] Written transcript to proofs/MSG_TLS_A88A997C.out, proofs/SIG_TLS_A88A997C.out and proofs/PK_TLS_A88A997C.der
Signature verification succeeds
[TLS] Server time: 1620020712
[TLS] client_random  (32): C1DFDEBA3F484B028F79445633475DABF31104D6501D274A3C8D777FA9F1382D
[TLS] sign_hash (32): E2A683DD4F73F0F56D5E6120B9279ABB353E615CAF395B9E9248F5CA2C6EDDE3
[TLS] Written transcript to proofs/MSG_TLS_C1DFDEBA.out, proofs/SIG_TLS_C1DFDEBA.out and proofs/PK_TLS_C1DFDEBA.der
Signature verification succeeds
[TLS] Server time: 1620020712
[TLS] client_random  (32): 1C36D1F326DC4D99F3F0541E148727216FFE72A3774F1736E5B5B7B062590948
[TLS] sign_hash (32): C61975F20F84D4A75F917CDB2C4A793CD1BF8A27395C964FEBDA1C230263DF2F
[TLS] Written transcript to proofs/MSG_TLS_1C36D1F3.out, proofs/SIG_TLS_1C36D1F3.out and proofs/PK_TLS_1C36D1F3.der
Signature verification succeeds
[TLS] Server time: 1620020712
[TLS] client_random  (32): BAEEDC0B918A7F41F31DCC05C3570951C8B4E4EA8CCF31A8D3019A91F3202A64
[TLS] sign_hash (32): 16CB1CEBD6D9CF1BA1A91474377AD16D285A65DD39BFAFDD116228B38E4F69A3
[TLS] Written transcript to proofs/MSG_TLS_BAEEDC0B.out, proofs/SIG_TLS_BAEEDC0B.out and proofs/PK_TLS_BAEEDC0B.der
Signature verification succeeds
[TLS] Server time: 1620020712
[TLS] client_random  (32): 7A2B229E3D75DFA1E5A8497C3568DE1CCDA8F80E6E415DFD82ACDEC96F4A62B4
[TLS] sign_hash (32): 545425B0C3F29AD099004DD51A95B2215727A4D8577B5D581C3D69BF97B31F1D
[TLS] Written transcript to proofs/MSG_TLS_7A2B229E.out, proofs/SIG_TLS_7A2B229E.out and proofs/PK_TLS_7A2B229E.der
Signature verification succeeds
[TLS] Server time: 1620020712
[TLS] client_random  (32): 92EFB04B2295C1CBE2764D7F2D007C43EB3B66F69D006CCCF5E14ED6E6FC11A1
[TLS] sign_hash (32): D3491C1275881FBDC33EFB16C419B67AFEBC7D6EF60467D920ABDA32C91A3BC9
[TLS] Written transcript to proofs/MSG_TLS_92EFB04B.out, proofs/SIG_TLS_92EFB04B.out and proofs/PK_TLS_92EFB04B.der
Signature verification succeeds
[TLS] Server time: 1620020712
[TLS] client_random  (32): EBE8B671877327F598704925D6F3877F89D02084736C74032849F99777E761D8
[TLS] sign_hash (32): DC62F7FC17A2AC62CA6DC12BE1F3301B3DFC9F0F2A418F5F72855252E175D56F
[TLS] Written transcript to proofs/MSG_TLS_EBE8B671.out, proofs/SIG_TLS_EBE8B671.out and proofs/PK_TLS_EBE8B671.der
Signature verification succeeds
[TLS] Server time: 1620020712
[TLS] client_random  (32): D6EF741A7CDE88C6745DEC5E8AE165255E1C2B4259D82B40AA0F330A8940F09F
[TLS] sign_hash (32): 9974C83CE49AAAF0FFEF8068B02E39C3444BA5A051AEA13FAF4A55744C194C3F
[TLS] Written transcript to proofs/MSG_TLS_D6EF741A.out, proofs/SIG_TLS_D6EF741A.out and proofs/PK_TLS_D6EF741A.der
Signature verification succeeds
[TLS] Server time: 1620020712
[TLS] client_random  (32): D15A00B3EE96DB39C09C3F663A59BC08A38FDF45F5940994B77B1A5563E1F802
[TLS] sign_hash (32): C674A795826D4AE6B89F208DF6C576D2ABACD8AEB7962FF70989A2F226F54DA1
[TLS] Written transcript to proofs/MSG_TLS_D15A00B3.out, proofs/SIG_TLS_D15A00B3.out and proofs/PK_TLS_D15A00B3.der
Signature verification succeeds
[TLS] Server time: 1620020712
[TLS] client_random  (32): 7E01A3EA7668CBC11B5E01468592E09C61011BC20464AEA67A054518853CFB47
[TLS] sign_hash (32): F5C3E6DFFB365FF232804BE1F65512140AC7A68E7058B1095BBA700C7677FC34
[TLS] Written transcript to proofs/MSG_TLS_7E01A3EA.out, proofs/SIG_TLS_7E01A3EA.out and proofs/PK_TLS_7E01A3EA.der
Signature verification succeeds
[TLS] Server time: 1620020712
[TLS] client_random  (32): 04042FF7C1BBABB7C6680C709001BA998D2402BA6F90574FCC130D15A6F2C2F1
[TLS] sign_hash (32): D4DBD0D1076D2CE1C665F1B9B5A3152DD1675C8498C86475E908C24CCD1952B1
[TLS] Written transcript to proofs/MSG_TLS_04042FF7.out, proofs/SIG_TLS_04042FF7.out and proofs/PK_TLS_04042FF7.der
Signature verification succeeds
[TLS] Server time: 1620020712
[TLS] client_random  (32): 3F7D2BD2EF2FC96DA524B864B1F87D75E1CE36AA42994BCC7365E57591E8A367
[TLS] sign_hash (32): 406F4AF2C565B32E111ACADE581CAD446714C1D2ADCF71606021C4CD41C56759
[TLS] Written transcript to proofs/MSG_TLS_3F7D2BD2.out, proofs/SIG_TLS_3F7D2BD2.out and proofs/PK_TLS_3F7D2BD2.der
Signature verification succeeds
[TLS] Server time: 1620020712
[TLS] client_random  (32): 90B631989713B7990E45AE4B1322716C7BEDABAF3565B6243EF376D2809E5B8F
[TLS] sign_hash (32): 0D1D960EC279E73D11BD516E25F29F0FB367D27C0E529B974EAFB597FED6F0E8
[TLS] Written transcript to proofs/MSG_TLS_90B63198.out, proofs/SIG_TLS_90B63198.out and proofs/PK_TLS_90B63198.der
Signature verification succeeds
[TLS] Server time: 1620020712
[TLS] client_random  (32): 5FCB4DA8082FECEA1F6D3CF344522DA42CD2BAF36EDF772AC5EF2DDA5289065C
[TLS] sign_hash (32): B07AA2211C11099F682A4BF59812168701695260E296B7B9285A2C295C426E47
[TLS] Written transcript to proofs/MSG_TLS_5FCB4DA8.out, proofs/SIG_TLS_5FCB4DA8.out and proofs/PK_TLS_5FCB4DA8.der
Signature verification succeeds
[TLS] Server time: 1620020712
[TLS] client_random  (32): FD9F5C65D04A4E27C1E1B69D66C0F510E7BFA10B1C5022DCC60C770839975826
[TLS] sign_hash (32): 95F9DFD1B2CF2791D493ECCDCDED59C0EAFD96407AED6CA5E075DE21E6F81F20
[TLS] Written transcript to proofs/MSG_TLS_FD9F5C65.out, proofs/SIG_TLS_FD9F5C65.out and proofs/PK_TLS_FD9F5C65.der
Signature verification succeeds
[TLS] Server time: 1620020712
[TLS] client_random  (32): 9FC0953DF2AD7B00CA31816FE4CA46D3B8E004986CC782C776291EACE4D626DB
[TLS] sign_hash (32): FD7C72284F158048CAB21113ED5745898B37CBDEF5DAB873321BF9F0A8348A40
[TLS] Written transcript to proofs/MSG_TLS_9FC0953D.out, proofs/SIG_TLS_9FC0953D.out and proofs/PK_TLS_9FC0953D.der
Signature verification succeeds
[TLS] Server time: 1620020712
[TLS] client_random  (32): 98C6426BB5CB24409A69559EA029F5BD86F57EF8545FA2101527A6B5F1347703
[TLS] sign_hash (32): CBDA341B35064F5AD275C9D8DEE31D31296BA0B512F58D85C2BD5752B6C023E6
[TLS] Written transcript to proofs/MSG_TLS_98C6426B.out, proofs/SIG_TLS_98C6426B.out and proofs/PK_TLS_98C6426B.der
Signature verification succeeds
[TLS] Server time: 1620020712
[TLS] client_random  (32): A3C95C508FAF8CB4B3CFA936ECC9C8239DC85B44DBA7F4406D5669C2BCA16F9D
[TLS] sign_hash (32): DC0A5454864850B1D1EB6725CDAB568E154B0420EF2CCF5730E3710E1231ECDD
[TLS] Written transcript to proofs/MSG_TLS_A3C95C50.out, proofs/SIG_TLS_A3C95C50.out and proofs/PK_TLS_A3C95C50.der
Signature verification succeeds
[TLS] Server time: 1620020712
[TLS] client_random  (32): F06DE7D6571BEF58B1693291260A9A60963C00C6F0152CF0D4A9A98829E010FB
[TLS] sign_hash (32): 915B084D291D019D6131204A083F83D4451C880ADB85AF4BEE070A31CF2F0BC1
[TLS] Written transcript to proofs/MSG_TLS_F06DE7D6.out, proofs/SIG_TLS_F06DE7D6.out and proofs/PK_TLS_F06DE7D6.der
Signature verification succeeds
[TLS] Server time: 1620020712
[TLS] client_random  (32): 233516BF6CBA89E6C2790E3ABF2A459FC8A38E33B44FE9ADE5C41A67E52CE00F
[TLS] sign_hash (32): 69126E3910718ED520049ADA703C5BBF1765F9DAE312401E765A96C083EB0FB8
[TLS] Written transcript to proofs/MSG_TLS_233516BF.out, proofs/SIG_TLS_233516BF.out and proofs/PK_TLS_233516BF.der
Signature verification succeeds
[TLS] Server time: 1620020712
[TLS] client_random  (32): 388B6B883A7D7A60F703916073103A12242B39FF3B286899807C20F37BD9AAA0
[TLS] sign_hash (32): 1BD20A55F7F1D8DB6C4623B8B2600F3D93A586C0DBA455280CBF62823D0982EB
[TLS] Written transcript to proofs/MSG_TLS_388B6B88.out, proofs/SIG_TLS_388B6B88.out and proofs/PK_TLS_388B6B88.der
Signature verification succeeds
[TLS] Server time: 1620020712
[TLS] client_random  (32): 25D8AC08906798B75016B18C0BF10FCA8FBC282073378F96932ADEEE1BF79F64
[TLS] sign_hash (32): 58C5AD1160B4D10DBFDBB4E0956903910B72459837905DCA1C9E36A646D9DE6D
[TLS] Written transcript to proofs/MSG_TLS_25D8AC08.out, proofs/SIG_TLS_25D8AC08.out and proofs/PK_TLS_25D8AC08.der
Signature verification succeeds
[TLS] Server time: 1620020712
[TLS] client_random  (32): F1FA712FC8319EDCC70BCF8A673E679F66ED4A73EEDF45A876562D6B8F3DD910
[TLS] sign_hash (32): E9AC51D5975E325B320616CE33511659889FA52D6203EA1A23F2D164184E3228
[TLS] Written transcript to proofs/MSG_TLS_F1FA712F.out, proofs/SIG_TLS_F1FA712F.out and proofs/PK_TLS_F1FA712F.der
Signature verification succeeds
[TLS] Server time: 1620020712
[TLS] client_random  (32): DF8F574E4232B978D689F9286702BB6407621A5CFD5E1F62CF02B6B5117C3EA8
[TLS] sign_hash (32): 7977B47B134387E7B8EB08B606812AAC3F60EB72A616D3D29CBF49A0D835841F
[TLS] Written transcript to proofs/MSG_TLS_DF8F574E.out, proofs/SIG_TLS_DF8F574E.out and proofs/PK_TLS_DF8F574E.der
Signature verification succeeds
[TLS] Server time: 1620020712
[TLS] client_random  (32): F82454EAB7C83F17441B9A7860412DC20DDB56B2910F1E15157384E6ECE5704D
[TLS] sign_hash (32): FEC32C6A2CDF13C617E07064C45889C02B3A07D4996E7F3149D4B153F9FFDA45
[TLS] Written transcript to proofs/MSG_TLS_F82454EA.out, proofs/SIG_TLS_F82454EA.out and proofs/PK_TLS_F82454EA.der
Signature verification succeeds
[TLS] Server time: 1620020712
[TLS] client_random  (32): E8C3AA9DA8E162725BEA5EF4F3C60BEDF182D9994D4348E5BA18398F95309DF0
[TLS] sign_hash (32): 9F88B131242EE61A1051E223C44BA10DB4921F14262F5ADB6FC293C76EC08153
[TLS] Written transcript to proofs/MSG_TLS_E8C3AA9D.out, proofs/SIG_TLS_E8C3AA9D.out and proofs/PK_TLS_E8C3AA9D.der
Signature verification succeeds
[TLS] Server time: 1620020712
[TLS] client_random  (32): 928DF438C8D5A0160ACD8490F9DD37B2E256E04904BA7FD1E140758F896E73B0
[TLS] sign_hash (32): 3263C260E569DAC0DE64F41955B79BD4B369C96AF4BA6867453CC380F0EA7770
[TLS] Written transcript to proofs/MSG_TLS_928DF438.out, proofs/SIG_TLS_928DF438.out and proofs/PK_TLS_928DF438.der
Signature verification succeeds
[TLS] Server time: 1620020712
[TLS] client_random  (32): 7186DA046E0D06A92A181A5E6628675AA9B01E4ADFFF6B201D05F9EFBB2E98D3
[TLS] sign_hash (32): A68CECD1FA26340DC80D011A2A18FAB3F1D0ECDB38C0394A7C378724DA3EE719
[TLS] Written transcript to proofs/MSG_TLS_7186DA04.out, proofs/SIG_TLS_7186DA04.out and proofs/PK_TLS_7186DA04.der
Signature verification succeeds
[TLS] Server time: 1620020712
[TLS] client_random  (32): 35E6AE42528546A3D34F771003ED399D0A9C9B859B956D266B417C1533FEAB21
[TLS] sign_hash (32): 4793B409DA68D41DE19D146ACEA80612A5641A54E296D225715B0557501732DF
[TLS] Written transcript to proofs/MSG_TLS_35E6AE42.out, proofs/SIG_TLS_35E6AE42.out and proofs/PK_TLS_35E6AE42.der
Signature verification succeeds
[TLS] Server time: 1620020712
[TLS] client_random  (32): 5A33AA9F3DBDC6FAB32C75E153A627A74C87976E3583D66A082BDDAA444F30D5
[TLS] sign_hash (32): 8B725B629E8FF16B3BBDEB41DF50BA45FAC9B5A1151C439059BC9B81A6732AE6
[TLS] Written transcript to proofs/MSG_TLS_5A33AA9F.out, proofs/SIG_TLS_5A33AA9F.out and proofs/PK_TLS_5A33AA9F.der
Signature verification succeeds
[TLS] Server time: 1620020712
[TLS] client_random  (32): 975AF0B885723B0FAE39B2F4EA3ACAAACFCF921433F3AE4A8CEB085CCE11F095
[TLS] sign_hash (32): 818290F5E3AE2E8C74BC354FFB78E38906AAEE1AC44EBF010115385EE7B4BC57
[TLS] Written transcript to proofs/MSG_TLS_975AF0B8.out, proofs/SIG_TLS_975AF0B8.out and proofs/PK_TLS_975AF0B8.der
Signature verification succeeds
[TLS] Server time: 1620020712
[TLS] client_random  (32): 31260EFFAA874A4F708061632CA8C5FFC606B66AF46773AB246457C0BC5C0D74
[TLS] sign_hash (32): 77DE7C2763288E0FB6460C2F9EFF0D2AA1CDE45D54D3EE75E47AB28207D4BC5A
[TLS] Written transcript to proofs/MSG_TLS_31260EFF.out, proofs/SIG_TLS_31260EFF.out and proofs/PK_TLS_31260EFF.der
Signature verification succeeds
[TLS] Server time: 1620020712
[TLS] client_random  (32): B95CF205894064E2A6BDBA56FF12B5060142FB3CE51BB0526F3CEBCD4A83DF16
[TLS] sign_hash (32): A951AC1C297F43D5B5291FCB8D4BAB248C2765CD19899D1AF705E4956975AE19
[TLS] Written transcript to proofs/MSG_TLS_B95CF205.out, proofs/SIG_TLS_B95CF205.out and proofs/PK_TLS_B95CF205.der
Signature verification succeeds
[TLS] Server time: 1620020712
[TLS] client_random  (32): CDBA026D2CBAA388199CD5C322DCA1D962B21EDEA706B25B1354FAB3336C0F8F
[TLS] sign_hash (32): 0E33238DC34D5A166B0BF5B764300C6F1E881047A8FC149F220F4714505579B2
[TLS] Written transcript to proofs/MSG_TLS_CDBA026D.out, proofs/SIG_TLS_CDBA026D.out and proofs/PK_TLS_CDBA026D.der
Signature verification succeeds
[TLS] Server time: 1620020712
[TLS] client_random  (32): 3493FD2AFD9DEFD7316D78AC0553A21D398F5CE4ED1DD5EFAD7673B550410BEC
[TLS] sign_hash (32): AA1FA9EE5133744C4760A13E5181BF29C563CC7EE689610B650B3614F0DEA02D
[TLS] Written transcript to proofs/MSG_TLS_3493FD2A.out, proofs/SIG_TLS_3493FD2A.out and proofs/PK_TLS_3493FD2A.der
Signature verification succeeds
[TLS] Server time: 1620020712
[TLS] client_random  (32): C813A5E1A36533BA7F056C51E552C1F7E243D407C76E151C3DAA78905D84454A
[TLS] sign_hash (32): 051EDC47F7F0F0F9337A46941B8042C37204B8BF4364EDF96BBE02D477A4C243
[TLS] Written transcript to proofs/MSG_TLS_C813A5E1.out, proofs/SIG_TLS_C813A5E1.out and proofs/PK_TLS_C813A5E1.der
Signature verification succeeds
[TLS] Server time: 1620020712
[TLS] client_random  (32): 4AC6D95CAA36ABA2711D0925E121DDA13769527137D68102D018A7C32F3FF6A8
[TLS] sign_hash (32): 24549DC9E7750A5697C7B0D014642D153C6F3365441385B219E603B8FECF2C24
[TLS] Written transcript to proofs/MSG_TLS_4AC6D95C.out, proofs/SIG_TLS_4AC6D95C.out and proofs/PK_TLS_4AC6D95C.der
Signature verification succeeds
[TLS] Server time: 1620020712
[TLS] client_random  (32): 2A7BAC823CB6B59629BBEEC0A57C10F0924E43B8439CF47F74C7015AF6E16EB0
[TLS] sign_hash (32): D8ADD1FEF6CDFE64706AA33BEA34A75BCD6761A90CD6E27EB74F367ED49F338D
[TLS] Written transcript to proofs/MSG_TLS_2A7BAC82.out, proofs/SIG_TLS_2A7BAC82.out and proofs/PK_TLS_2A7BAC82.der
Signature verification succeeds
[TLS] Server time: 1620020712
[TLS] client_random  (32): DC160AA36EF80F958D703F4E39D76EFD7EB92FDB06DE2E43372823E6843ABC99
[TLS] sign_hash (32): FC49BC12CC0235E10553F10072760BAB8612F4A9AEA5AB4ACDBBAF39DCCB99AC
[TLS] Written transcript to proofs/MSG_TLS_DC160AA3.out, proofs/SIG_TLS_DC160AA3.out and proofs/PK_TLS_DC160AA3.der
Signature verification succeeds
[TLS] Server time: 1620020712
[TLS] client_random  (32): E4B45D8D34B985ACEE70B5E6FCA8D3D49FCFC2B3C883D8FE7BE43EC6A943842A
[TLS] sign_hash (32): 38D645533197363DB36FE0CFB6AE3FDC8379E2A2CB841D37C460EB0C8547957B
[TLS] Written transcript to proofs/MSG_TLS_E4B45D8D.out, proofs/SIG_TLS_E4B45D8D.out and proofs/PK_TLS_E4B45D8D.der
Signature verification succeeds
[TLS] Server time: 1620020712
[TLS] client_random  (32): ABB38BB19224D2174CB779B2D9D206CE2909AE12E6F0A757A28409AA25F2F207
[TLS] sign_hash (32): 1FF514932B6DF3CBB89334811A23E2F8398408B06BFB6520C896DF9CEADB5D07
[TLS] Written transcript to proofs/MSG_TLS_ABB38BB1.out, proofs/SIG_TLS_ABB38BB1.out and proofs/PK_TLS_ABB38BB1.der
Signature verification succeeds
[TLS] Server time: 1620020712
[TLS] client_random  (32): 7C5D0D5403AB77D5F954ADD9B0BA0304011E72783FE9EBD197BAE5A5B984F1E4
[TLS] sign_hash (32): 99EB58F2D55C2FE9C00154E78D144898FD6DE752E7236BA193F62FC78AA10D08
[TLS] Written transcript to proofs/MSG_TLS_7C5D0D54.out, proofs/SIG_TLS_7C5D0D54.out and proofs/PK_TLS_7C5D0D54.der
Signature verification succeeds
[TLS] Server time: 1620020712
[TLS] client_random  (32): DA6C24FAD8E4EA4DF9C6704455F9B3A03B556EA9BB9840E25F7C6F976CA56DE4
[TLS] sign_hash (32): 1B361784D18217ED18478D832804942CF37D92F208A8B5F571B9EC24B61D807B
[TLS] Written transcript to proofs/MSG_TLS_DA6C24FA.out, proofs/SIG_TLS_DA6C24FA.out and proofs/PK_TLS_DA6C24FA.der
Signature verification succeeds
[TLS] Server time: 1620020712
[TLS] client_random  (32): 5C7F10079B58581C8A964B93F24D5E7B183F974E10FBC03C84A808AAE59ED1C3
[TLS] sign_hash (32): B093576243689424ADBF3712EB19288822683351587C2C0115DDEAA72E8CD5EF
[TLS] Written transcript to proofs/MSG_TLS_5C7F1007.out, proofs/SIG_TLS_5C7F1007.out and proofs/PK_TLS_5C7F1007.der
Signature verification succeeds
[TLS] Server time: 1620020712
[TLS] client_random  (32): 9F9AFBFC070798412524D31C5374A2DC833876BF578C676B212D67A3A6BB9970
[TLS] sign_hash (32): 621A1A51B6764DADF51BBB968103C7D8C645629DC8E196CC1D8C7652E2546030
[TLS] Written transcript to proofs/MSG_TLS_9F9AFBFC.out, proofs/SIG_TLS_9F9AFBFC.out and proofs/PK_TLS_9F9AFBFC.der
Signature verification succeeds
Time breakdown (averages): anchor_ping:20.507163 file_read:0.147886 hashing:0.472199
Total time for 99 rounds is 2112.113487ms
Standard deviations: anchor_ping:1.997878 file_read:0.013402 hashing:0.006211
[Client-side ops] mean:0.620085 sd:0.014403
in & out anchor rand written to proofs/phase1.out
      8 [TLS] Server time: 1620020710
     48 [TLS] Server time: 1620020711
     44 [TLS] Server time: 1620020712
Count is 8
Count is 48
Count is 44
success: 1
RESULT: 1 in 2 tries
