TLS anchor: nott.ac.uk
Actual: 48, Set: 99
Beginning execution at Wed Apr 28 21:45:01 UTC 2021
CONF: anchor:nott.ac.uk fs:1024MB n_rounds:99 seed:5c9f4bf9bbc15bb855f82faedc5a52fc3ab2dfa8ec3ba3ce1b270f31fa0cced2 filename:FILE bs:1024 nops:100 benchmarking:0 anchor_ping:1 queue_depth:32 direct:0
[TLS] Connecting to nott.ac.uk
[TLS] Server time: 1619646302
[TLS] client_random  (32): 5C9F4BF9BBC15BB855F82FAEDC5A52FC3AB2DFA8EC3BA3CE1B270F31FA0CCED2
[TLS] sign_hash (32): 7E0AEF3DE02419C050C8F486AE4A7A38AB0C813BB50FF3A483CC13FF4DCECE9F
[TLS] Written transcript to proofs/MSG_TLS_5C9F4BF9.out, proofs/SIG_TLS_5C9F4BF9.out and proofs/PK_TLS_5C9F4BF9.der
Signature verification succeeds
[TLS] Server time: 1619646302
[TLS] client_random  (32): F84A14D6EF79571F0BF3969C32FF7B57E170CA5D0D99AC8FA314FCBDBF50D9F3
[TLS] sign_hash (32): 8BEC235D06C163632588F4F0C414B626216197EB8B3FB0E62085D3E0BB04BBB2
[TLS] Written transcript to proofs/MSG_TLS_F84A14D6.out, proofs/SIG_TLS_F84A14D6.out and proofs/PK_TLS_F84A14D6.der
Signature verification succeeds
[TLS] Server time: 1619646302
[TLS] client_random  (32): 06C762CE675FE7055934822B88942AE66E2ED53F46B327D4296C77048ABCCA6E
[TLS] sign_hash (32): 482D89699485DD7EE64320951D9DB148CBD41500E114720850CF46460236A0A7
[TLS] Written transcript to proofs/MSG_TLS_06C762CE.out, proofs/SIG_TLS_06C762CE.out and proofs/PK_TLS_06C762CE.der
Signature verification succeeds
[TLS] Server time: 1619646302
[TLS] client_random  (32): 0DBDB0A9A52727160EA338A149776406DA6A8EBF3D393CF7E7054FB3BD3627EB
[TLS] sign_hash (32): F0713E14C2045DEFA4D91B41B093C79208BA301ED55F159951078058F6F03F41
[TLS] Written transcript to proofs/MSG_TLS_0DBDB0A9.out, proofs/SIG_TLS_0DBDB0A9.out and proofs/PK_TLS_0DBDB0A9.der
Signature verification succeeds
[TLS] Server time: 1619646302
[TLS] client_random  (32): 6C2CA881E616FDE28BEC61291E9709F37456D08E5187823CF2502DA09F3D5606
[TLS] sign_hash (32): 2BA0F4C59198B5F1FDB963202F7AB2C35091AFFF51255CC0D0DE646532E0B078
[TLS] Written transcript to proofs/MSG_TLS_6C2CA881.out, proofs/SIG_TLS_6C2CA881.out and proofs/PK_TLS_6C2CA881.der
Signature verification succeeds
[TLS] Server time: 1619646302
[TLS] client_random  (32): E394C3C53E8AA4281C3B2232C2777BDB64D6B29985171F5FBDC72C14A68C3633
[TLS] sign_hash (32): 890582349F7A7E0800DED2F860F1F6F298B7946FE586D888BA45D515EB2E6893
[TLS] Written transcript to proofs/MSG_TLS_E394C3C5.out, proofs/SIG_TLS_E394C3C5.out and proofs/PK_TLS_E394C3C5.der
Signature verification succeeds
[TLS] Server time: 1619646302
[TLS] client_random  (32): BEAAE25B11B5613058B0A5DA2220FD366370BB25FB2C02A14A7B0DAB811DCB5E
[TLS] sign_hash (32): B49B77557E6E33BC87D17A0D757FD9501790BBFED0B108B26C217AA7DD3858EF
[TLS] Written transcript to proofs/MSG_TLS_BEAAE25B.out, proofs/SIG_TLS_BEAAE25B.out and proofs/PK_TLS_BEAAE25B.der
Signature verification succeeds
[TLS] Server time: 1619646302
[TLS] client_random  (32): D5886248D6C983A8A5AF8558EBC64CE81D31C4959DA9AEA4E99AB6070F35FCB8
[TLS] sign_hash (32): E532D3CD68BB66E6273A378774A5EE98667A13AE5A61308292D0E179991885F3
[TLS] Written transcript to proofs/MSG_TLS_D5886248.out, proofs/SIG_TLS_D5886248.out and proofs/PK_TLS_D5886248.der
Signature verification succeeds
[TLS] Server time: 1619646302
[TLS] client_random  (32): 3308A4BD35421EB7B4FC27A63F8431706D6136B1A11DBD7FC55CD12B162B74BF
[TLS] sign_hash (32): 1A9AB2C32656D995B619897DB9C5F22F0A368CC3EAEA7909AD1C3AAB690F4A5C
[TLS] Written transcript to proofs/MSG_TLS_3308A4BD.out, proofs/SIG_TLS_3308A4BD.out and proofs/PK_TLS_3308A4BD.der
Signature verification succeeds
[TLS] Server time: 1619646302
[TLS] client_random  (32): A775C453CD47096E63CAE61AD968FF3DB3ADFD0135B35F2A2F4585D1779D0198
[TLS] sign_hash (32): 5DE7E14D31959BEEB4C194E5BE423196A81EC3F5085A5E8AC6028813184DAFCC
[TLS] Written transcript to proofs/MSG_TLS_A775C453.out, proofs/SIG_TLS_A775C453.out and proofs/PK_TLS_A775C453.der
Signature verification succeeds
[TLS] Server time: 1619646302
[TLS] client_random  (32): 52ED9429671F3E18EBEFA615F3048FBB37403425ED5121C69E83C1AC11E5AB05
[TLS] sign_hash (32): 3EC4A806F4144EF64E53D0DD751641DBCE967783D2D377D4B10FA9AFFF906A67
[TLS] Written transcript to proofs/MSG_TLS_52ED9429.out, proofs/SIG_TLS_52ED9429.out and proofs/PK_TLS_52ED9429.der
Signature verification succeeds
[TLS] Server time: 1619646302
[TLS] client_random  (32): 04B353ABCBE758C17FB8DEEF76AF086F2B0CF975136E3D308C1064D5F37ABF4D
[TLS] sign_hash (32): 30D60F81F128E04ED2078601D22828BAD78C95E45E6915F1095AB3087A5B74D3
[TLS] Written transcript to proofs/MSG_TLS_04B353AB.out, proofs/SIG_TLS_04B353AB.out and proofs/PK_TLS_04B353AB.der
Signature verification succeeds
[TLS] Server time: 1619646302
[TLS] client_random  (32): 8FD53EEBCFADCC5E01115F335357792983BB530EFDBC6BC8B1214E3B1770796A
[TLS] sign_hash (32): 392A70520F981AB15562E58E844B7CA6B77CF1059427C9680F736ECDD1402FC3
[TLS] Written transcript to proofs/MSG_TLS_8FD53EEB.out, proofs/SIG_TLS_8FD53EEB.out and proofs/PK_TLS_8FD53EEB.der
Signature verification succeeds
[TLS] Server time: 1619646302
[TLS] client_random  (32): 1472D6ADDE4FAC54BDD84A7A33AFED1D9D286378B3D6330C81F5E1638613B50D
[TLS] sign_hash (32): 5F2A7CDC367BE983A5D1C050E58021B4B1C53EB436519286FCCEEA66F95A8456
[TLS] Written transcript to proofs/MSG_TLS_1472D6AD.out, proofs/SIG_TLS_1472D6AD.out and proofs/PK_TLS_1472D6AD.der
Signature verification succeeds
[TLS] Server time: 1619646302
[TLS] client_random  (32): 2B124D9BC54B64AC156DCCC01C7FF13B237EF19933E15E2A75CBCB08A373D136
[TLS] sign_hash (32): B997EB4933E334C73A1D31CB1BE006649341261FF0F0A2A9FEE5A094E37BA49B
[TLS] Written transcript to proofs/MSG_TLS_2B124D9B.out, proofs/SIG_TLS_2B124D9B.out and proofs/PK_TLS_2B124D9B.der
Signature verification succeeds
[TLS] Server time: 1619646302
[TLS] client_random  (32): 402BD60A8E21B9CFAF1E1893E18477D08B6DF99987DF6293C20CC7E50E2D9D46
[TLS] sign_hash (32): FFDE8F156120A19A05CED4606C7D18B126CC92CDD5942AB4594DC2EE27FCAE05
[TLS] Written transcript to proofs/MSG_TLS_402BD60A.out, proofs/SIG_TLS_402BD60A.out and proofs/PK_TLS_402BD60A.der
Signature verification succeeds
[TLS] Server time: 1619646302
[TLS] client_random  (32): A970580BD77E9F4062DFB885ECAB15BEE2CE4D3F26E57BF35FC43453804C2C0B
[TLS] sign_hash (32): 673B0E73145F172A392B63A11CE814E3D677269AB4D121A913633D06727E2435
[TLS] Written transcript to proofs/MSG_TLS_A970580B.out, proofs/SIG_TLS_A970580B.out and proofs/PK_TLS_A970580B.der
Signature verification succeeds
[TLS] Server time: 1619646302
[TLS] client_random  (32): 3FE2588631C5C42E337C851EA563C4A1FD8A57039398A00D1E70534B4AFA3404
[TLS] sign_hash (32): 7A6CF9BE3C65DED324CA60B692C1FE8BDE888995ED18BF6487824CE8FE7C2F1D
[TLS] Written transcript to proofs/MSG_TLS_3FE25886.out, proofs/SIG_TLS_3FE25886.out and proofs/PK_TLS_3FE25886.der
Signature verification succeeds
[TLS] Server time: 1619646302
[TLS] client_random  (32): 47299859156C09A749B3A18B4FD99DC2CA5C3E1A567E7E24E683DA58C2DAA4CD
[TLS] sign_hash (32): 14EFBFB2ADEBD8D56BF705B6D3046BDDE212FB24F93CCC7B4245DAD2370B1BBB
[TLS] Written transcript to proofs/MSG_TLS_47299859.out, proofs/SIG_TLS_47299859.out and proofs/PK_TLS_47299859.der
Signature verification succeeds
[TLS] Server time: 1619646302
[TLS] client_random  (32): 5763B369731F80EA5A55815D6A2B63E078799B6A00127F42B073940CC885116F
[TLS] sign_hash (32): 1D978FBC9A022790DB8345BA1D120C9C88B53DF2167EF1A03E57BCD02CC7A154
[TLS] Written transcript to proofs/MSG_TLS_5763B369.out, proofs/SIG_TLS_5763B369.out and proofs/PK_TLS_5763B369.der
Signature verification succeeds
[TLS] Server time: 1619646303
[TLS] client_random  (32): 4599DA2F84D0D7A146EF359016CFA51770A977F9F88D30B8F5BD6446D858E1D6
[TLS] sign_hash (32): 75439B1B73CB9917F76F0D8D30BB88C080DC7915658EFC9A27C6D3173D2DCB8F
[TLS] Written transcript to proofs/MSG_TLS_4599DA2F.out, proofs/SIG_TLS_4599DA2F.out and proofs/PK_TLS_4599DA2F.der
Signature verification succeeds
[TLS] Server time: 1619646304
[TLS] client_random  (32): 83907AA030708710BB78A3B0F67CA94D020824081132ADB4E8F8674C6333E09C
[TLS] sign_hash (32): 923A2E524D23D8B1771C9986AE4598B8D5324692666870D706E88FB32FD300B5
[TLS] Written transcript to proofs/MSG_TLS_83907AA0.out, proofs/SIG_TLS_83907AA0.out and proofs/PK_TLS_83907AA0.der
Signature verification succeeds
[TLS] Server time: 1619646304
[TLS] client_random  (32): 54A4E02B589052841DE4B423C678DA88E52FE18CC1C31E95150914D4713D5B57
[TLS] sign_hash (32): CAEE17A1138E9E71CA0DE2FC0CDC071FF4A1B88943D72AE0D11D81B8D8E1B263
[TLS] Written transcript to proofs/MSG_TLS_54A4E02B.out, proofs/SIG_TLS_54A4E02B.out and proofs/PK_TLS_54A4E02B.der
Signature verification succeeds
[TLS] Server time: 1619646305
[TLS] client_random  (32): 91622BA41158F2385D62BFF0BEA62DDC7FF24CD382E090B9ED8BC621A4477127
[TLS] sign_hash (32): 6E24B12EA5D7BE10B1634111AFD69187A6FED7011D8F2D67758DDDA442ECE688
[TLS] Written transcript to proofs/MSG_TLS_91622BA4.out, proofs/SIG_TLS_91622BA4.out and proofs/PK_TLS_91622BA4.der
Signature verification succeeds
[TLS] Server time: 1619646305
[TLS] client_random  (32): F91A3AEB919EB69A55919EF74212CEDA44D02D441713C1DC1DF9AEE1C30106F0
[TLS] sign_hash (32): 13DDCDA2F110007A4570B5A8D37E6705FC2D873CCC418441D681AF8556105568
[TLS] Written transcript to proofs/MSG_TLS_F91A3AEB.out, proofs/SIG_TLS_F91A3AEB.out and proofs/PK_TLS_F91A3AEB.der
Signature verification succeeds
[TLS] Server time: 1619646305
[TLS] client_random  (32): A0BE0CE9E523EDC56EAA48989DDF00D249CC621E5D6ADF37BC8A67A36DBE86C2
[TLS] sign_hash (32): 53A459990C16A9B3A503375BAFA9249CE3FF13BF63DECA8E840666EF6AB2D863
[TLS] Written transcript to proofs/MSG_TLS_A0BE0CE9.out, proofs/SIG_TLS_A0BE0CE9.out and proofs/PK_TLS_A0BE0CE9.der
Signature verification succeeds
[TLS] Server time: 1619646305
[TLS] client_random  (32): 0F4C68864407FDAC7B69B92D3811F484D948F90FD27926D5EA58720086D296DE
[TLS] sign_hash (32): 9AA1D4CEE5F3694EDC8757BBD30A78287F9BA3D4B9B5A549C74AD41850A0AD2F
[TLS] Written transcript to proofs/MSG_TLS_0F4C6886.out, proofs/SIG_TLS_0F4C6886.out and proofs/PK_TLS_0F4C6886.der
Signature verification succeeds
[TLS] Server time: 1619646306
[TLS] client_random  (32): 33C9C8E88BB16F5D6471A6A67C93675CCF8B2DA7EB3B8B263FD0661D7A6B670B
[TLS] sign_hash (32): 5B0756F808317305A6364B31BD5911447649F9F4D3A847C75CA76F237D3251BB
[TLS] Written transcript to proofs/MSG_TLS_33C9C8E8.out, proofs/SIG_TLS_33C9C8E8.out and proofs/PK_TLS_33C9C8E8.der
Signature verification succeeds
[TLS] Server time: 1619646306
[TLS] client_random  (32): AE43C5C3E50EBB72A154688061472A6E99B525ABF1420472BE6D2E29D9060107
[TLS] sign_hash (32): ED6174C841A141AE4243858EA0C7BDAB030AE36B6A996EF414CDA77028B7BED0
[TLS] Written transcript to proofs/MSG_TLS_AE43C5C3.out, proofs/SIG_TLS_AE43C5C3.out and proofs/PK_TLS_AE43C5C3.der
Signature verification succeeds
[TLS] Server time: 1619646306
[TLS] client_random  (32): DA4B481D778D129EA77DCFB9F15DDE8FD571422DF3DE27EA9EDB183C6779F925
[TLS] sign_hash (32): BE9CB301544BEB742BDB3615CDFA5978D7F5F75BD9AFA8D426E6C027D10E61D0
[TLS] Written transcript to proofs/MSG_TLS_DA4B481D.out, proofs/SIG_TLS_DA4B481D.out and proofs/PK_TLS_DA4B481D.der
Signature verification succeeds
[TLS] Server time: 1619646306
[TLS] client_random  (32): D4236CA8D38B6B53CE24346254925C77BEC13D6DC4DC12979381AE73F8243386
[TLS] sign_hash (32): 714755888E825A5102D00271E0224DAB1A790E5E3EF88AAFE092847042C52035
[TLS] Written transcript to proofs/MSG_TLS_D4236CA8.out, proofs/SIG_TLS_D4236CA8.out and proofs/PK_TLS_D4236CA8.der
Signature verification succeeds
[TLS] Server time: 1619646306
[TLS] client_random  (32): 1986496B8E0B8E6998F699660F74CE6966DED1D452B9031211CCB0B7EACECDCF
[TLS] sign_hash (32): 54244527B7FCA06E101103A669D793016FD4B17ABCF8A32E2726E0E68A67A278
[TLS] Written transcript to proofs/MSG_TLS_1986496B.out, proofs/SIG_TLS_1986496B.out and proofs/PK_TLS_1986496B.der
Signature verification succeeds
[TLS] Server time: 1619646306
[TLS] client_random  (32): 49EF4D773E22A6AB0A4BF4CDA10EB080BA8D5E5BDA03C78779805761C0C0C79E
[TLS] sign_hash (32): BEC822EBB2DDC7C19EB11D9460855E1719A8C244C4E3206AEE74E3C340DB6AE1
[TLS] Written transcript to proofs/MSG_TLS_49EF4D77.out, proofs/SIG_TLS_49EF4D77.out and proofs/PK_TLS_49EF4D77.der
Signature verification succeeds
[TLS] Server time: 1619646306
[TLS] client_random  (32): F93783A78D762C25C314D0532623D7291380F143BE97975D64CFB274F0E31072
[TLS] sign_hash (32): 5A4DBB1D8C3697B4902DB12DFA3802B1074F7D640914EA833F8CEBD698162D45
[TLS] Written transcript to proofs/MSG_TLS_F93783A7.out, proofs/SIG_TLS_F93783A7.out and proofs/PK_TLS_F93783A7.der
Signature verification succeeds
[TLS] Server time: 1619646306
[TLS] client_random  (32): 8FF4963B453EABD4E93428D5131EB17780A5E76C6FD579F4F0DB932D052B9D45
[TLS] sign_hash (32): 6AFF459B6DDFD43E795921B8ABCB8A71E230C5996695A05D196B3B36B306CD90
[TLS] Written transcript to proofs/MSG_TLS_8FF4963B.out, proofs/SIG_TLS_8FF4963B.out and proofs/PK_TLS_8FF4963B.der
Signature verification succeeds
[TLS] Server time: 1619646307
[TLS] client_random  (32): C48298B4482266EC25D300A20EAA017AF9A8E8591C5D9666AE1F1F8F82073384
[TLS] sign_hash (32): 44E03ED3C827844CF2E833558D8A17CA4D38E88AECA0362BD8A4B6C584EACBCF
[TLS] Written transcript to proofs/MSG_TLS_C48298B4.out, proofs/SIG_TLS_C48298B4.out and proofs/PK_TLS_C48298B4.der
Signature verification succeeds
[TLS] Server time: 1619646307
[TLS] client_random  (32): 053ECBDCFF807A076EA2BB8AA5C0CEF5AF3439E7FBCDEE42704C84166DA687D9
[TLS] sign_hash (32): 420E82170FA8A96D5B946DC7492660446BDABE232634A834ACBCC2BC1138E863
[TLS] Written transcript to proofs/MSG_TLS_053ECBDC.out, proofs/SIG_TLS_053ECBDC.out and proofs/PK_TLS_053ECBDC.der
Signature verification succeeds
[TLS] Server time: 1619646307
[TLS] client_random  (32): F699845D4927291E35E582DBA3C5C54C796A5EB7703EE5948A1A401D26CBF3D0
[TLS] sign_hash (32): AE9AE97D605B49D03C1073350666EF1FFD0715D6C0D77D0D52B9E7A8D8BA380B
[TLS] Written transcript to proofs/MSG_TLS_F699845D.out, proofs/SIG_TLS_F699845D.out and proofs/PK_TLS_F699845D.der
Signature verification succeeds
[TLS] Server time: 1619646307
[TLS] client_random  (32): C76D84447431A1A478B281A21650098BE8B18CB01A5253E112DB6DC0259EF3AC
[TLS] sign_hash (32): 601CBEF53A0536242CC1C45AA8A8CF4A31B499723910C03EB7D8962C3EF12A84
[TLS] Written transcript to proofs/MSG_TLS_C76D8444.out, proofs/SIG_TLS_C76D8444.out and proofs/PK_TLS_C76D8444.der
Signature verification succeeds
[TLS] Server time: 1619646307
[TLS] client_random  (32): FD5C4B740161B92A90355FA7F8D6E501BE979D7C2F89378F59826A87377DAAFD
[TLS] sign_hash (32): BB72A2E94572FF2C9A7DA18E03E58F5E354A683B33CE86D33AB2275670E5BFAE
[TLS] Written transcript to proofs/MSG_TLS_FD5C4B74.out, proofs/SIG_TLS_FD5C4B74.out and proofs/PK_TLS_FD5C4B74.der
Signature verification succeeds
[TLS] Server time: 1619646307
[TLS] client_random  (32): 4164BB737D86516CC7A776779B94837A6FE4B9B3FA997220260F7E1107A0C089
[TLS] sign_hash (32): 4AC2A0BCD45C9D8674BC63834C805C748A27259487D142F5D7CA4495C7231F21
[TLS] Written transcript to proofs/MSG_TLS_4164BB73.out, proofs/SIG_TLS_4164BB73.out and proofs/PK_TLS_4164BB73.der
Signature verification succeeds
[TLS] Server time: 1619646307
[TLS] client_random  (32): A21A4728F16375D11D4D26BAFDDC3F209F2900F95E633FAE0726DA83047FF2AE
[TLS] sign_hash (32): CCB182670B386692E154D465AB66E000585D2AC6AEF7B7A16FE164BC0899615A
[TLS] Written transcript to proofs/MSG_TLS_A21A4728.out, proofs/SIG_TLS_A21A4728.out and proofs/PK_TLS_A21A4728.der
Signature verification succeeds
[TLS] Server time: 1619646307
[TLS] client_random  (32): 46AC7DA70A9AA167D90C72B76BA910FC66CF864685F9979955ADE2B9355A3609
[TLS] sign_hash (32): 3E963CA1B76F29A15ADA4EE2A1554DE9BDB82D0C169B7A237DD53D92EFACC807
[TLS] Written transcript to proofs/MSG_TLS_46AC7DA7.out, proofs/SIG_TLS_46AC7DA7.out and proofs/PK_TLS_46AC7DA7.der
Signature verification succeeds
[TLS] Server time: 1619646307
[TLS] client_random  (32): 38951045B2EDA4402513205088EF56691E432DF44E65E50D45B4843720F37608
[TLS] sign_hash (32): C23300F668A36BB73572CFF802F830813DECC0712B8FA93AF18AA1276A49562B
[TLS] Written transcript to proofs/MSG_TLS_38951045.out, proofs/SIG_TLS_38951045.out and proofs/PK_TLS_38951045.der
Signature verification succeeds
[TLS] Server time: 1619646307
[TLS] client_random  (32): 473934F332A8FDAD0CEDA166AD8450D27941E199A1BFE06026462C3D6D2882CF
[TLS] sign_hash (32): 3A61AB398FBB0D761B6D3316F8BDCDCE75B9D91AE500DCC90CE1AD073C9177D2
[TLS] Written transcript to proofs/MSG_TLS_473934F3.out, proofs/SIG_TLS_473934F3.out and proofs/PK_TLS_473934F3.der
Signature verification succeeds
[TLS] Server time: 1619646307
[TLS] client_random  (32): 2B8EFC7FC450E16006EB4FB65AD656A803A89F853F21CD0C0E01E0D5E2658F42
[TLS] sign_hash (32): 65BCEDFA75EADB4F40A6F18A7ED2AF608BAE8EE6BE5D80261A954D80CE137FD1
[TLS] Written transcript to proofs/MSG_TLS_2B8EFC7F.out, proofs/SIG_TLS_2B8EFC7F.out and proofs/PK_TLS_2B8EFC7F.der
Signature verification succeeds
[TLS] Server time: 1619646307
[TLS] client_random  (32): 572E2E9B20F4D3F1D46D02F1F3D073D9890A2F27354828CEB5BDADB095079223
[TLS] sign_hash (32): B1C9A8726BD2155084A501DC6466F4AAF79D1BFDE297112409DBD5DA982EE0A9
[TLS] Written transcript to proofs/MSG_TLS_572E2E9B.out, proofs/SIG_TLS_572E2E9B.out and proofs/PK_TLS_572E2E9B.der
Signature verification succeeds
[TLS] Server time: 1619646307
[TLS] client_random  (32): AE7621DA46129C36450E6DE636EEF093CA64064497F48A4CCB517473E04E45E7
[TLS] sign_hash (32): 8FC29F4C9DE718B04B6871DE50D21C09DB3F96580E28E4067941DD707EBE6BF3
[TLS] Written transcript to proofs/MSG_TLS_AE7621DA.out, proofs/SIG_TLS_AE7621DA.out and proofs/PK_TLS_AE7621DA.der
Signature verification succeeds
[TLS] Server time: 1619646307
[TLS] client_random  (32): C7AAB2C876A3FF30B7F7C59A5172069CA0589938644BECDCC82F38AC2D7ADF4B
[TLS] sign_hash (32): 2F88F6C547C345AA72EEB27A19C576980A45F2E3C1DF913838AFDE81357E78ED
[TLS] Written transcript to proofs/MSG_TLS_C7AAB2C8.out, proofs/SIG_TLS_C7AAB2C8.out and proofs/PK_TLS_C7AAB2C8.der
Signature verification succeeds
[TLS] Server time: 1619646307
[TLS] client_random  (32): C33949859340FFE35866C778B1B6EA4079E58D477C175100666110E2BB890A07
[TLS] sign_hash (32): 7B00FD819987681C248C31BF76DC439F482E32A208C4401367127778D82463FB
[TLS] Written transcript to proofs/MSG_TLS_C3394985.out, proofs/SIG_TLS_C3394985.out and proofs/PK_TLS_C3394985.der
Signature verification succeeds
[TLS] Server time: 1619646307
[TLS] client_random  (32): 17C19FA6BEA7BB5D6C946D8516523EDBF4D5963BCE596833E3D42C82C91C4C81
[TLS] sign_hash (32): 425AFA2FD15D170AF5FFB9DCB2E886E45A6165AF0B0DB97435A7C2A0632991C6
[TLS] Written transcript to proofs/MSG_TLS_17C19FA6.out, proofs/SIG_TLS_17C19FA6.out and proofs/PK_TLS_17C19FA6.der
Signature verification succeeds
[TLS] Server time: 1619646308
[TLS] client_random  (32): 2F340499F9522730A7A5817F39C9A45A9E2A2400ABF2C0F6DA3A08C8C5D5788C
[TLS] sign_hash (32): EB57BBE55C74A7BF294272C19F5C62D4B99A895F6946C7AB6F95BB391AD76E69
[TLS] Written transcript to proofs/MSG_TLS_2F340499.out, proofs/SIG_TLS_2F340499.out and proofs/PK_TLS_2F340499.der
Signature verification succeeds
[TLS] Server time: 1619646308
[TLS] client_random  (32): 71E01A0431B235AFC8C100100D1946C5E5729E96F1E702611B60617E5B191EDC
[TLS] sign_hash (32): D1EF30B768866EA105515CCE06AB9783DF6F79D1A7BEDC981A6E109BBF2BD0E6
[TLS] Written transcript to proofs/MSG_TLS_71E01A04.out, proofs/SIG_TLS_71E01A04.out and proofs/PK_TLS_71E01A04.der
Signature verification succeeds
[TLS] Server time: 1619646308
[TLS] client_random  (32): B959CE826AD0A60FA9DBFFE96C6F313000A2E0F6E4CED58AB4502836542CE11F
[TLS] sign_hash (32): DD28A468CE363974BDC1DF0560751FF35804EF433DA6DE4CEF27D43C1F34D54D
[TLS] Written transcript to proofs/MSG_TLS_B959CE82.out, proofs/SIG_TLS_B959CE82.out and proofs/PK_TLS_B959CE82.der
Signature verification succeeds
[TLS] Server time: 1619646308
[TLS] client_random  (32): 7F1B5D4914398DF0FDF56E265C1119E72EFC435ED4D3920B25F0120EA2760926
[TLS] sign_hash (32): 44CB1B992CD67F2E2E98B99B645B28A6FF1B5A48CCC8761FBF6E15BAEF98E256
[TLS] Written transcript to proofs/MSG_TLS_7F1B5D49.out, proofs/SIG_TLS_7F1B5D49.out and proofs/PK_TLS_7F1B5D49.der
Signature verification succeeds
[TLS] Server time: 1619646308
[TLS] client_random  (32): 5CDE7743406098438918A3EDA0329FFA498247197DF8FA0500FAE4EB079F89EA
[TLS] sign_hash (32): CDB657882D17379B4FA33F34B727D884BEFB17F866F7F16907B13B37C9D1B6DB
[TLS] Written transcript to proofs/MSG_TLS_5CDE7743.out, proofs/SIG_TLS_5CDE7743.out and proofs/PK_TLS_5CDE7743.der
Signature verification succeeds
[TLS] Server time: 1619646308
[TLS] client_random  (32): 836E348DBFA3220C405C9510FA28054628A0E4673570C5E3E9A3C94BC9205E48
[TLS] sign_hash (32): 8C55CDF8F466B9A6262DAA821BDE6A638EF9F22221BC0DA0B8D414309F8A5AE4
[TLS] Written transcript to proofs/MSG_TLS_836E348D.out, proofs/SIG_TLS_836E348D.out and proofs/PK_TLS_836E348D.der
Signature verification succeeds
[TLS] Server time: 1619646308
[TLS] client_random  (32): 3CCCE676F810E0E85C68D42ACBE882204C58C0FCD9374A5A707475CF5F163E32
[TLS] sign_hash (32): CA8C5595D6A39CF245D8ACC9BB6588F765B841048629AC0DCEEA1AECE2161797
[TLS] Written transcript to proofs/MSG_TLS_3CCCE676.out, proofs/SIG_TLS_3CCCE676.out and proofs/PK_TLS_3CCCE676.der
Signature verification succeeds
[TLS] Server time: 1619646308
[TLS] client_random  (32): 8A4080501B9AC98258F52892EEED08841BDCEB5B5F789DCF2238BFA5AC045093
[TLS] sign_hash (32): 9798AD5FA40AC3F1EF327A1E23D9934B18CB2873E585EC7FA6AB03B89AA6E1E5
[TLS] Written transcript to proofs/MSG_TLS_8A408050.out, proofs/SIG_TLS_8A408050.out and proofs/PK_TLS_8A408050.der
Signature verification succeeds
[TLS] Server time: 1619646308
[TLS] client_random  (32): 92E5032900F680043D9F04F1F442C91FE98564CFE7470D2EAB9C1AD1FE51AB22
[TLS] sign_hash (32): 2865FF08B2D5525E82BF86DB5D72101D88E7CFEFA98A8F240066106DDBCEB91A
[TLS] Written transcript to proofs/MSG_TLS_92E50329.out, proofs/SIG_TLS_92E50329.out and proofs/PK_TLS_92E50329.der
Signature verification succeeds
[TLS] Server time: 1619646308
[TLS] client_random  (32): C414CF81EB0CBFA9D85E6ECDE0CADF3E33E3D5C2E781EF211A81F518E2894849
[TLS] sign_hash (32): 286E10E0349212F5FF58BF8BDB712F1B34EA84B58000F8AA71C4C8F7262AD2E9
[TLS] Written transcript to proofs/MSG_TLS_C414CF81.out, proofs/SIG_TLS_C414CF81.out and proofs/PK_TLS_C414CF81.der
Signature verification succeeds
[TLS] Server time: 1619646308
[TLS] client_random  (32): 50C25B1755BDC2ABA6D359E08E47675C7CDAD69DBD2228F754E1F23C7D9CF0FF
[TLS] sign_hash (32): 1C535025ABAB38C67C9D76F2C462D0783A70638450D0D3F92FEF674B199530F0
[TLS] Written transcript to proofs/MSG_TLS_50C25B17.out, proofs/SIG_TLS_50C25B17.out and proofs/PK_TLS_50C25B17.der
Signature verification succeeds
[TLS] Server time: 1619646328
[TLS] client_random  (32): 753D514576CFF6F44A1B0AE170C46F1053C9442F2735D974286ADCFAFB7C7C6A
[TLS] sign_hash (32): 5172D2B66E2528C2F1E56B0D1B8AD79B3F7291A7B4592C653BE68A04A6847538
[TLS] Written transcript to proofs/MSG_TLS_753D5145.out, proofs/SIG_TLS_753D5145.out and proofs/PK_TLS_753D5145.der
Signature verification succeeds
[TLS] Server time: 1619646329
[TLS] client_random  (32): 3B427C9DA63137FB92D9EEE23EFB42ED1AE4C83B1D482184EF4E91F3D82D7070
[TLS] sign_hash (32): 08BEF88E85183AAC8CFB2FF709712E35434374DC6BBFC8D9BADFF5D0E839690D
[TLS] Written transcript to proofs/MSG_TLS_3B427C9D.out, proofs/SIG_TLS_3B427C9D.out and proofs/PK_TLS_3B427C9D.der
Signature verification succeeds
[TLS] Server time: 1619646329
[TLS] client_random  (32): 2E69F8777E42A572FA5906884C29647E93D3BFF7D92D03A47700A7E0602959A0
[TLS] sign_hash (32): 275C5C9352E28220A3F7D8AAF089C42FA1C3763CBFB582C6A5684F287164B8B7
[TLS] Written transcript to proofs/MSG_TLS_2E69F877.out, proofs/SIG_TLS_2E69F877.out and proofs/PK_TLS_2E69F877.der
Signature verification succeeds
[TLS] Server time: 1619646329
[TLS] client_random  (32): B2A2D0FB3904DFDF9871DD4BD2EF89F98C2E8FD1623CF00CCE9692707570C5BA
[TLS] sign_hash (32): 44D5AA0FBB32281A4E0B31E05727FDB4900511A2248ACCEF07E00BAFBA084763
[TLS] Written transcript to proofs/MSG_TLS_B2A2D0FB.out, proofs/SIG_TLS_B2A2D0FB.out and proofs/PK_TLS_B2A2D0FB.der
Signature verification succeeds
[TLS] Server time: 1619646329
[TLS] client_random  (32): 4ACCF8EE341DC36780C408D22134DAAA2096BFFC490A367B8776A6B74BA2A4C5
[TLS] sign_hash (32): 26BC9D98257CD1B3FDD7E21BBB140E8F294F4ACD2AFF6AFBD7D84B523C7C83A1
[TLS] Written transcript to proofs/MSG_TLS_4ACCF8EE.out, proofs/SIG_TLS_4ACCF8EE.out and proofs/PK_TLS_4ACCF8EE.der
Signature verification succeeds
[TLS] Server time: 1619646329
[TLS] client_random  (32): AAF274153C95507B0F0A1FD98D2A23F694BD75D20765D16DC928D6ECBF63BF05
[TLS] sign_hash (32): 9B981354B099FA92E03CC6532BEB131D1AC0707523AB61E52B3367FEAAC00E74
[TLS] Written transcript to proofs/MSG_TLS_AAF27415.out, proofs/SIG_TLS_AAF27415.out and proofs/PK_TLS_AAF27415.der
Signature verification succeeds
[TLS] Server time: 1619646329
[TLS] client_random  (32): 70F6325EEE91A2E235D7F79F01996C07B33BB1EDD3541A6E061C3DBCCEFCD361
[TLS] sign_hash (32): F02545C9ED5FFD50E40763AD844FEC90A49851C5771C34C0954F140E5F499A74
[TLS] Written transcript to proofs/MSG_TLS_70F6325E.out, proofs/SIG_TLS_70F6325E.out and proofs/PK_TLS_70F6325E.der
Signature verification succeeds
[TLS] Server time: 1619646329
[TLS] client_random  (32): 84DC21DEF9FE03A8195F7BF3EC5470F7609C09A9FE15B23C1F4C6C7BE35DAA28
[TLS] sign_hash (32): DDA1FC2942942B6B8D22066CE78E2EEBE2D65147B0FD9DF97625E630CB575C87
[TLS] Written transcript to proofs/MSG_TLS_84DC21DE.out, proofs/SIG_TLS_84DC21DE.out and proofs/PK_TLS_84DC21DE.der
Signature verification succeeds
[TLS] Server time: 1619646329
[TLS] client_random  (32): 9AE611D680430FD583D73DCA3D7F131C7DED02CD6D2AD4D18982C1BD7A6F7065
[TLS] sign_hash (32): AE7634E0A36995E164259A58B33C050F82B4B93CEF11CAE2E6D2EB6C3A779663
[TLS] Written transcript to proofs/MSG_TLS_9AE611D6.out, proofs/SIG_TLS_9AE611D6.out and proofs/PK_TLS_9AE611D6.der
Signature verification succeeds
[TLS] Server time: 1619646329
[TLS] client_random  (32): 34F9AC46F9DDAF6984C4248AC013C7315EE7783C7C4BD1F3E003D0BB7F2350D9
[TLS] sign_hash (32): D12B83A4FA8E5F80D3DACB714F6288B9D11C3451C95066580C04599858CF775F
[TLS] Written transcript to proofs/MSG_TLS_34F9AC46.out, proofs/SIG_TLS_34F9AC46.out and proofs/PK_TLS_34F9AC46.der
Signature verification succeeds
[TLS] Server time: 1619646329
[TLS] client_random  (32): 69375DC558D59855A69ECC36EDAC80C7D18D44F88740B834DF4D0A7821427229
[TLS] sign_hash (32): DE7DE14EB1702E4A47A261517F0B3A623C2B59A98C2BF060F150F93F240CF919
[TLS] Written transcript to proofs/MSG_TLS_69375DC5.out, proofs/SIG_TLS_69375DC5.out and proofs/PK_TLS_69375DC5.der
Signature verification succeeds
[TLS] Server time: 1619646329
[TLS] client_random  (32): 2723A002992ABA8309AA37D9226C81D16B8E3C367B48FAE9ED89FCEA237E064F
[TLS] sign_hash (32): 7D439E901E386D6F2B8A252C103DC7CE8DAAD6555470E3342D2BE81A2569357C
[TLS] Written transcript to proofs/MSG_TLS_2723A002.out, proofs/SIG_TLS_2723A002.out and proofs/PK_TLS_2723A002.der
Signature verification succeeds
[TLS] Server time: 1619646329
[TLS] client_random  (32): EC14D7C0BF0B7B2247AABC67BF17A5710579485FF2E28A02F70F86FD9F4AF023
[TLS] sign_hash (32): 12FC8B7A04FA897A395437DF25045D0865599AC967BF0C83AE30C8D4B575E66E
[TLS] Written transcript to proofs/MSG_TLS_EC14D7C0.out, proofs/SIG_TLS_EC14D7C0.out and proofs/PK_TLS_EC14D7C0.der
Signature verification succeeds
[TLS] Server time: 1619646329
[TLS] client_random  (32): 84835B097033D08E80E467003A1ADFD8C4424B51CAD0AD6CC70BABF114C6F465
[TLS] sign_hash (32): 7AB62EB4B975E3FC1C72CCEC5B3A405584D5D1E02EE87DD83F2B4EC83CE0A076
[TLS] Written transcript to proofs/MSG_TLS_84835B09.out, proofs/SIG_TLS_84835B09.out and proofs/PK_TLS_84835B09.der
Signature verification succeeds
[TLS] Server time: 1619646329
[TLS] client_random  (32): FB7BE58265E90A3AC1A425ADA21CCA02DA4C2569290AC816A5ED96C5A5F82BFF
[TLS] sign_hash (32): 95943B55F60823433F68A8C54D849683A08AFDE246B089D17F69431391A2BD79
[TLS] Written transcript to proofs/MSG_TLS_FB7BE582.out, proofs/SIG_TLS_FB7BE582.out and proofs/PK_TLS_FB7BE582.der
Signature verification succeeds
[TLS] Server time: 1619646329
[TLS] client_random  (32): F77E11280E36011785B385C91D151D60906131A3D1523DE7BE9476872262EE08
[TLS] sign_hash (32): FD1DF11BA5D12CC76194DFF08FD005389D1C7C331BA2877F6B260DD29FD9E7C3
[TLS] Written transcript to proofs/MSG_TLS_F77E1128.out, proofs/SIG_TLS_F77E1128.out and proofs/PK_TLS_F77E1128.der
Signature verification succeeds
[TLS] Server time: 1619646329
[TLS] client_random  (32): BC17B6EEA66B835E266BC26E4E80CFFF7941C52EC4546AAE5112FC91E3CD1671
[TLS] sign_hash (32): 5E0151C9BB2B070C1B57E3B50C5BC6B7CEF752F6D3A653DA6AC1061C9DA71B37
[TLS] Written transcript to proofs/MSG_TLS_BC17B6EE.out, proofs/SIG_TLS_BC17B6EE.out and proofs/PK_TLS_BC17B6EE.der
Signature verification succeeds
[TLS] Server time: 1619646329
[TLS] client_random  (32): 3FAB8A964A8DDF845C8293A410D213348865F6663F53710AEED24EAC3EF9C43D
[TLS] sign_hash (32): F9561D40F7CE835EB01FB178F5EE29EB1C85167610BF02FE3C24AA456D026CC0
[TLS] Written transcript to proofs/MSG_TLS_3FAB8A96.out, proofs/SIG_TLS_3FAB8A96.out and proofs/PK_TLS_3FAB8A96.der
Signature verification succeeds
[TLS] Server time: 1619646329
[TLS] client_random  (32): A1DF6D3D1CE5DC521440208B2B97D0520024CB585572BFB13A3670DB1CF12446
[TLS] sign_hash (32): 9ED8619F4BC35F1FBA1A719CF355B386B941F3D50F0D7A8B4B30D6BB158F953C
[TLS] Written transcript to proofs/MSG_TLS_A1DF6D3D.out, proofs/SIG_TLS_A1DF6D3D.out and proofs/PK_TLS_A1DF6D3D.der
Signature verification succeeds
[TLS] Server time: 1619646329
[TLS] client_random  (32): 6DD4FF387A40DBA43AD1476A256E2CA22BDF46F1361987C6A3A263328CFE3D60
[TLS] sign_hash (32): 2EF302C8DD87ECEC438E3EE3349DFE388619AB7B8CDAF4904EAB1A3C2B7B9BF6
[TLS] Written transcript to proofs/MSG_TLS_6DD4FF38.out, proofs/SIG_TLS_6DD4FF38.out and proofs/PK_TLS_6DD4FF38.der
Signature verification succeeds
[TLS] Server time: 1619646329
[TLS] client_random  (32): 3F65CCDC0B1F74361CD6D2964D9CEC69E116D21459E9A933B6F1389ABB740EAE
[TLS] sign_hash (32): B0716C2546AD745E829C69394A59A865593511BBA5270077EBDCBE4EC65BA9BB
[TLS] Written transcript to proofs/MSG_TLS_3F65CCDC.out, proofs/SIG_TLS_3F65CCDC.out and proofs/PK_TLS_3F65CCDC.der
Signature verification succeeds
[TLS] Server time: 1619646330
[TLS] client_random  (32): ADA09F1759A830D44CE791535FFE8EDF69EC95879D4BC805ABF69839C0B00A9B
[TLS] sign_hash (32): F5557B898739D6308BBBE5D5869D17EAD431B93C35D8F180517AB49C99A91CBF
[TLS] Written transcript to proofs/MSG_TLS_ADA09F17.out, proofs/SIG_TLS_ADA09F17.out and proofs/PK_TLS_ADA09F17.der
Signature verification succeeds
[TLS] Server time: 1619646330
[TLS] client_random  (32): 044F0BDE6CF530CD91A6FF997E04C15D53DA30015B160CA658D922AAE6CD0052
[TLS] sign_hash (32): 407ABD3C73149AC1038A7EFC0A283F2A4AE05B4A7F4B7418C73668BEEDAB4776
[TLS] Written transcript to proofs/MSG_TLS_044F0BDE.out, proofs/SIG_TLS_044F0BDE.out and proofs/PK_TLS_044F0BDE.der
Signature verification succeeds
[TLS] Server time: 1619646331
[TLS] client_random  (32): 5C021652B0F1B50C59CFBB14B0D70D34CC3779D7BEC90F72C820CD52CA74DD34
[TLS] sign_hash (32): 104AB8420229C2364865BC2333712754B6F1587CA68140104452E6F266D2164D
[TLS] Written transcript to proofs/MSG_TLS_5C021652.out, proofs/SIG_TLS_5C021652.out and proofs/PK_TLS_5C021652.der
Signature verification succeeds
[TLS] Server time: 1619646331
[TLS] client_random  (32): D67EBF53608182174F632B7315209E8ED51AA2203FE7CFF37BDC4A93C862E0AC
[TLS] sign_hash (32): C2861F33A5281FFC5A20EA8DFAE17E2B53FA7D9334C1FA3A9A3B69E8430A7078
[TLS] Written transcript to proofs/MSG_TLS_D67EBF53.out, proofs/SIG_TLS_D67EBF53.out and proofs/PK_TLS_D67EBF53.der
Signature verification succeeds
[TLS] Server time: 1619646331
[TLS] client_random  (32): B5E58C74757F43E2ACD11AD9286ABABC8B397C5CD5B7BCE513150E8BE3D20612
[TLS] sign_hash (32): 729B9AEE926EA50D9C1D26A8071E106AE23F1278A4C506C74CE2D2855091380C
[TLS] Written transcript to proofs/MSG_TLS_B5E58C74.out, proofs/SIG_TLS_B5E58C74.out and proofs/PK_TLS_B5E58C74.der
Signature verification succeeds
[TLS] Server time: 1619646331
[TLS] client_random  (32): AE02A862216C906671D7F4A72F57F66C541D09AF3D61D5A91F5F880D7432D7DE
[TLS] sign_hash (32): AC0C2A09B90730F909B6C541D2B914D3F57919D93F9B53559887FF8ED609E58B
[TLS] Written transcript to proofs/MSG_TLS_AE02A862.out, proofs/SIG_TLS_AE02A862.out and proofs/PK_TLS_AE02A862.der
Signature verification succeeds
[TLS] Server time: 1619646332
[TLS] client_random  (32): B466CFB87F6340D1412A6713E290AB106CE13874B1D974879893A21AD99591A4
[TLS] sign_hash (32): 1555F9109DD0EB8660B8B489F2BE6858AA473A16DABE47CCBFB0CDD4B39D8521
[TLS] Written transcript to proofs/MSG_TLS_B466CFB8.out, proofs/SIG_TLS_B466CFB8.out and proofs/PK_TLS_B466CFB8.der
Signature verification succeeds
[TLS] Server time: 1619646332
[TLS] client_random  (32): CDA9AC69EBFD4B966B45587FD9E969D04773A6F2422332E6FEBEA3507BE8D879
[TLS] sign_hash (32): BEC8C2F493EB5548A8A58FC11D5FBD37557457C2984F19A0362BAF7DC05B9AB8
[TLS] Written transcript to proofs/MSG_TLS_CDA9AC69.out, proofs/SIG_TLS_CDA9AC69.out and proofs/PK_TLS_CDA9AC69.der
Signature verification succeeds
[TLS] Server time: 1619646332
[TLS] client_random  (32): 563F257857635ABB4C20E9F23D249C5942D2B449ABE91C83E8DEC4361515430E
[TLS] sign_hash (32): F711147446CD9DB5C12F2A5AD63FAC00DDAB60EA83FBEA5ED57A24FA3920DDFF
[TLS] Written transcript to proofs/MSG_TLS_563F2578.out, proofs/SIG_TLS_563F2578.out and proofs/PK_TLS_563F2578.der
Signature verification succeeds
[TLS] Server time: 1619646332
[TLS] client_random  (32): 9B0FBF435C194EF685F842D86984D14ED075C290FB10C872DA5BA6564C887C91
[TLS] sign_hash (32): 5B384E89281C3DD97855A9203FF0D5713B830298CA97B378380082CF5A31D5B8
[TLS] Written transcript to proofs/MSG_TLS_9B0FBF43.out, proofs/SIG_TLS_9B0FBF43.out and proofs/PK_TLS_9B0FBF43.der
Signature verification succeeds
[TLS] Server time: 1619646332
[TLS] client_random  (32): 9AA4B677E98B2C9F8FAD068EA39BA5C0AF6989F9297D8E44AE65389DC9148303
[TLS] sign_hash (32): 3FA1CF6F733C63D2A11F364D802E4D2B0BAB04A4DAD1478694105A68E304C78B
[TLS] Written transcript to proofs/MSG_TLS_9AA4B677.out, proofs/SIG_TLS_9AA4B677.out and proofs/PK_TLS_9AA4B677.der
Signature verification succeeds
[TLS] Server time: 1619646332
[TLS] client_random  (32): 921E8A37BCF93671D49ACA17C1A13EC30E709DE5EC40FBBA0730A417E5E8AFDB
[TLS] sign_hash (32): F52C9527C4615C38A138DD6F72044829E742C0E709E806F634E086F129C6A13A
[TLS] Written transcript to proofs/MSG_TLS_921E8A37.out, proofs/SIG_TLS_921E8A37.out and proofs/PK_TLS_921E8A37.der
Signature verification succeeds
[TLS] Server time: 1619646332
[TLS] client_random  (32): 4A1C7242467CFCF406099C81F4E9D595EDB8266F8439F6C043F19F676E7AB258
[TLS] sign_hash (32): B92584CCC7B3BC21FD806D37A3AB04F18361B9BC0C603DE7BB9238E31A500951
[TLS] Written transcript to proofs/MSG_TLS_4A1C7242.out, proofs/SIG_TLS_4A1C7242.out and proofs/PK_TLS_4A1C7242.der
Signature verification succeeds
[TLS] Server time: 1619646332
[TLS] client_random  (32): A97878B5B514617243FCC45D3ACECF05EE3621EB3F336BCBACC9DD3DC0295314
[TLS] sign_hash (32): 5BF45F69DDFB927A20DDD04801764DD2D9EEE9BB50BA18AD9BE0ADF33D0C73CC
[TLS] Written transcript to proofs/MSG_TLS_A97878B5.out, proofs/SIG_TLS_A97878B5.out and proofs/PK_TLS_A97878B5.der
Signature verification succeeds
[TLS] Server time: 1619646333
[TLS] client_random  (32): 87969DD1BDC676ECD01B81F2BB14A11E492E60E9D5E7142AB146E0E2CA5D40AE
[TLS] sign_hash (32): 2BC4B345FB2E1D5DD52E6BFB35AB54C3BE53E8EB86B5253259F18ACE81217EDC
[TLS] Written transcript to proofs/MSG_TLS_87969DD1.out, proofs/SIG_TLS_87969DD1.out and proofs/PK_TLS_87969DD1.der
Signature verification succeeds
[TLS] Server time: 1619646333
[TLS] client_random  (32): 6040C08602C43BCA52DA2A62B3C55930CA61A6F49F428814F299588CECECDCB1
[TLS] sign_hash (32): 283467EA9ED330AD34693BA668DC614D24F154B259DD8CF4C5E1F7E7CBE28E28
[TLS] Written transcript to proofs/MSG_TLS_6040C086.out, proofs/SIG_TLS_6040C086.out and proofs/PK_TLS_6040C086.der
Signature verification succeeds
[TLS] Server time: 1619646333
[TLS] client_random  (32): AF1F8F9F07AFA8649C2210EF304F96DA9C8A777CEAC4A79509316075527D2C03
[TLS] sign_hash (32): 8238B9B598585D004F8918C9AFD86DDD957FF12780320981B63BF771D40B0E31
[TLS] Written transcript to proofs/MSG_TLS_AF1F8F9F.out, proofs/SIG_TLS_AF1F8F9F.out and proofs/PK_TLS_AF1F8F9F.der
Signature verification succeeds
Time breakdown (averages): anchor_ping:312.915075 file_read:0.150009 hashing:0.471001
Total time for 99 rounds is 31352.994297ms
Standard deviations: anchor_ping:2026.680929 file_read:0.014550 hashing:0.005306
[Client-side ops] mean:0.621010 sd:0.016016
in & out anchor rand written to proofs/phase1.out
     20 [TLS] Server time: 1619646302
      1 [TLS] Server time: 1619646303
      2 [TLS] Server time: 1619646304
      4 [TLS] Server time: 1619646305
      8 [TLS] Server time: 1619646306
     16 [TLS] Server time: 1619646307
     11 [TLS] Server time: 1619646308
      1 [TLS] Server time: 1619646328
     20 [TLS] Server time: 1619646329
      2 [TLS] Server time: 1619646330
      4 [TLS] Server time: 1619646331
      8 [TLS] Server time: 1619646332
      3 [TLS] Server time: 1619646333
Count is 20
Count is 1
Count is 2
Count is 4
Count is 8
Count is 16
Count is 11
Count is 1
Count is 20
Count is 2
Count is 4
Count is 8
Count is 3
success: 0
Sleeping before retrying
CONF: anchor:nott.ac.uk fs:1024MB n_rounds:99 seed:5c9f4bf9bbc15bb855f82faedc5a52fc3ab2dfa8ec3ba3ce1b270f31fa0cced2 filename:FILE bs:1024 nops:100 benchmarking:0 anchor_ping:1 queue_depth:32 direct:0
[TLS] Connecting to nott.ac.uk
[TLS] Server time: 1619646335
[TLS] client_random  (32): 5C9F4BF9BBC15BB855F82FAEDC5A52FC3AB2DFA8EC3BA3CE1B270F31FA0CCED2
[TLS] sign_hash (32): E7ADB976DD2943AA0BA094D962718D6D120C39BA004DD879C05AE02841175A5C
[TLS] Written transcript to proofs/MSG_TLS_5C9F4BF9.out, proofs/SIG_TLS_5C9F4BF9.out and proofs/PK_TLS_5C9F4BF9.der
Signature verification succeeds
[TLS] Server time: 1619646335
[TLS] client_random  (32): C981704EEA62AF76856020310D8F9B89318FFEC28CD8508EDB4504AB10BB0A36
[TLS] sign_hash (32): 611784F0E66EE8C40BA628673316C3F72C5CF1CD49B07520AE10458A215F2B7F
[TLS] Written transcript to proofs/MSG_TLS_C981704E.out, proofs/SIG_TLS_C981704E.out and proofs/PK_TLS_C981704E.der
Signature verification succeeds
[TLS] Server time: 1619646335
[TLS] client_random  (32): AE0AC53DBE9357B5656372EE284D865486E1BA51DE430DDF800D83D8B2A590BB
[TLS] sign_hash (32): 0DA051BA633BB345C13B083FF87ED7D9CD1F468AD9B660C4FE6A3686243FE06F
[TLS] Written transcript to proofs/MSG_TLS_AE0AC53D.out, proofs/SIG_TLS_AE0AC53D.out and proofs/PK_TLS_AE0AC53D.der
Signature verification succeeds
[TLS] Server time: 1619646335
[TLS] client_random  (32): 3CE1E421D468FF09655A2E4C7D7A2455B5E5769835DC50C790B38C5933F3A2F8
[TLS] sign_hash (32): 99DF1CCCD030F732585F2F76456DF3E7501792A4D35D900FC3A1C1FF48C809F2
[TLS] Written transcript to proofs/MSG_TLS_3CE1E421.out, proofs/SIG_TLS_3CE1E421.out and proofs/PK_TLS_3CE1E421.der
Signature verification succeeds
[TLS] Server time: 1619646335
[TLS] client_random  (32): 7AB1FA757E9DD67CED6B04F72A764BF137D5B51C26E574AEA6DD8162257DF1A1
[TLS] sign_hash (32): AA5F1CABA0F334BD2000F2C0913C9E96D8AE7B91F171AAD5F6EABB1C98A61912
[TLS] Written transcript to proofs/MSG_TLS_7AB1FA75.out, proofs/SIG_TLS_7AB1FA75.out and proofs/PK_TLS_7AB1FA75.der
Signature verification succeeds
[TLS] Server time: 1619646335
[TLS] client_random  (32): FB161BE559ECFC58B421F8B235B0F8D61CB9A7EA38B43B87FBC836D13EEC039F
[TLS] sign_hash (32): 757BAEFFF0F5A13D9A9987C2D6CF5C56C50CFF435AF5B897698131E272FBF9DF
[TLS] Written transcript to proofs/MSG_TLS_FB161BE5.out, proofs/SIG_TLS_FB161BE5.out and proofs/PK_TLS_FB161BE5.der
Signature verification succeeds
[TLS] Server time: 1619646335
[TLS] client_random  (32): E3103C0EB3E0010A52A6324174E2DA5C65C24FED419196452CBD6C0BB3FEB0F7
[TLS] sign_hash (32): 392744BC552E992BCB837C5E402931E9AA8DA51EBA129D4F7A2E0CAA07FB531A
[TLS] Written transcript to proofs/MSG_TLS_E3103C0E.out, proofs/SIG_TLS_E3103C0E.out and proofs/PK_TLS_E3103C0E.der
Signature verification succeeds
[TLS] Server time: 1619646335
[TLS] client_random  (32): 587025CBD0BAC0BFD2786D887150BFCE7C9D3B2E028B4A5574A53D7395C4FDE9
[TLS] sign_hash (32): C239E3169E46F8D5B10F604403F642214724A2532483AA1EF9F70D7FD58A92C0
[TLS] Written transcript to proofs/MSG_TLS_587025CB.out, proofs/SIG_TLS_587025CB.out and proofs/PK_TLS_587025CB.der
Signature verification succeeds
[TLS] Server time: 1619646335
[TLS] client_random  (32): 7E14AA7EEBEA263FEB1D1A3B7027F70CBF2C8B7C8CD3540674878E149A5972D7
[TLS] sign_hash (32): CDECF74B08C947744D7582F16B6866F50F3181EC33CB144F50044C330B0DD24E
[TLS] Written transcript to proofs/MSG_TLS_7E14AA7E.out, proofs/SIG_TLS_7E14AA7E.out and proofs/PK_TLS_7E14AA7E.der
Signature verification succeeds
[TLS] Server time: 1619646335
[TLS] client_random  (32): E460EDAAE803A1FC9B4280FF9F06384B62049E1BD4E4D39319421367BF2171EB
[TLS] sign_hash (32): 8D1046CBAACF895825362D19C1A5809D610804792CE6CF556786CA11E4EC257D
[TLS] Written transcript to proofs/MSG_TLS_E460EDAA.out, proofs/SIG_TLS_E460EDAA.out and proofs/PK_TLS_E460EDAA.der
Signature verification succeeds
[TLS] Server time: 1619646335
[TLS] client_random  (32): 4FF831D4601BCAE5146AD1AA704078E1DEEC97548CC163D596B114B4D1C54039
[TLS] sign_hash (32): 1B3CF7BB7D2EF3941994BA171AB5C3B0EF6E5BA3273443E1DBE4021EAC434DA9
[TLS] Written transcript to proofs/MSG_TLS_4FF831D4.out, proofs/SIG_TLS_4FF831D4.out and proofs/PK_TLS_4FF831D4.der
Signature verification succeeds
[TLS] Server time: 1619646335
[TLS] client_random  (32): 122D80B02B5F6B0A56B436F924B94A078C3C6C2F6E767460F303C0758DB051CC
[TLS] sign_hash (32): 5095B1D418B8CCF4EF588F461CFDF71EB742E6E6C2F63FB48FE66379800B46D6
[TLS] Written transcript to proofs/MSG_TLS_122D80B0.out, proofs/SIG_TLS_122D80B0.out and proofs/PK_TLS_122D80B0.der
Signature verification succeeds
[TLS] Server time: 1619646335
[TLS] client_random  (32): 22E9C77DEE7A008E9983D0E46A186847A54FC9A6110EE180FEFEFC8B5E640461
[TLS] sign_hash (32): 807C2CAB933BE02039AEAD7069E0B1FD559BA9E6AFD3216659E8C412B43B0C75
[TLS] Written transcript to proofs/MSG_TLS_22E9C77D.out, proofs/SIG_TLS_22E9C77D.out and proofs/PK_TLS_22E9C77D.der
Signature verification succeeds
[TLS] Server time: 1619646335
[TLS] client_random  (32): 4D84872B25CFECF021F08E51CD2A944BE4B4A217AA20DF30A634E95EC9F2AF14
[TLS] sign_hash (32): 89CF1F2EF66381C1A6ADCE44CB42EFE594F1D477AC4FAF786F57C254492DF95E
[TLS] Written transcript to proofs/MSG_TLS_4D84872B.out, proofs/SIG_TLS_4D84872B.out and proofs/PK_TLS_4D84872B.der
Signature verification succeeds
[TLS] Server time: 1619646335
[TLS] client_random  (32): CCADAB1EE97A602414B56B960CDDCE05C03ABBB09CE4583E3BF30889BE3CFA92
[TLS] sign_hash (32): A1DC4D1449654DCCA1353319D012A6F05A10F2F77CB9273255EC99C4B3922437
[TLS] Written transcript to proofs/MSG_TLS_CCADAB1E.out, proofs/SIG_TLS_CCADAB1E.out and proofs/PK_TLS_CCADAB1E.der
Signature verification succeeds
[TLS] Server time: 1619646335
[TLS] client_random  (32): 21D1B36E5FA2747FAE10268F2783D450B91BDC6ED0A99CC4853F8B830F87B8F2
[TLS] sign_hash (32): 208D7CDDC0F31711FC9B9A19D0BE89F3E42A942BB8B82F15FE1879A0B2B73CE7
[TLS] Written transcript to proofs/MSG_TLS_21D1B36E.out, proofs/SIG_TLS_21D1B36E.out and proofs/PK_TLS_21D1B36E.der
Signature verification succeeds
[TLS] Server time: 1619646335
[TLS] client_random  (32): 068182090724B0F49DE98E0A66086024991387A6EAFEB720A34F8AE1A085CB75
[TLS] sign_hash (32): D61163214FB27560303AF4DD587DBA7D870CB73EADD90E0E7381218FF99C5D6E
[TLS] Written transcript to proofs/MSG_TLS_06818209.out, proofs/SIG_TLS_06818209.out and proofs/PK_TLS_06818209.der
Signature verification succeeds
[TLS] Server time: 1619646335
[TLS] client_random  (32): E966E9FF077C03D92D0F9ACFF017267609B57250DF5DF3F1CA6E8AB76CFBDA3A
[TLS] sign_hash (32): D4298057125B1FED24C4D9DFA250D3395FCCD46F249BBFB8CCFB79F75CC264E4
[TLS] Written transcript to proofs/MSG_TLS_E966E9FF.out, proofs/SIG_TLS_E966E9FF.out and proofs/PK_TLS_E966E9FF.der
Signature verification succeeds
[TLS] Server time: 1619646335
[TLS] client_random  (32): 6CD65C49238F91ECA71E0E73EEBC5A5056B8BA7CF38F47AEB270E68788779908
[TLS] sign_hash (32): 70060057460FC11CA15A6049DD6DACEC7D0B774D597E8EEBFC7E09D6B7997E5D
[TLS] Written transcript to proofs/MSG_TLS_6CD65C49.out, proofs/SIG_TLS_6CD65C49.out and proofs/PK_TLS_6CD65C49.der
Signature verification succeeds
[TLS] Server time: 1619646335
[TLS] client_random  (32): F3291E9ED0B2DD4C79C3D5F6336271CE7B4E0F579D6133DAC403DDAB28E95E68
[TLS] sign_hash (32): 2A1952652B8FBDCE457B8A9D63206C7C0EF196571B32EBC4B5616692339E4B2E
[TLS] Written transcript to proofs/MSG_TLS_F3291E9E.out, proofs/SIG_TLS_F3291E9E.out and proofs/PK_TLS_F3291E9E.der
Signature verification succeeds
[TLS] Server time: 1619646335
[TLS] client_random  (32): 635E7C0C3A464E9FBE59E0A5A92B3C34C0573F699EBC19292CB01866E86C9376
[TLS] sign_hash (32): 5B8ABF3FD398AA38722D62BC5201CE7E1BCB09B41D62377844CA5F178A3074A8
[TLS] Written transcript to proofs/MSG_TLS_635E7C0C.out, proofs/SIG_TLS_635E7C0C.out and proofs/PK_TLS_635E7C0C.der
Signature verification succeeds
[TLS] Server time: 1619646335
[TLS] client_random  (32): 5B1FE3DB1EADB3A46887881BEB5767DDFD9FE464DD86F730C2412629F66D9973
[TLS] sign_hash (32): 2C899A5AF85E77871C43D8D3005FE0ABAB7D4CA311E9A7B6A1718382E3DC04FA
[TLS] Written transcript to proofs/MSG_TLS_5B1FE3DB.out, proofs/SIG_TLS_5B1FE3DB.out and proofs/PK_TLS_5B1FE3DB.der
Signature verification succeeds
[TLS] Server time: 1619646335
[TLS] client_random  (32): 454AE13D49EEFEA91B56F1D27796A22D0E2C6DD5E3933077FEFA4564EA3CEAEC
[TLS] sign_hash (32): AED107F62D022378335DB279529F07D0C5F1F0B40E77A44CB65CBF88571136C9
[TLS] Written transcript to proofs/MSG_TLS_454AE13D.out, proofs/SIG_TLS_454AE13D.out and proofs/PK_TLS_454AE13D.der
Signature verification succeeds
[TLS] Server time: 1619646335
[TLS] client_random  (32): DBCB156523B9DDC7C6A705C9979BA9301E4F5DEDF1519961C6FA3C67DE0E10FC
[TLS] sign_hash (32): C48CC5AE5E8FC1C8C1CDD17933F8762C974E0DD92B0143FF97A7339114DAF6FB
[TLS] Written transcript to proofs/MSG_TLS_DBCB1565.out, proofs/SIG_TLS_DBCB1565.out and proofs/PK_TLS_DBCB1565.der
Signature verification succeeds
[TLS] Server time: 1619646335
[TLS] client_random  (32): D20FEAE0D99A7DC8FEEA69EE55C0A20A8729E74D5E830EA545728D8B8E1E3C36
[TLS] sign_hash (32): 8BFABD585B3E7E02CBBAD9D6927258D0C3E3B28E6FFCE8A5260159240D50FCC5
[TLS] Written transcript to proofs/MSG_TLS_D20FEAE0.out, proofs/SIG_TLS_D20FEAE0.out and proofs/PK_TLS_D20FEAE0.der
Signature verification succeeds
[TLS] Server time: 1619646335
[TLS] client_random  (32): 3B043CB6701F1EFADEA8B533B69C59FC2D540D25DD1F492867ABFC56388423F3
[TLS] sign_hash (32): F64992AFE53E4DBF81F511535AE8261E4FF4ACDF686C9E3460DA9A6159C10D3B
[TLS] Written transcript to proofs/MSG_TLS_3B043CB6.out, proofs/SIG_TLS_3B043CB6.out and proofs/PK_TLS_3B043CB6.der
Signature verification succeeds
[TLS] Server time: 1619646336
[TLS] client_random  (32): D6AE23A96D9AF0F6CD57B9EDD366936575A4A2546797238385E74BA9748E076B
[TLS] sign_hash (32): 8E4BB176124AA4CE4CBD86CF95CE4DD41D33050F458726164D6B0189CC6FB16C
[TLS] Written transcript to proofs/MSG_TLS_D6AE23A9.out, proofs/SIG_TLS_D6AE23A9.out and proofs/PK_TLS_D6AE23A9.der
Signature verification succeeds
[TLS] Server time: 1619646336
[TLS] client_random  (32): 471B02B7C839253E016639FE347CE4AC504986C334AE38B05A068E2C0C0DF75E
[TLS] sign_hash (32): EDF346B213496807D3284A2A0DF14EAA2905BF653B2FFA1F7092C2A35D03860D
[TLS] Written transcript to proofs/MSG_TLS_471B02B7.out, proofs/SIG_TLS_471B02B7.out and proofs/PK_TLS_471B02B7.der
Signature verification succeeds
[TLS] Server time: 1619646336
[TLS] client_random  (32): 4D8525EA496F81BD850F233DBDD25481627FD7708B496C21D59040124172C438
[TLS] sign_hash (32): A8B4D5C2A1F007E290E995021EEB04F6FD28B0DA83D85D3CCC881B558B6F22DD
[TLS] Written transcript to proofs/MSG_TLS_4D8525EA.out, proofs/SIG_TLS_4D8525EA.out and proofs/PK_TLS_4D8525EA.der
Signature verification succeeds
[TLS] Server time: 1619646336
[TLS] client_random  (32): 1E1479AB159252525D1FD0D948363A5D07014136B5D34B48547E163F39BFBCB5
[TLS] sign_hash (32): A096ACBC3371CA800D617AEFA0966C1FBAF8EB0F16FA531B5CDB0061589C3F79
[TLS] Written transcript to proofs/MSG_TLS_1E1479AB.out, proofs/SIG_TLS_1E1479AB.out and proofs/PK_TLS_1E1479AB.der
Signature verification succeeds
[TLS] Server time: 1619646336
[TLS] client_random  (32): 4991FBA2AC522536A390E7B4289D86AE9E96F6F7FEEDD53A59635037FB9343B1
[TLS] sign_hash (32): A0D4A19512771FE7F95200C12BA744E70C1AFF483E802AA33937D44DDC53DFF9
[TLS] Written transcript to proofs/MSG_TLS_4991FBA2.out, proofs/SIG_TLS_4991FBA2.out and proofs/PK_TLS_4991FBA2.der
Signature verification succeeds
[TLS] Server time: 1619646336
[TLS] client_random  (32): 8DA35A9F0399E350772DC19ACB7E012512AFADB8F40386B9ED0E7B5BC82D50F4
[TLS] sign_hash (32): A49E0F357DA9824CD3385E0355F288499F152DDC3B2A6B951C5090807FD525FD
[TLS] Written transcript to proofs/MSG_TLS_8DA35A9F.out, proofs/SIG_TLS_8DA35A9F.out and proofs/PK_TLS_8DA35A9F.der
Signature verification succeeds
[TLS] Server time: 1619646336
[TLS] client_random  (32): 1FA080EBFD33329BFC69F6713A926A1D530ED2DF981BB7CD42DE4D5D24F3F871
[TLS] sign_hash (32): E3DC6BF9C0DE1EF2D92905BDEF96FE4C2DB12043EE08FFBD188A363D83F911F6
[TLS] Written transcript to proofs/MSG_TLS_1FA080EB.out, proofs/SIG_TLS_1FA080EB.out and proofs/PK_TLS_1FA080EB.der
Signature verification succeeds
[TLS] Server time: 1619646336
[TLS] client_random  (32): 7F60E4CDB4DDD26601DED77E1BA84EE5D3BF176E29B5A700442235DF3BE39AAF
[TLS] sign_hash (32): 47A9C8A0D938F5AD664BE3FDF445C7D6463E35B8148A86D8B52869824ECA5F51
[TLS] Written transcript to proofs/MSG_TLS_7F60E4CD.out, proofs/SIG_TLS_7F60E4CD.out and proofs/PK_TLS_7F60E4CD.der
Signature verification succeeds
[TLS] Server time: 1619646336
[TLS] client_random  (32): 8229FAD7F791A123D3E0EB24722C57B135B3EFCB1D8D1D57309DFFCEDF5FD4E0
[TLS] sign_hash (32): 32ED01C90922DAD0232BF5767BFE3728A2758C2EED901B5F1957387540AAD6C8
[TLS] Written transcript to proofs/MSG_TLS_8229FAD7.out, proofs/SIG_TLS_8229FAD7.out and proofs/PK_TLS_8229FAD7.der
Signature verification succeeds
[TLS] Server time: 1619646336
[TLS] client_random  (32): 8E65114F2AC9D965C8EAAA4C54DDE36ACC1C1C007834194F640C6D3D6CBBAEED
[TLS] sign_hash (32): B30953B083282D42F9A7DE1458273421582815887D8C5D63F481FBB941AD9875
[TLS] Written transcript to proofs/MSG_TLS_8E65114F.out, proofs/SIG_TLS_8E65114F.out and proofs/PK_TLS_8E65114F.der
Signature verification succeeds
[TLS] Server time: 1619646336
[TLS] client_random  (32): C648CF519D13E2288B5B1401381D2B2E9DD36AF6AB7498BBFDD8734E5A0AA1E4
[TLS] sign_hash (32): C1AEFA1EA32FBC3733630AD8C010B2FA8EFED812DF038EE8281CDDED70A41002
[TLS] Written transcript to proofs/MSG_TLS_C648CF51.out, proofs/SIG_TLS_C648CF51.out and proofs/PK_TLS_C648CF51.der
Signature verification succeeds
[TLS] Server time: 1619646336
[TLS] client_random  (32): 096919E3488D508DB0C1163D0A792B60CD6C19491FA802AA1BE53549A07685E0
[TLS] sign_hash (32): 221293A2B8F1910E5719F9C8A2D4545FEF9636532B965563D1987DCFEBED165A
[TLS] Written transcript to proofs/MSG_TLS_096919E3.out, proofs/SIG_TLS_096919E3.out and proofs/PK_TLS_096919E3.der
Signature verification succeeds
[TLS] Server time: 1619646336
[TLS] client_random  (32): AF3077F07404BF9A8ABAA7CBEF8ACA6B1223525C4DA79E796DD220536E95ED20
[TLS] sign_hash (32): A701149CE87A33853F42DD994AA4E91CF90A262E3822DD136393956ACB655B1E
[TLS] Written transcript to proofs/MSG_TLS_AF3077F0.out, proofs/SIG_TLS_AF3077F0.out and proofs/PK_TLS_AF3077F0.der
Signature verification succeeds
[TLS] Server time: 1619646336
[TLS] client_random  (32): F970652C3C2159A3F681EFE63A0EA4E7B01B9932FB212596DB3CAF9CEABFAC3F
[TLS] sign_hash (32): EE3AE4D20424F4805C82AE81C18C53FD79A1335C25575DDBD87D9D58A75BFD51
[TLS] Written transcript to proofs/MSG_TLS_F970652C.out, proofs/SIG_TLS_F970652C.out and proofs/PK_TLS_F970652C.der
Signature verification succeeds
[TLS] Server time: 1619646336
[TLS] client_random  (32): 90A15A48DD6D516006D7EA7133F15A0DC784041D2B70CAAB6299CE094E35C761
[TLS] sign_hash (32): 0517CEA3B99660BEF72CF426852D96052891E6BC4C5D34E5C6D43F6BA3FBABB1
[TLS] Written transcript to proofs/MSG_TLS_90A15A48.out, proofs/SIG_TLS_90A15A48.out and proofs/PK_TLS_90A15A48.der
Signature verification succeeds
[TLS] Server time: 1619646336
[TLS] client_random  (32): D641E32F78EBC7ED1095D5FC851EBB1432534B89FA25757A9BFEB814524EB7AF
[TLS] sign_hash (32): 65F9789CBA5104E761B548A78DFA6B10CF2B83E575AECBFB0E380EDD9B785A0D
[TLS] Written transcript to proofs/MSG_TLS_D641E32F.out, proofs/SIG_TLS_D641E32F.out and proofs/PK_TLS_D641E32F.der
Signature verification succeeds
[TLS] Server time: 1619646336
[TLS] client_random  (32): EC099D89D9CCD8C40677BF0DB027160A17A7F77636E57A9210DDF2625F3390AE
[TLS] sign_hash (32): ECF1A05D97993E4AEA9E9A8B53CD4F7A018E9A5958AD3FFA0147B17D6C34331D
[TLS] Written transcript to proofs/MSG_TLS_EC099D89.out, proofs/SIG_TLS_EC099D89.out and proofs/PK_TLS_EC099D89.der
Signature verification succeeds
[TLS] Server time: 1619646336
[TLS] client_random  (32): BFD3604C68A965D8CEC2603D8B2E48AE1EA5DBBF1C04C229ABDDFC59F1E88979
[TLS] sign_hash (32): A7153D2A80E6B20BDFB27CE6FF916219B5A423C6823BB891070CBACD48B1D3D7
[TLS] Written transcript to proofs/MSG_TLS_BFD3604C.out, proofs/SIG_TLS_BFD3604C.out and proofs/PK_TLS_BFD3604C.der
Signature verification succeeds
[TLS] Server time: 1619646336
[TLS] client_random  (32): 8F126004086B4BE9DA85576C561097CEAFF576CFB8F63AB4268A5077BA4079F4
[TLS] sign_hash (32): CBCED160A7A1AB37A97C0F8D198DC291F6C408188D39DC5B011B63C3363F7D10
[TLS] Written transcript to proofs/MSG_TLS_8F126004.out, proofs/SIG_TLS_8F126004.out and proofs/PK_TLS_8F126004.der
Signature verification succeeds
[TLS] Server time: 1619646336
[TLS] client_random  (32): F1B1AA58E8C38AF606E91FABDC058810E8A8EEAE0656B414DD3CFFEEFE3FE9E5
[TLS] sign_hash (32): 75A4CC9405D3990D1B6840A4BA1137FD906695A45D19D59D6AEE432DD15FF982
[TLS] Written transcript to proofs/MSG_TLS_F1B1AA58.out, proofs/SIG_TLS_F1B1AA58.out and proofs/PK_TLS_F1B1AA58.der
Signature verification succeeds
[TLS] Server time: 1619646336
[TLS] client_random  (32): 62737F5218F5CCDC9582340C15122C638F414267A3ACC16A018F2AF266AC243A
[TLS] sign_hash (32): 956D8F28B3F1BAEA075790D066343CF0D64900B33C518ACE09F633E28E792348
[TLS] Written transcript to proofs/MSG_TLS_62737F52.out, proofs/SIG_TLS_62737F52.out and proofs/PK_TLS_62737F52.der
Signature verification succeeds
[TLS] Server time: 1619646336
[TLS] client_random  (32): D3C1897D83574FD2472F16A11C8218B65D655D274C4A29626B0022B412A0DCCF
[TLS] sign_hash (32): E344B07822315DF5824A4E85F15896C798C1014A6F4C03B0D053CA0F0CFAEF20
[TLS] Written transcript to proofs/MSG_TLS_D3C1897D.out, proofs/SIG_TLS_D3C1897D.out and proofs/PK_TLS_D3C1897D.der
Signature verification succeeds
[TLS] Server time: 1619646336
[TLS] client_random  (32): 63053A0E98E616915D3CB2265EDAB37B3C12FA55983A71A71B70017B5E2E6B48
[TLS] sign_hash (32): E196F4866C3C57C4827B1AAE89C23E026AE7C112D515170F5A23168C39160898
[TLS] Written transcript to proofs/MSG_TLS_63053A0E.out, proofs/SIG_TLS_63053A0E.out and proofs/PK_TLS_63053A0E.der
Signature verification succeeds
[TLS] Server time: 1619646336
[TLS] client_random  (32): 908A092CF07B9B090D302C5F680F340E58BCF83883006FAF9D822D804A95304A
[TLS] sign_hash (32): 02C58B33C7BE5B53CE48FFACA7A16DB8E1FDFF9577E5CDFEC8AA40BF24505071
[TLS] Written transcript to proofs/MSG_TLS_908A092C.out, proofs/SIG_TLS_908A092C.out and proofs/PK_TLS_908A092C.der
Signature verification succeeds
[TLS] Server time: 1619646336
[TLS] client_random  (32): 0FFF20ED5EB223FE7BC1CA7D8A3E9329E5B675F9F20E1BAE8172E2634C2F25B1
[TLS] sign_hash (32): 30F3324FBB83C518CB2FF9D31F44E6534509D2B2F549078C74E19C336967D330
[TLS] Written transcript to proofs/MSG_TLS_0FFF20ED.out, proofs/SIG_TLS_0FFF20ED.out and proofs/PK_TLS_0FFF20ED.der
Signature verification succeeds
[TLS] Server time: 1619646336
[TLS] client_random  (32): 3CCD9A0E8980481977F48203FAC273E728F03C8829047504BE543D369BBFA614
[TLS] sign_hash (32): F32D7BCEA2C9CB4A0304E676AF878D11F8B6D147C909721F29CE769910BA945B
[TLS] Written transcript to proofs/MSG_TLS_3CCD9A0E.out, proofs/SIG_TLS_3CCD9A0E.out and proofs/PK_TLS_3CCD9A0E.der
Signature verification succeeds
[TLS] Server time: 1619646336
[TLS] client_random  (32): E0BF787892F80CCA95D2AE1A8DF14B21EF4CCCA7F9D1B24B2D6EBEDB49053DA6
[TLS] sign_hash (32): 4539D741B720AF219CC1E55C19219283E145F0DA05D8EE8404FB1DA7B451CE44
[TLS] Written transcript to proofs/MSG_TLS_E0BF7878.out, proofs/SIG_TLS_E0BF7878.out and proofs/PK_TLS_E0BF7878.der
Signature verification succeeds
[TLS] Server time: 1619646336
[TLS] client_random  (32): 0D26E166BA544F312CA65F0E50581586DA39E6575F6D7EC4BAFCC8A0EDD0502F
[TLS] sign_hash (32): 910641B09FBC20676965C2D08ECAD4AB323AA2BD485CFC555029B0B1B3C2AF43
[TLS] Written transcript to proofs/MSG_TLS_0D26E166.out, proofs/SIG_TLS_0D26E166.out and proofs/PK_TLS_0D26E166.der
Signature verification succeeds
[TLS] Server time: 1619646336
[TLS] client_random  (32): E2F279F7BC1058D8509BC1C9129043C60DFADB56F709D571C0861290DE6D334A
[TLS] sign_hash (32): 5C36E20D10D05699F64DD4119696A7AC0C8DFDF4F5926271BB4C0D80DFA356D1
[TLS] Written transcript to proofs/MSG_TLS_E2F279F7.out, proofs/SIG_TLS_E2F279F7.out and proofs/PK_TLS_E2F279F7.der
Signature verification succeeds
[TLS] Server time: 1619646336
[TLS] client_random  (32): 320A6BB6AF4590A4444A8FA34AC95C858968F6CAB8E43C9433CB321B70FBBB47
[TLS] sign_hash (32): 260B3500975A0D3699268B1E917BCAEA330B8903C0D873843CE0011A2ED4E9F1
[TLS] Written transcript to proofs/MSG_TLS_320A6BB6.out, proofs/SIG_TLS_320A6BB6.out and proofs/PK_TLS_320A6BB6.der
Signature verification succeeds
[TLS] Server time: 1619646336
[TLS] client_random  (32): FB0646FA71F92068AABEC60127ECFDC793AE7EC202AF839E749B45972150C086
[TLS] sign_hash (32): 4347F862BE387888762A0D50089D8047BFD658550B2E5E115E2AA536EC5002A3
[TLS] Written transcript to proofs/MSG_TLS_FB0646FA.out, proofs/SIG_TLS_FB0646FA.out and proofs/PK_TLS_FB0646FA.der
Signature verification succeeds
[TLS] Server time: 1619646336
[TLS] client_random  (32): 79958703186EC3AC4F117ACBDB722FE4D4F52D87E8887CC958D649438C644391
[TLS] sign_hash (32): BA083CBC7D784A028E0118844A0B5ED1785A0440E2EF07F52317438FB7DD5628
[TLS] Written transcript to proofs/MSG_TLS_79958703.out, proofs/SIG_TLS_79958703.out and proofs/PK_TLS_79958703.der
Signature verification succeeds
[TLS] Server time: 1619646336
[TLS] client_random  (32): AC61879CB92B628220E3A2958DA6BA4818BC622A0A2D05B54A6DA46DEF59C6C7
[TLS] sign_hash (32): 5B8861DEFACA81840E0BCCAB0E4DBC9EAC67F43B32038A196969A68A6138C8BB
[TLS] Written transcript to proofs/MSG_TLS_AC61879C.out, proofs/SIG_TLS_AC61879C.out and proofs/PK_TLS_AC61879C.der
Signature verification succeeds
[TLS] Server time: 1619646336
[TLS] client_random  (32): 217485198E8E60241A679EFC91D167C97E44C6D54444D35AFABD96EFA2735150
[TLS] sign_hash (32): 2973878D04BE1E1A9932CAFF570BB3B4668FFF5E0250941E8EC820559206979E
[TLS] Written transcript to proofs/MSG_TLS_21748519.out, proofs/SIG_TLS_21748519.out and proofs/PK_TLS_21748519.der
Signature verification succeeds
[TLS] Server time: 1619646336
[TLS] client_random  (32): 824BB52C525BBD38E0E3739E784F5FBDDEF48B9ABE3979A58D36838A5CE16BAB
[TLS] sign_hash (32): 22C312910D642BC59B25AC11FCFC872A4C58FFD13EB753EACF5AB4DD3739BAE9
[TLS] Written transcript to proofs/MSG_TLS_824BB52C.out, proofs/SIG_TLS_824BB52C.out and proofs/PK_TLS_824BB52C.der
Signature verification succeeds
[TLS] Server time: 1619646336
[TLS] client_random  (32): 68EFF6450003386E6291F5D99780C90563A71906FD4350D14DE13962942E064B
[TLS] sign_hash (32): 6C6046E447A2E3566C3E51891A5329787232F71E21F10C4C9CF9AEBE27963851
[TLS] Written transcript to proofs/MSG_TLS_68EFF645.out, proofs/SIG_TLS_68EFF645.out and proofs/PK_TLS_68EFF645.der
Signature verification succeeds
[TLS] Server time: 1619646336
[TLS] client_random  (32): C043FDA5B7BE678A8ED7CE075EFE6A5C8998015F8BD837D211208C4A16CF3A71
[TLS] sign_hash (32): 6B1BE5335205F95D960FE4470F10E7A6D0053276DADC32660222FAF635EDEEE0
[TLS] Written transcript to proofs/MSG_TLS_C043FDA5.out, proofs/SIG_TLS_C043FDA5.out and proofs/PK_TLS_C043FDA5.der
Signature verification succeeds
[TLS] Server time: 1619646336
[TLS] client_random  (32): 5A031C79218CCC269B694A8A89AB6FB7E2B245489D4B8B316698B5CB1113020D
[TLS] sign_hash (32): 4C4B31BFE407F243170F4521E6C36DEFF1D70BD4AFE784A7A65C595EFBE60BFC
[TLS] Written transcript to proofs/MSG_TLS_5A031C79.out, proofs/SIG_TLS_5A031C79.out and proofs/PK_TLS_5A031C79.der
Signature verification succeeds
[TLS] Server time: 1619646336
[TLS] client_random  (32): E9A96F8FD8276234412136FC60CDD9801A581B8CEC7C7B151F1FC2CC4D609C2B
[TLS] sign_hash (32): 243B69DFFF8EE7FDC22F4B6F19A71FC0F7E5460474E1E5A4B163EAFCC57E6CDA
[TLS] Written transcript to proofs/MSG_TLS_E9A96F8F.out, proofs/SIG_TLS_E9A96F8F.out and proofs/PK_TLS_E9A96F8F.der
Signature verification succeeds
[TLS] Server time: 1619646336
[TLS] client_random  (32): 8F8CDCB83A3E5C4B928A9424810B9241663FF7DE37BCF1C15361249059DE1B4F
[TLS] sign_hash (32): 7EE527ED4C801FB55C1C629713AC8D4A218DF0CF03C3250B31DC51005AA26EBA
[TLS] Written transcript to proofs/MSG_TLS_8F8CDCB8.out, proofs/SIG_TLS_8F8CDCB8.out and proofs/PK_TLS_8F8CDCB8.der
Signature verification succeeds
[TLS] Server time: 1619646336
[TLS] client_random  (32): 52A01E6C06E1B5534AF6E26588D9718EA03D2525041183BB05F063AD766D6D9F
[TLS] sign_hash (32): C5F3B948877B46AF4C2C5C5A36D1111ECDD13DB53701AE8297D9A91C46CF16B8
[TLS] Written transcript to proofs/MSG_TLS_52A01E6C.out, proofs/SIG_TLS_52A01E6C.out and proofs/PK_TLS_52A01E6C.der
Signature verification succeeds
[TLS] Server time: 1619646336
[TLS] client_random  (32): F1BD033E22F323F987DBA870C2EBAA6CDE8A4186CFB090E5020B5A960973F0CF
[TLS] sign_hash (32): 6A4A5E962604EA2263B2304291807E97AB6682B039B7085E98C9DC5273BFFFD4
[TLS] Written transcript to proofs/MSG_TLS_F1BD033E.out, proofs/SIG_TLS_F1BD033E.out and proofs/PK_TLS_F1BD033E.der
Signature verification succeeds
[TLS] Server time: 1619646336
[TLS] client_random  (32): 238FF64EE121A8AC3E37D35366832F38764EEB0DB6ADE7BFEDB291E6513D2384
[TLS] sign_hash (32): 6877F642B10F3F0D72AB950227137162A010C67B5CD54664AFB86A3155413785
[TLS] Written transcript to proofs/MSG_TLS_238FF64E.out, proofs/SIG_TLS_238FF64E.out and proofs/PK_TLS_238FF64E.der
Signature verification succeeds
[TLS] Server time: 1619646336
[TLS] client_random  (32): 9DA0898E1CEEC250C17CA6184B5593EEB02CC2B7F0CF14397A37C139083180B6
[TLS] sign_hash (32): 1903864DD25A1677C590D07F5B5E787AB716C82DB3DAB247FD229434D943B015
[TLS] Written transcript to proofs/MSG_TLS_9DA0898E.out, proofs/SIG_TLS_9DA0898E.out and proofs/PK_TLS_9DA0898E.der
Signature verification succeeds
[TLS] Server time: 1619646336
[TLS] client_random  (32): 66BB6625F6E7A3A6CCCC8A58FF14E42C61D2B86B383C87075ACFF3D804A1BDB6
[TLS] sign_hash (32): 843F60042FF8E1795E9326191D77DEBE0278A258538D678F4029723291A9A4F6
[TLS] Written transcript to proofs/MSG_TLS_66BB6625.out, proofs/SIG_TLS_66BB6625.out and proofs/PK_TLS_66BB6625.der
Signature verification succeeds
[TLS] Server time: 1619646336
[TLS] client_random  (32): 310C93744EF7E45450965482364A046DCF82963B2C9B575288D272241EB29AFD
[TLS] sign_hash (32): BC964A029974144D0404C4E6BBF685C3E810E9E95972271E558CDB2F5F47283E
[TLS] Written transcript to proofs/MSG_TLS_310C9374.out, proofs/SIG_TLS_310C9374.out and proofs/PK_TLS_310C9374.der
Signature verification succeeds
[TLS] Server time: 1619646336
[TLS] client_random  (32): 851BD8DB8656ADDF3EE334C17A171216E67882E3E2F1EDE2F0C4FEDD98B1B6F2
[TLS] sign_hash (32): 0E1CF9F6EAB6B2A4F80EE1880C7FE9E5A64BE1462791650A7ABE5AF95EAA234F
[TLS] Written transcript to proofs/MSG_TLS_851BD8DB.out, proofs/SIG_TLS_851BD8DB.out and proofs/PK_TLS_851BD8DB.der
Signature verification succeeds
[TLS] Server time: 1619646336
[TLS] client_random  (32): 7F2CEC88BBA77D044C003AECCBEE161C7D900C7F90D89C2B8ABBF378321F0791
[TLS] sign_hash (32): 048FFF11ADFDDC61189E3D33941213F1158BD0B7815D12B215C150E3ACE64DF8
[TLS] Written transcript to proofs/MSG_TLS_7F2CEC88.out, proofs/SIG_TLS_7F2CEC88.out and proofs/PK_TLS_7F2CEC88.der
Signature verification succeeds
[TLS] Server time: 1619646337
[TLS] client_random  (32): 772E326FC9BE7F65BFA49F75F8C67DFE86AF1DAAB8D917E849EBD088C56F9D40
[TLS] sign_hash (32): 3482E7362121940DA137B703A9E75F650B29E1A05F18017A62ED94DEC4341AB0
[TLS] Written transcript to proofs/MSG_TLS_772E326F.out, proofs/SIG_TLS_772E326F.out and proofs/PK_TLS_772E326F.der
Signature verification succeeds
[TLS] Server time: 1619646337
[TLS] client_random  (32): F51E0B2A9AAC4E34C3923C4FA8AA6F07FD3072644FC95E78968D188588EEC50C
[TLS] sign_hash (32): 5FB77989E5983B81729A553EE5DBF6F354F4E3C40ABACEC7515B741FBAF02907
[TLS] Written transcript to proofs/MSG_TLS_F51E0B2A.out, proofs/SIG_TLS_F51E0B2A.out and proofs/PK_TLS_F51E0B2A.der
Signature verification succeeds
[TLS] Server time: 1619646337
[TLS] client_random  (32): BC62D485AF402D8CC28DCE4D1AB87B9D7609F0B0BEAC97C05D443391C7660A87
[TLS] sign_hash (32): 1E04C83512741581C49D1F4164D6CE77661D25FF1F4BB493888A41F0FC334CC6
[TLS] Written transcript to proofs/MSG_TLS_BC62D485.out, proofs/SIG_TLS_BC62D485.out and proofs/PK_TLS_BC62D485.der
Signature verification succeeds
[TLS] Server time: 1619646337
[TLS] client_random  (32): 9EBC9FAC51B8799F1FAFDB3AEF0D7E4B76C41E62CEFEC2002248D8487CFCCDAD
[TLS] sign_hash (32): E8B711BFE504BD528E75DE44E7994DBE3024883CBB911649D243498A03379B43
[TLS] Written transcript to proofs/MSG_TLS_9EBC9FAC.out, proofs/SIG_TLS_9EBC9FAC.out and proofs/PK_TLS_9EBC9FAC.der
Signature verification succeeds
[TLS] Server time: 1619646337
[TLS] client_random  (32): 23D71BA6AF11BE82D135C4579C0D6FFFC950486E13CEE928EABCAB5F07118275
[TLS] sign_hash (32): 7D4B21A8614E47DEB43044B9223C08A3650CEE8D4A4BDC5130A991843A50130A
[TLS] Written transcript to proofs/MSG_TLS_23D71BA6.out, proofs/SIG_TLS_23D71BA6.out and proofs/PK_TLS_23D71BA6.der
Signature verification succeeds
[TLS] Server time: 1619646337
[TLS] client_random  (32): 2789DB7A10ED55876FAB5826ED0C1B2E960D838765F0C19A834C950B8A816E56
[TLS] sign_hash (32): C04E26C71574BAF588F1EF489AE6DD1C2E528D8EBE6379121997E33537F9A88F
[TLS] Written transcript to proofs/MSG_TLS_2789DB7A.out, proofs/SIG_TLS_2789DB7A.out and proofs/PK_TLS_2789DB7A.der
Signature verification succeeds
[TLS] Server time: 1619646337
[TLS] client_random  (32): 118A0266BBAD55ACC0184610AF8CF7D3D3ED2C758715552ABBD6286CCCC2FF9B
[TLS] sign_hash (32): 42F8009837414908B93813AD9C45AE235D86203811BBA59E200D0536D240806A
[TLS] Written transcript to proofs/MSG_TLS_118A0266.out, proofs/SIG_TLS_118A0266.out and proofs/PK_TLS_118A0266.der
Signature verification succeeds
[TLS] Server time: 1619646337
[TLS] client_random  (32): 8DFABB4F4CF1A09F99DBE3756E1D6C013C6F13EAC9957007D107C00CAD22B3DC
[TLS] sign_hash (32): B877A469ED3845D93CFEA58A66FD27E98FBD9FBF95A7ED71262F287895362469
[TLS] Written transcript to proofs/MSG_TLS_8DFABB4F.out, proofs/SIG_TLS_8DFABB4F.out and proofs/PK_TLS_8DFABB4F.der
Signature verification succeeds
[TLS] Server time: 1619646337
[TLS] client_random  (32): 3F23BE89D156FF025AA2ED092294F8301D7CED03865E82E800220E9C37AC4C4E
[TLS] sign_hash (32): C5C6BE7C4570F67FB6BBA2D4A6AF9B036CD7F86CDEB7EFD5FD0BCA87EE5EA795
[TLS] Written transcript to proofs/MSG_TLS_3F23BE89.out, proofs/SIG_TLS_3F23BE89.out and proofs/PK_TLS_3F23BE89.der
Signature verification succeeds
[TLS] Server time: 1619646337
[TLS] client_random  (32): C07076925903817FE58337AF2256807DC5D6FF15B75FC56FCE86CBDEA807D92C
[TLS] sign_hash (32): F9D42DC353C2D106E965CDBFAEE030718834135C3E6DDA9FC37E80F0B2650021
[TLS] Written transcript to proofs/MSG_TLS_C0707692.out, proofs/SIG_TLS_C0707692.out and proofs/PK_TLS_C0707692.der
Signature verification succeeds
[TLS] Server time: 1619646337
[TLS] client_random  (32): 509DCF98134A8D19624378CD05021848A6C9A1FCA2515C66F7EE7C6AB939DF50
[TLS] sign_hash (32): D732725789E54FFE1F829BB1F6C811E6AC62B8B8915C46F2D8D03F436F598D96
[TLS] Written transcript to proofs/MSG_TLS_509DCF98.out, proofs/SIG_TLS_509DCF98.out and proofs/PK_TLS_509DCF98.der
Signature verification succeeds
[TLS] Server time: 1619646337
[TLS] client_random  (32): 337022D54B6EF5CC67FF440BABA7371D9ED924D7EB38CC830A32A952EF1EA9C2
[TLS] sign_hash (32): 4F229E3E0A34EBEF1414F240B5C81883BC688CE0D2BEBCFB7553975548264C79
[TLS] Written transcript to proofs/MSG_TLS_337022D5.out, proofs/SIG_TLS_337022D5.out and proofs/PK_TLS_337022D5.der
Signature verification succeeds
[TLS] Server time: 1619646337
[TLS] client_random  (32): A15518C2566C4E59EFC687B242D5416A1163CAFF716A57BB91F1B01465B89B69
[TLS] sign_hash (32): 32067A47FA33B83D5E5D15D3A9B3DBF79A1F1DBD8EA41563B820533CAA9B9BFE
[TLS] Written transcript to proofs/MSG_TLS_A15518C2.out, proofs/SIG_TLS_A15518C2.out and proofs/PK_TLS_A15518C2.der
Signature verification succeeds
[TLS] Server time: 1619646337
[TLS] client_random  (32): A5EFAA052ABF28807C6E40E63A03D6C0552D5DED9718A04172D71BAF397AC302
[TLS] sign_hash (32): 8D03E1D4CE25CB7AA09ADA0F70784074F0336B98E76A841BCFAA5F8595FD640D
[TLS] Written transcript to proofs/MSG_TLS_A5EFAA05.out, proofs/SIG_TLS_A5EFAA05.out and proofs/PK_TLS_A5EFAA05.der
Signature verification succeeds
[TLS] Server time: 1619646337
[TLS] client_random  (32): 67B1721D1406C3283922D07E8A0A6B02C6202BB6DCDE0D6698BFE1A4B28484B6
[TLS] sign_hash (32): 811EF46BD6011E210BF54E552E93F0DBD0B90CE7A9B0B1C9600EC9CC9E8E6764
[TLS] Written transcript to proofs/MSG_TLS_67B1721D.out, proofs/SIG_TLS_67B1721D.out and proofs/PK_TLS_67B1721D.der
Signature verification succeeds
[TLS] Server time: 1619646337
[TLS] client_random  (32): 2D0117BCC4EBCCF81C355224744B112A6F7342506A7C37C7B1789B9925B7795E
[TLS] sign_hash (32): CA3772EDD0B286EDD43051BE6EFA39965D77494DF3F8DD4263439BFC5C7BA364
[TLS] Written transcript to proofs/MSG_TLS_2D0117BC.out, proofs/SIG_TLS_2D0117BC.out and proofs/PK_TLS_2D0117BC.der
Signature verification succeeds
[TLS] Server time: 1619646337
[TLS] client_random  (32): 26F2684FDB1D19D508252B1F0872366B529AFB58C7A096FB36A8C94DC28FC7CB
[TLS] sign_hash (32): 6080233414045EF7B5A0A79A58FF630F331B45B49C52BD6AB5F2F5FB0F3EAFB6
[TLS] Written transcript to proofs/MSG_TLS_26F2684F.out, proofs/SIG_TLS_26F2684F.out and proofs/PK_TLS_26F2684F.der
Signature verification succeeds
[TLS] Server time: 1619646337
[TLS] client_random  (32): 2D4DB7696B7FBCF57087AF0C61F117985038DE9E07BE5269ED71C52D126AC379
[TLS] sign_hash (32): CBCA6F13C167C2126017E1369FBCF6F309D1121FCAE7C5272CA17088202F7FB7
[TLS] Written transcript to proofs/MSG_TLS_2D4DB769.out, proofs/SIG_TLS_2D4DB769.out and proofs/PK_TLS_2D4DB769.der
Signature verification succeeds
[TLS] Server time: 1619646337
[TLS] client_random  (32): EFFC6DAB720222688E70630ADB29C6A529A10FC48CCD4BB9CF4C6CF85D0071DF
[TLS] sign_hash (32): 2E1DE710148F02D875ACEC3C5A1357D27DD5B0A970E43B72CBA905787BB96610
[TLS] Written transcript to proofs/MSG_TLS_EFFC6DAB.out, proofs/SIG_TLS_EFFC6DAB.out and proofs/PK_TLS_EFFC6DAB.der
Signature verification succeeds
[TLS] Server time: 1619646337
[TLS] client_random  (32): B72AE1DC3E33AF6E3C7799BCADD22ADFDE3DB010B9813DFCC338FD504B992660
[TLS] sign_hash (32): 9A800D193D16C26125A081E006A7429E6707BE9086EB32A0EC8084B781220493
[TLS] Written transcript to proofs/MSG_TLS_B72AE1DC.out, proofs/SIG_TLS_B72AE1DC.out and proofs/PK_TLS_B72AE1DC.der
Signature verification succeeds
[TLS] Server time: 1619646337
[TLS] client_random  (32): 6F42C7EEF98E84A12372621097B541DCBACDB2E1F33205723745BF326EAA12C1
[TLS] sign_hash (32): DB2B4D1C6F6CA30B651E9B73EA41AE093EA235134E523ACC9D3B260465DA720D
[TLS] Written transcript to proofs/MSG_TLS_6F42C7EE.out, proofs/SIG_TLS_6F42C7EE.out and proofs/PK_TLS_6F42C7EE.der
Signature verification succeeds
[TLS] Server time: 1619646337
[TLS] client_random  (32): 06B925B148377EB8A85598CA6077C46BDF45996FF165DF82653B4BD80F22A3EB
[TLS] sign_hash (32): E2356D89FE7D05B15EDB4C24FC7C54C09F2ACD54BBF7AE17B9108D54C50E4AE3
[TLS] Written transcript to proofs/MSG_TLS_06B925B1.out, proofs/SIG_TLS_06B925B1.out and proofs/PK_TLS_06B925B1.der
Signature verification succeeds
[TLS] Server time: 1619646337
[TLS] client_random  (32): 82E4C4EF1495D041333352C9DEE6B571C69F4FD9014BB1C6D39AB3AC4AD19886
[TLS] sign_hash (32): 7199AAC2848423BA193E54DAB65B721AC8F57652FEC5801ED42B016FE2680D58
[TLS] Written transcript to proofs/MSG_TLS_82E4C4EF.out, proofs/SIG_TLS_82E4C4EF.out and proofs/PK_TLS_82E4C4EF.der
Signature verification succeeds
[TLS] Server time: 1619646337
[TLS] client_random  (32): 0CBD759F9F2B98B330AF7A85B5AB30FE756ABA182B9632045FD77D9B702BC5F0
[TLS] sign_hash (32): 4E13C8A749FF2DFC29F31040FF5D4B3215A75EDCE6A249D73B2D519FE7E21385
[TLS] Written transcript to proofs/MSG_TLS_0CBD759F.out, proofs/SIG_TLS_0CBD759F.out and proofs/PK_TLS_0CBD759F.der
Signature verification succeeds
[TLS] Server time: 1619646337
[TLS] client_random  (32): 11FD81619A42024FE0E58761C9B8FF60616CA0ED3A455DE38D4DB923D88C33FF
[TLS] sign_hash (32): 8CB8F5262108D195B810393DA624BB4B15843E939BFB56DE88A53C167B926756
[TLS] Written transcript to proofs/MSG_TLS_11FD8161.out, proofs/SIG_TLS_11FD8161.out and proofs/PK_TLS_11FD8161.der
Signature verification succeeds
[TLS] Server time: 1619646337
[TLS] client_random  (32): 1EE9DBCA5140D84DB4D5E576F8F1889C95EA57474546C60D83F1B6CDC36B7CF7
[TLS] sign_hash (32): 8ECFC8E7FD92C899DB3F24346AE0841538B488E49A228B1F14938E77D56AAA8A
[TLS] Written transcript to proofs/MSG_TLS_1EE9DBCA.out, proofs/SIG_TLS_1EE9DBCA.out and proofs/PK_TLS_1EE9DBCA.der
Signature verification succeeds
Time breakdown (averages): anchor_ping:19.756289 file_read:0.147897 hashing:0.470508
Total time for 99 rounds is 2036.858022ms
Standard deviations: anchor_ping:1.612861 file_read:0.013710 hashing:0.004923
[Client-side ops] mean:0.618405 sd:0.014427
in & out anchor rand written to proofs/phase1.out
     26 [TLS] Server time: 1619646335
     48 [TLS] Server time: 1619646336
     26 [TLS] Server time: 1619646337
Count is 26
Count is 48
Count is 26
success: 1
RESULT: 1 in 2 tries
