TLS anchor: sruc.ac.uk
Actual: 58, Set: 119
Beginning execution at Fri Apr 30 05:05:01 UTC 2021
CONF: anchor:sruc.ac.uk fs:1024MB n_rounds:119 seed:5c9f4bf9bbc15bb855f82faedc5a52fc3ab2dfa8ec3ba3ce1b270f31fa0cced2 filename:FILE bs:1024 nops:100 benchmarking:0 anchor_ping:1 queue_depth:32 direct:0
[TLS] Connecting to sruc.ac.uk
[TLS] Server time: 1619759101
[TLS] client_random  (32): 5C9F4BF9BBC15BB855F82FAEDC5A52FC3AB2DFA8EC3BA3CE1B270F31FA0CCED2
[TLS] sign_hash (32): 4699E262913339B748F2B6A701333D5038B9FC8E03FADD97B6B2A614A62418AA
[TLS] Written transcript to proofs/MSG_TLS_5C9F4BF9.out, proofs/SIG_TLS_5C9F4BF9.out and proofs/PK_TLS_5C9F4BF9.der
Signature verification succeeds
[TLS] Server time: 1619759101
[TLS] client_random  (32): 612201D1A0D1075FFEE704579363DE32F13D7DA9F42CFC1E137696FB095267C5
[TLS] sign_hash (32): FAEBE69FD4119510930EF76D13C00B16B35A5FD2F1C11D321A253363AE3CE95F
[TLS] Written transcript to proofs/MSG_TLS_612201D1.out, proofs/SIG_TLS_612201D1.out and proofs/PK_TLS_612201D1.der
Signature verification succeeds
[TLS] Server time: 1619759101
[TLS] client_random  (32): 6A04EEE06434B5F29B87524F86D4A0D457C84483B517C327D2A1A318C631CCE3
[TLS] sign_hash (32): EC907BEB34D3637B582342993AE8F4D075375F45FA3501E246E7DA56A80C8FE9
[TLS] Written transcript to proofs/MSG_TLS_6A04EEE0.out, proofs/SIG_TLS_6A04EEE0.out and proofs/PK_TLS_6A04EEE0.der
Signature verification succeeds
[TLS] Server time: 1619759101
[TLS] client_random  (32): 874932C66875BC7AFEA91C1FBEF48125773DA771AAAEDDA461AC424B98663F3B
[TLS] sign_hash (32): A30C09BE8F2F1FE5EE27E553FFE4E789098EE2A8E078B87000974BAFE92E13AD
[TLS] Written transcript to proofs/MSG_TLS_874932C6.out, proofs/SIG_TLS_874932C6.out and proofs/PK_TLS_874932C6.der
Signature verification succeeds
[TLS] Server time: 1619759101
[TLS] client_random  (32): 7F2D2DA22DDDDE48FF6F5CC75BDB4A2799A60C9668613C62876BA9735C0822D0
[TLS] sign_hash (32): 9FB95959C35439023177EA3C978E81657B8001D68AF4F417D4D0A8F63EE21D8D
[TLS] Written transcript to proofs/MSG_TLS_7F2D2DA2.out, proofs/SIG_TLS_7F2D2DA2.out and proofs/PK_TLS_7F2D2DA2.der
Signature verification succeeds
[TLS] Server time: 1619759101
[TLS] client_random  (32): A36AD7BC4F4C94DCECE65069BC6A4460A786D065F5FE219FCB78A97760A64C22
[TLS] sign_hash (32): 76E0EE3068C9142AE7376B8B4669C8FCBEEF2F5FA060D3B38846F09392828F80
[TLS] Written transcript to proofs/MSG_TLS_A36AD7BC.out, proofs/SIG_TLS_A36AD7BC.out and proofs/PK_TLS_A36AD7BC.der
Signature verification succeeds
[TLS] Server time: 1619759101
[TLS] client_random  (32): 5FFAD2DEC9CCC2ED2DF5696EB9029591F0903022B35F54368895C1908021C09B
[TLS] sign_hash (32): AB4D3B35C5B0CEC68AC3BA5F1EC1C30C8668FFA23E1DFA45775162EB35974DE5
[TLS] Written transcript to proofs/MSG_TLS_5FFAD2DE.out, proofs/SIG_TLS_5FFAD2DE.out and proofs/PK_TLS_5FFAD2DE.der
Signature verification succeeds
[TLS] Server time: 1619759101
[TLS] client_random  (32): 7F43977582969FA3225D3E2C1B80BB34F88D21F8B57D23F14FCE0EB204CBD13D
[TLS] sign_hash (32): 2A046714B57759099007D23076323568898DD4E5DDF673317F82A1E53A819E37
[TLS] Written transcript to proofs/MSG_TLS_7F439775.out, proofs/SIG_TLS_7F439775.out and proofs/PK_TLS_7F439775.der
Signature verification succeeds
[TLS] Server time: 1619759101
[TLS] client_random  (32): 7589C7F77189A6C9A13144504CE2954D19D9F248777B842807B42E3F3AD04EB6
[TLS] sign_hash (32): 84AE5A8CF2A3CF57352CA909870361DB37544DF81042781B7109577EB649AD68
[TLS] Written transcript to proofs/MSG_TLS_7589C7F7.out, proofs/SIG_TLS_7589C7F7.out and proofs/PK_TLS_7589C7F7.der
Signature verification succeeds
[TLS] Server time: 1619759101
[TLS] client_random  (32): B644C3B9A1EDA0AB1A275787BCAFAB3568A6CC047374EA8906F469B8871C2ED2
[TLS] sign_hash (32): E747148F1B0481D8D6155DCADA3DFEB409A2A623AE3BAF64658929CF3CC3C1D0
[TLS] Written transcript to proofs/MSG_TLS_B644C3B9.out, proofs/SIG_TLS_B644C3B9.out and proofs/PK_TLS_B644C3B9.der
Signature verification succeeds
[TLS] Server time: 1619759101
[TLS] client_random  (32): 569E480E11156A8D35067EDD5E14A95093207BD6AF6B18DF895515DE4FC10BAD
[TLS] sign_hash (32): 9538FAACCD806C73ABC5CE9A9371BACB83DB4904AF531BC0591B459B7684D080
[TLS] Written transcript to proofs/MSG_TLS_569E480E.out, proofs/SIG_TLS_569E480E.out and proofs/PK_TLS_569E480E.der
Signature verification succeeds
[TLS] Server time: 1619759101
[TLS] client_random  (32): 1E69304E24DE8E5F051CEB3E930EBBB1328A1F7EBC0C177C9B9AC9CB3CFAE30D
[TLS] sign_hash (32): 557F19B1A74D9E109946E5AEBED00CCFCD6E4D2240E2636C5D22F62E2B904FDD
[TLS] Written transcript to proofs/MSG_TLS_1E69304E.out, proofs/SIG_TLS_1E69304E.out and proofs/PK_TLS_1E69304E.der
Signature verification succeeds
[TLS] Server time: 1619759101
[TLS] client_random  (32): DBED4D353CF2148AB2221395982A7053229F1E4F64E038CF81DC16B10139AA69
[TLS] sign_hash (32): 1A52EC962D1201E7782BB9BEF5758474DCD95CC8466B948FE6F3AD63DAE7BAB4
[TLS] Written transcript to proofs/MSG_TLS_DBED4D35.out, proofs/SIG_TLS_DBED4D35.out and proofs/PK_TLS_DBED4D35.der
Signature verification succeeds
[TLS] Server time: 1619759101
[TLS] client_random  (32): 336C1FEF4D7E39CA35B7CF7551E2F18F6B289DD95FB768072A5BB853C0CF55D0
[TLS] sign_hash (32): 2DDFB30172CBC01F8A32D02513E102521DF889938582E9F2B3FF7D90098B3E5A
[TLS] Written transcript to proofs/MSG_TLS_336C1FEF.out, proofs/SIG_TLS_336C1FEF.out and proofs/PK_TLS_336C1FEF.der
Signature verification succeeds
[TLS] Server time: 1619759101
[TLS] client_random  (32): 8145069090FD00345DDAC8AD4ADDE360A540ABCD033450A257357561940B3AF0
[TLS] sign_hash (32): 0C85D2E355854070A4797ACA4DE62DA601F4632F3F4FD44D8CD880B97991DD7E
[TLS] Written transcript to proofs/MSG_TLS_81450690.out, proofs/SIG_TLS_81450690.out and proofs/PK_TLS_81450690.der
Signature verification succeeds
[TLS] Server time: 1619759101
[TLS] client_random  (32): 23789E889B1629AEA9AC00D88471EF35E72F23099AF1EB036894DF8529BD4C3E
[TLS] sign_hash (32): 77B7C4DA72BEDC899F76B004D70AD96D524D22DB562A011566C5FE870D7C8274
[TLS] Written transcript to proofs/MSG_TLS_23789E88.out, proofs/SIG_TLS_23789E88.out and proofs/PK_TLS_23789E88.der
Signature verification succeeds
[TLS] Server time: 1619759102
[TLS] client_random  (32): AC07325833B85DEFA7E9BDEF7FD84ECD1BD041BFAF6DFBB42DCA6C855A4196B4
[TLS] sign_hash (32): 786E3E5EF4ECEF7F0C0E92A99553CAE5AAD11B78FF1DC529D98CFED283EB6B50
[TLS] Written transcript to proofs/MSG_TLS_AC073258.out, proofs/SIG_TLS_AC073258.out and proofs/PK_TLS_AC073258.der
Signature verification succeeds
[TLS] Server time: 1619759102
[TLS] client_random  (32): 963C36AB2FE8A55FA78E17736BE08C4237C4D9B5FD6A01C8277DDEAE23DA88A8
[TLS] sign_hash (32): 1D5982EF9DB7D8FC150CFDAEF350975EBCC7A4066D95DE934DA489CF0E2FB9ED
[TLS] Written transcript to proofs/MSG_TLS_963C36AB.out, proofs/SIG_TLS_963C36AB.out and proofs/PK_TLS_963C36AB.der
Signature verification succeeds
[TLS] Server time: 1619759102
[TLS] client_random  (32): 939846EE442BCF190344F31CDFBF51B7F96A2ED759021BD2D16A65763AE69BF2
[TLS] sign_hash (32): FA51ED2875FEA555188A020E7CEFD3E5277138B7075744A2428966A0DA889DAA
[TLS] Written transcript to proofs/MSG_TLS_939846EE.out, proofs/SIG_TLS_939846EE.out and proofs/PK_TLS_939846EE.der
Signature verification succeeds
[TLS] Server time: 1619759102
[TLS] client_random  (32): 592600EDBEF5BD494C2F05CB6C6B2115E3D45B8F6B5C6BFDE981A711152DC65C
[TLS] sign_hash (32): 2B03B46F3522545604CA0FAC878FE1F084BA346A7D614D2B9F93E761A7863502
[TLS] Written transcript to proofs/MSG_TLS_592600ED.out, proofs/SIG_TLS_592600ED.out and proofs/PK_TLS_592600ED.der
Signature verification succeeds
[TLS] Server time: 1619759102
[TLS] client_random  (32): 319EB2A54849540BC320F068CE035FA0621F1AA83C380BABEDD18F798A9790B7
[TLS] sign_hash (32): 25EA25F8FEDD266A26C84C34FB5FE111A3A8121F91DB2A5E5C6399AE5A933CFD
[TLS] Written transcript to proofs/MSG_TLS_319EB2A5.out, proofs/SIG_TLS_319EB2A5.out and proofs/PK_TLS_319EB2A5.der
Signature verification succeeds
[TLS] Server time: 1619759102
[TLS] client_random  (32): 582CFFAC6ACE24E37E64557339256571C8E7AB9D5E4AE155CB3DFF6B1BEC8F18
[TLS] sign_hash (32): 28BEE13900ECEDD6967BC49FD563BCFCD824F81783DDD6C576DA2099C67C0969
[TLS] Written transcript to proofs/MSG_TLS_582CFFAC.out, proofs/SIG_TLS_582CFFAC.out and proofs/PK_TLS_582CFFAC.der
Signature verification succeeds
[TLS] Server time: 1619759102
[TLS] client_random  (32): 8BD62C500D042E04A8D25F1709A8D6633C7470DC102F9D9E4601640C5BC369B5
[TLS] sign_hash (32): 67D7143604D8B7B4711B963B21D147224EA65C01444F7B60516AC5DFE75E4E21
[TLS] Written transcript to proofs/MSG_TLS_8BD62C50.out, proofs/SIG_TLS_8BD62C50.out and proofs/PK_TLS_8BD62C50.der
Signature verification succeeds
[TLS] Server time: 1619759102
[TLS] client_random  (32): 45EDDDDA214A1F8480B07792ED09652331A769014F997F020CF11E43A9E723AF
[TLS] sign_hash (32): A6C848D59A7B95198B0C5857B480E4087CA8DCBCACB3A630F90A1EF9AE34CE9B
[TLS] Written transcript to proofs/MSG_TLS_45EDDDDA.out, proofs/SIG_TLS_45EDDDDA.out and proofs/PK_TLS_45EDDDDA.der
Signature verification succeeds
[TLS] Server time: 1619759102
[TLS] client_random  (32): 2046BC261286B5DA341C2501E98E13AD47A5464327BA35DBF48208F9559B228C
[TLS] sign_hash (32): 9AC7893B95F58AE4DF44EBE1775573A791AA4E01BC56C9BF39A110C9F4B4110E
[TLS] Written transcript to proofs/MSG_TLS_2046BC26.out, proofs/SIG_TLS_2046BC26.out and proofs/PK_TLS_2046BC26.der
Signature verification succeeds
[TLS] Server time: 1619759102
[TLS] client_random  (32): 891ED12BA30B3F798F97DA4A5C82C934358A9ADF5B77EED9D08C2E2D50762A67
[TLS] sign_hash (32): 67BD419EF9EC6D18F2264D271941F69E6BD002691F4B9712855B97AD41484411
[TLS] Written transcript to proofs/MSG_TLS_891ED12B.out, proofs/SIG_TLS_891ED12B.out and proofs/PK_TLS_891ED12B.der
Signature verification succeeds
[TLS] Server time: 1619759102
[TLS] client_random  (32): 3F068C7061A2954F07B87BDEBA2B0960DF7A6E576F387E7067BBAD42DB1FE8D1
[TLS] sign_hash (32): 93D10C65E7CEBF1F614E9EBC2F71F7DFB369B9D1455C6FFE0C6446BA856C70F1
[TLS] Written transcript to proofs/MSG_TLS_3F068C70.out, proofs/SIG_TLS_3F068C70.out and proofs/PK_TLS_3F068C70.der
Signature verification succeeds
[TLS] Server time: 1619759102
[TLS] client_random  (32): 78D338DA588DD6AA6F8EC66167E671DCBC88118ED70117BB6116E14BF2689410
[TLS] sign_hash (32): F62C962389DE055F08AC637460D42B0C007C29496158433464DD11F0C9C69E8C
[TLS] Written transcript to proofs/MSG_TLS_78D338DA.out, proofs/SIG_TLS_78D338DA.out and proofs/PK_TLS_78D338DA.der
Signature verification succeeds
[TLS] Server time: 1619759102
[TLS] client_random  (32): C2AC544BAF5D6173185FE644CD2A1A8AE7631C30C965384D03C1CC50E4CACE24
[TLS] sign_hash (32): CC569B6FEEF2C06460B20825F0E99FA1CB0B0C7F963289CCF7FFD0B946CD587C
[TLS] Written transcript to proofs/MSG_TLS_C2AC544B.out, proofs/SIG_TLS_C2AC544B.out and proofs/PK_TLS_C2AC544B.der
Signature verification succeeds
[TLS] Server time: 1619759102
[TLS] client_random  (32): B12ED4CE8589FB3E17B27398E1AFF524CDEC8ECB3F1E4DC7689D54F32896D827
[TLS] sign_hash (32): 9A6349706A9731556BE20FB22F07C40E6C0C990EEAACD4D8C9C5080DBEE7AF12
[TLS] Written transcript to proofs/MSG_TLS_B12ED4CE.out, proofs/SIG_TLS_B12ED4CE.out and proofs/PK_TLS_B12ED4CE.der
Signature verification succeeds
[TLS] Server time: 1619759102
[TLS] client_random  (32): 1328678ED3BEBB2A0FCCDD832E08D1A2B69C4C7D2C2744B89CEE6D6AEDB39D11
[TLS] sign_hash (32): D93D3487F7B1F4B5FA6D299B942ADDACB6426FA1B7F7BD23721A14C341CB8F2F
[TLS] Written transcript to proofs/MSG_TLS_1328678E.out, proofs/SIG_TLS_1328678E.out and proofs/PK_TLS_1328678E.der
Signature verification succeeds
[TLS] Server time: 1619759102
[TLS] client_random  (32): 8D60F6D0612D6ED7583A953B276F78379DF41C617897AD3E8B4FBE70B817C1ED
[TLS] sign_hash (32): 201EB3FD3E50F796C0D8A279C08AD9D67BEBE80DB1ACF64D9262F72C6D9A65ED
[TLS] Written transcript to proofs/MSG_TLS_8D60F6D0.out, proofs/SIG_TLS_8D60F6D0.out and proofs/PK_TLS_8D60F6D0.der
Signature verification succeeds
[TLS] Server time: 1619759102
[TLS] client_random  (32): 833F755EF271CA2DA1E1B50302CC812510230CED281F205059B6C8A1FDEF1CE6
[TLS] sign_hash (32): 7B6561930F642E674F7A9645D7356A96E73120A3DE993292FED3D8A193095761
[TLS] Written transcript to proofs/MSG_TLS_833F755E.out, proofs/SIG_TLS_833F755E.out and proofs/PK_TLS_833F755E.der
Signature verification succeeds
[TLS] Server time: 1619759102
[TLS] client_random  (32): 2ED8F1143E04E2DFAD3E8A59C4ADE6412AA8D4FCDEA8D40823C78F1BD55C612D
[TLS] sign_hash (32): E2FDF5EC0E17EF88891E85F0D9B4769A56E1AEB6BFF8A7BCFF2C4473724B4BD8
[TLS] Written transcript to proofs/MSG_TLS_2ED8F114.out, proofs/SIG_TLS_2ED8F114.out and proofs/PK_TLS_2ED8F114.der
Signature verification succeeds
[TLS] Server time: 1619759102
[TLS] client_random  (32): 6CA6EFF41C89051E8CA6E7354450EC588CBBCEA79895D4442852A926B1C8915A
[TLS] sign_hash (32): D8BD24313BD320EE658022D67FC11B64607AC2976EDE23CE6EDC1709F38974F5
[TLS] Written transcript to proofs/MSG_TLS_6CA6EFF4.out, proofs/SIG_TLS_6CA6EFF4.out and proofs/PK_TLS_6CA6EFF4.der
Signature verification succeeds
[TLS] Server time: 1619759102
[TLS] client_random  (32): 2BECA8631748D73399E136743B94ED4E590F5010F3398EE2EB91E0D3D9210F46
[TLS] sign_hash (32): B0473234991B119F9BD852884D0D1D58632611921EC5F1FC75739A6655A25D62
[TLS] Written transcript to proofs/MSG_TLS_2BECA863.out, proofs/SIG_TLS_2BECA863.out and proofs/PK_TLS_2BECA863.der
Signature verification succeeds
[TLS] Server time: 1619759102
[TLS] client_random  (32): 70E1A72B44C0EB444CF21A921BB4C98DABB1388B8E0F0AC6FCEB92C5E9DDBFCA
[TLS] sign_hash (32): E9C6C6A58242D9F05B8F843D199C233394AF41210785B2898C6A02B878A483B2
[TLS] Written transcript to proofs/MSG_TLS_70E1A72B.out, proofs/SIG_TLS_70E1A72B.out and proofs/PK_TLS_70E1A72B.der
Signature verification succeeds
[TLS] Server time: 1619759102
[TLS] client_random  (32): 50588E817C2FAD8FA97589C32E5F44D03BFDA3D31E70AE801D106815ACD59040
[TLS] sign_hash (32): 1944593651D22193FAF72FCCDDE8F91146A0945F5C4EE5FFE397E375C6D6EFCA
[TLS] Written transcript to proofs/MSG_TLS_50588E81.out, proofs/SIG_TLS_50588E81.out and proofs/PK_TLS_50588E81.der
Signature verification succeeds
[TLS] Server time: 1619759102
[TLS] client_random  (32): 9EF6B142A37B65113BCF802BA9F17EA41141F723C37A0D4AADE4D42A351E3CE8
[TLS] sign_hash (32): 44165187A67A9853DDB345A2728A2A990002A1221EA0215C32B1F1CE347ACE35
[TLS] Written transcript to proofs/MSG_TLS_9EF6B142.out, proofs/SIG_TLS_9EF6B142.out and proofs/PK_TLS_9EF6B142.der
Signature verification succeeds
[TLS] Server time: 1619759102
[TLS] client_random  (32): F6D9E66DE9CEA8AE08CF9E8D627D58FE4CC6CE0E6CE2D0999544CCF22F301B5F
[TLS] sign_hash (32): 92E76A2E8BBF0E2CF81B59C93259CEC5C4D611A135D02F70C69432351AA1B823
[TLS] Written transcript to proofs/MSG_TLS_F6D9E66D.out, proofs/SIG_TLS_F6D9E66D.out and proofs/PK_TLS_F6D9E66D.der
Signature verification succeeds
[TLS] Server time: 1619759102
[TLS] client_random  (32): 1F84B6CAAFF32385C2E0D6AFECE2141CE82F8DE6D714663245827C5BD918CABE
[TLS] sign_hash (32): 664927A161FC779D4B08D118DF1296E8F8D92BBF9E60D1375B6387E00B715214
[TLS] Written transcript to proofs/MSG_TLS_1F84B6CA.out, proofs/SIG_TLS_1F84B6CA.out and proofs/PK_TLS_1F84B6CA.der
Signature verification succeeds
[TLS] Server time: 1619759102
[TLS] client_random  (32): C459D2E65E159C7EDDDFD7585ACC41AAD5F2EADCE2EC21D32AC22964644F7598
[TLS] sign_hash (32): 9332D5C4DFFE879C141FF7DA4B478EF24D14EE26CBE83872947DD447CE6F39BA
[TLS] Written transcript to proofs/MSG_TLS_C459D2E6.out, proofs/SIG_TLS_C459D2E6.out and proofs/PK_TLS_C459D2E6.der
Signature verification succeeds
[TLS] Server time: 1619759102
[TLS] client_random  (32): A5B2E7BD122AAC99AD4AE460DB082251AC5EFCBA51A65395F9FB026E05127067
[TLS] sign_hash (32): A7D3255C1ABC9A397066F7A3D363B4663375123F7869895228874A4ED01189C7
[TLS] Written transcript to proofs/MSG_TLS_A5B2E7BD.out, proofs/SIG_TLS_A5B2E7BD.out and proofs/PK_TLS_A5B2E7BD.der
Signature verification succeeds
[TLS] Server time: 1619759102
[TLS] client_random  (32): 89B1286885A289B9360C558BC3C4D331748AE392095C300D3461B5BD59BCD6E2
[TLS] sign_hash (32): AB425E8B3F5BD14DFF6EB03A882599A7EC23CD046478E57E4BF2CB784E52138C
[TLS] Written transcript to proofs/MSG_TLS_89B12868.out, proofs/SIG_TLS_89B12868.out and proofs/PK_TLS_89B12868.der
Signature verification succeeds
[TLS] Server time: 1619759102
[TLS] client_random  (32): 9DC7366BC7A12645BD6B9607BC3E527574260273DE2D190521F61F0D109A1FFA
[TLS] sign_hash (32): 141B4088A55F5FC68E6AD01E71168DFEFB48946D634786A3740ED02F2A062242
[TLS] Written transcript to proofs/MSG_TLS_9DC7366B.out, proofs/SIG_TLS_9DC7366B.out and proofs/PK_TLS_9DC7366B.der
Signature verification succeeds
[TLS] Server time: 1619759102
[TLS] client_random  (32): A49D9467A92DD5C40B9FC153F54E0F1CC73395CCFB02987010208D9160210D86
[TLS] sign_hash (32): 6BE19E3213AE7638646C6DF72728D4727934FD606F92FDEA46E8DE288934A6A6
[TLS] Written transcript to proofs/MSG_TLS_A49D9467.out, proofs/SIG_TLS_A49D9467.out and proofs/PK_TLS_A49D9467.der
Signature verification succeeds
[TLS] Server time: 1619759102
[TLS] client_random  (32): C99D086FD2BB8F4EA3282C65EC87CECB866B3B9ECCA9E64677C3403F1E8854A3
[TLS] sign_hash (32): A727BD9FCEDC083D95FEB20D99BC75F082E1D646245A79F0175B926CD74160A7
[TLS] Written transcript to proofs/MSG_TLS_C99D086F.out, proofs/SIG_TLS_C99D086F.out and proofs/PK_TLS_C99D086F.der
Signature verification succeeds
[TLS] Server time: 1619759102
[TLS] client_random  (32): 5F7A25655B38F685F2BBD1B672B234C3D1288086F8AA91DBF5804B5DB8D7B103
[TLS] sign_hash (32): A0A3A6700C27823B5B2C8DE225E67DC1E5B3BF7B68DFDDFCF619D3FFB7BB2F42
[TLS] Written transcript to proofs/MSG_TLS_5F7A2565.out, proofs/SIG_TLS_5F7A2565.out and proofs/PK_TLS_5F7A2565.der
Signature verification succeeds
[TLS] Server time: 1619759102
[TLS] client_random  (32): 268C50D1A21AFF50B9B012F433A3F264CD16BF5885A36816ADF3391CC6D4218D
[TLS] sign_hash (32): A08B1EDC6749AD5259B5132766922ED98E7A9E0FFF6D65F3513130F7761838BC
[TLS] Written transcript to proofs/MSG_TLS_268C50D1.out, proofs/SIG_TLS_268C50D1.out and proofs/PK_TLS_268C50D1.der
Signature verification succeeds
[TLS] Server time: 1619759103
[TLS] client_random  (32): 2155B5BB77EE4C7C2ABA5AE16EDCD103D597307B83FDE6C93984B800671D6409
[TLS] sign_hash (32): 5C451DFC01930D4198169F9852C337076809B3259BBAE7594CBF8BE3D5DF1B30
[TLS] Written transcript to proofs/MSG_TLS_2155B5BB.out, proofs/SIG_TLS_2155B5BB.out and proofs/PK_TLS_2155B5BB.der
Signature verification succeeds
[TLS] Server time: 1619759104
[TLS] client_random  (32): BB555ECEA629E3513084EA421CC4E8AB78E715C86016058B552B1430701387D0
[TLS] sign_hash (32): 8D57656772BBE77FCCCC386F71EBFD397FA7B0803596F6A0289B41F0981B6293
[TLS] Written transcript to proofs/MSG_TLS_BB555ECE.out, proofs/SIG_TLS_BB555ECE.out and proofs/PK_TLS_BB555ECE.der
Signature verification succeeds
[TLS] Server time: 1619759104
[TLS] client_random  (32): 0D96E0EAEB74AD7EECF7C89DB77A375BB6E0944F584A8084EB481C3FD24C1BFD
[TLS] sign_hash (32): 5042EB8B72E61108E057AF5A6BCF2993EF88C19AF7239412D99AC0CA61E63746
[TLS] Written transcript to proofs/MSG_TLS_0D96E0EA.out, proofs/SIG_TLS_0D96E0EA.out and proofs/PK_TLS_0D96E0EA.der
Signature verification succeeds
[TLS] Server time: 1619759104
[TLS] client_random  (32): 1392EB688B0CB9C245FBE2205EC3BC4EA598D166E81DBBE2E909E6CD63DF295F
[TLS] sign_hash (32): 2DEF8B235BC5B312BB43752358A4C0A2101F46CB58F2BA75F41AB00D4B61D3C0
[TLS] Written transcript to proofs/MSG_TLS_1392EB68.out, proofs/SIG_TLS_1392EB68.out and proofs/PK_TLS_1392EB68.der
Signature verification succeeds
[TLS] Server time: 1619759104
[TLS] client_random  (32): 8433FA3BABE3FC788FD1E0C86E6300ECD39E100D2C80062EFBF4C0531F946150
[TLS] sign_hash (32): DCAF2442094D3E6BDC309782759E7535556EE46E153B50377745059589493D82
[TLS] Written transcript to proofs/MSG_TLS_8433FA3B.out, proofs/SIG_TLS_8433FA3B.out and proofs/PK_TLS_8433FA3B.der
Signature verification succeeds
[TLS] Server time: 1619759104
[TLS] client_random  (32): F43E5C3D576D54B361EAC196435F540C8CE01436743C6E12B5A52551EBF61EE8
[TLS] sign_hash (32): 093D4947583E98B4F356E5D26B3DC5B0B2CC00D0B437BAE6F3C68B1AD80788DA
[TLS] Written transcript to proofs/MSG_TLS_F43E5C3D.out, proofs/SIG_TLS_F43E5C3D.out and proofs/PK_TLS_F43E5C3D.der
Signature verification succeeds
[TLS] Server time: 1619759104
[TLS] client_random  (32): 95BC129182211D67A37524F7B78D313E475B5DD9AFE703BF3C65310111BCE25C
[TLS] sign_hash (32): 3B2D79703DD033ABB4A228F8DB9553549910C0A0A80FF0A8152EF2019142698A
[TLS] Written transcript to proofs/MSG_TLS_95BC1291.out, proofs/SIG_TLS_95BC1291.out and proofs/PK_TLS_95BC1291.der
Signature verification succeeds
[TLS] Server time: 1619759104
[TLS] client_random  (32): F6641742FE262BEEB1BA15315E91C5208064801A3CBFFE223886FD98E315135A
[TLS] sign_hash (32): D2E3AA45015063FB95414EBE9615AE8F67DB05DFAADDA10A281CE5C87F2C4EE0
[TLS] Written transcript to proofs/MSG_TLS_F6641742.out, proofs/SIG_TLS_F6641742.out and proofs/PK_TLS_F6641742.der
Signature verification succeeds
[TLS] Server time: 1619759104
[TLS] client_random  (32): C26924C5D3CDC1D25B39DDA483C52FA203638253634EAFA61DF59781E71F7670
[TLS] sign_hash (32): AEC271398440F9EB77562042D031F762BC6A5E170C7B689CE569B1352AD45BEB
[TLS] Written transcript to proofs/MSG_TLS_C26924C5.out, proofs/SIG_TLS_C26924C5.out and proofs/PK_TLS_C26924C5.der
Signature verification succeeds
[TLS] Server time: 1619759104
[TLS] client_random  (32): A2C1241A58AB3A361EB5C0AA12C78C96E3BCB26B117FD7ABB11D846897B46062
[TLS] sign_hash (32): 1DFB12F56199E3CBF0E8FC0A44D8A6C56A4CB21272D880C81D50DEE261168BAC
[TLS] Written transcript to proofs/MSG_TLS_A2C1241A.out, proofs/SIG_TLS_A2C1241A.out and proofs/PK_TLS_A2C1241A.der
Signature verification succeeds
[TLS] Server time: 1619759104
[TLS] client_random  (32): C944B1F91DAED9C21B57E2B98DC9560E12DA07237A2408D5E7423C02624C04F7
[TLS] sign_hash (32): DB2907928C80FC46D76F3B9CB89601F0F23A5AADDEB69021DC3B852E28F0A618
[TLS] Written transcript to proofs/MSG_TLS_C944B1F9.out, proofs/SIG_TLS_C944B1F9.out and proofs/PK_TLS_C944B1F9.der
Signature verification succeeds
[TLS] Server time: 1619759104
[TLS] client_random  (32): 84D16824EC3C2E5CF6A868C7708474D5F27900FC30FEF40AB15EB2C920AC1929
[TLS] sign_hash (32): 531737178B30764E76EA13E6B31960C9CB3D750F7EE1A346D150A7EF8B530737
[TLS] Written transcript to proofs/MSG_TLS_84D16824.out, proofs/SIG_TLS_84D16824.out and proofs/PK_TLS_84D16824.der
Signature verification succeeds
[TLS] Server time: 1619759104
[TLS] client_random  (32): 8751412C2E47D0D513FFF11A5294836ED7E11577EE7A210F1D54A426950F306F
[TLS] sign_hash (32): FE463EBC46439F320935B6FEC0726F8B0FC3AB4C72EC5339E6CCC6904190BD03
[TLS] Written transcript to proofs/MSG_TLS_8751412C.out, proofs/SIG_TLS_8751412C.out and proofs/PK_TLS_8751412C.der
Signature verification succeeds
[TLS] Server time: 1619759104
[TLS] client_random  (32): 6B6D708EBAC4BD4F07D89E0634419CBAF0FE3AF0282D3A1D8E468DFDA9A3013C
[TLS] sign_hash (32): 93A656E46AB16A283ECFFF1787FC3139A8AE66123571AF55DA5420970326F1A4
[TLS] Written transcript to proofs/MSG_TLS_6B6D708E.out, proofs/SIG_TLS_6B6D708E.out and proofs/PK_TLS_6B6D708E.der
Signature verification succeeds
[TLS] Server time: 1619759104
[TLS] client_random  (32): 5F2E2630A95F595F7DCED5F05407C499B9D16874887863E0A654828F1EA85A50
[TLS] sign_hash (32): 55E308ED141DF9459D967FB384B5A8E24DA707087589D0415E89A0E673992FD3
[TLS] Written transcript to proofs/MSG_TLS_5F2E2630.out, proofs/SIG_TLS_5F2E2630.out and proofs/PK_TLS_5F2E2630.der
Signature verification succeeds
[TLS] Server time: 1619759104
[TLS] client_random  (32): 9A5D0AF18A2878B5063A9B6CFFB86D3F3AB165F15F941FD5CC0FBA9239C07542
[TLS] sign_hash (32): 85F66188A33CA936F5DD3B8BFE440BAFC481293A38BF6A68AFE71CE9B474D4D0
[TLS] Written transcript to proofs/MSG_TLS_9A5D0AF1.out, proofs/SIG_TLS_9A5D0AF1.out and proofs/PK_TLS_9A5D0AF1.der
Signature verification succeeds
[TLS] Server time: 1619759104
[TLS] client_random  (32): B4E369D6ED830CA3537FB9604E20E7E8A4C4DFE9ACE2AAA2C080A75B115F2ACC
[TLS] sign_hash (32): D1907B1E1F5F11853BF023DAA147D74500CC0509D2E8D7EAF86E8D31861B5CAC
[TLS] Written transcript to proofs/MSG_TLS_B4E369D6.out, proofs/SIG_TLS_B4E369D6.out and proofs/PK_TLS_B4E369D6.der
Signature verification succeeds
[TLS] Server time: 1619759104
[TLS] client_random  (32): D871DAEE1BEAD1B379CA909A7B5619CEC905BC288E9F05E87C35401CEE4F09BC
[TLS] sign_hash (32): 7459E464F850079DA924240F795C23AB50E457BFD9CDD0FBE20E72E29D7B9F31
[TLS] Written transcript to proofs/MSG_TLS_D871DAEE.out, proofs/SIG_TLS_D871DAEE.out and proofs/PK_TLS_D871DAEE.der
Signature verification succeeds
[TLS] Server time: 1619759104
[TLS] client_random  (32): 9EAAAE7B380BA0E99D185CF078B839614FA306D1A14BC4EBBB290BF9D789521A
[TLS] sign_hash (32): AF39C42FF99A2307EED84714DD9FCE0AF529FF0276E423D81F167F2E963C47EF
[TLS] Written transcript to proofs/MSG_TLS_9EAAAE7B.out, proofs/SIG_TLS_9EAAAE7B.out and proofs/PK_TLS_9EAAAE7B.der
Signature verification succeeds
[TLS] Server time: 1619759104
[TLS] client_random  (32): A502C85B4840F3B7FB0F64036D4509582600320FE520CEE6CD20BCDCB52BE8F9
[TLS] sign_hash (32): 1C56D7A61CC59E9D54D6CBBB7DEF0F7A0B6DB7AE5B5B01D1382E8B2AFD01940F
[TLS] Written transcript to proofs/MSG_TLS_A502C85B.out, proofs/SIG_TLS_A502C85B.out and proofs/PK_TLS_A502C85B.der
Signature verification succeeds
[TLS] Server time: 1619759104
[TLS] client_random  (32): 335C1FDE478ED72D80B3988600442B84C7DF8759022664B0547830A05185E447
[TLS] sign_hash (32): F1163BE2219E01246775C6494F54CC5B28D8071303B7BA2906BD365A5E725B50
[TLS] Written transcript to proofs/MSG_TLS_335C1FDE.out, proofs/SIG_TLS_335C1FDE.out and proofs/PK_TLS_335C1FDE.der
Signature verification succeeds
[TLS] Server time: 1619759104
[TLS] client_random  (32): A3F4C020B38127FE26E2039FFC1EF6EE79F141CC0AEAA5112752CA0EFA0E1815
[TLS] sign_hash (32): 4149429812D89361BE7B88F79357CF63E7317E509E6BC8F0178380BF80D8987B
[TLS] Written transcript to proofs/MSG_TLS_A3F4C020.out, proofs/SIG_TLS_A3F4C020.out and proofs/PK_TLS_A3F4C020.der
Signature verification succeeds
[TLS] Server time: 1619759104
[TLS] client_random  (32): 1D78672DE1C493455995412A9E470906A5C3E8D852364F304073D450C7D871A8
[TLS] sign_hash (32): 4BD7D52235F62A3EFBD71D5D56F1D432602EB28D7C237B131AFA9543C1A1BA79
[TLS] Written transcript to proofs/MSG_TLS_1D78672D.out, proofs/SIG_TLS_1D78672D.out and proofs/PK_TLS_1D78672D.der
Signature verification succeeds
[TLS] Server time: 1619759104
[TLS] client_random  (32): EDEE26AD726279F5A0546C4A47209404C2C2717FF0D13727E77377E864F51584
[TLS] sign_hash (32): 3F9BF3953D657C2C2277C9533CB47A27E58E11FE7856C7397F7A660CD45D8E07
[TLS] Written transcript to proofs/MSG_TLS_EDEE26AD.out, proofs/SIG_TLS_EDEE26AD.out and proofs/PK_TLS_EDEE26AD.der
Signature verification succeeds
[TLS] Server time: 1619759104
[TLS] client_random  (32): AD20762D37DBEC5367CCD3589430FE9E83F0B623C34D5F76E5BA7CBCCB84ACFF
[TLS] sign_hash (32): 83A7FC0420A5F6ECA3693B745725C2F3E5D81271ECF6E4E6303DB01450B85085
[TLS] Written transcript to proofs/MSG_TLS_AD20762D.out, proofs/SIG_TLS_AD20762D.out and proofs/PK_TLS_AD20762D.der
Signature verification succeeds
[TLS] Server time: 1619759104
[TLS] client_random  (32): E1C2A676B2D3565E17BBC024B4F7E04760697D3EE0F7419B5D21C6811064A332
[TLS] sign_hash (32): 648EEF2668ACB1F5CF26522AE3CECFEEA4DCB500834D75ADF7FD7353C3FE1C46
[TLS] Written transcript to proofs/MSG_TLS_E1C2A676.out, proofs/SIG_TLS_E1C2A676.out and proofs/PK_TLS_E1C2A676.der
Signature verification succeeds
[TLS] Server time: 1619759104
[TLS] client_random  (32): D4D3D1585F662FBFF842B5F8E3FB95FA4C3774C4C935E08BC00AAF4E6F287326
[TLS] sign_hash (32): FB74D84AE1122C071E1111C74AA5DA9F878268DD190FEEB2904D3E68213C2CBD
[TLS] Written transcript to proofs/MSG_TLS_D4D3D158.out, proofs/SIG_TLS_D4D3D158.out and proofs/PK_TLS_D4D3D158.der
Signature verification succeeds
[TLS] Server time: 1619759104
[TLS] client_random  (32): B09C2D82FD56F0058BC84A9B8F2C96D1473EFBF1949F33827DB6F3BA02C64DEB
[TLS] sign_hash (32): C9361C4AF7A730DD0AB14D6D6010221ADC702603F5B4807ED85D19EF80F7353F
[TLS] Written transcript to proofs/MSG_TLS_B09C2D82.out, proofs/SIG_TLS_B09C2D82.out and proofs/PK_TLS_B09C2D82.der
Signature verification succeeds
[TLS] Server time: 1619759104
[TLS] client_random  (32): A1C352F71C5D09D9D7F77F028811D0FB628096204359C09B320A949B95439C4F
[TLS] sign_hash (32): D8E0715FF5AC0A47DA467015B600D349E7D4B140A2C0B17929D5F92443C3F606
[TLS] Written transcript to proofs/MSG_TLS_A1C352F7.out, proofs/SIG_TLS_A1C352F7.out and proofs/PK_TLS_A1C352F7.der
Signature verification succeeds
[TLS] Server time: 1619759104
[TLS] client_random  (32): 112EE81641F76A9F051C43D4886AB1DDD76876B5FBC0134106F97A86CA982B79
[TLS] sign_hash (32): D1403CCA867B9A30F3C8AA72192C804E57F2E49680E2DF4C3EF1F63A455C85FC
[TLS] Written transcript to proofs/MSG_TLS_112EE816.out, proofs/SIG_TLS_112EE816.out and proofs/PK_TLS_112EE816.der
Signature verification succeeds
[TLS] Server time: 1619759104
[TLS] client_random  (32): C04FE3C7880069786EE0993DAC6F3DE5DD6D53B1885DD22C7388AF3607D2A58F
[TLS] sign_hash (32): 278869F3F636E7A5361A8386E4B14958701E6EB3CB4E0CF4139F1074731F7B07
[TLS] Written transcript to proofs/MSG_TLS_C04FE3C7.out, proofs/SIG_TLS_C04FE3C7.out and proofs/PK_TLS_C04FE3C7.der
Signature verification succeeds
[TLS] Server time: 1619759104
[TLS] client_random  (32): A08ACBD8C1AE99033C8D6C0126AB9577FC2FEFEE398473F0A19DF77D85C98B1D
[TLS] sign_hash (32): B0C6DD0835E3BE4435FD5114AFC4CE9D9B643D7E4EC9CC7534FA6D8C04725067
[TLS] Written transcript to proofs/MSG_TLS_A08ACBD8.out, proofs/SIG_TLS_A08ACBD8.out and proofs/PK_TLS_A08ACBD8.der
Signature verification succeeds
[TLS] Server time: 1619759104
[TLS] client_random  (32): 97C37A47C40A91AE52DA98C9FFEF28AF10590BDCA76653D20A9FEE90CE0CBEB1
[TLS] sign_hash (32): 9B8D043622D43D856F8E742A994655CF9CC136C2342154B224FCC10830AEBEEF
[TLS] Written transcript to proofs/MSG_TLS_97C37A47.out, proofs/SIG_TLS_97C37A47.out and proofs/PK_TLS_97C37A47.der
Signature verification succeeds
[TLS] Server time: 1619759104
[TLS] client_random  (32): A260C531CFC5B95C536BD2A806FC6C1136728CD318BE662C57FF75FC5DFFEB7A
[TLS] sign_hash (32): 02FDB05122C4747A4E6802020D0FC724B138F8948D623C2448A580BC50768DFB
[TLS] Written transcript to proofs/MSG_TLS_A260C531.out, proofs/SIG_TLS_A260C531.out and proofs/PK_TLS_A260C531.der
Signature verification succeeds
[TLS] Server time: 1619759104
[TLS] client_random  (32): 8A340989EBB5F66ECA2CF9EEF778669EEE5DB5C0DB571C91F06094988D0227B9
[TLS] sign_hash (32): 5E3E7D4B5F7DD3A134C86E134368D3DACE1B5E4F3AB9D7EDCB02D70F53B7B47D
[TLS] Written transcript to proofs/MSG_TLS_8A340989.out, proofs/SIG_TLS_8A340989.out and proofs/PK_TLS_8A340989.der
Signature verification succeeds
[TLS] Server time: 1619759104
[TLS] client_random  (32): 7C1CC1F308E05F45F9563D1C51B0219371021A00D9ECB0CB38B4D1DA920964DD
[TLS] sign_hash (32): 2DE037835D32D76D0438EE8789240720FCB52909142A8A84278F6A8A0CFC7C4C
[TLS] Written transcript to proofs/MSG_TLS_7C1CC1F3.out, proofs/SIG_TLS_7C1CC1F3.out and proofs/PK_TLS_7C1CC1F3.der
Signature verification succeeds
[TLS] Server time: 1619759104
[TLS] client_random  (32): FBA993367B1F0C2FF1C1DCB2EB66303FBBC58356F3090CC96292FDDEE45D5466
[TLS] sign_hash (32): 400BC6011888EF1F0BCEDF0388671DF934737124C51FCAFA0E2C708CD1E1E7EB
[TLS] Written transcript to proofs/MSG_TLS_FBA99336.out, proofs/SIG_TLS_FBA99336.out and proofs/PK_TLS_FBA99336.der
Signature verification succeeds
[TLS] Server time: 1619759104
[TLS] client_random  (32): 28ED43487844947BC121EFDE162E1FEE0632BB59971177E42D3914ED05605E1F
[TLS] sign_hash (32): 8F4C467137D00D29BCCCE6FED807B91630BD505BA5D590A8D2411266C3CACFB1
[TLS] Written transcript to proofs/MSG_TLS_28ED4348.out, proofs/SIG_TLS_28ED4348.out and proofs/PK_TLS_28ED4348.der
Signature verification succeeds
[TLS] Server time: 1619759104
[TLS] client_random  (32): C39D369B49F2DEE4AC04E26BB4E89C0B3A5FA56B0E81532290AC681ABF763166
[TLS] sign_hash (32): FCC9CEE615098785BC9F3BABE54EDD30EAAD645FB50225B327CCDC902C8CB7F8
[TLS] Written transcript to proofs/MSG_TLS_C39D369B.out, proofs/SIG_TLS_C39D369B.out and proofs/PK_TLS_C39D369B.der
Signature verification succeeds
[TLS] Server time: 1619759104
[TLS] client_random  (32): 962B41D88CA9CAC764A5AAB3BF26893E06A4EC98E630D9F91A80D31DA48E6EF0
[TLS] sign_hash (32): 98643853103FA97E29825228BF9AC92752C49B874661A2ED0BDFE06FEF2F1C39
[TLS] Written transcript to proofs/MSG_TLS_962B41D8.out, proofs/SIG_TLS_962B41D8.out and proofs/PK_TLS_962B41D8.der
Signature verification succeeds
[TLS] Server time: 1619759104
[TLS] client_random  (32): 7CF7BD1E093CDE3BAD81AAF82C88B10DA1B6C4D921F83E21A9AE2FD036EFCBD1
[TLS] sign_hash (32): 21E74E7D3FEB6F899EFB165E275EA487AE6D6CC997F6E03916577F1C1F712C82
[TLS] Written transcript to proofs/MSG_TLS_7CF7BD1E.out, proofs/SIG_TLS_7CF7BD1E.out and proofs/PK_TLS_7CF7BD1E.der
Signature verification succeeds
[TLS] Server time: 1619759104
[TLS] client_random  (32): E7E0A571EE07EF946AE260C6FC03CA767154481189D86DE84300AC04257692F5
[TLS] sign_hash (32): 75A079FD04DF4F65E305094E076FF245BE8C8C5705BCC8019969C877139E42BE
[TLS] Written transcript to proofs/MSG_TLS_E7E0A571.out, proofs/SIG_TLS_E7E0A571.out and proofs/PK_TLS_E7E0A571.der
Signature verification succeeds
[TLS] Server time: 1619759104
[TLS] client_random  (32): FB1326EFC99D86521EBAA71E0289320461DC5713782C71E889DC3DCE2CC9F2BD
[TLS] sign_hash (32): 5AC5C4D8E34A36673FC0FF701C9227C4BAC386A38E5C758630CEFF8B15E0C1E9
[TLS] Written transcript to proofs/MSG_TLS_FB1326EF.out, proofs/SIG_TLS_FB1326EF.out and proofs/PK_TLS_FB1326EF.der
Signature verification succeeds
[TLS] Server time: 1619759104
[TLS] client_random  (32): 8FFE490BD77ADC748D05023C1805F615D84F46AA05AA21096EA7D7F32E7A362B
[TLS] sign_hash (32): DD6F74D5EF67F2C0C218FBD6FD701E05D9B7FBF63E12E1EE83CAAB9A66C30FB8
[TLS] Written transcript to proofs/MSG_TLS_8FFE490B.out, proofs/SIG_TLS_8FFE490B.out and proofs/PK_TLS_8FFE490B.der
Signature verification succeeds
[TLS] Server time: 1619759104
[TLS] client_random  (32): 6E9CF89E08DC909D25E53F4CEC10574D702FD2B344F89509C0C6A325E2B552B0
[TLS] sign_hash (32): C6EB8FE2D232A13F46B42AFC82344A367FA0C662AFC0A71FFE3BF6DF8A5644D6
[TLS] Written transcript to proofs/MSG_TLS_6E9CF89E.out, proofs/SIG_TLS_6E9CF89E.out and proofs/PK_TLS_6E9CF89E.der
Signature verification succeeds
[TLS] Server time: 1619759104
[TLS] client_random  (32): 03D4828ADBBF49E7AE692B8645C841350C09A26FF75632A04626599C4599C0D4
[TLS] sign_hash (32): ECA630CE2BC7E76E02365EEF224A8AD185497159BE77EDB84DF1625E330A6736
[TLS] Written transcript to proofs/MSG_TLS_03D4828A.out, proofs/SIG_TLS_03D4828A.out and proofs/PK_TLS_03D4828A.der
Signature verification succeeds
[TLS] Server time: 1619759104
[TLS] client_random  (32): 9A6A4EE7B65DC1E0DC81BFA20404AA59B947D6B13E8A3118330F76ABA495C2DC
[TLS] sign_hash (32): 7B6F0368A6CF1875B69E2C56E38631668ABB9F247E57DEADE4CE8986AE5FD758
[TLS] Written transcript to proofs/MSG_TLS_9A6A4EE7.out, proofs/SIG_TLS_9A6A4EE7.out and proofs/PK_TLS_9A6A4EE7.der
Signature verification succeeds
[TLS] Server time: 1619759104
[TLS] client_random  (32): 6427C8D296902FB77663670B58986C38447DBF299727472D07A0BA6CD1E736F4
[TLS] sign_hash (32): 65F26C0644DCA1AD488CAF0128E8974D7ABB050EDAAB9CF940778CD0098154A8
[TLS] Written transcript to proofs/MSG_TLS_6427C8D2.out, proofs/SIG_TLS_6427C8D2.out and proofs/PK_TLS_6427C8D2.der
Signature verification succeeds
[TLS] Server time: 1619759104
[TLS] client_random  (32): F9D01F52CFD135C72931EC7AA18A2EB28F4E8F1446CEB7C75752253ED00D964C
[TLS] sign_hash (32): 4F1E45EC3D32901645C9A7A18F147213794872F25368CF426AA30091472A610B
[TLS] Written transcript to proofs/MSG_TLS_F9D01F52.out, proofs/SIG_TLS_F9D01F52.out and proofs/PK_TLS_F9D01F52.der
Signature verification succeeds
[TLS] Server time: 1619759104
[TLS] client_random  (32): 86ECAC9BF613DAC0084B05EEDC224B095BE06D39E37BB81C75E79570D1900A35
[TLS] sign_hash (32): 802256691CD5C8C7E4CA87EC0C1D209F667DD38E2CE9061672CA4F9F70DCC016
[TLS] Written transcript to proofs/MSG_TLS_86ECAC9B.out, proofs/SIG_TLS_86ECAC9B.out and proofs/PK_TLS_86ECAC9B.der
Signature verification succeeds
[TLS] Server time: 1619759104
[TLS] client_random  (32): E05AC16A7132EAAD58C58469A13139059E769DF0B92347D8B6A12D0197DFC2F0
[TLS] sign_hash (32): 33115E7DCB783EEA4E179B097364C0959120752A8B86A04354FAE5C13222AB9E
[TLS] Written transcript to proofs/MSG_TLS_E05AC16A.out, proofs/SIG_TLS_E05AC16A.out and proofs/PK_TLS_E05AC16A.der
Signature verification succeeds
[TLS] Server time: 1619759104
[TLS] client_random  (32): 9903B4154571DB736B232CF94296399843A02DC65BEF1064AB9C340736EF65C7
[TLS] sign_hash (32): 9797DDB599AA1810E0FF9ED5FDCE8BFE249801A7A005BED2F4DE73A997291179
[TLS] Written transcript to proofs/MSG_TLS_9903B415.out, proofs/SIG_TLS_9903B415.out and proofs/PK_TLS_9903B415.der
Signature verification succeeds
[TLS] Server time: 1619759104
[TLS] client_random  (32): A542BCFCB0BB007016E9922030B65A20E211FEE58DF2A35F05D40C82E0634BDD
[TLS] sign_hash (32): BA31DB6D55FBB834C4759BB4C34E0DF00942C36F8FAC9AB267476D2B46B0F66A
[TLS] Written transcript to proofs/MSG_TLS_A542BCFC.out, proofs/SIG_TLS_A542BCFC.out and proofs/PK_TLS_A542BCFC.der
Signature verification succeeds
[TLS] Server time: 1619759104
[TLS] client_random  (32): 1900414EB68675B07428608D728F433872AE446C8B3D8FB513A204384C285470
[TLS] sign_hash (32): 371533BE23E1E11DE40109C9A0439757CC7FDAFA199836536E33D46DD8C002E8
[TLS] Written transcript to proofs/MSG_TLS_1900414E.out, proofs/SIG_TLS_1900414E.out and proofs/PK_TLS_1900414E.der
Signature verification succeeds
[TLS] Server time: 1619759104
[TLS] client_random  (32): B3FA630115250F12CE7FDD373FE842C0C154139857C83D03E9E68C0279B9AE4A
[TLS] sign_hash (32): 05FA72B24B463E98E86BE752319786FA80699B67F3A685E1EF40004A7E87FC4B
[TLS] Written transcript to proofs/MSG_TLS_B3FA6301.out, proofs/SIG_TLS_B3FA6301.out and proofs/PK_TLS_B3FA6301.der
Signature verification succeeds
[TLS] Server time: 1619759104
[TLS] client_random  (32): 9D2EAF0445F77D73A045A01B8D205E8565765DEDEF1A86888EDA6288C51247DE
[TLS] sign_hash (32): 706B9D4F286DD5603F26F5F2CB9D618C9BA908966926C21507C0C4EFCDE48CAA
[TLS] Written transcript to proofs/MSG_TLS_9D2EAF04.out, proofs/SIG_TLS_9D2EAF04.out and proofs/PK_TLS_9D2EAF04.der
Signature verification succeeds
[TLS] Server time: 1619759104
[TLS] client_random  (32): 515D8DF4F161B55041A48603EBC1391EDDF50D85F7C338CA683AC39C19120188
[TLS] sign_hash (32): 1208AF2706BE77FF096172A2A3477EDFE923D94BAEBF6DF5A3F78C32CCA2BE62
[TLS] Written transcript to proofs/MSG_TLS_515D8DF4.out, proofs/SIG_TLS_515D8DF4.out and proofs/PK_TLS_515D8DF4.der
Signature verification succeeds
[TLS] Server time: 1619759104
[TLS] client_random  (32): CC1906EEBE951F5D0C6EB763884EF131AF966F86468CD42E9ABE03781CDCB097
[TLS] sign_hash (32): F801CAB5FD623F5386A784CD4684E163F85E50E70268F96E02D83A6E6B372844
[TLS] Written transcript to proofs/MSG_TLS_CC1906EE.out, proofs/SIG_TLS_CC1906EE.out and proofs/PK_TLS_CC1906EE.der
Signature verification succeeds
[TLS] Server time: 1619759104
[TLS] client_random  (32): BB3B76ACF48CE469D3F6BF4F7366801F8E34FA03DCB992DF6CAE730EDBED76B3
[TLS] sign_hash (32): 8E6FDC4B1985CAE270EC18187E07C96195653F87DD50E9BD8AE68BB1FDCD4DA9
[TLS] Written transcript to proofs/MSG_TLS_BB3B76AC.out, proofs/SIG_TLS_BB3B76AC.out and proofs/PK_TLS_BB3B76AC.der
Signature verification succeeds
[TLS] Server time: 1619759104
[TLS] client_random  (32): 88F4ADB271A8B9ED6839FBCE300419741A6AFE8BC80E9A2AAEE3AAA19CE2021C
[TLS] sign_hash (32): B0B6C183F37236A6627E69DC2618E0708D8BADE452ACF8AA8B833D46A7C5A28C
[TLS] Written transcript to proofs/MSG_TLS_88F4ADB2.out, proofs/SIG_TLS_88F4ADB2.out and proofs/PK_TLS_88F4ADB2.der
Signature verification succeeds
[TLS] Server time: 1619759104
[TLS] client_random  (32): B964E7D336961F93EAD7FB14B6A579255D5DB1BB85663F67684BFF2E0CCC8D3E
[TLS] sign_hash (32): 8E1B8835B9568B1EDB48ECD86B04A1E1A3507E4185EAEEA2C9CDCC226F804791
[TLS] Written transcript to proofs/MSG_TLS_B964E7D3.out, proofs/SIG_TLS_B964E7D3.out and proofs/PK_TLS_B964E7D3.der
Signature verification succeeds
[TLS] Server time: 1619759104
[TLS] client_random  (32): 28AC2F09CD81196D6D3263F7BB85FE41A8A1C8B16666B2A16CA2309CF5826BB3
[TLS] sign_hash (32): 533D6CF95B981B12C8C3DF78AD8D8C7CBD8A16931162D0BFAB46BD943C591E22
[TLS] Written transcript to proofs/MSG_TLS_28AC2F09.out, proofs/SIG_TLS_28AC2F09.out and proofs/PK_TLS_28AC2F09.der
Signature verification succeeds
[TLS] Server time: 1619759104
[TLS] client_random  (32): 639453DA5BA38C97465E2108906204B884F85B9AE7BCB1A239F268E795441615
[TLS] sign_hash (32): A455DDA6D298B780BFE2B94503BD3BE82E7FD6797C7A1171B8E4BD19794CC202
[TLS] Written transcript to proofs/MSG_TLS_639453DA.out, proofs/SIG_TLS_639453DA.out and proofs/PK_TLS_639453DA.der
Signature verification succeeds
[TLS] Server time: 1619759104
[TLS] client_random  (32): 4D6E664B7038ABB01C3359F2F670E7E243E723647D08B6D1D9E0FB9C9E7DF060
[TLS] sign_hash (32): D48F095C8B51F05B0A55A1040662D88F9DB99338F589BE2215D456E7A9851A3E
[TLS] Written transcript to proofs/MSG_TLS_4D6E664B.out, proofs/SIG_TLS_4D6E664B.out and proofs/PK_TLS_4D6E664B.der
Signature verification succeeds
[TLS] Server time: 1619759104
[TLS] client_random  (32): D97C0BC42283525E510E4EC0A96A7FCD56AB8AA95DACFBBFDC0DED2965EF06D2
[TLS] sign_hash (32): D4647A314C36206768722AC882AA5B7C99D4CEBE0F3F314382FB6F4B290D6053
[TLS] Written transcript to proofs/MSG_TLS_D97C0BC4.out, proofs/SIG_TLS_D97C0BC4.out and proofs/PK_TLS_D97C0BC4.der
Signature verification succeeds
[TLS] Server time: 1619759104
[TLS] client_random  (32): 001D51088CB9277D0CF67B48996E25A25FC199009525AC84E7F6B4A9CCF12CB4
[TLS] sign_hash (32): 909A10E20BA1AC71FEC27B0EEC06A64003D6ED3E3FD51BDE7D88785A6341D3FA
[TLS] Written transcript to proofs/MSG_TLS_001D5108.out, proofs/SIG_TLS_001D5108.out and proofs/PK_TLS_001D5108.der
Signature verification succeeds
[TLS] Server time: 1619759104
[TLS] client_random  (32): 39E997F3B420DCC8E9E4ADDACC166952C35E062E60BEA99BB250EEE1840FB06D
[TLS] sign_hash (32): 21EC5F52728D4323DA20718FA61DE5973C3E74CD0D13BBDB76C28E734A1A74A4
[TLS] Written transcript to proofs/MSG_TLS_39E997F3.out, proofs/SIG_TLS_39E997F3.out and proofs/PK_TLS_39E997F3.der
Signature verification succeeds
[TLS] Server time: 1619759104
[TLS] client_random  (32): 1B0A34ABAEAB1F681889A1255A91D45CADFBD34C4EEAF31B58FF4A8060ACE6A0
[TLS] sign_hash (32): 934A22525B2B75C41E2369E4F7FD11E4777D5433CFAA7B02E043FD436D8EB8C9
[TLS] Written transcript to proofs/MSG_TLS_1B0A34AB.out, proofs/SIG_TLS_1B0A34AB.out and proofs/PK_TLS_1B0A34AB.der
Signature verification succeeds
[TLS] Server time: 1619759104
[TLS] client_random  (32): 3C2A5CDB7801CB617A041DF79CE037057A559F655C46ABE49896921044F81630
[TLS] sign_hash (32): CA00B2E59CBC3FC78269E0A399910E7A78ABDEC619076913DB47D43D84B5CBFA
[TLS] Written transcript to proofs/MSG_TLS_3C2A5CDB.out, proofs/SIG_TLS_3C2A5CDB.out and proofs/PK_TLS_3C2A5CDB.der
Signature verification succeeds
[TLS] Server time: 1619759104
[TLS] client_random  (32): A2841C4CD082176018C9B85C55999E9D34D6ED79D686310BA6D693171B33B5EC
[TLS] sign_hash (32): 1CD1373C5FDD65AD6F4EFEF6A19248A71942780E8445B4DD780638C657778A5D
[TLS] Written transcript to proofs/MSG_TLS_A2841C4C.out, proofs/SIG_TLS_A2841C4C.out and proofs/PK_TLS_A2841C4C.der
Signature verification succeeds
[TLS] Server time: 1619759104
[TLS] client_random  (32): 86073A0EE0F844EF24B363B762B535AFFAC109B7058CD7A9AC59F71E07BAFE41
[TLS] sign_hash (32): 6A734A8F5C28C8E53ACCDDFE5D1110A4223F9E2307964C5DD30188B74A9469B5
[TLS] Written transcript to proofs/MSG_TLS_86073A0E.out, proofs/SIG_TLS_86073A0E.out and proofs/PK_TLS_86073A0E.der
Signature verification succeeds
Time breakdown (averages): anchor_ping:24.453974 file_read:0.135920 hashing:0.470605
Total time for 119 rounds is 3006.660834ms
Standard deviations: anchor_ping:105.985447 file_read:0.013940 hashing:0.004490
[Client-side ops] mean:0.606526 sd:0.014653
in & out anchor rand written to proofs/phase1.out
     16 [TLS] Server time: 1619759101
     33 [TLS] Server time: 1619759102
      1 [TLS] Server time: 1619759103
     70 [TLS] Server time: 1619759104
Count is 16
Count is 33
Count is 1
Count is 70
success: 1
RESULT: 1 in 1 tries
