TLS anchor: sruc.ac.uk
Actual: 58, Set: 119
Beginning execution at Tue May 4 19:35:01 UTC 2021
CONF: anchor:sruc.ac.uk fs:1024MB n_rounds:119 seed:5c9f4bf9bbc15bb855f82faedc5a52fc3ab2dfa8ec3ba3ce1b270f31fa0cced2 filename:FILE bs:1024 nops:100 benchmarking:0 anchor_ping:1 queue_depth:32 direct:0
[TLS] Connecting to sruc.ac.uk
[TLS] Server time: 1620156901
[TLS] client_random  (32): 5C9F4BF9BBC15BB855F82FAEDC5A52FC3AB2DFA8EC3BA3CE1B270F31FA0CCED2
[TLS] sign_hash (32): AD3036C01D1886C854FF79F86023F8558F72E413C834DDE683155F6C472FCC50
[TLS] Written transcript to proofs/MSG_TLS_5C9F4BF9.out, proofs/SIG_TLS_5C9F4BF9.out and proofs/PK_TLS_5C9F4BF9.der
Signature verification succeeds
[TLS] Server time: 1620156901
[TLS] client_random  (32): 7F58B8467F318BEB9B15CFD9D56330913C6CB0DB7903091F7B651A6B6E13BA7E
[TLS] sign_hash (32): 7D641A4CF0543BDEF6532FB4E7AC9C110A48D9F8CB42CDAD75FAC50C3A11559B
[TLS] Written transcript to proofs/MSG_TLS_7F58B846.out, proofs/SIG_TLS_7F58B846.out and proofs/PK_TLS_7F58B846.der
Signature verification succeeds
[TLS] Server time: 1620156902
[TLS] client_random  (32): 252008E955557A461E318D36B4AC89E4DA2B287FDD0A7A8902A41F687C9E6B3C
[TLS] sign_hash (32): 449B66F96F1A04C6B7C7429A8F94A4F18CB8D239E895CC1EEA80A3E96BF04092
[TLS] Written transcript to proofs/MSG_TLS_252008E9.out, proofs/SIG_TLS_252008E9.out and proofs/PK_TLS_252008E9.der
Signature verification succeeds
[TLS] Server time: 1620156902
[TLS] client_random  (32): 346F2EB1CD695ED90F26F2A7DE371394EC833500EBF8E76D01A69BE310D0FD75
[TLS] sign_hash (32): BB62670C40EA190DEE35A6D94EE5BF1888C36C460228A95A35F5CBBA2C79DF03
[TLS] Written transcript to proofs/MSG_TLS_346F2EB1.out, proofs/SIG_TLS_346F2EB1.out and proofs/PK_TLS_346F2EB1.der
Signature verification succeeds
[TLS] Server time: 1620156902
[TLS] client_random  (32): AB832ED5BA26F46651688BA33BE0200871C71A8F5ADB5B01E4AA6D816998CB56
[TLS] sign_hash (32): 33BA02EF6326C0718508012D911DB5B03DCAFCB17B97006A2D79C78BDC6DD709
[TLS] Written transcript to proofs/MSG_TLS_AB832ED5.out, proofs/SIG_TLS_AB832ED5.out and proofs/PK_TLS_AB832ED5.der
Signature verification succeeds
[TLS] Server time: 1620156902
[TLS] client_random  (32): 0C1FF5AB023CD956FFCD79DFDCC055E634FAB83F14863546455E3BC12BF308E1
[TLS] sign_hash (32): F64F47D4943E8D2C208A7A4E2A9CCB02DBE43D1AC031512931063E6B517AF1B4
[TLS] Written transcript to proofs/MSG_TLS_0C1FF5AB.out, proofs/SIG_TLS_0C1FF5AB.out and proofs/PK_TLS_0C1FF5AB.der
Signature verification succeeds
[TLS] Server time: 1620156902
[TLS] client_random  (32): FEA3AED40E0B409E7A13BD4C3508CE2B6B0149B77A503A5F73AA1C38A5762E6D
[TLS] sign_hash (32): F0F974939DABBEE26276151DC530D8E4D93B9CB306756EBCC2E732E5F015838B
[TLS] Written transcript to proofs/MSG_TLS_FEA3AED4.out, proofs/SIG_TLS_FEA3AED4.out and proofs/PK_TLS_FEA3AED4.der
Signature verification succeeds
[TLS] Server time: 1620156902
[TLS] client_random  (32): D29E12879697FA46C57BBB73F771547596699A3C8A8A88365DEC943AFF524A53
[TLS] sign_hash (32): FCA71C241AAC66208DF47B49DB4C690F32C316F3386BD59E5CFDAA0894D6E0BB
[TLS] Written transcript to proofs/MSG_TLS_D29E1287.out, proofs/SIG_TLS_D29E1287.out and proofs/PK_TLS_D29E1287.der
Signature verification succeeds
[TLS] Server time: 1620156902
[TLS] client_random  (32): 180C6BED73F3F3EBB93181269F0760D3A72D9B7C79CD5B85571275D6448E5312
[TLS] sign_hash (32): A48536176A5EE29D59A9820C437FEEDD1AC62AE80108811DCF84DBFFB385E67D
[TLS] Written transcript to proofs/MSG_TLS_180C6BED.out, proofs/SIG_TLS_180C6BED.out and proofs/PK_TLS_180C6BED.der
Signature verification succeeds
[TLS] Server time: 1620156902
[TLS] client_random  (32): FE14E5AC424EB5DD4EDF7799EDD7111C4BEA0CF57ED92C103268C44F95DF2693
[TLS] sign_hash (32): DCDF64C6713B651DD754B812BBECA9DE9960F0AB9A2478048BC0E8310CF8B02C
[TLS] Written transcript to proofs/MSG_TLS_FE14E5AC.out, proofs/SIG_TLS_FE14E5AC.out and proofs/PK_TLS_FE14E5AC.der
Signature verification succeeds
[TLS] Server time: 1620156902
[TLS] client_random  (32): EEDDE75CB658BE99E045EE6722F62CB443448B23901F47091D3B30C4A905AB4D
[TLS] sign_hash (32): 0A8D98A21A8EE8AFE169F81209ABF0F340D6EEC2C9BA0F4F1277D759DFF51BB9
[TLS] Written transcript to proofs/MSG_TLS_EEDDE75C.out, proofs/SIG_TLS_EEDDE75C.out and proofs/PK_TLS_EEDDE75C.der
Signature verification succeeds
[TLS] Server time: 1620156902
[TLS] client_random  (32): A0D4D2C3E324E1D522BEAC17C197E935EB4CF5F4334151909C877002164EE487
[TLS] sign_hash (32): 08145B4C40178B80CD900C2262BA7BF338172C758AFA5D967867EB1FC0B7CD9E
[TLS] Written transcript to proofs/MSG_TLS_A0D4D2C3.out, proofs/SIG_TLS_A0D4D2C3.out and proofs/PK_TLS_A0D4D2C3.der
Signature verification succeeds
[TLS] Server time: 1620156902
[TLS] client_random  (32): AFB8E68134A928CE49B63ABC8FA58C91981FEF2CCE418A21498A5935EECCBD95
[TLS] sign_hash (32): 78697E07A14E43F2152D70CA5A4AC23E7C0D44CCEFB884E2527D9BCC95EDB7CF
[TLS] Written transcript to proofs/MSG_TLS_AFB8E681.out, proofs/SIG_TLS_AFB8E681.out and proofs/PK_TLS_AFB8E681.der
Signature verification succeeds
[TLS] Server time: 1620156902
[TLS] client_random  (32): 70EEB2199BBF727CEA9EB4822595FE9F2D2F0D0CE774BC358668E18C726F21AA
[TLS] sign_hash (32): E7EC80F54C714461B02FA28B8937995D930F687B92A16E2974B22543B5F36DBD
[TLS] Written transcript to proofs/MSG_TLS_70EEB219.out, proofs/SIG_TLS_70EEB219.out and proofs/PK_TLS_70EEB219.der
Signature verification succeeds
[TLS] Server time: 1620156902
[TLS] client_random  (32): 95E6B8F0ABF4221E7F0A1B7457705FBB5E94AC3B4C3B97D426610E1B1A946152
[TLS] sign_hash (32): BE4211EF5DB09CA864DB49CBBBC088B54B7044EBF0BCEFCC4F3502C2E7715ED1
[TLS] Written transcript to proofs/MSG_TLS_95E6B8F0.out, proofs/SIG_TLS_95E6B8F0.out and proofs/PK_TLS_95E6B8F0.der
Signature verification succeeds
[TLS] Server time: 1620156902
[TLS] client_random  (32): E187079F9C325312C1B6E73ADE7CC2F03428C044431A2841B72288429C63A405
[TLS] sign_hash (32): 33DD4BC6901560D69FF7855B9F40F36ED94027E0BC6B90905BA69BFB360D4F66
[TLS] Written transcript to proofs/MSG_TLS_E187079F.out, proofs/SIG_TLS_E187079F.out and proofs/PK_TLS_E187079F.der
Signature verification succeeds
[TLS] Server time: 1620156902
[TLS] client_random  (32): C6489723A9DD5551984A1BF86C0C17505B4A7376930794F917EE07881A191809
[TLS] sign_hash (32): CCBADC42DC6141E5B040C04DD0E68EB69DE6850F158544C561D3F6C49101E81E
[TLS] Written transcript to proofs/MSG_TLS_C6489723.out, proofs/SIG_TLS_C6489723.out and proofs/PK_TLS_C6489723.der
Signature verification succeeds
[TLS] Server time: 1620156902
[TLS] client_random  (32): 78BEE4CAB641B70D49F971DA29C763A3C113F135AD3CDA0C23225350CBF476B7
[TLS] sign_hash (32): 79D03BD3287B72132774DC23C8CD92FC623EF84E4245DA9973C79C61F51A2B78
[TLS] Written transcript to proofs/MSG_TLS_78BEE4CA.out, proofs/SIG_TLS_78BEE4CA.out and proofs/PK_TLS_78BEE4CA.der
Signature verification succeeds
[TLS] Server time: 1620156902
[TLS] client_random  (32): 9FA047612E46857AFDBA37CD21AB99D69B8018DE38CFE8701541A5CF6DA4CE7C
[TLS] sign_hash (32): 1F1C965B3D8EFC0B4D696F9121D7C1D51F86001744C5B227A12C55CBF728EAEE
[TLS] Written transcript to proofs/MSG_TLS_9FA04761.out, proofs/SIG_TLS_9FA04761.out and proofs/PK_TLS_9FA04761.der
Signature verification succeeds
[TLS] Server time: 1620156902
[TLS] client_random  (32): B8F58D5FC82642BF131B32D8F86BE7CD76FC62437DA7C0E36FD624E3E20ACB0C
[TLS] sign_hash (32): 2189C879C0CCCF226F2167D8058C0A26C5BD0B5F37FFD777FD89621E7BFF4789
[TLS] Written transcript to proofs/MSG_TLS_B8F58D5F.out, proofs/SIG_TLS_B8F58D5F.out and proofs/PK_TLS_B8F58D5F.der
Signature verification succeeds
[TLS] Server time: 1620156902
[TLS] client_random  (32): 2BD205853026ED6082ED0A6AC2D9A2D5BA9952EDDF40E9D0702021697A208D0E
[TLS] sign_hash (32): 3900A05CF8AAAC13D028DB8529EBA2ACEC8ABDE8FB057700BC19C0240304A4EE
[TLS] Written transcript to proofs/MSG_TLS_2BD20585.out, proofs/SIG_TLS_2BD20585.out and proofs/PK_TLS_2BD20585.der
Signature verification succeeds
[TLS] Server time: 1620156902
[TLS] client_random  (32): 5C6DD7C6B91DDDF949FCDA481A4BC903843DC6C08EEDE0C209561CFAC185DBF3
[TLS] sign_hash (32): FD086FE3290EBFEC8FEA37EECC1BC82C026F5BC94C849FB4F1F00A94466D1E43
[TLS] Written transcript to proofs/MSG_TLS_5C6DD7C6.out, proofs/SIG_TLS_5C6DD7C6.out and proofs/PK_TLS_5C6DD7C6.der
Signature verification succeeds
[TLS] Server time: 1620156902
[TLS] client_random  (32): 932AEF81C0A6C3F6C2231B7320DB81A5D3E4C74D36B3AB9478D3A10EC1888570
[TLS] sign_hash (32): 97D9F1A2CDABE28668D06D6370396CEBD2399BC4507CA102B9396723705F12F9
[TLS] Written transcript to proofs/MSG_TLS_932AEF81.out, proofs/SIG_TLS_932AEF81.out and proofs/PK_TLS_932AEF81.der
Signature verification succeeds
[TLS] Server time: 1620156902
[TLS] client_random  (32): CAC38691002CC603F5EC6E7AE4DE9EE591C4A07D8933D695801D82BEA913C2EB
[TLS] sign_hash (32): 9893D65A4E844EB68843C16B13461E017B7C4F4D37DBDF29F88138F75EF9A5AC
[TLS] Written transcript to proofs/MSG_TLS_CAC38691.out, proofs/SIG_TLS_CAC38691.out and proofs/PK_TLS_CAC38691.der
Signature verification succeeds
[TLS] Server time: 1620156902
[TLS] client_random  (32): 95FC25E535ED9E5F8B4B9865AA6423E0C4391158E3AA3D4ED6EE5E0F86D756E3
[TLS] sign_hash (32): 02EB3869BEF01385B969D0011528D2F3768E80421D7110B9A4F16EA60AF40DA9
[TLS] Written transcript to proofs/MSG_TLS_95FC25E5.out, proofs/SIG_TLS_95FC25E5.out and proofs/PK_TLS_95FC25E5.der
Signature verification succeeds
[TLS] Server time: 1620156902
[TLS] client_random  (32): B30EEF2B1B10856900CC03B086E10FA9D82764A32F6BB673C4D4804666EF341C
[TLS] sign_hash (32): 37BB3F4FB169A899427A742703B21310708541D4EAB456CB40B120E1CD307016
[TLS] Written transcript to proofs/MSG_TLS_B30EEF2B.out, proofs/SIG_TLS_B30EEF2B.out and proofs/PK_TLS_B30EEF2B.der
Signature verification succeeds
[TLS] Server time: 1620156902
[TLS] client_random  (32): 3F093B0821D568F699977B5FE6B25DAFB18D67ABABC5E4D3F4C3C472F602C718
[TLS] sign_hash (32): EE19E549648CD49172D368758916C3DAC12A4D4536A3325CEB5D29A0C1191CCE
[TLS] Written transcript to proofs/MSG_TLS_3F093B08.out, proofs/SIG_TLS_3F093B08.out and proofs/PK_TLS_3F093B08.der
Signature verification succeeds
[TLS] Server time: 1620156902
[TLS] client_random  (32): 9F171F022DAFF0BFFDEB875B56A775992D989E926F9F8BC7479F46CC749E68E2
[TLS] sign_hash (32): 57C32D2E1BC89B07508AF6ADBE165D64AE99EB1BAF1EC6F8D8F432ABEB714F85
[TLS] Written transcript to proofs/MSG_TLS_9F171F02.out, proofs/SIG_TLS_9F171F02.out and proofs/PK_TLS_9F171F02.der
Signature verification succeeds
[TLS] Server time: 1620156902
[TLS] client_random  (32): 1A678B2747CB7BE2F6E7BC25315C31E7BB279A24E81FABE0F20604E599832A05
[TLS] sign_hash (32): B9349D3C0E4CCD6EB5A9A81F0E4D3E37D806DF5D4ADE5E29AD6499C597ABF4CF
[TLS] Written transcript to proofs/MSG_TLS_1A678B27.out, proofs/SIG_TLS_1A678B27.out and proofs/PK_TLS_1A678B27.der
Signature verification succeeds
[TLS] Server time: 1620156902
[TLS] client_random  (32): EE16220FEFAA9043F9FC2BFCDE85D16397ED0D72E1E55BFFDA9851A2106C33DA
[TLS] sign_hash (32): 64E4C66EE7017A730756A412E5D00A3635AFF940A1EE4B377E2A057610CD6E39
[TLS] Written transcript to proofs/MSG_TLS_EE16220F.out, proofs/SIG_TLS_EE16220F.out and proofs/PK_TLS_EE16220F.der
Signature verification succeeds
[TLS] Server time: 1620156902
[TLS] client_random  (32): 196E879106FF2F5A014375D59AAB98347625840059A8768F531FF35849FAA9E2
[TLS] sign_hash (32): 4A5B9A39EF2CF3B60AB22C96DAA5782916A09A625F74D86E59FBA99CF09C6D66
[TLS] Written transcript to proofs/MSG_TLS_196E8791.out, proofs/SIG_TLS_196E8791.out and proofs/PK_TLS_196E8791.der
Signature verification succeeds
[TLS] Server time: 1620156902
[TLS] client_random  (32): 41A7EEA00845C2F9DBDEBE6371A50ECAA2F95EE4EBE9E01859F1ED49453F276B
[TLS] sign_hash (32): 3046C62F18BBD1B3804ED7763BB10DDF0DEC6EC5491946312FA3FF1BC0CFA368
[TLS] Written transcript to proofs/MSG_TLS_41A7EEA0.out, proofs/SIG_TLS_41A7EEA0.out and proofs/PK_TLS_41A7EEA0.der
Signature verification succeeds
[TLS] Server time: 1620156902
[TLS] client_random  (32): 506BCEAD9C0349C5A9F1DC800F6A38B9AB03960E37BDCD1A663B2A77079993D6
[TLS] sign_hash (32): 1EE71493C0F59D1BF1F0B112F0EDB67407E4667012A13772194F651CC874924E
[TLS] Written transcript to proofs/MSG_TLS_506BCEAD.out, proofs/SIG_TLS_506BCEAD.out and proofs/PK_TLS_506BCEAD.der
Signature verification succeeds
[TLS] Server time: 1620156902
[TLS] client_random  (32): 0B20905F5CA886262BA249DDEC2EEF41D81902195987538D05A65A1D5F757E71
[TLS] sign_hash (32): 27711244CFF4704BB67947B47DE221C6C778AE58DB68A167B4342DC6D457327F
[TLS] Written transcript to proofs/MSG_TLS_0B20905F.out, proofs/SIG_TLS_0B20905F.out and proofs/PK_TLS_0B20905F.der
Signature verification succeeds
[TLS] Server time: 1620156902
[TLS] client_random  (32): 0DA047A50717172E04586D0D0FAAE56449C2EE5B7F806BA8F9BA0B3096AA7A22
[TLS] sign_hash (32): 1768A276D5A688F44A1E321CD5BC9ECDB789076862ABCF724F6EDFD8BE4CCCC1
[TLS] Written transcript to proofs/MSG_TLS_0DA047A5.out, proofs/SIG_TLS_0DA047A5.out and proofs/PK_TLS_0DA047A5.der
Signature verification succeeds
[TLS] Server time: 1620156902
[TLS] client_random  (32): 97ED8AB0FB9E3043593D39A1A768093AE8051D4887B62BF5621C180D163FFFA8
[TLS] sign_hash (32): C9DD188DA8DC9E7A12AC4F60B26688FFD160A6F5EA00C5A4A228A4010B4A63AB
[TLS] Written transcript to proofs/MSG_TLS_97ED8AB0.out, proofs/SIG_TLS_97ED8AB0.out and proofs/PK_TLS_97ED8AB0.der
Signature verification succeeds
[TLS] Server time: 1620156902
[TLS] client_random  (32): 75BCCC139884AD2685B3982F4123E041A652A891F69CEDE41F4E5FF78D77CFB8
[TLS] sign_hash (32): 51E2DD6658CC9F290E7307E91B2B491AFB128394D551F4A3DB08D7DBA3D68E8E
[TLS] Written transcript to proofs/MSG_TLS_75BCCC13.out, proofs/SIG_TLS_75BCCC13.out and proofs/PK_TLS_75BCCC13.der
Signature verification succeeds
[TLS] Server time: 1620156902
[TLS] client_random  (32): E95FD5AEC619E44141D86705585BA63DFEC0BD852D8A2FE4F8EFA52C57B5AD82
[TLS] sign_hash (32): 949AAFB350C51A7F5E965BE2060C008C50B99BB3E9C16D446A5A5ECC5AF12397
[TLS] Written transcript to proofs/MSG_TLS_E95FD5AE.out, proofs/SIG_TLS_E95FD5AE.out and proofs/PK_TLS_E95FD5AE.der
Signature verification succeeds
[TLS] Server time: 1620156902
[TLS] client_random  (32): BB6B814455960A05C4464549F9B8F64181B8E753DC920E9596484422E43870D9
[TLS] sign_hash (32): 966A217FAE70D32F878506E6E983D8A120C98B1192A93B01A687D1FE1DC4B282
[TLS] Written transcript to proofs/MSG_TLS_BB6B8144.out, proofs/SIG_TLS_BB6B8144.out and proofs/PK_TLS_BB6B8144.der
Signature verification succeeds
[TLS] Server time: 1620156902
[TLS] client_random  (32): 8848237123E25B02609D9469E721341E132906CA54E42220CA44893328F02A15
[TLS] sign_hash (32): FF368B8B34957EFC883146D066BA2B20A0A3A6340CB299CEFA064B22B425619F
[TLS] Written transcript to proofs/MSG_TLS_88482371.out, proofs/SIG_TLS_88482371.out and proofs/PK_TLS_88482371.der
Signature verification succeeds
[TLS] Server time: 1620156902
[TLS] client_random  (32): 7A49309E7DEFFF2C328D01A18C46E1D28D0DA8CEF12D8E248CCFAFA5F645A24B
[TLS] sign_hash (32): E3AFC23871A77AD0B6AFD0CE2468F872AC4B36992954F6AC13061BC4C9776EA9
[TLS] Written transcript to proofs/MSG_TLS_7A49309E.out, proofs/SIG_TLS_7A49309E.out and proofs/PK_TLS_7A49309E.der
Signature verification succeeds
[TLS] Server time: 1620156902
[TLS] client_random  (32): 86E5D05D282BF94F00941471CB2935DF889F99F6F80A06609326AD42D15883EB
[TLS] sign_hash (32): A7B3334313C08071BBB8DEB68CFE82FB8834072168AEC2713D95968CA338B5FF
[TLS] Written transcript to proofs/MSG_TLS_86E5D05D.out, proofs/SIG_TLS_86E5D05D.out and proofs/PK_TLS_86E5D05D.der
Signature verification succeeds
[TLS] Server time: 1620156902
[TLS] client_random  (32): 41590DE6E5ACA6CD49D866CB6923AEA4A570EC7E24CE52BF4948005D9AC6BBBC
[TLS] sign_hash (32): 55576255E504DA8D0C12CA994EA65DCBB9226AF8DD3CE11349F1EC86CEDCD2CD
[TLS] Written transcript to proofs/MSG_TLS_41590DE6.out, proofs/SIG_TLS_41590DE6.out and proofs/PK_TLS_41590DE6.der
Signature verification succeeds
[TLS] Server time: 1620156902
[TLS] client_random  (32): 4A8036FCB82E06792F3186572DA289197D38CD81E6E4B711ACAF27DC71CFF0F5
[TLS] sign_hash (32): C0C9DB3374F96D694D13725FDE3A720154888ED99FAB9B3FA6491F84BFDF9410
[TLS] Written transcript to proofs/MSG_TLS_4A8036FC.out, proofs/SIG_TLS_4A8036FC.out and proofs/PK_TLS_4A8036FC.der
Signature verification succeeds
[TLS] Server time: 1620156902
[TLS] client_random  (32): A945833697589169319002CF5A43C3643A247E1A183DA01C813C0E5B6360BF1D
[TLS] sign_hash (32): E5C1B5E50329AFF750571B27CC910D34B341E563F1327259B49C5FF4D86F6BC5
[TLS] Written transcript to proofs/MSG_TLS_A9458336.out, proofs/SIG_TLS_A9458336.out and proofs/PK_TLS_A9458336.der
Signature verification succeeds
[TLS] Server time: 1620156902
[TLS] client_random  (32): 3362E23B8DBD1E593D9C55A715E0A0E1B58794ACC644F8B6558B46A42EF9A584
[TLS] sign_hash (32): 7040D4FE7D25B95EBAC0CA73B41B484A96FA0BCFB43B92C21913697084F19CD6
[TLS] Written transcript to proofs/MSG_TLS_3362E23B.out, proofs/SIG_TLS_3362E23B.out and proofs/PK_TLS_3362E23B.der
Signature verification succeeds
[TLS] Server time: 1620156902
[TLS] client_random  (32): 69D95BBC6B797FB4EED5A462BE74832F94C74C42BC88FF3CEA7FDDB136DD257D
[TLS] sign_hash (32): 6205868DBF6A0DFC0FAF47D85565E213E34439F56E4034FECB7795FD886FB834
[TLS] Written transcript to proofs/MSG_TLS_69D95BBC.out, proofs/SIG_TLS_69D95BBC.out and proofs/PK_TLS_69D95BBC.der
Signature verification succeeds
[TLS] Server time: 1620156902
[TLS] client_random  (32): 8C7A80E850E119DECB67D7D51E4684B465FCFBDF6D83DF7971C2B940BBB926FF
[TLS] sign_hash (32): 85233C8D61C2F366A03E1D6A656041164EAAD4E8A9F4F932E1BC67ECFA0EA92E
[TLS] Written transcript to proofs/MSG_TLS_8C7A80E8.out, proofs/SIG_TLS_8C7A80E8.out and proofs/PK_TLS_8C7A80E8.der
Signature verification succeeds
[TLS] Server time: 1620156902
[TLS] client_random  (32): 58821C477B753193B4A9C7F1DFC99378DC7D5AF2217F7DF49E7789F90E485B53
[TLS] sign_hash (32): 019D45C4FA0935693E1968D9C508A738058A63BEBF00F02E1D43BB2A92454B01
[TLS] Written transcript to proofs/MSG_TLS_58821C47.out, proofs/SIG_TLS_58821C47.out and proofs/PK_TLS_58821C47.der
Signature verification succeeds
[TLS] Server time: 1620156902
[TLS] client_random  (32): F6161A660D1872669FC925CFDA0334B47C838ADF9487E963D2733D4E6B1E1519
[TLS] sign_hash (32): B0ACA71631AE50DF0DA0B8B3B978F56D985ADC33789425EC4F759382CB85FD57
[TLS] Written transcript to proofs/MSG_TLS_F6161A66.out, proofs/SIG_TLS_F6161A66.out and proofs/PK_TLS_F6161A66.der
Signature verification succeeds
[TLS] Server time: 1620156902
[TLS] client_random  (32): 4B8F9A0009FD5B3FB44B8BD7086516D2E52FDE4C7430B34043DBED244AE62183
[TLS] sign_hash (32): 5A99A307FE873DA0804F3A89E5F64D94723DBF145362585C84E498D8AA9E458C
[TLS] Written transcript to proofs/MSG_TLS_4B8F9A00.out, proofs/SIG_TLS_4B8F9A00.out and proofs/PK_TLS_4B8F9A00.der
Signature verification succeeds
[TLS] Server time: 1620156902
[TLS] client_random  (32): 4EDB65F6DBDA0AB366EE533444CA187E29E1AE7E3E5BE20A1FFDC759483DE568
[TLS] sign_hash (32): F56782079C2F88FA578E7FCEB8F4F09C44E8B0D2AA005D5654AFBFAA770873DB
[TLS] Written transcript to proofs/MSG_TLS_4EDB65F6.out, proofs/SIG_TLS_4EDB65F6.out and proofs/PK_TLS_4EDB65F6.der
Signature verification succeeds
[TLS] Server time: 1620156902
[TLS] client_random  (32): 5B4429FA8804D9FAE6C93064B1DF6FA603E37EAF5B40D2A5A9E34B7715A4B86E
[TLS] sign_hash (32): 974C70751D23D4F55A616E82C1A6C1DF490F99A10CFB0F87BBEAA8E17C39F63C
[TLS] Written transcript to proofs/MSG_TLS_5B4429FA.out, proofs/SIG_TLS_5B4429FA.out and proofs/PK_TLS_5B4429FA.der
Signature verification succeeds
[TLS] Server time: 1620156902
[TLS] client_random  (32): B43040E168331612935219C3710718D19339F69DBAC4A0E97CAB05AF94E57AAC
[TLS] sign_hash (32): 3F9FE3130AA168569791EF3010CC27E01E521228A4B5AF2504B021F25C253F3F
[TLS] Written transcript to proofs/MSG_TLS_B43040E1.out, proofs/SIG_TLS_B43040E1.out and proofs/PK_TLS_B43040E1.der
Signature verification succeeds
[TLS] Server time: 1620156902
[TLS] client_random  (32): 83716CE7F09A9718BAB491A11A8431651C3BBD88C48F9F3B25BBFF28B2B0F836
[TLS] sign_hash (32): 95B0E2247D8227A961D648EEC51F5125F8164C083B359CFDA730F425D0079F77
[TLS] Written transcript to proofs/MSG_TLS_83716CE7.out, proofs/SIG_TLS_83716CE7.out and proofs/PK_TLS_83716CE7.der
Signature verification succeeds
[TLS] Server time: 1620156902
[TLS] client_random  (32): 3EB504D89EC88629A248BA0F94440CCBD9188BE783DC3FAA42E5286B226F4B13
[TLS] sign_hash (32): 3931B2AB9BF3558232505787928639AE2362CE0661EAB4FFA7253988B31D75F9
[TLS] Written transcript to proofs/MSG_TLS_3EB504D8.out, proofs/SIG_TLS_3EB504D8.out and proofs/PK_TLS_3EB504D8.der
Signature verification succeeds
[TLS] Server time: 1620156902
[TLS] client_random  (32): F9442C8824EEC302CC485097F0CDF8BE4764E33E19E9D8284387B281FF872B09
[TLS] sign_hash (32): A5D56042F0DAB3BFB553B23FCB6856DAD3A774026124F51D4DCDE65BCC31A2FD
[TLS] Written transcript to proofs/MSG_TLS_F9442C88.out, proofs/SIG_TLS_F9442C88.out and proofs/PK_TLS_F9442C88.der
Signature verification succeeds
[TLS] Server time: 1620156902
[TLS] client_random  (32): 9CC158C2A251650822A49E6DC17B75577D9BDD9C3E59C1CF5CF365BE5B547BE7
[TLS] sign_hash (32): B6750EE82248391380BD745724A82AC3C617BE8ED9407466A37A99862838E628
[TLS] Written transcript to proofs/MSG_TLS_9CC158C2.out, proofs/SIG_TLS_9CC158C2.out and proofs/PK_TLS_9CC158C2.der
Signature verification succeeds
[TLS] Server time: 1620156902
[TLS] client_random  (32): 038AECEAF5D3246D06B1B5E9F838DF7EE1AC05A7DCD90260D68F1DDEF8DF3C0F
[TLS] sign_hash (32): BE779C5375B26A94EA2A4102C9C7A66B6E4C60E1CC8DE6ED7BFBA2987036AA37
[TLS] Written transcript to proofs/MSG_TLS_038AECEA.out, proofs/SIG_TLS_038AECEA.out and proofs/PK_TLS_038AECEA.der
Signature verification succeeds
[TLS] Server time: 1620156902
[TLS] client_random  (32): A8C565488DABEBFCD3421AF713DAB7C4576A489E324A47A10C71F78662EDD642
[TLS] sign_hash (32): CC3B1502E1D0F70DDEFE07EDC5D8B53A25CCA3B39D48C826A42724722A8835D8
[TLS] Written transcript to proofs/MSG_TLS_A8C56548.out, proofs/SIG_TLS_A8C56548.out and proofs/PK_TLS_A8C56548.der
Signature verification succeeds
[TLS] Server time: 1620156902
[TLS] client_random  (32): E8BF72D96D981EFF911852BBB1390E4EF5799AB6AC9C5B05ABF6A02028829F38
[TLS] sign_hash (32): AAC2E6A175508346A35B340A5EBFE70277C63913653C469EF6A3C8152F7D0F4C
[TLS] Written transcript to proofs/MSG_TLS_E8BF72D9.out, proofs/SIG_TLS_E8BF72D9.out and proofs/PK_TLS_E8BF72D9.der
Signature verification succeeds
[TLS] Server time: 1620156902
[TLS] client_random  (32): B4FBF180B15F177AEDFC313DAED836C72C12F4F35FC2CE919F21F7C2B2907C38
[TLS] sign_hash (32): 602B65A5E9DFE088A509174B34C35C89D7E786875969894913F1C84F96A4EFE3
[TLS] Written transcript to proofs/MSG_TLS_B4FBF180.out, proofs/SIG_TLS_B4FBF180.out and proofs/PK_TLS_B4FBF180.der
Signature verification succeeds
[TLS] Server time: 1620156902
[TLS] client_random  (32): 783B085621C6637234F9BFF34FEA772BF2032A3AED54248DB433EF1617CF6AE8
[TLS] sign_hash (32): 66DA9B2E30692153D7043D206D83AE9BC1F881052F34E50D412863E65EA56C26
[TLS] Written transcript to proofs/MSG_TLS_783B0856.out, proofs/SIG_TLS_783B0856.out and proofs/PK_TLS_783B0856.der
Signature verification succeeds
[TLS] Server time: 1620156902
[TLS] client_random  (32): A2FCDEBB5C9EEAF961E452EFCBE5AD31FD9549F1B78E9C2C73B970BC8158BB2B
[TLS] sign_hash (32): 2A2464F719A70043F7CF7E0B7ED33FAA062A77E31BADE6B9650F51C0C09EAE79
[TLS] Written transcript to proofs/MSG_TLS_A2FCDEBB.out, proofs/SIG_TLS_A2FCDEBB.out and proofs/PK_TLS_A2FCDEBB.der
Signature verification succeeds
[TLS] Server time: 1620156902
[TLS] client_random  (32): C67BC37E854D7A21040C4B4A45553FD2D42378D5418B8899162D436D00B4069E
[TLS] sign_hash (32): AD6807900F4B371D75FD4F0531D8DD2EA71FDE0B42366E9B5C490AA5C2B52B61
[TLS] Written transcript to proofs/MSG_TLS_C67BC37E.out, proofs/SIG_TLS_C67BC37E.out and proofs/PK_TLS_C67BC37E.der
Signature verification succeeds
[TLS] Server time: 1620156902
[TLS] client_random  (32): 7EF0838D1F70F7522BC19CDB9E8113518913756E746EA3531336A0045FB15BFE
[TLS] sign_hash (32): 6079CA3B3DF880EE5A501E1C283138E925025576522D3E1BD3A0EA88859368C0
[TLS] Written transcript to proofs/MSG_TLS_7EF0838D.out, proofs/SIG_TLS_7EF0838D.out and proofs/PK_TLS_7EF0838D.der
Signature verification succeeds
[TLS] Server time: 1620156902
[TLS] client_random  (32): 90889CC60F0B3683087E3A642E7431C969D4D26E52886385C0B52602E41F0F87
[TLS] sign_hash (32): D9BE4E71193C2447C26E5C598E0343D531B0273AEFFB1F257A215EA907AD9AA6
[TLS] Written transcript to proofs/MSG_TLS_90889CC6.out, proofs/SIG_TLS_90889CC6.out and proofs/PK_TLS_90889CC6.der
Signature verification succeeds
[TLS] Server time: 1620156902
[TLS] client_random  (32): 38168202D1266BA09D30D6AF2875032F0D400B508FA78FD0E4FDAAD83C73E02D
[TLS] sign_hash (32): F2AAC59AB51E82C9934908339E1BF41EA6E159F3252FF1E75321870E47811DF2
[TLS] Written transcript to proofs/MSG_TLS_38168202.out, proofs/SIG_TLS_38168202.out and proofs/PK_TLS_38168202.der
Signature verification succeeds
[TLS] Server time: 1620156902
[TLS] client_random  (32): D3ED270C26260CE911837B6589D1C901132C76D01DCA7B044EB1FC2639B7A51E
[TLS] sign_hash (32): 83B85C400787651D4E5B4D0906D192E0EC621093C075076D615F9350F1837CB4
[TLS] Written transcript to proofs/MSG_TLS_D3ED270C.out, proofs/SIG_TLS_D3ED270C.out and proofs/PK_TLS_D3ED270C.der
Signature verification succeeds
[TLS] Server time: 1620156902
[TLS] client_random  (32): B9F41362CAF3B8514698CE2F35BD005F104ED2BDC79A2B26C6AC4084BBAA957D
[TLS] sign_hash (32): 24FC27C00FFD0CF0C94F187F950AEE66BC11BC963C9B34AE049169EF2FF91741
[TLS] Written transcript to proofs/MSG_TLS_B9F41362.out, proofs/SIG_TLS_B9F41362.out and proofs/PK_TLS_B9F41362.der
Signature verification succeeds
[TLS] Server time: 1620156902
[TLS] client_random  (32): 4BC5CC108F13D5A3C9345D2C3616847274E18A9CBE539B4E9D1595A95D01BBC3
[TLS] sign_hash (32): 3ECF2C44AD5EFE6329F8EFEEBC187446412E7F52ECA7BEAA94261D435A9E2BE1
[TLS] Written transcript to proofs/MSG_TLS_4BC5CC10.out, proofs/SIG_TLS_4BC5CC10.out and proofs/PK_TLS_4BC5CC10.der
Signature verification succeeds
[TLS] Server time: 1620156902
[TLS] client_random  (32): D76283CDEF1A13D6079B813E461E330A2FD8B609F1CDB74461C985A38A3ADD96
[TLS] sign_hash (32): C881EB8B515A041CE067670DDAF063296152D03FF90F0E4FD9DBB82D4903EEEF
[TLS] Written transcript to proofs/MSG_TLS_D76283CD.out, proofs/SIG_TLS_D76283CD.out and proofs/PK_TLS_D76283CD.der
Signature verification succeeds
[TLS] Server time: 1620156903
[TLS] client_random  (32): B9E2AC4C2E58BD4207DDA024208D800D4AEF2328AEBEF095B24ABA300816CF6B
[TLS] sign_hash (32): C44B540C3E7B0BDF4060C596F76940526C97B634C52DB61D78173D354B38832B
[TLS] Written transcript to proofs/MSG_TLS_B9E2AC4C.out, proofs/SIG_TLS_B9E2AC4C.out and proofs/PK_TLS_B9E2AC4C.der
Signature verification succeeds
[TLS] Server time: 1620156903
[TLS] client_random  (32): 1A8A726660745CE76EE550A50E1A6107DF87EA3FD2050F6EAC6A3E7211575B2B
[TLS] sign_hash (32): A3DC0F85F54F3E48C39949D33F1814893D178C49576FA6C0901C6D76FCC5B406
[TLS] Written transcript to proofs/MSG_TLS_1A8A7266.out, proofs/SIG_TLS_1A8A7266.out and proofs/PK_TLS_1A8A7266.der
Signature verification succeeds
[TLS] Server time: 1620156903
[TLS] client_random  (32): E861CE73F7EB56BE4E6398965CC36B9ADDE94D46D2F199B738A061F80709CFEE
[TLS] sign_hash (32): 150567D80BDC3A25B8805E586171F53D965D54C34DDD9959E909D552C195E8FC
[TLS] Written transcript to proofs/MSG_TLS_E861CE73.out, proofs/SIG_TLS_E861CE73.out and proofs/PK_TLS_E861CE73.der
Signature verification succeeds
[TLS] Server time: 1620156903
[TLS] client_random  (32): 8643C18A6EBF0EFF81774D2D8D74C7B2A8B1FCE727CAC3FB81C79B355C29669B
[TLS] sign_hash (32): 6C82FCD83C25F1560A92A0A303574D7CFBC3A6A3EF4C0F11B9DAC4464A73ECC5
[TLS] Written transcript to proofs/MSG_TLS_8643C18A.out, proofs/SIG_TLS_8643C18A.out and proofs/PK_TLS_8643C18A.der
Signature verification succeeds
[TLS] Server time: 1620156903
[TLS] client_random  (32): AB3600C279FA66FA8FC813F32520AA65CD0E13C8FDC58D7D2A790E18172D50F9
[TLS] sign_hash (32): 13E4232DECD031AB3AA98D820580C036690B495F0AF8575DD606A71E750F3D97
[TLS] Written transcript to proofs/MSG_TLS_AB3600C2.out, proofs/SIG_TLS_AB3600C2.out and proofs/PK_TLS_AB3600C2.der
Signature verification succeeds
[TLS] Server time: 1620156903
[TLS] client_random  (32): E29A35AB791D51F84F55B53946E461F806948ECFF1863B5886EAB14B5F7BC04D
[TLS] sign_hash (32): FCBF8DADBFAE0B1DC5566423124E979BC6FD2D8D149A517C05507BD2DB7143D9
[TLS] Written transcript to proofs/MSG_TLS_E29A35AB.out, proofs/SIG_TLS_E29A35AB.out and proofs/PK_TLS_E29A35AB.der
Signature verification succeeds
[TLS] Server time: 1620156903
[TLS] client_random  (32): B863D29137A850700C1F5FBB52207D86D9371CD4B70F398BE3DCB664D8CF231F
[TLS] sign_hash (32): 327D3231B53E9217DD6B018AB16923093CFF155B0F542CCFCED3A91E6B2A7D05
[TLS] Written transcript to proofs/MSG_TLS_B863D291.out, proofs/SIG_TLS_B863D291.out and proofs/PK_TLS_B863D291.der
Signature verification succeeds
[TLS] Server time: 1620156903
[TLS] client_random  (32): 64D02DA0CA1FDEF1B624E3FF8A263F50A4B07B77E5ACCDAE3A82700DDBFABFDC
[TLS] sign_hash (32): 4DC721B09552F894F2E35489A866577F9845DCF31A65C1B4D62C863927172D57
[TLS] Written transcript to proofs/MSG_TLS_64D02DA0.out, proofs/SIG_TLS_64D02DA0.out and proofs/PK_TLS_64D02DA0.der
Signature verification succeeds
[TLS] Server time: 1620156903
[TLS] client_random  (32): A626404BA4A6316B0C8864862819CB7141CE4ECD22D3FA0251A40320F791F8D7
[TLS] sign_hash (32): A6C4F9B74B418D1ECD212E17465B893512FF3C95C06989E96908F8D5853FEFC8
[TLS] Written transcript to proofs/MSG_TLS_A626404B.out, proofs/SIG_TLS_A626404B.out and proofs/PK_TLS_A626404B.der
Signature verification succeeds
[TLS] Server time: 1620156903
[TLS] client_random  (32): 9E9E7158E48C37D5B625C83FB81DE610AE1AFB7D28D10FE3A84AECD81B2DED75
[TLS] sign_hash (32): 12C9C75C17C1EC54529CD68BE05F01F1652F2C49D9F70201F4674C9320D60F0E
[TLS] Written transcript to proofs/MSG_TLS_9E9E7158.out, proofs/SIG_TLS_9E9E7158.out and proofs/PK_TLS_9E9E7158.der
Signature verification succeeds
[TLS] Server time: 1620156903
[TLS] client_random  (32): C5EBF04E658C1FECA6618B01DA121D6D8A27059437125E64A088B2D70BBB192B
[TLS] sign_hash (32): 82596105CB08E5CB3466A109820FBDC3EF6F0EDCF0F26C65924A6388CB444EBF
[TLS] Written transcript to proofs/MSG_TLS_C5EBF04E.out, proofs/SIG_TLS_C5EBF04E.out and proofs/PK_TLS_C5EBF04E.der
Signature verification succeeds
[TLS] Server time: 1620156903
[TLS] client_random  (32): 52AB4CFCE8E3119233E1C26C786AFB1D3A922F596A62B6D3750833DB0FFBF434
[TLS] sign_hash (32): 2E64A7C1D9CC30C06152CB4A23AE542E70D53C03286C469458FD5E5334ADCAEA
[TLS] Written transcript to proofs/MSG_TLS_52AB4CFC.out, proofs/SIG_TLS_52AB4CFC.out and proofs/PK_TLS_52AB4CFC.der
Signature verification succeeds
[TLS] Server time: 1620156903
[TLS] client_random  (32): 337113694521247654078928D5DD9D7CC87E81F22629464B9E0C3337A9976B00
[TLS] sign_hash (32): 4280AA416EEA33F7DDBE12EBD3F236BD6177EA3451E48EE1CF8FD51B68A72B62
[TLS] Written transcript to proofs/MSG_TLS_33711369.out, proofs/SIG_TLS_33711369.out and proofs/PK_TLS_33711369.der
Signature verification succeeds
[TLS] Server time: 1620156903
[TLS] client_random  (32): 159C2EFFBFDB2B5FC2D22E43061F3D03AA8CA177C8F4A37443BEBFC6F9EAAFE1
[TLS] sign_hash (32): 309B1E20A5E6A8622737373B6CB869EFD5F849D324A1E0746363C098018A2B1D
[TLS] Written transcript to proofs/MSG_TLS_159C2EFF.out, proofs/SIG_TLS_159C2EFF.out and proofs/PK_TLS_159C2EFF.der
Signature verification succeeds
[TLS] Server time: 1620156903
[TLS] client_random  (32): 27716B7FD03E2AEF40E3A21A2AC6272EACAACA424EE6A8D3867C761996A5837F
[TLS] sign_hash (32): 1F2FB0040CCAAE38C7A9050B9244B281F92FE5DC845824E14B2B5DDCADEE7A65
[TLS] Written transcript to proofs/MSG_TLS_27716B7F.out, proofs/SIG_TLS_27716B7F.out and proofs/PK_TLS_27716B7F.der
Signature verification succeeds
[TLS] Server time: 1620156903
[TLS] client_random  (32): 09954493660570A8E96E2D0F7B3E8F7B94CAE9318604ACE7A50D904DBAE1D603
[TLS] sign_hash (32): 0B040FC6DD7D2DA92955E1E81EAF21A284644BDC004640ACCBFE5E6390C15465
[TLS] Written transcript to proofs/MSG_TLS_09954493.out, proofs/SIG_TLS_09954493.out and proofs/PK_TLS_09954493.der
Signature verification succeeds
[TLS] Server time: 1620156903
[TLS] client_random  (32): C24901AED64192E87BBF01F33642067425C513FE5A0036DE43F8A8B80CD4F880
[TLS] sign_hash (32): C361233A0FA7E656D19E5AA21CAABAF64D3F6BC1CC880EC36D029D59C871EFBA
[TLS] Written transcript to proofs/MSG_TLS_C24901AE.out, proofs/SIG_TLS_C24901AE.out and proofs/PK_TLS_C24901AE.der
Signature verification succeeds
[TLS] Server time: 1620156903
[TLS] client_random  (32): AD217451A9662881D0BE2C54FAE7D556C7B4E4B91F50F87677922E37924126C7
[TLS] sign_hash (32): 5C20C6EBE7A16523CB8BC5E424EDC13D83AF77D27A824D387DF063C440C1E4B0
[TLS] Written transcript to proofs/MSG_TLS_AD217451.out, proofs/SIG_TLS_AD217451.out and proofs/PK_TLS_AD217451.der
Signature verification succeeds
[TLS] Server time: 1620156903
[TLS] client_random  (32): 48A913BA6A5BBE9DAF82C39ECA67E39C4B3A879226489C903BAC1A532B68E973
[TLS] sign_hash (32): 340A58C54646B5FB45582027C871CA789EB6F08EEE886837B7E5390E94987BEE
[TLS] Written transcript to proofs/MSG_TLS_48A913BA.out, proofs/SIG_TLS_48A913BA.out and proofs/PK_TLS_48A913BA.der
Signature verification succeeds
[TLS] Server time: 1620156903
[TLS] client_random  (32): E4601AA7E1BDFD6A071B484CB5589464DFCC2F62F6B5920AE5C55F36155E9B9C
[TLS] sign_hash (32): 10F89CC38588AEF96FC72D846A2EB273CC2EB48688D08E537460C624B523E980
[TLS] Written transcript to proofs/MSG_TLS_E4601AA7.out, proofs/SIG_TLS_E4601AA7.out and proofs/PK_TLS_E4601AA7.der
Signature verification succeeds
[TLS] Server time: 1620156903
[TLS] client_random  (32): A6F4788D7414D7465F1BAA87B231AEFC5A634594B3FDCC0D70D1E730BC897EB0
[TLS] sign_hash (32): B87A2E545FB251EEEA7E3CAFEE5E4F239DD2A525D6530ED93FFDD7AAE31C9470
[TLS] Written transcript to proofs/MSG_TLS_A6F4788D.out, proofs/SIG_TLS_A6F4788D.out and proofs/PK_TLS_A6F4788D.der
Signature verification succeeds
[TLS] Server time: 1620156903
[TLS] client_random  (32): A5693C4F3A498919D865300DE1515455D2502DF926723011549B1F144CB29330
[TLS] sign_hash (32): 57C4CC94F88EA4E81A268105AB1D69C513F6B695A560FAE84EA20D2E7143A492
[TLS] Written transcript to proofs/MSG_TLS_A5693C4F.out, proofs/SIG_TLS_A5693C4F.out and proofs/PK_TLS_A5693C4F.der
Signature verification succeeds
[TLS] Server time: 1620156903
[TLS] client_random  (32): 5F6E311B3B2646CDAC03BEAAEF161A43CE1C391559C2CF2EAA24199E9EBCCBED
[TLS] sign_hash (32): 9215ACAEEF4B91A5ACC0F683FF5171FE552671445570F503102C99A214DD5664
[TLS] Written transcript to proofs/MSG_TLS_5F6E311B.out, proofs/SIG_TLS_5F6E311B.out and proofs/PK_TLS_5F6E311B.der
Signature verification succeeds
[TLS] Server time: 1620156903
[TLS] client_random  (32): F9C296D71E2A11705E32FFBE66085B28C3E6A237AE03087361463EC976FCDA58
[TLS] sign_hash (32): E097BC6D4C486AFB94262F06F82A3144E11235D8E1FFF7E39BF2EBEB41AC919E
[TLS] Written transcript to proofs/MSG_TLS_F9C296D7.out, proofs/SIG_TLS_F9C296D7.out and proofs/PK_TLS_F9C296D7.der
Signature verification succeeds
[TLS] Server time: 1620156903
[TLS] client_random  (32): F4A403A480A2E639C5AD7D072ED14C416E16865D8F40526CC197BC3313FD3368
[TLS] sign_hash (32): 1F2D991BCBBD5AE09504343D294ADF22F81400C2AEB16CA3AE3D3BD4417895FD
[TLS] Written transcript to proofs/MSG_TLS_F4A403A4.out, proofs/SIG_TLS_F4A403A4.out and proofs/PK_TLS_F4A403A4.der
Signature verification succeeds
[TLS] Server time: 1620156903
[TLS] client_random  (32): 99081BBCBAF1EF127258257B8733A88A27F53D0542FD2EEE034246760D5E4F21
[TLS] sign_hash (32): 81313F3B0A572DAD0FCC40C080FE93D5CE5A9F04FD5E4C7F083868FB584FC1C3
[TLS] Written transcript to proofs/MSG_TLS_99081BBC.out, proofs/SIG_TLS_99081BBC.out and proofs/PK_TLS_99081BBC.der
Signature verification succeeds
[TLS] Server time: 1620156903
[TLS] client_random  (32): 67873BB941E81F2AE8135C007F9F1577DBB5E5A266A25D0BD11D1ABAC853D5BE
[TLS] sign_hash (32): 8B1A79CAEE2A616285C037C8989E8553B1C791F3A1E6391C070569D64551C360
[TLS] Written transcript to proofs/MSG_TLS_67873BB9.out, proofs/SIG_TLS_67873BB9.out and proofs/PK_TLS_67873BB9.der
Signature verification succeeds
[TLS] Server time: 1620156903
[TLS] client_random  (32): E618CBFB318AEB5BE504E1B6255EA504181571CD2104F7EF0608695A33ED1F93
[TLS] sign_hash (32): 3E65CC74BAECCCF82E256A321168B85C1E70A8F084D165BBC76441C785B8816B
[TLS] Written transcript to proofs/MSG_TLS_E618CBFB.out, proofs/SIG_TLS_E618CBFB.out and proofs/PK_TLS_E618CBFB.der
Signature verification succeeds
[TLS] Server time: 1620156903
[TLS] client_random  (32): 841E64CD17B0BB030F9F4104BA3AE7FB69EDD3593771183AE0BBE8ED15B6E028
[TLS] sign_hash (32): 17D5B03F818AC8727FD07F48529C77EBE650A901F1A6BCA9E7D21378611FEFB2
[TLS] Written transcript to proofs/MSG_TLS_841E64CD.out, proofs/SIG_TLS_841E64CD.out and proofs/PK_TLS_841E64CD.der
Signature verification succeeds
[TLS] Server time: 1620156903
[TLS] client_random  (32): EF1B516E3CFEBE48104B2F90CF2EF56E02FA55780B2C91C1131E1CAAA43440FC
[TLS] sign_hash (32): 8C87B562EA89BF094AF3322F0AF5140A4826193E10105C8CE5C87E4EFA282BF6
[TLS] Written transcript to proofs/MSG_TLS_EF1B516E.out, proofs/SIG_TLS_EF1B516E.out and proofs/PK_TLS_EF1B516E.der
Signature verification succeeds
[TLS] Server time: 1620156904
[TLS] client_random  (32): 8E46A7E92C6CD22A7AE452855E844E10E5876E0667415B80AA2DB050813A75DB
[TLS] sign_hash (32): 131E96D8D559434CECB59B1A68EF19160F39DFB46BA4789AFA8716C3A2B4FBEB
[TLS] Written transcript to proofs/MSG_TLS_8E46A7E9.out, proofs/SIG_TLS_8E46A7E9.out and proofs/PK_TLS_8E46A7E9.der
Signature verification succeeds
[TLS] Server time: 1620156904
[TLS] client_random  (32): 113EFE721EE93FDF5FD963EACAFDBB4B6EBCF69E20C06E67D82B6C3CA47B9A92
[TLS] sign_hash (32): 52DED5A586BF654E066C5941FC54D11AEE7F54A5721324084D523F2B6DEFFE1F
[TLS] Written transcript to proofs/MSG_TLS_113EFE72.out, proofs/SIG_TLS_113EFE72.out and proofs/PK_TLS_113EFE72.der
Signature verification succeeds
[TLS] Server time: 1620156904
[TLS] client_random  (32): 6184C64F661D19B1A6EAF69560C46BE3447A16F312C26F5BE4034A1108C2F958
[TLS] sign_hash (32): F5FDF178DA63910A5BFCF69B12870CB6CB33079043D8BE15644EA53B95CDC7F9
[TLS] Written transcript to proofs/MSG_TLS_6184C64F.out, proofs/SIG_TLS_6184C64F.out and proofs/PK_TLS_6184C64F.der
Signature verification succeeds
[TLS] Server time: 1620156904
[TLS] client_random  (32): BA25EDAB62C614D40ED00E13E740B8D8C6E6B9C14CC00A2214AC545CFE4C11EB
[TLS] sign_hash (32): C6470102784D3A228DE63DF3FB8003C520A4FF5CC81DDC57019970F97537CBE7
[TLS] Written transcript to proofs/MSG_TLS_BA25EDAB.out, proofs/SIG_TLS_BA25EDAB.out and proofs/PK_TLS_BA25EDAB.der
Signature verification succeeds
[TLS] Server time: 1620156904
[TLS] client_random  (32): D70543CA55EB0E412801EF2315DBEAC8C6F9089461DC5F33A868005572CD4E53
[TLS] sign_hash (32): 4EC6C87869A6A2F4DA4894C457A8EDE907AE36E73091DD325D56A7DEF761EFE1
[TLS] Written transcript to proofs/MSG_TLS_D70543CA.out, proofs/SIG_TLS_D70543CA.out and proofs/PK_TLS_D70543CA.der
Signature verification succeeds
[TLS] Server time: 1620156904
[TLS] client_random  (32): AE8AFDB1279A91474F308EB2FD432ECD659924635D1FA26F416015CD7008CC78
[TLS] sign_hash (32): D7CF335C74EB85A72B5F7AC7AEEDBFBCD203341FEDB3D5A15CB9C18FB6B68C5F
[TLS] Written transcript to proofs/MSG_TLS_AE8AFDB1.out, proofs/SIG_TLS_AE8AFDB1.out and proofs/PK_TLS_AE8AFDB1.der
Signature verification succeeds
[TLS] Server time: 1620156904
[TLS] client_random  (32): F6DE4E9661FFBF1CA8DD09C0036F3637734B371822BCD636C15D0982DBC42A97
[TLS] sign_hash (32): 8C0085527FD421BB29B12E7B9C2692E983DCC19D8391BC0F4D152B8B289B52E9
[TLS] Written transcript to proofs/MSG_TLS_F6DE4E96.out, proofs/SIG_TLS_F6DE4E96.out and proofs/PK_TLS_F6DE4E96.der
Signature verification succeeds
[TLS] Server time: 1620156904
[TLS] client_random  (32): ACCCA5C6D1410166CB9ED88C193DC1667CCEBE0F72C0F8C1AA762F956A37ABB2
[TLS] sign_hash (32): 6DEBC95948E4F4AD1FFE803D2179A82CD259258AA34B6F6E267F522646E37F0B
[TLS] Written transcript to proofs/MSG_TLS_ACCCA5C6.out, proofs/SIG_TLS_ACCCA5C6.out and proofs/PK_TLS_ACCCA5C6.der
Signature verification succeeds
[TLS] Server time: 1620156904
[TLS] client_random  (32): 98BCAEE89CC1BAD357C7DA858A2C0B044B1C38436B793C7CC0DA1C6BFB214AF0
[TLS] sign_hash (32): 6C19C4429EC004483E6BF8B5CD233653BE6E4B907051356FDF27F0F5E6465930
[TLS] Written transcript to proofs/MSG_TLS_98BCAEE8.out, proofs/SIG_TLS_98BCAEE8.out and proofs/PK_TLS_98BCAEE8.der
Signature verification succeeds
[TLS] Server time: 1620156904
[TLS] client_random  (32): A695A4D2895D9C760CA397399215A8C04BDAC6CBBECADFAD0E59F0E43F975D69
[TLS] sign_hash (32): EC09122792E2436A7A7909EB2867DDEE9A301958098B753AE87BC551D68F7AD9
[TLS] Written transcript to proofs/MSG_TLS_A695A4D2.out, proofs/SIG_TLS_A695A4D2.out and proofs/PK_TLS_A695A4D2.der
Signature verification succeeds
[TLS] Server time: 1620156904
[TLS] client_random  (32): 31EF9493F8F59FDD5588E065C3EC5875196EA972A3939070110EFE904BF1AE83
[TLS] sign_hash (32): 6FE264E3E75885CB09340D5910B48DF4F2C07677D5D286F72DE29E906BA46683
[TLS] Written transcript to proofs/MSG_TLS_31EF9493.out, proofs/SIG_TLS_31EF9493.out and proofs/PK_TLS_31EF9493.der
Signature verification succeeds
[TLS] Server time: 1620156904
[TLS] client_random  (32): 8EBAB6806192CD559816736B46673B955FDE194005C67CA032EBEF0EBA427643
[TLS] sign_hash (32): 1E2513CAC0374171B4CD8C45FAA638BC243F8F202C5C4CF8D285C12700ECFB60
[TLS] Written transcript to proofs/MSG_TLS_8EBAB680.out, proofs/SIG_TLS_8EBAB680.out and proofs/PK_TLS_8EBAB680.der
Signature verification succeeds
[TLS] Server time: 1620156904
[TLS] client_random  (32): C95B889AC403F3DFFABA4951423767156D1F5E7E9DC9B7901B021688B12D9E98
[TLS] sign_hash (32): 81401DEEE43B09AB6C97B5CDFC03DEE2582095943EDA2681CB16ADD8D91B0802
[TLS] Written transcript to proofs/MSG_TLS_C95B889A.out, proofs/SIG_TLS_C95B889A.out and proofs/PK_TLS_C95B889A.der
Signature verification succeeds
[TLS] Server time: 1620156904
[TLS] client_random  (32): 594BDDEB8C0E2D050DD0C9EE945EC2B1C9BAE6AB08BB05D54CB1E3F064384EF5
[TLS] sign_hash (32): 6372AA0AF074618E041EFE956EDE06639D803EFC422283F46CEA516C739DF478
[TLS] Written transcript to proofs/MSG_TLS_594BDDEB.out, proofs/SIG_TLS_594BDDEB.out and proofs/PK_TLS_594BDDEB.der
Signature verification succeeds
[TLS] Server time: 1620156904
[TLS] client_random  (32): 988A85CEC9024ACFB66638E1F8805A2332DD9BD3FB4C489A378F31542122A76F
[TLS] sign_hash (32): 7E4B99DA5192FD0AA3F8FD1B5C180C0E8358239FD0B81ADFA3E0FDFFE8F100A3
[TLS] Written transcript to proofs/MSG_TLS_988A85CE.out, proofs/SIG_TLS_988A85CE.out and proofs/PK_TLS_988A85CE.der
Signature verification succeeds
[TLS] Server time: 1620156904
[TLS] client_random  (32): CD637312DFC01DC88665C94D5DC890FF1A667408C85582DC43C6850345C38A75
[TLS] sign_hash (32): 0E3EAF8841958F784C10F252CBC8A95C5C28D493A9B3C9F201D018A45791AFB2
[TLS] Written transcript to proofs/MSG_TLS_CD637312.out, proofs/SIG_TLS_CD637312.out and proofs/PK_TLS_CD637312.der
Signature verification succeeds
[TLS] Server time: 1620156904
[TLS] client_random  (32): A883441744E38DE4FC72726032532CEF9C16D1B21ADE72FEAE359AF03887AF5C
[TLS] sign_hash (32): 39E9C2CC81E07CFDDC3AC141B789AF42276B0F0E73910165ED3B39845822B2C7
[TLS] Written transcript to proofs/MSG_TLS_A8834417.out, proofs/SIG_TLS_A8834417.out and proofs/PK_TLS_A8834417.der
Signature verification succeeds
[TLS] Server time: 1620156904
[TLS] client_random  (32): 8F2F46FE0D108EB86CB0CD09519B28CAEF340E9EAC56D62AB57C092A31F3961F
[TLS] sign_hash (32): 6151E7E4A62A1928FF9C2816AE7BD694D5044B909928AFE539B80C62E84DE025
[TLS] Written transcript to proofs/MSG_TLS_8F2F46FE.out, proofs/SIG_TLS_8F2F46FE.out and proofs/PK_TLS_8F2F46FE.der
Signature verification succeeds
Time breakdown (averages): anchor_ping:17.977227 file_read:0.148417 hashing:0.470524
Total time for 119 rounds is 2230.930658ms
Standard deviations: anchor_ping:64.401482 file_read:0.014065 hashing:0.004076
[Client-side ops] mean:0.618941 sd:0.014634
in & out anchor rand written to proofs/phase1.out
      2 [TLS] Server time: 1620156901
     70 [TLS] Server time: 1620156902
     30 [TLS] Server time: 1620156903
     18 [TLS] Server time: 1620156904
Count is 2
Count is 70
Count is 30
Count is 18
success: 1
RESULT: 1 in 1 tries
