TLS anchor: sruc.ac.uk
Actual: 58, Set: 119
Beginning execution at Mon May 3 00:05:01 UTC 2021
CONF: anchor:sruc.ac.uk fs:1024MB n_rounds:119 seed:5c9f4bf9bbc15bb855f82faedc5a52fc3ab2dfa8ec3ba3ce1b270f31fa0cced2 filename:FILE bs:1024 nops:100 benchmarking:0 anchor_ping:1 queue_depth:32 direct:0
[TLS] Connecting to sruc.ac.uk
[TLS] Server time: 1620000302
[TLS] client_random  (32): 5C9F4BF9BBC15BB855F82FAEDC5A52FC3AB2DFA8EC3BA3CE1B270F31FA0CCED2
[TLS] sign_hash (32): 3E03831A5C1900AA30C9B65B1726B5C36A239175658DB86C88E2F90632B6A290
[TLS] Written transcript to proofs/MSG_TLS_5C9F4BF9.out, proofs/SIG_TLS_5C9F4BF9.out and proofs/PK_TLS_5C9F4BF9.der
Signature verification succeeds
[TLS] Server time: 1620000302
[TLS] client_random  (32): A811A74D649ACD83AC20F6F22D5DB6C551C01E8395EA392B46E6325A68F45C07
[TLS] sign_hash (32): BF5C1F6E67070EC1E077A9B6E25AF5FF05AE2F490F1D45EE8EDD50E78089E611
[TLS] Written transcript to proofs/MSG_TLS_A811A74D.out, proofs/SIG_TLS_A811A74D.out and proofs/PK_TLS_A811A74D.der
Signature verification succeeds
[TLS] Server time: 1620000302
[TLS] client_random  (32): FCEBFD6585D6447435BB06925348966ED3F779826AC3389E6059420591AA238F
[TLS] sign_hash (32): ED9B800AE25A1508DFC7C853A9078F2428EDDCB1FBA02A051FF63C198118794C
[TLS] Written transcript to proofs/MSG_TLS_FCEBFD65.out, proofs/SIG_TLS_FCEBFD65.out and proofs/PK_TLS_FCEBFD65.der
Signature verification succeeds
[TLS] Server time: 1620000302
[TLS] client_random  (32): DCDC5A52A6C75FFC2ABD2419385557DEE4918C2BE6E40CBD59F6D645550F7D8C
[TLS] sign_hash (32): 3555978D045A2DA51E11728B73336D2CA45053861418C65D2DFC7E68EE1C3960
[TLS] Written transcript to proofs/MSG_TLS_DCDC5A52.out, proofs/SIG_TLS_DCDC5A52.out and proofs/PK_TLS_DCDC5A52.der
Signature verification succeeds
[TLS] Server time: 1620000302
[TLS] client_random  (32): 372094B31050D2FA213A16EDD4A16BD51B68965A687E3FCE766DC0054CA22A02
[TLS] sign_hash (32): 8D7F604292913922775003C0B05F0D5762D54D32AA992060C82532C45A8AC195
[TLS] Written transcript to proofs/MSG_TLS_372094B3.out, proofs/SIG_TLS_372094B3.out and proofs/PK_TLS_372094B3.der
Signature verification succeeds
[TLS] Server time: 1620000302
[TLS] client_random  (32): AE2E75978280B9C35F935B19B97FABC7CC62F44C3B2C17C394D309A15732A177
[TLS] sign_hash (32): A3E222BA87E2A2872E2B50ABA834BC306C084A65891E58F9281731892CEFE32E
[TLS] Written transcript to proofs/MSG_TLS_AE2E7597.out, proofs/SIG_TLS_AE2E7597.out and proofs/PK_TLS_AE2E7597.der
Signature verification succeeds
[TLS] Server time: 1620000302
[TLS] client_random  (32): 049679B063132358048B1CC0AD895206DFE32F994F430AACFB40AE09F295557F
[TLS] sign_hash (32): 65B65E1EDD3BC7B73ECEE5D76ED61F544918344E865C14D28D3971018E79018C
[TLS] Written transcript to proofs/MSG_TLS_049679B0.out, proofs/SIG_TLS_049679B0.out and proofs/PK_TLS_049679B0.der
Signature verification succeeds
[TLS] Server time: 1620000302
[TLS] client_random  (32): E9A7B5C67C622C785373811D6EAA94AAA7A16002423670A3BCCB079647C51555
[TLS] sign_hash (32): CEBFD6F2B635BFA0E2D1BC76855D277DC185003BD8A829BD6FD1D3EE24E1484E
[TLS] Written transcript to proofs/MSG_TLS_E9A7B5C6.out, proofs/SIG_TLS_E9A7B5C6.out and proofs/PK_TLS_E9A7B5C6.der
Signature verification succeeds
[TLS] Server time: 1620000302
[TLS] client_random  (32): C7BDCF6D5C8C6FEC7B12A4FA0D94A535048CEC1724FCC69FB7617CD64CD3F78E
[TLS] sign_hash (32): 3BF93201019C8BC2388BB9EE415642CC87CB679841D92103B4F4197979F73925
[TLS] Written transcript to proofs/MSG_TLS_C7BDCF6D.out, proofs/SIG_TLS_C7BDCF6D.out and proofs/PK_TLS_C7BDCF6D.der
Signature verification succeeds
[TLS] Server time: 1620000302
[TLS] client_random  (32): 1D6B4A6FC7AFB8C77FFB0EE73C9271C05BAE9B0C663CAD0E0D113EA70478D510
[TLS] sign_hash (32): FFB711A85B50207F92A01961E75267C7FFF98B67C0A262950449F7261CCDF69E
[TLS] Written transcript to proofs/MSG_TLS_1D6B4A6F.out, proofs/SIG_TLS_1D6B4A6F.out and proofs/PK_TLS_1D6B4A6F.der
Signature verification succeeds
[TLS] Server time: 1620000302
[TLS] client_random  (32): 90B1B2B057AFB40200352FE83CAC9568E63EAA92A228155C3B31D0ABD43B41D4
[TLS] sign_hash (32): 4FB78E56505DCFA4F532DA4B4A97F8A97EA9F0E340C80FCEF58339734067D47D
[TLS] Written transcript to proofs/MSG_TLS_90B1B2B0.out, proofs/SIG_TLS_90B1B2B0.out and proofs/PK_TLS_90B1B2B0.der
Signature verification succeeds
[TLS] Server time: 1620000302
[TLS] client_random  (32): 21D455BEEA74F34A073A00454CB5062E0B636660899A77822150E538DD1C7A17
[TLS] sign_hash (32): FD3B73118D73A1CE195BC6CF5ADB03C3D9CACBEA504AED71C810A711A943AF93
[TLS] Written transcript to proofs/MSG_TLS_21D455BE.out, proofs/SIG_TLS_21D455BE.out and proofs/PK_TLS_21D455BE.der
Signature verification succeeds
[TLS] Server time: 1620000302
[TLS] client_random  (32): 8D4B9040D70BFBE1E0CE618EE0B3516D83DF58BD1B26601B48205F86BCF13990
[TLS] sign_hash (32): 82A7E45D96307D04BF4B6AD8EA9AA570D7F78F4256A94E7C6092665A93272F28
[TLS] Written transcript to proofs/MSG_TLS_8D4B9040.out, proofs/SIG_TLS_8D4B9040.out and proofs/PK_TLS_8D4B9040.der
Signature verification succeeds
[TLS] Server time: 1620000302
[TLS] client_random  (32): E4F2BD5258990DE01FB0703745437530C49E508E3E32D94A4B57E5CA534BDA1A
[TLS] sign_hash (32): 123639D17F8F736F905D5CF47797A8DF8B1BA2E9773302C3BCF49F46A14109C2
[TLS] Written transcript to proofs/MSG_TLS_E4F2BD52.out, proofs/SIG_TLS_E4F2BD52.out and proofs/PK_TLS_E4F2BD52.der
Signature verification succeeds
[TLS] Server time: 1620000302
[TLS] client_random  (32): 71D2E55363097F358B693DC5EF3B4914FC7D0DCB4C8F4C1CDDD7460C4DB4FAA3
[TLS] sign_hash (32): A2882D2F3FDFD41BF6A4E92D496D9CEC41DCEA58DB1038ABEDFB5B4F30F9D4E6
[TLS] Written transcript to proofs/MSG_TLS_71D2E553.out, proofs/SIG_TLS_71D2E553.out and proofs/PK_TLS_71D2E553.der
Signature verification succeeds
[TLS] Server time: 1620000302
[TLS] client_random  (32): A53723F58F427300FC48B9EEB51037FD8D0309ADE44166C1DED29117F5BF0CFB
[TLS] sign_hash (32): 0E7AAC8482D8682BA67CEB67BA964399416B0031F335F3C5221B784087C7AB33
[TLS] Written transcript to proofs/MSG_TLS_A53723F5.out, proofs/SIG_TLS_A53723F5.out and proofs/PK_TLS_A53723F5.der
Signature verification succeeds
[TLS] Server time: 1620000302
[TLS] client_random  (32): DDCF83C1A9EA9C55F92323ADC8A1CBCAF62D0604DE7F0E9EBC186479A74FC611
[TLS] sign_hash (32): 87D5C0525BA639B2BB7EF46AFFF25FAE9F5DD118EDBF20046AF0C9D81A07ACFE
[TLS] Written transcript to proofs/MSG_TLS_DDCF83C1.out, proofs/SIG_TLS_DDCF83C1.out and proofs/PK_TLS_DDCF83C1.der
Signature verification succeeds
[TLS] Server time: 1620000302
[TLS] client_random  (32): C0887D460171C6B3C7D6C607D9AF9BEBB96B4B4E34CC733BF13159C1B0DE43CE
[TLS] sign_hash (32): 8E8B0C8AEB8BA5D06C534FDC9D39EFFC185A811C5502D57FD828FACB3DD9CFC8
[TLS] Written transcript to proofs/MSG_TLS_C0887D46.out, proofs/SIG_TLS_C0887D46.out and proofs/PK_TLS_C0887D46.der
Signature verification succeeds
[TLS] Server time: 1620000302
[TLS] client_random  (32): E3D96725EEC484AC181492EF90E9E03F65B3F2FF915D57EFA32210CE9183B597
[TLS] sign_hash (32): FF2EFE934BBF428202518A87956D8CDE36565B3C20F09EBCE7EEB96B4F301317
[TLS] Written transcript to proofs/MSG_TLS_E3D96725.out, proofs/SIG_TLS_E3D96725.out and proofs/PK_TLS_E3D96725.der
Signature verification succeeds
[TLS] Server time: 1620000302
[TLS] client_random  (32): B02E260EA1C5CE075371F7B8EFB27832B77940CD566D9E5B88FE646488412C5E
[TLS] sign_hash (32): 26EB38D0DD0B6392F20378A95D84EB21489FB6CEB6B4C92862EEDC35083D9AE9
[TLS] Written transcript to proofs/MSG_TLS_B02E260E.out, proofs/SIG_TLS_B02E260E.out and proofs/PK_TLS_B02E260E.der
Signature verification succeeds
[TLS] Server time: 1620000302
[TLS] client_random  (32): 7CA2E9A47A00E6102A78A7CF7577E2749D856E250775B08FD9FAC3030BA6E98B
[TLS] sign_hash (32): 0E78A5EA1E6FBFB25A915C014B35B243903B40D497ED16C38DFAD3CAFCBBE725
[TLS] Written transcript to proofs/MSG_TLS_7CA2E9A4.out, proofs/SIG_TLS_7CA2E9A4.out and proofs/PK_TLS_7CA2E9A4.der
Signature verification succeeds
[TLS] Server time: 1620000302
[TLS] client_random  (32): 2C8931D945E3BC354B0BE5059D4F170642BE0C7E5F818A3DAC26E4B3409BA577
[TLS] sign_hash (32): CDCE306E3F12AFF6EAE21F0559B31CB546D58E73D5DB34D8E13A963B3E660BBF
[TLS] Written transcript to proofs/MSG_TLS_2C8931D9.out, proofs/SIG_TLS_2C8931D9.out and proofs/PK_TLS_2C8931D9.der
Signature verification succeeds
[TLS] Server time: 1620000302
[TLS] client_random  (32): 201ECD8ECF6B59C34CB7EA29F5641DAE6A9FC05F7E9BBA7B0D6D87896DCB8D66
[TLS] sign_hash (32): 319005615330AF788848ABD4728B490449E56EF49BE25A9B3512AC6BBD195E96
[TLS] Written transcript to proofs/MSG_TLS_201ECD8E.out, proofs/SIG_TLS_201ECD8E.out and proofs/PK_TLS_201ECD8E.der
Signature verification succeeds
[TLS] Server time: 1620000302
[TLS] client_random  (32): 3F5F150CE2BDE7A12AA01713B916001061817A20A854EE2290A7A57FB7F3B656
[TLS] sign_hash (32): 67C8EF30AD53D1B60890EFD79D16B0BB1CDEA93C63DF9C89DAB6EF4F083F43FE
[TLS] Written transcript to proofs/MSG_TLS_3F5F150C.out, proofs/SIG_TLS_3F5F150C.out and proofs/PK_TLS_3F5F150C.der
Signature verification succeeds
[TLS] Server time: 1620000302
[TLS] client_random  (32): A8BC89CAE18B6FC95B477262586508B0C575756858A2071E11CBA0CC92CF5436
[TLS] sign_hash (32): 366DAB2F9A85E24058DE0D4FB2AE6B3ACAAEEA293CAE0706068473568DAE28BD
[TLS] Written transcript to proofs/MSG_TLS_A8BC89CA.out, proofs/SIG_TLS_A8BC89CA.out and proofs/PK_TLS_A8BC89CA.der
Signature verification succeeds
[TLS] Server time: 1620000302
[TLS] client_random  (32): B0D1EC4F4A60AFBDE12E49CF21617053FD8DA27FC33BE0774A0AD449BF4FD7F5
[TLS] sign_hash (32): D0632B713B17DAD59F28A629CB3292536E0D4D24CCB84771DBE9509E27AAE1F6
[TLS] Written transcript to proofs/MSG_TLS_B0D1EC4F.out, proofs/SIG_TLS_B0D1EC4F.out and proofs/PK_TLS_B0D1EC4F.der
Signature verification succeeds
[TLS] Server time: 1620000302
[TLS] client_random  (32): FABEDB69D160526F172AE402E508030BF7E359DF64948E3E39A71604C99165A8
[TLS] sign_hash (32): BC7087449386DB1B339449A722DE74F477884F29A8A613785B0E54713C5A89F1
[TLS] Written transcript to proofs/MSG_TLS_FABEDB69.out, proofs/SIG_TLS_FABEDB69.out and proofs/PK_TLS_FABEDB69.der
Signature verification succeeds
[TLS] Server time: 1620000302
[TLS] client_random  (32): 002B1AE00D216E0D58A3DD41FF8D06EC4BEF19C06DA0371769F797EB2E08036D
[TLS] sign_hash (32): 09DFBF4BF1C9B9E3A8F1F028EBF036655CC76AF7103A4E5ECF51E433811887EA
[TLS] Written transcript to proofs/MSG_TLS_002B1AE0.out, proofs/SIG_TLS_002B1AE0.out and proofs/PK_TLS_002B1AE0.der
Signature verification succeeds
[TLS] Server time: 1620000302
[TLS] client_random  (32): 1596398EE95397301EC8966CA95477E16301886A609F46F78D0B523F9DA2780D
[TLS] sign_hash (32): 6E95350C7426C47CACD309FB2C7944F30B86B73A4EBA57C07B2EDCD9CBB6F250
[TLS] Written transcript to proofs/MSG_TLS_1596398E.out, proofs/SIG_TLS_1596398E.out and proofs/PK_TLS_1596398E.der
Signature verification succeeds
[TLS] Server time: 1620000302
[TLS] client_random  (32): 7997DFB18C720D796634E27E8A978FCB7D20FFB77F7225E128054845C65770FF
[TLS] sign_hash (32): 0AC2C78E3B2313E341CC710FD0E096A2BD260BAE72DC0D4D3C3E3942EBEEBF90
[TLS] Written transcript to proofs/MSG_TLS_7997DFB1.out, proofs/SIG_TLS_7997DFB1.out and proofs/PK_TLS_7997DFB1.der
Signature verification succeeds
[TLS] Server time: 1620000302
[TLS] client_random  (32): DA635F06F3F5E58DFA0AB3855BE4F6FCA95052262E0C22549C79A422F804FBB9
[TLS] sign_hash (32): 6FD9CB28C35DB66B9464E24A8794C8D3F803D2FFCFD0ECAD7362D9F216388DC9
[TLS] Written transcript to proofs/MSG_TLS_DA635F06.out, proofs/SIG_TLS_DA635F06.out and proofs/PK_TLS_DA635F06.der
Signature verification succeeds
[TLS] Server time: 1620000302
[TLS] client_random  (32): 793EF794CD405849576F8C3F93F5D56E46385E82108E9B397390419FCB238F17
[TLS] sign_hash (32): 9C2D938C0716BB395AA8CFC4B4BA76E0B41C32711063827A9BDEB10F6B93FD26
[TLS] Written transcript to proofs/MSG_TLS_793EF794.out, proofs/SIG_TLS_793EF794.out and proofs/PK_TLS_793EF794.der
Signature verification succeeds
[TLS] Server time: 1620000302
[TLS] client_random  (32): DF7A8C9AC009BBB6BEE173407AA383DD12D2A34E32AB5F79657E3FCEE809B048
[TLS] sign_hash (32): 0414AE89E48203692EA71D4BC7E3DB4841BB641F373C54B00AFA5054CFE1AF03
[TLS] Written transcript to proofs/MSG_TLS_DF7A8C9A.out, proofs/SIG_TLS_DF7A8C9A.out and proofs/PK_TLS_DF7A8C9A.der
Signature verification succeeds
[TLS] Server time: 1620000302
[TLS] client_random  (32): 84D7FD5EB9086E8A257D4B4BEFF0A3ED55677696718640E7424C953B83454F2F
[TLS] sign_hash (32): 09FA146426025EC1CBD56823BF1F48B7287420CCF85E6DB31964A03B2057AD44
[TLS] Written transcript to proofs/MSG_TLS_84D7FD5E.out, proofs/SIG_TLS_84D7FD5E.out and proofs/PK_TLS_84D7FD5E.der
Signature verification succeeds
[TLS] Server time: 1620000302
[TLS] client_random  (32): 5891C3A28F941902882D02415147B0AA03BF9BC4C8165138A660D1BEF4208C9D
[TLS] sign_hash (32): 78784D1A3FA8FD14CB861F6229885DEF7D21B68EA42FDFB6E9061557B54993B2
[TLS] Written transcript to proofs/MSG_TLS_5891C3A2.out, proofs/SIG_TLS_5891C3A2.out and proofs/PK_TLS_5891C3A2.der
Signature verification succeeds
[TLS] Server time: 1620000302
[TLS] client_random  (32): 0C08C1F366563784853E5DB2D550261B9F4221F3F6760B3E4CB6CF40731717F9
[TLS] sign_hash (32): ADE4866388EDA97762CE759CEFC3B8685C8E6A929A1C07DFD4AB375934A7D095
[TLS] Written transcript to proofs/MSG_TLS_0C08C1F3.out, proofs/SIG_TLS_0C08C1F3.out and proofs/PK_TLS_0C08C1F3.der
Signature verification succeeds
[TLS] Server time: 1620000302
[TLS] client_random  (32): AF892E431DC27B80A6150AC0CE870BC7C4315AD8CD34FC8002251FB694A5E3AB
[TLS] sign_hash (32): FE4F1E88C970B0BBA96DD071CA20C50F7C01E41CEBB4960CE9A0F34A626E913E
[TLS] Written transcript to proofs/MSG_TLS_AF892E43.out, proofs/SIG_TLS_AF892E43.out and proofs/PK_TLS_AF892E43.der
Signature verification succeeds
[TLS] Server time: 1620000302
[TLS] client_random  (32): BDCEC115F5B7BB41AF21D31CDD6F261D0D4AB20973E661BC765BDA56A7384B8C
[TLS] sign_hash (32): FBBD30EF3B6CDC694D37A66CAB987910DAB3CBE6CEFD5FCBE29EB51484A330D2
[TLS] Written transcript to proofs/MSG_TLS_BDCEC115.out, proofs/SIG_TLS_BDCEC115.out and proofs/PK_TLS_BDCEC115.der
Signature verification succeeds
[TLS] Server time: 1620000302
[TLS] client_random  (32): 0E7A6630674CE2F59C7D49CB82AE252F99BF7068DD015D5DDEC6EB6CC8463B23
[TLS] sign_hash (32): 3C485F8A9A27F4659313BA2C341AEBEFB9B18873EB5ED017D746C72269738A29
[TLS] Written transcript to proofs/MSG_TLS_0E7A6630.out, proofs/SIG_TLS_0E7A6630.out and proofs/PK_TLS_0E7A6630.der
Signature verification succeeds
[TLS] Server time: 1620000302
[TLS] client_random  (32): 91177C3CEBBFF02CCC377F553CC669B12BD755EF53677548457B2BFE083A30ED
[TLS] sign_hash (32): 180534E4B1EB956110FC23839A4DF3C2E1AFA660F00694C435F8AC306DB4B93D
[TLS] Written transcript to proofs/MSG_TLS_91177C3C.out, proofs/SIG_TLS_91177C3C.out and proofs/PK_TLS_91177C3C.der
Signature verification succeeds
[TLS] Server time: 1620000302
[TLS] client_random  (32): 7D6A7017CEA5D6C1EF456CD5E652BB51FD6C4EC2A0A3D834AF000C3DF07FB161
[TLS] sign_hash (32): F8D83BDE6BA84EA46D475612B11D949F59F2718CF9D9D33155164B6DA979ABAE
[TLS] Written transcript to proofs/MSG_TLS_7D6A7017.out, proofs/SIG_TLS_7D6A7017.out and proofs/PK_TLS_7D6A7017.der
Signature verification succeeds
[TLS] Server time: 1620000302
[TLS] client_random  (32): 6A79B63B97DC3C8E64DD901CEEAB767E52ADDC2416AB782614B5A7527D6AA632
[TLS] sign_hash (32): 90B3B401E33C5E7BBE214BAB8DDF9D92362248D582FD371CF6E6795E25A8FE18
[TLS] Written transcript to proofs/MSG_TLS_6A79B63B.out, proofs/SIG_TLS_6A79B63B.out and proofs/PK_TLS_6A79B63B.der
Signature verification succeeds
[TLS] Server time: 1620000302
[TLS] client_random  (32): DF8F16E98C70E48FAD9ED99F95E768398E4E7719FB2D08D749DFFAD69A938B7D
[TLS] sign_hash (32): 19D9158190B48722F39B32C5B551FE9810C8B3B21AE2A0674AB14CAA6BD42636
[TLS] Written transcript to proofs/MSG_TLS_DF8F16E9.out, proofs/SIG_TLS_DF8F16E9.out and proofs/PK_TLS_DF8F16E9.der
Signature verification succeeds
[TLS] Server time: 1620000302
[TLS] client_random  (32): 812C74E06405EDB705EF6CF2A50ABE91B35E0F44C98DDD18DBBC4BAEE2E3042D
[TLS] sign_hash (32): 2BE936B7C868A16758805E7053069076A015CAB4804179F9A01804B4112B56BB
[TLS] Written transcript to proofs/MSG_TLS_812C74E0.out, proofs/SIG_TLS_812C74E0.out and proofs/PK_TLS_812C74E0.der
Signature verification succeeds
[TLS] Server time: 1620000302
[TLS] client_random  (32): BDBAEC9913A8B48610BBE4E7713F075579AB2029894B81E38F6D80E905165669
[TLS] sign_hash (32): B82C34FB8126BD4250A30DD274B89B816BCBBEBDA146412AD2742EAEDDA4F997
[TLS] Written transcript to proofs/MSG_TLS_BDBAEC99.out, proofs/SIG_TLS_BDBAEC99.out and proofs/PK_TLS_BDBAEC99.der
Signature verification succeeds
[TLS] Server time: 1620000302
[TLS] client_random  (32): 91307D12CD8303C22235A2AA97D108557ACBE655BCB4DAC17EFFECF6443C2E90
[TLS] sign_hash (32): ECE5A19FABA40ED6A7841F86EEEEE25D9B16CED1E0FE6B9AC9065E616E850983
[TLS] Written transcript to proofs/MSG_TLS_91307D12.out, proofs/SIG_TLS_91307D12.out and proofs/PK_TLS_91307D12.der
Signature verification succeeds
[TLS] Server time: 1620000302
[TLS] client_random  (32): 18999468E1206349B7E6AA298D9A616BA490E0C1589710A2FE693AB8302A226D
[TLS] sign_hash (32): 32B5B48F041ADED6A0758A079907567B8867BAE20202ADF9B1C391D3366FB5EF
[TLS] Written transcript to proofs/MSG_TLS_18999468.out, proofs/SIG_TLS_18999468.out and proofs/PK_TLS_18999468.der
Signature verification succeeds
[TLS] Server time: 1620000302
[TLS] client_random  (32): FE010C019085F6F13736B160D8F060AE538D4BA6EF49CFD56C7C06C5F37E1ED7
[TLS] sign_hash (32): 70444438F1D4654B7A3193489DA27148E82D2E29C6FAA650A69EAE6D1C5A71D3
[TLS] Written transcript to proofs/MSG_TLS_FE010C01.out, proofs/SIG_TLS_FE010C01.out and proofs/PK_TLS_FE010C01.der
Signature verification succeeds
[TLS] Server time: 1620000302
[TLS] client_random  (32): 25DC9A6D6EC64640F6E2B7D8941D320DCF20E7D8FDB237D7D3F2756B8D8FAEFF
[TLS] sign_hash (32): 8AE10402D535E7FBB56317BE1FCFEBDB1DA6C713DC98114536E047E2BFB041A2
[TLS] Written transcript to proofs/MSG_TLS_25DC9A6D.out, proofs/SIG_TLS_25DC9A6D.out and proofs/PK_TLS_25DC9A6D.der
Signature verification succeeds
[TLS] Server time: 1620000303
[TLS] client_random  (32): 7829E62B6F1075A7A332ED3CE331A76F94570079B52CF4A6C057ED237C32D21F
[TLS] sign_hash (32): 7A0608728E27AB6ED7B6E01528B6C72A7DD751195020E498C3BDEE73B1008610
[TLS] Written transcript to proofs/MSG_TLS_7829E62B.out, proofs/SIG_TLS_7829E62B.out and proofs/PK_TLS_7829E62B.der
Signature verification succeeds
[TLS] Server time: 1620000304
[TLS] client_random  (32): 823981E01083393FCF8C5EEE4E9A9295BDFF0193D5083A84B7A0A7309AC7DFBF
[TLS] sign_hash (32): 33162D691EFB69356B49CB22B2283A5D1E01D515736B82D1C7874A4099723581
[TLS] Written transcript to proofs/MSG_TLS_823981E0.out, proofs/SIG_TLS_823981E0.out and proofs/PK_TLS_823981E0.der
Signature verification succeeds
[TLS] Server time: 1620000304
[TLS] client_random  (32): 692B39CB4ECDC3D587CA2B7708E55217E1E3ADC419DDC61EA8962D28F6BDFA4B
[TLS] sign_hash (32): B1128BEFFC82C40FDE1BF39E1C459F7F549FA136D28B27BD1FCE73096266D6D4
[TLS] Written transcript to proofs/MSG_TLS_692B39CB.out, proofs/SIG_TLS_692B39CB.out and proofs/PK_TLS_692B39CB.der
Signature verification succeeds
[TLS] Server time: 1620000304
[TLS] client_random  (32): DE1D2C971BE3247539DB57BBBB88943DD698E40E1C6D78B4F9A83F5187F36734
[TLS] sign_hash (32): AAFBBC07D8FEEC82B6AF5D21E9B60A4AD1B175588D5FBE82BF8A526A9ABC6686
[TLS] Written transcript to proofs/MSG_TLS_DE1D2C97.out, proofs/SIG_TLS_DE1D2C97.out and proofs/PK_TLS_DE1D2C97.der
Signature verification succeeds
[TLS] Server time: 1620000304
[TLS] client_random  (32): A2A8D35FEB59205097794ED014D32D261A5BFB7024EE68BCBC8F9C92F5C40836
[TLS] sign_hash (32): 62EBC5958D7199FB346FC7A6AB27EB17D859378F53291B52D6694891F793AD1E
[TLS] Written transcript to proofs/MSG_TLS_A2A8D35F.out, proofs/SIG_TLS_A2A8D35F.out and proofs/PK_TLS_A2A8D35F.der
Signature verification succeeds
[TLS] Server time: 1620000304
[TLS] client_random  (32): 038BEE283E486B458D3F6F1FA13B2AC2C2000AB43FEA97AED06427640467FFB9
[TLS] sign_hash (32): 77FCCBCF3485E60ABEBEF2C51111B874DD1018A0D17945CD96FA4720590147D4
[TLS] Written transcript to proofs/MSG_TLS_038BEE28.out, proofs/SIG_TLS_038BEE28.out and proofs/PK_TLS_038BEE28.der
Signature verification succeeds
[TLS] Server time: 1620000304
[TLS] client_random  (32): FB5E39F04C5DB38940226B5008A3223CFD171F5FF81D430B21308F6A5AC691FA
[TLS] sign_hash (32): 19A2BAB3712BF4D90C24EE9F98AE485FE3F95CC4B093EA1A656DBBF08D2A4C6E
[TLS] Written transcript to proofs/MSG_TLS_FB5E39F0.out, proofs/SIG_TLS_FB5E39F0.out and proofs/PK_TLS_FB5E39F0.der
Signature verification succeeds
[TLS] Server time: 1620000304
[TLS] client_random  (32): 7617D78E24673464CB1EAA2D39F68A789BF31F702A29C07F3C65E557D72D4F43
[TLS] sign_hash (32): EE798AF08CD1F06CF725B745A083BB297560BED4F2C878A25332A77A1EDAE2F0
[TLS] Written transcript to proofs/MSG_TLS_7617D78E.out, proofs/SIG_TLS_7617D78E.out and proofs/PK_TLS_7617D78E.der
Signature verification succeeds
[TLS] Server time: 1620000304
[TLS] client_random  (32): CB128125C4A1156A80FAE15387F7F58D981AE154AD2FC545E6E8060A43273ED5
[TLS] sign_hash (32): BE8423AAF390C87F4C504E9BE13E563425FD400451149FFA9B8D2EF2A8698E9A
[TLS] Written transcript to proofs/MSG_TLS_CB128125.out, proofs/SIG_TLS_CB128125.out and proofs/PK_TLS_CB128125.der
Signature verification succeeds
[TLS] Server time: 1620000304
[TLS] client_random  (32): B48CD3BAABF4D43049FEF5CEE59966858841F07C89AB22B8437DDF682DC8311A
[TLS] sign_hash (32): BB7D498467C802BA3489DB6C9988475867E3D3A328C6FE51CE590F4F6B6AD5B7
[TLS] Written transcript to proofs/MSG_TLS_B48CD3BA.out, proofs/SIG_TLS_B48CD3BA.out and proofs/PK_TLS_B48CD3BA.der
Signature verification succeeds
[TLS] Server time: 1620000304
[TLS] client_random  (32): 0964BFEDF76153596C0C50A47EF2AEBE6590BB628D1D3262A3F28A44544CB8F6
[TLS] sign_hash (32): E091D6BF84BA2EE5A3B6360B4EBA9AC10DC7AE803C9B0C1EBF8254AB9F8D83DA
[TLS] Written transcript to proofs/MSG_TLS_0964BFED.out, proofs/SIG_TLS_0964BFED.out and proofs/PK_TLS_0964BFED.der
Signature verification succeeds
[TLS] Server time: 1620000304
[TLS] client_random  (32): E4CFD274495FF8135869D31347B89756E1ADFFCC9BD2043BC460F9AB75428925
[TLS] sign_hash (32): 0AF910461039566C7F45C7E159D0DA061A5AC22D83E8C2F63FF6D303BC3A984B
[TLS] Written transcript to proofs/MSG_TLS_E4CFD274.out, proofs/SIG_TLS_E4CFD274.out and proofs/PK_TLS_E4CFD274.der
Signature verification succeeds
[TLS] Server time: 1620000304
[TLS] client_random  (32): 6C4EF602C25A8A7A09DA92F1B63DBEA37899979FA036B796B391998906CDD591
[TLS] sign_hash (32): 2D54CBAD0D8DE92D195C3FB0947D3995E534F738543435BC2D951B79C244E753
[TLS] Written transcript to proofs/MSG_TLS_6C4EF602.out, proofs/SIG_TLS_6C4EF602.out and proofs/PK_TLS_6C4EF602.der
Signature verification succeeds
[TLS] Server time: 1620000304
[TLS] client_random  (32): FB2B9EBF7A24573A3EAD0245D23D88508C8607B3E341AFE009D26ADC354F8AD9
[TLS] sign_hash (32): 938B89781948FD45176A1D18BAF2A50BD9E1B9E72F4280D5AB4FE7816C056A70
[TLS] Written transcript to proofs/MSG_TLS_FB2B9EBF.out, proofs/SIG_TLS_FB2B9EBF.out and proofs/PK_TLS_FB2B9EBF.der
Signature verification succeeds
[TLS] Server time: 1620000304
[TLS] client_random  (32): 3A54BB1F2560528F585341632F9592445B657B92B5E3EA59049A308BE00892F5
[TLS] sign_hash (32): E64258E368F0F9FB7155C0EB47E94717A2F7E0A918E925F87F2FC4DF7F229255
[TLS] Written transcript to proofs/MSG_TLS_3A54BB1F.out, proofs/SIG_TLS_3A54BB1F.out and proofs/PK_TLS_3A54BB1F.der
Signature verification succeeds
[TLS] Server time: 1620000304
[TLS] client_random  (32): 8A40D9E7CF890C5083B34638C9B375ED6E2F34785AA5BF381351162F16238B9C
[TLS] sign_hash (32): B9D29C14528EE15F5CBC0A10BC7F87D1E96300FE5BC4737FD45F19066C3F7BD9
[TLS] Written transcript to proofs/MSG_TLS_8A40D9E7.out, proofs/SIG_TLS_8A40D9E7.out and proofs/PK_TLS_8A40D9E7.der
Signature verification succeeds
[TLS] Server time: 1620000304
[TLS] client_random  (32): CD7AC0652DA9E401CE6E357618B14C5DF3A9D2A92588EFA7FDA45B897D024571
[TLS] sign_hash (32): FFBF60A271ABA7D375B6091A7158C0DDEB2DA5BA6858176E21824854B2A769F9
[TLS] Written transcript to proofs/MSG_TLS_CD7AC065.out, proofs/SIG_TLS_CD7AC065.out and proofs/PK_TLS_CD7AC065.der
Signature verification succeeds
[TLS] Server time: 1620000304
[TLS] client_random  (32): 7652422BA5C6285788A88E872C0FA5E2076DDCC762F6C4AA1A997BFB1CB1CF93
[TLS] sign_hash (32): 8C76EA8361EC6A8BE647021F04B697F0559E17BCDB627B37F74EF6902ADFFC9F
[TLS] Written transcript to proofs/MSG_TLS_7652422B.out, proofs/SIG_TLS_7652422B.out and proofs/PK_TLS_7652422B.der
Signature verification succeeds
[TLS] Server time: 1620000304
[TLS] client_random  (32): 4F0A1AE95304F365FD53625CF74A8A2742AE8B77EFE547AE9151D03391546B8A
[TLS] sign_hash (32): 33D2DD853C4F91D50C73944A64AC888F17F4AE068BFBC7E3D2429C9A941DD5F0
[TLS] Written transcript to proofs/MSG_TLS_4F0A1AE9.out, proofs/SIG_TLS_4F0A1AE9.out and proofs/PK_TLS_4F0A1AE9.der
Signature verification succeeds
[TLS] Server time: 1620000304
[TLS] client_random  (32): 376C717615D95B6C2FB7F0E86B83052F5B7D3EBAE3670CF75371AA69041D55D0
[TLS] sign_hash (32): 9EB69F12FADF0A7CF5F252E5479D6D08D39780B44291BC81FE7F1647CF20E3A6
[TLS] Written transcript to proofs/MSG_TLS_376C7176.out, proofs/SIG_TLS_376C7176.out and proofs/PK_TLS_376C7176.der
Signature verification succeeds
[TLS] Server time: 1620000304
[TLS] client_random  (32): A09E1149936E37F4D97E38ECF984F77A1B73DA884E799BD9D7B4BA75D58AC4D3
[TLS] sign_hash (32): C57DFFAFA9847616E1F4C3F846337B90056445DC36AB16AC19EE33A5113D9A85
[TLS] Written transcript to proofs/MSG_TLS_A09E1149.out, proofs/SIG_TLS_A09E1149.out and proofs/PK_TLS_A09E1149.der
Signature verification succeeds
[TLS] Server time: 1620000304
[TLS] client_random  (32): 1D77793CA1B179CC436B91A2765880DC063B5EA9EA1D0BD6238C6B2186CEA51F
[TLS] sign_hash (32): B0A1C9F008239D27487ADF0A6747F92798891FEC516E54D0BC3BAD0B1C9EE273
[TLS] Written transcript to proofs/MSG_TLS_1D77793C.out, proofs/SIG_TLS_1D77793C.out and proofs/PK_TLS_1D77793C.der
Signature verification succeeds
[TLS] Server time: 1620000304
[TLS] client_random  (32): 8D3D3C448CB69E56F50D476B1C7333C38F27D8CC6DAC1F693B13B0D6289E281C
[TLS] sign_hash (32): 72FD3F0315BE76BA5FE1CFF110B52A2B74F0DBAF3DD6BF01E1D2EBFDE1C12DCA
[TLS] Written transcript to proofs/MSG_TLS_8D3D3C44.out, proofs/SIG_TLS_8D3D3C44.out and proofs/PK_TLS_8D3D3C44.der
Signature verification succeeds
[TLS] Server time: 1620000304
[TLS] client_random  (32): 061100BA1B5AFF6264483F5644FBAFBC83175AE13E26A155EAE124B6F1FD031E
[TLS] sign_hash (32): BFFEAEEDEB48B8EB1A707827F8DE6C119F9334E235B4426D88278682571DF973
[TLS] Written transcript to proofs/MSG_TLS_061100BA.out, proofs/SIG_TLS_061100BA.out and proofs/PK_TLS_061100BA.der
Signature verification succeeds
[TLS] Server time: 1620000304
[TLS] client_random  (32): 7DA4902EA9087DF6E7C3E62EEDCE5AC5FA0561E804A8FE8C95E9719851D0F02F
[TLS] sign_hash (32): 46C710AFF69E809BE2F6F482D5D83EE1F035F471E1807A5DE0113365E07BB656
[TLS] Written transcript to proofs/MSG_TLS_7DA4902E.out, proofs/SIG_TLS_7DA4902E.out and proofs/PK_TLS_7DA4902E.der
Signature verification succeeds
[TLS] Server time: 1620000304
[TLS] client_random  (32): D2B60454D042793B66FDB89FAF19C85C195CE99577363F83DFC58B2D806DF0A0
[TLS] sign_hash (32): 0D657889858457D5D7DAC795B352C0A3C3F64F16A787564D5FE44F72FC2C01F9
[TLS] Written transcript to proofs/MSG_TLS_D2B60454.out, proofs/SIG_TLS_D2B60454.out and proofs/PK_TLS_D2B60454.der
Signature verification succeeds
[TLS] Server time: 1620000304
[TLS] client_random  (32): C29D189627DB0AF7B666BC4FA7DD08C5576C6D731D4D5766E8A914C609938D0F
[TLS] sign_hash (32): D9B249DBDE77D4943506350F29EEB9DEA3E6E64001A61D6261F9609DD3BCB5CD
[TLS] Written transcript to proofs/MSG_TLS_C29D1896.out, proofs/SIG_TLS_C29D1896.out and proofs/PK_TLS_C29D1896.der
Signature verification succeeds
[TLS] Server time: 1620000304
[TLS] client_random  (32): 717B9B41758D9F283261EF62697CE3A69DC7EFBA899C0E9050ADEB691535AC85
[TLS] sign_hash (32): 811A99204C44CF553B2A2C359DCB4CD1CB7736036A87B957AA27BA7813F5318C
[TLS] Written transcript to proofs/MSG_TLS_717B9B41.out, proofs/SIG_TLS_717B9B41.out and proofs/PK_TLS_717B9B41.der
Signature verification succeeds
[TLS] Server time: 1620000304
[TLS] client_random  (32): 629FEC9EBA93BFCC647A6ACD4AC9A1CF3164EED40029D08861C3B8C66F23B5E4
[TLS] sign_hash (32): 291EA3C5AA0C38BBBDC5F40541478BE9AF36C46D252BCB61EAD10DEB7298FC7E
[TLS] Written transcript to proofs/MSG_TLS_629FEC9E.out, proofs/SIG_TLS_629FEC9E.out and proofs/PK_TLS_629FEC9E.der
Signature verification succeeds
[TLS] Server time: 1620000304
[TLS] client_random  (32): 5975A17B4A81CF975F44C2A3847FF2E37D3BBEC28DD145B0B624E0463BE7B4CD
[TLS] sign_hash (32): DF5A00C0DF5B562753886B33A82D7A0724A5087428EDF2FA8175FB8B238FB64F
[TLS] Written transcript to proofs/MSG_TLS_5975A17B.out, proofs/SIG_TLS_5975A17B.out and proofs/PK_TLS_5975A17B.der
Signature verification succeeds
[TLS] Server time: 1620000304
[TLS] client_random  (32): 3B3AA5BC8BDB62631DE2A2C0D4283B8AD8CC4A41D64713B72A91F7CD0086FEE5
[TLS] sign_hash (32): 143B786AC9A98E0AD236761837CA6C3F5930717B1F3CC4F893E95603DA584C33
[TLS] Written transcript to proofs/MSG_TLS_3B3AA5BC.out, proofs/SIG_TLS_3B3AA5BC.out and proofs/PK_TLS_3B3AA5BC.der
Signature verification succeeds
[TLS] Server time: 1620000304
[TLS] client_random  (32): 19587373B41D434E637D83C06C871B4A6F8B1F8ACB64DB0D31520B5C07A841A7
[TLS] sign_hash (32): FD53A2E9E871955AF7E163EA53DB5D83B680E4805D6663546FDC03C4FF558830
[TLS] Written transcript to proofs/MSG_TLS_19587373.out, proofs/SIG_TLS_19587373.out and proofs/PK_TLS_19587373.der
Signature verification succeeds
[TLS] Server time: 1620000304
[TLS] client_random  (32): D7544B4AC29041C40143572FAD9A14F4FFEFDFE2DCC793C798C47567240AB24F
[TLS] sign_hash (32): 7658A9F58D4AB9D71F3B8F29092278D23C9A25CD7E9E6B1D39995497FE084EE1
[TLS] Written transcript to proofs/MSG_TLS_D7544B4A.out, proofs/SIG_TLS_D7544B4A.out and proofs/PK_TLS_D7544B4A.der
Signature verification succeeds
[TLS] Server time: 1620000304
[TLS] client_random  (32): A880A987BFD12C86FCDDB1AE2A32829B3676929CBB13894113B1932BC20912A8
[TLS] sign_hash (32): 8F7D4CCA24D0EA418CF0FC431448D3194701C7BEE335A058CE0F9AE5D7F46860
[TLS] Written transcript to proofs/MSG_TLS_A880A987.out, proofs/SIG_TLS_A880A987.out and proofs/PK_TLS_A880A987.der
Signature verification succeeds
[TLS] Server time: 1620000304
[TLS] client_random  (32): 404E21BB37897F9A9F88FC81EC3AF7696A85A5E68EE340DE6CA8C6BA0409C3BD
[TLS] sign_hash (32): 9B9A5DFDFD06DCB9C99AB60A5849C8D4848D38FC40B5B716F9EE2572C7441458
[TLS] Written transcript to proofs/MSG_TLS_404E21BB.out, proofs/SIG_TLS_404E21BB.out and proofs/PK_TLS_404E21BB.der
Signature verification succeeds
[TLS] Server time: 1620000304
[TLS] client_random  (32): 4C92F27922635E1D8CC79C249DFE77B8A350331EEA6D59BF0A7E155D937635BE
[TLS] sign_hash (32): 96A1A866F6318DF3522867A74902E618033EC979984E4A8BC6C5C818DFBCE4E2
[TLS] Written transcript to proofs/MSG_TLS_4C92F279.out, proofs/SIG_TLS_4C92F279.out and proofs/PK_TLS_4C92F279.der
Signature verification succeeds
[TLS] Server time: 1620000304
[TLS] client_random  (32): 9370172CD8C42DABBCC65219BA4B151D089C99471204DA28D12F1A313D4619B6
[TLS] sign_hash (32): B506D43FD2F97188A582DA8DF7DA6BB966404976DF3A450969192ECDE8E75E06
[TLS] Written transcript to proofs/MSG_TLS_9370172C.out, proofs/SIG_TLS_9370172C.out and proofs/PK_TLS_9370172C.der
Signature verification succeeds
[TLS] Server time: 1620000304
[TLS] client_random  (32): 96A31962D89B95D3E5A42CE36BCDFBC5A4360A1CF368853AF9191D91B7F1DBBC
[TLS] sign_hash (32): 74EB82574758FB7E6D258CCEE9FD974E0922DCB05C6A8B5D936183649A5DEDDC
[TLS] Written transcript to proofs/MSG_TLS_96A31962.out, proofs/SIG_TLS_96A31962.out and proofs/PK_TLS_96A31962.der
Signature verification succeeds
[TLS] Server time: 1620000304
[TLS] client_random  (32): A7259630A8DD0BFE7D527B8DEE2C917411A1E9461D464D0CA5B7FF2E296747AD
[TLS] sign_hash (32): 1CF1E65BC97999597EA6C60C7685DA11A9121E2427DB2ABB48BD34A226419A07
[TLS] Written transcript to proofs/MSG_TLS_A7259630.out, proofs/SIG_TLS_A7259630.out and proofs/PK_TLS_A7259630.der
Signature verification succeeds
[TLS] Server time: 1620000304
[TLS] client_random  (32): 36D384B433F29D69BC3AF8EB1C67950F57058404F598FAE47EDEBA21FAB1F4AD
[TLS] sign_hash (32): D5183973F16D9146D9284D79A319479ED20C29119EC6722D0A84FCDEA0905306
[TLS] Written transcript to proofs/MSG_TLS_36D384B4.out, proofs/SIG_TLS_36D384B4.out and proofs/PK_TLS_36D384B4.der
Signature verification succeeds
[TLS] Server time: 1620000304
[TLS] client_random  (32): A57ACB5088996466CD3D7CDB4E18275F20F9003A7B0370789F7E575162C87F81
[TLS] sign_hash (32): 33BE474E18F2036AE12BC75C9314F6CAFD07E89C635CFCA2728718965F15E1C3
[TLS] Written transcript to proofs/MSG_TLS_A57ACB50.out, proofs/SIG_TLS_A57ACB50.out and proofs/PK_TLS_A57ACB50.der
Signature verification succeeds
[TLS] Server time: 1620000304
[TLS] client_random  (32): 04E7E07FE955E30DEB187D9122C0380C46AED6C15318072B53275F0B6CF0D749
[TLS] sign_hash (32): BC4E119D8FCD22F05DD1364FC344D7BF67DC76F0474EA0A054B87D0EE6A72459
[TLS] Written transcript to proofs/MSG_TLS_04E7E07F.out, proofs/SIG_TLS_04E7E07F.out and proofs/PK_TLS_04E7E07F.der
Signature verification succeeds
[TLS] Server time: 1620000304
[TLS] client_random  (32): 41EC7470F1BEC3B4A376ED55C5C713A5A480080E6D80A639FAA8453A9656FE86
[TLS] sign_hash (32): 1521018F90B487855EE25D17FAD9FD95EED21709F8BC3DC5FB7199D6F1FB1A6D
[TLS] Written transcript to proofs/MSG_TLS_41EC7470.out, proofs/SIG_TLS_41EC7470.out and proofs/PK_TLS_41EC7470.der
Signature verification succeeds
[TLS] Server time: 1620000304
[TLS] client_random  (32): F692C7A8007D4115315C229C9A9D4981DBBC71B430AA675C56B73B2B96E83390
[TLS] sign_hash (32): 2A39D430630EEB2CEF286C952E65910DD2D5626149F343D4265B3B83C704BCC1
[TLS] Written transcript to proofs/MSG_TLS_F692C7A8.out, proofs/SIG_TLS_F692C7A8.out and proofs/PK_TLS_F692C7A8.der
Signature verification succeeds
[TLS] Server time: 1620000304
[TLS] client_random  (32): 72FEBDE9B744AAAC6C0EFA2EEF4C5A0CBFB13BBDEB686E49F67D019F16177BF7
[TLS] sign_hash (32): 678701228BF4B8A260EA7BDECB967AA0FBE660D9E6820B05BF9BA7563F395C15
[TLS] Written transcript to proofs/MSG_TLS_72FEBDE9.out, proofs/SIG_TLS_72FEBDE9.out and proofs/PK_TLS_72FEBDE9.der
Signature verification succeeds
[TLS] Server time: 1620000304
[TLS] client_random  (32): A6F2BAE8DFE337D1DEDC02E8EFE24FCCFCEC579531B7FF103A561E360D230D90
[TLS] sign_hash (32): 9982E29BCB607FBC4DBB610CE6150B4AB632F8DB540C18E640C9974DA4F36DD2
[TLS] Written transcript to proofs/MSG_TLS_A6F2BAE8.out, proofs/SIG_TLS_A6F2BAE8.out and proofs/PK_TLS_A6F2BAE8.der
Signature verification succeeds
[TLS] Server time: 1620000304
[TLS] client_random  (32): E9B4A7B37B17291B8D3495683436852D023FC2EE5E12005ED527356826B860AA
[TLS] sign_hash (32): 4B80DD137D73FDE7A9F354F8F6313589DACBDADFB252A847DC67976B33436218
[TLS] Written transcript to proofs/MSG_TLS_E9B4A7B3.out, proofs/SIG_TLS_E9B4A7B3.out and proofs/PK_TLS_E9B4A7B3.der
Signature verification succeeds
[TLS] Server time: 1620000304
[TLS] client_random  (32): BFF7717251FB12EA4BB23BE93F55AD521CE86EDB8595C86811EB8C59104C668C
[TLS] sign_hash (32): D3B1C4383D8800EE5CB8B935BC290E8E12D58C63A387AD571E66C888D1167F4F
[TLS] Written transcript to proofs/MSG_TLS_BFF77172.out, proofs/SIG_TLS_BFF77172.out and proofs/PK_TLS_BFF77172.der
Signature verification succeeds
[TLS] Server time: 1620000304
[TLS] client_random  (32): FB8FA81DE3C9876274D922E9E46404F28939AE9684B4CDEF7DCF0C8DED11471A
[TLS] sign_hash (32): B54C12E9DEE7AD4E7140ACCDA21790F6B767DDE2B8C1467CE55F674380B3C2D8
[TLS] Written transcript to proofs/MSG_TLS_FB8FA81D.out, proofs/SIG_TLS_FB8FA81D.out and proofs/PK_TLS_FB8FA81D.der
Signature verification succeeds
[TLS] Server time: 1620000304
[TLS] client_random  (32): 704D29EDADCBC87463B85AF75991E41671A454CFC0F313B0408C371AE8F655B0
[TLS] sign_hash (32): 2B5B4CB70282C2F8CD99B7D59E03152D64210BF826771509332B040C3D863ED0
[TLS] Written transcript to proofs/MSG_TLS_704D29ED.out, proofs/SIG_TLS_704D29ED.out and proofs/PK_TLS_704D29ED.der
Signature verification succeeds
[TLS] Server time: 1620000304
[TLS] client_random  (32): FF96A284FDD5E3C64AB1A3CDCC79C79DE0FE62963CB2FDB3427F917768A48A6C
[TLS] sign_hash (32): 53DC75D01D7E32FAFC134C0830D9F15D8262F030CD7EC5BB3C520A4062EEE30F
[TLS] Written transcript to proofs/MSG_TLS_FF96A284.out, proofs/SIG_TLS_FF96A284.out and proofs/PK_TLS_FF96A284.der
Signature verification succeeds
[TLS] Server time: 1620000304
[TLS] client_random  (32): AD338C4AF45D6C948550E3D26738AAD70BF8E2D402A738B5FEFABF4DD2F8130A
[TLS] sign_hash (32): 07B80A4630EC72C5EF5ECDE7D6CA8544FE59A106587E3F46DB86D4DAA43F3F24
[TLS] Written transcript to proofs/MSG_TLS_AD338C4A.out, proofs/SIG_TLS_AD338C4A.out and proofs/PK_TLS_AD338C4A.der
Signature verification succeeds
[TLS] Server time: 1620000305
[TLS] client_random  (32): 195B19EF75E64593F3209E9EA1A4C7AD36B41CF1BA82055E51BE8D6280ECAE88
[TLS] sign_hash (32): 44819D7A42937E479D7610163C7317AF71288380267689A0A397D2816CD557A6
[TLS] Written transcript to proofs/MSG_TLS_195B19EF.out, proofs/SIG_TLS_195B19EF.out and proofs/PK_TLS_195B19EF.der
Signature verification succeeds
[TLS] Server time: 1620000305
[TLS] client_random  (32): 9505CC8E206027C5BD2667B663BD883AF4E2B92A72EE7A67BBCCA0CA12535E19
[TLS] sign_hash (32): AF59AFACB86D1C9491FE3637BA4060A66B4E5C1C59E9D90CD3903937FDC5D622
[TLS] Written transcript to proofs/MSG_TLS_9505CC8E.out, proofs/SIG_TLS_9505CC8E.out and proofs/PK_TLS_9505CC8E.der
Signature verification succeeds
[TLS] Server time: 1620000305
[TLS] client_random  (32): 1E5B365EFBFA4FB4922B6246B17EFB5A8B536A374B7D525C621F07B0B986FF4C
[TLS] sign_hash (32): 87421DB970DCBEF33F4EDC87A2D969F1F8CFB53A69A41A6C4D37631CA787A07F
[TLS] Written transcript to proofs/MSG_TLS_1E5B365E.out, proofs/SIG_TLS_1E5B365E.out and proofs/PK_TLS_1E5B365E.der
Signature verification succeeds
[TLS] Server time: 1620000305
[TLS] client_random  (32): DA0B0960B6AF2280BDBEC0BF3CEA3189C73E54AA16051BE653AE6A976CBE90AB
[TLS] sign_hash (32): DCC759050C0C5801D063A40638CB191270B51E5FAA4EAAFBA8353AF88A15C3A2
[TLS] Written transcript to proofs/MSG_TLS_DA0B0960.out, proofs/SIG_TLS_DA0B0960.out and proofs/PK_TLS_DA0B0960.der
Signature verification succeeds
[TLS] Server time: 1620000305
[TLS] client_random  (32): BEF1E5A8D3A1B87D92255EFC233D3CDC8C84459C257037175C529D23B89895B2
[TLS] sign_hash (32): E6F683BE5E7FCB5E50492B707163AA1D9A64FE8D44FAD5987257987F48BB43D2
[TLS] Written transcript to proofs/MSG_TLS_BEF1E5A8.out, proofs/SIG_TLS_BEF1E5A8.out and proofs/PK_TLS_BEF1E5A8.der
Signature verification succeeds
[TLS] Server time: 1620000305
[TLS] client_random  (32): 2FA561304DBD996D6846A520D4A04366C39B549F7BE4FB475DF8AD5344347A5B
[TLS] sign_hash (32): 430C95D7542427F28FFE2E23745895AB014CED4DE7036222813F1EE1B7D369FF
[TLS] Written transcript to proofs/MSG_TLS_2FA56130.out, proofs/SIG_TLS_2FA56130.out and proofs/PK_TLS_2FA56130.der
Signature verification succeeds
[TLS] Server time: 1620000305
[TLS] client_random  (32): 599032C843164619C99580265D2ACBEEC3E77BB52566FFB2734BEB714E460AB1
[TLS] sign_hash (32): BF0FC7281097AD4DD80A729BCF90C623C5D3ABE1ABA03CD413D677DEFF9A0635
[TLS] Written transcript to proofs/MSG_TLS_599032C8.out, proofs/SIG_TLS_599032C8.out and proofs/PK_TLS_599032C8.der
Signature verification succeeds
[TLS] Server time: 1620000305
[TLS] client_random  (32): 3C281945BEFF241213228A4BA2D8C71EE1F83659311B1EC2B20A5EAA59B17736
[TLS] sign_hash (32): 25E7ED403B47026101A9DC50297E14F58C555A2B64D9FFCB0D6154214217B3C8
[TLS] Written transcript to proofs/MSG_TLS_3C281945.out, proofs/SIG_TLS_3C281945.out and proofs/PK_TLS_3C281945.der
Signature verification succeeds
[TLS] Server time: 1620000305
[TLS] client_random  (32): 3B623D28CD1CA174E6F16E4A57C1A9D16C6EB9C661F1180F59A2C3328F7E26D0
[TLS] sign_hash (32): 74B31F9A9F11AC3B7BBAB752346A702F1B18C34F45A6E5B6D2664334F30B278D
[TLS] Written transcript to proofs/MSG_TLS_3B623D28.out, proofs/SIG_TLS_3B623D28.out and proofs/PK_TLS_3B623D28.der
Signature verification succeeds
[TLS] Server time: 1620000305
[TLS] client_random  (32): 1A655BC8E924A4DA157543904779B29E91FB493E07C75B7FB24455707F3E13DD
[TLS] sign_hash (32): F476FCCB2104F056E56F9F8B4E39B39028D69F5B7ED82444FBFEC1789C2CB7B7
[TLS] Written transcript to proofs/MSG_TLS_1A655BC8.out, proofs/SIG_TLS_1A655BC8.out and proofs/PK_TLS_1A655BC8.der
Signature verification succeeds
[TLS] Server time: 1620000305
[TLS] client_random  (32): 75624DCE0EC4CD35E15733BBB3B4F45AF7FEA265AE04CC9C7EE299C02FF4DD7A
[TLS] sign_hash (32): 60AC5D07C0FC80952D5DA1C0BFEC55C570AEB1350F1D9DF2F77E325FD395DFF4
[TLS] Written transcript to proofs/MSG_TLS_75624DCE.out, proofs/SIG_TLS_75624DCE.out and proofs/PK_TLS_75624DCE.der
Signature verification succeeds
[TLS] Server time: 1620000305
[TLS] client_random  (32): 4F48C2FA28A45A4683020D512CBBFD1CCA2B81FDE09A7CD46EBBA4179223214F
[TLS] sign_hash (32): 5E8E2F20B7DAEF52E0D9FEC95540D297F0973FA7B227997932219882FC4F3A7C
[TLS] Written transcript to proofs/MSG_TLS_4F48C2FA.out, proofs/SIG_TLS_4F48C2FA.out and proofs/PK_TLS_4F48C2FA.der
Signature verification succeeds
[TLS] Server time: 1620000305
[TLS] client_random  (32): C2FF67B8386B924C4D347B033B1A61BC16F4A63DFDD5070392207775F4747EE6
[TLS] sign_hash (32): 5C584EE11D3F6FA2276B373A121E555898A7D809DD6950DB867600E475B46967
[TLS] Written transcript to proofs/MSG_TLS_C2FF67B8.out, proofs/SIG_TLS_C2FF67B8.out and proofs/PK_TLS_C2FF67B8.der
Signature verification succeeds
[TLS] Server time: 1620000305
[TLS] client_random  (32): F661A21BEC60826E4E74409E400DD55F0285395F301EDC20DF817DE3A0D1FDD3
[TLS] sign_hash (32): 769515785BF70204A36214025688B0D3508180A18CE1478ADF5B099C4CF82BD8
[TLS] Written transcript to proofs/MSG_TLS_F661A21B.out, proofs/SIG_TLS_F661A21B.out and proofs/PK_TLS_F661A21B.der
Signature verification succeeds
[TLS] Server time: 1620000305
[TLS] client_random  (32): DDC2BB5C43A33489D406515F56E4E0D7B3054322A5E9D53EA0A1C78986DA0787
[TLS] sign_hash (32): 9174025748023DE53A142C46493F4F8EF49E74B699B1A1B9659281C2F35CC725
[TLS] Written transcript to proofs/MSG_TLS_DDC2BB5C.out, proofs/SIG_TLS_DDC2BB5C.out and proofs/PK_TLS_DDC2BB5C.der
Signature verification succeeds
[TLS] Server time: 1620000305
[TLS] client_random  (32): 4F4D38A7792062FCEADE41F6C385C18CD9DD65F6A3A3B7FCC5CDCD496E2DF209
[TLS] sign_hash (32): 6752DBA2418B59358F827BA76D32B29D60EF35141BF4768B1C0303D044371B34
[TLS] Written transcript to proofs/MSG_TLS_4F4D38A7.out, proofs/SIG_TLS_4F4D38A7.out and proofs/PK_TLS_4F4D38A7.der
Signature verification succeeds
[TLS] Server time: 1620000305
[TLS] client_random  (32): 5A68D8761AB230F5A05F09A63AAEB2C253FDE2EA341C2927E78C0ADC440B260D
[TLS] sign_hash (32): 98EC6EE71AF89F396C6CE7C670BC9FDE2FEC63F251F722358DF9A847BB65680F
[TLS] Written transcript to proofs/MSG_TLS_5A68D876.out, proofs/SIG_TLS_5A68D876.out and proofs/PK_TLS_5A68D876.der
Signature verification succeeds
[TLS] Server time: 1620000305
[TLS] client_random  (32): CD33E66205CFCA0884C231DC969D245A0BCDB760073EF83E57B5F0F8D94C9C1C
[TLS] sign_hash (32): 0F6A70CF1FE08F7BCF97C0BAC3FEAA6CB101C22F3C20A92A9225613ED83DBEE2
[TLS] Written transcript to proofs/MSG_TLS_CD33E662.out, proofs/SIG_TLS_CD33E662.out and proofs/PK_TLS_CD33E662.der
Signature verification succeeds
[TLS] Server time: 1620000305
[TLS] client_random  (32): 1833A4387A9F20820C1249F24ACD727CBDC0C8DEB0D274B4A487B1C81D8FF6C4
[TLS] sign_hash (32): C8458EDF6E60DA0D26FF24EA44F304327B90180652098B5FE8F8C3DE556B1146
[TLS] Written transcript to proofs/MSG_TLS_1833A438.out, proofs/SIG_TLS_1833A438.out and proofs/PK_TLS_1833A438.der
Signature verification succeeds
Time breakdown (averages): anchor_ping:24.114042 file_read:0.141006 hashing:0.470688
Total time for 119 rounds is 2966.486162ms
Standard deviations: anchor_ping:105.331515 file_read:0.013474 hashing:0.004951
[Client-side ops] mean:0.611694 sd:0.014258
in & out anchor rand written to proofs/phase1.out
     49 [TLS] Server time: 1620000302
      1 [TLS] Server time: 1620000303
     51 [TLS] Server time: 1620000304
     19 [TLS] Server time: 1620000305
Count is 49
Count is 1
Count is 51
Count is 19
success: 0
Sleeping before retrying
CONF: anchor:sruc.ac.uk fs:1024MB n_rounds:119 seed:5c9f4bf9bbc15bb855f82faedc5a52fc3ab2dfa8ec3ba3ce1b270f31fa0cced2 filename:FILE bs:1024 nops:100 benchmarking:0 anchor_ping:1 queue_depth:32 direct:0
[TLS] Connecting to sruc.ac.uk
[TLS] Server time: 1620000306
[TLS] client_random  (32): 5C9F4BF9BBC15BB855F82FAEDC5A52FC3AB2DFA8EC3BA3CE1B270F31FA0CCED2
[TLS] sign_hash (32): 2FAB5A3D64469E149537F779DC37E930CDEEA558A5BFE841B42DD3DCACCDB3FF
[TLS] Written transcript to proofs/MSG_TLS_5C9F4BF9.out, proofs/SIG_TLS_5C9F4BF9.out and proofs/PK_TLS_5C9F4BF9.der
Signature verification succeeds
[TLS] Server time: 1620000306
[TLS] client_random  (32): 9447AE24A065C867AB8F8351A4719BA506CB6035CDAE7269CBDFF65E3FC77293
[TLS] sign_hash (32): 28B4815775FB15402858905344DE2C652EC3245C506C841597A878D36FF28EAB
[TLS] Written transcript to proofs/MSG_TLS_9447AE24.out, proofs/SIG_TLS_9447AE24.out and proofs/PK_TLS_9447AE24.der
Signature verification succeeds
[TLS] Server time: 1620000306
[TLS] client_random  (32): 24E74CD799EC34028D7971B56CE31F9B763EF3C21C12C1341FF3E6F21F4D3DB1
[TLS] sign_hash (32): 68D21FFA453596DE1FE7B256BB4152E016396F7CE414789CFB53F881BBD91DCB
[TLS] Written transcript to proofs/MSG_TLS_24E74CD7.out, proofs/SIG_TLS_24E74CD7.out and proofs/PK_TLS_24E74CD7.der
Signature verification succeeds
[TLS] Server time: 1620000306
[TLS] client_random  (32): 9D8BBDEA105A63367435105959BDD7E8FC2DFFD553DDF8C763A4A2D9B93CAF56
[TLS] sign_hash (32): 3DCAB474552DB704DAC26C33242309FF7CDB4BCF0B2FC611B98D9AF3FC2DA2D0
[TLS] Written transcript to proofs/MSG_TLS_9D8BBDEA.out, proofs/SIG_TLS_9D8BBDEA.out and proofs/PK_TLS_9D8BBDEA.der
Signature verification succeeds
[TLS] Server time: 1620000306
[TLS] client_random  (32): 31A45F830BDF74BBA1F01DFA927D24054DAE55495A47F6F37EBA2950ABA14B7A
[TLS] sign_hash (32): 61616D56B45124D733B8047D0F985D5662B34CECC4C7E4D387E772AB67702E39
[TLS] Written transcript to proofs/MSG_TLS_31A45F83.out, proofs/SIG_TLS_31A45F83.out and proofs/PK_TLS_31A45F83.der
Signature verification succeeds
[TLS] Server time: 1620000306
[TLS] client_random  (32): 647AB026D2EC6C1DE0417E52782676BB393B1F37F74BA5178E7D794CDB5CF0F1
[TLS] sign_hash (32): EABA9E320D5412CCD338AEA0C0BE01B8C3FD00A485D99E1D1F595144A563819B
[TLS] Written transcript to proofs/MSG_TLS_647AB026.out, proofs/SIG_TLS_647AB026.out and proofs/PK_TLS_647AB026.der
Signature verification succeeds
[TLS] Server time: 1620000306
[TLS] client_random  (32): 4834E3FCEB92C50521F0CAB84EA0818FE6FC199B2E7584FFE4B836181F30DCE3
[TLS] sign_hash (32): 4A00D34A4890E6947B83F92B82807F78AA732F376005AAB63BDF5C0A53AB59F1
[TLS] Written transcript to proofs/MSG_TLS_4834E3FC.out, proofs/SIG_TLS_4834E3FC.out and proofs/PK_TLS_4834E3FC.der
Signature verification succeeds
[TLS] Server time: 1620000306
[TLS] client_random  (32): E0B771509D06721E615DC4907E47398B6A613860B35F76F430EF471862AD2BFB
[TLS] sign_hash (32): 68D3E4127DD3B190D9A70387B9B8FE47E02C4088B6A83E3242923A180814CCA4
[TLS] Written transcript to proofs/MSG_TLS_E0B77150.out, proofs/SIG_TLS_E0B77150.out and proofs/PK_TLS_E0B77150.der
Signature verification succeeds
[TLS] Server time: 1620000306
[TLS] client_random  (32): B4863A715BA021F3DDB38235720C26B4AA2EF7839C65D3EF74EA917A447AB0BF
[TLS] sign_hash (32): C1D28C0D67664F31138D57A3D55561855FD1D1A886C78AAFCF6680C95AFBCC9E
[TLS] Written transcript to proofs/MSG_TLS_B4863A71.out, proofs/SIG_TLS_B4863A71.out and proofs/PK_TLS_B4863A71.der
Signature verification succeeds
[TLS] Server time: 1620000306
[TLS] client_random  (32): F6552EC9DF1F68CB1770FAD12F0D7C7C825D66CA49376461E389604FF2568F9C
[TLS] sign_hash (32): 1B9BEC5A7F12AF776205D81BFA137229F8FA1DD124099C4D0CDE6D02F8AEFED4
[TLS] Written transcript to proofs/MSG_TLS_F6552EC9.out, proofs/SIG_TLS_F6552EC9.out and proofs/PK_TLS_F6552EC9.der
Signature verification succeeds
[TLS] Server time: 1620000306
[TLS] client_random  (32): FEC899106DA3BD79655C6B5597229041FD11793D52FCC77E17DDD29A84B9568B
[TLS] sign_hash (32): A224C715B348AB24039DBE466F46299A3D14B407DA4EBEFF8038CCAB75BE32CD
[TLS] Written transcript to proofs/MSG_TLS_FEC89910.out, proofs/SIG_TLS_FEC89910.out and proofs/PK_TLS_FEC89910.der
Signature verification succeeds
[TLS] Server time: 1620000306
[TLS] client_random  (32): FC081E84F9F1CE6F507E1F1D144B196F6F7675264DFF574F4ECF576B9D286A58
[TLS] sign_hash (32): 8575125423A06BECACE73F9FA3817EC0518C8587DE120A251E4BD15E72F0325C
[TLS] Written transcript to proofs/MSG_TLS_FC081E84.out, proofs/SIG_TLS_FC081E84.out and proofs/PK_TLS_FC081E84.der
Signature verification succeeds
[TLS] Server time: 1620000306
[TLS] client_random  (32): 4E2F202FDD28E6A616BC55998BD20D853115C50BCD178DFD3DC4D698BAD48198
[TLS] sign_hash (32): DF3EAD24F8CB870D61BD5C8988D628B150F9999A15B70A38EF7D38AD370CEF3E
[TLS] Written transcript to proofs/MSG_TLS_4E2F202F.out, proofs/SIG_TLS_4E2F202F.out and proofs/PK_TLS_4E2F202F.der
Signature verification succeeds
[TLS] Server time: 1620000306
[TLS] client_random  (32): B85500D01637A455135C4DAA2E02D62EC55E7B711A9F3286956760C30F4EFA6E
[TLS] sign_hash (32): E642D33BC19F006754DE072DEEB0345B43D1679EA0D916D69A3E8FA8547133E6
[TLS] Written transcript to proofs/MSG_TLS_B85500D0.out, proofs/SIG_TLS_B85500D0.out and proofs/PK_TLS_B85500D0.der
Signature verification succeeds
[TLS] Server time: 1620000306
[TLS] client_random  (32): 1129457D50C6EF277952BB9BCE3F69F6CDB4C32BF11226B6289731F07A481C28
[TLS] sign_hash (32): BB124F8A88F8529D4DB8AA346DE864E56BE4253CEE32EC75E5837B324A4BD65D
[TLS] Written transcript to proofs/MSG_TLS_1129457D.out, proofs/SIG_TLS_1129457D.out and proofs/PK_TLS_1129457D.der
Signature verification succeeds
[TLS] Server time: 1620000306
[TLS] client_random  (32): BE0026395455ED304D9D2EF65B994350F77AAD8DD28E2F01B5731BBECB7FA130
[TLS] sign_hash (32): 13B19C69FE4276810E0734B7891827A215DFC303B62AB7B103B14BE932963730
[TLS] Written transcript to proofs/MSG_TLS_BE002639.out, proofs/SIG_TLS_BE002639.out and proofs/PK_TLS_BE002639.der
Signature verification succeeds
[TLS] Server time: 1620000306
[TLS] client_random  (32): D37B02FF321A4745885B12CD7EEA3B007160E5A4DA1ABC92FCD648C1EC1DC95F
[TLS] sign_hash (32): 42565C97FA3350379537B30F1DF3A12ED71A55EA0B44BFDF39AA585C725F8B92
[TLS] Written transcript to proofs/MSG_TLS_D37B02FF.out, proofs/SIG_TLS_D37B02FF.out and proofs/PK_TLS_D37B02FF.der
Signature verification succeeds
[TLS] Server time: 1620000306
[TLS] client_random  (32): F6C0216F2157CEF908F72C96E7FE99D96DB55ADCD99062BF203688817F397A7D
[TLS] sign_hash (32): 9AD01499210373E2AA35BEBD59CC7FDEE616C5FA03681FE5E128D4870DBE23C2
[TLS] Written transcript to proofs/MSG_TLS_F6C0216F.out, proofs/SIG_TLS_F6C0216F.out and proofs/PK_TLS_F6C0216F.der
Signature verification succeeds
[TLS] Server time: 1620000306
[TLS] client_random  (32): 9D8891CB1E4F52386ED62176502242FD0F25471C31571823E8901B64C5A7D0AA
[TLS] sign_hash (32): 5AE498680CA0E388F77FC06C89806ED38ACEAF09FA545C1302FAF39A49CD3C98
[TLS] Written transcript to proofs/MSG_TLS_9D8891CB.out, proofs/SIG_TLS_9D8891CB.out and proofs/PK_TLS_9D8891CB.der
Signature verification succeeds
[TLS] Server time: 1620000306
[TLS] client_random  (32): DE645523116F4823AA05E4323CFCCFAECDB262E1E9D66F916597BBE80AC1E58C
[TLS] sign_hash (32): 7BE47947ECC213C8FB9CEAB44F480ED05FB97D93F41403AEBD9E2EF0BE37E7BC
[TLS] Written transcript to proofs/MSG_TLS_DE645523.out, proofs/SIG_TLS_DE645523.out and proofs/PK_TLS_DE645523.der
Signature verification succeeds
[TLS] Server time: 1620000306
[TLS] client_random  (32): 61F54E9C045AD9F20B6E94BB18FF57EECCDE22591C7162BECDE384C5CD7CF5F4
[TLS] sign_hash (32): 30BBD9F2AFFC07491AD44F60493CE06D6836ED644CF957D3953675E2D5872FBA
[TLS] Written transcript to proofs/MSG_TLS_61F54E9C.out, proofs/SIG_TLS_61F54E9C.out and proofs/PK_TLS_61F54E9C.der
Signature verification succeeds
[TLS] Server time: 1620000306
[TLS] client_random  (32): E5DB36F123157B913E31F823A63162D4D1E28CD0371BD5E4C1332B89AA988102
[TLS] sign_hash (32): E95D3A971BFD0987F3C69A1946067676BEC9D81A037C65259D94C50A771757A9
[TLS] Written transcript to proofs/MSG_TLS_E5DB36F1.out, proofs/SIG_TLS_E5DB36F1.out and proofs/PK_TLS_E5DB36F1.der
Signature verification succeeds
[TLS] Server time: 1620000306
[TLS] client_random  (32): 0D15B20244C9B680B7F6C7C085E3971CA78EB396B16CBCDF62DA47A306C7F45D
[TLS] sign_hash (32): 906E0D7C7201B6630C13E5FE0F59EDD98A564DDF85DA30C3D105D9FCED926974
[TLS] Written transcript to proofs/MSG_TLS_0D15B202.out, proofs/SIG_TLS_0D15B202.out and proofs/PK_TLS_0D15B202.der
Signature verification succeeds
[TLS] Server time: 1620000307
[TLS] client_random  (32): A615FA04989969A47784430D85FE32A84C030ED77F4650483EAF39082994EC4A
[TLS] sign_hash (32): DD5110639321B0EFAD28A0E2A7F192C1C03D694DC2D2A2C775016019FD0AA3B6
[TLS] Written transcript to proofs/MSG_TLS_A615FA04.out, proofs/SIG_TLS_A615FA04.out and proofs/PK_TLS_A615FA04.der
Signature verification succeeds
[TLS] Server time: 1620000307
[TLS] client_random  (32): A81DDE43352D0859CCC4D87381BCB8D490FCA761D596B6553C34AAAF40BF6A86
[TLS] sign_hash (32): 36E48E2404D55A51E8280224590BC51E769B59C40BC50D2C837A7A0C0DD59CD9
[TLS] Written transcript to proofs/MSG_TLS_A81DDE43.out, proofs/SIG_TLS_A81DDE43.out and proofs/PK_TLS_A81DDE43.der
Signature verification succeeds
[TLS] Server time: 1620000307
[TLS] client_random  (32): EB1E0C74F7EA99015570408CE4639219A5A2BD8A9AE24F2CFE78A7B6DE7892FF
[TLS] sign_hash (32): CFAD0EB0438997D83B88E20F89171F5E1808CBEF58F02EA76BBD7854A1CA7534
[TLS] Written transcript to proofs/MSG_TLS_EB1E0C74.out, proofs/SIG_TLS_EB1E0C74.out and proofs/PK_TLS_EB1E0C74.der
Signature verification succeeds
[TLS] Server time: 1620000307
[TLS] client_random  (32): 8C4ECFED10132CEC8031D202B8793FA6B1B7F4F954C9BB7421E8B6E74F9C63F1
[TLS] sign_hash (32): 0F3553B7808764409585670759210144109527724CE2A8775364FF5278A93801
[TLS] Written transcript to proofs/MSG_TLS_8C4ECFED.out, proofs/SIG_TLS_8C4ECFED.out and proofs/PK_TLS_8C4ECFED.der
Signature verification succeeds
[TLS] Server time: 1620000307
[TLS] client_random  (32): FCCDF7AECFEE96FF7004E7AE024D1ADD4B1A2FF46AC405B1A0F429E2E7930D79
[TLS] sign_hash (32): EA8E489E093689FE470F7B182AC5C9F9FE27C20D00CA3B26178CF504833ED2BB
[TLS] Written transcript to proofs/MSG_TLS_FCCDF7AE.out, proofs/SIG_TLS_FCCDF7AE.out and proofs/PK_TLS_FCCDF7AE.der
Signature verification succeeds
[TLS] Server time: 1620000307
[TLS] client_random  (32): 39A4865F684C92EC06054F3D9B5624E4F7261398D7923B8183FBDD8253697598
[TLS] sign_hash (32): 3EB563C87908E8E638B5926A6C744DB3D0F5F65790BC7349585560F90BD6EE40
[TLS] Written transcript to proofs/MSG_TLS_39A4865F.out, proofs/SIG_TLS_39A4865F.out and proofs/PK_TLS_39A4865F.der
Signature verification succeeds
[TLS] Server time: 1620000307
[TLS] client_random  (32): 5796FC7BA076AAB016B3091DBAEA05A15938190FC520C29F4115964E28C00394
[TLS] sign_hash (32): BE40474C71333833491B4A78CC63B672AC64381CEAA97097402D6B905E2743D0
[TLS] Written transcript to proofs/MSG_TLS_5796FC7B.out, proofs/SIG_TLS_5796FC7B.out and proofs/PK_TLS_5796FC7B.der
Signature verification succeeds
[TLS] Server time: 1620000307
[TLS] client_random  (32): 5B2E2B5D90C7D34A1C5A182BE6A2C10E1FFAA2E63D46B11C5FF47E8831358C63
[TLS] sign_hash (32): 6A4CC7397F5668B5E639EA563FC4C9450F00D14D9E1125C553637A7C3E3ECD01
[TLS] Written transcript to proofs/MSG_TLS_5B2E2B5D.out, proofs/SIG_TLS_5B2E2B5D.out and proofs/PK_TLS_5B2E2B5D.der
Signature verification succeeds
[TLS] Server time: 1620000307
[TLS] client_random  (32): 7928939C02848B17E04A2CD8A918713FA7E7E2D3C0AD5B7CB914F12516EED2C1
[TLS] sign_hash (32): FBC081DF4FC7F1308E7AE2DD4995B3343DBB7217560018D3CC8BF6F9055F2573
[TLS] Written transcript to proofs/MSG_TLS_7928939C.out, proofs/SIG_TLS_7928939C.out and proofs/PK_TLS_7928939C.der
Signature verification succeeds
[TLS] Server time: 1620000307
[TLS] client_random  (32): D16C7E67C12F14AB72176384D6EB327E24D03B194558B758ED148EFD5BF5AB0A
[TLS] sign_hash (32): E2909FF96C7F10584C40754EB5E98084A5FE88A384FAD6A2C155795627182B51
[TLS] Written transcript to proofs/MSG_TLS_D16C7E67.out, proofs/SIG_TLS_D16C7E67.out and proofs/PK_TLS_D16C7E67.der
Signature verification succeeds
[TLS] Server time: 1620000307
[TLS] client_random  (32): 95AD40E7A8CEE79004B198CFC731968FC8791C8D812CDBDF82485D69223DACC8
[TLS] sign_hash (32): 63BD61827FC3462F9214030CD3E7A058F600C622E2CC7C940E0F060306EFAD71
[TLS] Written transcript to proofs/MSG_TLS_95AD40E7.out, proofs/SIG_TLS_95AD40E7.out and proofs/PK_TLS_95AD40E7.der
Signature verification succeeds
[TLS] Server time: 1620000307
[TLS] client_random  (32): D94DAE102B8F450C8483E3254AC8DB9642A4F6C5205788E3B6FA6BF6998C7663
[TLS] sign_hash (32): DEB87522982E64EEF0AAD6AFE0FA3F353686579F2F645E2AE210D337C062998C
[TLS] Written transcript to proofs/MSG_TLS_D94DAE10.out, proofs/SIG_TLS_D94DAE10.out and proofs/PK_TLS_D94DAE10.der
Signature verification succeeds
[TLS] Server time: 1620000307
[TLS] client_random  (32): 46E47960C5FE0E4D4C308E9EB08625C941B942844326438301365A0392535BB6
[TLS] sign_hash (32): CB93C74248FEFEE0B99F7122D0892F23B11A84504F40F834F43D71FB0D6E93ED
[TLS] Written transcript to proofs/MSG_TLS_46E47960.out, proofs/SIG_TLS_46E47960.out and proofs/PK_TLS_46E47960.der
Signature verification succeeds
[TLS] Server time: 1620000307
[TLS] client_random  (32): 0DA73F6F9379D50583177F0490B7C9D09DBEB6690BBBAFA130D2EB98DA862AD0
[TLS] sign_hash (32): 21C54673861C9884C20A67356077824B2D9E2E9248EF83DF57A3E6D11525953B
[TLS] Written transcript to proofs/MSG_TLS_0DA73F6F.out, proofs/SIG_TLS_0DA73F6F.out and proofs/PK_TLS_0DA73F6F.der
Signature verification succeeds
[TLS] Server time: 1620000307
[TLS] client_random  (32): D6C3B42A94918E8DE876248C78907DEEAAC138AD08685ABC23290BAB8F840678
[TLS] sign_hash (32): 5B8C7FDF4EC92CAF4DB1DBB3EA79C740B5A50AB678DABEB073AB3DB4374E52D9
[TLS] Written transcript to proofs/MSG_TLS_D6C3B42A.out, proofs/SIG_TLS_D6C3B42A.out and proofs/PK_TLS_D6C3B42A.der
Signature verification succeeds
[TLS] Server time: 1620000307
[TLS] client_random  (32): 81D21C46596A69C5D6F9D9ED46B7B26A9D32A4BD0513C581065180C0CDC0D2E6
[TLS] sign_hash (32): C379B115DD8DD17CF5CA0B537C02CA66E152FCDA54D85BCD0EB3647F47A64325
[TLS] Written transcript to proofs/MSG_TLS_81D21C46.out, proofs/SIG_TLS_81D21C46.out and proofs/PK_TLS_81D21C46.der
Signature verification succeeds
[TLS] Server time: 1620000307
[TLS] client_random  (32): D5866EADFE625057738D5465EF72017681D49280F033396F82C60B930022DE3E
[TLS] sign_hash (32): 0543F6F8C95A38CEC5CF9D10A91B3522427A493EE4CCC4C069C4439253957CA3
[TLS] Written transcript to proofs/MSG_TLS_D5866EAD.out, proofs/SIG_TLS_D5866EAD.out and proofs/PK_TLS_D5866EAD.der
Signature verification succeeds
[TLS] Server time: 1620000307
[TLS] client_random  (32): CE4080D69F77A029362F5F62F04724F705AB192B51C4CB8E5CE2F00BE5AC0D3B
[TLS] sign_hash (32): 58B166A3A666A57C78BA4C0BDCF6871D960CB37AE8A378561C794E7551505F81
[TLS] Written transcript to proofs/MSG_TLS_CE4080D6.out, proofs/SIG_TLS_CE4080D6.out and proofs/PK_TLS_CE4080D6.der
Signature verification succeeds
[TLS] Server time: 1620000307
[TLS] client_random  (32): A5EFA2E288F2264540C2941596EC707E25D4A1F8074FE7EF72C22434B5A900A9
[TLS] sign_hash (32): ED648DB9EBA05664839C9F884718A0A197EBABEC2857F7296BFCB9445F8B75E7
[TLS] Written transcript to proofs/MSG_TLS_A5EFA2E2.out, proofs/SIG_TLS_A5EFA2E2.out and proofs/PK_TLS_A5EFA2E2.der
Signature verification succeeds
[TLS] Server time: 1620000307
[TLS] client_random  (32): 615B34E082012FF5272BEE6DFA907A036AAB7C752BF60E487026C40DCEF729CB
[TLS] sign_hash (32): 22CA380A1A33F64EA95E3AD0BCADE95308D98110F081A73CA7DDEE0BF720C063
[TLS] Written transcript to proofs/MSG_TLS_615B34E0.out, proofs/SIG_TLS_615B34E0.out and proofs/PK_TLS_615B34E0.der
Signature verification succeeds
[TLS] Server time: 1620000307
[TLS] client_random  (32): CCFE22929A27ED072348F9CF179D8F4DD2C6BD6A61D037F87CC04BD7FE067A2F
[TLS] sign_hash (32): 0BEB582FD3D66A0ECA8B3FCD6F5DFC724F6615E1C1E31FDD854F6320097C6C81
[TLS] Written transcript to proofs/MSG_TLS_CCFE2292.out, proofs/SIG_TLS_CCFE2292.out and proofs/PK_TLS_CCFE2292.der
Signature verification succeeds
[TLS] Server time: 1620000307
[TLS] client_random  (32): 6A7C4E1C70DE54EC6F13DD54D4FEE86FFC97C254779A6B34214BD10B820841C7
[TLS] sign_hash (32): 026248D1F6CABA7F67060EC91D63BF15D9F6EFA72D94AF15FAC44D55653C0B47
[TLS] Written transcript to proofs/MSG_TLS_6A7C4E1C.out, proofs/SIG_TLS_6A7C4E1C.out and proofs/PK_TLS_6A7C4E1C.der
Signature verification succeeds
[TLS] Server time: 1620000307
[TLS] client_random  (32): DFFF86381D5A325C309F8E29D0E34C83C4E260C0FBB882A30F4ACB3601E594F7
[TLS] sign_hash (32): 3C8CC206748D55CE3CC331C6CF5EF1AE34FFD93C5D0EC147A24DD52875702E96
[TLS] Written transcript to proofs/MSG_TLS_DFFF8638.out, proofs/SIG_TLS_DFFF8638.out and proofs/PK_TLS_DFFF8638.der
Signature verification succeeds
[TLS] Server time: 1620000307
[TLS] client_random  (32): 23628C786D86D37C21718CDA451109FAB0DFBD1A732E1307DA7C3E95BBFB043F
[TLS] sign_hash (32): BAF12AE33226C93C2CB164C117F2DE9BC590305AC0CF2C12F853E37AF655AFBD
[TLS] Written transcript to proofs/MSG_TLS_23628C78.out, proofs/SIG_TLS_23628C78.out and proofs/PK_TLS_23628C78.der
Signature verification succeeds
[TLS] Server time: 1620000307
[TLS] client_random  (32): 61348C2B2FBE9748F804A1EBD8F60631AE0838FD0A5122FB72E7BA442C881B45
[TLS] sign_hash (32): 4148218277C7724A0C5D225FBCBDFA2B6F786315527D69A8BF0DFC7E5E2F3ED0
[TLS] Written transcript to proofs/MSG_TLS_61348C2B.out, proofs/SIG_TLS_61348C2B.out and proofs/PK_TLS_61348C2B.der
Signature verification succeeds
[TLS] Server time: 1620000307
[TLS] client_random  (32): 660E07A4238CA7B971175EC82A5FCD8977AB42E2AD03EE1CCF3D6460DE9F2101
[TLS] sign_hash (32): 209B97354064B80FE7D5E50525C925E9FD773260FCBDB970BCBE2FCF8A6668E9
[TLS] Written transcript to proofs/MSG_TLS_660E07A4.out, proofs/SIG_TLS_660E07A4.out and proofs/PK_TLS_660E07A4.der
Signature verification succeeds
[TLS] Server time: 1620000307
[TLS] client_random  (32): 63989635862E6D8CFB4DDC7208574FF73EBF46D488FC708DCEC8DA07076C20DD
[TLS] sign_hash (32): BEE2926EA8F91D59F07902EC999D84398B4A09DDB4C3CE7E67A4BA97401C8A68
[TLS] Written transcript to proofs/MSG_TLS_63989635.out, proofs/SIG_TLS_63989635.out and proofs/PK_TLS_63989635.der
Signature verification succeeds
[TLS] Server time: 1620000307
[TLS] client_random  (32): 325DB1191546EB6EE6E8DE361B39D95231B1E274C58E98C97CF39DBA36EB1186
[TLS] sign_hash (32): A7FC96490A97D4A8B97E63CD017BCFA0BC8F4B28341E76E8D6C4743277FBFEA0
[TLS] Written transcript to proofs/MSG_TLS_325DB119.out, proofs/SIG_TLS_325DB119.out and proofs/PK_TLS_325DB119.der
Signature verification succeeds
[TLS] Server time: 1620000307
[TLS] client_random  (32): A212FA01424FC6C3B0C98D6FE04AFDA1E1EB6BBE4E80113753E6198C439A05D0
[TLS] sign_hash (32): 3EB70D402BFB2CF0876344DD53CBBACBBCD2928CF28A12EBBD089AA961243ED3
[TLS] Written transcript to proofs/MSG_TLS_A212FA01.out, proofs/SIG_TLS_A212FA01.out and proofs/PK_TLS_A212FA01.der
Signature verification succeeds
[TLS] Server time: 1620000307
[TLS] client_random  (32): 3C00B98A609E4BA1D552F3BBB5BDFF2ABD70F9382760FBE8786EAEB78605FFCC
[TLS] sign_hash (32): F6876C2C8C9D82B2DE81E551E15C3E0C73520A280AE94CDA7B2608D5A792272B
[TLS] Written transcript to proofs/MSG_TLS_3C00B98A.out, proofs/SIG_TLS_3C00B98A.out and proofs/PK_TLS_3C00B98A.der
Signature verification succeeds
[TLS] Server time: 1620000307
[TLS] client_random  (32): E5B403B3CDE21330C237067BE51DDAFFF69E623BFF057F2ED4177D3EE4BB8E22
[TLS] sign_hash (32): 81000F6DF1CF839A04EA9A6CFFC6F99C824B603E10E38DA93A82C0382A9DF017
[TLS] Written transcript to proofs/MSG_TLS_E5B403B3.out, proofs/SIG_TLS_E5B403B3.out and proofs/PK_TLS_E5B403B3.der
Signature verification succeeds
[TLS] Server time: 1620000307
[TLS] client_random  (32): 3230AFD2BFDD34360381F8C8FB4980A4CF43AF791FA8064E1678550FF1A21FA7
[TLS] sign_hash (32): 17073F885A07E41D9BBD96066FA8B5F42E08476E644555275E16B8042D1DECF0
[TLS] Written transcript to proofs/MSG_TLS_3230AFD2.out, proofs/SIG_TLS_3230AFD2.out and proofs/PK_TLS_3230AFD2.der
Signature verification succeeds
[TLS] Server time: 1620000307
[TLS] client_random  (32): AC3580C952B3BBC9198E1B7E5B273E5DE504FE28948AFEE4DACEE6BD07B74FFD
[TLS] sign_hash (32): 984F7A670BFD01344A99A3E1CDF97296A5769979E389DDEF7EA33D49198DE99B
[TLS] Written transcript to proofs/MSG_TLS_AC3580C9.out, proofs/SIG_TLS_AC3580C9.out and proofs/PK_TLS_AC3580C9.der
Signature verification succeeds
[TLS] Server time: 1620000307
[TLS] client_random  (32): DDB1633FCF84591D19E25E01544D08EF507F8A86E2729B71C5E77B60DF04FA7D
[TLS] sign_hash (32): 2820DFF7C824B89979336BD5E87B49242BA40C8560FBFEEA4E00734D7A60B7F4
[TLS] Written transcript to proofs/MSG_TLS_DDB1633F.out, proofs/SIG_TLS_DDB1633F.out and proofs/PK_TLS_DDB1633F.der
Signature verification succeeds
[TLS] Server time: 1620000307
[TLS] client_random  (32): 9999BA9C0099B6A4C078152D20205332F5D379AE224041F0471A1EB758DB38DC
[TLS] sign_hash (32): 031DF88AFEDCCBACB95F9D7F83573B6B93D14E31B672B214875BACABC2B3CC72
[TLS] Written transcript to proofs/MSG_TLS_9999BA9C.out, proofs/SIG_TLS_9999BA9C.out and proofs/PK_TLS_9999BA9C.der
Signature verification succeeds
[TLS] Server time: 1620000307
[TLS] client_random  (32): 87CB922B11290105F61F86AE56C79A1CECB44647C42209C59DB4F149C288D29E
[TLS] sign_hash (32): 1BFFAD620FE362A2E5EEA6727AB4331F1C68F32F71DC919C7D7E6D499E99B6B3
[TLS] Written transcript to proofs/MSG_TLS_87CB922B.out, proofs/SIG_TLS_87CB922B.out and proofs/PK_TLS_87CB922B.der
Signature verification succeeds
[TLS] Server time: 1620000307
[TLS] client_random  (32): 5BFAEDFEA091317DBF99A3199A3CC2B6B68A5CD7B5BBC8640AE4636CC5D04E6B
[TLS] sign_hash (32): 0B7895E36467DC33E5F947A31E8A84295019337D62ED702AE57314932DD8C85C
[TLS] Written transcript to proofs/MSG_TLS_5BFAEDFE.out, proofs/SIG_TLS_5BFAEDFE.out and proofs/PK_TLS_5BFAEDFE.der
Signature verification succeeds
[TLS] Server time: 1620000307
[TLS] client_random  (32): 0FEDF9821674E51CD28420409ADF3E085317CA130445676496D83EC47C9D683B
[TLS] sign_hash (32): 447B0EFC1EC0C31C1F14ECFC079B1C4E2E297559B6D47FF1F76099DD0A8C5C43
[TLS] Written transcript to proofs/MSG_TLS_0FEDF982.out, proofs/SIG_TLS_0FEDF982.out and proofs/PK_TLS_0FEDF982.der
Signature verification succeeds
[TLS] Server time: 1620000307
[TLS] client_random  (32): F13141C2AE8967C10FFF46A97C7A2E5CAD2DAFFA8D393D0023B542B1B13CA957
[TLS] sign_hash (32): 40F96EFF852A1B0904CD7CF30BA3AB36473AE67DFCDFF1B8504A15AD835AC2B8
[TLS] Written transcript to proofs/MSG_TLS_F13141C2.out, proofs/SIG_TLS_F13141C2.out and proofs/PK_TLS_F13141C2.der
Signature verification succeeds
[TLS] Server time: 1620000307
[TLS] client_random  (32): ABBF02A3C9013F6DEBBD81CC21513A4BC7A2DC54DB218C5A06C005033C2BD201
[TLS] sign_hash (32): 235712C4A65A926956CB1E05103340B6CFB918AA1BA2963914EFF91141BB8AA7
[TLS] Written transcript to proofs/MSG_TLS_ABBF02A3.out, proofs/SIG_TLS_ABBF02A3.out and proofs/PK_TLS_ABBF02A3.der
Signature verification succeeds
[TLS] Server time: 1620000307
[TLS] client_random  (32): 7E490DFD54A57FBF968B6B3EE7EF9D999C8CEF5EEA70A8AE9FCF3F5E81C9CC84
[TLS] sign_hash (32): 884FC7D2922F4708D0A6588482A9302A638A0D51328B9D04F9D9AEAFDD90C9A7
[TLS] Written transcript to proofs/MSG_TLS_7E490DFD.out, proofs/SIG_TLS_7E490DFD.out and proofs/PK_TLS_7E490DFD.der
Signature verification succeeds
[TLS] Server time: 1620000307
[TLS] client_random  (32): A2FD49055A39A1DA875EA31183C62C54755FD62EE00BFEB51ED2126314B51A8C
[TLS] sign_hash (32): 5636E7B07A897A25FAB5D72D1BA4E6C8C4E7F94EBA54803F971D2F9F6D942F83
[TLS] Written transcript to proofs/MSG_TLS_A2FD4905.out, proofs/SIG_TLS_A2FD4905.out and proofs/PK_TLS_A2FD4905.der
Signature verification succeeds
[TLS] Server time: 1620000307
[TLS] client_random  (32): D7C41DFEBF16DCEDD54C7E93719397D7B16A91C57443DC93B061CA3876CD26AC
[TLS] sign_hash (32): EB781858D8FC559F064C71B53D2F8A6FDA74B79AF72A13534726570CB4C0AEDE
[TLS] Written transcript to proofs/MSG_TLS_D7C41DFE.out, proofs/SIG_TLS_D7C41DFE.out and proofs/PK_TLS_D7C41DFE.der
Signature verification succeeds
[TLS] Server time: 1620000307
[TLS] client_random  (32): B650769DBD7B5F4799C5D6CF2E26F4E46A20FC38FD3A6075C5191D1B2993BF2F
[TLS] sign_hash (32): 38A56E0EBA6D190AEC5E77A5DE9CD28C9A608966C044942D64840E29FB1A9B7E
[TLS] Written transcript to proofs/MSG_TLS_B650769D.out, proofs/SIG_TLS_B650769D.out and proofs/PK_TLS_B650769D.der
Signature verification succeeds
[TLS] Server time: 1620000307
[TLS] client_random  (32): 4B1C956234C9F35A760769ECE6D62ED753709181137AE08837A855F0112F782B
[TLS] sign_hash (32): CE8F51BCD01635FDEB4E728881140EFB3CEF7B2016EBC63E971071AC5B15AE71
[TLS] Written transcript to proofs/MSG_TLS_4B1C9562.out, proofs/SIG_TLS_4B1C9562.out and proofs/PK_TLS_4B1C9562.der
Signature verification succeeds
[TLS] Server time: 1620000307
[TLS] client_random  (32): 4D090F1A5C4C2310449382F1DF35B85CD1D12547DC09E304F6A8FC85044DF42F
[TLS] sign_hash (32): DE85B6E53B7DADDA0067B4A045611136F6A4274D3B6BBE487502FD263C3D4810
[TLS] Written transcript to proofs/MSG_TLS_4D090F1A.out, proofs/SIG_TLS_4D090F1A.out and proofs/PK_TLS_4D090F1A.der
Signature verification succeeds
[TLS] Server time: 1620000307
[TLS] client_random  (32): CAFF2DE73C2DE0C986258B1DD35F3345E1C781BE1E0320CE6C2C524CE8FE1B33
[TLS] sign_hash (32): 9CCEED860587A3567027654B45954D226B37E1191D1350C137EBDBD2330F29D7
[TLS] Written transcript to proofs/MSG_TLS_CAFF2DE7.out, proofs/SIG_TLS_CAFF2DE7.out and proofs/PK_TLS_CAFF2DE7.der
Signature verification succeeds
[TLS] Server time: 1620000307
[TLS] client_random  (32): 505342C1D1C4EA9295C7554565C58CB4E8B9C6B59C612A17E19C2F0CFAAFB5C9
[TLS] sign_hash (32): AADEF36CF10D5197158C05D78BC78190A852E8B95E82206142FF22E2EDC9D9E4
[TLS] Written transcript to proofs/MSG_TLS_505342C1.out, proofs/SIG_TLS_505342C1.out and proofs/PK_TLS_505342C1.der
Signature verification succeeds
[TLS] Server time: 1620000307
[TLS] client_random  (32): 85C5654F9C87C4BCBF2C072F749562D2586A2B36F4E7B7D65990541F8AF37EE4
[TLS] sign_hash (32): E95F37EF7F49B75631D0F5EB7A1FA773CCD3893219E4B38BE24934C06BFCAAF0
[TLS] Written transcript to proofs/MSG_TLS_85C5654F.out, proofs/SIG_TLS_85C5654F.out and proofs/PK_TLS_85C5654F.der
Signature verification succeeds
[TLS] Server time: 1620000307
[TLS] client_random  (32): 18115F95551ACAC2DC5B8AD2A6E5EC4312916672B3F1BE93325F1C0D71B7E3A4
[TLS] sign_hash (32): 0242A20BA4C075E39F47D712E01E6F92C2102E6E5FFA9EC3E16645AF0C9FE520
[TLS] Written transcript to proofs/MSG_TLS_18115F95.out, proofs/SIG_TLS_18115F95.out and proofs/PK_TLS_18115F95.der
Signature verification succeeds
[TLS] Server time: 1620000307
[TLS] client_random  (32): 5DCC741BF662B5CBFE617EF16F932936FF45312E375587F048D66C8DB84CE770
[TLS] sign_hash (32): 386847B2C82C6591B43A4222105ACA5A04DF85430C17D5A89CFDEB5E17D1C854
[TLS] Written transcript to proofs/MSG_TLS_5DCC741B.out, proofs/SIG_TLS_5DCC741B.out and proofs/PK_TLS_5DCC741B.der
Signature verification succeeds
[TLS] Server time: 1620000307
[TLS] client_random  (32): 653D6358EC0F62F692579FAE972BB1F5A833BCE8017710AAAEF32B707AB1DF81
[TLS] sign_hash (32): 500324465060445C4B7234A3BA0C759FD649EA2E350F580F9C40941D790E9C44
[TLS] Written transcript to proofs/MSG_TLS_653D6358.out, proofs/SIG_TLS_653D6358.out and proofs/PK_TLS_653D6358.der
Signature verification succeeds
[TLS] Server time: 1620000307
[TLS] client_random  (32): F206850170F2DE84A7EA2642BF789A4AF1FD82ECE17229432C58400820A147CB
[TLS] sign_hash (32): DAE1A15606D2A66DA856C7A19D022A649E9289B80F902584A6E5B7792EB21A66
[TLS] Written transcript to proofs/MSG_TLS_F2068501.out, proofs/SIG_TLS_F2068501.out and proofs/PK_TLS_F2068501.der
Signature verification succeeds
[TLS] Server time: 1620000307
[TLS] client_random  (32): C4D48B7CD71CB5D0E80C34C9AB7A8252F71E87934547953B7A29618C0BC3E764
[TLS] sign_hash (32): 6E666DB4168AFFD2D81EE81FD709859F078418540DCFB4E66CB76655A528E840
[TLS] Written transcript to proofs/MSG_TLS_C4D48B7C.out, proofs/SIG_TLS_C4D48B7C.out and proofs/PK_TLS_C4D48B7C.der
Signature verification succeeds
[TLS] Server time: 1620000307
[TLS] client_random  (32): 47A554B601ECEB0A54096BFD8007E56A2D7CD932A6DA8687BC79EFE110181086
[TLS] sign_hash (32): 8D714BA4917D6149754F6120FBEE5EA95D863486E7884B4C94234B2441ECBCC4
[TLS] Written transcript to proofs/MSG_TLS_47A554B6.out, proofs/SIG_TLS_47A554B6.out and proofs/PK_TLS_47A554B6.der
Signature verification succeeds
[TLS] Server time: 1620000307
[TLS] client_random  (32): 00E4235466C5AFA54E12BDA2FCE2C0E2BE9BDD772CFBCC8F4F6C29E1AAC4A682
[TLS] sign_hash (32): 50D69A396D0A224A2D074EEE53BA82CAF63E89EE1097887A98D33D1330182AD6
[TLS] Written transcript to proofs/MSG_TLS_00E42354.out, proofs/SIG_TLS_00E42354.out and proofs/PK_TLS_00E42354.der
Signature verification succeeds
[TLS] Server time: 1620000307
[TLS] client_random  (32): D2E41CB2E14C979CC156F14A1E71F6E0DFDFA8DA936AF8148836670BDE07D0D3
[TLS] sign_hash (32): 37804ECEAC77ECD46BDA30D6EF9B57C5CF15D8C0FFB4788C4210EDAB28EB61A7
[TLS] Written transcript to proofs/MSG_TLS_D2E41CB2.out, proofs/SIG_TLS_D2E41CB2.out and proofs/PK_TLS_D2E41CB2.der
Signature verification succeeds
[TLS] Server time: 1620000307
[TLS] client_random  (32): 595AFEA1F69C5CED5632292538B44B5C61178E2A885499469D57E88A7F68991F
[TLS] sign_hash (32): 621265242B0B3AE792D041B39E39696A920374044150171980AFFB614A9EC351
[TLS] Written transcript to proofs/MSG_TLS_595AFEA1.out, proofs/SIG_TLS_595AFEA1.out and proofs/PK_TLS_595AFEA1.der
Signature verification succeeds
[TLS] Server time: 1620000307
[TLS] client_random  (32): 77342873B3E717C76232914F43785D1197723B52F91EC45687B1A0BA517EA3AD
[TLS] sign_hash (32): 8BE8BC8403ECEB4ADE914527A205A5F614A2043EE621941BB853CD68B3ED99EE
[TLS] Written transcript to proofs/MSG_TLS_77342873.out, proofs/SIG_TLS_77342873.out and proofs/PK_TLS_77342873.der
Signature verification succeeds
[TLS] Server time: 1620000307
[TLS] client_random  (32): 5A77C228DC2CD4D173CB2BAA2C0FC12FB5FC5174131CD75C0908E10DDCCB70D7
[TLS] sign_hash (32): B9E69C3F1AF24E0DC001140CFF880F7A288609297BA89C5514D93D53695AC1EA
[TLS] Written transcript to proofs/MSG_TLS_5A77C228.out, proofs/SIG_TLS_5A77C228.out and proofs/PK_TLS_5A77C228.der
Signature verification succeeds
[TLS] Server time: 1620000307
[TLS] client_random  (32): 4A35A1F2208D81C3FB3B839100652DE1BE22EA5E05BB7521D5D40181BDB7F1C4
[TLS] sign_hash (32): 4D6AF4022AB792FC82026EB855BC3BF009C35BB246CD64D8FB55273146229266
[TLS] Written transcript to proofs/MSG_TLS_4A35A1F2.out, proofs/SIG_TLS_4A35A1F2.out and proofs/PK_TLS_4A35A1F2.der
Signature verification succeeds
[TLS] Server time: 1620000307
[TLS] client_random  (32): F5F70347DF26E2FB377066D8AFDE1290B5027D7EB8ADF769139EBA122A97FA74
[TLS] sign_hash (32): ADBD3B00931EFDA26E85095E595959A4F666EE0B1410201DDC1C85BA39AD5C04
[TLS] Written transcript to proofs/MSG_TLS_F5F70347.out, proofs/SIG_TLS_F5F70347.out and proofs/PK_TLS_F5F70347.der
Signature verification succeeds
[TLS] Server time: 1620000307
[TLS] client_random  (32): 33DE1BAED62DE64006C97056ABBB969275B7EC27456C106C2EB97043022FF3B4
[TLS] sign_hash (32): 9E1B874B5B87E38172CD9230D5493F878BB69F0096F538AD037CBBB10AABDF6C
[TLS] Written transcript to proofs/MSG_TLS_33DE1BAE.out, proofs/SIG_TLS_33DE1BAE.out and proofs/PK_TLS_33DE1BAE.der
Signature verification succeeds
[TLS] Server time: 1620000307
[TLS] client_random  (32): D2940636ECD3851D96C8EB4E89BB760EF89B2F8109FE70FAE9749CA068E2E608
[TLS] sign_hash (32): 46076B138F0482059E958695444734AFD9B478F9F99883BD4FB24FF28E115AF7
[TLS] Written transcript to proofs/MSG_TLS_D2940636.out, proofs/SIG_TLS_D2940636.out and proofs/PK_TLS_D2940636.der
Signature verification succeeds
[TLS] Server time: 1620000307
[TLS] client_random  (32): E74FDC6E8C7EA43A081AA4AB86D21D383F4E00C9B8C3B83B6B44C9CCB57F4987
[TLS] sign_hash (32): 155D38A935EBB7202C8FC514BA9E8B3C14BA2E9D089E8087F302A5402F676936
[TLS] Written transcript to proofs/MSG_TLS_E74FDC6E.out, proofs/SIG_TLS_E74FDC6E.out and proofs/PK_TLS_E74FDC6E.der
Signature verification succeeds
[TLS] Server time: 1620000307
[TLS] client_random  (32): DFFB8FFE45F104A87374DE92667E8F657B5F80BCD4C29E459A2DE8040CFB8555
[TLS] sign_hash (32): 47EDC97C2B008775F7DE40DAE40ED8D56E33A29CD595CD9952FBDF24CF1FCED1
[TLS] Written transcript to proofs/MSG_TLS_DFFB8FFE.out, proofs/SIG_TLS_DFFB8FFE.out and proofs/PK_TLS_DFFB8FFE.der
Signature verification succeeds
[TLS] Server time: 1620000307
[TLS] client_random  (32): D57AC3161304D636861E13BBBD678EE8D0E5BCB47D1CDACC6607D1CCA1456027
[TLS] sign_hash (32): E7693281D27EF7B1AEA1E2261C23C52670B42F6F802DFC1F57E158C176DEB5D1
[TLS] Written transcript to proofs/MSG_TLS_D57AC316.out, proofs/SIG_TLS_D57AC316.out and proofs/PK_TLS_D57AC316.der
Signature verification succeeds
[TLS] Server time: 1620000308
[TLS] client_random  (32): 196DCFE320BE8BED2DC9E7C2C51C0BE520AAB32A1DAAA842F7D90B6310F85A60
[TLS] sign_hash (32): 760F35536BEE2ABB0F9942A46714E958A2FAF37734E857C506644D7E9011AF68
[TLS] Written transcript to proofs/MSG_TLS_196DCFE3.out, proofs/SIG_TLS_196DCFE3.out and proofs/PK_TLS_196DCFE3.der
Signature verification succeeds
[TLS] Server time: 1620000308
[TLS] client_random  (32): AB4AE89D9B5FC6FE3F3CE904691564889F02F3983235C1BC2252742A496DD0E5
[TLS] sign_hash (32): 821C2D9FF4D14AB4638639A11F0D203A0DAC73229F3E07F4DC904462BF85182A
[TLS] Written transcript to proofs/MSG_TLS_AB4AE89D.out, proofs/SIG_TLS_AB4AE89D.out and proofs/PK_TLS_AB4AE89D.der
Signature verification succeeds
[TLS] Server time: 1620000308
[TLS] client_random  (32): AD3B01DA213CC78F9AC4B8F01C60A4CF5E594C08BB17E6DD06558E63A0FA409B
[TLS] sign_hash (32): 5A31298148F63ADE6D8BEF46C0AA554799277EAAE85321D4A4383BD7931563FB
[TLS] Written transcript to proofs/MSG_TLS_AD3B01DA.out, proofs/SIG_TLS_AD3B01DA.out and proofs/PK_TLS_AD3B01DA.der
Signature verification succeeds
[TLS] Server time: 1620000308
[TLS] client_random  (32): A0AEFA0B53D6AD5BF6CAF801C352C1332C3AA50468352C16F5B0EF730A74733D
[TLS] sign_hash (32): E4549E5FCD2F28A86B4AE60C0AE432D16D2D6BEABC9D6584A06BA713865E554D
[TLS] Written transcript to proofs/MSG_TLS_A0AEFA0B.out, proofs/SIG_TLS_A0AEFA0B.out and proofs/PK_TLS_A0AEFA0B.der
Signature verification succeeds
[TLS] Server time: 1620000308
[TLS] client_random  (32): E4B8A09EE8FA88F0D3D26A80DD4C88F8E112C2AE1301AD635739F1C331D2C7B2
[TLS] sign_hash (32): 4EE58AD1EB1D368B16D2CEFEBCEAE4E0B80A5575BBD408E103505CEE2E7C83A5
[TLS] Written transcript to proofs/MSG_TLS_E4B8A09E.out, proofs/SIG_TLS_E4B8A09E.out and proofs/PK_TLS_E4B8A09E.der
Signature verification succeeds
[TLS] Server time: 1620000308
[TLS] client_random  (32): B44B1C17B141445428D72C9B8DDF4AA8994D49130A1F20DEC6C64FE141FF3302
[TLS] sign_hash (32): 45E9F4603AC79F6B33FF45F249BB024BBEACB4894B8F5F9468567DC522E16AE8
[TLS] Written transcript to proofs/MSG_TLS_B44B1C17.out, proofs/SIG_TLS_B44B1C17.out and proofs/PK_TLS_B44B1C17.der
Signature verification succeeds
[TLS] Server time: 1620000308
[TLS] client_random  (32): D178C469E8DB2385A21DCE4829211F9C60C90464C12F594538DD95410CEA1FDA
[TLS] sign_hash (32): 3B7544E6279122D0F2B98FC589B8DF4192CEF880E890218142BA6CA615920BD3
[TLS] Written transcript to proofs/MSG_TLS_D178C469.out, proofs/SIG_TLS_D178C469.out and proofs/PK_TLS_D178C469.der
Signature verification succeeds
[TLS] Server time: 1620000308
[TLS] client_random  (32): 795197208E1659D7AB591EF90706F15994B86E84638841EA749AA79279692A8F
[TLS] sign_hash (32): 527362569D2A7823703AA6404A54A88A04F3B6018FAB930972780CAF01E2BD14
[TLS] Written transcript to proofs/MSG_TLS_79519720.out, proofs/SIG_TLS_79519720.out and proofs/PK_TLS_79519720.der
Signature verification succeeds
[TLS] Server time: 1620000308
[TLS] client_random  (32): DCD9276A9D5C3469F08D7E4449A0792B905F6AA3FB11810F94F96A0319B9BE81
[TLS] sign_hash (32): 39F1C029139569679259DC09E9288BF2DCED001A78193AEA1B748DCB2BAADC3C
[TLS] Written transcript to proofs/MSG_TLS_DCD9276A.out, proofs/SIG_TLS_DCD9276A.out and proofs/PK_TLS_DCD9276A.der
Signature verification succeeds
[TLS] Server time: 1620000308
[TLS] client_random  (32): 2BC4091C1F8280BEE61619DDCE45B7784E9A550CCFA4825C8A6642A7A1D10836
[TLS] sign_hash (32): CFAB5350B8A3B3F462515C67B6B321091375DEF57F45D30BC2730EBF4BCDCA88
[TLS] Written transcript to proofs/MSG_TLS_2BC4091C.out, proofs/SIG_TLS_2BC4091C.out and proofs/PK_TLS_2BC4091C.der
Signature verification succeeds
[TLS] Server time: 1620000308
[TLS] client_random  (32): 6305417B1223AF2D3AD937B10D35EB6A0EC0A11CAC53985BC32F2253D0BCD1DD
[TLS] sign_hash (32): D5752BEB378426A83C8EF36FB22F2883C91197768E82EEAB2A1565CDD3A24432
[TLS] Written transcript to proofs/MSG_TLS_6305417B.out, proofs/SIG_TLS_6305417B.out and proofs/PK_TLS_6305417B.der
Signature verification succeeds
[TLS] Server time: 1620000308
[TLS] client_random  (32): A634A4A8E4FD8759199A2C699D64443275F462F9A02A3E3E80B7FCBAA7C0FAE2
[TLS] sign_hash (32): 89C4D4F7405226F3A2CA8E3C2E9B8FE1F1C7C508755E6FFE41108F2958C1EA3C
[TLS] Written transcript to proofs/MSG_TLS_A634A4A8.out, proofs/SIG_TLS_A634A4A8.out and proofs/PK_TLS_A634A4A8.der
Signature verification succeeds
[TLS] Server time: 1620000308
[TLS] client_random  (32): 2BEED2A3420D6DC40137313E847BDC201552FB46E47386B3DA959F1D2E152E68
[TLS] sign_hash (32): E980307749F1DE710DCAA8FB7DB093AD8B8AE438A54C50EABEF2506D799863F9
[TLS] Written transcript to proofs/MSG_TLS_2BEED2A3.out, proofs/SIG_TLS_2BEED2A3.out and proofs/PK_TLS_2BEED2A3.der
Signature verification succeeds
[TLS] Server time: 1620000308
[TLS] client_random  (32): 3F63D53E00C5925DF15F22A1E9ACBD54185222DC017F1D3BFE417F982A488686
[TLS] sign_hash (32): 3016B1BCC6C3C3F63F0737333537DB187DE6BF5C25A22A3B1D8E0FAFD16AAF9E
[TLS] Written transcript to proofs/MSG_TLS_3F63D53E.out, proofs/SIG_TLS_3F63D53E.out and proofs/PK_TLS_3F63D53E.der
Signature verification succeeds
[TLS] Server time: 1620000308
[TLS] client_random  (32): 1CF104F656EBD60D7581133B64770D67BA16C39F9E2F261EB9B2F5320ECFAD76
[TLS] sign_hash (32): 89AA42BD16823A6881F4C42805105ACAD82B4ED5E9D74D9F4ADE7DA24DB26C72
[TLS] Written transcript to proofs/MSG_TLS_1CF104F6.out, proofs/SIG_TLS_1CF104F6.out and proofs/PK_TLS_1CF104F6.der
Signature verification succeeds
[TLS] Server time: 1620000308
[TLS] client_random  (32): 6C7FEA2C65B1A15C390B0631078E336A10CDF821A32C3279437E50BDF516FFFA
[TLS] sign_hash (32): 299CA6AC46C6B7C3E85479699C13DEA96C772F374871F41B0C451A4551DBF7B6
[TLS] Written transcript to proofs/MSG_TLS_6C7FEA2C.out, proofs/SIG_TLS_6C7FEA2C.out and proofs/PK_TLS_6C7FEA2C.der
Signature verification succeeds
[TLS] Server time: 1620000308
[TLS] client_random  (32): D37AD9F2A35D8A393F0DE6D5DFFF5AB58C4E7A1ADA992463E7DC15268607DB6D
[TLS] sign_hash (32): F738C2FE8AD4785C43E9424C70E29360F7F8667BA85776B165B102560586F1EB
[TLS] Written transcript to proofs/MSG_TLS_D37AD9F2.out, proofs/SIG_TLS_D37AD9F2.out and proofs/PK_TLS_D37AD9F2.der
Signature verification succeeds
[TLS] Server time: 1620000308
[TLS] client_random  (32): B676663A1BB2F63FC841C643F5125B236AB9B4BFD678A731FDEBAD0BB28B297E
[TLS] sign_hash (32): D566C17CEA5330C47885C2ED669AA01DB710BCC4A14E21FA191A4D0C1D7CB16D
[TLS] Written transcript to proofs/MSG_TLS_B676663A.out, proofs/SIG_TLS_B676663A.out and proofs/PK_TLS_B676663A.der
Signature verification succeeds
[TLS] Server time: 1620000308
[TLS] client_random  (32): A3513145681DDCE76C60D67E29A798384A71832940B456BB2DFA171FD10D7B55
[TLS] sign_hash (32): 1E1FEC0A9A048331D03558694E39EBF38C467E44336AFEC5D896CEC7F722B759
[TLS] Written transcript to proofs/MSG_TLS_A3513145.out, proofs/SIG_TLS_A3513145.out and proofs/PK_TLS_A3513145.der
Signature verification succeeds
[TLS] Server time: 1620000308
[TLS] client_random  (32): F36229C42F86EADB4A7102118D2B25C162E30791AEDAD85F5393455BC588D78C
[TLS] sign_hash (32): 1E14008163ADE5943C4384A40710364248EA7A4DF26E1AD2560DBC1FF7B7C2B0
[TLS] Written transcript to proofs/MSG_TLS_F36229C4.out, proofs/SIG_TLS_F36229C4.out and proofs/PK_TLS_F36229C4.der
Signature verification succeeds
[TLS] Server time: 1620000308
[TLS] client_random  (32): 921900511FC60FD40D6D798B6118790577A2D3C7A26C3DB3630526FB48BDD0C0
[TLS] sign_hash (32): D359806FECF175B5F113E23780EE2347B9E256C9A36F88FCE8884B7324E6CC16
[TLS] Written transcript to proofs/MSG_TLS_92190051.out, proofs/SIG_TLS_92190051.out and proofs/PK_TLS_92190051.der
Signature verification succeeds
[TLS] Server time: 1620000308
[TLS] client_random  (32): CA787171A10026C9A9AA78339256E46FE5F93FD36B3117E6C0DCEF7BF11C500C
[TLS] sign_hash (32): 00F6915263CE2430C9703DB06CE41E33C20707C1265845A636DCBA7E322413A7
[TLS] Written transcript to proofs/MSG_TLS_CA787171.out, proofs/SIG_TLS_CA787171.out and proofs/PK_TLS_CA787171.der
Signature verification succeeds
[TLS] Server time: 1620000308
[TLS] client_random  (32): 1C78A009F66D6AC774659497E4EEAF2070F4602F1A5EC53B0048253295F80F05
[TLS] sign_hash (32): 688F39890E4D53056062DEF2DD2C33C234BD4F7A6EC17101944B69C6AE89891E
[TLS] Written transcript to proofs/MSG_TLS_1C78A009.out, proofs/SIG_TLS_1C78A009.out and proofs/PK_TLS_1C78A009.der
Signature verification succeeds
[TLS] Server time: 1620000308
[TLS] client_random  (32): 7279D2D4442B07ABB691EC84870E46AD4B5753EEA43AFD55988A3A17BDAC4DD8
[TLS] sign_hash (32): 966D76CAB08A9663F94D63B9F1E744FBF00E3067AF1966047642CEC3180E555F
[TLS] Written transcript to proofs/MSG_TLS_7279D2D4.out, proofs/SIG_TLS_7279D2D4.out and proofs/PK_TLS_7279D2D4.der
Signature verification succeeds
[TLS] Server time: 1620000308
[TLS] client_random  (32): 5B92F40DC133F524D7D91510362191003330E283C6A4182F8BE8A2E63A9C481D
[TLS] sign_hash (32): 073C234CA2892BDA6BAE8894A6DD5807FD9C2D1ED54979B596399FFB6BF1BC88
[TLS] Written transcript to proofs/MSG_TLS_5B92F40D.out, proofs/SIG_TLS_5B92F40D.out and proofs/PK_TLS_5B92F40D.der
Signature verification succeeds
[TLS] Server time: 1620000308
[TLS] client_random  (32): 1CD52A0C31E4CA9BD74BDD1746F113CF1B5549E58D0C31FDEF4938CAB54FE267
[TLS] sign_hash (32): BCCA7268A1333737AD6535ADDD38F3810A5AB22676478CF2FA849F509A5C4CAD
[TLS] Written transcript to proofs/MSG_TLS_1CD52A0C.out, proofs/SIG_TLS_1CD52A0C.out and proofs/PK_TLS_1CD52A0C.der
Signature verification succeeds
[TLS] Server time: 1620000308
[TLS] client_random  (32): 682AAE9C0BC59DC1C754F57A6040AE83706F5A7A6FF88D78D7E70A13DE4BACD3
[TLS] sign_hash (32): AA73F9CDC22D34327FEB4EBAA9898F0B48C0D9DBF2F4DAD04C52829B177DAEDC
[TLS] Written transcript to proofs/MSG_TLS_682AAE9C.out, proofs/SIG_TLS_682AAE9C.out and proofs/PK_TLS_682AAE9C.der
Signature verification succeeds
[TLS] Server time: 1620000308
[TLS] client_random  (32): BDA367A88ACE68A31E33C1D7981B6C0FB1B2E9F180EB96B2BFF1E426A860514F
[TLS] sign_hash (32): EE29C0DB6988C22CA7B746E7CCB9D6C8D73E243B9F1023A6B44150FB1B90EBE4
[TLS] Written transcript to proofs/MSG_TLS_BDA367A8.out, proofs/SIG_TLS_BDA367A8.out and proofs/PK_TLS_BDA367A8.der
Signature verification succeeds
[TLS] Server time: 1620000308
[TLS] client_random  (32): F8FC29C72B53247D5339255EC8277857B1D1606170E0131264CB70DC534F4FA1
[TLS] sign_hash (32): 6C36ED16FAB2AC74DCF59F4A52ECDD6CA9E824CD5F35FAFDCC24A2156C4991AC
[TLS] Written transcript to proofs/MSG_TLS_F8FC29C7.out, proofs/SIG_TLS_F8FC29C7.out and proofs/PK_TLS_F8FC29C7.der
Signature verification succeeds
[TLS] Server time: 1620000308
[TLS] client_random  (32): 6FA4BFA7B9E90D7F02BEC942D8A99456233899A8F3E48EEE253EB5F1D209F7CE
[TLS] sign_hash (32): F3A3D1537AFCFA7BE111499D0BBF77EC334D6FD5727AAAFE7F8FBAB258C211C3
[TLS] Written transcript to proofs/MSG_TLS_6FA4BFA7.out, proofs/SIG_TLS_6FA4BFA7.out and proofs/PK_TLS_6FA4BFA7.der
Signature verification succeeds
Time breakdown (averages): anchor_ping:16.298256 file_read:0.142423 hashing:0.471338
Total time for 119 rounds is 2028.836947ms
Standard deviations: anchor_ping:43.799480 file_read:0.013678 hashing:0.006510
[Client-side ops] mean:0.613761 sd:0.015039
in & out anchor rand written to proofs/phase1.out
     23 [TLS] Server time: 1620000306
     67 [TLS] Server time: 1620000307
     30 [TLS] Server time: 1620000308
Count is 23
Count is 67
Count is 30
success: 1
RESULT: 1 in 2 tries
