TLS anchor: sruc.ac.uk
Actual: 58, Set: 119
Beginning execution at Fri Apr 30 00:05:01 UTC 2021
CONF: anchor:sruc.ac.uk fs:1024MB n_rounds:119 seed:5c9f4bf9bbc15bb855f82faedc5a52fc3ab2dfa8ec3ba3ce1b270f31fa0cced2 filename:FILE bs:1024 nops:100 benchmarking:0 anchor_ping:1 queue_depth:32 direct:0
[TLS] Connecting to sruc.ac.uk
[TLS] Server time: 1619741102
[TLS] client_random  (32): 5C9F4BF9BBC15BB855F82FAEDC5A52FC3AB2DFA8EC3BA3CE1B270F31FA0CCED2
[TLS] sign_hash (32): 30E6DAE87C077879461F1410F5FF94D2F8F6A4507ECC922D607A5DF07E6C4BB5
[TLS] Written transcript to proofs/MSG_TLS_5C9F4BF9.out, proofs/SIG_TLS_5C9F4BF9.out and proofs/PK_TLS_5C9F4BF9.der
Signature verification succeeds
[TLS] Server time: 1619741102
[TLS] client_random  (32): 096B375174A4B6428B6A9F6F9987C89E6D6F6263241C40086BF3342BBB8BA505
[TLS] sign_hash (32): BAEAFACDA9D4F81D8E2C1FD24340FAB75DDDED42A0B66AB8128CA6A2E3A7800E
[TLS] Written transcript to proofs/MSG_TLS_096B3751.out, proofs/SIG_TLS_096B3751.out and proofs/PK_TLS_096B3751.der
Signature verification succeeds
[TLS] Server time: 1619741102
[TLS] client_random  (32): 6CF54659EC971D468CCD15D0872A20E79653D28DB306500CD51A5A7D3862B9D2
[TLS] sign_hash (32): 5AE78704015AD260604DE74B30A64C801152CDFE8FE9FC469ED5CF9D57757854
[TLS] Written transcript to proofs/MSG_TLS_6CF54659.out, proofs/SIG_TLS_6CF54659.out and proofs/PK_TLS_6CF54659.der
Signature verification succeeds
[TLS] Server time: 1619741102
[TLS] client_random  (32): 5401F0B31DF3A06190A9A01008196BCCD16E1E6D64406DB0CCACD063A206E85D
[TLS] sign_hash (32): CF5D588516816B86910DD874A7FD38A7D7F9C2A8CB14CFE7EAF8EE203F41F1B1
[TLS] Written transcript to proofs/MSG_TLS_5401F0B3.out, proofs/SIG_TLS_5401F0B3.out and proofs/PK_TLS_5401F0B3.der
Signature verification succeeds
[TLS] Server time: 1619741102
[TLS] client_random  (32): FDE2F5C648743583038292E7C127C1C06DDE962764985A11E5A0144A89EBD33C
[TLS] sign_hash (32): 69EEFAB4970850C18F3563F24901752EB3057DEBF29CC84D1EFCF18C13EC9D46
[TLS] Written transcript to proofs/MSG_TLS_FDE2F5C6.out, proofs/SIG_TLS_FDE2F5C6.out and proofs/PK_TLS_FDE2F5C6.der
Signature verification succeeds
[TLS] Server time: 1619741102
[TLS] client_random  (32): 3E6F06EB1A0B7FD9FE9EDCFABD82B594967C0D025B00BBDE91FFAE97E51992B4
[TLS] sign_hash (32): 9BF340373D87C7EE90D7F25CD2BF099BB891FBB2E79E26DDE28E82B1AA367AB3
[TLS] Written transcript to proofs/MSG_TLS_3E6F06EB.out, proofs/SIG_TLS_3E6F06EB.out and proofs/PK_TLS_3E6F06EB.der
Signature verification succeeds
[TLS] Server time: 1619741102
[TLS] client_random  (32): E193B7F2F0FDAB5B618858261D13A434FDCFDE337F5A571E0BDBB605DFF36FB1
[TLS] sign_hash (32): CF774E085B4DE3AAD38020296E89BFE1E4967D9D02A8ECB42B6997512E86A669
[TLS] Written transcript to proofs/MSG_TLS_E193B7F2.out, proofs/SIG_TLS_E193B7F2.out and proofs/PK_TLS_E193B7F2.der
Signature verification succeeds
[TLS] Server time: 1619741102
[TLS] client_random  (32): E2BFA6C9C3C0B7AEB015C84831CB1F990D15D02F8FA45F249EA03A4BEB3207A4
[TLS] sign_hash (32): D609631C5B6BAE1C959DCA1D0B880F7B603B0F79EEC544EB8B02803DADDCE50E
[TLS] Written transcript to proofs/MSG_TLS_E2BFA6C9.out, proofs/SIG_TLS_E2BFA6C9.out and proofs/PK_TLS_E2BFA6C9.der
Signature verification succeeds
[TLS] Server time: 1619741102
[TLS] client_random  (32): B38F4242C763E1629A7E58130F1BEE42E053B3900D6BA0A7A91E432FF06EF9B5
[TLS] sign_hash (32): 3A52E9597337DBF57F36A29D57D44B1BF9FF40ED3B8701557238EA9D36357796
[TLS] Written transcript to proofs/MSG_TLS_B38F4242.out, proofs/SIG_TLS_B38F4242.out and proofs/PK_TLS_B38F4242.der
Signature verification succeeds
[TLS] Server time: 1619741102
[TLS] client_random  (32): 6AAB1F760B19D95C2B06184E8FB185B9B7BA29DB4A4C1EC8D714DA702CF2A82F
[TLS] sign_hash (32): 0B609F259AC6A5604D69B043601C5855FFB1AE334DE8D177AA7D2D4BAD8C0246
[TLS] Written transcript to proofs/MSG_TLS_6AAB1F76.out, proofs/SIG_TLS_6AAB1F76.out and proofs/PK_TLS_6AAB1F76.der
Signature verification succeeds
[TLS] Server time: 1619741102
[TLS] client_random  (32): AE2B726B8B14F92A9F70921E71BA8084B2CE59A0D2AF21B85F3AB8FAA020E4C6
[TLS] sign_hash (32): F20F46DDB90C086BCC801450762E327C30E5AB5784B58F70D7061FE4114C97F2
[TLS] Written transcript to proofs/MSG_TLS_AE2B726B.out, proofs/SIG_TLS_AE2B726B.out and proofs/PK_TLS_AE2B726B.der
Signature verification succeeds
[TLS] Server time: 1619741102
[TLS] client_random  (32): FC6FA0FDBD3BC91AD854168578FBB2A73A1FF1D54060D3B499AE19CFDD1D2491
[TLS] sign_hash (32): 20F67ADA27EA5989BE09EFF035B9AAC61EC5C55E1922CE62019655274FA8697E
[TLS] Written transcript to proofs/MSG_TLS_FC6FA0FD.out, proofs/SIG_TLS_FC6FA0FD.out and proofs/PK_TLS_FC6FA0FD.der
Signature verification succeeds
[TLS] Server time: 1619741102
[TLS] client_random  (32): 228EEE0F2607D55ADEBD86B815BC1A250A114A91443A899E14E4E17EC910003B
[TLS] sign_hash (32): 10722A50D3AFB6B5B81833F27189967F95EBE97966BD31172490635F99E84875
[TLS] Written transcript to proofs/MSG_TLS_228EEE0F.out, proofs/SIG_TLS_228EEE0F.out and proofs/PK_TLS_228EEE0F.der
Signature verification succeeds
[TLS] Server time: 1619741102
[TLS] client_random  (32): 33081C24FC10C224F6A35F993121217575CBFC29236F879DF6DF1BA9E3BBD9ED
[TLS] sign_hash (32): 02BA869FF1513EFE106D216C934B92A7E2E046369D197DFE8A287BBBE5DECA68
[TLS] Written transcript to proofs/MSG_TLS_33081C24.out, proofs/SIG_TLS_33081C24.out and proofs/PK_TLS_33081C24.der
Signature verification succeeds
[TLS] Server time: 1619741102
[TLS] client_random  (32): 917BB12C2FCAEF86437F172589362D81F2099E765BBBDC6E9A8231D471D955D1
[TLS] sign_hash (32): B35AE4D2BDB0B3AB74A754224605C94DD3EBB79827C2647954384ED230051539
[TLS] Written transcript to proofs/MSG_TLS_917BB12C.out, proofs/SIG_TLS_917BB12C.out and proofs/PK_TLS_917BB12C.der
Signature verification succeeds
[TLS] Server time: 1619741102
[TLS] client_random  (32): 7089F04D5D1E4C2D0083665BD2B688F2236B33FEC4C8B27880797ABB77ADFEBA
[TLS] sign_hash (32): 5A1BAD99D83BBF22BA2BFC0193AE3F7F9A5C9AEB52B1085B343E0709F82A353B
[TLS] Written transcript to proofs/MSG_TLS_7089F04D.out, proofs/SIG_TLS_7089F04D.out and proofs/PK_TLS_7089F04D.der
Signature verification succeeds
[TLS] Server time: 1619741102
[TLS] client_random  (32): 592B68B8D73C852E13D56C63BD1575379BFF6A4A55DD399D61D0EF29B065158B
[TLS] sign_hash (32): C60EF29FFC52FB60E0394E31934D2A1F641EDBDEC18A4173EA87B2A615DE3D72
[TLS] Written transcript to proofs/MSG_TLS_592B68B8.out, proofs/SIG_TLS_592B68B8.out and proofs/PK_TLS_592B68B8.der
Signature verification succeeds
[TLS] Server time: 1619741102
[TLS] client_random  (32): A79F7AE9F531999E63562B4077130C07B069A8B8BBBE608347C1A96AE4C78213
[TLS] sign_hash (32): 7B4B585DA17DCBF8CDEFFADFB5D44E870A77BBA9D5A5DD570FC0BF15158C4B43
[TLS] Written transcript to proofs/MSG_TLS_A79F7AE9.out, proofs/SIG_TLS_A79F7AE9.out and proofs/PK_TLS_A79F7AE9.der
Signature verification succeeds
[TLS] Server time: 1619741102
[TLS] client_random  (32): 6D63FEBD14DD808C29BEEA0ECB40AAFAB7F3D4443812D085C9559E9665DF6F15
[TLS] sign_hash (32): FE748734DB31ECB5C186F0B877EF8693A9DAEDD027C54E38DD24C6A02547E09A
[TLS] Written transcript to proofs/MSG_TLS_6D63FEBD.out, proofs/SIG_TLS_6D63FEBD.out and proofs/PK_TLS_6D63FEBD.der
Signature verification succeeds
[TLS] Server time: 1619741102
[TLS] client_random  (32): 310C0E7C08BD18002F25203506155C80DECBB63A936569F6F2FBE172B79BB171
[TLS] sign_hash (32): AB4FC7D6CA697661E4E95D8EAAF63E4C83599E464C9FE2170F94F0B67362254A
[TLS] Written transcript to proofs/MSG_TLS_310C0E7C.out, proofs/SIG_TLS_310C0E7C.out and proofs/PK_TLS_310C0E7C.der
Signature verification succeeds
[TLS] Server time: 1619741102
[TLS] client_random  (32): 40EC9C2EA7692A03381A534885090ABDC18F6D7998844A199E70A7A43C9B7C59
[TLS] sign_hash (32): FD6114CFE40A61E47DB77569421F24D601F7DE1B3EE1EA9ED24442F219B1E266
[TLS] Written transcript to proofs/MSG_TLS_40EC9C2E.out, proofs/SIG_TLS_40EC9C2E.out and proofs/PK_TLS_40EC9C2E.der
Signature verification succeeds
[TLS] Server time: 1619741102
[TLS] client_random  (32): F29B209AD83E1177CEC54680FA11DD6C950F6EF2672DBC90103826D9A9DD0C34
[TLS] sign_hash (32): 0CD3939B64FB4532E833E14A9B4511D70F229F2DA70E602FE519B94A09641F0A
[TLS] Written transcript to proofs/MSG_TLS_F29B209A.out, proofs/SIG_TLS_F29B209A.out and proofs/PK_TLS_F29B209A.der
Signature verification succeeds
[TLS] Server time: 1619741102
[TLS] client_random  (32): 4581AC40B84F80B515AFEA46F51B72AEFB2ACB26F79D2B2DB0743FF49A28BC46
[TLS] sign_hash (32): D2143A7B4BF1F532B5048DCDA940F0212EEFBB8A07E2DE21432DD09D4855B9C6
[TLS] Written transcript to proofs/MSG_TLS_4581AC40.out, proofs/SIG_TLS_4581AC40.out and proofs/PK_TLS_4581AC40.der
Signature verification succeeds
[TLS] Server time: 1619741102
[TLS] client_random  (32): 1E2D2382F3CE06D53FA7C4E0F2E9E480C87CF30A5CCE427A6B06E25F9BF3A129
[TLS] sign_hash (32): F9DA4748E408FEFCBCD18E90826C089973F57F898149D671C33159CA0A5D1B5B
[TLS] Written transcript to proofs/MSG_TLS_1E2D2382.out, proofs/SIG_TLS_1E2D2382.out and proofs/PK_TLS_1E2D2382.der
Signature verification succeeds
[TLS] Server time: 1619741102
[TLS] client_random  (32): 887F00BB948F17DD8E0B2F994EE6424DA886A3E1808739447FB29DD3F81355D7
[TLS] sign_hash (32): 0498B6E1D0BC6835E1BE2129833ECCEB70594AE49391FFB5CF34E14597C3FC5A
[TLS] Written transcript to proofs/MSG_TLS_887F00BB.out, proofs/SIG_TLS_887F00BB.out and proofs/PK_TLS_887F00BB.der
Signature verification succeeds
[TLS] Server time: 1619741102
[TLS] client_random  (32): E83761F3B0A8B1AF6FD3313C1F4C1BA735DE83B3898BCDF6C1A86D99B1425326
[TLS] sign_hash (32): 5D5184D6FA9DCD20C62AC5D8932FA73A3001415949F39B6FA91836055482E052
[TLS] Written transcript to proofs/MSG_TLS_E83761F3.out, proofs/SIG_TLS_E83761F3.out and proofs/PK_TLS_E83761F3.der
Signature verification succeeds
[TLS] Server time: 1619741102
[TLS] client_random  (32): 3E4BF9CE14875126C5B495C64EC7004FDA31487A178FAD449D9BDA83408134F7
[TLS] sign_hash (32): BC30A0FB5326BC4DF01A47C2BE3CD086BC38991CC7FF1A91079B4B95F51D8E5E
[TLS] Written transcript to proofs/MSG_TLS_3E4BF9CE.out, proofs/SIG_TLS_3E4BF9CE.out and proofs/PK_TLS_3E4BF9CE.der
Signature verification succeeds
[TLS] Server time: 1619741102
[TLS] client_random  (32): CF459D169D27BFEF23B1BAD95740CA302755B63E95A208B54AADE42DAE9EAAF5
[TLS] sign_hash (32): 59F97A178E2CDFDC81B7A1A297DE2E4ED7988A558253D866136BD7EBD31D9CA5
[TLS] Written transcript to proofs/MSG_TLS_CF459D16.out, proofs/SIG_TLS_CF459D16.out and proofs/PK_TLS_CF459D16.der
Signature verification succeeds
[TLS] Server time: 1619741102
[TLS] client_random  (32): 00BC21AB31E33AFFEC9F07E8B501D89AA0464A021F7DE7F9B23D1B628CBA0DC3
[TLS] sign_hash (32): 048F8AE71DA3831D24E725F7A29C7EA4DD6B8CE51EF001CB31F4AD6DF1CA6C3E
[TLS] Written transcript to proofs/MSG_TLS_00BC21AB.out, proofs/SIG_TLS_00BC21AB.out and proofs/PK_TLS_00BC21AB.der
Signature verification succeeds
[TLS] Server time: 1619741102
[TLS] client_random  (32): 8CE52BC2E52DC2F13C12D106AAACA1D138816E3F35FA4DE5396CA4E050CCE9FC
[TLS] sign_hash (32): 95887101D2105B400508B6351D50DB8BC691365678821E4AD774F4D51200CE24
[TLS] Written transcript to proofs/MSG_TLS_8CE52BC2.out, proofs/SIG_TLS_8CE52BC2.out and proofs/PK_TLS_8CE52BC2.der
Signature verification succeeds
[TLS] Server time: 1619741102
[TLS] client_random  (32): B02E96ADE43871FC6C85C685FD80EDE7893117E8CB3427B2DBD13B0EDFA70E5F
[TLS] sign_hash (32): 61F735EAFB1708BD909F52FBC6DC53534C9B1733517BB4AFB900063465722B1B
[TLS] Written transcript to proofs/MSG_TLS_B02E96AD.out, proofs/SIG_TLS_B02E96AD.out and proofs/PK_TLS_B02E96AD.der
Signature verification succeeds
[TLS] Server time: 1619741102
[TLS] client_random  (32): 2AC6082B3D6986D1990DA36F5AE92715BDA65CABA5259E26193CC150CEE2AE87
[TLS] sign_hash (32): 259075C973DB878A829B2AA411C3EA2D03C014B0CE91C0B87AB63C35A8F28127
[TLS] Written transcript to proofs/MSG_TLS_2AC6082B.out, proofs/SIG_TLS_2AC6082B.out and proofs/PK_TLS_2AC6082B.der
Signature verification succeeds
[TLS] Server time: 1619741102
[TLS] client_random  (32): 992B5018885CD2C733B2423F88AC806D80DE991A8C6FDF1033D3F24D1A257EBC
[TLS] sign_hash (32): 3BBBBCC55F8C873D6DE9C49CF789E77D331DA7DB5DD803FF65C4E8E6C7042ABB
[TLS] Written transcript to proofs/MSG_TLS_992B5018.out, proofs/SIG_TLS_992B5018.out and proofs/PK_TLS_992B5018.der
Signature verification succeeds
[TLS] Server time: 1619741102
[TLS] client_random  (32): EC7D07861F551263FF1713302F63F965C26621E53B5529727C6A61B2FC4CC8DC
[TLS] sign_hash (32): 082C055DDE29F8AF83ABFB1760BDDFDA470D48991AE585FE38511591B7D89519
[TLS] Written transcript to proofs/MSG_TLS_EC7D0786.out, proofs/SIG_TLS_EC7D0786.out and proofs/PK_TLS_EC7D0786.der
Signature verification succeeds
[TLS] Server time: 1619741102
[TLS] client_random  (32): ED9F2E6F6317C3B61F6912708F14D4A81BCDBBBA45B817CA4ACA2B99D8698018
[TLS] sign_hash (32): 95A400458CD5E99AEDF3CCDE8D5D16EF04041692D84EB39A4E0939B4F02101F2
[TLS] Written transcript to proofs/MSG_TLS_ED9F2E6F.out, proofs/SIG_TLS_ED9F2E6F.out and proofs/PK_TLS_ED9F2E6F.der
Signature verification succeeds
[TLS] Server time: 1619741102
[TLS] client_random  (32): 7B8A2AD9AF0A79A2E601ED6F2698FFD8559093C17D4F5B1F34E91DEB6AD037B2
[TLS] sign_hash (32): 8DCC97CE9B7A9724FDB9758FD82AC93EF20C74AD13E34E5120A8D5E1734714F0
[TLS] Written transcript to proofs/MSG_TLS_7B8A2AD9.out, proofs/SIG_TLS_7B8A2AD9.out and proofs/PK_TLS_7B8A2AD9.der
Signature verification succeeds
[TLS] Server time: 1619741102
[TLS] client_random  (32): 2368865ECF0E108C51ECB2C8219901452AFF47975CD8FE308C958CEFCF995A8D
[TLS] sign_hash (32): F54357A25F840BA7113418B9635108134660F2F500FDC57A77AAD735D1C8524A
[TLS] Written transcript to proofs/MSG_TLS_2368865E.out, proofs/SIG_TLS_2368865E.out and proofs/PK_TLS_2368865E.der
Signature verification succeeds
[TLS] Server time: 1619741102
[TLS] client_random  (32): 8FEEC0CB837587C67EDBC6ED419800FECCA6E89DC63EEE8A82630AEC20997473
[TLS] sign_hash (32): E5AFBA0FABE00E607C423DFD9BEEA3DFD5ACF750CB30A396CDE45CCD2BE99A9D
[TLS] Written transcript to proofs/MSG_TLS_8FEEC0CB.out, proofs/SIG_TLS_8FEEC0CB.out and proofs/PK_TLS_8FEEC0CB.der
Signature verification succeeds
[TLS] Server time: 1619741102
[TLS] client_random  (32): 3B28883941A48A4DC1415F1CBFC892D350F296BE51C23C48819E9E696546F27C
[TLS] sign_hash (32): 7EAC40EFE7698AA3C69D7F9A561BC589875711B4D53A617294CE743B386208DD
[TLS] Written transcript to proofs/MSG_TLS_3B288839.out, proofs/SIG_TLS_3B288839.out and proofs/PK_TLS_3B288839.der
Signature verification succeeds
[TLS] Server time: 1619741102
[TLS] client_random  (32): 1D5F5B5E16BB066DB699FC93D0501FBC9E80B0A06B20B4DC31110A75E76C632A
[TLS] sign_hash (32): C40DE8AF01CAA8DCECDED7C59482A10DA6728B5C785D382C37105E7162AEE0A4
[TLS] Written transcript to proofs/MSG_TLS_1D5F5B5E.out, proofs/SIG_TLS_1D5F5B5E.out and proofs/PK_TLS_1D5F5B5E.der
Signature verification succeeds
[TLS] Server time: 1619741102
[TLS] client_random  (32): 712A4437450F40DB0D0801317AFB46246F708521F23E955EE50F7ADD0A66DE96
[TLS] sign_hash (32): EA1B3FCD90762201A517331F154E26004023A7F1638B7E0C381C8E19F2A24969
[TLS] Written transcript to proofs/MSG_TLS_712A4437.out, proofs/SIG_TLS_712A4437.out and proofs/PK_TLS_712A4437.der
Signature verification succeeds
[TLS] Server time: 1619741102
[TLS] client_random  (32): 5CEAD7C1671837E1070F6E88BE70B30C62DDEF2A3E1D39FDA7918E5CD9049E6F
[TLS] sign_hash (32): 13C678763204DF8212B34213ACB7454429F96DDFAE3E4B995423AC18288937D5
[TLS] Written transcript to proofs/MSG_TLS_5CEAD7C1.out, proofs/SIG_TLS_5CEAD7C1.out and proofs/PK_TLS_5CEAD7C1.der
Signature verification succeeds
[TLS] Server time: 1619741102
[TLS] client_random  (32): 496418EBDF8BBDC74E253E2FBD1897F77E239A56210CD740F58AB6C2E45B389D
[TLS] sign_hash (32): 19533A96B36B11266C55D61F9B9C2C6A4D9047956B536A84423798AB93B12A6C
[TLS] Written transcript to proofs/MSG_TLS_496418EB.out, proofs/SIG_TLS_496418EB.out and proofs/PK_TLS_496418EB.der
Signature verification succeeds
[TLS] Server time: 1619741102
[TLS] client_random  (32): 56E1402A76E7B9278D6B7C53FCBCA9B465209E47DBA40CCBCC42F4A6444FEA23
[TLS] sign_hash (32): E9A9574DAB621C3FA0B0671E3ECBBE59B3555CBF295DF41B9C4116EF540382F9
[TLS] Written transcript to proofs/MSG_TLS_56E1402A.out, proofs/SIG_TLS_56E1402A.out and proofs/PK_TLS_56E1402A.der
Signature verification succeeds
[TLS] Server time: 1619741102
[TLS] client_random  (32): 5B4B1FE14B992828949F169C49B59F7481349AE3C94BEB9BF457B28AAD9F7687
[TLS] sign_hash (32): 907638F52D1505B5EB495A0B2840B79500BC744CB8B3AD7DE4EB4AA1952EA037
[TLS] Written transcript to proofs/MSG_TLS_5B4B1FE1.out, proofs/SIG_TLS_5B4B1FE1.out and proofs/PK_TLS_5B4B1FE1.der
Signature verification succeeds
[TLS] Server time: 1619741102
[TLS] client_random  (32): 4B96C69319442CECFA8B89ABD267BE9E881F4D5AEA861C5071D397556A0E7EB5
[TLS] sign_hash (32): 040D30CF52B1CB204CD7FE9022630AB89C9DBEBF2AB79DA998CD5B394B0F454D
[TLS] Written transcript to proofs/MSG_TLS_4B96C693.out, proofs/SIG_TLS_4B96C693.out and proofs/PK_TLS_4B96C693.der
Signature verification succeeds
[TLS] Server time: 1619741102
[TLS] client_random  (32): 74B167A74B25E44D586D4AB61E92D23BF24212F0D7A0831C5777510A2D35149A
[TLS] sign_hash (32): DB3C4DA159B82CAE94585F8F64CD667368824EF250D129F8E01517141F21BBFD
[TLS] Written transcript to proofs/MSG_TLS_74B167A7.out, proofs/SIG_TLS_74B167A7.out and proofs/PK_TLS_74B167A7.der
Signature verification succeeds
[TLS] Server time: 1619741102
[TLS] client_random  (32): 2C3802C5D2ABFCFFB246E2FFF3DE1AC5FD48FCA8F42680BE58615A21EFF46476
[TLS] sign_hash (32): 343A49068E2489EA4B6DC3E3FA4526839D6FD26CF6E27C52555CCBCD10106D8D
[TLS] Written transcript to proofs/MSG_TLS_2C3802C5.out, proofs/SIG_TLS_2C3802C5.out and proofs/PK_TLS_2C3802C5.der
Signature verification succeeds
[TLS] Server time: 1619741102
[TLS] client_random  (32): BFD6D80A502B191BF769050F7B9FE4437CE70A03655058088C12921C466179BA
[TLS] sign_hash (32): 255485730B20E26E6205CBC835187DECD1782446B0D96DD8FFB5F929898D57E3
[TLS] Written transcript to proofs/MSG_TLS_BFD6D80A.out, proofs/SIG_TLS_BFD6D80A.out and proofs/PK_TLS_BFD6D80A.der
Signature verification succeeds
[TLS] Server time: 1619741102
[TLS] client_random  (32): 312FA714EF895E58E3D05F018AA85F3AD5B072CE4F6D086333850163FF91AAFF
[TLS] sign_hash (32): E8F4EC0A00120656D51214709B1AC53BF8216BA77F674D791EEBDD9434A48C12
[TLS] Written transcript to proofs/MSG_TLS_312FA714.out, proofs/SIG_TLS_312FA714.out and proofs/PK_TLS_312FA714.der
Signature verification succeeds
[TLS] Server time: 1619741102
[TLS] client_random  (32): CA235126E2822743A71E7379A32C191FB2E7388817B9A6D1BFFBFE94E9319B1E
[TLS] sign_hash (32): 582164D8D1FCB186DEB0919CD42582CE5C39FFC13B2F67155EBDD8D7AA0DD2C7
[TLS] Written transcript to proofs/MSG_TLS_CA235126.out, proofs/SIG_TLS_CA235126.out and proofs/PK_TLS_CA235126.der
Signature verification succeeds
[TLS] Server time: 1619741102
[TLS] client_random  (32): C3175AE1810F9A9EFE31DF596B8A56DD0F3AE22BA227C5A3C1B56C85EBA2282E
[TLS] sign_hash (32): 9D5A887ADD7CE0DABE576DD2B690C291BF6DD38A7EED9AAF6376808BAD8C318A
[TLS] Written transcript to proofs/MSG_TLS_C3175AE1.out, proofs/SIG_TLS_C3175AE1.out and proofs/PK_TLS_C3175AE1.der
Signature verification succeeds
[TLS] Server time: 1619741102
[TLS] client_random  (32): 4F63B6010BB70E34D3F18FBB6FEEFB62492D3A97B8702829FB6DD7059315CB4E
[TLS] sign_hash (32): E0CDE082BBB1D00FAFA4B1CFEE1396184948BA912DDD1591DE220A042171A734
[TLS] Written transcript to proofs/MSG_TLS_4F63B601.out, proofs/SIG_TLS_4F63B601.out and proofs/PK_TLS_4F63B601.der
Signature verification succeeds
[TLS] Server time: 1619741102
[TLS] client_random  (32): FE8B3F5DFEDB79A8040632CDC2D9B32F89F63E7EE04F111CB552048C95302416
[TLS] sign_hash (32): 07F73B22717776E88B49F82442AB908E4C37EA8AA92185A8E669427D90050CD3
[TLS] Written transcript to proofs/MSG_TLS_FE8B3F5D.out, proofs/SIG_TLS_FE8B3F5D.out and proofs/PK_TLS_FE8B3F5D.der
Signature verification succeeds
[TLS] Server time: 1619741103
[TLS] client_random  (32): 7DDFA20A89A8FDF4BB41A7EA4FAE7FEA63CC120ED74681CB5FBFD77D3BD34C63
[TLS] sign_hash (32): 13A3E3A41B9C30B7948FB3C19A9717A7F8094112940271701F0D7330CFC08D43
[TLS] Written transcript to proofs/MSG_TLS_7DDFA20A.out, proofs/SIG_TLS_7DDFA20A.out and proofs/PK_TLS_7DDFA20A.der
Signature verification succeeds
[TLS] Server time: 1619741103
[TLS] client_random  (32): 6F424211329D19AB9C6D4011B2D52E29412B52E212B479AB83E23901AC15B3BE
[TLS] sign_hash (32): 5DE2506857E4240E4E55B46AA1A41E4A7546E7235903A7E630A43F62D56D597B
[TLS] Written transcript to proofs/MSG_TLS_6F424211.out, proofs/SIG_TLS_6F424211.out and proofs/PK_TLS_6F424211.der
Signature verification succeeds
[TLS] Server time: 1619741103
[TLS] client_random  (32): FD0A1BC7DB2A0A7B90DBE378581C158063C810D10E792A56A71FE888D004668C
[TLS] sign_hash (32): 24C7D9973B5EA56CEE17383DD6DB64A539D65D4B9A05561250FB00475C8F66BF
[TLS] Written transcript to proofs/MSG_TLS_FD0A1BC7.out, proofs/SIG_TLS_FD0A1BC7.out and proofs/PK_TLS_FD0A1BC7.der
Signature verification succeeds
[TLS] Server time: 1619741103
[TLS] client_random  (32): C857372AEDCFD54F9B729F8C8B0D5B94813FB009AB20B7BC24A85A2C71ABA6D2
[TLS] sign_hash (32): AC47393C6E7AA1B114AD8A9A29E50F8A6834F20EA5EC5B3BE7E98D0F49CE05B0
[TLS] Written transcript to proofs/MSG_TLS_C857372A.out, proofs/SIG_TLS_C857372A.out and proofs/PK_TLS_C857372A.der
Signature verification succeeds
[TLS] Server time: 1619741103
[TLS] client_random  (32): 4411A212D277763FF20F828D6B3D2ABCBB6528C3A2835413B93CBB17294BE904
[TLS] sign_hash (32): 25CD093BD676351CAB0112D1095578AB9C2A11055FDE26271C2E6DB958468D19
[TLS] Written transcript to proofs/MSG_TLS_4411A212.out, proofs/SIG_TLS_4411A212.out and proofs/PK_TLS_4411A212.der
Signature verification succeeds
[TLS] Server time: 1619741103
[TLS] client_random  (32): 18D235CB522126C3777CE67D36D0244ECE31C87B6221158E227BC82CC62E7AE0
[TLS] sign_hash (32): 7E04B168074B310ACB379114B2D3D7ACD78A84E62BDAD22AD46CAF9917FA4933
[TLS] Written transcript to proofs/MSG_TLS_18D235CB.out, proofs/SIG_TLS_18D235CB.out and proofs/PK_TLS_18D235CB.der
Signature verification succeeds
[TLS] Server time: 1619741103
[TLS] client_random  (32): E77FC8CC22FB40F96885FC18373E1F9A844AC5A539866FF8A3CD670B0B36F241
[TLS] sign_hash (32): 64098718EFD2ECE60F41ADC34FDCD736AE6A92076C4FD126CFE0DC6870B234B6
[TLS] Written transcript to proofs/MSG_TLS_E77FC8CC.out, proofs/SIG_TLS_E77FC8CC.out and proofs/PK_TLS_E77FC8CC.der
Signature verification succeeds
[TLS] Server time: 1619741103
[TLS] client_random  (32): A4484F4FD235AEC2B1A5FF9A1718D1F0BA01751052168A1CFE23CDAAB6527DA4
[TLS] sign_hash (32): EC322B0F3342E403F5629A2515E62F8288E9BAB0A9EBFF9204FD885FB6A8BD9C
[TLS] Written transcript to proofs/MSG_TLS_A4484F4F.out, proofs/SIG_TLS_A4484F4F.out and proofs/PK_TLS_A4484F4F.der
Signature verification succeeds
[TLS] Server time: 1619741103
[TLS] client_random  (32): 136DF393A64414CD329E8192B17002A7E369D2DA082FD7B9AD759849107FB325
[TLS] sign_hash (32): B25CEA1F769D32E329C83A64046FF9A9CD6AB208B168B7D3658710E9C110D653
[TLS] Written transcript to proofs/MSG_TLS_136DF393.out, proofs/SIG_TLS_136DF393.out and proofs/PK_TLS_136DF393.der
Signature verification succeeds
[TLS] Server time: 1619741103
[TLS] client_random  (32): 87A837384D568D74F5A37AF3C0F3B4975EF5F2C2C24556AD9F40ADA5EC4BBB8D
[TLS] sign_hash (32): 6307F72CA6537D2718CE6E6FAF9CFD97F04764DA41180DF490F1945B4B1A883B
[TLS] Written transcript to proofs/MSG_TLS_87A83738.out, proofs/SIG_TLS_87A83738.out and proofs/PK_TLS_87A83738.der
Signature verification succeeds
[TLS] Server time: 1619741103
[TLS] client_random  (32): B1B35E58D84A94F270040B4B352017CA20040D4A76CC535AC2930456E0C137E4
[TLS] sign_hash (32): B61C12728C17A8F47480148D3CADF2C5F69CB4DA5F3A920F1E069A23DDBBD5A5
[TLS] Written transcript to proofs/MSG_TLS_B1B35E58.out, proofs/SIG_TLS_B1B35E58.out and proofs/PK_TLS_B1B35E58.der
Signature verification succeeds
[TLS] Server time: 1619741103
[TLS] client_random  (32): BCB0B650FA2072510F8E4A1FC4D149AE256B5D6614F60619F8B50E83B937417D
[TLS] sign_hash (32): 99A71E833976A1A5C9C3561895D0D63A3B7073FA5A4620D0ECE8D77EE78682BD
[TLS] Written transcript to proofs/MSG_TLS_BCB0B650.out, proofs/SIG_TLS_BCB0B650.out and proofs/PK_TLS_BCB0B650.der
Signature verification succeeds
[TLS] Server time: 1619741103
[TLS] client_random  (32): 0714C79EBB1815026CFB6CC136CA8D61264FE861FF28DCD014E2F378045E5FA1
[TLS] sign_hash (32): 68F44A8F86C561FDBABB5DDEBD7D41ECBF657A3B2C17E05208DF2EEDD67E2734
[TLS] Written transcript to proofs/MSG_TLS_0714C79E.out, proofs/SIG_TLS_0714C79E.out and proofs/PK_TLS_0714C79E.der
Signature verification succeeds
[TLS] Server time: 1619741103
[TLS] client_random  (32): A036FA26DDB9FA62281AA6001882E58EFF97291B93EB865767029E4B55C3BED6
[TLS] sign_hash (32): FDCFD526B9AB8D8AABCB777D1D27A600B658E03CFA8C0406D8580885DE22F12F
[TLS] Written transcript to proofs/MSG_TLS_A036FA26.out, proofs/SIG_TLS_A036FA26.out and proofs/PK_TLS_A036FA26.der
Signature verification succeeds
[TLS] Server time: 1619741103
[TLS] client_random  (32): 60A3405CD50139F22B1266F53533E0544A1102F2E155294372556C9E768F15D3
[TLS] sign_hash (32): BF3F17FA4107926DD253BE5547A77D64D07E40CD3A544A9A55255515D48949F7
[TLS] Written transcript to proofs/MSG_TLS_60A3405C.out, proofs/SIG_TLS_60A3405C.out and proofs/PK_TLS_60A3405C.der
Signature verification succeeds
[TLS] Server time: 1619741103
[TLS] client_random  (32): A3626A4CE1BF1058A5C1180CF4BEF0C5BB64D7D7071D935297450FCA94F2BEFD
[TLS] sign_hash (32): 64C51A2CD176FF25CCA041BC78BA5204693DCCD9B3FBCF87462D52B5B4E0758D
[TLS] Written transcript to proofs/MSG_TLS_A3626A4C.out, proofs/SIG_TLS_A3626A4C.out and proofs/PK_TLS_A3626A4C.der
Signature verification succeeds
[TLS] Server time: 1619741103
[TLS] client_random  (32): 67AA16B9975337B32760D8CFEAE2A1133AB15C39A8E45E94A2E160406DD68A34
[TLS] sign_hash (32): 60654BDD6A6154337080DE829DAE56F0B3A5897DF194C25D324C4E0A5FF3409F
[TLS] Written transcript to proofs/MSG_TLS_67AA16B9.out, proofs/SIG_TLS_67AA16B9.out and proofs/PK_TLS_67AA16B9.der
Signature verification succeeds
[TLS] Server time: 1619741103
[TLS] client_random  (32): CDCEF1D599C174FB6CCF41C72DBB397FE0E3A832FD82CD8221C52A111FF7D8C5
[TLS] sign_hash (32): 46B06DA4673DA2FE2A13B4E518C092EA7D4D078A6064ACF40DAEF7544F2AFE2B
[TLS] Written transcript to proofs/MSG_TLS_CDCEF1D5.out, proofs/SIG_TLS_CDCEF1D5.out and proofs/PK_TLS_CDCEF1D5.der
Signature verification succeeds
[TLS] Server time: 1619741103
[TLS] client_random  (32): A06E431FF6D0DA300E1361804F148843589A6D7DA88BC794B9B3B10463CB2EA0
[TLS] sign_hash (32): 98629F2969B27287AE3F6D7A6E01EA218EBBE09AC19C0B74B8BA77F3C36E3F65
[TLS] Written transcript to proofs/MSG_TLS_A06E431F.out, proofs/SIG_TLS_A06E431F.out and proofs/PK_TLS_A06E431F.der
Signature verification succeeds
[TLS] Server time: 1619741103
[TLS] client_random  (32): 4926D9D8F02DD47D9BFDBFE443CA6D937D44CF320FAF92A0D05037E7F6333846
[TLS] sign_hash (32): 5B42AFA3F6556D185EABE0E18D5ECA232DF4E1DE4DE924B29C76CA8D9DB0DD9F
[TLS] Written transcript to proofs/MSG_TLS_4926D9D8.out, proofs/SIG_TLS_4926D9D8.out and proofs/PK_TLS_4926D9D8.der
Signature verification succeeds
[TLS] Server time: 1619741103
[TLS] client_random  (32): 1863D4A9A00C2837DC8F4540B78A84D679BACFFE251A2C692ECFC38CEBCA10FF
[TLS] sign_hash (32): 0674C612A2BC5F4D31C627C9EBEC7308B0DD8F3C8EEB4242A4C2DBDCD1979622
[TLS] Written transcript to proofs/MSG_TLS_1863D4A9.out, proofs/SIG_TLS_1863D4A9.out and proofs/PK_TLS_1863D4A9.der
Signature verification succeeds
[TLS] Server time: 1619741103
[TLS] client_random  (32): 2E59FFE86A970AC2B0DC43B7AB19541816851E21D4DADB6CB4D264A4E66199E9
[TLS] sign_hash (32): C2B3905B4FA19BE864F3255F85D34B62B686383AF5143F796AA8EDF402215F85
[TLS] Written transcript to proofs/MSG_TLS_2E59FFE8.out, proofs/SIG_TLS_2E59FFE8.out and proofs/PK_TLS_2E59FFE8.der
Signature verification succeeds
[TLS] Server time: 1619741103
[TLS] client_random  (32): BE93856E3E5EE0E38FEE57504719D7BD7219BAF0D78058CEA63341255EB013CF
[TLS] sign_hash (32): 7BFB8D303EA4D526C533C8D3CCC13471FB45ECB32195CFFF8DF86A52A7B02521
[TLS] Written transcript to proofs/MSG_TLS_BE93856E.out, proofs/SIG_TLS_BE93856E.out and proofs/PK_TLS_BE93856E.der
Signature verification succeeds
[TLS] Server time: 1619741104
[TLS] client_random  (32): 321F7CE50223BF2AD7B7A98F6A9BD7EDC95E4CC08016102FFE621065A3B84BC6
[TLS] sign_hash (32): C4C56FD75E0B1427002E4CA60D82E6F6FF8CD213AF64323089B38ED30C870B0B
[TLS] Written transcript to proofs/MSG_TLS_321F7CE5.out, proofs/SIG_TLS_321F7CE5.out and proofs/PK_TLS_321F7CE5.der
Signature verification succeeds
[TLS] Server time: 1619741104
[TLS] client_random  (32): 48BE7E29769E9ABE6B9BAD2EAA7B714B50507FE2E9F5E86241155F0CC0CB9B38
[TLS] sign_hash (32): 5DE139567E839172482198DA4DD93827981590A8B62EF04E407CA4B41B810275
[TLS] Written transcript to proofs/MSG_TLS_48BE7E29.out, proofs/SIG_TLS_48BE7E29.out and proofs/PK_TLS_48BE7E29.der
Signature verification succeeds
[TLS] Server time: 1619741104
[TLS] client_random  (32): B81D83E3B15F4D5FA567B335CB967FFC8AA81511ED6573C17DB7BE040AC33809
[TLS] sign_hash (32): 58EE5601EB6BFF76B1231D543392F161D67512AB1A4D16B655F42038B782805B
[TLS] Written transcript to proofs/MSG_TLS_B81D83E3.out, proofs/SIG_TLS_B81D83E3.out and proofs/PK_TLS_B81D83E3.der
Signature verification succeeds
[TLS] Server time: 1619741104
[TLS] client_random  (32): 689B5075F604B37BF7713325C0A6EE28EE983F7AAC03285331F959AAB3DB01A7
[TLS] sign_hash (32): A8238C168155E0D85C76A70333C03BEB219BB1859A831FAB8546057E0A2EFECB
[TLS] Written transcript to proofs/MSG_TLS_689B5075.out, proofs/SIG_TLS_689B5075.out and proofs/PK_TLS_689B5075.der
Signature verification succeeds
[TLS] Server time: 1619741104
[TLS] client_random  (32): 96128F09E193D9BC81B3B8BA7A50BF6E27A41191F57E8A8CAD3028A8CB9253DB
[TLS] sign_hash (32): 819AC62A7C9AC0EDA3934A248634FCB2811BFBF6FE0FA0D45AD67AB016207477
[TLS] Written transcript to proofs/MSG_TLS_96128F09.out, proofs/SIG_TLS_96128F09.out and proofs/PK_TLS_96128F09.der
Signature verification succeeds
[TLS] Server time: 1619741104
[TLS] client_random  (32): A5BDFA3B08CA3B866E555CFEE366DA704F9B788004010A50F8214A3EB5E93626
[TLS] sign_hash (32): C8CBD62B06572C07A533CC699E20A4CE361A6DCAF9C9D457534C6550E0CD0675
[TLS] Written transcript to proofs/MSG_TLS_A5BDFA3B.out, proofs/SIG_TLS_A5BDFA3B.out and proofs/PK_TLS_A5BDFA3B.der
Signature verification succeeds
[TLS] Server time: 1619741104
[TLS] client_random  (32): BD0F1F7F0160989547E304A1E95A01DF08664A90E44FB78CE92C0A24B0C5657B
[TLS] sign_hash (32): 87126D753D45B38F0A62A0008C9FE33B7438C9CD3FE0C8FC84FD2EB1BD32C2AF
[TLS] Written transcript to proofs/MSG_TLS_BD0F1F7F.out, proofs/SIG_TLS_BD0F1F7F.out and proofs/PK_TLS_BD0F1F7F.der
Signature verification succeeds
[TLS] Server time: 1619741104
[TLS] client_random  (32): 4F999439E0440FF46E266678AA22DB8161DA5C97F071066D54F68D5EB832A1A3
[TLS] sign_hash (32): 4C2FA757E4F55F900E7929790EF4F60BFFFE82E9A6BB9CDC3C477BBA34C9BA89
[TLS] Written transcript to proofs/MSG_TLS_4F999439.out, proofs/SIG_TLS_4F999439.out and proofs/PK_TLS_4F999439.der
Signature verification succeeds
[TLS] Server time: 1619741104
[TLS] client_random  (32): C9A060860AE2147F7773FB39394AAE13014DCD305374A9120B2986B8E12C4BF5
[TLS] sign_hash (32): 178F4246A7937BE6E6B2B5841F2977D68B0FBD3A4A682AB06D7D010EBDA13CDD
[TLS] Written transcript to proofs/MSG_TLS_C9A06086.out, proofs/SIG_TLS_C9A06086.out and proofs/PK_TLS_C9A06086.der
Signature verification succeeds
[TLS] Server time: 1619741104
[TLS] client_random  (32): F7D31A412A5DC6442B8F2AC969CDE39E5E26375278C958F288D9A57967B9DBA2
[TLS] sign_hash (32): B11B074517A35E70CE46DAFA56D3D56D9E868D56ED94508B1C72F3FBE0C26B70
[TLS] Written transcript to proofs/MSG_TLS_F7D31A41.out, proofs/SIG_TLS_F7D31A41.out and proofs/PK_TLS_F7D31A41.der
Signature verification succeeds
[TLS] Server time: 1619741104
[TLS] client_random  (32): F814B4F9C5EC33BF1CBADC5E4F9A6E8CAD6A1D4869AAEFFF0FFB10B2B44452A2
[TLS] sign_hash (32): 1AE7DE5B65835D70EDAC513FB165EA81AA3BEBEEC5A4EBFF415A6806C4F84AE3
[TLS] Written transcript to proofs/MSG_TLS_F814B4F9.out, proofs/SIG_TLS_F814B4F9.out and proofs/PK_TLS_F814B4F9.der
Signature verification succeeds
[TLS] Server time: 1619741104
[TLS] client_random  (32): 4A238A01B86F25899C8A7054DAC98DDE64A9B65663E86B6DA5D2A3129C5CCB3B
[TLS] sign_hash (32): 25320F52451467953C25437F3708BEA2EF50C9B414CC9EA4FE9D059D1CD0A8C8
[TLS] Written transcript to proofs/MSG_TLS_4A238A01.out, proofs/SIG_TLS_4A238A01.out and proofs/PK_TLS_4A238A01.der
Signature verification succeeds
[TLS] Server time: 1619741104
[TLS] client_random  (32): 63C49C5E382F7DA2CC43C306037E5E040D1A66D6FFA6E02C739B93BC3922095B
[TLS] sign_hash (32): 20229ED3817D913CEEC1E626F41266E5E9E511B27E7196C2F1244E8098B214FB
[TLS] Written transcript to proofs/MSG_TLS_63C49C5E.out, proofs/SIG_TLS_63C49C5E.out and proofs/PK_TLS_63C49C5E.der
Signature verification succeeds
[TLS] Server time: 1619741104
[TLS] client_random  (32): 0373C5AF38BABCBBF27CE684716D054E06AE7732326312D728787961356DAA88
[TLS] sign_hash (32): 8E8EAE54143438F85CA9D0234A926DAE08D8A608F7C73520890B78DB065DA084
[TLS] Written transcript to proofs/MSG_TLS_0373C5AF.out, proofs/SIG_TLS_0373C5AF.out and proofs/PK_TLS_0373C5AF.der
Signature verification succeeds
[TLS] Server time: 1619741104
[TLS] client_random  (32): 1945F40351317D1E42B946F1866413B8732919956959749276DA479E6032B525
[TLS] sign_hash (32): 601C88139A4CF8A3D79CDF20B1C94FAABF82AB4F2115CFE51D1A273BA5188172
[TLS] Written transcript to proofs/MSG_TLS_1945F403.out, proofs/SIG_TLS_1945F403.out and proofs/PK_TLS_1945F403.der
Signature verification succeeds
[TLS] Server time: 1619741104
[TLS] client_random  (32): BEA3F8E240E859DF90F04CE92328AC8ECA90B94F950D3DECE62AD4AA167DC835
[TLS] sign_hash (32): C33D29DF457305DFA9907796B905F057556B4FEFAEC7329A3597B0410230DCD7
[TLS] Written transcript to proofs/MSG_TLS_BEA3F8E2.out, proofs/SIG_TLS_BEA3F8E2.out and proofs/PK_TLS_BEA3F8E2.der
Signature verification succeeds
[TLS] Server time: 1619741104
[TLS] client_random  (32): 0AC4DA014DED598A0D9D6FE7D7B5AD6131CCBE211BC4A3044C76AC0DE990A03E
[TLS] sign_hash (32): 8D737FD2D03EEC7EA99C2685CC7D3A1FF1D3C086AC987186748F5FCFF415A705
[TLS] Written transcript to proofs/MSG_TLS_0AC4DA01.out, proofs/SIG_TLS_0AC4DA01.out and proofs/PK_TLS_0AC4DA01.der
Signature verification succeeds
[TLS] Server time: 1619741104
[TLS] client_random  (32): 1933D6FB662555DB4907A735546A1E5DE39A032991A3A6B148564D4904921E38
[TLS] sign_hash (32): 42CDFB183B4FAD619C03441E0A96DE8CD6BE5751D69BE5E08F167D439B5ECECC
[TLS] Written transcript to proofs/MSG_TLS_1933D6FB.out, proofs/SIG_TLS_1933D6FB.out and proofs/PK_TLS_1933D6FB.der
Signature verification succeeds
[TLS] Server time: 1619741104
[TLS] client_random  (32): 23B9AC30CE9CF75F0FB9F15565C4B63C1DE3EC72C65A279875602247EB4EBC8F
[TLS] sign_hash (32): BCEC348F225DC5A0C84AC42E1B542702B677C9E24370C77BBDF84C6A5B504C7D
[TLS] Written transcript to proofs/MSG_TLS_23B9AC30.out, proofs/SIG_TLS_23B9AC30.out and proofs/PK_TLS_23B9AC30.der
Signature verification succeeds
[TLS] Server time: 1619741104
[TLS] client_random  (32): 5899982B85B894A589C1826FAEF5AB4C3465D95A04903B66DCB8A07CC19DC18F
[TLS] sign_hash (32): AD0436A761B779B88B51B6471E77EB2ACFB11FB16664D97A026CB35D7F0CA824
[TLS] Written transcript to proofs/MSG_TLS_5899982B.out, proofs/SIG_TLS_5899982B.out and proofs/PK_TLS_5899982B.der
Signature verification succeeds
[TLS] Server time: 1619741104
[TLS] client_random  (32): A1D365B11F6519E6A9269CB3791EC8108198A9780C7ACB40AA437C0DF4716D98
[TLS] sign_hash (32): A495E343E5B5E0CAFE9DD633C77FCEBC208D04B9296876F9D29B7683868BA3AD
[TLS] Written transcript to proofs/MSG_TLS_A1D365B1.out, proofs/SIG_TLS_A1D365B1.out and proofs/PK_TLS_A1D365B1.der
Signature verification succeeds
[TLS] Server time: 1619741104
[TLS] client_random  (32): 7C2FD02A4B67FC44847F9625DA53336C7F4118BDBB7557E20A655CAF1407CE16
[TLS] sign_hash (32): CDFA84F74A4B529122D96E85B9E53245C65D6D60448D8206B81D149C9EF606F6
[TLS] Written transcript to proofs/MSG_TLS_7C2FD02A.out, proofs/SIG_TLS_7C2FD02A.out and proofs/PK_TLS_7C2FD02A.der
Signature verification succeeds
[TLS] Server time: 1619741104
[TLS] client_random  (32): F8262FEEA6ECB27BF614035F93EB78AC1539EDCB16726DB6E67BD93F702464B1
[TLS] sign_hash (32): 86D99015402C23615C292F60EE307695F718B039B23CF0F2F35D354AC8D69443
[TLS] Written transcript to proofs/MSG_TLS_F8262FEE.out, proofs/SIG_TLS_F8262FEE.out and proofs/PK_TLS_F8262FEE.der
Signature verification succeeds
[TLS] Server time: 1619741104
[TLS] client_random  (32): 887E49237FE22D6EAB65822E0579A9BE00C9E5FB1F74A2998EDD1FE1300229FE
[TLS] sign_hash (32): 553CA661FCCE5B31B9DCEB0B4F08287B5407D4F6FF21939D885F59133D2F0B48
[TLS] Written transcript to proofs/MSG_TLS_887E4923.out, proofs/SIG_TLS_887E4923.out and proofs/PK_TLS_887E4923.der
Signature verification succeeds
[TLS] Server time: 1619741104
[TLS] client_random  (32): 7C243ECBCF55C183EEAE29371572CE4B8F0C109984AB802D2593A7B44722064B
[TLS] sign_hash (32): D5D5840EB4885C04BD1482E1E0F0166F3F81C751A842EE3C5532E1ACD384ADB9
[TLS] Written transcript to proofs/MSG_TLS_7C243ECB.out, proofs/SIG_TLS_7C243ECB.out and proofs/PK_TLS_7C243ECB.der
Signature verification succeeds
[TLS] Server time: 1619741104
[TLS] client_random  (32): A10C84DEEE353DAE5A8D84416BEBF81A9FABF4B0029A62AF2ACB8BE781194E1A
[TLS] sign_hash (32): 039F1EAE1FBFECA364705633C7F8FDD51387753F6C7561C2D34CB46B0B6DF37E
[TLS] Written transcript to proofs/MSG_TLS_A10C84DE.out, proofs/SIG_TLS_A10C84DE.out and proofs/PK_TLS_A10C84DE.der
Signature verification succeeds
[TLS] Server time: 1619741104
[TLS] client_random  (32): B3EFE536EE0CB3F6B6135A35AFCC659D6BA6803F0F187D4EF3F177EB33007DAF
[TLS] sign_hash (32): A8C0A5C1EAD8FC3C1200B5A9518D9FAD8926288C5DFFDB2C0A10E5576A6A3122
[TLS] Written transcript to proofs/MSG_TLS_B3EFE536.out, proofs/SIG_TLS_B3EFE536.out and proofs/PK_TLS_B3EFE536.der
Signature verification succeeds
[TLS] Server time: 1619741104
[TLS] client_random  (32): A01D16FE568D3EAA4841A8086C0CC7A1847C44193AE87E601C29F150C4A6C42B
[TLS] sign_hash (32): 2F4E44F703C67C7A7D092A155644AB10043732902E57E20D8CC851E887CFA4FA
[TLS] Written transcript to proofs/MSG_TLS_A01D16FE.out, proofs/SIG_TLS_A01D16FE.out and proofs/PK_TLS_A01D16FE.der
Signature verification succeeds
[TLS] Server time: 1619741104
[TLS] client_random  (32): 9CD9051A9D65B9F0A089CA86579FE5F042EEE147B7D8DD1052AD293246FBE29D
[TLS] sign_hash (32): 959F084DC682A7864C9653AA8FB456323B04CB7F01DAD0820FDE051F11DE2110
[TLS] Written transcript to proofs/MSG_TLS_9CD9051A.out, proofs/SIG_TLS_9CD9051A.out and proofs/PK_TLS_9CD9051A.der
Signature verification succeeds
[TLS] Server time: 1619741104
[TLS] client_random  (32): 5AB3CBAFB1FA263E2C90E9319C211AAACBFD9CA5380E74A3FE448BEBF41583CE
[TLS] sign_hash (32): 426066FD1A6A4A155DF942E0022EEA61BE4DDBB919A56B8BA8A0BC659407B3F6
[TLS] Written transcript to proofs/MSG_TLS_5AB3CBAF.out, proofs/SIG_TLS_5AB3CBAF.out and proofs/PK_TLS_5AB3CBAF.der
Signature verification succeeds
[TLS] Server time: 1619741104
[TLS] client_random  (32): 978A66758029FB6FBD6EB304CAF57C34E6D5285081241D4E09388A6DEB54A9A2
[TLS] sign_hash (32): 0EDCBD9B9B73448B094E64F44E3392AD94F487A5A7DDBD0455150E702B4F6314
[TLS] Written transcript to proofs/MSG_TLS_978A6675.out, proofs/SIG_TLS_978A6675.out and proofs/PK_TLS_978A6675.der
Signature verification succeeds
[TLS] Server time: 1619741104
[TLS] client_random  (32): 353C084625D47486E1D7068DF4FF2B34EFEDD2DC930CECC34BF88B1E0F5D054A
[TLS] sign_hash (32): EEAD481DCED0EB774AA0284DC2E6A2C61335157C738C63E8FF2991AD2AFE87ED
[TLS] Written transcript to proofs/MSG_TLS_353C0846.out, proofs/SIG_TLS_353C0846.out and proofs/PK_TLS_353C0846.der
Signature verification succeeds
[TLS] Server time: 1619741104
[TLS] client_random  (32): D7916D2E98971ABD0F20DC3514815AAA66823B3697ED01DA4A965201A897BECB
[TLS] sign_hash (32): 42260360D0B08223A37427E8DF4E5AC8563216981674247CAA0A3C6F15E454DA
[TLS] Written transcript to proofs/MSG_TLS_D7916D2E.out, proofs/SIG_TLS_D7916D2E.out and proofs/PK_TLS_D7916D2E.der
Signature verification succeeds
[TLS] Server time: 1619741104
[TLS] client_random  (32): 68B87D9EC00B69A11CC90F0468A703DA77013A6070DC631E88863099A76D74D7
[TLS] sign_hash (32): A09DC42ED056C36F66BA5BEFFF30E2CE34DD8B920129DF2DCCCD7000437B7FDA
[TLS] Written transcript to proofs/MSG_TLS_68B87D9E.out, proofs/SIG_TLS_68B87D9E.out and proofs/PK_TLS_68B87D9E.der
Signature verification succeeds
[TLS] Server time: 1619741104
[TLS] client_random  (32): 8A3692D2020AA0E7917AF69DEBB1B14281490003BE448D5DF0E231FFCA94DD8A
[TLS] sign_hash (32): 251377B472B8637CD63B181F8820F63026952F7D3CB33ACE0546CDEA2AD07087
[TLS] Written transcript to proofs/MSG_TLS_8A3692D2.out, proofs/SIG_TLS_8A3692D2.out and proofs/PK_TLS_8A3692D2.der
Signature verification succeeds
[TLS] Server time: 1619741104
[TLS] client_random  (32): 8B9B8A6FBD7AACDC1615F66CAC5B2B941FEE54CACC5F7A2FD19AA6265B1C8001
[TLS] sign_hash (32): F72699AF8F1A1438B0A62BF73CA401AD5EFFD5A958AABE6E6EBCD5B586144CDA
[TLS] Written transcript to proofs/MSG_TLS_8B9B8A6F.out, proofs/SIG_TLS_8B9B8A6F.out and proofs/PK_TLS_8B9B8A6F.der
Signature verification succeeds
[TLS] Server time: 1619741104
[TLS] client_random  (32): 69E4684B838659C183AFAF9D4FF667BDBB09BBA71E245DAEA9F8181B79B95D18
[TLS] sign_hash (32): F5689F5A345CB9450929F2873FAFD6C0765CED1B4F90B0C2F9796283CE3896EE
[TLS] Written transcript to proofs/MSG_TLS_69E4684B.out, proofs/SIG_TLS_69E4684B.out and proofs/PK_TLS_69E4684B.der
Signature verification succeeds
[TLS] Server time: 1619741104
[TLS] client_random  (32): 259F99BB74937C75393D5DDE1355CF5344FB498BFDF343A65BD5AFCC653880C1
[TLS] sign_hash (32): 04517B86C010BD52D8240B2D365AB7611BA9DAD94314FAA7FF74A26025619932
[TLS] Written transcript to proofs/MSG_TLS_259F99BB.out, proofs/SIG_TLS_259F99BB.out and proofs/PK_TLS_259F99BB.der
Signature verification succeeds
[TLS] Server time: 1619741104
[TLS] client_random  (32): 03C76DD50415C454B5B695E6D20E4E65AA9437722EC5B2C757F93114D8DB78DF
[TLS] sign_hash (32): 0E300EBCB00126D9BC0C50DDD5812A8B062D19F6F95D07AD7F8DCB724CEBB1F1
[TLS] Written transcript to proofs/MSG_TLS_03C76DD5.out, proofs/SIG_TLS_03C76DD5.out and proofs/PK_TLS_03C76DD5.der
Signature verification succeeds
[TLS] Server time: 1619741104
[TLS] client_random  (32): 53D2538109AB6D6261F605CE7240873A24B852608B4DEF45CC2F651C7F790FA0
[TLS] sign_hash (32): 58C0CCFF95201F6D7A8C552271A3DFDAD16273B9D016A110289B133182F230DF
[TLS] Written transcript to proofs/MSG_TLS_53D25381.out, proofs/SIG_TLS_53D25381.out and proofs/PK_TLS_53D25381.der
Signature verification succeeds
[TLS] Server time: 1619741104
[TLS] client_random  (32): E2D5E4F895446D68708839BA2F80BA2905FC5E5247A1DB9DF55B5F75B75615F9
[TLS] sign_hash (32): A99D5A914F17D552E9C4276ABE95A68244C0026D1490385507E9FBCAC19DF376
[TLS] Written transcript to proofs/MSG_TLS_E2D5E4F8.out, proofs/SIG_TLS_E2D5E4F8.out and proofs/PK_TLS_E2D5E4F8.der
Signature verification succeeds
[TLS] Server time: 1619741104
[TLS] client_random  (32): 06D9AF596E813BFBE88C7D7FF4D3FDC3E591AF5C26AF707C63B55AC549D158A6
[TLS] sign_hash (32): 8855867F2C1F7803C939F394117537D82294311D1BC86CFCE88C34E28E603C8C
[TLS] Written transcript to proofs/MSG_TLS_06D9AF59.out, proofs/SIG_TLS_06D9AF59.out and proofs/PK_TLS_06D9AF59.der
Signature verification succeeds
[TLS] Server time: 1619741104
[TLS] client_random  (32): 13A0CB7530EDED59932510E1CD8F11B747C19CECBDA7DE9A9527D93C7474E88F
[TLS] sign_hash (32): 95CDA248019BA70CC95CA656F4B2A0C65A3AE727AD6A783573A8621485BDF99A
[TLS] Written transcript to proofs/MSG_TLS_13A0CB75.out, proofs/SIG_TLS_13A0CB75.out and proofs/PK_TLS_13A0CB75.der
Signature verification succeeds
Time breakdown (averages): anchor_ping:18.617696 file_read:0.137431 hashing:0.471024
Total time for 119 rounds is 2306.539032ms
Standard deviations: anchor_ping:67.937889 file_read:0.013501 hashing:0.004632
[Client-side ops] mean:0.608455 sd:0.014542
in & out anchor rand written to proofs/phase1.out
     54 [TLS] Server time: 1619741102
     23 [TLS] Server time: 1619741103
     43 [TLS] Server time: 1619741104
Count is 54
Count is 23
Count is 43
success: 0
Sleeping before retrying
CONF: anchor:sruc.ac.uk fs:1024MB n_rounds:119 seed:5c9f4bf9bbc15bb855f82faedc5a52fc3ab2dfa8ec3ba3ce1b270f31fa0cced2 filename:FILE bs:1024 nops:100 benchmarking:0 anchor_ping:1 queue_depth:32 direct:0
[TLS] Connecting to sruc.ac.uk
[TLS] Server time: 1619741106
[TLS] client_random  (32): 5C9F4BF9BBC15BB855F82FAEDC5A52FC3AB2DFA8EC3BA3CE1B270F31FA0CCED2
[TLS] sign_hash (32): E61C517C0F856C18BABCB31B89FAA6966BFB6767AD9A776E459A05E748AC2AC8
[TLS] Written transcript to proofs/MSG_TLS_5C9F4BF9.out, proofs/SIG_TLS_5C9F4BF9.out and proofs/PK_TLS_5C9F4BF9.der
Signature verification succeeds
[TLS] Server time: 1619741106
[TLS] client_random  (32): B88C9024BE7C328C57418824AE89CD9A849F8F58D07E252FA1F073034262D46A
[TLS] sign_hash (32): 9DE9FA4A574D3B2F31F5FF640396EE57A180B1A8EA0272053DA973F3BCB55746
[TLS] Written transcript to proofs/MSG_TLS_B88C9024.out, proofs/SIG_TLS_B88C9024.out and proofs/PK_TLS_B88C9024.der
Signature verification succeeds
[TLS] Server time: 1619741106
[TLS] client_random  (32): A1E7A4A1E7BAC7A9ED88FCD4E73712E3151BE93E2D6DA9152345473D457A63A7
[TLS] sign_hash (32): 18E084C9B486E8438EA18D81228611C13BC2711CD4DE8553C00D05A936303A2D
[TLS] Written transcript to proofs/MSG_TLS_A1E7A4A1.out, proofs/SIG_TLS_A1E7A4A1.out and proofs/PK_TLS_A1E7A4A1.der
Signature verification succeeds
[TLS] Server time: 1619741106
[TLS] client_random  (32): DD248C51F558E8EC2AECFF0555EF0E4E7DE1D80A0465B9048CBB9B9C35CDEB78
[TLS] sign_hash (32): E331A2C2307D4424AFF76C20B9239A6EEADA13A800C6CEEDEB0FAFCFF50467AA
[TLS] Written transcript to proofs/MSG_TLS_DD248C51.out, proofs/SIG_TLS_DD248C51.out and proofs/PK_TLS_DD248C51.der
Signature verification succeeds
[TLS] Server time: 1619741106
[TLS] client_random  (32): B5C52A22C88DF6D1D697A2246061241FEAE8B8903320CE5770508C1B0A977FE9
[TLS] sign_hash (32): 33CE9321876365F881DD42912DAC3BC74C18F43333313E8CD7B1BD3F17049BFD
[TLS] Written transcript to proofs/MSG_TLS_B5C52A22.out, proofs/SIG_TLS_B5C52A22.out and proofs/PK_TLS_B5C52A22.der
Signature verification succeeds
[TLS] Server time: 1619741106
[TLS] client_random  (32): 57412800ED6C80629FD7E3A8CEB76C0A0193958D43A3BDF2E0ECE476A3246507
[TLS] sign_hash (32): 34139F48CDBD51F5A4AAE8E221C24BECB6F0723359BC0079A13B31A6FA4697A2
[TLS] Written transcript to proofs/MSG_TLS_57412800.out, proofs/SIG_TLS_57412800.out and proofs/PK_TLS_57412800.der
Signature verification succeeds
[TLS] Server time: 1619741106
[TLS] client_random  (32): 8409AC8BC357D8D23502E1433FB6944A55BB183B4F75C4CA6C244B049A46C6FD
[TLS] sign_hash (32): 3B5A5FACBBAA88CD3FA1969A06987F693D83A8C20443797754075A4FD3D837F8
[TLS] Written transcript to proofs/MSG_TLS_8409AC8B.out, proofs/SIG_TLS_8409AC8B.out and proofs/PK_TLS_8409AC8B.der
Signature verification succeeds
[TLS] Server time: 1619741106
[TLS] client_random  (32): 8E54B4906DAD1F3DBBED90C25677998E5CFB56659107CFBEFBBB52F452F9E295
[TLS] sign_hash (32): E28E7C213F7AA52C6FD0018195F6BCBA9CD07DA9BB6DAD588CEEE2E390390611
[TLS] Written transcript to proofs/MSG_TLS_8E54B490.out, proofs/SIG_TLS_8E54B490.out and proofs/PK_TLS_8E54B490.der
Signature verification succeeds
[TLS] Server time: 1619741106
[TLS] client_random  (32): 43C6C95431ADEA2A416C38F95D6A765CC1257A26459C2CD5F574CDD1FD13CE41
[TLS] sign_hash (32): 262F2E820EB7366BB949BC7507660866337C7BD1918D983AA2081BC2DAE2D2F6
[TLS] Written transcript to proofs/MSG_TLS_43C6C954.out, proofs/SIG_TLS_43C6C954.out and proofs/PK_TLS_43C6C954.der
Signature verification succeeds
[TLS] Server time: 1619741106
[TLS] client_random  (32): 91C3E499B685A447BAD3EB8FC30FCE25CFE6E59596AD0AA44A76A76368CFF302
[TLS] sign_hash (32): 14843CD36B5D87127AC0B7DB39DEA47E9FDD78920FE56A74DD873AB6F8991578
[TLS] Written transcript to proofs/MSG_TLS_91C3E499.out, proofs/SIG_TLS_91C3E499.out and proofs/PK_TLS_91C3E499.der
Signature verification succeeds
[TLS] Server time: 1619741106
[TLS] client_random  (32): 9B6D1B7B39247F3D7F58FF0EEE544006E7CF27E1C1609BB03F2D15E55EBA436E
[TLS] sign_hash (32): 074461EB6EC8C402F16D47CF1D1E4C9DF82ACC8C010C2DC113E93B90150FEE14
[TLS] Written transcript to proofs/MSG_TLS_9B6D1B7B.out, proofs/SIG_TLS_9B6D1B7B.out and proofs/PK_TLS_9B6D1B7B.der
Signature verification succeeds
[TLS] Server time: 1619741106
[TLS] client_random  (32): 95D7120F57DAE8646D8FB2285C6EEA13A05131BD34CA27FDECD345F820C1925D
[TLS] sign_hash (32): 784B6FD16C4482B65C01E437659E6F7D15306E689377971AD5C0DEB9D798E476
[TLS] Written transcript to proofs/MSG_TLS_95D7120F.out, proofs/SIG_TLS_95D7120F.out and proofs/PK_TLS_95D7120F.der
Signature verification succeeds
[TLS] Server time: 1619741106
[TLS] client_random  (32): D97DB415F93D03006B10736FB7F52C6CF2B16ABED10CF1AB80967DD4C6DC61D9
[TLS] sign_hash (32): F6DA517D1D7E8CA7321EAF84F2311234F06FEDCAB478D8944BFBFE53D9E7D80F
[TLS] Written transcript to proofs/MSG_TLS_D97DB415.out, proofs/SIG_TLS_D97DB415.out and proofs/PK_TLS_D97DB415.der
Signature verification succeeds
[TLS] Server time: 1619741106
[TLS] client_random  (32): A5E83CCD111FA6459A0BE0FB3F6864850E986424C8B4FFCF647A7D4F0A64A671
[TLS] sign_hash (32): 7DE1DF54AC9B50CCEB79C2ADAD5161B271D527B0EF419561EE6A85A7460DA077
[TLS] Written transcript to proofs/MSG_TLS_A5E83CCD.out, proofs/SIG_TLS_A5E83CCD.out and proofs/PK_TLS_A5E83CCD.der
Signature verification succeeds
[TLS] Server time: 1619741106
[TLS] client_random  (32): 2CDDBF4C37F7FE208478373B20C0FBD4B070FC830E1DFD1491ECBD5A61F830DA
[TLS] sign_hash (32): 8B984183149B18DFEF385911D702396E81042BB0E4B45793E7E50CB717D62CD6
[TLS] Written transcript to proofs/MSG_TLS_2CDDBF4C.out, proofs/SIG_TLS_2CDDBF4C.out and proofs/PK_TLS_2CDDBF4C.der
Signature verification succeeds
[TLS] Server time: 1619741106
[TLS] client_random  (32): 499C63ADD9249F57381266CA8FBF4A01D41F305C495CCBA3C3D66D10884305CC
[TLS] sign_hash (32): 7243CB3976C27608C3A4A455A5A8293615D7A58DE77A9D6DF1651BFAC3DFB06C
[TLS] Written transcript to proofs/MSG_TLS_499C63AD.out, proofs/SIG_TLS_499C63AD.out and proofs/PK_TLS_499C63AD.der
Signature verification succeeds
[TLS] Server time: 1619741106
[TLS] client_random  (32): BD0A7541ED1B11704C95D08B72C10C044801CD1BCB4BF0AC7F34CCD97148AF03
[TLS] sign_hash (32): 3E21626EC1C72C757AE411DB052601E40E9C9C58B51F1D242C9F1E014B8C67B4
[TLS] Written transcript to proofs/MSG_TLS_BD0A7541.out, proofs/SIG_TLS_BD0A7541.out and proofs/PK_TLS_BD0A7541.der
Signature verification succeeds
[TLS] Server time: 1619741106
[TLS] client_random  (32): D05AB1F981547D6E9C1966CB2F4C314DC16BBDD31905329D5BCB4D96CECF909D
[TLS] sign_hash (32): 72C36A6E78DB75D1C32821BF71D681A330995D3D7A5F5A96CC24772278D83CC6
[TLS] Written transcript to proofs/MSG_TLS_D05AB1F9.out, proofs/SIG_TLS_D05AB1F9.out and proofs/PK_TLS_D05AB1F9.der
Signature verification succeeds
[TLS] Server time: 1619741106
[TLS] client_random  (32): F2173A41B2AAC9CB94ACD6361208525283C56F7ACA18CFDCD3F4A3023C6CCA7A
[TLS] sign_hash (32): FD351FEDD1ECA0984B9A702778AD180318170742CA4F6DCE9056BCE2F809E8E7
[TLS] Written transcript to proofs/MSG_TLS_F2173A41.out, proofs/SIG_TLS_F2173A41.out and proofs/PK_TLS_F2173A41.der
Signature verification succeeds
[TLS] Server time: 1619741106
[TLS] client_random  (32): 654CDD584BD504C85592B557F17572886E08234AEC0D6F3F3163A5D7555B1EE1
[TLS] sign_hash (32): 1F1463AEE0EC46F8C10D98D464277F396FE9BC307E7C6FD3B1D69C1516EB24BD
[TLS] Written transcript to proofs/MSG_TLS_654CDD58.out, proofs/SIG_TLS_654CDD58.out and proofs/PK_TLS_654CDD58.der
Signature verification succeeds
[TLS] Server time: 1619741106
[TLS] client_random  (32): 9D126402CF7774DD54A024A58D5DF6FFAA41381078DC18CDBEA0BF4F0E831D28
[TLS] sign_hash (32): 10490B8EF3E4404139DA6D1754E6714B46123B1BD7E1CC7EE90BF5A5A367BE83
[TLS] Written transcript to proofs/MSG_TLS_9D126402.out, proofs/SIG_TLS_9D126402.out and proofs/PK_TLS_9D126402.der
Signature verification succeeds
[TLS] Server time: 1619741106
[TLS] client_random  (32): 01BC1D4BDD5230544160E05474BB286FED9A866CA6E045C95BF2EAA5D96FE528
[TLS] sign_hash (32): DA41FA2936652DDD934FAF684C129A4A3750FF86838D4A22536370EF57E9C369
[TLS] Written transcript to proofs/MSG_TLS_01BC1D4B.out, proofs/SIG_TLS_01BC1D4B.out and proofs/PK_TLS_01BC1D4B.der
Signature verification succeeds
[TLS] Server time: 1619741106
[TLS] client_random  (32): DE1EFD3F7647AEA15C7F99B9A762F97AF2564AED0AB150F5E60309BE03F1F1C1
[TLS] sign_hash (32): C3529F6021E5DCC4FBF79FC95CFF63CBE6D56AB33BBF055D36BC55DD71B0A8E2
[TLS] Written transcript to proofs/MSG_TLS_DE1EFD3F.out, proofs/SIG_TLS_DE1EFD3F.out and proofs/PK_TLS_DE1EFD3F.der
Signature verification succeeds
[TLS] Server time: 1619741106
[TLS] client_random  (32): C6D5B97FF111DBBC6D475828A85827AF6144723E994C83A97832125CF1F90BAA
[TLS] sign_hash (32): E44842C4548D34A3529E1517F680619EF1F65AD3FE3C7ECDE757E5E558F1A72E
[TLS] Written transcript to proofs/MSG_TLS_C6D5B97F.out, proofs/SIG_TLS_C6D5B97F.out and proofs/PK_TLS_C6D5B97F.der
Signature verification succeeds
[TLS] Server time: 1619741106
[TLS] client_random  (32): E419F8852AC180EE8BF1B3CDCD5686AAB9D03EDB1933B16A5E6954EBDF226CB6
[TLS] sign_hash (32): 8455BB3F317F2DEFF02839ED7020EDD0F616AD4FFBE191DED7283674E7C9C496
[TLS] Written transcript to proofs/MSG_TLS_E419F885.out, proofs/SIG_TLS_E419F885.out and proofs/PK_TLS_E419F885.der
Signature verification succeeds
[TLS] Server time: 1619741106
[TLS] client_random  (32): 985DEFAB35A5CDF1D05DC3B44A4589D86FC28ECFE955DDA238E86A094F81BD28
[TLS] sign_hash (32): 9D303745FFEBEAE09C8569474E9D1A7570E175CC34177CCCA140DDCD0CE50C0F
[TLS] Written transcript to proofs/MSG_TLS_985DEFAB.out, proofs/SIG_TLS_985DEFAB.out and proofs/PK_TLS_985DEFAB.der
Signature verification succeeds
[TLS] Server time: 1619741106
[TLS] client_random  (32): FBDD91EBD2483543E82C6F5B5C7787E560148766DB0925E8E95F03F2472C00DD
[TLS] sign_hash (32): F549CBAB465842C62A6E64177FFACE89A5CF63CD029EA4901219D61EB1244FB9
[TLS] Written transcript to proofs/MSG_TLS_FBDD91EB.out, proofs/SIG_TLS_FBDD91EB.out and proofs/PK_TLS_FBDD91EB.der
Signature verification succeeds
[TLS] Server time: 1619741106
[TLS] client_random  (32): 6650DDAD7EC03BE0FDA0C3CFEB09C2FD24E78BF5623D5F66986C69E0EA1629D3
[TLS] sign_hash (32): 3CB6801754C64D389D1B27E83648A33223BA490E2D645F7FC22FA30CCCE65ACB
[TLS] Written transcript to proofs/MSG_TLS_6650DDAD.out, proofs/SIG_TLS_6650DDAD.out and proofs/PK_TLS_6650DDAD.der
Signature verification succeeds
[TLS] Server time: 1619741106
[TLS] client_random  (32): 01962656C05BEA77F54099275DB38E96DA9F69FC10A87FC66EA446346D311BD1
[TLS] sign_hash (32): B16B5A2A0AFD55364CD713DA9C5E70508CC3B93BF207EAB2DB437813EA80BCC7
[TLS] Written transcript to proofs/MSG_TLS_01962656.out, proofs/SIG_TLS_01962656.out and proofs/PK_TLS_01962656.der
Signature verification succeeds
[TLS] Server time: 1619741106
[TLS] client_random  (32): B61FFB965D4447AB36CA2441ACE660306DB021C4C3D5F2862AEADB708323A689
[TLS] sign_hash (32): 7E9C59B1BD88A48E8C98E8B0B80148CD6A2229A8DAC4E3862C7B4531F6A22109
[TLS] Written transcript to proofs/MSG_TLS_B61FFB96.out, proofs/SIG_TLS_B61FFB96.out and proofs/PK_TLS_B61FFB96.der
Signature verification succeeds
[TLS] Server time: 1619741106
[TLS] client_random  (32): 37CFB9363A5184DFEE1087E5C078E1A53264BA8D36A42D4C57312457313B9D24
[TLS] sign_hash (32): FAF1E744B7694217CAB8101136B788531F8D57635C7D5E2457D2D549FC75DD14
[TLS] Written transcript to proofs/MSG_TLS_37CFB936.out, proofs/SIG_TLS_37CFB936.out and proofs/PK_TLS_37CFB936.der
Signature verification succeeds
[TLS] Server time: 1619741106
[TLS] client_random  (32): FA74A497C71B052B7110DD696E331EA0FAFD16341E428838AB357DFD802B4977
[TLS] sign_hash (32): E2ACFE5AD670990F08572E1B375A57B0349D35692F364328646ABD13E3150FEA
[TLS] Written transcript to proofs/MSG_TLS_FA74A497.out, proofs/SIG_TLS_FA74A497.out and proofs/PK_TLS_FA74A497.der
Signature verification succeeds
[TLS] Server time: 1619741106
[TLS] client_random  (32): 48772C2C7481C938E9BDAB029D6E9463C2787A6548F290E232BE61E53C859409
[TLS] sign_hash (32): 3A23BF23F79E21B5EA6FFB6873677C484419D5376B8564182F1050494C6E1A23
[TLS] Written transcript to proofs/MSG_TLS_48772C2C.out, proofs/SIG_TLS_48772C2C.out and proofs/PK_TLS_48772C2C.der
Signature verification succeeds
[TLS] Server time: 1619741106
[TLS] client_random  (32): 26D3F91471F61AFC2677CE758888DD15479DE9D843DE37DCA2547FB79CCE35AC
[TLS] sign_hash (32): 4288612EA50DDB6D2D394B023D3C1FD43749CA338D0BB330F4FBB839A9D37D4E
[TLS] Written transcript to proofs/MSG_TLS_26D3F914.out, proofs/SIG_TLS_26D3F914.out and proofs/PK_TLS_26D3F914.der
Signature verification succeeds
[TLS] Server time: 1619741106
[TLS] client_random  (32): FCD9C60FABB754BEC226FE7F1DECD06B3CA60F1C1E1A6F5648B36CB63C4C84C7
[TLS] sign_hash (32): 0646F5471053A1F5CC00E06DC23F8F7DF43FDD4EF5BF0EDE7EA21386A1257529
[TLS] Written transcript to proofs/MSG_TLS_FCD9C60F.out, proofs/SIG_TLS_FCD9C60F.out and proofs/PK_TLS_FCD9C60F.der
Signature verification succeeds
[TLS] Server time: 1619741106
[TLS] client_random  (32): 3322F901BA493AE7B2A3D49BDDCF34C821465ACB0E1D0DADA334FED5CAC37F26
[TLS] sign_hash (32): A210458D5FFCAD0424279B48F3E1DF15EA905F8F00B39D6665AB22B58A3C50FB
[TLS] Written transcript to proofs/MSG_TLS_3322F901.out, proofs/SIG_TLS_3322F901.out and proofs/PK_TLS_3322F901.der
Signature verification succeeds
[TLS] Server time: 1619741106
[TLS] client_random  (32): 702C69CABAF9FB4BDEFA8C8FBBE65794DE5BE3D25A748FE58ED1FA14689663BF
[TLS] sign_hash (32): 52DDE266BF61F91D70BC364AD319036DE48E995CDC54EEC4897653DB989893FA
[TLS] Written transcript to proofs/MSG_TLS_702C69CA.out, proofs/SIG_TLS_702C69CA.out and proofs/PK_TLS_702C69CA.der
Signature verification succeeds
[TLS] Server time: 1619741106
[TLS] client_random  (32): C6CB4E6643D2E58B7A5438DD89858BA6430ABE177C0BA8834D0CB555D42DCFEF
[TLS] sign_hash (32): AEA0D4C1C54B42E9A0D4EC4710D2E5C729B2129908DA8647D8D114D33D6EDFED
[TLS] Written transcript to proofs/MSG_TLS_C6CB4E66.out, proofs/SIG_TLS_C6CB4E66.out and proofs/PK_TLS_C6CB4E66.der
Signature verification succeeds
[TLS] Server time: 1619741106
[TLS] client_random  (32): B8F3F5315DA5BD0D533334F6358C94399ABCE6F6FD9574A39B59600057F65680
[TLS] sign_hash (32): 4CD1937583DA944895D5036AF635F44396EA399E68F71BF88AAE5D1DA5007C77
[TLS] Written transcript to proofs/MSG_TLS_B8F3F531.out, proofs/SIG_TLS_B8F3F531.out and proofs/PK_TLS_B8F3F531.der
Signature verification succeeds
[TLS] Server time: 1619741106
[TLS] client_random  (32): 72B49FA8DCC946FF83B98203CCF688700CE2D76C3BB76A1F6764309CB9C68DFC
[TLS] sign_hash (32): ED76A6B13F0F15C00E6C0A2D26A2A7A159145EAB15F59DF7DF9A40346D4FF2ED
[TLS] Written transcript to proofs/MSG_TLS_72B49FA8.out, proofs/SIG_TLS_72B49FA8.out and proofs/PK_TLS_72B49FA8.der
Signature verification succeeds
[TLS] Server time: 1619741106
[TLS] client_random  (32): 4A7C8340AAB9B10904BE6B9A81C5E7A93D7EEBED1ED2EA523E059C77546B6D68
[TLS] sign_hash (32): CC370EE54F591B339D18059EFB532EAA76991B418B7B42CB103152CFCF8D763B
[TLS] Written transcript to proofs/MSG_TLS_4A7C8340.out, proofs/SIG_TLS_4A7C8340.out and proofs/PK_TLS_4A7C8340.der
Signature verification succeeds
[TLS] Server time: 1619741106
[TLS] client_random  (32): 622CCF22B1F1AE0F50F7FD09F682CC0791411ECDF31675D90E57206BAED65727
[TLS] sign_hash (32): 1F71234153979A9DCBA1B53CFD119C6DD849A43BBE6DFB7BB7EE8F8D6212CFD1
[TLS] Written transcript to proofs/MSG_TLS_622CCF22.out, proofs/SIG_TLS_622CCF22.out and proofs/PK_TLS_622CCF22.der
Signature verification succeeds
[TLS] Server time: 1619741106
[TLS] client_random  (32): 46D17D85091BD37699EE3D1337D031DC548AFF2D679A95623C6B267FD7E461FA
[TLS] sign_hash (32): 358524044D48A771C6E6A0C864C8615E6764480D5E38FB8DB4BA97D889B11251
[TLS] Written transcript to proofs/MSG_TLS_46D17D85.out, proofs/SIG_TLS_46D17D85.out and proofs/PK_TLS_46D17D85.der
Signature verification succeeds
[TLS] Server time: 1619741106
[TLS] client_random  (32): 30BA834D3DD103DF553E709A331BCCA7E25DE10082CC90A87A2BF3424F8EDB7F
[TLS] sign_hash (32): 1A3786665AFB4D5780C34CCDB3CB2042C85097F72F4C640B734D6A5889866B58
[TLS] Written transcript to proofs/MSG_TLS_30BA834D.out, proofs/SIG_TLS_30BA834D.out and proofs/PK_TLS_30BA834D.der
Signature verification succeeds
[TLS] Server time: 1619741106
[TLS] client_random  (32): 893EF37C06F77D49CF5D12902BBFEBF801205584D36E05D2E018892A3D858DAC
[TLS] sign_hash (32): 3AC3AF4C98BAF3DE88D42993586536D5663B06F62E6E84EBB9F8B1ED089E0144
[TLS] Written transcript to proofs/MSG_TLS_893EF37C.out, proofs/SIG_TLS_893EF37C.out and proofs/PK_TLS_893EF37C.der
Signature verification succeeds
[TLS] Server time: 1619741106
[TLS] client_random  (32): 520436AA4183CB2778ADF75544C49572F6C59D6D3C879E4DB5E94028FBA2293E
[TLS] sign_hash (32): 506252BF027A6B61FAF64A1D1BD7312BD0604089812D5E95E64B1366D79E06E0
[TLS] Written transcript to proofs/MSG_TLS_520436AA.out, proofs/SIG_TLS_520436AA.out and proofs/PK_TLS_520436AA.der
Signature verification succeeds
[TLS] Server time: 1619741106
[TLS] client_random  (32): FBB24C886160DFAD49414DF0177695EA7FA6FCA1B33A3FA74BDC4034D1FDD53A
[TLS] sign_hash (32): 881977BF539C2C03B3A044946FF88BE9DD67CD2F20F16B24A56C2590E0C46BB3
[TLS] Written transcript to proofs/MSG_TLS_FBB24C88.out, proofs/SIG_TLS_FBB24C88.out and proofs/PK_TLS_FBB24C88.der
Signature verification succeeds
[TLS] Server time: 1619741106
[TLS] client_random  (32): 19F8B9E03962444E06DF4D444C6106295ADA3A7C94712A79FECC0968951B743D
[TLS] sign_hash (32): F8148A902932DAEE2CC44E9EE57B92C2C67FC84C5FEA97BB33D656F2D9429BBE
[TLS] Written transcript to proofs/MSG_TLS_19F8B9E0.out, proofs/SIG_TLS_19F8B9E0.out and proofs/PK_TLS_19F8B9E0.der
Signature verification succeeds
[TLS] Server time: 1619741106
[TLS] client_random  (32): 28943B71CE7E1E4872D7E6977C106B425B8A14EABA9A24330AF733562479074E
[TLS] sign_hash (32): 53BFA48049EEA5E410B61E9D6BA94D5A2524E24BD124DBC29DE3D2E22A852C38
[TLS] Written transcript to proofs/MSG_TLS_28943B71.out, proofs/SIG_TLS_28943B71.out and proofs/PK_TLS_28943B71.der
Signature verification succeeds
[TLS] Server time: 1619741106
[TLS] client_random  (32): 6C33A235CE3D4FE6FA7326E0B4991D59666FBFFBDB0536209A5C53F01ADE95BD
[TLS] sign_hash (32): F45AD7D77622899D5D4EB850C6E55A8E1C78BD55308231B1EB5598F060E10A62
[TLS] Written transcript to proofs/MSG_TLS_6C33A235.out, proofs/SIG_TLS_6C33A235.out and proofs/PK_TLS_6C33A235.der
Signature verification succeeds
[TLS] Server time: 1619741106
[TLS] client_random  (32): 4EF5FB5BBA2AA4BE6DCA11CFAF10B244F3CF7BAC6F1C68C786A54CE57C29565E
[TLS] sign_hash (32): 530BDDCAEE0680E320EEB2A59CE1F07F273825ABE9B365252E56A6DEC947F100
[TLS] Written transcript to proofs/MSG_TLS_4EF5FB5B.out, proofs/SIG_TLS_4EF5FB5B.out and proofs/PK_TLS_4EF5FB5B.der
Signature verification succeeds
[TLS] Server time: 1619741106
[TLS] client_random  (32): B7269FB5960C5B29137F5DCCB3522FECEA37C17D927593226917902349BD9A4A
[TLS] sign_hash (32): 5399CCE206995ED84ABFDC5B4AB0D2D56AC341F4091150C7AA0EC734888DE64F
[TLS] Written transcript to proofs/MSG_TLS_B7269FB5.out, proofs/SIG_TLS_B7269FB5.out and proofs/PK_TLS_B7269FB5.der
Signature verification succeeds
[TLS] Server time: 1619741106
[TLS] client_random  (32): C805E0A020247868BBABBB0F4530A3F2B52E1C95B1C9A5C8FC9897FB38E74A6F
[TLS] sign_hash (32): 1BAC9A1253A8AFAA0E098042554A3F4EA31649BFAEC89A220D7D8ACE2E8ACB19
[TLS] Written transcript to proofs/MSG_TLS_C805E0A0.out, proofs/SIG_TLS_C805E0A0.out and proofs/PK_TLS_C805E0A0.der
Signature verification succeeds
[TLS] Server time: 1619741106
[TLS] client_random  (32): 2331D764A28AEB3C9AD96B009A86DB87F09922DC859523FD9C866A58793E7A40
[TLS] sign_hash (32): 758572B43B22D6DB88535F3DF36CB75F3E76063578F97A7DE3DC5CA93C2ED760
[TLS] Written transcript to proofs/MSG_TLS_2331D764.out, proofs/SIG_TLS_2331D764.out and proofs/PK_TLS_2331D764.der
Signature verification succeeds
[TLS] Server time: 1619741106
[TLS] client_random  (32): 4341EE3BBB74640A5FAB24FA6D9691371C6EB1AAE65E04CDD8BE663054C83707
[TLS] sign_hash (32): FD67702D72F0B398AE50FE27E6C12B922DE2FF1F14DA9BF953952DDBC4E48D35
[TLS] Written transcript to proofs/MSG_TLS_4341EE3B.out, proofs/SIG_TLS_4341EE3B.out and proofs/PK_TLS_4341EE3B.der
Signature verification succeeds
[TLS] Server time: 1619741106
[TLS] client_random  (32): F486269D5BE45E7FFB5892464F4757F6B8DE886DC8B939A60A678534FCB11FC7
[TLS] sign_hash (32): 0A2185D4B443399F9F86993710AC6A4871446CB76A794414AB5851F589FCF60E
[TLS] Written transcript to proofs/MSG_TLS_F486269D.out, proofs/SIG_TLS_F486269D.out and proofs/PK_TLS_F486269D.der
Signature verification succeeds
[TLS] Server time: 1619741106
[TLS] client_random  (32): 9DA1B6EBE171C91791EFDFC43F32C6292B33A0FDD2C756DB3623F54A9079C764
[TLS] sign_hash (32): 609F3DA80A7FFCD64A3C1A5E63E34B8982907FC23ADD5FE67C35D896FE519A5C
[TLS] Written transcript to proofs/MSG_TLS_9DA1B6EB.out, proofs/SIG_TLS_9DA1B6EB.out and proofs/PK_TLS_9DA1B6EB.der
Signature verification succeeds
[TLS] Server time: 1619741106
[TLS] client_random  (32): B18BE1C040F20D439BA91B7748B6991D07B369806952BD4AF54CB8CDB12AFBC8
[TLS] sign_hash (32): BBE4A57E9F5F156F1668D2430770A3D9B1FF31371507439FCFA30849CA20692D
[TLS] Written transcript to proofs/MSG_TLS_B18BE1C0.out, proofs/SIG_TLS_B18BE1C0.out and proofs/PK_TLS_B18BE1C0.der
Signature verification succeeds
[TLS] Server time: 1619741106
[TLS] client_random  (32): 80F68F7969049C53A36F719C16B741EF2B45601C51FC8585F8196F2B4ED69E22
[TLS] sign_hash (32): 010423938CC95EE55B152AF1CC35E0BFEE4D67831F24B6BDE448CDE20BFA0E47
[TLS] Written transcript to proofs/MSG_TLS_80F68F79.out, proofs/SIG_TLS_80F68F79.out and proofs/PK_TLS_80F68F79.der
Signature verification succeeds
[TLS] Server time: 1619741106
[TLS] client_random  (32): F5B2F9F9B3AD7B019CB244B324052AAF5EBDFCEDC16E56B66674315B596D2762
[TLS] sign_hash (32): 7F05C47F7539F951AE33603E3F7AA83A85A3659438814A36DEA5089A0B12A604
[TLS] Written transcript to proofs/MSG_TLS_F5B2F9F9.out, proofs/SIG_TLS_F5B2F9F9.out and proofs/PK_TLS_F5B2F9F9.der
Signature verification succeeds
[TLS] Server time: 1619741106
[TLS] client_random  (32): 55CCF830674D3AB0D25E90C7C0380A01FB484B775448CFB4798286731CBA263B
[TLS] sign_hash (32): 978DD2FCA500D8580D0BF6D5115C2D04D897A1BAF9B6890B7F6E0712C0A5FDDC
[TLS] Written transcript to proofs/MSG_TLS_55CCF830.out, proofs/SIG_TLS_55CCF830.out and proofs/PK_TLS_55CCF830.der
Signature verification succeeds
[TLS] Server time: 1619741106
[TLS] client_random  (32): C5A43DD3FFEC75F7A8D402FCF25DEB48601EF940D47D8677BDC26732FE4D93F4
[TLS] sign_hash (32): EE578783743F000114DEB04A297DAF8F02468E251FDDE177B34EFE31F9F9AAC6
[TLS] Written transcript to proofs/MSG_TLS_C5A43DD3.out, proofs/SIG_TLS_C5A43DD3.out and proofs/PK_TLS_C5A43DD3.der
Signature verification succeeds
[TLS] Server time: 1619741106
[TLS] client_random  (32): A353B77CF30C7576F7A19EBEBAB234AA0D44CCFE40803346EAB18869A1B6F2D4
[TLS] sign_hash (32): CE1D088E5A487C4A93D824E8D9197A362D0083D2EB9627C220EEEEB281268B06
[TLS] Written transcript to proofs/MSG_TLS_A353B77C.out, proofs/SIG_TLS_A353B77C.out and proofs/PK_TLS_A353B77C.der
Signature verification succeeds
[TLS] Server time: 1619741106
[TLS] client_random  (32): DD4B9515756161628793A187B156E6AD3EB4364DC6253C16354E631E3653FBA2
[TLS] sign_hash (32): 07C49ADEDDB55670D8D346CAFA948DBAA2FDD44E3850FB802B10BE1AB3239151
[TLS] Written transcript to proofs/MSG_TLS_DD4B9515.out, proofs/SIG_TLS_DD4B9515.out and proofs/PK_TLS_DD4B9515.der
Signature verification succeeds
[TLS] Server time: 1619741106
[TLS] client_random  (32): 3B340E46C108F9FCDA0B5F8910B03802BE597BA7616184A58488FDACB3F1E3AD
[TLS] sign_hash (32): 9464EEC430E2A6B8340B5BD766FED8090704300E83FDF8E5FCA0156EF5B6ED65
[TLS] Written transcript to proofs/MSG_TLS_3B340E46.out, proofs/SIG_TLS_3B340E46.out and proofs/PK_TLS_3B340E46.der
Signature verification succeeds
[TLS] Server time: 1619741106
[TLS] client_random  (32): 5E52D1008914BD6D3CA5BFFDD204C6B8F53345FCA76BBE5E0DE7AED9C83C28BF
[TLS] sign_hash (32): AD1092679B4622C2C94E7E072F4B9FD9215161ADF220726E7FC61C2289C6E6DB
[TLS] Written transcript to proofs/MSG_TLS_5E52D100.out, proofs/SIG_TLS_5E52D100.out and proofs/PK_TLS_5E52D100.der
Signature verification succeeds
[TLS] Server time: 1619741106
[TLS] client_random  (32): 589626B10788656964FC323AF6E8568C8988D2DDF24D0998B26C69EAF87AF266
[TLS] sign_hash (32): AFCEB777C2CFD72157C0D5F22C0FD4F24F825D5EFAAF1357E2963363B7864E3A
[TLS] Written transcript to proofs/MSG_TLS_589626B1.out, proofs/SIG_TLS_589626B1.out and proofs/PK_TLS_589626B1.der
Signature verification succeeds
[TLS] Server time: 1619741106
[TLS] client_random  (32): AD99B16CB08D1854BF08E2964A4FB004C2E59DE239505E5913C89558BCB0B9DE
[TLS] sign_hash (32): 5092BB6231D051C5A4C07D5DDFFC5A9475E91D4DE7BE7316306CDA3CA83C7356
[TLS] Written transcript to proofs/MSG_TLS_AD99B16C.out, proofs/SIG_TLS_AD99B16C.out and proofs/PK_TLS_AD99B16C.der
Signature verification succeeds
[TLS] Server time: 1619741106
[TLS] client_random  (32): BF395D9BC501A1CFA9AC2B83DA2241BA21920309D8471DB5331602B3EA074D7C
[TLS] sign_hash (32): 3A53002D627A8DCAACA3C02FC34DDFCB0B2906C1A7ECC240CD15F4E25DD178FE
[TLS] Written transcript to proofs/MSG_TLS_BF395D9B.out, proofs/SIG_TLS_BF395D9B.out and proofs/PK_TLS_BF395D9B.der
Signature verification succeeds
[TLS] Server time: 1619741106
[TLS] client_random  (32): AD687EC0EBA647253C08C67B96F749285D74080414BFB7263DE317BD09D5063C
[TLS] sign_hash (32): 25A45C04A873289EA010B0EE1997E3DD02D2D8BFC4C216116419B0115643E38C
[TLS] Written transcript to proofs/MSG_TLS_AD687EC0.out, proofs/SIG_TLS_AD687EC0.out and proofs/PK_TLS_AD687EC0.der
Signature verification succeeds
[TLS] Server time: 1619741106
[TLS] client_random  (32): BB273B5958FAA946920DF85E1A00564293BBDE27B74393B704D0ED662EE383DD
[TLS] sign_hash (32): AA71EF93E8BF56C22A08F92F19D100CA0CB41E93457811FF9CB9773A45CA1710
[TLS] Written transcript to proofs/MSG_TLS_BB273B59.out, proofs/SIG_TLS_BB273B59.out and proofs/PK_TLS_BB273B59.der
Signature verification succeeds
[TLS] Server time: 1619741106
[TLS] client_random  (32): 24A679C57354D26EB8321619E780B7455F37BF045BDEE9316D88CF3E118052F9
[TLS] sign_hash (32): 2E3925F9E7E2152530BE20F319D4113BC9853314D9849270C43F5843C2617177
[TLS] Written transcript to proofs/MSG_TLS_24A679C5.out, proofs/SIG_TLS_24A679C5.out and proofs/PK_TLS_24A679C5.der
Signature verification succeeds
[TLS] Server time: 1619741106
[TLS] client_random  (32): 925E209FFA39FB82C6D28D262B50EA20C07EF4F9AD70844126806F0CDA529264
[TLS] sign_hash (32): 0208F164D0B8D7C770E58F33EEEF3C97296AC2D4FF6273935E65983B4F80A011
[TLS] Written transcript to proofs/MSG_TLS_925E209F.out, proofs/SIG_TLS_925E209F.out and proofs/PK_TLS_925E209F.der
Signature verification succeeds
[TLS] Server time: 1619741106
[TLS] client_random  (32): 4E2C9735E446B9FC887230921D1C1569E9C3207D18656E3A8D34EF235C396D84
[TLS] sign_hash (32): A7F23C1047D520FF2A8DED6B448A25C4446406B95FB004D96872AEFA7AAA91D5
[TLS] Written transcript to proofs/MSG_TLS_4E2C9735.out, proofs/SIG_TLS_4E2C9735.out and proofs/PK_TLS_4E2C9735.der
Signature verification succeeds
[TLS] Server time: 1619741106
[TLS] client_random  (32): 5B8F2D26FA94AFC6A4569F08B25DEE26C79756A03A150E9656D1DEB891E5C88D
[TLS] sign_hash (32): 18FF2B5C7F08BAE09DFDB2BEA0CACE5E6342C72D3B609FFDABF1713BE3F57A70
[TLS] Written transcript to proofs/MSG_TLS_5B8F2D26.out, proofs/SIG_TLS_5B8F2D26.out and proofs/PK_TLS_5B8F2D26.der
Signature verification succeeds
[TLS] Server time: 1619741106
[TLS] client_random  (32): D264532958C5C4B539737F4770F3405E93E2A263EA49623C252B40582F9BAFDE
[TLS] sign_hash (32): D88926DBF68804C3D3D6457E9691267AB925B78F37640147A69B17A5BF2CB232
[TLS] Written transcript to proofs/MSG_TLS_D2645329.out, proofs/SIG_TLS_D2645329.out and proofs/PK_TLS_D2645329.der
Signature verification succeeds
[TLS] Server time: 1619741106
[TLS] client_random  (32): 5D9A4E57DDB023C3910C407A5FD05A3121ACADCDD2B210D5A518FCF43A251792
[TLS] sign_hash (32): 6393A1CEEA12194656705399A5AD74059FB6F5496FDE1F4264553D5BA552BA48
[TLS] Written transcript to proofs/MSG_TLS_5D9A4E57.out, proofs/SIG_TLS_5D9A4E57.out and proofs/PK_TLS_5D9A4E57.der
Signature verification succeeds
[TLS] Server time: 1619741106
[TLS] client_random  (32): DBC204902173645AA5851A277C82AB836C1EDFBD95D2B0A1171736C5359CD833
[TLS] sign_hash (32): A68171B8EB5879AD1A554EEA4EC49307D61DE7B45DDD049DE81537D3EB41C4DF
[TLS] Written transcript to proofs/MSG_TLS_DBC20490.out, proofs/SIG_TLS_DBC20490.out and proofs/PK_TLS_DBC20490.der
Signature verification succeeds
[TLS] Server time: 1619741107
[TLS] client_random  (32): 616E5A9F8B524BA340F8CD0CEEF6D35437FEC5FF1526293179CB9FE0FC0D9F7A
[TLS] sign_hash (32): C7FF300C5BFA49237A88C89362DCAEA13D341AEF44357B400A0D72217A018551
[TLS] Written transcript to proofs/MSG_TLS_616E5A9F.out, proofs/SIG_TLS_616E5A9F.out and proofs/PK_TLS_616E5A9F.der
Signature verification succeeds
[TLS] Server time: 1619741107
[TLS] client_random  (32): 5EFFCDE7A3C6B7BE9C3CD83AA08EE5B896562C5C0DC2E4117AA9284D154ECC7B
[TLS] sign_hash (32): 40FEC8D2330F9CC63D0F5A9ABE6CBF614F8830F20AB513D7F1A2D5498C3931EA
[TLS] Written transcript to proofs/MSG_TLS_5EFFCDE7.out, proofs/SIG_TLS_5EFFCDE7.out and proofs/PK_TLS_5EFFCDE7.der
Signature verification succeeds
[TLS] Server time: 1619741107
[TLS] client_random  (32): 9751C0DE00D2B4F8F365CCAD7CA1E3F8A4CBC1976382E40B6BCAA11449C11361
[TLS] sign_hash (32): E4D510140E848499451B6520F25942D28A232ED3B46AAC4989CF13E97CAEDA65
[TLS] Written transcript to proofs/MSG_TLS_9751C0DE.out, proofs/SIG_TLS_9751C0DE.out and proofs/PK_TLS_9751C0DE.der
Signature verification succeeds
[TLS] Server time: 1619741107
[TLS] client_random  (32): 2949338FA3737ED3041D652D2269D64E30AC50DDBC6919AE194E1761AFDCFA42
[TLS] sign_hash (32): 1333B7EE5C9D158C7688CA34E24FA162495608E849419F13E6518768189F3367
[TLS] Written transcript to proofs/MSG_TLS_2949338F.out, proofs/SIG_TLS_2949338F.out and proofs/PK_TLS_2949338F.der
Signature verification succeeds
[TLS] Server time: 1619741107
[TLS] client_random  (32): 3993E55D792E1BA47ABE32B32EEC72377A61811866F32B0F5649A73C2CF5CEF6
[TLS] sign_hash (32): 241E3BE003FFAC6B1DAFA843129E8207781F72A1DEF65F204E0BBAA1711B34D8
[TLS] Written transcript to proofs/MSG_TLS_3993E55D.out, proofs/SIG_TLS_3993E55D.out and proofs/PK_TLS_3993E55D.der
Signature verification succeeds
[TLS] Server time: 1619741107
[TLS] client_random  (32): A7D8990793C54EB5D74E3C796C097B7503EDA3D55E191CE8EE9FA612A34046C3
[TLS] sign_hash (32): 5304AF5B7067F26F86EB2B0D262C89648758206E4A69E50839B578347CBD4233
[TLS] Written transcript to proofs/MSG_TLS_A7D89907.out, proofs/SIG_TLS_A7D89907.out and proofs/PK_TLS_A7D89907.der
Signature verification succeeds
[TLS] Server time: 1619741107
[TLS] client_random  (32): 172F380579594754F427D8A48492A2A459994A07F390A1210BBD12D9142DFD87
[TLS] sign_hash (32): 9652113A878A278BCEF090FA0D3A40E5CE9AE41F3F84B90EBC6EEA5EB0DE4C88
[TLS] Written transcript to proofs/MSG_TLS_172F3805.out, proofs/SIG_TLS_172F3805.out and proofs/PK_TLS_172F3805.der
Signature verification succeeds
[TLS] Server time: 1619741107
[TLS] client_random  (32): 6899824856B92882535746C1C984ED045D05656EA9229C939660843C356F548C
[TLS] sign_hash (32): EE5E5F3DDB8E8ABA46068BA94CC1876973481FE862107A561A93E44A495154EC
[TLS] Written transcript to proofs/MSG_TLS_68998248.out, proofs/SIG_TLS_68998248.out and proofs/PK_TLS_68998248.der
Signature verification succeeds
[TLS] Server time: 1619741107
[TLS] client_random  (32): 6D2EB62B4DD519606267BFFCB747BD6B2D0CA18D0A7B4F3E8FB267713DA925BE
[TLS] sign_hash (32): 256F0790D637BF24B82E98675DCFC396AEEFC1830845B0607D1F76570C49B11B
[TLS] Written transcript to proofs/MSG_TLS_6D2EB62B.out, proofs/SIG_TLS_6D2EB62B.out and proofs/PK_TLS_6D2EB62B.der
Signature verification succeeds
[TLS] Server time: 1619741107
[TLS] client_random  (32): 68362CF934F99144FCFEA63B69A176DC0EEFAA92C2D7AF44D0331EAECE0AE814
[TLS] sign_hash (32): 484CD1E1B8737FED1AD4672CF75F494F7AC154382FABFCD02F111FC12915FF42
[TLS] Written transcript to proofs/MSG_TLS_68362CF9.out, proofs/SIG_TLS_68362CF9.out and proofs/PK_TLS_68362CF9.der
Signature verification succeeds
[TLS] Server time: 1619741107
[TLS] client_random  (32): AD0952914795C1271BF429B33FC06E7D028CC0A8D81E06B78DF77BD9E4BA2813
[TLS] sign_hash (32): F1313BB01B0DEED8A6F79FC05A27AE112EC37BF58D9E07508CD75624920BA901
[TLS] Written transcript to proofs/MSG_TLS_AD095291.out, proofs/SIG_TLS_AD095291.out and proofs/PK_TLS_AD095291.der
Signature verification succeeds
[TLS] Server time: 1619741107
[TLS] client_random  (32): 87E869EE8AB5AAFE8919C1094970C4501DDBD0A0E91891EE329D95D915D262E4
[TLS] sign_hash (32): 1F69BB0F817E803E2F702691BBAC1EE417CD5F499F76B21AF109FFECA687C931
[TLS] Written transcript to proofs/MSG_TLS_87E869EE.out, proofs/SIG_TLS_87E869EE.out and proofs/PK_TLS_87E869EE.der
Signature verification succeeds
[TLS] Server time: 1619741107
[TLS] client_random  (32): 1121E2D9122D302EE67852E6107DDCEED16B7D2B3E7B860BEB002E31E7921C38
[TLS] sign_hash (32): FC10940841BB7E0A17A03040C396112F5839011A9389D6E0DD7ABF9D656FF1B8
[TLS] Written transcript to proofs/MSG_TLS_1121E2D9.out, proofs/SIG_TLS_1121E2D9.out and proofs/PK_TLS_1121E2D9.der
Signature verification succeeds
[TLS] Server time: 1619741107
[TLS] client_random  (32): 14E33B2A43FC459425AB15D57500B2F606B7C491B850CB1B62F016AF8D4201F6
[TLS] sign_hash (32): 67D98FE4E57753091D607AAC71AA7B8648963E4B791CB75DBBA329079EAC8A7E
[TLS] Written transcript to proofs/MSG_TLS_14E33B2A.out, proofs/SIG_TLS_14E33B2A.out and proofs/PK_TLS_14E33B2A.der
Signature verification succeeds
[TLS] Server time: 1619741107
[TLS] client_random  (32): 59B744166511290D435B92A61B5955E83EDDA75EFACE12A10A1836F034EBE63C
[TLS] sign_hash (32): 7992BD8EE6F2D4F267B0B75EF3D5F209928BA33D0623D9BEACD62544924B009B
[TLS] Written transcript to proofs/MSG_TLS_59B74416.out, proofs/SIG_TLS_59B74416.out and proofs/PK_TLS_59B74416.der
Signature verification succeeds
[TLS] Server time: 1619741107
[TLS] client_random  (32): 7AFD91265471DFC167F62DF9262B59BA4378965125F3E999DDBDB4014ADFB150
[TLS] sign_hash (32): C3893E9C48256190F8223BB7B6C30A53E001DAF0F6202DEF192A95A47C28B1EF
[TLS] Written transcript to proofs/MSG_TLS_7AFD9126.out, proofs/SIG_TLS_7AFD9126.out and proofs/PK_TLS_7AFD9126.der
Signature verification succeeds
[TLS] Server time: 1619741108
[TLS] client_random  (32): 0D8C13D8E1DB17B55E36B12D27CB4D0796888DE827DC7A709CC22D7644B2EB6B
[TLS] sign_hash (32): 5B47D950599CE10D876B8952C2BC97814C4FC95CE567A7A76FA499A5596B4C8A
[TLS] Written transcript to proofs/MSG_TLS_0D8C13D8.out, proofs/SIG_TLS_0D8C13D8.out and proofs/PK_TLS_0D8C13D8.der
Signature verification succeeds
[TLS] Server time: 1619741108
[TLS] client_random  (32): 823AD78CEECCCECAF0D450B21F5F3730C18DCE063FBB91C758D4514E69F02E57
[TLS] sign_hash (32): E0BCC616269FB82C86B48862588D4537C705495EFAA906F227FB205F443833C8
[TLS] Written transcript to proofs/MSG_TLS_823AD78C.out, proofs/SIG_TLS_823AD78C.out and proofs/PK_TLS_823AD78C.der
Signature verification succeeds
[TLS] Server time: 1619741108
[TLS] client_random  (32): A8F4FFC613DC03612B4BB37859C1C42AD70EB91E76C662EBACF8452CFDFF514E
[TLS] sign_hash (32): 28E43B6B7B5130828CC4D90FC945D7904E8C4D7A18B16D54FDF66DB4D36D3E5C
[TLS] Written transcript to proofs/MSG_TLS_A8F4FFC6.out, proofs/SIG_TLS_A8F4FFC6.out and proofs/PK_TLS_A8F4FFC6.der
Signature verification succeeds
[TLS] Server time: 1619741108
[TLS] client_random  (32): 8A797C7C36535EDF5CE76BF6D7902C4541E59EAC39D4D824DA795660DC7AD287
[TLS] sign_hash (32): 60D624D83E9271759A5568D3794D20D76A8A45F5E99DB71584F3373CC82A34DC
[TLS] Written transcript to proofs/MSG_TLS_8A797C7C.out, proofs/SIG_TLS_8A797C7C.out and proofs/PK_TLS_8A797C7C.der
Signature verification succeeds
[TLS] Server time: 1619741108
[TLS] client_random  (32): BFC8EF595E9ADEAE4D32B13120B611FF30CC12D5227339780B04096497C4BE70
[TLS] sign_hash (32): BD510AB383AB7AEE910CAD4A37CFDC2C3604DD0508B5DF022D8815644AAF6ED1
[TLS] Written transcript to proofs/MSG_TLS_BFC8EF59.out, proofs/SIG_TLS_BFC8EF59.out and proofs/PK_TLS_BFC8EF59.der
Signature verification succeeds
[TLS] Server time: 1619741108
[TLS] client_random  (32): A1E0E0FD56F63B34B8C2499DDA53E29A42AD364D4B2E25FD140975D97AFFC90F
[TLS] sign_hash (32): CA7061EED1B8B38B97FA250B35015ADF4AE7AE9EB17336B2CFD25D612181F916
[TLS] Written transcript to proofs/MSG_TLS_A1E0E0FD.out, proofs/SIG_TLS_A1E0E0FD.out and proofs/PK_TLS_A1E0E0FD.der
Signature verification succeeds
[TLS] Server time: 1619741108
[TLS] client_random  (32): E28E666D2AB899E11E6F68ECF7943BC67DB95751873DF600946AA741EE0C4869
[TLS] sign_hash (32): 0D2DBE5A5ACFC763669D2976974611763279D6AAD8CC4E3ACD23E29FBFDBFFFA
[TLS] Written transcript to proofs/MSG_TLS_E28E666D.out, proofs/SIG_TLS_E28E666D.out and proofs/PK_TLS_E28E666D.der
Signature verification succeeds
[TLS] Server time: 1619741108
[TLS] client_random  (32): 6BCC79F0902CD38C13567163DFD508742774A6A978234FAEC632DBEE755C2446
[TLS] sign_hash (32): C0EEC46B6DDD2A19EB75855CAF3898FD4BA829717A066910797A75837369A759
[TLS] Written transcript to proofs/MSG_TLS_6BCC79F0.out, proofs/SIG_TLS_6BCC79F0.out and proofs/PK_TLS_6BCC79F0.der
Signature verification succeeds
[TLS] Server time: 1619741108
[TLS] client_random  (32): 6E1885F2AC4858D95FAC4F96E18F9F57ED2A8CD979235E5B2EFD94D5B7A0F7D1
[TLS] sign_hash (32): B173686224E68501373532810F3042CD7388284E6F373F2385B053B73F592D63
[TLS] Written transcript to proofs/MSG_TLS_6E1885F2.out, proofs/SIG_TLS_6E1885F2.out and proofs/PK_TLS_6E1885F2.der
Signature verification succeeds
[TLS] Server time: 1619741108
[TLS] client_random  (32): 5A18A94B9D1C2D70430538B86BCBB3A86A5FA024D04AD532145D2FC55A6E8ACE
[TLS] sign_hash (32): EB7703C5899DAF9770119AFEC9350E8E682FC7BEAF8491358F52266A353AEC95
[TLS] Written transcript to proofs/MSG_TLS_5A18A94B.out, proofs/SIG_TLS_5A18A94B.out and proofs/PK_TLS_5A18A94B.der
Signature verification succeeds
[TLS] Server time: 1619741108
[TLS] client_random  (32): 4367ECCA38BC42EF3EDE5438D381DC1BAC951ECA35B57783720E2FD40EE1ACFC
[TLS] sign_hash (32): B2EE69ECFD65B1FA147CBFFE39D42D483454314D1875C5040690F5830037187D
[TLS] Written transcript to proofs/MSG_TLS_4367ECCA.out, proofs/SIG_TLS_4367ECCA.out and proofs/PK_TLS_4367ECCA.der
Signature verification succeeds
[TLS] Server time: 1619741108
[TLS] client_random  (32): 438E66FBDC51D82262BA23525F0AECBE77CB9EE16A62DE48B871AD9E56333413
[TLS] sign_hash (32): 99E6F6A2AE315A4CD1AD0F25C2FBB2B904331CBEE75730797807AEB60314DC54
[TLS] Written transcript to proofs/MSG_TLS_438E66FB.out, proofs/SIG_TLS_438E66FB.out and proofs/PK_TLS_438E66FB.der
Signature verification succeeds
[TLS] Server time: 1619741108
[TLS] client_random  (32): 381ACC83114A4864633D4C49FA296D4A70CEDFA970F3A2C40C62927C822807F4
[TLS] sign_hash (32): 24ABA8483F099F048BB4991E35B16E7D2E6E0A1A3AAA33FD11D6C5E2D4DAC83D
[TLS] Written transcript to proofs/MSG_TLS_381ACC83.out, proofs/SIG_TLS_381ACC83.out and proofs/PK_TLS_381ACC83.der
Signature verification succeeds
[TLS] Server time: 1619741108
[TLS] client_random  (32): D0566CF49FE78B1FAB990956C9AD4CC8C7CE7D916633F32D25889A3FE12B4D25
[TLS] sign_hash (32): 23F130844FC3572F457C4322FE665280F95DC3F4A24A1B4FA5B0A74C78466D86
[TLS] Written transcript to proofs/MSG_TLS_D0566CF4.out, proofs/SIG_TLS_D0566CF4.out and proofs/PK_TLS_D0566CF4.der
Signature verification succeeds
[TLS] Server time: 1619741108
[TLS] client_random  (32): F03C4FC27D3C9EF02D50E38D3CD653D7E7E8BBDB15C14558E892D85446839B30
[TLS] sign_hash (32): 23C67A88098769BDD10F2C78B0F8BA1E62B12AF4FEA6DE7A0B31A5109A6C73B4
[TLS] Written transcript to proofs/MSG_TLS_F03C4FC2.out, proofs/SIG_TLS_F03C4FC2.out and proofs/PK_TLS_F03C4FC2.der
Signature verification succeeds
[TLS] Server time: 1619741108
[TLS] client_random  (32): F2C6CCFE886C3BC24CF4FFCC18A173E44F9BFF3219B1B2010A44BD17C3560F9F
[TLS] sign_hash (32): BEA0B52142117D0BE125BAA9B6FA1BAC1A36BAC1A7470433CD2F8E5CF65809F5
[TLS] Written transcript to proofs/MSG_TLS_F2C6CCFE.out, proofs/SIG_TLS_F2C6CCFE.out and proofs/PK_TLS_F2C6CCFE.der
Signature verification succeeds
[TLS] Server time: 1619741108
[TLS] client_random  (32): FD89AF9111F438C2F76D78147B08E0F5666776A4D85BADB6CDD3679E7AAD842D
[TLS] sign_hash (32): A256CA1B47EE61CEF3C22F2D8C038F3D67496AA1E17C477C862BBD8099027B5E
[TLS] Written transcript to proofs/MSG_TLS_FD89AF91.out, proofs/SIG_TLS_FD89AF91.out and proofs/PK_TLS_FD89AF91.der
Signature verification succeeds
[TLS] Server time: 1619741108
[TLS] client_random  (32): E5CD77FC16B59A855E74D082F79E211D2476BBDAFF2EE126602B3E33B06EF8C9
[TLS] sign_hash (32): 463DCC4C69B26567E358D0C4A437B12B421B055F3CDC397FAD11CBD6698FFE5A
[TLS] Written transcript to proofs/MSG_TLS_E5CD77FC.out, proofs/SIG_TLS_E5CD77FC.out and proofs/PK_TLS_E5CD77FC.der
Signature verification succeeds
[TLS] Server time: 1619741108
[TLS] client_random  (32): 12A213F6AD39BA4BE68716127FCD451FDD781916880AB9404A63E5C65147DCC2
[TLS] sign_hash (32): 5095D2D1DEFC4B095B8796E2112FCE707FB259A53280EB584F664BED62D6A8B3
[TLS] Written transcript to proofs/MSG_TLS_12A213F6.out, proofs/SIG_TLS_12A213F6.out and proofs/PK_TLS_12A213F6.der
Signature verification succeeds
[TLS] Server time: 1619741108
[TLS] client_random  (32): 611757A0B4AA799839B39EE9CFBF71C6CBABC0FF5F4C6B648AC338C6B0123FA8
[TLS] sign_hash (32): 357E050769DC90D3C30DCEECF3C2C5C53FA8A74915B0BDA9338F2423BA7D0F8B
[TLS] Written transcript to proofs/MSG_TLS_611757A0.out, proofs/SIG_TLS_611757A0.out and proofs/PK_TLS_611757A0.der
Signature verification succeeds
[TLS] Server time: 1619741108
[TLS] client_random  (32): D6536BF90B194F62BA746E8144E415BA367DEEC73A7C4C07288280B63D2CEC4A
[TLS] sign_hash (32): B05C21CF700D428DAE80A6828900E68DD44246735ED715AED79DCB92188137A5
[TLS] Written transcript to proofs/MSG_TLS_D6536BF9.out, proofs/SIG_TLS_D6536BF9.out and proofs/PK_TLS_D6536BF9.der
Signature verification succeeds
[TLS] Server time: 1619741108
[TLS] client_random  (32): 9C967262C4AD64FBBCE10471B9770BCDF0DD3B0684C0D982EBF0135E0FFCD346
[TLS] sign_hash (32): D40E8DFEDF743CA6C69A94B1BF4FE885DBBD55729017A351520076EF383CF3D2
[TLS] Written transcript to proofs/MSG_TLS_9C967262.out, proofs/SIG_TLS_9C967262.out and proofs/PK_TLS_9C967262.der
Signature verification succeeds
[TLS] Server time: 1619741108
[TLS] client_random  (32): E6B9AD55E0D8F37BC1E488EF7A54D3D472D08588D3167B3FAEF95B372C373B99
[TLS] sign_hash (32): 8DEBC73E4CCD304759050CEE6029C3CCDD790B0ED50A23C0286A08AA7D3DB944
[TLS] Written transcript to proofs/MSG_TLS_E6B9AD55.out, proofs/SIG_TLS_E6B9AD55.out and proofs/PK_TLS_E6B9AD55.der
Signature verification succeeds
[TLS] Server time: 1619741108
[TLS] client_random  (32): B4E60747F2378528AA2BEC57CE96C3F5AAA2AA0E069BA67002573B190D30BCE9
[TLS] sign_hash (32): B9466118D411F9FA1FB3A481E4C00236750C4E38F125CDC87A8C7EA3281C69C4
[TLS] Written transcript to proofs/MSG_TLS_B4E60747.out, proofs/SIG_TLS_B4E60747.out and proofs/PK_TLS_B4E60747.der
Signature verification succeeds
[TLS] Server time: 1619741108
[TLS] client_random  (32): E1FA9E089C41EE32A5E69EA07F112708941563BF3BC5573D73FA0464DE29F471
[TLS] sign_hash (32): 3A5C2D15C5682FF78865EA774708DB291F5FA43688BE71F1578F5CEBEEB16967
[TLS] Written transcript to proofs/MSG_TLS_E1FA9E08.out, proofs/SIG_TLS_E1FA9E08.out and proofs/PK_TLS_E1FA9E08.der
Signature verification succeeds
[TLS] Server time: 1619741108
[TLS] client_random  (32): 095A750E4F55E9B7D1BFBC312A729974785448F3650C020FC211CA71C9DCF127
[TLS] sign_hash (32): 3DDB8B45BB7B33A0ED841408497D5A4D2957A0E97E402129335735B9737C0EBB
[TLS] Written transcript to proofs/MSG_TLS_095A750E.out, proofs/SIG_TLS_095A750E.out and proofs/PK_TLS_095A750E.der
Signature verification succeeds
Time breakdown (averages): anchor_ping:18.496579 file_read:0.140040 hashing:0.470349
Total time for 119 rounds is 2292.235704ms
Standard deviations: anchor_ping:67.968877 file_read:0.014035 hashing:0.004354
[Client-side ops] mean:0.610390 sd:0.014654
in & out anchor rand written to proofs/phase1.out
     78 [TLS] Server time: 1619741106
     16 [TLS] Server time: 1619741107
     26 [TLS] Server time: 1619741108
Count is 78
Count is 16
Count is 26
success: 1
RESULT: 1 in 2 tries
