TLS anchor: sruc.ac.uk
Actual: 58, Set: 119
Beginning execution at Thu Apr 29 13:05:01 UTC 2021
CONF: anchor:sruc.ac.uk fs:1024MB n_rounds:119 seed:5c9f4bf9bbc15bb855f82faedc5a52fc3ab2dfa8ec3ba3ce1b270f31fa0cced2 filename:FILE bs:1024 nops:100 benchmarking:0 anchor_ping:1 queue_depth:32 direct:0
[TLS] Connecting to sruc.ac.uk
[TLS] Server time: 1619701501
[TLS] client_random  (32): 5C9F4BF9BBC15BB855F82FAEDC5A52FC3AB2DFA8EC3BA3CE1B270F31FA0CCED2
[TLS] sign_hash (32): 436A06A612512C3314DC66F55D444E1E98332E0EAC3BFE60822B8CE8301ABF58
[TLS] Written transcript to proofs/MSG_TLS_5C9F4BF9.out, proofs/SIG_TLS_5C9F4BF9.out and proofs/PK_TLS_5C9F4BF9.der
Signature verification succeeds
[TLS] Server time: 1619701501
[TLS] client_random  (32): 633DF122B2988557DA1A81F75E271B5ED10702DE72E4CAC0AF9F0DCC8C77AC55
[TLS] sign_hash (32): 143E857B7F2E6E90561E70516EB55CB83C91777679882491C88E616D4CE7B7AD
[TLS] Written transcript to proofs/MSG_TLS_633DF122.out, proofs/SIG_TLS_633DF122.out and proofs/PK_TLS_633DF122.der
Signature verification succeeds
[TLS] Server time: 1619701501
[TLS] client_random  (32): 197DAFF73D81CAD682777C4E07A84B11F7FD76B19F2E77774F31D03B00EEB818
[TLS] sign_hash (32): 1CA51ADE7EA9C81416A8E56CE6DAD02AC7164760893582D474CCF7A98586941D
[TLS] Written transcript to proofs/MSG_TLS_197DAFF7.out, proofs/SIG_TLS_197DAFF7.out and proofs/PK_TLS_197DAFF7.der
Signature verification succeeds
[TLS] Server time: 1619701501
[TLS] client_random  (32): 42756FEE2CFA51E0A705ACAD3DDD67C68066B6F3F21A76EBE08EE6F31F46ABE3
[TLS] sign_hash (32): E9B803284A3DE5D71580C63A24DA02784F98483F4BD961EF60A5DB550AA7C0F2
[TLS] Written transcript to proofs/MSG_TLS_42756FEE.out, proofs/SIG_TLS_42756FEE.out and proofs/PK_TLS_42756FEE.der
Signature verification succeeds
[TLS] Server time: 1619701501
[TLS] client_random  (32): 418CD2958F6E832DE48461E59AA40DECB05A319E6281910F0BFDDC64894E4EF8
[TLS] sign_hash (32): 91ACD544FD3734D6C061A2F24916C6AC864E18354C1255C166D9156428669B86
[TLS] Written transcript to proofs/MSG_TLS_418CD295.out, proofs/SIG_TLS_418CD295.out and proofs/PK_TLS_418CD295.der
Signature verification succeeds
[TLS] Server time: 1619701501
[TLS] client_random  (32): E872217BCC22B9621BB120C5DEB412AD73AC7245C228C47AA07E22711614B927
[TLS] sign_hash (32): 036778E1D739A4CCEA31FF8E7D1E3CE928B99AD5B9831DE4119AA9ED4E9D80D9
[TLS] Written transcript to proofs/MSG_TLS_E872217B.out, proofs/SIG_TLS_E872217B.out and proofs/PK_TLS_E872217B.der
Signature verification succeeds
[TLS] Server time: 1619701501
[TLS] client_random  (32): EF97A088DE024B886144C3B2154E2B3C9514A1C8166F9F58AC62CA30296AA0F8
[TLS] sign_hash (32): 7E94EF8E66EE0BEAC0EEFC0EEAA3A32214DF4B5118546E6124DB858A547AD208
[TLS] Written transcript to proofs/MSG_TLS_EF97A088.out, proofs/SIG_TLS_EF97A088.out and proofs/PK_TLS_EF97A088.der
Signature verification succeeds
[TLS] Server time: 1619701502
[TLS] client_random  (32): BE5B66C6043B69475F92F510EA495C622E8BBF0F0A7B3F53F0A18400A19138E7
[TLS] sign_hash (32): F0AA5C31319DC3947FC85C1EA71910DCABF211A27C168AF153386B10FBE2434C
[TLS] Written transcript to proofs/MSG_TLS_BE5B66C6.out, proofs/SIG_TLS_BE5B66C6.out and proofs/PK_TLS_BE5B66C6.der
Signature verification succeeds
[TLS] Server time: 1619701502
[TLS] client_random  (32): B8DF1902C76A60B4FEDC10AF839F1715D45D693584BC0F77863AB7E7D76AB6F8
[TLS] sign_hash (32): 41803C55D03EF46CE591ECDA4BC53BE5A50DA79226762A8DBDBD44ACD2519D13
[TLS] Written transcript to proofs/MSG_TLS_B8DF1902.out, proofs/SIG_TLS_B8DF1902.out and proofs/PK_TLS_B8DF1902.der
Signature verification succeeds
[TLS] Server time: 1619701502
[TLS] client_random  (32): D41CC253067A348D70D22CDD998068D07156B8CD1C3D9DAC929D22158CB51CBB
[TLS] sign_hash (32): 1F94BA1CD6A10F312779A0AF21CBA087041488B9262EC6820736E38735448982
[TLS] Written transcript to proofs/MSG_TLS_D41CC253.out, proofs/SIG_TLS_D41CC253.out and proofs/PK_TLS_D41CC253.der
Signature verification succeeds
[TLS] Server time: 1619701502
[TLS] client_random  (32): 66BCEA55FB621D26B28E174DFCE07169EC332A469CEE330BE58E4012117D0D81
[TLS] sign_hash (32): 03A7836E18B2946415FE38972CA6646B7FD10F6AD572C14FD3D872A532C90088
[TLS] Written transcript to proofs/MSG_TLS_66BCEA55.out, proofs/SIG_TLS_66BCEA55.out and proofs/PK_TLS_66BCEA55.der
Signature verification succeeds
[TLS] Server time: 1619701502
[TLS] client_random  (32): C64767CBBD0AEFFFF96EEED81A8120FFEF456F5737D3E46E9C5D59FA3BA7CF43
[TLS] sign_hash (32): 0037BEB2CA81B08EA262DE01049DD0F01F53EAD1C5756F1ABB63E5C8D76546C7
[TLS] Written transcript to proofs/MSG_TLS_C64767CB.out, proofs/SIG_TLS_C64767CB.out and proofs/PK_TLS_C64767CB.der
Signature verification succeeds
[TLS] Server time: 1619701502
[TLS] client_random  (32): 52086E107F35F4DFCAC554F3C84031F485C1C5473F536DAFFDDA648161630780
[TLS] sign_hash (32): D4D1AAB71A75F7377CFDAC806167A7CC5825FA687C02C32ABC954B57028035A0
[TLS] Written transcript to proofs/MSG_TLS_52086E10.out, proofs/SIG_TLS_52086E10.out and proofs/PK_TLS_52086E10.der
Signature verification succeeds
[TLS] Server time: 1619701502
[TLS] client_random  (32): 84040A3D8610BF26D87BF5B03D8109021DBA4B4C11A892B1545DA481E2C76D9E
[TLS] sign_hash (32): 130830C37D8833D7BF5985674074EF53129C026E85CAFE36B05A05F7EDDE9D01
[TLS] Written transcript to proofs/MSG_TLS_84040A3D.out, proofs/SIG_TLS_84040A3D.out and proofs/PK_TLS_84040A3D.der
Signature verification succeeds
[TLS] Server time: 1619701502
[TLS] client_random  (32): AAE9CE7687E15165C6774EE8D0F451D8D0736A4F1D3C3663876801A059855568
[TLS] sign_hash (32): 946F36AF4791E8B57C61003472946E96EB47CF7E29B24C0216ACDCE7CE5C825B
[TLS] Written transcript to proofs/MSG_TLS_AAE9CE76.out, proofs/SIG_TLS_AAE9CE76.out and proofs/PK_TLS_AAE9CE76.der
Signature verification succeeds
[TLS] Server time: 1619701502
[TLS] client_random  (32): 8C2583A8A34D0E9840F157D81F9B98977B65B2AF4A3AEEC3AC6D2D53167A1B66
[TLS] sign_hash (32): 40304A4F519BD44550C67265DCAD166A9E3B3ECC559EFEE43B7E3F9FA701A865
[TLS] Written transcript to proofs/MSG_TLS_8C2583A8.out, proofs/SIG_TLS_8C2583A8.out and proofs/PK_TLS_8C2583A8.der
Signature verification succeeds
[TLS] Server time: 1619701502
[TLS] client_random  (32): 1C6E3CCBCAB3D3A6830C1BB799CDDFE6CF17351ECFAA49A77BD99E2AAED9AACA
[TLS] sign_hash (32): 9D4DDF633BA2E7C77858DE0163C4261B5CFEA4643585E87CD21EA9452BE4559F
[TLS] Written transcript to proofs/MSG_TLS_1C6E3CCB.out, proofs/SIG_TLS_1C6E3CCB.out and proofs/PK_TLS_1C6E3CCB.der
Signature verification succeeds
[TLS] Server time: 1619701502
[TLS] client_random  (32): 6ECA3FAC2D21CCB0CC1E84877F762F9F6EB3C99B03F3A1E2D7B9F84EC22B5F4D
[TLS] sign_hash (32): 2878D5F332E59293D3B6C4903B06A13F3E9A926D6E7C120E04AF36DC41AE21AF
[TLS] Written transcript to proofs/MSG_TLS_6ECA3FAC.out, proofs/SIG_TLS_6ECA3FAC.out and proofs/PK_TLS_6ECA3FAC.der
Signature verification succeeds
[TLS] Server time: 1619701502
[TLS] client_random  (32): D794AA3B09FD56A9CD10F3D5AEDA1A6BD92EE18F20BB4113B35A9D251B554F6C
[TLS] sign_hash (32): EB5608F1C74BCF60575308C553757F48DAF3C66FC6E71B8D47C7C0CA5772F883
[TLS] Written transcript to proofs/MSG_TLS_D794AA3B.out, proofs/SIG_TLS_D794AA3B.out and proofs/PK_TLS_D794AA3B.der
Signature verification succeeds
[TLS] Server time: 1619701502
[TLS] client_random  (32): 0A1E9D6D4BBC48D7AAE83CF3D80E4A0C976FD25FEE3E357993952DD24E037FD8
[TLS] sign_hash (32): 6E30EAF947E92DC988FE2A8A7B67EC9F31148AE5C2C2DAE980EF5284D48D640F
[TLS] Written transcript to proofs/MSG_TLS_0A1E9D6D.out, proofs/SIG_TLS_0A1E9D6D.out and proofs/PK_TLS_0A1E9D6D.der
Signature verification succeeds
[TLS] Server time: 1619701502
[TLS] client_random  (32): 23233BE047F759D0D2EEB2BE9395C213EE069AB592FA09259CABC070F3FEB414
[TLS] sign_hash (32): 5CA61AA5CCDC19A2C84ACD34056FB1FBB8E3E797B292184DFEEBA119FD601367
[TLS] Written transcript to proofs/MSG_TLS_23233BE0.out, proofs/SIG_TLS_23233BE0.out and proofs/PK_TLS_23233BE0.der
Signature verification succeeds
[TLS] Server time: 1619701502
[TLS] client_random  (32): 4FD0736AB081C0C135BD42EDEA5C65EAC77D0AE5D4FC229FD431B30A3362DFC5
[TLS] sign_hash (32): 98A31F5BFF2A8083964E51680C9632E62F07F7243CBE6333CED36A34E2530725
[TLS] Written transcript to proofs/MSG_TLS_4FD0736A.out, proofs/SIG_TLS_4FD0736A.out and proofs/PK_TLS_4FD0736A.der
Signature verification succeeds
[TLS] Server time: 1619701502
[TLS] client_random  (32): ADA751FFE35B3B171C3F6894D1A6E0FEB6C6095C024151FF41A07E1AC2E1BC05
[TLS] sign_hash (32): 09165F10A929B187A642309EAB71F3B4ACB0EEE69C07B09686DBD4FFE64AD694
[TLS] Written transcript to proofs/MSG_TLS_ADA751FF.out, proofs/SIG_TLS_ADA751FF.out and proofs/PK_TLS_ADA751FF.der
Signature verification succeeds
[TLS] Server time: 1619701502
[TLS] client_random  (32): 6B3D8C94033A2EF14934D13AA7D9CAEBF12FE263951681C7811F838D96F49236
[TLS] sign_hash (32): 2B418B45DE391E0BC5BCB6F5E5C1E6473409FA0F026D1CE46756B7029EBF950B
[TLS] Written transcript to proofs/MSG_TLS_6B3D8C94.out, proofs/SIG_TLS_6B3D8C94.out and proofs/PK_TLS_6B3D8C94.der
Signature verification succeeds
[TLS] Server time: 1619701502
[TLS] client_random  (32): A729547349AE0CE96145224426A8CA98EBE96D3F40E11F49E6BB822A9B33A7BD
[TLS] sign_hash (32): 3C716C4A5B8F1DEAD13AAD4423A69711F143F7727E8A042F2832F6E1E6E7515B
[TLS] Written transcript to proofs/MSG_TLS_A7295473.out, proofs/SIG_TLS_A7295473.out and proofs/PK_TLS_A7295473.der
Signature verification succeeds
[TLS] Server time: 1619701502
[TLS] client_random  (32): 797BAEC2E277C136DE796AAB896FCA2C39120BC39D5F4E03074DEBFFD1FFAE39
[TLS] sign_hash (32): 2B7B40CF0A77BFC4235B04E860ACD633F15B4EF44665CBF119967245D40CE319
[TLS] Written transcript to proofs/MSG_TLS_797BAEC2.out, proofs/SIG_TLS_797BAEC2.out and proofs/PK_TLS_797BAEC2.der
Signature verification succeeds
[TLS] Server time: 1619701502
[TLS] client_random  (32): 686B4124714BD2F3295BA27E74B4DE21E0F1E6CDDBE35FF59B248BFCCE8B26F3
[TLS] sign_hash (32): 792538360DAEC460537D712D2A78113CE084B61C563DF838377A9066993A0787
[TLS] Written transcript to proofs/MSG_TLS_686B4124.out, proofs/SIG_TLS_686B4124.out and proofs/PK_TLS_686B4124.der
Signature verification succeeds
[TLS] Server time: 1619701502
[TLS] client_random  (32): 422813D41E027385B1A251518BA0B1CD19ADB764D7BC160B55DA75EF674AF226
[TLS] sign_hash (32): 58E6F484E365ED7A45C29747CB71EC624BCA6D5DE387DC7B7073D9B60C116426
[TLS] Written transcript to proofs/MSG_TLS_422813D4.out, proofs/SIG_TLS_422813D4.out and proofs/PK_TLS_422813D4.der
Signature verification succeeds
[TLS] Server time: 1619701502
[TLS] client_random  (32): 4921B30C276659053C215EA18B772828E04179472C25980A3EC3A0783FC9C211
[TLS] sign_hash (32): 6E4CFA06B38AAF244D057705CC84590BAC626B74C3CF2C15B0792BE7A578E1D2
[TLS] Written transcript to proofs/MSG_TLS_4921B30C.out, proofs/SIG_TLS_4921B30C.out and proofs/PK_TLS_4921B30C.der
Signature verification succeeds
[TLS] Server time: 1619701502
[TLS] client_random  (32): 62C65E9736F0AB36A2DAE843600C850211BDB96A624DA8149D9BB32B3DB2E902
[TLS] sign_hash (32): 2C30B4D3DB5EECD46096D4D70E1817EA009585022C5D4315F08017ABF5E6E0AE
[TLS] Written transcript to proofs/MSG_TLS_62C65E97.out, proofs/SIG_TLS_62C65E97.out and proofs/PK_TLS_62C65E97.der
Signature verification succeeds
[TLS] Server time: 1619701502
[TLS] client_random  (32): 2277D5CE618526CDAD18FBCE4C20E44A0DB88703DF802511F68EB96238E16318
[TLS] sign_hash (32): BB43B4D5B3AFA628CF40EC7F80108C4862F575605BD8966071BEB998AC61F329
[TLS] Written transcript to proofs/MSG_TLS_2277D5CE.out, proofs/SIG_TLS_2277D5CE.out and proofs/PK_TLS_2277D5CE.der
Signature verification succeeds
[TLS] Server time: 1619701502
[TLS] client_random  (32): 6E54B9C9CD8CBEB644200EEF0CE81BC7A518E94BC3C7775DFB8C43B14981AD94
[TLS] sign_hash (32): 50CD003135690EF106AD2EAEBC3A2B972EBA1E2080ADE1C1F2A15887A67D279C
[TLS] Written transcript to proofs/MSG_TLS_6E54B9C9.out, proofs/SIG_TLS_6E54B9C9.out and proofs/PK_TLS_6E54B9C9.der
Signature verification succeeds
[TLS] Server time: 1619701502
[TLS] client_random  (32): 56D80AACEFFA8D5F5E92905B4C3F902F3F84CF8B8017C4D256490928606463D0
[TLS] sign_hash (32): 0B75E8DAC43ABEFD8CC60E6E7C022CBE9DB879282191033BDE56674F5969D203
[TLS] Written transcript to proofs/MSG_TLS_56D80AAC.out, proofs/SIG_TLS_56D80AAC.out and proofs/PK_TLS_56D80AAC.der
Signature verification succeeds
[TLS] Server time: 1619701502
[TLS] client_random  (32): B7FC7E7F70C0160D896558B8B256C9D872E05FA6F4FBFD027CD8D0B717526C7B
[TLS] sign_hash (32): 71C9DD1A0922FA12B467632F4EB2AE6BD87AE2774042CA864D3E4C19D5DC3394
[TLS] Written transcript to proofs/MSG_TLS_B7FC7E7F.out, proofs/SIG_TLS_B7FC7E7F.out and proofs/PK_TLS_B7FC7E7F.der
Signature verification succeeds
[TLS] Server time: 1619701502
[TLS] client_random  (32): 0860EA6435F19E8710C94C2F6785E13F32528F1BDC666B5959EC670CE19C5729
[TLS] sign_hash (32): E5DBA4ABE780EE12D3D334306B9CC3445FCA9D3F3224708371C59DD0B48B1D23
[TLS] Written transcript to proofs/MSG_TLS_0860EA64.out, proofs/SIG_TLS_0860EA64.out and proofs/PK_TLS_0860EA64.der
Signature verification succeeds
[TLS] Server time: 1619701502
[TLS] client_random  (32): 0A22FF4786E5B552295AA1475B069D2A0AADA7CA17E6CC965FB5D42B97585671
[TLS] sign_hash (32): C12ED5A13D48E990D01FBB7F186572EC6FB74E4D5C236B3F042CF9CB6252DF3C
[TLS] Written transcript to proofs/MSG_TLS_0A22FF47.out, proofs/SIG_TLS_0A22FF47.out and proofs/PK_TLS_0A22FF47.der
Signature verification succeeds
[TLS] Server time: 1619701502
[TLS] client_random  (32): 2736409B7D167BAEDBCDCB83C1C811376E01E18E97F8624BD93D67BDB3ECBBCA
[TLS] sign_hash (32): 2CC8A6846461C58610AFF36F82FEFDFEB19904C56A634836D428AE5C8C0BE503
[TLS] Written transcript to proofs/MSG_TLS_2736409B.out, proofs/SIG_TLS_2736409B.out and proofs/PK_TLS_2736409B.der
Signature verification succeeds
[TLS] Server time: 1619701502
[TLS] client_random  (32): 953402D9D878E06EF3DD882B5DAA2FF26B0E2E5FCB437CC02F47FF8CECE63646
[TLS] sign_hash (32): D546E3F78C51B0EDE3471CFECDB9504D64A865206E4B126A8D74777886DED810
[TLS] Written transcript to proofs/MSG_TLS_953402D9.out, proofs/SIG_TLS_953402D9.out and proofs/PK_TLS_953402D9.der
Signature verification succeeds
[TLS] Server time: 1619701502
[TLS] client_random  (32): 80FD44A93A70C795DF870DF986EE0B9824531C70A554CE90C163B534C3C50F57
[TLS] sign_hash (32): 43BEDFB940F6DB56CD108694D6203D2BE158316805C3598794F86038598E5480
[TLS] Written transcript to proofs/MSG_TLS_80FD44A9.out, proofs/SIG_TLS_80FD44A9.out and proofs/PK_TLS_80FD44A9.der
Signature verification succeeds
[TLS] Server time: 1619701502
[TLS] client_random  (32): 05C5AF12F03F77E6B3FF4134F2DD1D99C89EC5881B6064F8F872A4A6328E72C7
[TLS] sign_hash (32): 3653E9A598B3B99EA811F233079AE48D50EF6376B6D672DB68B99D026C66EBBF
[TLS] Written transcript to proofs/MSG_TLS_05C5AF12.out, proofs/SIG_TLS_05C5AF12.out and proofs/PK_TLS_05C5AF12.der
Signature verification succeeds
[TLS] Server time: 1619701502
[TLS] client_random  (32): 4A13A5CC8E5E3ACD6F01A35579B7657D2C5630175C45B8EBC8977108F56D7A07
[TLS] sign_hash (32): D0EB1E299124A69635812C77F513ADD74B0771F702B49F82A3F6C0D08CD8E130
[TLS] Written transcript to proofs/MSG_TLS_4A13A5CC.out, proofs/SIG_TLS_4A13A5CC.out and proofs/PK_TLS_4A13A5CC.der
Signature verification succeeds
[TLS] Server time: 1619701502
[TLS] client_random  (32): EFFC2892876684C25D5AAC47AA236A2D42E27FDCB051A57ED78FF6E338653DB4
[TLS] sign_hash (32): 92B69A475FC9640659D3C3249B1A62365D27DC975F69C47A35200AA193E7763D
[TLS] Written transcript to proofs/MSG_TLS_EFFC2892.out, proofs/SIG_TLS_EFFC2892.out and proofs/PK_TLS_EFFC2892.der
Signature verification succeeds
[TLS] Server time: 1619701502
[TLS] client_random  (32): EEB0E124BD5361A0056F534A7605557925C2DE12659C3B27C2C78A7C7C95C0B0
[TLS] sign_hash (32): 44EB33E7DD6F138A60452FE9F3BF6416EC356DB55163EA76426B8C2DEEC6D43D
[TLS] Written transcript to proofs/MSG_TLS_EEB0E124.out, proofs/SIG_TLS_EEB0E124.out and proofs/PK_TLS_EEB0E124.der
Signature verification succeeds
[TLS] Server time: 1619701502
[TLS] client_random  (32): E514B07AFF672A37846198BFD2745F39DD14E78DF0C4E1B3286E68507AB7DFB8
[TLS] sign_hash (32): 7DAA87C30435F075B284F94B6C7AAFDA486AE5746193FEDCD9742ACF073F7252
[TLS] Written transcript to proofs/MSG_TLS_E514B07A.out, proofs/SIG_TLS_E514B07A.out and proofs/PK_TLS_E514B07A.der
Signature verification succeeds
[TLS] Server time: 1619701502
[TLS] client_random  (32): 4FDD56D5A2B90AF14DC5B4A58583D6248C1097B9390D0F1A4A35D83CF15C59B3
[TLS] sign_hash (32): 8F6C0FBD8C9D110E8A820F8735AADD33A2938AD675AC1B53B6E995EF0884CC15
[TLS] Written transcript to proofs/MSG_TLS_4FDD56D5.out, proofs/SIG_TLS_4FDD56D5.out and proofs/PK_TLS_4FDD56D5.der
Signature verification succeeds
[TLS] Server time: 1619701502
[TLS] client_random  (32): C8B083EA971CB3CC6B866FD3AAE6023940C37B8CE119B76B3DF2AF0CCBFFF7F1
[TLS] sign_hash (32): 3D4821C62744BFDD74F0E0E5DDA7202A83F9C204CAB984C33F67D21989075CFC
[TLS] Written transcript to proofs/MSG_TLS_C8B083EA.out, proofs/SIG_TLS_C8B083EA.out and proofs/PK_TLS_C8B083EA.der
Signature verification succeeds
[TLS] Server time: 1619701502
[TLS] client_random  (32): 0500D98AB0589A67CD2ADF6821596EE371C392522248DC371E05D778AA1AC669
[TLS] sign_hash (32): D8A7B26A697E05EA8B04B752898E6649F820EF650D7B0C7EA72BE7ED26774281
[TLS] Written transcript to proofs/MSG_TLS_0500D98A.out, proofs/SIG_TLS_0500D98A.out and proofs/PK_TLS_0500D98A.der
Signature verification succeeds
[TLS] Server time: 1619701502
[TLS] client_random  (32): 7D28B1121A8BA5C3D66B56B5B688E24D8DA143B1B61F027FE833E9239D723803
[TLS] sign_hash (32): 0C70974424AE8892953BDDE912B83BB68EB7709FDF9F86E1596180A4B6DA4092
[TLS] Written transcript to proofs/MSG_TLS_7D28B112.out, proofs/SIG_TLS_7D28B112.out and proofs/PK_TLS_7D28B112.der
Signature verification succeeds
[TLS] Server time: 1619701502
[TLS] client_random  (32): 171207E0B0A46B1F4B8919BE01A28D1AAAFDE505283DA5FEE88F82EE6ADAE5D9
[TLS] sign_hash (32): 60C0DBE2EB1E9B8F88D31EE8E0740CF3BDF23FAE9DFEDA242051EC9D9AC65C03
[TLS] Written transcript to proofs/MSG_TLS_171207E0.out, proofs/SIG_TLS_171207E0.out and proofs/PK_TLS_171207E0.der
Signature verification succeeds
[TLS] Server time: 1619701502
[TLS] client_random  (32): BDF9ABD259B0138CD5B39614F0EEFAD03B17F41D50D22706B204BCB92AB130FE
[TLS] sign_hash (32): D98F85B9AB1B1E0E70952C6F9BB6848C51B352C3610CAAAB95BEAADFB11986DF
[TLS] Written transcript to proofs/MSG_TLS_BDF9ABD2.out, proofs/SIG_TLS_BDF9ABD2.out and proofs/PK_TLS_BDF9ABD2.der
Signature verification succeeds
[TLS] Server time: 1619701502
[TLS] client_random  (32): 6BC2DE80A526CEF32B6755FAD9162B13B2C3D685E2796E278C284EDFD160698D
[TLS] sign_hash (32): 9DA0BDC55B1AE5C43EC1A90AE584618E20BB4C085D9D567F50817AAF69A6CBEF
[TLS] Written transcript to proofs/MSG_TLS_6BC2DE80.out, proofs/SIG_TLS_6BC2DE80.out and proofs/PK_TLS_6BC2DE80.der
Signature verification succeeds
[TLS] Server time: 1619701502
[TLS] client_random  (32): E45386446053662ED813EE9C7E781F4CB515A6D078EB910F4A27762EE32FA191
[TLS] sign_hash (32): 13521FE5E31D1DA203B5CE176A370FAF54E886B6B02639F75E7C7F843D1A9725
[TLS] Written transcript to proofs/MSG_TLS_E4538644.out, proofs/SIG_TLS_E4538644.out and proofs/PK_TLS_E4538644.der
Signature verification succeeds
[TLS] Server time: 1619701502
[TLS] client_random  (32): 319E9A2EDDBB45C335FD894B037DCC4D0C2F9090963C3F453F8EAE2C70525963
[TLS] sign_hash (32): AB4894B23DD09CD725EDCE5DB664005250872E47C7EC8B0CC8E96B2D3A7D085F
[TLS] Written transcript to proofs/MSG_TLS_319E9A2E.out, proofs/SIG_TLS_319E9A2E.out and proofs/PK_TLS_319E9A2E.der
Signature verification succeeds
[TLS] Server time: 1619701502
[TLS] client_random  (32): F8A69A15F3EBB4973D77EF42CDF11E883D48F5297F749DC392353E7507E3A8A3
[TLS] sign_hash (32): EECC031DAD84F32440780C1C0EB0ADE8281972420883C3CA216C49420F06B81C
[TLS] Written transcript to proofs/MSG_TLS_F8A69A15.out, proofs/SIG_TLS_F8A69A15.out and proofs/PK_TLS_F8A69A15.der
Signature verification succeeds
[TLS] Server time: 1619701502
[TLS] client_random  (32): 97C416B460E4B6A725851397E6C55757612CFE268F3D67C992EC33F9DD03DF33
[TLS] sign_hash (32): 44880AFC029CC2BE2A2B84FDBA569A42B1091E084A597E8BCD0B2742ED98E0CF
[TLS] Written transcript to proofs/MSG_TLS_97C416B4.out, proofs/SIG_TLS_97C416B4.out and proofs/PK_TLS_97C416B4.der
Signature verification succeeds
[TLS] Server time: 1619701502
[TLS] client_random  (32): CE913863A93AAB63A427EAA591A1B1ADACA995EE49BD0F87F583D4E6B23BF51B
[TLS] sign_hash (32): E5C55A5C12639A96F77DA15BF1044B2063CA40A90CE2940177F067FD7B36A178
[TLS] Written transcript to proofs/MSG_TLS_CE913863.out, proofs/SIG_TLS_CE913863.out and proofs/PK_TLS_CE913863.der
Signature verification succeeds
[TLS] Server time: 1619701502
[TLS] client_random  (32): CA43FCF106983973886C21AA2C10E2FDEC548B65BC2956C16A7E59D04C931251
[TLS] sign_hash (32): 0705A1E3AD1E078AF7DF75139E12F7B95C2381592E775428D596B04881DCE699
[TLS] Written transcript to proofs/MSG_TLS_CA43FCF1.out, proofs/SIG_TLS_CA43FCF1.out and proofs/PK_TLS_CA43FCF1.der
Signature verification succeeds
[TLS] Server time: 1619701502
[TLS] client_random  (32): 2CA12B54FDFB62E5344BA448751A91235CCBC7A3618CBBC12453765F9C86030C
[TLS] sign_hash (32): 47D1B52B16107C6CEA3BECFAA8589104BEB9B515AF66424E562317DAB9074605
[TLS] Written transcript to proofs/MSG_TLS_2CA12B54.out, proofs/SIG_TLS_2CA12B54.out and proofs/PK_TLS_2CA12B54.der
Signature verification succeeds
[TLS] Server time: 1619701502
[TLS] client_random  (32): 89ACCBD3F7AC9C6D51A04F3FB93F9F50F9C3F86D286E44FAFB51AC6C9C524757
[TLS] sign_hash (32): 2C5BE189F0EBDA88B636DBAC81F44353CA3A3906DD23B9D7C0AAE4E481781FB6
[TLS] Written transcript to proofs/MSG_TLS_89ACCBD3.out, proofs/SIG_TLS_89ACCBD3.out and proofs/PK_TLS_89ACCBD3.der
Signature verification succeeds
[TLS] Server time: 1619701502
[TLS] client_random  (32): AF28B97DBD7AFFDC0E3CB7B5A0971B76DD26743FC93AEE534EE9F335D64833A1
[TLS] sign_hash (32): C6615760404BF8FB307893E5A397B92DB5D592CCD1C7E6AD101F2CCF0D5AEF6F
[TLS] Written transcript to proofs/MSG_TLS_AF28B97D.out, proofs/SIG_TLS_AF28B97D.out and proofs/PK_TLS_AF28B97D.der
Signature verification succeeds
[TLS] Server time: 1619701502
[TLS] client_random  (32): 813F385B94F4524F0218F667E4C79F00EE0A8D1F887E2DEE7B5D5FA4973C358A
[TLS] sign_hash (32): 88339FA52272C3594FAB19F27430E82F88F28520F9F641DE0B127421CC09E14F
[TLS] Written transcript to proofs/MSG_TLS_813F385B.out, proofs/SIG_TLS_813F385B.out and proofs/PK_TLS_813F385B.der
Signature verification succeeds
[TLS] Server time: 1619701502
[TLS] client_random  (32): 243C58A58259938833913BFD1FD693F2C53252C4D54FD0B04EA811B041E6CD2E
[TLS] sign_hash (32): 03C33E55C124A32EBA8E474832B7AA49BF86CA9C51DD30A17A5A55EE75828B9C
[TLS] Written transcript to proofs/MSG_TLS_243C58A5.out, proofs/SIG_TLS_243C58A5.out and proofs/PK_TLS_243C58A5.der
Signature verification succeeds
[TLS] Server time: 1619701502
[TLS] client_random  (32): C7B0CF5ECDAEDCCC2C12AD6A5DAC43CA95C73F6631AC92A5C42AB905B4BB371F
[TLS] sign_hash (32): 17B98C926281B77520FE51306E80A68D4A8C4DF57DD672A386CFAA6B257BFE7E
[TLS] Written transcript to proofs/MSG_TLS_C7B0CF5E.out, proofs/SIG_TLS_C7B0CF5E.out and proofs/PK_TLS_C7B0CF5E.der
Signature verification succeeds
[TLS] Server time: 1619701502
[TLS] client_random  (32): 06067626BA6C43F7168ED23EC0F47FFECD28C89900040237268E5215726E5FE2
[TLS] sign_hash (32): C5F45277E723FA926954543EE6BE1D0002720008DF888ADE33E17164EC360387
[TLS] Written transcript to proofs/MSG_TLS_06067626.out, proofs/SIG_TLS_06067626.out and proofs/PK_TLS_06067626.der
Signature verification succeeds
[TLS] Server time: 1619701502
[TLS] client_random  (32): D0C09709D8122CBA33974F7B8B8FC31C9DFD85CA7DB1CB1791296DB26A351FF4
[TLS] sign_hash (32): 00EBAED0FF2893A4386994037C20D006CFFA0B568AAFFEBB9068A14362003AE7
[TLS] Written transcript to proofs/MSG_TLS_D0C09709.out, proofs/SIG_TLS_D0C09709.out and proofs/PK_TLS_D0C09709.der
Signature verification succeeds
[TLS] Server time: 1619701502
[TLS] client_random  (32): DE2C89FF476CC85B30ADC5A8779D5AB56C291E83EFE7462A170857548857F36A
[TLS] sign_hash (32): 478D6F0BCC832526DD779FD32EDEBFFCE35F0AB25B3E22BFDC3725F2BC2347F8
[TLS] Written transcript to proofs/MSG_TLS_DE2C89FF.out, proofs/SIG_TLS_DE2C89FF.out and proofs/PK_TLS_DE2C89FF.der
Signature verification succeeds
[TLS] Server time: 1619701502
[TLS] client_random  (32): 155E470E6042D73381D6CD554D3B607E3A2947A40E8BF8BA46151922FA5C32DC
[TLS] sign_hash (32): F77EA334D375742664065BEB562B74402185733C8706A614B9195ED5CF839362
[TLS] Written transcript to proofs/MSG_TLS_155E470E.out, proofs/SIG_TLS_155E470E.out and proofs/PK_TLS_155E470E.der
Signature verification succeeds
[TLS] Server time: 1619701502
[TLS] client_random  (32): 5F233FAE3B5699DAC134BB32751DF126E9FA306947F53174EE9189B6BA4BF111
[TLS] sign_hash (32): 252C5E200303E543F05130FB7CFEC614C0AC7A585B679CF199558DDF7B4DAF7A
[TLS] Written transcript to proofs/MSG_TLS_5F233FAE.out, proofs/SIG_TLS_5F233FAE.out and proofs/PK_TLS_5F233FAE.der
Signature verification succeeds
[TLS] Server time: 1619701503
[TLS] client_random  (32): 0FEFE3E798ABDB2B21E58862750CC489CF84BD0B8B3D1DF0802775F143193560
[TLS] sign_hash (32): 18C094BFD51781693702A093C56EAC485CDFC16ED1792E340BFBAEA3BEFE0A4B
[TLS] Written transcript to proofs/MSG_TLS_0FEFE3E7.out, proofs/SIG_TLS_0FEFE3E7.out and proofs/PK_TLS_0FEFE3E7.der
Signature verification succeeds
[TLS] Server time: 1619701503
[TLS] client_random  (32): 9B2B964D7D254F195054B51DB45E642BF2F5A7AEFF56AD2D6F4D0A701EFE73EA
[TLS] sign_hash (32): EF3816640FF69251CB440645F655A5776DDDB7B2F3CBED845D3CF7D4EC1711D6
[TLS] Written transcript to proofs/MSG_TLS_9B2B964D.out, proofs/SIG_TLS_9B2B964D.out and proofs/PK_TLS_9B2B964D.der
Signature verification succeeds
[TLS] Server time: 1619701503
[TLS] client_random  (32): D82841927EEB69A574222A9D50472FFBA9523D73B22605EF8F00A07DCF66BCC9
[TLS] sign_hash (32): FC2E53C9BB6D215B55394C4D3615ADAF73645EC462B4E78A2A80B7389C9BAC97
[TLS] Written transcript to proofs/MSG_TLS_D8284192.out, proofs/SIG_TLS_D8284192.out and proofs/PK_TLS_D8284192.der
Signature verification succeeds
[TLS] Server time: 1619701503
[TLS] client_random  (32): E2EE782533F1ECA8259DBB3C4DAD43E4934E8A7CC8E9894ACE8120D6238A5C85
[TLS] sign_hash (32): B7255FD64375F2D233B8D62F9EDB16F89FB6716B845A6D13F096AD494A223FFF
[TLS] Written transcript to proofs/MSG_TLS_E2EE7825.out, proofs/SIG_TLS_E2EE7825.out and proofs/PK_TLS_E2EE7825.der
Signature verification succeeds
[TLS] Server time: 1619701503
[TLS] client_random  (32): 930D8296CD08259B6632C620DA1A272277EB89AC2D2AFDDCD75FA16A4DE50C05
[TLS] sign_hash (32): 1AA4020516BDE01EB804E27566860344483B42A58794CB660463ABB47FBF6B7B
[TLS] Written transcript to proofs/MSG_TLS_930D8296.out, proofs/SIG_TLS_930D8296.out and proofs/PK_TLS_930D8296.der
Signature verification succeeds
[TLS] Server time: 1619701503
[TLS] client_random  (32): 977AD8011CF85084115E74D950161C4E29CD542439574A244A10741015709807
[TLS] sign_hash (32): 8DB9CB6FF96551C6C3EA85FC46E565D8C99B7551A67D34CB51F84F2AEC8365BA
[TLS] Written transcript to proofs/MSG_TLS_977AD801.out, proofs/SIG_TLS_977AD801.out and proofs/PK_TLS_977AD801.der
Signature verification succeeds
[TLS] Server time: 1619701503
[TLS] client_random  (32): 31EA77F00E809337E5143EBBF8326AE39B90AE4714896CD55587CDDE19FD0E82
[TLS] sign_hash (32): 17282023D779398B6E94B2D24DB52C3BAD5307FCEA749DE99694AE8B30F6C148
[TLS] Written transcript to proofs/MSG_TLS_31EA77F0.out, proofs/SIG_TLS_31EA77F0.out and proofs/PK_TLS_31EA77F0.der
Signature verification succeeds
[TLS] Server time: 1619701503
[TLS] client_random  (32): 2F0D137295D40C37DD51CF2993708B79475E7338478C32AEF978E88B6E629A91
[TLS] sign_hash (32): A64DEA5422694668D6F8E36FCA7D508EAB491BF8B3D686618B56C8926A2430C9
[TLS] Written transcript to proofs/MSG_TLS_2F0D1372.out, proofs/SIG_TLS_2F0D1372.out and proofs/PK_TLS_2F0D1372.der
Signature verification succeeds
[TLS] Server time: 1619701503
[TLS] client_random  (32): 6785CC5801ABCE548F50DE3ED330F0FDC523A986015E5EF515FF2456183A90F0
[TLS] sign_hash (32): EDBDFBC516392D12F5115CB0F93677F450DA0E48A5F0D4A636D39F41159D27B7
[TLS] Written transcript to proofs/MSG_TLS_6785CC58.out, proofs/SIG_TLS_6785CC58.out and proofs/PK_TLS_6785CC58.der
Signature verification succeeds
[TLS] Server time: 1619701503
[TLS] client_random  (32): 5F14DD93ED54E622A5CDEA90F7FD23454FFBD97C59034A6333A756A34ECF5D2A
[TLS] sign_hash (32): 7EAD1CEB4E8326E31A5BF6B1F7E8F868E1950DB2C58D58B980D065C66846EB29
[TLS] Written transcript to proofs/MSG_TLS_5F14DD93.out, proofs/SIG_TLS_5F14DD93.out and proofs/PK_TLS_5F14DD93.der
Signature verification succeeds
[TLS] Server time: 1619701503
[TLS] client_random  (32): 83C7884670F160A696F6EA6A2A76DAAD80CDC8CC6CDCD217611C6FEE206D671D
[TLS] sign_hash (32): 3C5B8220686034EA61F7F434F6282BE2F4C7C31B813D8B6470BE08B50AD9473B
[TLS] Written transcript to proofs/MSG_TLS_83C78846.out, proofs/SIG_TLS_83C78846.out and proofs/PK_TLS_83C78846.der
Signature verification succeeds
[TLS] Server time: 1619701503
[TLS] client_random  (32): 0269874A9B82A42CACB874070E67E21770BF0375AD9492E3FBBEC0E7DAF62DCF
[TLS] sign_hash (32): 76F0DACEA49D737C5F763780A0FAA00C5E54B8A40DF06485DDFA3D87E4198A25
[TLS] Written transcript to proofs/MSG_TLS_0269874A.out, proofs/SIG_TLS_0269874A.out and proofs/PK_TLS_0269874A.der
Signature verification succeeds
[TLS] Server time: 1619701503
[TLS] client_random  (32): C4026A8D53044BAB3DCCB48549FB2A1B6D7CB92EC9F7982C925D940847D8928A
[TLS] sign_hash (32): B8A12367FD3BB163F18C28AE473084FD7A4EF579335A6546AC9A25F8C545A722
[TLS] Written transcript to proofs/MSG_TLS_C4026A8D.out, proofs/SIG_TLS_C4026A8D.out and proofs/PK_TLS_C4026A8D.der
Signature verification succeeds
[TLS] Server time: 1619701503
[TLS] client_random  (32): 0715F84F055B668A7B10DEB752DED636470B70AC9E0644F72792A568084E6D78
[TLS] sign_hash (32): EC833B934473BA6595BFD38A4E418C82CF1C056842AAD81F4590B73A1907CB0E
[TLS] Written transcript to proofs/MSG_TLS_0715F84F.out, proofs/SIG_TLS_0715F84F.out and proofs/PK_TLS_0715F84F.der
Signature verification succeeds
[TLS] Server time: 1619701503
[TLS] client_random  (32): 6863CAC0C2670B627921ABE0119CC3D0D5215555C5C0A12376256D2C2B4CE166
[TLS] sign_hash (32): 798D49138C8EED40104F07FAD7BDA615488F4F5CDB9A9DE67ED5CF243803BE8E
[TLS] Written transcript to proofs/MSG_TLS_6863CAC0.out, proofs/SIG_TLS_6863CAC0.out and proofs/PK_TLS_6863CAC0.der
Signature verification succeeds
[TLS] Server time: 1619701503
[TLS] client_random  (32): 178B1D487554D0BCB6E109055A9273E271AE536885B71FA08FCF18F4BA39DF38
[TLS] sign_hash (32): 1CB4CBE3B22BF9E5A3F421A22AAF2257F2E6D6AED4D290F7D1BB755962441E6A
[TLS] Written transcript to proofs/MSG_TLS_178B1D48.out, proofs/SIG_TLS_178B1D48.out and proofs/PK_TLS_178B1D48.der
Signature verification succeeds
[TLS] Server time: 1619701503
[TLS] client_random  (32): 066A596419A65F0150F7F9EAF6D98C9AFAE3DE8201A76EBBD5819539C73FE4CE
[TLS] sign_hash (32): 85DCFD4E2B3D6108ECC4C0348AC6DA11640699A85339C211995DDE9F9E037E6A
[TLS] Written transcript to proofs/MSG_TLS_066A5964.out, proofs/SIG_TLS_066A5964.out and proofs/PK_TLS_066A5964.der
Signature verification succeeds
[TLS] Server time: 1619701503
[TLS] client_random  (32): E7BAD66731107F535DC61A01D416DA4342D6DD132A7402B1E8EA585EAE281C9A
[TLS] sign_hash (32): 0319BD70A4EC702B06721456733B195F5AE6928CB03447F8D0BB13413961C82A
[TLS] Written transcript to proofs/MSG_TLS_E7BAD667.out, proofs/SIG_TLS_E7BAD667.out and proofs/PK_TLS_E7BAD667.der
Signature verification succeeds
[TLS] Server time: 1619701503
[TLS] client_random  (32): EA541718B12DD5A825F2740265D7EE1FFE18360F5AE8AA801BD1EE7361FEC7BC
[TLS] sign_hash (32): 9DF2395AF0F2F5D6F6DB91277E304A93AC500FB028E720DAD1E990B526253C76
[TLS] Written transcript to proofs/MSG_TLS_EA541718.out, proofs/SIG_TLS_EA541718.out and proofs/PK_TLS_EA541718.der
Signature verification succeeds
[TLS] Server time: 1619701503
[TLS] client_random  (32): A61766F1A0C7131E4BC938823A6CF6EBDA4B185F2AF86D88C190291004F0D572
[TLS] sign_hash (32): 962E720927E7DE2BFA62525BB3E362618C54919D230E1A63AC08136C8ECC7DFD
[TLS] Written transcript to proofs/MSG_TLS_A61766F1.out, proofs/SIG_TLS_A61766F1.out and proofs/PK_TLS_A61766F1.der
Signature verification succeeds
[TLS] Server time: 1619701503
[TLS] client_random  (32): A975E951A2013A2EEEFD04A3DF74260D882924BBFDF1B4096E802C50FCC8B945
[TLS] sign_hash (32): 406B069F38F9A8C07D6B32A5431850C284A9FC50B02BE5EB1D75FD48DDB8195E
[TLS] Written transcript to proofs/MSG_TLS_A975E951.out, proofs/SIG_TLS_A975E951.out and proofs/PK_TLS_A975E951.der
Signature verification succeeds
[TLS] Server time: 1619701503
[TLS] client_random  (32): D8D011111179584437C332AE3E9AF35965C98E0B713D493D1A7EEBAD2E43D32D
[TLS] sign_hash (32): F521B5727B2845DAB122294090C4714FB4BABD26BD344DB4E95FA5E3D3BA2CE8
[TLS] Written transcript to proofs/MSG_TLS_D8D01111.out, proofs/SIG_TLS_D8D01111.out and proofs/PK_TLS_D8D01111.der
Signature verification succeeds
[TLS] Server time: 1619701503
[TLS] client_random  (32): AAD155C250027C9385AFC1D12DEE017BB104A7AA8CC36014678C9D74DDE215FC
[TLS] sign_hash (32): AF9B92A7A3443EF6B53FEFD06748D6702D13B4538E888E04D8C60342DD6719F7
[TLS] Written transcript to proofs/MSG_TLS_AAD155C2.out, proofs/SIG_TLS_AAD155C2.out and proofs/PK_TLS_AAD155C2.der
Signature verification succeeds
[TLS] Server time: 1619701503
[TLS] client_random  (32): 5A4F27B1A195C303265EA4CE24B6D0ACBC9ACADC749A4A6BADD84E66CFD93632
[TLS] sign_hash (32): D31CDC8BEB894D106720FF6C3EFB2DB4801B0FF8BDF866C0C57DE9305922EEA5
[TLS] Written transcript to proofs/MSG_TLS_5A4F27B1.out, proofs/SIG_TLS_5A4F27B1.out and proofs/PK_TLS_5A4F27B1.der
Signature verification succeeds
[TLS] Server time: 1619701503
[TLS] client_random  (32): F9B83DDD23895D0764CEF23C56A11CEE27A6EDF1E6FB4C7E77694CE7A15DFDAB
[TLS] sign_hash (32): EE10E4C7B1681C9E2FDD47DB87E67AD6014F33179DD483C50AF2AB8612AF1A40
[TLS] Written transcript to proofs/MSG_TLS_F9B83DDD.out, proofs/SIG_TLS_F9B83DDD.out and proofs/PK_TLS_F9B83DDD.der
Signature verification succeeds
[TLS] Server time: 1619701503
[TLS] client_random  (32): 53F7B90CB6122ED760173714B193AD6FF6F5F3836C0FDB7FC756BF9EB9B61EE9
[TLS] sign_hash (32): 98A7168A87B9E528F0A2A24B422437D4B3E655255B5637CA848A6D612BE1D492
[TLS] Written transcript to proofs/MSG_TLS_53F7B90C.out, proofs/SIG_TLS_53F7B90C.out and proofs/PK_TLS_53F7B90C.der
Signature verification succeeds
[TLS] Server time: 1619701504
[TLS] client_random  (32): 6BA4DD11C0E53FC4F1EC87AB4AEE95CC24A564992381F702662CBEBA3F8CE572
[TLS] sign_hash (32): F3D8FC9F90E944314DDDAE0EC4E8086AA0AAF7CC368F82C5DBCBE7C4199BDC18
[TLS] Written transcript to proofs/MSG_TLS_6BA4DD11.out, proofs/SIG_TLS_6BA4DD11.out and proofs/PK_TLS_6BA4DD11.der
Signature verification succeeds
[TLS] Server time: 1619701504
[TLS] client_random  (32): 05AC7F1F3D7DCB49C2A060F3DFA5A25D1B9D4074A2B14082527083A9CE8CBF03
[TLS] sign_hash (32): 85B371451C6FCFEF2EC666EF54FA99C2211882ED624733D28B3C31B492DBDD0C
[TLS] Written transcript to proofs/MSG_TLS_05AC7F1F.out, proofs/SIG_TLS_05AC7F1F.out and proofs/PK_TLS_05AC7F1F.der
Signature verification succeeds
[TLS] Server time: 1619701504
[TLS] client_random  (32): 6ED4DF022C72A555ABBCF29DF8D4FC046B753BD7F63DF91853511BCDB7A52842
[TLS] sign_hash (32): D0A18641D69615E27E3CEF0B4C437B1B439DA71C120F7868FB65BE0C63F1FC5E
[TLS] Written transcript to proofs/MSG_TLS_6ED4DF02.out, proofs/SIG_TLS_6ED4DF02.out and proofs/PK_TLS_6ED4DF02.der
Signature verification succeeds
[TLS] Server time: 1619701504
[TLS] client_random  (32): E98AA5C7BA7FB88B1409DB0B67F6CD444D45FDD68CE250A833EC1D43BE8F47DD
[TLS] sign_hash (32): 73F66D645FDCBDA890FF5BCD267E48217F2B34F5D2D95010250184C3D4C958E6
[TLS] Written transcript to proofs/MSG_TLS_E98AA5C7.out, proofs/SIG_TLS_E98AA5C7.out and proofs/PK_TLS_E98AA5C7.der
Signature verification succeeds
[TLS] Server time: 1619701504
[TLS] client_random  (32): 644D07C1B092AE07B6EB6B748B5DFAD93545E58E69045C70DCF272ED2DB4BDC4
[TLS] sign_hash (32): 22122EACABFA18B59536EFA81D3E5B2DF9980C1C0B951478155B9837DDBFBFED
[TLS] Written transcript to proofs/MSG_TLS_644D07C1.out, proofs/SIG_TLS_644D07C1.out and proofs/PK_TLS_644D07C1.der
Signature verification succeeds
[TLS] Server time: 1619701504
[TLS] client_random  (32): 84F8A618E3983DF0487A4680203FF1F2FECBD400E9719A54195794B0E26662B9
[TLS] sign_hash (32): 3F727D7864FA0E4A4DF15279072A08491FEBADCBD44E4C49AB811D9E8A620C17
[TLS] Written transcript to proofs/MSG_TLS_84F8A618.out, proofs/SIG_TLS_84F8A618.out and proofs/PK_TLS_84F8A618.der
Signature verification succeeds
[TLS] Server time: 1619701504
[TLS] client_random  (32): 0A95ECC37C9F647BA99DF4EF272E9F06D970748A273959E934832C3D86E708C7
[TLS] sign_hash (32): EBE63CA82401FAD8AB979FEF19A3DECD2A9CED87E7ECEA0164D67A6D94E34A2D
[TLS] Written transcript to proofs/MSG_TLS_0A95ECC3.out, proofs/SIG_TLS_0A95ECC3.out and proofs/PK_TLS_0A95ECC3.der
Signature verification succeeds
[TLS] Server time: 1619701504
[TLS] client_random  (32): 4B3A632561A54EE22493C828120B033CB94D6573DDAD4903E30C7A0684E80775
[TLS] sign_hash (32): 8676D6172CFFD37A9088BDD9AD26C750C71212A3B5FE473D6078D84A5616341A
[TLS] Written transcript to proofs/MSG_TLS_4B3A6325.out, proofs/SIG_TLS_4B3A6325.out and proofs/PK_TLS_4B3A6325.der
Signature verification succeeds
[TLS] Server time: 1619701504
[TLS] client_random  (32): C6011C62654A95879EAB434E2433486D6132B92797B7835C326899D0404DCD48
[TLS] sign_hash (32): 8E6093011D4E397398EA4EC999FF27B70E78ECD874160753F438C3452B4A18BC
[TLS] Written transcript to proofs/MSG_TLS_C6011C62.out, proofs/SIG_TLS_C6011C62.out and proofs/PK_TLS_C6011C62.der
Signature verification succeeds
[TLS] Server time: 1619701504
[TLS] client_random  (32): 65D686A423B7A44267B67A93759E21B95B651CC721AFFE7F64EE46772D8B681E
[TLS] sign_hash (32): B5C6B2F08667772036628F781C9F8027EECCB05E42BDC379F1FEC2F8DF8B5266
[TLS] Written transcript to proofs/MSG_TLS_65D686A4.out, proofs/SIG_TLS_65D686A4.out and proofs/PK_TLS_65D686A4.der
Signature verification succeeds
[TLS] Server time: 1619701504
[TLS] client_random  (32): 3E98E5A4AA2FF7FEA5FF97B1A11850C0E3220D95FE99BBD04164316AE83D1F5D
[TLS] sign_hash (32): 9B7499AAC38D8BFA707EA33A91FA40450246B64581E75EAFBFF1675D9DD3BDF4
[TLS] Written transcript to proofs/MSG_TLS_3E98E5A4.out, proofs/SIG_TLS_3E98E5A4.out and proofs/PK_TLS_3E98E5A4.der
Signature verification succeeds
[TLS] Server time: 1619701504
[TLS] client_random  (32): 6E0C0301450AAB22CBF8B5E88A177E758E926F497BEE2FDC1228DB411A154DBE
[TLS] sign_hash (32): 35973A31625983DCC5A450ED4489850A5310DBFB3C5D7D259C62ACA2505262C5
[TLS] Written transcript to proofs/MSG_TLS_6E0C0301.out, proofs/SIG_TLS_6E0C0301.out and proofs/PK_TLS_6E0C0301.der
Signature verification succeeds
[TLS] Server time: 1619701504
[TLS] client_random  (32): A0F16F74A601E3174ED381BBEB27D5920CB79A8447A29D3677CBD268B8A64980
[TLS] sign_hash (32): DDD56F1FE8338C4AF66C36CD2624F9FFC3649680ED8B0282B16D1D4B99D26733
[TLS] Written transcript to proofs/MSG_TLS_A0F16F74.out, proofs/SIG_TLS_A0F16F74.out and proofs/PK_TLS_A0F16F74.der
Signature verification succeeds
[TLS] Server time: 1619701504
[TLS] client_random  (32): 1747045ED95E1C00F511D5293E9214EC8A2B1C04814001AFDAF104C63311421B
[TLS] sign_hash (32): B4E7D104FA43A891AD2F6FDD5FDA76BF3F08C881043B674DA2AC147DFF3F79A2
[TLS] Written transcript to proofs/MSG_TLS_1747045E.out, proofs/SIG_TLS_1747045E.out and proofs/PK_TLS_1747045E.der
Signature verification succeeds
[TLS] Server time: 1619701504
[TLS] client_random  (32): 0762D153885BAE48C3766546ACA089E08892474F2CB7749EE850D1A672B039D0
[TLS] sign_hash (32): 3161A18E87E3C1F1A3C0E50956ECC353C501A4AB60F0E99CFC799F7EA24029E3
[TLS] Written transcript to proofs/MSG_TLS_0762D153.out, proofs/SIG_TLS_0762D153.out and proofs/PK_TLS_0762D153.der
Signature verification succeeds
[TLS] Server time: 1619701504
[TLS] client_random  (32): 2A9944E6C8E5515A29B10BA76A5D1926007FF18989295EC6DE6811E976DE48E7
[TLS] sign_hash (32): 3122E9615811E7AB5853EA5752B14601DC49D9F001CD6F80482511E9E8821FF5
[TLS] Written transcript to proofs/MSG_TLS_2A9944E6.out, proofs/SIG_TLS_2A9944E6.out and proofs/PK_TLS_2A9944E6.der
Signature verification succeeds
[TLS] Server time: 1619701504
[TLS] client_random  (32): F33DCBA2DCDE41524354E3E7069BB18F96E9CBF8830D3EA1CEC675643A053A83
[TLS] sign_hash (32): 2E64A02D01387AE8ED8F1E6FFC2E254FDB0D70E2ADEFBD69B13ECBC2B872DC5B
[TLS] Written transcript to proofs/MSG_TLS_F33DCBA2.out, proofs/SIG_TLS_F33DCBA2.out and proofs/PK_TLS_F33DCBA2.der
Signature verification succeeds
[TLS] Server time: 1619701504
[TLS] client_random  (32): C767FF0749A5892A8E6DC7C3566B0FFDC99CC0A2A8689C940D06968A5CA040DB
[TLS] sign_hash (32): 69C96F1B78919ADEB65A5FFF6D93D5B62507DECBCC2F2205A7E8D8FF6CF38630
[TLS] Written transcript to proofs/MSG_TLS_C767FF07.out, proofs/SIG_TLS_C767FF07.out and proofs/PK_TLS_C767FF07.der
Signature verification succeeds
[TLS] Server time: 1619701504
[TLS] client_random  (32): DA6BF9C0A77DB834C1283938095C5A30D4681DFB390E28CBDCA13C8E75753B95
[TLS] sign_hash (32): 0C4C96543A267934C060072F100BB980C40155D0D95A0E365E53D98B954A8448
[TLS] Written transcript to proofs/MSG_TLS_DA6BF9C0.out, proofs/SIG_TLS_DA6BF9C0.out and proofs/PK_TLS_DA6BF9C0.der
Signature verification succeeds
[TLS] Server time: 1619701504
[TLS] client_random  (32): 8DC0F8C393A35AA7ABC260E603C84F09C8C68621B149DE08773C5F6676704E55
[TLS] sign_hash (32): CEEC316DB8DE6D519BE881D2BA058E604835299919FD839A80647C64E3D36AE5
[TLS] Written transcript to proofs/MSG_TLS_8DC0F8C3.out, proofs/SIG_TLS_8DC0F8C3.out and proofs/PK_TLS_8DC0F8C3.der
Signature verification succeeds
[TLS] Server time: 1619701504
[TLS] client_random  (32): AA7D5E0E53A17A17E6BE4F59C055D5A61ABFB97EDFE6D030231F64A046D4DB2E
[TLS] sign_hash (32): 0D569DD7655C01CB54AB0793AF6661ACF92F381290C1463EF59D9674B247D7AD
[TLS] Written transcript to proofs/MSG_TLS_AA7D5E0E.out, proofs/SIG_TLS_AA7D5E0E.out and proofs/PK_TLS_AA7D5E0E.der
Signature verification succeeds
[TLS] Server time: 1619701504
[TLS] client_random  (32): BBC94954BE55CFB0F7FADDD64042F6C914C17E5F7C1FD060C5C42EE94B092190
[TLS] sign_hash (32): F6FC1A951EE8515771992C8FC21B3A4395D98CCCE10B39089FFB2DBF89C0A260
[TLS] Written transcript to proofs/MSG_TLS_BBC94954.out, proofs/SIG_TLS_BBC94954.out and proofs/PK_TLS_BBC94954.der
Signature verification succeeds
[TLS] Server time: 1619701504
[TLS] client_random  (32): E58CA47665CBAD1E79B11C36CB8A81DF9DF2445AC8141565C2777C6C9A14FDBB
[TLS] sign_hash (32): 2ED33708584FD05BA13B78E192E4DE72F35186642161DC8AABBC1B8C599A7ADA
[TLS] Written transcript to proofs/MSG_TLS_E58CA476.out, proofs/SIG_TLS_E58CA476.out and proofs/PK_TLS_E58CA476.der
Signature verification succeeds
[TLS] Server time: 1619701504
[TLS] client_random  (32): 4DB48C084B00F06CA2BE21149BE3DC88171A9075FB1FAF741B1F1B4259E64A05
[TLS] sign_hash (32): 1F48A346A3161A79F997F82C0E0FFF2999CD78F5C8C4F6EF9ACF5726B667EF68
[TLS] Written transcript to proofs/MSG_TLS_4DB48C08.out, proofs/SIG_TLS_4DB48C08.out and proofs/PK_TLS_4DB48C08.der
Signature verification succeeds
[TLS] Server time: 1619701504
[TLS] client_random  (32): B2438C8E4A603C922AF77C7837275C2604E3CD9B8C612EC0D3AAA6E97F66CADD
[TLS] sign_hash (32): EC6DD633C72C06B2FE7EFE4EC8172442F1011AAD78536DC36BA56B05012F1CEC
[TLS] Written transcript to proofs/MSG_TLS_B2438C8E.out, proofs/SIG_TLS_B2438C8E.out and proofs/PK_TLS_B2438C8E.der
Signature verification succeeds
[TLS] Server time: 1619701504
[TLS] client_random  (32): F7FADC75B19032AB843678E7E0F0228F7433F878F17E163A9498EB884005622D
[TLS] sign_hash (32): E5D260BEBF732C38E295ECA9AB6F93D6B898CC4B8221D9A9AD01AF996425A470
[TLS] Written transcript to proofs/MSG_TLS_F7FADC75.out, proofs/SIG_TLS_F7FADC75.out and proofs/PK_TLS_F7FADC75.der
Signature verification succeeds
Time breakdown (averages): anchor_ping:19.234744 file_read:0.140272 hashing:0.470108
Total time for 119 rounds is 2380.812565ms
Standard deviations: anchor_ping:71.860212 file_read:0.013168 hashing:0.004408
[Client-side ops] mean:0.610380 sd:0.013912
in & out anchor rand written to proofs/phase1.out
      7 [TLS] Server time: 1619701501
     61 [TLS] Server time: 1619701502
     26 [TLS] Server time: 1619701503
     26 [TLS] Server time: 1619701504
Count is 7
Count is 61
Count is 26
Count is 26
success: 1
RESULT: 1 in 1 tries
