TLS anchor: sruc.ac.uk
Actual: 58, Set: 119
Beginning execution at Thu Apr 29 06:05:01 UTC 2021
CONF: anchor:sruc.ac.uk fs:1024MB n_rounds:119 seed:5c9f4bf9bbc15bb855f82faedc5a52fc3ab2dfa8ec3ba3ce1b270f31fa0cced2 filename:FILE bs:1024 nops:100 benchmarking:0 anchor_ping:1 queue_depth:32 direct:0
[TLS] Connecting to sruc.ac.uk
[TLS] Server time: 1619676301
[TLS] client_random  (32): 5C9F4BF9BBC15BB855F82FAEDC5A52FC3AB2DFA8EC3BA3CE1B270F31FA0CCED2
[TLS] sign_hash (32): AAD88E5924380CF610DBB685F67A307165F45C460934385046DD56DFB2EA806A
[TLS] Written transcript to proofs/MSG_TLS_5C9F4BF9.out, proofs/SIG_TLS_5C9F4BF9.out and proofs/PK_TLS_5C9F4BF9.der
Signature verification succeeds
[TLS] Server time: 1619676301
[TLS] client_random  (32): 95131CF5187E22A3AC65AE206342B2AD937C3297CF184B0D483A5AB2B12937D3
[TLS] sign_hash (32): 312843B6E960AC6D14AD0277B81B13B53C503B67033F4BAFDECF9EBF0138DE6C
[TLS] Written transcript to proofs/MSG_TLS_95131CF5.out, proofs/SIG_TLS_95131CF5.out and proofs/PK_TLS_95131CF5.der
Signature verification succeeds
[TLS] Server time: 1619676301
[TLS] client_random  (32): EE2BA66EDEAB59F138538906B80A385C8617B3F8E2CEBA18C91DB40BD642EA26
[TLS] sign_hash (32): CCE9DB5202E46B1AF9FE6D76F6BCB4295E023E4BBFB39FC8199DFB0F4857F01C
[TLS] Written transcript to proofs/MSG_TLS_EE2BA66E.out, proofs/SIG_TLS_EE2BA66E.out and proofs/PK_TLS_EE2BA66E.der
Signature verification succeeds
[TLS] Server time: 1619676301
[TLS] client_random  (32): 7A1AAE8B7A519290D31F01BA4CA6DD17C48B958C28E29F0C36534B3FDAAE9761
[TLS] sign_hash (32): EC10ACACDA49FA39E8DFF9C5E33C98519A38B5E1792747ECC24276008BC736D4
[TLS] Written transcript to proofs/MSG_TLS_7A1AAE8B.out, proofs/SIG_TLS_7A1AAE8B.out and proofs/PK_TLS_7A1AAE8B.der
Signature verification succeeds
[TLS] Server time: 1619676301
[TLS] client_random  (32): E3E00AB21756475092ADAA31CACAD52A2B6EE826E27C6414E8B5EE59B392D25D
[TLS] sign_hash (32): 731573E544B7ED21D7CD1AED02FC461168D714A73326B3F0573425593206AD04
[TLS] Written transcript to proofs/MSG_TLS_E3E00AB2.out, proofs/SIG_TLS_E3E00AB2.out and proofs/PK_TLS_E3E00AB2.der
Signature verification succeeds
[TLS] Server time: 1619676301
[TLS] client_random  (32): 96AD1BEA353B5807DB4640244AC87E3F686052348DDB7FC522EAB1256D29D0BA
[TLS] sign_hash (32): FB85DD2C8D0BBC834EFBD8C47C658F31888047E80C4DB975726492F51F410167
[TLS] Written transcript to proofs/MSG_TLS_96AD1BEA.out, proofs/SIG_TLS_96AD1BEA.out and proofs/PK_TLS_96AD1BEA.der
Signature verification succeeds
[TLS] Server time: 1619676301
[TLS] client_random  (32): 2A51C383B53D5584499D8DF2E8AD05261E8803A68FEFEE8081CB473561575C54
[TLS] sign_hash (32): CB0A389EFAAB8FD367C9A2F69C46FE9C39EEFA0EF2F15BDB73D521259BEBC761
[TLS] Written transcript to proofs/MSG_TLS_2A51C383.out, proofs/SIG_TLS_2A51C383.out and proofs/PK_TLS_2A51C383.der
Signature verification succeeds
[TLS] Server time: 1619676301
[TLS] client_random  (32): 2EF7AB5970F2513255837DDEC8EE0D2D7B269850B7BFB31560DDAE2979F715BD
[TLS] sign_hash (32): 64FEC326D82B5D90AAD8D5D5705FB245F621E9F11DEDB50497FAEB46A8FFB459
[TLS] Written transcript to proofs/MSG_TLS_2EF7AB59.out, proofs/SIG_TLS_2EF7AB59.out and proofs/PK_TLS_2EF7AB59.der
Signature verification succeeds
[TLS] Server time: 1619676301
[TLS] client_random  (32): C32CC98E0558BA66663FAAA5640DF75A321919A6562088925A48FC4C20F9358E
[TLS] sign_hash (32): 4DE4F7EA4F5DC6627E71193CBC0B38851E6B716A90638E685C19DA656A37F270
[TLS] Written transcript to proofs/MSG_TLS_C32CC98E.out, proofs/SIG_TLS_C32CC98E.out and proofs/PK_TLS_C32CC98E.der
Signature verification succeeds
[TLS] Server time: 1619676301
[TLS] client_random  (32): 2D2453B649A249213204B085C47DEC5B65DDDDDA7AC56CB81AF47E68B07614C6
[TLS] sign_hash (32): 10EF506014087B447BBDDC15C60E41D0D83CDB49B34E6F251749C1CD574C88EE
[TLS] Written transcript to proofs/MSG_TLS_2D2453B6.out, proofs/SIG_TLS_2D2453B6.out and proofs/PK_TLS_2D2453B6.der
Signature verification succeeds
[TLS] Server time: 1619676301
[TLS] client_random  (32): 4B3089FC05604B7C9A6309C00CD5B0A5D71990624207CD07BC88310CCE02A847
[TLS] sign_hash (32): BA7F88EE73DE8CB591E34EE43B76B0FB0D6F68C951FA190B24C966EE5E378257
[TLS] Written transcript to proofs/MSG_TLS_4B3089FC.out, proofs/SIG_TLS_4B3089FC.out and proofs/PK_TLS_4B3089FC.der
Signature verification succeeds
[TLS] Server time: 1619676301
[TLS] client_random  (32): B20011C6E01118028DE668F22CD3F6A241DDBE9F74F38F2A30E7D4EC2F5444A7
[TLS] sign_hash (32): 09E5F2B08867BD07CFF8045D43D00ADDC63444604E07C655E27E9441F40A14FF
[TLS] Written transcript to proofs/MSG_TLS_B20011C6.out, proofs/SIG_TLS_B20011C6.out and proofs/PK_TLS_B20011C6.der
Signature verification succeeds
[TLS] Server time: 1619676301
[TLS] client_random  (32): 66FD026B645219C615FC2C2965690F7CC64CB5D471597EEC98FB46F3D1AF873C
[TLS] sign_hash (32): 326DEA048714281EBAF9DC69A8575D1939111032F93184D4E8659CAF9C12B87E
[TLS] Written transcript to proofs/MSG_TLS_66FD026B.out, proofs/SIG_TLS_66FD026B.out and proofs/PK_TLS_66FD026B.der
Signature verification succeeds
[TLS] Server time: 1619676301
[TLS] client_random  (32): 60EDA62BF705DF5C4E2E2CCB2FEDFE0DBD98B3AFA30B07948E409CB0DABE070A
[TLS] sign_hash (32): E6FBEA048DD37284BC83083A141628EEDF1824BA4D9BCDD61D23C79A8E9D1409
[TLS] Written transcript to proofs/MSG_TLS_60EDA62B.out, proofs/SIG_TLS_60EDA62B.out and proofs/PK_TLS_60EDA62B.der
Signature verification succeeds
[TLS] Server time: 1619676301
[TLS] client_random  (32): 540BB510E06FB6640265705181242EC6A563ACCCF1C36FD429ADD851C68881C8
[TLS] sign_hash (32): EF0118D6A3B7B1B02E4C7D9721FA9C6F55C4DEA40A12267C5F0C85E2F0709989
[TLS] Written transcript to proofs/MSG_TLS_540BB510.out, proofs/SIG_TLS_540BB510.out and proofs/PK_TLS_540BB510.der
Signature verification succeeds
[TLS] Server time: 1619676301
[TLS] client_random  (32): EF6F2B188172AFF6043C3A1419D0E9B6A7F1F08F80742AB55B4EF466041CEDC7
[TLS] sign_hash (32): 79019C98340AA7B7C859D9BACBB5F78C6016C6D270D88B0908C6FD2901B1FCB5
[TLS] Written transcript to proofs/MSG_TLS_EF6F2B18.out, proofs/SIG_TLS_EF6F2B18.out and proofs/PK_TLS_EF6F2B18.der
Signature verification succeeds
[TLS] Server time: 1619676301
[TLS] client_random  (32): B66C2F13388651EB450FF272F2899CF5B3DDCA5FC1F586F98F3877C255139A37
[TLS] sign_hash (32): 029AFBEE89EAD5899F75E126A39C941D0D5440900A1DCCB78AC308F8A488B566
[TLS] Written transcript to proofs/MSG_TLS_B66C2F13.out, proofs/SIG_TLS_B66C2F13.out and proofs/PK_TLS_B66C2F13.der
Signature verification succeeds
[TLS] Server time: 1619676301
[TLS] client_random  (32): 7F4EE2E97E3E023053D66D3741CF5C252B2CF3EE0E06F7453CFD403101C059E7
[TLS] sign_hash (32): C020EFB29D2A327941EABE0D154A5555DB91DF3E409183A319900306E79B619B
[TLS] Written transcript to proofs/MSG_TLS_7F4EE2E9.out, proofs/SIG_TLS_7F4EE2E9.out and proofs/PK_TLS_7F4EE2E9.der
Signature verification succeeds
[TLS] Server time: 1619676301
[TLS] client_random  (32): 087DEC5F2C59785AF835932A37622ECB972C3C15DC56AD86AADA1157A6D725EC
[TLS] sign_hash (32): 975D319C719C4DE96B49C5EED0E5AD3C5EDFB34E6E8BFB76B76A411F665D9919
[TLS] Written transcript to proofs/MSG_TLS_087DEC5F.out, proofs/SIG_TLS_087DEC5F.out and proofs/PK_TLS_087DEC5F.der
Signature verification succeeds
[TLS] Server time: 1619676301
[TLS] client_random  (32): 07FFB1DD589C571DD0A51C1E6150F44FAEBEFBFBE9F40E801579406E76C18B51
[TLS] sign_hash (32): 3511E1E45C516ECD73A3FC4E23D141999F6E6E9BFA95E75E770872001BABC1E0
[TLS] Written transcript to proofs/MSG_TLS_07FFB1DD.out, proofs/SIG_TLS_07FFB1DD.out and proofs/PK_TLS_07FFB1DD.der
Signature verification succeeds
[TLS] Server time: 1619676301
[TLS] client_random  (32): F038697712943B29FEE3A026B504AE97A8AF8D3BFF623E38EB5B9B441706488F
[TLS] sign_hash (32): 327C29C31838A3B6FE6D441B48436F158816E8AF3FE2274ADA430A680CF6EB96
[TLS] Written transcript to proofs/MSG_TLS_F0386977.out, proofs/SIG_TLS_F0386977.out and proofs/PK_TLS_F0386977.der
Signature verification succeeds
[TLS] Server time: 1619676301
[TLS] client_random  (32): CD6BE871B4F3CA7AF96AA2210499060D26F90EBB96EA17867A93BD5ACDA45EDB
[TLS] sign_hash (32): A175BE8377DA39D7912E8AD9F696FF643A52E16A7F32D5BC5DE57186495895A9
[TLS] Written transcript to proofs/MSG_TLS_CD6BE871.out, proofs/SIG_TLS_CD6BE871.out and proofs/PK_TLS_CD6BE871.der
Signature verification succeeds
[TLS] Server time: 1619676301
[TLS] client_random  (32): 638E4D225670642E7537FC3F0C07B225563DC010DF8E0550DB082ACBF84DFE14
[TLS] sign_hash (32): CD847226D647E9A5635644C570013535265A72E9BF891AB2F93D81010241937D
[TLS] Written transcript to proofs/MSG_TLS_638E4D22.out, proofs/SIG_TLS_638E4D22.out and proofs/PK_TLS_638E4D22.der
Signature verification succeeds
[TLS] Server time: 1619676302
[TLS] client_random  (32): 08C09BBBB97BAECEDDEB6A6126E661FBE623CA432274A45DAE9ACC9A11C39402
[TLS] sign_hash (32): D0BCAC25FD35D939F2432282F9EE1F60B92FF38BE4CB332B57E20EB39D91360A
[TLS] Written transcript to proofs/MSG_TLS_08C09BBB.out, proofs/SIG_TLS_08C09BBB.out and proofs/PK_TLS_08C09BBB.der
Signature verification succeeds
[TLS] Server time: 1619676302
[TLS] client_random  (32): 275BDCB46B6F9C4839BF0A4DE023D94B89E7A24CE95FE84A2CB8C7F4E5C3B20C
[TLS] sign_hash (32): F7810B2A3E133D8F95962AA9470C68BD4BD91720DB8B5A6F91F1CD58C6DD445A
[TLS] Written transcript to proofs/MSG_TLS_275BDCB4.out, proofs/SIG_TLS_275BDCB4.out and proofs/PK_TLS_275BDCB4.der
Signature verification succeeds
[TLS] Server time: 1619676302
[TLS] client_random  (32): AEBF55ADA86424211B0BE2869C33050D55618FA2479BFE221C40D5FACC7DC09E
[TLS] sign_hash (32): 7CA15239A4CF4CF53175023BD24DCBCA23DA6E72F333FEB4DD7D71F45CA87A9D
[TLS] Written transcript to proofs/MSG_TLS_AEBF55AD.out, proofs/SIG_TLS_AEBF55AD.out and proofs/PK_TLS_AEBF55AD.der
Signature verification succeeds
[TLS] Server time: 1619676302
[TLS] client_random  (32): 1EC570AD2EDC1B295EE1C767AB41C8C604CE56CD973FD3ADC4E396023FBAA88A
[TLS] sign_hash (32): 3D13AC58C52E9A1174D6297C2714C7E1C57CD230DE478127CC55B0B63397C3D7
[TLS] Written transcript to proofs/MSG_TLS_1EC570AD.out, proofs/SIG_TLS_1EC570AD.out and proofs/PK_TLS_1EC570AD.der
Signature verification succeeds
[TLS] Server time: 1619676302
[TLS] client_random  (32): A5DE3D225209D1A780FC431256E0413970D7355665D78E5A89C93ED71EC78347
[TLS] sign_hash (32): 9DE03304D3C8FF99FEC6E2DA9378CF5A103263FC7A777741C5C30221F06A7592
[TLS] Written transcript to proofs/MSG_TLS_A5DE3D22.out, proofs/SIG_TLS_A5DE3D22.out and proofs/PK_TLS_A5DE3D22.der
Signature verification succeeds
[TLS] Server time: 1619676302
[TLS] client_random  (32): 7537186782334B8A4DBA23A24AEF508D6203EADF7E74A613177070180C7B395E
[TLS] sign_hash (32): A6320376CE2936E6E95169B115037C9B646B0FD0AA02E9E62C806842E5BEA9A6
[TLS] Written transcript to proofs/MSG_TLS_75371867.out, proofs/SIG_TLS_75371867.out and proofs/PK_TLS_75371867.der
Signature verification succeeds
[TLS] Server time: 1619676302
[TLS] client_random  (32): 65E16B559A10F36526AB6D95E09F4314484CF5A7E029C345732C18B91E89A3DD
[TLS] sign_hash (32): DB2A8350496B1DA09A01A06743F45AB5BCE2B230C60C3AB73C432D883B5BA9EA
[TLS] Written transcript to proofs/MSG_TLS_65E16B55.out, proofs/SIG_TLS_65E16B55.out and proofs/PK_TLS_65E16B55.der
Signature verification succeeds
[TLS] Server time: 1619676302
[TLS] client_random  (32): 5545F67820DFD86E0EE5BF45294E75C412C81DF9C64600B0D1CB053460FB50E2
[TLS] sign_hash (32): 054F1E0ECFFB5F143141A9CC188B6DC1889FE4A09B03F8011431C88820D673C9
[TLS] Written transcript to proofs/MSG_TLS_5545F678.out, proofs/SIG_TLS_5545F678.out and proofs/PK_TLS_5545F678.der
Signature verification succeeds
[TLS] Server time: 1619676302
[TLS] client_random  (32): 9C77D4BB0FA90323DF97791AEAD7030C12BB61CED041D81E653B98F5A3F9CB10
[TLS] sign_hash (32): DCD611AE782577ED4F9C45A0D98DAEACDBC8AFF5F693E59ABF045BDC70F9B991
[TLS] Written transcript to proofs/MSG_TLS_9C77D4BB.out, proofs/SIG_TLS_9C77D4BB.out and proofs/PK_TLS_9C77D4BB.der
Signature verification succeeds
[TLS] Server time: 1619676302
[TLS] client_random  (32): 92CFFF920574E2DF2B545683DED554BFD591BABC6441C7D3E4CE995E43FFD90E
[TLS] sign_hash (32): 0A633BE1FCECEE2100E365A759F66DF96D1746FEECD12C9D59499A3B448AD80D
[TLS] Written transcript to proofs/MSG_TLS_92CFFF92.out, proofs/SIG_TLS_92CFFF92.out and proofs/PK_TLS_92CFFF92.der
Signature verification succeeds
[TLS] Server time: 1619676302
[TLS] client_random  (32): 1A5E32C2E68DD95E2EB4E44C11052899D02B8A2D42EC0F544CF28EA7C94542AE
[TLS] sign_hash (32): 0F4A083B70B589140C20107F7CC904781DD0B09AF9D0818A2491725F7EA4C921
[TLS] Written transcript to proofs/MSG_TLS_1A5E32C2.out, proofs/SIG_TLS_1A5E32C2.out and proofs/PK_TLS_1A5E32C2.der
Signature verification succeeds
[TLS] Server time: 1619676302
[TLS] client_random  (32): B9ADBF4121592AF4F387C24D7C87D293CA514FE7BC94505F08EB8D8B031D5015
[TLS] sign_hash (32): 873E4329807EA901857945E6E54A93A0184C59F3CAFF3688E2692DBDFF55E2A0
[TLS] Written transcript to proofs/MSG_TLS_B9ADBF41.out, proofs/SIG_TLS_B9ADBF41.out and proofs/PK_TLS_B9ADBF41.der
Signature verification succeeds
[TLS] Server time: 1619676302
[TLS] client_random  (32): 806D6DB5AC7DA522E94F138E699F0D840FB4E5626BE646A7119D798CDAAA5EE3
[TLS] sign_hash (32): AE5A4B6C1D115706D86250ED522AAC46344B4CEB6C769FCFCBCD9650A408C28D
[TLS] Written transcript to proofs/MSG_TLS_806D6DB5.out, proofs/SIG_TLS_806D6DB5.out and proofs/PK_TLS_806D6DB5.der
Signature verification succeeds
[TLS] Server time: 1619676302
[TLS] client_random  (32): 29A97A7EB8955A2080D0860A61873F998C6A6D23C2EDB88177453230F620CA2B
[TLS] sign_hash (32): C0F44594E18405E72F5CD11183D8300589F7D63A8EEBE4DD59B0BD09011C73B0
[TLS] Written transcript to proofs/MSG_TLS_29A97A7E.out, proofs/SIG_TLS_29A97A7E.out and proofs/PK_TLS_29A97A7E.der
Signature verification succeeds
[TLS] Server time: 1619676302
[TLS] client_random  (32): E80673E9F7C0E1F55FA2F1DAF5E9352219FEA9ED915F1618D30734B23D50E735
[TLS] sign_hash (32): 833D8B31856EA3E771A8B024D26588891AA6C459D98C80E288EB8888EA28DF73
[TLS] Written transcript to proofs/MSG_TLS_E80673E9.out, proofs/SIG_TLS_E80673E9.out and proofs/PK_TLS_E80673E9.der
Signature verification succeeds
[TLS] Server time: 1619676302
[TLS] client_random  (32): 754DBFAB3A85A62B0AD796B614ACFADF87FC9DC4A8C160E0E21B8183CDB30DD5
[TLS] sign_hash (32): 0984D40C758BA648DE01AB1A275CF6D2DC24BC6F38E73196FE15C63327582B14
[TLS] Written transcript to proofs/MSG_TLS_754DBFAB.out, proofs/SIG_TLS_754DBFAB.out and proofs/PK_TLS_754DBFAB.der
Signature verification succeeds
[TLS] Server time: 1619676302
[TLS] client_random  (32): 7AA9F02B315DDD1AE1F420C47001D93EF3E8915B55E919545EAC7CD0D8CD1D69
[TLS] sign_hash (32): 6E95DEFE15DE95BD2C73A4A15ADBAB6BFA62D89EDBDFF16C67D441EBA5FFDAEF
[TLS] Written transcript to proofs/MSG_TLS_7AA9F02B.out, proofs/SIG_TLS_7AA9F02B.out and proofs/PK_TLS_7AA9F02B.der
Signature verification succeeds
[TLS] Server time: 1619676302
[TLS] client_random  (32): 8D06F0324C77BF813B01B8D623D2C507ED773DEB4776689A319EA4E7AEAE748C
[TLS] sign_hash (32): 78C096CD5D02E5284B41E6D7612F43BD9C3BDE90629EA72B20300181C894C058
[TLS] Written transcript to proofs/MSG_TLS_8D06F032.out, proofs/SIG_TLS_8D06F032.out and proofs/PK_TLS_8D06F032.der
Signature verification succeeds
[TLS] Server time: 1619676302
[TLS] client_random  (32): F61E17FF4ECE2D987BE9D6FF8C182E0AF22566BB12C742A3913C9FF06A994794
[TLS] sign_hash (32): 8F61196C2A05CF561BB832DDFF70B0B390E019118B437C69091B69E3894D8D32
[TLS] Written transcript to proofs/MSG_TLS_F61E17FF.out, proofs/SIG_TLS_F61E17FF.out and proofs/PK_TLS_F61E17FF.der
Signature verification succeeds
[TLS] Server time: 1619676302
[TLS] client_random  (32): 23DF227DFF0354762CED557CAE5FAA4389F93417B075C88B5AA36D35B3551D2F
[TLS] sign_hash (32): D5F60314538506E28AE1243B3C5E73AC3560F0AA3AB6DABB7152B68AA30DA3CA
[TLS] Written transcript to proofs/MSG_TLS_23DF227D.out, proofs/SIG_TLS_23DF227D.out and proofs/PK_TLS_23DF227D.der
Signature verification succeeds
[TLS] Server time: 1619676302
[TLS] client_random  (32): 131C10D43BA8F2BD48C88AC7B34DA76935DC9A464CB33B125FA5D141E0E8EA5A
[TLS] sign_hash (32): A3053A8B81EE92158DD1D23B16E942DA9AACF8E7D8EB99A63241D5958113F662
[TLS] Written transcript to proofs/MSG_TLS_131C10D4.out, proofs/SIG_TLS_131C10D4.out and proofs/PK_TLS_131C10D4.der
Signature verification succeeds
[TLS] Server time: 1619676302
[TLS] client_random  (32): BAF18CC3A80BDC725CC82156446FFEFC40FC1922B566B7B8DB77DCA9E3813BF7
[TLS] sign_hash (32): 69ABB46DE132FFB2E99ED0CDD1F1B3A372DA58411283BC44C56DB9F1F04CD530
[TLS] Written transcript to proofs/MSG_TLS_BAF18CC3.out, proofs/SIG_TLS_BAF18CC3.out and proofs/PK_TLS_BAF18CC3.der
Signature verification succeeds
[TLS] Server time: 1619676302
[TLS] client_random  (32): 02137E424A31A139C241DE3BF1A23AB2256C27850CE207735ACC8A1B46BD1866
[TLS] sign_hash (32): 7966B6713E86675A2158A928A9AC83D4BF23D39304EBDE7E24ED29E51239D6FB
[TLS] Written transcript to proofs/MSG_TLS_02137E42.out, proofs/SIG_TLS_02137E42.out and proofs/PK_TLS_02137E42.der
Signature verification succeeds
[TLS] Server time: 1619676302
[TLS] client_random  (32): E82B722B516DDB612D99A1A73C5208392F7315C2D415E8D3B38076563D72A900
[TLS] sign_hash (32): 851997FA9F833028A280DFE1A09BD751D52B9F3268C162320E68A16E153BC056
[TLS] Written transcript to proofs/MSG_TLS_E82B722B.out, proofs/SIG_TLS_E82B722B.out and proofs/PK_TLS_E82B722B.der
Signature verification succeeds
[TLS] Server time: 1619676302
[TLS] client_random  (32): 3915F2F7F7D6067253A6E13CCC922ABF812B74709EC519579B841632AEEC7486
[TLS] sign_hash (32): EDC26D588E4153043FF90690B2E8BB47AB4DC9FFE3BCAC80C9F40C25E28E82E3
[TLS] Written transcript to proofs/MSG_TLS_3915F2F7.out, proofs/SIG_TLS_3915F2F7.out and proofs/PK_TLS_3915F2F7.der
Signature verification succeeds
[TLS] Server time: 1619676302
[TLS] client_random  (32): D3CC8BCEAD52D082074B513F7745B1B194521B9BE66EAC9A56EECD59E6D20D07
[TLS] sign_hash (32): C30B8E522B84ED73CB3010B1A5FA098CFC3991F9076EF52FC26C5C129B7D8C8F
[TLS] Written transcript to proofs/MSG_TLS_D3CC8BCE.out, proofs/SIG_TLS_D3CC8BCE.out and proofs/PK_TLS_D3CC8BCE.der
Signature verification succeeds
[TLS] Server time: 1619676302
[TLS] client_random  (32): 9C74669653982EFD2158277ED19244577E4610A9B80267EDCE2BF45338FC8278
[TLS] sign_hash (32): 150372C36D0EA8BEB95C72DCF9EC7EF5555CFCEBF306BC5BFEA0E309496DE4F8
[TLS] Written transcript to proofs/MSG_TLS_9C746696.out, proofs/SIG_TLS_9C746696.out and proofs/PK_TLS_9C746696.der
Signature verification succeeds
[TLS] Server time: 1619676302
[TLS] client_random  (32): AB2CD75ECC7EE9C098642F510F04990C2AB3351808FDEB902D187D2528F5FD33
[TLS] sign_hash (32): BB2F327840DAE9084688CF92EC59FE442D365278ED1E1F4E75D54600C960682A
[TLS] Written transcript to proofs/MSG_TLS_AB2CD75E.out, proofs/SIG_TLS_AB2CD75E.out and proofs/PK_TLS_AB2CD75E.der
Signature verification succeeds
[TLS] Server time: 1619676302
[TLS] client_random  (32): 6529FCFA8AE7CDB4194005F3D0B3B7BF25D579826069CDF30228B5D717870B85
[TLS] sign_hash (32): 6F7315F4DBFF00D87A197F0B7C4299C4EF0E72126DBB8685C828CDAA902EB0AC
[TLS] Written transcript to proofs/MSG_TLS_6529FCFA.out, proofs/SIG_TLS_6529FCFA.out and proofs/PK_TLS_6529FCFA.der
Signature verification succeeds
[TLS] Server time: 1619676303
[TLS] client_random  (32): F9422AF1DBC68AA17837E2DD5FDB5B360E1475EC1C96B6B50AC394D5DCFF3F3E
[TLS] sign_hash (32): 0FDDE6CE0192144D3D1ABEF4B6B493D2E9182BE010CCED2FED6561435316304B
[TLS] Written transcript to proofs/MSG_TLS_F9422AF1.out, proofs/SIG_TLS_F9422AF1.out and proofs/PK_TLS_F9422AF1.der
Signature verification succeeds
[TLS] Server time: 1619676303
[TLS] client_random  (32): D3E695353CDCDC895C023301C6DC5B95CFA966294D9CB8F90AE82B408D6F526C
[TLS] sign_hash (32): 061FE4E94D662DB4BECC482ED58FF912366AC879B68A3EF9AFB691958659AB65
[TLS] Written transcript to proofs/MSG_TLS_D3E69535.out, proofs/SIG_TLS_D3E69535.out and proofs/PK_TLS_D3E69535.der
Signature verification succeeds
[TLS] Server time: 1619676303
[TLS] client_random  (32): 3822047A15A7799FF40724629972E353FE18B5FF0617B8F7C26B49DBF2D39C80
[TLS] sign_hash (32): CF2B98BB04D054B1AAEFD1532E59E36216B005A02958BF8CB3F725C67480DFB7
[TLS] Written transcript to proofs/MSG_TLS_3822047A.out, proofs/SIG_TLS_3822047A.out and proofs/PK_TLS_3822047A.der
Signature verification succeeds
[TLS] Server time: 1619676303
[TLS] client_random  (32): A8C4C736DB55FDB9AD24280CB8B8160765AABFA7019F0343D15712D9310A794F
[TLS] sign_hash (32): 69AAB2D2EC3C63A93A5B1F7E3E564E0FB94A028734585213F424131152C00D64
[TLS] Written transcript to proofs/MSG_TLS_A8C4C736.out, proofs/SIG_TLS_A8C4C736.out and proofs/PK_TLS_A8C4C736.der
Signature verification succeeds
[TLS] Server time: 1619676303
[TLS] client_random  (32): 654BEC47CD7572DC64FC826495C9C696AA88175B553C5B5B520F86C81CAAAE7D
[TLS] sign_hash (32): 7C38500241A3AC75EA683AB7AFA2B147969CBC696A329D07666D051F2D7038B7
[TLS] Written transcript to proofs/MSG_TLS_654BEC47.out, proofs/SIG_TLS_654BEC47.out and proofs/PK_TLS_654BEC47.der
Signature verification succeeds
[TLS] Server time: 1619676303
[TLS] client_random  (32): F7AAC1AE9068BD132AA6DE8EE24C10E57837A65A2927B14EF87D72CBB87042C2
[TLS] sign_hash (32): C76446C724C523B2F223C5013BBA7E8594AEB3AA709C283A0EC7785F9EDE86DA
[TLS] Written transcript to proofs/MSG_TLS_F7AAC1AE.out, proofs/SIG_TLS_F7AAC1AE.out and proofs/PK_TLS_F7AAC1AE.der
Signature verification succeeds
[TLS] Server time: 1619676303
[TLS] client_random  (32): 19E4C4DD91B71DEDEA0A8B5E993BC68DDC4BF1C91027FA4F7372A0E1F02F8205
[TLS] sign_hash (32): DE16EC84F1794510B978AB6A3D9E2959C0AF56AF6663467E292A1CDD1D8552C3
[TLS] Written transcript to proofs/MSG_TLS_19E4C4DD.out, proofs/SIG_TLS_19E4C4DD.out and proofs/PK_TLS_19E4C4DD.der
Signature verification succeeds
[TLS] Server time: 1619676303
[TLS] client_random  (32): 21DCD2D61F7D65EDF443C70B53F317F41BB702F5CBE6BD1E019EE25DC4E7015A
[TLS] sign_hash (32): 06E3DE76B63D5F22A31A7D5CD47316A4E562848CD86EAF893F17EE853904178C
[TLS] Written transcript to proofs/MSG_TLS_21DCD2D6.out, proofs/SIG_TLS_21DCD2D6.out and proofs/PK_TLS_21DCD2D6.der
Signature verification succeeds
[TLS] Server time: 1619676303
[TLS] client_random  (32): 7A266B55C76E559A32F2B9EB596933B6C0068AE3ABFB9F1F51FAEF6593F013C6
[TLS] sign_hash (32): 08824F8DF2F0F611F71E2520A5365811EDC612EA5EC9D80BAE8D1F9654E38B1B
[TLS] Written transcript to proofs/MSG_TLS_7A266B55.out, proofs/SIG_TLS_7A266B55.out and proofs/PK_TLS_7A266B55.der
Signature verification succeeds
[TLS] Server time: 1619676303
[TLS] client_random  (32): 7E5AC7489BECF93F2DFC3127510A10A0E057926A00B1518CCE10EF3A65F1A95A
[TLS] sign_hash (32): 237961A3292575E0C31AA85EE4168FFB8C0969A1B645ED8946256F31848862CF
[TLS] Written transcript to proofs/MSG_TLS_7E5AC748.out, proofs/SIG_TLS_7E5AC748.out and proofs/PK_TLS_7E5AC748.der
Signature verification succeeds
[TLS] Server time: 1619676303
[TLS] client_random  (32): 6190175F66202781618168CB30BECF655A15FC0A9A2AA47A2ECC9E0618EFB4CF
[TLS] sign_hash (32): 62882CFFAEACC8E95F4CF89FB24FC6670DB5832936C46F1A533E5E4BD0FED626
[TLS] Written transcript to proofs/MSG_TLS_6190175F.out, proofs/SIG_TLS_6190175F.out and proofs/PK_TLS_6190175F.der
Signature verification succeeds
[TLS] Server time: 1619676303
[TLS] client_random  (32): BD7E226E94E00133B711319DEC71CDA1A858EAE9F9CBB650D7BB204BE6F729EB
[TLS] sign_hash (32): C8E772B218C4306655924FF6D84778F811C1D9D222166AA5DEFCDD0E15984133
[TLS] Written transcript to proofs/MSG_TLS_BD7E226E.out, proofs/SIG_TLS_BD7E226E.out and proofs/PK_TLS_BD7E226E.der
Signature verification succeeds
[TLS] Server time: 1619676303
[TLS] client_random  (32): 7DBFB8D95EABD837A2196299726F8803F7A4A279E7129F9DC95387B04D520059
[TLS] sign_hash (32): 3812B2B4E8C014FE62B1365F4A0585FCDF1E7AA045D1855EA279D9B5F8211B56
[TLS] Written transcript to proofs/MSG_TLS_7DBFB8D9.out, proofs/SIG_TLS_7DBFB8D9.out and proofs/PK_TLS_7DBFB8D9.der
Signature verification succeeds
[TLS] Server time: 1619676303
[TLS] client_random  (32): D6EE21AE23411777AD50E04CCDF7332F116DB8E5B40923B42460D035FD33F219
[TLS] sign_hash (32): 7033531AFFB5993F2E2102DC1A1B133C2CE47DF6158D0D57F484BD907C6D677D
[TLS] Written transcript to proofs/MSG_TLS_D6EE21AE.out, proofs/SIG_TLS_D6EE21AE.out and proofs/PK_TLS_D6EE21AE.der
Signature verification succeeds
[TLS] Server time: 1619676303
[TLS] client_random  (32): A4CBC3622F6214D62316F4F98FD71F3A4C64E8D9591129C6F2763C3774060BB8
[TLS] sign_hash (32): 666F6AD521C0A20C5861648045E15FF06269E8FCE32AECDB85543F25B1D110BB
[TLS] Written transcript to proofs/MSG_TLS_A4CBC362.out, proofs/SIG_TLS_A4CBC362.out and proofs/PK_TLS_A4CBC362.der
Signature verification succeeds
[TLS] Server time: 1619676303
[TLS] client_random  (32): 75D5E929822DC56B27F5E3481C0565A298B18FDDEE42A5EBBBB5C4117AF8BA8D
[TLS] sign_hash (32): D3436DDC072F3E1A35D674966B48596F072E7C6E00DD142862BAD73D7306EDBE
[TLS] Written transcript to proofs/MSG_TLS_75D5E929.out, proofs/SIG_TLS_75D5E929.out and proofs/PK_TLS_75D5E929.der
Signature verification succeeds
[TLS] Server time: 1619676303
[TLS] client_random  (32): BCED745B76DBE8E716798FB0C36026F24A04EC7C7221011B31B4F1E0169932C6
[TLS] sign_hash (32): F67FD585CE68A57B6E9478D7294DB11BE97F9DFA10767A52800E6BBB1177855F
[TLS] Written transcript to proofs/MSG_TLS_BCED745B.out, proofs/SIG_TLS_BCED745B.out and proofs/PK_TLS_BCED745B.der
Signature verification succeeds
[TLS] Server time: 1619676303
[TLS] client_random  (32): 39C0D6A735A2635F8FECE0E8E9A02160F8667C718014903FAE2B9C5EEE11628B
[TLS] sign_hash (32): B763A8B3BECED6EDD97E9A4D3BC9FDFF8C0527F56CFDAAD232B129047541C461
[TLS] Written transcript to proofs/MSG_TLS_39C0D6A7.out, proofs/SIG_TLS_39C0D6A7.out and proofs/PK_TLS_39C0D6A7.der
Signature verification succeeds
[TLS] Server time: 1619676303
[TLS] client_random  (32): CED3736AE6710691049FF729679EC34008DDB922779B8061B3F645E1D664DD5B
[TLS] sign_hash (32): E2126104F42AE8C766E5B2D3F681C7E759B4F947505D4149AABF047E957C4B12
[TLS] Written transcript to proofs/MSG_TLS_CED3736A.out, proofs/SIG_TLS_CED3736A.out and proofs/PK_TLS_CED3736A.der
Signature verification succeeds
[TLS] Server time: 1619676303
[TLS] client_random  (32): 780CC629FB48492ED10BF421C1A6F5AAB3C58606EEA7862721DECA8239DE0FF7
[TLS] sign_hash (32): A5F6B4007D092339752FA1AD70574074C9F1448EC820F12F0986857B9CD8BD17
[TLS] Written transcript to proofs/MSG_TLS_780CC629.out, proofs/SIG_TLS_780CC629.out and proofs/PK_TLS_780CC629.der
Signature verification succeeds
[TLS] Server time: 1619676303
[TLS] client_random  (32): 42C212A023DB6B7B7FB157E1D46B52D17F71417718F9FA1575FF68716D303CCF
[TLS] sign_hash (32): 63EB2918EC64D60A0C9337BA673781FEF241372C29674227491F9ADD420B516B
[TLS] Written transcript to proofs/MSG_TLS_42C212A0.out, proofs/SIG_TLS_42C212A0.out and proofs/PK_TLS_42C212A0.der
Signature verification succeeds
[TLS] Server time: 1619676304
[TLS] client_random  (32): CB1444C23F4EDBEADE6E24D85F30172E4BB2011B76E76FF6A091A9F1744742ED
[TLS] sign_hash (32): 1A6FBFEFB506145D0972213DAD3E7A796E8FF64ADDEBC044D6DE7F09207E29EC
[TLS] Written transcript to proofs/MSG_TLS_CB1444C2.out, proofs/SIG_TLS_CB1444C2.out and proofs/PK_TLS_CB1444C2.der
Signature verification succeeds
[TLS] Server time: 1619676304
[TLS] client_random  (32): BDD26851572A3313953BC00A296F0826FD2D8244D99675F013CCEBF07ACC831A
[TLS] sign_hash (32): 1C61D22E0EDEDE98165B3F024C18ACCD0654CA71ED8ECE4C893ACB6736B4484F
[TLS] Written transcript to proofs/MSG_TLS_BDD26851.out, proofs/SIG_TLS_BDD26851.out and proofs/PK_TLS_BDD26851.der
Signature verification succeeds
[TLS] Server time: 1619676304
[TLS] client_random  (32): 19706A611DA50370FAF19FA503419CA7FE3312E8AD1DE11270BBE19FF01D4147
[TLS] sign_hash (32): 73A0A281A3C4A32C4D11D09ED14E219FC3BFA722C19D4479D66100F0A5DA87B0
[TLS] Written transcript to proofs/MSG_TLS_19706A61.out, proofs/SIG_TLS_19706A61.out and proofs/PK_TLS_19706A61.der
Signature verification succeeds
[TLS] Server time: 1619676304
[TLS] client_random  (32): 3F99AFBF431AB3A9A08120503228D32983204AF659BC75DB9C9BA3F26D2C1B00
[TLS] sign_hash (32): 4DF89356D561AE5EDD81BE8B76204B6840723FF88B46D8CE56146E861BD1D5D6
[TLS] Written transcript to proofs/MSG_TLS_3F99AFBF.out, proofs/SIG_TLS_3F99AFBF.out and proofs/PK_TLS_3F99AFBF.der
Signature verification succeeds
[TLS] Server time: 1619676304
[TLS] client_random  (32): 7420CB39E02F909C105E9EAD3BC51C39D5EE8A0BA20BE362F038E3359126C368
[TLS] sign_hash (32): 91CE88AC61E631B17CCBC36268FF3ACD158F3441E34C83884D1D27EC91F28A06
[TLS] Written transcript to proofs/MSG_TLS_7420CB39.out, proofs/SIG_TLS_7420CB39.out and proofs/PK_TLS_7420CB39.der
Signature verification succeeds
[TLS] Server time: 1619676304
[TLS] client_random  (32): 1AEF920CF4864B650BBDB429BA99D1D86EBC7AFB6D786648ACF2C4C44FCF6FEB
[TLS] sign_hash (32): 7862AFEE3B2EF1E619C1BD24AFA53246245B7F5CB82583A6963ACB879F995FB4
[TLS] Written transcript to proofs/MSG_TLS_1AEF920C.out, proofs/SIG_TLS_1AEF920C.out and proofs/PK_TLS_1AEF920C.der
Signature verification succeeds
[TLS] Server time: 1619676304
[TLS] client_random  (32): 9D8C6FAE52A3037E6CDD9BA3F7CA12030C2F564AB946D427513631D8E50AE05E
[TLS] sign_hash (32): 8071BE48CAD958D280F613FFA98E1995D0442B74948701F02224CD5B7E17F2BB
[TLS] Written transcript to proofs/MSG_TLS_9D8C6FAE.out, proofs/SIG_TLS_9D8C6FAE.out and proofs/PK_TLS_9D8C6FAE.der
Signature verification succeeds
[TLS] Server time: 1619676304
[TLS] client_random  (32): D79ECCF9E5E500ADDA6E7A19D6652D975B938C239BD28477815D88023DD860D0
[TLS] sign_hash (32): BA9AC15CB063DE0973CB75A89ABEDCE36A8A58A52F9ECDA23BF7DBDC78BF3AEF
[TLS] Written transcript to proofs/MSG_TLS_D79ECCF9.out, proofs/SIG_TLS_D79ECCF9.out and proofs/PK_TLS_D79ECCF9.der
Signature verification succeeds
[TLS] Server time: 1619676304
[TLS] client_random  (32): D441F986D90570566783ABBCBDD0FDADA622F2607A076C2E887CB2A67263D9B6
[TLS] sign_hash (32): 326B7A90283CEC5947A3833AA54BD50FF9989323C0C6F4D59757AA1450C0BE70
[TLS] Written transcript to proofs/MSG_TLS_D441F986.out, proofs/SIG_TLS_D441F986.out and proofs/PK_TLS_D441F986.der
Signature verification succeeds
[TLS] Server time: 1619676304
[TLS] client_random  (32): A3A316CB6BCB47BB699CE6CEC8D60AEF3101C5656DF93A0993086AC25A8BABCD
[TLS] sign_hash (32): 98FE82843EB8F94E03D7F35D592E0955199AB65363CA9BF4864EFAA72EB0BC73
[TLS] Written transcript to proofs/MSG_TLS_A3A316CB.out, proofs/SIG_TLS_A3A316CB.out and proofs/PK_TLS_A3A316CB.der
Signature verification succeeds
[TLS] Server time: 1619676304
[TLS] client_random  (32): 5A4F4BC5FB01B4D84C53C8C86C108400C100602AADFAAC8843D7B7AF27059CCC
[TLS] sign_hash (32): 21EC2DE6179B33F61767E273537BD4D6D89CE0FCD444DE6382545376DCB4C2A7
[TLS] Written transcript to proofs/MSG_TLS_5A4F4BC5.out, proofs/SIG_TLS_5A4F4BC5.out and proofs/PK_TLS_5A4F4BC5.der
Signature verification succeeds
[TLS] Server time: 1619676304
[TLS] client_random  (32): D5BEB9A1E5A13A3FA7F1F65D82F9EC123E104CC9D701EF314C2AA7E44D341BD6
[TLS] sign_hash (32): 83658357E9D852A3FF57FD682B2A21DC397C4F44BFA5B0F5CAECE09DA21DA76F
[TLS] Written transcript to proofs/MSG_TLS_D5BEB9A1.out, proofs/SIG_TLS_D5BEB9A1.out and proofs/PK_TLS_D5BEB9A1.der
Signature verification succeeds
[TLS] Server time: 1619676304
[TLS] client_random  (32): 74D24B20677E6574372587A76EED714B70B8CBC781C5D2A65520F657DC49B4F1
[TLS] sign_hash (32): B918E9509E04AE04FD9A946E7EF5F00FEA32FB8D54F03465CBCFC545D0A06D29
[TLS] Written transcript to proofs/MSG_TLS_74D24B20.out, proofs/SIG_TLS_74D24B20.out and proofs/PK_TLS_74D24B20.der
Signature verification succeeds
[TLS] Server time: 1619676304
[TLS] client_random  (32): E712ABD13B65BC16E2118263516160AD3050A6462DC8EE527C3EDC3AB47FFCF1
[TLS] sign_hash (32): EBCA7E3CF6884D5CD569174D48B6C869773415E86C0757C6ADE8302A6813172F
[TLS] Written transcript to proofs/MSG_TLS_E712ABD1.out, proofs/SIG_TLS_E712ABD1.out and proofs/PK_TLS_E712ABD1.der
Signature verification succeeds
[TLS] Server time: 1619676304
[TLS] client_random  (32): D5EB31C7863715E3B4C4EC8567F24FBDFD85946E1141E7DD589C8B1A708C4B23
[TLS] sign_hash (32): 9961EE44270EB74E6D74A46D5F37A1A5304DCA0E20C9C90660170EA4450033C4
[TLS] Written transcript to proofs/MSG_TLS_D5EB31C7.out, proofs/SIG_TLS_D5EB31C7.out and proofs/PK_TLS_D5EB31C7.der
Signature verification succeeds
[TLS] Server time: 1619676304
[TLS] client_random  (32): 1AE93779149DE38263B17430A8E1C3C92B012BD643259539ADCBC0F927D5FCC2
[TLS] sign_hash (32): 716769112867FC28A0CF2F0D1FAB74E01C6AF63B2536FF0354E7A251A0E4E53A
[TLS] Written transcript to proofs/MSG_TLS_1AE93779.out, proofs/SIG_TLS_1AE93779.out and proofs/PK_TLS_1AE93779.der
Signature verification succeeds
[TLS] Server time: 1619676304
[TLS] client_random  (32): 84B1A71BF59E117452129D4DF7FB816444163A84A797C5C24A85D8791C0F062A
[TLS] sign_hash (32): 93610F5C750B0F787205850DFD3FACB530EF1C9C3D5F8AADAC39F7A77D66A3F2
[TLS] Written transcript to proofs/MSG_TLS_84B1A71B.out, proofs/SIG_TLS_84B1A71B.out and proofs/PK_TLS_84B1A71B.der
Signature verification succeeds
[TLS] Server time: 1619676304
[TLS] client_random  (32): 6D40872FD75B7545562E84F0F0B0CBE44F7E10810E3E661846FBDEE1162E3803
[TLS] sign_hash (32): E7C07758B1B0EE4DE33539367C99E6F18F28E61E6F1C25956F41595AC37E080A
[TLS] Written transcript to proofs/MSG_TLS_6D40872F.out, proofs/SIG_TLS_6D40872F.out and proofs/PK_TLS_6D40872F.der
Signature verification succeeds
[TLS] Server time: 1619676304
[TLS] client_random  (32): C91C6428A6825E2DB8E94EE5D02E4159DE6BA38573F8C89CC48E4DD621F5D545
[TLS] sign_hash (32): 2658A2CBF6EE996219224FB57EE85C9B5E5AEC91820A74A13D564077D5C539DD
[TLS] Written transcript to proofs/MSG_TLS_C91C6428.out, proofs/SIG_TLS_C91C6428.out and proofs/PK_TLS_C91C6428.der
Signature verification succeeds
[TLS] Server time: 1619676304
[TLS] client_random  (32): EAB83967CC1791ABC0F3C292E47E80FE161CD6B56F20FEFBBE6D3F5B13397DA4
[TLS] sign_hash (32): 157E55FFDFF1FC548AF28BE6BBA3F126BD9225D3BAF4468AB7D357FDF7CB6A21
[TLS] Written transcript to proofs/MSG_TLS_EAB83967.out, proofs/SIG_TLS_EAB83967.out and proofs/PK_TLS_EAB83967.der
Signature verification succeeds
[TLS] Server time: 1619676304
[TLS] client_random  (32): 2E679787874692ACE12E20B83C4EE71876C5FCC5A7DAFA0F6CB2837367C95278
[TLS] sign_hash (32): 8F98D2F33411F364B90E5AEFCA0CEA89772CB244035D5C57C6211505A6521CA3
[TLS] Written transcript to proofs/MSG_TLS_2E679787.out, proofs/SIG_TLS_2E679787.out and proofs/PK_TLS_2E679787.der
Signature verification succeeds
[TLS] Server time: 1619676304
[TLS] client_random  (32): EF9685F161311A64FE6BD783245E49AA11AC3FAE0ED10DBA16CFEB9D05888705
[TLS] sign_hash (32): 7C0B6B7073E9E137FEBBB17782BABA5E22995EDF79C5FB3081840A9935E86A86
[TLS] Written transcript to proofs/MSG_TLS_EF9685F1.out, proofs/SIG_TLS_EF9685F1.out and proofs/PK_TLS_EF9685F1.der
Signature verification succeeds
[TLS] Server time: 1619676304
[TLS] client_random  (32): 2B21C1D46877B1BAF0859A491D36543660125215D7C7AA6358E3213D09760D00
[TLS] sign_hash (32): 0E2290AB987F20546DBF746B29A92955BF36E329E1B9F4D436F8C7CE73F5E3D3
[TLS] Written transcript to proofs/MSG_TLS_2B21C1D4.out, proofs/SIG_TLS_2B21C1D4.out and proofs/PK_TLS_2B21C1D4.der
Signature verification succeeds
[TLS] Server time: 1619676304
[TLS] client_random  (32): D56EF6A9A40C1535FEDA1C6891ACFF862E833871EA759B412D4919D2961F8383
[TLS] sign_hash (32): F0397185BC9455F68A7C5FF57A805ECB07D4BAEE8B0A891E963D078A48856BEF
[TLS] Written transcript to proofs/MSG_TLS_D56EF6A9.out, proofs/SIG_TLS_D56EF6A9.out and proofs/PK_TLS_D56EF6A9.der
Signature verification succeeds
[TLS] Server time: 1619676304
[TLS] client_random  (32): 6B1AD3F304FEB2BC8F548D42E2F8305295A921D4B0B1FFF8E253C390A061AD69
[TLS] sign_hash (32): FD6785B64CCD8637D91684BF267C68F3D039295CCAD1BDB0B8E567DD7F87581F
[TLS] Written transcript to proofs/MSG_TLS_6B1AD3F3.out, proofs/SIG_TLS_6B1AD3F3.out and proofs/PK_TLS_6B1AD3F3.der
Signature verification succeeds
[TLS] Server time: 1619676304
[TLS] client_random  (32): E160AF89D445BEE5393BCE5471227FD92FE12C9FBEBAC82622BB35F1E04D7FB1
[TLS] sign_hash (32): AC13B42D72546AEEA2EC4010F1F9519E4A679CAA3910499D7FFBA7CCB30E25A8
[TLS] Written transcript to proofs/MSG_TLS_E160AF89.out, proofs/SIG_TLS_E160AF89.out and proofs/PK_TLS_E160AF89.der
Signature verification succeeds
[TLS] Server time: 1619676304
[TLS] client_random  (32): BBE2931C25BBFA3645F07E8CD969B3AF3BECAC9E0AC084CF695943298F852C5E
[TLS] sign_hash (32): B84F8DB0EFAED5349C387B1427845743FB3CBD4C63581B77F23B7A3A09BF8933
[TLS] Written transcript to proofs/MSG_TLS_BBE2931C.out, proofs/SIG_TLS_BBE2931C.out and proofs/PK_TLS_BBE2931C.der
Signature verification succeeds
[TLS] Server time: 1619676304
[TLS] client_random  (32): EB9B7421E2C708E0ED8B5FEEBDE7DB1F3C0810ED6D37302C13A839742869205A
[TLS] sign_hash (32): 383D40AC9AA1377F43D054363D30989DCDE49DC8AB45740142B30A5B27192499
[TLS] Written transcript to proofs/MSG_TLS_EB9B7421.out, proofs/SIG_TLS_EB9B7421.out and proofs/PK_TLS_EB9B7421.der
Signature verification succeeds
[TLS] Server time: 1619676304
[TLS] client_random  (32): 0DB16C679551F074822927F9168FC4A42335981921AC761D8A238D57325346E1
[TLS] sign_hash (32): 590090372AB93B620BEC3AC632BF9402C6847C4BAC2A3EAD8792FB4B5B5BE7C6
[TLS] Written transcript to proofs/MSG_TLS_0DB16C67.out, proofs/SIG_TLS_0DB16C67.out and proofs/PK_TLS_0DB16C67.der
Signature verification succeeds
[TLS] Server time: 1619676304
[TLS] client_random  (32): 9A52D3D22F5EE31FB8E43582BBC3E863A026F356C26D300FA732D0A38717E1B4
[TLS] sign_hash (32): 239C1C2AB480C48706EC4D6A30A6A64F3DB1CE8C481F1D727394C3F3BC5FBF42
[TLS] Written transcript to proofs/MSG_TLS_9A52D3D2.out, proofs/SIG_TLS_9A52D3D2.out and proofs/PK_TLS_9A52D3D2.der
Signature verification succeeds
[TLS] Server time: 1619676304
[TLS] client_random  (32): D489D5FF612B23DCF72693B64A9891932B83979DC8FA6A776A633C1BF9B6C357
[TLS] sign_hash (32): 27E15A930F1C7B8DA8F484984DCFC486F2554639E2C9759E3B8F0A35614B2548
[TLS] Written transcript to proofs/MSG_TLS_D489D5FF.out, proofs/SIG_TLS_D489D5FF.out and proofs/PK_TLS_D489D5FF.der
Signature verification succeeds
[TLS] Server time: 1619676304
[TLS] client_random  (32): 51646DAA7BCE02442C4BDA17FCC5609E1D9D21720DB29D5A721AE0E60A6E1BCE
[TLS] sign_hash (32): CCCF751AAE77DF9BA42F3EFFCE84478ACD4F17F6454FD4BF43F4E8F19BC9E99D
[TLS] Written transcript to proofs/MSG_TLS_51646DAA.out, proofs/SIG_TLS_51646DAA.out and proofs/PK_TLS_51646DAA.der
Signature verification succeeds
[TLS] Server time: 1619676304
[TLS] client_random  (32): AD162702726C65CD3C90C3B158CCBCBABFF297AF3CC920B05DC3E43273D357A3
[TLS] sign_hash (32): 4939D3DBAA3A96159F287A6C82ED2CD9271E1052D4525FE5975F558BE4EA1323
[TLS] Written transcript to proofs/MSG_TLS_AD162702.out, proofs/SIG_TLS_AD162702.out and proofs/PK_TLS_AD162702.der
Signature verification succeeds
[TLS] Server time: 1619676304
[TLS] client_random  (32): FFF35FF7A41AC0CF3807F42D7DE3B77183B54EA0618307F38452E30C3317A151
[TLS] sign_hash (32): 21C9891E6EC1CDA7CB5F099A4772EF6FDB9803EF608C8DED9BDAA53A34B1D574
[TLS] Written transcript to proofs/MSG_TLS_FFF35FF7.out, proofs/SIG_TLS_FFF35FF7.out and proofs/PK_TLS_FFF35FF7.der
Signature verification succeeds
[TLS] Server time: 1619676304
[TLS] client_random  (32): 809ED1711B3EE6771C7FFDC8E69EDEADD7E21B084030A178827DD18C8FD46F68
[TLS] sign_hash (32): E41F24144B5230AF0EC6447059EF7868FBD906B018D01231ACA373131EB3EE24
[TLS] Written transcript to proofs/MSG_TLS_809ED171.out, proofs/SIG_TLS_809ED171.out and proofs/PK_TLS_809ED171.der
Signature verification succeeds
[TLS] Server time: 1619676304
[TLS] client_random  (32): D905DA945852BABF32142C1C0A627C2D6C978055902C41EDDA17161A5FBE0B56
[TLS] sign_hash (32): EF3F48863C8FC2EAB8E3851D9C3B1DEBE1E99FBFC07A9C6C224E5CB7389B6883
[TLS] Written transcript to proofs/MSG_TLS_D905DA94.out, proofs/SIG_TLS_D905DA94.out and proofs/PK_TLS_D905DA94.der
Signature verification succeeds
[TLS] Server time: 1619676304
[TLS] client_random  (32): C87510AE40F6531000BC34CCA0BE56B7CAF468CC824941B589B44B0BB463F010
[TLS] sign_hash (32): 43BC2D28A1AB485A5980A578A1CBEA43C102C8DA6386707891BD04370506F75E
[TLS] Written transcript to proofs/MSG_TLS_C87510AE.out, proofs/SIG_TLS_C87510AE.out and proofs/PK_TLS_C87510AE.der
Signature verification succeeds
[TLS] Server time: 1619676304
[TLS] client_random  (32): 350A3755E1FAB3A55A6482EA21645EE328CB75A971746F89A76A68584FF88980
[TLS] sign_hash (32): 7BF29E1E5F1A0D8C51639742DC45AE2A4FC04B3E3A08DD32F19FFE6209B26CC3
[TLS] Written transcript to proofs/MSG_TLS_350A3755.out, proofs/SIG_TLS_350A3755.out and proofs/PK_TLS_350A3755.der
Signature verification succeeds
[TLS] Server time: 1619676304
[TLS] client_random  (32): 9ED8857A107FE2227307803D976775E5CC9E07E04E3F97880BFED0E3538AC39C
[TLS] sign_hash (32): 165D2FE12C455D8A8594529AC2374A5A9332418B6284BD79D93682B722DCE402
[TLS] Written transcript to proofs/MSG_TLS_9ED8857A.out, proofs/SIG_TLS_9ED8857A.out and proofs/PK_TLS_9ED8857A.der
Signature verification succeeds
[TLS] Server time: 1619676304
[TLS] client_random  (32): 32474F49B9B7F682D5A32A6B1AAC483AC45056326F571DEDD80511B2751B16FB
[TLS] sign_hash (32): E19271A80D49E682F8947649F2732C6D74AD18B5F6461844CD561A7DEDC04CB2
[TLS] Written transcript to proofs/MSG_TLS_32474F49.out, proofs/SIG_TLS_32474F49.out and proofs/PK_TLS_32474F49.der
Signature verification succeeds
[TLS] Server time: 1619676304
[TLS] client_random  (32): C4809FC67C1828618F01EF455B9D3A54BC20E94F0EA012392E7F1F8820DABDAA
[TLS] sign_hash (32): AE6AA1C947BB76DB1C41F471719E58C3A66CCE5B3171B0662D051C34996C1328
[TLS] Written transcript to proofs/MSG_TLS_C4809FC6.out, proofs/SIG_TLS_C4809FC6.out and proofs/PK_TLS_C4809FC6.der
Signature verification succeeds
[TLS] Server time: 1619676304
[TLS] client_random  (32): 5BF6E71D9FA62B03288A5AC8DEE9071FCCE2747CDE7EABEBEE194F4F3C0B6707
[TLS] sign_hash (32): 7E3B9661E1C037DD345858BE76284B322AAF7F1B8F40D20FCCB61887A33B4AAD
[TLS] Written transcript to proofs/MSG_TLS_5BF6E71D.out, proofs/SIG_TLS_5BF6E71D.out and proofs/PK_TLS_5BF6E71D.der
Signature verification succeeds
[TLS] Server time: 1619676304
[TLS] client_random  (32): C3365BB9CE3B04C13AA63B417A44464BF2F771209F34CAD14353A30FD863ACF7
[TLS] sign_hash (32): 9EB652B616FD29F425DFE6BD56099ED40FC26E05542290072B3B7E9F4271FA73
[TLS] Written transcript to proofs/MSG_TLS_C3365BB9.out, proofs/SIG_TLS_C3365BB9.out and proofs/PK_TLS_C3365BB9.der
Signature verification succeeds
[TLS] Server time: 1619676304
[TLS] client_random  (32): 1FD823F415D4191F9DFF13C6A2B46B1F1A00933630C5C613F722B5D97B257BCF
[TLS] sign_hash (32): FF121E63BAF087910A44B72196060C87051870074FE6C66A08697AC596D15EFA
[TLS] Written transcript to proofs/MSG_TLS_1FD823F4.out, proofs/SIG_TLS_1FD823F4.out and proofs/PK_TLS_1FD823F4.der
Signature verification succeeds
[TLS] Server time: 1619676304
[TLS] client_random  (32): 598A53F3600F7A91AD62C93AD9281FA8DD10680407E1DDFB92AE90DF53417A01
[TLS] sign_hash (32): 3417E55FD70A317FC98A184883E1E12F57ED678BB3DCED09A059E9D09ADD770C
[TLS] Written transcript to proofs/MSG_TLS_598A53F3.out, proofs/SIG_TLS_598A53F3.out and proofs/PK_TLS_598A53F3.der
Signature verification succeeds
[TLS] Server time: 1619676304
[TLS] client_random  (32): 91C701C6D915DE1BC276605937F72181ABC468097EC4097ACEAEF30550A4038C
[TLS] sign_hash (32): 42C777FEA6720AAD01EB85D68387EB8D56FBF4A1A7E15F788A42DA828046F225
[TLS] Written transcript to proofs/MSG_TLS_91C701C6.out, proofs/SIG_TLS_91C701C6.out and proofs/PK_TLS_91C701C6.der
Signature verification succeeds
[TLS] Server time: 1619676304
[TLS] client_random  (32): 81447308FE613BDDE135F72AE6C5C168A6215C842BF67B823E9E19212C3A90C1
[TLS] sign_hash (32): F1D377D9625D8B8674B225A428AD1CF5A96B70DB970F148C972FE75F0C6246E6
[TLS] Written transcript to proofs/MSG_TLS_81447308.out, proofs/SIG_TLS_81447308.out and proofs/PK_TLS_81447308.der
Signature verification succeeds
Time breakdown (averages): anchor_ping:22.715007 file_read:0.138441 hashing:0.470465
Total time for 119 rounds is 2798.268499ms
Standard deviations: anchor_ping:93.897787 file_read:0.013364 hashing:0.004265
[Client-side ops] mean:0.608905 sd:0.013837
in & out anchor rand written to proofs/phase1.out
     23 [TLS] Server time: 1619676301
     29 [TLS] Server time: 1619676302
     21 [TLS] Server time: 1619676303
     47 [TLS] Server time: 1619676304
Count is 23
Count is 29
Count is 21
Count is 47
success: 0
Sleeping before retrying
CONF: anchor:sruc.ac.uk fs:1024MB n_rounds:119 seed:5c9f4bf9bbc15bb855f82faedc5a52fc3ab2dfa8ec3ba3ce1b270f31fa0cced2 filename:FILE bs:1024 nops:100 benchmarking:0 anchor_ping:1 queue_depth:32 direct:0
[TLS] Connecting to sruc.ac.uk
[TLS] Server time: 1619676306
[TLS] client_random  (32): 5C9F4BF9BBC15BB855F82FAEDC5A52FC3AB2DFA8EC3BA3CE1B270F31FA0CCED2
[TLS] sign_hash (32): 99A1AE66712376276C9E0D8FBAFF6AABB47447D7A164A81181FBDC96ECFB6E07
[TLS] Written transcript to proofs/MSG_TLS_5C9F4BF9.out, proofs/SIG_TLS_5C9F4BF9.out and proofs/PK_TLS_5C9F4BF9.der
Signature verification succeeds
[TLS] Server time: 1619676306
[TLS] client_random  (32): E70F960A6DFFA17B929E9B0AE8F6AF6B7FE5C7DB62F785FEFC1824ECBD8DCAFE
[TLS] sign_hash (32): 1E030C9DAED87FB13EC74EC0936F02AD366B6393A283A24CF21666DF947CCB4B
[TLS] Written transcript to proofs/MSG_TLS_E70F960A.out, proofs/SIG_TLS_E70F960A.out and proofs/PK_TLS_E70F960A.der
Signature verification succeeds
[TLS] Server time: 1619676306
[TLS] client_random  (32): E32DE430D2C463BED4B4EC6CCA66106D1531259DDD9BCE5BD54BAF2866CEC9D7
[TLS] sign_hash (32): F2E64E0771C9A98FCF7E37394FE5B5BD936E444487586B39AAC662AF9CAA1E24
[TLS] Written transcript to proofs/MSG_TLS_E32DE430.out, proofs/SIG_TLS_E32DE430.out and proofs/PK_TLS_E32DE430.der
Signature verification succeeds
[TLS] Server time: 1619676306
[TLS] client_random  (32): D8B8DEF8DBD5CE5602DA9D8FD3F9EBF4AE2E30E434B023FEFF3F1E6F901B7CF9
[TLS] sign_hash (32): 9A0B00C6EA80C66132BA748D576D394EEFAE3592ADCB4432BC0A6C8C99C072F3
[TLS] Written transcript to proofs/MSG_TLS_D8B8DEF8.out, proofs/SIG_TLS_D8B8DEF8.out and proofs/PK_TLS_D8B8DEF8.der
Signature verification succeeds
[TLS] Server time: 1619676306
[TLS] client_random  (32): 47954DD948BEEFEF1C5F2D520A16EB1E4879FCDE12052488444EBA7083CA0A97
[TLS] sign_hash (32): 3563038D166F401BE04D637A68F86BA5E02CE9772051FA8ADEC51532D263C3A5
[TLS] Written transcript to proofs/MSG_TLS_47954DD9.out, proofs/SIG_TLS_47954DD9.out and proofs/PK_TLS_47954DD9.der
Signature verification succeeds
[TLS] Server time: 1619676306
[TLS] client_random  (32): C159472B0FDB23CEC86A5F8177A52506DA77B03ADFC010C660D52CCD692EEAED
[TLS] sign_hash (32): 01C62B960F1C829689EDC52252922F08E8078062D626E6BC6C6C52FAF594E07C
[TLS] Written transcript to proofs/MSG_TLS_C159472B.out, proofs/SIG_TLS_C159472B.out and proofs/PK_TLS_C159472B.der
Signature verification succeeds
[TLS] Server time: 1619676306
[TLS] client_random  (32): 2F44A984C99A9534F35B65E465A0DBDB6EEFF04AE75955E4ABEFBB814DCAE8CF
[TLS] sign_hash (32): 8FD55D1DC57D1371A63C42488625E32C4DA9C40351288B0B22388D0032F805D1
[TLS] Written transcript to proofs/MSG_TLS_2F44A984.out, proofs/SIG_TLS_2F44A984.out and proofs/PK_TLS_2F44A984.der
Signature verification succeeds
[TLS] Server time: 1619676306
[TLS] client_random  (32): 8B47AD886E417C2C1E3C38424A98061A3A36F4B42F0E2BD83BF9D9E180C0CBD6
[TLS] sign_hash (32): 7A655DD1351DFD812B2BC3FD8465C8EC2969DA4E3FFA665924E7B9E4336507BC
[TLS] Written transcript to proofs/MSG_TLS_8B47AD88.out, proofs/SIG_TLS_8B47AD88.out and proofs/PK_TLS_8B47AD88.der
Signature verification succeeds
[TLS] Server time: 1619676306
[TLS] client_random  (32): 4406D93032BBC50D1BA49BC389114A75C20170065A60ADF42441AEEBE89C3E3F
[TLS] sign_hash (32): 5A9264714D7B3CD2B183CA9036DE543E37F2D2345AA4D003FCEC4C125DBB1056
[TLS] Written transcript to proofs/MSG_TLS_4406D930.out, proofs/SIG_TLS_4406D930.out and proofs/PK_TLS_4406D930.der
Signature verification succeeds
[TLS] Server time: 1619676306
[TLS] client_random  (32): 422D26482984532EFBD4E7D24B2FA0304E7942DCF3BDFB46CD318F274B801F0C
[TLS] sign_hash (32): 8FF6F23B5E25D74219910362E59BFAAAF2034ACCD191BFD9437752BF918CC3FE
[TLS] Written transcript to proofs/MSG_TLS_422D2648.out, proofs/SIG_TLS_422D2648.out and proofs/PK_TLS_422D2648.der
Signature verification succeeds
[TLS] Server time: 1619676306
[TLS] client_random  (32): 92706A303766BD4625B2396001681936094278D07A595EB9D0AD0B618E161A27
[TLS] sign_hash (32): 41A29004698667D3B44C6FC12C8DE5DA596EBF8E7B3ECCC1AD5C2D159FAA367F
[TLS] Written transcript to proofs/MSG_TLS_92706A30.out, proofs/SIG_TLS_92706A30.out and proofs/PK_TLS_92706A30.der
Signature verification succeeds
[TLS] Server time: 1619676306
[TLS] client_random  (32): E72D7561E80395CADF1D552209E2A802AFDF8F39A769C131D67C941FA2D444FB
[TLS] sign_hash (32): 22512700DBD8FC3D81648022C9244F3AF01ED6FA1482A3868C8C3FAE9B8364AD
[TLS] Written transcript to proofs/MSG_TLS_E72D7561.out, proofs/SIG_TLS_E72D7561.out and proofs/PK_TLS_E72D7561.der
Signature verification succeeds
[TLS] Server time: 1619676306
[TLS] client_random  (32): E7045FBBAFF9416FBFB2A0D55A3087E1C19A8805BE20CFC0936A058DB641D017
[TLS] sign_hash (32): 00673EB818BBF2E4B297E8531B6DE92FE8236F33E9A5E24EFBC83AAEB6D46368
[TLS] Written transcript to proofs/MSG_TLS_E7045FBB.out, proofs/SIG_TLS_E7045FBB.out and proofs/PK_TLS_E7045FBB.der
Signature verification succeeds
[TLS] Server time: 1619676306
[TLS] client_random  (32): 9E32634AF180BBBEA356C05E4AFF13072A07B9069D00C49D2513B12E2508068F
[TLS] sign_hash (32): 375D17D8A806B4FBD63214D4A7A2C2D19CC89D8EF452B4EB3C29C13BB4BAFF46
[TLS] Written transcript to proofs/MSG_TLS_9E32634A.out, proofs/SIG_TLS_9E32634A.out and proofs/PK_TLS_9E32634A.der
Signature verification succeeds
[TLS] Server time: 1619676306
[TLS] client_random  (32): 9F596E58BB805CED54F9D8256D2A4B3674BFCB460F69FE55F231EA16D36F6DFB
[TLS] sign_hash (32): 166002E3444907659334F6491587BBDDC410C70AF6F9F4D52322308A6300E1A7
[TLS] Written transcript to proofs/MSG_TLS_9F596E58.out, proofs/SIG_TLS_9F596E58.out and proofs/PK_TLS_9F596E58.der
Signature verification succeeds
[TLS] Server time: 1619676306
[TLS] client_random  (32): 53C0EE6D705C7A6212AB11C9BD53C92F592776124DEA4ACBC9820B10AD1F88E3
[TLS] sign_hash (32): 32C2E3540C8C8D31C4BD7672D2829E95B8EAC6AAE5285C6FAE13DB079C76E69C
[TLS] Written transcript to proofs/MSG_TLS_53C0EE6D.out, proofs/SIG_TLS_53C0EE6D.out and proofs/PK_TLS_53C0EE6D.der
Signature verification succeeds
[TLS] Server time: 1619676306
[TLS] client_random  (32): A3096E25E420C51DB4E4377D1E8ED9D9765B67B56489C58F4CCFE2DD3F346140
[TLS] sign_hash (32): FD305796EFB6451B6820E8A800F4820AD0408501957A3F177721B60743E706F6
[TLS] Written transcript to proofs/MSG_TLS_A3096E25.out, proofs/SIG_TLS_A3096E25.out and proofs/PK_TLS_A3096E25.der
Signature verification succeeds
[TLS] Server time: 1619676306
[TLS] client_random  (32): D3EA915B8CDF191D5D5745439A35BEB23720F99374E1C81F1832EEBFB8F8DD94
[TLS] sign_hash (32): CFA88E57CB2A0AED6DEA4CE0DC2B5F654CB6734CFCD5E5C103A6B6D0EE726FFF
[TLS] Written transcript to proofs/MSG_TLS_D3EA915B.out, proofs/SIG_TLS_D3EA915B.out and proofs/PK_TLS_D3EA915B.der
Signature verification succeeds
[TLS] Server time: 1619676306
[TLS] client_random  (32): D546160C7502D56493DF655E33494E998A1F50D43422CA5FA2FFED8BE1676D90
[TLS] sign_hash (32): BBBF65AA743E12B9491757DD0E0C10C42E2C0364726F32E05A15CE341DD0FF49
[TLS] Written transcript to proofs/MSG_TLS_D546160C.out, proofs/SIG_TLS_D546160C.out and proofs/PK_TLS_D546160C.der
Signature verification succeeds
[TLS] Server time: 1619676306
[TLS] client_random  (32): 4BBCDAA6954E558E3F1AC9726740D4D91E352EFED5D894D943B31D21598F624F
[TLS] sign_hash (32): 0AE94C036C37CF26519D5AEF8D5EBFC4F042647FE8A77F6D8B15EC565B212B85
[TLS] Written transcript to proofs/MSG_TLS_4BBCDAA6.out, proofs/SIG_TLS_4BBCDAA6.out and proofs/PK_TLS_4BBCDAA6.der
Signature verification succeeds
[TLS] Server time: 1619676306
[TLS] client_random  (32): 00D6F7BB401AA32DC2ED81773692C749A5A371E6564A2A63A34439B32063C2C6
[TLS] sign_hash (32): 6AAD00F6C3E94BB7013C9AECA38FF2B6C4B3E85E49BD9114C777D84C34317C38
[TLS] Written transcript to proofs/MSG_TLS_00D6F7BB.out, proofs/SIG_TLS_00D6F7BB.out and proofs/PK_TLS_00D6F7BB.der
Signature verification succeeds
[TLS] Server time: 1619676306
[TLS] client_random  (32): 5F0055E46BC975AACC219C5B4E2633C97EA61D47856790EA7E161ABFA67D2F20
[TLS] sign_hash (32): 9CB90BD74FB157A974FEB618B834156491B9099DFC080F77E7B7E4E276789186
[TLS] Written transcript to proofs/MSG_TLS_5F0055E4.out, proofs/SIG_TLS_5F0055E4.out and proofs/PK_TLS_5F0055E4.der
Signature verification succeeds
[TLS] Server time: 1619676306
[TLS] client_random  (32): 51B46891EF8C6BADF0025C9CA8DF994E3907D24F6CE9B1D16D11EE04FAD6A01D
[TLS] sign_hash (32): 08AF127FE7BD1BCD2DE36A795863186D61FD11555A1DB83AEC71229E2F67E277
[TLS] Written transcript to proofs/MSG_TLS_51B46891.out, proofs/SIG_TLS_51B46891.out and proofs/PK_TLS_51B46891.der
Signature verification succeeds
[TLS] Server time: 1619676306
[TLS] client_random  (32): EB0ACAD582E426FBD8D710AE0473997AFEFEB8F21D7074EBBC99CE8EBC6DC25D
[TLS] sign_hash (32): 780D65C185AF39324BE38C02C75BCF25E89D1953D7B42C862D2CBD79522F5195
[TLS] Written transcript to proofs/MSG_TLS_EB0ACAD5.out, proofs/SIG_TLS_EB0ACAD5.out and proofs/PK_TLS_EB0ACAD5.der
Signature verification succeeds
[TLS] Server time: 1619676306
[TLS] client_random  (32): 5441F41014AB64A6D3F2D7BCF7DAAD918BE58EC699DE5C7216715A1534391689
[TLS] sign_hash (32): 5CE59EBD01CFBF15CE7F8712ECD3B06D5C38161B8A02FD6A85E87233C9041BB7
[TLS] Written transcript to proofs/MSG_TLS_5441F410.out, proofs/SIG_TLS_5441F410.out and proofs/PK_TLS_5441F410.der
Signature verification succeeds
[TLS] Server time: 1619676306
[TLS] client_random  (32): 9B81035F6C12D10BEC447B4FA639A3A979005F4EF02DEE958C916733F03007C7
[TLS] sign_hash (32): C622BD47CE240D974410A8EC51B3654BC07811EA06F97BD0FF2F680AA18A2E91
[TLS] Written transcript to proofs/MSG_TLS_9B81035F.out, proofs/SIG_TLS_9B81035F.out and proofs/PK_TLS_9B81035F.der
Signature verification succeeds
[TLS] Server time: 1619676306
[TLS] client_random  (32): 855B5B26000B8C626D64C78F9C609BFE10F204C5311E9142631251F5A520D5AC
[TLS] sign_hash (32): 00CB906182ACAA85DF7D26333150885F3571EEB15B7A3CBB61330A58CACED99C
[TLS] Written transcript to proofs/MSG_TLS_855B5B26.out, proofs/SIG_TLS_855B5B26.out and proofs/PK_TLS_855B5B26.der
Signature verification succeeds
[TLS] Server time: 1619676306
[TLS] client_random  (32): A7961A16EDE3205CE850E60AEC7C0C318DB42C544161036C0156FEBF5E8B8400
[TLS] sign_hash (32): 32DAB8BCD72A1A6F290C1059EBD36728535F34C7C65D47D452FB5EDF0A1A5F7F
[TLS] Written transcript to proofs/MSG_TLS_A7961A16.out, proofs/SIG_TLS_A7961A16.out and proofs/PK_TLS_A7961A16.der
Signature verification succeeds
[TLS] Server time: 1619676306
[TLS] client_random  (32): 8295DDC8B1E251EE785C645D2863EF144FF26F5CA96D89D5D5C7A137F309DD01
[TLS] sign_hash (32): 7EC37EE52CD7ECEBAA1A6E8467CC1CECA3785DAD95D96D70EE857D029F8D1373
[TLS] Written transcript to proofs/MSG_TLS_8295DDC8.out, proofs/SIG_TLS_8295DDC8.out and proofs/PK_TLS_8295DDC8.der
Signature verification succeeds
[TLS] Server time: 1619676306
[TLS] client_random  (32): 8ABF7299D43DA1043477FA2C271F07ADD86467982ABABE4275B3D334BF11DF26
[TLS] sign_hash (32): CC80168A1FFC01912A654719C7505F2D321C9AD05571CF67DE4968F0B2188631
[TLS] Written transcript to proofs/MSG_TLS_8ABF7299.out, proofs/SIG_TLS_8ABF7299.out and proofs/PK_TLS_8ABF7299.der
Signature verification succeeds
[TLS] Server time: 1619676306
[TLS] client_random  (32): 0CF495752175C2515D6482588C3199C1CC2A095F323A16A97D9B8F29F220B8A4
[TLS] sign_hash (32): 2E4F7D3EEF1B679407AA17A2BF0AC5032E8A1D59247324CBB49B92EEACC76C8F
[TLS] Written transcript to proofs/MSG_TLS_0CF49575.out, proofs/SIG_TLS_0CF49575.out and proofs/PK_TLS_0CF49575.der
Signature verification succeeds
[TLS] Server time: 1619676306
[TLS] client_random  (32): 4DAE44209DFE869E1AE293E2362B56BAAD44D1ED9A87BDB8D95978262AC0FA17
[TLS] sign_hash (32): F2B2C764AFE8BA43AB4CBCD7672AE728239E41C8580D68D2ADB243BD3A490A36
[TLS] Written transcript to proofs/MSG_TLS_4DAE4420.out, proofs/SIG_TLS_4DAE4420.out and proofs/PK_TLS_4DAE4420.der
Signature verification succeeds
[TLS] Server time: 1619676306
[TLS] client_random  (32): B281B8B14F20E584D4DCE72EF7EF1096FA8C66296AE2225B882A507F8431BB9C
[TLS] sign_hash (32): 78646C33FE1415C3A77690A06CF22E22A1AF436627539F029EC453784ABD15FB
[TLS] Written transcript to proofs/MSG_TLS_B281B8B1.out, proofs/SIG_TLS_B281B8B1.out and proofs/PK_TLS_B281B8B1.der
Signature verification succeeds
[TLS] Server time: 1619676306
[TLS] client_random  (32): FD1326D2C332D26F730560C60EE484D4D6C25CB6D7AB79126A9D5623E141CB65
[TLS] sign_hash (32): 3857625E58D0C6A680907F1F30F40C40B2B776BC7A4C2DC3C20A196EC9939AD9
[TLS] Written transcript to proofs/MSG_TLS_FD1326D2.out, proofs/SIG_TLS_FD1326D2.out and proofs/PK_TLS_FD1326D2.der
Signature verification succeeds
[TLS] Server time: 1619676306
[TLS] client_random  (32): CF0F6320E4F9C8257F6B1729DF8567A3C5FAF924DD4836C77E266DB81C92F696
[TLS] sign_hash (32): 9A7C8D72B223665276573BA7863FADF88FFABD1A95F76879F8C32E34C6D15620
[TLS] Written transcript to proofs/MSG_TLS_CF0F6320.out, proofs/SIG_TLS_CF0F6320.out and proofs/PK_TLS_CF0F6320.der
Signature verification succeeds
[TLS] Server time: 1619676306
[TLS] client_random  (32): 168D2DEE4D33BB2D494E72CFB107D569EDD59B3AC971F0BFC0048C962F2BD764
[TLS] sign_hash (32): 25B8759379E9A0C3FD75D261FDDAB5D6F1CCBD1BFE8615C218B1A9E37D137975
[TLS] Written transcript to proofs/MSG_TLS_168D2DEE.out, proofs/SIG_TLS_168D2DEE.out and proofs/PK_TLS_168D2DEE.der
Signature verification succeeds
[TLS] Server time: 1619676306
[TLS] client_random  (32): F5FD6EF7A0ED895DAFE7D378DBFC740B66CBBCCA404A7BFC8E463A3CFE45D6D1
[TLS] sign_hash (32): B9DA734688FA990D5E8EF143E43D087109D41F62B262AC7E6E63E5FD2A78A5A0
[TLS] Written transcript to proofs/MSG_TLS_F5FD6EF7.out, proofs/SIG_TLS_F5FD6EF7.out and proofs/PK_TLS_F5FD6EF7.der
Signature verification succeeds
[TLS] Server time: 1619676306
[TLS] client_random  (32): 45E805B2E229B66DC1FBBD046AFDC4141456E1EAEBCDD78330D7E7046902D246
[TLS] sign_hash (32): FE0A6A01CCF0616F35A6227D9F39D701F40755421986BAD29E5AC759C32C61D2
[TLS] Written transcript to proofs/MSG_TLS_45E805B2.out, proofs/SIG_TLS_45E805B2.out and proofs/PK_TLS_45E805B2.der
Signature verification succeeds
[TLS] Server time: 1619676306
[TLS] client_random  (32): 0F42387E1FF864E62F7CCE35386D731A4DDE9CF0A2B9FC00D736930660CD1D34
[TLS] sign_hash (32): 7CABC6D2CD598F88E32972A4FD024A093989A5A8A8B7AABA34CF85C3E448E0C6
[TLS] Written transcript to proofs/MSG_TLS_0F42387E.out, proofs/SIG_TLS_0F42387E.out and proofs/PK_TLS_0F42387E.der
Signature verification succeeds
[TLS] Server time: 1619676306
[TLS] client_random  (32): E069679CA2504CC16F7858ED01C9CDC1975232C961FFFF22493AECA4C2A41870
[TLS] sign_hash (32): E64DB8E7D5BB6490BF5C624DC18A51D89738BBB0B3306EAB6AC977AA5E5D0D91
[TLS] Written transcript to proofs/MSG_TLS_E069679C.out, proofs/SIG_TLS_E069679C.out and proofs/PK_TLS_E069679C.der
Signature verification succeeds
[TLS] Server time: 1619676306
[TLS] client_random  (32): F77D362D4CB1D37C40FB81337AA6075FE464A2E38C9EEE513D73D675DD9E3C61
[TLS] sign_hash (32): 24B746343066DB4F6A795ED1122B828D4CA01E2144609143CC70E1B5756E6CA5
[TLS] Written transcript to proofs/MSG_TLS_F77D362D.out, proofs/SIG_TLS_F77D362D.out and proofs/PK_TLS_F77D362D.der
Signature verification succeeds
[TLS] Server time: 1619676306
[TLS] client_random  (32): 55ED41D5E74198A91FD55941A0C3BA194CCACDF5EAEC92C8A37D1131BF890D6A
[TLS] sign_hash (32): 0852DC2C82B3FE50C3F14A1F4CC653179B6BC310EE2452B7381364F048A42FCB
[TLS] Written transcript to proofs/MSG_TLS_55ED41D5.out, proofs/SIG_TLS_55ED41D5.out and proofs/PK_TLS_55ED41D5.der
Signature verification succeeds
[TLS] Server time: 1619676306
[TLS] client_random  (32): FB408921D3791E8D4C3E8B8900D98D4E29BCC90E72DA958FC2F6830622244390
[TLS] sign_hash (32): C34C1F286D516FE45F951CF85ED60ECABFA5815248CB596C5CEAEB96BFE9A290
[TLS] Written transcript to proofs/MSG_TLS_FB408921.out, proofs/SIG_TLS_FB408921.out and proofs/PK_TLS_FB408921.der
Signature verification succeeds
[TLS] Server time: 1619676306
[TLS] client_random  (32): FA229CECD700B490D247ECED9137F6DC09F6870E9B240CFBB8ED4AEFA1ADC4C7
[TLS] sign_hash (32): 25C9B8D6C6FA4FD8657B9AB5BF500A4ED957707B67C06DB3E84710F924DDDD64
[TLS] Written transcript to proofs/MSG_TLS_FA229CEC.out, proofs/SIG_TLS_FA229CEC.out and proofs/PK_TLS_FA229CEC.der
Signature verification succeeds
[TLS] Server time: 1619676306
[TLS] client_random  (32): 1F20ED0DD631D562AC6A00D3A739925F9B3A3AC90FB82C14AD8CBDA5B3CCAC89
[TLS] sign_hash (32): 0489E0408D3E1AC5AED06917E2598177EBD9AD8CB6986502138C7F4467FFA6A7
[TLS] Written transcript to proofs/MSG_TLS_1F20ED0D.out, proofs/SIG_TLS_1F20ED0D.out and proofs/PK_TLS_1F20ED0D.der
Signature verification succeeds
[TLS] Server time: 1619676306
[TLS] client_random  (32): 1B31A20E9E4F91D305B2BDF1EB7F9D5A4423037E515AF330C3DBA85668D24CAA
[TLS] sign_hash (32): A845693DA31078AE55F8D85239082E1A584764B73B2BA59D4596516CE9E158EE
[TLS] Written transcript to proofs/MSG_TLS_1B31A20E.out, proofs/SIG_TLS_1B31A20E.out and proofs/PK_TLS_1B31A20E.der
Signature verification succeeds
[TLS] Server time: 1619676306
[TLS] client_random  (32): 61570984DB972922F050D06E6BC2FE2A183789489936E5F33E5A7E4ACEB34ECB
[TLS] sign_hash (32): 6EDC5D95D37A9652E6CB30D2376B3046514C96D5FD7466D0DAB19FC73312179B
[TLS] Written transcript to proofs/MSG_TLS_61570984.out, proofs/SIG_TLS_61570984.out and proofs/PK_TLS_61570984.der
Signature verification succeeds
[TLS] Server time: 1619676306
[TLS] client_random  (32): A0E0539897BBF4CEAC244DE501E28D3597344A976506449C914032E16CA9D5BC
[TLS] sign_hash (32): 38EFB6E4DBBF4173C6A2663B1E24EDEB7E97C9A279172B18EDF679F94116E5B6
[TLS] Written transcript to proofs/MSG_TLS_A0E05398.out, proofs/SIG_TLS_A0E05398.out and proofs/PK_TLS_A0E05398.der
Signature verification succeeds
[TLS] Server time: 1619676306
[TLS] client_random  (32): 60D2525FB0F44A1993B061EE21DA1DF481E10338446898E4EDD4F234FF53C7CE
[TLS] sign_hash (32): A04F112368E075A291FC8D5E93ADC216C0E07960D7367A12A5811D283341E3BA
[TLS] Written transcript to proofs/MSG_TLS_60D2525F.out, proofs/SIG_TLS_60D2525F.out and proofs/PK_TLS_60D2525F.der
Signature verification succeeds
[TLS] Server time: 1619676306
[TLS] client_random  (32): D73DECFE4BE4B3977C4B58184B9C15B6F042E943895BB57A71901C097E8557B2
[TLS] sign_hash (32): 59DF25A9F2E832B89957A9DAB71F9F3F28332787494D5659BD0E11988331791D
[TLS] Written transcript to proofs/MSG_TLS_D73DECFE.out, proofs/SIG_TLS_D73DECFE.out and proofs/PK_TLS_D73DECFE.der
Signature verification succeeds
[TLS] Server time: 1619676306
[TLS] client_random  (32): B7CE82E2B51BC240B1741FCA78F4A64A5B93FDAE9004D0ACC471AA6B7EB2D370
[TLS] sign_hash (32): CA48D19E469EEC9D33ABC2843E0E30A836992BA819497CECF64C3BC3D7792F98
[TLS] Written transcript to proofs/MSG_TLS_B7CE82E2.out, proofs/SIG_TLS_B7CE82E2.out and proofs/PK_TLS_B7CE82E2.der
Signature verification succeeds
[TLS] Server time: 1619676306
[TLS] client_random  (32): 5FED1BFA3315E741475CA192A6B77218E59ED104435BDDDDBA8C20E9A461096D
[TLS] sign_hash (32): CFF238EB7AAAB5BD837A4CE97F7EA5CC3F72508E2EC81C437C6DCEFED5C5A811
[TLS] Written transcript to proofs/MSG_TLS_5FED1BFA.out, proofs/SIG_TLS_5FED1BFA.out and proofs/PK_TLS_5FED1BFA.der
Signature verification succeeds
[TLS] Server time: 1619676306
[TLS] client_random  (32): B45C23164C2D9308727063ACE6254AD9B4E15A44D5BA7FBE698185406EF67925
[TLS] sign_hash (32): E2C9718DDD7A3786C939E39B3EF16A57F2073BFD3EF7DA9B266617268ED47847
[TLS] Written transcript to proofs/MSG_TLS_B45C2316.out, proofs/SIG_TLS_B45C2316.out and proofs/PK_TLS_B45C2316.der
Signature verification succeeds
[TLS] Server time: 1619676306
[TLS] client_random  (32): A656A98A2103B8AE8020FDE937C01845EFAF43B4140A8FC739B73263F5E0FA5C
[TLS] sign_hash (32): 6DF2EFA83FBEF4DCD8261FDC2C7E4A151EFBCF780F87EE976019224C080B3AC2
[TLS] Written transcript to proofs/MSG_TLS_A656A98A.out, proofs/SIG_TLS_A656A98A.out and proofs/PK_TLS_A656A98A.der
Signature verification succeeds
[TLS] Server time: 1619676306
[TLS] client_random  (32): 736E3A172D75D5109E5F8F94CC02B627DA7A7359500E69286B04D3E162036067
[TLS] sign_hash (32): A341E6F944060071002B564F769B131C78595532FD20FD9306A04BDC2FEA3108
[TLS] Written transcript to proofs/MSG_TLS_736E3A17.out, proofs/SIG_TLS_736E3A17.out and proofs/PK_TLS_736E3A17.der
Signature verification succeeds
[TLS] Server time: 1619676306
[TLS] client_random  (32): D18D8676FF5F63255E5D4BABA361203BFABCDAD7991D1C8828A0A4F75FB92B50
[TLS] sign_hash (32): 239D322CBD3C457C294BA39FAE865C93A82B2671B5A10E5C8E8B7E877C10BD23
[TLS] Written transcript to proofs/MSG_TLS_D18D8676.out, proofs/SIG_TLS_D18D8676.out and proofs/PK_TLS_D18D8676.der
Signature verification succeeds
[TLS] Server time: 1619676306
[TLS] client_random  (32): 213D33C0EF61CBA80B3C5CD31A769B3BB5773E63A915735754EAD284486F4DDC
[TLS] sign_hash (32): 77F5E746C44B37D4242AB1683EAA4B054E3F93C02E4B204DDF679F30144393FD
[TLS] Written transcript to proofs/MSG_TLS_213D33C0.out, proofs/SIG_TLS_213D33C0.out and proofs/PK_TLS_213D33C0.der
Signature verification succeeds
[TLS] Server time: 1619676306
[TLS] client_random  (32): 33E87E324884ACB922682E9858E20A6E9CC1EDFEED437B54DABBC69D6C618DB1
[TLS] sign_hash (32): 14526557054ACC1B4C830A5163FA270F008EED4D126FCF3F1A25EB4941E27228
[TLS] Written transcript to proofs/MSG_TLS_33E87E32.out, proofs/SIG_TLS_33E87E32.out and proofs/PK_TLS_33E87E32.der
Signature verification succeeds
[TLS] Server time: 1619676306
[TLS] client_random  (32): 65ECA0D02262094E6F67BCF81167840DCEAC2D178BA16B76B261BDF423B8B8C9
[TLS] sign_hash (32): 6CEBCF571C8E48B2B3D680AC9B3BF9DF91EA46C4727F32827F2663B19B67E25E
[TLS] Written transcript to proofs/MSG_TLS_65ECA0D0.out, proofs/SIG_TLS_65ECA0D0.out and proofs/PK_TLS_65ECA0D0.der
Signature verification succeeds
[TLS] Server time: 1619676306
[TLS] client_random  (32): 6C7BDEE31F9435927860A9F3DA2AE2670386131203640672388359139E4738C6
[TLS] sign_hash (32): 8F2B9695A81E8284C4ED8E326EB69F213C9C3562EBDAC76111826BF2CC73E74E
[TLS] Written transcript to proofs/MSG_TLS_6C7BDEE3.out, proofs/SIG_TLS_6C7BDEE3.out and proofs/PK_TLS_6C7BDEE3.der
Signature verification succeeds
[TLS] Server time: 1619676306
[TLS] client_random  (32): 06D41A3D514A396CD2FA9BA9479865852A2A2B796D9C5325D500B04FB0E23856
[TLS] sign_hash (32): 504DB9024CD7439AD93F111DFEC6C2FECA07DAAE5068DE4748EC4701349FA723
[TLS] Written transcript to proofs/MSG_TLS_06D41A3D.out, proofs/SIG_TLS_06D41A3D.out and proofs/PK_TLS_06D41A3D.der
Signature verification succeeds
[TLS] Server time: 1619676306
[TLS] client_random  (32): D158EBC70A5518A59F09F4937BA37592465380293550A7E611D468235EBEF0C0
[TLS] sign_hash (32): 47534CCE5C3312812D73F6711DD82307B49163CC7AF63017D09C8A5AE2AAA805
[TLS] Written transcript to proofs/MSG_TLS_D158EBC7.out, proofs/SIG_TLS_D158EBC7.out and proofs/PK_TLS_D158EBC7.der
Signature verification succeeds
[TLS] Server time: 1619676306
[TLS] client_random  (32): ACF6B3C88A1B597AC8941317ED2883A7490150CCE4B491B1870E521BFC533A0D
[TLS] sign_hash (32): 4E45DA80B5534BD4DFDC60D2451491C4306A00B28C77D59BAA56258E0C624B50
[TLS] Written transcript to proofs/MSG_TLS_ACF6B3C8.out, proofs/SIG_TLS_ACF6B3C8.out and proofs/PK_TLS_ACF6B3C8.der
Signature verification succeeds
[TLS] Server time: 1619676306
[TLS] client_random  (32): C25E3F33D03D8E27E79616E2703609835CAFC276AF1ECAD63FED47CFEAC72F6B
[TLS] sign_hash (32): 91109E7401822B8F6874F461EEEB069A724A1F9E4AB576102CAB5EAE08559165
[TLS] Written transcript to proofs/MSG_TLS_C25E3F33.out, proofs/SIG_TLS_C25E3F33.out and proofs/PK_TLS_C25E3F33.der
Signature verification succeeds
[TLS] Server time: 1619676306
[TLS] client_random  (32): 92E062CFF6A17DFF66BD04241E40958C9199D9C1B6F7C830BCF833E5A1DF91DC
[TLS] sign_hash (32): C46BA931F39F8DEB34F5CE55B7829EA1A1CA6FC6F8E4EF627A07971BD1085BC2
[TLS] Written transcript to proofs/MSG_TLS_92E062CF.out, proofs/SIG_TLS_92E062CF.out and proofs/PK_TLS_92E062CF.der
Signature verification succeeds
[TLS] Server time: 1619676306
[TLS] client_random  (32): 2760EA5DD2E0FAA702FF40F5AF923E59B9647109230F9E139851CD2F2D458295
[TLS] sign_hash (32): 3924889BCE2C0F9F1E5FF7551EAC79BAC0BA9EE8F426247B59AA0AE5174B9BAE
[TLS] Written transcript to proofs/MSG_TLS_2760EA5D.out, proofs/SIG_TLS_2760EA5D.out and proofs/PK_TLS_2760EA5D.der
Signature verification succeeds
[TLS] Server time: 1619676306
[TLS] client_random  (32): F7A14BA2E7B9546EB327CE4FFE77AAE797D30BD22AA08B55BA2F2E167BB5175B
[TLS] sign_hash (32): AFBDBEF517341D3194E9941DE83D01CD007CCEB8EE68CDF20C2212BD1B3BA6B5
[TLS] Written transcript to proofs/MSG_TLS_F7A14BA2.out, proofs/SIG_TLS_F7A14BA2.out and proofs/PK_TLS_F7A14BA2.der
Signature verification succeeds
[TLS] Server time: 1619676306
[TLS] client_random  (32): 20BE56FEDB8A9B42C8268D5BEFB493D5EBBC0D1AD45F318387FB1194C9FA41FD
[TLS] sign_hash (32): 40F4E883A63CAB107CA6D5524228D5D0F4164D0859DD3AD9A451275C4AB479D8
[TLS] Written transcript to proofs/MSG_TLS_20BE56FE.out, proofs/SIG_TLS_20BE56FE.out and proofs/PK_TLS_20BE56FE.der
Signature verification succeeds
[TLS] Server time: 1619676306
[TLS] client_random  (32): B244C4241C624CC9AEA81C74D759B0629CEDC4AA21D20C96CDA28CB4151B9591
[TLS] sign_hash (32): 4069F3198B5FFE40F3A1E7C9BDB16B01E203F22942BF24F397A98436C3CDAAD3
[TLS] Written transcript to proofs/MSG_TLS_B244C424.out, proofs/SIG_TLS_B244C424.out and proofs/PK_TLS_B244C424.der
Signature verification succeeds
[TLS] Server time: 1619676306
[TLS] client_random  (32): 76C0F3ECC088ED83769F9229CF076DC629EDA6DF67E48B7D42225484982EB97F
[TLS] sign_hash (32): FABBFE432CD5651719B117166DE8CBAA9F9FF957CC9D4E13344010ADB315FD00
[TLS] Written transcript to proofs/MSG_TLS_76C0F3EC.out, proofs/SIG_TLS_76C0F3EC.out and proofs/PK_TLS_76C0F3EC.der
Signature verification succeeds
[TLS] Server time: 1619676306
[TLS] client_random  (32): F9117DF9C2E6EF0545D8DA13EEBCCD1B75C3B484F905852CE4E50E988832FB84
[TLS] sign_hash (32): 1C14173092C8E3F461988185F7FBD377C500946D1AD1214DD445DE82147240DC
[TLS] Written transcript to proofs/MSG_TLS_F9117DF9.out, proofs/SIG_TLS_F9117DF9.out and proofs/PK_TLS_F9117DF9.der
Signature verification succeeds
[TLS] Server time: 1619676306
[TLS] client_random  (32): 3865FE7F80CEFC5C048C4EAE7CADC4A6AD86B47FFF9F8EF639DBAABBE49182CE
[TLS] sign_hash (32): D402C8C70A3D980A04A0EB180F59E2CD62AD467EF8C39E890DE0893E1D8A11F5
[TLS] Written transcript to proofs/MSG_TLS_3865FE7F.out, proofs/SIG_TLS_3865FE7F.out and proofs/PK_TLS_3865FE7F.der
Signature verification succeeds
[TLS] Server time: 1619676306
[TLS] client_random  (32): FAEE8E09BEB468854B13DF0A9495055EBE1592798A598E01FE946B159F357A14
[TLS] sign_hash (32): A503C99E000FB8B6B47659F9ECDC360EC7D4552DFC62387131A0E8EFBD10B315
[TLS] Written transcript to proofs/MSG_TLS_FAEE8E09.out, proofs/SIG_TLS_FAEE8E09.out and proofs/PK_TLS_FAEE8E09.der
Signature verification succeeds
[TLS] Server time: 1619676306
[TLS] client_random  (32): 1AC141F38FFFA4B7203DB88E1C6CA679977D6260032A5E87797ED49C42C42FD5
[TLS] sign_hash (32): 8C1A043020C2A2C4A4AA93C9FC69A4FF4074EFC8FBF284E1EA90BC3E00E8258C
[TLS] Written transcript to proofs/MSG_TLS_1AC141F3.out, proofs/SIG_TLS_1AC141F3.out and proofs/PK_TLS_1AC141F3.der
Signature verification succeeds
[TLS] Server time: 1619676306
[TLS] client_random  (32): 31916E7CABE6D2912AFE861F078AD3A6465340E328846706A643E3FF065769AC
[TLS] sign_hash (32): 657AA6BE4E4816794869D01FD60D42D4ECDAE183BA012B34E1F308F81831826B
[TLS] Written transcript to proofs/MSG_TLS_31916E7C.out, proofs/SIG_TLS_31916E7C.out and proofs/PK_TLS_31916E7C.der
Signature verification succeeds
[TLS] Server time: 1619676306
[TLS] client_random  (32): AA620E8B988C98895254FCAD101B75DDF54780BED2B3D501C973855FDDA7D1B6
[TLS] sign_hash (32): 7673E826C7151A2ABBD7E92D4372EE96766103FF275E6495BA3C4647E3A6FDDF
[TLS] Written transcript to proofs/MSG_TLS_AA620E8B.out, proofs/SIG_TLS_AA620E8B.out and proofs/PK_TLS_AA620E8B.der
Signature verification succeeds
[TLS] Server time: 1619676306
[TLS] client_random  (32): 36EAE1EE84451F135F8A6296628DC4E8A8F0A293590BF11E356B4D31813AF7C6
[TLS] sign_hash (32): E2A83AF043C3BB456F00384D54691AD55D73B7AEF2F015A32A976FA76D3ACCAE
[TLS] Written transcript to proofs/MSG_TLS_36EAE1EE.out, proofs/SIG_TLS_36EAE1EE.out and proofs/PK_TLS_36EAE1EE.der
Signature verification succeeds
[TLS] Server time: 1619676306
[TLS] client_random  (32): BBE6C322A7D68386BC4716C213EF682808DB66A9F038ED006EAAE38D84110D7C
[TLS] sign_hash (32): 6CD3B286E422B9AFE9C0B4A7188F0AF14F315055C9C77979B3703396B084342B
[TLS] Written transcript to proofs/MSG_TLS_BBE6C322.out, proofs/SIG_TLS_BBE6C322.out and proofs/PK_TLS_BBE6C322.der
Signature verification succeeds
[TLS] Server time: 1619676306
[TLS] client_random  (32): 64B7B63ADA994710E50C97B909C3A06CEDA81122FADC857E8A2F926D7A8B2212
[TLS] sign_hash (32): 6C57978DA9CE055DD0B6C95BCBCAA1C73EE7E88A533B9829F615613015C86D1B
[TLS] Written transcript to proofs/MSG_TLS_64B7B63A.out, proofs/SIG_TLS_64B7B63A.out and proofs/PK_TLS_64B7B63A.der
Signature verification succeeds
[TLS] Server time: 1619676306
[TLS] client_random  (32): DA1F89DD96F0836E0E0871B2ED1A7BDA796EB38D2454942DD3519AC8D90BCA72
[TLS] sign_hash (32): 44DCCD60EFCC3B7A237A8C085661E50B5D9DD2F0C6A4579A2812E068A69ED6A4
[TLS] Written transcript to proofs/MSG_TLS_DA1F89DD.out, proofs/SIG_TLS_DA1F89DD.out and proofs/PK_TLS_DA1F89DD.der
Signature verification succeeds
[TLS] Server time: 1619676307
[TLS] client_random  (32): 2AD7F751D52B08FC0B80AB525081CDFE27BA8C235516EC041D4706A60948C73E
[TLS] sign_hash (32): F0B93D08097AC93C7C0C48A82163A514937D0A74277D5BC7444089802AF24C4F
[TLS] Written transcript to proofs/MSG_TLS_2AD7F751.out, proofs/SIG_TLS_2AD7F751.out and proofs/PK_TLS_2AD7F751.der
Signature verification succeeds
[TLS] Server time: 1619676307
[TLS] client_random  (32): 86A4836C2DA012CE2BEB507B3436ED69110D8C35FE378F6958EA46353952C1C0
[TLS] sign_hash (32): 3201A595433F5D4EAFE6F509D699F666D89DBF1D22B73AEF048117B2ABFF2DCA
[TLS] Written transcript to proofs/MSG_TLS_86A4836C.out, proofs/SIG_TLS_86A4836C.out and proofs/PK_TLS_86A4836C.der
Signature verification succeeds
[TLS] Server time: 1619676307
[TLS] client_random  (32): 6D706400E57C7EE34CAA75DA63841CCD7E620A50ED4047E6812091EF7D06DEDE
[TLS] sign_hash (32): 38435723C7E13430A38661900CD72FD3CD0109F0BF356F7509A18DD044EBBE94
[TLS] Written transcript to proofs/MSG_TLS_6D706400.out, proofs/SIG_TLS_6D706400.out and proofs/PK_TLS_6D706400.der
Signature verification succeeds
[TLS] Server time: 1619676307
[TLS] client_random  (32): 2874D4F12F2C8E78E36D3AC4299701352FC2735E064599A566EC0FEC9A7FF424
[TLS] sign_hash (32): 9EABB39321A2480A832FDC2012E95E0D0BFCADEE58FE1E50AA54FB057356CF2F
[TLS] Written transcript to proofs/MSG_TLS_2874D4F1.out, proofs/SIG_TLS_2874D4F1.out and proofs/PK_TLS_2874D4F1.der
Signature verification succeeds
[TLS] Server time: 1619676307
[TLS] client_random  (32): 4462E05C2A920B841F8F5D59FEDB593619DAAC6DBA650BABC01A482E33135268
[TLS] sign_hash (32): 39544E99277DFE16089C6C4CBA58E9F7C3A2ABF4ABEABC90EA4F7DED80DF02B3
[TLS] Written transcript to proofs/MSG_TLS_4462E05C.out, proofs/SIG_TLS_4462E05C.out and proofs/PK_TLS_4462E05C.der
Signature verification succeeds
[TLS] Server time: 1619676307
[TLS] client_random  (32): 64B73D2523EF8497496EBE8674A8EA9B784735F3B2956F5F8563DD5DA8E2AA9D
[TLS] sign_hash (32): 234F929990D973218BB28207961B0E1C024F538BE544ECAE55F2CEEE38000FC7
[TLS] Written transcript to proofs/MSG_TLS_64B73D25.out, proofs/SIG_TLS_64B73D25.out and proofs/PK_TLS_64B73D25.der
Signature verification succeeds
[TLS] Server time: 1619676307
[TLS] client_random  (32): EB201BDB8D42E20851F326AF4B3F008F8BD67EE20B0F675104397203B6FB3638
[TLS] sign_hash (32): 935C75D78514B5B903832FD870D78F6CA3981EE076D0BB23D437D40D987589B2
[TLS] Written transcript to proofs/MSG_TLS_EB201BDB.out, proofs/SIG_TLS_EB201BDB.out and proofs/PK_TLS_EB201BDB.der
Signature verification succeeds
[TLS] Server time: 1619676307
[TLS] client_random  (32): A90A43559B0FA9BB9B6E3B6EB0E953AFBBD84D1C379BBF2A56ABC76C7004AA1C
[TLS] sign_hash (32): ED55B4F916E71F02971F9DA06E29E5E73C246E205491F7BA27526F35BFC126EF
[TLS] Written transcript to proofs/MSG_TLS_A90A4355.out, proofs/SIG_TLS_A90A4355.out and proofs/PK_TLS_A90A4355.der
Signature verification succeeds
[TLS] Server time: 1619676307
[TLS] client_random  (32): ADFB2A93D22AEF74E086E9F2C2939F1F777C0A6F1CB455020A1C88EF78BEEC3D
[TLS] sign_hash (32): 91A08255059ADB6E3E21ACFBF162DED6AE98D66749BD1EDF092C342EC636464F
[TLS] Written transcript to proofs/MSG_TLS_ADFB2A93.out, proofs/SIG_TLS_ADFB2A93.out and proofs/PK_TLS_ADFB2A93.der
Signature verification succeeds
[TLS] Server time: 1619676307
[TLS] client_random  (32): D3580AE871C6B6D4E9B148B479EE95B0BDCAC745CA1629187BB7163CAEEB4595
[TLS] sign_hash (32): 443ED042EA5CF000DC6D21D6E0340440601428E992ED8AA2B23DE57CDC6B47F0
[TLS] Written transcript to proofs/MSG_TLS_D3580AE8.out, proofs/SIG_TLS_D3580AE8.out and proofs/PK_TLS_D3580AE8.der
Signature verification succeeds
[TLS] Server time: 1619676307
[TLS] client_random  (32): 88A0BC4F12412DB08F2857E41C68790B412C9EB2E7F68AAA87BBF81919E6D89E
[TLS] sign_hash (32): A1212C68526618AE326B54697B7CD4B55B0DCFB512D5F609965114096A514F6D
[TLS] Written transcript to proofs/MSG_TLS_88A0BC4F.out, proofs/SIG_TLS_88A0BC4F.out and proofs/PK_TLS_88A0BC4F.der
Signature verification succeeds
[TLS] Server time: 1619676307
[TLS] client_random  (32): 66F868877D26EB4A7F722504AD758ADEB6FBF8FC82938A5719D11AB478C120A0
[TLS] sign_hash (32): 0CBEA90D1A9CCABEB827A46D0F37A0BD63AFA0C200F71AEC27DB3120F1DB0315
[TLS] Written transcript to proofs/MSG_TLS_66F86887.out, proofs/SIG_TLS_66F86887.out and proofs/PK_TLS_66F86887.der
Signature verification succeeds
[TLS] Server time: 1619676307
[TLS] client_random  (32): F3FDCF547C68390D04ACC59F7D627FC1C7011003F204162B4B5603313252B838
[TLS] sign_hash (32): 63DCB652C7BB0810463E2A5699F246139538FD238061CA0743AD0A0B2573A2D0
[TLS] Written transcript to proofs/MSG_TLS_F3FDCF54.out, proofs/SIG_TLS_F3FDCF54.out and proofs/PK_TLS_F3FDCF54.der
Signature verification succeeds
[TLS] Server time: 1619676307
[TLS] client_random  (32): 97ECCA525AC7644CD0EC0DB5B7E78816B2290A05D66A33804DA3C38C661286A6
[TLS] sign_hash (32): E32A23086596A63A59C17A2EBC4876CD425D78CD164B98EC24DE19A65C7D1F4F
[TLS] Written transcript to proofs/MSG_TLS_97ECCA52.out, proofs/SIG_TLS_97ECCA52.out and proofs/PK_TLS_97ECCA52.der
Signature verification succeeds
[TLS] Server time: 1619676307
[TLS] client_random  (32): EE22435852E9CA401A33FFD2D950A35275A35BB00B7E87FC8FE390D13C97FB08
[TLS] sign_hash (32): 5AC99C8DCE50CDE289C5A616B36B40535972A920F938560E050B7DBF6EF392DD
[TLS] Written transcript to proofs/MSG_TLS_EE224358.out, proofs/SIG_TLS_EE224358.out and proofs/PK_TLS_EE224358.der
Signature verification succeeds
[TLS] Server time: 1619676307
[TLS] client_random  (32): B00E4487BC01F04F2A39F1227FB0BA831C24F64D8773449617BBFBA50A9490DF
[TLS] sign_hash (32): 48691B1B5F47838294FF8024972905E217B5742A707BE282866C93770CD38EE7
[TLS] Written transcript to proofs/MSG_TLS_B00E4487.out, proofs/SIG_TLS_B00E4487.out and proofs/PK_TLS_B00E4487.der
Signature verification succeeds
[TLS] Server time: 1619676307
[TLS] client_random  (32): 577F64380C230AEB7F984FD3A48C0540CA914A7CC8E87DCEAB923CAC97F62C79
[TLS] sign_hash (32): 244EAC6E9F012AFDB897E2B3C3ACC34FB00BAF932F1FC5F4DE4DED4E15723F1E
[TLS] Written transcript to proofs/MSG_TLS_577F6438.out, proofs/SIG_TLS_577F6438.out and proofs/PK_TLS_577F6438.der
Signature verification succeeds
[TLS] Server time: 1619676307
[TLS] client_random  (32): 6D1ACE8827470EF25526F336A75D0011FE61FECCCEF2F21A33EDE1CB96F0ADF8
[TLS] sign_hash (32): 5D72DEC3D67320E428EDCE7B8EBDB7C5DEF34CB7074D02650C1DEAE8E2F5D5EE
[TLS] Written transcript to proofs/MSG_TLS_6D1ACE88.out, proofs/SIG_TLS_6D1ACE88.out and proofs/PK_TLS_6D1ACE88.der
Signature verification succeeds
[TLS] Server time: 1619676307
[TLS] client_random  (32): C591404CFB8F0649B94E91F02CE8CDAA4478D783A58468C59A09AE00B00F6608
[TLS] sign_hash (32): 53248B36FFE77AE6392EB51560255EB4C0F4F6B3CEAC013F94E1CE38CC6F6F2F
[TLS] Written transcript to proofs/MSG_TLS_C591404C.out, proofs/SIG_TLS_C591404C.out and proofs/PK_TLS_C591404C.der
Signature verification succeeds
[TLS] Server time: 1619676307
[TLS] client_random  (32): 434F6C73F15592BBB14D2920F516885F26287DA468082FCED45C3946DB041B2E
[TLS] sign_hash (32): 4C873719FE1C47BF49EF709AF3C7544A19FF6D8A4D9E06E44F1F034DDFCECD36
[TLS] Written transcript to proofs/MSG_TLS_434F6C73.out, proofs/SIG_TLS_434F6C73.out and proofs/PK_TLS_434F6C73.der
Signature verification succeeds
[TLS] Server time: 1619676307
[TLS] client_random  (32): 3511E6A2BA14CC6683FC98E23F5081796C0E1FEF572CA6C38325FC06384D30E0
[TLS] sign_hash (32): ABD716E9C51B3C14A7E2C33C419664E72CA78FD206AF36FAF61B23D8881760F0
[TLS] Written transcript to proofs/MSG_TLS_3511E6A2.out, proofs/SIG_TLS_3511E6A2.out and proofs/PK_TLS_3511E6A2.der
Signature verification succeeds
[TLS] Server time: 1619676307
[TLS] client_random  (32): 57FA2DA9CE7B664153E6F4C3803EC70CAB50AF8021E12F906ACC0CA10D30F793
[TLS] sign_hash (32): 5754B5B01F4D7EFBB36633E6CEBA1AAEA66CAD7FEBD9B1E4ABA02A63C3DD347A
[TLS] Written transcript to proofs/MSG_TLS_57FA2DA9.out, proofs/SIG_TLS_57FA2DA9.out and proofs/PK_TLS_57FA2DA9.der
Signature verification succeeds
[TLS] Server time: 1619676307
[TLS] client_random  (32): 5868E83F634769E73DB83C2E458417F98D93E628F8D7297E1F42330E3D7E5477
[TLS] sign_hash (32): BC85C99AB113BFD0D8E4CDDEC1674AA00692DD65EE5FD9B3CA47C8E69D043B4A
[TLS] Written transcript to proofs/MSG_TLS_5868E83F.out, proofs/SIG_TLS_5868E83F.out and proofs/PK_TLS_5868E83F.der
Signature verification succeeds
[TLS] Server time: 1619676307
[TLS] client_random  (32): A928165428FABF8BC0E74550503226FD930DB4C48D6039AA22016BB9BD920EEA
[TLS] sign_hash (32): 20EBEE52591B3757E13A72BA3CD0A3459DFD32C2D05CD947F240D78B4BC619F0
[TLS] Written transcript to proofs/MSG_TLS_A9281654.out, proofs/SIG_TLS_A9281654.out and proofs/PK_TLS_A9281654.der
Signature verification succeeds
[TLS] Server time: 1619676307
[TLS] client_random  (32): E48C3DC1207105BF04D44F6D16F192712A95EADE565306DC6280CAF1B8123CC8
[TLS] sign_hash (32): 95AD5F85F4E15E91CAF9AC24B1773E23F0ED9FCCB2E27A06E7B0A2769DD01DB9
[TLS] Written transcript to proofs/MSG_TLS_E48C3DC1.out, proofs/SIG_TLS_E48C3DC1.out and proofs/PK_TLS_E48C3DC1.der
Signature verification succeeds
[TLS] Server time: 1619676307
[TLS] client_random  (32): 056E6A7BCC4F419371F1FC2C7BC98D223C2F0E97BAA5981F5F9BB42B7B52132B
[TLS] sign_hash (32): 930DC3DFEE5A90A35C2F56DBE06FEC105ABA85EBD8CE48E68100BAF1D4CFCFC1
[TLS] Written transcript to proofs/MSG_TLS_056E6A7B.out, proofs/SIG_TLS_056E6A7B.out and proofs/PK_TLS_056E6A7B.der
Signature verification succeeds
[TLS] Server time: 1619676307
[TLS] client_random  (32): 2A57A739DA90950214FC64A830A5798C1CC80F63FCD1BB1B08092283B377BEF4
[TLS] sign_hash (32): 0F2530B97663BC61B45A8D2250BF0ED53D30BE38BC8520A4C9FCEA35FF15CC8D
[TLS] Written transcript to proofs/MSG_TLS_2A57A739.out, proofs/SIG_TLS_2A57A739.out and proofs/PK_TLS_2A57A739.der
Signature verification succeeds
[TLS] Server time: 1619676307
[TLS] client_random  (32): B75F2A6BC73724B2DBB79556053E9CD506C904D816186F0D3D88F4DF75F06A9A
[TLS] sign_hash (32): 42CC9E6D7ADC20BDF998E86F2659E9A936D24B4E0E0F5A8A970D81108C35FE68
[TLS] Written transcript to proofs/MSG_TLS_B75F2A6B.out, proofs/SIG_TLS_B75F2A6B.out and proofs/PK_TLS_B75F2A6B.der
Signature verification succeeds
[TLS] Server time: 1619676307
[TLS] client_random  (32): C99E0AD9FB33B05551A35F2E82DD2EF60949D6FE6C8B0A2AB555A32A5E5EB152
[TLS] sign_hash (32): F8E3EFD94B8D110DC92FCC33897EB2671EF691E5381ABA0CE2F87A8B6DB3EF81
[TLS] Written transcript to proofs/MSG_TLS_C99E0AD9.out, proofs/SIG_TLS_C99E0AD9.out and proofs/PK_TLS_C99E0AD9.der
Signature verification succeeds
[TLS] Server time: 1619676308
[TLS] client_random  (32): 22E47BF244710F1762721BF10D78A18325FB0663BC6AA5DFD78DC8B96090C228
[TLS] sign_hash (32): AE30BAAC3A049E24ED0A9F5F7B03B0F8FA764235184C9634473BE1D4405439C5
[TLS] Written transcript to proofs/MSG_TLS_22E47BF2.out, proofs/SIG_TLS_22E47BF2.out and proofs/PK_TLS_22E47BF2.der
Signature verification succeeds
[TLS] Server time: 1619676308
[TLS] client_random  (32): FEDC72EEC0E0403D1A499BEA02CCB01D9E650DF88670951FB5044E0694FA0138
[TLS] sign_hash (32): AD6E469044316D69A49457FE1285E93C025C4DEEBB0C0EEC379E5E668391F62F
[TLS] Written transcript to proofs/MSG_TLS_FEDC72EE.out, proofs/SIG_TLS_FEDC72EE.out and proofs/PK_TLS_FEDC72EE.der
Signature verification succeeds
[TLS] Server time: 1619676308
[TLS] client_random  (32): C7C721BB5691E50097E1A236E2044EF8A6A096061163B600A643818FF5E3037F
[TLS] sign_hash (32): 51A47F39B1E377C556FB073904FC1770EB852B680085385095E5BF47CC8DB5C7
[TLS] Written transcript to proofs/MSG_TLS_C7C721BB.out, proofs/SIG_TLS_C7C721BB.out and proofs/PK_TLS_C7C721BB.der
Signature verification succeeds
[TLS] Server time: 1619676308
[TLS] client_random  (32): A056D79B97FF2509EA4D190848EC9C6EEC32DF24EF4DCEE2F52E2812742CE46B
[TLS] sign_hash (32): E18D4D0FE806EC0815A8280CD38B0430456DA5800B775CEDB6BDC3B25FF5C100
[TLS] Written transcript to proofs/MSG_TLS_A056D79B.out, proofs/SIG_TLS_A056D79B.out and proofs/PK_TLS_A056D79B.der
Signature verification succeeds
[TLS] Server time: 1619676308
[TLS] client_random  (32): 63C021AFC4F29FBEE8EC0F3BFACE1BC1E26376A31BE535386827FBEA9BA79600
[TLS] sign_hash (32): C50E0EBD79839CE34036D2CF22B00426A584F5F04F21A773708D1A8E796153CC
[TLS] Written transcript to proofs/MSG_TLS_63C021AF.out, proofs/SIG_TLS_63C021AF.out and proofs/PK_TLS_63C021AF.der
Signature verification succeeds
[TLS] Server time: 1619676308
[TLS] client_random  (32): 650354590412E095E18BEC912F3A8F9B0342251BB95B5CC1BDBC6FBFBD488725
[TLS] sign_hash (32): 2BE55BFD7F724B9AAB40C08AD2B4AE9FFABC1004A2CE4955223B165F25291A7A
[TLS] Written transcript to proofs/MSG_TLS_65035459.out, proofs/SIG_TLS_65035459.out and proofs/PK_TLS_65035459.der
Signature verification succeeds
[TLS] Server time: 1619676308
[TLS] client_random  (32): F2A864752C4E4B5B0572ACBED189E3F26E4714A45F4C7009CAEB66621C31D10A
[TLS] sign_hash (32): 60CB10109A9257B478E1A1D17A8AB73A7E80ECD788F9636EF7FB16F5F7349267
[TLS] Written transcript to proofs/MSG_TLS_F2A86475.out, proofs/SIG_TLS_F2A86475.out and proofs/PK_TLS_F2A86475.der
Signature verification succeeds
[TLS] Server time: 1619676308
[TLS] client_random  (32): B03B38DF30B3392B96CDF7B9CCF25D4FDAC7D6FC40019A40A84E62553B61466B
[TLS] sign_hash (32): 66FD0FE5417F7EBE4E9C06E82AEA422D5C245BE39F7C899FBF953EE46C02CC82
[TLS] Written transcript to proofs/MSG_TLS_B03B38DF.out, proofs/SIG_TLS_B03B38DF.out and proofs/PK_TLS_B03B38DF.der
Signature verification succeeds
[TLS] Server time: 1619676308
[TLS] client_random  (32): 51EA0C2B7FE28185FD614CA559F5E2A55C579F6E41F0F0FF668CF0035F047141
[TLS] sign_hash (32): 6C26E64E4AA737CCE7B1AC877D8BC1658B12026AAA9C2EA769249F8C219AEDF4
[TLS] Written transcript to proofs/MSG_TLS_51EA0C2B.out, proofs/SIG_TLS_51EA0C2B.out and proofs/PK_TLS_51EA0C2B.der
Signature verification succeeds
[TLS] Server time: 1619676308
[TLS] client_random  (32): 10839A5438EC596E2CC19B94BB6A436835A933CC964150039139BC487E1439DC
[TLS] sign_hash (32): D35D3659A8B8C1D78D9D64F1FEE911A5B01692CCC3075E05C2238CDA86D9A4A8
[TLS] Written transcript to proofs/MSG_TLS_10839A54.out, proofs/SIG_TLS_10839A54.out and proofs/PK_TLS_10839A54.der
Signature verification succeeds
[TLS] Server time: 1619676308
[TLS] client_random  (32): EC0B592D26AC79A701B411F76C8218E09E2D0B1E5D8EE63FEB7E0D32711A2A86
[TLS] sign_hash (32): 7A814E116728DB8600F17FFD49D9DC6DB6DDE5828FA89BC20AA22A81668C9C1A
[TLS] Written transcript to proofs/MSG_TLS_EC0B592D.out, proofs/SIG_TLS_EC0B592D.out and proofs/PK_TLS_EC0B592D.der
Signature verification succeeds
Time breakdown (averages): anchor_ping:16.626151 file_read:0.137877 hashing:0.470168
Total time for 119 rounds is 2067.503302ms
Standard deviations: anchor_ping:59.611742 file_read:0.013006 hashing:0.003990
[Client-side ops] mean:0.608046 sd:0.013975
in & out anchor rand written to proofs/phase1.out
     80 [TLS] Server time: 1619676306
     29 [TLS] Server time: 1619676307
     11 [TLS] Server time: 1619676308
Count is 80
Count is 29
Count is 11
success: 1
RESULT: 1 in 2 tries
