TLS anchor: sruc.ac.uk
Actual: 58, Set: 119
Beginning execution at Fri Apr 30 09:35:01 UTC 2021
CONF: anchor:sruc.ac.uk fs:1024MB n_rounds:119 seed:5c9f4bf9bbc15bb855f82faedc5a52fc3ab2dfa8ec3ba3ce1b270f31fa0cced2 filename:FILE bs:1024 nops:100 benchmarking:0 anchor_ping:1 queue_depth:32 direct:0
[TLS] Connecting to sruc.ac.uk
[TLS] Server time: 1619775301
[TLS] client_random  (32): 5C9F4BF9BBC15BB855F82FAEDC5A52FC3AB2DFA8EC3BA3CE1B270F31FA0CCED2
[TLS] sign_hash (32): B6EDAA77A9A5DBC2D641793E4965004B555BB9F8FE9136E37C78277293CAB1C9
[TLS] Written transcript to proofs/MSG_TLS_5C9F4BF9.out, proofs/SIG_TLS_5C9F4BF9.out and proofs/PK_TLS_5C9F4BF9.der
Signature verification succeeds
[TLS] Server time: 1619775301
[TLS] client_random  (32): 75859B3F6E66689B082B167D5A5D8F94D13F9418471A26EA32E33AECC759FADF
[TLS] sign_hash (32): AC78176DDAE0024E90AF19E7C76EBEE3E7DE3B4CD8C5066C39C3707517E75E78
[TLS] Written transcript to proofs/MSG_TLS_75859B3F.out, proofs/SIG_TLS_75859B3F.out and proofs/PK_TLS_75859B3F.der
Signature verification succeeds
[TLS] Server time: 1619775301
[TLS] client_random  (32): 1BB96C9DA852D828013B009BE3E0B44A4408C19C8227C7D5BC35389E0D928DF8
[TLS] sign_hash (32): CB3A3CE05F4E0C524F5DDA71274ECA369514ED035D2AA8C337998450D4868A43
[TLS] Written transcript to proofs/MSG_TLS_1BB96C9D.out, proofs/SIG_TLS_1BB96C9D.out and proofs/PK_TLS_1BB96C9D.der
Signature verification succeeds
[TLS] Server time: 1619775301
[TLS] client_random  (32): 29634DE32001D7CF3D50401BBF7ECA37127A05B50F2B7C54DBB7CFBDBBBFD25F
[TLS] sign_hash (32): 56DAD525F30A262EF2D901B0B3BE25972826DE64538DB34B82BCB6A493DD1571
[TLS] Written transcript to proofs/MSG_TLS_29634DE3.out, proofs/SIG_TLS_29634DE3.out and proofs/PK_TLS_29634DE3.der
Signature verification succeeds
[TLS] Server time: 1619775301
[TLS] client_random  (32): 7CC0E88A36F275718665C9A1E87CE7427AB8F8CD78BF553BAC85C81EE88C3875
[TLS] sign_hash (32): AE8E0F5E345D42BE02D35096ED8590BEF8F991D8569EC9C43A37DA5BEE7F9240
[TLS] Written transcript to proofs/MSG_TLS_7CC0E88A.out, proofs/SIG_TLS_7CC0E88A.out and proofs/PK_TLS_7CC0E88A.der
Signature verification succeeds
[TLS] Server time: 1619775301
[TLS] client_random  (32): C207FC22E31FC0BA16EBC58FC5C02BD91E10DC515A76A7A2F4E6FF1C6C0F765B
[TLS] sign_hash (32): 24EA7042AAE2E7A4AD9A7A1DF5DC60CEA317ADDCAA862930CB597D935FA55C8C
[TLS] Written transcript to proofs/MSG_TLS_C207FC22.out, proofs/SIG_TLS_C207FC22.out and proofs/PK_TLS_C207FC22.der
Signature verification succeeds
[TLS] Server time: 1619775301
[TLS] client_random  (32): 521AF028D9C57DDCC202C6F97CFD19AF28715937E1838CB781822CBCDAC3AF7A
[TLS] sign_hash (32): 24B0709E6D29AD62F180044EB5C0BB0372DE88A512DE0331E6CA623B850BBBCC
[TLS] Written transcript to proofs/MSG_TLS_521AF028.out, proofs/SIG_TLS_521AF028.out and proofs/PK_TLS_521AF028.der
Signature verification succeeds
[TLS] Server time: 1619775301
[TLS] client_random  (32): B9ADDB11679C2923FE0619C952EBEB0F56F8F1B3315C4208936F2A7259D31405
[TLS] sign_hash (32): D54D214670E6F6567779DAC12A8BD88243E65A4786BABFD9B2A62E9CCD40A3E7
[TLS] Written transcript to proofs/MSG_TLS_B9ADDB11.out, proofs/SIG_TLS_B9ADDB11.out and proofs/PK_TLS_B9ADDB11.der
Signature verification succeeds
[TLS] Server time: 1619775301
[TLS] client_random  (32): C85C86D19A9D313FBCC08C2720402E8EE4BF18D9469BCC386A43EF06B50835B0
[TLS] sign_hash (32): A73CC6B689FD087751E9EB3508FB09D417FE214863BF339B8501F279A30DA98D
[TLS] Written transcript to proofs/MSG_TLS_C85C86D1.out, proofs/SIG_TLS_C85C86D1.out and proofs/PK_TLS_C85C86D1.der
Signature verification succeeds
[TLS] Server time: 1619775301
[TLS] client_random  (32): AC31C1D57D90B8D06862AEBF73B1E48249A29660F107914A4E92ABAE259149A7
[TLS] sign_hash (32): 4A968EFDD6A9AD8587C04925856BD050DE2348A9A091DC5DC86DF79AFB77A79E
[TLS] Written transcript to proofs/MSG_TLS_AC31C1D5.out, proofs/SIG_TLS_AC31C1D5.out and proofs/PK_TLS_AC31C1D5.der
Signature verification succeeds
[TLS] Server time: 1619775301
[TLS] client_random  (32): 296E56FE21DDA545B6138545A3651DD5AA3DC4CAE0F197DE42EA3697D321CB9C
[TLS] sign_hash (32): 36460EBD38A92E9517FF167AFA283A9DBB123AE9312733CDAD3F086CD2C91158
[TLS] Written transcript to proofs/MSG_TLS_296E56FE.out, proofs/SIG_TLS_296E56FE.out and proofs/PK_TLS_296E56FE.der
Signature verification succeeds
[TLS] Server time: 1619775301
[TLS] client_random  (32): B9D2C5CEF242862BF5A30FB1D3C158520C038199E3D539F5F59D8FDF40F28653
[TLS] sign_hash (32): 26AF122094FC310D32BAF9C416D80390CAC21FD188FE2BDEC679B2A683B73C69
[TLS] Written transcript to proofs/MSG_TLS_B9D2C5CE.out, proofs/SIG_TLS_B9D2C5CE.out and proofs/PK_TLS_B9D2C5CE.der
Signature verification succeeds
[TLS] Server time: 1619775301
[TLS] client_random  (32): 661F3D5EB3AE4A531B1CC87A59D0B3CDCDC748933A402B48653A54A8DBEA1B5C
[TLS] sign_hash (32): EC098B4A4B5FBFE66CB4EC6C5CAE38E430A79BA881A9871DACC9B54FA6275377
[TLS] Written transcript to proofs/MSG_TLS_661F3D5E.out, proofs/SIG_TLS_661F3D5E.out and proofs/PK_TLS_661F3D5E.der
Signature verification succeeds
[TLS] Server time: 1619775301
[TLS] client_random  (32): 917867486DC25A90BA85DF476F91B2274A8DBF08151DF985CA21F0F9E51B69F0
[TLS] sign_hash (32): E6FCBBD6E44E46855991A2FF0BC12767E1B070BDA38863D766656E42AF6AC7EA
[TLS] Written transcript to proofs/MSG_TLS_91786748.out, proofs/SIG_TLS_91786748.out and proofs/PK_TLS_91786748.der
Signature verification succeeds
[TLS] Server time: 1619775301
[TLS] client_random  (32): 82A5781DA9F2572544B1C757336960D86AB1883A8727E6ED046B307AE094B582
[TLS] sign_hash (32): E4F8E4E36F1588B56A38D9F02B50A52BBE83BA55B6FEB86C33D3554D57309725
[TLS] Written transcript to proofs/MSG_TLS_82A5781D.out, proofs/SIG_TLS_82A5781D.out and proofs/PK_TLS_82A5781D.der
Signature verification succeeds
[TLS] Server time: 1619775301
[TLS] client_random  (32): F579AFAC02EE338704BA7554F5503B6DC91926E2B6BBABEFF829B28DDD00DB60
[TLS] sign_hash (32): A19FEA804BAF892C603D7EB7430A1DD7E3EADDCB898A58FAA2CC00CA73777F7D
[TLS] Written transcript to proofs/MSG_TLS_F579AFAC.out, proofs/SIG_TLS_F579AFAC.out and proofs/PK_TLS_F579AFAC.der
Signature verification succeeds
[TLS] Server time: 1619775301
[TLS] client_random  (32): 28461C5AC42DF95E33FE3E7E885B248C7ADD66AB24E22614BACFA0ED92B34856
[TLS] sign_hash (32): 2770670195AE212E3B3F342692F3CF3DDFC03F7566D079A7C4E3FE8CC89EF19E
[TLS] Written transcript to proofs/MSG_TLS_28461C5A.out, proofs/SIG_TLS_28461C5A.out and proofs/PK_TLS_28461C5A.der
Signature verification succeeds
[TLS] Server time: 1619775301
[TLS] client_random  (32): 90EC8E5AB938D145B32AFD8E5B57EB76D443DE922E6AA450D47F6AF7ABA0A231
[TLS] sign_hash (32): BA4E243DD5A520EDEA5ECB6A1F395E4B8E1EC509C9D47F8BEFE4D13A74B75E62
[TLS] Written transcript to proofs/MSG_TLS_90EC8E5A.out, proofs/SIG_TLS_90EC8E5A.out and proofs/PK_TLS_90EC8E5A.der
Signature verification succeeds
[TLS] Server time: 1619775301
[TLS] client_random  (32): D1CB85D394C9768524DE6F49DF4E24F62292CF95974B9A569B2874F734E857FE
[TLS] sign_hash (32): 19D47B8752D15B412A1FB421BB75756065B4CB0639D75CA0F5A3241379C3EECB
[TLS] Written transcript to proofs/MSG_TLS_D1CB85D3.out, proofs/SIG_TLS_D1CB85D3.out and proofs/PK_TLS_D1CB85D3.der
Signature verification succeeds
[TLS] Server time: 1619775301
[TLS] client_random  (32): 21E508ABF4A088998C81E39B27E01954C05558C7505AA24BE24CF033F729CC31
[TLS] sign_hash (32): 2EDC5F49163E830BF84095795F24846AC2D785BF73058491D1C3D36003B7AFC4
[TLS] Written transcript to proofs/MSG_TLS_21E508AB.out, proofs/SIG_TLS_21E508AB.out and proofs/PK_TLS_21E508AB.der
Signature verification succeeds
[TLS] Server time: 1619775301
[TLS] client_random  (32): E02DF9071C170958DD5D957C338D63D5087336697EFFA8B93DE8A02C2284D3B3
[TLS] sign_hash (32): 521E45855CA601AB9526A49B41592C837A6CDA38EA77C664F5CF3E3889953F7F
[TLS] Written transcript to proofs/MSG_TLS_E02DF907.out, proofs/SIG_TLS_E02DF907.out and proofs/PK_TLS_E02DF907.der
Signature verification succeeds
[TLS] Server time: 1619775301
[TLS] client_random  (32): 9ACA0D3A9DA262FE442DF0A8DBCBDB89D7B905C16D415A4EB225D5B9714DBB8A
[TLS] sign_hash (32): 249A926B735C8C4FADE2BB7355B9C57C8F4520A4E7BA40ED0024E48E8D245057
[TLS] Written transcript to proofs/MSG_TLS_9ACA0D3A.out, proofs/SIG_TLS_9ACA0D3A.out and proofs/PK_TLS_9ACA0D3A.der
Signature verification succeeds
[TLS] Server time: 1619775301
[TLS] client_random  (32): 1D959B680079D18EBA14071B890EAF34429032C6C9F4E748C368788928C6068D
[TLS] sign_hash (32): 9D37EC061B3698BCED0B0279262960281F900A3F3BC4E3BAA2A795507204AAFC
[TLS] Written transcript to proofs/MSG_TLS_1D959B68.out, proofs/SIG_TLS_1D959B68.out and proofs/PK_TLS_1D959B68.der
Signature verification succeeds
[TLS] Server time: 1619775301
[TLS] client_random  (32): D6F69BCCA37D5167EF28467DB12189C57214B308E55C1108BB2599A5A3869EA7
[TLS] sign_hash (32): B5ADF87FDE8093F1534D1C76D5B8299386A42903E0DB99706C45D9E61BE67C00
[TLS] Written transcript to proofs/MSG_TLS_D6F69BCC.out, proofs/SIG_TLS_D6F69BCC.out and proofs/PK_TLS_D6F69BCC.der
Signature verification succeeds
[TLS] Server time: 1619775301
[TLS] client_random  (32): AB84FD09014EF473FC2B2CA8A812FBDA8AE27E8D683265AB54E22AAC9A25A1E8
[TLS] sign_hash (32): 2D0FAFEEAD2128399CC4AA044184E80BDEA51953962A182F68CE8331AD26F40C
[TLS] Written transcript to proofs/MSG_TLS_AB84FD09.out, proofs/SIG_TLS_AB84FD09.out and proofs/PK_TLS_AB84FD09.der
Signature verification succeeds
[TLS] Server time: 1619775301
[TLS] client_random  (32): 66740A7C50F1FE98141FAC67531D7DB40C8A288854D08EF447BE17E35EA45DF6
[TLS] sign_hash (32): BDB9FA4B513692EFD63FA0B0B4F60213CDF30A8E7011CC5ADDD874FD836A9214
[TLS] Written transcript to proofs/MSG_TLS_66740A7C.out, proofs/SIG_TLS_66740A7C.out and proofs/PK_TLS_66740A7C.der
Signature verification succeeds
[TLS] Server time: 1619775301
[TLS] client_random  (32): 05174B08021621A8C509E5664881497A1FD6FE4B1382B76931780EDC8740D8A8
[TLS] sign_hash (32): 43E0B2A3B7FFEC50E46543727290208CAE4B41948F68194845DDDA052CF8CACA
[TLS] Written transcript to proofs/MSG_TLS_05174B08.out, proofs/SIG_TLS_05174B08.out and proofs/PK_TLS_05174B08.der
Signature verification succeeds
[TLS] Server time: 1619775301
[TLS] client_random  (32): B8FBAD65CCB8889857D33E1D81599CAEF0CC2BECB0EE5B2379B5A3273B5CA6B5
[TLS] sign_hash (32): C0F4FA1C934EC7284AC448BCFA76F2B330E0C9E299D8B2B030F40722A4FE9252
[TLS] Written transcript to proofs/MSG_TLS_B8FBAD65.out, proofs/SIG_TLS_B8FBAD65.out and proofs/PK_TLS_B8FBAD65.der
Signature verification succeeds
[TLS] Server time: 1619775301
[TLS] client_random  (32): E5801E4E54315CF74523144F314C385C7027C5BE55FD07C9215EA7FB161EA84D
[TLS] sign_hash (32): 45A41BC032356FF01CC3CE6E5AF40C40D2D78B976BB7ED626D0F081EF6E20228
[TLS] Written transcript to proofs/MSG_TLS_E5801E4E.out, proofs/SIG_TLS_E5801E4E.out and proofs/PK_TLS_E5801E4E.der
Signature verification succeeds
[TLS] Server time: 1619775301
[TLS] client_random  (32): 0879EFF425B9E305F19C5035949A734AB5616F23CAFE40D98EDE9D609F785AE6
[TLS] sign_hash (32): 6733F26A026CBD1386051B63D77841BE191E36CCFDC7E28104824B16B04E1171
[TLS] Written transcript to proofs/MSG_TLS_0879EFF4.out, proofs/SIG_TLS_0879EFF4.out and proofs/PK_TLS_0879EFF4.der
Signature verification succeeds
[TLS] Server time: 1619775301
[TLS] client_random  (32): FA37734F115EF049552C82892AFCEA0B40810E59B033AEB5996733DA0A4513C5
[TLS] sign_hash (32): D9F8E91E9E1D189500799A612C2EBCBC13A17201CA7258C614522034835F3C60
[TLS] Written transcript to proofs/MSG_TLS_FA37734F.out, proofs/SIG_TLS_FA37734F.out and proofs/PK_TLS_FA37734F.der
Signature verification succeeds
[TLS] Server time: 1619775301
[TLS] client_random  (32): 34EF7368FB0BE7517A6DD7C0223A40F9916015788A5942710C2ACD6ED3F87EB9
[TLS] sign_hash (32): F551DE0991526D6585197DBD86F75AEF3471A2F515FCFFAA2972399467E9AB74
[TLS] Written transcript to proofs/MSG_TLS_34EF7368.out, proofs/SIG_TLS_34EF7368.out and proofs/PK_TLS_34EF7368.der
Signature verification succeeds
[TLS] Server time: 1619775301
[TLS] client_random  (32): B5526D5D244A963E23B2CCCD6D209E92BCE844AA62DC57AC2929E24C39652A81
[TLS] sign_hash (32): 708442CD59C24DBC92981D13972D459921752952C218771C134198A1AE877EA9
[TLS] Written transcript to proofs/MSG_TLS_B5526D5D.out, proofs/SIG_TLS_B5526D5D.out and proofs/PK_TLS_B5526D5D.der
Signature verification succeeds
[TLS] Server time: 1619775301
[TLS] client_random  (32): 18510B7C3C6D52B2220E7AACA084D8D5A4A77F6FFBA52521DF283F52CF0BD3E6
[TLS] sign_hash (32): 490108E133B47E7E5F8D9437D41CB1485162C09E82DB275E5F20236DA6AFCBF3
[TLS] Written transcript to proofs/MSG_TLS_18510B7C.out, proofs/SIG_TLS_18510B7C.out and proofs/PK_TLS_18510B7C.der
Signature verification succeeds
[TLS] Server time: 1619775301
[TLS] client_random  (32): 19AADC2F2494F0390C127B4BE219F9DA8B5393E5AF614A7DA88479AE1FCDF65D
[TLS] sign_hash (32): 5CBEB96767EE69423C6545B47BFD397DAC424D7090791516F41E9CBC93F3BF27
[TLS] Written transcript to proofs/MSG_TLS_19AADC2F.out, proofs/SIG_TLS_19AADC2F.out and proofs/PK_TLS_19AADC2F.der
Signature verification succeeds
[TLS] Server time: 1619775301
[TLS] client_random  (32): CFD665116DD52C62D417E381945743FC8EFD2F261FF649DABB1BCC28A1E68405
[TLS] sign_hash (32): 3B09BCAA5F2E78F46F3D794E0C9BC084A4FD704DEB0D4053CD2023287E132B35
[TLS] Written transcript to proofs/MSG_TLS_CFD66511.out, proofs/SIG_TLS_CFD66511.out and proofs/PK_TLS_CFD66511.der
Signature verification succeeds
[TLS] Server time: 1619775301
[TLS] client_random  (32): B89E78C5E333E79B2BAA216742D67E13783608451DE0B33B07C1F61796D840B6
[TLS] sign_hash (32): 5A0105DFD3D66EBCD8DDD7A26D073A9EBBCD89AD6FA20991A1B86108D7139506
[TLS] Written transcript to proofs/MSG_TLS_B89E78C5.out, proofs/SIG_TLS_B89E78C5.out and proofs/PK_TLS_B89E78C5.der
Signature verification succeeds
[TLS] Server time: 1619775301
[TLS] client_random  (32): 1DE54289718F55690D0CA27C3D6D9BA44B594D74EBC4C39D7850A53FF09D445B
[TLS] sign_hash (32): 8816AC00AD35541D49992FCE51E526A4496608297BD90B355F7177873EA03CA0
[TLS] Written transcript to proofs/MSG_TLS_1DE54289.out, proofs/SIG_TLS_1DE54289.out and proofs/PK_TLS_1DE54289.der
Signature verification succeeds
[TLS] Server time: 1619775302
[TLS] client_random  (32): E865BB00D5A8E3826FEA56D2FE821DCAF79A638F25813DF55789829BC573DE5F
[TLS] sign_hash (32): 7D85CE963313E63A07D7AE470D722EF94B3EF7FE1FAED7AA807AA778315D4646
[TLS] Written transcript to proofs/MSG_TLS_E865BB00.out, proofs/SIG_TLS_E865BB00.out and proofs/PK_TLS_E865BB00.der
Signature verification succeeds
[TLS] Server time: 1619775302
[TLS] client_random  (32): 062C68A0A40AD3C0D7603C2FC2AC036ECFACB0628F2DBE6910010CD77B51C544
[TLS] sign_hash (32): C856A435EC0115AC09E9B995B9AE0AACC13C9296BBDE2C0B72F654D001360208
[TLS] Written transcript to proofs/MSG_TLS_062C68A0.out, proofs/SIG_TLS_062C68A0.out and proofs/PK_TLS_062C68A0.der
Signature verification succeeds
[TLS] Server time: 1619775302
[TLS] client_random  (32): BCE59B46CAB18E70B64778F818D4FB6FF5E8F989CB02E564C85F29423212AAF7
[TLS] sign_hash (32): 25B78BC901CB7EA6A0D8BE5DE1D9EC5AFD476B639A4A11AA62CAEFEED554B222
[TLS] Written transcript to proofs/MSG_TLS_BCE59B46.out, proofs/SIG_TLS_BCE59B46.out and proofs/PK_TLS_BCE59B46.der
Signature verification succeeds
[TLS] Server time: 1619775302
[TLS] client_random  (32): 4BC0C978AD5AEC4994D569DC278B726C84E437048F5776C7B3A301019D94D6D9
[TLS] sign_hash (32): 7D76309579EA7C3182051B6FE49923E3C8427B9D541EB4AECA4F3179507FAEE0
[TLS] Written transcript to proofs/MSG_TLS_4BC0C978.out, proofs/SIG_TLS_4BC0C978.out and proofs/PK_TLS_4BC0C978.der
Signature verification succeeds
[TLS] Server time: 1619775302
[TLS] client_random  (32): 96A8AC213518E68D489C8BCBA4C7D0162CC0DAEE2BE7D6823DCFA34EC572F688
[TLS] sign_hash (32): C67ADCAD93AF0FD5AF826F17F0D7E53BB6E8C4B23CDA33402702EB33AA6B57C6
[TLS] Written transcript to proofs/MSG_TLS_96A8AC21.out, proofs/SIG_TLS_96A8AC21.out and proofs/PK_TLS_96A8AC21.der
Signature verification succeeds
[TLS] Server time: 1619775302
[TLS] client_random  (32): 6E649E0D74177ED1E4820D24CE4621832B067EC777CDD305ABD77D0734C4BB75
[TLS] sign_hash (32): C1405FDED2280148A60E9FB45EA41B16420124C79223A7BFC9CA4B8087B296D0
[TLS] Written transcript to proofs/MSG_TLS_6E649E0D.out, proofs/SIG_TLS_6E649E0D.out and proofs/PK_TLS_6E649E0D.der
Signature verification succeeds
[TLS] Server time: 1619775302
[TLS] client_random  (32): 4B4368982243F37D801635C7B4B12DC52F09607B23FF7B2125595A38BD7AAEB3
[TLS] sign_hash (32): 4C91ACB54C5A1DAA68B3F894A8EE20E893C35995B53E06C0E3C0C38FC86C038E
[TLS] Written transcript to proofs/MSG_TLS_4B436898.out, proofs/SIG_TLS_4B436898.out and proofs/PK_TLS_4B436898.der
Signature verification succeeds
[TLS] Server time: 1619775302
[TLS] client_random  (32): 03741EE6F6438FAF583CC2DAB2530DEE5EDF397C59E3DDA34B47689CE77741BF
[TLS] sign_hash (32): 998A2C0DB2AB894CA35528E84AC353DA3B982974178302308DE688505717762D
[TLS] Written transcript to proofs/MSG_TLS_03741EE6.out, proofs/SIG_TLS_03741EE6.out and proofs/PK_TLS_03741EE6.der
Signature verification succeeds
[TLS] Server time: 1619775302
[TLS] client_random  (32): E34BE206669B04088BE47DBCBA82065E735FA9F32FEA54930C2FC491CA536F5B
[TLS] sign_hash (32): 1FE937FA0D58370297D037F56BD78D8743F0D9A2737618E658C8C41E0B214989
[TLS] Written transcript to proofs/MSG_TLS_E34BE206.out, proofs/SIG_TLS_E34BE206.out and proofs/PK_TLS_E34BE206.der
Signature verification succeeds
[TLS] Server time: 1619775302
[TLS] client_random  (32): 1E518BD3A4118EEA56132CF30A957CBF29F216F0BCD690202CE47B7F2E1DE954
[TLS] sign_hash (32): 66D9C557D4A9E6A6F25C26664B5F5FDC3AA4A76B45822072A516A408E54BAB10
[TLS] Written transcript to proofs/MSG_TLS_1E518BD3.out, proofs/SIG_TLS_1E518BD3.out and proofs/PK_TLS_1E518BD3.der
Signature verification succeeds
[TLS] Server time: 1619775302
[TLS] client_random  (32): B5FCE27FD8976691B9FDF5524A493E34DB0F73AE66BB1FDF6E84A0C6C79C105D
[TLS] sign_hash (32): 62516B7C71D01CCDFAC110C6AAE103AE47AF3A58EF3E8E5F4B7A612A96E9B9E2
[TLS] Written transcript to proofs/MSG_TLS_B5FCE27F.out, proofs/SIG_TLS_B5FCE27F.out and proofs/PK_TLS_B5FCE27F.der
Signature verification succeeds
[TLS] Server time: 1619775302
[TLS] client_random  (32): 9E915BB230834C7F7EE2A1D0D9EA305F2A901DC8EE87737E0E23E60350E417CD
[TLS] sign_hash (32): F3FBC3A59F50524FFC1904BD61A6CD2E30BCB7A416981CD6D6BF247C1794EEF8
[TLS] Written transcript to proofs/MSG_TLS_9E915BB2.out, proofs/SIG_TLS_9E915BB2.out and proofs/PK_TLS_9E915BB2.der
Signature verification succeeds
[TLS] Server time: 1619775302
[TLS] client_random  (32): 990D883EC8C5BE09510105E17E8EC0826485F5D1EC644E5309FC4A6D1D982FC5
[TLS] sign_hash (32): 1E244ED1B64E8639DEE8FE002FC68ED9279A9729C0C8EC634086696CD0081306
[TLS] Written transcript to proofs/MSG_TLS_990D883E.out, proofs/SIG_TLS_990D883E.out and proofs/PK_TLS_990D883E.der
Signature verification succeeds
[TLS] Server time: 1619775302
[TLS] client_random  (32): E0404376818C822E8B6A512A5D1CE3A517DF78A7856B42000EE811584245153F
[TLS] sign_hash (32): EB08217399E78ABCAD5A74BA774544B25A45920EB91E5956AB3A5AEC9D8914C2
[TLS] Written transcript to proofs/MSG_TLS_E0404376.out, proofs/SIG_TLS_E0404376.out and proofs/PK_TLS_E0404376.der
Signature verification succeeds
[TLS] Server time: 1619775302
[TLS] client_random  (32): A6C3D2F1504F1BB940767251A4E1800EF5609A12CC19122133530AD8D65FA308
[TLS] sign_hash (32): D4B4F0981B11CC3AE60489E97BAD81CA27A6F52C714DDB20FF253B561C4A293F
[TLS] Written transcript to proofs/MSG_TLS_A6C3D2F1.out, proofs/SIG_TLS_A6C3D2F1.out and proofs/PK_TLS_A6C3D2F1.der
Signature verification succeeds
[TLS] Server time: 1619775302
[TLS] client_random  (32): 04A786F5FE6E4EE3A76EA258C17EB7A6C80DF126512D6F02596B9131C9240038
[TLS] sign_hash (32): 67A62073D484F27C4C616421C8EA4538EB2D96660B04C1AB4917601CF2FCD5F6
[TLS] Written transcript to proofs/MSG_TLS_04A786F5.out, proofs/SIG_TLS_04A786F5.out and proofs/PK_TLS_04A786F5.der
Signature verification succeeds
[TLS] Server time: 1619775302
[TLS] client_random  (32): C725C2D919AB2963733517F86C191F0B7742C87B85976A1384A648C30F76961D
[TLS] sign_hash (32): AB7596F54CB638E35663A87A3A1D0E6D66D5F3A75ED869F0450F13424C1DE600
[TLS] Written transcript to proofs/MSG_TLS_C725C2D9.out, proofs/SIG_TLS_C725C2D9.out and proofs/PK_TLS_C725C2D9.der
Signature verification succeeds
[TLS] Server time: 1619775302
[TLS] client_random  (32): 7100A1F3F9EAB303E76B6708C9840050E3508CA397AEB7C4BFF1F7FBEC0514E3
[TLS] sign_hash (32): 141CED60B7A588E06160B5334839070CFE56D84DC2B19BEBF8F14ABA537B31A1
[TLS] Written transcript to proofs/MSG_TLS_7100A1F3.out, proofs/SIG_TLS_7100A1F3.out and proofs/PK_TLS_7100A1F3.der
Signature verification succeeds
[TLS] Server time: 1619775302
[TLS] client_random  (32): 2CB6D1BA18BE36DD3F203C132BBF453AD763F9A4048C897E76997B5AB42700D0
[TLS] sign_hash (32): F16277237E9A3BFA8CC6A2FAC9921248AA9CA9137EBEDFE5357E88D846BAC9F8
[TLS] Written transcript to proofs/MSG_TLS_2CB6D1BA.out, proofs/SIG_TLS_2CB6D1BA.out and proofs/PK_TLS_2CB6D1BA.der
Signature verification succeeds
[TLS] Server time: 1619775302
[TLS] client_random  (32): 26E778F01961CF16CC7248C2D7D452B5CC244EA628E28C722321B9A492D5C950
[TLS] sign_hash (32): 62907080156A930A0F1E5F01F30AC727AA21CEC881A32BDFB9246D858CF5C3F7
[TLS] Written transcript to proofs/MSG_TLS_26E778F0.out, proofs/SIG_TLS_26E778F0.out and proofs/PK_TLS_26E778F0.der
Signature verification succeeds
[TLS] Server time: 1619775302
[TLS] client_random  (32): F7525691AE90A1D59595651BE8CF928B2C0693BC490E2355A23E330D7476F1B2
[TLS] sign_hash (32): 04812AFA945347AA232EA1D2F19E619D20791F6006E480A5DD72AD0BD840C872
[TLS] Written transcript to proofs/MSG_TLS_F7525691.out, proofs/SIG_TLS_F7525691.out and proofs/PK_TLS_F7525691.der
Signature verification succeeds
[TLS] Server time: 1619775302
[TLS] client_random  (32): FFD57D75847D185AF3B7AB28DA3881EE9E0E74DD5851CC5DE35003C419DDD7B0
[TLS] sign_hash (32): 95D0D803BE128D765B505CA23E8016EF14CF216BE63561E0AFD5534CCCF5C42A
[TLS] Written transcript to proofs/MSG_TLS_FFD57D75.out, proofs/SIG_TLS_FFD57D75.out and proofs/PK_TLS_FFD57D75.der
Signature verification succeeds
[TLS] Server time: 1619775302
[TLS] client_random  (32): 7B0845D875C97D32E7450AB3F8DBDCB36E8125811E812B751244828A70888C32
[TLS] sign_hash (32): 3AE68AE9BB1051771AB0B4A96AB29624B419AC624EA2686180140320A0CE9B7B
[TLS] Written transcript to proofs/MSG_TLS_7B0845D8.out, proofs/SIG_TLS_7B0845D8.out and proofs/PK_TLS_7B0845D8.der
Signature verification succeeds
[TLS] Server time: 1619775302
[TLS] client_random  (32): B2219C5994B132FAA4BDB046EBABB41BC8907CB700807108CBC714691E0F7483
[TLS] sign_hash (32): D44997B5E9EA0407371C7B0BFF97DD1BAAE782317AB9ACB3F1EE4CB11D3E92B3
[TLS] Written transcript to proofs/MSG_TLS_B2219C59.out, proofs/SIG_TLS_B2219C59.out and proofs/PK_TLS_B2219C59.der
Signature verification succeeds
[TLS] Server time: 1619775302
[TLS] client_random  (32): 49522D83E8267C3992432FB6577FC40E47C15D81C0335011760C847338E5603B
[TLS] sign_hash (32): 8C85BF87F502E36971926D1AFBA98A33F59E711CBB28064040F51CE15B8F6634
[TLS] Written transcript to proofs/MSG_TLS_49522D83.out, proofs/SIG_TLS_49522D83.out and proofs/PK_TLS_49522D83.der
Signature verification succeeds
[TLS] Server time: 1619775302
[TLS] client_random  (32): B8FC11C0947BBEF217170E4D1447B500CC1AB1EC0EF83447EEECEAD4C1AE410E
[TLS] sign_hash (32): 2DD2C81534CC6D660AD3FF22DDE0199883396EE7FC6200DFFEA6C6687C0A28CB
[TLS] Written transcript to proofs/MSG_TLS_B8FC11C0.out, proofs/SIG_TLS_B8FC11C0.out and proofs/PK_TLS_B8FC11C0.der
Signature verification succeeds
[TLS] Server time: 1619775302
[TLS] client_random  (32): D6126F7164D231D6660EFC9B5C6C04C432D2A368592D4DF9AAB1B499422DE38F
[TLS] sign_hash (32): 38CBB926F40FB032226CE5EAEF247F3EA23262FFB6CC7791482AE6B5911D8577
[TLS] Written transcript to proofs/MSG_TLS_D6126F71.out, proofs/SIG_TLS_D6126F71.out and proofs/PK_TLS_D6126F71.der
Signature verification succeeds
[TLS] Server time: 1619775302
[TLS] client_random  (32): 015BF1636797DE97FE8861259B1564EED431573C2A483A4694BF6F94535B5FE6
[TLS] sign_hash (32): 6DC71CC51681D7F840E482D4CB70A7E6B92E0E4B4E481ADA3FF873C066878EE1
[TLS] Written transcript to proofs/MSG_TLS_015BF163.out, proofs/SIG_TLS_015BF163.out and proofs/PK_TLS_015BF163.der
Signature verification succeeds
[TLS] Server time: 1619775302
[TLS] client_random  (32): 1A99D7FA824BEFD45DB9F0C428B3251AAADBCBC4D00988101555552A15508EC4
[TLS] sign_hash (32): A36AC931427ED93B423E81AD9B869A331A64961226F60C2093B8E6B23F2F83D3
[TLS] Written transcript to proofs/MSG_TLS_1A99D7FA.out, proofs/SIG_TLS_1A99D7FA.out and proofs/PK_TLS_1A99D7FA.der
Signature verification succeeds
[TLS] Server time: 1619775302
[TLS] client_random  (32): DA3AAFC534FC3BC3F9EC88F636419F245B0432B4F421792C5A71CB85B69A19AD
[TLS] sign_hash (32): B3F301C7A00033DB2DC38002F551DBC6850246BA7CFBCBD2DAFC171A90D0178A
[TLS] Written transcript to proofs/MSG_TLS_DA3AAFC5.out, proofs/SIG_TLS_DA3AAFC5.out and proofs/PK_TLS_DA3AAFC5.der
Signature verification succeeds
[TLS] Server time: 1619775302
[TLS] client_random  (32): 1756B3F9908DEB009C74373FE437350FC9B5174D0AC89AB2B3E1CD025664D546
[TLS] sign_hash (32): B9FAC1280D696A3A8461430469A46AECD1226D7FD3730DFD91770AE09F28FD00
[TLS] Written transcript to proofs/MSG_TLS_1756B3F9.out, proofs/SIG_TLS_1756B3F9.out and proofs/PK_TLS_1756B3F9.der
Signature verification succeeds
[TLS] Server time: 1619775302
[TLS] client_random  (32): 59A1F0013E390AD2601124192A42B1120EFB0F3DB92E94B11BC3B0B6B422E3D1
[TLS] sign_hash (32): F427A7548D9A9F2D75B2DC23929B76237F6A6E889AF8D904665836406D70C733
[TLS] Written transcript to proofs/MSG_TLS_59A1F001.out, proofs/SIG_TLS_59A1F001.out and proofs/PK_TLS_59A1F001.der
Signature verification succeeds
[TLS] Server time: 1619775302
[TLS] client_random  (32): 8D01DC0F7F88DF1D69F80A9D542D975DE20FBBA3DA419962924D4EA3D7E64744
[TLS] sign_hash (32): 224564C5BC69DFA5F5B0D204CA3909C3E8671F8F7682D02C013FB54CFB832A61
[TLS] Written transcript to proofs/MSG_TLS_8D01DC0F.out, proofs/SIG_TLS_8D01DC0F.out and proofs/PK_TLS_8D01DC0F.der
Signature verification succeeds
[TLS] Server time: 1619775302
[TLS] client_random  (32): 431137154D377899D794C2588FF92A7B60D45AD3BF6A773A814E283C4B5EE9CB
[TLS] sign_hash (32): C0AE7110A29BA912FB43370A3AE2CE509F64B73718747C2BCBDD806D2405E764
[TLS] Written transcript to proofs/MSG_TLS_43113715.out, proofs/SIG_TLS_43113715.out and proofs/PK_TLS_43113715.der
Signature verification succeeds
[TLS] Server time: 1619775302
[TLS] client_random  (32): B3D157317FA1D20F17D7F196196D6012B024F082F4FE4ECA7105C6DFB3EC143E
[TLS] sign_hash (32): C9B6C5B475E870B167E00D60E7BE7B24CD410DD7F207DEE8752AA863D7B6304B
[TLS] Written transcript to proofs/MSG_TLS_B3D15731.out, proofs/SIG_TLS_B3D15731.out and proofs/PK_TLS_B3D15731.der
Signature verification succeeds
[TLS] Server time: 1619775303
[TLS] client_random  (32): F4366DE354BB6F177A28E8C804E8CC762F126C04E226B9CA299333CC31A6549B
[TLS] sign_hash (32): 1D8D976A437F3655E9EF2E90E28670A335E6F500E0BEDB89B4E392AE5E8E627F
[TLS] Written transcript to proofs/MSG_TLS_F4366DE3.out, proofs/SIG_TLS_F4366DE3.out and proofs/PK_TLS_F4366DE3.der
Signature verification succeeds
[TLS] Server time: 1619775303
[TLS] client_random  (32): 6A3FBBE0B6BF4260A039F51E5E804DA2A70F0AEC1E10292A6C1926C509A1A636
[TLS] sign_hash (32): 274FFF4EBAD6756975010C04DD2A91C3A5952E124D522C9B8CADBD5EE56E4204
[TLS] Written transcript to proofs/MSG_TLS_6A3FBBE0.out, proofs/SIG_TLS_6A3FBBE0.out and proofs/PK_TLS_6A3FBBE0.der
Signature verification succeeds
[TLS] Server time: 1619775303
[TLS] client_random  (32): 4C7C7F2C9FF6D83976DCF815F75248F5733B0496312485BCF5E9ABFBE9186109
[TLS] sign_hash (32): 3331345A44290C8C5F94F4059C0FCB3FD894E2D549F9C19874E9B1FE0F57BDC0
[TLS] Written transcript to proofs/MSG_TLS_4C7C7F2C.out, proofs/SIG_TLS_4C7C7F2C.out and proofs/PK_TLS_4C7C7F2C.der
Signature verification succeeds
[TLS] Server time: 1619775303
[TLS] client_random  (32): CBE4DFC56795D66B53F3909B0A52B75808F537CBA72743F51079D1E33D07859E
[TLS] sign_hash (32): 884310C4F75D4FA1B84874E5E6746C462192C33DD002B24A77A0168A8ED6B7FF
[TLS] Written transcript to proofs/MSG_TLS_CBE4DFC5.out, proofs/SIG_TLS_CBE4DFC5.out and proofs/PK_TLS_CBE4DFC5.der
Signature verification succeeds
[TLS] Server time: 1619775303
[TLS] client_random  (32): 3963A020E9C65C60E53715717508FF22EB2F4C1F4587403F6B181DBBE71D4E49
[TLS] sign_hash (32): 5DE31141CC575E42838F1CB7D3A32F30BB3CA5382236540137DF5CEA23287338
[TLS] Written transcript to proofs/MSG_TLS_3963A020.out, proofs/SIG_TLS_3963A020.out and proofs/PK_TLS_3963A020.der
Signature verification succeeds
[TLS] Server time: 1619775303
[TLS] client_random  (32): 0DFE435E4FCD407BC98221E4361B51E3DC881EB9DD1ACE8BFD0A37E6DB104C49
[TLS] sign_hash (32): 5257E2E5FD7EC484162486C250297C6EC8CD13559BCB5D0A03E51D8BD4317901
[TLS] Written transcript to proofs/MSG_TLS_0DFE435E.out, proofs/SIG_TLS_0DFE435E.out and proofs/PK_TLS_0DFE435E.der
Signature verification succeeds
[TLS] Server time: 1619775303
[TLS] client_random  (32): 571EF52B6B569EB3D762423E5DA7EF362C574184FC73E86F152DE0E3E90B2169
[TLS] sign_hash (32): 8D8DDD8ED56870BEC7C4D1361B4119726A99097FAE48C120E5C92C86960F4561
[TLS] Written transcript to proofs/MSG_TLS_571EF52B.out, proofs/SIG_TLS_571EF52B.out and proofs/PK_TLS_571EF52B.der
Signature verification succeeds
[TLS] Server time: 1619775303
[TLS] client_random  (32): 54B091DC3FC98E8736285B887419DC4A1672740C4C45E51EAD0F7550E98EA232
[TLS] sign_hash (32): 10979CE6D48DAB7A2605ED4C89282549F91043BCBA550B1DCCE833BADD2793A9
[TLS] Written transcript to proofs/MSG_TLS_54B091DC.out, proofs/SIG_TLS_54B091DC.out and proofs/PK_TLS_54B091DC.der
Signature verification succeeds
[TLS] Server time: 1619775303
[TLS] client_random  (32): 837B2B9D0D255C7545F7D82D2D6E5D003C703D6F1F74E418538418476141BDB0
[TLS] sign_hash (32): 4437E465527C77CEB5038A38E68260459E6D9B991E182A6E108E45C585E04794
[TLS] Written transcript to proofs/MSG_TLS_837B2B9D.out, proofs/SIG_TLS_837B2B9D.out and proofs/PK_TLS_837B2B9D.der
Signature verification succeeds
[TLS] Server time: 1619775303
[TLS] client_random  (32): EF383DBB28D735F00497BC35C960413FFA2860C7A107E0C5DF29D588FCF2C217
[TLS] sign_hash (32): A24689EF9A242FB773F120FBD59BD8139ABD30319FE76B96CD159710171BDDB2
[TLS] Written transcript to proofs/MSG_TLS_EF383DBB.out, proofs/SIG_TLS_EF383DBB.out and proofs/PK_TLS_EF383DBB.der
Signature verification succeeds
[TLS] Server time: 1619775303
[TLS] client_random  (32): DE61609D612D380FF925EFF3C6CAAD0976BBE2CCA15D2BCC14E2DF891E75B4C4
[TLS] sign_hash (32): 88CB83BD29665D2BF3E77B5DF68844A3340517841B6B4B2C27AA9E8E9A7B8AD6
[TLS] Written transcript to proofs/MSG_TLS_DE61609D.out, proofs/SIG_TLS_DE61609D.out and proofs/PK_TLS_DE61609D.der
Signature verification succeeds
[TLS] Server time: 1619775303
[TLS] client_random  (32): 4E8335878D8BA1F7DE79183B87ED80397D1A9CF569B27FEDAED275DDA7D023B8
[TLS] sign_hash (32): DA9386237E28FB9540409F9246FDBCFE2256DD9B1848BD8B52C85AD2532340B1
[TLS] Written transcript to proofs/MSG_TLS_4E833587.out, proofs/SIG_TLS_4E833587.out and proofs/PK_TLS_4E833587.der
Signature verification succeeds
[TLS] Server time: 1619775303
[TLS] client_random  (32): 8C5101A1A15A7E1AD938EE116FD8BD08F5C7D45E604EDB0639091BE2E8F24398
[TLS] sign_hash (32): B67C6FB1991B51D90C0E354C147A053838E2C2F6B282B8B3334BE0A4F4D1106C
[TLS] Written transcript to proofs/MSG_TLS_8C5101A1.out, proofs/SIG_TLS_8C5101A1.out and proofs/PK_TLS_8C5101A1.der
Signature verification succeeds
[TLS] Server time: 1619775303
[TLS] client_random  (32): 76082D1218DAFB4E8252802DF07E53EA37E54F18CBF304A9767236CBF97FA1AD
[TLS] sign_hash (32): 7FC9E1EEEBA96251C1726B0F52447D0A393D255C8EBA08F24B4FBBA6E6578CE6
[TLS] Written transcript to proofs/MSG_TLS_76082D12.out, proofs/SIG_TLS_76082D12.out and proofs/PK_TLS_76082D12.der
Signature verification succeeds
[TLS] Server time: 1619775303
[TLS] client_random  (32): DF26BD537762B96CED58756C0C0C39DB452DB6B3DE45BB4F23887930B2F71F59
[TLS] sign_hash (32): B60191FC34FC4A52AA549730276FD5A7AD38E3AF4E1E6118B5E92307E0AFF20F
[TLS] Written transcript to proofs/MSG_TLS_DF26BD53.out, proofs/SIG_TLS_DF26BD53.out and proofs/PK_TLS_DF26BD53.der
Signature verification succeeds
[TLS] Server time: 1619775303
[TLS] client_random  (32): 2B1EF5E9145933C6D2740E9B2B831A9DA6B1998A03A6EA46330FBE1097D9C752
[TLS] sign_hash (32): D1F97AC6B7F5221D5D0FFABE9113B957D9A3299EAFD4B21B0AEF03E6331501EE
[TLS] Written transcript to proofs/MSG_TLS_2B1EF5E9.out, proofs/SIG_TLS_2B1EF5E9.out and proofs/PK_TLS_2B1EF5E9.der
Signature verification succeeds
[TLS] Server time: 1619775303
[TLS] client_random  (32): EF58256B1C77E871EDCFC06B63538D88551A5A929ADE073D4DA250FAFD720128
[TLS] sign_hash (32): 97A446756AD7DEEE0C0659861212B49CA0E8247D0B662ECF309D75D050665012
[TLS] Written transcript to proofs/MSG_TLS_EF58256B.out, proofs/SIG_TLS_EF58256B.out and proofs/PK_TLS_EF58256B.der
Signature verification succeeds
[TLS] Server time: 1619775303
[TLS] client_random  (32): 7C77B8ACD9B0B2E8E1349A26F8FF4C9EB626ED998B9BB0CB4255E780ADBED406
[TLS] sign_hash (32): DBCE02AF9B74B30F44758BD31EBEDC3B226E1F723F118663C5BCFFBA6C2ADAFE
[TLS] Written transcript to proofs/MSG_TLS_7C77B8AC.out, proofs/SIG_TLS_7C77B8AC.out and proofs/PK_TLS_7C77B8AC.der
Signature verification succeeds
[TLS] Server time: 1619775303
[TLS] client_random  (32): FE873E34FF080ECAE5854B670531EF63BA6F5D67ECE5EB0B807F77FCC2650943
[TLS] sign_hash (32): DA7F37414457D89044D3AA21648B469561D074AF3EDD38AAA41ADCB20D9B1D36
[TLS] Written transcript to proofs/MSG_TLS_FE873E34.out, proofs/SIG_TLS_FE873E34.out and proofs/PK_TLS_FE873E34.der
Signature verification succeeds
[TLS] Server time: 1619775303
[TLS] client_random  (32): B72C611F66F3E860B12B42A2CBEC519FA34B345704C093BBB4427605F002CCDC
[TLS] sign_hash (32): B45F051D8676BC06EF81595C8608E99DDEE40C5FB7F0B646749D5A89B03A6E82
[TLS] Written transcript to proofs/MSG_TLS_B72C611F.out, proofs/SIG_TLS_B72C611F.out and proofs/PK_TLS_B72C611F.der
Signature verification succeeds
[TLS] Server time: 1619775303
[TLS] client_random  (32): DB2AB11F50E8EBCD130F4B039B33389C0AB319A178C615E7A3163DD7A9C5B43F
[TLS] sign_hash (32): E6DDA6F55C40307F65839D457177E19A6005980BAB4B617ABC8BE26259CA734D
[TLS] Written transcript to proofs/MSG_TLS_DB2AB11F.out, proofs/SIG_TLS_DB2AB11F.out and proofs/PK_TLS_DB2AB11F.der
Signature verification succeeds
[TLS] Server time: 1619775303
[TLS] client_random  (32): A30A5A52FBFC0BF1A815055A36B84A4B2CEE8B1B19325A1EF5CDFE15B71693F8
[TLS] sign_hash (32): 449E861C06CF740049B8911C2DA2D7ACB70B579EF577ABCAABD484B5FACC124A
[TLS] Written transcript to proofs/MSG_TLS_A30A5A52.out, proofs/SIG_TLS_A30A5A52.out and proofs/PK_TLS_A30A5A52.der
Signature verification succeeds
[TLS] Server time: 1619775303
[TLS] client_random  (32): 7400F9A140F37934C960C89E7F49AE579C0F156454DB3B594ED7AF38C26EDEF8
[TLS] sign_hash (32): E97E4CF66557CCADE20ADCCD07E4D8A0C79BF09F3E6CCEC9738D750012AF8CD6
[TLS] Written transcript to proofs/MSG_TLS_7400F9A1.out, proofs/SIG_TLS_7400F9A1.out and proofs/PK_TLS_7400F9A1.der
Signature verification succeeds
[TLS] Server time: 1619775303
[TLS] client_random  (32): F48564C7DAF9C96290FECAE15EECDD701852402831AA6F76BFDF76FFD8D4EC96
[TLS] sign_hash (32): AD5EAD73575F6CD32F9627971F6FB56C92D8A48460A363BD564A89476D33B463
[TLS] Written transcript to proofs/MSG_TLS_F48564C7.out, proofs/SIG_TLS_F48564C7.out and proofs/PK_TLS_F48564C7.der
Signature verification succeeds
[TLS] Server time: 1619775303
[TLS] client_random  (32): A9F4AD901EBFA7C6F12BD6A9C0899557F841CEA9B1E7C7C235E0B7915D0E0C7B
[TLS] sign_hash (32): 48D8E581B952D67C466DDFE088DF63758DC39A31603FC602DFD8B04EFD87F516
[TLS] Written transcript to proofs/MSG_TLS_A9F4AD90.out, proofs/SIG_TLS_A9F4AD90.out and proofs/PK_TLS_A9F4AD90.der
Signature verification succeeds
[TLS] Server time: 1619775303
[TLS] client_random  (32): 6DFAD68C5F9BBC485AB1E8D5A323BA05877DB4C62BC3CD6FA1ECE0DC2415AF4B
[TLS] sign_hash (32): 6DD1C843B2E970CBEF68D05292FC08AF3CB245568223D96439C10A33D9BF1A5C
[TLS] Written transcript to proofs/MSG_TLS_6DFAD68C.out, proofs/SIG_TLS_6DFAD68C.out and proofs/PK_TLS_6DFAD68C.der
Signature verification succeeds
[TLS] Server time: 1619775303
[TLS] client_random  (32): BB7958D5543A85892F8A45E254CFAFC27F745951EE79C1C605C586E693EA8E41
[TLS] sign_hash (32): AA4EF7667DB9F9054564DD5E61C8D58141C82B0CF081D8932CBA1BB9D0D1246A
[TLS] Written transcript to proofs/MSG_TLS_BB7958D5.out, proofs/SIG_TLS_BB7958D5.out and proofs/PK_TLS_BB7958D5.der
Signature verification succeeds
[TLS] Server time: 1619775303
[TLS] client_random  (32): 5F99CE02A3C11ED90F0522C166A1CFB20E8A9CB3B651F5822AA39692CBFB28B4
[TLS] sign_hash (32): 335EBF01205D64F000AEC36687EBC3E42CE664DF5AA7B4C7347CF653FCBD2C9D
[TLS] Written transcript to proofs/MSG_TLS_5F99CE02.out, proofs/SIG_TLS_5F99CE02.out and proofs/PK_TLS_5F99CE02.der
Signature verification succeeds
[TLS] Server time: 1619775303
[TLS] client_random  (32): 46D366A7B37F65B07B8B88CBC1F83BFA92CB6145803E972DE448DFAA9A39C613
[TLS] sign_hash (32): B2BF070E3FA83176ED0CD384537AFD241DC842B59228C7724FFF1F1ED6658B24
[TLS] Written transcript to proofs/MSG_TLS_46D366A7.out, proofs/SIG_TLS_46D366A7.out and proofs/PK_TLS_46D366A7.der
Signature verification succeeds
[TLS] Server time: 1619775303
[TLS] client_random  (32): 7AEE75B4720B498572D93F74530F788AD4BFFCA82F6AA8B7F6F782FDFB6EF18D
[TLS] sign_hash (32): CA69DF3B202213D7BF639B98D786F42C5BBC692509AAA91D586687AF72C0FF54
[TLS] Written transcript to proofs/MSG_TLS_7AEE75B4.out, proofs/SIG_TLS_7AEE75B4.out and proofs/PK_TLS_7AEE75B4.der
Signature verification succeeds
[TLS] Server time: 1619775303
[TLS] client_random  (32): 148728BCBA6414F062CE42ED27CE132E56DEB7EF7820334B725D1BFE7EA88E6E
[TLS] sign_hash (32): B762F6A1CF25D01C09D2DC7C9E21CCA3467D6E3E9BFC7478AF92EBDB591C22C8
[TLS] Written transcript to proofs/MSG_TLS_148728BC.out, proofs/SIG_TLS_148728BC.out and proofs/PK_TLS_148728BC.der
Signature verification succeeds
[TLS] Server time: 1619775303
[TLS] client_random  (32): B828DFDA526237EA616534D69C0FE8323C0B6A4664C734BE675E28AA0358748D
[TLS] sign_hash (32): 64144428E61BE0D51F97517C393E952554B71DBB72DAC1C57A65AABC66DAB015
[TLS] Written transcript to proofs/MSG_TLS_B828DFDA.out, proofs/SIG_TLS_B828DFDA.out and proofs/PK_TLS_B828DFDA.der
Signature verification succeeds
[TLS] Server time: 1619775303
[TLS] client_random  (32): D3CCBB514438113A98E48CAE066595FC1BB734CB5790BD73900E390449AF929E
[TLS] sign_hash (32): BFC8603400B3D6A1EA98AD272294EB9A40AD7DB2CC39396FA00AA452D875225F
[TLS] Written transcript to proofs/MSG_TLS_D3CCBB51.out, proofs/SIG_TLS_D3CCBB51.out and proofs/PK_TLS_D3CCBB51.der
Signature verification succeeds
[TLS] Server time: 1619775303
[TLS] client_random  (32): 9C58C447BC5A18C5A804A87C60945ED0E748DBE80534AC4DF601C9A164F5940C
[TLS] sign_hash (32): 2C1E075207A73ED675A9ED58683ECB3D9CA814B29640A559BFBCE6BDE9C83D2F
[TLS] Written transcript to proofs/MSG_TLS_9C58C447.out, proofs/SIG_TLS_9C58C447.out and proofs/PK_TLS_9C58C447.der
Signature verification succeeds
[TLS] Server time: 1619775303
[TLS] client_random  (32): 5420E85DAF23551AB12E791E2D179A51B20ECD9FB1560ACB1ED6E5EE079A99E0
[TLS] sign_hash (32): 0CF619EDF02F1C1553DF98D92B45F5447EA3B26EEE1AE0671D7D06A189A42513
[TLS] Written transcript to proofs/MSG_TLS_5420E85D.out, proofs/SIG_TLS_5420E85D.out and proofs/PK_TLS_5420E85D.der
Signature verification succeeds
[TLS] Server time: 1619775303
[TLS] client_random  (32): 10730350BC4F1BBEB61FE687FB50152D53780DC21EE181E5AC0C3AF095D922AC
[TLS] sign_hash (32): D2ACDE90B324EC4E8B1B0A85A5E246366BE2F585CEFA296E031A597C08E7B981
[TLS] Written transcript to proofs/MSG_TLS_10730350.out, proofs/SIG_TLS_10730350.out and proofs/PK_TLS_10730350.der
Signature verification succeeds
[TLS] Server time: 1619775303
[TLS] client_random  (32): 1DD3061F05F98A6CCB07E3290FB5178653646739F1F43E8D7A7643ADC66203DC
[TLS] sign_hash (32): 9E4DEF0917493AB6CA78BD1CAF9446E8DEA7364FB7BFB243AA68479B92415060
[TLS] Written transcript to proofs/MSG_TLS_1DD3061F.out, proofs/SIG_TLS_1DD3061F.out and proofs/PK_TLS_1DD3061F.der
Signature verification succeeds
[TLS] Server time: 1619775303
[TLS] client_random  (32): 7FEC3AE067D5E7FD07BE2203459492933A31E67F93B3DE48A29E065720A4005B
[TLS] sign_hash (32): B9FC15D8EF24191C02AA742E0EDE3F9C422C5BE195B720C78D27B3C905A7D8B2
[TLS] Written transcript to proofs/MSG_TLS_7FEC3AE0.out, proofs/SIG_TLS_7FEC3AE0.out and proofs/PK_TLS_7FEC3AE0.der
Signature verification succeeds
[TLS] Server time: 1619775303
[TLS] client_random  (32): 701BFDED7C37D6B2CB6C8B891D51BC51ECE7D574C317DEA6F96C8FD9C088949A
[TLS] sign_hash (32): 3447B17A8181BC6CF5A72A9C566CB6926891C853A331556A3F466A693E166AB4
[TLS] Written transcript to proofs/MSG_TLS_701BFDED.out, proofs/SIG_TLS_701BFDED.out and proofs/PK_TLS_701BFDED.der
Signature verification succeeds
[TLS] Server time: 1619775303
[TLS] client_random  (32): 80A8DA3E9F1C2FED07DD16E0E34771D3A630A47BFF7531BBFB08345A69E1DBF5
[TLS] sign_hash (32): 182548064744DB5051791CB99FFBF51BE1B8A7B3AAC8DC968970F41359B8EAD0
[TLS] Written transcript to proofs/MSG_TLS_80A8DA3E.out, proofs/SIG_TLS_80A8DA3E.out and proofs/PK_TLS_80A8DA3E.der
Signature verification succeeds
[TLS] Server time: 1619775303
[TLS] client_random  (32): A232F5A037BAC5F8FC6779C10F4D8D4E028645608E717A0742FED7E072C1005D
[TLS] sign_hash (32): BFFB1832F781E9D5ACF30C19C8F79DBA72231106CACED4E8210725CB18BCA7E6
[TLS] Written transcript to proofs/MSG_TLS_A232F5A0.out, proofs/SIG_TLS_A232F5A0.out and proofs/PK_TLS_A232F5A0.der
Signature verification succeeds
[TLS] Server time: 1619775303
[TLS] client_random  (32): A8D23985E7D966F3E60E96AF049D4572C078DEF6BFE6F22947BDC67765CF453E
[TLS] sign_hash (32): 6517467A1060991CDA2341C2CE2257F1AAF51C69BA0ADB204FBD8A4D39B9FADB
[TLS] Written transcript to proofs/MSG_TLS_A8D23985.out, proofs/SIG_TLS_A8D23985.out and proofs/PK_TLS_A8D23985.der
Signature verification succeeds
[TLS] Server time: 1619775303
[TLS] client_random  (32): 234081FB476764AE664324C2ECB2F770B6E68DD2E7458B9095618B97852CCC7D
[TLS] sign_hash (32): 27EAB64986F25561A45A590A91FACE489E08646BF731C29E4CA6C676F77B7F7D
[TLS] Written transcript to proofs/MSG_TLS_234081FB.out, proofs/SIG_TLS_234081FB.out and proofs/PK_TLS_234081FB.der
Signature verification succeeds
[TLS] Server time: 1619775303
[TLS] client_random  (32): 7B09339CC1E23B8E5FA64E7D506583EE4DF3CC071C223A3816029FAE9E08CDCA
[TLS] sign_hash (32): 6790DC8BF0CB1BC7766083680D2B62C66D302336EAD83A859AB33B76EB009754
[TLS] Written transcript to proofs/MSG_TLS_7B09339C.out, proofs/SIG_TLS_7B09339C.out and proofs/PK_TLS_7B09339C.der
Signature verification succeeds
[TLS] Server time: 1619775303
[TLS] client_random  (32): ACB844D3676E7E440F4D0467CC2E1409B7F0AD4E25E714E93F69A2996AF96037
[TLS] sign_hash (32): 95AF2728C735DE89F7BC10B4A678FA50C5707CBCE40B411FD12542FD855984B5
[TLS] Written transcript to proofs/MSG_TLS_ACB844D3.out, proofs/SIG_TLS_ACB844D3.out and proofs/PK_TLS_ACB844D3.der
Signature verification succeeds
[TLS] Server time: 1619775303
[TLS] client_random  (32): AD652FC6A3D8202B4922A07CDEA3EC4809D32127123E88E7EAFB3924E89D2E57
[TLS] sign_hash (32): 070BAD331C4E4F7508CB546AEE2068107E40F60FB30D96FC7A80382BBFE36D16
[TLS] Written transcript to proofs/MSG_TLS_AD652FC6.out, proofs/SIG_TLS_AD652FC6.out and proofs/PK_TLS_AD652FC6.der
Signature verification succeeds
[TLS] Server time: 1619775303
[TLS] client_random  (32): E935BD6F56AE9C4923222811D56E4391E13B35C33F166D8BDF000994EA103C55
[TLS] sign_hash (32): CADED9E8BBCDF5CBEBA555AD3D821BBEF7E9EF1CDE61E2E0AB8302B2698EA8D3
[TLS] Written transcript to proofs/MSG_TLS_E935BD6F.out, proofs/SIG_TLS_E935BD6F.out and proofs/PK_TLS_E935BD6F.der
Signature verification succeeds
Time breakdown (averages): anchor_ping:16.020337 file_read:0.138526 hashing:0.470452
Total time for 119 rounds is 1994.915158ms
Standard deviations: anchor_ping:55.435951 file_read:0.013682 hashing:0.004392
[Client-side ops] mean:0.608978 sd:0.014315
in & out anchor rand written to proofs/phase1.out
     38 [TLS] Server time: 1619775301
     35 [TLS] Server time: 1619775302
     47 [TLS] Server time: 1619775303
Count is 38
Count is 35
Count is 47
success: 0
Sleeping before retrying
CONF: anchor:sruc.ac.uk fs:1024MB n_rounds:119 seed:5c9f4bf9bbc15bb855f82faedc5a52fc3ab2dfa8ec3ba3ce1b270f31fa0cced2 filename:FILE bs:1024 nops:100 benchmarking:0 anchor_ping:1 queue_depth:32 direct:0
[TLS] Connecting to sruc.ac.uk
[TLS] Server time: 1619775305
[TLS] client_random  (32): 5C9F4BF9BBC15BB855F82FAEDC5A52FC3AB2DFA8EC3BA3CE1B270F31FA0CCED2
[TLS] sign_hash (32): 57C9BBE82522E9A0751279117D7D10CD924F74B48B1950503994DA5A4D64EDFF
[TLS] Written transcript to proofs/MSG_TLS_5C9F4BF9.out, proofs/SIG_TLS_5C9F4BF9.out and proofs/PK_TLS_5C9F4BF9.der
Signature verification succeeds
[TLS] Server time: 1619775305
[TLS] client_random  (32): C5B5F49F87E49A5220BF24BF8BBC91D4E0730F01E2B92FA7FCCF339038D489EA
[TLS] sign_hash (32): 1D2C5BC428F4A9FA24AB02DE0DD0D7C7751F0980812A8CA501129E8033E2B41F
[TLS] Written transcript to proofs/MSG_TLS_C5B5F49F.out, proofs/SIG_TLS_C5B5F49F.out and proofs/PK_TLS_C5B5F49F.der
Signature verification succeeds
[TLS] Server time: 1619775305
[TLS] client_random  (32): FC267731A30B4481C13B04988E01E22651B8B8900307729890E19D2B2E0B6291
[TLS] sign_hash (32): 8AF4410DE674E3AD2D56A894A3C89CA90C6CED2022E925ED6AAD117200DE9F39
[TLS] Written transcript to proofs/MSG_TLS_FC267731.out, proofs/SIG_TLS_FC267731.out and proofs/PK_TLS_FC267731.der
Signature verification succeeds
[TLS] Server time: 1619775305
[TLS] client_random  (32): 9E8148307B180EA747D2DC18D9E968E1E06D388764C759DBA495FB5C9D8AFD98
[TLS] sign_hash (32): 4F08C4A173AC7D10EFCB6EF0C934475FB6B7B9005C1F065F759A73EDFC52BDD5
[TLS] Written transcript to proofs/MSG_TLS_9E814830.out, proofs/SIG_TLS_9E814830.out and proofs/PK_TLS_9E814830.der
Signature verification succeeds
[TLS] Server time: 1619775305
[TLS] client_random  (32): E2C5F9AFF44876EF2AC0969A36E99FAAD80CF4B9943F48DB4C21B3E2D3DF6476
[TLS] sign_hash (32): 5B865DCE739DFFF22733EF1DC044D54037E1C54F9D92851C580B2299C2655155
[TLS] Written transcript to proofs/MSG_TLS_E2C5F9AF.out, proofs/SIG_TLS_E2C5F9AF.out and proofs/PK_TLS_E2C5F9AF.der
Signature verification succeeds
[TLS] Server time: 1619775305
[TLS] client_random  (32): ADC5933EECAC3231E7B4F008287B6A028AC02DF7FD3D7DFF5BD49A6A9DEB0B9E
[TLS] sign_hash (32): 0368CA20192BCEAC493F1AD9E57C0D5B8421F284142619ADC2F43D146C134B37
[TLS] Written transcript to proofs/MSG_TLS_ADC5933E.out, proofs/SIG_TLS_ADC5933E.out and proofs/PK_TLS_ADC5933E.der
Signature verification succeeds
[TLS] Server time: 1619775305
[TLS] client_random  (32): A628EC64D9D4E0376C428E87DBAF7F70CEB17E9C3D09762D3FD09589ED35470B
[TLS] sign_hash (32): 713764005F3FC5FE269DDB4C30099406570920F1B594E96F30D2DE6C82006777
[TLS] Written transcript to proofs/MSG_TLS_A628EC64.out, proofs/SIG_TLS_A628EC64.out and proofs/PK_TLS_A628EC64.der
Signature verification succeeds
[TLS] Server time: 1619775305
[TLS] client_random  (32): 88E1283D4FFF0798728CE26BD7E249C1423A154BB59B262DB2C4EA69A3225F8B
[TLS] sign_hash (32): 003D486B88EC12DB17ADD6C4FF7504C31D47439575D8FBA54D27D887169350E3
[TLS] Written transcript to proofs/MSG_TLS_88E1283D.out, proofs/SIG_TLS_88E1283D.out and proofs/PK_TLS_88E1283D.der
Signature verification succeeds
[TLS] Server time: 1619775305
[TLS] client_random  (32): 76B286932371B16EFDAAF5BFF24BD66485EEBB9E30C136EB23017F9F7EA7FE5D
[TLS] sign_hash (32): AA762DC111E464C884AA8C507B6585E8F4E986C22D3CFC1C4288F8920A206A37
[TLS] Written transcript to proofs/MSG_TLS_76B28693.out, proofs/SIG_TLS_76B28693.out and proofs/PK_TLS_76B28693.der
Signature verification succeeds
[TLS] Server time: 1619775305
[TLS] client_random  (32): C095B6DC5007B8776EEF268CC11F2B1883AC229EBA9B7C8FBEF6E2D88B6F167A
[TLS] sign_hash (32): 8860DE9315D1F07F0A668127E851459C7714ACF6B68C2F077685CAB8FC8D27FF
[TLS] Written transcript to proofs/MSG_TLS_C095B6DC.out, proofs/SIG_TLS_C095B6DC.out and proofs/PK_TLS_C095B6DC.der
Signature verification succeeds
[TLS] Server time: 1619775305
[TLS] client_random  (32): 0BECE0805CF63164092CED64BF4F830A60961E7904423F8747A46CB50139C42F
[TLS] sign_hash (32): 3EBC9DA4FF014AFBD8A0F818A37C40A3FCCF86AC3E2726DFF7CC784650F8AB39
[TLS] Written transcript to proofs/MSG_TLS_0BECE080.out, proofs/SIG_TLS_0BECE080.out and proofs/PK_TLS_0BECE080.der
Signature verification succeeds
[TLS] Server time: 1619775305
[TLS] client_random  (32): 26E068FA5501AFE4F6A6984259E42BBC9AB8D17A443F359A96147C7F82378141
[TLS] sign_hash (32): 8276782B2233657736BBC219A77E71FF86748C80ED2E47C580791C867A7F05BA
[TLS] Written transcript to proofs/MSG_TLS_26E068FA.out, proofs/SIG_TLS_26E068FA.out and proofs/PK_TLS_26E068FA.der
Signature verification succeeds
[TLS] Server time: 1619775305
[TLS] client_random  (32): C8D49462A0ABB0967CFE56BD44507E3C4EE86EEC7471A0B573917DFCB3258D85
[TLS] sign_hash (32): 7061A9B99498F0DAB0E6384C5DB9979DD833A9165559766091540BFE20C01CB2
[TLS] Written transcript to proofs/MSG_TLS_C8D49462.out, proofs/SIG_TLS_C8D49462.out and proofs/PK_TLS_C8D49462.der
Signature verification succeeds
[TLS] Server time: 1619775305
[TLS] client_random  (32): C9821972004CF51E501A0AB822DE84A187CBCE358E270D8B283429D90D596C06
[TLS] sign_hash (32): 1F5D612A1376A8C9B614F3E618EEB58C4FAE2C4B87D6796277905DB0C1652097
[TLS] Written transcript to proofs/MSG_TLS_C9821972.out, proofs/SIG_TLS_C9821972.out and proofs/PK_TLS_C9821972.der
Signature verification succeeds
[TLS] Server time: 1619775305
[TLS] client_random  (32): AE785A3C87D40946ECBFA754AAF0583966980D822E6CBF54A05214753E2AD91C
[TLS] sign_hash (32): C1E61E65A51CA956AFE067BBDDB5AA0A3CD50B44ED4387408D8805A4AD8949DD
[TLS] Written transcript to proofs/MSG_TLS_AE785A3C.out, proofs/SIG_TLS_AE785A3C.out and proofs/PK_TLS_AE785A3C.der
Signature verification succeeds
[TLS] Server time: 1619775305
[TLS] client_random  (32): A59CB6F43A37C7026DC135A1FABABD4548674CC5E1218D95F7FAB5CE1D25CF7E
[TLS] sign_hash (32): 582BBCB446D3B6CE683108859DA7295C92B57FDF584908A0AA8321345749C91A
[TLS] Written transcript to proofs/MSG_TLS_A59CB6F4.out, proofs/SIG_TLS_A59CB6F4.out and proofs/PK_TLS_A59CB6F4.der
Signature verification succeeds
[TLS] Server time: 1619775305
[TLS] client_random  (32): 6D5F070A4D68B90679615A9A855745E4051CBC7622D8C8025E3029A8599B1F9A
[TLS] sign_hash (32): C253A6E2915D3F7D8D1C8D49A4FFE888E50E4A6ABFE6B3D0C0EE6DD993FEFD5D
[TLS] Written transcript to proofs/MSG_TLS_6D5F070A.out, proofs/SIG_TLS_6D5F070A.out and proofs/PK_TLS_6D5F070A.der
Signature verification succeeds
[TLS] Server time: 1619775305
[TLS] client_random  (32): 845D0A1CD816CB6CF9F48E6B043D0D421EA864A9931824789FDBA4BF8F6DCCC4
[TLS] sign_hash (32): 86F778C88D273C9D690411392EE21AF6458E37EC2435AA20C9A94C1BA3000FDE
[TLS] Written transcript to proofs/MSG_TLS_845D0A1C.out, proofs/SIG_TLS_845D0A1C.out and proofs/PK_TLS_845D0A1C.der
Signature verification succeeds
[TLS] Server time: 1619775305
[TLS] client_random  (32): E1901A3BBBCFD8B099A467F89655D3177BDA0A8ECED3E666ACBECDA48001489B
[TLS] sign_hash (32): 64264B6CFBCDDCBC2B6D58FC5F510E13FB8C548A6CABFD25A6C5716AF9B47466
[TLS] Written transcript to proofs/MSG_TLS_E1901A3B.out, proofs/SIG_TLS_E1901A3B.out and proofs/PK_TLS_E1901A3B.der
Signature verification succeeds
[TLS] Server time: 1619775305
[TLS] client_random  (32): 33BB9607ED14355ED6813AD84801878A035CAFBEB5324CEC3287BD9B90F5393C
[TLS] sign_hash (32): FA32F21FE823A67C6CA3D666D5CE448A623386124B7BD8A561448F64FDFA40B8
[TLS] Written transcript to proofs/MSG_TLS_33BB9607.out, proofs/SIG_TLS_33BB9607.out and proofs/PK_TLS_33BB9607.der
Signature verification succeeds
[TLS] Server time: 1619775305
[TLS] client_random  (32): D1D4FB1E962E3192C24AB8CBADD15B8959BA5B8F49F66C322419C1F6A81E21C0
[TLS] sign_hash (32): 07D60861DB93337306DC96537C358E1710F53D420442AEBB2483AF08D741D9FC
[TLS] Written transcript to proofs/MSG_TLS_D1D4FB1E.out, proofs/SIG_TLS_D1D4FB1E.out and proofs/PK_TLS_D1D4FB1E.der
Signature verification succeeds
[TLS] Server time: 1619775305
[TLS] client_random  (32): 5F9459097228EE481D668930233C6837769CDD9AA5722BA6A0330E033E3FDD60
[TLS] sign_hash (32): 76FEEDA363B1D247D2A2CB9829ECDC2CB465701D9859F8577F3E06C87A73E9B2
[TLS] Written transcript to proofs/MSG_TLS_5F945909.out, proofs/SIG_TLS_5F945909.out and proofs/PK_TLS_5F945909.der
Signature verification succeeds
[TLS] Server time: 1619775305
[TLS] client_random  (32): C4C5AAFE3BA4F60BFD23EA8B46D9768A4D7F91DE1923CCAA4374E30F02909893
[TLS] sign_hash (32): CE1E73026FA569DDD14F5FB0E66FA95684B3150F383C5A56E418888D475C19C5
[TLS] Written transcript to proofs/MSG_TLS_C4C5AAFE.out, proofs/SIG_TLS_C4C5AAFE.out and proofs/PK_TLS_C4C5AAFE.der
Signature verification succeeds
[TLS] Server time: 1619775305
[TLS] client_random  (32): 6A86ED80417AA08D1DFC6E929FE3068BE8FF9F04562275CCB34C236175E1530D
[TLS] sign_hash (32): 8F5FE8BC6EF156B66116E3133744E1DF76E1C0C5DFE77F8E56F89C7664386CD7
[TLS] Written transcript to proofs/MSG_TLS_6A86ED80.out, proofs/SIG_TLS_6A86ED80.out and proofs/PK_TLS_6A86ED80.der
Signature verification succeeds
[TLS] Server time: 1619775305
[TLS] client_random  (32): E7A746A1BA2D2DF7C3360949DD5A1F476F76742FBF1DA63E264338A0EC1B501C
[TLS] sign_hash (32): 5FAFC25B987676B48BC034A8B93968493B0F87B294AC71A16492C96F37F471EF
[TLS] Written transcript to proofs/MSG_TLS_E7A746A1.out, proofs/SIG_TLS_E7A746A1.out and proofs/PK_TLS_E7A746A1.der
Signature verification succeeds
[TLS] Server time: 1619775305
[TLS] client_random  (32): 57E512FF565A19A5A8EEF0CAC4F5B5787F1B1C98FE25C57052BD7C33B7517F15
[TLS] sign_hash (32): 6B78A53319086CA21F1C6AC4A758EBDF1AD582F7D8C987C6108C1B67908E706C
[TLS] Written transcript to proofs/MSG_TLS_57E512FF.out, proofs/SIG_TLS_57E512FF.out and proofs/PK_TLS_57E512FF.der
Signature verification succeeds
[TLS] Server time: 1619775305
[TLS] client_random  (32): 92DC90E4A9EC24D0A9A9472D5392BA510F3B0428163F19741C33B322FCC80031
[TLS] sign_hash (32): 1252C834901865EF9678C2A7048B5BA2B8D518E0159C5693CFE10AF5C397CFDD
[TLS] Written transcript to proofs/MSG_TLS_92DC90E4.out, proofs/SIG_TLS_92DC90E4.out and proofs/PK_TLS_92DC90E4.der
Signature verification succeeds
[TLS] Server time: 1619775305
[TLS] client_random  (32): D2BB5BFB12037AF5F62E71F859ED7A2EB2478236AB76B43577964926131A04BD
[TLS] sign_hash (32): A60B909B6F4CE09F97107ACFCD0A4BF04696272BC6D1CD2491228F94BA255B24
[TLS] Written transcript to proofs/MSG_TLS_D2BB5BFB.out, proofs/SIG_TLS_D2BB5BFB.out and proofs/PK_TLS_D2BB5BFB.der
Signature verification succeeds
[TLS] Server time: 1619775305
[TLS] client_random  (32): 9F9C61DD6148C5CB94551F8715371FFE22E36EF9E6ED52FA2EEF464189BC7133
[TLS] sign_hash (32): 1C0D7A2B2A813BB7CADC3E627B9B5120A0F0444125E0028C38C0A09B84CB8C54
[TLS] Written transcript to proofs/MSG_TLS_9F9C61DD.out, proofs/SIG_TLS_9F9C61DD.out and proofs/PK_TLS_9F9C61DD.der
Signature verification succeeds
[TLS] Server time: 1619775305
[TLS] client_random  (32): 3D2BA10879AE55945D2FA685399F573352160A9839536401803DAB5CE7209821
[TLS] sign_hash (32): E54A2C520DC5E6CA5346069E0A8D646ABA405C18738F716F763AAC216C0AD416
[TLS] Written transcript to proofs/MSG_TLS_3D2BA108.out, proofs/SIG_TLS_3D2BA108.out and proofs/PK_TLS_3D2BA108.der
Signature verification succeeds
[TLS] Server time: 1619775305
[TLS] client_random  (32): 7E6B488FFBB3EFC251E3E485162B190BFA21AAD02A9592E8A89FE349C67F2055
[TLS] sign_hash (32): 5AF99005C56DFE413D73833A7B4BBE1A859096121038481DC042159300919B9C
[TLS] Written transcript to proofs/MSG_TLS_7E6B488F.out, proofs/SIG_TLS_7E6B488F.out and proofs/PK_TLS_7E6B488F.der
Signature verification succeeds
[TLS] Server time: 1619775305
[TLS] client_random  (32): 01260EB2EA0DDCB629A78647900711B80E1899FD4B7EB2B4B933665D61282A69
[TLS] sign_hash (32): 64A62F7F6C7CF9FD6C3EE4697C93EDF55B60B4EF1E7D8140B1E07ECEE7DCF0C9
[TLS] Written transcript to proofs/MSG_TLS_01260EB2.out, proofs/SIG_TLS_01260EB2.out and proofs/PK_TLS_01260EB2.der
Signature verification succeeds
[TLS] Server time: 1619775305
[TLS] client_random  (32): 8407E924563078C7D35894697BA20FD1404EB54C3D7ED1A6BAFCDFC5BCB751A2
[TLS] sign_hash (32): B07C59CD7FAFCE0311EE2650B5C3761B2BE951F8839FE3DEDB3130AC827AD8B3
[TLS] Written transcript to proofs/MSG_TLS_8407E924.out, proofs/SIG_TLS_8407E924.out and proofs/PK_TLS_8407E924.der
Signature verification succeeds
[TLS] Server time: 1619775305
[TLS] client_random  (32): 2F3CFE92083FC5EE22CE5149810869921855F29BD678AE984CC3D916280E1C3F
[TLS] sign_hash (32): DDCEA2E0DEFFE6E87D88F7C0E11C48BF9A43D759A5CA86DCCCF9D9873D8F83AF
[TLS] Written transcript to proofs/MSG_TLS_2F3CFE92.out, proofs/SIG_TLS_2F3CFE92.out and proofs/PK_TLS_2F3CFE92.der
Signature verification succeeds
[TLS] Server time: 1619775305
[TLS] client_random  (32): D8199D1BFDA42842FE00639AD18F56FA066C7A95174D3F0F104B9ED6B1D71844
[TLS] sign_hash (32): 04A50D8949169BE0A03947AB5778686464D3A11BBAF814C3F1131492D67098AD
[TLS] Written transcript to proofs/MSG_TLS_D8199D1B.out, proofs/SIG_TLS_D8199D1B.out and proofs/PK_TLS_D8199D1B.der
Signature verification succeeds
[TLS] Server time: 1619775305
[TLS] client_random  (32): 960D89E715C86A700B8B4B3BBD846E615D6EE8D27178C7AFDC72DC576E50BA38
[TLS] sign_hash (32): E6245A01F9645B22EAFEEA7197EA3D7E23231FBA28057E354CA17CB9D78FB4E3
[TLS] Written transcript to proofs/MSG_TLS_960D89E7.out, proofs/SIG_TLS_960D89E7.out and proofs/PK_TLS_960D89E7.der
Signature verification succeeds
[TLS] Server time: 1619775305
[TLS] client_random  (32): D3E1716548770B48FB7F88A563F7E0F7901EEF7064AF136ADF860BDE29FD5F29
[TLS] sign_hash (32): 0AF4FA7A37CCF2FBC6B2453A3FD00A7F806BEE761C1BDFD5933A1A2A3F68C616
[TLS] Written transcript to proofs/MSG_TLS_D3E17165.out, proofs/SIG_TLS_D3E17165.out and proofs/PK_TLS_D3E17165.der
Signature verification succeeds
[TLS] Server time: 1619775305
[TLS] client_random  (32): 25201BA5DF1AE11F91CB535681B09B26260B3C5BCBB8E2C399A97A9859A16C11
[TLS] sign_hash (32): CE07C36CE6F031F979FBFBF67795CE6CEAEFAF5EA088D55707AAEEE47795C42F
[TLS] Written transcript to proofs/MSG_TLS_25201BA5.out, proofs/SIG_TLS_25201BA5.out and proofs/PK_TLS_25201BA5.der
Signature verification succeeds
[TLS] Server time: 1619775305
[TLS] client_random  (32): 44E8345C084ACC95F468780004C85558410D5F660FD2ECB5C4D11347D160EF2C
[TLS] sign_hash (32): D7C1A781617FFF2A5E96C19E73C8B729A943FC990F10B159920C90338468F011
[TLS] Written transcript to proofs/MSG_TLS_44E8345C.out, proofs/SIG_TLS_44E8345C.out and proofs/PK_TLS_44E8345C.der
Signature verification succeeds
[TLS] Server time: 1619775305
[TLS] client_random  (32): 71611F4B5D3A3EA9524C5182D153F513CDA767417AA00640E34948CEC860DC04
[TLS] sign_hash (32): BD76BE62AACA4AD470537442EB47E8C0FF0396799C75C6CBD08AF2B5C2DDA58D
[TLS] Written transcript to proofs/MSG_TLS_71611F4B.out, proofs/SIG_TLS_71611F4B.out and proofs/PK_TLS_71611F4B.der
Signature verification succeeds
[TLS] Server time: 1619775305
[TLS] client_random  (32): 1024EA0AED8F9E14EAC49447535897C8058804852908773C92EA5900F6FEB099
[TLS] sign_hash (32): 28DC6980DBEB286AC79559503FB3AC55C934EFFDBF0C14BC38AC0F3F9A934714
[TLS] Written transcript to proofs/MSG_TLS_1024EA0A.out, proofs/SIG_TLS_1024EA0A.out and proofs/PK_TLS_1024EA0A.der
Signature verification succeeds
[TLS] Server time: 1619775305
[TLS] client_random  (32): 9BF74401AD1C07D8ED2AFC1150C1150FEEAE0D28235A9A95A2F556B4356294B1
[TLS] sign_hash (32): 6FEED1E85D40B66A15525818F8A889C25958346FE55E69709C76D85886D45CCD
[TLS] Written transcript to proofs/MSG_TLS_9BF74401.out, proofs/SIG_TLS_9BF74401.out and proofs/PK_TLS_9BF74401.der
Signature verification succeeds
[TLS] Server time: 1619775305
[TLS] client_random  (32): D7688C35AECB063858F0CE7B5504725F2D626B730EF2A906912C23A55D446842
[TLS] sign_hash (32): 7A341C1CFEC5F223C0CB3E227463F7B7679F0CA48269160C7D56BE8092191FC1
[TLS] Written transcript to proofs/MSG_TLS_D7688C35.out, proofs/SIG_TLS_D7688C35.out and proofs/PK_TLS_D7688C35.der
Signature verification succeeds
[TLS] Server time: 1619775305
[TLS] client_random  (32): 6CAA09BBDDDE3E375DCC1C68ADD8205E393BA3B74809C14E58FCFF845F596BAA
[TLS] sign_hash (32): FEFB6F59F2CF5757C27F561EDA77690BCDAEC3FC340EE6726C98C42F9DAA0CFD
[TLS] Written transcript to proofs/MSG_TLS_6CAA09BB.out, proofs/SIG_TLS_6CAA09BB.out and proofs/PK_TLS_6CAA09BB.der
Signature verification succeeds
[TLS] Server time: 1619775305
[TLS] client_random  (32): 34DC4B4C37D4D5E5494EB183346AB2C2893F82075897C68E0EEEDC101E1BE279
[TLS] sign_hash (32): D5F08BBBD8167E1E804BB0335119EAEE4633DD3B5F9735F6E144E5924FEE04E8
[TLS] Written transcript to proofs/MSG_TLS_34DC4B4C.out, proofs/SIG_TLS_34DC4B4C.out and proofs/PK_TLS_34DC4B4C.der
Signature verification succeeds
[TLS] Server time: 1619775305
[TLS] client_random  (32): 6FC69A88D740C751D7BC9A7D99AA2D6E2513CD64B024C19BA81511C0640106D4
[TLS] sign_hash (32): D3DA26FDE479170C06093BDDF524070BE272DE5BF9356C8FBA808B37BA51CA75
[TLS] Written transcript to proofs/MSG_TLS_6FC69A88.out, proofs/SIG_TLS_6FC69A88.out and proofs/PK_TLS_6FC69A88.der
Signature verification succeeds
[TLS] Server time: 1619775305
[TLS] client_random  (32): AA633F9BC560049BBA048C8ED35C511840DD7ABD81B78DC8D83C6002BF6DAFE7
[TLS] sign_hash (32): 9175F7BB209E54D8B9DE7D7279AC039C3B1D2991B87FAA18D824652914DE5822
[TLS] Written transcript to proofs/MSG_TLS_AA633F9B.out, proofs/SIG_TLS_AA633F9B.out and proofs/PK_TLS_AA633F9B.der
Signature verification succeeds
[TLS] Server time: 1619775305
[TLS] client_random  (32): 8E72C5C09F401BF9C9E1A1E76600DF260CF6D215F9CAE86FD60B256E807D672F
[TLS] sign_hash (32): FDBF80D3B538F2462915AEA4027944A4382951320EBDE0EB24F262972D2E3673
[TLS] Written transcript to proofs/MSG_TLS_8E72C5C0.out, proofs/SIG_TLS_8E72C5C0.out and proofs/PK_TLS_8E72C5C0.der
Signature verification succeeds
[TLS] Server time: 1619775305
[TLS] client_random  (32): 5AEF9CCBDE9E70C81E42AB9BDD1558F799CE46C86470F274B58CA629B6AC4124
[TLS] sign_hash (32): 97E5DBEE6B2DA3C190664337827D62259A22A2BF081C172A40C97AA6E98DFDE5
[TLS] Written transcript to proofs/MSG_TLS_5AEF9CCB.out, proofs/SIG_TLS_5AEF9CCB.out and proofs/PK_TLS_5AEF9CCB.der
Signature verification succeeds
[TLS] Server time: 1619775305
[TLS] client_random  (32): 1D2E0956AF72996C41BD8B02AC306CDED58559DCCCA756C4D4577E8C3C0E2600
[TLS] sign_hash (32): 1AA5243D7E97B9D04E5A912B4A97BBD9DE33FDC92FC53897CF3F31234074389B
[TLS] Written transcript to proofs/MSG_TLS_1D2E0956.out, proofs/SIG_TLS_1D2E0956.out and proofs/PK_TLS_1D2E0956.der
Signature verification succeeds
[TLS] Server time: 1619775305
[TLS] client_random  (32): D7FE1A2B0CEBFB97DE0D219DEAEE9DC941A529EFE9F24E059418827AEE98C6C4
[TLS] sign_hash (32): 3FDBD59FE1F39BF6C95936DA436EA752839C1F8771D4CDD17C3FABA10EE516EA
[TLS] Written transcript to proofs/MSG_TLS_D7FE1A2B.out, proofs/SIG_TLS_D7FE1A2B.out and proofs/PK_TLS_D7FE1A2B.der
Signature verification succeeds
[TLS] Server time: 1619775305
[TLS] client_random  (32): 0CDD261759308ED9A0880D66E440871BD99F440EA55DAA44E17DB8A1EB2F42C7
[TLS] sign_hash (32): 43154E3B7B10DDE1625C67848B37FD10AA8FB266EAD9FBF3327E53CF1C6F5636
[TLS] Written transcript to proofs/MSG_TLS_0CDD2617.out, proofs/SIG_TLS_0CDD2617.out and proofs/PK_TLS_0CDD2617.der
Signature verification succeeds
[TLS] Server time: 1619775305
[TLS] client_random  (32): 83155BE9084CCBC358778F68DE16913DC4E099D24023CD12062EA0BBCA3F2CFB
[TLS] sign_hash (32): A7022B5E7DEE6DBBEB73944C6B668B59D181BA33C1DBB309A74DE89FC78E21F0
[TLS] Written transcript to proofs/MSG_TLS_83155BE9.out, proofs/SIG_TLS_83155BE9.out and proofs/PK_TLS_83155BE9.der
Signature verification succeeds
[TLS] Server time: 1619775305
[TLS] client_random  (32): 46473E5D52FD5BF718A8D1C0246F40C948ECB9DDAE4D3AE74B8B3637EFA34C4B
[TLS] sign_hash (32): 414E196DC84C2BE8D3168ECAC40F291469DCAF97C7EBBF8B050AEFDBB6021521
[TLS] Written transcript to proofs/MSG_TLS_46473E5D.out, proofs/SIG_TLS_46473E5D.out and proofs/PK_TLS_46473E5D.der
Signature verification succeeds
[TLS] Server time: 1619775305
[TLS] client_random  (32): BCE1C5EA56C7250F19FEBE82663619731EB97261D40B7EEFC67E3F60370972F4
[TLS] sign_hash (32): 4E82B2CF2A44C494313E36602DC4D83371559CE51750590DA0065755A2BCD203
[TLS] Written transcript to proofs/MSG_TLS_BCE1C5EA.out, proofs/SIG_TLS_BCE1C5EA.out and proofs/PK_TLS_BCE1C5EA.der
Signature verification succeeds
[TLS] Server time: 1619775305
[TLS] client_random  (32): A16940E2731F99FC1C8BB5CE3DFCDCD57DA2AF3BE514376E136ED59D21B7E936
[TLS] sign_hash (32): D94D774F1796F71DF772CBDE27DABC191E085D6CE60D36669021452EB836B0E2
[TLS] Written transcript to proofs/MSG_TLS_A16940E2.out, proofs/SIG_TLS_A16940E2.out and proofs/PK_TLS_A16940E2.der
Signature verification succeeds
[TLS] Server time: 1619775305
[TLS] client_random  (32): E6A5EBF0BDCE61F7F4BC7073381032734F3C9A1A5C940508C658F40AB457FA89
[TLS] sign_hash (32): A17B4080BF061BA8B87C72841EDF3D7899CB612762A5AC04448CE15C1885E568
[TLS] Written transcript to proofs/MSG_TLS_E6A5EBF0.out, proofs/SIG_TLS_E6A5EBF0.out and proofs/PK_TLS_E6A5EBF0.der
Signature verification succeeds
[TLS] Server time: 1619775305
[TLS] client_random  (32): 76A109F2E1B71AE2A4478889B5B276D47B82A28ACAE7659219FFD3EAB630E5B2
[TLS] sign_hash (32): 785C60AD7B5A35E73616B8E6DCA069B7C9FF126ED519A230194D1ABC8F0DE01E
[TLS] Written transcript to proofs/MSG_TLS_76A109F2.out, proofs/SIG_TLS_76A109F2.out and proofs/PK_TLS_76A109F2.der
Signature verification succeeds
[TLS] Server time: 1619775305
[TLS] client_random  (32): 8F0CF5A8058ABEDC066F2B3A27CD9EB1A2A799DA33043243BC30F0BF719AE86B
[TLS] sign_hash (32): 8A5EEE23522F9DCD9C814599E55E7F5EF1EEBB3D691619535852865D299C3EC9
[TLS] Written transcript to proofs/MSG_TLS_8F0CF5A8.out, proofs/SIG_TLS_8F0CF5A8.out and proofs/PK_TLS_8F0CF5A8.der
Signature verification succeeds
[TLS] Server time: 1619775305
[TLS] client_random  (32): 953C1385426E426490505B6C26408E91BBAC84A0C1FFFD954FF30069D3E904F8
[TLS] sign_hash (32): 1EA75B86ACCD9D6C565E305042605B5A54393451E400568C459E283E0B6788F2
[TLS] Written transcript to proofs/MSG_TLS_953C1385.out, proofs/SIG_TLS_953C1385.out and proofs/PK_TLS_953C1385.der
Signature verification succeeds
[TLS] Server time: 1619775305
[TLS] client_random  (32): 5E1BCA0C9BC53581ACBD513C7D0BE6BFA0C747926C913E46FA72B1ACF7D99322
[TLS] sign_hash (32): F357179F775AE2690F42AAD5467032C4FD18B390ADAC581919F4FFD22B752B3C
[TLS] Written transcript to proofs/MSG_TLS_5E1BCA0C.out, proofs/SIG_TLS_5E1BCA0C.out and proofs/PK_TLS_5E1BCA0C.der
Signature verification succeeds
[TLS] Server time: 1619775305
[TLS] client_random  (32): E0D5E30D9B8AD50B4D6FDF762A26F68B6BDC9F46133F6C0D96D1BE5DC87A4FF9
[TLS] sign_hash (32): D1D8344A78D1C6BACEF831C22924A6E78B4005E0FF0280B9695BCB79DDFBB549
[TLS] Written transcript to proofs/MSG_TLS_E0D5E30D.out, proofs/SIG_TLS_E0D5E30D.out and proofs/PK_TLS_E0D5E30D.der
Signature verification succeeds
[TLS] Server time: 1619775305
[TLS] client_random  (32): A5CEC67E6BB71665C1843B9D64F303C7C82C013A2D10D04619B2616246D67046
[TLS] sign_hash (32): 70AD15CF7B35CA6F595FE0F4DFA9F02020D5E85D9DB9FC6FD2F4FA39CF02970D
[TLS] Written transcript to proofs/MSG_TLS_A5CEC67E.out, proofs/SIG_TLS_A5CEC67E.out and proofs/PK_TLS_A5CEC67E.der
Signature verification succeeds
[TLS] Server time: 1619775305
[TLS] client_random  (32): 87BC185B2F5A961726527E358E57692188CCDCA7A6780BF798E00EFA0615E4D6
[TLS] sign_hash (32): 583A9C3C4EBD04A1EA0068FBF2CA8D1F245CB1BD9060C5DCCFE92D927FAFC513
[TLS] Written transcript to proofs/MSG_TLS_87BC185B.out, proofs/SIG_TLS_87BC185B.out and proofs/PK_TLS_87BC185B.der
Signature verification succeeds
[TLS] Server time: 1619775305
[TLS] client_random  (32): F182E11555F7A85DC6DB4DD71D71214190BB2AF428A810A4B002C1F5C09ABD33
[TLS] sign_hash (32): A05C54991C2C97DCBD84F3704A26DC60EEA92813AA8ECF6DEBDF6A5D6973F18B
[TLS] Written transcript to proofs/MSG_TLS_F182E115.out, proofs/SIG_TLS_F182E115.out and proofs/PK_TLS_F182E115.der
Signature verification succeeds
[TLS] Server time: 1619775305
[TLS] client_random  (32): 748C7FA35D3C372191159B8267EA2E02EA3D6FDD0C88E694C04DF324586AA908
[TLS] sign_hash (32): F4718FB33A537DCF03B72545904292AEC7CBD4C76113F7B1170130C6CC6B54C4
[TLS] Written transcript to proofs/MSG_TLS_748C7FA3.out, proofs/SIG_TLS_748C7FA3.out and proofs/PK_TLS_748C7FA3.der
Signature verification succeeds
[TLS] Server time: 1619775305
[TLS] client_random  (32): C1757F6214ABC8B955AF2F3A016F8B8A8587C22B537D0EA4742ED3527CFC2AC0
[TLS] sign_hash (32): 936A82278D6F548C610098C5823635DFDA1353F4970E29334F7A04C9305D03C0
[TLS] Written transcript to proofs/MSG_TLS_C1757F62.out, proofs/SIG_TLS_C1757F62.out and proofs/PK_TLS_C1757F62.der
Signature verification succeeds
[TLS] Server time: 1619775305
[TLS] client_random  (32): F22F71BCEE8BBAC2F8C32A20799A31ABB87889B4DF5F18AC2F77197FC67B71B3
[TLS] sign_hash (32): 3C8DDDD3082A9C838568B280485A5232728DE28E2565D991418263E17642A3EC
[TLS] Written transcript to proofs/MSG_TLS_F22F71BC.out, proofs/SIG_TLS_F22F71BC.out and proofs/PK_TLS_F22F71BC.der
Signature verification succeeds
[TLS] Server time: 1619775305
[TLS] client_random  (32): F77205B5B255684CF84A250B251D1F294982C5E7071EE9D83D51FBEC1DD1B16E
[TLS] sign_hash (32): 1F59CB5F3A52FE2879DCA18B2C9B6A7CA9B56CB3B26F9AC325678A6B5C4A8340
[TLS] Written transcript to proofs/MSG_TLS_F77205B5.out, proofs/SIG_TLS_F77205B5.out and proofs/PK_TLS_F77205B5.der
Signature verification succeeds
[TLS] Server time: 1619775305
[TLS] client_random  (32): 8957FE14381D392EDEB32F1A20F8B5DA5C388C13C1013F7A398506AE839B80BF
[TLS] sign_hash (32): 48668107DC59DA7DAC6D4FEDDFDAC008EC9018C07C716DE43243B8B57810B8D9
[TLS] Written transcript to proofs/MSG_TLS_8957FE14.out, proofs/SIG_TLS_8957FE14.out and proofs/PK_TLS_8957FE14.der
Signature verification succeeds
[TLS] Server time: 1619775305
[TLS] client_random  (32): 7A64EEFEDB05DBB77A1BF2F1F087F1624FB0FF14255182D447E497C85D1B293F
[TLS] sign_hash (32): 77E7E32DF256DD7042258E1461F5B7F1C041DBD726834600B12C9AB1D347A53B
[TLS] Written transcript to proofs/MSG_TLS_7A64EEFE.out, proofs/SIG_TLS_7A64EEFE.out and proofs/PK_TLS_7A64EEFE.der
Signature verification succeeds
[TLS] Server time: 1619775305
[TLS] client_random  (32): 7D35CAF5D15DAD4B889D3C7A9ACFE1F128F65F2EE8467B10E3003044F6C56423
[TLS] sign_hash (32): 52FE0660C05D95AC3DE5FD371F1320EBE6488A2EC3DA00ACD90F21FEA676A2F8
[TLS] Written transcript to proofs/MSG_TLS_7D35CAF5.out, proofs/SIG_TLS_7D35CAF5.out and proofs/PK_TLS_7D35CAF5.der
Signature verification succeeds
[TLS] Server time: 1619775305
[TLS] client_random  (32): 5CAAA8B412E410A5E722E7A38D72D73B2CF14C3EB84F447010EA29414B45C32B
[TLS] sign_hash (32): 304295D5D82D45AF9169256EDC7E761629920A08ED215D32F9FD84DD737FC3B9
[TLS] Written transcript to proofs/MSG_TLS_5CAAA8B4.out, proofs/SIG_TLS_5CAAA8B4.out and proofs/PK_TLS_5CAAA8B4.der
Signature verification succeeds
[TLS] Server time: 1619775306
[TLS] client_random  (32): 35D62607E6F73EC7C708858000EF0E7B76DB7AC56D7437F3C771C07391151DB9
[TLS] sign_hash (32): E4C0841605D5DF0449FCB7E306EF87555517A9CB70038297C155B40BE87CDB84
[TLS] Written transcript to proofs/MSG_TLS_35D62607.out, proofs/SIG_TLS_35D62607.out and proofs/PK_TLS_35D62607.der
Signature verification succeeds
[TLS] Server time: 1619775306
[TLS] client_random  (32): 1BC4628FC60D8E2B1F9276FD447E77FF91861A347718C541A01C350A8E7AD898
[TLS] sign_hash (32): 9CFFF3A59D51F39628E96E5E632FBE47C9CF3A6CBBA9E3E02420314C49E55F39
[TLS] Written transcript to proofs/MSG_TLS_1BC4628F.out, proofs/SIG_TLS_1BC4628F.out and proofs/PK_TLS_1BC4628F.der
Signature verification succeeds
[TLS] Server time: 1619775306
[TLS] client_random  (32): BCD6D163087DDA771029B9AC3315483BC0DB4ABEB7A92EF44865D9D4CAB369E8
[TLS] sign_hash (32): BA0EE4917BCF6C1A327D11249E312337A28C6DB06DA0A19C811BDDD01B92474F
[TLS] Written transcript to proofs/MSG_TLS_BCD6D163.out, proofs/SIG_TLS_BCD6D163.out and proofs/PK_TLS_BCD6D163.der
Signature verification succeeds
[TLS] Server time: 1619775306
[TLS] client_random  (32): 7C6626ABF60B42F0BB33A8DC70C8A3B3EE7117B7B11F64D59235F1667764FDC1
[TLS] sign_hash (32): 151531F5D4A2F4314582E0A76FE4193E7DD5C54E01664A6ED8C6D93D4918FF3E
[TLS] Written transcript to proofs/MSG_TLS_7C6626AB.out, proofs/SIG_TLS_7C6626AB.out and proofs/PK_TLS_7C6626AB.der
Signature verification succeeds
[TLS] Server time: 1619775306
[TLS] client_random  (32): BC909A2806972A799137B4D58DA81FAE8A6CCBCAF9B6814EB9A4A2000E845AD4
[TLS] sign_hash (32): 9F5D3F37D960CCD36976378E5C4A054840D8CE0554DC0E97A423033F5FA0FB3D
[TLS] Written transcript to proofs/MSG_TLS_BC909A28.out, proofs/SIG_TLS_BC909A28.out and proofs/PK_TLS_BC909A28.der
Signature verification succeeds
[TLS] Server time: 1619775306
[TLS] client_random  (32): BA7FB8E606719C79E447449B0C2F31C5E6BDF208A62BCA737AFEC1F8E7948A62
[TLS] sign_hash (32): 6952687DFC38A31868B19A6316D054326B441C4FF01CEDECC8026326C486AC04
[TLS] Written transcript to proofs/MSG_TLS_BA7FB8E6.out, proofs/SIG_TLS_BA7FB8E6.out and proofs/PK_TLS_BA7FB8E6.der
Signature verification succeeds
[TLS] Server time: 1619775306
[TLS] client_random  (32): 50690EB3F2CF5DF4ECDA81EF2C9DE02910983D9DB3D82DDDA13C9B4500FE48F3
[TLS] sign_hash (32): C6FE825577A296E0FEF83833859BDE515E396D05707C214F16449834369CFBF1
[TLS] Written transcript to proofs/MSG_TLS_50690EB3.out, proofs/SIG_TLS_50690EB3.out and proofs/PK_TLS_50690EB3.der
Signature verification succeeds
[TLS] Server time: 1619775306
[TLS] client_random  (32): C27604E2069E76AA8AE21105AB351F50FCC3F1294465FDE83F35C217064F19A2
[TLS] sign_hash (32): F390B3ED6737529344BA2929CA0B586C42D6CF5B03C1580356AD1EEC18F53760
[TLS] Written transcript to proofs/MSG_TLS_C27604E2.out, proofs/SIG_TLS_C27604E2.out and proofs/PK_TLS_C27604E2.der
Signature verification succeeds
[TLS] Server time: 1619775306
[TLS] client_random  (32): 11C66B09CF9CEE2B7B248F9824CBFDFB28B51B9AEF64FC070D54C9F602545AB3
[TLS] sign_hash (32): CA4ECB53189E25DD3F9EDC082696727AC627965279094C81C4E987E7F84C02C9
[TLS] Written transcript to proofs/MSG_TLS_11C66B09.out, proofs/SIG_TLS_11C66B09.out and proofs/PK_TLS_11C66B09.der
Signature verification succeeds
[TLS] Server time: 1619775306
[TLS] client_random  (32): 39FC1ACD2990672A87331C5CD8079E0549981B4BAB25BC293B55A09480C7490C
[TLS] sign_hash (32): 8B63DAEBD67458B5EE6D55D700AB132024F240996C2B8E5F16B5C4C7BA4A01D6
[TLS] Written transcript to proofs/MSG_TLS_39FC1ACD.out, proofs/SIG_TLS_39FC1ACD.out and proofs/PK_TLS_39FC1ACD.der
Signature verification succeeds
[TLS] Server time: 1619775307
[TLS] client_random  (32): 16EE074BCAF36FEECD30E0B2CAA7A96832FD2ECC32EAB999591AA1BA7267F2A5
[TLS] sign_hash (32): 01CA22D1D63140105C1F96B2B7A6F08B2D59B1DFCE8B3FF9907EB60D8AA4444D
[TLS] Written transcript to proofs/MSG_TLS_16EE074B.out, proofs/SIG_TLS_16EE074B.out and proofs/PK_TLS_16EE074B.der
Signature verification succeeds
[TLS] Server time: 1619775307
[TLS] client_random  (32): 1F855D99433AC491F6E0035FE200729BE5F6901976B49C082DDE2D61A70A393D
[TLS] sign_hash (32): 33B324C313E6EAC9A7BD49C9EE35B131BF3D9A0CBAC98A32C79F2477E994CE9A
[TLS] Written transcript to proofs/MSG_TLS_1F855D99.out, proofs/SIG_TLS_1F855D99.out and proofs/PK_TLS_1F855D99.der
Signature verification succeeds
[TLS] Server time: 1619775307
[TLS] client_random  (32): CA90B3E897DA621547C0D8455C7C6F7F092E33A3A9663E7A8DD74089052B5DCE
[TLS] sign_hash (32): E8B46411EF2995FE7E843D219FBDEE92F59E87A209DD0E0DC0C3B3BADEF66953
[TLS] Written transcript to proofs/MSG_TLS_CA90B3E8.out, proofs/SIG_TLS_CA90B3E8.out and proofs/PK_TLS_CA90B3E8.der
Signature verification succeeds
[TLS] Server time: 1619775307
[TLS] client_random  (32): 27C4AC648AAAE3245E2227EDBF596AA04BE71B70BFE23CD35F82F6A60CE61538
[TLS] sign_hash (32): 6F6A49F94906F44DFFBFC3D8AE0FC5386E1E9864B7D05D47E0B2E753467C1FAA
[TLS] Written transcript to proofs/MSG_TLS_27C4AC64.out, proofs/SIG_TLS_27C4AC64.out and proofs/PK_TLS_27C4AC64.der
Signature verification succeeds
[TLS] Server time: 1619775307
[TLS] client_random  (32): 297070DFAC3DA9CC43678657F3C67CEB797829BB323005AAE42D177360F27C04
[TLS] sign_hash (32): 85787739BB1F2095684B3B68016610700F5E932B71E10D1A557ECC8E3888D83F
[TLS] Written transcript to proofs/MSG_TLS_297070DF.out, proofs/SIG_TLS_297070DF.out and proofs/PK_TLS_297070DF.der
Signature verification succeeds
[TLS] Server time: 1619775307
[TLS] client_random  (32): C902CEC4F07A3CF7F16B8D760D43553BE786460FEBB5CF47CE82EBD077805E59
[TLS] sign_hash (32): 455745BBEAD66F223CC2529AD7420FF4FC4D70DDEA80F1DDE104F95A70BE1D26
[TLS] Written transcript to proofs/MSG_TLS_C902CEC4.out, proofs/SIG_TLS_C902CEC4.out and proofs/PK_TLS_C902CEC4.der
Signature verification succeeds
[TLS] Server time: 1619775307
[TLS] client_random  (32): 7B14CCF8F890C613177901F420C6CD6796D49DA7E11AF95B0C9E6B1BB77BAD2A
[TLS] sign_hash (32): 8EC597967FD240FE1A25816A37F2698118738DE9393F14193D8B6A792C11190A
[TLS] Written transcript to proofs/MSG_TLS_7B14CCF8.out, proofs/SIG_TLS_7B14CCF8.out and proofs/PK_TLS_7B14CCF8.der
Signature verification succeeds
[TLS] Server time: 1619775307
[TLS] client_random  (32): A5D75819F07F823F078AD1FAB1364789024D5F993651518B76700C4A3DA9565B
[TLS] sign_hash (32): 4948ACB0BFE75D070905CDC256B73C2DA9E58761A9DC7414C7488FA042FF2019
[TLS] Written transcript to proofs/MSG_TLS_A5D75819.out, proofs/SIG_TLS_A5D75819.out and proofs/PK_TLS_A5D75819.der
Signature verification succeeds
[TLS] Server time: 1619775307
[TLS] client_random  (32): 01B8BFF2E251B30541B84B0738C6750F2504CCA093ACD8ADD7652236987F93C4
[TLS] sign_hash (32): 6A438DCEEF6152161F5B710CD9F37EB771BB0FCD84DD2C7793AE367849D40EF2
[TLS] Written transcript to proofs/MSG_TLS_01B8BFF2.out, proofs/SIG_TLS_01B8BFF2.out and proofs/PK_TLS_01B8BFF2.der
Signature verification succeeds
[TLS] Server time: 1619775307
[TLS] client_random  (32): 716B7174F694B146BF8369B6BD29DAFE80CE095C9289B250C5D5D30F25D2C002
[TLS] sign_hash (32): AC8089CAE95D819793A70EA290D8052F9F6F1EA942554F1E2C08E086E4082936
[TLS] Written transcript to proofs/MSG_TLS_716B7174.out, proofs/SIG_TLS_716B7174.out and proofs/PK_TLS_716B7174.der
Signature verification succeeds
[TLS] Server time: 1619775307
[TLS] client_random  (32): 435F007D733225DBF9FDF0D310656D3018901A20DE001CEDDF4E48BD0DD0A499
[TLS] sign_hash (32): C0724F9950EB0D9371FEA1E806302B0F547A891EA80FFEFD5184CC5858447335
[TLS] Written transcript to proofs/MSG_TLS_435F007D.out, proofs/SIG_TLS_435F007D.out and proofs/PK_TLS_435F007D.der
Signature verification succeeds
[TLS] Server time: 1619775307
[TLS] client_random  (32): A2DD656D996D3D742C71325D129D4704E99DBE9FF3E5E84BF88BE7F6F25B928A
[TLS] sign_hash (32): 7817C4759DEA30E1B13F4657374E5A46B6A9FC9E251AD682671DC408E9F09F13
[TLS] Written transcript to proofs/MSG_TLS_A2DD656D.out, proofs/SIG_TLS_A2DD656D.out and proofs/PK_TLS_A2DD656D.der
Signature verification succeeds
[TLS] Server time: 1619775307
[TLS] client_random  (32): 220345EDBBFC8F0AF07C11128C2F7798D1117D5316C6BED4C7989A644B6ED021
[TLS] sign_hash (32): 498B503D0FA8AA24584BB360B1629FD927FE9AD8F58D05890239527C82D5AB3B
[TLS] Written transcript to proofs/MSG_TLS_220345ED.out, proofs/SIG_TLS_220345ED.out and proofs/PK_TLS_220345ED.der
Signature verification succeeds
[TLS] Server time: 1619775307
[TLS] client_random  (32): 5E2DB42EAC40BF579E5C5237AF81284A9EC86364D00329D618917A7C17A71A83
[TLS] sign_hash (32): 8130A16FC1DB99780882DF69CB16CFC2D36DAAC3F61149A26CE7783E0592A455
[TLS] Written transcript to proofs/MSG_TLS_5E2DB42E.out, proofs/SIG_TLS_5E2DB42E.out and proofs/PK_TLS_5E2DB42E.der
Signature verification succeeds
[TLS] Server time: 1619775307
[TLS] client_random  (32): C39E35E66290DF2C97BA632212D7A75A57A68F489BF7F3FBAFBBEA01589FE92A
[TLS] sign_hash (32): 86C230BBB11A8C3FE242AB80D5DD5163589057A925A092CE1947E7FEED7E86DD
[TLS] Written transcript to proofs/MSG_TLS_C39E35E6.out, proofs/SIG_TLS_C39E35E6.out and proofs/PK_TLS_C39E35E6.der
Signature verification succeeds
[TLS] Server time: 1619775307
[TLS] client_random  (32): B08DF998981E2D7DD1EB9B7A9B45007C57F0F30D62FC7D677B69195EBD1A0EA1
[TLS] sign_hash (32): ABDDF01137BC77B406DF7EFBC2B5540789E6531B5ECAD527BDDE95CFA18212FB
[TLS] Written transcript to proofs/MSG_TLS_B08DF998.out, proofs/SIG_TLS_B08DF998.out and proofs/PK_TLS_B08DF998.der
Signature verification succeeds
[TLS] Server time: 1619775307
[TLS] client_random  (32): 439056BFCE40BE7CA2E51BC8122C6EACE1EABF24623DAC386B7731431A5BA0A2
[TLS] sign_hash (32): 722A865C0AE5498AD5E48334FDED10C40620F8834701D9701958D1E17B5668C6
[TLS] Written transcript to proofs/MSG_TLS_439056BF.out, proofs/SIG_TLS_439056BF.out and proofs/PK_TLS_439056BF.der
Signature verification succeeds
[TLS] Server time: 1619775307
[TLS] client_random  (32): 036A51398FEE28B3291E626DEF91157E94DFC679187C98B4872A6462D1FABEDD
[TLS] sign_hash (32): 0DBCFCB11EA969ED9735BC85ACCEC3D6E1F47503479E6B3F6C589FA4D8F47C88
[TLS] Written transcript to proofs/MSG_TLS_036A5139.out, proofs/SIG_TLS_036A5139.out and proofs/PK_TLS_036A5139.der
Signature verification succeeds
[TLS] Server time: 1619775307
[TLS] client_random  (32): 363DDE55833FDAD406211719D405D088F42CEABC720770C69C2414CA6DD6636C
[TLS] sign_hash (32): E32CA5D308094772BC101B1AB036D09251AD6AB260F579751A1A272D08A97548
[TLS] Written transcript to proofs/MSG_TLS_363DDE55.out, proofs/SIG_TLS_363DDE55.out and proofs/PK_TLS_363DDE55.der
Signature verification succeeds
[TLS] Server time: 1619775307
[TLS] client_random  (32): 28C3E247BE7F4E5D9643BCC431EE485F4A0F5C40BB3C3ECB3400EDCB843D3BA2
[TLS] sign_hash (32): DDE4C232A13FCB69EFCCF10EF94808CF785DACD3A30151B235121C15D6AF8BCB
[TLS] Written transcript to proofs/MSG_TLS_28C3E247.out, proofs/SIG_TLS_28C3E247.out and proofs/PK_TLS_28C3E247.der
Signature verification succeeds
[TLS] Server time: 1619775307
[TLS] client_random  (32): E0168679AFD27508AD0385C783CDB25A281F42969250A5936D58C73C736DE1DF
[TLS] sign_hash (32): 9348ABE57C5391141A222A4AAA613C0707B26ABCB0AB727F2977C8C964FA5607
[TLS] Written transcript to proofs/MSG_TLS_E0168679.out, proofs/SIG_TLS_E0168679.out and proofs/PK_TLS_E0168679.der
Signature verification succeeds
[TLS] Server time: 1619775307
[TLS] client_random  (32): F12F71CFA4238E6792C711FE519E7B6B7ED6A62127F1994EE6DA1A72DC228BF1
[TLS] sign_hash (32): F7D98A8690B743BE683081BFBA60C58D0E15501540817AA894D6AF9B20F9F931
[TLS] Written transcript to proofs/MSG_TLS_F12F71CF.out, proofs/SIG_TLS_F12F71CF.out and proofs/PK_TLS_F12F71CF.der
Signature verification succeeds
[TLS] Server time: 1619775307
[TLS] client_random  (32): 9F2E7DC47F15D121546728D34D825B142397C333C02210D643EBAF2670D9A863
[TLS] sign_hash (32): F9B0D2241B32EC86AD483EAB903C1F1D89E47F4ED1E38B0BE95E0ADF35CD7C1C
[TLS] Written transcript to proofs/MSG_TLS_9F2E7DC4.out, proofs/SIG_TLS_9F2E7DC4.out and proofs/PK_TLS_9F2E7DC4.der
Signature verification succeeds
[TLS] Server time: 1619775307
[TLS] client_random  (32): 43D8F75667D7B0070173140AD02DBA7635A11740247DDB0B68531A564AE6A10B
[TLS] sign_hash (32): 97849F35C7919D72D96030D95D98A29E3E38A43108CDB770EDC13B3066F46D1A
[TLS] Written transcript to proofs/MSG_TLS_43D8F756.out, proofs/SIG_TLS_43D8F756.out and proofs/PK_TLS_43D8F756.der
Signature verification succeeds
[TLS] Server time: 1619775307
[TLS] client_random  (32): 166B4CFEFC3C5EF0F79E455AA35796DFF2DA96D2ADB7FF83817D1769B01EDE49
[TLS] sign_hash (32): E773697D68F8A06132690E3143AEDF5E7E5BB5CA150421C1DA45EB778E6A8098
[TLS] Written transcript to proofs/MSG_TLS_166B4CFE.out, proofs/SIG_TLS_166B4CFE.out and proofs/PK_TLS_166B4CFE.der
Signature verification succeeds
[TLS] Server time: 1619775307
[TLS] client_random  (32): 66C258C573AA49383CE4734388DA31242214141D7723DB6DD0E8B19303703A6F
[TLS] sign_hash (32): 8789DBF24F6FAC4929C121514E2AFAE53B768BD7B8594E3E06A5609153EF54BF
[TLS] Written transcript to proofs/MSG_TLS_66C258C5.out, proofs/SIG_TLS_66C258C5.out and proofs/PK_TLS_66C258C5.der
Signature verification succeeds
[TLS] Server time: 1619775307
[TLS] client_random  (32): 5A62A3CA448D4DA77527285499F999A704C4F3D453EED635F1E32D73BB7DFFA6
[TLS] sign_hash (32): 26E98D623B2CBE3623AB1F1C91ADA0086B51C0AEE90802BC48E940404D90213F
[TLS] Written transcript to proofs/MSG_TLS_5A62A3CA.out, proofs/SIG_TLS_5A62A3CA.out and proofs/PK_TLS_5A62A3CA.der
Signature verification succeeds
[TLS] Server time: 1619775307
[TLS] client_random  (32): 233D91CBAB2865E9E0EDD2BC1C2E10A3AD5E8CB27284F7070B9701EDE65F7646
[TLS] sign_hash (32): 90DC41E50239FF140D32EC6466D2CD258A5C910BBC4271B3B44DF685E7002AC6
[TLS] Written transcript to proofs/MSG_TLS_233D91CB.out, proofs/SIG_TLS_233D91CB.out and proofs/PK_TLS_233D91CB.der
Signature verification succeeds
[TLS] Server time: 1619775307
[TLS] client_random  (32): E62CC91DA5092A5B66D0EFCC96D8D9537EEF657A9643BF273A5FE16C9233CA55
[TLS] sign_hash (32): 01D2DC73D29F9F876463EC367C025A25D54B7A73631920F4F587922B0A0F4656
[TLS] Written transcript to proofs/MSG_TLS_E62CC91D.out, proofs/SIG_TLS_E62CC91D.out and proofs/PK_TLS_E62CC91D.der
Signature verification succeeds
[TLS] Server time: 1619775307
[TLS] client_random  (32): 449932CE76BCCA0425680B65CABA2A55B16816975AAD7B28D3DB490DAB11144D
[TLS] sign_hash (32): C25602D2762156E86A40A6BDD5BCEB9962EB461286AF95F3D092E574D2876E1F
[TLS] Written transcript to proofs/MSG_TLS_449932CE.out, proofs/SIG_TLS_449932CE.out and proofs/PK_TLS_449932CE.der
Signature verification succeeds
[TLS] Server time: 1619775307
[TLS] client_random  (32): 45913EF36E6F322678503F716BE49F9B4B63B60A59D27FA1A9F0D8536A8A52F2
[TLS] sign_hash (32): FE513669C0177944A867AB439A04F950A1E30A4FD3C05059D53132701D95DA90
[TLS] Written transcript to proofs/MSG_TLS_45913EF3.out, proofs/SIG_TLS_45913EF3.out and proofs/PK_TLS_45913EF3.der
Signature verification succeeds
[TLS] Server time: 1619775307
[TLS] client_random  (32): 0402D02EDD988DD36C57333FA705047958C281F43780E3C57A9993611897F945
[TLS] sign_hash (32): 191A12D90F29B5D67C903BB801F74334F16D905DDB69B5A29ABD483E4C9797EB
[TLS] Written transcript to proofs/MSG_TLS_0402D02E.out, proofs/SIG_TLS_0402D02E.out and proofs/PK_TLS_0402D02E.der
Signature verification succeeds
[TLS] Server time: 1619775307
[TLS] client_random  (32): 71CD20CF08AE79C7054CEC5D16584E5FF0FC23F340465F9E807D1AF5D65326B4
[TLS] sign_hash (32): 116786CF84A651732C260AFBF0BBCFB840F5C8CE24EED0A556DDE998233D2924
[TLS] Written transcript to proofs/MSG_TLS_71CD20CF.out, proofs/SIG_TLS_71CD20CF.out and proofs/PK_TLS_71CD20CF.der
Signature verification succeeds
[TLS] Server time: 1619775307
[TLS] client_random  (32): 345D8F11CB0F00AC405C68712AF345AE8DD5CE12DCDC09BB975FE773867F60B6
[TLS] sign_hash (32): CDE62CFF0E534AD69D641DB64BA1F8963B2ACE8C0C3A6C8380C79BD838381DFD
[TLS] Written transcript to proofs/MSG_TLS_345D8F11.out, proofs/SIG_TLS_345D8F11.out and proofs/PK_TLS_345D8F11.der
Signature verification succeeds
[TLS] Server time: 1619775307
[TLS] client_random  (32): 8CA8B3644056AF144EA3A82AA7572533C44960FD87AEAE31E28A3A273F68CEAE
[TLS] sign_hash (32): C7434EB99E93AA1F7556A1F97F8A6FD6D54B79A0AD508495A3C41D97E3BD66FC
[TLS] Written transcript to proofs/MSG_TLS_8CA8B364.out, proofs/SIG_TLS_8CA8B364.out and proofs/PK_TLS_8CA8B364.der
Signature verification succeeds
[TLS] Server time: 1619775307
[TLS] client_random  (32): 81D6108D9EA9541EDB5838B34C7043F238A5BCA3B52B2BEFE0E4237F1B3535E7
[TLS] sign_hash (32): 6BF9C9237A4DF210CAB63B70C5E909D88BA152C73D8E165EDC00C1C782B9E5F0
[TLS] Written transcript to proofs/MSG_TLS_81D6108D.out, proofs/SIG_TLS_81D6108D.out and proofs/PK_TLS_81D6108D.der
Signature verification succeeds
[TLS] Server time: 1619775307
[TLS] client_random  (32): 7DEA752EE1D3C1AEADAE86F3E7CCF3AFB2BA0B34100DF6A0722BA9C163195538
[TLS] sign_hash (32): 0725438A6D793F2477782234F4EBEA5C24232274462168006719D05985BD1FF3
[TLS] Written transcript to proofs/MSG_TLS_7DEA752E.out, proofs/SIG_TLS_7DEA752E.out and proofs/PK_TLS_7DEA752E.der
Signature verification succeeds
Time breakdown (averages): anchor_ping:19.146886 file_read:0.138742 hashing:0.470573
Total time for 119 rounds is 2370.141593ms
Standard deviations: anchor_ping:80.332055 file_read:0.013721 hashing:0.004353
[Client-side ops] mean:0.609315 sd:0.014622
in & out anchor rand written to proofs/phase1.out
     73 [TLS] Server time: 1619775305
     10 [TLS] Server time: 1619775306
     37 [TLS] Server time: 1619775307
Count is 73
Count is 10
Count is 37
success: 1
RESULT: 1 in 2 tries
