TLS anchor: sruc.ac.uk
Actual: 58, Set: 119
Beginning execution at Mon May 3 20:35:01 UTC 2021
CONF: anchor:sruc.ac.uk fs:1024MB n_rounds:119 seed:5c9f4bf9bbc15bb855f82faedc5a52fc3ab2dfa8ec3ba3ce1b270f31fa0cced2 filename:FILE bs:1024 nops:100 benchmarking:0 anchor_ping:1 queue_depth:32 direct:0
[TLS] Connecting to sruc.ac.uk
[TLS] Server time: 1620074102
[TLS] client_random  (32): 5C9F4BF9BBC15BB855F82FAEDC5A52FC3AB2DFA8EC3BA3CE1B270F31FA0CCED2
[TLS] sign_hash (32): CE126E3797F1EAF53D7132F2725B98E6395BE59EE8A27705505CC8B9B36FB770
[TLS] Written transcript to proofs/MSG_TLS_5C9F4BF9.out, proofs/SIG_TLS_5C9F4BF9.out and proofs/PK_TLS_5C9F4BF9.der
Signature verification succeeds
[TLS] Server time: 1620074102
[TLS] client_random  (32): 406457A4DC2A2399C45A45354B371E10ADE69DAB552A857E8916CE32772D27D0
[TLS] sign_hash (32): BB32FA4EBB5602177A6551E343B0F551FFE4BFE11AA24C7C2305590B80CCA886
[TLS] Written transcript to proofs/MSG_TLS_406457A4.out, proofs/SIG_TLS_406457A4.out and proofs/PK_TLS_406457A4.der
Signature verification succeeds
[TLS] Server time: 1620074102
[TLS] client_random  (32): F7062BB3DC18E80EC9F350EDC3096894AA2EEFCBEC191BCDA9B681A0EA7B26CC
[TLS] sign_hash (32): ABB9B9B352A7B85C2A1824EE26B136D92679FB57F544B7E532C1270715DFE0DE
[TLS] Written transcript to proofs/MSG_TLS_F7062BB3.out, proofs/SIG_TLS_F7062BB3.out and proofs/PK_TLS_F7062BB3.der
Signature verification succeeds
[TLS] Server time: 1620074102
[TLS] client_random  (32): 67486D90918B339CA91E27D137C50714650627BDC50BE10968C41F2D660AA17B
[TLS] sign_hash (32): 3132F48D082849E40FDA3E18E41ADB29FB872CD92D4032F5C5CFDD24EA23B5E2
[TLS] Written transcript to proofs/MSG_TLS_67486D90.out, proofs/SIG_TLS_67486D90.out and proofs/PK_TLS_67486D90.der
Signature verification succeeds
[TLS] Server time: 1620074102
[TLS] client_random  (32): A93B6EC063B3E2633C5F0B9E9F502DEDF3FE971A671BF5908B7AA8993CA3D60D
[TLS] sign_hash (32): 422F6CB78BF37589A6414A789E947530884906303B1B1612F9DC78AD248DB47D
[TLS] Written transcript to proofs/MSG_TLS_A93B6EC0.out, proofs/SIG_TLS_A93B6EC0.out and proofs/PK_TLS_A93B6EC0.der
Signature verification succeeds
[TLS] Server time: 1620074102
[TLS] client_random  (32): FF6579217E1EBA70876D84376C4036B3FD408C7217A88D3749BF24D59952F412
[TLS] sign_hash (32): B72BCE33EBA89DC71ECF259A75197DDD3A064BDF6795444668A0D750A3C17A7C
[TLS] Written transcript to proofs/MSG_TLS_FF657921.out, proofs/SIG_TLS_FF657921.out and proofs/PK_TLS_FF657921.der
Signature verification succeeds
[TLS] Server time: 1620074102
[TLS] client_random  (32): 1ED6342ACED71510F67CDE48531C7440C6C645BC032EF04B157395A9891850D7
[TLS] sign_hash (32): 98A80C3D3EC611EC2092C2CC73B2DA0381E8F7275CDD0B8B32CB0B9F5CF8174C
[TLS] Written transcript to proofs/MSG_TLS_1ED6342A.out, proofs/SIG_TLS_1ED6342A.out and proofs/PK_TLS_1ED6342A.der
Signature verification succeeds
[TLS] Server time: 1620074102
[TLS] client_random  (32): A3DDB5E561F6B5D2F74A949EA81798D228CC2447723DA080B58B6902F1BB530D
[TLS] sign_hash (32): 9D811992B3C61ACC4F4178B0F0D9B780C232081FF57FDA9D01D6FD7ADAFE254D
[TLS] Written transcript to proofs/MSG_TLS_A3DDB5E5.out, proofs/SIG_TLS_A3DDB5E5.out and proofs/PK_TLS_A3DDB5E5.der
Signature verification succeeds
[TLS] Server time: 1620074102
[TLS] client_random  (32): B2607E57BC558631CA73DBF36080D777FCD698B14AF2653789EDF50087FEFCF6
[TLS] sign_hash (32): 49701AF3EE9D4960ED5968F8B300ECC92D2A952E3703B68C158097E75BB91410
[TLS] Written transcript to proofs/MSG_TLS_B2607E57.out, proofs/SIG_TLS_B2607E57.out and proofs/PK_TLS_B2607E57.der
Signature verification succeeds
[TLS] Server time: 1620074102
[TLS] client_random  (32): A059531B2BDEB732C79C4A01E7FF3617D896814262ADCFE94FEA5503FC8B603D
[TLS] sign_hash (32): AA28E9DE0B52EDD7FC5DCCAB18F78AE1D1EC69EFCB454AF1FB54A0525F98EBB2
[TLS] Written transcript to proofs/MSG_TLS_A059531B.out, proofs/SIG_TLS_A059531B.out and proofs/PK_TLS_A059531B.der
Signature verification succeeds
[TLS] Server time: 1620074102
[TLS] client_random  (32): DC4CDA0AA4DC02D5183A934B5605524C6B6CD73B44FEA7A09CED80AF1B2C8EE8
[TLS] sign_hash (32): 55CBD22B5720493083EE1B7B5111F4CAFB8DC53AFFCEF82537F2CDAB8D11580C
[TLS] Written transcript to proofs/MSG_TLS_DC4CDA0A.out, proofs/SIG_TLS_DC4CDA0A.out and proofs/PK_TLS_DC4CDA0A.der
Signature verification succeeds
[TLS] Server time: 1620074102
[TLS] client_random  (32): 05132E0F60C15EBAEAEEF8729925D2678F5D0DBB8A8C7F61E7B0E9F4CA556FE5
[TLS] sign_hash (32): 81651C03E719B87B59CA47B1EC8936B9506396A9FB93D1306A2C3EB744CA8AE6
[TLS] Written transcript to proofs/MSG_TLS_05132E0F.out, proofs/SIG_TLS_05132E0F.out and proofs/PK_TLS_05132E0F.der
Signature verification succeeds
[TLS] Server time: 1620074102
[TLS] client_random  (32): 56BF344284F8A2A7D3C95EB1D9383D400363016B01E3495C30E538124A6C1270
[TLS] sign_hash (32): 386C4900D6B0A18DE6D1067641D755E88C62CBF8E33D51394FC08E2F35431086
[TLS] Written transcript to proofs/MSG_TLS_56BF3442.out, proofs/SIG_TLS_56BF3442.out and proofs/PK_TLS_56BF3442.der
Signature verification succeeds
[TLS] Server time: 1620074102
[TLS] client_random  (32): 12C9BF3D4FC8C68C45C1E408ED1AD304DE858A0F2A72BB1DDC98C99A6BFD8905
[TLS] sign_hash (32): 1E20BF074D16FC8D798C0D5F2C001B4831C8C318ACC271017616432805570887
[TLS] Written transcript to proofs/MSG_TLS_12C9BF3D.out, proofs/SIG_TLS_12C9BF3D.out and proofs/PK_TLS_12C9BF3D.der
Signature verification succeeds
[TLS] Server time: 1620074102
[TLS] client_random  (32): C291BE6176820B000B762E55C4160BB09895236CA339010FE7F533E67560D379
[TLS] sign_hash (32): 26B1C2128D9EAA80949AB00D2170180B3F48371873F52845B4D0C61FFE048DAE
[TLS] Written transcript to proofs/MSG_TLS_C291BE61.out, proofs/SIG_TLS_C291BE61.out and proofs/PK_TLS_C291BE61.der
Signature verification succeeds
[TLS] Server time: 1620074102
[TLS] client_random  (32): EC1A267CA628DA624CF4D0656EF56D67E07CE409AA8D6993B6AACACEBEEA9174
[TLS] sign_hash (32): CA1E29E5EADC4DDAE03701F901E6300064CA92654B22BBE9A1D82DBDEDB87C24
[TLS] Written transcript to proofs/MSG_TLS_EC1A267C.out, proofs/SIG_TLS_EC1A267C.out and proofs/PK_TLS_EC1A267C.der
Signature verification succeeds
[TLS] Server time: 1620074102
[TLS] client_random  (32): A5C67E4D81607F1954129577D4664DC45BCF9FE2207C5BE0197F3527496DF839
[TLS] sign_hash (32): ABBF0D880BD331D9C9BC5F27FDD40311A842A244FC65C4825383473EAD755DDD
[TLS] Written transcript to proofs/MSG_TLS_A5C67E4D.out, proofs/SIG_TLS_A5C67E4D.out and proofs/PK_TLS_A5C67E4D.der
Signature verification succeeds
[TLS] Server time: 1620074102
[TLS] client_random  (32): 844C04690861835D3ADCB1920624F1D4A8B27A13DA60DD9407BA095DFE37BC2C
[TLS] sign_hash (32): 23C0C82080BA8038DBA7BF2A97512DE6415BABAF6A8C126D6DC3EDD3AA2080AD
[TLS] Written transcript to proofs/MSG_TLS_844C0469.out, proofs/SIG_TLS_844C0469.out and proofs/PK_TLS_844C0469.der
Signature verification succeeds
[TLS] Server time: 1620074102
[TLS] client_random  (32): 61B809C95DE501AA429D7238378416116FCF6206253E50F7AF66D885977F18EA
[TLS] sign_hash (32): 5A3EF2BF0CF8E94F0520A895C27692264199A79D459077C1E44A1EDDC35CBE39
[TLS] Written transcript to proofs/MSG_TLS_61B809C9.out, proofs/SIG_TLS_61B809C9.out and proofs/PK_TLS_61B809C9.der
Signature verification succeeds
[TLS] Server time: 1620074102
[TLS] client_random  (32): 5F93C18FEE9CADE84684211BE3D1332D71BA348990139123F5CFC7F40172F214
[TLS] sign_hash (32): F43DD5DBD089478C1A7EACCEA6138DC300D5291D1DC9DD113731F1FEE9A3A61F
[TLS] Written transcript to proofs/MSG_TLS_5F93C18F.out, proofs/SIG_TLS_5F93C18F.out and proofs/PK_TLS_5F93C18F.der
Signature verification succeeds
[TLS] Server time: 1620074102
[TLS] client_random  (32): 812A7364D63F6810D8A5B1235417E001F242372AA492997C7C33EBEDE5D40124
[TLS] sign_hash (32): FAC971D51B0870EA0BA1B9FD3CDE979AC849B956AB2BCCB3D12D6F4A5ADE8C4F
[TLS] Written transcript to proofs/MSG_TLS_812A7364.out, proofs/SIG_TLS_812A7364.out and proofs/PK_TLS_812A7364.der
Signature verification succeeds
[TLS] Server time: 1620074102
[TLS] client_random  (32): 40949C88AB361EDC68794254E22628B8EDC7F9568E8D5CB48E7E180298655FD5
[TLS] sign_hash (32): DDD656A91869691750584E427F834BCDC060879EC243EDAA7D66435557FF48E6
[TLS] Written transcript to proofs/MSG_TLS_40949C88.out, proofs/SIG_TLS_40949C88.out and proofs/PK_TLS_40949C88.der
Signature verification succeeds
[TLS] Server time: 1620074102
[TLS] client_random  (32): 4763DBA7F6D5A4E38D7D99EBBAA5E83D1DAB1EFD611892166632C45B8FF423B6
[TLS] sign_hash (32): C114C134EB80954B688F034110BA609D2A670455C73E137A434E7F2855D13A41
[TLS] Written transcript to proofs/MSG_TLS_4763DBA7.out, proofs/SIG_TLS_4763DBA7.out and proofs/PK_TLS_4763DBA7.der
Signature verification succeeds
[TLS] Server time: 1620074102
[TLS] client_random  (32): 75548FCDC90B98F189E1B501AA529996219323D593A881C71BDDE0C23E6FCDE6
[TLS] sign_hash (32): C6750DFD841EDDF70EF158C0A345C54D1559785C1C0DAC61763A2B9BBAFDB940
[TLS] Written transcript to proofs/MSG_TLS_75548FCD.out, proofs/SIG_TLS_75548FCD.out and proofs/PK_TLS_75548FCD.der
Signature verification succeeds
[TLS] Server time: 1620074102
[TLS] client_random  (32): 8BFB96F8257723CBD78CED915096AB9145F8D2630994C06B7AD3D666BCFA7F20
[TLS] sign_hash (32): A32135CE7C2ED5043C1C5BD0959684FA7CF5B2F9359933BFC0A148748B47B7D5
[TLS] Written transcript to proofs/MSG_TLS_8BFB96F8.out, proofs/SIG_TLS_8BFB96F8.out and proofs/PK_TLS_8BFB96F8.der
Signature verification succeeds
[TLS] Server time: 1620074102
[TLS] client_random  (32): AF5BB7237861A8674882D0442BD2E4613B52150EEC54F3A7298E1502C0D47413
[TLS] sign_hash (32): 3F61B31653875CE87AF75C5CE64D1A8E661EAC6767810F55BF388E72553D40E0
[TLS] Written transcript to proofs/MSG_TLS_AF5BB723.out, proofs/SIG_TLS_AF5BB723.out and proofs/PK_TLS_AF5BB723.der
Signature verification succeeds
[TLS] Server time: 1620074102
[TLS] client_random  (32): 92B7C5D265B46C9978B865E56F35E093C9F90BA2B9285A7F82647BFE3044121C
[TLS] sign_hash (32): 2B0675881001FE25EFDBA5F5025F52AA8FB97FB360E7E6C9728E6E48053D866C
[TLS] Written transcript to proofs/MSG_TLS_92B7C5D2.out, proofs/SIG_TLS_92B7C5D2.out and proofs/PK_TLS_92B7C5D2.der
Signature verification succeeds
[TLS] Server time: 1620074102
[TLS] client_random  (32): 42911D4135FD7B7ED76DE667EC3D1D6D0EE0BEB078C39A493724AB58621FEA3D
[TLS] sign_hash (32): 3999A34F17C4813BDB51867AFCE85146DA493B3A7E9F79A7C5473499CA8B7DD2
[TLS] Written transcript to proofs/MSG_TLS_42911D41.out, proofs/SIG_TLS_42911D41.out and proofs/PK_TLS_42911D41.der
Signature verification succeeds
[TLS] Server time: 1620074102
[TLS] client_random  (32): 2F1F4332737814D77903729EBF8A555A63D9686E467ACDAD5B404FE4320891B1
[TLS] sign_hash (32): FDBD489E1B87334656292BF9473EC4A5E19A8CEFBD101418BCCE0E25B1624131
[TLS] Written transcript to proofs/MSG_TLS_2F1F4332.out, proofs/SIG_TLS_2F1F4332.out and proofs/PK_TLS_2F1F4332.der
Signature verification succeeds
[TLS] Server time: 1620074102
[TLS] client_random  (32): A00D25B151A5559BE5F652DF797820725C8F59CE904CF999291FC2FD0CD5893B
[TLS] sign_hash (32): 034466366198CE4F868B962B87A17A21579518111F5AA5D7575EF4C6BE8BBCB8
[TLS] Written transcript to proofs/MSG_TLS_A00D25B1.out, proofs/SIG_TLS_A00D25B1.out and proofs/PK_TLS_A00D25B1.der
Signature verification succeeds
[TLS] Server time: 1620074102
[TLS] client_random  (32): 07D066D166F8088391CC8D2364DC1DCE8EC7D0B9CE6B6C900216C8BE9172A14A
[TLS] sign_hash (32): 1BA7E9976D7C17A1E5B2FF436C60CD2D85765E399548DD85AD952CCFCE1B370C
[TLS] Written transcript to proofs/MSG_TLS_07D066D1.out, proofs/SIG_TLS_07D066D1.out and proofs/PK_TLS_07D066D1.der
Signature verification succeeds
[TLS] Server time: 1620074102
[TLS] client_random  (32): B102103A22079708F679F1E8C360E1D56EF320E0243CEF099800F52E963C3A8F
[TLS] sign_hash (32): 226A00F9EFDCB58E4E6D8A77E4CF5279BA1524FB242D7B25554585BB16DB4105
[TLS] Written transcript to proofs/MSG_TLS_B102103A.out, proofs/SIG_TLS_B102103A.out and proofs/PK_TLS_B102103A.der
Signature verification succeeds
[TLS] Server time: 1620074102
[TLS] client_random  (32): 96B8D3CAB3DAB4E12D49EC7795D639BC4D2912C00DBEBE6D5C1F76F43F8962A7
[TLS] sign_hash (32): E5CA1FD9F02F7870EB58599347528D3EB5E74BC314B0483ED38F4C223A237ECF
[TLS] Written transcript to proofs/MSG_TLS_96B8D3CA.out, proofs/SIG_TLS_96B8D3CA.out and proofs/PK_TLS_96B8D3CA.der
Signature verification succeeds
[TLS] Server time: 1620074102
[TLS] client_random  (32): EF1C30BFD59FE691D896782454E5A8918A6F4D6DC5D50D1172B59E59741AF9B8
[TLS] sign_hash (32): 81972C00151C267BF3EA4926808E8763EAE13647658E7E1924F58D636FDAC99C
[TLS] Written transcript to proofs/MSG_TLS_EF1C30BF.out, proofs/SIG_TLS_EF1C30BF.out and proofs/PK_TLS_EF1C30BF.der
Signature verification succeeds
[TLS] Server time: 1620074102
[TLS] client_random  (32): BF8F674D42E455DB92B8170958FD283440B70DB1B0490F85E70F3B8F06CCAF86
[TLS] sign_hash (32): 04FD7623505ED0DA12B454B83D21BA364B16FD4C4DE0760570B766B21513F553
[TLS] Written transcript to proofs/MSG_TLS_BF8F674D.out, proofs/SIG_TLS_BF8F674D.out and proofs/PK_TLS_BF8F674D.der
Signature verification succeeds
[TLS] Server time: 1620074102
[TLS] client_random  (32): 7D63003483C33712625991AED939CA80921EAF1900B4A5556C81C032C02FC952
[TLS] sign_hash (32): 87A9F33DA9B9CD8386063ACB6D4215EFA50C7F91B2BCED511935AC83A89E907F
[TLS] Written transcript to proofs/MSG_TLS_7D630034.out, proofs/SIG_TLS_7D630034.out and proofs/PK_TLS_7D630034.der
Signature verification succeeds
[TLS] Server time: 1620074102
[TLS] client_random  (32): BF1CB2EE0146CC0766B5D0047B85320CBF96BAAAE9813EE48F3BB23BD3113469
[TLS] sign_hash (32): 1C129DBF99C023190DE92677BA6A70ED61AA05646C153CCC26EFCC454DA12426
[TLS] Written transcript to proofs/MSG_TLS_BF1CB2EE.out, proofs/SIG_TLS_BF1CB2EE.out and proofs/PK_TLS_BF1CB2EE.der
Signature verification succeeds
[TLS] Server time: 1620074102
[TLS] client_random  (32): 1812849DD1F9F4F904721C77F10FAC0F30AE10EBE7BFE92AFD830C558D3B519C
[TLS] sign_hash (32): 27FEE3D82E09DBF3213A24D7D832ED8D7F4B253284D8C5E1E92A39C3794544BD
[TLS] Written transcript to proofs/MSG_TLS_1812849D.out, proofs/SIG_TLS_1812849D.out and proofs/PK_TLS_1812849D.der
Signature verification succeeds
[TLS] Server time: 1620074102
[TLS] client_random  (32): A842CDACDAEB4EF25FCF13C2DB5B2DFC2E8D58B0ECA22C6754D0CB7538704F74
[TLS] sign_hash (32): 88112597D5630390A71A4743198555620A770BCD5407A30EC7E8B95EF568EE68
[TLS] Written transcript to proofs/MSG_TLS_A842CDAC.out, proofs/SIG_TLS_A842CDAC.out and proofs/PK_TLS_A842CDAC.der
Signature verification succeeds
[TLS] Server time: 1620074102
[TLS] client_random  (32): 2EAA38C674182BBD8578025329B85829BCE1480E32CB7908B808A3198AA319EC
[TLS] sign_hash (32): 532C8999AA933924B2A1B31B90FB1F743548764BCCBB25664BBD9A6B8FBAAC8D
[TLS] Written transcript to proofs/MSG_TLS_2EAA38C6.out, proofs/SIG_TLS_2EAA38C6.out and proofs/PK_TLS_2EAA38C6.der
Signature verification succeeds
[TLS] Server time: 1620074102
[TLS] client_random  (32): 4BA1528296371AEBB3444DDE2688ACFC396D2FE2434BC9C3D7FC5BB98F16D89E
[TLS] sign_hash (32): 10CBD1A97D6FF93A8B41C54A24BD22F0029A8540CDC8616B4D8C858A93626498
[TLS] Written transcript to proofs/MSG_TLS_4BA15282.out, proofs/SIG_TLS_4BA15282.out and proofs/PK_TLS_4BA15282.der
Signature verification succeeds
[TLS] Server time: 1620074102
[TLS] client_random  (32): A0CF54F810F302F6EB55B1191B5934BC643C377934F2F1A7BA926369DF5867BB
[TLS] sign_hash (32): C48536C6FC4075BF811B7FF6D56C04329AC4D4410592221FD05657C6F0F99957
[TLS] Written transcript to proofs/MSG_TLS_A0CF54F8.out, proofs/SIG_TLS_A0CF54F8.out and proofs/PK_TLS_A0CF54F8.der
Signature verification succeeds
[TLS] Server time: 1620074102
[TLS] client_random  (32): 6A4D4E9619C11BD0AA4A535756F726DCD267A7329756DEF935F11CE50AE1A41F
[TLS] sign_hash (32): 485A1AACDAC70C136CCC66414052F1C99A093721C04F0436269BD5A15E7F776B
[TLS] Written transcript to proofs/MSG_TLS_6A4D4E96.out, proofs/SIG_TLS_6A4D4E96.out and proofs/PK_TLS_6A4D4E96.der
Signature verification succeeds
[TLS] Server time: 1620074102
[TLS] client_random  (32): D688FEAB9F4D99B58EB31885DF97A562404116A94D27B8559FBBD34E515E4371
[TLS] sign_hash (32): E39EFBEE44B2A782D58696967B81D564D277590CC7481B9DD3D8D0B691961E98
[TLS] Written transcript to proofs/MSG_TLS_D688FEAB.out, proofs/SIG_TLS_D688FEAB.out and proofs/PK_TLS_D688FEAB.der
Signature verification succeeds
[TLS] Server time: 1620074102
[TLS] client_random  (32): 60631BC60D93A9464A1DD4CCC546F42DA6924796659BB66BBE872A16C9CDCC0C
[TLS] sign_hash (32): 6811CEB742DB49D6E0D1E0B780B0252ED703F1AA3ABC9ED067A5CF36C19F636E
[TLS] Written transcript to proofs/MSG_TLS_60631BC6.out, proofs/SIG_TLS_60631BC6.out and proofs/PK_TLS_60631BC6.der
Signature verification succeeds
[TLS] Server time: 1620074102
[TLS] client_random  (32): 4247D6EC5C938A581C0FD55314F6706CEA8A5DF3FCB7E1CE468256E6280E8756
[TLS] sign_hash (32): 6F99559760AD4D06491616DB15A00830315CB02FE67E1F500CAAEC081DF7A255
[TLS] Written transcript to proofs/MSG_TLS_4247D6EC.out, proofs/SIG_TLS_4247D6EC.out and proofs/PK_TLS_4247D6EC.der
Signature verification succeeds
[TLS] Server time: 1620074102
[TLS] client_random  (32): D4C4FEA4E51BB5BA96F9480160765B2FD2AE608BDFCF08732349A5A27CF6F609
[TLS] sign_hash (32): C22631C5A2290E1A81353B1156484746E7879984BFCEAEE3F2B2A61BE1223A25
[TLS] Written transcript to proofs/MSG_TLS_D4C4FEA4.out, proofs/SIG_TLS_D4C4FEA4.out and proofs/PK_TLS_D4C4FEA4.der
Signature verification succeeds
[TLS] Server time: 1620074102
[TLS] client_random  (32): C82D0A3B903CC0A6C9BD5C1C4F025AA5A9D0B14C692A5605AA941160626CEBA1
[TLS] sign_hash (32): 935FC4B3345827FBC58DD4F9F557286B3527F481D25438FC9CF42E009632DC96
[TLS] Written transcript to proofs/MSG_TLS_C82D0A3B.out, proofs/SIG_TLS_C82D0A3B.out and proofs/PK_TLS_C82D0A3B.der
Signature verification succeeds
[TLS] Server time: 1620074102
[TLS] client_random  (32): E380A89793E596AE8CC30FCCFC8F713D0DF6C2A0039605446ABBCA249B410781
[TLS] sign_hash (32): CB9EB77A36195E5B000C944CB07B52D1119E38E5E4D222DACFAD2B69B346A406
[TLS] Written transcript to proofs/MSG_TLS_E380A897.out, proofs/SIG_TLS_E380A897.out and proofs/PK_TLS_E380A897.der
Signature verification succeeds
[TLS] Server time: 1620074102
[TLS] client_random  (32): F9542ACD0E0D8E137F2ED02A39767627A34AF5BD3737AAAE3C0680061B2E875F
[TLS] sign_hash (32): 71221B16C17038E628FB9EB51234A9D2490FFA06749217A247BC80A3FE968898
[TLS] Written transcript to proofs/MSG_TLS_F9542ACD.out, proofs/SIG_TLS_F9542ACD.out and proofs/PK_TLS_F9542ACD.der
Signature verification succeeds
[TLS] Server time: 1620074102
[TLS] client_random  (32): 9A7D6DEE2813DFBE70EAF15B56BBBBFC3B320FC1BF6C3836EA9A2DE2281D7786
[TLS] sign_hash (32): FC38EB77638AF92CA516BBCF555F1E5059083E1F77EA8B06043975DDECB7C9D0
[TLS] Written transcript to proofs/MSG_TLS_9A7D6DEE.out, proofs/SIG_TLS_9A7D6DEE.out and proofs/PK_TLS_9A7D6DEE.der
Signature verification succeeds
[TLS] Server time: 1620074102
[TLS] client_random  (32): 01C17CEE6BBECDEDEBFF5A9C8C77D2B3660D2043526C98F2C1E80F26F5BA7984
[TLS] sign_hash (32): 3805736FF35173B0E97108DD773D1CF4A973B0DE35740FA893DD1293A9816DF6
[TLS] Written transcript to proofs/MSG_TLS_01C17CEE.out, proofs/SIG_TLS_01C17CEE.out and proofs/PK_TLS_01C17CEE.der
Signature verification succeeds
[TLS] Server time: 1620074102
[TLS] client_random  (32): A47AC4B9FB894B18687EED30D697203161B44008A45927772140D2B056EED929
[TLS] sign_hash (32): ECF90EF85D7600201F00D6239723C8226827AB0249C5A022A82E9D8EEC7C66A2
[TLS] Written transcript to proofs/MSG_TLS_A47AC4B9.out, proofs/SIG_TLS_A47AC4B9.out and proofs/PK_TLS_A47AC4B9.der
Signature verification succeeds
[TLS] Server time: 1620074102
[TLS] client_random  (32): 3F4B66D444D56FAC13CAD77F24065F1C5C499BAECAF61C64C8FA3422972BF0BD
[TLS] sign_hash (32): A998EE1AB8664259474E23006912F4EBD6D4598FED45514D582C01A37446C40D
[TLS] Written transcript to proofs/MSG_TLS_3F4B66D4.out, proofs/SIG_TLS_3F4B66D4.out and proofs/PK_TLS_3F4B66D4.der
Signature verification succeeds
[TLS] Server time: 1620074102
[TLS] client_random  (32): 89A50C239B53AC258FFE855ACF5631556FFF7D63C7BF2F15FC56250F7F0678CF
[TLS] sign_hash (32): 768FFB16EF3AEAC4169C83226EC2D9D5EF034C5AF78C4A6D1D976AC236B35C87
[TLS] Written transcript to proofs/MSG_TLS_89A50C23.out, proofs/SIG_TLS_89A50C23.out and proofs/PK_TLS_89A50C23.der
Signature verification succeeds
[TLS] Server time: 1620074102
[TLS] client_random  (32): 5A77E0C705BF438185138C63E3A6F4730924D8DAE806E80F03617BBD13ADCCD6
[TLS] sign_hash (32): CB8D3062732DDE87C857AE23883BBD32B84BAE1BDB553AE1CF0FF9595E151714
[TLS] Written transcript to proofs/MSG_TLS_5A77E0C7.out, proofs/SIG_TLS_5A77E0C7.out and proofs/PK_TLS_5A77E0C7.der
Signature verification succeeds
[TLS] Server time: 1620074102
[TLS] client_random  (32): 1192203F96E6BC4DCE5D46C9B913C4821BE4788D6C096693AD4F5153D5F7E8B4
[TLS] sign_hash (32): 47B247ED9E8F9DCAD5CD3723B65A62A1AE28D86E88A8B3B688818853C06F0664
[TLS] Written transcript to proofs/MSG_TLS_1192203F.out, proofs/SIG_TLS_1192203F.out and proofs/PK_TLS_1192203F.der
Signature verification succeeds
[TLS] Server time: 1620074102
[TLS] client_random  (32): C88F53DFF2E8E2E2924EBA627984A807D43290443B8CA826AA9C50FCC9373CD8
[TLS] sign_hash (32): 9D1B1688A49CD388CF94F341184BFC5D2B010915D9D78A64A1991D734D3199AD
[TLS] Written transcript to proofs/MSG_TLS_C88F53DF.out, proofs/SIG_TLS_C88F53DF.out and proofs/PK_TLS_C88F53DF.der
Signature verification succeeds
[TLS] Server time: 1620074102
[TLS] client_random  (32): FC132DFECDE2E0ADC319679601048844986FC2D89A6657D4FB80D59B88229368
[TLS] sign_hash (32): E276A727D057BA0C0ED40B6B162D1101F6F5FD3391E6F0DD8897E6A26A7D9305
[TLS] Written transcript to proofs/MSG_TLS_FC132DFE.out, proofs/SIG_TLS_FC132DFE.out and proofs/PK_TLS_FC132DFE.der
Signature verification succeeds
[TLS] Server time: 1620074102
[TLS] client_random  (32): 81ABA8A3859161D331991B7F12396742589FCBCE7D3A349FFDC2AA9E8226AB2C
[TLS] sign_hash (32): F202D181F9CC189DDB5C751D1370D2FAFD0CF0D1F4119C16B8DF8D034CFA18CB
[TLS] Written transcript to proofs/MSG_TLS_81ABA8A3.out, proofs/SIG_TLS_81ABA8A3.out and proofs/PK_TLS_81ABA8A3.der
Signature verification succeeds
[TLS] Server time: 1620074102
[TLS] client_random  (32): AB4227AC0CA0639DE576881676C4A0721289B99FE70B4D64BEEFCBE626E60F2D
[TLS] sign_hash (32): A9300507AB2202232332115B1AF21B73C2F70864105DF02B1D56077C584083FB
[TLS] Written transcript to proofs/MSG_TLS_AB4227AC.out, proofs/SIG_TLS_AB4227AC.out and proofs/PK_TLS_AB4227AC.der
Signature verification succeeds
[TLS] Server time: 1620074102
[TLS] client_random  (32): 7D96BFA9686C20DDC43B43B3CB03A49A369EFF9573B9182F1A574DC8C8BEA3B2
[TLS] sign_hash (32): E16BB9F5B4D2043F684ACFCFDE139F155B3FD36730CCEEE5A61B6ABE97F7A634
[TLS] Written transcript to proofs/MSG_TLS_7D96BFA9.out, proofs/SIG_TLS_7D96BFA9.out and proofs/PK_TLS_7D96BFA9.der
Signature verification succeeds
[TLS] Server time: 1620074102
[TLS] client_random  (32): 55F126148EAB2516D2A5EAF0CD3299BAE48FC017CBF4C76DFD96B977587101CA
[TLS] sign_hash (32): D51EFD12376FCBBFBF485C5C9B50B438A130AF8D92570F02F947CB7A540BE544
[TLS] Written transcript to proofs/MSG_TLS_55F12614.out, proofs/SIG_TLS_55F12614.out and proofs/PK_TLS_55F12614.der
Signature verification succeeds
[TLS] Server time: 1620074102
[TLS] client_random  (32): 656F07E3C5B66BC5ADAC3C640FFF043FB74A62D876D438B14DF1754F615E3EC4
[TLS] sign_hash (32): B608E2132E883036475D9E8E0E416F61C4777DFFD46FFC69E1F4C82E76FE6C62
[TLS] Written transcript to proofs/MSG_TLS_656F07E3.out, proofs/SIG_TLS_656F07E3.out and proofs/PK_TLS_656F07E3.der
Signature verification succeeds
[TLS] Server time: 1620074102
[TLS] client_random  (32): E891CF7C1FBF51EE0E709F132BA9344EBFB2E5B24F5E8C94BBA11972A7C8174D
[TLS] sign_hash (32): A54861B837F56B57A8B7A58A0111057C3A8C22236A3D1A6C894C952894B450B7
[TLS] Written transcript to proofs/MSG_TLS_E891CF7C.out, proofs/SIG_TLS_E891CF7C.out and proofs/PK_TLS_E891CF7C.der
Signature verification succeeds
[TLS] Server time: 1620074102
[TLS] client_random  (32): F56B6D4D82D77D20157A5210860AB23AA93A69E9DD91E5D6E600D0B17ADDA11D
[TLS] sign_hash (32): 20A1CE231D17339A65FDBA72F89677F035254A09BA14D2AB1705EC2CE2EC28DB
[TLS] Written transcript to proofs/MSG_TLS_F56B6D4D.out, proofs/SIG_TLS_F56B6D4D.out and proofs/PK_TLS_F56B6D4D.der
Signature verification succeeds
[TLS] Server time: 1620074102
[TLS] client_random  (32): CAAF796CDECCC0FB30D4B56D454A0ED6A27D26E04042808D5198EC2D74FE6814
[TLS] sign_hash (32): 335F8F6E26299804DF22F3D98C5EB5AF602ADE080FFC13C7221C790A6F221D73
[TLS] Written transcript to proofs/MSG_TLS_CAAF796C.out, proofs/SIG_TLS_CAAF796C.out and proofs/PK_TLS_CAAF796C.der
Signature verification succeeds
[TLS] Server time: 1620074102
[TLS] client_random  (32): 42F565A5E5189E8CC7C0B1D9500677EB66026B7A28C28251590B358103889C41
[TLS] sign_hash (32): 7384448BBA8A3C57D878FE43E5A5E8A124A6FE32E05110101A3774DDF46E90C8
[TLS] Written transcript to proofs/MSG_TLS_42F565A5.out, proofs/SIG_TLS_42F565A5.out and proofs/PK_TLS_42F565A5.der
Signature verification succeeds
[TLS] Server time: 1620074103
[TLS] client_random  (32): 22AB99525498B47C9EAB05C5F098CFE3B87B1484165E13E0770D7420104E13A6
[TLS] sign_hash (32): 423F4F59EC0FFFE4F0B1FA283A96A56F4391406C39ADDF6C2C4BECBF7A654822
[TLS] Written transcript to proofs/MSG_TLS_22AB9952.out, proofs/SIG_TLS_22AB9952.out and proofs/PK_TLS_22AB9952.der
Signature verification succeeds
[TLS] Server time: 1620074103
[TLS] client_random  (32): D615911D3ECB5B8B19D50ECDBB9D7DA979E4BE68F61E7C25C4ECB12E040132F1
[TLS] sign_hash (32): 5F548F5B663A3B61F0AE7F76E8AAD99CF1DE68150EA4AA6D54DE897E2B114FBB
[TLS] Written transcript to proofs/MSG_TLS_D615911D.out, proofs/SIG_TLS_D615911D.out and proofs/PK_TLS_D615911D.der
Signature verification succeeds
[TLS] Server time: 1620074103
[TLS] client_random  (32): 111525400A7EA4C0AC82B8BE5EDCD59C0BAEA550E6C3B7D9030E83D7E14ACE2E
[TLS] sign_hash (32): AA2C138E685AF4CF8278EB15195BE3A6C1830FE1ECD7D4BC0790157C36437C8F
[TLS] Written transcript to proofs/MSG_TLS_11152540.out, proofs/SIG_TLS_11152540.out and proofs/PK_TLS_11152540.der
Signature verification succeeds
[TLS] Server time: 1620074103
[TLS] client_random  (32): 1E7B323730AFF543583854AE8CB659D44FF76185190E19072B0D7B88898B34B4
[TLS] sign_hash (32): D4FB355262E7532BDB3D94CF27C7F0F87F919F05E3E776EF73B6DA320B8D955F
[TLS] Written transcript to proofs/MSG_TLS_1E7B3237.out, proofs/SIG_TLS_1E7B3237.out and proofs/PK_TLS_1E7B3237.der
Signature verification succeeds
[TLS] Server time: 1620074103
[TLS] client_random  (32): BE7007B25733AAFFCDF93A53B125A8262712C1189030D5D6E08ED4F327D9C12F
[TLS] sign_hash (32): AAD5DF108DE3CBE3EB73849EA3DE6C991AD54927FC1469C0C7B9911B471BEAE8
[TLS] Written transcript to proofs/MSG_TLS_BE7007B2.out, proofs/SIG_TLS_BE7007B2.out and proofs/PK_TLS_BE7007B2.der
Signature verification succeeds
[TLS] Server time: 1620074103
[TLS] client_random  (32): AACF58A39CADAE629E411BC5D70555ADD57AD43C4D20E71604B3DC05F71DDE91
[TLS] sign_hash (32): D3E7E9AF2017723DE43D4C2F1B7228AE58FB7675FEF40839FB29CB6874A9A16E
[TLS] Written transcript to proofs/MSG_TLS_AACF58A3.out, proofs/SIG_TLS_AACF58A3.out and proofs/PK_TLS_AACF58A3.der
Signature verification succeeds
[TLS] Server time: 1620074103
[TLS] client_random  (32): E863E476BC69916BCA74DBF8B3FF3062EDB8C62BEA01BEC84C3EB0F37A40AAA4
[TLS] sign_hash (32): CF78E38B024BC4043A48A845380EFFED19417BD15422102586B6C98BB84F9EDC
[TLS] Written transcript to proofs/MSG_TLS_E863E476.out, proofs/SIG_TLS_E863E476.out and proofs/PK_TLS_E863E476.der
Signature verification succeeds
[TLS] Server time: 1620074104
[TLS] client_random  (32): D43DB5E433032CBFE1F22D6EE152B83DA85D58804D19685952B26A17C8FBE5FE
[TLS] sign_hash (32): 0E9A6B6CC213A65705566E831EAF3898AB0711B877392BC9444B400785F98D83
[TLS] Written transcript to proofs/MSG_TLS_D43DB5E4.out, proofs/SIG_TLS_D43DB5E4.out and proofs/PK_TLS_D43DB5E4.der
Signature verification succeeds
[TLS] Server time: 1620074104
[TLS] client_random  (32): 3021D6B2D3B4DFF328D6CE3B3C541F047358B3C5FCAA0105BE9265BE0F77B8A1
[TLS] sign_hash (32): 85910C170BF537CBC774A2CB9DA098082429B88BE80F2B5E88718FE19AF7FBBC
[TLS] Written transcript to proofs/MSG_TLS_3021D6B2.out, proofs/SIG_TLS_3021D6B2.out and proofs/PK_TLS_3021D6B2.der
Signature verification succeeds
[TLS] Server time: 1620074104
[TLS] client_random  (32): 41FAEDD75F8107A83265321E96B5880076BF0EBAEC810E4BF8247B8D35AAA896
[TLS] sign_hash (32): D3D0785CDB86A43FE9320DE4C500445630EF66A0AEF34E9B68598A51332E4E7D
[TLS] Written transcript to proofs/MSG_TLS_41FAEDD7.out, proofs/SIG_TLS_41FAEDD7.out and proofs/PK_TLS_41FAEDD7.der
Signature verification succeeds
[TLS] Server time: 1620074104
[TLS] client_random  (32): 304C1918F3AEE67E4B1C406D776F00E068EDBC98DC560AA156A0E36E1DA7352F
[TLS] sign_hash (32): 91DD33DBEF7D21EE3DD5B2842B0F7D44380E1F54511A48CBDD13EA062B2AA0BD
[TLS] Written transcript to proofs/MSG_TLS_304C1918.out, proofs/SIG_TLS_304C1918.out and proofs/PK_TLS_304C1918.der
Signature verification succeeds
[TLS] Server time: 1620074104
[TLS] client_random  (32): EC130AE1A2BB4A434C8D70358D3150772248DD67269EDF6FFEC535682D69D23C
[TLS] sign_hash (32): 619D75AB1C71D28395FEF4F72BDAC1216EDE7FB98092598EA22746906FBE9F58
[TLS] Written transcript to proofs/MSG_TLS_EC130AE1.out, proofs/SIG_TLS_EC130AE1.out and proofs/PK_TLS_EC130AE1.der
Signature verification succeeds
[TLS] Server time: 1620074104
[TLS] client_random  (32): 51F480E4A62FF68E6EF41846627F00A25C7CA503C1C165CF71841C56B86DE63E
[TLS] sign_hash (32): 172D758AE29E6DB56BB218313F7E57B0D1E6A089298033B2A344B893AC2150E6
[TLS] Written transcript to proofs/MSG_TLS_51F480E4.out, proofs/SIG_TLS_51F480E4.out and proofs/PK_TLS_51F480E4.der
Signature verification succeeds
[TLS] Server time: 1620074104
[TLS] client_random  (32): AFAAB0E47F600BB406E019F6C6CDF45EF5B395D96E328FE486851A34314731CF
[TLS] sign_hash (32): F1043D95A6F5A4783212032B533E9A1CE4BEE3CDA8ED109EF6A93F220F5227E7
[TLS] Written transcript to proofs/MSG_TLS_AFAAB0E4.out, proofs/SIG_TLS_AFAAB0E4.out and proofs/PK_TLS_AFAAB0E4.der
Signature verification succeeds
[TLS] Server time: 1620074104
[TLS] client_random  (32): 44BE49289032EE4DD0171B1339F7008D42E2BD2819F1BAC08CADC33A5758B983
[TLS] sign_hash (32): 06873E281641B59E1C9D87D1852B7B639194C6D03A0288FA30640661C65788E4
[TLS] Written transcript to proofs/MSG_TLS_44BE4928.out, proofs/SIG_TLS_44BE4928.out and proofs/PK_TLS_44BE4928.der
Signature verification succeeds
[TLS] Server time: 1620074104
[TLS] client_random  (32): 1510AD2BFEAD2C8A263C3102D8A3E8870C52B8AB1DF07F4FAD61E02E37066C25
[TLS] sign_hash (32): E9A5BDEA785193487AC3A3260FB1097A1A9A98657C2105896A7904FED3C9BF68
[TLS] Written transcript to proofs/MSG_TLS_1510AD2B.out, proofs/SIG_TLS_1510AD2B.out and proofs/PK_TLS_1510AD2B.der
Signature verification succeeds
[TLS] Server time: 1620074104
[TLS] client_random  (32): 705567767A9833A6B5BD26C3447396DC29A0542B1E5ABCBCE5C121E3208BDCC1
[TLS] sign_hash (32): 8261E6478D54F7549077A1A52D078923CDD43C9631FA2B31854B26D1587A58AA
[TLS] Written transcript to proofs/MSG_TLS_70556776.out, proofs/SIG_TLS_70556776.out and proofs/PK_TLS_70556776.der
Signature verification succeeds
[TLS] Server time: 1620074104
[TLS] client_random  (32): 248DB45BC6C557E54128935AC83ED47397A021EC46750D982E801A0D41100392
[TLS] sign_hash (32): 78B7518EC774842F96EBE486C0C36B63610688402C44D86ADF4A3D7D785C82D9
[TLS] Written transcript to proofs/MSG_TLS_248DB45B.out, proofs/SIG_TLS_248DB45B.out and proofs/PK_TLS_248DB45B.der
Signature verification succeeds
[TLS] Server time: 1620074104
[TLS] client_random  (32): A29E5892126D625E7C215A509BB5504862A96EE340C69E24B7B4B7ED397302EA
[TLS] sign_hash (32): 2D0A0C5C5B82FACB91E2B53909CA9A22A7F935A82916621ECE458B5F112EBA91
[TLS] Written transcript to proofs/MSG_TLS_A29E5892.out, proofs/SIG_TLS_A29E5892.out and proofs/PK_TLS_A29E5892.der
Signature verification succeeds
[TLS] Server time: 1620074104
[TLS] client_random  (32): 41117874F633B724A218605E623CF0794B8B9949AD7D618B8A72895B7D56B746
[TLS] sign_hash (32): C364FA643C54515325B49401066D4D8663000EE5A38829531043675C1C4CF6B9
[TLS] Written transcript to proofs/MSG_TLS_41117874.out, proofs/SIG_TLS_41117874.out and proofs/PK_TLS_41117874.der
Signature verification succeeds
[TLS] Server time: 1620074104
[TLS] client_random  (32): CAF5EB71F7C9882C436E4C53C06ADD7E788FE9C202DBB830878F71A91365E6E2
[TLS] sign_hash (32): AD8A8BF06BAD8B480ADE653E6F0F541092DCC980139B01B7DF53E3A706059D1F
[TLS] Written transcript to proofs/MSG_TLS_CAF5EB71.out, proofs/SIG_TLS_CAF5EB71.out and proofs/PK_TLS_CAF5EB71.der
Signature verification succeeds
[TLS] Server time: 1620074104
[TLS] client_random  (32): F00684839D8A2A335295B1A2A644BECE1C8AC7C5D3867159837BE5669FBB2832
[TLS] sign_hash (32): 03989EB4E90EC4F508B413F3411C4F9E1AD93B478C4744D9FA5208C523C44775
[TLS] Written transcript to proofs/MSG_TLS_F0068483.out, proofs/SIG_TLS_F0068483.out and proofs/PK_TLS_F0068483.der
Signature verification succeeds
[TLS] Server time: 1620074104
[TLS] client_random  (32): FCDF039405F2CC825C687398C1382501072B1AEC8F483CE843F7C297BDEB44AC
[TLS] sign_hash (32): DE1B3D8F194B7E2628E4E6A60A0442749F7B4F7EA73F30330B77C320CC923F75
[TLS] Written transcript to proofs/MSG_TLS_FCDF0394.out, proofs/SIG_TLS_FCDF0394.out and proofs/PK_TLS_FCDF0394.der
Signature verification succeeds
[TLS] Server time: 1620074104
[TLS] client_random  (32): AF3CDA38CCC7B6AD99A0E5308FD3FDC44BCAD651D95B0A9667E7B755278EF534
[TLS] sign_hash (32): 5E2EAC586393E3BC152D212ABBBA3D1E75D64B4D9D269CB47765BCDC3D4BFB3C
[TLS] Written transcript to proofs/MSG_TLS_AF3CDA38.out, proofs/SIG_TLS_AF3CDA38.out and proofs/PK_TLS_AF3CDA38.der
Signature verification succeeds
[TLS] Server time: 1620074104
[TLS] client_random  (32): AC96E502C695F544DD46492A718D6308863014E806FCD9547989573BEBD6AFD4
[TLS] sign_hash (32): 3188D1E10421BABAF866E3F11D29224F6D68DD1D68B0313918DCDE14E1A0AF46
[TLS] Written transcript to proofs/MSG_TLS_AC96E502.out, proofs/SIG_TLS_AC96E502.out and proofs/PK_TLS_AC96E502.der
Signature verification succeeds
[TLS] Server time: 1620074104
[TLS] client_random  (32): E45ECF6364A9DD2DFE122F5894C962349CC741D0318F4719D83D389ABE1D85DA
[TLS] sign_hash (32): BB3E2526F4D2340F02EA7C72A24ECE99E43F446FB66E179A9A99A94AA70B617E
[TLS] Written transcript to proofs/MSG_TLS_E45ECF63.out, proofs/SIG_TLS_E45ECF63.out and proofs/PK_TLS_E45ECF63.der
Signature verification succeeds
[TLS] Server time: 1620074104
[TLS] client_random  (32): AEFEC81AE32CF76F6293A68C324A2ACCC6CB35CACC0B44A42F4B87F48587C18F
[TLS] sign_hash (32): CA498B5716ED5E867155F0B4BC2114D6BDD6C43277B36336460C5B49605D66B3
[TLS] Written transcript to proofs/MSG_TLS_AEFEC81A.out, proofs/SIG_TLS_AEFEC81A.out and proofs/PK_TLS_AEFEC81A.der
Signature verification succeeds
[TLS] Server time: 1620074104
[TLS] client_random  (32): 7349C5DA998DCD62E9D6CA559A760BC1E87DF0F204A4005F054E8859CB6BD09A
[TLS] sign_hash (32): 3FED8AA78F437F9C9B62A0773808BE9D18F4D1DF94879B067935817D06EAB46B
[TLS] Written transcript to proofs/MSG_TLS_7349C5DA.out, proofs/SIG_TLS_7349C5DA.out and proofs/PK_TLS_7349C5DA.der
Signature verification succeeds
[TLS] Server time: 1620074104
[TLS] client_random  (32): 2B50B0B310319E60FD608B2F0C839744B4771A8C93D35D077BB7BAFFE48A7C8C
[TLS] sign_hash (32): 92A95AC1DAFEF24892C85AB60542E525A6F6ABBEEF3F3D131B0E88C2A3518CAA
[TLS] Written transcript to proofs/MSG_TLS_2B50B0B3.out, proofs/SIG_TLS_2B50B0B3.out and proofs/PK_TLS_2B50B0B3.der
Signature verification succeeds
[TLS] Server time: 1620074104
[TLS] client_random  (32): F21849F278C0A7AA395745F81A9E32C8464E663AFF595AC8D3968DA51530D347
[TLS] sign_hash (32): 35E6EFA3A89B49739269761763512FB949BF4536E285A5E5FD58921010B13814
[TLS] Written transcript to proofs/MSG_TLS_F21849F2.out, proofs/SIG_TLS_F21849F2.out and proofs/PK_TLS_F21849F2.der
Signature verification succeeds
[TLS] Server time: 1620074104
[TLS] client_random  (32): 046E6B653BC467455A142501A165B99B50E267AD64735968E58B391900E200DF
[TLS] sign_hash (32): 569138E76AE5D15B393C70D0889353108B1E80FF19127A0BB5301ACDF3D238FA
[TLS] Written transcript to proofs/MSG_TLS_046E6B65.out, proofs/SIG_TLS_046E6B65.out and proofs/PK_TLS_046E6B65.der
Signature verification succeeds
[TLS] Server time: 1620074104
[TLS] client_random  (32): 115DE9130A1E4B0C81FB63F3F183B773E51D46D81056103B54FF85E74D2D73C7
[TLS] sign_hash (32): 2B849D084021FA4A31AD709839639DFFFF98FBAB1C44DF4A8047F07BD1ABBB58
[TLS] Written transcript to proofs/MSG_TLS_115DE913.out, proofs/SIG_TLS_115DE913.out and proofs/PK_TLS_115DE913.der
Signature verification succeeds
[TLS] Server time: 1620074104
[TLS] client_random  (32): FEC7DAD70655FEABF14C7CC2A03DE345C28EDBEFD54BE8C07B3E450D458C4778
[TLS] sign_hash (32): D4CE061DC57A6D0C5843E0A3918B88926B3F813159E0B60DCDF6743E525B5670
[TLS] Written transcript to proofs/MSG_TLS_FEC7DAD7.out, proofs/SIG_TLS_FEC7DAD7.out and proofs/PK_TLS_FEC7DAD7.der
Signature verification succeeds
[TLS] Server time: 1620074104
[TLS] client_random  (32): 0C05FF2D9723DC8D7F2B1CD579F5997B6E2D6E60F0B2B6626DA9F9F28DD4114C
[TLS] sign_hash (32): C40A49990D14F75C56410A7E1D7DF888429DA621FEAB06DEE37C456D08BC9BEF
[TLS] Written transcript to proofs/MSG_TLS_0C05FF2D.out, proofs/SIG_TLS_0C05FF2D.out and proofs/PK_TLS_0C05FF2D.der
Signature verification succeeds
[TLS] Server time: 1620074104
[TLS] client_random  (32): 0257B923312F80AF638B237B08DA2BC018C7BDAB03BF40155C0B7CD3760948DD
[TLS] sign_hash (32): 1C7E5408FC08BCAD79DD261ED9EA7878431523241BD2694132F17816CA282922
[TLS] Written transcript to proofs/MSG_TLS_0257B923.out, proofs/SIG_TLS_0257B923.out and proofs/PK_TLS_0257B923.der
Signature verification succeeds
[TLS] Server time: 1620074104
[TLS] client_random  (32): B0E4FFCBFB2A7677B476FA53A8267E76B4E8EDC116803AE9B94814EE968FC823
[TLS] sign_hash (32): A05944A6B6ADC2B46D62243774756DFBA286AFF8F3AB6573A53D7451487F3AD2
[TLS] Written transcript to proofs/MSG_TLS_B0E4FFCB.out, proofs/SIG_TLS_B0E4FFCB.out and proofs/PK_TLS_B0E4FFCB.der
Signature verification succeeds
[TLS] Server time: 1620074104
[TLS] client_random  (32): DEF3AA6DF398D7E6619AD324E1C68E36144CCD46E86FBC3A7E25F5A0ED999A19
[TLS] sign_hash (32): 3FF11B62FC3E2659A4C91375A01C687ABBA0EE7FAE98D8EDBB29CBBD4493C3CF
[TLS] Written transcript to proofs/MSG_TLS_DEF3AA6D.out, proofs/SIG_TLS_DEF3AA6D.out and proofs/PK_TLS_DEF3AA6D.der
Signature verification succeeds
[TLS] Server time: 1620074104
[TLS] client_random  (32): 0A72BD71CD986E06C8A0A45DA58D06A0FC4D529AC868322A90CB8E3645409798
[TLS] sign_hash (32): B863B32ECE9164498135E99D2BA9E0C152782F49B9DCD0ED2E5456D4F0620E41
[TLS] Written transcript to proofs/MSG_TLS_0A72BD71.out, proofs/SIG_TLS_0A72BD71.out and proofs/PK_TLS_0A72BD71.der
Signature verification succeeds
[TLS] Server time: 1620074104
[TLS] client_random  (32): E45CBDFD6535F9D007A87808AB6BD9E486D2B9EF343A29118421C77E24B8AE6F
[TLS] sign_hash (32): 9DF3AED1B8398E0FB4C2D95EC03ABE13A1A31EFD1BD9BC43498A1858066826E0
[TLS] Written transcript to proofs/MSG_TLS_E45CBDFD.out, proofs/SIG_TLS_E45CBDFD.out and proofs/PK_TLS_E45CBDFD.der
Signature verification succeeds
[TLS] Server time: 1620074104
[TLS] client_random  (32): 2289D51DFEAEBB5AD649B763D1F47916741AE35FF66DEF10742723B57FD7C097
[TLS] sign_hash (32): 4B989AF92DB509EE00400BD862B3BCD7A71815752E3DE8AB614D15DEB2936666
[TLS] Written transcript to proofs/MSG_TLS_2289D51D.out, proofs/SIG_TLS_2289D51D.out and proofs/PK_TLS_2289D51D.der
Signature verification succeeds
[TLS] Server time: 1620074104
[TLS] client_random  (32): 213E9198889E7FD52570FA779FC4C75C18D99788D80E34B529E491CBB50B936E
[TLS] sign_hash (32): 54F6FBBCC420041B49C90CD5872DB7BE8DF87568AAF1FAF2CCBE2FABD724C0F2
[TLS] Written transcript to proofs/MSG_TLS_213E9198.out, proofs/SIG_TLS_213E9198.out and proofs/PK_TLS_213E9198.der
Signature verification succeeds
[TLS] Server time: 1620074104
[TLS] client_random  (32): EB416E4F848185F8310FA84EE15CE6686450091C4EDA68791563738E9C2F7440
[TLS] sign_hash (32): 15DA6B066F09703040189AE73136EE4C68AA42D439D2A5B30ED871CB68CB89AF
[TLS] Written transcript to proofs/MSG_TLS_EB416E4F.out, proofs/SIG_TLS_EB416E4F.out and proofs/PK_TLS_EB416E4F.der
Signature verification succeeds
[TLS] Server time: 1620074104
[TLS] client_random  (32): CA3DFCCBA046ADD88A5BD088F03D4C3E9798B731D5F9857F4C3C6326BB38E0BB
[TLS] sign_hash (32): 272E26D461BE9C714C881C9933397997DB6F78D8D2B24B478765E3F21E28ABE3
[TLS] Written transcript to proofs/MSG_TLS_CA3DFCCB.out, proofs/SIG_TLS_CA3DFCCB.out and proofs/PK_TLS_CA3DFCCB.der
Signature verification succeeds
[TLS] Server time: 1620074105
[TLS] client_random  (32): 5090A8873D777F6FC5337669295402800FE5A266FB25293542D947A26219F74D
[TLS] sign_hash (32): 9A54D528F1D1018C2C3AE21DFC573217ABE65487D4683CDB538D004178EA05A4
[TLS] Written transcript to proofs/MSG_TLS_5090A887.out, proofs/SIG_TLS_5090A887.out and proofs/PK_TLS_5090A887.der
Signature verification succeeds
[TLS] Server time: 1620074105
[TLS] client_random  (32): 23DC19192C8CDDDF1681EADA7C848B4200272DE4C8D3C3438F97E62CB2A7DA9C
[TLS] sign_hash (32): FC83DD177558D9A2131248B76F54AEB452774D8937F17795705EF61F6E1C6C83
[TLS] Written transcript to proofs/MSG_TLS_23DC1919.out, proofs/SIG_TLS_23DC1919.out and proofs/PK_TLS_23DC1919.der
Signature verification succeeds
[TLS] Server time: 1620074105
[TLS] client_random  (32): 173BD73DEF99B2C8775805E6814C68DC87FCF69D8AA572649CBF6B2AC83155AC
[TLS] sign_hash (32): D0392C605ECD38D7DE15C21A29F49066DC970CA812B35A05668219AAE91FF350
[TLS] Written transcript to proofs/MSG_TLS_173BD73D.out, proofs/SIG_TLS_173BD73D.out and proofs/PK_TLS_173BD73D.der
Signature verification succeeds
[TLS] Server time: 1620074105
[TLS] client_random  (32): 2E62FCA90F744058866F34F3BC85F2E81E51E6290B4243A807824B8DFAFC6748
[TLS] sign_hash (32): 1E14C0B26F2767B6B1F249426152653B8FDF7CAE522549FA80CD94703300655E
[TLS] Written transcript to proofs/MSG_TLS_2E62FCA9.out, proofs/SIG_TLS_2E62FCA9.out and proofs/PK_TLS_2E62FCA9.der
Signature verification succeeds
[TLS] Server time: 1620074105
[TLS] client_random  (32): D4CE347B4EC70EB21E6C45DD51E4107957258ECF7FCAB606B91C35DFFC280A82
[TLS] sign_hash (32): AC44C5F203D1EDC708B72267436AB1156AB95BCA028D7BDAAC1923DDB859E79F
[TLS] Written transcript to proofs/MSG_TLS_D4CE347B.out, proofs/SIG_TLS_D4CE347B.out and proofs/PK_TLS_D4CE347B.der
Signature verification succeeds
[TLS] Server time: 1620074105
[TLS] client_random  (32): 4AF0DB55FCF7E7BD954FAF9100CD47BBE5B1B043598134037BB4D9B4D61F6F15
[TLS] sign_hash (32): 4CCDA77AC0508C44CF92A9E5E4FF09283F246904D379938F4392054817F812C2
[TLS] Written transcript to proofs/MSG_TLS_4AF0DB55.out, proofs/SIG_TLS_4AF0DB55.out and proofs/PK_TLS_4AF0DB55.der
Signature verification succeeds
[TLS] Server time: 1620074105
[TLS] client_random  (32): C770D1C070E844E1B418F522EC576F3C330AAC890FE6ED6EBFABF1FFA239DA51
[TLS] sign_hash (32): 5B69430DFAB81FA7BC5A33CDD3911ED6EADE671B8B337E0EAD61A31C6F7E81F9
[TLS] Written transcript to proofs/MSG_TLS_C770D1C0.out, proofs/SIG_TLS_C770D1C0.out and proofs/PK_TLS_C770D1C0.der
Signature verification succeeds
[TLS] Server time: 1620074105
[TLS] client_random  (32): 3DD5C56712AB3538807779E4F207F2D6A761B41F39CA84B89C866DD4822F3C08
[TLS] sign_hash (32): D3F6D4AB72FFF30FE0C9C98CD99AAA76915A248C29C22C2FE1C3415121EC572B
[TLS] Written transcript to proofs/MSG_TLS_3DD5C567.out, proofs/SIG_TLS_3DD5C567.out and proofs/PK_TLS_3DD5C567.der
Signature verification succeeds
[TLS] Server time: 1620074105
[TLS] client_random  (32): 4DCC690D947D3A8663BA41ADAA024454B53F8D7381888D42A4412FD4E7FF8E3D
[TLS] sign_hash (32): 2784A1CEB2C317C735E533213DA82E0B3E584FF24A75C9BD8D627F186C5819D2
[TLS] Written transcript to proofs/MSG_TLS_4DCC690D.out, proofs/SIG_TLS_4DCC690D.out and proofs/PK_TLS_4DCC690D.der
Signature verification succeeds
Time breakdown (averages): anchor_ping:24.004040 file_read:0.141499 hashing:0.470357
Total time for 119 rounds is 2953.304168ms
Standard deviations: anchor_ping:99.878222 file_read:0.013195 hashing:0.004723
[Client-side ops] mean:0.611856 sd:0.015152
in & out anchor rand written to proofs/phase1.out
     68 [TLS] Server time: 1620074102
      7 [TLS] Server time: 1620074103
     36 [TLS] Server time: 1620074104
      9 [TLS] Server time: 1620074105
Count is 68
Count is 7
Count is 36
Count is 9
success: 1
RESULT: 1 in 1 tries
